2025-03-29 01:27:26 - INFO - Logging initialized. Log file: pb2b/logs/bybit_scraper_20250329.log
2025-03-29 01:27:40 - INFO - DataSaver logging initialized. Log file: pb2b/logs/data_saver_20250329.log
2025-03-29 01:27:40 - INFO - Connected to SQLite database: pb2b/p2p_listings.db
2025-03-29 01:27:40 - INFO - Database tables created successfully
2025-03-29 01:27:40 - INFO - Attempt 1/10: Loading https://www.bybit.com/fiat/trade/otc?actionType=1&token=USDT&fiat=NGN
2025-03-29 01:27:55 - INFO - Screenshot saved as 'pb2b/screenshots/bybit_page_20250329_012755.png'
2025-03-29 01:27:56 - INFO - Fetching BUY listings for USDT/EUR
2025-03-29 01:27:56 - INFO - Data successfully saved to SQLite database. New listings - Bybit: 4, Binance: 6
2025-03-29 01:27:57 - INFO - Browser session closed
2025-03-29 01:27:57 - INFO - SQLite database connection closed
2025-03-29 02:47:33 - INFO - Logging initialized. Log file: pb2b/logs/bybit_scraper_20250329.log
2025-03-29 02:47:42 - INFO - DataSaver logging initialized. Log file: pb2b/logs/data_saver_20250329.log
2025-03-29 02:47:42 - INFO - Connected to SQLite database: pb2b/p2p_listings.db
2025-03-29 02:47:42 - INFO - Database tables created successfully
2025-03-29 02:47:42 - INFO - Attempt 1/10: Loading https://www.bybit.com/fiat/trade/otc?actionType=1&token=USDT&fiat=NGN
2025-03-29 02:47:52 - INFO - Screenshot saved as 'pb2b/screenshots/bybit_page_20250329_024752.png'
2025-03-29 02:47:53 - INFO - Fetching BUY listings for USDT/EUR
2025-03-29 02:47:53 - INFO - Data successfully saved to SQLite database. New listings - Bybit: 4, Binance: 6
2025-03-29 02:47:53 - INFO - Browser session closed
2025-03-29 02:47:54 - INFO - SQLite database connection closed
2025-03-29 03:21:46 - INFO - Logging initialized. Log file: pb2b/logs/bybit_scraper_20250329.log
2025-03-29 03:21:51 - INFO - DataSaver logging initialized. Log file: pb2b/logs/data_saver_20250329.log
2025-03-29 03:21:51 - INFO - Connected to SQLite database: pb2b/p2p_listings.db
2025-03-29 03:21:51 - INFO - Database tables created successfully
2025-03-29 03:21:51 - INFO - Attempt 1/10: Loading https://www.bybit.com/fiat/trade/otc?actionType=1&token=USDT&fiat=NGN
2025-03-29 03:22:01 - INFO - Screenshot saved as 'pb2b/screenshots/bybit_page_20250329_032201.png'
2025-03-29 03:22:02 - INFO - Fetching BUY listings for USDT/EUR
2025-03-29 03:22:02 - INFO - Data successfully saved to SQLite database. New listings - Bybit: 4, Binance: 6
2025-03-29 03:22:03 - INFO - Browser session closed
2025-03-29 03:22:03 - INFO - SQLite database connection closed
2025-03-29 03:46:45 - INFO - Logging initialized. Log file: pb2b/logs/bybit_scraper_20250329.log
2025-03-29 03:46:50 - INFO - DataSaver logging initialized. Log file: pb2b/logs/data_saver_20250329.log
2025-03-29 03:46:50 - INFO - Connected to SQLite database: pb2b/p2p_listings.db
2025-03-29 03:46:50 - INFO - Database tables created successfully
2025-03-29 03:46:50 - INFO - Attempt 1/10: Loading https://www.bybit.com/fiat/trade/otc?actionType=1&token=USDT&fiat=NGN
2025-03-29 03:47:01 - INFO - Screenshot saved as 'pb2b/screenshots/bybit_page_20250329_034700.png'
2025-03-29 03:47:01 - INFO - Fetching BUY listings for USDT/EUR
2025-03-29 03:47:01 - INFO - Data successfully saved to SQLite database. New listings - Bybit: 4, Binance: 6
2025-03-29 03:47:02 - INFO - Browser session closed
2025-03-29 03:47:02 - INFO - SQLite database connection closed
2025-03-29 03:59:51 - INFO - Logging initialized. Log file: pb2b/logs/bybit_scraper_20250329.log
2025-03-29 03:59:52 - INFO - DataSaver logging initialized. Log file: pb2b/logs/data_saver_20250329.log
2025-03-29 03:59:52 - INFO - Connected to SQLite database: pb2b/p2p_listings.db
2025-03-29 03:59:52 - INFO - Database tables created successfully
2025-03-29 03:59:52 - INFO - Attempt 1/10: Loading https://www.bybit.com/fiat/trade/otc?actionType=1&token=USDT&fiat=NGN
2025-03-29 04:00:03 - INFO - Screenshot saved as 'pb2b/screenshots/bybit_page_20250329_040002.png'
2025-03-29 04:00:03 - INFO - Fetching BUY listings for USDT/EUR
2025-03-29 04:00:04 - INFO - Data successfully saved to SQLite database. New listings - Bybit: 4, Binance: 6
2025-03-29 04:00:04 - INFO - Browser session closed
2025-03-29 04:00:04 - INFO - SQLite database connection closed
2025-03-29 04:33:10 - INFO - Logging initialized. Log file: pb2b/logs/bybit_scraper_20250329.log
2025-03-29 04:33:11 - INFO - DataSaver logging initialized. Log file: pb2b/logs/data_saver_20250329.log
2025-03-29 04:33:11 - INFO - Connected to SQLite database: pb2b/p2p_listings.db
2025-03-29 04:33:11 - INFO - Database tables created successfully
2025-03-29 04:33:11 - INFO - Attempt 1/10: Loading https://www.bybit.com/fiat/trade/otc?actionType=1&token=USDT&fiat=NGN
2025-03-29 04:33:21 - INFO - Screenshot saved as 'pb2b/screenshots/bybit_page_20250329_043320.png'
2025-03-29 04:33:21 - INFO - Fetching BUY listings for USDT/EUR
2025-03-29 04:33:22 - INFO - Data successfully saved to SQLite database. New listings - Bybit: 4, Binance: 6
2025-03-29 04:33:22 - INFO - Browser session closed
2025-03-29 04:33:22 - INFO - SQLite database connection closed
2025-03-29 04:50:53 - INFO - Logging initialized. Log file: pb2b/logs/bybit_scraper_20250329.log
2025-03-29 04:50:53 - INFO - DataSaver logging initialized. Log file: pb2b/logs/data_saver_20250329.log
2025-03-29 04:50:53 - INFO - Connected to SQLite database: pb2b/p2p_listings.db
2025-03-29 04:50:53 - INFO - Database tables created successfully
2025-03-29 04:50:53 - INFO - Attempt 1/10: Loading https://www.bybit.com/fiat/trade/otc?actionType=1&token=USDT&fiat=NGN
2025-03-29 04:51:03 - INFO - Screenshot saved as 'pb2b/screenshots/bybit_page_20250329_045103.png'
2025-03-29 04:51:04 - INFO - Fetching BUY listings for USDT/EUR
2025-03-29 04:51:04 - INFO - Data successfully saved to SQLite database. New listings - Bybit: 4, Binance: 6
2025-03-29 04:51:05 - INFO - Browser session closed
2025-03-29 04:51:05 - INFO - SQLite database connection closed
2025-03-29 05:12:15 - INFO - Logging initialized. Log file: pb2b/logs/bybit_scraper_20250329.log
2025-03-29 05:12:16 - INFO - DataSaver logging initialized. Log file: pb2b/logs/data_saver_20250329.log
2025-03-29 05:12:16 - INFO - Connected to SQLite database: pb2b/p2p_listings.db
2025-03-29 05:12:16 - INFO - Database tables created successfully
2025-03-29 05:12:16 - INFO - Attempt 1/10: Loading https://www.bybit.com/fiat/trade/otc?actionType=1&token=USDT&fiat=NGN
2025-03-29 05:12:25 - INFO - Screenshot saved as 'pb2b/screenshots/bybit_page_20250329_051225.png'
2025-03-29 05:12:26 - INFO - Fetching BUY listings for USDT/EUR
2025-03-29 05:12:26 - INFO - Data successfully saved to SQLite database. New listings - Bybit: 4, Binance: 6
2025-03-29 05:12:26 - INFO - Browser session closed
2025-03-29 05:12:26 - INFO - SQLite database connection closed
2025-03-29 05:32:59 - INFO - Logging initialized. Log file: pb2b/logs/bybit_scraper_20250329.log
2025-03-29 05:33:08 - INFO - DataSaver logging initialized. Log file: pb2b/logs/data_saver_20250329.log
2025-03-29 05:33:08 - INFO - Connected to SQLite database: pb2b/p2p_listings.db
2025-03-29 05:33:08 - INFO - Database tables created successfully
2025-03-29 05:33:08 - INFO - Attempt 1/10: Loading https://www.bybit.com/fiat/trade/otc?actionType=1&token=USDT&fiat=NGN
2025-03-29 05:33:21 - INFO - Screenshot saved as 'pb2b/screenshots/bybit_page_20250329_053321.png'
2025-03-29 05:33:21 - INFO - Fetching BUY listings for USDT/EUR
2025-03-29 05:33:22 - INFO - Data successfully saved to SQLite database. New listings - Bybit: 4, Binance: 6
2025-03-29 05:33:22 - INFO - Browser session closed
2025-03-29 05:33:22 - INFO - SQLite database connection closed
2025-03-29 05:46:12 - INFO - Logging initialized. Log file: pb2b/logs/bybit_scraper_20250329.log
2025-03-29 05:46:17 - INFO - DataSaver logging initialized. Log file: pb2b/logs/data_saver_20250329.log
2025-03-29 05:46:17 - INFO - Connected to SQLite database: pb2b/p2p_listings.db
2025-03-29 05:46:17 - INFO - Database tables created successfully
2025-03-29 05:46:17 - INFO - Attempt 1/10: Loading https://www.bybit.com/fiat/trade/otc?actionType=1&token=USDT&fiat=NGN
2025-03-29 05:46:30 - INFO - Screenshot saved as 'pb2b/screenshots/bybit_page_20250329_054629.png'
2025-03-29 05:46:30 - INFO - Fetching BUY listings for USDT/EUR
2025-03-29 05:46:30 - INFO - Data successfully saved to SQLite database. New listings - Bybit: 4, Binance: 6
2025-03-29 05:46:31 - INFO - Browser session closed
2025-03-29 05:46:31 - INFO - SQLite database connection closed
2025-03-29 05:59:18 - INFO - Logging initialized. Log file: pb2b/logs/bybit_scraper_20250329.log
2025-03-29 05:59:19 - INFO - DataSaver logging initialized. Log file: pb2b/logs/data_saver_20250329.log
2025-03-29 05:59:19 - INFO - Connected to SQLite database: pb2b/p2p_listings.db
2025-03-29 05:59:19 - INFO - Database tables created successfully
2025-03-29 05:59:19 - INFO - Attempt 1/10: Loading https://www.bybit.com/fiat/trade/otc?actionType=1&token=USDT&fiat=NGN
2025-03-29 05:59:29 - INFO - Screenshot saved as 'pb2b/screenshots/bybit_page_20250329_055928.png'
2025-03-29 05:59:29 - INFO - Fetching BUY listings for USDT/EUR
2025-03-29 05:59:30 - INFO - Data successfully saved to SQLite database. New listings - Bybit: 4, Binance: 6
2025-03-29 05:59:30 - INFO - Browser session closed
2025-03-29 05:59:30 - INFO - SQLite database connection closed
2025-03-29 06:34:15 - INFO - Logging initialized. Log file: pb2b/logs/bybit_scraper_20250329.log
2025-03-29 06:34:16 - INFO - DataSaver logging initialized. Log file: pb2b/logs/data_saver_20250329.log
2025-03-29 06:34:16 - INFO - Connected to SQLite database: pb2b/p2p_listings.db
2025-03-29 06:34:16 - INFO - Database tables created successfully
2025-03-29 06:34:16 - INFO - Attempt 1/10: Loading https://www.bybit.com/fiat/trade/otc?actionType=1&token=USDT&fiat=NGN
2025-03-29 06:34:26 - INFO - Screenshot saved as 'pb2b/screenshots/bybit_page_20250329_063426.png'
2025-03-29 06:34:26 - INFO - Fetching BUY listings for USDT/EUR
2025-03-29 06:34:27 - INFO - Data successfully saved to SQLite database. New listings - Bybit: 4, Binance: 6
2025-03-29 06:34:27 - INFO - Browser session closed
2025-03-29 06:34:27 - INFO - SQLite database connection closed
2025-03-29 06:49:40 - INFO - Logging initialized. Log file: pb2b/logs/bybit_scraper_20250329.log
2025-03-29 06:49:41 - INFO - DataSaver logging initialized. Log file: pb2b/logs/data_saver_20250329.log
2025-03-29 06:49:41 - INFO - Connected to SQLite database: pb2b/p2p_listings.db
2025-03-29 06:49:41 - INFO - Database tables created successfully
2025-03-29 06:49:41 - INFO - Attempt 1/10: Loading https://www.bybit.com/fiat/trade/otc?actionType=1&token=USDT&fiat=NGN
2025-03-29 06:49:50 - INFO - Screenshot saved as 'pb2b/screenshots/bybit_page_20250329_064950.png'
2025-03-29 06:49:50 - INFO - Fetching BUY listings for USDT/EUR
2025-03-29 06:49:51 - INFO - Data successfully saved to SQLite database. New listings - Bybit: 4, Binance: 6
2025-03-29 06:49:51 - INFO - Browser session closed
2025-03-29 06:49:51 - INFO - SQLite database connection closed
2025-03-29 07:10:01 - INFO - Logging initialized. Log file: pb2b/logs/bybit_scraper_20250329.log
2025-03-29 07:10:14 - INFO - DataSaver logging initialized. Log file: pb2b/logs/data_saver_20250329.log
2025-03-29 07:10:14 - INFO - Connected to SQLite database: pb2b/p2p_listings.db
2025-03-29 07:10:14 - INFO - Database tables created successfully
2025-03-29 07:10:14 - INFO - Attempt 1/10: Loading https://www.bybit.com/fiat/trade/otc?actionType=1&token=USDT&fiat=NGN
2025-03-29 07:10:27 - INFO - Screenshot saved as 'pb2b/screenshots/bybit_page_20250329_071027.png'
2025-03-29 07:10:28 - INFO - Fetching BUY listings for USDT/EUR
2025-03-29 07:10:28 - INFO - Data successfully saved to SQLite database. New listings - Bybit: 4, Binance: 6
2025-03-29 07:10:28 - INFO - Browser session closed
2025-03-29 07:10:28 - INFO - SQLite database connection closed
2025-03-29 07:27:51 - INFO - Logging initialized. Log file: pb2b/logs/bybit_scraper_20250329.log
2025-03-29 07:27:52 - INFO - DataSaver logging initialized. Log file: pb2b/logs/data_saver_20250329.log
2025-03-29 07:27:52 - INFO - Connected to SQLite database: pb2b/p2p_listings.db
2025-03-29 07:27:52 - INFO - Database tables created successfully
2025-03-29 07:27:52 - INFO - Attempt 1/10: Loading https://www.bybit.com/fiat/trade/otc?actionType=1&token=USDT&fiat=NGN
2025-03-29 07:28:01 - INFO - Screenshot saved as 'pb2b/screenshots/bybit_page_20250329_072801.png'
2025-03-29 07:28:01 - INFO - Fetching BUY listings for USDT/EUR
2025-03-29 07:28:02 - INFO - Data successfully saved to SQLite database. New listings - Bybit: 4, Binance: 6
2025-03-29 07:28:02 - INFO - Browser session closed
2025-03-29 07:28:02 - INFO - SQLite database connection closed
2025-03-29 07:40:48 - INFO - Logging initialized. Log file: pb2b/logs/bybit_scraper_20250329.log
2025-03-29 07:40:49 - INFO - DataSaver logging initialized. Log file: pb2b/logs/data_saver_20250329.log
2025-03-29 07:40:49 - INFO - Connected to SQLite database: pb2b/p2p_listings.db
2025-03-29 07:40:49 - INFO - Database tables created successfully
2025-03-29 07:40:49 - INFO - Attempt 1/10: Loading https://www.bybit.com/fiat/trade/otc?actionType=1&token=USDT&fiat=NGN
2025-03-29 07:40:59 - INFO - Screenshot saved as 'pb2b/screenshots/bybit_page_20250329_074059.png'
2025-03-29 07:40:59 - INFO - Fetching BUY listings for USDT/EUR
2025-03-29 07:41:00 - INFO - Data successfully saved to SQLite database. New listings - Bybit: 4, Binance: 6
2025-03-29 07:41:00 - INFO - Browser session closed
2025-03-29 07:41:00 - INFO - SQLite database connection closed
2025-03-29 07:54:01 - INFO - Logging initialized. Log file: pb2b/logs/bybit_scraper_20250329.log
2025-03-29 07:54:02 - INFO - DataSaver logging initialized. Log file: pb2b/logs/data_saver_20250329.log
2025-03-29 07:54:02 - INFO - Connected to SQLite database: pb2b/p2p_listings.db
2025-03-29 07:54:02 - INFO - Database tables created successfully
2025-03-29 07:54:02 - INFO - Attempt 1/10: Loading https://www.bybit.com/fiat/trade/otc?actionType=1&token=USDT&fiat=NGN
2025-03-29 07:54:12 - INFO - Screenshot saved as 'pb2b/screenshots/bybit_page_20250329_075412.png'
2025-03-29 07:54:13 - INFO - Fetching BUY listings for USDT/EUR
2025-03-29 07:54:14 - INFO - Data successfully saved to SQLite database. New listings - Bybit: 4, Binance: 6
2025-03-29 07:54:14 - INFO - Browser session closed
2025-03-29 07:54:14 - INFO - SQLite database connection closed
2025-03-29 08:23:26 - INFO - Logging initialized. Log file: pb2b/logs/bybit_scraper_20250329.log
2025-03-29 08:23:27 - INFO - DataSaver logging initialized. Log file: pb2b/logs/data_saver_20250329.log
2025-03-29 08:23:27 - INFO - Connected to SQLite database: pb2b/p2p_listings.db
2025-03-29 08:23:27 - INFO - Database tables created successfully
2025-03-29 08:23:27 - INFO - Attempt 1/10: Loading https://www.bybit.com/fiat/trade/otc?actionType=1&token=USDT&fiat=NGN
2025-03-29 08:23:36 - INFO - Screenshot saved as 'pb2b/screenshots/bybit_page_20250329_082336.png'
2025-03-29 08:23:36 - INFO - Fetching BUY listings for USDT/EUR
2025-03-29 08:23:37 - INFO - Data successfully saved to SQLite database. New listings - Bybit: 4, Binance: 6
2025-03-29 08:23:37 - INFO - Browser session closed
2025-03-29 08:23:37 - INFO - SQLite database connection closed
2025-03-29 08:42:55 - INFO - Logging initialized. Log file: pb2b/logs/bybit_scraper_20250329.log
2025-03-29 08:42:56 - INFO - DataSaver logging initialized. Log file: pb2b/logs/data_saver_20250329.log
2025-03-29 08:42:56 - INFO - Connected to SQLite database: pb2b/p2p_listings.db
2025-03-29 08:42:56 - INFO - Database tables created successfully
2025-03-29 08:42:56 - INFO - Attempt 1/10: Loading https://www.bybit.com/fiat/trade/otc?actionType=1&token=USDT&fiat=NGN
2025-03-29 08:43:08 - INFO - Screenshot saved as 'pb2b/screenshots/bybit_page_20250329_084308.png'
2025-03-29 08:43:09 - INFO - Fetching BUY listings for USDT/EUR
2025-03-29 08:43:09 - INFO - Data successfully saved to SQLite database. New listings - Bybit: 4, Binance: 6
2025-03-29 08:43:09 - INFO - Browser session closed
2025-03-29 08:43:09 - INFO - SQLite database connection closed
2025-03-29 08:55:59 - INFO - Logging initialized. Log file: pb2b/logs/bybit_scraper_20250329.log
2025-03-29 08:56:00 - INFO - DataSaver logging initialized. Log file: pb2b/logs/data_saver_20250329.log
2025-03-29 08:56:00 - INFO - Connected to SQLite database: pb2b/p2p_listings.db
2025-03-29 08:56:00 - INFO - Database tables created successfully
2025-03-29 08:56:00 - INFO - Attempt 1/10: Loading https://www.bybit.com/fiat/trade/otc?actionType=1&token=USDT&fiat=NGN
2025-03-29 08:56:10 - INFO - Screenshot saved as 'pb2b/screenshots/bybit_page_20250329_085610.png'
2025-03-29 08:56:10 - INFO - Fetching BUY listings for USDT/EUR
2025-03-29 08:56:11 - INFO - Data successfully saved to SQLite database. New listings - Bybit: 4, Binance: 6
2025-03-29 08:56:11 - INFO - Browser session closed
2025-03-29 08:56:11 - INFO - SQLite database connection closed
2025-03-29 09:24:13 - INFO - Logging initialized. Log file: pb2b/logs/bybit_scraper_20250329.log
2025-03-29 09:24:20 - INFO - DataSaver logging initialized. Log file: pb2b/logs/data_saver_20250329.log
2025-03-29 09:24:20 - INFO - Connected to SQLite database: pb2b/p2p_listings.db
2025-03-29 09:24:20 - INFO - Database tables created successfully
2025-03-29 09:24:20 - INFO - Attempt 1/10: Loading https://www.bybit.com/fiat/trade/otc?actionType=1&token=USDT&fiat=NGN
2025-03-29 09:24:33 - INFO - Screenshot saved as 'pb2b/screenshots/bybit_page_20250329_092433.png'
2025-03-29 09:24:34 - INFO - Fetching BUY listings for USDT/EUR
2025-03-29 09:24:34 - INFO - Data successfully saved to SQLite database. New listings - Bybit: 4, Binance: 6
2025-03-29 09:24:34 - INFO - Browser session closed
2025-03-29 09:24:34 - INFO - SQLite database connection closed
2025-03-29 09:38:36 - INFO - Logging initialized. Log file: pb2b/logs/bybit_scraper_20250329.log
2025-03-29 09:38:37 - INFO - DataSaver logging initialized. Log file: pb2b/logs/data_saver_20250329.log
2025-03-29 09:38:37 - INFO - Connected to SQLite database: pb2b/p2p_listings.db
2025-03-29 09:38:37 - INFO - Database tables created successfully
2025-03-29 09:38:37 - INFO - Attempt 1/10: Loading https://www.bybit.com/fiat/trade/otc?actionType=1&token=USDT&fiat=NGN
2025-03-29 09:38:46 - INFO - Screenshot saved as 'pb2b/screenshots/bybit_page_20250329_093846.png'
2025-03-29 09:38:47 - INFO - Fetching BUY listings for USDT/EUR
2025-03-29 09:38:47 - INFO - Data successfully saved to SQLite database. New listings - Bybit: 4, Binance: 6
2025-03-29 09:38:48 - INFO - Browser session closed
2025-03-29 09:38:48 - INFO - SQLite database connection closed
2025-03-29 09:51:46 - INFO - Logging initialized. Log file: pb2b/logs/bybit_scraper_20250329.log
2025-03-29 09:51:46 - INFO - DataSaver logging initialized. Log file: pb2b/logs/data_saver_20250329.log
2025-03-29 09:51:46 - INFO - Connected to SQLite database: pb2b/p2p_listings.db
2025-03-29 09:51:46 - INFO - Database tables created successfully
2025-03-29 09:51:46 - INFO - Attempt 1/10: Loading https://www.bybit.com/fiat/trade/otc?actionType=1&token=USDT&fiat=NGN
2025-03-29 09:51:56 - INFO - Screenshot saved as 'pb2b/screenshots/bybit_page_20250329_095156.png'
2025-03-29 09:51:57 - INFO - Fetching BUY listings for USDT/EUR
2025-03-29 09:51:57 - INFO - Data successfully saved to SQLite database. New listings - Bybit: 4, Binance: 6
2025-03-29 09:51:58 - INFO - Browser session closed
2025-03-29 09:51:58 - INFO - SQLite database connection closed
2025-03-29 10:14:39 - INFO - Logging initialized. Log file: pb2b/logs/bybit_scraper_20250329.log
2025-03-29 10:14:40 - INFO - DataSaver logging initialized. Log file: pb2b/logs/data_saver_20250329.log
2025-03-29 10:14:40 - INFO - Connected to SQLite database: pb2b/p2p_listings.db
2025-03-29 10:14:40 - INFO - Database tables created successfully
2025-03-29 10:14:40 - INFO - Attempt 1/10: Loading https://www.bybit.com/fiat/trade/otc?actionType=1&token=USDT&fiat=NGN
2025-03-29 10:14:50 - INFO - Screenshot saved as 'pb2b/screenshots/bybit_page_20250329_101449.png'
2025-03-29 10:14:50 - INFO - Fetching BUY listings for USDT/EUR
2025-03-29 10:14:50 - INFO - Data successfully saved to SQLite database. New listings - Bybit: 4, Binance: 6
2025-03-29 10:14:51 - INFO - Browser session closed
2025-03-29 10:14:51 - INFO - SQLite database connection closed
2025-03-29 10:39:18 - INFO - Logging initialized. Log file: pb2b/logs/bybit_scraper_20250329.log
2025-03-29 10:39:18 - INFO - DataSaver logging initialized. Log file: pb2b/logs/data_saver_20250329.log
2025-03-29 10:39:18 - INFO - Connected to SQLite database: pb2b/p2p_listings.db
2025-03-29 10:39:18 - INFO - Database tables created successfully
2025-03-29 10:39:18 - INFO - Attempt 1/10: Loading https://www.bybit.com/fiat/trade/otc?actionType=1&token=USDT&fiat=NGN
2025-03-29 10:39:28 - INFO - Screenshot saved as 'pb2b/screenshots/bybit_page_20250329_103928.png'
2025-03-29 10:39:28 - INFO - Fetching BUY listings for USDT/EUR
2025-03-29 10:39:29 - INFO - Data successfully saved to SQLite database. New listings - Bybit: 4, Binance: 6
2025-03-29 10:39:29 - INFO - Browser session closed
2025-03-29 10:39:29 - INFO - SQLite database connection closed
2025-03-29 10:52:07 - INFO - Logging initialized. Log file: pb2b/logs/bybit_scraper_20250329.log
2025-03-29 10:52:08 - INFO - DataSaver logging initialized. Log file: pb2b/logs/data_saver_20250329.log
2025-03-29 10:52:08 - INFO - Connected to SQLite database: pb2b/p2p_listings.db
2025-03-29 10:52:08 - INFO - Database tables created successfully
2025-03-29 10:52:08 - INFO - Attempt 1/10: Loading https://www.bybit.com/fiat/trade/otc?actionType=1&token=USDT&fiat=NGN
2025-03-29 10:52:18 - INFO - Screenshot saved as 'pb2b/screenshots/bybit_page_20250329_105218.png'
2025-03-29 10:52:19 - INFO - Fetching BUY listings for USDT/EUR
2025-03-29 10:52:19 - INFO - Data successfully saved to SQLite database. New listings - Bybit: 4, Binance: 6
2025-03-29 10:52:20 - INFO - Browser session closed
2025-03-29 10:52:20 - INFO - SQLite database connection closed
2025-03-29 11:13:16 - INFO - Logging initialized. Log file: pb2b/logs/bybit_scraper_20250329.log
2025-03-29 11:13:17 - INFO - DataSaver logging initialized. Log file: pb2b/logs/data_saver_20250329.log
2025-03-29 11:13:17 - INFO - Connected to SQLite database: pb2b/p2p_listings.db
2025-03-29 11:13:17 - INFO - Database tables created successfully
2025-03-29 11:13:17 - INFO - Attempt 1/10: Loading https://www.bybit.com/fiat/trade/otc?actionType=1&token=USDT&fiat=NGN
2025-03-29 11:13:27 - INFO - Screenshot saved as 'pb2b/screenshots/bybit_page_20250329_111327.png'
2025-03-29 11:13:28 - INFO - Fetching BUY listings for USDT/EUR
2025-03-29 11:13:28 - INFO - Data successfully saved to SQLite database. New listings - Bybit: 4, Binance: 6
2025-03-29 11:13:28 - INFO - Browser session closed
2025-03-29 11:13:28 - INFO - SQLite database connection closed
2025-03-29 11:28:44 - INFO - Logging initialized. Log file: pb2b/logs/bybit_scraper_20250329.log
2025-03-29 11:28:51 - INFO - DataSaver logging initialized. Log file: pb2b/logs/data_saver_20250329.log
2025-03-29 11:28:51 - INFO - Connected to SQLite database: pb2b/p2p_listings.db
2025-03-29 11:28:51 - INFO - Database tables created successfully
2025-03-29 11:28:51 - INFO - Attempt 1/10: Loading https://www.bybit.com/fiat/trade/otc?actionType=1&token=USDT&fiat=NGN
2025-03-29 11:29:03 - INFO - Screenshot saved as 'pb2b/screenshots/bybit_page_20250329_112903.png'
2025-03-29 11:29:03 - INFO - Fetching BUY listings for USDT/EUR
2025-03-29 11:29:04 - INFO - Data successfully saved to SQLite database. New listings - Bybit: 4, Binance: 6
2025-03-29 11:29:04 - INFO - Browser session closed
2025-03-29 11:29:04 - INFO - SQLite database connection closed
2025-03-29 11:41:11 - INFO - Logging initialized. Log file: pb2b/logs/bybit_scraper_20250329.log
2025-03-29 11:41:12 - INFO - DataSaver logging initialized. Log file: pb2b/logs/data_saver_20250329.log
2025-03-29 11:41:12 - INFO - Connected to SQLite database: pb2b/p2p_listings.db
2025-03-29 11:41:12 - INFO - Database tables created successfully
2025-03-29 11:41:12 - INFO - Attempt 1/10: Loading https://www.bybit.com/fiat/trade/otc?actionType=1&token=USDT&fiat=NGN
2025-03-29 11:41:22 - INFO - Screenshot saved as 'pb2b/screenshots/bybit_page_20250329_114121.png'
2025-03-29 11:41:22 - INFO - Fetching BUY listings for USDT/EUR
2025-03-29 11:41:23 - INFO - Data successfully saved to SQLite database. New listings - Bybit: 4, Binance: 6
2025-03-29 11:41:23 - INFO - Browser session closed
2025-03-29 11:41:23 - INFO - SQLite database connection closed
2025-03-29 11:54:37 - INFO - Logging initialized. Log file: pb2b/logs/bybit_scraper_20250329.log
2025-03-29 11:54:37 - INFO - DataSaver logging initialized. Log file: pb2b/logs/data_saver_20250329.log
2025-03-29 11:54:37 - INFO - Connected to SQLite database: pb2b/p2p_listings.db
2025-03-29 11:54:37 - INFO - Database tables created successfully
2025-03-29 11:54:37 - INFO - Attempt 1/10: Loading https://www.bybit.com/fiat/trade/otc?actionType=1&token=USDT&fiat=NGN
2025-03-29 11:54:46 - INFO - Screenshot saved as 'pb2b/screenshots/bybit_page_20250329_115446.png'
2025-03-29 11:54:46 - INFO - Fetching BUY listings for USDT/EUR
2025-03-29 11:54:47 - INFO - Data successfully saved to SQLite database. New listings - Bybit: 4, Binance: 6
2025-03-29 11:54:47 - INFO - Browser session closed
2025-03-29 11:54:47 - INFO - SQLite database connection closed
2025-03-29 12:36:41 - INFO - Logging initialized. Log file: pb2b/logs/bybit_scraper_20250329.log
2025-03-29 12:36:50 - INFO - DataSaver logging initialized. Log file: pb2b/logs/data_saver_20250329.log
2025-03-29 12:36:50 - INFO - Connected to SQLite database: pb2b/p2p_listings.db
2025-03-29 12:36:50 - INFO - Database tables created successfully
2025-03-29 12:36:50 - INFO - Attempt 1/10: Loading https://www.bybit.com/fiat/trade/otc?actionType=1&token=USDT&fiat=NGN
2025-03-29 12:37:01 - INFO - Screenshot saved as 'pb2b/screenshots/bybit_page_20250329_123701.png'
2025-03-29 12:37:01 - INFO - Fetching BUY listings for USDT/EUR
2025-03-29 12:37:02 - INFO - Data successfully saved to SQLite database. New listings - Bybit: 4, Binance: 6
2025-03-29 12:37:02 - INFO - Browser session closed
2025-03-29 12:37:02 - INFO - SQLite database connection closed
2025-03-29 13:04:32 - INFO - Logging initialized. Log file: pb2b/logs/bybit_scraper_20250329.log
2025-03-29 13:04:38 - INFO - DataSaver logging initialized. Log file: pb2b/logs/data_saver_20250329.log
2025-03-29 13:04:38 - INFO - Connected to SQLite database: pb2b/p2p_listings.db
2025-03-29 13:04:38 - INFO - Database tables created successfully
2025-03-29 13:04:38 - INFO - Attempt 1/10: Loading https://www.bybit.com/fiat/trade/otc?actionType=1&token=USDT&fiat=NGN
2025-03-29 13:04:52 - INFO - Screenshot saved as 'pb2b/screenshots/bybit_page_20250329_130451.png'
2025-03-29 13:04:52 - INFO - Fetching BUY listings for USDT/EUR
2025-03-29 13:04:53 - INFO - Data successfully saved to SQLite database. New listings - Bybit: 4, Binance: 6
2025-03-29 13:04:53 - INFO - Browser session closed
2025-03-29 13:04:53 - INFO - SQLite database connection closed
2025-03-29 13:30:29 - INFO - Logging initialized. Log file: pb2b/logs/bybit_scraper_20250329.log
2025-03-29 13:30:30 - INFO - DataSaver logging initialized. Log file: pb2b/logs/data_saver_20250329.log
2025-03-29 13:30:30 - INFO - Connected to SQLite database: pb2b/p2p_listings.db
2025-03-29 13:30:30 - INFO - Database tables created successfully
2025-03-29 13:30:30 - INFO - Attempt 1/10: Loading https://www.bybit.com/fiat/trade/otc?actionType=1&token=USDT&fiat=NGN
2025-03-29 13:30:39 - INFO - Screenshot saved as 'pb2b/screenshots/bybit_page_20250329_133039.png'
2025-03-29 13:30:39 - INFO - Fetching BUY listings for USDT/EUR
2025-03-29 13:30:40 - INFO - Data successfully saved to SQLite database. New listings - Bybit: 4, Binance: 6
2025-03-29 13:30:40 - INFO - Browser session closed
2025-03-29 13:30:40 - INFO - SQLite database connection closed
2025-03-29 13:43:30 - INFO - Logging initialized. Log file: pb2b/logs/bybit_scraper_20250329.log
2025-03-29 13:43:31 - INFO - DataSaver logging initialized. Log file: pb2b/logs/data_saver_20250329.log
2025-03-29 13:43:31 - INFO - Connected to SQLite database: pb2b/p2p_listings.db
2025-03-29 13:43:31 - INFO - Database tables created successfully
2025-03-29 13:43:31 - INFO - Attempt 1/10: Loading https://www.bybit.com/fiat/trade/otc?actionType=1&token=USDT&fiat=NGN
2025-03-29 13:43:43 - INFO - Screenshot saved as 'pb2b/screenshots/bybit_page_20250329_134343.png'
2025-03-29 13:43:43 - INFO - Fetching BUY listings for USDT/EUR
2025-03-29 13:43:44 - INFO - Data successfully saved to SQLite database. New listings - Bybit: 4, Binance: 6
2025-03-29 13:43:44 - INFO - Browser session closed
2025-03-29 13:43:44 - INFO - SQLite database connection closed
2025-03-29 13:56:51 - INFO - Logging initialized. Log file: pb2b/logs/bybit_scraper_20250329.log
2025-03-29 13:56:51 - INFO - DataSaver logging initialized. Log file: pb2b/logs/data_saver_20250329.log
2025-03-29 13:56:51 - INFO - Connected to SQLite database: pb2b/p2p_listings.db
2025-03-29 13:56:51 - INFO - Database tables created successfully
2025-03-29 13:56:51 - INFO - Attempt 1/10: Loading https://www.bybit.com/fiat/trade/otc?actionType=1&token=USDT&fiat=NGN
2025-03-29 13:57:01 - INFO - Screenshot saved as 'pb2b/screenshots/bybit_page_20250329_135701.png'
2025-03-29 13:57:01 - INFO - Fetching BUY listings for USDT/EUR
2025-03-29 13:57:02 - INFO - Data successfully saved to SQLite database. New listings - Bybit: 4, Binance: 6
2025-03-29 13:57:02 - INFO - Browser session closed
2025-03-29 13:57:02 - INFO - SQLite database connection closed
2025-03-29 14:24:00 - INFO - Logging initialized. Log file: pb2b/logs/bybit_scraper_20250329.log
2025-03-29 14:24:02 - INFO - DataSaver logging initialized. Log file: pb2b/logs/data_saver_20250329.log
2025-03-29 14:24:02 - INFO - Connected to SQLite database: pb2b/p2p_listings.db
2025-03-29 14:24:02 - INFO - Database tables created successfully
2025-03-29 14:24:02 - INFO - Attempt 1/10: Loading https://www.bybit.com/fiat/trade/otc?actionType=1&token=USDT&fiat=NGN
2025-03-29 14:24:15 - INFO - Screenshot saved as 'pb2b/screenshots/bybit_page_20250329_142415.png'
2025-03-29 14:24:15 - INFO - Fetching BUY listings for USDT/EUR
2025-03-29 14:24:16 - INFO - Data successfully saved to SQLite database. New listings - Bybit: 4, Binance: 6
2025-03-29 14:24:16 - INFO - Browser session closed
2025-03-29 14:24:16 - INFO - SQLite database connection closed
2025-03-29 14:41:48 - INFO - Logging initialized. Log file: pb2b/logs/bybit_scraper_20250329.log
2025-03-29 14:41:49 - INFO - DataSaver logging initialized. Log file: pb2b/logs/data_saver_20250329.log
2025-03-29 14:41:49 - INFO - Connected to SQLite database: pb2b/p2p_listings.db
2025-03-29 14:41:49 - INFO - Database tables created successfully
2025-03-29 14:41:49 - INFO - Attempt 1/10: Loading https://www.bybit.com/fiat/trade/otc?actionType=1&token=USDT&fiat=NGN
2025-03-29 14:41:58 - INFO - Screenshot saved as 'pb2b/screenshots/bybit_page_20250329_144158.png'
2025-03-29 14:41:58 - INFO - Fetching BUY listings for USDT/EUR
2025-03-29 14:41:59 - INFO - Data successfully saved to SQLite database. New listings - Bybit: 4, Binance: 6
2025-03-29 14:41:59 - INFO - Browser session closed
2025-03-29 14:41:59 - INFO - SQLite database connection closed
2025-03-29 14:55:08 - INFO - Logging initialized. Log file: pb2b/logs/bybit_scraper_20250329.log
2025-03-29 14:55:09 - INFO - DataSaver logging initialized. Log file: pb2b/logs/data_saver_20250329.log
2025-03-29 14:55:09 - INFO - Connected to SQLite database: pb2b/p2p_listings.db
2025-03-29 14:55:09 - INFO - Database tables created successfully
2025-03-29 14:55:09 - INFO - Attempt 1/10: Loading https://www.bybit.com/fiat/trade/otc?actionType=1&token=USDT&fiat=NGN
2025-03-29 14:55:19 - INFO - Screenshot saved as 'pb2b/screenshots/bybit_page_20250329_145519.png'
2025-03-29 14:55:20 - INFO - Fetching BUY listings for USDT/EUR
2025-03-29 14:55:20 - INFO - Data successfully saved to SQLite database. New listings - Bybit: 4, Binance: 6
2025-03-29 14:55:20 - INFO - Browser session closed
2025-03-29 14:55:20 - INFO - SQLite database connection closed
2025-03-29 15:22:39 - INFO - Logging initialized. Log file: pb2b/logs/bybit_scraper_20250329.log
2025-03-29 15:22:41 - INFO - DataSaver logging initialized. Log file: pb2b/logs/data_saver_20250329.log
2025-03-29 15:22:41 - INFO - Connected to SQLite database: pb2b/p2p_listings.db
2025-03-29 15:22:41 - INFO - Database tables created successfully
2025-03-29 15:22:41 - INFO - Attempt 1/10: Loading https://www.bybit.com/fiat/trade/otc?actionType=1&token=USDT&fiat=NGN
2025-03-29 15:22:50 - INFO - Screenshot saved as 'pb2b/screenshots/bybit_page_20250329_152250.png'
2025-03-29 15:22:51 - INFO - Fetching BUY listings for USDT/EUR
2025-03-29 15:22:51 - INFO - Data successfully saved to SQLite database. New listings - Bybit: 4, Binance: 6
2025-03-29 15:22:51 - INFO - Browser session closed
2025-03-29 15:22:51 - INFO - SQLite database connection closed
2025-03-29 15:39:22 - INFO - Logging initialized. Log file: pb2b/logs/bybit_scraper_20250329.log
2025-03-29 15:39:23 - INFO - DataSaver logging initialized. Log file: pb2b/logs/data_saver_20250329.log
2025-03-29 15:39:23 - INFO - Connected to SQLite database: pb2b/p2p_listings.db
2025-03-29 15:39:23 - INFO - Database tables created successfully
2025-03-29 15:39:23 - INFO - Attempt 1/10: Loading https://www.bybit.com/fiat/trade/otc?actionType=1&token=USDT&fiat=NGN
2025-03-29 15:39:32 - INFO - Screenshot saved as 'pb2b/screenshots/bybit_page_20250329_153932.png'
2025-03-29 15:39:33 - INFO - Fetching BUY listings for USDT/EUR
2025-03-29 15:39:33 - INFO - Data successfully saved to SQLite database. New listings - Bybit: 4, Binance: 6
2025-03-29 15:39:33 - INFO - Browser session closed
2025-03-29 15:39:33 - INFO - SQLite database connection closed
2025-03-29 15:51:50 - INFO - Logging initialized. Log file: pb2b/logs/bybit_scraper_20250329.log
2025-03-29 15:51:59 - INFO - DataSaver logging initialized. Log file: pb2b/logs/data_saver_20250329.log
2025-03-29 15:51:59 - INFO - Connected to SQLite database: pb2b/p2p_listings.db
2025-03-29 15:51:59 - INFO - Database tables created successfully
2025-03-29 15:51:59 - INFO - Attempt 1/10: Loading https://www.bybit.com/fiat/trade/otc?actionType=1&token=USDT&fiat=NGN
2025-03-29 15:52:11 - INFO - Screenshot saved as 'pb2b/screenshots/bybit_page_20250329_155211.png'
2025-03-29 15:52:12 - INFO - Fetching BUY listings for USDT/EUR
2025-03-29 15:52:12 - INFO - Data successfully saved to SQLite database. New listings - Bybit: 4, Binance: 6
2025-03-29 15:52:12 - INFO - Browser session closed
2025-03-29 15:52:12 - INFO - SQLite database connection closed
2025-03-29 16:16:36 - INFO - Logging initialized. Log file: pb2b/logs/bybit_scraper_20250329.log
2025-03-29 16:16:37 - INFO - DataSaver logging initialized. Log file: pb2b/logs/data_saver_20250329.log
2025-03-29 16:16:37 - INFO - Connected to SQLite database: pb2b/p2p_listings.db
2025-03-29 16:16:37 - INFO - Database tables created successfully
2025-03-29 16:16:37 - INFO - Attempt 1/10: Loading https://www.bybit.com/fiat/trade/otc?actionType=1&token=USDT&fiat=NGN
2025-03-29 16:16:46 - INFO - Screenshot saved as 'pb2b/screenshots/bybit_page_20250329_161646.png'
2025-03-29 16:16:46 - INFO - Fetching BUY listings for USDT/EUR
2025-03-29 16:16:47 - INFO - Data successfully saved to SQLite database. New listings - Bybit: 4, Binance: 6
2025-03-29 16:16:47 - INFO - Browser session closed
2025-03-29 16:16:47 - INFO - SQLite database connection closed
2025-03-29 16:41:50 - INFO - Logging initialized. Log file: pb2b/logs/bybit_scraper_20250329.log
2025-03-29 16:41:52 - INFO - DataSaver logging initialized. Log file: pb2b/logs/data_saver_20250329.log
2025-03-29 16:41:52 - INFO - Connected to SQLite database: pb2b/p2p_listings.db
2025-03-29 16:41:52 - INFO - Database tables created successfully
2025-03-29 16:41:52 - INFO - Attempt 1/10: Loading https://www.bybit.com/fiat/trade/otc?actionType=1&token=USDT&fiat=NGN
2025-03-29 16:42:02 - INFO - Screenshot saved as 'pb2b/screenshots/bybit_page_20250329_164202.png'
2025-03-29 16:42:02 - INFO - Fetching BUY listings for USDT/EUR
2025-03-29 16:42:03 - INFO - Data successfully saved to SQLite database. New listings - Bybit: 4, Binance: 6
2025-03-29 16:42:03 - INFO - Browser session closed
2025-03-29 16:42:03 - INFO - SQLite database connection closed
2025-03-29 16:54:57 - INFO - Logging initialized. Log file: pb2b/logs/bybit_scraper_20250329.log
2025-03-29 16:54:58 - INFO - DataSaver logging initialized. Log file: pb2b/logs/data_saver_20250329.log
2025-03-29 16:54:58 - INFO - Connected to SQLite database: pb2b/p2p_listings.db
2025-03-29 16:54:58 - INFO - Database tables created successfully
2025-03-29 16:54:58 - INFO - Attempt 1/10: Loading https://www.bybit.com/fiat/trade/otc?actionType=1&token=USDT&fiat=NGN
2025-03-29 16:55:06 - INFO - Screenshot saved as 'pb2b/screenshots/bybit_page_20250329_165506.png'
2025-03-29 16:55:07 - INFO - Fetching BUY listings for USDT/EUR
2025-03-29 16:55:07 - INFO - Data successfully saved to SQLite database. New listings - Bybit: 4, Binance: 6
2025-03-29 16:55:07 - INFO - Browser session closed
2025-03-29 16:55:07 - INFO - SQLite database connection closed
2025-03-29 17:18:35 - INFO - Logging initialized. Log file: pb2b/logs/bybit_scraper_20250329.log
2025-03-29 17:18:46 - INFO - DataSaver logging initialized. Log file: pb2b/logs/data_saver_20250329.log
2025-03-29 17:18:46 - INFO - Connected to SQLite database: pb2b/p2p_listings.db
2025-03-29 17:18:46 - INFO - Database tables created successfully
2025-03-29 17:18:46 - INFO - Attempt 1/10: Loading https://www.bybit.com/fiat/trade/otc?actionType=1&token=USDT&fiat=NGN
2025-03-29 17:18:57 - INFO - Screenshot saved as 'pb2b/screenshots/bybit_page_20250329_171857.png'
2025-03-29 17:18:57 - INFO - Fetching BUY listings for USDT/EUR
2025-03-29 17:18:58 - INFO - Data successfully saved to SQLite database. New listings - Bybit: 4, Binance: 6
2025-03-29 17:18:58 - INFO - Browser session closed
2025-03-29 17:18:58 - INFO - SQLite database connection closed
2025-03-29 17:33:55 - INFO - Logging initialized. Log file: pb2b/logs/bybit_scraper_20250329.log
2025-03-29 17:33:57 - INFO - DataSaver logging initialized. Log file: pb2b/logs/data_saver_20250329.log
2025-03-29 17:33:57 - INFO - Connected to SQLite database: pb2b/p2p_listings.db
2025-03-29 17:33:57 - INFO - Database tables created successfully
2025-03-29 17:33:57 - INFO - Attempt 1/10: Loading https://www.bybit.com/fiat/trade/otc?actionType=1&token=USDT&fiat=NGN
2025-03-29 17:34:07 - INFO - Screenshot saved as 'pb2b/screenshots/bybit_page_20250329_173407.png'
2025-03-29 17:34:07 - INFO - Fetching BUY listings for USDT/EUR
2025-03-29 17:34:08 - INFO - Data successfully saved to SQLite database. New listings - Bybit: 4, Binance: 6
2025-03-29 17:34:08 - INFO - Browser session closed
2025-03-29 17:34:08 - INFO - SQLite database connection closed
2025-03-29 17:47:04 - INFO - Logging initialized. Log file: pb2b/logs/bybit_scraper_20250329.log
2025-03-29 17:47:05 - INFO - DataSaver logging initialized. Log file: pb2b/logs/data_saver_20250329.log
2025-03-29 17:47:05 - INFO - Connected to SQLite database: pb2b/p2p_listings.db
2025-03-29 17:47:05 - INFO - Database tables created successfully
2025-03-29 17:47:05 - INFO - Attempt 1/10: Loading https://www.bybit.com/fiat/trade/otc?actionType=1&token=USDT&fiat=NGN
2025-03-29 17:47:16 - INFO - Screenshot saved as 'pb2b/screenshots/bybit_page_20250329_174716.png'
2025-03-29 17:47:16 - INFO - Fetching BUY listings for USDT/EUR
2025-03-29 17:47:17 - INFO - Data successfully saved to SQLite database. New listings - Bybit: 4, Binance: 6
2025-03-29 17:47:17 - INFO - Browser session closed
2025-03-29 17:47:17 - INFO - SQLite database connection closed
2025-03-29 18:00:13 - INFO - Logging initialized. Log file: pb2b/logs/bybit_scraper_20250329.log
2025-03-29 18:00:13 - INFO - DataSaver logging initialized. Log file: pb2b/logs/data_saver_20250329.log
2025-03-29 18:00:13 - INFO - Connected to SQLite database: pb2b/p2p_listings.db
2025-03-29 18:00:13 - INFO - Database tables created successfully
2025-03-29 18:00:13 - INFO - Attempt 1/10: Loading https://www.bybit.com/fiat/trade/otc?actionType=1&token=USDT&fiat=NGN
2025-03-29 18:00:22 - INFO - Screenshot saved as 'pb2b/screenshots/bybit_page_20250329_180022.png'
2025-03-29 18:00:23 - INFO - Fetching BUY listings for USDT/EUR
2025-03-29 18:00:24 - INFO - Data successfully saved to SQLite database. New listings - Bybit: 4, Binance: 6
2025-03-29 18:00:24 - INFO - Browser session closed
2025-03-29 18:00:24 - INFO - SQLite database connection closed
2025-03-29 18:33:55 - INFO - Logging initialized. Log file: pb2b/logs/bybit_scraper_20250329.log
2025-03-29 18:33:56 - INFO - DataSaver logging initialized. Log file: pb2b/logs/data_saver_20250329.log
2025-03-29 18:33:56 - INFO - Connected to SQLite database: pb2b/p2p_listings.db
2025-03-29 18:33:56 - INFO - Database tables created successfully
2025-03-29 18:33:56 - INFO - Attempt 1/10: Loading https://www.bybit.com/fiat/trade/otc?actionType=1&token=USDT&fiat=NGN
2025-03-29 18:34:05 - INFO - Screenshot saved as 'pb2b/screenshots/bybit_page_20250329_183405.png'
2025-03-29 18:34:06 - INFO - Fetching BUY listings for USDT/EUR
2025-03-29 18:34:06 - INFO - Data successfully saved to SQLite database. New listings - Bybit: 4, Binance: 6
2025-03-29 18:34:06 - INFO - Browser session closed
2025-03-29 18:34:06 - INFO - SQLite database connection closed
2025-03-29 18:48:44 - INFO - Logging initialized. Log file: pb2b/logs/bybit_scraper_20250329.log
2025-03-29 18:48:45 - INFO - DataSaver logging initialized. Log file: pb2b/logs/data_saver_20250329.log
2025-03-29 18:48:45 - INFO - Connected to SQLite database: pb2b/p2p_listings.db
2025-03-29 18:48:45 - INFO - Database tables created successfully
2025-03-29 18:48:45 - INFO - Attempt 1/10: Loading https://www.bybit.com/fiat/trade/otc?actionType=1&token=USDT&fiat=NGN
2025-03-29 18:48:55 - INFO - Screenshot saved as 'pb2b/screenshots/bybit_page_20250329_184855.png'
2025-03-29 18:48:55 - INFO - Fetching BUY listings for USDT/EUR
2025-03-29 18:48:56 - INFO - Data successfully saved to SQLite database. New listings - Bybit: 4, Binance: 6
2025-03-29 18:48:56 - INFO - Browser session closed
2025-03-29 18:48:56 - INFO - SQLite database connection closed
2025-03-29 19:02:52 - INFO - Logging initialized. Log file: pb2b/logs/bybit_scraper_20250329.log
2025-03-29 19:03:23 - INFO - DataSaver logging initialized. Log file: pb2b/logs/data_saver_20250329.log
2025-03-29 19:03:23 - INFO - Connected to SQLite database: pb2b/p2p_listings.db
2025-03-29 19:03:23 - INFO - Database tables created successfully
2025-03-29 19:03:23 - INFO - Attempt 1/10: Loading https://www.bybit.com/fiat/trade/otc?actionType=1&token=USDT&fiat=NGN
2025-03-29 19:03:41 - INFO - Screenshot saved as 'pb2b/screenshots/bybit_page_20250329_190341.png'
2025-03-29 19:03:41 - INFO - Fetching BUY listings for USDT/EUR
2025-03-29 19:03:42 - INFO - Data successfully saved to SQLite database. New listings - Bybit: 4, Binance: 6
2025-03-29 19:03:42 - INFO - Browser session closed
2025-03-29 19:03:42 - INFO - SQLite database connection closed
2025-03-29 19:22:42 - INFO - Logging initialized. Log file: pb2b/logs/bybit_scraper_20250329.log
2025-03-29 19:22:43 - INFO - DataSaver logging initialized. Log file: pb2b/logs/data_saver_20250329.log
2025-03-29 19:22:43 - INFO - Connected to SQLite database: pb2b/p2p_listings.db
2025-03-29 19:22:43 - INFO - Database tables created successfully
2025-03-29 19:22:43 - INFO - Attempt 1/10: Loading https://www.bybit.com/fiat/trade/otc?actionType=1&token=USDT&fiat=NGN
2025-03-29 19:22:53 - INFO - Screenshot saved as 'pb2b/screenshots/bybit_page_20250329_192253.png'
2025-03-29 19:22:54 - INFO - Fetching BUY listings for USDT/EUR
2025-03-29 19:22:54 - INFO - Data successfully saved to SQLite database. New listings - Bybit: 4, Binance: 6
2025-03-29 19:22:54 - INFO - Browser session closed
2025-03-29 19:22:54 - INFO - SQLite database connection closed
2025-03-29 19:37:09 - INFO - Logging initialized. Log file: pb2b/logs/bybit_scraper_20250329.log
2025-03-29 19:37:10 - INFO - DataSaver logging initialized. Log file: pb2b/logs/data_saver_20250329.log
2025-03-29 19:37:10 - INFO - Connected to SQLite database: pb2b/p2p_listings.db
2025-03-29 19:37:10 - INFO - Database tables created successfully
2025-03-29 19:37:10 - INFO - Attempt 1/10: Loading https://www.bybit.com/fiat/trade/otc?actionType=1&token=USDT&fiat=NGN
2025-03-29 19:37:19 - INFO - Screenshot saved as 'pb2b/screenshots/bybit_page_20250329_193719.png'
2025-03-29 19:37:19 - INFO - Fetching BUY listings for USDT/EUR
2025-03-29 19:37:20 - INFO - Data successfully saved to SQLite database. New listings - Bybit: 4, Binance: 6
2025-03-29 19:37:20 - INFO - Browser session closed
2025-03-29 19:37:20 - INFO - SQLite database connection closed
2025-03-29 19:50:24 - INFO - Logging initialized. Log file: pb2b/logs/bybit_scraper_20250329.log
2025-03-29 19:50:33 - INFO - DataSaver logging initialized. Log file: pb2b/logs/data_saver_20250329.log
2025-03-29 19:50:33 - INFO - Connected to SQLite database: pb2b/p2p_listings.db
2025-03-29 19:50:33 - INFO - Database tables created successfully
2025-03-29 19:50:33 - INFO - Attempt 1/10: Loading https://www.bybit.com/fiat/trade/otc?actionType=1&token=USDT&fiat=NGN
2025-03-29 19:50:44 - INFO - Screenshot saved as 'pb2b/screenshots/bybit_page_20250329_195044.png'
2025-03-29 19:50:45 - INFO - Fetching BUY listings for USDT/EUR
2025-03-29 19:50:45 - INFO - Data successfully saved to SQLite database. New listings - Bybit: 4, Binance: 6
2025-03-29 19:50:45 - INFO - Browser session closed
2025-03-29 19:50:45 - INFO - SQLite database connection closed
2025-03-29 20:12:19 - INFO - Logging initialized. Log file: pb2b/logs/bybit_scraper_20250329.log
2025-03-29 20:12:24 - INFO - DataSaver logging initialized. Log file: pb2b/logs/data_saver_20250329.log
2025-03-29 20:12:24 - INFO - Connected to SQLite database: pb2b/p2p_listings.db
2025-03-29 20:12:24 - INFO - Database tables created successfully
2025-03-29 20:12:24 - INFO - Attempt 1/10: Loading https://www.bybit.com/fiat/trade/otc?actionType=1&token=USDT&fiat=NGN
2025-03-29 20:12:35 - INFO - Screenshot saved as 'pb2b/screenshots/bybit_page_20250329_201235.png'
2025-03-29 20:12:36 - INFO - Fetching BUY listings for USDT/EUR
2025-03-29 20:12:36 - INFO - Data successfully saved to SQLite database. New listings - Bybit: 4, Binance: 6
2025-03-29 20:12:36 - INFO - Browser session closed
2025-03-29 20:12:36 - INFO - SQLite database connection closed
2025-03-29 20:31:21 - INFO - Logging initialized. Log file: pb2b/logs/bybit_scraper_20250329.log
2025-03-29 20:31:22 - INFO - DataSaver logging initialized. Log file: pb2b/logs/data_saver_20250329.log
2025-03-29 20:31:22 - INFO - Connected to SQLite database: pb2b/p2p_listings.db
2025-03-29 20:31:22 - INFO - Database tables created successfully
2025-03-29 20:31:22 - INFO - Attempt 1/10: Loading https://www.bybit.com/fiat/trade/otc?actionType=1&token=USDT&fiat=NGN
2025-03-29 20:31:31 - INFO - Screenshot saved as 'pb2b/screenshots/bybit_page_20250329_203131.png'
2025-03-29 20:31:32 - INFO - Fetching BUY listings for USDT/EUR
2025-03-29 20:31:32 - INFO - Data successfully saved to SQLite database. New listings - Bybit: 4, Binance: 6
2025-03-29 20:31:33 - INFO - Browser session closed
2025-03-29 20:31:33 - INFO - SQLite database connection closed
2025-03-29 20:44:37 - INFO - Logging initialized. Log file: pb2b/logs/bybit_scraper_20250329.log
2025-03-29 20:44:42 - INFO - DataSaver logging initialized. Log file: pb2b/logs/data_saver_20250329.log
2025-03-29 20:44:42 - INFO - Connected to SQLite database: pb2b/p2p_listings.db
2025-03-29 20:44:42 - INFO - Database tables created successfully
2025-03-29 20:44:42 - INFO - Attempt 1/10: Loading https://www.bybit.com/fiat/trade/otc?actionType=1&token=USDT&fiat=NGN
2025-03-29 20:44:53 - INFO - Screenshot saved as 'pb2b/screenshots/bybit_page_20250329_204453.png'
2025-03-29 20:44:53 - INFO - Fetching BUY listings for USDT/EUR
2025-03-29 20:44:54 - INFO - Data successfully saved to SQLite database. New listings - Bybit: 4, Binance: 6
2025-03-29 20:44:54 - INFO - Browser session closed
2025-03-29 20:44:54 - INFO - SQLite database connection closed
2025-03-29 20:59:36 - INFO - Logging initialized. Log file: pb2b/logs/bybit_scraper_20250329.log
2025-03-29 20:59:37 - INFO - DataSaver logging initialized. Log file: pb2b/logs/data_saver_20250329.log
2025-03-29 20:59:37 - INFO - Connected to SQLite database: pb2b/p2p_listings.db
2025-03-29 20:59:37 - INFO - Database tables created successfully
2025-03-29 20:59:37 - INFO - Attempt 1/10: Loading https://www.bybit.com/fiat/trade/otc?actionType=1&token=USDT&fiat=NGN
2025-03-29 20:59:47 - INFO - Screenshot saved as 'pb2b/screenshots/bybit_page_20250329_205947.png'
2025-03-29 20:59:47 - INFO - Fetching BUY listings for USDT/EUR
2025-03-29 20:59:48 - INFO - Data successfully saved to SQLite database. New listings - Bybit: 4, Binance: 6
2025-03-29 20:59:48 - INFO - Browser session closed
2025-03-29 20:59:48 - INFO - SQLite database connection closed
2025-03-29 21:22:51 - INFO - Logging initialized. Log file: pb2b/logs/bybit_scraper_20250329.log
2025-03-29 21:22:52 - INFO - DataSaver logging initialized. Log file: pb2b/logs/data_saver_20250329.log
2025-03-29 21:22:52 - INFO - Connected to SQLite database: pb2b/p2p_listings.db
2025-03-29 21:22:52 - INFO - Database tables created successfully
2025-03-29 21:22:52 - INFO - Attempt 1/10: Loading https://www.bybit.com/fiat/trade/otc?actionType=1&token=USDT&fiat=NGN
2025-03-29 21:23:02 - INFO - Screenshot saved as 'pb2b/screenshots/bybit_page_20250329_212302.png'
2025-03-29 21:23:03 - INFO - Fetching BUY listings for USDT/EUR
2025-03-29 21:23:03 - INFO - Data successfully saved to SQLite database. New listings - Bybit: 4, Binance: 6
2025-03-29 21:23:04 - INFO - Browser session closed
2025-03-29 21:23:04 - INFO - SQLite database connection closed
2025-03-29 21:36:39 - INFO - Logging initialized. Log file: pb2b/logs/bybit_scraper_20250329.log
2025-03-29 21:36:40 - INFO - DataSaver logging initialized. Log file: pb2b/logs/data_saver_20250329.log
2025-03-29 21:36:40 - INFO - Connected to SQLite database: pb2b/p2p_listings.db
2025-03-29 21:36:40 - INFO - Database tables created successfully
2025-03-29 21:36:40 - INFO - Attempt 1/10: Loading https://www.bybit.com/fiat/trade/otc?actionType=1&token=USDT&fiat=NGN
2025-03-29 21:36:50 - INFO - Screenshot saved as 'pb2b/screenshots/bybit_page_20250329_213650.png'
2025-03-29 21:36:51 - INFO - Fetching BUY listings for USDT/EUR
2025-03-29 21:36:51 - INFO - Data successfully saved to SQLite database. New listings - Bybit: 4, Binance: 6
2025-03-29 21:36:51 - INFO - Browser session closed
2025-03-29 21:36:51 - INFO - SQLite database connection closed
2025-03-29 21:49:54 - INFO - Logging initialized. Log file: pb2b/logs/bybit_scraper_20250329.log
2025-03-29 21:49:54 - INFO - DataSaver logging initialized. Log file: pb2b/logs/data_saver_20250329.log
2025-03-29 21:49:54 - INFO - Connected to SQLite database: pb2b/p2p_listings.db
2025-03-29 21:49:54 - INFO - Database tables created successfully
2025-03-29 21:49:54 - INFO - Attempt 1/10: Loading https://www.bybit.com/fiat/trade/otc?actionType=1&token=USDT&fiat=NGN
2025-03-29 21:50:03 - INFO - Screenshot saved as 'pb2b/screenshots/bybit_page_20250329_215003.png'
2025-03-29 21:50:04 - INFO - Fetching BUY listings for USDT/EUR
2025-03-29 21:50:05 - INFO - Data successfully saved to SQLite database. New listings - Bybit: 4, Binance: 6
2025-03-29 21:50:05 - INFO - Browser session closed
2025-03-29 21:50:05 - INFO - SQLite database connection closed
