2025-06-14 01:07:52 - INFO - Logging initialized. Log file: pb2b/logs/bybit_scraper_20250614.log
2025-06-14 01:07:53 - INFO - DataSaver logging initialized. Log file: pb2b/logs/data_saver_20250614.log
2025-06-14 01:07:53 - INFO - Connected to SQLite database: pb2b/p2p_listings.db
2025-06-14 01:07:53 - INFO - Database tables created successfully
2025-06-14 01:07:53 - INFO - Attempt 1/10: Loading https://www.bybit.com/fiat/trade/otc?actionType=1&token=USDT&fiat=NGN
2025-06-14 01:08:02 - INFO - Screenshot saved as 'pb2b/screenshots/bybit_page_20250614_010802.png'
2025-06-14 01:08:02 - INFO - Fetching BUY listings for USDT/EUR
2025-06-14 01:08:03 - INFO - Data successfully saved to SQLite database. New listings - Bybit: 4, Binance: 6
2025-06-14 01:08:03 - INFO - Browser session closed
2025-06-14 01:08:03 - INFO - SQLite database connection closed
2025-06-14 02:52:02 - INFO - Logging initialized. Log file: pb2b/logs/bybit_scraper_20250614.log
2025-06-14 02:52:03 - INFO - DataSaver logging initialized. Log file: pb2b/logs/data_saver_20250614.log
2025-06-14 02:52:03 - INFO - Connected to SQLite database: pb2b/p2p_listings.db
2025-06-14 02:52:03 - INFO - Database tables created successfully
2025-06-14 02:52:03 - INFO - Attempt 1/10: Loading https://www.bybit.com/fiat/trade/otc?actionType=1&token=USDT&fiat=NGN
2025-06-14 02:52:13 - INFO - Screenshot saved as 'pb2b/screenshots/bybit_page_20250614_025212.png'
2025-06-14 02:52:13 - INFO - Fetching BUY listings for USDT/EUR
2025-06-14 02:52:13 - INFO - Data successfully saved to SQLite database. New listings - Bybit: 4, Binance: 6
2025-06-14 02:52:13 - INFO - Browser session closed
2025-06-14 02:52:13 - INFO - SQLite database connection closed
2025-06-14 03:42:01 - INFO - Logging initialized. Log file: pb2b/logs/bybit_scraper_20250614.log
2025-06-14 03:42:03 - INFO - DataSaver logging initialized. Log file: pb2b/logs/data_saver_20250614.log
2025-06-14 03:42:03 - INFO - Connected to SQLite database: pb2b/p2p_listings.db
2025-06-14 03:42:03 - INFO - Database tables created successfully
2025-06-14 03:42:03 - INFO - Attempt 1/10: Loading https://www.bybit.com/fiat/trade/otc?actionType=1&token=USDT&fiat=NGN
2025-06-14 03:42:14 - INFO - Screenshot saved as 'pb2b/screenshots/bybit_page_20250614_034214.png'
2025-06-14 03:42:14 - INFO - Fetching BUY listings for USDT/EUR
2025-06-14 03:42:15 - INFO - Data successfully saved to SQLite database. New listings - Bybit: 4, Binance: 6
2025-06-14 03:42:15 - INFO - Browser session closed
2025-06-14 03:42:15 - INFO - SQLite database connection closed
2025-06-14 04:03:43 - INFO - Logging initialized. Log file: pb2b/logs/bybit_scraper_20250614.log
2025-06-14 04:03:44 - INFO - DataSaver logging initialized. Log file: pb2b/logs/data_saver_20250614.log
2025-06-14 04:03:44 - INFO - Connected to SQLite database: pb2b/p2p_listings.db
2025-06-14 04:03:44 - INFO - Database tables created successfully
2025-06-14 04:03:44 - INFO - Attempt 1/10: Loading https://www.bybit.com/fiat/trade/otc?actionType=1&token=USDT&fiat=NGN
2025-06-14 04:03:53 - INFO - Screenshot saved as 'pb2b/screenshots/bybit_page_20250614_040352.png'
2025-06-14 04:03:53 - INFO - Fetching BUY listings for USDT/EUR
2025-06-14 04:03:54 - INFO - Data successfully saved to SQLite database. New listings - Bybit: 4, Binance: 6
2025-06-14 04:03:54 - INFO - Browser session closed
2025-06-14 04:03:54 - INFO - SQLite database connection closed
2025-06-14 04:37:12 - INFO - Logging initialized. Log file: pb2b/logs/bybit_scraper_20250614.log
2025-06-14 04:37:13 - INFO - DataSaver logging initialized. Log file: pb2b/logs/data_saver_20250614.log
2025-06-14 04:37:13 - INFO - Connected to SQLite database: pb2b/p2p_listings.db
2025-06-14 04:37:13 - INFO - Database tables created successfully
2025-06-14 04:37:13 - INFO - Attempt 1/10: Loading https://www.bybit.com/fiat/trade/otc?actionType=1&token=USDT&fiat=NGN
2025-06-14 04:37:23 - INFO - Screenshot saved as 'pb2b/screenshots/bybit_page_20250614_043722.png'
2025-06-14 04:37:23 - INFO - Fetching BUY listings for USDT/EUR
2025-06-14 04:37:24 - INFO - Data successfully saved to SQLite database. New listings - Bybit: 4, Binance: 6
2025-06-14 04:37:24 - INFO - Browser session closed
2025-06-14 04:37:24 - INFO - SQLite database connection closed
2025-06-14 04:56:12 - INFO - Logging initialized. Log file: pb2b/logs/bybit_scraper_20250614.log
2025-06-14 04:56:13 - INFO - DataSaver logging initialized. Log file: pb2b/logs/data_saver_20250614.log
2025-06-14 04:56:13 - INFO - Connected to SQLite database: pb2b/p2p_listings.db
2025-06-14 04:56:13 - INFO - Database tables created successfully
2025-06-14 04:56:13 - INFO - Attempt 1/10: Loading https://www.bybit.com/fiat/trade/otc?actionType=1&token=USDT&fiat=NGN
2025-06-14 04:56:23 - INFO - Screenshot saved as 'pb2b/screenshots/bybit_page_20250614_045623.png'
2025-06-14 04:56:24 - INFO - Fetching BUY listings for USDT/EUR
2025-06-14 04:56:25 - INFO - Data successfully saved to SQLite database. New listings - Bybit: 4, Binance: 6
2025-06-14 04:56:25 - INFO - Browser session closed
2025-06-14 04:56:25 - INFO - SQLite database connection closed
2025-06-14 05:23:10 - INFO - Logging initialized. Log file: pb2b/logs/bybit_scraper_20250614.log
2025-06-14 05:23:12 - INFO - DataSaver logging initialized. Log file: pb2b/logs/data_saver_20250614.log
2025-06-14 05:23:12 - INFO - Connected to SQLite database: pb2b/p2p_listings.db
2025-06-14 05:23:12 - INFO - Database tables created successfully
2025-06-14 05:23:12 - INFO - Attempt 1/10: Loading https://www.bybit.com/fiat/trade/otc?actionType=1&token=USDT&fiat=NGN
2025-06-14 05:23:21 - INFO - Screenshot saved as 'pb2b/screenshots/bybit_page_20250614_052321.png'
2025-06-14 05:23:22 - INFO - Fetching BUY listings for USDT/EUR
2025-06-14 05:23:22 - INFO - Data successfully saved to SQLite database. New listings - Bybit: 4, Binance: 6
2025-06-14 05:23:22 - INFO - Browser session closed
2025-06-14 05:23:22 - INFO - SQLite database connection closed
2025-06-14 05:47:16 - INFO - Logging initialized. Log file: pb2b/logs/bybit_scraper_20250614.log
2025-06-14 05:47:18 - INFO - DataSaver logging initialized. Log file: pb2b/logs/data_saver_20250614.log
2025-06-14 05:47:18 - INFO - Connected to SQLite database: pb2b/p2p_listings.db
2025-06-14 05:47:18 - INFO - Database tables created successfully
2025-06-14 05:47:18 - INFO - Attempt 1/10: Loading https://www.bybit.com/fiat/trade/otc?actionType=1&token=USDT&fiat=NGN
2025-06-14 05:47:28 - INFO - Screenshot saved as 'pb2b/screenshots/bybit_page_20250614_054728.png'
2025-06-14 05:47:28 - INFO - Fetching BUY listings for USDT/EUR
2025-06-14 05:47:29 - INFO - Data successfully saved to SQLite database. New listings - Bybit: 4, Binance: 6
2025-06-14 05:47:29 - INFO - Browser session closed
2025-06-14 05:47:29 - INFO - SQLite database connection closed
2025-06-14 05:57:06 - INFO - Logging initialized. Log file: pb2b/logs/bybit_scraper_20250614.log
2025-06-14 05:57:07 - INFO - DataSaver logging initialized. Log file: pb2b/logs/data_saver_20250614.log
2025-06-14 05:57:07 - INFO - Connected to SQLite database: pb2b/p2p_listings.db
2025-06-14 05:57:07 - INFO - Database tables created successfully
2025-06-14 05:57:07 - INFO - Attempt 1/10: Loading https://www.bybit.com/fiat/trade/otc?actionType=1&token=USDT&fiat=NGN
2025-06-14 05:57:16 - INFO - Screenshot saved as 'pb2b/screenshots/bybit_page_20250614_055716.png'
2025-06-14 05:57:17 - INFO - Fetching BUY listings for USDT/EUR
2025-06-14 05:57:17 - INFO - Data successfully saved to SQLite database. New listings - Bybit: 4, Binance: 6
2025-06-14 05:57:17 - INFO - Browser session closed
2025-06-14 05:57:17 - INFO - SQLite database connection closed
2025-06-14 06:34:43 - INFO - Logging initialized. Log file: pb2b/logs/bybit_scraper_20250614.log
2025-06-14 06:34:44 - INFO - DataSaver logging initialized. Log file: pb2b/logs/data_saver_20250614.log
2025-06-14 06:34:44 - INFO - Connected to SQLite database: pb2b/p2p_listings.db
2025-06-14 06:34:44 - INFO - Database tables created successfully
2025-06-14 06:34:44 - INFO - Attempt 1/10: Loading https://www.bybit.com/fiat/trade/otc?actionType=1&token=USDT&fiat=NGN
2025-06-14 06:34:55 - INFO - Screenshot saved as 'pb2b/screenshots/bybit_page_20250614_063455.png'
2025-06-14 06:34:55 - INFO - Fetching BUY listings for USDT/EUR
2025-06-14 06:34:56 - INFO - Data successfully saved to SQLite database. New listings - Bybit: 4, Binance: 6
2025-06-14 06:34:56 - INFO - Browser session closed
2025-06-14 06:34:56 - INFO - SQLite database connection closed
2025-06-14 06:53:54 - INFO - Logging initialized. Log file: pb2b/logs/bybit_scraper_20250614.log
2025-06-14 06:53:56 - INFO - DataSaver logging initialized. Log file: pb2b/logs/data_saver_20250614.log
2025-06-14 06:53:56 - INFO - Connected to SQLite database: pb2b/p2p_listings.db
2025-06-14 06:53:56 - INFO - Database tables created successfully
2025-06-14 06:53:56 - INFO - Attempt 1/10: Loading https://www.bybit.com/fiat/trade/otc?actionType=1&token=USDT&fiat=NGN
2025-06-14 06:54:04 - INFO - Screenshot saved as 'pb2b/screenshots/bybit_page_20250614_065404.png'
2025-06-14 06:54:05 - INFO - Fetching BUY listings for USDT/EUR
2025-06-14 06:54:05 - INFO - Data successfully saved to SQLite database. New listings - Bybit: 4, Binance: 6
2025-06-14 06:54:05 - INFO - Browser session closed
2025-06-14 06:54:05 - INFO - SQLite database connection closed
2025-06-14 07:17:30 - INFO - Logging initialized. Log file: pb2b/logs/bybit_scraper_20250614.log
2025-06-14 07:17:32 - INFO - DataSaver logging initialized. Log file: pb2b/logs/data_saver_20250614.log
2025-06-14 07:17:32 - INFO - Connected to SQLite database: pb2b/p2p_listings.db
2025-06-14 07:17:32 - INFO - Database tables created successfully
2025-06-14 07:17:32 - INFO - Attempt 1/10: Loading https://www.bybit.com/fiat/trade/otc?actionType=1&token=USDT&fiat=NGN
2025-06-14 07:17:41 - INFO - Screenshot saved as 'pb2b/screenshots/bybit_page_20250614_071740.png'
2025-06-14 07:17:41 - INFO - Fetching BUY listings for USDT/EUR
2025-06-14 07:17:42 - INFO - Data successfully saved to SQLite database. New listings - Bybit: 4, Binance: 6
2025-06-14 07:17:42 - INFO - Browser session closed
2025-06-14 07:17:42 - INFO - SQLite database connection closed
2025-06-14 07:34:40 - INFO - Logging initialized. Log file: pb2b/logs/bybit_scraper_20250614.log
2025-06-14 07:34:43 - INFO - DataSaver logging initialized. Log file: pb2b/logs/data_saver_20250614.log
2025-06-14 07:34:43 - INFO - Connected to SQLite database: pb2b/p2p_listings.db
2025-06-14 07:34:43 - INFO - Database tables created successfully
2025-06-14 07:34:43 - INFO - Attempt 1/10: Loading https://www.bybit.com/fiat/trade/otc?actionType=1&token=USDT&fiat=NGN
2025-06-14 07:34:51 - INFO - Screenshot saved as 'pb2b/screenshots/bybit_page_20250614_073450.png'
2025-06-14 07:34:51 - INFO - Fetching BUY listings for USDT/EUR
2025-06-14 07:34:51 - INFO - Data successfully saved to SQLite database. New listings - Bybit: 4, Binance: 6
2025-06-14 07:34:52 - INFO - Browser session closed
2025-06-14 07:34:52 - INFO - SQLite database connection closed
2025-06-14 07:47:10 - INFO - Logging initialized. Log file: pb2b/logs/bybit_scraper_20250614.log
2025-06-14 07:47:12 - INFO - DataSaver logging initialized. Log file: pb2b/logs/data_saver_20250614.log
2025-06-14 07:47:12 - INFO - Connected to SQLite database: pb2b/p2p_listings.db
2025-06-14 07:47:12 - INFO - Database tables created successfully
2025-06-14 07:47:12 - INFO - Attempt 1/10: Loading https://www.bybit.com/fiat/trade/otc?actionType=1&token=USDT&fiat=NGN
2025-06-14 07:47:22 - INFO - Screenshot saved as 'pb2b/screenshots/bybit_page_20250614_074721.png'
2025-06-14 07:47:22 - INFO - Fetching BUY listings for USDT/EUR
2025-06-14 07:47:23 - INFO - Data successfully saved to SQLite database. New listings - Bybit: 4, Binance: 6
2025-06-14 07:47:23 - INFO - Browser session closed
2025-06-14 07:47:23 - INFO - SQLite database connection closed
2025-06-14 08:00:36 - INFO - Logging initialized. Log file: pb2b/logs/bybit_scraper_20250614.log
2025-06-14 08:00:39 - INFO - DataSaver logging initialized. Log file: pb2b/logs/data_saver_20250614.log
2025-06-14 08:00:39 - INFO - Connected to SQLite database: pb2b/p2p_listings.db
2025-06-14 08:00:39 - INFO - Database tables created successfully
2025-06-14 08:00:39 - INFO - Attempt 1/10: Loading https://www.bybit.com/fiat/trade/otc?actionType=1&token=USDT&fiat=NGN
2025-06-14 08:00:46 - INFO - Screenshot saved as 'pb2b/screenshots/bybit_page_20250614_080046.png'
2025-06-14 08:00:47 - INFO - Fetching BUY listings for USDT/EUR
2025-06-14 08:00:47 - INFO - Data successfully saved to SQLite database. New listings - Bybit: 4, Binance: 6
2025-06-14 08:00:47 - INFO - Browser session closed
2025-06-14 08:00:47 - INFO - SQLite database connection closed
2025-06-14 08:36:32 - INFO - Logging initialized. Log file: pb2b/logs/bybit_scraper_20250614.log
2025-06-14 08:36:33 - INFO - DataSaver logging initialized. Log file: pb2b/logs/data_saver_20250614.log
2025-06-14 08:36:33 - INFO - Connected to SQLite database: pb2b/p2p_listings.db
2025-06-14 08:36:33 - INFO - Database tables created successfully
2025-06-14 08:36:33 - INFO - Attempt 1/10: Loading https://www.bybit.com/fiat/trade/otc?actionType=1&token=USDT&fiat=NGN
2025-06-14 08:36:42 - INFO - Screenshot saved as 'pb2b/screenshots/bybit_page_20250614_083642.png'
2025-06-14 08:36:42 - INFO - Fetching BUY listings for USDT/EUR
2025-06-14 08:36:43 - INFO - Data successfully saved to SQLite database. New listings - Bybit: 4, Binance: 6
2025-06-14 08:36:43 - INFO - Browser session closed
2025-06-14 08:36:43 - INFO - SQLite database connection closed
2025-06-14 08:54:26 - INFO - Logging initialized. Log file: pb2b/logs/bybit_scraper_20250614.log
2025-06-14 08:54:27 - INFO - DataSaver logging initialized. Log file: pb2b/logs/data_saver_20250614.log
2025-06-14 08:54:27 - INFO - Connected to SQLite database: pb2b/p2p_listings.db
2025-06-14 08:54:27 - INFO - Database tables created successfully
2025-06-14 08:54:27 - INFO - Attempt 1/10: Loading https://www.bybit.com/fiat/trade/otc?actionType=1&token=USDT&fiat=NGN
2025-06-14 08:54:36 - INFO - Screenshot saved as 'pb2b/screenshots/bybit_page_20250614_085436.png'
2025-06-14 08:54:37 - INFO - Fetching BUY listings for USDT/EUR
2025-06-14 08:54:37 - INFO - Data successfully saved to SQLite database. New listings - Bybit: 4, Binance: 6
2025-06-14 08:54:37 - INFO - Browser session closed
2025-06-14 08:54:37 - INFO - SQLite database connection closed
2025-06-14 09:20:32 - INFO - Logging initialized. Log file: pb2b/logs/bybit_scraper_20250614.log
2025-06-14 09:20:33 - INFO - DataSaver logging initialized. Log file: pb2b/logs/data_saver_20250614.log
2025-06-14 09:20:33 - INFO - Connected to SQLite database: pb2b/p2p_listings.db
2025-06-14 09:20:33 - INFO - Database tables created successfully
2025-06-14 09:20:33 - INFO - Attempt 1/10: Loading https://www.bybit.com/fiat/trade/otc?actionType=1&token=USDT&fiat=NGN
2025-06-14 09:20:43 - INFO - Screenshot saved as 'pb2b/screenshots/bybit_page_20250614_092042.png'
2025-06-14 09:20:43 - INFO - Fetching BUY listings for USDT/EUR
2025-06-14 09:20:44 - INFO - Data successfully saved to SQLite database. New listings - Bybit: 4, Binance: 6
2025-06-14 09:20:44 - INFO - Browser session closed
2025-06-14 09:20:44 - INFO - SQLite database connection closed
2025-06-14 09:41:59 - INFO - Logging initialized. Log file: pb2b/logs/bybit_scraper_20250614.log
2025-06-14 09:42:01 - INFO - DataSaver logging initialized. Log file: pb2b/logs/data_saver_20250614.log
2025-06-14 09:42:01 - INFO - Connected to SQLite database: pb2b/p2p_listings.db
2025-06-14 09:42:01 - INFO - Database tables created successfully
2025-06-14 09:42:01 - INFO - Attempt 1/10: Loading https://www.bybit.com/fiat/trade/otc?actionType=1&token=USDT&fiat=NGN
2025-06-14 09:42:09 - INFO - Screenshot saved as 'pb2b/screenshots/bybit_page_20250614_094209.png'
2025-06-14 09:42:09 - INFO - Fetching BUY listings for USDT/EUR
2025-06-14 09:42:10 - INFO - Data successfully saved to SQLite database. New listings - Bybit: 4, Binance: 6
2025-06-14 09:42:10 - INFO - Browser session closed
2025-06-14 09:42:10 - INFO - SQLite database connection closed
2025-06-14 09:54:25 - INFO - Logging initialized. Log file: pb2b/logs/bybit_scraper_20250614.log
2025-06-14 09:54:28 - INFO - DataSaver logging initialized. Log file: pb2b/logs/data_saver_20250614.log
2025-06-14 09:54:28 - INFO - Connected to SQLite database: pb2b/p2p_listings.db
2025-06-14 09:54:28 - INFO - Database tables created successfully
2025-06-14 09:54:28 - INFO - Attempt 1/10: Loading https://www.bybit.com/fiat/trade/otc?actionType=1&token=USDT&fiat=NGN
2025-06-14 09:54:36 - INFO - Screenshot saved as 'pb2b/screenshots/bybit_page_20250614_095436.png'
2025-06-14 09:54:37 - INFO - Fetching BUY listings for USDT/EUR
2025-06-14 09:54:38 - INFO - Data successfully saved to SQLite database. New listings - Bybit: 4, Binance: 6
2025-06-14 09:54:38 - INFO - Browser session closed
2025-06-14 09:54:38 - INFO - SQLite database connection closed
2025-06-14 10:21:17 - INFO - Logging initialized. Log file: pb2b/logs/bybit_scraper_20250614.log
2025-06-14 10:21:18 - INFO - DataSaver logging initialized. Log file: pb2b/logs/data_saver_20250614.log
2025-06-14 10:21:18 - INFO - Connected to SQLite database: pb2b/p2p_listings.db
2025-06-14 10:21:18 - INFO - Database tables created successfully
2025-06-14 10:21:18 - INFO - Attempt 1/10: Loading https://www.bybit.com/fiat/trade/otc?actionType=1&token=USDT&fiat=NGN
2025-06-14 10:21:28 - INFO - Screenshot saved as 'pb2b/screenshots/bybit_page_20250614_102128.png'
2025-06-14 10:21:29 - INFO - Fetching BUY listings for USDT/EUR
2025-06-14 10:21:29 - INFO - Data successfully saved to SQLite database. New listings - Bybit: 4, Binance: 6
2025-06-14 10:21:29 - INFO - Browser session closed
2025-06-14 10:21:29 - INFO - SQLite database connection closed
2025-06-14 10:42:18 - INFO - Logging initialized. Log file: pb2b/logs/bybit_scraper_20250614.log
2025-06-14 10:42:20 - INFO - DataSaver logging initialized. Log file: pb2b/logs/data_saver_20250614.log
2025-06-14 10:42:20 - INFO - Connected to SQLite database: pb2b/p2p_listings.db
2025-06-14 10:42:20 - INFO - Database tables created successfully
2025-06-14 10:42:20 - INFO - Attempt 1/10: Loading https://www.bybit.com/fiat/trade/otc?actionType=1&token=USDT&fiat=NGN
2025-06-14 10:42:29 - INFO - Screenshot saved as 'pb2b/screenshots/bybit_page_20250614_104229.png'
2025-06-14 10:42:30 - INFO - Fetching BUY listings for USDT/EUR
2025-06-14 10:42:30 - INFO - Data successfully saved to SQLite database. New listings - Bybit: 4, Binance: 6
2025-06-14 10:42:30 - INFO - Browser session closed
2025-06-14 10:42:30 - INFO - SQLite database connection closed
2025-06-14 10:55:23 - INFO - Logging initialized. Log file: pb2b/logs/bybit_scraper_20250614.log
2025-06-14 10:55:24 - INFO - DataSaver logging initialized. Log file: pb2b/logs/data_saver_20250614.log
2025-06-14 10:55:24 - INFO - Connected to SQLite database: pb2b/p2p_listings.db
2025-06-14 10:55:24 - INFO - Database tables created successfully
2025-06-14 10:55:24 - INFO - Attempt 1/10: Loading https://www.bybit.com/fiat/trade/otc?actionType=1&token=USDT&fiat=NGN
2025-06-14 10:55:35 - INFO - Screenshot saved as 'pb2b/screenshots/bybit_page_20250614_105535.png'
2025-06-14 10:55:36 - INFO - Fetching BUY listings for USDT/EUR
2025-06-14 10:55:37 - INFO - Data successfully saved to SQLite database. New listings - Bybit: 4, Binance: 6
2025-06-14 10:55:37 - INFO - Browser session closed
2025-06-14 10:55:37 - INFO - SQLite database connection closed
2025-06-14 11:18:39 - INFO - Logging initialized. Log file: pb2b/logs/bybit_scraper_20250614.log
2025-06-14 11:18:41 - INFO - DataSaver logging initialized. Log file: pb2b/logs/data_saver_20250614.log
2025-06-14 11:18:41 - INFO - Connected to SQLite database: pb2b/p2p_listings.db
2025-06-14 11:18:41 - INFO - Database tables created successfully
2025-06-14 11:18:41 - INFO - Attempt 1/10: Loading https://www.bybit.com/fiat/trade/otc?actionType=1&token=USDT&fiat=NGN
2025-06-14 11:18:49 - INFO - Screenshot saved as 'pb2b/screenshots/bybit_page_20250614_111849.png'
2025-06-14 11:18:49 - INFO - Fetching BUY listings for USDT/EUR
2025-06-14 11:18:50 - INFO - Data successfully saved to SQLite database. New listings - Bybit: 4, Binance: 6
2025-06-14 11:18:50 - INFO - Browser session closed
2025-06-14 11:18:50 - INFO - SQLite database connection closed
2025-06-14 11:32:38 - INFO - Logging initialized. Log file: pb2b/logs/bybit_scraper_20250614.log
2025-06-14 11:32:39 - INFO - DataSaver logging initialized. Log file: pb2b/logs/data_saver_20250614.log
2025-06-14 11:32:39 - INFO - Connected to SQLite database: pb2b/p2p_listings.db
2025-06-14 11:32:39 - INFO - Database tables created successfully
2025-06-14 11:32:39 - INFO - Attempt 1/10: Loading https://www.bybit.com/fiat/trade/otc?actionType=1&token=USDT&fiat=NGN
2025-06-14 11:32:47 - INFO - Screenshot saved as 'pb2b/screenshots/bybit_page_20250614_113247.png'
2025-06-14 11:32:47 - INFO - Fetching BUY listings for USDT/EUR
2025-06-14 11:32:48 - INFO - Data successfully saved to SQLite database. New listings - Bybit: 4, Binance: 6
2025-06-14 11:32:48 - INFO - Browser session closed
2025-06-14 11:32:48 - INFO - SQLite database connection closed
2025-06-14 11:45:55 - INFO - Logging initialized. Log file: pb2b/logs/bybit_scraper_20250614.log
2025-06-14 11:45:56 - INFO - DataSaver logging initialized. Log file: pb2b/logs/data_saver_20250614.log
2025-06-14 11:45:56 - INFO - Connected to SQLite database: pb2b/p2p_listings.db
2025-06-14 11:45:56 - INFO - Database tables created successfully
2025-06-14 11:45:56 - INFO - Attempt 1/10: Loading https://www.bybit.com/fiat/trade/otc?actionType=1&token=USDT&fiat=NGN
2025-06-14 11:46:05 - INFO - Screenshot saved as 'pb2b/screenshots/bybit_page_20250614_114605.png'
2025-06-14 11:46:05 - INFO - Fetching BUY listings for USDT/EUR
2025-06-14 11:46:06 - INFO - Data successfully saved to SQLite database. New listings - Bybit: 4, Binance: 6
2025-06-14 11:46:06 - INFO - Browser session closed
2025-06-14 11:46:06 - INFO - SQLite database connection closed
2025-06-14 12:01:08 - INFO - Logging initialized. Log file: pb2b/logs/bybit_scraper_20250614.log
2025-06-14 12:01:10 - INFO - DataSaver logging initialized. Log file: pb2b/logs/data_saver_20250614.log
2025-06-14 12:01:10 - INFO - Connected to SQLite database: pb2b/p2p_listings.db
2025-06-14 12:01:10 - INFO - Database tables created successfully
2025-06-14 12:01:10 - INFO - Attempt 1/10: Loading https://www.bybit.com/fiat/trade/otc?actionType=1&token=USDT&fiat=NGN
2025-06-14 12:01:20 - INFO - Screenshot saved as 'pb2b/screenshots/bybit_page_20250614_120120.png'
2025-06-14 12:01:21 - INFO - Fetching BUY listings for USDT/EUR
2025-06-14 12:01:21 - INFO - Data successfully saved to SQLite database. New listings - Bybit: 4, Binance: 6
2025-06-14 12:01:21 - INFO - Browser session closed
2025-06-14 12:01:21 - INFO - SQLite database connection closed
2025-06-14 12:53:47 - INFO - Logging initialized. Log file: pb2b/logs/bybit_scraper_20250614.log
2025-06-14 12:53:48 - INFO - DataSaver logging initialized. Log file: pb2b/logs/data_saver_20250614.log
2025-06-14 12:53:48 - INFO - Connected to SQLite database: pb2b/p2p_listings.db
2025-06-14 12:53:48 - INFO - Database tables created successfully
2025-06-14 12:53:48 - INFO - Attempt 1/10: Loading https://www.bybit.com/fiat/trade/otc?actionType=1&token=USDT&fiat=NGN
2025-06-14 12:53:58 - INFO - Screenshot saved as 'pb2b/screenshots/bybit_page_20250614_125358.png'
2025-06-14 12:53:59 - INFO - Fetching BUY listings for USDT/EUR
2025-06-14 12:53:59 - INFO - Data successfully saved to SQLite database. New listings - Bybit: 4, Binance: 6
2025-06-14 12:53:59 - INFO - Browser session closed
2025-06-14 12:53:59 - INFO - SQLite database connection closed
2025-06-14 13:26:01 - INFO - Logging initialized. Log file: pb2b/logs/bybit_scraper_20250614.log
2025-06-14 13:26:02 - INFO - DataSaver logging initialized. Log file: pb2b/logs/data_saver_20250614.log
2025-06-14 13:26:02 - INFO - Connected to SQLite database: pb2b/p2p_listings.db
2025-06-14 13:26:02 - INFO - Database tables created successfully
2025-06-14 13:26:02 - INFO - Attempt 1/10: Loading https://www.bybit.com/fiat/trade/otc?actionType=1&token=USDT&fiat=NGN
2025-06-14 13:26:11 - INFO - Screenshot saved as 'pb2b/screenshots/bybit_page_20250614_132611.png'
2025-06-14 13:26:12 - INFO - Fetching BUY listings for USDT/EUR
2025-06-14 13:26:12 - INFO - Data successfully saved to SQLite database. New listings - Bybit: 4, Binance: 6
2025-06-14 13:26:13 - INFO - Browser session closed
2025-06-14 13:26:13 - INFO - SQLite database connection closed
2025-06-14 13:46:26 - INFO - Logging initialized. Log file: pb2b/logs/bybit_scraper_20250614.log
2025-06-14 13:46:31 - INFO - DataSaver logging initialized. Log file: pb2b/logs/data_saver_20250614.log
2025-06-14 13:46:31 - INFO - Connected to SQLite database: pb2b/p2p_listings.db
2025-06-14 13:46:31 - INFO - Database tables created successfully
2025-06-14 13:46:31 - INFO - Attempt 1/10: Loading https://www.bybit.com/fiat/trade/otc?actionType=1&token=USDT&fiat=NGN
2025-06-14 13:46:42 - INFO - Screenshot saved as 'pb2b/screenshots/bybit_page_20250614_134642.png'
2025-06-14 13:46:42 - INFO - Fetching BUY listings for USDT/EUR
2025-06-14 13:46:43 - INFO - Data successfully saved to SQLite database. New listings - Bybit: 4, Binance: 6
2025-06-14 13:46:43 - INFO - Browser session closed
2025-06-14 13:46:43 - INFO - SQLite database connection closed
2025-06-14 13:58:05 - INFO - Logging initialized. Log file: pb2b/logs/bybit_scraper_20250614.log
2025-06-14 13:58:06 - INFO - DataSaver logging initialized. Log file: pb2b/logs/data_saver_20250614.log
2025-06-14 13:58:06 - INFO - Connected to SQLite database: pb2b/p2p_listings.db
2025-06-14 13:58:06 - INFO - Database tables created successfully
2025-06-14 13:58:06 - INFO - Attempt 1/10: Loading https://www.bybit.com/fiat/trade/otc?actionType=1&token=USDT&fiat=NGN
2025-06-14 13:58:17 - INFO - Screenshot saved as 'pb2b/screenshots/bybit_page_20250614_135817.png'
2025-06-14 13:58:17 - INFO - Fetching BUY listings for USDT/EUR
2025-06-14 13:58:18 - INFO - Data successfully saved to SQLite database. New listings - Bybit: 4, Binance: 6
2025-06-14 13:58:18 - INFO - Browser session closed
2025-06-14 13:58:18 - INFO - SQLite database connection closed
2025-06-14 14:29:41 - INFO - Logging initialized. Log file: pb2b/logs/bybit_scraper_20250614.log
2025-06-14 14:29:44 - INFO - DataSaver logging initialized. Log file: pb2b/logs/data_saver_20250614.log
2025-06-14 14:29:44 - INFO - Connected to SQLite database: pb2b/p2p_listings.db
2025-06-14 14:29:44 - INFO - Database tables created successfully
2025-06-14 14:29:44 - INFO - Attempt 1/10: Loading https://www.bybit.com/fiat/trade/otc?actionType=1&token=USDT&fiat=NGN
2025-06-14 14:29:55 - INFO - Screenshot saved as 'pb2b/screenshots/bybit_page_20250614_142954.png'
2025-06-14 14:29:55 - INFO - Fetching BUY listings for USDT/EUR
2025-06-14 14:29:56 - INFO - Data successfully saved to SQLite database. New listings - Bybit: 4, Binance: 6
2025-06-14 14:29:56 - INFO - Browser session closed
2025-06-14 14:29:56 - INFO - SQLite database connection closed
