2025-11-05 02:00:53 - INFO - Logging initialized. Log file: pb2b/logs/bybit_scraper_20251105.log
2025-11-05 02:01:05 - INFO - DataSaver logging initialized. Log file: pb2b/logs/data_saver_20251105.log
2025-11-05 02:01:05 - INFO - Connected to SQLite database: pb2b/p2p_listings.db
2025-11-05 02:01:05 - INFO - Database tables created successfully
2025-11-05 02:01:05 - INFO - Attempt 1/10: Loading https://www.bybit.com/fiat/trade/otc?actionType=1&token=USDT&fiat=NGN
2025-11-05 02:01:16 - INFO - Screenshot saved as 'pb2b/screenshots/bybit_page_20251105_020116.png'
2025-11-05 02:01:17 - INFO - Fetching BUY listings for USDT/EUR
2025-11-05 02:01:17 - INFO - Data successfully saved to SQLite database. New listings - Bybit: 4, Binance: 6
2025-11-05 02:01:18 - INFO - Browser session closed
2025-11-05 02:01:18 - INFO - SQLite database connection closed
2025-11-05 03:20:40 - INFO - Logging initialized. Log file: pb2b/logs/bybit_scraper_20251105.log
2025-11-05 03:20:48 - INFO - DataSaver logging initialized. Log file: pb2b/logs/data_saver_20251105.log
2025-11-05 03:20:48 - INFO - Connected to SQLite database: pb2b/p2p_listings.db
2025-11-05 03:20:48 - INFO - Database tables created successfully
2025-11-05 03:20:48 - INFO - Attempt 1/10: Loading https://www.bybit.com/fiat/trade/otc?actionType=1&token=USDT&fiat=NGN
2025-11-05 03:21:00 - INFO - Screenshot saved as 'pb2b/screenshots/bybit_page_20251105_032100.png'
2025-11-05 03:21:00 - INFO - Fetching BUY listings for USDT/EUR
2025-11-05 03:21:01 - INFO - Data successfully saved to SQLite database. New listings - Bybit: 4, Binance: 6
2025-11-05 03:21:01 - INFO - Browser session closed
2025-11-05 03:21:01 - INFO - SQLite database connection closed
2025-11-05 03:56:16 - INFO - Logging initialized. Log file: pb2b/logs/bybit_scraper_20251105.log
2025-11-05 03:56:21 - INFO - DataSaver logging initialized. Log file: pb2b/logs/data_saver_20251105.log
2025-11-05 03:56:21 - INFO - Connected to SQLite database: pb2b/p2p_listings.db
2025-11-05 03:56:21 - INFO - Database tables created successfully
2025-11-05 03:56:21 - INFO - Attempt 1/10: Loading https://www.bybit.com/fiat/trade/otc?actionType=1&token=USDT&fiat=NGN
2025-11-05 03:56:32 - INFO - Screenshot saved as 'pb2b/screenshots/bybit_page_20251105_035632.png'
2025-11-05 03:56:33 - INFO - Fetching BUY listings for USDT/EUR
2025-11-05 03:56:34 - INFO - Data successfully saved to SQLite database. New listings - Bybit: 4, Binance: 6
2025-11-05 03:56:34 - INFO - Browser session closed
2025-11-05 03:56:34 - INFO - SQLite database connection closed
2025-11-05 04:27:47 - INFO - Logging initialized. Log file: pb2b/logs/bybit_scraper_20251105.log
2025-11-05 04:27:52 - INFO - DataSaver logging initialized. Log file: pb2b/logs/data_saver_20251105.log
2025-11-05 04:27:52 - INFO - Connected to SQLite database: pb2b/p2p_listings.db
2025-11-05 04:27:52 - INFO - Database tables created successfully
2025-11-05 04:27:52 - INFO - Attempt 1/10: Loading https://www.bybit.com/fiat/trade/otc?actionType=1&token=USDT&fiat=NGN
2025-11-05 04:28:03 - INFO - Screenshot saved as 'pb2b/screenshots/bybit_page_20251105_042803.png'
2025-11-05 04:28:04 - INFO - Fetching BUY listings for USDT/EUR
2025-11-05 04:28:05 - INFO - Data successfully saved to SQLite database. New listings - Bybit: 4, Binance: 6
2025-11-05 04:28:05 - INFO - Browser session closed
2025-11-05 04:28:05 - INFO - SQLite database connection closed
2025-11-05 04:48:43 - INFO - Logging initialized. Log file: pb2b/logs/bybit_scraper_20251105.log
2025-11-05 04:48:49 - INFO - DataSaver logging initialized. Log file: pb2b/logs/data_saver_20251105.log
2025-11-05 04:48:49 - INFO - Connected to SQLite database: pb2b/p2p_listings.db
2025-11-05 04:48:49 - INFO - Database tables created successfully
2025-11-05 04:48:49 - INFO - Attempt 1/10: Loading https://www.bybit.com/fiat/trade/otc?actionType=1&token=USDT&fiat=NGN
2025-11-05 04:49:00 - INFO - Screenshot saved as 'pb2b/screenshots/bybit_page_20251105_044900.png'
2025-11-05 04:49:00 - INFO - Fetching BUY listings for USDT/EUR
2025-11-05 04:49:01 - INFO - Data successfully saved to SQLite database. New listings - Bybit: 4, Binance: 6
2025-11-05 04:49:02 - INFO - Browser session closed
2025-11-05 04:49:02 - INFO - SQLite database connection closed
2025-11-05 05:01:40 - INFO - Logging initialized. Log file: pb2b/logs/bybit_scraper_20251105.log
2025-11-05 05:01:45 - INFO - DataSaver logging initialized. Log file: pb2b/logs/data_saver_20251105.log
2025-11-05 05:01:45 - INFO - Connected to SQLite database: pb2b/p2p_listings.db
2025-11-05 05:01:45 - INFO - Database tables created successfully
2025-11-05 05:01:45 - INFO - Attempt 1/10: Loading https://www.bybit.com/fiat/trade/otc?actionType=1&token=USDT&fiat=NGN
2025-11-05 05:01:55 - INFO - Screenshot saved as 'pb2b/screenshots/bybit_page_20251105_050155.png'
2025-11-05 05:01:56 - INFO - Fetching BUY listings for USDT/EUR
2025-11-05 05:01:56 - INFO - Data successfully saved to SQLite database. New listings - Bybit: 4, Binance: 6
2025-11-05 05:01:57 - INFO - Browser session closed
2025-11-05 05:01:57 - INFO - SQLite database connection closed
2025-11-05 05:32:57 - INFO - Logging initialized. Log file: pb2b/logs/bybit_scraper_20251105.log
2025-11-05 05:33:03 - INFO - DataSaver logging initialized. Log file: pb2b/logs/data_saver_20251105.log
2025-11-05 05:33:03 - INFO - Connected to SQLite database: pb2b/p2p_listings.db
2025-11-05 05:33:03 - INFO - Database tables created successfully
2025-11-05 05:33:03 - INFO - Attempt 1/10: Loading https://www.bybit.com/fiat/trade/otc?actionType=1&token=USDT&fiat=NGN
2025-11-05 05:33:14 - INFO - Screenshot saved as 'pb2b/screenshots/bybit_page_20251105_053314.png'
2025-11-05 05:33:15 - INFO - Fetching BUY listings for USDT/EUR
2025-11-05 05:33:15 - INFO - Data successfully saved to SQLite database. New listings - Bybit: 4, Binance: 6
2025-11-05 05:33:15 - INFO - Browser session closed
2025-11-05 05:33:15 - INFO - SQLite database connection closed
2025-11-05 05:49:55 - INFO - Logging initialized. Log file: pb2b/logs/bybit_scraper_20251105.log
2025-11-05 05:50:05 - INFO - DataSaver logging initialized. Log file: pb2b/logs/data_saver_20251105.log
2025-11-05 05:50:05 - INFO - Connected to SQLite database: pb2b/p2p_listings.db
2025-11-05 05:50:05 - INFO - Database tables created successfully
2025-11-05 05:50:05 - INFO - Attempt 1/10: Loading https://www.bybit.com/fiat/trade/otc?actionType=1&token=USDT&fiat=NGN
2025-11-05 05:50:15 - INFO - Screenshot saved as 'pb2b/screenshots/bybit_page_20251105_055015.png'
2025-11-05 05:50:15 - INFO - Fetching BUY listings for USDT/EUR
2025-11-05 05:50:16 - INFO - Data successfully saved to SQLite database. New listings - Bybit: 4, Binance: 6
2025-11-05 05:50:16 - INFO - Browser session closed
2025-11-05 05:50:16 - INFO - SQLite database connection closed
2025-11-05 06:02:26 - INFO - Logging initialized. Log file: pb2b/logs/bybit_scraper_20251105.log
2025-11-05 06:02:33 - INFO - DataSaver logging initialized. Log file: pb2b/logs/data_saver_20251105.log
2025-11-05 06:02:33 - INFO - Connected to SQLite database: pb2b/p2p_listings.db
2025-11-05 06:02:33 - INFO - Database tables created successfully
2025-11-05 06:02:33 - INFO - Attempt 1/10: Loading https://www.bybit.com/fiat/trade/otc?actionType=1&token=USDT&fiat=NGN
2025-11-05 06:02:43 - INFO - Screenshot saved as 'pb2b/screenshots/bybit_page_20251105_060243.png'
2025-11-05 06:02:43 - INFO - Fetching BUY listings for USDT/EUR
2025-11-05 06:02:44 - INFO - Data successfully saved to SQLite database. New listings - Bybit: 4, Binance: 6
2025-11-05 06:02:44 - INFO - Browser session closed
2025-11-05 06:02:44 - INFO - SQLite database connection closed
2025-11-05 06:44:25 - INFO - Logging initialized. Log file: pb2b/logs/bybit_scraper_20251105.log
2025-11-05 06:44:31 - INFO - DataSaver logging initialized. Log file: pb2b/logs/data_saver_20251105.log
2025-11-05 06:44:31 - INFO - Connected to SQLite database: pb2b/p2p_listings.db
2025-11-05 06:44:31 - INFO - Database tables created successfully
2025-11-05 06:44:31 - INFO - Attempt 1/10: Loading https://www.bybit.com/fiat/trade/otc?actionType=1&token=USDT&fiat=NGN
2025-11-05 06:44:43 - INFO - Screenshot saved as 'pb2b/screenshots/bybit_page_20251105_064443.png'
2025-11-05 06:44:44 - INFO - Fetching BUY listings for USDT/EUR
2025-11-05 06:44:44 - INFO - Data successfully saved to SQLite database. New listings - Bybit: 4, Binance: 6
2025-11-05 06:44:45 - INFO - Browser session closed
2025-11-05 06:44:45 - INFO - SQLite database connection closed
2025-11-05 07:01:15 - INFO - Logging initialized. Log file: pb2b/logs/bybit_scraper_20251105.log
2025-11-05 07:01:23 - INFO - DataSaver logging initialized. Log file: pb2b/logs/data_saver_20251105.log
2025-11-05 07:01:23 - INFO - Connected to SQLite database: pb2b/p2p_listings.db
2025-11-05 07:01:23 - INFO - Database tables created successfully
2025-11-05 07:01:23 - INFO - Attempt 1/10: Loading https://www.bybit.com/fiat/trade/otc?actionType=1&token=USDT&fiat=NGN
2025-11-05 07:01:33 - INFO - Screenshot saved as 'pb2b/screenshots/bybit_page_20251105_070133.png'
2025-11-05 07:01:33 - INFO - Fetching BUY listings for USDT/EUR
2025-11-05 07:01:34 - INFO - Data successfully saved to SQLite database. New listings - Bybit: 4, Binance: 6
2025-11-05 07:01:34 - INFO - Browser session closed
2025-11-05 07:01:34 - INFO - SQLite database connection closed
2025-11-05 07:30:06 - INFO - Logging initialized. Log file: pb2b/logs/bybit_scraper_20251105.log
2025-11-05 07:30:11 - INFO - DataSaver logging initialized. Log file: pb2b/logs/data_saver_20251105.log
2025-11-05 07:30:11 - INFO - Connected to SQLite database: pb2b/p2p_listings.db
2025-11-05 07:30:11 - INFO - Database tables created successfully
2025-11-05 07:30:11 - INFO - Attempt 1/10: Loading https://www.bybit.com/fiat/trade/otc?actionType=1&token=USDT&fiat=NGN
2025-11-05 07:30:21 - INFO - Screenshot saved as 'pb2b/screenshots/bybit_page_20251105_073021.png'
2025-11-05 07:30:22 - INFO - Fetching BUY listings for USDT/EUR
2025-11-05 07:30:23 - INFO - Data successfully saved to SQLite database. New listings - Bybit: 4, Binance: 6
2025-11-05 07:30:23 - INFO - Browser session closed
2025-11-05 07:30:23 - INFO - SQLite database connection closed
2025-11-05 07:46:23 - INFO - Logging initialized. Log file: pb2b/logs/bybit_scraper_20251105.log
2025-11-05 07:46:30 - INFO - DataSaver logging initialized. Log file: pb2b/logs/data_saver_20251105.log
2025-11-05 07:46:30 - INFO - Connected to SQLite database: pb2b/p2p_listings.db
2025-11-05 07:46:30 - INFO - Database tables created successfully
2025-11-05 07:46:30 - INFO - Attempt 1/10: Loading https://www.bybit.com/fiat/trade/otc?actionType=1&token=USDT&fiat=NGN
2025-11-05 07:46:43 - INFO - Screenshot saved as 'pb2b/screenshots/bybit_page_20251105_074643.png'
2025-11-05 07:46:43 - INFO - Fetching BUY listings for USDT/EUR
2025-11-05 07:46:44 - INFO - Data successfully saved to SQLite database. New listings - Bybit: 4, Binance: 6
2025-11-05 07:46:44 - INFO - Browser session closed
2025-11-05 07:46:44 - INFO - SQLite database connection closed
2025-11-05 07:59:33 - INFO - Logging initialized. Log file: pb2b/logs/bybit_scraper_20251105.log
2025-11-05 07:59:35 - INFO - DataSaver logging initialized. Log file: pb2b/logs/data_saver_20251105.log
2025-11-05 07:59:35 - INFO - Connected to SQLite database: pb2b/p2p_listings.db
2025-11-05 07:59:35 - INFO - Database tables created successfully
2025-11-05 07:59:35 - INFO - Attempt 1/10: Loading https://www.bybit.com/fiat/trade/otc?actionType=1&token=USDT&fiat=NGN
2025-11-05 07:59:44 - INFO - Screenshot saved as 'pb2b/screenshots/bybit_page_20251105_075944.png'
2025-11-05 07:59:45 - INFO - Fetching BUY listings for USDT/EUR
2025-11-05 07:59:45 - INFO - Data successfully saved to SQLite database. New listings - Bybit: 4, Binance: 6
2025-11-05 07:59:46 - INFO - Browser session closed
2025-11-05 07:59:46 - INFO - SQLite database connection closed
2025-11-05 08:39:46 - INFO - Logging initialized. Log file: pb2b/logs/bybit_scraper_20251105.log
2025-11-05 08:39:52 - INFO - DataSaver logging initialized. Log file: pb2b/logs/data_saver_20251105.log
2025-11-05 08:39:52 - INFO - Connected to SQLite database: pb2b/p2p_listings.db
2025-11-05 08:39:52 - INFO - Database tables created successfully
2025-11-05 08:39:52 - INFO - Attempt 1/10: Loading https://www.bybit.com/fiat/trade/otc?actionType=1&token=USDT&fiat=NGN
2025-11-05 08:40:05 - INFO - Screenshot saved as 'pb2b/screenshots/bybit_page_20251105_084005.png'
2025-11-05 08:40:05 - INFO - Fetching BUY listings for USDT/EUR
2025-11-05 08:40:06 - INFO - Data successfully saved to SQLite database. New listings - Bybit: 4, Binance: 6
2025-11-05 08:40:06 - INFO - Browser session closed
2025-11-05 08:40:06 - INFO - SQLite database connection closed
2025-11-05 09:00:11 - INFO - Logging initialized. Log file: pb2b/logs/bybit_scraper_20251105.log
2025-11-05 09:00:18 - INFO - DataSaver logging initialized. Log file: pb2b/logs/data_saver_20251105.log
2025-11-05 09:00:18 - INFO - Connected to SQLite database: pb2b/p2p_listings.db
2025-11-05 09:00:18 - INFO - Database tables created successfully
2025-11-05 09:00:18 - INFO - Attempt 1/10: Loading https://www.bybit.com/fiat/trade/otc?actionType=1&token=USDT&fiat=NGN
2025-11-05 09:00:30 - INFO - Screenshot saved as 'pb2b/screenshots/bybit_page_20251105_090029.png'
2025-11-05 09:00:30 - INFO - Fetching BUY listings for USDT/EUR
2025-11-05 09:00:31 - INFO - Data successfully saved to SQLite database. New listings - Bybit: 4, Binance: 6
2025-11-05 09:00:31 - INFO - Browser session closed
2025-11-05 09:00:31 - INFO - SQLite database connection closed
2025-11-05 09:34:43 - INFO - Logging initialized. Log file: pb2b/logs/bybit_scraper_20251105.log
2025-11-05 09:34:50 - INFO - DataSaver logging initialized. Log file: pb2b/logs/data_saver_20251105.log
2025-11-05 09:34:50 - INFO - Connected to SQLite database: pb2b/p2p_listings.db
2025-11-05 09:34:50 - INFO - Database tables created successfully
2025-11-05 09:34:50 - INFO - Attempt 1/10: Loading https://www.bybit.com/fiat/trade/otc?actionType=1&token=USDT&fiat=NGN
2025-11-05 09:35:02 - INFO - Screenshot saved as 'pb2b/screenshots/bybit_page_20251105_093501.png'
2025-11-05 09:35:02 - INFO - Fetching BUY listings for USDT/EUR
2025-11-05 09:35:02 - INFO - Data successfully saved to SQLite database. New listings - Bybit: 4, Binance: 6
2025-11-05 09:35:03 - INFO - Browser session closed
2025-11-05 09:35:03 - INFO - SQLite database connection closed
2025-11-05 09:52:22 - INFO - Logging initialized. Log file: pb2b/logs/bybit_scraper_20251105.log
2025-11-05 09:52:28 - INFO - DataSaver logging initialized. Log file: pb2b/logs/data_saver_20251105.log
2025-11-05 09:52:28 - INFO - Connected to SQLite database: pb2b/p2p_listings.db
2025-11-05 09:52:28 - INFO - Database tables created successfully
2025-11-05 09:52:28 - INFO - Attempt 1/10: Loading https://www.bybit.com/fiat/trade/otc?actionType=1&token=USDT&fiat=NGN
2025-11-05 09:52:39 - INFO - Screenshot saved as 'pb2b/screenshots/bybit_page_20251105_095239.png'
2025-11-05 09:52:39 - INFO - Fetching BUY listings for USDT/EUR
2025-11-05 09:52:40 - INFO - Data successfully saved to SQLite database. New listings - Bybit: 4, Binance: 6
2025-11-05 09:52:40 - INFO - Browser session closed
2025-11-05 09:52:40 - INFO - SQLite database connection closed
2025-11-05 10:16:36 - INFO - Logging initialized. Log file: pb2b/logs/bybit_scraper_20251105.log
2025-11-05 10:16:45 - INFO - DataSaver logging initialized. Log file: pb2b/logs/data_saver_20251105.log
2025-11-05 10:16:45 - INFO - Connected to SQLite database: pb2b/p2p_listings.db
2025-11-05 10:16:45 - INFO - Database tables created successfully
2025-11-05 10:16:45 - INFO - Attempt 1/10: Loading https://www.bybit.com/fiat/trade/otc?actionType=1&token=USDT&fiat=NGN
2025-11-05 10:16:58 - INFO - Screenshot saved as 'pb2b/screenshots/bybit_page_20251105_101658.png'
2025-11-05 10:16:58 - INFO - Fetching BUY listings for USDT/EUR
2025-11-05 10:16:59 - INFO - Data successfully saved to SQLite database. New listings - Bybit: 4, Binance: 6
2025-11-05 10:16:59 - INFO - Browser session closed
2025-11-05 10:16:59 - INFO - SQLite database connection closed
2025-11-05 10:44:48 - INFO - Logging initialized. Log file: pb2b/logs/bybit_scraper_20251105.log
2025-11-05 10:44:56 - INFO - DataSaver logging initialized. Log file: pb2b/logs/data_saver_20251105.log
2025-11-05 10:44:56 - INFO - Connected to SQLite database: pb2b/p2p_listings.db
2025-11-05 10:44:56 - INFO - Database tables created successfully
2025-11-05 10:44:56 - INFO - Attempt 1/10: Loading https://www.bybit.com/fiat/trade/otc?actionType=1&token=USDT&fiat=NGN
2025-11-05 10:45:07 - INFO - Screenshot saved as 'pb2b/screenshots/bybit_page_20251105_104507.png'
2025-11-05 10:45:07 - INFO - Fetching BUY listings for USDT/EUR
2025-11-05 10:45:08 - INFO - Data successfully saved to SQLite database. New listings - Bybit: 4, Binance: 6
2025-11-05 10:45:08 - INFO - Browser session closed
2025-11-05 10:45:08 - INFO - SQLite database connection closed
2025-11-05 10:58:47 - INFO - Logging initialized. Log file: pb2b/logs/bybit_scraper_20251105.log
2025-11-05 10:58:54 - INFO - DataSaver logging initialized. Log file: pb2b/logs/data_saver_20251105.log
2025-11-05 10:58:54 - INFO - Connected to SQLite database: pb2b/p2p_listings.db
2025-11-05 10:58:54 - INFO - Database tables created successfully
2025-11-05 10:58:54 - INFO - Attempt 1/10: Loading https://www.bybit.com/fiat/trade/otc?actionType=1&token=USDT&fiat=NGN
2025-11-05 10:59:04 - INFO - Screenshot saved as 'pb2b/screenshots/bybit_page_20251105_105904.png'
2025-11-05 10:59:05 - INFO - Fetching BUY listings for USDT/EUR
2025-11-05 10:59:05 - INFO - Data successfully saved to SQLite database. New listings - Bybit: 4, Binance: 6
2025-11-05 10:59:05 - INFO - Browser session closed
2025-11-05 10:59:05 - INFO - SQLite database connection closed
2025-11-05 11:25:38 - INFO - Logging initialized. Log file: pb2b/logs/bybit_scraper_20251105.log
2025-11-05 11:25:45 - INFO - DataSaver logging initialized. Log file: pb2b/logs/data_saver_20251105.log
2025-11-05 11:25:45 - INFO - Connected to SQLite database: pb2b/p2p_listings.db
2025-11-05 11:25:45 - INFO - Database tables created successfully
2025-11-05 11:25:45 - INFO - Attempt 1/10: Loading https://www.bybit.com/fiat/trade/otc?actionType=1&token=USDT&fiat=NGN
2025-11-05 11:25:56 - INFO - Screenshot saved as 'pb2b/screenshots/bybit_page_20251105_112556.png'
2025-11-05 11:25:57 - INFO - Fetching BUY listings for USDT/EUR
2025-11-05 11:25:58 - INFO - Data successfully saved to SQLite database. New listings - Bybit: 4, Binance: 6
2025-11-05 11:25:58 - INFO - Browser session closed
2025-11-05 11:25:58 - INFO - SQLite database connection closed
2025-11-05 11:41:51 - INFO - Logging initialized. Log file: pb2b/logs/bybit_scraper_20251105.log
2025-11-05 11:41:55 - INFO - DataSaver logging initialized. Log file: pb2b/logs/data_saver_20251105.log
2025-11-05 11:41:55 - INFO - Connected to SQLite database: pb2b/p2p_listings.db
2025-11-05 11:41:55 - INFO - Database tables created successfully
2025-11-05 11:41:55 - INFO - Attempt 1/10: Loading https://www.bybit.com/fiat/trade/otc?actionType=1&token=USDT&fiat=NGN
2025-11-05 11:42:06 - INFO - Screenshot saved as 'pb2b/screenshots/bybit_page_20251105_114206.png'
2025-11-05 11:42:07 - INFO - Fetching BUY listings for USDT/EUR
2025-11-05 11:42:08 - INFO - Data successfully saved to SQLite database. New listings - Bybit: 4, Binance: 6
2025-11-05 11:42:08 - INFO - Browser session closed
2025-11-05 11:42:08 - INFO - SQLite database connection closed
2025-11-05 11:54:57 - INFO - Logging initialized. Log file: pb2b/logs/bybit_scraper_20251105.log
2025-11-05 11:54:58 - INFO - DataSaver logging initialized. Log file: pb2b/logs/data_saver_20251105.log
2025-11-05 11:54:58 - INFO - Connected to SQLite database: pb2b/p2p_listings.db
2025-11-05 11:54:58 - INFO - Database tables created successfully
2025-11-05 11:54:58 - INFO - Attempt 1/10: Loading https://www.bybit.com/fiat/trade/otc?actionType=1&token=USDT&fiat=NGN
2025-11-05 11:55:11 - INFO - Screenshot saved as 'pb2b/screenshots/bybit_page_20251105_115510.png'
2025-11-05 11:55:11 - INFO - Fetching BUY listings for USDT/EUR
2025-11-05 11:55:12 - INFO - Data successfully saved to SQLite database. New listings - Bybit: 4, Binance: 6
2025-11-05 11:55:12 - INFO - Browser session closed
2025-11-05 11:55:12 - INFO - SQLite database connection closed
2025-11-05 12:39:38 - INFO - Logging initialized. Log file: pb2b/logs/bybit_scraper_20251105.log
2025-11-05 12:39:44 - INFO - DataSaver logging initialized. Log file: pb2b/logs/data_saver_20251105.log
2025-11-05 12:39:44 - INFO - Connected to SQLite database: pb2b/p2p_listings.db
2025-11-05 12:39:44 - INFO - Database tables created successfully
2025-11-05 12:39:44 - INFO - Attempt 1/10: Loading https://www.bybit.com/fiat/trade/otc?actionType=1&token=USDT&fiat=NGN
2025-11-05 12:39:55 - INFO - Screenshot saved as 'pb2b/screenshots/bybit_page_20251105_123955.png'
2025-11-05 12:39:56 - INFO - Fetching BUY listings for USDT/EUR
2025-11-05 12:39:56 - INFO - Data successfully saved to SQLite database. New listings - Bybit: 4, Binance: 6
2025-11-05 12:39:57 - INFO - Browser session closed
2025-11-05 12:39:57 - INFO - SQLite database connection closed
2025-11-05 13:23:47 - INFO - Logging initialized. Log file: pb2b/logs/bybit_scraper_20251105.log
2025-11-05 13:23:52 - INFO - DataSaver logging initialized. Log file: pb2b/logs/data_saver_20251105.log
2025-11-05 13:23:52 - INFO - Connected to SQLite database: pb2b/p2p_listings.db
2025-11-05 13:23:52 - INFO - Database tables created successfully
2025-11-05 13:23:52 - INFO - Attempt 1/10: Loading https://www.bybit.com/fiat/trade/otc?actionType=1&token=USDT&fiat=NGN
2025-11-05 13:24:03 - INFO - Screenshot saved as 'pb2b/screenshots/bybit_page_20251105_132403.png'
2025-11-05 13:24:04 - INFO - Fetching BUY listings for USDT/EUR
2025-11-05 13:24:04 - INFO - Data successfully saved to SQLite database. New listings - Bybit: 4, Binance: 6
2025-11-05 13:24:04 - INFO - Browser session closed
2025-11-05 13:24:04 - INFO - SQLite database connection closed
2025-11-05 13:51:13 - INFO - Logging initialized. Log file: pb2b/logs/bybit_scraper_20251105.log
2025-11-05 13:51:19 - INFO - DataSaver logging initialized. Log file: pb2b/logs/data_saver_20251105.log
2025-11-05 13:51:19 - INFO - Connected to SQLite database: pb2b/p2p_listings.db
2025-11-05 13:51:19 - INFO - Database tables created successfully
2025-11-05 13:51:19 - INFO - Attempt 1/10: Loading https://www.bybit.com/fiat/trade/otc?actionType=1&token=USDT&fiat=NGN
2025-11-05 13:51:30 - INFO - Screenshot saved as 'pb2b/screenshots/bybit_page_20251105_135130.png'
2025-11-05 13:51:30 - INFO - Fetching BUY listings for USDT/EUR
2025-11-05 13:51:31 - INFO - Data successfully saved to SQLite database. New listings - Bybit: 4, Binance: 6
2025-11-05 13:51:31 - INFO - Browser session closed
2025-11-05 13:51:31 - INFO - SQLite database connection closed
2025-11-05 14:12:23 - INFO - Logging initialized. Log file: pb2b/logs/bybit_scraper_20251105.log
2025-11-05 14:12:29 - INFO - DataSaver logging initialized. Log file: pb2b/logs/data_saver_20251105.log
2025-11-05 14:12:29 - INFO - Connected to SQLite database: pb2b/p2p_listings.db
2025-11-05 14:12:29 - INFO - Database tables created successfully
2025-11-05 14:12:29 - INFO - Attempt 1/10: Loading https://www.bybit.com/fiat/trade/otc?actionType=1&token=USDT&fiat=NGN
2025-11-05 14:12:41 - INFO - Screenshot saved as 'pb2b/screenshots/bybit_page_20251105_141241.png'
2025-11-05 14:12:42 - INFO - Fetching BUY listings for USDT/EUR
2025-11-05 14:12:43 - INFO - Data successfully saved to SQLite database. New listings - Bybit: 4, Binance: 6
2025-11-05 14:12:43 - INFO - Browser session closed
2025-11-05 14:12:43 - INFO - SQLite database connection closed
2025-11-05 14:39:52 - INFO - Logging initialized. Log file: pb2b/logs/bybit_scraper_20251105.log
2025-11-05 14:39:53 - INFO - DataSaver logging initialized. Log file: pb2b/logs/data_saver_20251105.log
2025-11-05 14:39:53 - INFO - Connected to SQLite database: pb2b/p2p_listings.db
2025-11-05 14:39:53 - INFO - Database tables created successfully
2025-11-05 14:39:53 - INFO - Attempt 1/10: Loading https://www.bybit.com/fiat/trade/otc?actionType=1&token=USDT&fiat=NGN
2025-11-05 14:40:03 - INFO - Screenshot saved as 'pb2b/screenshots/bybit_page_20251105_144003.png'
2025-11-05 14:40:04 - INFO - Fetching BUY listings for USDT/EUR
2025-11-05 14:40:04 - INFO - Data successfully saved to SQLite database. New listings - Bybit: 4, Binance: 6
2025-11-05 14:40:04 - INFO - Browser session closed
2025-11-05 14:40:04 - INFO - SQLite database connection closed
2025-11-05 14:56:46 - INFO - Logging initialized. Log file: pb2b/logs/bybit_scraper_20251105.log
2025-11-05 14:56:47 - INFO - DataSaver logging initialized. Log file: pb2b/logs/data_saver_20251105.log
2025-11-05 14:56:47 - INFO - Connected to SQLite database: pb2b/p2p_listings.db
2025-11-05 14:56:47 - INFO - Database tables created successfully
2025-11-05 14:56:47 - INFO - Attempt 1/10: Loading https://www.bybit.com/fiat/trade/otc?actionType=1&token=USDT&fiat=NGN
2025-11-05 14:56:57 - INFO - Screenshot saved as 'pb2b/screenshots/bybit_page_20251105_145657.png'
2025-11-05 14:56:58 - INFO - Fetching BUY listings for USDT/EUR
2025-11-05 14:56:58 - INFO - Data successfully saved to SQLite database. New listings - Bybit: 4, Binance: 6
2025-11-05 14:56:58 - INFO - Browser session closed
2025-11-05 14:56:58 - INFO - SQLite database connection closed
2025-11-05 15:25:31 - INFO - Logging initialized. Log file: pb2b/logs/bybit_scraper_20251105.log
2025-11-05 15:25:37 - INFO - DataSaver logging initialized. Log file: pb2b/logs/data_saver_20251105.log
2025-11-05 15:25:37 - INFO - Connected to SQLite database: pb2b/p2p_listings.db
2025-11-05 15:25:37 - INFO - Database tables created successfully
2025-11-05 15:25:37 - INFO - Attempt 1/10: Loading https://www.bybit.com/fiat/trade/otc?actionType=1&token=USDT&fiat=NGN
2025-11-05 15:25:48 - INFO - Screenshot saved as 'pb2b/screenshots/bybit_page_20251105_152548.png'
2025-11-05 15:25:48 - INFO - Fetching BUY listings for USDT/EUR
2025-11-05 15:25:49 - INFO - Data successfully saved to SQLite database. New listings - Bybit: 4, Binance: 6
2025-11-05 15:25:49 - INFO - Browser session closed
2025-11-05 15:25:49 - INFO - SQLite database connection closed
2025-11-05 15:45:13 - INFO - Logging initialized. Log file: pb2b/logs/bybit_scraper_20251105.log
2025-11-05 15:45:18 - INFO - DataSaver logging initialized. Log file: pb2b/logs/data_saver_20251105.log
2025-11-05 15:45:18 - INFO - Connected to SQLite database: pb2b/p2p_listings.db
2025-11-05 15:45:18 - INFO - Database tables created successfully
2025-11-05 15:45:18 - INFO - Attempt 1/10: Loading https://www.bybit.com/fiat/trade/otc?actionType=1&token=USDT&fiat=NGN
2025-11-05 15:45:30 - INFO - Screenshot saved as 'pb2b/screenshots/bybit_page_20251105_154529.png'
2025-11-05 15:45:30 - INFO - Fetching BUY listings for USDT/EUR
2025-11-05 15:45:31 - INFO - Data successfully saved to SQLite database. New listings - Bybit: 4, Binance: 6
2025-11-05 15:45:31 - INFO - Browser session closed
2025-11-05 15:45:31 - INFO - SQLite database connection closed
2025-11-05 15:58:29 - INFO - Logging initialized. Log file: pb2b/logs/bybit_scraper_20251105.log
2025-11-05 15:58:33 - INFO - DataSaver logging initialized. Log file: pb2b/logs/data_saver_20251105.log
2025-11-05 15:58:33 - INFO - Connected to SQLite database: pb2b/p2p_listings.db
2025-11-05 15:58:33 - INFO - Database tables created successfully
2025-11-05 15:58:33 - INFO - Attempt 1/10: Loading https://www.bybit.com/fiat/trade/otc?actionType=1&token=USDT&fiat=NGN
2025-11-05 15:58:44 - INFO - Screenshot saved as 'pb2b/screenshots/bybit_page_20251105_155844.png'
2025-11-05 15:58:45 - INFO - Fetching BUY listings for USDT/EUR
2025-11-05 15:58:45 - INFO - Data successfully saved to SQLite database. New listings - Bybit: 4, Binance: 6
2025-11-05 15:58:45 - INFO - Browser session closed
2025-11-05 15:58:45 - INFO - SQLite database connection closed
2025-11-05 16:37:35 - INFO - Logging initialized. Log file: pb2b/logs/bybit_scraper_20251105.log
2025-11-05 16:37:36 - INFO - DataSaver logging initialized. Log file: pb2b/logs/data_saver_20251105.log
2025-11-05 16:37:36 - INFO - Connected to SQLite database: pb2b/p2p_listings.db
2025-11-05 16:37:36 - INFO - Database tables created successfully
2025-11-05 16:37:36 - INFO - Attempt 1/10: Loading https://www.bybit.com/fiat/trade/otc?actionType=1&token=USDT&fiat=NGN
2025-11-05 16:37:46 - INFO - Screenshot saved as 'pb2b/screenshots/bybit_page_20251105_163746.png'
2025-11-05 16:37:47 - INFO - Fetching BUY listings for USDT/EUR
2025-11-05 16:37:47 - INFO - Data successfully saved to SQLite database. New listings - Bybit: 4, Binance: 6
2025-11-05 16:37:48 - INFO - Browser session closed
2025-11-05 16:37:48 - INFO - SQLite database connection closed
2025-11-05 16:59:16 - INFO - Logging initialized. Log file: pb2b/logs/bybit_scraper_20251105.log
2025-11-05 16:59:22 - INFO - DataSaver logging initialized. Log file: pb2b/logs/data_saver_20251105.log
2025-11-05 16:59:22 - INFO - Connected to SQLite database: pb2b/p2p_listings.db
2025-11-05 16:59:22 - INFO - Database tables created successfully
2025-11-05 16:59:22 - INFO - Attempt 1/10: Loading https://www.bybit.com/fiat/trade/otc?actionType=1&token=USDT&fiat=NGN
2025-11-05 16:59:33 - INFO - Screenshot saved as 'pb2b/screenshots/bybit_page_20251105_165932.png'
2025-11-05 16:59:33 - INFO - Fetching BUY listings for USDT/EUR
2025-11-05 16:59:34 - INFO - Data successfully saved to SQLite database. New listings - Bybit: 4, Binance: 6
2025-11-05 16:59:34 - INFO - Browser session closed
2025-11-05 16:59:34 - INFO - SQLite database connection closed
2025-11-05 17:29:27 - INFO - Logging initialized. Log file: pb2b/logs/bybit_scraper_20251105.log
2025-11-05 17:29:37 - INFO - DataSaver logging initialized. Log file: pb2b/logs/data_saver_20251105.log
2025-11-05 17:29:37 - INFO - Connected to SQLite database: pb2b/p2p_listings.db
2025-11-05 17:29:37 - INFO - Database tables created successfully
2025-11-05 17:29:37 - INFO - Attempt 1/10: Loading https://www.bybit.com/fiat/trade/otc?actionType=1&token=USDT&fiat=NGN
2025-11-05 17:29:49 - INFO - Screenshot saved as 'pb2b/screenshots/bybit_page_20251105_172949.png'
2025-11-05 17:29:49 - INFO - Fetching BUY listings for USDT/EUR
2025-11-05 17:29:50 - INFO - Data successfully saved to SQLite database. New listings - Bybit: 4, Binance: 6
2025-11-05 17:29:50 - INFO - Browser session closed
2025-11-05 17:29:50 - INFO - SQLite database connection closed
2025-11-05 17:59:44 - INFO - Logging initialized. Log file: pb2b/logs/bybit_scraper_20251105.log
2025-11-05 17:59:54 - INFO - DataSaver logging initialized. Log file: pb2b/logs/data_saver_20251105.log
2025-11-05 17:59:54 - INFO - Connected to SQLite database: pb2b/p2p_listings.db
2025-11-05 17:59:54 - INFO - Database tables created successfully
2025-11-05 17:59:54 - INFO - Attempt 1/10: Loading https://www.bybit.com/fiat/trade/otc?actionType=1&token=USDT&fiat=NGN
2025-11-05 18:00:11 - INFO - Screenshot saved as 'pb2b/screenshots/bybit_page_20251105_180011.png'
2025-11-05 18:00:12 - INFO - Fetching BUY listings for USDT/EUR
2025-11-05 18:00:13 - INFO - Data successfully saved to SQLite database. New listings - Bybit: 4, Binance: 6
2025-11-05 18:00:13 - INFO - Browser session closed
2025-11-05 18:00:13 - INFO - SQLite database connection closed
2025-11-05 18:41:24 - INFO - Logging initialized. Log file: pb2b/logs/bybit_scraper_20251105.log
2025-11-05 18:41:29 - INFO - DataSaver logging initialized. Log file: pb2b/logs/data_saver_20251105.log
2025-11-05 18:41:29 - INFO - Connected to SQLite database: pb2b/p2p_listings.db
2025-11-05 18:41:29 - INFO - Database tables created successfully
2025-11-05 18:41:29 - INFO - Attempt 1/10: Loading https://www.bybit.com/fiat/trade/otc?actionType=1&token=USDT&fiat=NGN
2025-11-05 18:41:40 - INFO - Screenshot saved as 'pb2b/screenshots/bybit_page_20251105_184140.png'
2025-11-05 18:41:40 - INFO - Fetching BUY listings for USDT/EUR
2025-11-05 18:41:41 - INFO - Data successfully saved to SQLite database. New listings - Bybit: 4, Binance: 6
2025-11-05 18:41:41 - INFO - Browser session closed
2025-11-05 18:41:41 - INFO - SQLite database connection closed
2025-11-05 18:59:32 - INFO - Logging initialized. Log file: pb2b/logs/bybit_scraper_20251105.log
2025-11-05 18:59:33 - INFO - DataSaver logging initialized. Log file: pb2b/logs/data_saver_20251105.log
2025-11-05 18:59:33 - INFO - Connected to SQLite database: pb2b/p2p_listings.db
2025-11-05 18:59:33 - INFO - Database tables created successfully
2025-11-05 18:59:33 - INFO - Attempt 1/10: Loading https://www.bybit.com/fiat/trade/otc?actionType=1&token=USDT&fiat=NGN
2025-11-05 18:59:45 - INFO - Screenshot saved as 'pb2b/screenshots/bybit_page_20251105_185945.png'
2025-11-05 18:59:45 - INFO - Fetching BUY listings for USDT/EUR
2025-11-05 18:59:46 - INFO - Data successfully saved to SQLite database. New listings - Bybit: 4, Binance: 6
2025-11-05 18:59:46 - INFO - Browser session closed
2025-11-05 18:59:46 - INFO - SQLite database connection closed
2025-11-05 19:25:42 - INFO - Logging initialized. Log file: pb2b/logs/bybit_scraper_20251105.log
2025-11-05 19:25:49 - INFO - DataSaver logging initialized. Log file: pb2b/logs/data_saver_20251105.log
2025-11-05 19:25:49 - INFO - Connected to SQLite database: pb2b/p2p_listings.db
2025-11-05 19:25:49 - INFO - Database tables created successfully
2025-11-05 19:25:49 - INFO - Attempt 1/10: Loading https://www.bybit.com/fiat/trade/otc?actionType=1&token=USDT&fiat=NGN
2025-11-05 19:26:01 - INFO - Screenshot saved as 'pb2b/screenshots/bybit_page_20251105_192601.png'
2025-11-05 19:26:02 - INFO - Fetching BUY listings for USDT/EUR
2025-11-05 19:26:02 - INFO - Data successfully saved to SQLite database. New listings - Bybit: 4, Binance: 6
2025-11-05 19:26:02 - INFO - Browser session closed
2025-11-05 19:26:02 - INFO - SQLite database connection closed
2025-11-05 19:40:47 - INFO - Logging initialized. Log file: pb2b/logs/bybit_scraper_20251105.log
2025-11-05 19:40:48 - INFO - DataSaver logging initialized. Log file: pb2b/logs/data_saver_20251105.log
2025-11-05 19:40:48 - INFO - Connected to SQLite database: pb2b/p2p_listings.db
2025-11-05 19:40:48 - INFO - Database tables created successfully
2025-11-05 19:40:48 - INFO - Attempt 1/10: Loading https://www.bybit.com/fiat/trade/otc?actionType=1&token=USDT&fiat=NGN
2025-11-05 19:40:59 - INFO - Screenshot saved as 'pb2b/screenshots/bybit_page_20251105_194059.png'
2025-11-05 19:40:59 - INFO - Fetching BUY listings for USDT/EUR
2025-11-05 19:41:00 - INFO - Data successfully saved to SQLite database. New listings - Bybit: 4, Binance: 6
2025-11-05 19:41:01 - INFO - Browser session closed
2025-11-05 19:41:01 - INFO - SQLite database connection closed
2025-11-05 19:54:00 - INFO - Logging initialized. Log file: pb2b/logs/bybit_scraper_20251105.log
2025-11-05 19:54:07 - INFO - DataSaver logging initialized. Log file: pb2b/logs/data_saver_20251105.log
2025-11-05 19:54:07 - INFO - Connected to SQLite database: pb2b/p2p_listings.db
2025-11-05 19:54:07 - INFO - Database tables created successfully
2025-11-05 19:54:07 - INFO - Attempt 1/10: Loading https://www.bybit.com/fiat/trade/otc?actionType=1&token=USDT&fiat=NGN
2025-11-05 19:54:19 - INFO - Screenshot saved as 'pb2b/screenshots/bybit_page_20251105_195419.png'
2025-11-05 19:54:19 - INFO - Fetching BUY listings for USDT/EUR
2025-11-05 19:54:20 - INFO - Data successfully saved to SQLite database. New listings - Bybit: 4, Binance: 6
2025-11-05 19:54:20 - INFO - Browser session closed
2025-11-05 19:54:20 - INFO - SQLite database connection closed
2025-11-05 20:26:02 - INFO - Logging initialized. Log file: pb2b/logs/bybit_scraper_20251105.log
2025-11-05 20:26:05 - INFO - DataSaver logging initialized. Log file: pb2b/logs/data_saver_20251105.log
2025-11-05 20:26:05 - INFO - Connected to SQLite database: pb2b/p2p_listings.db
2025-11-05 20:26:05 - INFO - Database tables created successfully
2025-11-05 20:26:05 - INFO - Attempt 1/10: Loading https://www.bybit.com/fiat/trade/otc?actionType=1&token=USDT&fiat=NGN
2025-11-05 20:26:16 - INFO - Screenshot saved as 'pb2b/screenshots/bybit_page_20251105_202616.png'
2025-11-05 20:26:16 - INFO - Fetching BUY listings for USDT/EUR
2025-11-05 20:26:17 - INFO - Data successfully saved to SQLite database. New listings - Bybit: 4, Binance: 6
2025-11-05 20:26:17 - INFO - Browser session closed
2025-11-05 20:26:17 - INFO - SQLite database connection closed
2025-11-05 20:45:24 - INFO - Logging initialized. Log file: pb2b/logs/bybit_scraper_20251105.log
2025-11-05 20:45:25 - INFO - DataSaver logging initialized. Log file: pb2b/logs/data_saver_20251105.log
2025-11-05 20:45:25 - INFO - Connected to SQLite database: pb2b/p2p_listings.db
2025-11-05 20:45:25 - INFO - Database tables created successfully
2025-11-05 20:45:25 - INFO - Attempt 1/10: Loading https://www.bybit.com/fiat/trade/otc?actionType=1&token=USDT&fiat=NGN
2025-11-05 20:45:36 - INFO - Screenshot saved as 'pb2b/screenshots/bybit_page_20251105_204535.png'
2025-11-05 20:45:36 - INFO - Fetching BUY listings for USDT/EUR
2025-11-05 20:45:36 - INFO - Data successfully saved to SQLite database. New listings - Bybit: 4, Binance: 6
2025-11-05 20:45:37 - INFO - Browser session closed
2025-11-05 20:45:37 - INFO - SQLite database connection closed
2025-11-05 20:57:16 - INFO - Logging initialized. Log file: pb2b/logs/bybit_scraper_20251105.log
2025-11-05 20:57:17 - INFO - DataSaver logging initialized. Log file: pb2b/logs/data_saver_20251105.log
2025-11-05 20:57:17 - INFO - Connected to SQLite database: pb2b/p2p_listings.db
2025-11-05 20:57:17 - INFO - Database tables created successfully
2025-11-05 20:57:17 - INFO - Attempt 1/10: Loading https://www.bybit.com/fiat/trade/otc?actionType=1&token=USDT&fiat=NGN
2025-11-05 20:57:28 - INFO - Screenshot saved as 'pb2b/screenshots/bybit_page_20251105_205727.png'
2025-11-05 20:57:28 - INFO - Fetching BUY listings for USDT/EUR
2025-11-05 20:57:29 - INFO - Data successfully saved to SQLite database. New listings - Bybit: 4, Binance: 6
2025-11-05 20:57:29 - INFO - Browser session closed
2025-11-05 20:57:29 - INFO - SQLite database connection closed
2025-11-05 21:24:40 - INFO - Logging initialized. Log file: pb2b/logs/bybit_scraper_20251105.log
2025-11-05 21:24:43 - INFO - DataSaver logging initialized. Log file: pb2b/logs/data_saver_20251105.log
2025-11-05 21:24:43 - INFO - Connected to SQLite database: pb2b/p2p_listings.db
2025-11-05 21:24:43 - INFO - Database tables created successfully
2025-11-05 21:24:43 - INFO - Attempt 1/10: Loading https://www.bybit.com/fiat/trade/otc?actionType=1&token=USDT&fiat=NGN
2025-11-05 21:24:52 - INFO - Screenshot saved as 'pb2b/screenshots/bybit_page_20251105_212452.png'
2025-11-05 21:24:52 - INFO - Fetching BUY listings for USDT/EUR
2025-11-05 21:24:53 - INFO - Data successfully saved to SQLite database. New listings - Bybit: 4, Binance: 6
2025-11-05 21:24:53 - INFO - Browser session closed
2025-11-05 21:24:53 - INFO - SQLite database connection closed
2025-11-05 21:40:54 - INFO - Logging initialized. Log file: pb2b/logs/bybit_scraper_20251105.log
2025-11-05 21:40:55 - INFO - DataSaver logging initialized. Log file: pb2b/logs/data_saver_20251105.log
2025-11-05 21:40:55 - INFO - Connected to SQLite database: pb2b/p2p_listings.db
2025-11-05 21:40:55 - INFO - Database tables created successfully
2025-11-05 21:40:55 - INFO - Attempt 1/10: Loading https://www.bybit.com/fiat/trade/otc?actionType=1&token=USDT&fiat=NGN
2025-11-05 21:41:06 - INFO - Screenshot saved as 'pb2b/screenshots/bybit_page_20251105_214106.png'
2025-11-05 21:41:06 - INFO - Fetching BUY listings for USDT/EUR
2025-11-05 21:41:07 - INFO - Data successfully saved to SQLite database. New listings - Bybit: 4, Binance: 6
2025-11-05 21:41:07 - INFO - Browser session closed
2025-11-05 21:41:07 - INFO - SQLite database connection closed
2025-11-05 21:52:06 - INFO - Logging initialized. Log file: pb2b/logs/bybit_scraper_20251105.log
2025-11-05 21:52:08 - INFO - DataSaver logging initialized. Log file: pb2b/logs/data_saver_20251105.log
2025-11-05 21:52:08 - INFO - Connected to SQLite database: pb2b/p2p_listings.db
2025-11-05 21:52:08 - INFO - Database tables created successfully
2025-11-05 21:52:08 - INFO - Attempt 1/10: Loading https://www.bybit.com/fiat/trade/otc?actionType=1&token=USDT&fiat=NGN
2025-11-05 21:52:19 - INFO - Screenshot saved as 'pb2b/screenshots/bybit_page_20251105_215219.png'
2025-11-05 21:52:20 - INFO - Fetching BUY listings for USDT/EUR
2025-11-05 21:52:20 - INFO - Data successfully saved to SQLite database. New listings - Bybit: 4, Binance: 6
2025-11-05 21:52:20 - INFO - Browser session closed
2025-11-05 21:52:20 - INFO - SQLite database connection closed
