2025-07-11 00:49:36 - INFO - Logging initialized. Log file: pb2b/logs/bybit_scraper_20250711.log
2025-07-11 00:49:36 - INFO - DataSaver logging initialized. Log file: pb2b/logs/data_saver_20250711.log
2025-07-11 00:49:36 - INFO - Connected to SQLite database: pb2b/p2p_listings.db
2025-07-11 00:49:36 - INFO - Database tables created successfully
2025-07-11 00:49:36 - INFO - Attempt 1/10: Loading https://www.bybit.com/fiat/trade/otc?actionType=1&token=USDT&fiat=NGN
2025-07-11 00:49:46 - INFO - Screenshot saved as 'pb2b/screenshots/bybit_page_20250711_004946.png'
2025-07-11 00:49:46 - INFO - Fetching BUY listings for USDT/EUR
2025-07-11 00:49:47 - INFO - Data successfully saved to SQLite database. New listings - Bybit: 4, Binance: 6
2025-07-11 00:49:47 - INFO - Browser session closed
2025-07-11 00:49:47 - INFO - SQLite database connection closed
2025-07-11 02:49:02 - INFO - Logging initialized. Log file: pb2b/logs/bybit_scraper_20250711.log
2025-07-11 02:49:03 - INFO - DataSaver logging initialized. Log file: pb2b/logs/data_saver_20250711.log
2025-07-11 02:49:03 - INFO - Connected to SQLite database: pb2b/p2p_listings.db
2025-07-11 02:49:03 - INFO - Database tables created successfully
2025-07-11 02:49:03 - INFO - Attempt 1/10: Loading https://www.bybit.com/fiat/trade/otc?actionType=1&token=USDT&fiat=NGN
2025-07-11 02:49:11 - INFO - Screenshot saved as 'pb2b/screenshots/bybit_page_20250711_024911.png'
2025-07-11 02:49:12 - INFO - Fetching BUY listings for USDT/EUR
2025-07-11 02:49:12 - INFO - Data successfully saved to SQLite database. New listings - Bybit: 4, Binance: 6
2025-07-11 02:49:13 - INFO - Browser session closed
2025-07-11 02:49:13 - INFO - SQLite database connection closed
