2025-12-14 00:00:13 - INFO - Logging initialized. Log file: pb2b/logs/bybit_scraper_20251214.log
2025-12-14 00:00:15 - INFO - DataSaver logging initialized. Log file: pb2b/logs/data_saver_20251214.log
2025-12-14 00:00:15 - INFO - Connected to SQLite database: pb2b/p2p_listings.db
2025-12-14 00:00:15 - INFO - Database tables created successfully
2025-12-14 00:00:15 - INFO - Attempt 1/10: Loading https://www.bybit.com/fiat/trade/otc?actionType=1&token=USDT&fiat=NGN
2025-12-14 00:00:25 - INFO - Screenshot saved as 'pb2b/screenshots/bybit_page_20251214_000025.png'
2025-12-14 00:00:25 - WARNING - Error parsing row: Message: no such element: Unable to locate element: {"method":"css selector","selector":"td:nth-child(2)"}
  (Session info: chrome=143.0.7499.109); For documentation on this error, please visit: https://www.selenium.dev/documentation/webdriver/troubleshooting/errors#nosuchelementexception
Stacktrace:
#0 0x560a7734216a <unknown>
#1 0x560a76dbfc4b <unknown>
#2 0x560a76e11318 <unknown>
#3 0x560a76e11551 <unknown>
#4 0x560a76e05586 <unknown>
#5 0x560a76e05477 <unknown>
#6 0x560a76e5cbee <unknown>
#7 0x560a76e03c42 <unknown>
#8 0x560a76e048f1 <unknown>
#9 0x560a7730af09 <unknown>
#10 0x560a7730de4d <unknown>
#11 0x560a772f3c51 <unknown>
#12 0x560a7730ea2b <unknown>
#13 0x560a772daa20 <unknown>
#14 0x560a7732fa78 <unknown>
#15 0x560a7732fc49 <unknown>
#16 0x560a773414c3 <unknown>
#17 0x7fee0949caa4 <unknown>
#18 0x7fee09529c6c <unknown>

2025-12-14 00:00:26 - INFO - Fetching BUY listings for USDT/EUR
2025-12-14 00:00:26 - INFO - Data successfully saved to SQLite database. New listings - Bybit: 4, Binance: 6
2025-12-14 00:00:26 - INFO - Browser session closed
2025-12-14 00:00:26 - INFO - SQLite database connection closed
2025-12-14 02:30:05 - INFO - Logging initialized. Log file: pb2b/logs/bybit_scraper_20251214.log
2025-12-14 02:30:06 - INFO - DataSaver logging initialized. Log file: pb2b/logs/data_saver_20251214.log
2025-12-14 02:30:06 - INFO - Connected to SQLite database: pb2b/p2p_listings.db
2025-12-14 02:30:06 - INFO - Database tables created successfully
2025-12-14 02:30:06 - INFO - Attempt 1/10: Loading https://www.bybit.com/fiat/trade/otc?actionType=1&token=USDT&fiat=NGN
2025-12-14 02:30:18 - INFO - Screenshot saved as 'pb2b/screenshots/bybit_page_20251214_023018.png'
2025-12-14 02:30:18 - WARNING - Error parsing row: Message: no such element: Unable to locate element: {"method":"css selector","selector":"td:nth-child(2)"}
  (Session info: chrome=143.0.7499.109); For documentation on this error, please visit: https://www.selenium.dev/documentation/webdriver/troubleshooting/errors#nosuchelementexception
Stacktrace:
#0 0x55864e8d516a <unknown>
#1 0x55864e352c4b <unknown>
#2 0x55864e3a4318 <unknown>
#3 0x55864e3a4551 <unknown>
#4 0x55864e398586 <unknown>
#5 0x55864e398477 <unknown>
#6 0x55864e3efbee <unknown>
#7 0x55864e396c42 <unknown>
#8 0x55864e3978f1 <unknown>
#9 0x55864e89df09 <unknown>
#10 0x55864e8a0e4d <unknown>
#11 0x55864e886c51 <unknown>
#12 0x55864e8a1a2b <unknown>
#13 0x55864e86da20 <unknown>
#14 0x55864e8c2a78 <unknown>
#15 0x55864e8c2c49 <unknown>
#16 0x55864e8d44c3 <unknown>
#17 0x7f462849caa4 <unknown>
#18 0x7f4628529c6c <unknown>

2025-12-14 02:30:19 - INFO - Fetching BUY listings for USDT/EUR
2025-12-14 02:30:22 - INFO - Data successfully saved to SQLite database. New listings - Bybit: 4, Binance: 6
2025-12-14 02:30:22 - INFO - Browser session closed
2025-12-14 02:30:22 - INFO - SQLite database connection closed
2025-12-14 03:53:18 - INFO - Logging initialized. Log file: pb2b/logs/bybit_scraper_20251214.log
2025-12-14 03:53:20 - INFO - DataSaver logging initialized. Log file: pb2b/logs/data_saver_20251214.log
2025-12-14 03:53:20 - INFO - Connected to SQLite database: pb2b/p2p_listings.db
2025-12-14 03:53:20 - INFO - Database tables created successfully
2025-12-14 03:53:20 - INFO - Attempt 1/10: Loading https://www.bybit.com/fiat/trade/otc?actionType=1&token=USDT&fiat=NGN
2025-12-14 03:53:29 - INFO - Screenshot saved as 'pb2b/screenshots/bybit_page_20251214_035328.png'
2025-12-14 03:53:29 - WARNING - Error parsing row: Message: no such element: Unable to locate element: {"method":"css selector","selector":"td:nth-child(2)"}
  (Session info: chrome=143.0.7499.109); For documentation on this error, please visit: https://www.selenium.dev/documentation/webdriver/troubleshooting/errors#nosuchelementexception
Stacktrace:
#0 0x562c984ff16a <unknown>
#1 0x562c97f7cc4b <unknown>
#2 0x562c97fce318 <unknown>
#3 0x562c97fce551 <unknown>
#4 0x562c97fc2586 <unknown>
#5 0x562c97fc2477 <unknown>
#6 0x562c98019bee <unknown>
#7 0x562c97fc0c42 <unknown>
#8 0x562c97fc18f1 <unknown>
#9 0x562c984c7f09 <unknown>
#10 0x562c984cae4d <unknown>
#11 0x562c984b0c51 <unknown>
#12 0x562c984cba2b <unknown>
#13 0x562c98497a20 <unknown>
#14 0x562c984eca78 <unknown>
#15 0x562c984ecc49 <unknown>
#16 0x562c984fe4c3 <unknown>
#17 0x7f4cd4e9caa4 <unknown>
#18 0x7f4cd4f29c6c <unknown>

2025-12-14 03:53:29 - INFO - Fetching BUY listings for USDT/EUR
2025-12-14 03:53:30 - INFO - Data successfully saved to SQLite database. New listings - Bybit: 4, Binance: 6
2025-12-14 03:53:30 - INFO - Browser session closed
2025-12-14 03:53:30 - INFO - SQLite database connection closed
2025-12-14 04:33:15 - INFO - Logging initialized. Log file: pb2b/logs/bybit_scraper_20251214.log
2025-12-14 04:33:16 - INFO - DataSaver logging initialized. Log file: pb2b/logs/data_saver_20251214.log
2025-12-14 04:33:16 - INFO - Connected to SQLite database: pb2b/p2p_listings.db
2025-12-14 04:33:16 - INFO - Database tables created successfully
2025-12-14 04:33:16 - INFO - Attempt 1/10: Loading https://www.bybit.com/fiat/trade/otc?actionType=1&token=USDT&fiat=NGN
2025-12-14 04:33:26 - INFO - Screenshot saved as 'pb2b/screenshots/bybit_page_20251214_043326.png'
2025-12-14 04:33:26 - WARNING - Error parsing row: Message: no such element: Unable to locate element: {"method":"css selector","selector":"td:nth-child(2)"}
  (Session info: chrome=143.0.7499.109); For documentation on this error, please visit: https://www.selenium.dev/documentation/webdriver/troubleshooting/errors#nosuchelementexception
Stacktrace:
#0 0x55e48821216a <unknown>
#1 0x55e487c8fc4b <unknown>
#2 0x55e487ce1318 <unknown>
#3 0x55e487ce1551 <unknown>
#4 0x55e487cd5586 <unknown>
#5 0x55e487cd5477 <unknown>
#6 0x55e487d2cbee <unknown>
#7 0x55e487cd3c42 <unknown>
#8 0x55e487cd48f1 <unknown>
#9 0x55e4881daf09 <unknown>
#10 0x55e4881dde4d <unknown>
#11 0x55e4881c3c51 <unknown>
#12 0x55e4881dea2b <unknown>
#13 0x55e4881aaa20 <unknown>
#14 0x55e4881ffa78 <unknown>
#15 0x55e4881ffc49 <unknown>
#16 0x55e4882114c3 <unknown>
#17 0x7f0029a9caa4 <unknown>
#18 0x7f0029b29c6c <unknown>

2025-12-14 04:33:27 - INFO - Fetching BUY listings for USDT/EUR
2025-12-14 04:33:27 - INFO - Data successfully saved to SQLite database. New listings - Bybit: 4, Binance: 6
2025-12-14 04:33:29 - INFO - Browser session closed
2025-12-14 04:33:29 - INFO - SQLite database connection closed
2025-12-14 05:00:24 - INFO - Logging initialized. Log file: pb2b/logs/bybit_scraper_20251214.log
2025-12-14 05:00:25 - INFO - DataSaver logging initialized. Log file: pb2b/logs/data_saver_20251214.log
2025-12-14 05:00:25 - INFO - Connected to SQLite database: pb2b/p2p_listings.db
2025-12-14 05:00:25 - INFO - Database tables created successfully
2025-12-14 05:00:25 - INFO - Attempt 1/10: Loading https://www.bybit.com/fiat/trade/otc?actionType=1&token=USDT&fiat=NGN
2025-12-14 05:00:36 - INFO - Screenshot saved as 'pb2b/screenshots/bybit_page_20251214_050036.png'
2025-12-14 05:00:36 - WARNING - Error parsing row: Message: no such element: Unable to locate element: {"method":"css selector","selector":"td:nth-child(2)"}
  (Session info: chrome=143.0.7499.109); For documentation on this error, please visit: https://www.selenium.dev/documentation/webdriver/troubleshooting/errors#nosuchelementexception
Stacktrace:
#0 0x558e471b316a <unknown>
#1 0x558e46c30c4b <unknown>
#2 0x558e46c82318 <unknown>
#3 0x558e46c82551 <unknown>
#4 0x558e46c76586 <unknown>
#5 0x558e46c76477 <unknown>
#6 0x558e46ccdbee <unknown>
#7 0x558e46c74c42 <unknown>
#8 0x558e46c758f1 <unknown>
#9 0x558e4717bf09 <unknown>
#10 0x558e4717ee4d <unknown>
#11 0x558e47164c51 <unknown>
#12 0x558e4717fa2b <unknown>
#13 0x558e4714ba20 <unknown>
#14 0x558e471a0a78 <unknown>
#15 0x558e471a0c49 <unknown>
#16 0x558e471b24c3 <unknown>
#17 0x7f6f5789caa4 <unknown>
#18 0x7f6f57929c6c <unknown>

2025-12-14 05:00:36 - INFO - Fetching BUY listings for USDT/EUR
2025-12-14 05:00:37 - INFO - Data successfully saved to SQLite database. New listings - Bybit: 4, Binance: 6
2025-12-14 05:00:37 - INFO - Browser session closed
2025-12-14 05:00:37 - INFO - SQLite database connection closed
2025-12-14 05:33:15 - INFO - Logging initialized. Log file: pb2b/logs/bybit_scraper_20251214.log
2025-12-14 05:33:17 - INFO - DataSaver logging initialized. Log file: pb2b/logs/data_saver_20251214.log
2025-12-14 05:33:17 - INFO - Connected to SQLite database: pb2b/p2p_listings.db
2025-12-14 05:33:17 - INFO - Database tables created successfully
2025-12-14 05:33:17 - INFO - Attempt 1/10: Loading https://www.bybit.com/fiat/trade/otc?actionType=1&token=USDT&fiat=NGN
2025-12-14 05:33:28 - INFO - Screenshot saved as 'pb2b/screenshots/bybit_page_20251214_053328.png'
2025-12-14 05:33:28 - WARNING - Error parsing row: Message: no such element: Unable to locate element: {"method":"css selector","selector":"td:nth-child(2)"}
  (Session info: chrome=143.0.7499.109); For documentation on this error, please visit: https://www.selenium.dev/documentation/webdriver/troubleshooting/errors#nosuchelementexception
Stacktrace:
#0 0x55a8d494316a <unknown>
#1 0x55a8d43c0c4b <unknown>
#2 0x55a8d4412318 <unknown>
#3 0x55a8d4412551 <unknown>
#4 0x55a8d4406586 <unknown>
#5 0x55a8d4406477 <unknown>
#6 0x55a8d445dbee <unknown>
#7 0x55a8d4404c42 <unknown>
#8 0x55a8d44058f1 <unknown>
#9 0x55a8d490bf09 <unknown>
#10 0x55a8d490ee4d <unknown>
#11 0x55a8d48f4c51 <unknown>
#12 0x55a8d490fa2b <unknown>
#13 0x55a8d48dba20 <unknown>
#14 0x55a8d4930a78 <unknown>
#15 0x55a8d4930c49 <unknown>
#16 0x55a8d49424c3 <unknown>
#17 0x7f870849caa4 <unknown>
#18 0x7f8708529c6c <unknown>

2025-12-14 05:33:28 - INFO - Fetching BUY listings for USDT/EUR
2025-12-14 05:33:29 - INFO - Data successfully saved to SQLite database. New listings - Bybit: 4, Binance: 6
2025-12-14 05:33:29 - INFO - Browser session closed
2025-12-14 05:33:29 - INFO - SQLite database connection closed
2025-12-14 05:50:37 - INFO - Logging initialized. Log file: pb2b/logs/bybit_scraper_20251214.log
2025-12-14 05:50:39 - INFO - DataSaver logging initialized. Log file: pb2b/logs/data_saver_20251214.log
2025-12-14 05:50:39 - INFO - Connected to SQLite database: pb2b/p2p_listings.db
2025-12-14 05:50:39 - INFO - Database tables created successfully
2025-12-14 05:50:39 - INFO - Attempt 1/10: Loading https://www.bybit.com/fiat/trade/otc?actionType=1&token=USDT&fiat=NGN
2025-12-14 05:50:49 - INFO - Screenshot saved as 'pb2b/screenshots/bybit_page_20251214_055049.png'
2025-12-14 05:50:49 - WARNING - Error parsing row: Message: no such element: Unable to locate element: {"method":"css selector","selector":"td:nth-child(2)"}
  (Session info: chrome=143.0.7499.109); For documentation on this error, please visit: https://www.selenium.dev/documentation/webdriver/troubleshooting/errors#nosuchelementexception
Stacktrace:
#0 0x55581988916a <unknown>
#1 0x555819306c4b <unknown>
#2 0x555819358318 <unknown>
#3 0x555819358551 <unknown>
#4 0x55581934c586 <unknown>
#5 0x55581934c477 <unknown>
#6 0x5558193a3bee <unknown>
#7 0x55581934ac42 <unknown>
#8 0x55581934b8f1 <unknown>
#9 0x555819851f09 <unknown>
#10 0x555819854e4d <unknown>
#11 0x55581983ac51 <unknown>
#12 0x555819855a2b <unknown>
#13 0x555819821a20 <unknown>
#14 0x555819876a78 <unknown>
#15 0x555819876c49 <unknown>
#16 0x5558198884c3 <unknown>
#17 0x7f662169caa4 <unknown>
#18 0x7f6621729c6c <unknown>

2025-12-14 05:50:49 - INFO - Fetching BUY listings for USDT/EUR
2025-12-14 05:50:50 - INFO - Data successfully saved to SQLite database. New listings - Bybit: 4, Binance: 6
2025-12-14 05:50:50 - INFO - Browser session closed
2025-12-14 05:50:50 - INFO - SQLite database connection closed
2025-12-14 06:03:52 - INFO - Logging initialized. Log file: pb2b/logs/bybit_scraper_20251214.log
2025-12-14 06:03:53 - INFO - DataSaver logging initialized. Log file: pb2b/logs/data_saver_20251214.log
2025-12-14 06:03:53 - INFO - Connected to SQLite database: pb2b/p2p_listings.db
2025-12-14 06:03:53 - INFO - Database tables created successfully
2025-12-14 06:03:53 - INFO - Attempt 1/10: Loading https://www.bybit.com/fiat/trade/otc?actionType=1&token=USDT&fiat=NGN
2025-12-14 06:04:03 - INFO - Screenshot saved as 'pb2b/screenshots/bybit_page_20251214_060403.png'
2025-12-14 06:04:03 - WARNING - Error parsing row: Message: no such element: Unable to locate element: {"method":"css selector","selector":"td:nth-child(2)"}
  (Session info: chrome=143.0.7499.109); For documentation on this error, please visit: https://www.selenium.dev/documentation/webdriver/troubleshooting/errors#nosuchelementexception
Stacktrace:
#0 0x5578422b816a <unknown>
#1 0x557841d35c4b <unknown>
#2 0x557841d87318 <unknown>
#3 0x557841d87551 <unknown>
#4 0x557841d7b586 <unknown>
#5 0x557841d7b477 <unknown>
#6 0x557841dd2bee <unknown>
#7 0x557841d79c42 <unknown>
#8 0x557841d7a8f1 <unknown>
#9 0x557842280f09 <unknown>
#10 0x557842283e4d <unknown>
#11 0x557842269c51 <unknown>
#12 0x557842284a2b <unknown>
#13 0x557842250a20 <unknown>
#14 0x5578422a5a78 <unknown>
#15 0x5578422a5c49 <unknown>
#16 0x5578422b74c3 <unknown>
#17 0x7fb95be9caa4 <unknown>
#18 0x7fb95bf29c6c <unknown>

2025-12-14 06:04:03 - INFO - Fetching BUY listings for USDT/EUR
2025-12-14 06:04:04 - INFO - Data successfully saved to SQLite database. New listings - Bybit: 4, Binance: 6
2025-12-14 06:04:04 - INFO - Browser session closed
2025-12-14 06:04:04 - INFO - SQLite database connection closed
2025-12-14 06:47:06 - INFO - Logging initialized. Log file: pb2b/logs/bybit_scraper_20251214.log
2025-12-14 06:47:07 - INFO - DataSaver logging initialized. Log file: pb2b/logs/data_saver_20251214.log
2025-12-14 06:47:07 - INFO - Connected to SQLite database: pb2b/p2p_listings.db
2025-12-14 06:47:07 - INFO - Database tables created successfully
2025-12-14 06:47:07 - INFO - Attempt 1/10: Loading https://www.bybit.com/fiat/trade/otc?actionType=1&token=USDT&fiat=NGN
2025-12-14 06:47:17 - INFO - Screenshot saved as 'pb2b/screenshots/bybit_page_20251214_064717.png'
2025-12-14 06:47:17 - WARNING - Error parsing row: Message: no such element: Unable to locate element: {"method":"css selector","selector":"td:nth-child(2)"}
  (Session info: chrome=143.0.7499.109); For documentation on this error, please visit: https://www.selenium.dev/documentation/webdriver/troubleshooting/errors#nosuchelementexception
Stacktrace:
#0 0x5565b10e116a <unknown>
#1 0x5565b0b5ec4b <unknown>
#2 0x5565b0bb0318 <unknown>
#3 0x5565b0bb0551 <unknown>
#4 0x5565b0ba4586 <unknown>
#5 0x5565b0ba4477 <unknown>
#6 0x5565b0bfbbee <unknown>
#7 0x5565b0ba2c42 <unknown>
#8 0x5565b0ba38f1 <unknown>
#9 0x5565b10a9f09 <unknown>
#10 0x5565b10ace4d <unknown>
#11 0x5565b1092c51 <unknown>
#12 0x5565b10ada2b <unknown>
#13 0x5565b1079a20 <unknown>
#14 0x5565b10cea78 <unknown>
#15 0x5565b10cec49 <unknown>
#16 0x5565b10e04c3 <unknown>
#17 0x7fde2ac9caa4 <unknown>
#18 0x7fde2ad29c6c <unknown>

2025-12-14 06:47:17 - INFO - Fetching BUY listings for USDT/EUR
2025-12-14 06:47:18 - INFO - Data successfully saved to SQLite database. New listings - Bybit: 4, Binance: 6
2025-12-14 06:47:19 - INFO - Browser session closed
2025-12-14 06:47:19 - INFO - SQLite database connection closed
2025-12-14 07:03:08 - INFO - Logging initialized. Log file: pb2b/logs/bybit_scraper_20251214.log
2025-12-14 07:03:10 - INFO - DataSaver logging initialized. Log file: pb2b/logs/data_saver_20251214.log
2025-12-14 07:03:10 - INFO - Connected to SQLite database: pb2b/p2p_listings.db
2025-12-14 07:03:10 - INFO - Database tables created successfully
2025-12-14 07:03:10 - INFO - Attempt 1/10: Loading https://www.bybit.com/fiat/trade/otc?actionType=1&token=USDT&fiat=NGN
2025-12-14 07:03:18 - INFO - Screenshot saved as 'pb2b/screenshots/bybit_page_20251214_070318.png'
2025-12-14 07:03:18 - WARNING - Error parsing row: Message: no such element: Unable to locate element: {"method":"css selector","selector":"td:nth-child(2)"}
  (Session info: chrome=143.0.7499.109); For documentation on this error, please visit: https://www.selenium.dev/documentation/webdriver/troubleshooting/errors#nosuchelementexception
Stacktrace:
#0 0x55bad9a7316a <unknown>
#1 0x55bad94f0c4b <unknown>
#2 0x55bad9542318 <unknown>
#3 0x55bad9542551 <unknown>
#4 0x55bad9536586 <unknown>
#5 0x55bad9536477 <unknown>
#6 0x55bad958dbee <unknown>
#7 0x55bad9534c42 <unknown>
#8 0x55bad95358f1 <unknown>
#9 0x55bad9a3bf09 <unknown>
#10 0x55bad9a3ee4d <unknown>
#11 0x55bad9a24c51 <unknown>
#12 0x55bad9a3fa2b <unknown>
#13 0x55bad9a0ba20 <unknown>
#14 0x55bad9a60a78 <unknown>
#15 0x55bad9a60c49 <unknown>
#16 0x55bad9a724c3 <unknown>
#17 0x7f316749caa4 <unknown>
#18 0x7f3167529c6c <unknown>

2025-12-14 07:03:18 - INFO - Fetching BUY listings for USDT/EUR
2025-12-14 07:03:19 - INFO - Data successfully saved to SQLite database. New listings - Bybit: 4, Binance: 6
2025-12-14 07:03:19 - INFO - Browser session closed
2025-12-14 07:03:19 - INFO - SQLite database connection closed
