2025-03-21 01:58:30 - INFO - Logging initialized. Log file: pb2b/logs/bybit_scraper_20250321.log
2025-03-21 01:58:30 - INFO - DataSaver logging initialized. Log file: pb2b/logs/data_saver_20250321.log
2025-03-21 01:58:30 - INFO - Connected to SQLite database: pb2b/p2p_listings.db
2025-03-21 01:58:30 - INFO - Database tables created successfully
2025-03-21 01:58:30 - INFO - Attempt 1/10: Loading https://www.bybit.com/fiat/trade/otc?actionType=1&token=USDT&fiat=NGN
2025-03-21 01:58:41 - INFO - Screenshot saved as 'pb2b/screenshots/bybit_page_20250321_015841.png'
2025-03-21 01:58:42 - INFO - Fetching BUY listings for USDT/EUR
2025-03-21 01:58:42 - INFO - Data successfully saved to SQLite database. New listings - Bybit: 4, Binance: 6
2025-03-21 01:58:42 - INFO - Browser session closed
2025-03-21 01:58:42 - INFO - SQLite database connection closed
2025-03-21 03:04:06 - INFO - Logging initialized. Log file: pb2b/logs/bybit_scraper_20250321.log
2025-03-21 03:04:07 - INFO - DataSaver logging initialized. Log file: pb2b/logs/data_saver_20250321.log
2025-03-21 03:04:07 - INFO - Connected to SQLite database: pb2b/p2p_listings.db
2025-03-21 03:04:07 - INFO - Database tables created successfully
2025-03-21 03:04:07 - INFO - Attempt 1/10: Loading https://www.bybit.com/fiat/trade/otc?actionType=1&token=USDT&fiat=NGN
2025-03-21 03:04:16 - INFO - Screenshot saved as 'pb2b/screenshots/bybit_page_20250321_030415.png'
2025-03-21 03:04:16 - INFO - Fetching BUY listings for USDT/EUR
2025-03-21 03:04:17 - INFO - Data successfully saved to SQLite database. New listings - Bybit: 4, Binance: 6
2025-03-21 03:04:17 - INFO - Browser session closed
2025-03-21 03:04:17 - INFO - SQLite database connection closed
2025-03-21 03:40:30 - INFO - Logging initialized. Log file: pb2b/logs/bybit_scraper_20250321.log
2025-03-21 03:40:30 - INFO - DataSaver logging initialized. Log file: pb2b/logs/data_saver_20250321.log
2025-03-21 03:40:30 - INFO - Connected to SQLite database: pb2b/p2p_listings.db
2025-03-21 03:40:30 - INFO - Database tables created successfully
2025-03-21 03:40:30 - INFO - Attempt 1/10: Loading https://www.bybit.com/fiat/trade/otc?actionType=1&token=USDT&fiat=NGN
2025-03-21 03:40:38 - INFO - Screenshot saved as 'pb2b/screenshots/bybit_page_20250321_034038.png'
2025-03-21 03:40:39 - INFO - Fetching BUY listings for USDT/EUR
2025-03-21 03:40:40 - INFO - Data successfully saved to SQLite database. New listings - Bybit: 4, Binance: 6
2025-03-21 03:40:40 - INFO - Browser session closed
2025-03-21 03:40:40 - INFO - SQLite database connection closed
2025-03-21 03:56:04 - INFO - Logging initialized. Log file: pb2b/logs/bybit_scraper_20250321.log
2025-03-21 03:56:04 - INFO - DataSaver logging initialized. Log file: pb2b/logs/data_saver_20250321.log
2025-03-21 03:56:04 - INFO - Connected to SQLite database: pb2b/p2p_listings.db
2025-03-21 03:56:04 - INFO - Database tables created successfully
2025-03-21 03:56:04 - INFO - Attempt 1/10: Loading https://www.bybit.com/fiat/trade/otc?actionType=1&token=USDT&fiat=NGN
2025-03-21 03:56:14 - INFO - Screenshot saved as 'pb2b/screenshots/bybit_page_20250321_035614.png'
2025-03-21 03:56:14 - INFO - Fetching BUY listings for USDT/EUR
2025-03-21 03:56:15 - INFO - Data successfully saved to SQLite database. New listings - Bybit: 4, Binance: 6
2025-03-21 03:56:15 - INFO - Browser session closed
2025-03-21 03:56:15 - INFO - SQLite database connection closed
2025-03-21 04:28:27 - INFO - Logging initialized. Log file: pb2b/logs/bybit_scraper_20250321.log
2025-03-21 04:28:28 - INFO - DataSaver logging initialized. Log file: pb2b/logs/data_saver_20250321.log
2025-03-21 04:28:28 - INFO - Connected to SQLite database: pb2b/p2p_listings.db
2025-03-21 04:28:28 - INFO - Database tables created successfully
2025-03-21 04:28:28 - INFO - Attempt 1/10: Loading https://www.bybit.com/fiat/trade/otc?actionType=1&token=USDT&fiat=NGN
2025-03-21 04:28:38 - INFO - Screenshot saved as 'pb2b/screenshots/bybit_page_20250321_042838.png'
2025-03-21 04:28:38 - INFO - Fetching BUY listings for USDT/EUR
2025-03-21 04:28:39 - INFO - Data successfully saved to SQLite database. New listings - Bybit: 4, Binance: 6
2025-03-21 04:28:39 - INFO - Browser session closed
2025-03-21 04:28:39 - INFO - SQLite database connection closed
2025-03-21 04:47:10 - INFO - Logging initialized. Log file: pb2b/logs/bybit_scraper_20250321.log
2025-03-21 04:47:11 - INFO - DataSaver logging initialized. Log file: pb2b/logs/data_saver_20250321.log
2025-03-21 04:47:11 - INFO - Connected to SQLite database: pb2b/p2p_listings.db
2025-03-21 04:47:11 - INFO - Database tables created successfully
2025-03-21 04:47:11 - INFO - Attempt 1/10: Loading https://www.bybit.com/fiat/trade/otc?actionType=1&token=USDT&fiat=NGN
2025-03-21 04:47:20 - INFO - Screenshot saved as 'pb2b/screenshots/bybit_page_20250321_044720.png'
2025-03-21 04:47:20 - INFO - Fetching BUY listings for USDT/EUR
2025-03-21 04:47:21 - INFO - Data successfully saved to SQLite database. New listings - Bybit: 4, Binance: 6
2025-03-21 04:47:21 - INFO - Browser session closed
2025-03-21 04:47:21 - INFO - SQLite database connection closed
2025-03-21 04:59:14 - INFO - Logging initialized. Log file: pb2b/logs/bybit_scraper_20250321.log
2025-03-21 04:59:15 - INFO - DataSaver logging initialized. Log file: pb2b/logs/data_saver_20250321.log
2025-03-21 04:59:15 - INFO - Connected to SQLite database: pb2b/p2p_listings.db
2025-03-21 04:59:15 - INFO - Database tables created successfully
2025-03-21 04:59:15 - INFO - Attempt 1/10: Loading https://www.bybit.com/fiat/trade/otc?actionType=1&token=USDT&fiat=NGN
2025-03-21 04:59:24 - INFO - Screenshot saved as 'pb2b/screenshots/bybit_page_20250321_045924.png'
2025-03-21 04:59:24 - INFO - Fetching BUY listings for USDT/EUR
2025-03-21 04:59:25 - INFO - Data successfully saved to SQLite database. New listings - Bybit: 4, Binance: 6
2025-03-21 04:59:25 - INFO - Browser session closed
2025-03-21 04:59:25 - INFO - SQLite database connection closed
2025-03-21 05:28:14 - INFO - Logging initialized. Log file: pb2b/logs/bybit_scraper_20250321.log
2025-03-21 05:28:15 - INFO - DataSaver logging initialized. Log file: pb2b/logs/data_saver_20250321.log
2025-03-21 05:28:15 - INFO - Connected to SQLite database: pb2b/p2p_listings.db
2025-03-21 05:28:15 - INFO - Database tables created successfully
2025-03-21 05:28:15 - INFO - Attempt 1/10: Loading https://www.bybit.com/fiat/trade/otc?actionType=1&token=USDT&fiat=NGN
2025-03-21 05:28:25 - INFO - Screenshot saved as 'pb2b/screenshots/bybit_page_20250321_052825.png'
2025-03-21 05:28:25 - INFO - Fetching BUY listings for USDT/EUR
2025-03-21 05:28:26 - INFO - Data successfully saved to SQLite database. New listings - Bybit: 4, Binance: 6
2025-03-21 05:28:26 - INFO - Browser session closed
2025-03-21 05:28:26 - INFO - SQLite database connection closed
2025-03-21 05:43:35 - INFO - Logging initialized. Log file: pb2b/logs/bybit_scraper_20250321.log
2025-03-21 05:43:37 - INFO - DataSaver logging initialized. Log file: pb2b/logs/data_saver_20250321.log
2025-03-21 05:43:37 - INFO - Connected to SQLite database: pb2b/p2p_listings.db
2025-03-21 05:43:37 - INFO - Database tables created successfully
2025-03-21 05:43:37 - INFO - Attempt 1/10: Loading https://www.bybit.com/fiat/trade/otc?actionType=1&token=USDT&fiat=NGN
2025-03-21 05:43:46 - INFO - Screenshot saved as 'pb2b/screenshots/bybit_page_20250321_054346.png'
2025-03-21 05:43:46 - INFO - Fetching BUY listings for USDT/EUR
2025-03-21 05:43:47 - INFO - Data successfully saved to SQLite database. New listings - Bybit: 4, Binance: 6
2025-03-21 05:43:47 - INFO - Browser session closed
2025-03-21 05:43:47 - INFO - SQLite database connection closed
2025-03-21 05:56:41 - INFO - Logging initialized. Log file: pb2b/logs/bybit_scraper_20250321.log
2025-03-21 05:56:41 - INFO - DataSaver logging initialized. Log file: pb2b/logs/data_saver_20250321.log
2025-03-21 05:56:41 - INFO - Connected to SQLite database: pb2b/p2p_listings.db
2025-03-21 05:56:41 - INFO - Database tables created successfully
2025-03-21 05:56:41 - INFO - Attempt 1/10: Loading https://www.bybit.com/fiat/trade/otc?actionType=1&token=USDT&fiat=NGN
2025-03-21 05:56:50 - INFO - Screenshot saved as 'pb2b/screenshots/bybit_page_20250321_055650.png'
2025-03-21 05:56:51 - INFO - Fetching BUY listings for USDT/EUR
2025-03-21 05:56:52 - INFO - Data successfully saved to SQLite database. New listings - Bybit: 4, Binance: 6
2025-03-21 05:56:52 - INFO - Browser session closed
2025-03-21 05:56:52 - INFO - SQLite database connection closed
2025-03-21 06:37:18 - INFO - Logging initialized. Log file: pb2b/logs/bybit_scraper_20250321.log
2025-03-21 06:37:19 - INFO - DataSaver logging initialized. Log file: pb2b/logs/data_saver_20250321.log
2025-03-21 06:37:19 - INFO - Connected to SQLite database: pb2b/p2p_listings.db
2025-03-21 06:37:19 - INFO - Database tables created successfully
2025-03-21 06:37:19 - INFO - Attempt 1/10: Loading https://www.bybit.com/fiat/trade/otc?actionType=1&token=USDT&fiat=NGN
2025-03-21 06:37:28 - INFO - Screenshot saved as 'pb2b/screenshots/bybit_page_20250321_063728.png'
2025-03-21 06:37:29 - INFO - Fetching BUY listings for USDT/EUR
2025-03-21 06:37:29 - INFO - Data successfully saved to SQLite database. New listings - Bybit: 4, Binance: 6
2025-03-21 06:37:29 - INFO - Browser session closed
2025-03-21 06:37:29 - INFO - SQLite database connection closed
2025-03-21 06:54:53 - INFO - Logging initialized. Log file: pb2b/logs/bybit_scraper_20250321.log
2025-03-21 06:54:54 - INFO - DataSaver logging initialized. Log file: pb2b/logs/data_saver_20250321.log
2025-03-21 06:54:54 - INFO - Connected to SQLite database: pb2b/p2p_listings.db
2025-03-21 06:54:54 - INFO - Database tables created successfully
2025-03-21 06:54:54 - INFO - Attempt 1/10: Loading https://www.bybit.com/fiat/trade/otc?actionType=1&token=USDT&fiat=NGN
2025-03-21 06:55:04 - INFO - Screenshot saved as 'pb2b/screenshots/bybit_page_20250321_065504.png'
2025-03-21 06:55:04 - INFO - Fetching BUY listings for USDT/EUR
2025-03-21 06:55:05 - INFO - Data successfully saved to SQLite database. New listings - Bybit: 4, Binance: 6
2025-03-21 06:55:05 - INFO - Browser session closed
2025-03-21 06:55:05 - INFO - SQLite database connection closed
2025-03-21 07:19:30 - INFO - Logging initialized. Log file: pb2b/logs/bybit_scraper_20250321.log
2025-03-21 07:19:31 - INFO - DataSaver logging initialized. Log file: pb2b/logs/data_saver_20250321.log
2025-03-21 07:19:31 - INFO - Connected to SQLite database: pb2b/p2p_listings.db
2025-03-21 07:19:31 - INFO - Database tables created successfully
2025-03-21 07:19:31 - INFO - Attempt 1/10: Loading https://www.bybit.com/fiat/trade/otc?actionType=1&token=USDT&fiat=NGN
2025-03-21 07:19:40 - INFO - Screenshot saved as 'pb2b/screenshots/bybit_page_20250321_071940.png'
2025-03-21 07:19:40 - INFO - Fetching BUY listings for USDT/EUR
2025-03-21 07:19:41 - INFO - Data successfully saved to SQLite database. New listings - Bybit: 4, Binance: 6
2025-03-21 07:19:41 - INFO - Browser session closed
2025-03-21 07:19:41 - INFO - SQLite database connection closed
2025-03-21 07:34:17 - INFO - Logging initialized. Log file: pb2b/logs/bybit_scraper_20250321.log
2025-03-21 07:34:18 - INFO - DataSaver logging initialized. Log file: pb2b/logs/data_saver_20250321.log
2025-03-21 07:34:18 - INFO - Connected to SQLite database: pb2b/p2p_listings.db
2025-03-21 07:34:18 - INFO - Database tables created successfully
2025-03-21 07:34:18 - INFO - Attempt 1/10: Loading https://www.bybit.com/fiat/trade/otc?actionType=1&token=USDT&fiat=NGN
2025-03-21 07:34:28 - INFO - Screenshot saved as 'pb2b/screenshots/bybit_page_20250321_073428.png'
2025-03-21 07:34:29 - INFO - Fetching BUY listings for USDT/EUR
2025-03-21 07:34:29 - INFO - Data successfully saved to SQLite database. New listings - Bybit: 4, Binance: 6
2025-03-21 07:34:30 - INFO - Browser session closed
2025-03-21 07:34:30 - INFO - SQLite database connection closed
