2025-12-13 00:01:27 - INFO - Logging initialized. Log file: pb2b/logs/bybit_scraper_20251213.log
2025-12-13 00:01:28 - INFO - DataSaver logging initialized. Log file: pb2b/logs/data_saver_20251213.log
2025-12-13 00:01:28 - INFO - Connected to SQLite database: pb2b/p2p_listings.db
2025-12-13 00:01:28 - INFO - Database tables created successfully
2025-12-13 00:01:28 - INFO - Attempt 1/10: Loading https://www.bybit.com/fiat/trade/otc?actionType=1&token=USDT&fiat=NGN
2025-12-13 00:01:38 - INFO - Screenshot saved as 'pb2b/screenshots/bybit_page_20251213_000138.png'
2025-12-13 00:01:38 - WARNING - Error parsing row: Message: no such element: Unable to locate element: {"method":"css selector","selector":"td:nth-child(2)"}
  (Session info: chrome=143.0.7499.109); For documentation on this error, please visit: https://www.selenium.dev/documentation/webdriver/troubleshooting/errors#nosuchelementexception
Stacktrace:
#0 0x55d40b26d16a <unknown>
#1 0x55d40aceac4b <unknown>
#2 0x55d40ad3c318 <unknown>
#3 0x55d40ad3c551 <unknown>
#4 0x55d40ad30586 <unknown>
#5 0x55d40ad30477 <unknown>
#6 0x55d40ad87bee <unknown>
#7 0x55d40ad2ec42 <unknown>
#8 0x55d40ad2f8f1 <unknown>
#9 0x55d40b235f09 <unknown>
#10 0x55d40b238e4d <unknown>
#11 0x55d40b21ec51 <unknown>
#12 0x55d40b239a2b <unknown>
#13 0x55d40b205a20 <unknown>
#14 0x55d40b25aa78 <unknown>
#15 0x55d40b25ac49 <unknown>
#16 0x55d40b26c4c3 <unknown>
#17 0x7f32cee9caa4 <unknown>
#18 0x7f32cef29c6c <unknown>

2025-12-13 00:01:38 - INFO - Fetching BUY listings for USDT/EUR
2025-12-13 00:01:39 - INFO - Data successfully saved to SQLite database. New listings - Bybit: 4, Binance: 6
2025-12-13 00:01:39 - INFO - Browser session closed
2025-12-13 00:01:39 - INFO - SQLite database connection closed
