2025-03-02 01:59:24 - INFO - Logging initialized. Log file: pb2b/logs/bybit_scraper_20250302.log
2025-03-02 01:59:25 - INFO - DataSaver logging initialized. Log file: pb2b/logs/data_saver_20250302.log
2025-03-02 01:59:25 - INFO - Connected to SQLite database: pb2b/p2p_listings.db
2025-03-02 01:59:25 - INFO - Database tables created successfully
2025-03-02 01:59:25 - INFO - Attempt 1/10: Loading https://www.bybit.com/fiat/trade/otc?actionType=1&token=USDT&fiat=NGN
2025-03-02 01:59:35 - INFO - Screenshot saved as 'pb2b/screenshots/bybit_page_20250302_015935.png'
2025-03-02 01:59:35 - INFO - Fetching BUY listings for USDT/EUR
2025-03-02 01:59:36 - INFO - Data successfully saved to SQLite database. New listings - Bybit: 4, Binance: 6
2025-03-02 01:59:36 - INFO - Browser session closed
2025-03-02 01:59:36 - INFO - SQLite database connection closed
2025-03-02 03:01:16 - INFO - Logging initialized. Log file: pb2b/logs/bybit_scraper_20250302.log
2025-03-02 03:01:16 - INFO - DataSaver logging initialized. Log file: pb2b/logs/data_saver_20250302.log
2025-03-02 03:01:16 - INFO - Connected to SQLite database: pb2b/p2p_listings.db
2025-03-02 03:01:16 - INFO - Database tables created successfully
2025-03-02 03:01:16 - INFO - Attempt 1/10: Loading https://www.bybit.com/fiat/trade/otc?actionType=1&token=USDT&fiat=NGN
2025-03-02 03:01:25 - INFO - Screenshot saved as 'pb2b/screenshots/bybit_page_20250302_030125.png'
2025-03-02 03:01:26 - INFO - Fetching BUY listings for USDT/EUR
2025-03-02 03:01:26 - INFO - Data successfully saved to SQLite database. New listings - Bybit: 4, Binance: 6
2025-03-02 03:01:26 - INFO - Browser session closed
2025-03-02 03:01:26 - INFO - SQLite database connection closed
2025-03-02 03:36:22 - INFO - Logging initialized. Log file: pb2b/logs/bybit_scraper_20250302.log
2025-03-02 03:36:23 - INFO - DataSaver logging initialized. Log file: pb2b/logs/data_saver_20250302.log
2025-03-02 03:36:23 - INFO - Connected to SQLite database: pb2b/p2p_listings.db
2025-03-02 03:36:23 - INFO - Database tables created successfully
2025-03-02 03:36:23 - INFO - Attempt 1/10: Loading https://www.bybit.com/fiat/trade/otc?actionType=1&token=USDT&fiat=NGN
2025-03-02 03:36:33 - INFO - Screenshot saved as 'pb2b/screenshots/bybit_page_20250302_033633.png'
2025-03-02 03:36:34 - INFO - Fetching BUY listings for USDT/EUR
2025-03-02 03:36:35 - INFO - Data successfully saved to SQLite database. New listings - Bybit: 4, Binance: 6
2025-03-02 03:36:35 - INFO - Browser session closed
2025-03-02 03:36:35 - INFO - SQLite database connection closed
2025-03-02 03:50:40 - INFO - Logging initialized. Log file: pb2b/logs/bybit_scraper_20250302.log
2025-03-02 03:50:42 - INFO - DataSaver logging initialized. Log file: pb2b/logs/data_saver_20250302.log
2025-03-02 03:50:42 - INFO - Connected to SQLite database: pb2b/p2p_listings.db
2025-03-02 03:50:42 - INFO - Database tables created successfully
2025-03-02 03:50:42 - INFO - Attempt 1/10: Loading https://www.bybit.com/fiat/trade/otc?actionType=1&token=USDT&fiat=NGN
2025-03-02 03:50:54 - INFO - Screenshot saved as 'pb2b/screenshots/bybit_page_20250302_035053.png'
2025-03-02 03:50:54 - INFO - Fetching BUY listings for USDT/EUR
2025-03-02 03:50:54 - INFO - Data successfully saved to SQLite database. New listings - Bybit: 4, Binance: 6
2025-03-02 03:50:55 - INFO - Browser session closed
2025-03-02 03:50:55 - INFO - SQLite database connection closed
2025-03-02 04:14:53 - INFO - Logging initialized. Log file: pb2b/logs/bybit_scraper_20250302.log
2025-03-02 04:14:54 - INFO - DataSaver logging initialized. Log file: pb2b/logs/data_saver_20250302.log
2025-03-02 04:14:54 - INFO - Connected to SQLite database: pb2b/p2p_listings.db
2025-03-02 04:14:54 - INFO - Database tables created successfully
2025-03-02 04:14:54 - INFO - Attempt 1/10: Loading https://www.bybit.com/fiat/trade/otc?actionType=1&token=USDT&fiat=NGN
2025-03-02 04:15:04 - INFO - Screenshot saved as 'pb2b/screenshots/bybit_page_20250302_041504.png'
2025-03-02 04:15:04 - INFO - Fetching BUY listings for USDT/EUR
2025-03-02 04:15:05 - INFO - Data successfully saved to SQLite database. New listings - Bybit: 4, Binance: 6
2025-03-02 04:15:05 - INFO - Browser session closed
2025-03-02 04:15:05 - INFO - SQLite database connection closed
2025-03-02 04:35:09 - INFO - Logging initialized. Log file: pb2b/logs/bybit_scraper_20250302.log
2025-03-02 04:35:09 - INFO - DataSaver logging initialized. Log file: pb2b/logs/data_saver_20250302.log
2025-03-02 04:35:09 - INFO - Connected to SQLite database: pb2b/p2p_listings.db
2025-03-02 04:35:09 - INFO - Database tables created successfully
2025-03-02 04:35:09 - INFO - Attempt 1/10: Loading https://www.bybit.com/fiat/trade/otc?actionType=1&token=USDT&fiat=NGN
2025-03-02 04:35:19 - INFO - Screenshot saved as 'pb2b/screenshots/bybit_page_20250302_043519.png'
2025-03-02 04:35:19 - INFO - Fetching BUY listings for USDT/EUR
2025-03-02 04:35:20 - INFO - Data successfully saved to SQLite database. New listings - Bybit: 4, Binance: 6
2025-03-02 04:35:20 - INFO - Browser session closed
2025-03-02 04:35:20 - INFO - SQLite database connection closed
2025-03-02 04:48:40 - INFO - Logging initialized. Log file: pb2b/logs/bybit_scraper_20250302.log
2025-03-02 04:48:42 - INFO - DataSaver logging initialized. Log file: pb2b/logs/data_saver_20250302.log
2025-03-02 04:48:42 - INFO - Connected to SQLite database: pb2b/p2p_listings.db
2025-03-02 04:48:42 - INFO - Database tables created successfully
2025-03-02 04:48:42 - INFO - Attempt 1/10: Loading https://www.bybit.com/fiat/trade/otc?actionType=1&token=USDT&fiat=NGN
2025-03-02 04:48:51 - INFO - Screenshot saved as 'pb2b/screenshots/bybit_page_20250302_044851.png'
2025-03-02 04:48:52 - INFO - Fetching BUY listings for USDT/EUR
2025-03-02 04:48:53 - INFO - Data successfully saved to SQLite database. New listings - Bybit: 4, Binance: 6
2025-03-02 04:48:53 - INFO - Browser session closed
2025-03-02 04:48:53 - INFO - SQLite database connection closed
2025-03-02 05:02:02 - INFO - Logging initialized. Log file: pb2b/logs/bybit_scraper_20250302.log
2025-03-02 05:02:03 - INFO - DataSaver logging initialized. Log file: pb2b/logs/data_saver_20250302.log
2025-03-02 05:02:03 - INFO - Connected to SQLite database: pb2b/p2p_listings.db
2025-03-02 05:02:03 - INFO - Database tables created successfully
2025-03-02 05:02:03 - INFO - Attempt 1/10: Loading https://www.bybit.com/fiat/trade/otc?actionType=1&token=USDT&fiat=NGN
2025-03-02 05:02:13 - INFO - Screenshot saved as 'pb2b/screenshots/bybit_page_20250302_050213.png'
2025-03-02 05:02:13 - INFO - Fetching BUY listings for USDT/EUR
2025-03-02 05:02:14 - INFO - Data successfully saved to SQLite database. New listings - Bybit: 4, Binance: 6
2025-03-02 05:02:14 - INFO - Browser session closed
2025-03-02 05:02:14 - INFO - SQLite database connection closed
2025-03-02 05:29:10 - INFO - Logging initialized. Log file: pb2b/logs/bybit_scraper_20250302.log
2025-03-02 05:29:11 - INFO - DataSaver logging initialized. Log file: pb2b/logs/data_saver_20250302.log
2025-03-02 05:29:11 - INFO - Connected to SQLite database: pb2b/p2p_listings.db
2025-03-02 05:29:11 - INFO - Database tables created successfully
2025-03-02 05:29:11 - INFO - Attempt 1/10: Loading https://www.bybit.com/fiat/trade/otc?actionType=1&token=USDT&fiat=NGN
2025-03-02 05:29:21 - INFO - Screenshot saved as 'pb2b/screenshots/bybit_page_20250302_052920.png'
2025-03-02 05:29:21 - INFO - Fetching BUY listings for USDT/EUR
2025-03-02 05:29:22 - INFO - Data successfully saved to SQLite database. New listings - Bybit: 4, Binance: 6
2025-03-02 05:29:22 - INFO - Browser session closed
2025-03-02 05:29:22 - INFO - SQLite database connection closed
2025-03-02 05:43:28 - INFO - Logging initialized. Log file: pb2b/logs/bybit_scraper_20250302.log
2025-03-02 05:43:29 - INFO - DataSaver logging initialized. Log file: pb2b/logs/data_saver_20250302.log
2025-03-02 05:43:29 - INFO - Connected to SQLite database: pb2b/p2p_listings.db
2025-03-02 05:43:29 - INFO - Database tables created successfully
2025-03-02 05:43:29 - INFO - Attempt 1/10: Loading https://www.bybit.com/fiat/trade/otc?actionType=1&token=USDT&fiat=NGN
2025-03-02 05:43:40 - INFO - Screenshot saved as 'pb2b/screenshots/bybit_page_20250302_054340.png'
2025-03-02 05:43:40 - INFO - Fetching BUY listings for USDT/EUR
2025-03-02 05:43:41 - INFO - Data successfully saved to SQLite database. New listings - Bybit: 4, Binance: 6
2025-03-02 05:43:41 - INFO - Browser session closed
2025-03-02 05:43:41 - INFO - SQLite database connection closed
2025-03-02 05:56:27 - INFO - Logging initialized. Log file: pb2b/logs/bybit_scraper_20250302.log
2025-03-02 05:56:29 - INFO - DataSaver logging initialized. Log file: pb2b/logs/data_saver_20250302.log
2025-03-02 05:56:29 - INFO - Connected to SQLite database: pb2b/p2p_listings.db
2025-03-02 05:56:29 - INFO - Database tables created successfully
2025-03-02 05:56:29 - INFO - Attempt 1/10: Loading https://www.bybit.com/fiat/trade/otc?actionType=1&token=USDT&fiat=NGN
2025-03-02 05:56:39 - INFO - Screenshot saved as 'pb2b/screenshots/bybit_page_20250302_055639.png'
2025-03-02 05:56:40 - INFO - Fetching BUY listings for USDT/EUR
2025-03-02 05:56:40 - INFO - Data successfully saved to SQLite database. New listings - Bybit: 4, Binance: 6
2025-03-02 05:56:41 - INFO - Browser session closed
2025-03-02 05:56:41 - INFO - SQLite database connection closed
2025-03-02 06:32:58 - INFO - Logging initialized. Log file: pb2b/logs/bybit_scraper_20250302.log
2025-03-02 06:32:59 - INFO - DataSaver logging initialized. Log file: pb2b/logs/data_saver_20250302.log
2025-03-02 06:32:59 - INFO - Connected to SQLite database: pb2b/p2p_listings.db
2025-03-02 06:32:59 - INFO - Database tables created successfully
2025-03-02 06:32:59 - INFO - Attempt 1/10: Loading https://www.bybit.com/fiat/trade/otc?actionType=1&token=USDT&fiat=NGN
2025-03-02 06:33:09 - INFO - Screenshot saved as 'pb2b/screenshots/bybit_page_20250302_063309.png'
2025-03-02 06:33:10 - INFO - Fetching BUY listings for USDT/EUR
2025-03-02 06:33:10 - INFO - Data successfully saved to SQLite database. New listings - Bybit: 4, Binance: 6
2025-03-02 06:33:10 - INFO - Browser session closed
2025-03-02 06:33:10 - INFO - SQLite database connection closed
2025-03-02 06:47:56 - INFO - Logging initialized. Log file: pb2b/logs/bybit_scraper_20250302.log
2025-03-02 06:47:57 - INFO - DataSaver logging initialized. Log file: pb2b/logs/data_saver_20250302.log
2025-03-02 06:47:57 - INFO - Connected to SQLite database: pb2b/p2p_listings.db
2025-03-02 06:47:57 - INFO - Database tables created successfully
2025-03-02 06:47:57 - INFO - Attempt 1/10: Loading https://www.bybit.com/fiat/trade/otc?actionType=1&token=USDT&fiat=NGN
2025-03-02 06:48:06 - INFO - Screenshot saved as 'pb2b/screenshots/bybit_page_20250302_064806.png'
2025-03-02 06:48:07 - INFO - Fetching BUY listings for USDT/EUR
2025-03-02 06:48:07 - INFO - Data successfully saved to SQLite database. New listings - Bybit: 4, Binance: 6
2025-03-02 06:48:07 - INFO - Browser session closed
2025-03-02 06:48:07 - INFO - SQLite database connection closed
2025-03-02 07:00:52 - INFO - Logging initialized. Log file: pb2b/logs/bybit_scraper_20250302.log
2025-03-02 07:00:53 - INFO - DataSaver logging initialized. Log file: pb2b/logs/data_saver_20250302.log
2025-03-02 07:00:53 - INFO - Connected to SQLite database: pb2b/p2p_listings.db
2025-03-02 07:00:53 - INFO - Database tables created successfully
2025-03-02 07:00:53 - INFO - Attempt 1/10: Loading https://www.bybit.com/fiat/trade/otc?actionType=1&token=USDT&fiat=NGN
2025-03-02 07:01:03 - INFO - Screenshot saved as 'pb2b/screenshots/bybit_page_20250302_070102.png'
2025-03-02 07:01:03 - INFO - Fetching BUY listings for USDT/EUR
2025-03-02 07:01:03 - INFO - Data successfully saved to SQLite database. New listings - Bybit: 4, Binance: 6
2025-03-02 07:01:03 - INFO - Browser session closed
2025-03-02 07:01:03 - INFO - SQLite database connection closed
2025-03-02 07:22:48 - INFO - Logging initialized. Log file: pb2b/logs/bybit_scraper_20250302.log
2025-03-02 07:22:49 - INFO - DataSaver logging initialized. Log file: pb2b/logs/data_saver_20250302.log
2025-03-02 07:22:49 - INFO - Connected to SQLite database: pb2b/p2p_listings.db
2025-03-02 07:22:49 - INFO - Database tables created successfully
2025-03-02 07:22:49 - INFO - Attempt 1/10: Loading https://www.bybit.com/fiat/trade/otc?actionType=1&token=USDT&fiat=NGN
2025-03-02 07:22:58 - INFO - Screenshot saved as 'pb2b/screenshots/bybit_page_20250302_072258.png'
2025-03-02 07:22:59 - INFO - Fetching BUY listings for USDT/EUR
2025-03-02 07:22:59 - INFO - Data successfully saved to SQLite database. New listings - Bybit: 4, Binance: 6
2025-03-02 07:22:59 - INFO - Browser session closed
2025-03-02 07:22:59 - INFO - SQLite database connection closed
2025-03-02 07:36:57 - INFO - Logging initialized. Log file: pb2b/logs/bybit_scraper_20250302.log
2025-03-02 07:36:58 - INFO - DataSaver logging initialized. Log file: pb2b/logs/data_saver_20250302.log
2025-03-02 07:36:58 - INFO - Connected to SQLite database: pb2b/p2p_listings.db
2025-03-02 07:36:58 - INFO - Database tables created successfully
2025-03-02 07:36:58 - INFO - Attempt 1/10: Loading https://www.bybit.com/fiat/trade/otc?actionType=1&token=USDT&fiat=NGN
2025-03-02 07:37:09 - INFO - Screenshot saved as 'pb2b/screenshots/bybit_page_20250302_073708.png'
2025-03-02 07:37:09 - INFO - Fetching BUY listings for USDT/EUR
2025-03-02 07:37:10 - INFO - Data successfully saved to SQLite database. New listings - Bybit: 4, Binance: 6
2025-03-02 07:37:10 - INFO - Browser session closed
2025-03-02 07:37:10 - INFO - SQLite database connection closed
2025-03-02 07:50:09 - INFO - Logging initialized. Log file: pb2b/logs/bybit_scraper_20250302.log
2025-03-02 07:50:09 - INFO - DataSaver logging initialized. Log file: pb2b/logs/data_saver_20250302.log
2025-03-02 07:50:09 - INFO - Connected to SQLite database: pb2b/p2p_listings.db
2025-03-02 07:50:09 - INFO - Database tables created successfully
2025-03-02 07:50:09 - INFO - Attempt 1/10: Loading https://www.bybit.com/fiat/trade/otc?actionType=1&token=USDT&fiat=NGN
2025-03-02 07:50:20 - INFO - Screenshot saved as 'pb2b/screenshots/bybit_page_20250302_075019.png'
2025-03-02 07:50:20 - INFO - Fetching BUY listings for USDT/EUR
2025-03-02 07:50:20 - INFO - Data successfully saved to SQLite database. New listings - Bybit: 4, Binance: 6
2025-03-02 07:50:20 - INFO - Browser session closed
2025-03-02 07:50:20 - INFO - SQLite database connection closed
2025-03-02 08:14:24 - INFO - Logging initialized. Log file: pb2b/logs/bybit_scraper_20250302.log
2025-03-02 08:14:25 - INFO - DataSaver logging initialized. Log file: pb2b/logs/data_saver_20250302.log
2025-03-02 08:14:25 - INFO - Connected to SQLite database: pb2b/p2p_listings.db
2025-03-02 08:14:25 - INFO - Database tables created successfully
2025-03-02 08:14:25 - INFO - Attempt 1/10: Loading https://www.bybit.com/fiat/trade/otc?actionType=1&token=USDT&fiat=NGN
2025-03-02 08:14:36 - INFO - Screenshot saved as 'pb2b/screenshots/bybit_page_20250302_081436.png'
2025-03-02 08:14:36 - INFO - Fetching BUY listings for USDT/EUR
2025-03-02 08:14:37 - INFO - Data successfully saved to SQLite database. New listings - Bybit: 4, Binance: 6
2025-03-02 08:14:37 - INFO - Browser session closed
2025-03-02 08:14:37 - INFO - SQLite database connection closed
2025-03-02 08:35:28 - INFO - Logging initialized. Log file: pb2b/logs/bybit_scraper_20250302.log
2025-03-02 08:35:30 - INFO - DataSaver logging initialized. Log file: pb2b/logs/data_saver_20250302.log
2025-03-02 08:35:30 - INFO - Connected to SQLite database: pb2b/p2p_listings.db
2025-03-02 08:35:30 - INFO - Database tables created successfully
2025-03-02 08:35:30 - INFO - Attempt 1/10: Loading https://www.bybit.com/fiat/trade/otc?actionType=1&token=USDT&fiat=NGN
2025-03-02 08:35:41 - INFO - Screenshot saved as 'pb2b/screenshots/bybit_page_20250302_083540.png'
2025-03-02 08:35:41 - INFO - Fetching BUY listings for USDT/EUR
2025-03-02 08:35:41 - INFO - Data successfully saved to SQLite database. New listings - Bybit: 4, Binance: 6
2025-03-02 08:35:41 - INFO - Browser session closed
2025-03-02 08:35:41 - INFO - SQLite database connection closed
2025-03-02 08:47:22 - INFO - Logging initialized. Log file: pb2b/logs/bybit_scraper_20250302.log
2025-03-02 08:47:23 - INFO - DataSaver logging initialized. Log file: pb2b/logs/data_saver_20250302.log
2025-03-02 08:47:23 - INFO - Connected to SQLite database: pb2b/p2p_listings.db
2025-03-02 08:47:23 - INFO - Database tables created successfully
2025-03-02 08:47:23 - INFO - Attempt 1/10: Loading https://www.bybit.com/fiat/trade/otc?actionType=1&token=USDT&fiat=NGN
2025-03-02 08:47:32 - INFO - Screenshot saved as 'pb2b/screenshots/bybit_page_20250302_084732.png'
2025-03-02 08:47:32 - INFO - Fetching BUY listings for USDT/EUR
2025-03-02 08:47:33 - INFO - Data successfully saved to SQLite database. New listings - Bybit: 4, Binance: 6
2025-03-02 08:47:33 - INFO - Browser session closed
2025-03-02 08:47:33 - INFO - SQLite database connection closed
2025-03-02 09:00:27 - INFO - Logging initialized. Log file: pb2b/logs/bybit_scraper_20250302.log
2025-03-02 09:00:28 - INFO - DataSaver logging initialized. Log file: pb2b/logs/data_saver_20250302.log
2025-03-02 09:00:28 - INFO - Connected to SQLite database: pb2b/p2p_listings.db
2025-03-02 09:00:28 - INFO - Database tables created successfully
2025-03-02 09:00:28 - INFO - Attempt 1/10: Loading https://www.bybit.com/fiat/trade/otc?actionType=1&token=USDT&fiat=NGN
2025-03-02 09:00:38 - INFO - Screenshot saved as 'pb2b/screenshots/bybit_page_20250302_090038.png'
2025-03-02 09:00:39 - INFO - Fetching BUY listings for USDT/EUR
2025-03-02 09:00:39 - INFO - Data successfully saved to SQLite database. New listings - Bybit: 4, Binance: 6
2025-03-02 09:00:40 - INFO - Browser session closed
2025-03-02 09:00:40 - INFO - SQLite database connection closed
2025-03-02 09:26:53 - INFO - Logging initialized. Log file: pb2b/logs/bybit_scraper_20250302.log
2025-03-02 09:26:54 - INFO - DataSaver logging initialized. Log file: pb2b/logs/data_saver_20250302.log
2025-03-02 09:26:54 - INFO - Connected to SQLite database: pb2b/p2p_listings.db
2025-03-02 09:26:54 - INFO - Database tables created successfully
2025-03-02 09:26:54 - INFO - Attempt 1/10: Loading https://www.bybit.com/fiat/trade/otc?actionType=1&token=USDT&fiat=NGN
2025-03-02 09:27:03 - INFO - Screenshot saved as 'pb2b/screenshots/bybit_page_20250302_092703.png'
2025-03-02 09:27:03 - INFO - Fetching BUY listings for USDT/EUR
2025-03-02 09:27:04 - INFO - Data successfully saved to SQLite database. New listings - Bybit: 4, Binance: 6
2025-03-02 09:27:04 - INFO - Browser session closed
2025-03-02 09:27:04 - INFO - SQLite database connection closed
2025-03-02 09:41:12 - INFO - Logging initialized. Log file: pb2b/logs/bybit_scraper_20250302.log
2025-03-02 09:41:13 - INFO - DataSaver logging initialized. Log file: pb2b/logs/data_saver_20250302.log
2025-03-02 09:41:13 - INFO - Connected to SQLite database: pb2b/p2p_listings.db
2025-03-02 09:41:13 - INFO - Database tables created successfully
2025-03-02 09:41:13 - INFO - Attempt 1/10: Loading https://www.bybit.com/fiat/trade/otc?actionType=1&token=USDT&fiat=NGN
2025-03-02 09:41:23 - INFO - Screenshot saved as 'pb2b/screenshots/bybit_page_20250302_094123.png'
2025-03-02 09:41:23 - INFO - Fetching BUY listings for USDT/EUR
2025-03-02 09:41:24 - INFO - Data successfully saved to SQLite database. New listings - Bybit: 4, Binance: 6
2025-03-02 09:41:24 - INFO - Browser session closed
2025-03-02 09:41:24 - INFO - SQLite database connection closed
2025-03-02 09:54:04 - INFO - Logging initialized. Log file: pb2b/logs/bybit_scraper_20250302.log
2025-03-02 09:54:05 - INFO - DataSaver logging initialized. Log file: pb2b/logs/data_saver_20250302.log
2025-03-02 09:54:05 - INFO - Connected to SQLite database: pb2b/p2p_listings.db
2025-03-02 09:54:05 - INFO - Database tables created successfully
2025-03-02 09:54:05 - INFO - Attempt 1/10: Loading https://www.bybit.com/fiat/trade/otc?actionType=1&token=USDT&fiat=NGN
2025-03-02 09:54:15 - INFO - Screenshot saved as 'pb2b/screenshots/bybit_page_20250302_095415.png'
2025-03-02 09:54:15 - INFO - Fetching BUY listings for USDT/EUR
2025-03-02 09:54:16 - INFO - Data successfully saved to SQLite database. New listings - Bybit: 4, Binance: 6
2025-03-02 09:54:16 - INFO - Browser session closed
2025-03-02 09:54:16 - INFO - SQLite database connection closed
2025-03-02 10:20:41 - INFO - Logging initialized. Log file: pb2b/logs/bybit_scraper_20250302.log
2025-03-02 10:20:42 - INFO - DataSaver logging initialized. Log file: pb2b/logs/data_saver_20250302.log
2025-03-02 10:20:42 - INFO - Connected to SQLite database: pb2b/p2p_listings.db
2025-03-02 10:20:42 - INFO - Database tables created successfully
2025-03-02 10:20:42 - INFO - Attempt 1/10: Loading https://www.bybit.com/fiat/trade/otc?actionType=1&token=USDT&fiat=NGN
2025-03-02 10:20:51 - INFO - Screenshot saved as 'pb2b/screenshots/bybit_page_20250302_102051.png'
2025-03-02 10:20:52 - INFO - Fetching BUY listings for USDT/EUR
2025-03-02 10:20:52 - INFO - Data successfully saved to SQLite database. New listings - Bybit: 4, Binance: 6
2025-03-02 10:20:52 - INFO - Browser session closed
2025-03-02 10:20:52 - INFO - SQLite database connection closed
2025-03-02 10:37:49 - INFO - Logging initialized. Log file: pb2b/logs/bybit_scraper_20250302.log
2025-03-02 10:37:49 - INFO - DataSaver logging initialized. Log file: pb2b/logs/data_saver_20250302.log
2025-03-02 10:37:49 - INFO - Connected to SQLite database: pb2b/p2p_listings.db
2025-03-02 10:37:49 - INFO - Database tables created successfully
2025-03-02 10:37:49 - INFO - Attempt 1/10: Loading https://www.bybit.com/fiat/trade/otc?actionType=1&token=USDT&fiat=NGN
2025-03-02 10:37:59 - INFO - Screenshot saved as 'pb2b/screenshots/bybit_page_20250302_103759.png'
2025-03-02 10:37:59 - INFO - Fetching BUY listings for USDT/EUR
2025-03-02 10:38:00 - INFO - Data successfully saved to SQLite database. New listings - Bybit: 4, Binance: 6
2025-03-02 10:38:00 - INFO - Browser session closed
2025-03-02 10:38:00 - INFO - SQLite database connection closed
2025-03-02 10:51:09 - INFO - Logging initialized. Log file: pb2b/logs/bybit_scraper_20250302.log
2025-03-02 10:51:09 - INFO - DataSaver logging initialized. Log file: pb2b/logs/data_saver_20250302.log
2025-03-02 10:51:09 - INFO - Connected to SQLite database: pb2b/p2p_listings.db
2025-03-02 10:51:09 - INFO - Database tables created successfully
2025-03-02 10:51:09 - INFO - Attempt 1/10: Loading https://www.bybit.com/fiat/trade/otc?actionType=1&token=USDT&fiat=NGN
2025-03-02 10:51:19 - INFO - Screenshot saved as 'pb2b/screenshots/bybit_page_20250302_105119.png'
2025-03-02 10:51:20 - INFO - Fetching BUY listings for USDT/EUR
2025-03-02 10:51:20 - INFO - Data successfully saved to SQLite database. New listings - Bybit: 4, Binance: 6
2025-03-02 10:51:20 - INFO - Browser session closed
2025-03-02 10:51:20 - INFO - SQLite database connection closed
2025-03-02 11:12:37 - INFO - Logging initialized. Log file: pb2b/logs/bybit_scraper_20250302.log
2025-03-02 11:12:38 - INFO - DataSaver logging initialized. Log file: pb2b/logs/data_saver_20250302.log
2025-03-02 11:12:38 - INFO - Connected to SQLite database: pb2b/p2p_listings.db
2025-03-02 11:12:38 - INFO - Database tables created successfully
2025-03-02 11:12:38 - INFO - Attempt 1/10: Loading https://www.bybit.com/fiat/trade/otc?actionType=1&token=USDT&fiat=NGN
2025-03-02 11:12:49 - INFO - Screenshot saved as 'pb2b/screenshots/bybit_page_20250302_111248.png'
2025-03-02 11:12:49 - INFO - Fetching BUY listings for USDT/EUR
2025-03-02 11:12:49 - INFO - Data successfully saved to SQLite database. New listings - Bybit: 4, Binance: 6
2025-03-02 11:12:50 - INFO - Browser session closed
2025-03-02 11:12:50 - INFO - SQLite database connection closed
2025-03-02 11:26:00 - INFO - Logging initialized. Log file: pb2b/logs/bybit_scraper_20250302.log
2025-03-02 11:26:01 - INFO - DataSaver logging initialized. Log file: pb2b/logs/data_saver_20250302.log
2025-03-02 11:26:01 - INFO - Connected to SQLite database: pb2b/p2p_listings.db
2025-03-02 11:26:01 - INFO - Database tables created successfully
2025-03-02 11:26:01 - INFO - Attempt 1/10: Loading https://www.bybit.com/fiat/trade/otc?actionType=1&token=USDT&fiat=NGN
2025-03-02 11:26:11 - INFO - Screenshot saved as 'pb2b/screenshots/bybit_page_20250302_112611.png'
2025-03-02 11:26:11 - INFO - Fetching BUY listings for USDT/EUR
2025-03-02 11:26:12 - INFO - Data successfully saved to SQLite database. New listings - Bybit: 4, Binance: 6
2025-03-02 11:26:12 - INFO - Browser session closed
2025-03-02 11:26:12 - INFO - SQLite database connection closed
2025-03-02 11:39:38 - INFO - Logging initialized. Log file: pb2b/logs/bybit_scraper_20250302.log
2025-03-02 11:39:38 - INFO - DataSaver logging initialized. Log file: pb2b/logs/data_saver_20250302.log
2025-03-02 11:39:38 - INFO - Connected to SQLite database: pb2b/p2p_listings.db
2025-03-02 11:39:38 - INFO - Database tables created successfully
2025-03-02 11:39:38 - INFO - Attempt 1/10: Loading https://www.bybit.com/fiat/trade/otc?actionType=1&token=USDT&fiat=NGN
2025-03-02 11:39:47 - INFO - Screenshot saved as 'pb2b/screenshots/bybit_page_20250302_113947.png'
2025-03-02 11:39:48 - INFO - Fetching BUY listings for USDT/EUR
2025-03-02 11:39:49 - INFO - Data successfully saved to SQLite database. New listings - Bybit: 4, Binance: 6
2025-03-02 11:39:49 - INFO - Browser session closed
2025-03-02 11:39:49 - INFO - SQLite database connection closed
2025-03-02 11:53:04 - INFO - Logging initialized. Log file: pb2b/logs/bybit_scraper_20250302.log
2025-03-02 11:53:04 - INFO - DataSaver logging initialized. Log file: pb2b/logs/data_saver_20250302.log
2025-03-02 11:53:04 - INFO - Connected to SQLite database: pb2b/p2p_listings.db
2025-03-02 11:53:04 - INFO - Database tables created successfully
2025-03-02 11:53:04 - INFO - Attempt 1/10: Loading https://www.bybit.com/fiat/trade/otc?actionType=1&token=USDT&fiat=NGN
2025-03-02 11:53:14 - INFO - Screenshot saved as 'pb2b/screenshots/bybit_page_20250302_115314.png'
2025-03-02 11:53:14 - INFO - Fetching BUY listings for USDT/EUR
2025-03-02 11:53:15 - INFO - Data successfully saved to SQLite database. New listings - Bybit: 4, Binance: 6
2025-03-02 11:53:15 - INFO - Browser session closed
2025-03-02 11:53:15 - INFO - SQLite database connection closed
2025-03-02 12:29:59 - INFO - Logging initialized. Log file: pb2b/logs/bybit_scraper_20250302.log
2025-03-02 12:30:00 - INFO - DataSaver logging initialized. Log file: pb2b/logs/data_saver_20250302.log
2025-03-02 12:30:00 - INFO - Connected to SQLite database: pb2b/p2p_listings.db
2025-03-02 12:30:00 - INFO - Database tables created successfully
2025-03-02 12:30:00 - INFO - Attempt 1/10: Loading https://www.bybit.com/fiat/trade/otc?actionType=1&token=USDT&fiat=NGN
2025-03-02 12:30:10 - INFO - Screenshot saved as 'pb2b/screenshots/bybit_page_20250302_123009.png'
2025-03-02 12:30:10 - INFO - Fetching BUY listings for USDT/EUR
2025-03-02 12:30:11 - INFO - Data successfully saved to SQLite database. New listings - Bybit: 4, Binance: 6
2025-03-02 12:30:11 - INFO - Browser session closed
2025-03-02 12:30:11 - INFO - SQLite database connection closed
2025-03-02 12:58:41 - INFO - Logging initialized. Log file: pb2b/logs/bybit_scraper_20250302.log
2025-03-02 12:58:42 - INFO - DataSaver logging initialized. Log file: pb2b/logs/data_saver_20250302.log
2025-03-02 12:58:42 - INFO - Connected to SQLite database: pb2b/p2p_listings.db
2025-03-02 12:58:42 - INFO - Database tables created successfully
2025-03-02 12:58:42 - INFO - Attempt 1/10: Loading https://www.bybit.com/fiat/trade/otc?actionType=1&token=USDT&fiat=NGN
2025-03-02 12:58:51 - INFO - Screenshot saved as 'pb2b/screenshots/bybit_page_20250302_125851.png'
2025-03-02 12:58:52 - INFO - Fetching BUY listings for USDT/EUR
2025-03-02 12:58:52 - INFO - Data successfully saved to SQLite database. New listings - Bybit: 4, Binance: 6
2025-03-02 12:58:52 - INFO - Browser session closed
2025-03-02 12:58:52 - INFO - SQLite database connection closed
2025-03-02 13:26:13 - INFO - Logging initialized. Log file: pb2b/logs/bybit_scraper_20250302.log
2025-03-02 13:26:14 - INFO - DataSaver logging initialized. Log file: pb2b/logs/data_saver_20250302.log
2025-03-02 13:26:14 - INFO - Connected to SQLite database: pb2b/p2p_listings.db
2025-03-02 13:26:14 - INFO - Database tables created successfully
2025-03-02 13:26:14 - INFO - Attempt 1/10: Loading https://www.bybit.com/fiat/trade/otc?actionType=1&token=USDT&fiat=NGN
2025-03-02 13:26:23 - INFO - Screenshot saved as 'pb2b/screenshots/bybit_page_20250302_132623.png'
2025-03-02 13:26:24 - INFO - Fetching BUY listings for USDT/EUR
2025-03-02 13:26:24 - INFO - Data successfully saved to SQLite database. New listings - Bybit: 4, Binance: 6
2025-03-02 13:26:24 - INFO - Browser session closed
2025-03-02 13:26:24 - INFO - SQLite database connection closed
2025-03-02 13:39:28 - INFO - Logging initialized. Log file: pb2b/logs/bybit_scraper_20250302.log
2025-03-02 13:39:28 - INFO - DataSaver logging initialized. Log file: pb2b/logs/data_saver_20250302.log
2025-03-02 13:39:28 - INFO - Connected to SQLite database: pb2b/p2p_listings.db
2025-03-02 13:39:28 - INFO - Database tables created successfully
2025-03-02 13:39:28 - INFO - Attempt 1/10: Loading https://www.bybit.com/fiat/trade/otc?actionType=1&token=USDT&fiat=NGN
2025-03-02 13:39:38 - INFO - Screenshot saved as 'pb2b/screenshots/bybit_page_20250302_133937.png'
2025-03-02 13:39:38 - INFO - Fetching BUY listings for USDT/EUR
2025-03-02 13:39:39 - INFO - Data successfully saved to SQLite database. New listings - Bybit: 4, Binance: 6
2025-03-02 13:39:39 - INFO - Browser session closed
2025-03-02 13:39:39 - INFO - SQLite database connection closed
2025-03-02 13:52:40 - INFO - Logging initialized. Log file: pb2b/logs/bybit_scraper_20250302.log
2025-03-02 13:52:41 - INFO - DataSaver logging initialized. Log file: pb2b/logs/data_saver_20250302.log
2025-03-02 13:52:41 - INFO - Connected to SQLite database: pb2b/p2p_listings.db
2025-03-02 13:52:41 - INFO - Database tables created successfully
2025-03-02 13:52:41 - INFO - Attempt 1/10: Loading https://www.bybit.com/fiat/trade/otc?actionType=1&token=USDT&fiat=NGN
2025-03-02 13:52:50 - INFO - Screenshot saved as 'pb2b/screenshots/bybit_page_20250302_135250.png'
2025-03-02 13:52:50 - INFO - Fetching BUY listings for USDT/EUR
2025-03-02 13:52:51 - INFO - Data successfully saved to SQLite database. New listings - Bybit: 4, Binance: 6
2025-03-02 13:52:51 - INFO - Browser session closed
2025-03-02 13:52:51 - INFO - SQLite database connection closed
2025-03-02 14:16:18 - INFO - Logging initialized. Log file: pb2b/logs/bybit_scraper_20250302.log
2025-03-02 14:16:20 - INFO - DataSaver logging initialized. Log file: pb2b/logs/data_saver_20250302.log
2025-03-02 14:16:20 - INFO - Connected to SQLite database: pb2b/p2p_listings.db
2025-03-02 14:16:20 - INFO - Database tables created successfully
2025-03-02 14:16:20 - INFO - Attempt 1/10: Loading https://www.bybit.com/fiat/trade/otc?actionType=1&token=USDT&fiat=NGN
2025-03-02 14:16:30 - INFO - Screenshot saved as 'pb2b/screenshots/bybit_page_20250302_141630.png'
2025-03-02 14:16:31 - INFO - Fetching BUY listings for USDT/EUR
2025-03-02 14:16:31 - INFO - Data successfully saved to SQLite database. New listings - Bybit: 4, Binance: 6
2025-03-02 14:16:32 - INFO - Browser session closed
2025-03-02 14:16:32 - INFO - SQLite database connection closed
2025-03-02 14:33:09 - INFO - Logging initialized. Log file: pb2b/logs/bybit_scraper_20250302.log
2025-03-02 14:33:09 - INFO - DataSaver logging initialized. Log file: pb2b/logs/data_saver_20250302.log
2025-03-02 14:33:09 - INFO - Connected to SQLite database: pb2b/p2p_listings.db
2025-03-02 14:33:09 - INFO - Database tables created successfully
2025-03-02 14:33:09 - INFO - Attempt 1/10: Loading https://www.bybit.com/fiat/trade/otc?actionType=1&token=USDT&fiat=NGN
2025-03-02 14:33:18 - INFO - Screenshot saved as 'pb2b/screenshots/bybit_page_20250302_143318.png'
2025-03-02 14:33:19 - INFO - Fetching BUY listings for USDT/EUR
2025-03-02 14:33:19 - INFO - Data successfully saved to SQLite database. New listings - Bybit: 4, Binance: 6
2025-03-02 14:33:19 - INFO - Browser session closed
2025-03-02 14:33:19 - INFO - SQLite database connection closed
2025-03-02 14:46:26 - INFO - Logging initialized. Log file: pb2b/logs/bybit_scraper_20250302.log
2025-03-02 14:46:27 - INFO - DataSaver logging initialized. Log file: pb2b/logs/data_saver_20250302.log
2025-03-02 14:46:27 - INFO - Connected to SQLite database: pb2b/p2p_listings.db
2025-03-02 14:46:27 - INFO - Database tables created successfully
2025-03-02 14:46:27 - INFO - Attempt 1/10: Loading https://www.bybit.com/fiat/trade/otc?actionType=1&token=USDT&fiat=NGN
2025-03-02 14:46:37 - INFO - Screenshot saved as 'pb2b/screenshots/bybit_page_20250302_144637.png'
2025-03-02 14:46:37 - INFO - Fetching BUY listings for USDT/EUR
2025-03-02 14:46:38 - INFO - Data successfully saved to SQLite database. New listings - Bybit: 4, Binance: 6
2025-03-02 14:46:38 - INFO - Browser session closed
2025-03-02 14:46:38 - INFO - SQLite database connection closed
2025-03-02 14:59:30 - INFO - Logging initialized. Log file: pb2b/logs/bybit_scraper_20250302.log
2025-03-02 14:59:30 - INFO - DataSaver logging initialized. Log file: pb2b/logs/data_saver_20250302.log
2025-03-02 14:59:30 - INFO - Connected to SQLite database: pb2b/p2p_listings.db
2025-03-02 14:59:30 - INFO - Database tables created successfully
2025-03-02 14:59:30 - INFO - Attempt 1/10: Loading https://www.bybit.com/fiat/trade/otc?actionType=1&token=USDT&fiat=NGN
2025-03-02 14:59:40 - INFO - Screenshot saved as 'pb2b/screenshots/bybit_page_20250302_145939.png'
2025-03-02 14:59:40 - INFO - Fetching BUY listings for USDT/EUR
2025-03-02 14:59:40 - INFO - Data successfully saved to SQLite database. New listings - Bybit: 4, Binance: 6
2025-03-02 14:59:40 - INFO - Browser session closed
2025-03-02 14:59:40 - INFO - SQLite database connection closed
2025-03-02 15:25:55 - INFO - Logging initialized. Log file: pb2b/logs/bybit_scraper_20250302.log
2025-03-02 15:25:56 - INFO - DataSaver logging initialized. Log file: pb2b/logs/data_saver_20250302.log
2025-03-02 15:25:56 - INFO - Connected to SQLite database: pb2b/p2p_listings.db
2025-03-02 15:25:56 - INFO - Database tables created successfully
2025-03-02 15:25:56 - INFO - Attempt 1/10: Loading https://www.bybit.com/fiat/trade/otc?actionType=1&token=USDT&fiat=NGN
2025-03-02 15:26:06 - INFO - Screenshot saved as 'pb2b/screenshots/bybit_page_20250302_152606.png'
2025-03-02 15:26:06 - INFO - Fetching BUY listings for USDT/EUR
2025-03-02 15:26:07 - INFO - Data successfully saved to SQLite database. New listings - Bybit: 4, Binance: 6
2025-03-02 15:26:07 - INFO - Browser session closed
2025-03-02 15:26:07 - INFO - SQLite database connection closed
2025-03-02 15:39:54 - INFO - Logging initialized. Log file: pb2b/logs/bybit_scraper_20250302.log
2025-03-02 15:39:55 - INFO - DataSaver logging initialized. Log file: pb2b/logs/data_saver_20250302.log
2025-03-02 15:39:55 - INFO - Connected to SQLite database: pb2b/p2p_listings.db
2025-03-02 15:39:55 - INFO - Database tables created successfully
2025-03-02 15:39:55 - INFO - Attempt 1/10: Loading https://www.bybit.com/fiat/trade/otc?actionType=1&token=USDT&fiat=NGN
2025-03-02 15:40:05 - INFO - Screenshot saved as 'pb2b/screenshots/bybit_page_20250302_154004.png'
2025-03-02 15:40:05 - INFO - Fetching BUY listings for USDT/EUR
2025-03-02 15:40:06 - INFO - Data successfully saved to SQLite database. New listings - Bybit: 4, Binance: 6
2025-03-02 15:40:06 - INFO - Browser session closed
2025-03-02 15:40:06 - INFO - SQLite database connection closed
2025-03-02 15:53:13 - INFO - Logging initialized. Log file: pb2b/logs/bybit_scraper_20250302.log
2025-03-02 15:53:13 - INFO - DataSaver logging initialized. Log file: pb2b/logs/data_saver_20250302.log
2025-03-02 15:53:13 - INFO - Connected to SQLite database: pb2b/p2p_listings.db
2025-03-02 15:53:13 - INFO - Database tables created successfully
2025-03-02 15:53:13 - INFO - Attempt 1/10: Loading https://www.bybit.com/fiat/trade/otc?actionType=1&token=USDT&fiat=NGN
2025-03-02 15:53:23 - INFO - Screenshot saved as 'pb2b/screenshots/bybit_page_20250302_155322.png'
2025-03-02 15:53:23 - INFO - Fetching BUY listings for USDT/EUR
2025-03-02 15:53:24 - INFO - Data successfully saved to SQLite database. New listings - Bybit: 4, Binance: 6
2025-03-02 15:53:24 - INFO - Browser session closed
2025-03-02 15:53:24 - INFO - SQLite database connection closed
2025-03-02 16:20:14 - INFO - Logging initialized. Log file: pb2b/logs/bybit_scraper_20250302.log
2025-03-02 16:20:15 - INFO - DataSaver logging initialized. Log file: pb2b/logs/data_saver_20250302.log
2025-03-02 16:20:15 - INFO - Connected to SQLite database: pb2b/p2p_listings.db
2025-03-02 16:20:15 - INFO - Database tables created successfully
2025-03-02 16:20:15 - INFO - Attempt 1/10: Loading https://www.bybit.com/fiat/trade/otc?actionType=1&token=USDT&fiat=NGN
2025-03-02 16:20:25 - INFO - Screenshot saved as 'pb2b/screenshots/bybit_page_20250302_162025.png'
2025-03-02 16:20:26 - INFO - Fetching BUY listings for USDT/EUR
2025-03-02 16:20:26 - INFO - Data successfully saved to SQLite database. New listings - Bybit: 4, Binance: 6
2025-03-02 16:20:26 - INFO - Browser session closed
2025-03-02 16:20:26 - INFO - SQLite database connection closed
2025-03-02 16:41:02 - INFO - Logging initialized. Log file: pb2b/logs/bybit_scraper_20250302.log
2025-03-02 16:41:03 - INFO - DataSaver logging initialized. Log file: pb2b/logs/data_saver_20250302.log
2025-03-02 16:41:03 - INFO - Connected to SQLite database: pb2b/p2p_listings.db
2025-03-02 16:41:03 - INFO - Database tables created successfully
2025-03-02 16:41:03 - INFO - Attempt 1/10: Loading https://www.bybit.com/fiat/trade/otc?actionType=1&token=USDT&fiat=NGN
2025-03-02 16:41:13 - INFO - Screenshot saved as 'pb2b/screenshots/bybit_page_20250302_164112.png'
2025-03-02 16:41:13 - INFO - Fetching BUY listings for USDT/EUR
2025-03-02 16:41:14 - INFO - Data successfully saved to SQLite database. New listings - Bybit: 4, Binance: 6
2025-03-02 16:41:14 - INFO - Browser session closed
2025-03-02 16:41:14 - INFO - SQLite database connection closed
