2026-02-04 01:03:12 - INFO - Logging initialized. Log file: pb2b/logs/bybit_scraper_20260204.log
2026-02-04 01:03:12 - INFO - DataSaver logging initialized. Log file: pb2b/logs/data_saver_20260204.log
2026-02-04 01:03:12 - INFO - Connected to SQLite database: pb2b/p2p_listings.db
2026-02-04 01:03:12 - INFO - Database tables created successfully
2026-02-04 01:03:12 - INFO - Attempt 1/10: Loading https://www.bybit.com/fiat/trade/otc?actionType=1&token=USDT&fiat=NGN
2026-02-04 01:03:23 - INFO - Screenshot saved as 'pb2b/screenshots/bybit_page_20260204_010323.png'
2026-02-04 01:03:23 - WARNING - Error parsing row: Message: no such element: Unable to locate element: {"method":"css selector","selector":"td:nth-child(2)"}
  (Session info: chrome=144.0.7559.132); For documentation on this error, please visit: https://www.selenium.dev/documentation/webdriver/troubleshooting/errors#nosuchelementexception
Stacktrace:
#0 0x5607cbae7afa <unknown>
#1 0x5607cb50160f <unknown>
#2 0x5607cb556a16 <unknown>
#3 0x5607cb556c51 <unknown>
#4 0x5607cb54a386 <unknown>
#5 0x5607cb54a267 <unknown>
#6 0x5607cb59f62b <unknown>
#7 0x5607cb548842 <unknown>
#8 0x5607cb549631 <unknown>
#9 0x5607cbaad689 <unknown>
#10 0x5607cbab0581 <unknown>
#11 0x5607cba99ca9 <unknown>
#12 0x5607cbab113e <unknown>
#13 0x5607cba803a0 <unknown>
#14 0x5607cbad4fc8 <unknown>
#15 0x5607cbad519b <unknown>
#16 0x5607cbae6e68 <unknown>
#17 0x7f75e7a9caa4 <unknown>
#18 0x7f75e7b29c6c <unknown>

2026-02-04 01:03:24 - INFO - Fetching BUY listings for USDT/EUR
2026-02-04 01:03:24 - INFO - Data successfully saved to SQLite database. New listings - Bybit: 5, Binance: 6
2026-02-04 01:03:25 - INFO - Browser session closed
2026-02-04 01:03:25 - INFO - SQLite database connection closed
