2025-03-18 01:58:12 - INFO - Logging initialized. Log file: pb2b/logs/bybit_scraper_20250318.log
2025-03-18 01:58:13 - INFO - DataSaver logging initialized. Log file: pb2b/logs/data_saver_20250318.log
2025-03-18 01:58:13 - INFO - Connected to SQLite database: pb2b/p2p_listings.db
2025-03-18 01:58:13 - INFO - Database tables created successfully
2025-03-18 01:58:13 - INFO - Attempt 1/10: Loading https://www.bybit.com/fiat/trade/otc?actionType=1&token=USDT&fiat=NGN
2025-03-18 01:58:23 - INFO - Screenshot saved as 'pb2b/screenshots/bybit_page_20250318_015823.png'
2025-03-18 01:58:23 - INFO - Fetching BUY listings for USDT/EUR
2025-03-18 01:58:24 - INFO - Data successfully saved to SQLite database. New listings - Bybit: 4, Binance: 6
2025-03-18 01:58:24 - INFO - Browser session closed
2025-03-18 01:58:24 - INFO - SQLite database connection closed
2025-03-18 03:03:43 - INFO - Logging initialized. Log file: pb2b/logs/bybit_scraper_20250318.log
2025-03-18 03:03:44 - INFO - DataSaver logging initialized. Log file: pb2b/logs/data_saver_20250318.log
2025-03-18 03:03:44 - INFO - Connected to SQLite database: pb2b/p2p_listings.db
2025-03-18 03:03:44 - INFO - Database tables created successfully
2025-03-18 03:03:44 - INFO - Attempt 1/10: Loading https://www.bybit.com/fiat/trade/otc?actionType=1&token=USDT&fiat=NGN
2025-03-18 03:03:55 - INFO - Screenshot saved as 'pb2b/screenshots/bybit_page_20250318_030355.png'
2025-03-18 03:03:56 - INFO - Fetching BUY listings for USDT/EUR
2025-03-18 03:03:56 - INFO - Data successfully saved to SQLite database. New listings - Bybit: 4, Binance: 6
2025-03-18 03:03:57 - INFO - Browser session closed
2025-03-18 03:03:57 - INFO - SQLite database connection closed
