2025-02-10 14:46:02 - INFO - Logging initialized. Log file: pb2b/logs/bybit_scraper_20250210.log
2025-02-10 14:46:27 - INFO - DataSaver logging initialized. Log file: pb2b/logs/data_saver_20250210.log
2025-02-10 14:46:27 - INFO - Connected to SQLite database: pb2b/p2p_listings.db
2025-02-10 14:46:27 - INFO - Database tables created successfully
2025-02-10 14:46:27 - INFO - Attempt 1/10: Loading https://www.bybit.com/fiat/trade/otc?actionType=1&token=USDT&fiat=NGN
2025-02-10 14:46:45 - INFO - Screenshot saved as 'pb2b/screenshots/bybit_page_20250210_144645.png'
2025-02-10 14:46:46 - INFO - Fetching BUY listings for USDT/EUR
2025-02-10 14:46:46 - INFO - Data successfully saved to SQLite database. New listings - Bybit: 4, Binance: 6
2025-02-10 14:46:46 - INFO - Browser session closed
2025-02-10 14:46:46 - INFO - SQLite database connection closed
2025-02-10 15:27:10 - INFO - Logging initialized. Log file: pb2b/logs/bybit_scraper_20250210.log
2025-02-10 15:27:25 - INFO - DataSaver logging initialized. Log file: pb2b/logs/data_saver_20250210.log
2025-02-10 15:27:25 - INFO - Connected to SQLite database: pb2b/p2p_listings.db
2025-02-10 15:27:25 - INFO - Database tables created successfully
2025-02-10 15:27:25 - INFO - Attempt 1/10: Loading https://www.bybit.com/fiat/trade/otc?actionType=1&token=USDT&fiat=NGN
2025-02-10 15:27:40 - INFO - Screenshot saved as 'pb2b/screenshots/bybit_page_20250210_152740.png'
2025-02-10 15:27:41 - INFO - Fetching BUY listings for USDT/EUR
2025-02-10 15:27:42 - INFO - Data successfully saved to SQLite database. New listings - Bybit: 4, Binance: 6
2025-02-10 15:27:42 - INFO - Browser session closed
2025-02-10 15:27:42 - INFO - SQLite database connection closed
