2026-02-09 01:03:07 - INFO - Logging initialized. Log file: pb2b/logs/bybit_scraper_20260209.log
2026-02-09 01:03:09 - INFO - DataSaver logging initialized. Log file: pb2b/logs/data_saver_20260209.log
2026-02-09 01:03:09 - INFO - Connected to SQLite database: pb2b/p2p_listings.db
2026-02-09 01:03:09 - INFO - Database tables created successfully
2026-02-09 01:03:09 - INFO - Attempt 1/10: Loading https://www.bybit.com/fiat/trade/otc?actionType=1&token=USDT&fiat=NGN
2026-02-09 01:03:21 - INFO - Screenshot saved as 'pb2b/screenshots/bybit_page_20260209_010320.png'
2026-02-09 01:03:21 - WARNING - Error parsing row: Message: no such element: Unable to locate element: {"method":"css selector","selector":"td:nth-child(2)"}
  (Session info: chrome=144.0.7559.132); For documentation on this error, please visit: https://www.selenium.dev/documentation/webdriver/troubleshooting/errors#nosuchelementexception
Stacktrace:
#0 0x55fd014374ba <unknown>
#1 0x55fd00ea0492 <unknown>
#2 0x55fd00ef59b6 <unknown>
#3 0x55fd00ef5bf1 <unknown>
#4 0x55fd00ee91f6 <unknown>
#5 0x55fd00ee90d7 <unknown>
#6 0x55fd00f3e700 <unknown>
#7 0x55fd00ee76a2 <unknown>
#8 0x55fd00ee8491 <unknown>
#9 0x55fd013fd479 <unknown>
#10 0x55fd01400391 <unknown>
#11 0x55fd013e9a89 <unknown>
#12 0x55fd01400f4e <unknown>
#13 0x55fd013d0070 <unknown>
#14 0x55fd01424ca8 <unknown>
#15 0x55fd01424e78 <unknown>
#16 0x55fd01436828 <unknown>
#17 0x7fdfec09caa4 <unknown>
#18 0x7fdfec129c6c <unknown>

2026-02-09 01:03:21 - INFO - Fetching BUY listings for USDT/EUR
2026-02-09 01:03:22 - INFO - Data successfully saved to SQLite database. New listings - Bybit: 5, Binance: 6
2026-02-09 01:03:22 - INFO - Browser session closed
2026-02-09 01:03:22 - INFO - SQLite database connection closed
2026-02-09 03:53:13 - INFO - Logging initialized. Log file: pb2b/logs/bybit_scraper_20260209.log
2026-02-09 03:53:13 - INFO - DataSaver logging initialized. Log file: pb2b/logs/data_saver_20260209.log
2026-02-09 03:53:13 - INFO - Connected to SQLite database: pb2b/p2p_listings.db
2026-02-09 03:53:13 - INFO - Database tables created successfully
2026-02-09 03:53:13 - INFO - Attempt 1/10: Loading https://www.bybit.com/fiat/trade/otc?actionType=1&token=USDT&fiat=NGN
2026-02-09 03:53:24 - INFO - Screenshot saved as 'pb2b/screenshots/bybit_page_20260209_035324.png'
2026-02-09 03:53:24 - WARNING - Error parsing row: Message: no such element: Unable to locate element: {"method":"css selector","selector":"td:nth-child(2)"}
  (Session info: chrome=144.0.7559.132); For documentation on this error, please visit: https://www.selenium.dev/documentation/webdriver/troubleshooting/errors#nosuchelementexception
Stacktrace:
#0 0x5617a8f704ba <unknown>
#1 0x5617a89d9492 <unknown>
#2 0x5617a8a2e9b6 <unknown>
#3 0x5617a8a2ebf1 <unknown>
#4 0x5617a8a221f6 <unknown>
#5 0x5617a8a220d7 <unknown>
#6 0x5617a8a77700 <unknown>
#7 0x5617a8a206a2 <unknown>
#8 0x5617a8a21491 <unknown>
#9 0x5617a8f36479 <unknown>
#10 0x5617a8f39391 <unknown>
#11 0x5617a8f22a89 <unknown>
#12 0x5617a8f39f4e <unknown>
#13 0x5617a8f09070 <unknown>
#14 0x5617a8f5dca8 <unknown>
#15 0x5617a8f5de78 <unknown>
#16 0x5617a8f6f828 <unknown>
#17 0x7fe4d789caa4 <unknown>
#18 0x7fe4d7929c6c <unknown>

2026-02-09 03:53:24 - INFO - Fetching BUY listings for USDT/EUR
2026-02-09 03:53:25 - INFO - Data successfully saved to SQLite database. New listings - Bybit: 5, Binance: 6
2026-02-09 03:53:25 - INFO - Browser session closed
2026-02-09 03:53:25 - INFO - SQLite database connection closed
2026-02-09 05:27:35 - INFO - Logging initialized. Log file: pb2b/logs/bybit_scraper_20260209.log
2026-02-09 05:27:36 - INFO - DataSaver logging initialized. Log file: pb2b/logs/data_saver_20260209.log
2026-02-09 05:27:36 - INFO - Connected to SQLite database: pb2b/p2p_listings.db
2026-02-09 05:27:36 - INFO - Database tables created successfully
2026-02-09 05:27:36 - INFO - Attempt 1/10: Loading https://www.bybit.com/fiat/trade/otc?actionType=1&token=USDT&fiat=NGN
2026-02-09 05:27:47 - INFO - Screenshot saved as 'pb2b/screenshots/bybit_page_20260209_052747.png'
2026-02-09 05:27:47 - WARNING - Error parsing row: Message: no such element: Unable to locate element: {"method":"css selector","selector":"td:nth-child(2)"}
  (Session info: chrome=144.0.7559.132); For documentation on this error, please visit: https://www.selenium.dev/documentation/webdriver/troubleshooting/errors#nosuchelementexception
Stacktrace:
#0 0x5635752c04ba <unknown>
#1 0x563574d29492 <unknown>
#2 0x563574d7e9b6 <unknown>
#3 0x563574d7ebf1 <unknown>
#4 0x563574d721f6 <unknown>
#5 0x563574d720d7 <unknown>
#6 0x563574dc7700 <unknown>
#7 0x563574d706a2 <unknown>
#8 0x563574d71491 <unknown>
#9 0x563575286479 <unknown>
#10 0x563575289391 <unknown>
#11 0x563575272a89 <unknown>
#12 0x563575289f4e <unknown>
#13 0x563575259070 <unknown>
#14 0x5635752adca8 <unknown>
#15 0x5635752ade78 <unknown>
#16 0x5635752bf828 <unknown>
#17 0x7f052b69caa4 <unknown>
#18 0x7f052b729c6c <unknown>

2026-02-09 05:27:47 - INFO - Fetching BUY listings for USDT/EUR
2026-02-09 05:27:48 - INFO - Data successfully saved to SQLite database. New listings - Bybit: 5, Binance: 6
2026-02-09 05:27:48 - INFO - Browser session closed
2026-02-09 05:27:48 - INFO - SQLite database connection closed
2026-02-09 06:46:45 - INFO - Logging initialized. Log file: pb2b/logs/bybit_scraper_20260209.log
2026-02-09 06:46:47 - INFO - DataSaver logging initialized. Log file: pb2b/logs/data_saver_20260209.log
2026-02-09 06:46:47 - INFO - Connected to SQLite database: pb2b/p2p_listings.db
2026-02-09 06:46:47 - INFO - Database tables created successfully
2026-02-09 06:46:47 - INFO - Attempt 1/10: Loading https://www.bybit.com/fiat/trade/otc?actionType=1&token=USDT&fiat=NGN
2026-02-09 06:46:58 - INFO - Screenshot saved as 'pb2b/screenshots/bybit_page_20260209_064658.png'
2026-02-09 06:46:58 - WARNING - Error parsing row: Message: no such element: Unable to locate element: {"method":"css selector","selector":"td:nth-child(2)"}
  (Session info: chrome=144.0.7559.132); For documentation on this error, please visit: https://www.selenium.dev/documentation/webdriver/troubleshooting/errors#nosuchelementexception
Stacktrace:
#0 0x558d7e2894ba <unknown>
#1 0x558d7dcf2492 <unknown>
#2 0x558d7dd479b6 <unknown>
#3 0x558d7dd47bf1 <unknown>
#4 0x558d7dd3b1f6 <unknown>
#5 0x558d7dd3b0d7 <unknown>
#6 0x558d7dd90700 <unknown>
#7 0x558d7dd396a2 <unknown>
#8 0x558d7dd3a491 <unknown>
#9 0x558d7e24f479 <unknown>
#10 0x558d7e252391 <unknown>
#11 0x558d7e23ba89 <unknown>
#12 0x558d7e252f4e <unknown>
#13 0x558d7e222070 <unknown>
#14 0x558d7e276ca8 <unknown>
#15 0x558d7e276e78 <unknown>
#16 0x558d7e288828 <unknown>
#17 0x7f7d8c69caa4 <unknown>
#18 0x7f7d8c729c6c <unknown>

2026-02-09 06:46:59 - INFO - Fetching BUY listings for USDT/EUR
2026-02-09 06:47:00 - INFO - Data successfully saved to SQLite database. New listings - Bybit: 5, Binance: 6
2026-02-09 06:47:00 - INFO - Browser session closed
2026-02-09 06:47:00 - INFO - SQLite database connection closed
2026-02-09 07:48:35 - INFO - Logging initialized. Log file: pb2b/logs/bybit_scraper_20260209.log
2026-02-09 07:48:36 - INFO - DataSaver logging initialized. Log file: pb2b/logs/data_saver_20260209.log
2026-02-09 07:48:36 - INFO - Connected to SQLite database: pb2b/p2p_listings.db
2026-02-09 07:48:36 - INFO - Database tables created successfully
2026-02-09 07:48:36 - INFO - Attempt 1/10: Loading https://www.bybit.com/fiat/trade/otc?actionType=1&token=USDT&fiat=NGN
2026-02-09 07:48:46 - INFO - Screenshot saved as 'pb2b/screenshots/bybit_page_20260209_074846.png'
2026-02-09 07:48:46 - WARNING - Error parsing row: Message: no such element: Unable to locate element: {"method":"css selector","selector":"td:nth-child(2)"}
  (Session info: chrome=144.0.7559.132); For documentation on this error, please visit: https://www.selenium.dev/documentation/webdriver/troubleshooting/errors#nosuchelementexception
Stacktrace:
#0 0x56315745c4ba <unknown>
#1 0x563156ec5492 <unknown>
#2 0x563156f1a9b6 <unknown>
#3 0x563156f1abf1 <unknown>
#4 0x563156f0e1f6 <unknown>
#5 0x563156f0e0d7 <unknown>
#6 0x563156f63700 <unknown>
#7 0x563156f0c6a2 <unknown>
#8 0x563156f0d491 <unknown>
#9 0x563157422479 <unknown>
#10 0x563157425391 <unknown>
#11 0x56315740ea89 <unknown>
#12 0x563157425f4e <unknown>
#13 0x5631573f5070 <unknown>
#14 0x563157449ca8 <unknown>
#15 0x563157449e78 <unknown>
#16 0x56315745b828 <unknown>
#17 0x7fdb2049caa4 <unknown>
#18 0x7fdb20529c6c <unknown>

2026-02-09 07:48:47 - INFO - Fetching BUY listings for USDT/EUR
2026-02-09 07:48:47 - INFO - Data successfully saved to SQLite database. New listings - Bybit: 5, Binance: 6
2026-02-09 07:48:47 - INFO - Browser session closed
2026-02-09 07:48:47 - INFO - SQLite database connection closed
2026-02-09 08:39:12 - INFO - Logging initialized. Log file: pb2b/logs/bybit_scraper_20260209.log
2026-02-09 08:39:13 - INFO - DataSaver logging initialized. Log file: pb2b/logs/data_saver_20260209.log
2026-02-09 08:39:13 - INFO - Connected to SQLite database: pb2b/p2p_listings.db
2026-02-09 08:39:13 - INFO - Database tables created successfully
2026-02-09 08:39:13 - INFO - Attempt 1/10: Loading https://www.bybit.com/fiat/trade/otc?actionType=1&token=USDT&fiat=NGN
2026-02-09 08:39:25 - INFO - Screenshot saved as 'pb2b/screenshots/bybit_page_20260209_083925.png'
2026-02-09 08:39:25 - WARNING - Error parsing row: Message: no such element: Unable to locate element: {"method":"css selector","selector":"td:nth-child(2)"}
  (Session info: chrome=144.0.7559.132); For documentation on this error, please visit: https://www.selenium.dev/documentation/webdriver/troubleshooting/errors#nosuchelementexception
Stacktrace:
#0 0x561f9a6d24ba <unknown>
#1 0x561f9a13b492 <unknown>
#2 0x561f9a1909b6 <unknown>
#3 0x561f9a190bf1 <unknown>
#4 0x561f9a1841f6 <unknown>
#5 0x561f9a1840d7 <unknown>
#6 0x561f9a1d9700 <unknown>
#7 0x561f9a1826a2 <unknown>
#8 0x561f9a183491 <unknown>
#9 0x561f9a698479 <unknown>
#10 0x561f9a69b391 <unknown>
#11 0x561f9a684a89 <unknown>
#12 0x561f9a69bf4e <unknown>
#13 0x561f9a66b070 <unknown>
#14 0x561f9a6bfca8 <unknown>
#15 0x561f9a6bfe78 <unknown>
#16 0x561f9a6d1828 <unknown>
#17 0x7fe56369caa4 <unknown>
#18 0x7fe563729c6c <unknown>

2026-02-09 08:39:25 - INFO - Fetching BUY listings for USDT/EUR
2026-02-09 08:39:26 - INFO - Data successfully saved to SQLite database. New listings - Bybit: 5, Binance: 6
2026-02-09 08:39:26 - INFO - Browser session closed
2026-02-09 08:39:26 - INFO - SQLite database connection closed
2026-02-09 09:45:39 - INFO - Logging initialized. Log file: pb2b/logs/bybit_scraper_20260209.log
2026-02-09 09:45:41 - INFO - DataSaver logging initialized. Log file: pb2b/logs/data_saver_20260209.log
2026-02-09 09:45:41 - INFO - Connected to SQLite database: pb2b/p2p_listings.db
2026-02-09 09:45:41 - INFO - Database tables created successfully
2026-02-09 09:45:41 - INFO - Attempt 1/10: Loading https://www.bybit.com/fiat/trade/otc?actionType=1&token=USDT&fiat=NGN
2026-02-09 09:45:50 - INFO - Screenshot saved as 'pb2b/screenshots/bybit_page_20260209_094550.png'
2026-02-09 09:45:50 - WARNING - Error parsing row: Message: no such element: Unable to locate element: {"method":"css selector","selector":"td:nth-child(2)"}
  (Session info: chrome=144.0.7559.132); For documentation on this error, please visit: https://www.selenium.dev/documentation/webdriver/troubleshooting/errors#nosuchelementexception
Stacktrace:
#0 0x55c205b7e4ba <unknown>
#1 0x55c2055e7492 <unknown>
#2 0x55c20563c9b6 <unknown>
#3 0x55c20563cbf1 <unknown>
#4 0x55c2056301f6 <unknown>
#5 0x55c2056300d7 <unknown>
#6 0x55c205685700 <unknown>
#7 0x55c20562e6a2 <unknown>
#8 0x55c20562f491 <unknown>
#9 0x55c205b44479 <unknown>
#10 0x55c205b47391 <unknown>
#11 0x55c205b30a89 <unknown>
#12 0x55c205b47f4e <unknown>
#13 0x55c205b17070 <unknown>
#14 0x55c205b6bca8 <unknown>
#15 0x55c205b6be78 <unknown>
#16 0x55c205b7d828 <unknown>
#17 0x7f22dea9caa4 <unknown>
#18 0x7f22deb29c6c <unknown>

2026-02-09 09:45:51 - INFO - Fetching BUY listings for USDT/EUR
2026-02-09 09:45:52 - INFO - Data successfully saved to SQLite database. New listings - Bybit: 5, Binance: 6
2026-02-09 09:45:52 - INFO - Browser session closed
2026-02-09 09:45:52 - INFO - SQLite database connection closed
2026-02-09 10:46:35 - INFO - Logging initialized. Log file: pb2b/logs/bybit_scraper_20260209.log
2026-02-09 10:46:36 - INFO - DataSaver logging initialized. Log file: pb2b/logs/data_saver_20260209.log
2026-02-09 10:46:36 - INFO - Connected to SQLite database: pb2b/p2p_listings.db
2026-02-09 10:46:36 - INFO - Database tables created successfully
2026-02-09 10:46:36 - INFO - Attempt 1/10: Loading https://www.bybit.com/fiat/trade/otc?actionType=1&token=USDT&fiat=NGN
2026-02-09 10:46:45 - INFO - Screenshot saved as 'pb2b/screenshots/bybit_page_20260209_104645.png'
2026-02-09 10:46:45 - WARNING - Error parsing row: Message: no such element: Unable to locate element: {"method":"css selector","selector":"td:nth-child(2)"}
  (Session info: chrome=144.0.7559.132); For documentation on this error, please visit: https://www.selenium.dev/documentation/webdriver/troubleshooting/errors#nosuchelementexception
Stacktrace:
#0 0x56375b2c24ba <unknown>
#1 0x56375ad2b492 <unknown>
#2 0x56375ad809b6 <unknown>
#3 0x56375ad80bf1 <unknown>
#4 0x56375ad741f6 <unknown>
#5 0x56375ad740d7 <unknown>
#6 0x56375adc9700 <unknown>
#7 0x56375ad726a2 <unknown>
#8 0x56375ad73491 <unknown>
#9 0x56375b288479 <unknown>
#10 0x56375b28b391 <unknown>
#11 0x56375b274a89 <unknown>
#12 0x56375b28bf4e <unknown>
#13 0x56375b25b070 <unknown>
#14 0x56375b2afca8 <unknown>
#15 0x56375b2afe78 <unknown>
#16 0x56375b2c1828 <unknown>
#17 0x7fa45869caa4 <unknown>
#18 0x7fa458729c6c <unknown>

2026-02-09 10:46:46 - INFO - Fetching BUY listings for USDT/EUR
2026-02-09 10:46:46 - INFO - Data successfully saved to SQLite database. New listings - Bybit: 5, Binance: 6
2026-02-09 10:46:47 - INFO - Browser session closed
2026-02-09 10:46:47 - INFO - SQLite database connection closed
2026-02-09 11:39:10 - INFO - Logging initialized. Log file: pb2b/logs/bybit_scraper_20260209.log
2026-02-09 11:39:11 - INFO - DataSaver logging initialized. Log file: pb2b/logs/data_saver_20260209.log
2026-02-09 11:39:11 - INFO - Connected to SQLite database: pb2b/p2p_listings.db
2026-02-09 11:39:11 - INFO - Database tables created successfully
2026-02-09 11:39:11 - INFO - Attempt 1/10: Loading https://www.bybit.com/fiat/trade/otc?actionType=1&token=USDT&fiat=NGN
2026-02-09 11:39:23 - INFO - Screenshot saved as 'pb2b/screenshots/bybit_page_20260209_113923.png'
2026-02-09 11:39:23 - WARNING - Error parsing row: Message: no such element: Unable to locate element: {"method":"css selector","selector":"td:nth-child(2)"}
  (Session info: chrome=144.0.7559.132); For documentation on this error, please visit: https://www.selenium.dev/documentation/webdriver/troubleshooting/errors#nosuchelementexception
Stacktrace:
#0 0x5600fa0774ba <unknown>
#1 0x5600f9ae0492 <unknown>
#2 0x5600f9b359b6 <unknown>
#3 0x5600f9b35bf1 <unknown>
#4 0x5600f9b291f6 <unknown>
#5 0x5600f9b290d7 <unknown>
#6 0x5600f9b7e700 <unknown>
#7 0x5600f9b276a2 <unknown>
#8 0x5600f9b28491 <unknown>
#9 0x5600fa03d479 <unknown>
#10 0x5600fa040391 <unknown>
#11 0x5600fa029a89 <unknown>
#12 0x5600fa040f4e <unknown>
#13 0x5600fa010070 <unknown>
#14 0x5600fa064ca8 <unknown>
#15 0x5600fa064e78 <unknown>
#16 0x5600fa076828 <unknown>
#17 0x7fd71649caa4 <unknown>
#18 0x7fd716529c6c <unknown>

2026-02-09 11:39:23 - INFO - Fetching BUY listings for USDT/EUR
2026-02-09 11:39:24 - INFO - Data successfully saved to SQLite database. New listings - Bybit: 5, Binance: 6
2026-02-09 11:39:24 - INFO - Browser session closed
2026-02-09 11:39:24 - INFO - SQLite database connection closed
2026-02-09 12:36:41 - INFO - Logging initialized. Log file: pb2b/logs/bybit_scraper_20260209.log
2026-02-09 12:36:44 - INFO - DataSaver logging initialized. Log file: pb2b/logs/data_saver_20260209.log
2026-02-09 12:36:44 - INFO - Connected to SQLite database: pb2b/p2p_listings.db
2026-02-09 12:36:44 - INFO - Database tables created successfully
2026-02-09 12:36:44 - INFO - Attempt 1/10: Loading https://www.bybit.com/fiat/trade/otc?actionType=1&token=USDT&fiat=NGN
2026-02-09 12:36:54 - INFO - Screenshot saved as 'pb2b/screenshots/bybit_page_20260209_123654.png'
2026-02-09 12:36:54 - WARNING - Error parsing row: Message: no such element: Unable to locate element: {"method":"css selector","selector":"td:nth-child(2)"}
  (Session info: chrome=144.0.7559.132); For documentation on this error, please visit: https://www.selenium.dev/documentation/webdriver/troubleshooting/errors#nosuchelementexception
Stacktrace:
#0 0x55bf499c54ba <unknown>
#1 0x55bf4942e492 <unknown>
#2 0x55bf494839b6 <unknown>
#3 0x55bf49483bf1 <unknown>
#4 0x55bf494771f6 <unknown>
#5 0x55bf494770d7 <unknown>
#6 0x55bf494cc700 <unknown>
#7 0x55bf494756a2 <unknown>
#8 0x55bf49476491 <unknown>
#9 0x55bf4998b479 <unknown>
#10 0x55bf4998e391 <unknown>
#11 0x55bf49977a89 <unknown>
#12 0x55bf4998ef4e <unknown>
#13 0x55bf4995e070 <unknown>
#14 0x55bf499b2ca8 <unknown>
#15 0x55bf499b2e78 <unknown>
#16 0x55bf499c4828 <unknown>
#17 0x7ff469a9caa4 <unknown>
#18 0x7ff469b29c6c <unknown>

2026-02-09 12:36:54 - INFO - Fetching BUY listings for USDT/EUR
2026-02-09 12:36:55 - INFO - Data successfully saved to SQLite database. New listings - Bybit: 5, Binance: 6
2026-02-09 12:36:55 - INFO - Browser session closed
2026-02-09 12:36:55 - INFO - SQLite database connection closed
2026-02-09 14:01:54 - INFO - Logging initialized. Log file: pb2b/logs/bybit_scraper_20260209.log
2026-02-09 14:01:56 - INFO - DataSaver logging initialized. Log file: pb2b/logs/data_saver_20260209.log
2026-02-09 14:01:56 - INFO - Connected to SQLite database: pb2b/p2p_listings.db
2026-02-09 14:01:56 - INFO - Database tables created successfully
2026-02-09 14:01:56 - INFO - Attempt 1/10: Loading https://www.bybit.com/fiat/trade/otc?actionType=1&token=USDT&fiat=NGN
2026-02-09 14:02:06 - INFO - Screenshot saved as 'pb2b/screenshots/bybit_page_20260209_140206.png'
2026-02-09 14:02:06 - WARNING - Error parsing row: Message: no such element: Unable to locate element: {"method":"css selector","selector":"td:nth-child(2)"}
  (Session info: chrome=144.0.7559.132); For documentation on this error, please visit: https://www.selenium.dev/documentation/webdriver/troubleshooting/errors#nosuchelementexception
Stacktrace:
#0 0x556e441054ba <unknown>
#1 0x556e43b6e492 <unknown>
#2 0x556e43bc39b6 <unknown>
#3 0x556e43bc3bf1 <unknown>
#4 0x556e43bb71f6 <unknown>
#5 0x556e43bb70d7 <unknown>
#6 0x556e43c0c700 <unknown>
#7 0x556e43bb56a2 <unknown>
#8 0x556e43bb6491 <unknown>
#9 0x556e440cb479 <unknown>
#10 0x556e440ce391 <unknown>
#11 0x556e440b7a89 <unknown>
#12 0x556e440cef4e <unknown>
#13 0x556e4409e070 <unknown>
#14 0x556e440f2ca8 <unknown>
#15 0x556e440f2e78 <unknown>
#16 0x556e44104828 <unknown>
#17 0x7fb1c289caa4 <unknown>
#18 0x7fb1c2929c6c <unknown>

2026-02-09 14:02:06 - INFO - Fetching BUY listings for USDT/EUR
2026-02-09 14:02:07 - INFO - Data successfully saved to SQLite database. New listings - Bybit: 5, Binance: 6
2026-02-09 14:02:07 - INFO - Browser session closed
2026-02-09 14:02:07 - INFO - SQLite database connection closed
2026-02-09 15:08:06 - INFO - Logging initialized. Log file: pb2b/logs/bybit_scraper_20260209.log
2026-02-09 15:08:10 - INFO - DataSaver logging initialized. Log file: pb2b/logs/data_saver_20260209.log
2026-02-09 15:08:10 - INFO - Connected to SQLite database: pb2b/p2p_listings.db
2026-02-09 15:08:10 - INFO - Database tables created successfully
2026-02-09 15:08:10 - INFO - Attempt 1/10: Loading https://www.bybit.com/fiat/trade/otc?actionType=1&token=USDT&fiat=NGN
2026-02-09 15:08:47 - INFO - Screenshot saved as 'pb2b/screenshots/bybit_page_20260209_150847.png'
2026-02-09 15:08:47 - WARNING - Error parsing row: Message: no such element: Unable to locate element: {"method":"css selector","selector":"td:nth-child(2)"}
  (Session info: chrome=144.0.7559.132); For documentation on this error, please visit: https://www.selenium.dev/documentation/webdriver/troubleshooting/errors#nosuchelementexception
Stacktrace:
#0 0x561d5e8de4ba <unknown>
#1 0x561d5e347492 <unknown>
#2 0x561d5e39c9b6 <unknown>
#3 0x561d5e39cbf1 <unknown>
#4 0x561d5e3901f6 <unknown>
#5 0x561d5e3900d7 <unknown>
#6 0x561d5e3e5700 <unknown>
#7 0x561d5e38e6a2 <unknown>
#8 0x561d5e38f491 <unknown>
#9 0x561d5e8a4479 <unknown>
#10 0x561d5e8a7391 <unknown>
#11 0x561d5e890a89 <unknown>
#12 0x561d5e8a7f4e <unknown>
#13 0x561d5e877070 <unknown>
#14 0x561d5e8cbca8 <unknown>
#15 0x561d5e8cbe78 <unknown>
#16 0x561d5e8dd828 <unknown>
#17 0x7fee97c9caa4 <unknown>
#18 0x7fee97d29c6c <unknown>

2026-02-09 15:08:48 - INFO - Fetching BUY listings for USDT/EUR
2026-02-09 15:08:49 - INFO - Data successfully saved to SQLite database. New listings - Bybit: 5, Binance: 6
2026-02-09 15:08:49 - INFO - Browser session closed
2026-02-09 15:08:49 - INFO - SQLite database connection closed
2026-02-09 17:21:15 - INFO - Logging initialized. Log file: pb2b/logs/bybit_scraper_20260209.log
2026-02-09 17:21:17 - INFO - DataSaver logging initialized. Log file: pb2b/logs/data_saver_20260209.log
2026-02-09 17:21:17 - INFO - Connected to SQLite database: pb2b/p2p_listings.db
2026-02-09 17:21:17 - INFO - Database tables created successfully
2026-02-09 17:21:17 - INFO - Attempt 1/10: Loading https://www.bybit.com/fiat/trade/otc?actionType=1&token=USDT&fiat=NGN
2026-02-09 17:21:26 - INFO - Screenshot saved as 'pb2b/screenshots/bybit_page_20260209_172126.png'
2026-02-09 17:21:26 - WARNING - Error parsing row: Message: no such element: Unable to locate element: {"method":"css selector","selector":"td:nth-child(2)"}
  (Session info: chrome=144.0.7559.132); For documentation on this error, please visit: https://www.selenium.dev/documentation/webdriver/troubleshooting/errors#nosuchelementexception
Stacktrace:
#0 0x555872b254ba <unknown>
#1 0x55587258e492 <unknown>
#2 0x5558725e39b6 <unknown>
#3 0x5558725e3bf1 <unknown>
#4 0x5558725d71f6 <unknown>
#5 0x5558725d70d7 <unknown>
#6 0x55587262c700 <unknown>
#7 0x5558725d56a2 <unknown>
#8 0x5558725d6491 <unknown>
#9 0x555872aeb479 <unknown>
#10 0x555872aee391 <unknown>
#11 0x555872ad7a89 <unknown>
#12 0x555872aeef4e <unknown>
#13 0x555872abe070 <unknown>
#14 0x555872b12ca8 <unknown>
#15 0x555872b12e78 <unknown>
#16 0x555872b24828 <unknown>
#17 0x7fb937e9caa4 <unknown>
#18 0x7fb937f29c6c <unknown>

2026-02-09 17:21:26 - INFO - Fetching BUY listings for USDT/EUR
2026-02-09 17:21:27 - INFO - Data successfully saved to SQLite database. New listings - Bybit: 5, Binance: 6
2026-02-09 17:21:27 - INFO - Browser session closed
2026-02-09 17:21:27 - INFO - SQLite database connection closed
2026-02-09 18:11:08 - INFO - Logging initialized. Log file: pb2b/logs/bybit_scraper_20260209.log
2026-02-09 18:11:10 - INFO - DataSaver logging initialized. Log file: pb2b/logs/data_saver_20260209.log
2026-02-09 18:11:10 - INFO - Connected to SQLite database: pb2b/p2p_listings.db
2026-02-09 18:11:10 - INFO - Database tables created successfully
2026-02-09 18:11:10 - INFO - Attempt 1/10: Loading https://www.bybit.com/fiat/trade/otc?actionType=1&token=USDT&fiat=NGN
2026-02-09 18:11:20 - INFO - Screenshot saved as 'pb2b/screenshots/bybit_page_20260209_181120.png'
2026-02-09 18:11:20 - WARNING - Error parsing row: Message: no such element: Unable to locate element: {"method":"css selector","selector":"td:nth-child(2)"}
  (Session info: chrome=144.0.7559.132); For documentation on this error, please visit: https://www.selenium.dev/documentation/webdriver/troubleshooting/errors#nosuchelementexception
Stacktrace:
#0 0x55e26f8264ba <unknown>
#1 0x55e26f28f492 <unknown>
#2 0x55e26f2e49b6 <unknown>
#3 0x55e26f2e4bf1 <unknown>
#4 0x55e26f2d81f6 <unknown>
#5 0x55e26f2d80d7 <unknown>
#6 0x55e26f32d700 <unknown>
#7 0x55e26f2d66a2 <unknown>
#8 0x55e26f2d7491 <unknown>
#9 0x55e26f7ec479 <unknown>
#10 0x55e26f7ef391 <unknown>
#11 0x55e26f7d8a89 <unknown>
#12 0x55e26f7eff4e <unknown>
#13 0x55e26f7bf070 <unknown>
#14 0x55e26f813ca8 <unknown>
#15 0x55e26f813e78 <unknown>
#16 0x55e26f825828 <unknown>
#17 0x7f3bf089caa4 <unknown>
#18 0x7f3bf0929c6c <unknown>

2026-02-09 18:11:21 - INFO - Fetching BUY listings for USDT/EUR
2026-02-09 18:11:21 - INFO - Data successfully saved to SQLite database. New listings - Bybit: 5, Binance: 6
2026-02-09 18:11:22 - INFO - Browser session closed
2026-02-09 18:11:22 - INFO - SQLite database connection closed
2026-02-09 20:27:53 - INFO - Logging initialized. Log file: pb2b/logs/bybit_scraper_20260209.log
2026-02-09 20:27:55 - INFO - DataSaver logging initialized. Log file: pb2b/logs/data_saver_20260209.log
2026-02-09 20:27:55 - INFO - Connected to SQLite database: pb2b/p2p_listings.db
2026-02-09 20:27:55 - INFO - Database tables created successfully
2026-02-09 20:27:55 - INFO - Attempt 1/10: Loading https://www.bybit.com/fiat/trade/otc?actionType=1&token=USDT&fiat=NGN
2026-02-09 20:28:06 - INFO - Screenshot saved as 'pb2b/screenshots/bybit_page_20260209_202806.png'
2026-02-09 20:28:06 - WARNING - Error parsing row: Message: no such element: Unable to locate element: {"method":"css selector","selector":"td:nth-child(2)"}
  (Session info: chrome=144.0.7559.132); For documentation on this error, please visit: https://www.selenium.dev/documentation/webdriver/troubleshooting/errors#nosuchelementexception
Stacktrace:
#0 0x5638badfa4ba <unknown>
#1 0x5638ba863492 <unknown>
#2 0x5638ba8b89b6 <unknown>
#3 0x5638ba8b8bf1 <unknown>
#4 0x5638ba8ac1f6 <unknown>
#5 0x5638ba8ac0d7 <unknown>
#6 0x5638ba901700 <unknown>
#7 0x5638ba8aa6a2 <unknown>
#8 0x5638ba8ab491 <unknown>
#9 0x5638badc0479 <unknown>
#10 0x5638badc3391 <unknown>
#11 0x5638badaca89 <unknown>
#12 0x5638badc3f4e <unknown>
#13 0x5638bad93070 <unknown>
#14 0x5638bade7ca8 <unknown>
#15 0x5638bade7e78 <unknown>
#16 0x5638badf9828 <unknown>
#17 0x7fe80969caa4 <unknown>
#18 0x7fe809729c6c <unknown>

2026-02-09 20:28:06 - INFO - Fetching BUY listings for USDT/EUR
2026-02-09 20:28:07 - INFO - Data successfully saved to SQLite database. New listings - Bybit: 5, Binance: 6
2026-02-09 20:28:07 - INFO - Browser session closed
2026-02-09 20:28:07 - INFO - SQLite database connection closed
2026-02-09 21:11:00 - INFO - Logging initialized. Log file: pb2b/logs/bybit_scraper_20260209.log
2026-02-09 21:11:01 - INFO - DataSaver logging initialized. Log file: pb2b/logs/data_saver_20260209.log
2026-02-09 21:11:01 - INFO - Connected to SQLite database: pb2b/p2p_listings.db
2026-02-09 21:11:01 - INFO - Database tables created successfully
2026-02-09 21:11:01 - INFO - Attempt 1/10: Loading https://www.bybit.com/fiat/trade/otc?actionType=1&token=USDT&fiat=NGN
2026-02-09 21:11:11 - INFO - Screenshot saved as 'pb2b/screenshots/bybit_page_20260209_211111.png'
2026-02-09 21:11:11 - WARNING - Error parsing row: Message: no such element: Unable to locate element: {"method":"css selector","selector":"td:nth-child(2)"}
  (Session info: chrome=144.0.7559.132); For documentation on this error, please visit: https://www.selenium.dev/documentation/webdriver/troubleshooting/errors#nosuchelementexception
Stacktrace:
#0 0x55fb736b84ba <unknown>
#1 0x55fb73121492 <unknown>
#2 0x55fb731769b6 <unknown>
#3 0x55fb73176bf1 <unknown>
#4 0x55fb7316a1f6 <unknown>
#5 0x55fb7316a0d7 <unknown>
#6 0x55fb731bf700 <unknown>
#7 0x55fb731686a2 <unknown>
#8 0x55fb73169491 <unknown>
#9 0x55fb7367e479 <unknown>
#10 0x55fb73681391 <unknown>
#11 0x55fb7366aa89 <unknown>
#12 0x55fb73681f4e <unknown>
#13 0x55fb73651070 <unknown>
#14 0x55fb736a5ca8 <unknown>
#15 0x55fb736a5e78 <unknown>
#16 0x55fb736b7828 <unknown>
#17 0x7fc43dc9caa4 <unknown>
#18 0x7fc43dd29c6c <unknown>

2026-02-09 21:11:11 - INFO - Fetching BUY listings for USDT/EUR
2026-02-09 21:11:12 - INFO - Data successfully saved to SQLite database. New listings - Bybit: 5, Binance: 6
2026-02-09 21:11:12 - INFO - Browser session closed
2026-02-09 21:11:12 - INFO - SQLite database connection closed
2026-02-09 21:59:35 - INFO - Logging initialized. Log file: pb2b/logs/bybit_scraper_20260209.log
2026-02-09 21:59:36 - INFO - DataSaver logging initialized. Log file: pb2b/logs/data_saver_20260209.log
2026-02-09 21:59:36 - INFO - Connected to SQLite database: pb2b/p2p_listings.db
2026-02-09 21:59:36 - INFO - Database tables created successfully
2026-02-09 21:59:36 - INFO - Attempt 1/10: Loading https://www.bybit.com/fiat/trade/otc?actionType=1&token=USDT&fiat=NGN
2026-02-09 21:59:47 - INFO - Screenshot saved as 'pb2b/screenshots/bybit_page_20260209_215946.png'
2026-02-09 21:59:47 - WARNING - Error parsing row: Message: no such element: Unable to locate element: {"method":"css selector","selector":"td:nth-child(2)"}
  (Session info: chrome=144.0.7559.132); For documentation on this error, please visit: https://www.selenium.dev/documentation/webdriver/troubleshooting/errors#nosuchelementexception
Stacktrace:
#0 0x5568ab9164ba <unknown>
#1 0x5568ab37f492 <unknown>
#2 0x5568ab3d49b6 <unknown>
#3 0x5568ab3d4bf1 <unknown>
#4 0x5568ab3c81f6 <unknown>
#5 0x5568ab3c80d7 <unknown>
#6 0x5568ab41d700 <unknown>
#7 0x5568ab3c66a2 <unknown>
#8 0x5568ab3c7491 <unknown>
#9 0x5568ab8dc479 <unknown>
#10 0x5568ab8df391 <unknown>
#11 0x5568ab8c8a89 <unknown>
#12 0x5568ab8dff4e <unknown>
#13 0x5568ab8af070 <unknown>
#14 0x5568ab903ca8 <unknown>
#15 0x5568ab903e78 <unknown>
#16 0x5568ab915828 <unknown>
#17 0x7f893029caa4 <unknown>
#18 0x7f8930329c6c <unknown>

2026-02-09 21:59:47 - INFO - Fetching BUY listings for USDT/EUR
2026-02-09 21:59:48 - INFO - Data successfully saved to SQLite database. New listings - Bybit: 5, Binance: 6
2026-02-09 21:59:48 - INFO - Browser session closed
2026-02-09 21:59:48 - INFO - SQLite database connection closed
2026-02-09 22:47:12 - INFO - Logging initialized. Log file: pb2b/logs/bybit_scraper_20260209.log
2026-02-09 22:47:13 - INFO - DataSaver logging initialized. Log file: pb2b/logs/data_saver_20260209.log
2026-02-09 22:47:13 - INFO - Connected to SQLite database: pb2b/p2p_listings.db
2026-02-09 22:47:13 - INFO - Database tables created successfully
2026-02-09 22:47:13 - INFO - Attempt 1/10: Loading https://www.bybit.com/fiat/trade/otc?actionType=1&token=USDT&fiat=NGN
2026-02-09 22:47:20 - INFO - Screenshot saved as 'pb2b/screenshots/bybit_page_20260209_224720.png'
2026-02-09 22:47:20 - WARNING - Error parsing row: Message: no such element: Unable to locate element: {"method":"css selector","selector":"td:nth-child(2)"}
  (Session info: chrome=144.0.7559.132); For documentation on this error, please visit: https://www.selenium.dev/documentation/webdriver/troubleshooting/errors#nosuchelementexception
Stacktrace:
#0 0x558b888f84ba <unknown>
#1 0x558b88361492 <unknown>
#2 0x558b883b69b6 <unknown>
#3 0x558b883b6bf1 <unknown>
#4 0x558b883aa1f6 <unknown>
#5 0x558b883aa0d7 <unknown>
#6 0x558b883ff700 <unknown>
#7 0x558b883a86a2 <unknown>
#8 0x558b883a9491 <unknown>
#9 0x558b888be479 <unknown>
#10 0x558b888c1391 <unknown>
#11 0x558b888aaa89 <unknown>
#12 0x558b888c1f4e <unknown>
#13 0x558b88891070 <unknown>
#14 0x558b888e5ca8 <unknown>
#15 0x558b888e5e78 <unknown>
#16 0x558b888f7828 <unknown>
#17 0x7f366fe9caa4 <unknown>
#18 0x7f366ff29c6c <unknown>

2026-02-09 22:47:21 - INFO - Fetching BUY listings for USDT/EUR
2026-02-09 22:47:21 - INFO - Data successfully saved to SQLite database. New listings - Bybit: 5, Binance: 6
2026-02-09 22:47:21 - INFO - Browser session closed
2026-02-09 22:47:21 - INFO - SQLite database connection closed
