2025-02-12 01:18:06 - INFO - Logging initialized. Log file: pb2b/logs/bybit_scraper_20250212.log
2025-02-12 01:18:16 - INFO - DataSaver logging initialized. Log file: pb2b/logs/data_saver_20250212.log
2025-02-12 01:18:16 - INFO - Connected to SQLite database: pb2b/p2p_listings.db
2025-02-12 01:18:16 - INFO - Database tables created successfully
2025-02-12 01:18:16 - INFO - Attempt 1/10: Loading https://www.bybit.com/fiat/trade/otc?actionType=1&token=USDT&fiat=NGN
2025-02-12 01:18:30 - INFO - Screenshot saved as 'pb2b/screenshots/bybit_page_20250212_011830.png'
2025-02-12 01:18:30 - INFO - Fetching BUY listings for USDT/EUR
2025-02-12 01:18:31 - INFO - Data successfully saved to SQLite database. New listings - Bybit: 4, Binance: 6
2025-02-12 01:18:31 - INFO - Browser session closed
2025-02-12 01:18:31 - INFO - SQLite database connection closed
2025-02-12 03:29:39 - INFO - Logging initialized. Log file: pb2b/logs/bybit_scraper_20250212.log
2025-02-12 03:29:46 - INFO - DataSaver logging initialized. Log file: pb2b/logs/data_saver_20250212.log
2025-02-12 03:29:46 - INFO - Connected to SQLite database: pb2b/p2p_listings.db
2025-02-12 03:29:46 - INFO - Database tables created successfully
2025-02-12 03:29:46 - INFO - Attempt 1/10: Loading https://www.bybit.com/fiat/trade/otc?actionType=1&token=USDT&fiat=NGN
2025-02-12 03:29:58 - INFO - Screenshot saved as 'pb2b/screenshots/bybit_page_20250212_032957.png'
2025-02-12 03:29:58 - INFO - Fetching BUY listings for USDT/EUR
2025-02-12 03:29:58 - INFO - Data successfully saved to SQLite database. New listings - Bybit: 4, Binance: 6
2025-02-12 03:29:59 - INFO - Browser session closed
2025-02-12 03:29:59 - INFO - SQLite database connection closed
