2025-01-01 00:57:12 - INFO - Logging initialized. Log file: pb2b/logs/bybit_scraper_20250101.log
2025-01-01 00:57:13 - INFO - DataSaver logging initialized. Log file: pb2b/logs/data_saver_20250101.log
2025-01-01 00:57:13 - INFO - Connected to SQLite database: pb2b/p2p_listings.db
2025-01-01 00:57:13 - INFO - Database tables created successfully
2025-01-01 00:57:13 - INFO - Attempt 1/10: Loading https://www.bybit.com/fiat/trade/otc?actionType=1&token=USDT&fiat=NGN
2025-01-01 00:57:23 - INFO - Screenshot saved as 'pb2b/screenshots/bybit_page_20250101_005723.png'
2025-01-01 00:57:23 - INFO - Fetching BUY listings for USDT/EUR
2025-01-01 00:57:24 - INFO - Data successfully saved to SQLite database. New listings - Bybit: 4, Binance: 6
2025-01-01 00:57:24 - INFO - Browser session closed
2025-01-01 00:57:24 - INFO - SQLite database connection closed
2025-01-01 02:26:57 - INFO - Logging initialized. Log file: pb2b/logs/bybit_scraper_20250101.log
2025-01-01 02:26:58 - INFO - DataSaver logging initialized. Log file: pb2b/logs/data_saver_20250101.log
2025-01-01 02:26:58 - INFO - Connected to SQLite database: pb2b/p2p_listings.db
2025-01-01 02:26:58 - INFO - Database tables created successfully
2025-01-01 02:26:58 - INFO - Attempt 1/10: Loading https://www.bybit.com/fiat/trade/otc?actionType=1&token=USDT&fiat=NGN
2025-01-01 02:27:10 - INFO - Screenshot saved as 'pb2b/screenshots/bybit_page_20250101_022710.png'
2025-01-01 02:27:10 - INFO - Fetching BUY listings for USDT/EUR
2025-01-01 02:27:11 - INFO - Data successfully saved to SQLite database. New listings - Bybit: 4, Binance: 6
2025-01-01 02:27:11 - INFO - Browser session closed
2025-01-01 02:27:11 - INFO - SQLite database connection closed
2025-01-01 03:08:56 - INFO - Logging initialized. Log file: pb2b/logs/bybit_scraper_20250101.log
2025-01-01 03:08:57 - INFO - DataSaver logging initialized. Log file: pb2b/logs/data_saver_20250101.log
2025-01-01 03:08:57 - INFO - Connected to SQLite database: pb2b/p2p_listings.db
2025-01-01 03:08:57 - INFO - Database tables created successfully
2025-01-01 03:08:57 - INFO - Attempt 1/10: Loading https://www.bybit.com/fiat/trade/otc?actionType=1&token=USDT&fiat=NGN
2025-01-01 03:09:07 - INFO - Screenshot saved as 'pb2b/screenshots/bybit_page_20250101_030906.png'
2025-01-01 03:09:07 - INFO - Fetching BUY listings for USDT/EUR
2025-01-01 03:09:08 - INFO - Data successfully saved to SQLite database. New listings - Bybit: 4, Binance: 6
2025-01-01 03:09:08 - INFO - Browser session closed
2025-01-01 03:09:08 - INFO - SQLite database connection closed
