2025-03-15 01:54:42 - INFO - Logging initialized. Log file: pb2b/logs/bybit_scraper_20250315.log
2025-03-15 01:54:42 - INFO - DataSaver logging initialized. Log file: pb2b/logs/data_saver_20250315.log
2025-03-15 01:54:42 - INFO - Connected to SQLite database: pb2b/p2p_listings.db
2025-03-15 01:54:42 - INFO - Database tables created successfully
2025-03-15 01:54:42 - INFO - Attempt 1/10: Loading https://www.bybit.com/fiat/trade/otc?actionType=1&token=USDT&fiat=NGN
2025-03-15 01:54:52 - INFO - Screenshot saved as 'pb2b/screenshots/bybit_page_20250315_015452.png'
2025-03-15 01:54:52 - INFO - Fetching BUY listings for USDT/EUR
2025-03-15 01:54:53 - INFO - Data successfully saved to SQLite database. New listings - Bybit: 4, Binance: 6
2025-03-15 01:54:53 - INFO - Browser session closed
2025-03-15 01:54:53 - INFO - SQLite database connection closed
2025-03-15 02:53:57 - INFO - Logging initialized. Log file: pb2b/logs/bybit_scraper_20250315.log
2025-03-15 02:53:57 - INFO - DataSaver logging initialized. Log file: pb2b/logs/data_saver_20250315.log
2025-03-15 02:53:57 - INFO - Connected to SQLite database: pb2b/p2p_listings.db
2025-03-15 02:53:57 - INFO - Database tables created successfully
2025-03-15 02:53:57 - INFO - Attempt 1/10: Loading https://www.bybit.com/fiat/trade/otc?actionType=1&token=USDT&fiat=NGN
2025-03-15 02:54:06 - INFO - Screenshot saved as 'pb2b/screenshots/bybit_page_20250315_025406.png'
2025-03-15 02:54:06 - INFO - Fetching BUY listings for USDT/EUR
2025-03-15 02:54:07 - INFO - Data successfully saved to SQLite database. New listings - Bybit: 4, Binance: 6
2025-03-15 02:54:07 - INFO - Browser session closed
2025-03-15 02:54:07 - INFO - SQLite database connection closed
2025-03-15 03:26:30 - INFO - Logging initialized. Log file: pb2b/logs/bybit_scraper_20250315.log
2025-03-15 03:26:31 - INFO - DataSaver logging initialized. Log file: pb2b/logs/data_saver_20250315.log
2025-03-15 03:26:31 - INFO - Connected to SQLite database: pb2b/p2p_listings.db
2025-03-15 03:26:31 - INFO - Database tables created successfully
2025-03-15 03:26:31 - INFO - Attempt 1/10: Loading https://www.bybit.com/fiat/trade/otc?actionType=1&token=USDT&fiat=NGN
2025-03-15 03:26:40 - INFO - Screenshot saved as 'pb2b/screenshots/bybit_page_20250315_032640.png'
2025-03-15 03:26:40 - INFO - Fetching BUY listings for USDT/EUR
2025-03-15 03:26:41 - INFO - Data successfully saved to SQLite database. New listings - Bybit: 4, Binance: 6
2025-03-15 03:26:41 - INFO - Browser session closed
2025-03-15 03:26:41 - INFO - SQLite database connection closed
2025-03-15 03:48:04 - INFO - Logging initialized. Log file: pb2b/logs/bybit_scraper_20250315.log
2025-03-15 03:48:05 - INFO - DataSaver logging initialized. Log file: pb2b/logs/data_saver_20250315.log
2025-03-15 03:48:05 - INFO - Connected to SQLite database: pb2b/p2p_listings.db
2025-03-15 03:48:05 - INFO - Database tables created successfully
2025-03-15 03:48:05 - INFO - Attempt 1/10: Loading https://www.bybit.com/fiat/trade/otc?actionType=1&token=USDT&fiat=NGN
2025-03-15 03:48:14 - INFO - Screenshot saved as 'pb2b/screenshots/bybit_page_20250315_034814.png'
2025-03-15 03:48:15 - INFO - Fetching BUY listings for USDT/EUR
2025-03-15 03:48:15 - INFO - Data successfully saved to SQLite database. New listings - Bybit: 4, Binance: 6
2025-03-15 03:48:15 - INFO - Browser session closed
2025-03-15 03:48:15 - INFO - SQLite database connection closed
2025-03-15 04:01:03 - INFO - Logging initialized. Log file: pb2b/logs/bybit_scraper_20250315.log
2025-03-15 04:01:03 - INFO - DataSaver logging initialized. Log file: pb2b/logs/data_saver_20250315.log
2025-03-15 04:01:03 - INFO - Connected to SQLite database: pb2b/p2p_listings.db
2025-03-15 04:01:03 - INFO - Database tables created successfully
2025-03-15 04:01:03 - INFO - Attempt 1/10: Loading https://www.bybit.com/fiat/trade/otc?actionType=1&token=USDT&fiat=NGN
2025-03-15 04:01:12 - INFO - Screenshot saved as 'pb2b/screenshots/bybit_page_20250315_040112.png'
2025-03-15 04:01:13 - INFO - Fetching BUY listings for USDT/EUR
2025-03-15 04:01:13 - INFO - Data successfully saved to SQLite database. New listings - Bybit: 4, Binance: 6
2025-03-15 04:01:14 - INFO - Browser session closed
2025-03-15 04:01:14 - INFO - SQLite database connection closed
2025-03-15 04:30:06 - INFO - Logging initialized. Log file: pb2b/logs/bybit_scraper_20250315.log
2025-03-15 04:30:07 - INFO - DataSaver logging initialized. Log file: pb2b/logs/data_saver_20250315.log
2025-03-15 04:30:07 - INFO - Connected to SQLite database: pb2b/p2p_listings.db
2025-03-15 04:30:07 - INFO - Database tables created successfully
2025-03-15 04:30:07 - INFO - Attempt 1/10: Loading https://www.bybit.com/fiat/trade/otc?actionType=1&token=USDT&fiat=NGN
2025-03-15 04:30:16 - INFO - Screenshot saved as 'pb2b/screenshots/bybit_page_20250315_043016.png'
2025-03-15 04:30:17 - INFO - Fetching BUY listings for USDT/EUR
2025-03-15 04:30:17 - INFO - Data successfully saved to SQLite database. New listings - Bybit: 4, Binance: 6
2025-03-15 04:30:17 - INFO - Browser session closed
2025-03-15 04:30:17 - INFO - SQLite database connection closed
2025-03-15 04:45:32 - INFO - Logging initialized. Log file: pb2b/logs/bybit_scraper_20250315.log
2025-03-15 04:45:32 - INFO - DataSaver logging initialized. Log file: pb2b/logs/data_saver_20250315.log
2025-03-15 04:45:32 - INFO - Connected to SQLite database: pb2b/p2p_listings.db
2025-03-15 04:45:32 - INFO - Database tables created successfully
2025-03-15 04:45:32 - INFO - Attempt 1/10: Loading https://www.bybit.com/fiat/trade/otc?actionType=1&token=USDT&fiat=NGN
2025-03-15 04:45:42 - INFO - Screenshot saved as 'pb2b/screenshots/bybit_page_20250315_044542.png'
2025-03-15 04:45:42 - INFO - Fetching BUY listings for USDT/EUR
2025-03-15 04:45:43 - INFO - Data successfully saved to SQLite database. New listings - Bybit: 4, Binance: 6
2025-03-15 04:45:43 - INFO - Browser session closed
2025-03-15 04:45:43 - INFO - SQLite database connection closed
2025-03-15 04:59:24 - INFO - Logging initialized. Log file: pb2b/logs/bybit_scraper_20250315.log
2025-03-15 04:59:26 - INFO - DataSaver logging initialized. Log file: pb2b/logs/data_saver_20250315.log
2025-03-15 04:59:26 - INFO - Connected to SQLite database: pb2b/p2p_listings.db
2025-03-15 04:59:26 - INFO - Database tables created successfully
2025-03-15 04:59:26 - INFO - Attempt 1/10: Loading https://www.bybit.com/fiat/trade/otc?actionType=1&token=USDT&fiat=NGN
2025-03-15 04:59:37 - INFO - Screenshot saved as 'pb2b/screenshots/bybit_page_20250315_045937.png'
2025-03-15 04:59:38 - INFO - Fetching BUY listings for USDT/EUR
2025-03-15 04:59:38 - INFO - Data successfully saved to SQLite database. New listings - Bybit: 4, Binance: 6
2025-03-15 04:59:38 - INFO - Browser session closed
2025-03-15 04:59:38 - INFO - SQLite database connection closed
