2025-09-20 01:47:26 - INFO - Logging initialized. Log file: pb2b/logs/bybit_scraper_20250920.log
2025-09-20 01:47:28 - INFO - DataSaver logging initialized. Log file: pb2b/logs/data_saver_20250920.log
2025-09-20 01:47:28 - INFO - Connected to SQLite database: pb2b/p2p_listings.db
2025-09-20 01:47:28 - INFO - Database tables created successfully
2025-09-20 01:47:28 - INFO - Attempt 1/10: Loading https://www.bybit.com/fiat/trade/otc?actionType=1&token=USDT&fiat=NGN
2025-09-20 01:47:37 - INFO - Screenshot saved as 'pb2b/screenshots/bybit_page_20250920_014737.png'
2025-09-20 01:47:38 - INFO - Fetching BUY listings for USDT/EUR
2025-09-20 01:47:38 - INFO - Data successfully saved to SQLite database. New listings - Bybit: 4, Binance: 6
2025-09-20 01:47:39 - INFO - Browser session closed
2025-09-20 01:47:39 - INFO - SQLite database connection closed
2025-09-20 02:47:38 - INFO - Logging initialized. Log file: pb2b/logs/bybit_scraper_20250920.log
2025-09-20 02:47:39 - INFO - DataSaver logging initialized. Log file: pb2b/logs/data_saver_20250920.log
2025-09-20 02:47:39 - INFO - Connected to SQLite database: pb2b/p2p_listings.db
2025-09-20 02:47:39 - INFO - Database tables created successfully
2025-09-20 02:47:39 - INFO - Attempt 1/10: Loading https://www.bybit.com/fiat/trade/otc?actionType=1&token=USDT&fiat=NGN
2025-09-20 02:47:48 - INFO - Screenshot saved as 'pb2b/screenshots/bybit_page_20250920_024748.png'
2025-09-20 02:47:48 - INFO - Fetching BUY listings for USDT/EUR
2025-09-20 02:47:49 - INFO - Data successfully saved to SQLite database. New listings - Bybit: 4, Binance: 6
2025-09-20 02:47:49 - INFO - Browser session closed
2025-09-20 02:47:49 - INFO - SQLite database connection closed
2025-09-20 03:21:55 - INFO - Logging initialized. Log file: pb2b/logs/bybit_scraper_20250920.log
2025-09-20 03:21:56 - INFO - DataSaver logging initialized. Log file: pb2b/logs/data_saver_20250920.log
2025-09-20 03:21:56 - INFO - Connected to SQLite database: pb2b/p2p_listings.db
2025-09-20 03:21:56 - INFO - Database tables created successfully
2025-09-20 03:21:56 - INFO - Attempt 1/10: Loading https://www.bybit.com/fiat/trade/otc?actionType=1&token=USDT&fiat=NGN
2025-09-20 03:22:04 - INFO - Screenshot saved as 'pb2b/screenshots/bybit_page_20250920_032204.png'
2025-09-20 03:22:04 - INFO - Fetching BUY listings for USDT/EUR
2025-09-20 03:22:05 - INFO - Data successfully saved to SQLite database. New listings - Bybit: 4, Binance: 6
2025-09-20 03:22:06 - INFO - Browser session closed
2025-09-20 03:22:06 - INFO - SQLite database connection closed
2025-09-20 03:45:12 - INFO - Logging initialized. Log file: pb2b/logs/bybit_scraper_20250920.log
2025-09-20 03:45:13 - INFO - DataSaver logging initialized. Log file: pb2b/logs/data_saver_20250920.log
2025-09-20 03:45:13 - INFO - Connected to SQLite database: pb2b/p2p_listings.db
2025-09-20 03:45:13 - INFO - Database tables created successfully
2025-09-20 03:45:13 - INFO - Attempt 1/10: Loading https://www.bybit.com/fiat/trade/otc?actionType=1&token=USDT&fiat=NGN
2025-09-20 03:45:23 - INFO - Screenshot saved as 'pb2b/screenshots/bybit_page_20250920_034522.png'
2025-09-20 03:45:23 - INFO - Fetching BUY listings for USDT/EUR
2025-09-20 03:45:24 - INFO - Data successfully saved to SQLite database. New listings - Bybit: 4, Binance: 6
2025-09-20 03:45:24 - INFO - Browser session closed
2025-09-20 03:45:24 - INFO - SQLite database connection closed
2025-09-20 03:58:19 - INFO - Logging initialized. Log file: pb2b/logs/bybit_scraper_20250920.log
2025-09-20 03:58:20 - INFO - DataSaver logging initialized. Log file: pb2b/logs/data_saver_20250920.log
2025-09-20 03:58:20 - INFO - Connected to SQLite database: pb2b/p2p_listings.db
2025-09-20 03:58:20 - INFO - Database tables created successfully
2025-09-20 03:58:20 - INFO - Attempt 1/10: Loading https://www.bybit.com/fiat/trade/otc?actionType=1&token=USDT&fiat=NGN
2025-09-20 03:58:28 - INFO - Screenshot saved as 'pb2b/screenshots/bybit_page_20250920_035828.png'
2025-09-20 03:58:29 - INFO - Fetching BUY listings for USDT/EUR
2025-09-20 03:58:30 - INFO - Data successfully saved to SQLite database. New listings - Bybit: 4, Binance: 6
2025-09-20 03:58:30 - INFO - Browser session closed
2025-09-20 03:58:30 - INFO - SQLite database connection closed
