2025-06-17 02:12:57 - INFO - Logging initialized. Log file: pb2b/logs/bybit_scraper_20250617.log
2025-06-17 02:12:58 - INFO - DataSaver logging initialized. Log file: pb2b/logs/data_saver_20250617.log
2025-06-17 02:12:58 - INFO - Connected to SQLite database: pb2b/p2p_listings.db
2025-06-17 02:12:58 - INFO - Database tables created successfully
2025-06-17 02:12:58 - INFO - Attempt 1/10: Loading https://www.bybit.com/fiat/trade/otc?actionType=1&token=USDT&fiat=NGN
2025-06-17 02:13:07 - INFO - Screenshot saved as 'pb2b/screenshots/bybit_page_20250617_021306.png'
2025-06-17 02:13:07 - INFO - Fetching BUY listings for USDT/EUR
2025-06-17 02:13:08 - INFO - Data successfully saved to SQLite database. New listings - Bybit: 4, Binance: 6
2025-06-17 02:13:08 - INFO - Browser session closed
2025-06-17 02:13:08 - INFO - SQLite database connection closed
2025-06-17 03:33:47 - INFO - Logging initialized. Log file: pb2b/logs/bybit_scraper_20250617.log
2025-06-17 03:33:49 - INFO - DataSaver logging initialized. Log file: pb2b/logs/data_saver_20250617.log
2025-06-17 03:33:49 - INFO - Connected to SQLite database: pb2b/p2p_listings.db
2025-06-17 03:33:49 - INFO - Database tables created successfully
2025-06-17 03:33:49 - INFO - Attempt 1/10: Loading https://www.bybit.com/fiat/trade/otc?actionType=1&token=USDT&fiat=NGN
2025-06-17 03:33:59 - INFO - Screenshot saved as 'pb2b/screenshots/bybit_page_20250617_033359.png'
2025-06-17 03:33:59 - INFO - Fetching BUY listings for USDT/EUR
2025-06-17 03:34:00 - INFO - Data successfully saved to SQLite database. New listings - Bybit: 4, Binance: 6
2025-06-17 03:34:00 - INFO - Browser session closed
2025-06-17 03:34:00 - INFO - SQLite database connection closed
