2025-11-23 00:01:02 - INFO - Logging initialized. Log file: pb2b/logs/bybit_scraper_20251123.log
2025-11-23 00:01:04 - INFO - DataSaver logging initialized. Log file: pb2b/logs/data_saver_20251123.log
2025-11-23 00:01:04 - INFO - Connected to SQLite database: pb2b/p2p_listings.db
2025-11-23 00:01:04 - INFO - Database tables created successfully
2025-11-23 00:01:04 - INFO - Attempt 1/10: Loading https://www.bybit.com/fiat/trade/otc?actionType=1&token=USDT&fiat=NGN
2025-11-23 00:01:13 - INFO - Screenshot saved as 'pb2b/screenshots/bybit_page_20251123_000113.png'
2025-11-23 00:01:13 - INFO - Fetching BUY listings for USDT/EUR
2025-11-23 00:01:13 - INFO - Data successfully saved to SQLite database. New listings - Bybit: 4, Binance: 6
2025-11-23 00:01:14 - INFO - Browser session closed
2025-11-23 00:01:14 - INFO - SQLite database connection closed
2025-11-23 02:30:06 - INFO - Logging initialized. Log file: pb2b/logs/bybit_scraper_20251123.log
2025-11-23 02:30:08 - INFO - DataSaver logging initialized. Log file: pb2b/logs/data_saver_20251123.log
2025-11-23 02:30:08 - INFO - Connected to SQLite database: pb2b/p2p_listings.db
2025-11-23 02:30:08 - INFO - Database tables created successfully
2025-11-23 02:30:08 - INFO - Attempt 1/10: Loading https://www.bybit.com/fiat/trade/otc?actionType=1&token=USDT&fiat=NGN
2025-11-23 02:30:18 - INFO - Screenshot saved as 'pb2b/screenshots/bybit_page_20251123_023018.png'
2025-11-23 02:30:18 - INFO - Fetching BUY listings for USDT/EUR
2025-11-23 02:30:19 - INFO - Data successfully saved to SQLite database. New listings - Bybit: 4, Binance: 6
2025-11-23 02:30:19 - INFO - Browser session closed
2025-11-23 02:30:19 - INFO - SQLite database connection closed
2025-11-23 03:50:31 - INFO - Logging initialized. Log file: pb2b/logs/bybit_scraper_20251123.log
2025-11-23 03:50:33 - INFO - DataSaver logging initialized. Log file: pb2b/logs/data_saver_20251123.log
2025-11-23 03:50:33 - INFO - Connected to SQLite database: pb2b/p2p_listings.db
2025-11-23 03:50:33 - INFO - Database tables created successfully
2025-11-23 03:50:33 - INFO - Attempt 1/10: Loading https://www.bybit.com/fiat/trade/otc?actionType=1&token=USDT&fiat=NGN
2025-11-23 03:50:43 - INFO - Screenshot saved as 'pb2b/screenshots/bybit_page_20251123_035043.png'
2025-11-23 03:50:43 - INFO - Fetching BUY listings for USDT/EUR
2025-11-23 03:50:43 - INFO - Data successfully saved to SQLite database. New listings - Bybit: 4, Binance: 6
2025-11-23 03:50:44 - INFO - Browser session closed
2025-11-23 03:50:44 - INFO - SQLite database connection closed
2025-11-23 04:26:14 - INFO - Logging initialized. Log file: pb2b/logs/bybit_scraper_20251123.log
2025-11-23 04:26:16 - INFO - DataSaver logging initialized. Log file: pb2b/logs/data_saver_20251123.log
2025-11-23 04:26:16 - INFO - Connected to SQLite database: pb2b/p2p_listings.db
2025-11-23 04:26:16 - INFO - Database tables created successfully
2025-11-23 04:26:16 - INFO - Attempt 1/10: Loading https://www.bybit.com/fiat/trade/otc?actionType=1&token=USDT&fiat=NGN
2025-11-23 04:26:26 - INFO - Screenshot saved as 'pb2b/screenshots/bybit_page_20251123_042626.png'
2025-11-23 04:26:26 - INFO - Fetching BUY listings for USDT/EUR
2025-11-23 04:26:27 - INFO - Data successfully saved to SQLite database. New listings - Bybit: 4, Binance: 6
2025-11-23 04:26:27 - INFO - Browser session closed
2025-11-23 04:26:27 - INFO - SQLite database connection closed
2025-11-23 04:55:14 - INFO - Logging initialized. Log file: pb2b/logs/bybit_scraper_20251123.log
2025-11-23 04:55:16 - INFO - DataSaver logging initialized. Log file: pb2b/logs/data_saver_20251123.log
2025-11-23 04:55:16 - INFO - Connected to SQLite database: pb2b/p2p_listings.db
2025-11-23 04:55:16 - INFO - Database tables created successfully
2025-11-23 04:55:16 - INFO - Attempt 1/10: Loading https://www.bybit.com/fiat/trade/otc?actionType=1&token=USDT&fiat=NGN
2025-11-23 04:55:26 - INFO - Screenshot saved as 'pb2b/screenshots/bybit_page_20251123_045526.png'
2025-11-23 04:55:26 - INFO - Fetching BUY listings for USDT/EUR
2025-11-23 04:55:27 - INFO - Data successfully saved to SQLite database. New listings - Bybit: 4, Binance: 6
2025-11-23 04:55:27 - INFO - Browser session closed
2025-11-23 04:55:27 - INFO - SQLite database connection closed
2025-11-23 05:19:23 - INFO - Logging initialized. Log file: pb2b/logs/bybit_scraper_20251123.log
2025-11-23 05:19:24 - INFO - DataSaver logging initialized. Log file: pb2b/logs/data_saver_20251123.log
2025-11-23 05:19:24 - INFO - Connected to SQLite database: pb2b/p2p_listings.db
2025-11-23 05:19:24 - INFO - Database tables created successfully
2025-11-23 05:19:24 - INFO - Attempt 1/10: Loading https://www.bybit.com/fiat/trade/otc?actionType=1&token=USDT&fiat=NGN
2025-11-23 05:19:32 - INFO - Screenshot saved as 'pb2b/screenshots/bybit_page_20251123_051931.png'
2025-11-23 05:19:32 - INFO - Fetching BUY listings for USDT/EUR
2025-11-23 05:19:33 - INFO - Data successfully saved to SQLite database. New listings - Bybit: 4, Binance: 6
2025-11-23 05:19:33 - INFO - Browser session closed
2025-11-23 05:19:33 - INFO - SQLite database connection closed
2025-11-23 05:41:17 - INFO - Logging initialized. Log file: pb2b/logs/bybit_scraper_20251123.log
2025-11-23 05:41:18 - INFO - DataSaver logging initialized. Log file: pb2b/logs/data_saver_20251123.log
2025-11-23 05:41:18 - INFO - Connected to SQLite database: pb2b/p2p_listings.db
2025-11-23 05:41:18 - INFO - Database tables created successfully
2025-11-23 05:41:18 - INFO - Attempt 1/10: Loading https://www.bybit.com/fiat/trade/otc?actionType=1&token=USDT&fiat=NGN
2025-11-23 05:41:29 - INFO - Screenshot saved as 'pb2b/screenshots/bybit_page_20251123_054129.png'
2025-11-23 05:41:29 - INFO - Fetching BUY listings for USDT/EUR
2025-11-23 05:41:30 - INFO - Data successfully saved to SQLite database. New listings - Bybit: 4, Binance: 6
2025-11-23 05:41:30 - INFO - Browser session closed
2025-11-23 05:41:30 - INFO - SQLite database connection closed
2025-11-23 05:54:26 - INFO - Logging initialized. Log file: pb2b/logs/bybit_scraper_20251123.log
2025-11-23 05:54:27 - INFO - DataSaver logging initialized. Log file: pb2b/logs/data_saver_20251123.log
2025-11-23 05:54:27 - INFO - Connected to SQLite database: pb2b/p2p_listings.db
2025-11-23 05:54:27 - INFO - Database tables created successfully
2025-11-23 05:54:27 - INFO - Attempt 1/10: Loading https://www.bybit.com/fiat/trade/otc?actionType=1&token=USDT&fiat=NGN
2025-11-23 05:54:37 - INFO - Screenshot saved as 'pb2b/screenshots/bybit_page_20251123_055437.png'
2025-11-23 05:54:38 - INFO - Fetching BUY listings for USDT/EUR
2025-11-23 05:54:38 - INFO - Data successfully saved to SQLite database. New listings - Bybit: 4, Binance: 6
2025-11-23 05:54:39 - INFO - Browser session closed
2025-11-23 05:54:39 - INFO - SQLite database connection closed
2025-11-23 06:25:27 - INFO - Logging initialized. Log file: pb2b/logs/bybit_scraper_20251123.log
2025-11-23 06:25:30 - INFO - DataSaver logging initialized. Log file: pb2b/logs/data_saver_20251123.log
2025-11-23 06:25:30 - INFO - Connected to SQLite database: pb2b/p2p_listings.db
2025-11-23 06:25:30 - INFO - Database tables created successfully
2025-11-23 06:25:30 - INFO - Attempt 1/10: Loading https://www.bybit.com/fiat/trade/otc?actionType=1&token=USDT&fiat=NGN
2025-11-23 06:25:38 - INFO - Screenshot saved as 'pb2b/screenshots/bybit_page_20251123_062538.png'
2025-11-23 06:25:39 - INFO - Fetching BUY listings for USDT/EUR
2025-11-23 06:25:39 - INFO - Data successfully saved to SQLite database. New listings - Bybit: 4, Binance: 6
2025-11-23 06:25:40 - INFO - Browser session closed
2025-11-23 06:25:40 - INFO - SQLite database connection closed
2025-11-23 06:52:14 - INFO - Logging initialized. Log file: pb2b/logs/bybit_scraper_20251123.log
2025-11-23 06:52:15 - INFO - DataSaver logging initialized. Log file: pb2b/logs/data_saver_20251123.log
2025-11-23 06:52:15 - INFO - Connected to SQLite database: pb2b/p2p_listings.db
2025-11-23 06:52:15 - INFO - Database tables created successfully
2025-11-23 06:52:15 - INFO - Attempt 1/10: Loading https://www.bybit.com/fiat/trade/otc?actionType=1&token=USDT&fiat=NGN
2025-11-23 06:52:27 - INFO - Screenshot saved as 'pb2b/screenshots/bybit_page_20251123_065226.png'
2025-11-23 06:52:27 - INFO - Fetching BUY listings for USDT/EUR
2025-11-23 06:52:27 - INFO - Data successfully saved to SQLite database. New listings - Bybit: 4, Binance: 6
2025-11-23 06:52:27 - INFO - Browser session closed
2025-11-23 06:52:27 - INFO - SQLite database connection closed
2025-11-23 07:13:07 - INFO - Logging initialized. Log file: pb2b/logs/bybit_scraper_20251123.log
2025-11-23 07:13:09 - INFO - DataSaver logging initialized. Log file: pb2b/logs/data_saver_20251123.log
2025-11-23 07:13:09 - INFO - Connected to SQLite database: pb2b/p2p_listings.db
2025-11-23 07:13:09 - INFO - Database tables created successfully
2025-11-23 07:13:09 - INFO - Attempt 1/10: Loading https://www.bybit.com/fiat/trade/otc?actionType=1&token=USDT&fiat=NGN
2025-11-23 07:13:19 - INFO - Screenshot saved as 'pb2b/screenshots/bybit_page_20251123_071318.png'
2025-11-23 07:13:19 - INFO - Fetching BUY listings for USDT/EUR
2025-11-23 07:13:19 - INFO - Data successfully saved to SQLite database. New listings - Bybit: 4, Binance: 6
2025-11-23 07:13:19 - INFO - Browser session closed
2025-11-23 07:13:19 - INFO - SQLite database connection closed
2025-11-23 07:33:22 - INFO - Logging initialized. Log file: pb2b/logs/bybit_scraper_20251123.log
2025-11-23 07:33:23 - INFO - DataSaver logging initialized. Log file: pb2b/logs/data_saver_20251123.log
2025-11-23 07:33:23 - INFO - Connected to SQLite database: pb2b/p2p_listings.db
2025-11-23 07:33:23 - INFO - Database tables created successfully
2025-11-23 07:33:23 - INFO - Attempt 1/10: Loading https://www.bybit.com/fiat/trade/otc?actionType=1&token=USDT&fiat=NGN
2025-11-23 07:33:35 - INFO - Screenshot saved as 'pb2b/screenshots/bybit_page_20251123_073334.png'
2025-11-23 07:33:35 - INFO - Fetching BUY listings for USDT/EUR
2025-11-23 07:33:36 - INFO - Data successfully saved to SQLite database. New listings - Bybit: 4, Binance: 6
2025-11-23 07:33:36 - INFO - Browser session closed
2025-11-23 07:33:36 - INFO - SQLite database connection closed
2025-11-23 07:46:44 - INFO - Logging initialized. Log file: pb2b/logs/bybit_scraper_20251123.log
2025-11-23 07:46:46 - INFO - DataSaver logging initialized. Log file: pb2b/logs/data_saver_20251123.log
2025-11-23 07:46:46 - INFO - Connected to SQLite database: pb2b/p2p_listings.db
2025-11-23 07:46:46 - INFO - Database tables created successfully
2025-11-23 07:46:46 - INFO - Attempt 1/10: Loading https://www.bybit.com/fiat/trade/otc?actionType=1&token=USDT&fiat=NGN
2025-11-23 07:46:55 - INFO - Screenshot saved as 'pb2b/screenshots/bybit_page_20251123_074654.png'
2025-11-23 07:46:55 - INFO - Fetching BUY listings for USDT/EUR
2025-11-23 07:46:56 - INFO - Data successfully saved to SQLite database. New listings - Bybit: 4, Binance: 6
2025-11-23 07:46:56 - INFO - Browser session closed
2025-11-23 07:46:56 - INFO - SQLite database connection closed
2025-11-23 07:59:49 - INFO - Logging initialized. Log file: pb2b/logs/bybit_scraper_20251123.log
2025-11-23 07:59:51 - INFO - DataSaver logging initialized. Log file: pb2b/logs/data_saver_20251123.log
2025-11-23 07:59:51 - INFO - Connected to SQLite database: pb2b/p2p_listings.db
2025-11-23 07:59:51 - INFO - Database tables created successfully
2025-11-23 07:59:51 - INFO - Attempt 1/10: Loading https://www.bybit.com/fiat/trade/otc?actionType=1&token=USDT&fiat=NGN
2025-11-23 08:00:03 - INFO - Screenshot saved as 'pb2b/screenshots/bybit_page_20251123_080003.png'
2025-11-23 08:00:03 - INFO - Fetching BUY listings for USDT/EUR
2025-11-23 08:00:04 - INFO - Data successfully saved to SQLite database. New listings - Bybit: 4, Binance: 6
2025-11-23 08:00:04 - INFO - Browser session closed
2025-11-23 08:00:04 - INFO - SQLite database connection closed
2025-11-23 08:36:55 - INFO - Logging initialized. Log file: pb2b/logs/bybit_scraper_20251123.log
2025-11-23 08:36:56 - INFO - DataSaver logging initialized. Log file: pb2b/logs/data_saver_20251123.log
2025-11-23 08:36:56 - INFO - Connected to SQLite database: pb2b/p2p_listings.db
2025-11-23 08:36:56 - INFO - Database tables created successfully
2025-11-23 08:36:56 - INFO - Attempt 1/10: Loading https://www.bybit.com/fiat/trade/otc?actionType=1&token=USDT&fiat=NGN
2025-11-23 08:37:08 - INFO - Screenshot saved as 'pb2b/screenshots/bybit_page_20251123_083708.png'
2025-11-23 08:37:09 - INFO - Fetching BUY listings for USDT/EUR
2025-11-23 08:37:09 - INFO - Data successfully saved to SQLite database. New listings - Bybit: 4, Binance: 6
2025-11-23 08:37:10 - INFO - Browser session closed
2025-11-23 08:37:10 - INFO - SQLite database connection closed
2025-11-23 08:54:25 - INFO - Logging initialized. Log file: pb2b/logs/bybit_scraper_20251123.log
2025-11-23 08:54:26 - INFO - DataSaver logging initialized. Log file: pb2b/logs/data_saver_20251123.log
2025-11-23 08:54:26 - INFO - Connected to SQLite database: pb2b/p2p_listings.db
2025-11-23 08:54:26 - INFO - Database tables created successfully
2025-11-23 08:54:26 - INFO - Attempt 1/10: Loading https://www.bybit.com/fiat/trade/otc?actionType=1&token=USDT&fiat=NGN
2025-11-23 08:54:36 - INFO - Screenshot saved as 'pb2b/screenshots/bybit_page_20251123_085435.png'
2025-11-23 08:54:36 - INFO - Fetching BUY listings for USDT/EUR
2025-11-23 08:54:37 - INFO - Data successfully saved to SQLite database. New listings - Bybit: 4, Binance: 6
2025-11-23 08:54:37 - INFO - Browser session closed
2025-11-23 08:54:37 - INFO - SQLite database connection closed
2025-11-23 09:18:18 - INFO - Logging initialized. Log file: pb2b/logs/bybit_scraper_20251123.log
2025-11-23 09:18:19 - INFO - DataSaver logging initialized. Log file: pb2b/logs/data_saver_20251123.log
2025-11-23 09:18:19 - INFO - Connected to SQLite database: pb2b/p2p_listings.db
2025-11-23 09:18:19 - INFO - Database tables created successfully
2025-11-23 09:18:19 - INFO - Attempt 1/10: Loading https://www.bybit.com/fiat/trade/otc?actionType=1&token=USDT&fiat=NGN
2025-11-23 09:18:30 - INFO - Screenshot saved as 'pb2b/screenshots/bybit_page_20251123_091830.png'
2025-11-23 09:18:30 - INFO - Fetching BUY listings for USDT/EUR
2025-11-23 09:18:30 - INFO - Data successfully saved to SQLite database. New listings - Bybit: 4, Binance: 6
2025-11-23 09:18:31 - INFO - Browser session closed
2025-11-23 09:18:31 - INFO - SQLite database connection closed
