2026-03-01 02:03:06 - INFO - Logging initialized. Log file: pb2b/logs/bybit_scraper_20260301.log
2026-03-01 02:03:08 - INFO - DataSaver logging initialized. Log file: pb2b/logs/data_saver_20260301.log
2026-03-01 02:03:08 - INFO - Connected to SQLite database: pb2b/p2p_listings.db
2026-03-01 02:03:08 - INFO - Database tables created successfully
2026-03-01 02:03:08 - INFO - Attempt 1/10: Loading https://www.bybit.com/fiat/trade/otc?actionType=1&token=USDT&fiat=NGN
2026-03-01 02:03:16 - INFO - Screenshot saved as 'pb2b/screenshots/bybit_page_20260301_020316.png'
2026-03-01 02:03:16 - WARNING - Error parsing row: Message: no such element: Unable to locate element: {"method":"css selector","selector":"td:nth-child(2)"}
  (Session info: chrome=145.0.7632.116); For documentation on this error, please visit: https://www.selenium.dev/documentation/webdriver/troubleshooting/errors#nosuchelementexception
Stacktrace:
#0 0x55fb4bfc2b6a <unknown>
#1 0x55fb4b9d5a32 <unknown>
#2 0x55fb4ba2ad66 <unknown>
#3 0x55fb4ba2afa1 <unknown>
#4 0x55fb4ba1e736 <unknown>
#5 0x55fb4ba1e617 <unknown>
#6 0x55fb4ba73369 <unknown>
#7 0x55fb4ba1cc0f <unknown>
#8 0x55fb4ba1d9d1 <unknown>
#9 0x55fb4bf876b9 <unknown>
#10 0x55fb4bf8a5c1 <unknown>
#11 0x55fb4bf73e29 <unknown>
#12 0x55fb4bf8b17e <unknown>
#13 0x55fb4bf5a4b0 <unknown>
#14 0x55fb4bfaf578 <unknown>
#15 0x55fb4bfaf74b <unknown>
#16 0x55fb4bfc11a3 <unknown>
#17 0x7ff0a809caa4 <unknown>
#18 0x7ff0a8129c6c <unknown>

2026-03-01 02:03:16 - WARNING - Error parsing row: Message: no such element: Unable to locate element: {"method":"css selector","selector":"td:nth-child(2)"}
  (Session info: chrome=145.0.7632.116); For documentation on this error, please visit: https://www.selenium.dev/documentation/webdriver/troubleshooting/errors#nosuchelementexception
Stacktrace:
#0 0x55fb4bfc2b6a <unknown>
#1 0x55fb4b9d5a32 <unknown>
#2 0x55fb4ba2ad66 <unknown>
#3 0x55fb4ba2afa1 <unknown>
#4 0x55fb4ba1e736 <unknown>
#5 0x55fb4ba1e617 <unknown>
#6 0x55fb4ba73369 <unknown>
#7 0x55fb4ba1cc0f <unknown>
#8 0x55fb4ba1d9d1 <unknown>
#9 0x55fb4bf876b9 <unknown>
#10 0x55fb4bf8a5c1 <unknown>
#11 0x55fb4bf73e29 <unknown>
#12 0x55fb4bf8b17e <unknown>
#13 0x55fb4bf5a4b0 <unknown>
#14 0x55fb4bfaf578 <unknown>
#15 0x55fb4bfaf74b <unknown>
#16 0x55fb4bfc11a3 <unknown>
#17 0x7ff0a809caa4 <unknown>
#18 0x7ff0a8129c6c <unknown>

2026-03-01 02:03:17 - INFO - Fetching BUY listings for USDT/EUR
2026-03-01 02:03:18 - INFO - Data successfully saved to SQLite database. New listings - Bybit: 4, Binance: 6
2026-03-01 02:03:18 - INFO - Browser session closed
2026-03-01 02:03:18 - INFO - SQLite database connection closed
2026-03-01 04:33:46 - INFO - Logging initialized. Log file: pb2b/logs/bybit_scraper_20260301.log
2026-03-01 04:33:51 - INFO - DataSaver logging initialized. Log file: pb2b/logs/data_saver_20260301.log
2026-03-01 04:33:51 - INFO - Connected to SQLite database: pb2b/p2p_listings.db
2026-03-01 04:33:51 - INFO - Database tables created successfully
2026-03-01 04:33:51 - INFO - Attempt 1/10: Loading https://www.bybit.com/fiat/trade/otc?actionType=1&token=USDT&fiat=NGN
2026-03-01 04:33:58 - INFO - Screenshot saved as 'pb2b/screenshots/bybit_page_20260301_043358.png'
2026-03-01 04:33:58 - WARNING - Error parsing row: Message: no such element: Unable to locate element: {"method":"css selector","selector":"td:nth-child(2)"}
  (Session info: chrome=145.0.7632.116); For documentation on this error, please visit: https://www.selenium.dev/documentation/webdriver/troubleshooting/errors#nosuchelementexception
Stacktrace:
#0 0x55d419b08b6a <unknown>
#1 0x55d41951ba32 <unknown>
#2 0x55d419570d66 <unknown>
#3 0x55d419570fa1 <unknown>
#4 0x55d419564736 <unknown>
#5 0x55d419564617 <unknown>
#6 0x55d4195b9369 <unknown>
#7 0x55d419562c0f <unknown>
#8 0x55d4195639d1 <unknown>
#9 0x55d419acd6b9 <unknown>
#10 0x55d419ad05c1 <unknown>
#11 0x55d419ab9e29 <unknown>
#12 0x55d419ad117e <unknown>
#13 0x55d419aa04b0 <unknown>
#14 0x55d419af5578 <unknown>
#15 0x55d419af574b <unknown>
#16 0x55d419b071a3 <unknown>
#17 0x7fb3a8e9caa4 <unknown>
#18 0x7fb3a8f29c6c <unknown>

2026-03-01 04:33:58 - WARNING - Error parsing row: Message: no such element: Unable to locate element: {"method":"css selector","selector":"td:nth-child(2)"}
  (Session info: chrome=145.0.7632.116); For documentation on this error, please visit: https://www.selenium.dev/documentation/webdriver/troubleshooting/errors#nosuchelementexception
Stacktrace:
#0 0x55d419b08b6a <unknown>
#1 0x55d41951ba32 <unknown>
#2 0x55d419570d66 <unknown>
#3 0x55d419570fa1 <unknown>
#4 0x55d419564736 <unknown>
#5 0x55d419564617 <unknown>
#6 0x55d4195b9369 <unknown>
#7 0x55d419562c0f <unknown>
#8 0x55d4195639d1 <unknown>
#9 0x55d419acd6b9 <unknown>
#10 0x55d419ad05c1 <unknown>
#11 0x55d419ab9e29 <unknown>
#12 0x55d419ad117e <unknown>
#13 0x55d419aa04b0 <unknown>
#14 0x55d419af5578 <unknown>
#15 0x55d419af574b <unknown>
#16 0x55d419b071a3 <unknown>
#17 0x7fb3a8e9caa4 <unknown>
#18 0x7fb3a8f29c6c <unknown>

2026-03-01 04:33:59 - INFO - Fetching BUY listings for USDT/EUR
2026-03-01 04:33:59 - INFO - Data successfully saved to SQLite database. New listings - Bybit: 4, Binance: 6
2026-03-01 04:33:59 - INFO - Browser session closed
2026-03-01 04:33:59 - INFO - SQLite database connection closed
2026-03-01 05:43:02 - INFO - Logging initialized. Log file: pb2b/logs/bybit_scraper_20260301.log
2026-03-01 05:43:07 - INFO - DataSaver logging initialized. Log file: pb2b/logs/data_saver_20260301.log
2026-03-01 05:43:07 - INFO - Connected to SQLite database: pb2b/p2p_listings.db
2026-03-01 05:43:07 - INFO - Database tables created successfully
2026-03-01 05:43:07 - INFO - Attempt 1/10: Loading https://www.bybit.com/fiat/trade/otc?actionType=1&token=USDT&fiat=NGN
2026-03-01 05:43:14 - INFO - Screenshot saved as 'pb2b/screenshots/bybit_page_20260301_054314.png'
2026-03-01 05:43:14 - WARNING - Error parsing row: Message: no such element: Unable to locate element: {"method":"css selector","selector":"td:nth-child(2)"}
  (Session info: chrome=145.0.7632.116); For documentation on this error, please visit: https://www.selenium.dev/documentation/webdriver/troubleshooting/errors#nosuchelementexception
Stacktrace:
#0 0x55c9644e6b6a <unknown>
#1 0x55c963ef9a32 <unknown>
#2 0x55c963f4ed66 <unknown>
#3 0x55c963f4efa1 <unknown>
#4 0x55c963f42736 <unknown>
#5 0x55c963f42617 <unknown>
#6 0x55c963f97369 <unknown>
#7 0x55c963f40c0f <unknown>
#8 0x55c963f419d1 <unknown>
#9 0x55c9644ab6b9 <unknown>
#10 0x55c9644ae5c1 <unknown>
#11 0x55c964497e29 <unknown>
#12 0x55c9644af17e <unknown>
#13 0x55c96447e4b0 <unknown>
#14 0x55c9644d3578 <unknown>
#15 0x55c9644d374b <unknown>
#16 0x55c9644e51a3 <unknown>
#17 0x7fee4dc9caa4 <unknown>
#18 0x7fee4dd29c6c <unknown>

2026-03-01 05:43:14 - WARNING - Error parsing row: Message: no such element: Unable to locate element: {"method":"css selector","selector":"td:nth-child(2)"}
  (Session info: chrome=145.0.7632.116); For documentation on this error, please visit: https://www.selenium.dev/documentation/webdriver/troubleshooting/errors#nosuchelementexception
Stacktrace:
#0 0x55c9644e6b6a <unknown>
#1 0x55c963ef9a32 <unknown>
#2 0x55c963f4ed66 <unknown>
#3 0x55c963f4efa1 <unknown>
#4 0x55c963f42736 <unknown>
#5 0x55c963f42617 <unknown>
#6 0x55c963f97369 <unknown>
#7 0x55c963f40c0f <unknown>
#8 0x55c963f419d1 <unknown>
#9 0x55c9644ab6b9 <unknown>
#10 0x55c9644ae5c1 <unknown>
#11 0x55c964497e29 <unknown>
#12 0x55c9644af17e <unknown>
#13 0x55c96447e4b0 <unknown>
#14 0x55c9644d3578 <unknown>
#15 0x55c9644d374b <unknown>
#16 0x55c9644e51a3 <unknown>
#17 0x7fee4dc9caa4 <unknown>
#18 0x7fee4dd29c6c <unknown>

2026-03-01 05:43:15 - INFO - Fetching BUY listings for USDT/EUR
2026-03-01 05:43:15 - INFO - Data successfully saved to SQLite database. New listings - Bybit: 4, Binance: 6
2026-03-01 05:43:15 - INFO - Browser session closed
2026-03-01 05:43:15 - INFO - SQLite database connection closed
