2026-01-04 02:30:58 - INFO - Logging initialized. Log file: pb2b/logs/bybit_scraper_20260104.log
2026-01-04 02:30:59 - INFO - DataSaver logging initialized. Log file: pb2b/logs/data_saver_20260104.log
2026-01-04 02:30:59 - INFO - Connected to SQLite database: pb2b/p2p_listings.db
2026-01-04 02:30:59 - INFO - Database tables created successfully
2026-01-04 02:30:59 - INFO - Attempt 1/10: Loading https://www.bybit.com/fiat/trade/otc?actionType=1&token=USDT&fiat=NGN
2026-01-04 02:31:10 - INFO - Screenshot saved as 'pb2b/screenshots/bybit_page_20260104_023110.png'
2026-01-04 02:31:10 - WARNING - Error parsing row: Message: no such element: Unable to locate element: {"method":"css selector","selector":"td:nth-child(2)"}
  (Session info: chrome=143.0.7499.169); For documentation on this error, please visit: https://www.selenium.dev/documentation/webdriver/troubleshooting/errors#nosuchelementexception
Stacktrace:
#0 0x558a212de19a <unknown>
#1 0x558a20d5bc4b <unknown>
#2 0x558a20dad318 <unknown>
#3 0x558a20dad551 <unknown>
#4 0x558a20da1586 <unknown>
#5 0x558a20da1477 <unknown>
#6 0x558a20df8bee <unknown>
#7 0x558a20d9fc42 <unknown>
#8 0x558a20da08f1 <unknown>
#9 0x558a212a6f39 <unknown>
#10 0x558a212a9e7d <unknown>
#11 0x558a2128fc81 <unknown>
#12 0x558a212aaa5b <unknown>
#13 0x558a21276a50 <unknown>
#14 0x558a212cbaa8 <unknown>
#15 0x558a212cbc79 <unknown>
#16 0x558a212dd4f3 <unknown>
#17 0x7fda7c09caa4 <unknown>
#18 0x7fda7c129c6c <unknown>

2026-01-04 02:31:11 - INFO - Fetching BUY listings for USDT/EUR
2026-01-04 02:31:12 - INFO - Data successfully saved to SQLite database. New listings - Bybit: 5, Binance: 6
2026-01-04 02:31:12 - INFO - Browser session closed
2026-01-04 02:31:12 - INFO - SQLite database connection closed
