2026-02-27 01:13:02 - INFO - Logging initialized. Log file: pb2b/logs/bybit_scraper_20260227.log
2026-02-27 01:13:07 - INFO - DataSaver logging initialized. Log file: pb2b/logs/data_saver_20260227.log
2026-02-27 01:13:07 - INFO - Connected to SQLite database: pb2b/p2p_listings.db
2026-02-27 01:13:07 - INFO - Database tables created successfully
2026-02-27 01:13:07 - INFO - Attempt 1/10: Loading https://www.bybit.com/fiat/trade/otc?actionType=1&token=USDT&fiat=NGN
2026-02-27 01:13:17 - INFO - Screenshot saved as 'pb2b/screenshots/bybit_page_20260227_011317.png'
2026-02-27 01:13:17 - WARNING - Error parsing row: Message: no such element: Unable to locate element: {"method":"css selector","selector":"td:nth-child(2)"}
  (Session info: chrome=145.0.7632.116); For documentation on this error, please visit: https://www.selenium.dev/documentation/webdriver/troubleshooting/errors#nosuchelementexception
Stacktrace:
#0 0x558ee6f46b6a <unknown>
#1 0x558ee6959a32 <unknown>
#2 0x558ee69aed66 <unknown>
#3 0x558ee69aefa1 <unknown>
#4 0x558ee69a2736 <unknown>
#5 0x558ee69a2617 <unknown>
#6 0x558ee69f7369 <unknown>
#7 0x558ee69a0c0f <unknown>
#8 0x558ee69a19d1 <unknown>
#9 0x558ee6f0b6b9 <unknown>
#10 0x558ee6f0e5c1 <unknown>
#11 0x558ee6ef7e29 <unknown>
#12 0x558ee6f0f17e <unknown>
#13 0x558ee6ede4b0 <unknown>
#14 0x558ee6f33578 <unknown>
#15 0x558ee6f3374b <unknown>
#16 0x558ee6f451a3 <unknown>
#17 0x7f6318a9caa4 <unknown>
#18 0x7f6318b29c6c <unknown>

2026-02-27 01:13:17 - WARNING - Error parsing row: Message: no such element: Unable to locate element: {"method":"css selector","selector":"td:nth-child(2)"}
  (Session info: chrome=145.0.7632.116); For documentation on this error, please visit: https://www.selenium.dev/documentation/webdriver/troubleshooting/errors#nosuchelementexception
Stacktrace:
#0 0x558ee6f46b6a <unknown>
#1 0x558ee6959a32 <unknown>
#2 0x558ee69aed66 <unknown>
#3 0x558ee69aefa1 <unknown>
#4 0x558ee69a2736 <unknown>
#5 0x558ee69a2617 <unknown>
#6 0x558ee69f7369 <unknown>
#7 0x558ee69a0c0f <unknown>
#8 0x558ee69a19d1 <unknown>
#9 0x558ee6f0b6b9 <unknown>
#10 0x558ee6f0e5c1 <unknown>
#11 0x558ee6ef7e29 <unknown>
#12 0x558ee6f0f17e <unknown>
#13 0x558ee6ede4b0 <unknown>
#14 0x558ee6f33578 <unknown>
#15 0x558ee6f3374b <unknown>
#16 0x558ee6f451a3 <unknown>
#17 0x7f6318a9caa4 <unknown>
#18 0x7f6318b29c6c <unknown>

2026-02-27 01:13:18 - INFO - Fetching BUY listings for USDT/EUR
2026-02-27 01:13:18 - INFO - Data successfully saved to SQLite database. New listings - Bybit: 4, Binance: 6
2026-02-27 01:13:18 - INFO - Browser session closed
2026-02-27 01:13:18 - INFO - SQLite database connection closed
2026-02-27 03:43:52 - INFO - Logging initialized. Log file: pb2b/logs/bybit_scraper_20260227.log
2026-02-27 03:43:57 - INFO - DataSaver logging initialized. Log file: pb2b/logs/data_saver_20260227.log
2026-02-27 03:43:57 - INFO - Connected to SQLite database: pb2b/p2p_listings.db
2026-02-27 03:43:57 - INFO - Database tables created successfully
2026-02-27 03:43:57 - INFO - Attempt 1/10: Loading https://www.bybit.com/fiat/trade/otc?actionType=1&token=USDT&fiat=NGN
2026-02-27 03:44:06 - INFO - Screenshot saved as 'pb2b/screenshots/bybit_page_20260227_034406.png'
2026-02-27 03:44:06 - WARNING - Error parsing row: Message: no such element: Unable to locate element: {"method":"css selector","selector":"td:nth-child(2)"}
  (Session info: chrome=145.0.7632.116); For documentation on this error, please visit: https://www.selenium.dev/documentation/webdriver/troubleshooting/errors#nosuchelementexception
Stacktrace:
#0 0x564cfb649b6a <unknown>
#1 0x564cfb05ca32 <unknown>
#2 0x564cfb0b1d66 <unknown>
#3 0x564cfb0b1fa1 <unknown>
#4 0x564cfb0a5736 <unknown>
#5 0x564cfb0a5617 <unknown>
#6 0x564cfb0fa369 <unknown>
#7 0x564cfb0a3c0f <unknown>
#8 0x564cfb0a49d1 <unknown>
#9 0x564cfb60e6b9 <unknown>
#10 0x564cfb6115c1 <unknown>
#11 0x564cfb5fae29 <unknown>
#12 0x564cfb61217e <unknown>
#13 0x564cfb5e14b0 <unknown>
#14 0x564cfb636578 <unknown>
#15 0x564cfb63674b <unknown>
#16 0x564cfb6481a3 <unknown>
#17 0x7f83b509caa4 <unknown>
#18 0x7f83b5129c6c <unknown>

2026-02-27 03:44:06 - WARNING - Error parsing row: Message: no such element: Unable to locate element: {"method":"css selector","selector":"td:nth-child(2)"}
  (Session info: chrome=145.0.7632.116); For documentation on this error, please visit: https://www.selenium.dev/documentation/webdriver/troubleshooting/errors#nosuchelementexception
Stacktrace:
#0 0x564cfb649b6a <unknown>
#1 0x564cfb05ca32 <unknown>
#2 0x564cfb0b1d66 <unknown>
#3 0x564cfb0b1fa1 <unknown>
#4 0x564cfb0a5736 <unknown>
#5 0x564cfb0a5617 <unknown>
#6 0x564cfb0fa369 <unknown>
#7 0x564cfb0a3c0f <unknown>
#8 0x564cfb0a49d1 <unknown>
#9 0x564cfb60e6b9 <unknown>
#10 0x564cfb6115c1 <unknown>
#11 0x564cfb5fae29 <unknown>
#12 0x564cfb61217e <unknown>
#13 0x564cfb5e14b0 <unknown>
#14 0x564cfb636578 <unknown>
#15 0x564cfb63674b <unknown>
#16 0x564cfb6481a3 <unknown>
#17 0x7f83b509caa4 <unknown>
#18 0x7f83b5129c6c <unknown>

2026-02-27 03:44:06 - INFO - Fetching BUY listings for USDT/EUR
2026-02-27 03:44:07 - INFO - Data successfully saved to SQLite database. New listings - Bybit: 4, Binance: 6
2026-02-27 03:44:07 - INFO - Browser session closed
2026-02-27 03:44:07 - INFO - SQLite database connection closed
2026-02-27 05:11:24 - INFO - Logging initialized. Log file: pb2b/logs/bybit_scraper_20260227.log
2026-02-27 05:11:29 - INFO - DataSaver logging initialized. Log file: pb2b/logs/data_saver_20260227.log
2026-02-27 05:11:29 - INFO - Connected to SQLite database: pb2b/p2p_listings.db
2026-02-27 05:11:29 - INFO - Database tables created successfully
2026-02-27 05:11:29 - INFO - Attempt 1/10: Loading https://www.bybit.com/fiat/trade/otc?actionType=1&token=USDT&fiat=NGN
2026-02-27 05:11:38 - INFO - Screenshot saved as 'pb2b/screenshots/bybit_page_20260227_051138.png'
2026-02-27 05:11:38 - WARNING - Error parsing row: Message: no such element: Unable to locate element: {"method":"css selector","selector":"td:nth-child(2)"}
  (Session info: chrome=145.0.7632.116); For documentation on this error, please visit: https://www.selenium.dev/documentation/webdriver/troubleshooting/errors#nosuchelementexception
Stacktrace:
#0 0x55a8d07f6b6a <unknown>
#1 0x55a8d0209a32 <unknown>
#2 0x55a8d025ed66 <unknown>
#3 0x55a8d025efa1 <unknown>
#4 0x55a8d0252736 <unknown>
#5 0x55a8d0252617 <unknown>
#6 0x55a8d02a7369 <unknown>
#7 0x55a8d0250c0f <unknown>
#8 0x55a8d02519d1 <unknown>
#9 0x55a8d07bb6b9 <unknown>
#10 0x55a8d07be5c1 <unknown>
#11 0x55a8d07a7e29 <unknown>
#12 0x55a8d07bf17e <unknown>
#13 0x55a8d078e4b0 <unknown>
#14 0x55a8d07e3578 <unknown>
#15 0x55a8d07e374b <unknown>
#16 0x55a8d07f51a3 <unknown>
#17 0x7ff9bbc9caa4 <unknown>
#18 0x7ff9bbd29c6c <unknown>

2026-02-27 05:11:38 - WARNING - Error parsing row: Message: no such element: Unable to locate element: {"method":"css selector","selector":"td:nth-child(2)"}
  (Session info: chrome=145.0.7632.116); For documentation on this error, please visit: https://www.selenium.dev/documentation/webdriver/troubleshooting/errors#nosuchelementexception
Stacktrace:
#0 0x55a8d07f6b6a <unknown>
#1 0x55a8d0209a32 <unknown>
#2 0x55a8d025ed66 <unknown>
#3 0x55a8d025efa1 <unknown>
#4 0x55a8d0252736 <unknown>
#5 0x55a8d0252617 <unknown>
#6 0x55a8d02a7369 <unknown>
#7 0x55a8d0250c0f <unknown>
#8 0x55a8d02519d1 <unknown>
#9 0x55a8d07bb6b9 <unknown>
#10 0x55a8d07be5c1 <unknown>
#11 0x55a8d07a7e29 <unknown>
#12 0x55a8d07bf17e <unknown>
#13 0x55a8d078e4b0 <unknown>
#14 0x55a8d07e3578 <unknown>
#15 0x55a8d07e374b <unknown>
#16 0x55a8d07f51a3 <unknown>
#17 0x7ff9bbc9caa4 <unknown>
#18 0x7ff9bbd29c6c <unknown>

2026-02-27 05:11:38 - INFO - Fetching BUY listings for USDT/EUR
2026-02-27 05:11:41 - INFO - Data successfully saved to SQLite database. New listings - Bybit: 4, Binance: 6
2026-02-27 05:11:41 - INFO - Browser session closed
2026-02-27 05:11:41 - INFO - SQLite database connection closed
2026-02-27 06:11:22 - INFO - Logging initialized. Log file: pb2b/logs/bybit_scraper_20260227.log
2026-02-27 06:11:30 - INFO - DataSaver logging initialized. Log file: pb2b/logs/data_saver_20260227.log
2026-02-27 06:11:30 - INFO - Connected to SQLite database: pb2b/p2p_listings.db
2026-02-27 06:11:30 - INFO - Database tables created successfully
2026-02-27 06:11:30 - INFO - Attempt 1/10: Loading https://www.bybit.com/fiat/trade/otc?actionType=1&token=USDT&fiat=NGN
2026-02-27 06:11:38 - INFO - Screenshot saved as 'pb2b/screenshots/bybit_page_20260227_061138.png'
2026-02-27 06:11:38 - WARNING - Error parsing row: Message: no such element: Unable to locate element: {"method":"css selector","selector":"td:nth-child(2)"}
  (Session info: chrome=145.0.7632.116); For documentation on this error, please visit: https://www.selenium.dev/documentation/webdriver/troubleshooting/errors#nosuchelementexception
Stacktrace:
#0 0x55697af36b6a <unknown>
#1 0x55697a949a32 <unknown>
#2 0x55697a99ed66 <unknown>
#3 0x55697a99efa1 <unknown>
#4 0x55697a992736 <unknown>
#5 0x55697a992617 <unknown>
#6 0x55697a9e7369 <unknown>
#7 0x55697a990c0f <unknown>
#8 0x55697a9919d1 <unknown>
#9 0x55697aefb6b9 <unknown>
#10 0x55697aefe5c1 <unknown>
#11 0x55697aee7e29 <unknown>
#12 0x55697aeff17e <unknown>
#13 0x55697aece4b0 <unknown>
#14 0x55697af23578 <unknown>
#15 0x55697af2374b <unknown>
#16 0x55697af351a3 <unknown>
#17 0x7f040869caa4 <unknown>
#18 0x7f0408729c6c <unknown>

2026-02-27 06:11:38 - WARNING - Error parsing row: Message: no such element: Unable to locate element: {"method":"css selector","selector":"td:nth-child(2)"}
  (Session info: chrome=145.0.7632.116); For documentation on this error, please visit: https://www.selenium.dev/documentation/webdriver/troubleshooting/errors#nosuchelementexception
Stacktrace:
#0 0x55697af36b6a <unknown>
#1 0x55697a949a32 <unknown>
#2 0x55697a99ed66 <unknown>
#3 0x55697a99efa1 <unknown>
#4 0x55697a992736 <unknown>
#5 0x55697a992617 <unknown>
#6 0x55697a9e7369 <unknown>
#7 0x55697a990c0f <unknown>
#8 0x55697a9919d1 <unknown>
#9 0x55697aefb6b9 <unknown>
#10 0x55697aefe5c1 <unknown>
#11 0x55697aee7e29 <unknown>
#12 0x55697aeff17e <unknown>
#13 0x55697aece4b0 <unknown>
#14 0x55697af23578 <unknown>
#15 0x55697af2374b <unknown>
#16 0x55697af351a3 <unknown>
#17 0x7f040869caa4 <unknown>
#18 0x7f0408729c6c <unknown>

2026-02-27 06:11:38 - INFO - Fetching BUY listings for USDT/EUR
2026-02-27 06:11:39 - INFO - Data successfully saved to SQLite database. New listings - Bybit: 4, Binance: 6
2026-02-27 06:11:39 - INFO - Browser session closed
2026-02-27 06:11:39 - INFO - SQLite database connection closed
2026-02-27 07:18:24 - INFO - Logging initialized. Log file: pb2b/logs/bybit_scraper_20260227.log
2026-02-27 07:18:31 - INFO - DataSaver logging initialized. Log file: pb2b/logs/data_saver_20260227.log
2026-02-27 07:18:31 - INFO - Connected to SQLite database: pb2b/p2p_listings.db
2026-02-27 07:18:31 - INFO - Database tables created successfully
2026-02-27 07:18:31 - INFO - Attempt 1/10: Loading https://www.bybit.com/fiat/trade/otc?actionType=1&token=USDT&fiat=NGN
2026-02-27 07:18:40 - INFO - Screenshot saved as 'pb2b/screenshots/bybit_page_20260227_071840.png'
2026-02-27 07:18:40 - WARNING - Error parsing row: Message: no such element: Unable to locate element: {"method":"css selector","selector":"td:nth-child(2)"}
  (Session info: chrome=145.0.7632.116); For documentation on this error, please visit: https://www.selenium.dev/documentation/webdriver/troubleshooting/errors#nosuchelementexception
Stacktrace:
#0 0x563a73e44b6a <unknown>
#1 0x563a73857a32 <unknown>
#2 0x563a738acd66 <unknown>
#3 0x563a738acfa1 <unknown>
#4 0x563a738a0736 <unknown>
#5 0x563a738a0617 <unknown>
#6 0x563a738f5369 <unknown>
#7 0x563a7389ec0f <unknown>
#8 0x563a7389f9d1 <unknown>
#9 0x563a73e096b9 <unknown>
#10 0x563a73e0c5c1 <unknown>
#11 0x563a73df5e29 <unknown>
#12 0x563a73e0d17e <unknown>
#13 0x563a73ddc4b0 <unknown>
#14 0x563a73e31578 <unknown>
#15 0x563a73e3174b <unknown>
#16 0x563a73e431a3 <unknown>
#17 0x7fe2c0a9caa4 <unknown>
#18 0x7fe2c0b29c6c <unknown>

2026-02-27 07:18:40 - WARNING - Error parsing row: Message: no such element: Unable to locate element: {"method":"css selector","selector":"td:nth-child(2)"}
  (Session info: chrome=145.0.7632.116); For documentation on this error, please visit: https://www.selenium.dev/documentation/webdriver/troubleshooting/errors#nosuchelementexception
Stacktrace:
#0 0x563a73e44b6a <unknown>
#1 0x563a73857a32 <unknown>
#2 0x563a738acd66 <unknown>
#3 0x563a738acfa1 <unknown>
#4 0x563a738a0736 <unknown>
#5 0x563a738a0617 <unknown>
#6 0x563a738f5369 <unknown>
#7 0x563a7389ec0f <unknown>
#8 0x563a7389f9d1 <unknown>
#9 0x563a73e096b9 <unknown>
#10 0x563a73e0c5c1 <unknown>
#11 0x563a73df5e29 <unknown>
#12 0x563a73e0d17e <unknown>
#13 0x563a73ddc4b0 <unknown>
#14 0x563a73e31578 <unknown>
#15 0x563a73e3174b <unknown>
#16 0x563a73e431a3 <unknown>
#17 0x7fe2c0a9caa4 <unknown>
#18 0x7fe2c0b29c6c <unknown>

2026-02-27 07:18:40 - INFO - Fetching BUY listings for USDT/EUR
2026-02-27 07:18:41 - INFO - Data successfully saved to SQLite database. New listings - Bybit: 4, Binance: 6
2026-02-27 07:18:41 - INFO - Browser session closed
2026-02-27 07:18:41 - INFO - SQLite database connection closed
2026-02-27 08:03:23 - INFO - Logging initialized. Log file: pb2b/logs/bybit_scraper_20260227.log
2026-02-27 08:03:31 - INFO - DataSaver logging initialized. Log file: pb2b/logs/data_saver_20260227.log
2026-02-27 08:03:31 - INFO - Connected to SQLite database: pb2b/p2p_listings.db
2026-02-27 08:03:31 - INFO - Database tables created successfully
2026-02-27 08:03:31 - INFO - Attempt 1/10: Loading https://www.bybit.com/fiat/trade/otc?actionType=1&token=USDT&fiat=NGN
2026-02-27 08:03:40 - INFO - Screenshot saved as 'pb2b/screenshots/bybit_page_20260227_080340.png'
2026-02-27 08:03:40 - WARNING - Error parsing row: Message: no such element: Unable to locate element: {"method":"css selector","selector":"td:nth-child(2)"}
  (Session info: chrome=145.0.7632.116); For documentation on this error, please visit: https://www.selenium.dev/documentation/webdriver/troubleshooting/errors#nosuchelementexception
Stacktrace:
#0 0x558107500b6a <unknown>
#1 0x558106f13a32 <unknown>
#2 0x558106f68d66 <unknown>
#3 0x558106f68fa1 <unknown>
#4 0x558106f5c736 <unknown>
#5 0x558106f5c617 <unknown>
#6 0x558106fb1369 <unknown>
#7 0x558106f5ac0f <unknown>
#8 0x558106f5b9d1 <unknown>
#9 0x5581074c56b9 <unknown>
#10 0x5581074c85c1 <unknown>
#11 0x5581074b1e29 <unknown>
#12 0x5581074c917e <unknown>
#13 0x5581074984b0 <unknown>
#14 0x5581074ed578 <unknown>
#15 0x5581074ed74b <unknown>
#16 0x5581074ff1a3 <unknown>
#17 0x7f4aa4c9caa4 <unknown>
#18 0x7f4aa4d29c6c <unknown>

2026-02-27 08:03:40 - WARNING - Error parsing row: Message: no such element: Unable to locate element: {"method":"css selector","selector":"td:nth-child(2)"}
  (Session info: chrome=145.0.7632.116); For documentation on this error, please visit: https://www.selenium.dev/documentation/webdriver/troubleshooting/errors#nosuchelementexception
Stacktrace:
#0 0x558107500b6a <unknown>
#1 0x558106f13a32 <unknown>
#2 0x558106f68d66 <unknown>
#3 0x558106f68fa1 <unknown>
#4 0x558106f5c736 <unknown>
#5 0x558106f5c617 <unknown>
#6 0x558106fb1369 <unknown>
#7 0x558106f5ac0f <unknown>
#8 0x558106f5b9d1 <unknown>
#9 0x5581074c56b9 <unknown>
#10 0x5581074c85c1 <unknown>
#11 0x5581074b1e29 <unknown>
#12 0x5581074c917e <unknown>
#13 0x5581074984b0 <unknown>
#14 0x5581074ed578 <unknown>
#15 0x5581074ed74b <unknown>
#16 0x5581074ff1a3 <unknown>
#17 0x7f4aa4c9caa4 <unknown>
#18 0x7f4aa4d29c6c <unknown>

2026-02-27 08:03:40 - INFO - Fetching BUY listings for USDT/EUR
2026-02-27 08:03:41 - INFO - Data successfully saved to SQLite database. New listings - Bybit: 4, Binance: 6
2026-02-27 08:03:41 - INFO - Browser session closed
2026-02-27 08:03:41 - INFO - SQLite database connection closed
2026-02-27 09:01:22 - INFO - Logging initialized. Log file: pb2b/logs/bybit_scraper_20260227.log
2026-02-27 09:01:27 - INFO - DataSaver logging initialized. Log file: pb2b/logs/data_saver_20260227.log
2026-02-27 09:01:27 - INFO - Connected to SQLite database: pb2b/p2p_listings.db
2026-02-27 09:01:27 - INFO - Database tables created successfully
2026-02-27 09:01:27 - INFO - Attempt 1/10: Loading https://www.bybit.com/fiat/trade/otc?actionType=1&token=USDT&fiat=NGN
2026-02-27 09:01:35 - INFO - Screenshot saved as 'pb2b/screenshots/bybit_page_20260227_090135.png'
2026-02-27 09:01:35 - WARNING - Error parsing row: Message: no such element: Unable to locate element: {"method":"css selector","selector":"td:nth-child(2)"}
  (Session info: chrome=145.0.7632.116); For documentation on this error, please visit: https://www.selenium.dev/documentation/webdriver/troubleshooting/errors#nosuchelementexception
Stacktrace:
#0 0x55bea5daab6a <unknown>
#1 0x55bea57bda32 <unknown>
#2 0x55bea5812d66 <unknown>
#3 0x55bea5812fa1 <unknown>
#4 0x55bea5806736 <unknown>
#5 0x55bea5806617 <unknown>
#6 0x55bea585b369 <unknown>
#7 0x55bea5804c0f <unknown>
#8 0x55bea58059d1 <unknown>
#9 0x55bea5d6f6b9 <unknown>
#10 0x55bea5d725c1 <unknown>
#11 0x55bea5d5be29 <unknown>
#12 0x55bea5d7317e <unknown>
#13 0x55bea5d424b0 <unknown>
#14 0x55bea5d97578 <unknown>
#15 0x55bea5d9774b <unknown>
#16 0x55bea5da91a3 <unknown>
#17 0x7fd1b0c9caa4 <unknown>
#18 0x7fd1b0d29c6c <unknown>

2026-02-27 09:01:35 - WARNING - Error parsing row: Message: no such element: Unable to locate element: {"method":"css selector","selector":"td:nth-child(2)"}
  (Session info: chrome=145.0.7632.116); For documentation on this error, please visit: https://www.selenium.dev/documentation/webdriver/troubleshooting/errors#nosuchelementexception
Stacktrace:
#0 0x55bea5daab6a <unknown>
#1 0x55bea57bda32 <unknown>
#2 0x55bea5812d66 <unknown>
#3 0x55bea5812fa1 <unknown>
#4 0x55bea5806736 <unknown>
#5 0x55bea5806617 <unknown>
#6 0x55bea585b369 <unknown>
#7 0x55bea5804c0f <unknown>
#8 0x55bea58059d1 <unknown>
#9 0x55bea5d6f6b9 <unknown>
#10 0x55bea5d725c1 <unknown>
#11 0x55bea5d5be29 <unknown>
#12 0x55bea5d7317e <unknown>
#13 0x55bea5d424b0 <unknown>
#14 0x55bea5d97578 <unknown>
#15 0x55bea5d9774b <unknown>
#16 0x55bea5da91a3 <unknown>
#17 0x7fd1b0c9caa4 <unknown>
#18 0x7fd1b0d29c6c <unknown>

2026-02-27 09:01:36 - INFO - Fetching BUY listings for USDT/EUR
2026-02-27 09:01:36 - INFO - Data successfully saved to SQLite database. New listings - Bybit: 4, Binance: 6
2026-02-27 09:01:36 - INFO - Browser session closed
2026-02-27 09:01:36 - INFO - SQLite database connection closed
