2025-04-11 01:55:34 - INFO - Logging initialized. Log file: pb2b/logs/bybit_scraper_20250411.log
2025-04-11 01:55:35 - INFO - DataSaver logging initialized. Log file: pb2b/logs/data_saver_20250411.log
2025-04-11 01:55:35 - INFO - Connected to SQLite database: pb2b/p2p_listings.db
2025-04-11 01:55:35 - INFO - Database tables created successfully
2025-04-11 01:55:35 - INFO - Attempt 1/10: Loading https://www.bybit.com/fiat/trade/otc?actionType=1&token=USDT&fiat=NGN
2025-04-11 01:55:45 - INFO - Screenshot saved as 'pb2b/screenshots/bybit_page_20250411_015544.png'
2025-04-11 01:55:45 - INFO - Fetching BUY listings for USDT/EUR
2025-04-11 01:55:46 - INFO - Data successfully saved to SQLite database. New listings - Bybit: 4, Binance: 6
2025-04-11 01:55:46 - INFO - Browser session closed
2025-04-11 01:55:46 - INFO - SQLite database connection closed
2025-04-11 03:10:16 - INFO - Logging initialized. Log file: pb2b/logs/bybit_scraper_20250411.log
2025-04-11 03:10:19 - INFO - DataSaver logging initialized. Log file: pb2b/logs/data_saver_20250411.log
2025-04-11 03:10:19 - INFO - Connected to SQLite database: pb2b/p2p_listings.db
2025-04-11 03:10:19 - INFO - Database tables created successfully
2025-04-11 03:10:19 - INFO - Attempt 1/10: Loading https://www.bybit.com/fiat/trade/otc?actionType=1&token=USDT&fiat=NGN
2025-04-11 03:10:28 - INFO - Screenshot saved as 'pb2b/screenshots/bybit_page_20250411_031028.png'
2025-04-11 03:10:29 - INFO - Fetching BUY listings for USDT/EUR
2025-04-11 03:10:30 - INFO - Data successfully saved to SQLite database. New listings - Bybit: 4, Binance: 6
2025-04-11 03:10:30 - INFO - Browser session closed
2025-04-11 03:10:30 - INFO - SQLite database connection closed
2025-04-11 03:41:16 - INFO - Logging initialized. Log file: pb2b/logs/bybit_scraper_20250411.log
2025-04-11 03:41:17 - INFO - DataSaver logging initialized. Log file: pb2b/logs/data_saver_20250411.log
2025-04-11 03:41:17 - INFO - Connected to SQLite database: pb2b/p2p_listings.db
2025-04-11 03:41:17 - INFO - Database tables created successfully
2025-04-11 03:41:17 - INFO - Attempt 1/10: Loading https://www.bybit.com/fiat/trade/otc?actionType=1&token=USDT&fiat=NGN
2025-04-11 03:41:27 - INFO - Screenshot saved as 'pb2b/screenshots/bybit_page_20250411_034127.png'
2025-04-11 03:41:28 - INFO - Fetching BUY listings for USDT/EUR
2025-04-11 03:41:29 - INFO - Data successfully saved to SQLite database. New listings - Bybit: 4, Binance: 6
2025-04-11 03:41:29 - INFO - Browser session closed
2025-04-11 03:41:29 - INFO - SQLite database connection closed
