2025-08-01 00:03:02 - INFO - Logging initialized. Log file: pb2b/logs/bybit_scraper_20250801.log
2025-08-01 00:03:04 - INFO - DataSaver logging initialized. Log file: pb2b/logs/data_saver_20250801.log
2025-08-01 00:03:04 - INFO - Connected to SQLite database: pb2b/p2p_listings.db
2025-08-01 00:03:04 - INFO - Database tables created successfully
2025-08-01 00:03:04 - INFO - Attempt 1/10: Loading https://www.bybit.com/fiat/trade/otc?actionType=1&token=USDT&fiat=NGN
2025-08-01 00:03:14 - INFO - Screenshot saved as 'pb2b/screenshots/bybit_page_20250801_000313.png'
2025-08-01 00:03:14 - INFO - Fetching BUY listings for USDT/EUR
2025-08-01 00:03:15 - INFO - Data successfully saved to SQLite database. New listings - Bybit: 4, Binance: 6
2025-08-01 00:03:15 - INFO - Browser session closed
2025-08-01 00:03:15 - INFO - SQLite database connection closed
2025-08-01 02:44:48 - INFO - Logging initialized. Log file: pb2b/logs/bybit_scraper_20250801.log
2025-08-01 02:44:49 - INFO - DataSaver logging initialized. Log file: pb2b/logs/data_saver_20250801.log
2025-08-01 02:44:49 - INFO - Connected to SQLite database: pb2b/p2p_listings.db
2025-08-01 02:44:49 - INFO - Database tables created successfully
2025-08-01 02:44:49 - INFO - Attempt 1/10: Loading https://www.bybit.com/fiat/trade/otc?actionType=1&token=USDT&fiat=NGN
2025-08-01 02:44:58 - INFO - Screenshot saved as 'pb2b/screenshots/bybit_page_20250801_024458.png'
2025-08-01 02:44:58 - INFO - Fetching BUY listings for USDT/EUR
2025-08-01 02:44:59 - INFO - Data successfully saved to SQLite database. New listings - Bybit: 4, Binance: 6
2025-08-01 02:44:59 - INFO - Browser session closed
2025-08-01 02:44:59 - INFO - SQLite database connection closed
2025-08-01 04:11:27 - INFO - Logging initialized. Log file: pb2b/logs/bybit_scraper_20250801.log
2025-08-01 04:11:28 - INFO - DataSaver logging initialized. Log file: pb2b/logs/data_saver_20250801.log
2025-08-01 04:11:28 - INFO - Connected to SQLite database: pb2b/p2p_listings.db
2025-08-01 04:11:28 - INFO - Database tables created successfully
2025-08-01 04:11:28 - INFO - Attempt 1/10: Loading https://www.bybit.com/fiat/trade/otc?actionType=1&token=USDT&fiat=NGN
2025-08-01 04:11:38 - INFO - Screenshot saved as 'pb2b/screenshots/bybit_page_20250801_041138.png'
2025-08-01 04:11:39 - INFO - Fetching BUY listings for USDT/EUR
2025-08-01 04:11:39 - INFO - Data successfully saved to SQLite database. New listings - Bybit: 4, Binance: 6
2025-08-01 04:11:39 - INFO - Browser session closed
2025-08-01 04:11:39 - INFO - SQLite database connection closed
2025-08-01 05:06:17 - INFO - Logging initialized. Log file: pb2b/logs/bybit_scraper_20250801.log
2025-08-01 05:06:19 - INFO - DataSaver logging initialized. Log file: pb2b/logs/data_saver_20250801.log
2025-08-01 05:06:19 - INFO - Connected to SQLite database: pb2b/p2p_listings.db
2025-08-01 05:06:19 - INFO - Database tables created successfully
2025-08-01 05:06:19 - INFO - Attempt 1/10: Loading https://www.bybit.com/fiat/trade/otc?actionType=1&token=USDT&fiat=NGN
2025-08-01 05:06:27 - INFO - Screenshot saved as 'pb2b/screenshots/bybit_page_20250801_050627.png'
2025-08-01 05:06:28 - INFO - Fetching BUY listings for USDT/EUR
2025-08-01 05:06:29 - INFO - Data successfully saved to SQLite database. New listings - Bybit: 4, Binance: 6
2025-08-01 05:06:29 - INFO - Browser session closed
2025-08-01 05:06:29 - INFO - SQLite database connection closed
