2025-11-10 01:44:03 - INFO - Logging initialized. Log file: pb2b/logs/bybit_scraper_20251110.log
2025-11-10 01:44:04 - INFO - DataSaver logging initialized. Log file: pb2b/logs/data_saver_20251110.log
2025-11-10 01:44:04 - INFO - Connected to SQLite database: pb2b/p2p_listings.db
2025-11-10 01:44:04 - INFO - Database tables created successfully
2025-11-10 01:44:04 - INFO - Attempt 1/10: Loading https://www.bybit.com/fiat/trade/otc?actionType=1&token=USDT&fiat=NGN
2025-11-10 01:44:14 - INFO - Screenshot saved as 'pb2b/screenshots/bybit_page_20251110_014414.png'
2025-11-10 01:44:14 - INFO - Fetching BUY listings for USDT/EUR
2025-11-10 01:44:15 - INFO - Data successfully saved to SQLite database. New listings - Bybit: 4, Binance: 6
2025-11-10 01:44:15 - INFO - Browser session closed
2025-11-10 01:44:15 - INFO - SQLite database connection closed
2025-11-10 03:14:00 - INFO - Logging initialized. Log file: pb2b/logs/bybit_scraper_20251110.log
2025-11-10 03:14:01 - INFO - DataSaver logging initialized. Log file: pb2b/logs/data_saver_20251110.log
2025-11-10 03:14:01 - INFO - Connected to SQLite database: pb2b/p2p_listings.db
2025-11-10 03:14:01 - INFO - Database tables created successfully
2025-11-10 03:14:01 - INFO - Attempt 1/10: Loading https://www.bybit.com/fiat/trade/otc?actionType=1&token=USDT&fiat=NGN
2025-11-10 03:14:08 - INFO - Screenshot saved as 'pb2b/screenshots/bybit_page_20251110_031408.png'
2025-11-10 03:14:09 - INFO - Fetching BUY listings for USDT/EUR
2025-11-10 03:14:10 - INFO - Data successfully saved to SQLite database. New listings - Bybit: 4, Binance: 6
2025-11-10 03:14:10 - INFO - Browser session closed
2025-11-10 03:14:10 - INFO - SQLite database connection closed
