2025-05-05 17:33:37 - INFO - Logging initialized. Log file: pb2b/logs/bybit_scraper_20250505.log
2025-05-05 17:33:54 - INFO - DataSaver logging initialized. Log file: pb2b/logs/data_saver_20250505.log
2025-05-05 17:33:54 - INFO - Connected to SQLite database: pb2b/p2p_listings.db
2025-05-05 17:33:54 - INFO - Database tables created successfully
2025-05-05 17:33:54 - INFO - Attempt 1/10: Loading https://www.bybit.com/fiat/trade/otc?actionType=1&token=USDT&fiat=NGN
2025-05-05 17:34:10 - INFO - Screenshot saved as 'pb2b/screenshots/bybit_page_20250505_173409.png'
2025-05-05 17:34:10 - INFO - Fetching BUY listings for USDT/EUR
2025-05-05 17:34:11 - INFO - Data successfully saved to SQLite database. New listings - Bybit: 4, Binance: 6
2025-05-05 17:34:11 - INFO - Browser session closed
2025-05-05 17:34:11 - INFO - SQLite database connection closed
2025-05-05 18:52:53 - INFO - Logging initialized. Log file: pb2b/logs/bybit_scraper_20250505.log
2025-05-05 18:53:03 - INFO - DataSaver logging initialized. Log file: pb2b/logs/data_saver_20250505.log
2025-05-05 18:53:03 - INFO - Connected to SQLite database: pb2b/p2p_listings.db
2025-05-05 18:53:03 - INFO - Database tables created successfully
2025-05-05 18:53:03 - INFO - Attempt 1/10: Loading https://www.bybit.com/fiat/trade/otc?actionType=1&token=USDT&fiat=NGN
2025-05-05 18:53:15 - INFO - Screenshot saved as 'pb2b/screenshots/bybit_page_20250505_185315.png'
2025-05-05 18:53:15 - INFO - Fetching BUY listings for USDT/EUR
2025-05-05 18:53:16 - INFO - Data successfully saved to SQLite database. New listings - Bybit: 4, Binance: 6
2025-05-05 18:53:16 - INFO - Browser session closed
2025-05-05 18:53:16 - INFO - SQLite database connection closed
2025-05-05 21:42:57 - INFO - Logging initialized. Log file: pb2b/logs/bybit_scraper_20250505.log
2025-05-05 21:43:05 - INFO - DataSaver logging initialized. Log file: pb2b/logs/data_saver_20250505.log
2025-05-05 21:43:05 - INFO - Connected to SQLite database: pb2b/p2p_listings.db
2025-05-05 21:43:06 - INFO - Database tables created successfully
2025-05-05 21:43:06 - INFO - Attempt 1/10: Loading https://www.bybit.com/fiat/trade/otc?actionType=1&token=USDT&fiat=NGN
2025-05-05 21:43:20 - INFO - Screenshot saved as 'pb2b/screenshots/bybit_page_20250505_214320.png'
2025-05-05 21:43:21 - INFO - Fetching BUY listings for USDT/EUR
2025-05-05 21:43:21 - INFO - Data successfully saved to SQLite database. New listings - Bybit: 4, Binance: 6
2025-05-05 21:43:22 - INFO - Browser session closed
2025-05-05 21:43:22 - INFO - SQLite database connection closed
