2025-07-20 01:17:35 - INFO - Logging initialized. Log file: pb2b/logs/bybit_scraper_20250720.log
2025-07-20 01:17:37 - INFO - DataSaver logging initialized. Log file: pb2b/logs/data_saver_20250720.log
2025-07-20 01:17:37 - INFO - Connected to SQLite database: pb2b/p2p_listings.db
2025-07-20 01:17:37 - INFO - Database tables created successfully
2025-07-20 01:17:37 - INFO - Attempt 1/10: Loading https://www.bybit.com/fiat/trade/otc?actionType=1&token=USDT&fiat=NGN
2025-07-20 01:17:44 - INFO - Screenshot saved as 'pb2b/screenshots/bybit_page_20250720_011744.png'
2025-07-20 01:17:45 - INFO - Fetching BUY listings for USDT/EUR
2025-07-20 01:17:45 - INFO - Data successfully saved to SQLite database. New listings - Bybit: 4, Binance: 6
2025-07-20 01:17:46 - INFO - Browser session closed
2025-07-20 01:17:46 - INFO - SQLite database connection closed
2025-07-20 03:21:29 - INFO - Logging initialized. Log file: pb2b/logs/bybit_scraper_20250720.log
2025-07-20 03:21:31 - INFO - DataSaver logging initialized. Log file: pb2b/logs/data_saver_20250720.log
2025-07-20 03:21:31 - INFO - Connected to SQLite database: pb2b/p2p_listings.db
2025-07-20 03:21:31 - INFO - Database tables created successfully
2025-07-20 03:21:31 - INFO - Attempt 1/10: Loading https://www.bybit.com/fiat/trade/otc?actionType=1&token=USDT&fiat=NGN
2025-07-20 03:21:41 - INFO - Screenshot saved as 'pb2b/screenshots/bybit_page_20250720_032141.png'
2025-07-20 03:21:42 - INFO - Fetching BUY listings for USDT/EUR
2025-07-20 03:21:42 - INFO - Data successfully saved to SQLite database. New listings - Bybit: 4, Binance: 6
2025-07-20 03:21:43 - INFO - Browser session closed
2025-07-20 03:21:43 - INFO - SQLite database connection closed
