2026-04-26 01:58:43 - INFO - Logging initialized. Log file: pb2b/logs/bybit_scraper_20260426.log
2026-04-26 01:58:44 - INFO - DataSaver logging initialized. Log file: pb2b/logs/data_saver_20260426.log
2026-04-26 01:58:44 - INFO - Connected to SQLite database: pb2b/p2p_listings.db
2026-04-26 01:58:44 - INFO - Database tables created successfully
2026-04-26 01:58:44 - INFO - Attempt 1/10: Loading https://www.bybit.com/fiat/trade/otc?actionType=1&token=USDT&fiat=NGN
2026-04-26 01:58:52 - INFO - Screenshot saved as 'pb2b/screenshots/bybit_page_20260426_015852.png'
2026-04-26 01:58:52 - WARNING - Error parsing row: Message: no such element: Unable to locate element: {"method":"css selector","selector":"td:nth-child(2)"}
  (Session info: chrome=147.0.7727.116); For documentation on this error, please visit: https://www.selenium.dev/documentation/webdriver/troubleshooting/errors#nosuchelementexception
Stacktrace:
#0 0x5652937ecb6a <unknown>
#1 0x5652931ee265 <unknown>
#2 0x565293240f76 <unknown>
#3 0x5652932411b1 <unknown>
#4 0x565293235f26 <unknown>
#5 0x565293235e07 <unknown>
#6 0x565293289969 <unknown>
#7 0x5652932345cf <unknown>
#8 0x565293235391 <unknown>
#9 0x5652937b204b <unknown>
#10 0x5652937b500d <unknown>
#11 0x56529379e808 <unknown>
#12 0x5652937b5ba0 <unknown>
#13 0x565293785280 <unknown>
#14 0x5652937d9db8 <unknown>
#15 0x5652937d9f88 <unknown>
#16 0x5652937eb5de <unknown>
#17 0x7f539bc9caa4 <unknown>
#18 0x7f539bd29c6c <unknown>

2026-04-26 01:58:52 - WARNING - Error parsing row: Message: no such element: Unable to locate element: {"method":"css selector","selector":"td:nth-child(2)"}
  (Session info: chrome=147.0.7727.116); For documentation on this error, please visit: https://www.selenium.dev/documentation/webdriver/troubleshooting/errors#nosuchelementexception
Stacktrace:
#0 0x5652937ecb6a <unknown>
#1 0x5652931ee265 <unknown>
#2 0x565293240f76 <unknown>
#3 0x5652932411b1 <unknown>
#4 0x565293235f26 <unknown>
#5 0x565293235e07 <unknown>
#6 0x565293289969 <unknown>
#7 0x5652932345cf <unknown>
#8 0x565293235391 <unknown>
#9 0x5652937b204b <unknown>
#10 0x5652937b500d <unknown>
#11 0x56529379e808 <unknown>
#12 0x5652937b5ba0 <unknown>
#13 0x565293785280 <unknown>
#14 0x5652937d9db8 <unknown>
#15 0x5652937d9f88 <unknown>
#16 0x5652937eb5de <unknown>
#17 0x7f539bc9caa4 <unknown>
#18 0x7f539bd29c6c <unknown>

2026-04-26 01:58:53 - INFO - Fetching BUY listings for USDT/EUR
2026-04-26 01:58:54 - INFO - Data successfully saved to SQLite database. New listings - Bybit: 3, Binance: 6
2026-04-26 01:58:54 - INFO - Browser session closed
2026-04-26 01:58:54 - INFO - SQLite database connection closed
2026-04-26 05:17:24 - INFO - Logging initialized. Log file: pb2b/logs/bybit_scraper_20260426.log
2026-04-26 05:17:25 - INFO - DataSaver logging initialized. Log file: pb2b/logs/data_saver_20260426.log
2026-04-26 05:17:25 - INFO - Connected to SQLite database: pb2b/p2p_listings.db
2026-04-26 05:17:25 - INFO - Database tables created successfully
2026-04-26 05:17:25 - INFO - Attempt 1/10: Loading https://www.bybit.com/fiat/trade/otc?actionType=1&token=USDT&fiat=NGN
2026-04-26 05:17:34 - INFO - Screenshot saved as 'pb2b/screenshots/bybit_page_20260426_051733.png'
2026-04-26 05:17:34 - WARNING - Error parsing row: Message: no such element: Unable to locate element: {"method":"css selector","selector":"td:nth-child(2)"}
  (Session info: chrome=147.0.7727.116); For documentation on this error, please visit: https://www.selenium.dev/documentation/webdriver/troubleshooting/errors#nosuchelementexception
Stacktrace:
#0 0x559f6f2e1b6a <unknown>
#1 0x559f6ece3265 <unknown>
#2 0x559f6ed35f76 <unknown>
#3 0x559f6ed361b1 <unknown>
#4 0x559f6ed2af26 <unknown>
#5 0x559f6ed2ae07 <unknown>
#6 0x559f6ed7e969 <unknown>
#7 0x559f6ed295cf <unknown>
#8 0x559f6ed2a391 <unknown>
#9 0x559f6f2a704b <unknown>
#10 0x559f6f2aa00d <unknown>
#11 0x559f6f293808 <unknown>
#12 0x559f6f2aaba0 <unknown>
#13 0x559f6f27a280 <unknown>
#14 0x559f6f2cedb8 <unknown>
#15 0x559f6f2cef88 <unknown>
#16 0x559f6f2e05de <unknown>
#17 0x7faf9f29caa4 <unknown>
#18 0x7faf9f329c6c <unknown>

2026-04-26 05:17:34 - WARNING - Error parsing row: Message: no such element: Unable to locate element: {"method":"css selector","selector":"td:nth-child(2)"}
  (Session info: chrome=147.0.7727.116); For documentation on this error, please visit: https://www.selenium.dev/documentation/webdriver/troubleshooting/errors#nosuchelementexception
Stacktrace:
#0 0x559f6f2e1b6a <unknown>
#1 0x559f6ece3265 <unknown>
#2 0x559f6ed35f76 <unknown>
#3 0x559f6ed361b1 <unknown>
#4 0x559f6ed2af26 <unknown>
#5 0x559f6ed2ae07 <unknown>
#6 0x559f6ed7e969 <unknown>
#7 0x559f6ed295cf <unknown>
#8 0x559f6ed2a391 <unknown>
#9 0x559f6f2a704b <unknown>
#10 0x559f6f2aa00d <unknown>
#11 0x559f6f293808 <unknown>
#12 0x559f6f2aaba0 <unknown>
#13 0x559f6f27a280 <unknown>
#14 0x559f6f2cedb8 <unknown>
#15 0x559f6f2cef88 <unknown>
#16 0x559f6f2e05de <unknown>
#17 0x7faf9f29caa4 <unknown>
#18 0x7faf9f329c6c <unknown>

2026-04-26 05:17:34 - INFO - Fetching BUY listings for USDT/EUR
2026-04-26 05:17:36 - INFO - Data successfully saved to SQLite database. New listings - Bybit: 3, Binance: 6
2026-04-26 05:17:36 - INFO - Browser session closed
2026-04-26 05:17:36 - INFO - SQLite database connection closed
2026-04-26 07:11:03 - INFO - Logging initialized. Log file: pb2b/logs/bybit_scraper_20260426.log
2026-04-26 07:11:05 - INFO - DataSaver logging initialized. Log file: pb2b/logs/data_saver_20260426.log
2026-04-26 07:11:05 - INFO - Connected to SQLite database: pb2b/p2p_listings.db
2026-04-26 07:11:05 - INFO - Database tables created successfully
2026-04-26 07:11:05 - INFO - Attempt 1/10: Loading https://www.bybit.com/fiat/trade/otc?actionType=1&token=USDT&fiat=NGN
2026-04-26 07:11:12 - INFO - Screenshot saved as 'pb2b/screenshots/bybit_page_20260426_071112.png'
2026-04-26 07:11:12 - WARNING - Error parsing row: Message: no such element: Unable to locate element: {"method":"css selector","selector":"td:nth-child(2)"}
  (Session info: chrome=147.0.7727.116); For documentation on this error, please visit: https://www.selenium.dev/documentation/webdriver/troubleshooting/errors#nosuchelementexception
Stacktrace:
#0 0x5562d9bcab6a <unknown>
#1 0x5562d95cc265 <unknown>
#2 0x5562d961ef76 <unknown>
#3 0x5562d961f1b1 <unknown>
#4 0x5562d9613f26 <unknown>
#5 0x5562d9613e07 <unknown>
#6 0x5562d9667969 <unknown>
#7 0x5562d96125cf <unknown>
#8 0x5562d9613391 <unknown>
#9 0x5562d9b9004b <unknown>
#10 0x5562d9b9300d <unknown>
#11 0x5562d9b7c808 <unknown>
#12 0x5562d9b93ba0 <unknown>
#13 0x5562d9b63280 <unknown>
#14 0x5562d9bb7db8 <unknown>
#15 0x5562d9bb7f88 <unknown>
#16 0x5562d9bc95de <unknown>
#17 0x7f955ac9caa4 <unknown>
#18 0x7f955ad29c6c <unknown>

2026-04-26 07:11:12 - WARNING - Error parsing row: Message: no such element: Unable to locate element: {"method":"css selector","selector":"td:nth-child(2)"}
  (Session info: chrome=147.0.7727.116); For documentation on this error, please visit: https://www.selenium.dev/documentation/webdriver/troubleshooting/errors#nosuchelementexception
Stacktrace:
#0 0x5562d9bcab6a <unknown>
#1 0x5562d95cc265 <unknown>
#2 0x5562d961ef76 <unknown>
#3 0x5562d961f1b1 <unknown>
#4 0x5562d9613f26 <unknown>
#5 0x5562d9613e07 <unknown>
#6 0x5562d9667969 <unknown>
#7 0x5562d96125cf <unknown>
#8 0x5562d9613391 <unknown>
#9 0x5562d9b9004b <unknown>
#10 0x5562d9b9300d <unknown>
#11 0x5562d9b7c808 <unknown>
#12 0x5562d9b93ba0 <unknown>
#13 0x5562d9b63280 <unknown>
#14 0x5562d9bb7db8 <unknown>
#15 0x5562d9bb7f88 <unknown>
#16 0x5562d9bc95de <unknown>
#17 0x7f955ac9caa4 <unknown>
#18 0x7f955ad29c6c <unknown>

2026-04-26 07:11:13 - INFO - Fetching BUY listings for USDT/EUR
2026-04-26 07:11:14 - INFO - Data successfully saved to SQLite database. New listings - Bybit: 3, Binance: 6
2026-04-26 07:11:14 - INFO - Browser session closed
2026-04-26 07:11:14 - INFO - SQLite database connection closed
2026-04-26 08:42:21 - INFO - Logging initialized. Log file: pb2b/logs/bybit_scraper_20260426.log
2026-04-26 08:42:22 - INFO - DataSaver logging initialized. Log file: pb2b/logs/data_saver_20260426.log
2026-04-26 08:42:22 - INFO - Connected to SQLite database: pb2b/p2p_listings.db
2026-04-26 08:42:22 - INFO - Database tables created successfully
2026-04-26 08:42:22 - INFO - Attempt 1/10: Loading https://www.bybit.com/fiat/trade/otc?actionType=1&token=USDT&fiat=NGN
2026-04-26 08:42:30 - INFO - Screenshot saved as 'pb2b/screenshots/bybit_page_20260426_084230.png'
2026-04-26 08:42:30 - WARNING - Error parsing row: Message: no such element: Unable to locate element: {"method":"css selector","selector":"td:nth-child(2)"}
  (Session info: chrome=147.0.7727.116); For documentation on this error, please visit: https://www.selenium.dev/documentation/webdriver/troubleshooting/errors#nosuchelementexception
Stacktrace:
#0 0x560a5697fb6a <unknown>
#1 0x560a56381265 <unknown>
#2 0x560a563d3f76 <unknown>
#3 0x560a563d41b1 <unknown>
#4 0x560a563c8f26 <unknown>
#5 0x560a563c8e07 <unknown>
#6 0x560a5641c969 <unknown>
#7 0x560a563c75cf <unknown>
#8 0x560a563c8391 <unknown>
#9 0x560a5694504b <unknown>
#10 0x560a5694800d <unknown>
#11 0x560a56931808 <unknown>
#12 0x560a56948ba0 <unknown>
#13 0x560a56918280 <unknown>
#14 0x560a5696cdb8 <unknown>
#15 0x560a5696cf88 <unknown>
#16 0x560a5697e5de <unknown>
#17 0x7ff9b9a9caa4 <unknown>
#18 0x7ff9b9b29c6c <unknown>

2026-04-26 08:42:30 - WARNING - Error parsing row: Message: no such element: Unable to locate element: {"method":"css selector","selector":"td:nth-child(2)"}
  (Session info: chrome=147.0.7727.116); For documentation on this error, please visit: https://www.selenium.dev/documentation/webdriver/troubleshooting/errors#nosuchelementexception
Stacktrace:
#0 0x560a5697fb6a <unknown>
#1 0x560a56381265 <unknown>
#2 0x560a563d3f76 <unknown>
#3 0x560a563d41b1 <unknown>
#4 0x560a563c8f26 <unknown>
#5 0x560a563c8e07 <unknown>
#6 0x560a5641c969 <unknown>
#7 0x560a563c75cf <unknown>
#8 0x560a563c8391 <unknown>
#9 0x560a5694504b <unknown>
#10 0x560a5694800d <unknown>
#11 0x560a56931808 <unknown>
#12 0x560a56948ba0 <unknown>
#13 0x560a56918280 <unknown>
#14 0x560a5696cdb8 <unknown>
#15 0x560a5696cf88 <unknown>
#16 0x560a5697e5de <unknown>
#17 0x7ff9b9a9caa4 <unknown>
#18 0x7ff9b9b29c6c <unknown>

2026-04-26 08:42:30 - INFO - Fetching BUY listings for USDT/EUR
2026-04-26 08:42:31 - INFO - Data successfully saved to SQLite database. New listings - Bybit: 3, Binance: 6
2026-04-26 08:42:31 - INFO - Browser session closed
2026-04-26 08:42:31 - INFO - SQLite database connection closed
2026-04-26 09:42:33 - INFO - Logging initialized. Log file: pb2b/logs/bybit_scraper_20260426.log
2026-04-26 09:42:33 - INFO - DataSaver logging initialized. Log file: pb2b/logs/data_saver_20260426.log
2026-04-26 09:42:33 - INFO - Connected to SQLite database: pb2b/p2p_listings.db
2026-04-26 09:42:33 - INFO - Database tables created successfully
2026-04-26 09:42:33 - INFO - Attempt 1/10: Loading https://www.bybit.com/fiat/trade/otc?actionType=1&token=USDT&fiat=NGN
2026-04-26 09:42:41 - INFO - Screenshot saved as 'pb2b/screenshots/bybit_page_20260426_094241.png'
2026-04-26 09:42:41 - WARNING - Error parsing row: Message: no such element: Unable to locate element: {"method":"css selector","selector":"td:nth-child(2)"}
  (Session info: chrome=147.0.7727.116); For documentation on this error, please visit: https://www.selenium.dev/documentation/webdriver/troubleshooting/errors#nosuchelementexception
Stacktrace:
#0 0x55d131902b6a <unknown>
#1 0x55d131304265 <unknown>
#2 0x55d131356f76 <unknown>
#3 0x55d1313571b1 <unknown>
#4 0x55d13134bf26 <unknown>
#5 0x55d13134be07 <unknown>
#6 0x55d13139f969 <unknown>
#7 0x55d13134a5cf <unknown>
#8 0x55d13134b391 <unknown>
#9 0x55d1318c804b <unknown>
#10 0x55d1318cb00d <unknown>
#11 0x55d1318b4808 <unknown>
#12 0x55d1318cbba0 <unknown>
#13 0x55d13189b280 <unknown>
#14 0x55d1318efdb8 <unknown>
#15 0x55d1318eff88 <unknown>
#16 0x55d1319015de <unknown>
#17 0x7f8895e9caa4 <unknown>
#18 0x7f8895f29c6c <unknown>

2026-04-26 09:42:41 - WARNING - Error parsing row: Message: no such element: Unable to locate element: {"method":"css selector","selector":"td:nth-child(2)"}
  (Session info: chrome=147.0.7727.116); For documentation on this error, please visit: https://www.selenium.dev/documentation/webdriver/troubleshooting/errors#nosuchelementexception
Stacktrace:
#0 0x55d131902b6a <unknown>
#1 0x55d131304265 <unknown>
#2 0x55d131356f76 <unknown>
#3 0x55d1313571b1 <unknown>
#4 0x55d13134bf26 <unknown>
#5 0x55d13134be07 <unknown>
#6 0x55d13139f969 <unknown>
#7 0x55d13134a5cf <unknown>
#8 0x55d13134b391 <unknown>
#9 0x55d1318c804b <unknown>
#10 0x55d1318cb00d <unknown>
#11 0x55d1318b4808 <unknown>
#12 0x55d1318cbba0 <unknown>
#13 0x55d13189b280 <unknown>
#14 0x55d1318efdb8 <unknown>
#15 0x55d1318eff88 <unknown>
#16 0x55d1319015de <unknown>
#17 0x7f8895e9caa4 <unknown>
#18 0x7f8895f29c6c <unknown>

2026-04-26 09:42:42 - INFO - Fetching BUY listings for USDT/EUR
2026-04-26 09:42:42 - INFO - Data successfully saved to SQLite database. New listings - Bybit: 3, Binance: 6
2026-04-26 09:42:42 - INFO - Browser session closed
2026-04-26 09:42:42 - INFO - SQLite database connection closed
2026-04-26 10:35:08 - INFO - Logging initialized. Log file: pb2b/logs/bybit_scraper_20260426.log
2026-04-26 10:35:09 - INFO - DataSaver logging initialized. Log file: pb2b/logs/data_saver_20260426.log
2026-04-26 10:35:09 - INFO - Connected to SQLite database: pb2b/p2p_listings.db
2026-04-26 10:35:09 - INFO - Database tables created successfully
2026-04-26 10:35:09 - INFO - Attempt 1/10: Loading https://www.bybit.com/fiat/trade/otc?actionType=1&token=USDT&fiat=NGN
2026-04-26 10:35:17 - INFO - Screenshot saved as 'pb2b/screenshots/bybit_page_20260426_103517.png'
2026-04-26 10:35:17 - WARNING - Error parsing row: Message: no such element: Unable to locate element: {"method":"css selector","selector":"td:nth-child(2)"}
  (Session info: chrome=147.0.7727.116); For documentation on this error, please visit: https://www.selenium.dev/documentation/webdriver/troubleshooting/errors#nosuchelementexception
Stacktrace:
#0 0x564753d8ab6a <unknown>
#1 0x56475378c265 <unknown>
#2 0x5647537def76 <unknown>
#3 0x5647537df1b1 <unknown>
#4 0x5647537d3f26 <unknown>
#5 0x5647537d3e07 <unknown>
#6 0x564753827969 <unknown>
#7 0x5647537d25cf <unknown>
#8 0x5647537d3391 <unknown>
#9 0x564753d5004b <unknown>
#10 0x564753d5300d <unknown>
#11 0x564753d3c808 <unknown>
#12 0x564753d53ba0 <unknown>
#13 0x564753d23280 <unknown>
#14 0x564753d77db8 <unknown>
#15 0x564753d77f88 <unknown>
#16 0x564753d895de <unknown>
#17 0x7fe719e9caa4 <unknown>
#18 0x7fe719f29c6c <unknown>

2026-04-26 10:35:17 - WARNING - Error parsing row: Message: no such element: Unable to locate element: {"method":"css selector","selector":"td:nth-child(2)"}
  (Session info: chrome=147.0.7727.116); For documentation on this error, please visit: https://www.selenium.dev/documentation/webdriver/troubleshooting/errors#nosuchelementexception
Stacktrace:
#0 0x564753d8ab6a <unknown>
#1 0x56475378c265 <unknown>
#2 0x5647537def76 <unknown>
#3 0x5647537df1b1 <unknown>
#4 0x5647537d3f26 <unknown>
#5 0x5647537d3e07 <unknown>
#6 0x564753827969 <unknown>
#7 0x5647537d25cf <unknown>
#8 0x5647537d3391 <unknown>
#9 0x564753d5004b <unknown>
#10 0x564753d5300d <unknown>
#11 0x564753d3c808 <unknown>
#12 0x564753d53ba0 <unknown>
#13 0x564753d23280 <unknown>
#14 0x564753d77db8 <unknown>
#15 0x564753d77f88 <unknown>
#16 0x564753d895de <unknown>
#17 0x7fe719e9caa4 <unknown>
#18 0x7fe719f29c6c <unknown>

2026-04-26 10:35:18 - INFO - Fetching BUY listings for USDT/EUR
2026-04-26 10:35:18 - INFO - Data successfully saved to SQLite database. New listings - Bybit: 3, Binance: 6
2026-04-26 10:35:18 - INFO - Browser session closed
2026-04-26 10:35:18 - INFO - SQLite database connection closed
2026-04-26 11:29:13 - INFO - Logging initialized. Log file: pb2b/logs/bybit_scraper_20260426.log
2026-04-26 11:29:13 - INFO - DataSaver logging initialized. Log file: pb2b/logs/data_saver_20260426.log
2026-04-26 11:29:13 - INFO - Connected to SQLite database: pb2b/p2p_listings.db
2026-04-26 11:29:13 - INFO - Database tables created successfully
2026-04-26 11:29:13 - INFO - Attempt 1/10: Loading https://www.bybit.com/fiat/trade/otc?actionType=1&token=USDT&fiat=NGN
2026-04-26 11:29:20 - INFO - Screenshot saved as 'pb2b/screenshots/bybit_page_20260426_112920.png'
2026-04-26 11:29:20 - WARNING - Error parsing row: Message: no such element: Unable to locate element: {"method":"css selector","selector":"td:nth-child(2)"}
  (Session info: chrome=147.0.7727.116); For documentation on this error, please visit: https://www.selenium.dev/documentation/webdriver/troubleshooting/errors#nosuchelementexception
Stacktrace:
#0 0x555569ed7b6a <unknown>
#1 0x5555698d9265 <unknown>
#2 0x55556992bf76 <unknown>
#3 0x55556992c1b1 <unknown>
#4 0x555569920f26 <unknown>
#5 0x555569920e07 <unknown>
#6 0x555569974969 <unknown>
#7 0x55556991f5cf <unknown>
#8 0x555569920391 <unknown>
#9 0x555569e9d04b <unknown>
#10 0x555569ea000d <unknown>
#11 0x555569e89808 <unknown>
#12 0x555569ea0ba0 <unknown>
#13 0x555569e70280 <unknown>
#14 0x555569ec4db8 <unknown>
#15 0x555569ec4f88 <unknown>
#16 0x555569ed65de <unknown>
#17 0x7f035609caa4 <unknown>
#18 0x7f0356129c6c <unknown>

2026-04-26 11:29:20 - WARNING - Error parsing row: Message: no such element: Unable to locate element: {"method":"css selector","selector":"td:nth-child(2)"}
  (Session info: chrome=147.0.7727.116); For documentation on this error, please visit: https://www.selenium.dev/documentation/webdriver/troubleshooting/errors#nosuchelementexception
Stacktrace:
#0 0x555569ed7b6a <unknown>
#1 0x5555698d9265 <unknown>
#2 0x55556992bf76 <unknown>
#3 0x55556992c1b1 <unknown>
#4 0x555569920f26 <unknown>
#5 0x555569920e07 <unknown>
#6 0x555569974969 <unknown>
#7 0x55556991f5cf <unknown>
#8 0x555569920391 <unknown>
#9 0x555569e9d04b <unknown>
#10 0x555569ea000d <unknown>
#11 0x555569e89808 <unknown>
#12 0x555569ea0ba0 <unknown>
#13 0x555569e70280 <unknown>
#14 0x555569ec4db8 <unknown>
#15 0x555569ec4f88 <unknown>
#16 0x555569ed65de <unknown>
#17 0x7f035609caa4 <unknown>
#18 0x7f0356129c6c <unknown>

2026-04-26 11:29:21 - INFO - Fetching BUY listings for USDT/EUR
2026-04-26 11:29:22 - INFO - Data successfully saved to SQLite database. New listings - Bybit: 3, Binance: 6
2026-04-26 11:29:22 - INFO - Browser session closed
2026-04-26 11:29:22 - INFO - SQLite database connection closed
2026-04-26 12:10:27 - INFO - Logging initialized. Log file: pb2b/logs/bybit_scraper_20260426.log
2026-04-26 12:10:28 - INFO - DataSaver logging initialized. Log file: pb2b/logs/data_saver_20260426.log
2026-04-26 12:10:28 - INFO - Connected to SQLite database: pb2b/p2p_listings.db
2026-04-26 12:10:28 - INFO - Database tables created successfully
2026-04-26 12:10:28 - INFO - Attempt 1/10: Loading https://www.bybit.com/fiat/trade/otc?actionType=1&token=USDT&fiat=NGN
2026-04-26 12:10:36 - INFO - Screenshot saved as 'pb2b/screenshots/bybit_page_20260426_121036.png'
2026-04-26 12:10:37 - WARNING - Error parsing row: Message: no such element: Unable to locate element: {"method":"css selector","selector":"td:nth-child(2)"}
  (Session info: chrome=147.0.7727.116); For documentation on this error, please visit: https://www.selenium.dev/documentation/webdriver/troubleshooting/errors#nosuchelementexception
Stacktrace:
#0 0x55fa7e7f5b6a <unknown>
#1 0x55fa7e1f7265 <unknown>
#2 0x55fa7e249f76 <unknown>
#3 0x55fa7e24a1b1 <unknown>
#4 0x55fa7e23ef26 <unknown>
#5 0x55fa7e23ee07 <unknown>
#6 0x55fa7e292969 <unknown>
#7 0x55fa7e23d5cf <unknown>
#8 0x55fa7e23e391 <unknown>
#9 0x55fa7e7bb04b <unknown>
#10 0x55fa7e7be00d <unknown>
#11 0x55fa7e7a7808 <unknown>
#12 0x55fa7e7beba0 <unknown>
#13 0x55fa7e78e280 <unknown>
#14 0x55fa7e7e2db8 <unknown>
#15 0x55fa7e7e2f88 <unknown>
#16 0x55fa7e7f45de <unknown>
#17 0x7f000d49caa4 <unknown>
#18 0x7f000d529c6c <unknown>

2026-04-26 12:10:37 - WARNING - Error parsing row: Message: no such element: Unable to locate element: {"method":"css selector","selector":"td:nth-child(2)"}
  (Session info: chrome=147.0.7727.116); For documentation on this error, please visit: https://www.selenium.dev/documentation/webdriver/troubleshooting/errors#nosuchelementexception
Stacktrace:
#0 0x55fa7e7f5b6a <unknown>
#1 0x55fa7e1f7265 <unknown>
#2 0x55fa7e249f76 <unknown>
#3 0x55fa7e24a1b1 <unknown>
#4 0x55fa7e23ef26 <unknown>
#5 0x55fa7e23ee07 <unknown>
#6 0x55fa7e292969 <unknown>
#7 0x55fa7e23d5cf <unknown>
#8 0x55fa7e23e391 <unknown>
#9 0x55fa7e7bb04b <unknown>
#10 0x55fa7e7be00d <unknown>
#11 0x55fa7e7a7808 <unknown>
#12 0x55fa7e7beba0 <unknown>
#13 0x55fa7e78e280 <unknown>
#14 0x55fa7e7e2db8 <unknown>
#15 0x55fa7e7e2f88 <unknown>
#16 0x55fa7e7f45de <unknown>
#17 0x7f000d49caa4 <unknown>
#18 0x7f000d529c6c <unknown>

2026-04-26 12:10:37 - INFO - Fetching BUY listings for USDT/EUR
2026-04-26 12:10:38 - INFO - Data successfully saved to SQLite database. New listings - Bybit: 3, Binance: 6
2026-04-26 12:10:38 - INFO - Browser session closed
2026-04-26 12:10:38 - INFO - SQLite database connection closed
2026-04-26 13:46:22 - INFO - Logging initialized. Log file: pb2b/logs/bybit_scraper_20260426.log
2026-04-26 13:46:23 - INFO - DataSaver logging initialized. Log file: pb2b/logs/data_saver_20260426.log
2026-04-26 13:46:23 - INFO - Connected to SQLite database: pb2b/p2p_listings.db
2026-04-26 13:46:23 - INFO - Database tables created successfully
2026-04-26 13:46:23 - INFO - Attempt 1/10: Loading https://www.bybit.com/fiat/trade/otc?actionType=1&token=USDT&fiat=NGN
2026-04-26 13:46:31 - INFO - Screenshot saved as 'pb2b/screenshots/bybit_page_20260426_134630.png'
2026-04-26 13:46:31 - WARNING - Error parsing row: Message: no such element: Unable to locate element: {"method":"css selector","selector":"td:nth-child(2)"}
  (Session info: chrome=147.0.7727.116); For documentation on this error, please visit: https://www.selenium.dev/documentation/webdriver/troubleshooting/errors#nosuchelementexception
Stacktrace:
#0 0x5613ec095b6a <unknown>
#1 0x5613eba97265 <unknown>
#2 0x5613ebae9f76 <unknown>
#3 0x5613ebaea1b1 <unknown>
#4 0x5613ebadef26 <unknown>
#5 0x5613ebadee07 <unknown>
#6 0x5613ebb32969 <unknown>
#7 0x5613ebadd5cf <unknown>
#8 0x5613ebade391 <unknown>
#9 0x5613ec05b04b <unknown>
#10 0x5613ec05e00d <unknown>
#11 0x5613ec047808 <unknown>
#12 0x5613ec05eba0 <unknown>
#13 0x5613ec02e280 <unknown>
#14 0x5613ec082db8 <unknown>
#15 0x5613ec082f88 <unknown>
#16 0x5613ec0945de <unknown>
#17 0x7fa3c8a9caa4 <unknown>
#18 0x7fa3c8b29c6c <unknown>

2026-04-26 13:46:31 - WARNING - Error parsing row: Message: no such element: Unable to locate element: {"method":"css selector","selector":"td:nth-child(2)"}
  (Session info: chrome=147.0.7727.116); For documentation on this error, please visit: https://www.selenium.dev/documentation/webdriver/troubleshooting/errors#nosuchelementexception
Stacktrace:
#0 0x5613ec095b6a <unknown>
#1 0x5613eba97265 <unknown>
#2 0x5613ebae9f76 <unknown>
#3 0x5613ebaea1b1 <unknown>
#4 0x5613ebadef26 <unknown>
#5 0x5613ebadee07 <unknown>
#6 0x5613ebb32969 <unknown>
#7 0x5613ebadd5cf <unknown>
#8 0x5613ebade391 <unknown>
#9 0x5613ec05b04b <unknown>
#10 0x5613ec05e00d <unknown>
#11 0x5613ec047808 <unknown>
#12 0x5613ec05eba0 <unknown>
#13 0x5613ec02e280 <unknown>
#14 0x5613ec082db8 <unknown>
#15 0x5613ec082f88 <unknown>
#16 0x5613ec0945de <unknown>
#17 0x7fa3c8a9caa4 <unknown>
#18 0x7fa3c8b29c6c <unknown>

2026-04-26 13:46:31 - INFO - Fetching BUY listings for USDT/EUR
2026-04-26 13:46:32 - INFO - Data successfully saved to SQLite database. New listings - Bybit: 3, Binance: 6
2026-04-26 13:46:32 - INFO - Browser session closed
2026-04-26 13:46:32 - INFO - SQLite database connection closed
2026-04-26 14:35:28 - INFO - Logging initialized. Log file: pb2b/logs/bybit_scraper_20260426.log
2026-04-26 14:35:29 - INFO - DataSaver logging initialized. Log file: pb2b/logs/data_saver_20260426.log
2026-04-26 14:35:29 - INFO - Connected to SQLite database: pb2b/p2p_listings.db
2026-04-26 14:35:29 - INFO - Database tables created successfully
2026-04-26 14:35:29 - INFO - Attempt 1/10: Loading https://www.bybit.com/fiat/trade/otc?actionType=1&token=USDT&fiat=NGN
2026-04-26 14:35:37 - INFO - Screenshot saved as 'pb2b/screenshots/bybit_page_20260426_143537.png'
2026-04-26 14:35:37 - WARNING - Error parsing row: Message: no such element: Unable to locate element: {"method":"css selector","selector":"td:nth-child(2)"}
  (Session info: chrome=147.0.7727.116); For documentation on this error, please visit: https://www.selenium.dev/documentation/webdriver/troubleshooting/errors#nosuchelementexception
Stacktrace:
#0 0x5626a9254b6a <unknown>
#1 0x5626a8c56265 <unknown>
#2 0x5626a8ca8f76 <unknown>
#3 0x5626a8ca91b1 <unknown>
#4 0x5626a8c9df26 <unknown>
#5 0x5626a8c9de07 <unknown>
#6 0x5626a8cf1969 <unknown>
#7 0x5626a8c9c5cf <unknown>
#8 0x5626a8c9d391 <unknown>
#9 0x5626a921a04b <unknown>
#10 0x5626a921d00d <unknown>
#11 0x5626a9206808 <unknown>
#12 0x5626a921dba0 <unknown>
#13 0x5626a91ed280 <unknown>
#14 0x5626a9241db8 <unknown>
#15 0x5626a9241f88 <unknown>
#16 0x5626a92535de <unknown>
#17 0x7fe17389caa4 <unknown>
#18 0x7fe173929c6c <unknown>

2026-04-26 14:35:37 - WARNING - Error parsing row: Message: no such element: Unable to locate element: {"method":"css selector","selector":"td:nth-child(2)"}
  (Session info: chrome=147.0.7727.116); For documentation on this error, please visit: https://www.selenium.dev/documentation/webdriver/troubleshooting/errors#nosuchelementexception
Stacktrace:
#0 0x5626a9254b6a <unknown>
#1 0x5626a8c56265 <unknown>
#2 0x5626a8ca8f76 <unknown>
#3 0x5626a8ca91b1 <unknown>
#4 0x5626a8c9df26 <unknown>
#5 0x5626a8c9de07 <unknown>
#6 0x5626a8cf1969 <unknown>
#7 0x5626a8c9c5cf <unknown>
#8 0x5626a8c9d391 <unknown>
#9 0x5626a921a04b <unknown>
#10 0x5626a921d00d <unknown>
#11 0x5626a9206808 <unknown>
#12 0x5626a921dba0 <unknown>
#13 0x5626a91ed280 <unknown>
#14 0x5626a9241db8 <unknown>
#15 0x5626a9241f88 <unknown>
#16 0x5626a92535de <unknown>
#17 0x7fe17389caa4 <unknown>
#18 0x7fe173929c6c <unknown>

2026-04-26 14:35:37 - INFO - Fetching BUY listings for USDT/EUR
2026-04-26 14:35:38 - INFO - Data successfully saved to SQLite database. New listings - Bybit: 3, Binance: 6
2026-04-26 14:35:38 - INFO - Browser session closed
2026-04-26 14:35:38 - INFO - SQLite database connection closed
2026-04-26 15:30:17 - INFO - Logging initialized. Log file: pb2b/logs/bybit_scraper_20260426.log
2026-04-26 15:30:18 - INFO - DataSaver logging initialized. Log file: pb2b/logs/data_saver_20260426.log
2026-04-26 15:30:18 - INFO - Connected to SQLite database: pb2b/p2p_listings.db
2026-04-26 15:30:18 - INFO - Database tables created successfully
2026-04-26 15:30:18 - INFO - Attempt 1/10: Loading https://www.bybit.com/fiat/trade/otc?actionType=1&token=USDT&fiat=NGN
2026-04-26 15:30:26 - INFO - Screenshot saved as 'pb2b/screenshots/bybit_page_20260426_153026.png'
2026-04-26 15:30:26 - WARNING - Error parsing row: Message: no such element: Unable to locate element: {"method":"css selector","selector":"td:nth-child(2)"}
  (Session info: chrome=147.0.7727.116); For documentation on this error, please visit: https://www.selenium.dev/documentation/webdriver/troubleshooting/errors#nosuchelementexception
Stacktrace:
#0 0x557be3968b6a <unknown>
#1 0x557be336a265 <unknown>
#2 0x557be33bcf76 <unknown>
#3 0x557be33bd1b1 <unknown>
#4 0x557be33b1f26 <unknown>
#5 0x557be33b1e07 <unknown>
#6 0x557be3405969 <unknown>
#7 0x557be33b05cf <unknown>
#8 0x557be33b1391 <unknown>
#9 0x557be392e04b <unknown>
#10 0x557be393100d <unknown>
#11 0x557be391a808 <unknown>
#12 0x557be3931ba0 <unknown>
#13 0x557be3901280 <unknown>
#14 0x557be3955db8 <unknown>
#15 0x557be3955f88 <unknown>
#16 0x557be39675de <unknown>
#17 0x7f2dfdc9caa4 <unknown>
#18 0x7f2dfdd29c6c <unknown>

2026-04-26 15:30:26 - WARNING - Error parsing row: Message: no such element: Unable to locate element: {"method":"css selector","selector":"td:nth-child(2)"}
  (Session info: chrome=147.0.7727.116); For documentation on this error, please visit: https://www.selenium.dev/documentation/webdriver/troubleshooting/errors#nosuchelementexception
Stacktrace:
#0 0x557be3968b6a <unknown>
#1 0x557be336a265 <unknown>
#2 0x557be33bcf76 <unknown>
#3 0x557be33bd1b1 <unknown>
#4 0x557be33b1f26 <unknown>
#5 0x557be33b1e07 <unknown>
#6 0x557be3405969 <unknown>
#7 0x557be33b05cf <unknown>
#8 0x557be33b1391 <unknown>
#9 0x557be392e04b <unknown>
#10 0x557be393100d <unknown>
#11 0x557be391a808 <unknown>
#12 0x557be3931ba0 <unknown>
#13 0x557be3901280 <unknown>
#14 0x557be3955db8 <unknown>
#15 0x557be3955f88 <unknown>
#16 0x557be39675de <unknown>
#17 0x7f2dfdc9caa4 <unknown>
#18 0x7f2dfdd29c6c <unknown>

2026-04-26 15:30:26 - INFO - Fetching BUY listings for USDT/EUR
2026-04-26 15:30:27 - INFO - Data successfully saved to SQLite database. New listings - Bybit: 3, Binance: 6
2026-04-26 15:30:27 - INFO - Browser session closed
2026-04-26 15:30:27 - INFO - SQLite database connection closed
2026-04-26 16:13:22 - INFO - Logging initialized. Log file: pb2b/logs/bybit_scraper_20260426.log
2026-04-26 16:13:22 - INFO - DataSaver logging initialized. Log file: pb2b/logs/data_saver_20260426.log
2026-04-26 16:13:22 - INFO - Connected to SQLite database: pb2b/p2p_listings.db
2026-04-26 16:13:22 - INFO - Database tables created successfully
2026-04-26 16:13:22 - INFO - Attempt 1/10: Loading https://www.bybit.com/fiat/trade/otc?actionType=1&token=USDT&fiat=NGN
2026-04-26 16:13:31 - INFO - Screenshot saved as 'pb2b/screenshots/bybit_page_20260426_161330.png'
2026-04-26 16:13:31 - WARNING - Error parsing row: Message: no such element: Unable to locate element: {"method":"css selector","selector":"td:nth-child(2)"}
  (Session info: chrome=147.0.7727.116); For documentation on this error, please visit: https://www.selenium.dev/documentation/webdriver/troubleshooting/errors#nosuchelementexception
Stacktrace:
#0 0x557d33a74b6a <unknown>
#1 0x557d33476265 <unknown>
#2 0x557d334c8f76 <unknown>
#3 0x557d334c91b1 <unknown>
#4 0x557d334bdf26 <unknown>
#5 0x557d334bde07 <unknown>
#6 0x557d33511969 <unknown>
#7 0x557d334bc5cf <unknown>
#8 0x557d334bd391 <unknown>
#9 0x557d33a3a04b <unknown>
#10 0x557d33a3d00d <unknown>
#11 0x557d33a26808 <unknown>
#12 0x557d33a3dba0 <unknown>
#13 0x557d33a0d280 <unknown>
#14 0x557d33a61db8 <unknown>
#15 0x557d33a61f88 <unknown>
#16 0x557d33a735de <unknown>
#17 0x7fa23f69caa4 <unknown>
#18 0x7fa23f729c6c <unknown>

2026-04-26 16:13:31 - WARNING - Error parsing row: Message: no such element: Unable to locate element: {"method":"css selector","selector":"td:nth-child(2)"}
  (Session info: chrome=147.0.7727.116); For documentation on this error, please visit: https://www.selenium.dev/documentation/webdriver/troubleshooting/errors#nosuchelementexception
Stacktrace:
#0 0x557d33a74b6a <unknown>
#1 0x557d33476265 <unknown>
#2 0x557d334c8f76 <unknown>
#3 0x557d334c91b1 <unknown>
#4 0x557d334bdf26 <unknown>
#5 0x557d334bde07 <unknown>
#6 0x557d33511969 <unknown>
#7 0x557d334bc5cf <unknown>
#8 0x557d334bd391 <unknown>
#9 0x557d33a3a04b <unknown>
#10 0x557d33a3d00d <unknown>
#11 0x557d33a26808 <unknown>
#12 0x557d33a3dba0 <unknown>
#13 0x557d33a0d280 <unknown>
#14 0x557d33a61db8 <unknown>
#15 0x557d33a61f88 <unknown>
#16 0x557d33a735de <unknown>
#17 0x7fa23f69caa4 <unknown>
#18 0x7fa23f729c6c <unknown>

2026-04-26 16:13:32 - INFO - Fetching BUY listings for USDT/EUR
2026-04-26 16:13:32 - INFO - Data successfully saved to SQLite database. New listings - Bybit: 3, Binance: 6
2026-04-26 16:13:32 - INFO - Browser session closed
2026-04-26 16:13:32 - INFO - SQLite database connection closed
2026-04-26 17:09:13 - INFO - Logging initialized. Log file: pb2b/logs/bybit_scraper_20260426.log
2026-04-26 17:09:15 - INFO - DataSaver logging initialized. Log file: pb2b/logs/data_saver_20260426.log
2026-04-26 17:09:15 - INFO - Connected to SQLite database: pb2b/p2p_listings.db
2026-04-26 17:09:15 - INFO - Database tables created successfully
2026-04-26 17:09:15 - INFO - Attempt 1/10: Loading https://www.bybit.com/fiat/trade/otc?actionType=1&token=USDT&fiat=NGN
2026-04-26 17:09:22 - INFO - Screenshot saved as 'pb2b/screenshots/bybit_page_20260426_170922.png'
2026-04-26 17:09:22 - WARNING - Error parsing row: Message: no such element: Unable to locate element: {"method":"css selector","selector":"td:nth-child(2)"}
  (Session info: chrome=147.0.7727.116); For documentation on this error, please visit: https://www.selenium.dev/documentation/webdriver/troubleshooting/errors#nosuchelementexception
Stacktrace:
#0 0x563dfb309b6a <unknown>
#1 0x563dfad0b265 <unknown>
#2 0x563dfad5df76 <unknown>
#3 0x563dfad5e1b1 <unknown>
#4 0x563dfad52f26 <unknown>
#5 0x563dfad52e07 <unknown>
#6 0x563dfada6969 <unknown>
#7 0x563dfad515cf <unknown>
#8 0x563dfad52391 <unknown>
#9 0x563dfb2cf04b <unknown>
#10 0x563dfb2d200d <unknown>
#11 0x563dfb2bb808 <unknown>
#12 0x563dfb2d2ba0 <unknown>
#13 0x563dfb2a2280 <unknown>
#14 0x563dfb2f6db8 <unknown>
#15 0x563dfb2f6f88 <unknown>
#16 0x563dfb3085de <unknown>
#17 0x7f206e09caa4 <unknown>
#18 0x7f206e129c6c <unknown>

2026-04-26 17:09:22 - WARNING - Error parsing row: Message: no such element: Unable to locate element: {"method":"css selector","selector":"td:nth-child(2)"}
  (Session info: chrome=147.0.7727.116); For documentation on this error, please visit: https://www.selenium.dev/documentation/webdriver/troubleshooting/errors#nosuchelementexception
Stacktrace:
#0 0x563dfb309b6a <unknown>
#1 0x563dfad0b265 <unknown>
#2 0x563dfad5df76 <unknown>
#3 0x563dfad5e1b1 <unknown>
#4 0x563dfad52f26 <unknown>
#5 0x563dfad52e07 <unknown>
#6 0x563dfada6969 <unknown>
#7 0x563dfad515cf <unknown>
#8 0x563dfad52391 <unknown>
#9 0x563dfb2cf04b <unknown>
#10 0x563dfb2d200d <unknown>
#11 0x563dfb2bb808 <unknown>
#12 0x563dfb2d2ba0 <unknown>
#13 0x563dfb2a2280 <unknown>
#14 0x563dfb2f6db8 <unknown>
#15 0x563dfb2f6f88 <unknown>
#16 0x563dfb3085de <unknown>
#17 0x7f206e09caa4 <unknown>
#18 0x7f206e129c6c <unknown>

2026-04-26 17:09:22 - INFO - Fetching BUY listings for USDT/EUR
2026-04-26 17:09:23 - INFO - Data successfully saved to SQLite database. New listings - Bybit: 3, Binance: 6
2026-04-26 17:09:23 - INFO - Browser session closed
2026-04-26 17:09:23 - INFO - SQLite database connection closed
2026-04-26 18:01:43 - INFO - Logging initialized. Log file: pb2b/logs/bybit_scraper_20260426.log
2026-04-26 18:01:43 - INFO - DataSaver logging initialized. Log file: pb2b/logs/data_saver_20260426.log
2026-04-26 18:01:43 - INFO - Connected to SQLite database: pb2b/p2p_listings.db
2026-04-26 18:01:43 - INFO - Database tables created successfully
2026-04-26 18:01:43 - INFO - Attempt 1/10: Loading https://www.bybit.com/fiat/trade/otc?actionType=1&token=USDT&fiat=NGN
2026-04-26 18:01:51 - INFO - Screenshot saved as 'pb2b/screenshots/bybit_page_20260426_180151.png'
2026-04-26 18:01:52 - WARNING - Error parsing row: Message: no such element: Unable to locate element: {"method":"css selector","selector":"td:nth-child(2)"}
  (Session info: chrome=147.0.7727.116); For documentation on this error, please visit: https://www.selenium.dev/documentation/webdriver/troubleshooting/errors#nosuchelementexception
Stacktrace:
#0 0x56296178fb6a <unknown>
#1 0x562961191265 <unknown>
#2 0x5629611e3f76 <unknown>
#3 0x5629611e41b1 <unknown>
#4 0x5629611d8f26 <unknown>
#5 0x5629611d8e07 <unknown>
#6 0x56296122c969 <unknown>
#7 0x5629611d75cf <unknown>
#8 0x5629611d8391 <unknown>
#9 0x56296175504b <unknown>
#10 0x56296175800d <unknown>
#11 0x562961741808 <unknown>
#12 0x562961758ba0 <unknown>
#13 0x562961728280 <unknown>
#14 0x56296177cdb8 <unknown>
#15 0x56296177cf88 <unknown>
#16 0x56296178e5de <unknown>
#17 0x7f33ae29caa4 <unknown>
#18 0x7f33ae329c6c <unknown>

2026-04-26 18:01:52 - WARNING - Error parsing row: Message: no such element: Unable to locate element: {"method":"css selector","selector":"td:nth-child(2)"}
  (Session info: chrome=147.0.7727.116); For documentation on this error, please visit: https://www.selenium.dev/documentation/webdriver/troubleshooting/errors#nosuchelementexception
Stacktrace:
#0 0x56296178fb6a <unknown>
#1 0x562961191265 <unknown>
#2 0x5629611e3f76 <unknown>
#3 0x5629611e41b1 <unknown>
#4 0x5629611d8f26 <unknown>
#5 0x5629611d8e07 <unknown>
#6 0x56296122c969 <unknown>
#7 0x5629611d75cf <unknown>
#8 0x5629611d8391 <unknown>
#9 0x56296175504b <unknown>
#10 0x56296175800d <unknown>
#11 0x562961741808 <unknown>
#12 0x562961758ba0 <unknown>
#13 0x562961728280 <unknown>
#14 0x56296177cdb8 <unknown>
#15 0x56296177cf88 <unknown>
#16 0x56296178e5de <unknown>
#17 0x7f33ae29caa4 <unknown>
#18 0x7f33ae329c6c <unknown>

2026-04-26 18:01:53 - INFO - Fetching BUY listings for USDT/EUR
2026-04-26 18:01:54 - INFO - Data successfully saved to SQLite database. New listings - Bybit: 3, Binance: 6
2026-04-26 18:01:54 - INFO - Browser session closed
2026-04-26 18:01:54 - INFO - SQLite database connection closed
2026-04-26 19:13:48 - INFO - Logging initialized. Log file: pb2b/logs/bybit_scraper_20260426.log
2026-04-26 19:13:49 - INFO - DataSaver logging initialized. Log file: pb2b/logs/data_saver_20260426.log
2026-04-26 19:13:49 - INFO - Connected to SQLite database: pb2b/p2p_listings.db
2026-04-26 19:13:49 - INFO - Database tables created successfully
2026-04-26 19:13:49 - INFO - Attempt 1/10: Loading https://www.bybit.com/fiat/trade/otc?actionType=1&token=USDT&fiat=NGN
2026-04-26 19:13:58 - INFO - Screenshot saved as 'pb2b/screenshots/bybit_page_20260426_191357.png'
2026-04-26 19:13:58 - WARNING - Error parsing row: Message: no such element: Unable to locate element: {"method":"css selector","selector":"td:nth-child(2)"}
  (Session info: chrome=147.0.7727.116); For documentation on this error, please visit: https://www.selenium.dev/documentation/webdriver/troubleshooting/errors#nosuchelementexception
Stacktrace:
#0 0x560eaa34cb6a <unknown>
#1 0x560ea9d4e265 <unknown>
#2 0x560ea9da0f76 <unknown>
#3 0x560ea9da11b1 <unknown>
#4 0x560ea9d95f26 <unknown>
#5 0x560ea9d95e07 <unknown>
#6 0x560ea9de9969 <unknown>
#7 0x560ea9d945cf <unknown>
#8 0x560ea9d95391 <unknown>
#9 0x560eaa31204b <unknown>
#10 0x560eaa31500d <unknown>
#11 0x560eaa2fe808 <unknown>
#12 0x560eaa315ba0 <unknown>
#13 0x560eaa2e5280 <unknown>
#14 0x560eaa339db8 <unknown>
#15 0x560eaa339f88 <unknown>
#16 0x560eaa34b5de <unknown>
#17 0x7fc55509caa4 <unknown>
#18 0x7fc555129c6c <unknown>

2026-04-26 19:13:58 - WARNING - Error parsing row: Message: no such element: Unable to locate element: {"method":"css selector","selector":"td:nth-child(2)"}
  (Session info: chrome=147.0.7727.116); For documentation on this error, please visit: https://www.selenium.dev/documentation/webdriver/troubleshooting/errors#nosuchelementexception
Stacktrace:
#0 0x560eaa34cb6a <unknown>
#1 0x560ea9d4e265 <unknown>
#2 0x560ea9da0f76 <unknown>
#3 0x560ea9da11b1 <unknown>
#4 0x560ea9d95f26 <unknown>
#5 0x560ea9d95e07 <unknown>
#6 0x560ea9de9969 <unknown>
#7 0x560ea9d945cf <unknown>
#8 0x560ea9d95391 <unknown>
#9 0x560eaa31204b <unknown>
#10 0x560eaa31500d <unknown>
#11 0x560eaa2fe808 <unknown>
#12 0x560eaa315ba0 <unknown>
#13 0x560eaa2e5280 <unknown>
#14 0x560eaa339db8 <unknown>
#15 0x560eaa339f88 <unknown>
#16 0x560eaa34b5de <unknown>
#17 0x7fc55509caa4 <unknown>
#18 0x7fc555129c6c <unknown>

2026-04-26 19:13:58 - INFO - Fetching BUY listings for USDT/EUR
2026-04-26 19:13:59 - INFO - Data successfully saved to SQLite database. New listings - Bybit: 3, Binance: 6
2026-04-26 19:13:59 - INFO - Browser session closed
2026-04-26 19:13:59 - INFO - SQLite database connection closed
2026-04-26 20:00:37 - INFO - Logging initialized. Log file: pb2b/logs/bybit_scraper_20260426.log
2026-04-26 20:00:37 - INFO - DataSaver logging initialized. Log file: pb2b/logs/data_saver_20260426.log
2026-04-26 20:00:37 - INFO - Connected to SQLite database: pb2b/p2p_listings.db
2026-04-26 20:00:37 - INFO - Database tables created successfully
2026-04-26 20:00:37 - INFO - Attempt 1/10: Loading https://www.bybit.com/fiat/trade/otc?actionType=1&token=USDT&fiat=NGN
2026-04-26 20:00:48 - INFO - Screenshot saved as 'pb2b/screenshots/bybit_page_20260426_200047.png'
2026-04-26 20:00:48 - WARNING - Error parsing row: Message: no such element: Unable to locate element: {"method":"css selector","selector":"td:nth-child(2)"}
  (Session info: chrome=147.0.7727.116); For documentation on this error, please visit: https://www.selenium.dev/documentation/webdriver/troubleshooting/errors#nosuchelementexception
Stacktrace:
#0 0x55c54c6dcb6a <unknown>
#1 0x55c54c0de265 <unknown>
#2 0x55c54c130f76 <unknown>
#3 0x55c54c1311b1 <unknown>
#4 0x55c54c125f26 <unknown>
#5 0x55c54c125e07 <unknown>
#6 0x55c54c179969 <unknown>
#7 0x55c54c1245cf <unknown>
#8 0x55c54c125391 <unknown>
#9 0x55c54c6a204b <unknown>
#10 0x55c54c6a500d <unknown>
#11 0x55c54c68e808 <unknown>
#12 0x55c54c6a5ba0 <unknown>
#13 0x55c54c675280 <unknown>
#14 0x55c54c6c9db8 <unknown>
#15 0x55c54c6c9f88 <unknown>
#16 0x55c54c6db5de <unknown>
#17 0x7f2ca909caa4 <unknown>
#18 0x7f2ca9129c6c <unknown>

2026-04-26 20:00:48 - WARNING - Error parsing row: Message: no such element: Unable to locate element: {"method":"css selector","selector":"td:nth-child(2)"}
  (Session info: chrome=147.0.7727.116); For documentation on this error, please visit: https://www.selenium.dev/documentation/webdriver/troubleshooting/errors#nosuchelementexception
Stacktrace:
#0 0x55c54c6dcb6a <unknown>
#1 0x55c54c0de265 <unknown>
#2 0x55c54c130f76 <unknown>
#3 0x55c54c1311b1 <unknown>
#4 0x55c54c125f26 <unknown>
#5 0x55c54c125e07 <unknown>
#6 0x55c54c179969 <unknown>
#7 0x55c54c1245cf <unknown>
#8 0x55c54c125391 <unknown>
#9 0x55c54c6a204b <unknown>
#10 0x55c54c6a500d <unknown>
#11 0x55c54c68e808 <unknown>
#12 0x55c54c6a5ba0 <unknown>
#13 0x55c54c675280 <unknown>
#14 0x55c54c6c9db8 <unknown>
#15 0x55c54c6c9f88 <unknown>
#16 0x55c54c6db5de <unknown>
#17 0x7f2ca909caa4 <unknown>
#18 0x7f2ca9129c6c <unknown>

2026-04-26 20:00:49 - INFO - Fetching BUY listings for USDT/EUR
2026-04-26 20:00:49 - INFO - Data successfully saved to SQLite database. New listings - Bybit: 3, Binance: 6
2026-04-26 20:00:50 - INFO - Browser session closed
2026-04-26 20:00:50 - INFO - SQLite database connection closed
2026-04-26 20:53:45 - INFO - Logging initialized. Log file: pb2b/logs/bybit_scraper_20260426.log
2026-04-26 20:53:45 - INFO - DataSaver logging initialized. Log file: pb2b/logs/data_saver_20260426.log
2026-04-26 20:53:45 - INFO - Connected to SQLite database: pb2b/p2p_listings.db
2026-04-26 20:53:45 - INFO - Database tables created successfully
2026-04-26 20:53:45 - INFO - Attempt 1/10: Loading https://www.bybit.com/fiat/trade/otc?actionType=1&token=USDT&fiat=NGN
2026-04-26 20:53:54 - INFO - Screenshot saved as 'pb2b/screenshots/bybit_page_20260426_205354.png'
2026-04-26 20:53:54 - WARNING - Error parsing row: Message: no such element: Unable to locate element: {"method":"css selector","selector":"td:nth-child(2)"}
  (Session info: chrome=147.0.7727.116); For documentation on this error, please visit: https://www.selenium.dev/documentation/webdriver/troubleshooting/errors#nosuchelementexception
Stacktrace:
#0 0x55c5108d3b6a <unknown>
#1 0x55c5102d5265 <unknown>
#2 0x55c510327f76 <unknown>
#3 0x55c5103281b1 <unknown>
#4 0x55c51031cf26 <unknown>
#5 0x55c51031ce07 <unknown>
#6 0x55c510370969 <unknown>
#7 0x55c51031b5cf <unknown>
#8 0x55c51031c391 <unknown>
#9 0x55c51089904b <unknown>
#10 0x55c51089c00d <unknown>
#11 0x55c510885808 <unknown>
#12 0x55c51089cba0 <unknown>
#13 0x55c51086c280 <unknown>
#14 0x55c5108c0db8 <unknown>
#15 0x55c5108c0f88 <unknown>
#16 0x55c5108d25de <unknown>
#17 0x7f8607a9caa4 <unknown>
#18 0x7f8607b29c6c <unknown>

2026-04-26 20:53:54 - WARNING - Error parsing row: Message: no such element: Unable to locate element: {"method":"css selector","selector":"td:nth-child(2)"}
  (Session info: chrome=147.0.7727.116); For documentation on this error, please visit: https://www.selenium.dev/documentation/webdriver/troubleshooting/errors#nosuchelementexception
Stacktrace:
#0 0x55c5108d3b6a <unknown>
#1 0x55c5102d5265 <unknown>
#2 0x55c510327f76 <unknown>
#3 0x55c5103281b1 <unknown>
#4 0x55c51031cf26 <unknown>
#5 0x55c51031ce07 <unknown>
#6 0x55c510370969 <unknown>
#7 0x55c51031b5cf <unknown>
#8 0x55c51031c391 <unknown>
#9 0x55c51089904b <unknown>
#10 0x55c51089c00d <unknown>
#11 0x55c510885808 <unknown>
#12 0x55c51089cba0 <unknown>
#13 0x55c51086c280 <unknown>
#14 0x55c5108c0db8 <unknown>
#15 0x55c5108c0f88 <unknown>
#16 0x55c5108d25de <unknown>
#17 0x7f8607a9caa4 <unknown>
#18 0x7f8607b29c6c <unknown>

2026-04-26 20:53:54 - INFO - Fetching BUY listings for USDT/EUR
2026-04-26 20:53:55 - INFO - Data successfully saved to SQLite database. New listings - Bybit: 3, Binance: 6
2026-04-26 20:53:55 - INFO - Browser session closed
2026-04-26 20:53:55 - INFO - SQLite database connection closed
2026-04-26 21:36:25 - INFO - Logging initialized. Log file: pb2b/logs/bybit_scraper_20260426.log
2026-04-26 21:36:26 - INFO - DataSaver logging initialized. Log file: pb2b/logs/data_saver_20260426.log
2026-04-26 21:36:26 - INFO - Connected to SQLite database: pb2b/p2p_listings.db
2026-04-26 21:36:26 - INFO - Database tables created successfully
2026-04-26 21:36:26 - INFO - Attempt 1/10: Loading https://www.bybit.com/fiat/trade/otc?actionType=1&token=USDT&fiat=NGN
2026-04-26 21:36:33 - INFO - Screenshot saved as 'pb2b/screenshots/bybit_page_20260426_213633.png'
2026-04-26 21:36:33 - WARNING - Error parsing row: Message: no such element: Unable to locate element: {"method":"css selector","selector":"td:nth-child(2)"}
  (Session info: chrome=147.0.7727.116); For documentation on this error, please visit: https://www.selenium.dev/documentation/webdriver/troubleshooting/errors#nosuchelementexception
Stacktrace:
#0 0x562ab20b1b6a <unknown>
#1 0x562ab1ab3265 <unknown>
#2 0x562ab1b05f76 <unknown>
#3 0x562ab1b061b1 <unknown>
#4 0x562ab1afaf26 <unknown>
#5 0x562ab1afae07 <unknown>
#6 0x562ab1b4e969 <unknown>
#7 0x562ab1af95cf <unknown>
#8 0x562ab1afa391 <unknown>
#9 0x562ab207704b <unknown>
#10 0x562ab207a00d <unknown>
#11 0x562ab2063808 <unknown>
#12 0x562ab207aba0 <unknown>
#13 0x562ab204a280 <unknown>
#14 0x562ab209edb8 <unknown>
#15 0x562ab209ef88 <unknown>
#16 0x562ab20b05de <unknown>
#17 0x7fe70729caa4 <unknown>
#18 0x7fe707329c6c <unknown>

2026-04-26 21:36:33 - WARNING - Error parsing row: Message: no such element: Unable to locate element: {"method":"css selector","selector":"td:nth-child(2)"}
  (Session info: chrome=147.0.7727.116); For documentation on this error, please visit: https://www.selenium.dev/documentation/webdriver/troubleshooting/errors#nosuchelementexception
Stacktrace:
#0 0x562ab20b1b6a <unknown>
#1 0x562ab1ab3265 <unknown>
#2 0x562ab1b05f76 <unknown>
#3 0x562ab1b061b1 <unknown>
#4 0x562ab1afaf26 <unknown>
#5 0x562ab1afae07 <unknown>
#6 0x562ab1b4e969 <unknown>
#7 0x562ab1af95cf <unknown>
#8 0x562ab1afa391 <unknown>
#9 0x562ab207704b <unknown>
#10 0x562ab207a00d <unknown>
#11 0x562ab2063808 <unknown>
#12 0x562ab207aba0 <unknown>
#13 0x562ab204a280 <unknown>
#14 0x562ab209edb8 <unknown>
#15 0x562ab209ef88 <unknown>
#16 0x562ab20b05de <unknown>
#17 0x7fe70729caa4 <unknown>
#18 0x7fe707329c6c <unknown>

2026-04-26 21:36:34 - INFO - Fetching BUY listings for USDT/EUR
2026-04-26 21:36:35 - INFO - Data successfully saved to SQLite database. New listings - Bybit: 3, Binance: 6
2026-04-26 21:36:35 - INFO - Browser session closed
2026-04-26 21:36:35 - INFO - SQLite database connection closed
2026-04-26 22:10:34 - INFO - Logging initialized. Log file: pb2b/logs/bybit_scraper_20260426.log
2026-04-26 22:10:34 - INFO - DataSaver logging initialized. Log file: pb2b/logs/data_saver_20260426.log
2026-04-26 22:10:34 - INFO - Connected to SQLite database: pb2b/p2p_listings.db
2026-04-26 22:10:34 - INFO - Database tables created successfully
2026-04-26 22:10:34 - INFO - Attempt 1/10: Loading https://www.bybit.com/fiat/trade/otc?actionType=1&token=USDT&fiat=NGN
2026-04-26 22:10:43 - INFO - Screenshot saved as 'pb2b/screenshots/bybit_page_20260426_221042.png'
2026-04-26 22:10:43 - WARNING - Error parsing row: Message: no such element: Unable to locate element: {"method":"css selector","selector":"td:nth-child(2)"}
  (Session info: chrome=147.0.7727.116); For documentation on this error, please visit: https://www.selenium.dev/documentation/webdriver/troubleshooting/errors#nosuchelementexception
Stacktrace:
#0 0x558561571b6a <unknown>
#1 0x558560f73265 <unknown>
#2 0x558560fc5f76 <unknown>
#3 0x558560fc61b1 <unknown>
#4 0x558560fbaf26 <unknown>
#5 0x558560fbae07 <unknown>
#6 0x55856100e969 <unknown>
#7 0x558560fb95cf <unknown>
#8 0x558560fba391 <unknown>
#9 0x55856153704b <unknown>
#10 0x55856153a00d <unknown>
#11 0x558561523808 <unknown>
#12 0x55856153aba0 <unknown>
#13 0x55856150a280 <unknown>
#14 0x55856155edb8 <unknown>
#15 0x55856155ef88 <unknown>
#16 0x5585615705de <unknown>
#17 0x7f7eea69caa4 <unknown>
#18 0x7f7eea729c6c <unknown>

2026-04-26 22:10:43 - WARNING - Error parsing row: Message: no such element: Unable to locate element: {"method":"css selector","selector":"td:nth-child(2)"}
  (Session info: chrome=147.0.7727.116); For documentation on this error, please visit: https://www.selenium.dev/documentation/webdriver/troubleshooting/errors#nosuchelementexception
Stacktrace:
#0 0x558561571b6a <unknown>
#1 0x558560f73265 <unknown>
#2 0x558560fc5f76 <unknown>
#3 0x558560fc61b1 <unknown>
#4 0x558560fbaf26 <unknown>
#5 0x558560fbae07 <unknown>
#6 0x55856100e969 <unknown>
#7 0x558560fb95cf <unknown>
#8 0x558560fba391 <unknown>
#9 0x55856153704b <unknown>
#10 0x55856153a00d <unknown>
#11 0x558561523808 <unknown>
#12 0x55856153aba0 <unknown>
#13 0x55856150a280 <unknown>
#14 0x55856155edb8 <unknown>
#15 0x55856155ef88 <unknown>
#16 0x5585615705de <unknown>
#17 0x7f7eea69caa4 <unknown>
#18 0x7f7eea729c6c <unknown>

2026-04-26 22:10:43 - INFO - Fetching BUY listings for USDT/EUR
2026-04-26 22:10:44 - INFO - Data successfully saved to SQLite database. New listings - Bybit: 3, Binance: 6
2026-04-26 22:10:44 - INFO - Browser session closed
2026-04-26 22:10:44 - INFO - SQLite database connection closed
2026-04-26 23:02:51 - INFO - Logging initialized. Log file: pb2b/logs/bybit_scraper_20260426.log
2026-04-26 23:02:52 - INFO - DataSaver logging initialized. Log file: pb2b/logs/data_saver_20260426.log
2026-04-26 23:02:52 - INFO - Connected to SQLite database: pb2b/p2p_listings.db
2026-04-26 23:02:52 - INFO - Database tables created successfully
2026-04-26 23:02:52 - INFO - Attempt 1/10: Loading https://www.bybit.com/fiat/trade/otc?actionType=1&token=USDT&fiat=NGN
2026-04-26 23:03:00 - INFO - Screenshot saved as 'pb2b/screenshots/bybit_page_20260426_230300.png'
2026-04-26 23:03:00 - WARNING - Error parsing row: Message: no such element: Unable to locate element: {"method":"css selector","selector":"td:nth-child(2)"}
  (Session info: chrome=147.0.7727.116); For documentation on this error, please visit: https://www.selenium.dev/documentation/webdriver/troubleshooting/errors#nosuchelementexception
Stacktrace:
#0 0x55e4ba30eb6a <unknown>
#1 0x55e4b9d10265 <unknown>
#2 0x55e4b9d62f76 <unknown>
#3 0x55e4b9d631b1 <unknown>
#4 0x55e4b9d57f26 <unknown>
#5 0x55e4b9d57e07 <unknown>
#6 0x55e4b9dab969 <unknown>
#7 0x55e4b9d565cf <unknown>
#8 0x55e4b9d57391 <unknown>
#9 0x55e4ba2d404b <unknown>
#10 0x55e4ba2d700d <unknown>
#11 0x55e4ba2c0808 <unknown>
#12 0x55e4ba2d7ba0 <unknown>
#13 0x55e4ba2a7280 <unknown>
#14 0x55e4ba2fbdb8 <unknown>
#15 0x55e4ba2fbf88 <unknown>
#16 0x55e4ba30d5de <unknown>
#17 0x7f20e949caa4 <unknown>
#18 0x7f20e9529c6c <unknown>

2026-04-26 23:03:00 - WARNING - Error parsing row: Message: no such element: Unable to locate element: {"method":"css selector","selector":"td:nth-child(2)"}
  (Session info: chrome=147.0.7727.116); For documentation on this error, please visit: https://www.selenium.dev/documentation/webdriver/troubleshooting/errors#nosuchelementexception
Stacktrace:
#0 0x55e4ba30eb6a <unknown>
#1 0x55e4b9d10265 <unknown>
#2 0x55e4b9d62f76 <unknown>
#3 0x55e4b9d631b1 <unknown>
#4 0x55e4b9d57f26 <unknown>
#5 0x55e4b9d57e07 <unknown>
#6 0x55e4b9dab969 <unknown>
#7 0x55e4b9d565cf <unknown>
#8 0x55e4b9d57391 <unknown>
#9 0x55e4ba2d404b <unknown>
#10 0x55e4ba2d700d <unknown>
#11 0x55e4ba2c0808 <unknown>
#12 0x55e4ba2d7ba0 <unknown>
#13 0x55e4ba2a7280 <unknown>
#14 0x55e4ba2fbdb8 <unknown>
#15 0x55e4ba2fbf88 <unknown>
#16 0x55e4ba30d5de <unknown>
#17 0x7f20e949caa4 <unknown>
#18 0x7f20e9529c6c <unknown>

2026-04-26 23:03:00 - INFO - Fetching BUY listings for USDT/EUR
2026-04-26 23:03:01 - INFO - Data successfully saved to SQLite database. New listings - Bybit: 3, Binance: 6
2026-04-26 23:03:01 - INFO - Browser session closed
2026-04-26 23:03:01 - INFO - SQLite database connection closed
