2025-05-18 02:21:26 - INFO - Logging initialized. Log file: pb2b/logs/bybit_scraper_20250518.log
2025-05-18 02:21:28 - INFO - DataSaver logging initialized. Log file: pb2b/logs/data_saver_20250518.log
2025-05-18 02:21:28 - INFO - Connected to SQLite database: pb2b/p2p_listings.db
2025-05-18 02:21:28 - INFO - Database tables created successfully
2025-05-18 02:21:28 - INFO - Attempt 1/10: Loading https://www.bybit.com/fiat/trade/otc?actionType=1&token=USDT&fiat=NGN
2025-05-18 02:21:52 - INFO - Screenshot saved as 'pb2b/screenshots/bybit_page_20250518_022152.png'
2025-05-18 02:21:52 - INFO - Fetching BUY listings for USDT/EUR
2025-05-18 02:21:53 - INFO - Data successfully saved to SQLite database. New listings - Bybit: 4, Binance: 6
2025-05-18 02:21:53 - INFO - Browser session closed
2025-05-18 02:21:53 - INFO - SQLite database connection closed
2025-05-18 03:34:05 - INFO - Logging initialized. Log file: pb2b/logs/bybit_scraper_20250518.log
2025-05-18 03:34:06 - INFO - DataSaver logging initialized. Log file: pb2b/logs/data_saver_20250518.log
2025-05-18 03:34:06 - INFO - Connected to SQLite database: pb2b/p2p_listings.db
2025-05-18 03:34:06 - INFO - Database tables created successfully
2025-05-18 03:34:06 - INFO - Attempt 1/10: Loading https://www.bybit.com/fiat/trade/otc?actionType=1&token=USDT&fiat=NGN
2025-05-18 03:34:19 - INFO - Screenshot saved as 'pb2b/screenshots/bybit_page_20250518_033419.png'
2025-05-18 03:34:20 - INFO - Fetching BUY listings for USDT/EUR
2025-05-18 03:34:20 - INFO - Data successfully saved to SQLite database. New listings - Bybit: 4, Binance: 6
2025-05-18 03:34:20 - INFO - Browser session closed
2025-05-18 03:34:20 - INFO - SQLite database connection closed
2025-05-18 04:03:39 - INFO - Logging initialized. Log file: pb2b/logs/bybit_scraper_20250518.log
2025-05-18 04:03:39 - INFO - DataSaver logging initialized. Log file: pb2b/logs/data_saver_20250518.log
2025-05-18 04:03:39 - INFO - Connected to SQLite database: pb2b/p2p_listings.db
2025-05-18 04:03:39 - INFO - Database tables created successfully
2025-05-18 04:03:39 - INFO - Attempt 1/10: Loading https://www.bybit.com/fiat/trade/otc?actionType=1&token=USDT&fiat=NGN
2025-05-18 04:03:50 - INFO - Screenshot saved as 'pb2b/screenshots/bybit_page_20250518_040350.png'
2025-05-18 04:03:51 - INFO - Fetching BUY listings for USDT/EUR
2025-05-18 04:03:51 - INFO - Data successfully saved to SQLite database. New listings - Bybit: 4, Binance: 6
2025-05-18 04:03:51 - INFO - Browser session closed
2025-05-18 04:03:51 - INFO - SQLite database connection closed
2025-05-18 04:39:46 - INFO - Logging initialized. Log file: pb2b/logs/bybit_scraper_20250518.log
2025-05-18 04:39:47 - INFO - DataSaver logging initialized. Log file: pb2b/logs/data_saver_20250518.log
2025-05-18 04:39:47 - INFO - Connected to SQLite database: pb2b/p2p_listings.db
2025-05-18 04:39:47 - INFO - Database tables created successfully
2025-05-18 04:39:47 - INFO - Attempt 1/10: Loading https://www.bybit.com/fiat/trade/otc?actionType=1&token=USDT&fiat=NGN
2025-05-18 04:39:56 - INFO - Screenshot saved as 'pb2b/screenshots/bybit_page_20250518_043956.png'
2025-05-18 04:39:57 - INFO - Fetching BUY listings for USDT/EUR
2025-05-18 04:39:58 - INFO - Data successfully saved to SQLite database. New listings - Bybit: 4, Binance: 6
2025-05-18 04:39:58 - INFO - Browser session closed
2025-05-18 04:39:58 - INFO - SQLite database connection closed
2025-05-18 04:57:03 - INFO - Logging initialized. Log file: pb2b/logs/bybit_scraper_20250518.log
2025-05-18 04:57:03 - INFO - DataSaver logging initialized. Log file: pb2b/logs/data_saver_20250518.log
2025-05-18 04:57:03 - INFO - Connected to SQLite database: pb2b/p2p_listings.db
2025-05-18 04:57:03 - INFO - Database tables created successfully
2025-05-18 04:57:03 - INFO - Attempt 1/10: Loading https://www.bybit.com/fiat/trade/otc?actionType=1&token=USDT&fiat=NGN
2025-05-18 04:57:13 - INFO - Screenshot saved as 'pb2b/screenshots/bybit_page_20250518_045713.png'
2025-05-18 04:57:14 - INFO - Fetching BUY listings for USDT/EUR
2025-05-18 04:57:14 - INFO - Data successfully saved to SQLite database. New listings - Bybit: 4, Binance: 6
2025-05-18 04:57:15 - INFO - Browser session closed
2025-05-18 04:57:15 - INFO - SQLite database connection closed
2025-05-18 05:24:11 - INFO - Logging initialized. Log file: pb2b/logs/bybit_scraper_20250518.log
2025-05-18 05:24:12 - INFO - DataSaver logging initialized. Log file: pb2b/logs/data_saver_20250518.log
2025-05-18 05:24:12 - INFO - Connected to SQLite database: pb2b/p2p_listings.db
2025-05-18 05:24:12 - INFO - Database tables created successfully
2025-05-18 05:24:12 - INFO - Attempt 1/10: Loading https://www.bybit.com/fiat/trade/otc?actionType=1&token=USDT&fiat=NGN
2025-05-18 05:24:22 - INFO - Screenshot saved as 'pb2b/screenshots/bybit_page_20250518_052421.png'
2025-05-18 05:24:22 - INFO - Fetching BUY listings for USDT/EUR
2025-05-18 05:24:23 - INFO - Data successfully saved to SQLite database. New listings - Bybit: 4, Binance: 6
2025-05-18 05:24:23 - INFO - Browser session closed
2025-05-18 05:24:23 - INFO - SQLite database connection closed
