2025-04-16 01:53:48 - INFO - Logging initialized. Log file: pb2b/logs/bybit_scraper_20250416.log
2025-04-16 01:53:49 - INFO - DataSaver logging initialized. Log file: pb2b/logs/data_saver_20250416.log
2025-04-16 01:53:49 - INFO - Connected to SQLite database: pb2b/p2p_listings.db
2025-04-16 01:53:49 - INFO - Database tables created successfully
2025-04-16 01:53:49 - INFO - Attempt 1/10: Loading https://www.bybit.com/fiat/trade/otc?actionType=1&token=USDT&fiat=NGN
2025-04-16 01:53:59 - INFO - Screenshot saved as 'pb2b/screenshots/bybit_page_20250416_015359.png'
2025-04-16 01:54:00 - INFO - Fetching BUY listings for USDT/EUR
2025-04-16 01:54:00 - INFO - Data successfully saved to SQLite database. New listings - Bybit: 4, Binance: 6
2025-04-16 01:54:01 - INFO - Browser session closed
2025-04-16 01:54:01 - INFO - SQLite database connection closed
2025-04-16 03:04:50 - INFO - Logging initialized. Log file: pb2b/logs/bybit_scraper_20250416.log
2025-04-16 03:04:50 - INFO - DataSaver logging initialized. Log file: pb2b/logs/data_saver_20250416.log
2025-04-16 03:04:50 - INFO - Connected to SQLite database: pb2b/p2p_listings.db
2025-04-16 03:04:50 - INFO - Database tables created successfully
2025-04-16 03:04:50 - INFO - Attempt 1/10: Loading https://www.bybit.com/fiat/trade/otc?actionType=1&token=USDT&fiat=NGN
2025-04-16 03:04:59 - INFO - Screenshot saved as 'pb2b/screenshots/bybit_page_20250416_030459.png'
2025-04-16 03:05:00 - INFO - Fetching BUY listings for USDT/EUR
2025-04-16 03:05:00 - INFO - Data successfully saved to SQLite database. New listings - Bybit: 4, Binance: 6
2025-04-16 03:05:00 - INFO - Browser session closed
2025-04-16 03:05:00 - INFO - SQLite database connection closed
2025-04-16 03:45:31 - INFO - Logging initialized. Log file: pb2b/logs/bybit_scraper_20250416.log
2025-04-16 03:45:33 - INFO - DataSaver logging initialized. Log file: pb2b/logs/data_saver_20250416.log
2025-04-16 03:45:33 - INFO - Connected to SQLite database: pb2b/p2p_listings.db
2025-04-16 03:45:33 - INFO - Database tables created successfully
2025-04-16 03:45:33 - INFO - Attempt 1/10: Loading https://www.bybit.com/fiat/trade/otc?actionType=1&token=USDT&fiat=NGN
2025-04-16 03:45:44 - INFO - Screenshot saved as 'pb2b/screenshots/bybit_page_20250416_034544.png'
2025-04-16 03:45:44 - INFO - Fetching BUY listings for USDT/EUR
2025-04-16 03:45:45 - INFO - Data successfully saved to SQLite database. New listings - Bybit: 4, Binance: 6
2025-04-16 03:45:45 - INFO - Browser session closed
2025-04-16 03:45:45 - INFO - SQLite database connection closed
2025-04-16 03:58:58 - INFO - Logging initialized. Log file: pb2b/logs/bybit_scraper_20250416.log
2025-04-16 03:58:59 - INFO - DataSaver logging initialized. Log file: pb2b/logs/data_saver_20250416.log
2025-04-16 03:58:59 - INFO - Connected to SQLite database: pb2b/p2p_listings.db
2025-04-16 03:58:59 - INFO - Database tables created successfully
2025-04-16 03:58:59 - INFO - Attempt 1/10: Loading https://www.bybit.com/fiat/trade/otc?actionType=1&token=USDT&fiat=NGN
2025-04-16 03:59:09 - INFO - Screenshot saved as 'pb2b/screenshots/bybit_page_20250416_035909.png'
2025-04-16 03:59:10 - INFO - Fetching BUY listings for USDT/EUR
2025-04-16 03:59:11 - INFO - Data successfully saved to SQLite database. New listings - Bybit: 4, Binance: 6
2025-04-16 03:59:11 - INFO - Browser session closed
2025-04-16 03:59:11 - INFO - SQLite database connection closed
2025-04-16 04:32:51 - INFO - Logging initialized. Log file: pb2b/logs/bybit_scraper_20250416.log
2025-04-16 04:32:51 - INFO - DataSaver logging initialized. Log file: pb2b/logs/data_saver_20250416.log
2025-04-16 04:32:51 - INFO - Connected to SQLite database: pb2b/p2p_listings.db
2025-04-16 04:32:51 - INFO - Database tables created successfully
2025-04-16 04:32:51 - INFO - Attempt 1/10: Loading https://www.bybit.com/fiat/trade/otc?actionType=1&token=USDT&fiat=NGN
2025-04-16 04:33:01 - INFO - Screenshot saved as 'pb2b/screenshots/bybit_page_20250416_043301.png'
2025-04-16 04:33:01 - INFO - Fetching BUY listings for USDT/EUR
2025-04-16 04:33:02 - INFO - Data successfully saved to SQLite database. New listings - Bybit: 4, Binance: 6
2025-04-16 04:33:02 - INFO - Browser session closed
2025-04-16 04:33:02 - INFO - SQLite database connection closed
2025-04-16 04:50:31 - INFO - Logging initialized. Log file: pb2b/logs/bybit_scraper_20250416.log
2025-04-16 04:50:31 - INFO - DataSaver logging initialized. Log file: pb2b/logs/data_saver_20250416.log
2025-04-16 04:50:31 - INFO - Connected to SQLite database: pb2b/p2p_listings.db
2025-04-16 04:50:31 - INFO - Database tables created successfully
2025-04-16 04:50:31 - INFO - Attempt 1/10: Loading https://www.bybit.com/fiat/trade/otc?actionType=1&token=USDT&fiat=NGN
2025-04-16 04:50:41 - INFO - Screenshot saved as 'pb2b/screenshots/bybit_page_20250416_045040.png'
2025-04-16 04:50:41 - INFO - Fetching BUY listings for USDT/EUR
2025-04-16 04:50:42 - INFO - Data successfully saved to SQLite database. New listings - Bybit: 4, Binance: 6
2025-04-16 04:50:42 - INFO - Browser session closed
2025-04-16 04:50:42 - INFO - SQLite database connection closed
2025-04-16 05:13:22 - INFO - Logging initialized. Log file: pb2b/logs/bybit_scraper_20250416.log
2025-04-16 05:13:23 - INFO - DataSaver logging initialized. Log file: pb2b/logs/data_saver_20250416.log
2025-04-16 05:13:23 - INFO - Connected to SQLite database: pb2b/p2p_listings.db
2025-04-16 05:13:23 - INFO - Database tables created successfully
2025-04-16 05:13:23 - INFO - Attempt 1/10: Loading https://www.bybit.com/fiat/trade/otc?actionType=1&token=USDT&fiat=NGN
2025-04-16 05:13:34 - INFO - Screenshot saved as 'pb2b/screenshots/bybit_page_20250416_051334.png'
2025-04-16 05:13:34 - INFO - Fetching BUY listings for USDT/EUR
2025-04-16 05:13:35 - INFO - Data successfully saved to SQLite database. New listings - Bybit: 4, Binance: 6
2025-04-16 05:13:35 - INFO - Browser session closed
2025-04-16 05:13:35 - INFO - SQLite database connection closed
2025-04-16 05:36:32 - INFO - Logging initialized. Log file: pb2b/logs/bybit_scraper_20250416.log
2025-04-16 05:36:33 - INFO - DataSaver logging initialized. Log file: pb2b/logs/data_saver_20250416.log
2025-04-16 05:36:33 - INFO - Connected to SQLite database: pb2b/p2p_listings.db
2025-04-16 05:36:33 - INFO - Database tables created successfully
2025-04-16 05:36:33 - INFO - Attempt 1/10: Loading https://www.bybit.com/fiat/trade/otc?actionType=1&token=USDT&fiat=NGN
2025-04-16 05:36:43 - INFO - Screenshot saved as 'pb2b/screenshots/bybit_page_20250416_053643.png'
2025-04-16 05:36:44 - INFO - Fetching BUY listings for USDT/EUR
2025-04-16 05:36:44 - INFO - Data successfully saved to SQLite database. New listings - Bybit: 4, Binance: 6
2025-04-16 05:36:44 - INFO - Browser session closed
2025-04-16 05:36:44 - INFO - SQLite database connection closed
2025-04-16 05:50:21 - INFO - Logging initialized. Log file: pb2b/logs/bybit_scraper_20250416.log
2025-04-16 05:50:22 - INFO - DataSaver logging initialized. Log file: pb2b/logs/data_saver_20250416.log
2025-04-16 05:50:22 - INFO - Connected to SQLite database: pb2b/p2p_listings.db
2025-04-16 05:50:22 - INFO - Database tables created successfully
2025-04-16 05:50:22 - INFO - Attempt 1/10: Loading https://www.bybit.com/fiat/trade/otc?actionType=1&token=USDT&fiat=NGN
2025-04-16 05:50:32 - INFO - Screenshot saved as 'pb2b/screenshots/bybit_page_20250416_055031.png'
2025-04-16 05:50:32 - INFO - Fetching BUY listings for USDT/EUR
2025-04-16 05:50:32 - INFO - Data successfully saved to SQLite database. New listings - Bybit: 4, Binance: 6
2025-04-16 05:50:32 - INFO - Browser session closed
2025-04-16 05:50:32 - INFO - SQLite database connection closed
2025-04-16 06:16:24 - INFO - Logging initialized. Log file: pb2b/logs/bybit_scraper_20250416.log
2025-04-16 06:16:26 - INFO - DataSaver logging initialized. Log file: pb2b/logs/data_saver_20250416.log
2025-04-16 06:16:26 - INFO - Connected to SQLite database: pb2b/p2p_listings.db
2025-04-16 06:16:26 - INFO - Database tables created successfully
2025-04-16 06:16:26 - INFO - Attempt 1/10: Loading https://www.bybit.com/fiat/trade/otc?actionType=1&token=USDT&fiat=NGN
2025-04-16 06:16:39 - INFO - Screenshot saved as 'pb2b/screenshots/bybit_page_20250416_061639.png'
2025-04-16 06:16:39 - INFO - Fetching BUY listings for USDT/EUR
2025-04-16 06:16:40 - INFO - Data successfully saved to SQLite database. New listings - Bybit: 4, Binance: 6
2025-04-16 06:16:41 - INFO - Browser session closed
2025-04-16 06:16:41 - INFO - SQLite database connection closed
