2025-01-05 01:46:30 - INFO - Logging initialized. Log file: pb2b/logs/bybit_scraper_20250105.log
2025-01-05 01:46:31 - INFO - DataSaver logging initialized. Log file: pb2b/logs/data_saver_20250105.log
2025-01-05 01:46:31 - INFO - Connected to SQLite database: pb2b/p2p_listings.db
2025-01-05 01:46:31 - INFO - Database tables created successfully
2025-01-05 01:46:31 - INFO - Attempt 1/10: Loading https://www.bybit.com/fiat/trade/otc?actionType=1&token=USDT&fiat=NGN
2025-01-05 01:46:41 - INFO - Screenshot saved as 'pb2b/screenshots/bybit_page_20250105_014641.png'
2025-01-05 01:46:41 - INFO - Fetching BUY listings for USDT/EUR
2025-01-05 01:46:42 - INFO - Data successfully saved to SQLite database. New listings - Bybit: 4, Binance: 6
2025-01-05 01:46:42 - INFO - Browser session closed
2025-01-05 01:46:42 - INFO - SQLite database connection closed
2025-01-05 02:47:13 - INFO - Logging initialized. Log file: pb2b/logs/bybit_scraper_20250105.log
2025-01-05 02:47:14 - INFO - DataSaver logging initialized. Log file: pb2b/logs/data_saver_20250105.log
2025-01-05 02:47:14 - INFO - Connected to SQLite database: pb2b/p2p_listings.db
2025-01-05 02:47:14 - INFO - Database tables created successfully
2025-01-05 02:47:14 - INFO - Attempt 1/10: Loading https://www.bybit.com/fiat/trade/otc?actionType=1&token=USDT&fiat=NGN
2025-01-05 02:47:24 - INFO - Screenshot saved as 'pb2b/screenshots/bybit_page_20250105_024724.png'
2025-01-05 02:47:24 - INFO - Fetching BUY listings for USDT/EUR
2025-01-05 02:47:25 - INFO - Data successfully saved to SQLite database. New listings - Bybit: 4, Binance: 6
2025-01-05 02:47:25 - INFO - Browser session closed
2025-01-05 02:47:25 - INFO - SQLite database connection closed
2025-01-05 03:17:16 - INFO - Logging initialized. Log file: pb2b/logs/bybit_scraper_20250105.log
2025-01-05 03:17:16 - INFO - DataSaver logging initialized. Log file: pb2b/logs/data_saver_20250105.log
2025-01-05 03:17:16 - INFO - Connected to SQLite database: pb2b/p2p_listings.db
2025-01-05 03:17:16 - INFO - Database tables created successfully
2025-01-05 03:17:16 - INFO - Attempt 1/10: Loading https://www.bybit.com/fiat/trade/otc?actionType=1&token=USDT&fiat=NGN
2025-01-05 03:17:27 - INFO - Screenshot saved as 'pb2b/screenshots/bybit_page_20250105_031727.png'
2025-01-05 03:17:27 - INFO - Fetching BUY listings for USDT/EUR
2025-01-05 03:17:28 - INFO - Data successfully saved to SQLite database. New listings - Bybit: 4, Binance: 6
2025-01-05 03:17:28 - INFO - Browser session closed
2025-01-05 03:17:28 - INFO - SQLite database connection closed
2025-01-05 03:41:10 - INFO - Logging initialized. Log file: pb2b/logs/bybit_scraper_20250105.log
2025-01-05 03:41:10 - INFO - DataSaver logging initialized. Log file: pb2b/logs/data_saver_20250105.log
2025-01-05 03:41:10 - INFO - Connected to SQLite database: pb2b/p2p_listings.db
2025-01-05 03:41:10 - INFO - Database tables created successfully
2025-01-05 03:41:10 - INFO - Attempt 1/10: Loading https://www.bybit.com/fiat/trade/otc?actionType=1&token=USDT&fiat=NGN
2025-01-05 03:41:21 - INFO - Screenshot saved as 'pb2b/screenshots/bybit_page_20250105_034121.png'
2025-01-05 03:41:21 - INFO - Fetching BUY listings for USDT/EUR
2025-01-05 03:41:22 - INFO - Data successfully saved to SQLite database. New listings - Bybit: 4, Binance: 6
2025-01-05 03:41:22 - INFO - Browser session closed
2025-01-05 03:41:22 - INFO - SQLite database connection closed
2025-01-05 03:54:18 - INFO - Logging initialized. Log file: pb2b/logs/bybit_scraper_20250105.log
2025-01-05 03:54:18 - INFO - DataSaver logging initialized. Log file: pb2b/logs/data_saver_20250105.log
2025-01-05 03:54:18 - INFO - Connected to SQLite database: pb2b/p2p_listings.db
2025-01-05 03:54:18 - INFO - Database tables created successfully
2025-01-05 03:54:18 - INFO - Attempt 1/10: Loading https://www.bybit.com/fiat/trade/otc?actionType=1&token=USDT&fiat=NGN
2025-01-05 03:54:29 - INFO - Screenshot saved as 'pb2b/screenshots/bybit_page_20250105_035429.png'
2025-01-05 03:54:30 - INFO - Fetching BUY listings for USDT/EUR
2025-01-05 03:54:30 - INFO - Data successfully saved to SQLite database. New listings - Bybit: 4, Binance: 6
2025-01-05 03:54:30 - INFO - Browser session closed
2025-01-05 03:54:30 - INFO - SQLite database connection closed
2025-01-05 04:22:39 - INFO - Logging initialized. Log file: pb2b/logs/bybit_scraper_20250105.log
2025-01-05 04:22:39 - INFO - DataSaver logging initialized. Log file: pb2b/logs/data_saver_20250105.log
2025-01-05 04:22:39 - INFO - Connected to SQLite database: pb2b/p2p_listings.db
2025-01-05 04:22:39 - INFO - Database tables created successfully
2025-01-05 04:22:39 - INFO - Attempt 1/10: Loading https://www.bybit.com/fiat/trade/otc?actionType=1&token=USDT&fiat=NGN
2025-01-05 04:22:50 - INFO - Screenshot saved as 'pb2b/screenshots/bybit_page_20250105_042250.png'
2025-01-05 04:22:50 - INFO - Fetching BUY listings for USDT/EUR
2025-01-05 04:22:51 - INFO - Data successfully saved to SQLite database. New listings - Bybit: 4, Binance: 6
2025-01-05 04:22:51 - INFO - Browser session closed
2025-01-05 04:22:51 - INFO - SQLite database connection closed
2025-01-05 04:40:11 - INFO - Logging initialized. Log file: pb2b/logs/bybit_scraper_20250105.log
2025-01-05 04:40:12 - INFO - DataSaver logging initialized. Log file: pb2b/logs/data_saver_20250105.log
2025-01-05 04:40:12 - INFO - Connected to SQLite database: pb2b/p2p_listings.db
2025-01-05 04:40:12 - INFO - Database tables created successfully
2025-01-05 04:40:12 - INFO - Attempt 1/10: Loading https://www.bybit.com/fiat/trade/otc?actionType=1&token=USDT&fiat=NGN
2025-01-05 04:40:23 - INFO - Screenshot saved as 'pb2b/screenshots/bybit_page_20250105_044023.png'
2025-01-05 04:40:23 - INFO - Fetching BUY listings for USDT/EUR
2025-01-05 04:40:24 - INFO - Data successfully saved to SQLite database. New listings - Bybit: 4, Binance: 6
2025-01-05 04:40:24 - INFO - Browser session closed
2025-01-05 04:40:24 - INFO - SQLite database connection closed
2025-01-05 04:53:14 - INFO - Logging initialized. Log file: pb2b/logs/bybit_scraper_20250105.log
2025-01-05 04:53:15 - INFO - DataSaver logging initialized. Log file: pb2b/logs/data_saver_20250105.log
2025-01-05 04:53:15 - INFO - Connected to SQLite database: pb2b/p2p_listings.db
2025-01-05 04:53:15 - INFO - Database tables created successfully
2025-01-05 04:53:15 - INFO - Attempt 1/10: Loading https://www.bybit.com/fiat/trade/otc?actionType=1&token=USDT&fiat=NGN
2025-01-05 04:53:24 - INFO - Screenshot saved as 'pb2b/screenshots/bybit_page_20250105_045324.png'
2025-01-05 04:53:25 - INFO - Fetching BUY listings for USDT/EUR
2025-01-05 04:53:25 - INFO - Data successfully saved to SQLite database. New listings - Bybit: 4, Binance: 6
2025-01-05 04:53:25 - INFO - Browser session closed
2025-01-05 04:53:25 - INFO - SQLite database connection closed
2025-01-05 05:16:07 - INFO - Logging initialized. Log file: pb2b/logs/bybit_scraper_20250105.log
2025-01-05 05:16:08 - INFO - DataSaver logging initialized. Log file: pb2b/logs/data_saver_20250105.log
2025-01-05 05:16:08 - INFO - Connected to SQLite database: pb2b/p2p_listings.db
2025-01-05 05:16:08 - INFO - Database tables created successfully
2025-01-05 05:16:08 - INFO - Attempt 1/10: Loading https://www.bybit.com/fiat/trade/otc?actionType=1&token=USDT&fiat=NGN
2025-01-05 05:16:18 - INFO - Screenshot saved as 'pb2b/screenshots/bybit_page_20250105_051618.png'
2025-01-05 05:16:18 - INFO - Fetching BUY listings for USDT/EUR
2025-01-05 05:16:19 - INFO - Data successfully saved to SQLite database. New listings - Bybit: 4, Binance: 6
2025-01-05 05:16:19 - INFO - Browser session closed
2025-01-05 05:16:19 - INFO - SQLite database connection closed
2025-01-05 05:33:14 - INFO - Logging initialized. Log file: pb2b/logs/bybit_scraper_20250105.log
2025-01-05 05:33:15 - INFO - DataSaver logging initialized. Log file: pb2b/logs/data_saver_20250105.log
2025-01-05 05:33:15 - INFO - Connected to SQLite database: pb2b/p2p_listings.db
2025-01-05 05:33:15 - INFO - Database tables created successfully
2025-01-05 05:33:15 - INFO - Attempt 1/10: Loading https://www.bybit.com/fiat/trade/otc?actionType=1&token=USDT&fiat=NGN
2025-01-05 05:33:25 - INFO - Screenshot saved as 'pb2b/screenshots/bybit_page_20250105_053325.png'
2025-01-05 05:33:25 - INFO - Fetching BUY listings for USDT/EUR
2025-01-05 05:33:26 - INFO - Data successfully saved to SQLite database. New listings - Bybit: 4, Binance: 6
2025-01-05 05:33:26 - INFO - Browser session closed
2025-01-05 05:33:26 - INFO - SQLite database connection closed
2025-01-05 05:46:32 - INFO - Logging initialized. Log file: pb2b/logs/bybit_scraper_20250105.log
2025-01-05 05:46:32 - INFO - DataSaver logging initialized. Log file: pb2b/logs/data_saver_20250105.log
2025-01-05 05:46:32 - INFO - Connected to SQLite database: pb2b/p2p_listings.db
2025-01-05 05:46:32 - INFO - Database tables created successfully
2025-01-05 05:46:32 - INFO - Attempt 1/10: Loading https://www.bybit.com/fiat/trade/otc?actionType=1&token=USDT&fiat=NGN
2025-01-05 05:46:43 - INFO - Screenshot saved as 'pb2b/screenshots/bybit_page_20250105_054642.png'
2025-01-05 05:46:43 - INFO - Fetching BUY listings for USDT/EUR
2025-01-05 05:46:43 - INFO - Data successfully saved to SQLite database. New listings - Bybit: 4, Binance: 6
2025-01-05 05:46:44 - INFO - Browser session closed
2025-01-05 05:46:44 - INFO - SQLite database connection closed
