2025-12-18 00:02:49 - INFO - Logging initialized. Log file: pb2b/logs/bybit_scraper_20251218.log
2025-12-18 00:02:51 - INFO - DataSaver logging initialized. Log file: pb2b/logs/data_saver_20251218.log
2025-12-18 00:02:51 - INFO - Connected to SQLite database: pb2b/p2p_listings.db
2025-12-18 00:02:51 - INFO - Database tables created successfully
2025-12-18 00:02:51 - INFO - Attempt 1/10: Loading https://www.bybit.com/fiat/trade/otc?actionType=1&token=USDT&fiat=NGN
2025-12-18 00:03:00 - INFO - Screenshot saved as 'pb2b/screenshots/bybit_page_20251218_000300.png'
2025-12-18 00:03:00 - WARNING - Error parsing row: Message: no such element: Unable to locate element: {"method":"css selector","selector":"td:nth-child(2)"}
  (Session info: chrome=143.0.7499.146); For documentation on this error, please visit: https://www.selenium.dev/documentation/webdriver/troubleshooting/errors#nosuchelementexception
Stacktrace:
#0 0x556368e4719a <unknown>
#1 0x5563688c4c4b <unknown>
#2 0x556368916318 <unknown>
#3 0x556368916551 <unknown>
#4 0x55636890a586 <unknown>
#5 0x55636890a477 <unknown>
#6 0x556368961bee <unknown>
#7 0x556368908c42 <unknown>
#8 0x5563689098f1 <unknown>
#9 0x556368e0ff39 <unknown>
#10 0x556368e12e7d <unknown>
#11 0x556368df8c81 <unknown>
#12 0x556368e13a5b <unknown>
#13 0x556368ddfa50 <unknown>
#14 0x556368e34aa8 <unknown>
#15 0x556368e34c79 <unknown>
#16 0x556368e464f3 <unknown>
#17 0x7fdabe49caa4 <unknown>
#18 0x7fdabe529c6c <unknown>

2025-12-18 00:03:01 - INFO - Fetching BUY listings for USDT/EUR
2025-12-18 00:03:01 - INFO - Data successfully saved to SQLite database. New listings - Bybit: 4, Binance: 6
2025-12-18 00:03:01 - INFO - Browser session closed
2025-12-18 00:03:01 - INFO - SQLite database connection closed
2025-12-18 02:21:26 - INFO - Logging initialized. Log file: pb2b/logs/bybit_scraper_20251218.log
2025-12-18 02:21:27 - INFO - DataSaver logging initialized. Log file: pb2b/logs/data_saver_20251218.log
2025-12-18 02:21:27 - INFO - Connected to SQLite database: pb2b/p2p_listings.db
2025-12-18 02:21:27 - INFO - Database tables created successfully
2025-12-18 02:21:27 - INFO - Attempt 1/10: Loading https://www.bybit.com/fiat/trade/otc?actionType=1&token=USDT&fiat=NGN
2025-12-18 02:21:35 - INFO - Screenshot saved as 'pb2b/screenshots/bybit_page_20251218_022135.png'
2025-12-18 02:21:35 - WARNING - Error parsing row: Message: no such element: Unable to locate element: {"method":"css selector","selector":"td:nth-child(2)"}
  (Session info: chrome=143.0.7499.146); For documentation on this error, please visit: https://www.selenium.dev/documentation/webdriver/troubleshooting/errors#nosuchelementexception
Stacktrace:
#0 0x55f6ad50f19a <unknown>
#1 0x55f6acf8cc4b <unknown>
#2 0x55f6acfde318 <unknown>
#3 0x55f6acfde551 <unknown>
#4 0x55f6acfd2586 <unknown>
#5 0x55f6acfd2477 <unknown>
#6 0x55f6ad029bee <unknown>
#7 0x55f6acfd0c42 <unknown>
#8 0x55f6acfd18f1 <unknown>
#9 0x55f6ad4d7f39 <unknown>
#10 0x55f6ad4dae7d <unknown>
#11 0x55f6ad4c0c81 <unknown>
#12 0x55f6ad4dba5b <unknown>
#13 0x55f6ad4a7a50 <unknown>
#14 0x55f6ad4fcaa8 <unknown>
#15 0x55f6ad4fcc79 <unknown>
#16 0x55f6ad50e4f3 <unknown>
#17 0x7f06c469caa4 <unknown>
#18 0x7f06c4729c6c <unknown>

2025-12-18 02:21:35 - INFO - Fetching BUY listings for USDT/EUR
2025-12-18 02:21:35 - INFO - Data successfully saved to SQLite database. New listings - Bybit: 4, Binance: 6
2025-12-18 02:21:36 - INFO - Browser session closed
2025-12-18 02:21:36 - INFO - SQLite database connection closed
2025-12-18 03:45:44 - INFO - Logging initialized. Log file: pb2b/logs/bybit_scraper_20251218.log
2025-12-18 03:45:47 - INFO - DataSaver logging initialized. Log file: pb2b/logs/data_saver_20251218.log
2025-12-18 03:45:47 - INFO - Connected to SQLite database: pb2b/p2p_listings.db
2025-12-18 03:45:47 - INFO - Database tables created successfully
2025-12-18 03:45:47 - INFO - Attempt 1/10: Loading https://www.bybit.com/fiat/trade/otc?actionType=1&token=USDT&fiat=NGN
2025-12-18 03:45:57 - INFO - Screenshot saved as 'pb2b/screenshots/bybit_page_20251218_034557.png'
2025-12-18 03:45:57 - WARNING - Error parsing row: Message: no such element: Unable to locate element: {"method":"css selector","selector":"td:nth-child(2)"}
  (Session info: chrome=143.0.7499.146); For documentation on this error, please visit: https://www.selenium.dev/documentation/webdriver/troubleshooting/errors#nosuchelementexception
Stacktrace:
#0 0x55e2e68b719a <unknown>
#1 0x55e2e6334c4b <unknown>
#2 0x55e2e6386318 <unknown>
#3 0x55e2e6386551 <unknown>
#4 0x55e2e637a586 <unknown>
#5 0x55e2e637a477 <unknown>
#6 0x55e2e63d1bee <unknown>
#7 0x55e2e6378c42 <unknown>
#8 0x55e2e63798f1 <unknown>
#9 0x55e2e687ff39 <unknown>
#10 0x55e2e6882e7d <unknown>
#11 0x55e2e6868c81 <unknown>
#12 0x55e2e6883a5b <unknown>
#13 0x55e2e684fa50 <unknown>
#14 0x55e2e68a4aa8 <unknown>
#15 0x55e2e68a4c79 <unknown>
#16 0x55e2e68b64f3 <unknown>
#17 0x7f245169caa4 <unknown>
#18 0x7f2451729c6c <unknown>

2025-12-18 03:45:57 - INFO - Fetching BUY listings for USDT/EUR
2025-12-18 03:45:58 - INFO - Data successfully saved to SQLite database. New listings - Bybit: 4, Binance: 6
2025-12-18 03:45:58 - INFO - Browser session closed
2025-12-18 03:45:58 - INFO - SQLite database connection closed
