2025-05-27 02:01:57 - INFO - Logging initialized. Log file: pb2b/logs/bybit_scraper_20250527.log
2025-05-27 02:01:59 - INFO - DataSaver logging initialized. Log file: pb2b/logs/data_saver_20250527.log
2025-05-27 02:01:59 - INFO - Connected to SQLite database: pb2b/p2p_listings.db
2025-05-27 02:01:59 - INFO - Database tables created successfully
2025-05-27 02:01:59 - INFO - Attempt 1/10: Loading https://www.bybit.com/fiat/trade/otc?actionType=1&token=USDT&fiat=NGN
2025-05-27 02:02:10 - INFO - Screenshot saved as 'pb2b/screenshots/bybit_page_20250527_020210.png'
2025-05-27 02:02:10 - INFO - Fetching BUY listings for USDT/EUR
2025-05-27 02:02:11 - INFO - Data successfully saved to SQLite database. New listings - Bybit: 4, Binance: 6
2025-05-27 02:02:11 - INFO - Browser session closed
2025-05-27 02:02:11 - INFO - SQLite database connection closed
2025-05-27 03:18:26 - INFO - Logging initialized. Log file: pb2b/logs/bybit_scraper_20250527.log
2025-05-27 03:18:27 - INFO - DataSaver logging initialized. Log file: pb2b/logs/data_saver_20250527.log
2025-05-27 03:18:27 - INFO - Connected to SQLite database: pb2b/p2p_listings.db
2025-05-27 03:18:27 - INFO - Database tables created successfully
2025-05-27 03:18:27 - INFO - Attempt 1/10: Loading https://www.bybit.com/fiat/trade/otc?actionType=1&token=USDT&fiat=NGN
2025-05-27 03:18:37 - INFO - Screenshot saved as 'pb2b/screenshots/bybit_page_20250527_031837.png'
2025-05-27 03:18:37 - INFO - Fetching BUY listings for USDT/EUR
2025-05-27 03:18:38 - INFO - Data successfully saved to SQLite database. New listings - Bybit: 4, Binance: 6
2025-05-27 03:18:38 - INFO - Browser session closed
2025-05-27 03:18:38 - INFO - SQLite database connection closed
2025-05-27 03:56:51 - INFO - Logging initialized. Log file: pb2b/logs/bybit_scraper_20250527.log
2025-05-27 03:56:52 - INFO - DataSaver logging initialized. Log file: pb2b/logs/data_saver_20250527.log
2025-05-27 03:56:52 - INFO - Connected to SQLite database: pb2b/p2p_listings.db
2025-05-27 03:56:52 - INFO - Database tables created successfully
2025-05-27 03:56:52 - INFO - Attempt 1/10: Loading https://www.bybit.com/fiat/trade/otc?actionType=1&token=USDT&fiat=NGN
2025-05-27 03:57:01 - INFO - Screenshot saved as 'pb2b/screenshots/bybit_page_20250527_035701.png'
2025-05-27 03:57:01 - INFO - Fetching BUY listings for USDT/EUR
2025-05-27 03:57:02 - INFO - Data successfully saved to SQLite database. New listings - Bybit: 4, Binance: 6
2025-05-27 03:57:02 - INFO - Browser session closed
2025-05-27 03:57:02 - INFO - SQLite database connection closed
2025-05-27 04:33:56 - INFO - Logging initialized. Log file: pb2b/logs/bybit_scraper_20250527.log
2025-05-27 04:33:57 - INFO - DataSaver logging initialized. Log file: pb2b/logs/data_saver_20250527.log
2025-05-27 04:33:57 - INFO - Connected to SQLite database: pb2b/p2p_listings.db
2025-05-27 04:33:57 - INFO - Database tables created successfully
2025-05-27 04:33:57 - INFO - Attempt 1/10: Loading https://www.bybit.com/fiat/trade/otc?actionType=1&token=USDT&fiat=NGN
2025-05-27 04:34:07 - INFO - Screenshot saved as 'pb2b/screenshots/bybit_page_20250527_043407.png'
2025-05-27 04:34:08 - INFO - Fetching BUY listings for USDT/EUR
2025-05-27 04:34:08 - INFO - Data successfully saved to SQLite database. New listings - Bybit: 4, Binance: 6
2025-05-27 04:34:08 - INFO - Browser session closed
2025-05-27 04:34:08 - INFO - SQLite database connection closed
2025-05-27 04:53:45 - INFO - Logging initialized. Log file: pb2b/logs/bybit_scraper_20250527.log
2025-05-27 04:53:46 - INFO - DataSaver logging initialized. Log file: pb2b/logs/data_saver_20250527.log
2025-05-27 04:53:46 - INFO - Connected to SQLite database: pb2b/p2p_listings.db
2025-05-27 04:53:46 - INFO - Database tables created successfully
2025-05-27 04:53:46 - INFO - Attempt 1/10: Loading https://www.bybit.com/fiat/trade/otc?actionType=1&token=USDT&fiat=NGN
2025-05-27 04:53:56 - INFO - Screenshot saved as 'pb2b/screenshots/bybit_page_20250527_045356.png'
2025-05-27 04:53:57 - INFO - Fetching BUY listings for USDT/EUR
2025-05-27 04:53:57 - INFO - Data successfully saved to SQLite database. New listings - Bybit: 4, Binance: 6
2025-05-27 04:53:57 - INFO - Browser session closed
2025-05-27 04:53:57 - INFO - SQLite database connection closed
2025-05-27 05:19:32 - INFO - Logging initialized. Log file: pb2b/logs/bybit_scraper_20250527.log
2025-05-27 05:19:33 - INFO - DataSaver logging initialized. Log file: pb2b/logs/data_saver_20250527.log
2025-05-27 05:19:33 - INFO - Connected to SQLite database: pb2b/p2p_listings.db
2025-05-27 05:19:33 - INFO - Database tables created successfully
2025-05-27 05:19:33 - INFO - Attempt 1/10: Loading https://www.bybit.com/fiat/trade/otc?actionType=1&token=USDT&fiat=NGN
2025-05-27 05:19:42 - INFO - Screenshot saved as 'pb2b/screenshots/bybit_page_20250527_051941.png'
2025-05-27 05:19:42 - INFO - Fetching BUY listings for USDT/EUR
2025-05-27 05:19:42 - INFO - Data successfully saved to SQLite database. New listings - Bybit: 4, Binance: 6
2025-05-27 05:19:43 - INFO - Browser session closed
2025-05-27 05:19:43 - INFO - SQLite database connection closed
2025-05-27 05:42:21 - INFO - Logging initialized. Log file: pb2b/logs/bybit_scraper_20250527.log
2025-05-27 05:42:22 - INFO - DataSaver logging initialized. Log file: pb2b/logs/data_saver_20250527.log
2025-05-27 05:42:22 - INFO - Connected to SQLite database: pb2b/p2p_listings.db
2025-05-27 05:42:22 - INFO - Database tables created successfully
2025-05-27 05:42:22 - INFO - Attempt 1/10: Loading https://www.bybit.com/fiat/trade/otc?actionType=1&token=USDT&fiat=NGN
2025-05-27 05:42:32 - INFO - Screenshot saved as 'pb2b/screenshots/bybit_page_20250527_054232.png'
2025-05-27 05:42:33 - INFO - Fetching BUY listings for USDT/EUR
2025-05-27 05:42:34 - INFO - Data successfully saved to SQLite database. New listings - Bybit: 4, Binance: 6
2025-05-27 05:42:34 - INFO - Browser session closed
2025-05-27 05:42:34 - INFO - SQLite database connection closed
2025-05-27 05:56:37 - INFO - Logging initialized. Log file: pb2b/logs/bybit_scraper_20250527.log
2025-05-27 05:56:40 - INFO - DataSaver logging initialized. Log file: pb2b/logs/data_saver_20250527.log
2025-05-27 05:56:40 - INFO - Connected to SQLite database: pb2b/p2p_listings.db
2025-05-27 05:56:40 - INFO - Database tables created successfully
2025-05-27 05:56:40 - INFO - Attempt 1/10: Loading https://www.bybit.com/fiat/trade/otc?actionType=1&token=USDT&fiat=NGN
2025-05-27 05:56:50 - INFO - Screenshot saved as 'pb2b/screenshots/bybit_page_20250527_055650.png'
2025-05-27 05:56:50 - INFO - Fetching BUY listings for USDT/EUR
2025-05-27 05:56:51 - INFO - Data successfully saved to SQLite database. New listings - Bybit: 4, Binance: 6
2025-05-27 05:56:51 - INFO - Browser session closed
2025-05-27 05:56:51 - INFO - SQLite database connection closed
2025-05-27 06:33:54 - INFO - Logging initialized. Log file: pb2b/logs/bybit_scraper_20250527.log
2025-05-27 06:33:57 - INFO - DataSaver logging initialized. Log file: pb2b/logs/data_saver_20250527.log
2025-05-27 06:33:57 - INFO - Connected to SQLite database: pb2b/p2p_listings.db
2025-05-27 06:33:57 - INFO - Database tables created successfully
2025-05-27 06:33:57 - INFO - Attempt 1/10: Loading https://www.bybit.com/fiat/trade/otc?actionType=1&token=USDT&fiat=NGN
2025-05-27 06:34:07 - INFO - Screenshot saved as 'pb2b/screenshots/bybit_page_20250527_063407.png'
2025-05-27 06:34:07 - INFO - Fetching BUY listings for USDT/EUR
2025-05-27 06:34:08 - INFO - Data successfully saved to SQLite database. New listings - Bybit: 4, Binance: 6
2025-05-27 06:34:08 - INFO - Browser session closed
2025-05-27 06:34:08 - INFO - SQLite database connection closed
2025-05-27 06:55:19 - INFO - Logging initialized. Log file: pb2b/logs/bybit_scraper_20250527.log
2025-05-27 06:55:20 - INFO - DataSaver logging initialized. Log file: pb2b/logs/data_saver_20250527.log
2025-05-27 06:55:20 - INFO - Connected to SQLite database: pb2b/p2p_listings.db
2025-05-27 06:55:20 - INFO - Database tables created successfully
2025-05-27 06:55:20 - INFO - Attempt 1/10: Loading https://www.bybit.com/fiat/trade/otc?actionType=1&token=USDT&fiat=NGN
2025-05-27 06:55:30 - INFO - Screenshot saved as 'pb2b/screenshots/bybit_page_20250527_065530.png'
2025-05-27 06:55:30 - INFO - Fetching BUY listings for USDT/EUR
2025-05-27 06:55:31 - INFO - Data successfully saved to SQLite database. New listings - Bybit: 4, Binance: 6
2025-05-27 06:55:31 - INFO - Browser session closed
2025-05-27 06:55:31 - INFO - SQLite database connection closed
2025-05-27 07:22:57 - INFO - Logging initialized. Log file: pb2b/logs/bybit_scraper_20250527.log
2025-05-27 07:22:58 - INFO - DataSaver logging initialized. Log file: pb2b/logs/data_saver_20250527.log
2025-05-27 07:22:58 - INFO - Connected to SQLite database: pb2b/p2p_listings.db
2025-05-27 07:22:58 - INFO - Database tables created successfully
2025-05-27 07:22:58 - INFO - Attempt 1/10: Loading https://www.bybit.com/fiat/trade/otc?actionType=1&token=USDT&fiat=NGN
2025-05-27 07:23:08 - INFO - Screenshot saved as 'pb2b/screenshots/bybit_page_20250527_072307.png'
2025-05-27 07:23:08 - INFO - Fetching BUY listings for USDT/EUR
2025-05-27 07:23:09 - INFO - Data successfully saved to SQLite database. New listings - Bybit: 4, Binance: 6
2025-05-27 07:23:09 - INFO - Browser session closed
2025-05-27 07:23:09 - INFO - SQLite database connection closed
2025-05-27 07:41:06 - INFO - Logging initialized. Log file: pb2b/logs/bybit_scraper_20250527.log
2025-05-27 07:41:07 - INFO - DataSaver logging initialized. Log file: pb2b/logs/data_saver_20250527.log
2025-05-27 07:41:07 - INFO - Connected to SQLite database: pb2b/p2p_listings.db
2025-05-27 07:41:07 - INFO - Database tables created successfully
2025-05-27 07:41:07 - INFO - Attempt 1/10: Loading https://www.bybit.com/fiat/trade/otc?actionType=1&token=USDT&fiat=NGN
2025-05-27 07:41:17 - INFO - Screenshot saved as 'pb2b/screenshots/bybit_page_20250527_074117.png'
2025-05-27 07:41:17 - INFO - Fetching BUY listings for USDT/EUR
2025-05-27 07:41:18 - INFO - Data successfully saved to SQLite database. New listings - Bybit: 4, Binance: 6
2025-05-27 07:41:18 - INFO - Browser session closed
2025-05-27 07:41:18 - INFO - SQLite database connection closed
2025-05-27 07:53:51 - INFO - Logging initialized. Log file: pb2b/logs/bybit_scraper_20250527.log
2025-05-27 07:53:52 - INFO - DataSaver logging initialized. Log file: pb2b/logs/data_saver_20250527.log
2025-05-27 07:53:52 - INFO - Connected to SQLite database: pb2b/p2p_listings.db
2025-05-27 07:53:52 - INFO - Database tables created successfully
2025-05-27 07:53:52 - INFO - Attempt 1/10: Loading https://www.bybit.com/fiat/trade/otc?actionType=1&token=USDT&fiat=NGN
2025-05-27 07:54:01 - INFO - Screenshot saved as 'pb2b/screenshots/bybit_page_20250527_075401.png'
2025-05-27 07:54:02 - INFO - Fetching BUY listings for USDT/EUR
2025-05-27 07:54:02 - INFO - Data successfully saved to SQLite database. New listings - Bybit: 4, Binance: 6
2025-05-27 07:54:02 - INFO - Browser session closed
2025-05-27 07:54:02 - INFO - SQLite database connection closed
2025-05-27 08:23:28 - INFO - Logging initialized. Log file: pb2b/logs/bybit_scraper_20250527.log
2025-05-27 08:23:29 - INFO - DataSaver logging initialized. Log file: pb2b/logs/data_saver_20250527.log
2025-05-27 08:23:29 - INFO - Connected to SQLite database: pb2b/p2p_listings.db
2025-05-27 08:23:29 - INFO - Database tables created successfully
2025-05-27 08:23:29 - INFO - Attempt 1/10: Loading https://www.bybit.com/fiat/trade/otc?actionType=1&token=USDT&fiat=NGN
2025-05-27 08:23:38 - INFO - Screenshot saved as 'pb2b/screenshots/bybit_page_20250527_082337.png'
2025-05-27 08:23:38 - INFO - Fetching BUY listings for USDT/EUR
2025-05-27 08:23:39 - INFO - Data successfully saved to SQLite database. New listings - Bybit: 4, Binance: 6
2025-05-27 08:23:39 - INFO - Browser session closed
2025-05-27 08:23:39 - INFO - SQLite database connection closed
2025-05-27 08:49:17 - INFO - Logging initialized. Log file: pb2b/logs/bybit_scraper_20250527.log
2025-05-27 08:49:18 - INFO - DataSaver logging initialized. Log file: pb2b/logs/data_saver_20250527.log
2025-05-27 08:49:18 - INFO - Connected to SQLite database: pb2b/p2p_listings.db
2025-05-27 08:49:18 - INFO - Database tables created successfully
2025-05-27 08:49:18 - INFO - Attempt 1/10: Loading https://www.bybit.com/fiat/trade/otc?actionType=1&token=USDT&fiat=NGN
2025-05-27 08:49:27 - INFO - Screenshot saved as 'pb2b/screenshots/bybit_page_20250527_084927.png'
2025-05-27 08:49:28 - INFO - Fetching BUY listings for USDT/EUR
2025-05-27 08:49:29 - INFO - Data successfully saved to SQLite database. New listings - Bybit: 4, Binance: 6
2025-05-27 08:49:29 - INFO - Browser session closed
2025-05-27 08:49:29 - INFO - SQLite database connection closed
2025-05-27 09:03:33 - INFO - Logging initialized. Log file: pb2b/logs/bybit_scraper_20250527.log
2025-05-27 09:03:33 - INFO - DataSaver logging initialized. Log file: pb2b/logs/data_saver_20250527.log
2025-05-27 09:03:33 - INFO - Connected to SQLite database: pb2b/p2p_listings.db
2025-05-27 09:03:33 - INFO - Database tables created successfully
2025-05-27 09:03:33 - INFO - Attempt 1/10: Loading https://www.bybit.com/fiat/trade/otc?actionType=1&token=USDT&fiat=NGN
2025-05-27 09:03:44 - INFO - Screenshot saved as 'pb2b/screenshots/bybit_page_20250527_090344.png'
2025-05-27 09:03:44 - INFO - Fetching BUY listings for USDT/EUR
2025-05-27 09:03:45 - INFO - Data successfully saved to SQLite database. New listings - Bybit: 4, Binance: 6
2025-05-27 09:03:45 - INFO - Browser session closed
2025-05-27 09:03:45 - INFO - SQLite database connection closed
