2026-01-11 00:03:13 - INFO - Logging initialized. Log file: pb2b/logs/bybit_scraper_20260111.log
2026-01-11 00:03:14 - INFO - DataSaver logging initialized. Log file: pb2b/logs/data_saver_20260111.log
2026-01-11 00:03:14 - INFO - Connected to SQLite database: pb2b/p2p_listings.db
2026-01-11 00:03:14 - INFO - Database tables created successfully
2026-01-11 00:03:14 - INFO - Attempt 1/10: Loading https://www.bybit.com/fiat/trade/otc?actionType=1&token=USDT&fiat=NGN
2026-01-11 00:03:24 - INFO - Screenshot saved as 'pb2b/screenshots/bybit_page_20260111_000324.png'
2026-01-11 00:03:25 - WARNING - Error parsing row: Message: no such element: Unable to locate element: {"method":"css selector","selector":"td:nth-child(2)"}
  (Session info: chrome=143.0.7499.192); For documentation on this error, please visit: https://www.selenium.dev/documentation/webdriver/troubleshooting/errors#nosuchelementexception
Stacktrace:
#0 0x55e8e664061a <unknown>
#1 0x55e8e60bd20b <unknown>
#2 0x55e8e610e90f <unknown>
#3 0x55e8e610eb51 <unknown>
#4 0x55e8e6102b76 <unknown>
#5 0x55e8e6102a67 <unknown>
#6 0x55e8e615a20e <unknown>
#7 0x55e8e6101232 <unknown>
#8 0x55e8e6101ee1 <unknown>
#9 0x55e8e66093f9 <unknown>
#10 0x55e8e660c34d <unknown>
#11 0x55e8e65f2122 <unknown>
#12 0x55e8e660cf2b <unknown>
#13 0x55e8e65d8c30 <unknown>
#14 0x55e8e662dd78 <unknown>
#15 0x55e8e662df4c <unknown>
#16 0x55e8e663f973 <unknown>
#17 0x7fc5da09caa4 <unknown>
#18 0x7fc5da129c6c <unknown>

2026-01-11 00:03:25 - INFO - Fetching BUY listings for USDT/EUR
2026-01-11 00:03:26 - INFO - Data successfully saved to SQLite database. New listings - Bybit: 5, Binance: 6
2026-01-11 00:03:26 - INFO - Browser session closed
2026-01-11 00:03:26 - INFO - SQLite database connection closed
2026-01-11 02:40:43 - INFO - Logging initialized. Log file: pb2b/logs/bybit_scraper_20260111.log
2026-01-11 02:40:44 - INFO - DataSaver logging initialized. Log file: pb2b/logs/data_saver_20260111.log
2026-01-11 02:40:44 - INFO - Connected to SQLite database: pb2b/p2p_listings.db
2026-01-11 02:40:44 - INFO - Database tables created successfully
2026-01-11 02:40:44 - INFO - Attempt 1/10: Loading https://www.bybit.com/fiat/trade/otc?actionType=1&token=USDT&fiat=NGN
2026-01-11 02:40:55 - INFO - Screenshot saved as 'pb2b/screenshots/bybit_page_20260111_024055.png'
2026-01-11 02:40:55 - WARNING - Error parsing row: Message: no such element: Unable to locate element: {"method":"css selector","selector":"td:nth-child(2)"}
  (Session info: chrome=143.0.7499.192); For documentation on this error, please visit: https://www.selenium.dev/documentation/webdriver/troubleshooting/errors#nosuchelementexception
Stacktrace:
#0 0x5584f969a61a <unknown>
#1 0x5584f911720b <unknown>
#2 0x5584f916890f <unknown>
#3 0x5584f9168b51 <unknown>
#4 0x5584f915cb76 <unknown>
#5 0x5584f915ca67 <unknown>
#6 0x5584f91b420e <unknown>
#7 0x5584f915b232 <unknown>
#8 0x5584f915bee1 <unknown>
#9 0x5584f96633f9 <unknown>
#10 0x5584f966634d <unknown>
#11 0x5584f964c122 <unknown>
#12 0x5584f9666f2b <unknown>
#13 0x5584f9632c30 <unknown>
#14 0x5584f9687d78 <unknown>
#15 0x5584f9687f4c <unknown>
#16 0x5584f9699973 <unknown>
#17 0x7f461da9caa4 <unknown>
#18 0x7f461db29c6c <unknown>

2026-01-11 02:40:55 - INFO - Fetching BUY listings for USDT/EUR
2026-01-11 02:40:56 - INFO - Data successfully saved to SQLite database. New listings - Bybit: 5, Binance: 6
2026-01-11 02:40:56 - INFO - Browser session closed
2026-01-11 02:40:56 - INFO - SQLite database connection closed
2026-01-11 04:08:42 - INFO - Logging initialized. Log file: pb2b/logs/bybit_scraper_20260111.log
2026-01-11 04:08:43 - INFO - DataSaver logging initialized. Log file: pb2b/logs/data_saver_20260111.log
2026-01-11 04:08:43 - INFO - Connected to SQLite database: pb2b/p2p_listings.db
2026-01-11 04:08:43 - INFO - Database tables created successfully
2026-01-11 04:08:43 - INFO - Attempt 1/10: Loading https://www.bybit.com/fiat/trade/otc?actionType=1&token=USDT&fiat=NGN
2026-01-11 04:08:53 - INFO - Screenshot saved as 'pb2b/screenshots/bybit_page_20260111_040853.png'
2026-01-11 04:08:53 - WARNING - Error parsing row: Message: no such element: Unable to locate element: {"method":"css selector","selector":"td:nth-child(2)"}
  (Session info: chrome=143.0.7499.192); For documentation on this error, please visit: https://www.selenium.dev/documentation/webdriver/troubleshooting/errors#nosuchelementexception
Stacktrace:
#0 0x5582cf57d61a <unknown>
#1 0x5582ceffa20b <unknown>
#2 0x5582cf04b90f <unknown>
#3 0x5582cf04bb51 <unknown>
#4 0x5582cf03fb76 <unknown>
#5 0x5582cf03fa67 <unknown>
#6 0x5582cf09720e <unknown>
#7 0x5582cf03e232 <unknown>
#8 0x5582cf03eee1 <unknown>
#9 0x5582cf5463f9 <unknown>
#10 0x5582cf54934d <unknown>
#11 0x5582cf52f122 <unknown>
#12 0x5582cf549f2b <unknown>
#13 0x5582cf515c30 <unknown>
#14 0x5582cf56ad78 <unknown>
#15 0x5582cf56af4c <unknown>
#16 0x5582cf57c973 <unknown>
#17 0x7f2e54a9caa4 <unknown>
#18 0x7f2e54b29c6c <unknown>

2026-01-11 04:08:54 - INFO - Fetching BUY listings for USDT/EUR
2026-01-11 04:08:54 - INFO - Data successfully saved to SQLite database. New listings - Bybit: 5, Binance: 6
2026-01-11 04:08:55 - INFO - Browser session closed
2026-01-11 04:08:55 - INFO - SQLite database connection closed
2026-01-11 04:59:55 - INFO - Logging initialized. Log file: pb2b/logs/bybit_scraper_20260111.log
2026-01-11 04:59:57 - INFO - DataSaver logging initialized. Log file: pb2b/logs/data_saver_20260111.log
2026-01-11 04:59:57 - INFO - Connected to SQLite database: pb2b/p2p_listings.db
2026-01-11 04:59:57 - INFO - Database tables created successfully
2026-01-11 04:59:57 - INFO - Attempt 1/10: Loading https://www.bybit.com/fiat/trade/otc?actionType=1&token=USDT&fiat=NGN
2026-01-11 05:00:07 - INFO - Screenshot saved as 'pb2b/screenshots/bybit_page_20260111_050007.png'
2026-01-11 05:00:07 - WARNING - Error parsing row: Message: no such element: Unable to locate element: {"method":"css selector","selector":"td:nth-child(2)"}
  (Session info: chrome=143.0.7499.192); For documentation on this error, please visit: https://www.selenium.dev/documentation/webdriver/troubleshooting/errors#nosuchelementexception
Stacktrace:
#0 0x5563376fd61a <unknown>
#1 0x55633717a20b <unknown>
#2 0x5563371cb90f <unknown>
#3 0x5563371cbb51 <unknown>
#4 0x5563371bfb76 <unknown>
#5 0x5563371bfa67 <unknown>
#6 0x55633721720e <unknown>
#7 0x5563371be232 <unknown>
#8 0x5563371beee1 <unknown>
#9 0x5563376c63f9 <unknown>
#10 0x5563376c934d <unknown>
#11 0x5563376af122 <unknown>
#12 0x5563376c9f2b <unknown>
#13 0x556337695c30 <unknown>
#14 0x5563376ead78 <unknown>
#15 0x5563376eaf4c <unknown>
#16 0x5563376fc973 <unknown>
#17 0x7f79b049caa4 <unknown>
#18 0x7f79b0529c6c <unknown>

2026-01-11 05:00:07 - INFO - Fetching BUY listings for USDT/EUR
2026-01-11 05:00:08 - INFO - Data successfully saved to SQLite database. New listings - Bybit: 5, Binance: 6
2026-01-11 05:00:08 - INFO - Browser session closed
2026-01-11 05:00:08 - INFO - SQLite database connection closed
2026-01-11 05:37:48 - INFO - Logging initialized. Log file: pb2b/logs/bybit_scraper_20260111.log
2026-01-11 05:37:51 - INFO - DataSaver logging initialized. Log file: pb2b/logs/data_saver_20260111.log
2026-01-11 05:37:51 - INFO - Connected to SQLite database: pb2b/p2p_listings.db
2026-01-11 05:37:51 - INFO - Database tables created successfully
2026-01-11 05:37:51 - INFO - Attempt 1/10: Loading https://www.bybit.com/fiat/trade/otc?actionType=1&token=USDT&fiat=NGN
2026-01-11 05:38:01 - INFO - Screenshot saved as 'pb2b/screenshots/bybit_page_20260111_053801.png'
2026-01-11 05:38:01 - WARNING - Error parsing row: Message: no such element: Unable to locate element: {"method":"css selector","selector":"td:nth-child(2)"}
  (Session info: chrome=143.0.7499.192); For documentation on this error, please visit: https://www.selenium.dev/documentation/webdriver/troubleshooting/errors#nosuchelementexception
Stacktrace:
#0 0x556d99aae61a <unknown>
#1 0x556d9952b20b <unknown>
#2 0x556d9957c90f <unknown>
#3 0x556d9957cb51 <unknown>
#4 0x556d99570b76 <unknown>
#5 0x556d99570a67 <unknown>
#6 0x556d995c820e <unknown>
#7 0x556d9956f232 <unknown>
#8 0x556d9956fee1 <unknown>
#9 0x556d99a773f9 <unknown>
#10 0x556d99a7a34d <unknown>
#11 0x556d99a60122 <unknown>
#12 0x556d99a7af2b <unknown>
#13 0x556d99a46c30 <unknown>
#14 0x556d99a9bd78 <unknown>
#15 0x556d99a9bf4c <unknown>
#16 0x556d99aad973 <unknown>
#17 0x7fd88f69caa4 <unknown>
#18 0x7fd88f729c6c <unknown>

2026-01-11 05:38:01 - INFO - Fetching BUY listings for USDT/EUR
2026-01-11 05:38:02 - INFO - Data successfully saved to SQLite database. New listings - Bybit: 5, Binance: 6
2026-01-11 05:38:02 - INFO - Browser session closed
2026-01-11 05:38:02 - INFO - SQLite database connection closed
