2025-09-26 01:05:08 - INFO - Logging initialized. Log file: pb2b/logs/bybit_scraper_20250926.log
2025-09-26 01:05:09 - INFO - DataSaver logging initialized. Log file: pb2b/logs/data_saver_20250926.log
2025-09-26 01:05:09 - INFO - Connected to SQLite database: pb2b/p2p_listings.db
2025-09-26 01:05:09 - INFO - Database tables created successfully
2025-09-26 01:05:09 - INFO - Attempt 1/10: Loading https://www.bybit.com/fiat/trade/otc?actionType=1&token=USDT&fiat=NGN
2025-09-26 01:05:18 - INFO - Screenshot saved as 'pb2b/screenshots/bybit_page_20250926_010518.png'
2025-09-26 01:05:18 - INFO - Fetching BUY listings for USDT/EUR
2025-09-26 01:05:19 - INFO - Data successfully saved to SQLite database. New listings - Bybit: 4, Binance: 6
2025-09-26 01:05:19 - INFO - Browser session closed
2025-09-26 01:05:19 - INFO - SQLite database connection closed
2025-09-26 02:42:07 - INFO - Logging initialized. Log file: pb2b/logs/bybit_scraper_20250926.log
2025-09-26 02:42:09 - INFO - DataSaver logging initialized. Log file: pb2b/logs/data_saver_20250926.log
2025-09-26 02:42:09 - INFO - Connected to SQLite database: pb2b/p2p_listings.db
2025-09-26 02:42:09 - INFO - Database tables created successfully
2025-09-26 02:42:09 - INFO - Attempt 1/10: Loading https://www.bybit.com/fiat/trade/otc?actionType=1&token=USDT&fiat=NGN
2025-09-26 02:42:18 - INFO - Screenshot saved as 'pb2b/screenshots/bybit_page_20250926_024218.png'
2025-09-26 02:42:18 - INFO - Fetching BUY listings for USDT/EUR
2025-09-26 02:42:19 - INFO - Data successfully saved to SQLite database. New listings - Bybit: 4, Binance: 6
2025-09-26 02:42:19 - INFO - Browser session closed
2025-09-26 02:42:19 - INFO - SQLite database connection closed
2025-09-26 03:26:00 - INFO - Logging initialized. Log file: pb2b/logs/bybit_scraper_20250926.log
2025-09-26 03:26:02 - INFO - DataSaver logging initialized. Log file: pb2b/logs/data_saver_20250926.log
2025-09-26 03:26:02 - INFO - Connected to SQLite database: pb2b/p2p_listings.db
2025-09-26 03:26:02 - INFO - Database tables created successfully
2025-09-26 03:26:02 - INFO - Attempt 1/10: Loading https://www.bybit.com/fiat/trade/otc?actionType=1&token=USDT&fiat=NGN
2025-09-26 03:26:11 - INFO - Screenshot saved as 'pb2b/screenshots/bybit_page_20250926_032611.png'
2025-09-26 03:26:12 - INFO - Fetching BUY listings for USDT/EUR
2025-09-26 03:26:12 - INFO - Data successfully saved to SQLite database. New listings - Bybit: 4, Binance: 6
2025-09-26 03:26:13 - INFO - Browser session closed
2025-09-26 03:26:13 - INFO - SQLite database connection closed
2025-09-26 03:50:55 - INFO - Logging initialized. Log file: pb2b/logs/bybit_scraper_20250926.log
2025-09-26 03:50:56 - INFO - DataSaver logging initialized. Log file: pb2b/logs/data_saver_20250926.log
2025-09-26 03:50:56 - INFO - Connected to SQLite database: pb2b/p2p_listings.db
2025-09-26 03:50:56 - INFO - Database tables created successfully
2025-09-26 03:50:56 - INFO - Attempt 1/10: Loading https://www.bybit.com/fiat/trade/otc?actionType=1&token=USDT&fiat=NGN
2025-09-26 03:51:05 - INFO - Screenshot saved as 'pb2b/screenshots/bybit_page_20250926_035105.png'
2025-09-26 03:51:05 - INFO - Fetching BUY listings for USDT/EUR
2025-09-26 03:51:06 - INFO - Data successfully saved to SQLite database. New listings - Bybit: 4, Binance: 6
2025-09-26 03:51:07 - INFO - Browser session closed
2025-09-26 03:51:07 - INFO - SQLite database connection closed
