2025-12-10 17:34:42 - INFO - Logging initialized. Log file: pb2b/logs/bybit_scraper_20251210.log
2025-12-10 17:34:50 - INFO - DataSaver logging initialized. Log file: pb2b/logs/data_saver_20251210.log
2025-12-10 17:34:50 - INFO - Connected to SQLite database: pb2b/p2p_listings.db
2025-12-10 17:34:50 - INFO - Database tables created successfully
2025-12-10 17:34:50 - INFO - Attempt 1/10: Loading https://www.bybit.com/fiat/trade/otc?actionType=1&token=USDT&fiat=NGN
2025-12-10 17:35:03 - INFO - Screenshot saved as 'pb2b/screenshots/bybit_page_20251210_173503.png'
2025-12-10 17:35:03 - WARNING - Error parsing row: Message: no such element: Unable to locate element: {"method":"css selector","selector":"td:nth-child(2)"}
  (Session info: chrome=143.0.7499.40); For documentation on this error, please visit: https://www.selenium.dev/documentation/webdriver/troubleshooting/errors#nosuchelementexception
Stacktrace:
#0 0x558a61b9116a <unknown>
#1 0x558a6160ec4b <unknown>
#2 0x558a61660318 <unknown>
#3 0x558a61660551 <unknown>
#4 0x558a61654586 <unknown>
#5 0x558a61654477 <unknown>
#6 0x558a616abbee <unknown>
#7 0x558a61652c42 <unknown>
#8 0x558a616538f1 <unknown>
#9 0x558a61b59f09 <unknown>
#10 0x558a61b5ce4d <unknown>
#11 0x558a61b42c51 <unknown>
#12 0x558a61b5da2b <unknown>
#13 0x558a61b29a20 <unknown>
#14 0x558a61b7ea78 <unknown>
#15 0x558a61b7ec49 <unknown>
#16 0x558a61b904c3 <unknown>
#17 0x7fd869c9caa4 <unknown>
#18 0x7fd869d29c6c <unknown>

2025-12-10 17:35:03 - INFO - Fetching BUY listings for USDT/EUR
2025-12-10 17:35:07 - INFO - Data successfully saved to SQLite database. New listings - Bybit: 4, Binance: 6
2025-12-10 17:35:07 - INFO - Browser session closed
2025-12-10 17:35:07 - INFO - SQLite database connection closed
2025-12-10 20:17:18 - INFO - Logging initialized. Log file: pb2b/logs/bybit_scraper_20251210.log
2025-12-10 20:17:21 - INFO - DataSaver logging initialized. Log file: pb2b/logs/data_saver_20251210.log
2025-12-10 20:17:21 - INFO - Connected to SQLite database: pb2b/p2p_listings.db
2025-12-10 20:17:21 - INFO - Database tables created successfully
2025-12-10 20:17:21 - INFO - Attempt 1/10: Loading https://www.bybit.com/fiat/trade/otc?actionType=1&token=USDT&fiat=NGN
2025-12-10 20:17:31 - INFO - Screenshot saved as 'pb2b/screenshots/bybit_page_20251210_201730.png'
2025-12-10 20:17:31 - WARNING - Error parsing row: Message: no such element: Unable to locate element: {"method":"css selector","selector":"td:nth-child(2)"}
  (Session info: chrome=143.0.7499.109); For documentation on this error, please visit: https://www.selenium.dev/documentation/webdriver/troubleshooting/errors#nosuchelementexception
Stacktrace:
#0 0x5584355ee16a <unknown>
#1 0x55843506bc4b <unknown>
#2 0x5584350bd318 <unknown>
#3 0x5584350bd551 <unknown>
#4 0x5584350b1586 <unknown>
#5 0x5584350b1477 <unknown>
#6 0x558435108bee <unknown>
#7 0x5584350afc42 <unknown>
#8 0x5584350b08f1 <unknown>
#9 0x5584355b6f09 <unknown>
#10 0x5584355b9e4d <unknown>
#11 0x55843559fc51 <unknown>
#12 0x5584355baa2b <unknown>
#13 0x558435586a20 <unknown>
#14 0x5584355dba78 <unknown>
#15 0x5584355dbc49 <unknown>
#16 0x5584355ed4c3 <unknown>
#17 0x7fafaf89caa4 <unknown>
#18 0x7fafaf929c6c <unknown>

2025-12-10 20:17:31 - INFO - Fetching BUY listings for USDT/EUR
2025-12-10 20:17:32 - INFO - Data successfully saved to SQLite database. New listings - Bybit: 4, Binance: 6
2025-12-10 20:17:32 - INFO - Browser session closed
2025-12-10 20:17:32 - INFO - SQLite database connection closed
2025-12-10 20:47:10 - INFO - Logging initialized. Log file: pb2b/logs/bybit_scraper_20251210.log
2025-12-10 20:47:13 - INFO - DataSaver logging initialized. Log file: pb2b/logs/data_saver_20251210.log
2025-12-10 20:47:13 - INFO - Connected to SQLite database: pb2b/p2p_listings.db
2025-12-10 20:47:13 - INFO - Database tables created successfully
2025-12-10 20:47:13 - INFO - Attempt 1/10: Loading https://www.bybit.com/fiat/trade/otc?actionType=1&token=USDT&fiat=NGN
2025-12-10 20:47:23 - INFO - Screenshot saved as 'pb2b/screenshots/bybit_page_20251210_204723.png'
2025-12-10 20:47:23 - WARNING - Error parsing row: Message: no such element: Unable to locate element: {"method":"css selector","selector":"td:nth-child(2)"}
  (Session info: chrome=143.0.7499.109); For documentation on this error, please visit: https://www.selenium.dev/documentation/webdriver/troubleshooting/errors#nosuchelementexception
Stacktrace:
#0 0x5633b66e616a <unknown>
#1 0x5633b6163c4b <unknown>
#2 0x5633b61b5318 <unknown>
#3 0x5633b61b5551 <unknown>
#4 0x5633b61a9586 <unknown>
#5 0x5633b61a9477 <unknown>
#6 0x5633b6200bee <unknown>
#7 0x5633b61a7c42 <unknown>
#8 0x5633b61a88f1 <unknown>
#9 0x5633b66aef09 <unknown>
#10 0x5633b66b1e4d <unknown>
#11 0x5633b6697c51 <unknown>
#12 0x5633b66b2a2b <unknown>
#13 0x5633b667ea20 <unknown>
#14 0x5633b66d3a78 <unknown>
#15 0x5633b66d3c49 <unknown>
#16 0x5633b66e54c3 <unknown>
#17 0x7fe21869caa4 <unknown>
#18 0x7fe218729c6c <unknown>

2025-12-10 20:47:23 - INFO - Fetching BUY listings for USDT/EUR
2025-12-10 20:47:24 - INFO - Data successfully saved to SQLite database. New listings - Bybit: 4, Binance: 6
2025-12-10 20:47:24 - INFO - Browser session closed
2025-12-10 20:47:24 - INFO - SQLite database connection closed
