2025-08-24 01:13:52 - INFO - Logging initialized. Log file: pb2b/logs/bybit_scraper_20250824.log
2025-08-24 01:13:54 - INFO - DataSaver logging initialized. Log file: pb2b/logs/data_saver_20250824.log
2025-08-24 01:13:54 - INFO - Connected to SQLite database: pb2b/p2p_listings.db
2025-08-24 01:13:54 - INFO - Database tables created successfully
2025-08-24 01:13:54 - INFO - Attempt 1/10: Loading https://www.bybit.com/fiat/trade/otc?actionType=1&token=USDT&fiat=NGN
2025-08-24 01:14:04 - INFO - Screenshot saved as 'pb2b/screenshots/bybit_page_20250824_011404.png'
2025-08-24 01:14:04 - INFO - Fetching BUY listings for USDT/EUR
2025-08-24 01:14:05 - INFO - Data successfully saved to SQLite database. New listings - Bybit: 4, Binance: 6
2025-08-24 01:14:05 - INFO - Browser session closed
2025-08-24 01:14:05 - INFO - SQLite database connection closed
2025-08-24 02:59:24 - INFO - Logging initialized. Log file: pb2b/logs/bybit_scraper_20250824.log
2025-08-24 02:59:25 - INFO - DataSaver logging initialized. Log file: pb2b/logs/data_saver_20250824.log
2025-08-24 02:59:25 - INFO - Connected to SQLite database: pb2b/p2p_listings.db
2025-08-24 02:59:25 - INFO - Database tables created successfully
2025-08-24 02:59:25 - INFO - Attempt 1/10: Loading https://www.bybit.com/fiat/trade/otc?actionType=1&token=USDT&fiat=NGN
2025-08-24 02:59:38 - INFO - Screenshot saved as 'pb2b/screenshots/bybit_page_20250824_025938.png'
2025-08-24 02:59:38 - INFO - Fetching BUY listings for USDT/EUR
2025-08-24 02:59:39 - INFO - Data successfully saved to SQLite database. New listings - Bybit: 4, Binance: 6
2025-08-24 02:59:39 - INFO - Browser session closed
2025-08-24 02:59:39 - INFO - SQLite database connection closed
2025-08-24 03:55:33 - INFO - Logging initialized. Log file: pb2b/logs/bybit_scraper_20250824.log
2025-08-24 03:55:35 - INFO - DataSaver logging initialized. Log file: pb2b/logs/data_saver_20250824.log
2025-08-24 03:55:35 - INFO - Connected to SQLite database: pb2b/p2p_listings.db
2025-08-24 03:55:35 - INFO - Database tables created successfully
2025-08-24 03:55:35 - INFO - Attempt 1/10: Loading https://www.bybit.com/fiat/trade/otc?actionType=1&token=USDT&fiat=NGN
2025-08-24 03:55:45 - INFO - Screenshot saved as 'pb2b/screenshots/bybit_page_20250824_035545.png'
2025-08-24 03:55:46 - INFO - Fetching BUY listings for USDT/EUR
2025-08-24 03:55:46 - INFO - Data successfully saved to SQLite database. New listings - Bybit: 4, Binance: 6
2025-08-24 03:55:47 - INFO - Browser session closed
2025-08-24 03:55:47 - INFO - SQLite database connection closed
