2025-04-21 01:02:00 - INFO - Logging initialized. Log file: pb2b/logs/bybit_scraper_20250421.log
2025-04-21 01:02:01 - INFO - DataSaver logging initialized. Log file: pb2b/logs/data_saver_20250421.log
2025-04-21 01:02:01 - INFO - Connected to SQLite database: pb2b/p2p_listings.db
2025-04-21 01:02:01 - INFO - Database tables created successfully
2025-04-21 01:02:01 - INFO - Attempt 1/10: Loading https://www.bybit.com/fiat/trade/otc?actionType=1&token=USDT&fiat=NGN
2025-04-21 01:02:11 - INFO - Screenshot saved as 'pb2b/screenshots/bybit_page_20250421_010211.png'
2025-04-21 01:02:12 - INFO - Fetching BUY listings for USDT/EUR
2025-04-21 01:02:12 - INFO - Data successfully saved to SQLite database. New listings - Bybit: 4, Binance: 6
2025-04-21 01:02:12 - INFO - Browser session closed
2025-04-21 01:02:12 - INFO - SQLite database connection closed
2025-04-21 02:48:01 - INFO - Logging initialized. Log file: pb2b/logs/bybit_scraper_20250421.log
2025-04-21 02:48:01 - INFO - DataSaver logging initialized. Log file: pb2b/logs/data_saver_20250421.log
2025-04-21 02:48:01 - INFO - Connected to SQLite database: pb2b/p2p_listings.db
2025-04-21 02:48:01 - INFO - Database tables created successfully
2025-04-21 02:48:01 - INFO - Attempt 1/10: Loading https://www.bybit.com/fiat/trade/otc?actionType=1&token=USDT&fiat=NGN
2025-04-21 02:48:13 - INFO - Screenshot saved as 'pb2b/screenshots/bybit_page_20250421_024813.png'
2025-04-21 02:48:13 - INFO - Fetching BUY listings for USDT/EUR
2025-04-21 02:48:14 - INFO - Data successfully saved to SQLite database. New listings - Bybit: 4, Binance: 6
2025-04-21 02:48:14 - INFO - Browser session closed
2025-04-21 02:48:14 - INFO - SQLite database connection closed
2025-04-21 03:37:59 - INFO - Logging initialized. Log file: pb2b/logs/bybit_scraper_20250421.log
2025-04-21 03:38:01 - INFO - DataSaver logging initialized. Log file: pb2b/logs/data_saver_20250421.log
2025-04-21 03:38:01 - INFO - Connected to SQLite database: pb2b/p2p_listings.db
2025-04-21 03:38:01 - INFO - Database tables created successfully
2025-04-21 03:38:01 - INFO - Attempt 1/10: Loading https://www.bybit.com/fiat/trade/otc?actionType=1&token=USDT&fiat=NGN
2025-04-21 03:38:11 - INFO - Screenshot saved as 'pb2b/screenshots/bybit_page_20250421_033811.png'
2025-04-21 03:38:11 - INFO - Fetching BUY listings for USDT/EUR
2025-04-21 03:38:12 - INFO - Data successfully saved to SQLite database. New listings - Bybit: 4, Binance: 6
2025-04-21 03:38:12 - INFO - Browser session closed
2025-04-21 03:38:12 - INFO - SQLite database connection closed
2025-04-21 04:00:27 - INFO - Logging initialized. Log file: pb2b/logs/bybit_scraper_20250421.log
2025-04-21 04:00:28 - INFO - DataSaver logging initialized. Log file: pb2b/logs/data_saver_20250421.log
2025-04-21 04:00:28 - INFO - Connected to SQLite database: pb2b/p2p_listings.db
2025-04-21 04:00:28 - INFO - Database tables created successfully
2025-04-21 04:00:28 - INFO - Attempt 1/10: Loading https://www.bybit.com/fiat/trade/otc?actionType=1&token=USDT&fiat=NGN
2025-04-21 04:00:38 - INFO - Screenshot saved as 'pb2b/screenshots/bybit_page_20250421_040037.png'
2025-04-21 04:00:38 - INFO - Fetching BUY listings for USDT/EUR
2025-04-21 04:00:39 - INFO - Data successfully saved to SQLite database. New listings - Bybit: 4, Binance: 6
2025-04-21 04:00:39 - INFO - Browser session closed
2025-04-21 04:00:39 - INFO - SQLite database connection closed
2025-04-21 04:34:05 - INFO - Logging initialized. Log file: pb2b/logs/bybit_scraper_20250421.log
2025-04-21 04:34:06 - INFO - DataSaver logging initialized. Log file: pb2b/logs/data_saver_20250421.log
2025-04-21 04:34:06 - INFO - Connected to SQLite database: pb2b/p2p_listings.db
2025-04-21 04:34:06 - INFO - Database tables created successfully
2025-04-21 04:34:06 - INFO - Attempt 1/10: Loading https://www.bybit.com/fiat/trade/otc?actionType=1&token=USDT&fiat=NGN
2025-04-21 04:34:16 - INFO - Screenshot saved as 'pb2b/screenshots/bybit_page_20250421_043416.png'
2025-04-21 04:34:16 - INFO - Fetching BUY listings for USDT/EUR
2025-04-21 04:34:17 - INFO - Data successfully saved to SQLite database. New listings - Bybit: 4, Binance: 6
2025-04-21 04:34:17 - INFO - Browser session closed
2025-04-21 04:34:17 - INFO - SQLite database connection closed
2025-04-21 04:52:30 - INFO - Logging initialized. Log file: pb2b/logs/bybit_scraper_20250421.log
2025-04-21 04:52:31 - INFO - DataSaver logging initialized. Log file: pb2b/logs/data_saver_20250421.log
2025-04-21 04:52:31 - INFO - Connected to SQLite database: pb2b/p2p_listings.db
2025-04-21 04:52:31 - INFO - Database tables created successfully
2025-04-21 04:52:31 - INFO - Attempt 1/10: Loading https://www.bybit.com/fiat/trade/otc?actionType=1&token=USDT&fiat=NGN
2025-04-21 04:52:41 - INFO - Screenshot saved as 'pb2b/screenshots/bybit_page_20250421_045240.png'
2025-04-21 04:52:41 - INFO - Fetching BUY listings for USDT/EUR
2025-04-21 04:52:42 - INFO - Data successfully saved to SQLite database. New listings - Bybit: 4, Binance: 6
2025-04-21 04:52:42 - INFO - Browser session closed
2025-04-21 04:52:42 - INFO - SQLite database connection closed
2025-04-21 05:17:06 - INFO - Logging initialized. Log file: pb2b/logs/bybit_scraper_20250421.log
2025-04-21 05:17:07 - INFO - DataSaver logging initialized. Log file: pb2b/logs/data_saver_20250421.log
2025-04-21 05:17:07 - INFO - Connected to SQLite database: pb2b/p2p_listings.db
2025-04-21 05:17:07 - INFO - Database tables created successfully
2025-04-21 05:17:07 - INFO - Attempt 1/10: Loading https://www.bybit.com/fiat/trade/otc?actionType=1&token=USDT&fiat=NGN
2025-04-21 05:17:17 - INFO - Screenshot saved as 'pb2b/screenshots/bybit_page_20250421_051716.png'
2025-04-21 05:17:17 - INFO - Fetching BUY listings for USDT/EUR
2025-04-21 05:17:18 - INFO - Data successfully saved to SQLite database. New listings - Bybit: 4, Binance: 6
2025-04-21 05:17:18 - INFO - Browser session closed
2025-04-21 05:17:18 - INFO - SQLite database connection closed
2025-04-21 05:41:29 - INFO - Logging initialized. Log file: pb2b/logs/bybit_scraper_20250421.log
2025-04-21 05:41:30 - INFO - DataSaver logging initialized. Log file: pb2b/logs/data_saver_20250421.log
2025-04-21 05:41:30 - INFO - Connected to SQLite database: pb2b/p2p_listings.db
2025-04-21 05:41:30 - INFO - Database tables created successfully
2025-04-21 05:41:30 - INFO - Attempt 1/10: Loading https://www.bybit.com/fiat/trade/otc?actionType=1&token=USDT&fiat=NGN
2025-04-21 05:41:41 - INFO - Screenshot saved as 'pb2b/screenshots/bybit_page_20250421_054141.png'
2025-04-21 05:41:41 - INFO - Fetching BUY listings for USDT/EUR
2025-04-21 05:41:42 - INFO - Data successfully saved to SQLite database. New listings - Bybit: 4, Binance: 6
2025-04-21 05:41:42 - INFO - Browser session closed
2025-04-21 05:41:42 - INFO - SQLite database connection closed
2025-04-21 05:54:27 - INFO - Logging initialized. Log file: pb2b/logs/bybit_scraper_20250421.log
2025-04-21 05:54:28 - INFO - DataSaver logging initialized. Log file: pb2b/logs/data_saver_20250421.log
2025-04-21 05:54:28 - INFO - Connected to SQLite database: pb2b/p2p_listings.db
2025-04-21 05:54:28 - INFO - Database tables created successfully
2025-04-21 05:54:28 - INFO - Attempt 1/10: Loading https://www.bybit.com/fiat/trade/otc?actionType=1&token=USDT&fiat=NGN
2025-04-21 05:54:38 - INFO - Screenshot saved as 'pb2b/screenshots/bybit_page_20250421_055438.png'
2025-04-21 05:54:38 - INFO - Fetching BUY listings for USDT/EUR
2025-04-21 05:54:39 - INFO - Data successfully saved to SQLite database. New listings - Bybit: 4, Binance: 6
2025-04-21 05:54:39 - INFO - Browser session closed
2025-04-21 05:54:39 - INFO - SQLite database connection closed
2025-04-21 06:30:33 - INFO - Logging initialized. Log file: pb2b/logs/bybit_scraper_20250421.log
2025-04-21 06:30:34 - INFO - DataSaver logging initialized. Log file: pb2b/logs/data_saver_20250421.log
2025-04-21 06:30:34 - INFO - Connected to SQLite database: pb2b/p2p_listings.db
2025-04-21 06:30:34 - INFO - Database tables created successfully
2025-04-21 06:30:34 - INFO - Attempt 1/10: Loading https://www.bybit.com/fiat/trade/otc?actionType=1&token=USDT&fiat=NGN
2025-04-21 06:30:44 - INFO - Screenshot saved as 'pb2b/screenshots/bybit_page_20250421_063044.png'
2025-04-21 06:30:45 - INFO - Fetching BUY listings for USDT/EUR
2025-04-21 06:30:45 - INFO - Data successfully saved to SQLite database. New listings - Bybit: 4, Binance: 6
2025-04-21 06:30:45 - INFO - Browser session closed
2025-04-21 06:30:45 - INFO - SQLite database connection closed
2025-04-21 06:53:32 - INFO - Logging initialized. Log file: pb2b/logs/bybit_scraper_20250421.log
2025-04-21 06:53:32 - INFO - DataSaver logging initialized. Log file: pb2b/logs/data_saver_20250421.log
2025-04-21 06:53:32 - INFO - Connected to SQLite database: pb2b/p2p_listings.db
2025-04-21 06:53:32 - INFO - Database tables created successfully
2025-04-21 06:53:32 - INFO - Attempt 1/10: Loading https://www.bybit.com/fiat/trade/otc?actionType=1&token=USDT&fiat=NGN
2025-04-21 06:53:41 - INFO - Screenshot saved as 'pb2b/screenshots/bybit_page_20250421_065341.png'
2025-04-21 06:53:42 - INFO - Fetching BUY listings for USDT/EUR
2025-04-21 06:53:42 - INFO - Data successfully saved to SQLite database. New listings - Bybit: 4, Binance: 6
2025-04-21 06:53:43 - INFO - Browser session closed
2025-04-21 06:53:43 - INFO - SQLite database connection closed
2025-04-21 07:19:53 - INFO - Logging initialized. Log file: pb2b/logs/bybit_scraper_20250421.log
2025-04-21 07:19:54 - INFO - DataSaver logging initialized. Log file: pb2b/logs/data_saver_20250421.log
2025-04-21 07:19:54 - INFO - Connected to SQLite database: pb2b/p2p_listings.db
2025-04-21 07:19:54 - INFO - Database tables created successfully
2025-04-21 07:19:54 - INFO - Attempt 1/10: Loading https://www.bybit.com/fiat/trade/otc?actionType=1&token=USDT&fiat=NGN
2025-04-21 07:20:04 - INFO - Screenshot saved as 'pb2b/screenshots/bybit_page_20250421_072004.png'
2025-04-21 07:20:05 - INFO - Fetching BUY listings for USDT/EUR
2025-04-21 07:20:05 - INFO - Data successfully saved to SQLite database. New listings - Bybit: 4, Binance: 6
2025-04-21 07:20:06 - INFO - Browser session closed
2025-04-21 07:20:06 - INFO - SQLite database connection closed
2025-04-21 07:35:23 - INFO - Logging initialized. Log file: pb2b/logs/bybit_scraper_20250421.log
2025-04-21 07:35:24 - INFO - DataSaver logging initialized. Log file: pb2b/logs/data_saver_20250421.log
2025-04-21 07:35:24 - INFO - Connected to SQLite database: pb2b/p2p_listings.db
2025-04-21 07:35:24 - INFO - Database tables created successfully
2025-04-21 07:35:24 - INFO - Attempt 1/10: Loading https://www.bybit.com/fiat/trade/otc?actionType=1&token=USDT&fiat=NGN
2025-04-21 07:35:33 - INFO - Screenshot saved as 'pb2b/screenshots/bybit_page_20250421_073533.png'
2025-04-21 07:35:33 - INFO - Fetching BUY listings for USDT/EUR
2025-04-21 07:35:34 - INFO - Data successfully saved to SQLite database. New listings - Bybit: 4, Binance: 6
2025-04-21 07:35:34 - INFO - Browser session closed
2025-04-21 07:35:34 - INFO - SQLite database connection closed
2025-04-21 07:48:32 - INFO - Logging initialized. Log file: pb2b/logs/bybit_scraper_20250421.log
2025-04-21 07:48:32 - INFO - DataSaver logging initialized. Log file: pb2b/logs/data_saver_20250421.log
2025-04-21 07:48:32 - INFO - Connected to SQLite database: pb2b/p2p_listings.db
2025-04-21 07:48:32 - INFO - Database tables created successfully
2025-04-21 07:48:32 - INFO - Attempt 1/10: Loading https://www.bybit.com/fiat/trade/otc?actionType=1&token=USDT&fiat=NGN
2025-04-21 07:48:42 - INFO - Screenshot saved as 'pb2b/screenshots/bybit_page_20250421_074842.png'
2025-04-21 07:48:42 - INFO - Fetching BUY listings for USDT/EUR
2025-04-21 07:48:43 - INFO - Data successfully saved to SQLite database. New listings - Bybit: 4, Binance: 6
2025-04-21 07:48:43 - INFO - Browser session closed
2025-04-21 07:48:43 - INFO - SQLite database connection closed
2025-04-21 08:01:30 - INFO - Logging initialized. Log file: pb2b/logs/bybit_scraper_20250421.log
2025-04-21 08:01:31 - INFO - DataSaver logging initialized. Log file: pb2b/logs/data_saver_20250421.log
2025-04-21 08:01:31 - INFO - Connected to SQLite database: pb2b/p2p_listings.db
2025-04-21 08:01:31 - INFO - Database tables created successfully
2025-04-21 08:01:31 - INFO - Attempt 1/10: Loading https://www.bybit.com/fiat/trade/otc?actionType=1&token=USDT&fiat=NGN
2025-04-21 08:01:40 - INFO - Screenshot saved as 'pb2b/screenshots/bybit_page_20250421_080140.png'
2025-04-21 08:01:40 - INFO - Fetching BUY listings for USDT/EUR
2025-04-21 08:01:41 - INFO - Data successfully saved to SQLite database. New listings - Bybit: 4, Binance: 6
2025-04-21 08:01:41 - INFO - Browser session closed
2025-04-21 08:01:41 - INFO - SQLite database connection closed
2025-04-21 08:37:13 - INFO - Logging initialized. Log file: pb2b/logs/bybit_scraper_20250421.log
2025-04-21 08:37:14 - INFO - DataSaver logging initialized. Log file: pb2b/logs/data_saver_20250421.log
2025-04-21 08:37:14 - INFO - Connected to SQLite database: pb2b/p2p_listings.db
2025-04-21 08:37:14 - INFO - Database tables created successfully
2025-04-21 08:37:14 - INFO - Attempt 1/10: Loading https://www.bybit.com/fiat/trade/otc?actionType=1&token=USDT&fiat=NGN
2025-04-21 08:37:23 - INFO - Screenshot saved as 'pb2b/screenshots/bybit_page_20250421_083723.png'
2025-04-21 08:37:24 - INFO - Fetching BUY listings for USDT/EUR
2025-04-21 08:37:24 - INFO - Data successfully saved to SQLite database. New listings - Bybit: 4, Binance: 6
2025-04-21 08:37:24 - INFO - Browser session closed
2025-04-21 08:37:24 - INFO - SQLite database connection closed
