2025-06-20 01:05:21 - INFO - Logging initialized. Log file: pb2b/logs/bybit_scraper_20250620.log
2025-06-20 01:05:22 - INFO - DataSaver logging initialized. Log file: pb2b/logs/data_saver_20250620.log
2025-06-20 01:05:22 - INFO - Connected to SQLite database: pb2b/p2p_listings.db
2025-06-20 01:05:22 - INFO - Database tables created successfully
2025-06-20 01:05:22 - INFO - Attempt 1/10: Loading https://www.bybit.com/fiat/trade/otc?actionType=1&token=USDT&fiat=NGN
2025-06-20 01:05:31 - INFO - Screenshot saved as 'pb2b/screenshots/bybit_page_20250620_010531.png'
2025-06-20 01:05:31 - INFO - Fetching BUY listings for USDT/EUR
2025-06-20 01:05:32 - INFO - Data successfully saved to SQLite database. New listings - Bybit: 4, Binance: 6
2025-06-20 01:05:32 - INFO - Browser session closed
2025-06-20 01:05:32 - INFO - SQLite database connection closed
2025-06-20 02:56:00 - INFO - Logging initialized. Log file: pb2b/logs/bybit_scraper_20250620.log
2025-06-20 02:56:01 - INFO - DataSaver logging initialized. Log file: pb2b/logs/data_saver_20250620.log
2025-06-20 02:56:01 - INFO - Connected to SQLite database: pb2b/p2p_listings.db
2025-06-20 02:56:01 - INFO - Database tables created successfully
2025-06-20 02:56:01 - INFO - Attempt 1/10: Loading https://www.bybit.com/fiat/trade/otc?actionType=1&token=USDT&fiat=NGN
2025-06-20 02:56:09 - INFO - Screenshot saved as 'pb2b/screenshots/bybit_page_20250620_025609.png'
2025-06-20 02:56:09 - INFO - Fetching BUY listings for USDT/EUR
2025-06-20 02:56:10 - INFO - Data successfully saved to SQLite database. New listings - Bybit: 4, Binance: 6
2025-06-20 02:56:10 - INFO - Browser session closed
2025-06-20 02:56:10 - INFO - SQLite database connection closed
2025-06-20 03:51:03 - INFO - Logging initialized. Log file: pb2b/logs/bybit_scraper_20250620.log
2025-06-20 03:51:04 - INFO - DataSaver logging initialized. Log file: pb2b/logs/data_saver_20250620.log
2025-06-20 03:51:04 - INFO - Connected to SQLite database: pb2b/p2p_listings.db
2025-06-20 03:51:04 - INFO - Database tables created successfully
2025-06-20 03:51:04 - INFO - Attempt 1/10: Loading https://www.bybit.com/fiat/trade/otc?actionType=1&token=USDT&fiat=NGN
2025-06-20 03:51:13 - INFO - Screenshot saved as 'pb2b/screenshots/bybit_page_20250620_035113.png'
2025-06-20 03:51:13 - INFO - Fetching BUY listings for USDT/EUR
2025-06-20 03:51:14 - INFO - Data successfully saved to SQLite database. New listings - Bybit: 4, Binance: 6
2025-06-20 03:51:14 - INFO - Browser session closed
2025-06-20 03:51:14 - INFO - SQLite database connection closed
2025-06-20 04:19:27 - INFO - Logging initialized. Log file: pb2b/logs/bybit_scraper_20250620.log
2025-06-20 04:19:28 - INFO - DataSaver logging initialized. Log file: pb2b/logs/data_saver_20250620.log
2025-06-20 04:19:28 - INFO - Connected to SQLite database: pb2b/p2p_listings.db
2025-06-20 04:19:28 - INFO - Database tables created successfully
2025-06-20 04:19:28 - INFO - Attempt 1/10: Loading https://www.bybit.com/fiat/trade/otc?actionType=1&token=USDT&fiat=NGN
2025-06-20 04:19:37 - INFO - Screenshot saved as 'pb2b/screenshots/bybit_page_20250620_041937.png'
2025-06-20 04:19:38 - INFO - Fetching BUY listings for USDT/EUR
2025-06-20 04:19:38 - INFO - Data successfully saved to SQLite database. New listings - Bybit: 4, Binance: 6
2025-06-20 04:19:38 - INFO - Browser session closed
2025-06-20 04:19:38 - INFO - SQLite database connection closed
2025-06-20 04:49:03 - INFO - Logging initialized. Log file: pb2b/logs/bybit_scraper_20250620.log
2025-06-20 04:49:04 - INFO - DataSaver logging initialized. Log file: pb2b/logs/data_saver_20250620.log
2025-06-20 04:49:04 - INFO - Connected to SQLite database: pb2b/p2p_listings.db
2025-06-20 04:49:04 - INFO - Database tables created successfully
2025-06-20 04:49:04 - INFO - Attempt 1/10: Loading https://www.bybit.com/fiat/trade/otc?actionType=1&token=USDT&fiat=NGN
2025-06-20 04:49:14 - INFO - Screenshot saved as 'pb2b/screenshots/bybit_page_20250620_044914.png'
2025-06-20 04:49:14 - INFO - Fetching BUY listings for USDT/EUR
2025-06-20 04:49:15 - INFO - Data successfully saved to SQLite database. New listings - Bybit: 4, Binance: 6
2025-06-20 04:49:16 - INFO - Browser session closed
2025-06-20 04:49:16 - INFO - SQLite database connection closed
2025-06-20 05:02:53 - INFO - Logging initialized. Log file: pb2b/logs/bybit_scraper_20250620.log
2025-06-20 05:02:55 - INFO - DataSaver logging initialized. Log file: pb2b/logs/data_saver_20250620.log
2025-06-20 05:02:55 - INFO - Connected to SQLite database: pb2b/p2p_listings.db
2025-06-20 05:02:55 - INFO - Database tables created successfully
2025-06-20 05:02:55 - INFO - Attempt 1/10: Loading https://www.bybit.com/fiat/trade/otc?actionType=1&token=USDT&fiat=NGN
2025-06-20 05:03:04 - INFO - Screenshot saved as 'pb2b/screenshots/bybit_page_20250620_050304.png'
2025-06-20 05:03:05 - INFO - Fetching BUY listings for USDT/EUR
2025-06-20 05:03:05 - INFO - Data successfully saved to SQLite database. New listings - Bybit: 4, Binance: 6
2025-06-20 05:03:06 - INFO - Browser session closed
2025-06-20 05:03:06 - INFO - SQLite database connection closed
2025-06-20 05:34:16 - INFO - Logging initialized. Log file: pb2b/logs/bybit_scraper_20250620.log
2025-06-20 05:34:16 - INFO - DataSaver logging initialized. Log file: pb2b/logs/data_saver_20250620.log
2025-06-20 05:34:16 - INFO - Connected to SQLite database: pb2b/p2p_listings.db
2025-06-20 05:34:16 - INFO - Database tables created successfully
2025-06-20 05:34:16 - INFO - Attempt 1/10: Loading https://www.bybit.com/fiat/trade/otc?actionType=1&token=USDT&fiat=NGN
2025-06-20 05:34:24 - INFO - Screenshot saved as 'pb2b/screenshots/bybit_page_20250620_053424.png'
2025-06-20 05:34:24 - INFO - Fetching BUY listings for USDT/EUR
2025-06-20 05:34:25 - INFO - Data successfully saved to SQLite database. New listings - Bybit: 4, Binance: 6
2025-06-20 05:34:25 - INFO - Browser session closed
2025-06-20 05:34:25 - INFO - SQLite database connection closed
2025-06-20 05:52:26 - INFO - Logging initialized. Log file: pb2b/logs/bybit_scraper_20250620.log
2025-06-20 05:52:27 - INFO - DataSaver logging initialized. Log file: pb2b/logs/data_saver_20250620.log
2025-06-20 05:52:27 - INFO - Connected to SQLite database: pb2b/p2p_listings.db
2025-06-20 05:52:27 - INFO - Database tables created successfully
2025-06-20 05:52:27 - INFO - Attempt 1/10: Loading https://www.bybit.com/fiat/trade/otc?actionType=1&token=USDT&fiat=NGN
2025-06-20 05:52:38 - INFO - Screenshot saved as 'pb2b/screenshots/bybit_page_20250620_055238.png'
2025-06-20 05:52:39 - INFO - Fetching BUY listings for USDT/EUR
2025-06-20 05:52:39 - INFO - Data successfully saved to SQLite database. New listings - Bybit: 4, Binance: 6
2025-06-20 05:52:39 - INFO - Browser session closed
2025-06-20 05:52:39 - INFO - SQLite database connection closed
2025-06-20 06:19:50 - INFO - Logging initialized. Log file: pb2b/logs/bybit_scraper_20250620.log
2025-06-20 06:19:50 - INFO - DataSaver logging initialized. Log file: pb2b/logs/data_saver_20250620.log
2025-06-20 06:19:50 - INFO - Connected to SQLite database: pb2b/p2p_listings.db
2025-06-20 06:19:50 - INFO - Database tables created successfully
2025-06-20 06:19:50 - INFO - Attempt 1/10: Loading https://www.bybit.com/fiat/trade/otc?actionType=1&token=USDT&fiat=NGN
2025-06-20 06:20:00 - INFO - Screenshot saved as 'pb2b/screenshots/bybit_page_20250620_062000.png'
2025-06-20 06:20:00 - INFO - Fetching BUY listings for USDT/EUR
2025-06-20 06:20:01 - INFO - Data successfully saved to SQLite database. New listings - Bybit: 4, Binance: 6
2025-06-20 06:20:01 - INFO - Browser session closed
2025-06-20 06:20:01 - INFO - SQLite database connection closed
2025-06-20 06:51:18 - INFO - Logging initialized. Log file: pb2b/logs/bybit_scraper_20250620.log
2025-06-20 06:51:19 - INFO - DataSaver logging initialized. Log file: pb2b/logs/data_saver_20250620.log
2025-06-20 06:51:19 - INFO - Connected to SQLite database: pb2b/p2p_listings.db
2025-06-20 06:51:19 - INFO - Database tables created successfully
2025-06-20 06:51:19 - INFO - Attempt 1/10: Loading https://www.bybit.com/fiat/trade/otc?actionType=1&token=USDT&fiat=NGN
2025-06-20 06:51:29 - INFO - Screenshot saved as 'pb2b/screenshots/bybit_page_20250620_065129.png'
2025-06-20 06:51:30 - INFO - Fetching BUY listings for USDT/EUR
2025-06-20 06:51:31 - INFO - Data successfully saved to SQLite database. New listings - Bybit: 4, Binance: 6
2025-06-20 06:51:31 - INFO - Browser session closed
2025-06-20 06:51:31 - INFO - SQLite database connection closed
2025-06-20 07:12:46 - INFO - Logging initialized. Log file: pb2b/logs/bybit_scraper_20250620.log
2025-06-20 07:12:47 - INFO - DataSaver logging initialized. Log file: pb2b/logs/data_saver_20250620.log
2025-06-20 07:12:47 - INFO - Connected to SQLite database: pb2b/p2p_listings.db
2025-06-20 07:12:47 - INFO - Database tables created successfully
2025-06-20 07:12:47 - INFO - Attempt 1/10: Loading https://www.bybit.com/fiat/trade/otc?actionType=1&token=USDT&fiat=NGN
2025-06-20 07:13:00 - INFO - Screenshot saved as 'pb2b/screenshots/bybit_page_20250620_071300.png'
2025-06-20 07:13:00 - INFO - Fetching BUY listings for USDT/EUR
2025-06-20 07:13:01 - INFO - Data successfully saved to SQLite database. New listings - Bybit: 4, Binance: 6
2025-06-20 07:13:01 - INFO - Browser session closed
2025-06-20 07:13:01 - INFO - SQLite database connection closed
2025-06-20 07:34:02 - INFO - Logging initialized. Log file: pb2b/logs/bybit_scraper_20250620.log
2025-06-20 07:34:03 - INFO - DataSaver logging initialized. Log file: pb2b/logs/data_saver_20250620.log
2025-06-20 07:34:03 - INFO - Connected to SQLite database: pb2b/p2p_listings.db
2025-06-20 07:34:03 - INFO - Database tables created successfully
2025-06-20 07:34:03 - INFO - Attempt 1/10: Loading https://www.bybit.com/fiat/trade/otc?actionType=1&token=USDT&fiat=NGN
2025-06-20 07:34:15 - INFO - Screenshot saved as 'pb2b/screenshots/bybit_page_20250620_073414.png'
2025-06-20 07:34:15 - INFO - Fetching BUY listings for USDT/EUR
2025-06-20 07:34:16 - INFO - Data successfully saved to SQLite database. New listings - Bybit: 4, Binance: 6
2025-06-20 07:34:16 - INFO - Browser session closed
2025-06-20 07:34:16 - INFO - SQLite database connection closed
2025-06-20 07:48:08 - INFO - Logging initialized. Log file: pb2b/logs/bybit_scraper_20250620.log
2025-06-20 07:48:10 - INFO - DataSaver logging initialized. Log file: pb2b/logs/data_saver_20250620.log
2025-06-20 07:48:10 - INFO - Connected to SQLite database: pb2b/p2p_listings.db
2025-06-20 07:48:10 - INFO - Database tables created successfully
2025-06-20 07:48:10 - INFO - Attempt 1/10: Loading https://www.bybit.com/fiat/trade/otc?actionType=1&token=USDT&fiat=NGN
2025-06-20 07:48:19 - INFO - Screenshot saved as 'pb2b/screenshots/bybit_page_20250620_074818.png'
2025-06-20 07:48:19 - INFO - Fetching BUY listings for USDT/EUR
2025-06-20 07:48:21 - INFO - Data successfully saved to SQLite database. New listings - Bybit: 4, Binance: 6
2025-06-20 07:48:22 - INFO - Browser session closed
2025-06-20 07:48:22 - INFO - SQLite database connection closed
2025-06-20 08:02:09 - INFO - Logging initialized. Log file: pb2b/logs/bybit_scraper_20250620.log
2025-06-20 08:02:11 - INFO - DataSaver logging initialized. Log file: pb2b/logs/data_saver_20250620.log
2025-06-20 08:02:11 - INFO - Connected to SQLite database: pb2b/p2p_listings.db
2025-06-20 08:02:11 - INFO - Database tables created successfully
2025-06-20 08:02:11 - INFO - Attempt 1/10: Loading https://www.bybit.com/fiat/trade/otc?actionType=1&token=USDT&fiat=NGN
2025-06-20 08:02:23 - INFO - Screenshot saved as 'pb2b/screenshots/bybit_page_20250620_080222.png'
2025-06-20 08:02:23 - INFO - Fetching BUY listings for USDT/EUR
2025-06-20 08:02:23 - INFO - Data successfully saved to SQLite database. New listings - Bybit: 4, Binance: 6
2025-06-20 08:02:24 - INFO - Browser session closed
2025-06-20 08:02:24 - INFO - SQLite database connection closed
2025-06-20 08:38:48 - INFO - Logging initialized. Log file: pb2b/logs/bybit_scraper_20250620.log
2025-06-20 08:38:48 - INFO - DataSaver logging initialized. Log file: pb2b/logs/data_saver_20250620.log
2025-06-20 08:38:48 - INFO - Connected to SQLite database: pb2b/p2p_listings.db
2025-06-20 08:38:48 - INFO - Database tables created successfully
2025-06-20 08:38:48 - INFO - Attempt 1/10: Loading https://www.bybit.com/fiat/trade/otc?actionType=1&token=USDT&fiat=NGN
2025-06-20 08:38:57 - INFO - Screenshot saved as 'pb2b/screenshots/bybit_page_20250620_083857.png'
2025-06-20 08:38:57 - INFO - Fetching BUY listings for USDT/EUR
2025-06-20 08:38:58 - INFO - Data successfully saved to SQLite database. New listings - Bybit: 4, Binance: 6
2025-06-20 08:38:59 - INFO - Browser session closed
2025-06-20 08:38:59 - INFO - SQLite database connection closed
2025-06-20 09:05:33 - INFO - Logging initialized. Log file: pb2b/logs/bybit_scraper_20250620.log
2025-06-20 09:05:35 - INFO - DataSaver logging initialized. Log file: pb2b/logs/data_saver_20250620.log
2025-06-20 09:05:35 - INFO - Connected to SQLite database: pb2b/p2p_listings.db
2025-06-20 09:05:35 - INFO - Database tables created successfully
2025-06-20 09:05:35 - INFO - Attempt 1/10: Loading https://www.bybit.com/fiat/trade/otc?actionType=1&token=USDT&fiat=NGN
2025-06-20 09:05:44 - INFO - Screenshot saved as 'pb2b/screenshots/bybit_page_20250620_090543.png'
2025-06-20 09:05:44 - INFO - Fetching BUY listings for USDT/EUR
2025-06-20 09:05:45 - INFO - Data successfully saved to SQLite database. New listings - Bybit: 4, Binance: 6
2025-06-20 09:05:45 - INFO - Browser session closed
2025-06-20 09:05:45 - INFO - SQLite database connection closed
2025-06-20 09:32:04 - INFO - Logging initialized. Log file: pb2b/logs/bybit_scraper_20250620.log
2025-06-20 09:32:05 - INFO - DataSaver logging initialized. Log file: pb2b/logs/data_saver_20250620.log
2025-06-20 09:32:05 - INFO - Connected to SQLite database: pb2b/p2p_listings.db
2025-06-20 09:32:05 - INFO - Database tables created successfully
2025-06-20 09:32:05 - INFO - Attempt 1/10: Loading https://www.bybit.com/fiat/trade/otc?actionType=1&token=USDT&fiat=NGN
2025-06-20 09:32:16 - INFO - Screenshot saved as 'pb2b/screenshots/bybit_page_20250620_093216.png'
2025-06-20 09:32:16 - INFO - Fetching BUY listings for USDT/EUR
2025-06-20 09:32:17 - INFO - Data successfully saved to SQLite database. New listings - Bybit: 4, Binance: 6
2025-06-20 09:32:17 - INFO - Browser session closed
2025-06-20 09:32:17 - INFO - SQLite database connection closed
2025-06-20 09:49:26 - INFO - Logging initialized. Log file: pb2b/logs/bybit_scraper_20250620.log
2025-06-20 09:49:28 - INFO - DataSaver logging initialized. Log file: pb2b/logs/data_saver_20250620.log
2025-06-20 09:49:28 - INFO - Connected to SQLite database: pb2b/p2p_listings.db
2025-06-20 09:49:28 - INFO - Database tables created successfully
2025-06-20 09:49:28 - INFO - Attempt 1/10: Loading https://www.bybit.com/fiat/trade/otc?actionType=1&token=USDT&fiat=NGN
2025-06-20 09:49:36 - INFO - Screenshot saved as 'pb2b/screenshots/bybit_page_20250620_094936.png'
2025-06-20 09:49:36 - INFO - Fetching BUY listings for USDT/EUR
2025-06-20 09:49:37 - INFO - Data successfully saved to SQLite database. New listings - Bybit: 4, Binance: 6
2025-06-20 09:49:37 - INFO - Browser session closed
2025-06-20 09:49:37 - INFO - SQLite database connection closed
2025-06-20 10:02:49 - INFO - Logging initialized. Log file: pb2b/logs/bybit_scraper_20250620.log
2025-06-20 10:02:50 - INFO - DataSaver logging initialized. Log file: pb2b/logs/data_saver_20250620.log
2025-06-20 10:02:50 - INFO - Connected to SQLite database: pb2b/p2p_listings.db
2025-06-20 10:02:50 - INFO - Database tables created successfully
2025-06-20 10:02:50 - INFO - Attempt 1/10: Loading https://www.bybit.com/fiat/trade/otc?actionType=1&token=USDT&fiat=NGN
2025-06-20 10:03:03 - INFO - Screenshot saved as 'pb2b/screenshots/bybit_page_20250620_100303.png'
2025-06-20 10:03:03 - INFO - Fetching BUY listings for USDT/EUR
2025-06-20 10:03:04 - INFO - Data successfully saved to SQLite database. New listings - Bybit: 4, Binance: 6
2025-06-20 10:03:04 - INFO - Browser session closed
2025-06-20 10:03:04 - INFO - SQLite database connection closed
2025-06-20 10:36:18 - INFO - Logging initialized. Log file: pb2b/logs/bybit_scraper_20250620.log
2025-06-20 10:36:19 - INFO - DataSaver logging initialized. Log file: pb2b/logs/data_saver_20250620.log
2025-06-20 10:36:19 - INFO - Connected to SQLite database: pb2b/p2p_listings.db
2025-06-20 10:36:19 - INFO - Database tables created successfully
2025-06-20 10:36:19 - INFO - Attempt 1/10: Loading https://www.bybit.com/fiat/trade/otc?actionType=1&token=USDT&fiat=NGN
2025-06-20 10:36:31 - INFO - Screenshot saved as 'pb2b/screenshots/bybit_page_20250620_103631.png'
2025-06-20 10:36:32 - INFO - Fetching BUY listings for USDT/EUR
2025-06-20 10:36:33 - INFO - Data successfully saved to SQLite database. New listings - Bybit: 4, Binance: 6
2025-06-20 10:36:33 - INFO - Browser session closed
2025-06-20 10:36:33 - INFO - SQLite database connection closed
2025-06-20 10:54:06 - INFO - Logging initialized. Log file: pb2b/logs/bybit_scraper_20250620.log
2025-06-20 10:54:06 - INFO - DataSaver logging initialized. Log file: pb2b/logs/data_saver_20250620.log
2025-06-20 10:54:06 - INFO - Connected to SQLite database: pb2b/p2p_listings.db
2025-06-20 10:54:06 - INFO - Database tables created successfully
2025-06-20 10:54:06 - INFO - Attempt 1/10: Loading https://www.bybit.com/fiat/trade/otc?actionType=1&token=USDT&fiat=NGN
2025-06-20 10:54:15 - INFO - Screenshot saved as 'pb2b/screenshots/bybit_page_20250620_105414.png'
2025-06-20 10:54:15 - INFO - Fetching BUY listings for USDT/EUR
2025-06-20 10:54:16 - INFO - Data successfully saved to SQLite database. New listings - Bybit: 4, Binance: 6
2025-06-20 10:54:16 - INFO - Browser session closed
2025-06-20 10:54:16 - INFO - SQLite database connection closed
2025-06-20 11:17:52 - INFO - Logging initialized. Log file: pb2b/logs/bybit_scraper_20250620.log
2025-06-20 11:17:53 - INFO - DataSaver logging initialized. Log file: pb2b/logs/data_saver_20250620.log
2025-06-20 11:17:53 - INFO - Connected to SQLite database: pb2b/p2p_listings.db
2025-06-20 11:17:53 - INFO - Database tables created successfully
2025-06-20 11:17:53 - INFO - Attempt 1/10: Loading https://www.bybit.com/fiat/trade/otc?actionType=1&token=USDT&fiat=NGN
2025-06-20 11:18:06 - INFO - Screenshot saved as 'pb2b/screenshots/bybit_page_20250620_111806.png'
2025-06-20 11:18:06 - INFO - Fetching BUY listings for USDT/EUR
2025-06-20 11:18:07 - INFO - Data successfully saved to SQLite database. New listings - Bybit: 4, Binance: 6
2025-06-20 11:18:07 - INFO - Browser session closed
2025-06-20 11:18:07 - INFO - SQLite database connection closed
2025-06-20 11:35:47 - INFO - Logging initialized. Log file: pb2b/logs/bybit_scraper_20250620.log
2025-06-20 11:35:48 - INFO - DataSaver logging initialized. Log file: pb2b/logs/data_saver_20250620.log
2025-06-20 11:35:48 - INFO - Connected to SQLite database: pb2b/p2p_listings.db
2025-06-20 11:35:48 - INFO - Database tables created successfully
2025-06-20 11:35:48 - INFO - Attempt 1/10: Loading https://www.bybit.com/fiat/trade/otc?actionType=1&token=USDT&fiat=NGN
2025-06-20 11:36:02 - INFO - Screenshot saved as 'pb2b/screenshots/bybit_page_20250620_113602.png'
2025-06-20 11:36:02 - INFO - Fetching BUY listings for USDT/EUR
2025-06-20 11:36:03 - INFO - Data successfully saved to SQLite database. New listings - Bybit: 4, Binance: 6
2025-06-20 11:36:03 - INFO - Browser session closed
2025-06-20 11:36:03 - INFO - SQLite database connection closed
2025-06-20 11:49:15 - INFO - Logging initialized. Log file: pb2b/logs/bybit_scraper_20250620.log
2025-06-20 11:49:15 - INFO - DataSaver logging initialized. Log file: pb2b/logs/data_saver_20250620.log
2025-06-20 11:49:15 - INFO - Connected to SQLite database: pb2b/p2p_listings.db
2025-06-20 11:49:15 - INFO - Database tables created successfully
2025-06-20 11:49:15 - INFO - Attempt 1/10: Loading https://www.bybit.com/fiat/trade/otc?actionType=1&token=USDT&fiat=NGN
2025-06-20 11:49:24 - INFO - Screenshot saved as 'pb2b/screenshots/bybit_page_20250620_114924.png'
2025-06-20 11:49:25 - INFO - Fetching BUY listings for USDT/EUR
2025-06-20 11:49:26 - INFO - Data successfully saved to SQLite database. New listings - Bybit: 4, Binance: 6
2025-06-20 11:49:26 - INFO - Browser session closed
2025-06-20 11:49:26 - INFO - SQLite database connection closed
2025-06-20 12:02:51 - INFO - Logging initialized. Log file: pb2b/logs/bybit_scraper_20250620.log
2025-06-20 12:02:52 - INFO - DataSaver logging initialized. Log file: pb2b/logs/data_saver_20250620.log
2025-06-20 12:02:52 - INFO - Connected to SQLite database: pb2b/p2p_listings.db
2025-06-20 12:02:52 - INFO - Database tables created successfully
2025-06-20 12:02:52 - INFO - Attempt 1/10: Loading https://www.bybit.com/fiat/trade/otc?actionType=1&token=USDT&fiat=NGN
2025-06-20 12:03:01 - INFO - Screenshot saved as 'pb2b/screenshots/bybit_page_20250620_120301.png'
2025-06-20 12:03:01 - INFO - Fetching BUY listings for USDT/EUR
2025-06-20 12:03:02 - INFO - Data successfully saved to SQLite database. New listings - Bybit: 4, Binance: 6
2025-06-20 12:03:02 - INFO - Browser session closed
2025-06-20 12:03:02 - INFO - SQLite database connection closed
2025-06-20 13:00:17 - INFO - Logging initialized. Log file: pb2b/logs/bybit_scraper_20250620.log
2025-06-20 13:00:17 - INFO - DataSaver logging initialized. Log file: pb2b/logs/data_saver_20250620.log
2025-06-20 13:00:17 - INFO - Connected to SQLite database: pb2b/p2p_listings.db
2025-06-20 13:00:17 - INFO - Database tables created successfully
2025-06-20 13:00:17 - INFO - Attempt 1/10: Loading https://www.bybit.com/fiat/trade/otc?actionType=1&token=USDT&fiat=NGN
2025-06-20 13:00:28 - INFO - Screenshot saved as 'pb2b/screenshots/bybit_page_20250620_130028.png'
2025-06-20 13:00:29 - INFO - Fetching BUY listings for USDT/EUR
2025-06-20 13:00:29 - INFO - Data successfully saved to SQLite database. New listings - Bybit: 4, Binance: 6
2025-06-20 13:00:29 - INFO - Browser session closed
2025-06-20 13:00:29 - INFO - SQLite database connection closed
2025-06-20 13:40:15 - INFO - Logging initialized. Log file: pb2b/logs/bybit_scraper_20250620.log
2025-06-20 13:40:17 - INFO - DataSaver logging initialized. Log file: pb2b/logs/data_saver_20250620.log
2025-06-20 13:40:17 - INFO - Connected to SQLite database: pb2b/p2p_listings.db
2025-06-20 13:40:17 - INFO - Database tables created successfully
2025-06-20 13:40:17 - INFO - Attempt 1/10: Loading https://www.bybit.com/fiat/trade/otc?actionType=1&token=USDT&fiat=NGN
2025-06-20 13:40:25 - INFO - Screenshot saved as 'pb2b/screenshots/bybit_page_20250620_134025.png'
2025-06-20 13:40:26 - INFO - Fetching BUY listings for USDT/EUR
2025-06-20 13:40:26 - INFO - Data successfully saved to SQLite database. New listings - Bybit: 4, Binance: 6
2025-06-20 13:40:26 - INFO - Browser session closed
2025-06-20 13:40:26 - INFO - SQLite database connection closed
2025-06-20 13:56:31 - INFO - Logging initialized. Log file: pb2b/logs/bybit_scraper_20250620.log
2025-06-20 13:56:32 - INFO - DataSaver logging initialized. Log file: pb2b/logs/data_saver_20250620.log
2025-06-20 13:56:32 - INFO - Connected to SQLite database: pb2b/p2p_listings.db
2025-06-20 13:56:32 - INFO - Database tables created successfully
2025-06-20 13:56:32 - INFO - Attempt 1/10: Loading https://www.bybit.com/fiat/trade/otc?actionType=1&token=USDT&fiat=NGN
2025-06-20 13:56:43 - INFO - Screenshot saved as 'pb2b/screenshots/bybit_page_20250620_135643.png'
2025-06-20 13:56:44 - INFO - Fetching BUY listings for USDT/EUR
2025-06-20 13:56:45 - INFO - Data successfully saved to SQLite database. New listings - Bybit: 4, Binance: 6
2025-06-20 13:56:45 - INFO - Browser session closed
2025-06-20 13:56:45 - INFO - SQLite database connection closed
2025-06-20 14:22:34 - INFO - Logging initialized. Log file: pb2b/logs/bybit_scraper_20250620.log
2025-06-20 14:22:35 - INFO - DataSaver logging initialized. Log file: pb2b/logs/data_saver_20250620.log
2025-06-20 14:22:35 - INFO - Connected to SQLite database: pb2b/p2p_listings.db
2025-06-20 14:22:35 - INFO - Database tables created successfully
2025-06-20 14:22:35 - INFO - Attempt 1/10: Loading https://www.bybit.com/fiat/trade/otc?actionType=1&token=USDT&fiat=NGN
2025-06-20 14:22:46 - INFO - Screenshot saved as 'pb2b/screenshots/bybit_page_20250620_142246.png'
2025-06-20 14:22:47 - INFO - Fetching BUY listings for USDT/EUR
2025-06-20 14:22:47 - INFO - Data successfully saved to SQLite database. New listings - Bybit: 4, Binance: 6
2025-06-20 14:22:48 - INFO - Browser session closed
2025-06-20 14:22:48 - INFO - SQLite database connection closed
2025-06-20 14:44:34 - INFO - Logging initialized. Log file: pb2b/logs/bybit_scraper_20250620.log
2025-06-20 14:44:35 - INFO - DataSaver logging initialized. Log file: pb2b/logs/data_saver_20250620.log
2025-06-20 14:44:35 - INFO - Connected to SQLite database: pb2b/p2p_listings.db
2025-06-20 14:44:35 - INFO - Database tables created successfully
2025-06-20 14:44:35 - INFO - Attempt 1/10: Loading https://www.bybit.com/fiat/trade/otc?actionType=1&token=USDT&fiat=NGN
2025-06-20 14:44:44 - INFO - Screenshot saved as 'pb2b/screenshots/bybit_page_20250620_144444.png'
2025-06-20 14:44:45 - INFO - Fetching BUY listings for USDT/EUR
2025-06-20 14:44:45 - INFO - Data successfully saved to SQLite database. New listings - Bybit: 4, Binance: 6
2025-06-20 14:44:46 - INFO - Browser session closed
2025-06-20 14:44:46 - INFO - SQLite database connection closed
2025-06-20 14:57:49 - INFO - Logging initialized. Log file: pb2b/logs/bybit_scraper_20250620.log
2025-06-20 14:57:50 - INFO - DataSaver logging initialized. Log file: pb2b/logs/data_saver_20250620.log
2025-06-20 14:57:50 - INFO - Connected to SQLite database: pb2b/p2p_listings.db
2025-06-20 14:57:50 - INFO - Database tables created successfully
2025-06-20 14:57:50 - INFO - Attempt 1/10: Loading https://www.bybit.com/fiat/trade/otc?actionType=1&token=USDT&fiat=NGN
2025-06-20 14:59:53 - INFO - Screenshot saved as 'pb2b/screenshots/bybit_page_20250620_145952.png'
2025-06-20 14:59:53 - INFO - Fetching BUY listings for USDT/EUR
2025-06-20 14:59:54 - INFO - Data successfully saved to SQLite database. New listings - Bybit: 4, Binance: 6
2025-06-20 14:59:54 - INFO - Browser session closed
2025-06-20 14:59:54 - INFO - SQLite database connection closed
2025-06-20 15:30:07 - INFO - Logging initialized. Log file: pb2b/logs/bybit_scraper_20250620.log
2025-06-20 15:30:07 - INFO - DataSaver logging initialized. Log file: pb2b/logs/data_saver_20250620.log
2025-06-20 15:30:07 - INFO - Connected to SQLite database: pb2b/p2p_listings.db
2025-06-20 15:30:07 - INFO - Database tables created successfully
2025-06-20 15:30:07 - INFO - Attempt 1/10: Loading https://www.bybit.com/fiat/trade/otc?actionType=1&token=USDT&fiat=NGN
2025-06-20 15:32:07 - ERROR - Unexpected error: HTTPConnectionPool(host='localhost', port=59973): Read timed out. (read timeout=120)
2025-06-20 15:32:07 - INFO - Fetching BUY listings for USDT/EUR
2025-06-20 15:32:08 - INFO - Data successfully saved to SQLite database. New listings - Bybit: 0, Binance: 6
2025-06-20 15:34:08 - WARNING - Retrying (Retry(total=2, connect=None, read=None, redirect=None, status=None)) after connection broken by 'ReadTimeoutError("HTTPConnectionPool(host='localhost', port=59973): Read timed out. (read timeout=120)")': /session/a5173e3857879c7ec03c3ad19e3d438f
2025-06-20 15:35:07 - INFO - Browser session closed
2025-06-20 15:35:07 - INFO - SQLite database connection closed
2025-06-20 15:48:16 - INFO - Logging initialized. Log file: pb2b/logs/bybit_scraper_20250620.log
2025-06-20 15:48:17 - INFO - DataSaver logging initialized. Log file: pb2b/logs/data_saver_20250620.log
2025-06-20 15:48:17 - INFO - Connected to SQLite database: pb2b/p2p_listings.db
2025-06-20 15:48:17 - INFO - Database tables created successfully
2025-06-20 15:48:17 - INFO - Attempt 1/10: Loading https://www.bybit.com/fiat/trade/otc?actionType=1&token=USDT&fiat=NGN
2025-06-20 15:48:28 - INFO - Screenshot saved as 'pb2b/screenshots/bybit_page_20250620_154828.png'
2025-06-20 15:48:28 - INFO - Fetching BUY listings for USDT/EUR
2025-06-20 15:48:29 - INFO - Data successfully saved to SQLite database. New listings - Bybit: 4, Binance: 6
2025-06-20 15:48:29 - INFO - Browser session closed
2025-06-20 15:48:29 - INFO - SQLite database connection closed
2025-06-20 16:02:07 - INFO - Logging initialized. Log file: pb2b/logs/bybit_scraper_20250620.log
2025-06-20 16:02:08 - INFO - DataSaver logging initialized. Log file: pb2b/logs/data_saver_20250620.log
2025-06-20 16:02:08 - INFO - Connected to SQLite database: pb2b/p2p_listings.db
2025-06-20 16:02:08 - INFO - Database tables created successfully
2025-06-20 16:02:08 - INFO - Attempt 1/10: Loading https://www.bybit.com/fiat/trade/otc?actionType=1&token=USDT&fiat=NGN
2025-06-20 16:02:21 - INFO - Screenshot saved as 'pb2b/screenshots/bybit_page_20250620_160221.png'
2025-06-20 16:02:21 - INFO - Fetching BUY listings for USDT/EUR
2025-06-20 16:02:22 - INFO - Data successfully saved to SQLite database. New listings - Bybit: 4, Binance: 6
2025-06-20 16:02:22 - INFO - Browser session closed
2025-06-20 16:02:22 - INFO - SQLite database connection closed
2025-06-20 16:39:41 - INFO - Logging initialized. Log file: pb2b/logs/bybit_scraper_20250620.log
2025-06-20 16:39:41 - INFO - DataSaver logging initialized. Log file: pb2b/logs/data_saver_20250620.log
2025-06-20 16:39:41 - INFO - Connected to SQLite database: pb2b/p2p_listings.db
2025-06-20 16:39:41 - INFO - Database tables created successfully
2025-06-20 16:39:41 - INFO - Attempt 1/10: Loading https://www.bybit.com/fiat/trade/otc?actionType=1&token=USDT&fiat=NGN
2025-06-20 16:39:51 - INFO - Screenshot saved as 'pb2b/screenshots/bybit_page_20250620_163951.png'
2025-06-20 16:39:51 - INFO - Fetching BUY listings for USDT/EUR
2025-06-20 16:39:51 - INFO - Data successfully saved to SQLite database. New listings - Bybit: 4, Binance: 6
2025-06-20 16:39:52 - INFO - Browser session closed
2025-06-20 16:39:52 - INFO - SQLite database connection closed
2025-06-20 16:58:30 - INFO - Logging initialized. Log file: pb2b/logs/bybit_scraper_20250620.log
2025-06-20 16:58:31 - INFO - DataSaver logging initialized. Log file: pb2b/logs/data_saver_20250620.log
2025-06-20 16:58:31 - INFO - Connected to SQLite database: pb2b/p2p_listings.db
2025-06-20 16:58:31 - INFO - Database tables created successfully
2025-06-20 16:58:31 - INFO - Attempt 1/10: Loading https://www.bybit.com/fiat/trade/otc?actionType=1&token=USDT&fiat=NGN
2025-06-20 16:58:44 - INFO - Screenshot saved as 'pb2b/screenshots/bybit_page_20250620_165844.png'
2025-06-20 16:58:44 - INFO - Fetching BUY listings for USDT/EUR
2025-06-20 16:58:45 - INFO - Data successfully saved to SQLite database. New listings - Bybit: 4, Binance: 6
2025-06-20 16:58:45 - INFO - Browser session closed
2025-06-20 16:58:45 - INFO - SQLite database connection closed
2025-06-20 17:25:10 - INFO - Logging initialized. Log file: pb2b/logs/bybit_scraper_20250620.log
2025-06-20 17:25:11 - INFO - DataSaver logging initialized. Log file: pb2b/logs/data_saver_20250620.log
2025-06-20 17:25:11 - INFO - Connected to SQLite database: pb2b/p2p_listings.db
2025-06-20 17:25:11 - INFO - Database tables created successfully
2025-06-20 17:25:11 - INFO - Attempt 1/10: Loading https://www.bybit.com/fiat/trade/otc?actionType=1&token=USDT&fiat=NGN
2025-06-20 17:26:25 - INFO - Screenshot saved as 'pb2b/screenshots/bybit_page_20250620_172625.png'
2025-06-20 17:26:26 - INFO - Fetching BUY listings for USDT/EUR
2025-06-20 17:26:27 - INFO - Data successfully saved to SQLite database. New listings - Bybit: 4, Binance: 6
2025-06-20 17:26:27 - INFO - Browser session closed
2025-06-20 17:26:27 - INFO - SQLite database connection closed
2025-06-20 17:43:58 - INFO - Logging initialized. Log file: pb2b/logs/bybit_scraper_20250620.log
2025-06-20 17:43:59 - INFO - DataSaver logging initialized. Log file: pb2b/logs/data_saver_20250620.log
2025-06-20 17:43:59 - INFO - Connected to SQLite database: pb2b/p2p_listings.db
2025-06-20 17:43:59 - INFO - Database tables created successfully
2025-06-20 17:43:59 - INFO - Attempt 1/10: Loading https://www.bybit.com/fiat/trade/otc?actionType=1&token=USDT&fiat=NGN
2025-06-20 17:44:15 - INFO - Screenshot saved as 'pb2b/screenshots/bybit_page_20250620_174415.png'
2025-06-20 17:44:15 - INFO - Fetching BUY listings for USDT/EUR
2025-06-20 17:44:16 - INFO - Data successfully saved to SQLite database. New listings - Bybit: 4, Binance: 6
2025-06-20 17:44:16 - INFO - Browser session closed
2025-06-20 17:44:16 - INFO - SQLite database connection closed
2025-06-20 17:57:44 - INFO - Logging initialized. Log file: pb2b/logs/bybit_scraper_20250620.log
2025-06-20 17:57:45 - INFO - DataSaver logging initialized. Log file: pb2b/logs/data_saver_20250620.log
2025-06-20 17:57:45 - INFO - Connected to SQLite database: pb2b/p2p_listings.db
2025-06-20 17:57:45 - INFO - Database tables created successfully
2025-06-20 17:57:45 - INFO - Attempt 1/10: Loading https://www.bybit.com/fiat/trade/otc?actionType=1&token=USDT&fiat=NGN
2025-06-20 17:57:53 - INFO - Screenshot saved as 'pb2b/screenshots/bybit_page_20250620_175753.png'
2025-06-20 17:57:54 - INFO - Fetching BUY listings for USDT/EUR
2025-06-20 17:57:55 - INFO - Data successfully saved to SQLite database. New listings - Bybit: 4, Binance: 6
2025-06-20 17:57:55 - INFO - Browser session closed
2025-06-20 17:57:55 - INFO - SQLite database connection closed
2025-06-20 18:38:12 - INFO - Logging initialized. Log file: pb2b/logs/bybit_scraper_20250620.log
2025-06-20 18:38:13 - INFO - DataSaver logging initialized. Log file: pb2b/logs/data_saver_20250620.log
2025-06-20 18:38:13 - INFO - Connected to SQLite database: pb2b/p2p_listings.db
2025-06-20 18:38:13 - INFO - Database tables created successfully
2025-06-20 18:38:13 - INFO - Attempt 1/10: Loading https://www.bybit.com/fiat/trade/otc?actionType=1&token=USDT&fiat=NGN
2025-06-20 18:38:23 - INFO - Screenshot saved as 'pb2b/screenshots/bybit_page_20250620_183823.png'
2025-06-20 18:38:23 - INFO - Fetching BUY listings for USDT/EUR
2025-06-20 18:38:24 - INFO - Data successfully saved to SQLite database. New listings - Bybit: 4, Binance: 6
2025-06-20 18:38:24 - INFO - Browser session closed
2025-06-20 18:38:24 - INFO - SQLite database connection closed
2025-06-20 18:56:38 - INFO - Logging initialized. Log file: pb2b/logs/bybit_scraper_20250620.log
2025-06-20 18:56:39 - INFO - DataSaver logging initialized. Log file: pb2b/logs/data_saver_20250620.log
2025-06-20 18:56:39 - INFO - Connected to SQLite database: pb2b/p2p_listings.db
2025-06-20 18:56:39 - INFO - Database tables created successfully
2025-06-20 18:56:39 - INFO - Attempt 1/10: Loading https://www.bybit.com/fiat/trade/otc?actionType=1&token=USDT&fiat=NGN
2025-06-20 18:56:47 - INFO - Screenshot saved as 'pb2b/screenshots/bybit_page_20250620_185647.png'
2025-06-20 18:56:47 - INFO - Fetching BUY listings for USDT/EUR
2025-06-20 18:56:48 - INFO - Data successfully saved to SQLite database. New listings - Bybit: 4, Binance: 6
2025-06-20 18:56:48 - INFO - Browser session closed
2025-06-20 18:56:48 - INFO - SQLite database connection closed
2025-06-20 19:22:09 - INFO - Logging initialized. Log file: pb2b/logs/bybit_scraper_20250620.log
2025-06-20 19:22:10 - INFO - DataSaver logging initialized. Log file: pb2b/logs/data_saver_20250620.log
2025-06-20 19:22:10 - INFO - Connected to SQLite database: pb2b/p2p_listings.db
2025-06-20 19:22:10 - INFO - Database tables created successfully
2025-06-20 19:22:10 - INFO - Attempt 1/10: Loading https://www.bybit.com/fiat/trade/otc?actionType=1&token=USDT&fiat=NGN
2025-06-20 19:22:18 - INFO - Screenshot saved as 'pb2b/screenshots/bybit_page_20250620_192218.png'
2025-06-20 19:22:19 - INFO - Fetching BUY listings for USDT/EUR
2025-06-20 19:22:20 - INFO - Data successfully saved to SQLite database. New listings - Bybit: 4, Binance: 6
2025-06-20 19:22:20 - INFO - Browser session closed
2025-06-20 19:22:20 - INFO - SQLite database connection closed
2025-06-20 19:35:33 - INFO - Logging initialized. Log file: pb2b/logs/bybit_scraper_20250620.log
2025-06-20 19:35:35 - INFO - DataSaver logging initialized. Log file: pb2b/logs/data_saver_20250620.log
2025-06-20 19:35:35 - INFO - Connected to SQLite database: pb2b/p2p_listings.db
2025-06-20 19:35:35 - INFO - Database tables created successfully
2025-06-20 19:35:35 - INFO - Attempt 1/10: Loading https://www.bybit.com/fiat/trade/otc?actionType=1&token=USDT&fiat=NGN
2025-06-20 19:37:35 - ERROR - Unexpected error: HTTPConnectionPool(host='localhost', port=60423): Read timed out. (read timeout=120)
2025-06-20 19:37:35 - INFO - Fetching BUY listings for USDT/EUR
2025-06-20 19:37:36 - INFO - Data successfully saved to SQLite database. New listings - Bybit: 0, Binance: 6
2025-06-20 19:39:36 - WARNING - Retrying (Retry(total=2, connect=None, read=None, redirect=None, status=None)) after connection broken by 'ReadTimeoutError("HTTPConnectionPool(host='localhost', port=60423): Read timed out. (read timeout=120)")': /session/58121a3d864bddb1568cbd7910af0621
2025-06-20 19:40:35 - INFO - Browser session closed
2025-06-20 19:40:35 - INFO - SQLite database connection closed
2025-06-20 19:48:56 - INFO - Logging initialized. Log file: pb2b/logs/bybit_scraper_20250620.log
2025-06-20 19:48:57 - INFO - DataSaver logging initialized. Log file: pb2b/logs/data_saver_20250620.log
2025-06-20 19:48:57 - INFO - Connected to SQLite database: pb2b/p2p_listings.db
2025-06-20 19:48:57 - INFO - Database tables created successfully
2025-06-20 19:48:57 - INFO - Attempt 1/10: Loading https://www.bybit.com/fiat/trade/otc?actionType=1&token=USDT&fiat=NGN
2025-06-20 19:49:05 - INFO - Screenshot saved as 'pb2b/screenshots/bybit_page_20250620_194905.png'
2025-06-20 19:49:06 - INFO - Fetching BUY listings for USDT/EUR
2025-06-20 19:49:06 - INFO - Data successfully saved to SQLite database. New listings - Bybit: 4, Binance: 6
2025-06-20 19:49:06 - INFO - Browser session closed
2025-06-20 19:49:06 - INFO - SQLite database connection closed
2025-06-20 20:01:42 - INFO - Logging initialized. Log file: pb2b/logs/bybit_scraper_20250620.log
2025-06-20 20:01:43 - INFO - DataSaver logging initialized. Log file: pb2b/logs/data_saver_20250620.log
2025-06-20 20:01:43 - INFO - Connected to SQLite database: pb2b/p2p_listings.db
2025-06-20 20:01:43 - INFO - Database tables created successfully
2025-06-20 20:01:43 - INFO - Attempt 1/10: Loading https://www.bybit.com/fiat/trade/otc?actionType=1&token=USDT&fiat=NGN
2025-06-20 20:01:51 - INFO - Screenshot saved as 'pb2b/screenshots/bybit_page_20250620_200151.png'
2025-06-20 20:01:51 - INFO - Fetching BUY listings for USDT/EUR
2025-06-20 20:01:52 - INFO - Data successfully saved to SQLite database. New listings - Bybit: 4, Binance: 6
2025-06-20 20:01:52 - INFO - Browser session closed
2025-06-20 20:01:52 - INFO - SQLite database connection closed
2025-06-20 20:32:31 - INFO - Logging initialized. Log file: pb2b/logs/bybit_scraper_20250620.log
2025-06-20 20:32:32 - INFO - DataSaver logging initialized. Log file: pb2b/logs/data_saver_20250620.log
2025-06-20 20:32:32 - INFO - Connected to SQLite database: pb2b/p2p_listings.db
2025-06-20 20:32:32 - INFO - Database tables created successfully
2025-06-20 20:32:32 - INFO - Attempt 1/10: Loading https://www.bybit.com/fiat/trade/otc?actionType=1&token=USDT&fiat=NGN
2025-06-20 20:32:41 - INFO - Screenshot saved as 'pb2b/screenshots/bybit_page_20250620_203241.png'
2025-06-20 20:32:42 - INFO - Fetching BUY listings for USDT/EUR
2025-06-20 20:32:42 - INFO - Data successfully saved to SQLite database. New listings - Bybit: 4, Binance: 6
2025-06-20 20:32:42 - INFO - Browser session closed
2025-06-20 20:32:42 - INFO - SQLite database connection closed
2025-06-20 20:50:30 - INFO - Logging initialized. Log file: pb2b/logs/bybit_scraper_20250620.log
2025-06-20 20:50:31 - INFO - DataSaver logging initialized. Log file: pb2b/logs/data_saver_20250620.log
2025-06-20 20:50:31 - INFO - Connected to SQLite database: pb2b/p2p_listings.db
2025-06-20 20:50:31 - INFO - Database tables created successfully
2025-06-20 20:50:31 - INFO - Attempt 1/10: Loading https://www.bybit.com/fiat/trade/otc?actionType=1&token=USDT&fiat=NGN
2025-06-20 20:50:44 - INFO - Screenshot saved as 'pb2b/screenshots/bybit_page_20250620_205044.png'
2025-06-20 20:50:44 - INFO - Fetching BUY listings for USDT/EUR
2025-06-20 20:50:45 - INFO - Data successfully saved to SQLite database. New listings - Bybit: 4, Binance: 6
2025-06-20 20:50:45 - INFO - Browser session closed
2025-06-20 20:50:45 - INFO - SQLite database connection closed
2025-06-20 21:02:25 - INFO - Logging initialized. Log file: pb2b/logs/bybit_scraper_20250620.log
2025-06-20 21:02:26 - INFO - DataSaver logging initialized. Log file: pb2b/logs/data_saver_20250620.log
2025-06-20 21:02:26 - INFO - Connected to SQLite database: pb2b/p2p_listings.db
2025-06-20 21:02:26 - INFO - Database tables created successfully
2025-06-20 21:02:26 - INFO - Attempt 1/10: Loading https://www.bybit.com/fiat/trade/otc?actionType=1&token=USDT&fiat=NGN
2025-06-20 21:02:45 - INFO - Screenshot saved as 'pb2b/screenshots/bybit_page_20250620_210245.png'
2025-06-20 21:02:46 - INFO - Fetching BUY listings for USDT/EUR
2025-06-20 21:02:46 - INFO - Data successfully saved to SQLite database. New listings - Bybit: 4, Binance: 6
2025-06-20 21:02:46 - INFO - Browser session closed
2025-06-20 21:02:46 - INFO - SQLite database connection closed
2025-06-20 21:28:15 - INFO - Logging initialized. Log file: pb2b/logs/bybit_scraper_20250620.log
2025-06-20 21:28:16 - INFO - DataSaver logging initialized. Log file: pb2b/logs/data_saver_20250620.log
2025-06-20 21:28:16 - INFO - Connected to SQLite database: pb2b/p2p_listings.db
2025-06-20 21:28:16 - INFO - Database tables created successfully
2025-06-20 21:28:16 - INFO - Attempt 1/10: Loading https://www.bybit.com/fiat/trade/otc?actionType=1&token=USDT&fiat=NGN
2025-06-20 21:28:24 - INFO - Screenshot saved as 'pb2b/screenshots/bybit_page_20250620_212824.png'
2025-06-20 21:28:25 - INFO - Fetching BUY listings for USDT/EUR
2025-06-20 21:28:25 - INFO - Data successfully saved to SQLite database. New listings - Bybit: 4, Binance: 6
2025-06-20 21:28:25 - INFO - Browser session closed
2025-06-20 21:28:25 - INFO - SQLite database connection closed
2025-06-20 21:44:32 - INFO - Logging initialized. Log file: pb2b/logs/bybit_scraper_20250620.log
2025-06-20 21:44:33 - INFO - DataSaver logging initialized. Log file: pb2b/logs/data_saver_20250620.log
2025-06-20 21:44:33 - INFO - Connected to SQLite database: pb2b/p2p_listings.db
2025-06-20 21:44:33 - INFO - Database tables created successfully
2025-06-20 21:44:33 - INFO - Attempt 1/10: Loading https://www.bybit.com/fiat/trade/otc?actionType=1&token=USDT&fiat=NGN
2025-06-20 21:44:41 - INFO - Screenshot saved as 'pb2b/screenshots/bybit_page_20250620_214441.png'
2025-06-20 21:44:42 - INFO - Fetching BUY listings for USDT/EUR
2025-06-20 21:44:43 - INFO - Data successfully saved to SQLite database. New listings - Bybit: 4, Binance: 6
2025-06-20 21:44:43 - INFO - Browser session closed
2025-06-20 21:44:43 - INFO - SQLite database connection closed
2025-06-20 21:57:31 - INFO - Logging initialized. Log file: pb2b/logs/bybit_scraper_20250620.log
2025-06-20 21:57:33 - INFO - DataSaver logging initialized. Log file: pb2b/logs/data_saver_20250620.log
2025-06-20 21:57:33 - INFO - Connected to SQLite database: pb2b/p2p_listings.db
2025-06-20 21:57:33 - INFO - Database tables created successfully
2025-06-20 21:57:33 - INFO - Attempt 1/10: Loading https://www.bybit.com/fiat/trade/otc?actionType=1&token=USDT&fiat=NGN
2025-06-20 21:57:44 - INFO - Screenshot saved as 'pb2b/screenshots/bybit_page_20250620_215744.png'
2025-06-20 21:57:45 - INFO - Fetching BUY listings for USDT/EUR
2025-06-20 21:57:45 - INFO - Data successfully saved to SQLite database. New listings - Bybit: 4, Binance: 6
2025-06-20 21:57:45 - INFO - Browser session closed
2025-06-20 21:57:45 - INFO - SQLite database connection closed
2025-06-20 22:28:16 - INFO - Logging initialized. Log file: pb2b/logs/bybit_scraper_20250620.log
2025-06-20 22:28:17 - INFO - DataSaver logging initialized. Log file: pb2b/logs/data_saver_20250620.log
2025-06-20 22:28:17 - INFO - Connected to SQLite database: pb2b/p2p_listings.db
2025-06-20 22:28:17 - INFO - Database tables created successfully
2025-06-20 22:28:17 - INFO - Attempt 1/10: Loading https://www.bybit.com/fiat/trade/otc?actionType=1&token=USDT&fiat=NGN
2025-06-20 22:28:24 - INFO - Screenshot saved as 'pb2b/screenshots/bybit_page_20250620_222824.png'
2025-06-20 22:28:25 - INFO - Fetching BUY listings for USDT/EUR
2025-06-20 22:28:25 - INFO - Data successfully saved to SQLite database. New listings - Bybit: 4, Binance: 6
2025-06-20 22:28:25 - INFO - Browser session closed
2025-06-20 22:28:25 - INFO - SQLite database connection closed
2025-06-20 22:48:12 - INFO - Logging initialized. Log file: pb2b/logs/bybit_scraper_20250620.log
2025-06-20 22:48:13 - INFO - DataSaver logging initialized. Log file: pb2b/logs/data_saver_20250620.log
2025-06-20 22:48:13 - INFO - Connected to SQLite database: pb2b/p2p_listings.db
2025-06-20 22:48:13 - INFO - Database tables created successfully
2025-06-20 22:48:13 - INFO - Attempt 1/10: Loading https://www.bybit.com/fiat/trade/otc?actionType=1&token=USDT&fiat=NGN
2025-06-20 22:48:22 - INFO - Screenshot saved as 'pb2b/screenshots/bybit_page_20250620_224822.png'
2025-06-20 22:48:23 - INFO - Fetching BUY listings for USDT/EUR
2025-06-20 22:48:24 - INFO - Data successfully saved to SQLite database. New listings - Bybit: 4, Binance: 6
2025-06-20 22:48:24 - INFO - Browser session closed
2025-06-20 22:48:24 - INFO - SQLite database connection closed
2025-06-20 23:00:30 - INFO - Logging initialized. Log file: pb2b/logs/bybit_scraper_20250620.log
2025-06-20 23:00:31 - INFO - DataSaver logging initialized. Log file: pb2b/logs/data_saver_20250620.log
2025-06-20 23:00:31 - INFO - Connected to SQLite database: pb2b/p2p_listings.db
2025-06-20 23:00:31 - INFO - Database tables created successfully
2025-06-20 23:00:31 - INFO - Attempt 1/10: Loading https://www.bybit.com/fiat/trade/otc?actionType=1&token=USDT&fiat=NGN
2025-06-20 23:00:40 - INFO - Screenshot saved as 'pb2b/screenshots/bybit_page_20250620_230040.png'
2025-06-20 23:00:41 - INFO - Fetching BUY listings for USDT/EUR
2025-06-20 23:00:41 - INFO - Data successfully saved to SQLite database. New listings - Bybit: 4, Binance: 6
2025-06-20 23:00:41 - INFO - Browser session closed
2025-06-20 23:00:41 - INFO - SQLite database connection closed
2025-06-20 23:29:07 - INFO - Logging initialized. Log file: pb2b/logs/bybit_scraper_20250620.log
2025-06-20 23:29:08 - INFO - DataSaver logging initialized. Log file: pb2b/logs/data_saver_20250620.log
2025-06-20 23:29:08 - INFO - Connected to SQLite database: pb2b/p2p_listings.db
2025-06-20 23:29:08 - INFO - Database tables created successfully
2025-06-20 23:29:08 - INFO - Attempt 1/10: Loading https://www.bybit.com/fiat/trade/otc?actionType=1&token=USDT&fiat=NGN
2025-06-20 23:29:16 - INFO - Screenshot saved as 'pb2b/screenshots/bybit_page_20250620_232916.png'
2025-06-20 23:29:17 - INFO - Fetching BUY listings for USDT/EUR
2025-06-20 23:29:17 - INFO - Data successfully saved to SQLite database. New listings - Bybit: 4, Binance: 6
2025-06-20 23:29:17 - INFO - Browser session closed
2025-06-20 23:29:17 - INFO - SQLite database connection closed
2025-06-20 23:46:51 - INFO - Logging initialized. Log file: pb2b/logs/bybit_scraper_20250620.log
2025-06-20 23:46:51 - INFO - DataSaver logging initialized. Log file: pb2b/logs/data_saver_20250620.log
2025-06-20 23:46:51 - INFO - Connected to SQLite database: pb2b/p2p_listings.db
2025-06-20 23:46:51 - INFO - Database tables created successfully
2025-06-20 23:46:51 - INFO - Attempt 1/10: Loading https://www.bybit.com/fiat/trade/otc?actionType=1&token=USDT&fiat=NGN
2025-06-20 23:47:00 - INFO - Screenshot saved as 'pb2b/screenshots/bybit_page_20250620_234700.png'
2025-06-20 23:47:01 - INFO - Fetching BUY listings for USDT/EUR
2025-06-20 23:47:01 - INFO - Data successfully saved to SQLite database. New listings - Bybit: 4, Binance: 6
2025-06-20 23:47:02 - INFO - Browser session closed
2025-06-20 23:47:02 - INFO - SQLite database connection closed
