2025-04-26 01:40:59 - INFO - Logging initialized. Log file: pb2b/logs/bybit_scraper_20250426.log
2025-04-26 01:41:00 - INFO - DataSaver logging initialized. Log file: pb2b/logs/data_saver_20250426.log
2025-04-26 01:41:00 - INFO - Connected to SQLite database: pb2b/p2p_listings.db
2025-04-26 01:41:00 - INFO - Database tables created successfully
2025-04-26 01:41:00 - INFO - Attempt 1/10: Loading https://www.bybit.com/fiat/trade/otc?actionType=1&token=USDT&fiat=NGN
2025-04-26 01:41:09 - INFO - Screenshot saved as 'pb2b/screenshots/bybit_page_20250426_014109.png'
2025-04-26 01:41:09 - INFO - Fetching BUY listings for USDT/EUR
2025-04-26 01:41:10 - INFO - Data successfully saved to SQLite database. New listings - Bybit: 4, Binance: 6
2025-04-26 01:41:11 - INFO - Browser session closed
2025-04-26 01:41:11 - INFO - SQLite database connection closed
2025-04-26 02:52:38 - INFO - Logging initialized. Log file: pb2b/logs/bybit_scraper_20250426.log
2025-04-26 02:52:39 - INFO - DataSaver logging initialized. Log file: pb2b/logs/data_saver_20250426.log
2025-04-26 02:52:39 - INFO - Connected to SQLite database: pb2b/p2p_listings.db
2025-04-26 02:52:39 - INFO - Database tables created successfully
2025-04-26 02:52:39 - INFO - Attempt 1/10: Loading https://www.bybit.com/fiat/trade/otc?actionType=1&token=USDT&fiat=NGN
2025-04-26 02:52:50 - INFO - Screenshot saved as 'pb2b/screenshots/bybit_page_20250426_025250.png'
2025-04-26 02:52:50 - INFO - Fetching BUY listings for USDT/EUR
2025-04-26 02:52:51 - INFO - Data successfully saved to SQLite database. New listings - Bybit: 4, Binance: 6
2025-04-26 02:52:51 - INFO - Browser session closed
2025-04-26 02:52:51 - INFO - SQLite database connection closed
2025-04-26 03:31:42 - INFO - Logging initialized. Log file: pb2b/logs/bybit_scraper_20250426.log
2025-04-26 03:31:43 - INFO - DataSaver logging initialized. Log file: pb2b/logs/data_saver_20250426.log
2025-04-26 03:31:43 - INFO - Connected to SQLite database: pb2b/p2p_listings.db
2025-04-26 03:31:43 - INFO - Database tables created successfully
2025-04-26 03:31:43 - INFO - Attempt 1/10: Loading https://www.bybit.com/fiat/trade/otc?actionType=1&token=USDT&fiat=NGN
2025-04-26 03:31:59 - INFO - Screenshot saved as 'pb2b/screenshots/bybit_page_20250426_033158.png'
2025-04-26 03:31:59 - INFO - Fetching BUY listings for USDT/EUR
2025-04-26 03:31:59 - INFO - Data successfully saved to SQLite database. New listings - Bybit: 4, Binance: 6
2025-04-26 03:32:00 - INFO - Browser session closed
2025-04-26 03:32:00 - INFO - SQLite database connection closed
2025-04-26 03:53:36 - INFO - Logging initialized. Log file: pb2b/logs/bybit_scraper_20250426.log
2025-04-26 03:53:36 - INFO - DataSaver logging initialized. Log file: pb2b/logs/data_saver_20250426.log
2025-04-26 03:53:37 - INFO - Connected to SQLite database: pb2b/p2p_listings.db
2025-04-26 03:53:37 - INFO - Database tables created successfully
2025-04-26 03:53:37 - INFO - Attempt 1/10: Loading https://www.bybit.com/fiat/trade/otc?actionType=1&token=USDT&fiat=NGN
2025-04-26 03:53:46 - INFO - Screenshot saved as 'pb2b/screenshots/bybit_page_20250426_035346.png'
2025-04-26 03:53:46 - INFO - Fetching BUY listings for USDT/EUR
2025-04-26 03:53:47 - INFO - Data successfully saved to SQLite database. New listings - Bybit: 4, Binance: 6
2025-04-26 03:53:47 - INFO - Browser session closed
2025-04-26 03:53:47 - INFO - SQLite database connection closed
2025-04-26 04:21:23 - INFO - Logging initialized. Log file: pb2b/logs/bybit_scraper_20250426.log
2025-04-26 04:21:24 - INFO - DataSaver logging initialized. Log file: pb2b/logs/data_saver_20250426.log
2025-04-26 04:21:24 - INFO - Connected to SQLite database: pb2b/p2p_listings.db
2025-04-26 04:21:24 - INFO - Database tables created successfully
2025-04-26 04:21:24 - INFO - Attempt 1/10: Loading https://www.bybit.com/fiat/trade/otc?actionType=1&token=USDT&fiat=NGN
2025-04-26 04:21:35 - INFO - Screenshot saved as 'pb2b/screenshots/bybit_page_20250426_042134.png'
2025-04-26 04:21:35 - INFO - Fetching BUY listings for USDT/EUR
2025-04-26 04:21:36 - INFO - Data successfully saved to SQLite database. New listings - Bybit: 4, Binance: 6
2025-04-26 04:21:36 - INFO - Browser session closed
2025-04-26 04:21:36 - INFO - SQLite database connection closed
