2025-12-21 01:05:20 - INFO - Logging initialized. Log file: pb2b/logs/bybit_scraper_20251221.log
2025-12-21 01:05:21 - INFO - DataSaver logging initialized. Log file: pb2b/logs/data_saver_20251221.log
2025-12-21 01:05:21 - INFO - Connected to SQLite database: pb2b/p2p_listings.db
2025-12-21 01:05:21 - INFO - Database tables created successfully
2025-12-21 01:05:21 - INFO - Attempt 1/10: Loading https://www.bybit.com/fiat/trade/otc?actionType=1&token=USDT&fiat=NGN
2025-12-21 01:05:33 - INFO - Screenshot saved as 'pb2b/screenshots/bybit_page_20251221_010533.png'
2025-12-21 01:05:34 - WARNING - Error parsing row: Message: no such element: Unable to locate element: {"method":"css selector","selector":"td:nth-child(2)"}
  (Session info: chrome=143.0.7499.169); For documentation on this error, please visit: https://www.selenium.dev/documentation/webdriver/troubleshooting/errors#nosuchelementexception
Stacktrace:
#0 0x5584774c519a <unknown>
#1 0x558476f42c4b <unknown>
#2 0x558476f94318 <unknown>
#3 0x558476f94551 <unknown>
#4 0x558476f88586 <unknown>
#5 0x558476f88477 <unknown>
#6 0x558476fdfbee <unknown>
#7 0x558476f86c42 <unknown>
#8 0x558476f878f1 <unknown>
#9 0x55847748df39 <unknown>
#10 0x558477490e7d <unknown>
#11 0x558477476c81 <unknown>
#12 0x558477491a5b <unknown>
#13 0x55847745da50 <unknown>
#14 0x5584774b2aa8 <unknown>
#15 0x5584774b2c79 <unknown>
#16 0x5584774c44f3 <unknown>
#17 0x7f3f69e9caa4 <unknown>
#18 0x7f3f69f29c6c <unknown>

2025-12-21 01:05:34 - INFO - Fetching BUY listings for USDT/EUR
2025-12-21 01:05:35 - INFO - Data successfully saved to SQLite database. New listings - Bybit: 4, Binance: 6
2025-12-21 01:05:35 - INFO - Browser session closed
2025-12-21 01:05:35 - INFO - SQLite database connection closed
