2025-05-17 00:57:41 - INFO - Logging initialized. Log file: pb2b/logs/bybit_scraper_20250517.log
2025-05-17 00:57:42 - INFO - DataSaver logging initialized. Log file: pb2b/logs/data_saver_20250517.log
2025-05-17 00:57:42 - INFO - Connected to SQLite database: pb2b/p2p_listings.db
2025-05-17 00:57:42 - INFO - Database tables created successfully
2025-05-17 00:57:42 - INFO - Attempt 1/10: Loading https://www.bybit.com/fiat/trade/otc?actionType=1&token=USDT&fiat=NGN
2025-05-17 00:57:52 - INFO - Screenshot saved as 'pb2b/screenshots/bybit_page_20250517_005752.png'
2025-05-17 00:57:53 - INFO - Fetching BUY listings for USDT/EUR
2025-05-17 00:57:54 - INFO - Data successfully saved to SQLite database. New listings - Bybit: 4, Binance: 6
2025-05-17 00:57:54 - INFO - Browser session closed
2025-05-17 00:57:54 - INFO - SQLite database connection closed
2025-05-17 02:42:28 - INFO - Logging initialized. Log file: pb2b/logs/bybit_scraper_20250517.log
2025-05-17 02:42:29 - INFO - DataSaver logging initialized. Log file: pb2b/logs/data_saver_20250517.log
2025-05-17 02:42:29 - INFO - Connected to SQLite database: pb2b/p2p_listings.db
2025-05-17 02:42:29 - INFO - Database tables created successfully
2025-05-17 02:42:29 - INFO - Attempt 1/10: Loading https://www.bybit.com/fiat/trade/otc?actionType=1&token=USDT&fiat=NGN
2025-05-17 02:42:42 - INFO - Screenshot saved as 'pb2b/screenshots/bybit_page_20250517_024242.png'
2025-05-17 02:42:42 - INFO - Fetching BUY listings for USDT/EUR
2025-05-17 02:42:43 - INFO - Data successfully saved to SQLite database. New listings - Bybit: 4, Binance: 6
2025-05-17 02:42:43 - INFO - Browser session closed
2025-05-17 02:42:43 - INFO - SQLite database connection closed
2025-05-17 03:32:29 - INFO - Logging initialized. Log file: pb2b/logs/bybit_scraper_20250517.log
2025-05-17 03:32:30 - INFO - DataSaver logging initialized. Log file: pb2b/logs/data_saver_20250517.log
2025-05-17 03:32:30 - INFO - Connected to SQLite database: pb2b/p2p_listings.db
2025-05-17 03:32:30 - INFO - Database tables created successfully
2025-05-17 03:32:30 - INFO - Attempt 1/10: Loading https://www.bybit.com/fiat/trade/otc?actionType=1&token=USDT&fiat=NGN
2025-05-17 03:32:40 - INFO - Screenshot saved as 'pb2b/screenshots/bybit_page_20250517_033240.png'
2025-05-17 03:32:41 - INFO - Fetching BUY listings for USDT/EUR
2025-05-17 03:32:42 - INFO - Data successfully saved to SQLite database. New listings - Bybit: 4, Binance: 6
2025-05-17 03:32:42 - INFO - Browser session closed
2025-05-17 03:32:42 - INFO - SQLite database connection closed
2025-05-17 03:56:44 - INFO - Logging initialized. Log file: pb2b/logs/bybit_scraper_20250517.log
2025-05-17 03:56:45 - INFO - DataSaver logging initialized. Log file: pb2b/logs/data_saver_20250517.log
2025-05-17 03:56:45 - INFO - Connected to SQLite database: pb2b/p2p_listings.db
2025-05-17 03:56:45 - INFO - Database tables created successfully
2025-05-17 03:56:45 - INFO - Attempt 1/10: Loading https://www.bybit.com/fiat/trade/otc?actionType=1&token=USDT&fiat=NGN
2025-05-17 03:56:55 - INFO - Screenshot saved as 'pb2b/screenshots/bybit_page_20250517_035655.png'
2025-05-17 03:56:55 - INFO - Fetching BUY listings for USDT/EUR
2025-05-17 03:56:56 - INFO - Data successfully saved to SQLite database. New listings - Bybit: 4, Binance: 6
2025-05-17 03:56:56 - INFO - Browser session closed
2025-05-17 03:56:56 - INFO - SQLite database connection closed
2025-05-17 04:29:11 - INFO - Logging initialized. Log file: pb2b/logs/bybit_scraper_20250517.log
2025-05-17 04:29:12 - INFO - DataSaver logging initialized. Log file: pb2b/logs/data_saver_20250517.log
2025-05-17 04:29:12 - INFO - Connected to SQLite database: pb2b/p2p_listings.db
2025-05-17 04:29:12 - INFO - Database tables created successfully
2025-05-17 04:29:12 - INFO - Attempt 1/10: Loading https://www.bybit.com/fiat/trade/otc?actionType=1&token=USDT&fiat=NGN
2025-05-17 04:29:22 - INFO - Screenshot saved as 'pb2b/screenshots/bybit_page_20250517_042922.png'
2025-05-17 04:29:23 - INFO - Fetching BUY listings for USDT/EUR
2025-05-17 04:29:23 - INFO - Data successfully saved to SQLite database. New listings - Bybit: 4, Binance: 6
2025-05-17 04:29:23 - INFO - Browser session closed
2025-05-17 04:29:23 - INFO - SQLite database connection closed
2025-05-17 04:47:07 - INFO - Logging initialized. Log file: pb2b/logs/bybit_scraper_20250517.log
2025-05-17 04:47:08 - INFO - DataSaver logging initialized. Log file: pb2b/logs/data_saver_20250517.log
2025-05-17 04:47:08 - INFO - Connected to SQLite database: pb2b/p2p_listings.db
2025-05-17 04:47:08 - INFO - Database tables created successfully
2025-05-17 04:47:08 - INFO - Attempt 1/10: Loading https://www.bybit.com/fiat/trade/otc?actionType=1&token=USDT&fiat=NGN
2025-05-17 04:47:19 - INFO - Screenshot saved as 'pb2b/screenshots/bybit_page_20250517_044719.png'
2025-05-17 04:47:20 - INFO - Fetching BUY listings for USDT/EUR
2025-05-17 04:47:20 - INFO - Data successfully saved to SQLite database. New listings - Bybit: 4, Binance: 6
2025-05-17 04:47:21 - INFO - Browser session closed
2025-05-17 04:47:21 - INFO - SQLite database connection closed
2025-05-17 05:01:01 - INFO - Logging initialized. Log file: pb2b/logs/bybit_scraper_20250517.log
2025-05-17 05:01:02 - INFO - DataSaver logging initialized. Log file: pb2b/logs/data_saver_20250517.log
2025-05-17 05:01:02 - INFO - Connected to SQLite database: pb2b/p2p_listings.db
2025-05-17 05:01:02 - INFO - Database tables created successfully
2025-05-17 05:01:02 - INFO - Attempt 1/10: Loading https://www.bybit.com/fiat/trade/otc?actionType=1&token=USDT&fiat=NGN
2025-05-17 05:01:14 - INFO - Screenshot saved as 'pb2b/screenshots/bybit_page_20250517_050114.png'
2025-05-17 05:01:14 - INFO - Fetching BUY listings for USDT/EUR
2025-05-17 05:01:15 - INFO - Data successfully saved to SQLite database. New listings - Bybit: 4, Binance: 6
2025-05-17 05:01:15 - INFO - Browser session closed
2025-05-17 05:01:15 - INFO - SQLite database connection closed
2025-05-17 05:29:49 - INFO - Logging initialized. Log file: pb2b/logs/bybit_scraper_20250517.log
2025-05-17 05:29:50 - INFO - DataSaver logging initialized. Log file: pb2b/logs/data_saver_20250517.log
2025-05-17 05:29:50 - INFO - Connected to SQLite database: pb2b/p2p_listings.db
2025-05-17 05:29:50 - INFO - Database tables created successfully
2025-05-17 05:29:50 - INFO - Attempt 1/10: Loading https://www.bybit.com/fiat/trade/otc?actionType=1&token=USDT&fiat=NGN
2025-05-17 05:30:00 - INFO - Screenshot saved as 'pb2b/screenshots/bybit_page_20250517_053000.png'
2025-05-17 05:30:00 - INFO - Fetching BUY listings for USDT/EUR
2025-05-17 05:30:01 - INFO - Data successfully saved to SQLite database. New listings - Bybit: 4, Binance: 6
2025-05-17 05:30:01 - INFO - Browser session closed
2025-05-17 05:30:01 - INFO - SQLite database connection closed
2025-05-17 05:45:59 - INFO - Logging initialized. Log file: pb2b/logs/bybit_scraper_20250517.log
2025-05-17 05:46:00 - INFO - DataSaver logging initialized. Log file: pb2b/logs/data_saver_20250517.log
2025-05-17 05:46:00 - INFO - Connected to SQLite database: pb2b/p2p_listings.db
2025-05-17 05:46:00 - INFO - Database tables created successfully
2025-05-17 05:46:00 - INFO - Attempt 1/10: Loading https://www.bybit.com/fiat/trade/otc?actionType=1&token=USDT&fiat=NGN
2025-05-17 05:46:10 - INFO - Screenshot saved as 'pb2b/screenshots/bybit_page_20250517_054609.png'
2025-05-17 05:46:10 - INFO - Fetching BUY listings for USDT/EUR
2025-05-17 05:46:11 - INFO - Data successfully saved to SQLite database. New listings - Bybit: 4, Binance: 6
2025-05-17 05:46:11 - INFO - Browser session closed
2025-05-17 05:46:11 - INFO - SQLite database connection closed
