2025-04-22 02:03:52 - INFO - Logging initialized. Log file: pb2b/logs/bybit_scraper_20250422.log
2025-04-22 02:03:53 - INFO - DataSaver logging initialized. Log file: pb2b/logs/data_saver_20250422.log
2025-04-22 02:03:53 - INFO - Connected to SQLite database: pb2b/p2p_listings.db
2025-04-22 02:03:53 - INFO - Database tables created successfully
2025-04-22 02:03:53 - INFO - Attempt 1/10: Loading https://www.bybit.com/fiat/trade/otc?actionType=1&token=USDT&fiat=NGN
2025-04-22 02:04:04 - INFO - Screenshot saved as 'pb2b/screenshots/bybit_page_20250422_020404.png'
2025-04-22 02:04:04 - INFO - Fetching BUY listings for USDT/EUR
2025-04-22 02:04:05 - INFO - Data successfully saved to SQLite database. New listings - Bybit: 4, Binance: 6
2025-04-22 02:04:05 - INFO - Browser session closed
2025-04-22 02:04:05 - INFO - SQLite database connection closed
2025-04-22 03:10:48 - INFO - Logging initialized. Log file: pb2b/logs/bybit_scraper_20250422.log
2025-04-22 03:10:49 - INFO - DataSaver logging initialized. Log file: pb2b/logs/data_saver_20250422.log
2025-04-22 03:10:49 - INFO - Connected to SQLite database: pb2b/p2p_listings.db
2025-04-22 03:10:49 - INFO - Database tables created successfully
2025-04-22 03:10:49 - INFO - Attempt 1/10: Loading https://www.bybit.com/fiat/trade/otc?actionType=1&token=USDT&fiat=NGN
2025-04-22 03:11:02 - INFO - Screenshot saved as 'pb2b/screenshots/bybit_page_20250422_031102.png'
2025-04-22 03:11:03 - INFO - Fetching BUY listings for USDT/EUR
2025-04-22 03:11:03 - INFO - Data successfully saved to SQLite database. New listings - Bybit: 4, Binance: 6
2025-04-22 03:11:03 - INFO - Browser session closed
2025-04-22 03:11:03 - INFO - SQLite database connection closed
2025-04-22 03:48:16 - INFO - Logging initialized. Log file: pb2b/logs/bybit_scraper_20250422.log
2025-04-22 03:48:16 - INFO - DataSaver logging initialized. Log file: pb2b/logs/data_saver_20250422.log
2025-04-22 03:48:16 - INFO - Connected to SQLite database: pb2b/p2p_listings.db
2025-04-22 03:48:16 - INFO - Database tables created successfully
2025-04-22 03:48:16 - INFO - Attempt 1/10: Loading https://www.bybit.com/fiat/trade/otc?actionType=1&token=USDT&fiat=NGN
2025-04-22 03:48:26 - INFO - Screenshot saved as 'pb2b/screenshots/bybit_page_20250422_034826.png'
2025-04-22 03:48:26 - INFO - Fetching BUY listings for USDT/EUR
2025-04-22 03:48:27 - INFO - Data successfully saved to SQLite database. New listings - Bybit: 4, Binance: 6
2025-04-22 03:48:27 - INFO - Browser session closed
2025-04-22 03:48:27 - INFO - SQLite database connection closed
2025-04-22 04:01:05 - INFO - Logging initialized. Log file: pb2b/logs/bybit_scraper_20250422.log
2025-04-22 04:01:05 - INFO - DataSaver logging initialized. Log file: pb2b/logs/data_saver_20250422.log
2025-04-22 04:01:05 - INFO - Connected to SQLite database: pb2b/p2p_listings.db
2025-04-22 04:01:05 - INFO - Database tables created successfully
2025-04-22 04:01:05 - INFO - Attempt 1/10: Loading https://www.bybit.com/fiat/trade/otc?actionType=1&token=USDT&fiat=NGN
2025-04-22 04:01:16 - INFO - Screenshot saved as 'pb2b/screenshots/bybit_page_20250422_040116.png'
2025-04-22 04:01:16 - INFO - Fetching BUY listings for USDT/EUR
2025-04-22 04:01:17 - INFO - Data successfully saved to SQLite database. New listings - Bybit: 4, Binance: 6
2025-04-22 04:01:17 - INFO - Browser session closed
2025-04-22 04:01:17 - INFO - SQLite database connection closed
