2025-09-16 01:59:08 - INFO - Logging initialized. Log file: pb2b/logs/bybit_scraper_20250916.log
2025-09-16 01:59:09 - INFO - DataSaver logging initialized. Log file: pb2b/logs/data_saver_20250916.log
2025-09-16 01:59:09 - INFO - Connected to SQLite database: pb2b/p2p_listings.db
2025-09-16 01:59:09 - INFO - Database tables created successfully
2025-09-16 01:59:09 - INFO - Attempt 1/10: Loading https://www.bybit.com/fiat/trade/otc?actionType=1&token=USDT&fiat=NGN
2025-09-16 01:59:19 - INFO - Screenshot saved as 'pb2b/screenshots/bybit_page_20250916_015918.png'
2025-09-16 01:59:19 - INFO - Fetching BUY listings for USDT/EUR
2025-09-16 01:59:19 - INFO - Data successfully saved to SQLite database. New listings - Bybit: 4, Binance: 6
2025-09-16 01:59:19 - INFO - Browser session closed
2025-09-16 01:59:19 - INFO - SQLite database connection closed
2025-09-16 03:01:42 - INFO - Logging initialized. Log file: pb2b/logs/bybit_scraper_20250916.log
2025-09-16 03:01:42 - INFO - DataSaver logging initialized. Log file: pb2b/logs/data_saver_20250916.log
2025-09-16 03:01:42 - INFO - Connected to SQLite database: pb2b/p2p_listings.db
2025-09-16 03:01:42 - INFO - Database tables created successfully
2025-09-16 03:01:42 - INFO - Attempt 1/10: Loading https://www.bybit.com/fiat/trade/otc?actionType=1&token=USDT&fiat=NGN
2025-09-16 03:01:52 - INFO - Screenshot saved as 'pb2b/screenshots/bybit_page_20250916_030151.png'
2025-09-16 03:01:52 - INFO - Fetching BUY listings for USDT/EUR
2025-09-16 03:01:53 - INFO - Data successfully saved to SQLite database. New listings - Bybit: 4, Binance: 6
2025-09-16 03:01:54 - INFO - Browser session closed
2025-09-16 03:01:54 - INFO - SQLite database connection closed
2025-09-16 03:39:19 - INFO - Logging initialized. Log file: pb2b/logs/bybit_scraper_20250916.log
2025-09-16 03:39:20 - INFO - DataSaver logging initialized. Log file: pb2b/logs/data_saver_20250916.log
2025-09-16 03:39:20 - INFO - Connected to SQLite database: pb2b/p2p_listings.db
2025-09-16 03:39:20 - INFO - Database tables created successfully
2025-09-16 03:39:20 - INFO - Attempt 1/10: Loading https://www.bybit.com/fiat/trade/otc?actionType=1&token=USDT&fiat=NGN
2025-09-16 03:39:30 - INFO - Screenshot saved as 'pb2b/screenshots/bybit_page_20250916_033929.png'
2025-09-16 03:39:30 - INFO - Fetching BUY listings for USDT/EUR
2025-09-16 03:39:31 - INFO - Data successfully saved to SQLite database. New listings - Bybit: 4, Binance: 6
2025-09-16 03:39:31 - INFO - Browser session closed
2025-09-16 03:39:31 - INFO - SQLite database connection closed
2025-09-16 03:54:41 - INFO - Logging initialized. Log file: pb2b/logs/bybit_scraper_20250916.log
2025-09-16 03:54:42 - INFO - DataSaver logging initialized. Log file: pb2b/logs/data_saver_20250916.log
2025-09-16 03:54:42 - INFO - Connected to SQLite database: pb2b/p2p_listings.db
2025-09-16 03:54:42 - INFO - Database tables created successfully
2025-09-16 03:54:42 - INFO - Attempt 1/10: Loading https://www.bybit.com/fiat/trade/otc?actionType=1&token=USDT&fiat=NGN
2025-09-16 03:54:51 - INFO - Screenshot saved as 'pb2b/screenshots/bybit_page_20250916_035451.png'
2025-09-16 03:54:52 - INFO - Fetching BUY listings for USDT/EUR
2025-09-16 03:54:53 - INFO - Data successfully saved to SQLite database. New listings - Bybit: 4, Binance: 6
2025-09-16 03:54:53 - INFO - Browser session closed
2025-09-16 03:54:53 - INFO - SQLite database connection closed
2025-09-16 04:21:33 - INFO - Logging initialized. Log file: pb2b/logs/bybit_scraper_20250916.log
2025-09-16 04:21:35 - INFO - DataSaver logging initialized. Log file: pb2b/logs/data_saver_20250916.log
2025-09-16 04:21:35 - INFO - Connected to SQLite database: pb2b/p2p_listings.db
2025-09-16 04:21:35 - INFO - Database tables created successfully
2025-09-16 04:21:35 - INFO - Attempt 1/10: Loading https://www.bybit.com/fiat/trade/otc?actionType=1&token=USDT&fiat=NGN
2025-09-16 04:21:45 - INFO - Screenshot saved as 'pb2b/screenshots/bybit_page_20250916_042144.png'
2025-09-16 04:21:45 - INFO - Fetching BUY listings for USDT/EUR
2025-09-16 04:21:46 - INFO - Data successfully saved to SQLite database. New listings - Bybit: 4, Binance: 6
2025-09-16 04:21:46 - INFO - Browser session closed
2025-09-16 04:21:46 - INFO - SQLite database connection closed
2025-09-16 04:41:45 - INFO - Logging initialized. Log file: pb2b/logs/bybit_scraper_20250916.log
2025-09-16 04:41:46 - INFO - DataSaver logging initialized. Log file: pb2b/logs/data_saver_20250916.log
2025-09-16 04:41:46 - INFO - Connected to SQLite database: pb2b/p2p_listings.db
2025-09-16 04:41:46 - INFO - Database tables created successfully
2025-09-16 04:41:46 - INFO - Attempt 1/10: Loading https://www.bybit.com/fiat/trade/otc?actionType=1&token=USDT&fiat=NGN
2025-09-16 04:41:55 - INFO - Screenshot saved as 'pb2b/screenshots/bybit_page_20250916_044155.png'
2025-09-16 04:41:55 - INFO - Fetching BUY listings for USDT/EUR
2025-09-16 04:41:56 - INFO - Data successfully saved to SQLite database. New listings - Bybit: 4, Binance: 6
2025-09-16 04:41:56 - INFO - Browser session closed
2025-09-16 04:41:56 - INFO - SQLite database connection closed
2025-09-16 04:55:28 - INFO - Logging initialized. Log file: pb2b/logs/bybit_scraper_20250916.log
2025-09-16 04:55:29 - INFO - DataSaver logging initialized. Log file: pb2b/logs/data_saver_20250916.log
2025-09-16 04:55:29 - INFO - Connected to SQLite database: pb2b/p2p_listings.db
2025-09-16 04:55:29 - INFO - Database tables created successfully
2025-09-16 04:55:29 - INFO - Attempt 1/10: Loading https://www.bybit.com/fiat/trade/otc?actionType=1&token=USDT&fiat=NGN
2025-09-16 04:55:37 - INFO - Screenshot saved as 'pb2b/screenshots/bybit_page_20250916_045537.png'
2025-09-16 04:55:38 - INFO - Fetching BUY listings for USDT/EUR
2025-09-16 04:55:38 - INFO - Data successfully saved to SQLite database. New listings - Bybit: 4, Binance: 6
2025-09-16 04:55:38 - INFO - Browser session closed
2025-09-16 04:55:38 - INFO - SQLite database connection closed
