2025-02-25 01:02:49 - INFO - Logging initialized. Log file: pb2b/logs/bybit_scraper_20250225.log
2025-02-25 01:02:50 - INFO - DataSaver logging initialized. Log file: pb2b/logs/data_saver_20250225.log
2025-02-25 01:02:50 - INFO - Connected to SQLite database: pb2b/p2p_listings.db
2025-02-25 01:02:50 - INFO - Database tables created successfully
2025-02-25 01:02:50 - INFO - Attempt 1/10: Loading https://www.bybit.com/fiat/trade/otc?actionType=1&token=USDT&fiat=NGN
2025-02-25 01:03:01 - INFO - Screenshot saved as 'pb2b/screenshots/bybit_page_20250225_010301.png'
2025-02-25 01:03:02 - INFO - Fetching BUY listings for USDT/EUR
2025-02-25 01:03:02 - INFO - Data successfully saved to SQLite database. New listings - Bybit: 4, Binance: 6
2025-02-25 01:03:02 - INFO - Browser session closed
2025-02-25 01:03:02 - INFO - SQLite database connection closed
2025-02-25 02:32:32 - INFO - Logging initialized. Log file: pb2b/logs/bybit_scraper_20250225.log
2025-02-25 02:32:33 - INFO - DataSaver logging initialized. Log file: pb2b/logs/data_saver_20250225.log
2025-02-25 02:32:33 - INFO - Connected to SQLite database: pb2b/p2p_listings.db
2025-02-25 02:32:33 - INFO - Database tables created successfully
2025-02-25 02:32:33 - INFO - Attempt 1/10: Loading https://www.bybit.com/fiat/trade/otc?actionType=1&token=USDT&fiat=NGN
2025-02-25 02:32:43 - INFO - Screenshot saved as 'pb2b/screenshots/bybit_page_20250225_023242.png'
2025-02-25 02:32:43 - INFO - Fetching BUY listings for USDT/EUR
2025-02-25 02:32:44 - INFO - Data successfully saved to SQLite database. New listings - Bybit: 4, Binance: 6
2025-02-25 02:32:44 - INFO - Browser session closed
2025-02-25 02:32:44 - INFO - SQLite database connection closed
