2025-09-13 00:56:49 - INFO - Logging initialized. Log file: pb2b/logs/bybit_scraper_20250913.log
2025-09-13 00:56:51 - INFO - DataSaver logging initialized. Log file: pb2b/logs/data_saver_20250913.log
2025-09-13 00:56:51 - INFO - Connected to SQLite database: pb2b/p2p_listings.db
2025-09-13 00:56:51 - INFO - Database tables created successfully
2025-09-13 00:56:51 - INFO - Attempt 1/10: Loading https://www.bybit.com/fiat/trade/otc?actionType=1&token=USDT&fiat=NGN
2025-09-13 00:57:01 - INFO - Screenshot saved as 'pb2b/screenshots/bybit_page_20250913_005700.png'
2025-09-13 00:57:01 - INFO - Fetching BUY listings for USDT/EUR
2025-09-13 00:57:02 - INFO - Data successfully saved to SQLite database. New listings - Bybit: 4, Binance: 6
2025-09-13 00:57:02 - INFO - Browser session closed
2025-09-13 00:57:02 - INFO - SQLite database connection closed
2025-09-13 02:15:25 - INFO - Logging initialized. Log file: pb2b/logs/bybit_scraper_20250913.log
2025-09-13 02:15:27 - INFO - DataSaver logging initialized. Log file: pb2b/logs/data_saver_20250913.log
2025-09-13 02:15:27 - INFO - Connected to SQLite database: pb2b/p2p_listings.db
2025-09-13 02:15:27 - INFO - Database tables created successfully
2025-09-13 02:15:27 - INFO - Attempt 1/10: Loading https://www.bybit.com/fiat/trade/otc?actionType=1&token=USDT&fiat=NGN
2025-09-13 02:15:36 - INFO - Screenshot saved as 'pb2b/screenshots/bybit_page_20250913_021536.png'
2025-09-13 02:15:36 - INFO - Fetching BUY listings for USDT/EUR
2025-09-13 02:15:37 - INFO - Data successfully saved to SQLite database. New listings - Bybit: 4, Binance: 6
2025-09-13 02:15:37 - INFO - Browser session closed
2025-09-13 02:15:37 - INFO - SQLite database connection closed
