2025-04-14 01:11:24 - INFO - Logging initialized. Log file: pb2b/logs/bybit_scraper_20250414.log
2025-04-14 01:11:25 - INFO - DataSaver logging initialized. Log file: pb2b/logs/data_saver_20250414.log
2025-04-14 01:11:25 - INFO - Connected to SQLite database: pb2b/p2p_listings.db
2025-04-14 01:11:25 - INFO - Database tables created successfully
2025-04-14 01:11:25 - INFO - Attempt 1/10: Loading https://www.bybit.com/fiat/trade/otc?actionType=1&token=USDT&fiat=NGN
2025-04-14 01:11:35 - INFO - Screenshot saved as 'pb2b/screenshots/bybit_page_20250414_011135.png'
2025-04-14 01:11:35 - INFO - Fetching BUY listings for USDT/EUR
2025-04-14 01:11:36 - INFO - Data successfully saved to SQLite database. New listings - Bybit: 4, Binance: 6
2025-04-14 01:11:36 - INFO - Browser session closed
2025-04-14 01:11:36 - INFO - SQLite database connection closed
2025-04-14 02:48:32 - INFO - Logging initialized. Log file: pb2b/logs/bybit_scraper_20250414.log
2025-04-14 02:48:32 - INFO - DataSaver logging initialized. Log file: pb2b/logs/data_saver_20250414.log
2025-04-14 02:48:32 - INFO - Connected to SQLite database: pb2b/p2p_listings.db
2025-04-14 02:48:32 - INFO - Database tables created successfully
2025-04-14 02:48:32 - INFO - Attempt 1/10: Loading https://www.bybit.com/fiat/trade/otc?actionType=1&token=USDT&fiat=NGN
2025-04-14 02:48:42 - INFO - Screenshot saved as 'pb2b/screenshots/bybit_page_20250414_024841.png'
2025-04-14 02:48:42 - INFO - Fetching BUY listings for USDT/EUR
2025-04-14 02:48:42 - INFO - Data successfully saved to SQLite database. New listings - Bybit: 4, Binance: 6
2025-04-14 02:48:43 - INFO - Browser session closed
2025-04-14 02:48:43 - INFO - SQLite database connection closed
2025-04-14 03:31:57 - INFO - Logging initialized. Log file: pb2b/logs/bybit_scraper_20250414.log
2025-04-14 03:31:58 - INFO - DataSaver logging initialized. Log file: pb2b/logs/data_saver_20250414.log
2025-04-14 03:31:58 - INFO - Connected to SQLite database: pb2b/p2p_listings.db
2025-04-14 03:31:58 - INFO - Database tables created successfully
2025-04-14 03:31:58 - INFO - Attempt 1/10: Loading https://www.bybit.com/fiat/trade/otc?actionType=1&token=USDT&fiat=NGN
2025-04-14 03:32:08 - INFO - Screenshot saved as 'pb2b/screenshots/bybit_page_20250414_033208.png'
2025-04-14 03:32:08 - INFO - Fetching BUY listings for USDT/EUR
2025-04-14 03:32:09 - INFO - Data successfully saved to SQLite database. New listings - Bybit: 4, Binance: 6
2025-04-14 03:32:09 - INFO - Browser session closed
2025-04-14 03:32:09 - INFO - SQLite database connection closed
2025-04-14 03:56:39 - INFO - Logging initialized. Log file: pb2b/logs/bybit_scraper_20250414.log
2025-04-14 03:56:39 - INFO - DataSaver logging initialized. Log file: pb2b/logs/data_saver_20250414.log
2025-04-14 03:56:39 - INFO - Connected to SQLite database: pb2b/p2p_listings.db
2025-04-14 03:56:39 - INFO - Database tables created successfully
2025-04-14 03:56:39 - INFO - Attempt 1/10: Loading https://www.bybit.com/fiat/trade/otc?actionType=1&token=USDT&fiat=NGN
2025-04-14 03:56:49 - INFO - Screenshot saved as 'pb2b/screenshots/bybit_page_20250414_035649.png'
2025-04-14 03:56:49 - INFO - Fetching BUY listings for USDT/EUR
2025-04-14 03:56:50 - INFO - Data successfully saved to SQLite database. New listings - Bybit: 4, Binance: 6
2025-04-14 03:56:50 - INFO - Browser session closed
2025-04-14 03:56:50 - INFO - SQLite database connection closed
2025-04-14 04:30:44 - INFO - Logging initialized. Log file: pb2b/logs/bybit_scraper_20250414.log
2025-04-14 04:30:44 - INFO - DataSaver logging initialized. Log file: pb2b/logs/data_saver_20250414.log
2025-04-14 04:30:44 - INFO - Connected to SQLite database: pb2b/p2p_listings.db
2025-04-14 04:30:44 - INFO - Database tables created successfully
2025-04-14 04:30:44 - INFO - Attempt 1/10: Loading https://www.bybit.com/fiat/trade/otc?actionType=1&token=USDT&fiat=NGN
2025-04-14 04:30:55 - INFO - Screenshot saved as 'pb2b/screenshots/bybit_page_20250414_043055.png'
2025-04-14 04:30:56 - INFO - Fetching BUY listings for USDT/EUR
2025-04-14 04:30:56 - INFO - Data successfully saved to SQLite database. New listings - Bybit: 4, Binance: 6
2025-04-14 04:30:57 - INFO - Browser session closed
2025-04-14 04:30:57 - INFO - SQLite database connection closed
2025-04-14 04:49:10 - INFO - Logging initialized. Log file: pb2b/logs/bybit_scraper_20250414.log
2025-04-14 04:49:11 - INFO - DataSaver logging initialized. Log file: pb2b/logs/data_saver_20250414.log
2025-04-14 04:49:11 - INFO - Connected to SQLite database: pb2b/p2p_listings.db
2025-04-14 04:49:11 - INFO - Database tables created successfully
2025-04-14 04:49:11 - INFO - Attempt 1/10: Loading https://www.bybit.com/fiat/trade/otc?actionType=1&token=USDT&fiat=NGN
2025-04-14 04:49:20 - INFO - Screenshot saved as 'pb2b/screenshots/bybit_page_20250414_044920.png'
2025-04-14 04:49:20 - INFO - Fetching BUY listings for USDT/EUR
2025-04-14 04:49:21 - INFO - Data successfully saved to SQLite database. New listings - Bybit: 4, Binance: 6
2025-04-14 04:49:21 - INFO - Browser session closed
2025-04-14 04:49:21 - INFO - SQLite database connection closed
2025-04-14 05:11:14 - INFO - Logging initialized. Log file: pb2b/logs/bybit_scraper_20250414.log
2025-04-14 05:11:15 - INFO - DataSaver logging initialized. Log file: pb2b/logs/data_saver_20250414.log
2025-04-14 05:11:15 - INFO - Connected to SQLite database: pb2b/p2p_listings.db
2025-04-14 05:11:15 - INFO - Database tables created successfully
2025-04-14 05:11:15 - INFO - Attempt 1/10: Loading https://www.bybit.com/fiat/trade/otc?actionType=1&token=USDT&fiat=NGN
2025-04-14 05:11:25 - INFO - Screenshot saved as 'pb2b/screenshots/bybit_page_20250414_051124.png'
2025-04-14 05:11:25 - INFO - Fetching BUY listings for USDT/EUR
2025-04-14 05:11:26 - INFO - Data successfully saved to SQLite database. New listings - Bybit: 4, Binance: 6
2025-04-14 05:11:26 - INFO - Browser session closed
2025-04-14 05:11:26 - INFO - SQLite database connection closed
2025-04-14 05:35:47 - INFO - Logging initialized. Log file: pb2b/logs/bybit_scraper_20250414.log
2025-04-14 05:35:48 - INFO - DataSaver logging initialized. Log file: pb2b/logs/data_saver_20250414.log
2025-04-14 05:35:48 - INFO - Connected to SQLite database: pb2b/p2p_listings.db
2025-04-14 05:35:48 - INFO - Database tables created successfully
2025-04-14 05:35:48 - INFO - Attempt 1/10: Loading https://www.bybit.com/fiat/trade/otc?actionType=1&token=USDT&fiat=NGN
2025-04-14 05:35:57 - INFO - Screenshot saved as 'pb2b/screenshots/bybit_page_20250414_053557.png'
2025-04-14 05:35:58 - INFO - Fetching BUY listings for USDT/EUR
2025-04-14 05:35:59 - INFO - Data successfully saved to SQLite database. New listings - Bybit: 4, Binance: 6
2025-04-14 05:35:59 - INFO - Browser session closed
2025-04-14 05:35:59 - INFO - SQLite database connection closed
