2025-02-04 01:48:49 - INFO - Logging initialized. Log file: pb2b/logs/bybit_scraper_20250204.log
2025-02-04 01:48:52 - INFO - DataSaver logging initialized. Log file: pb2b/logs/data_saver_20250204.log
2025-02-04 01:48:52 - INFO - Connected to SQLite database: pb2b/p2p_listings.db
2025-02-04 01:48:52 - INFO - Database tables created successfully
2025-02-04 01:48:52 - INFO - Attempt 1/10: Loading https://www.bybit.com/fiat/trade/otc?actionType=1&token=USDT&fiat=NGN
2025-02-04 01:49:02 - INFO - Screenshot saved as 'pb2b/screenshots/bybit_page_20250204_014902.png'
2025-02-04 01:49:03 - INFO - Fetching BUY listings for USDT/EUR
2025-02-04 01:49:03 - INFO - Data successfully saved to SQLite database. New listings - Bybit: 4, Binance: 6
2025-02-04 01:49:04 - INFO - Browser session closed
2025-02-04 01:49:04 - INFO - SQLite database connection closed
2025-02-04 02:39:51 - INFO - Logging initialized. Log file: pb2b/logs/bybit_scraper_20250204.log
2025-02-04 02:39:52 - INFO - DataSaver logging initialized. Log file: pb2b/logs/data_saver_20250204.log
2025-02-04 02:39:52 - INFO - Connected to SQLite database: pb2b/p2p_listings.db
2025-02-04 02:39:52 - INFO - Database tables created successfully
2025-02-04 02:39:52 - INFO - Attempt 1/10: Loading https://www.bybit.com/fiat/trade/otc?actionType=1&token=USDT&fiat=NGN
2025-02-04 02:40:01 - INFO - Screenshot saved as 'pb2b/screenshots/bybit_page_20250204_024001.png'
2025-02-04 02:40:01 - INFO - Fetching BUY listings for USDT/EUR
2025-02-04 02:40:02 - INFO - Data successfully saved to SQLite database. New listings - Bybit: 4, Binance: 6
2025-02-04 02:40:02 - INFO - Browser session closed
2025-02-04 02:40:02 - INFO - SQLite database connection closed
