2025-06-24 02:04:19 - INFO - Logging initialized. Log file: pb2b/logs/bybit_scraper_20250624.log
2025-06-24 02:04:21 - INFO - DataSaver logging initialized. Log file: pb2b/logs/data_saver_20250624.log
2025-06-24 02:04:21 - INFO - Connected to SQLite database: pb2b/p2p_listings.db
2025-06-24 02:04:21 - INFO - Database tables created successfully
2025-06-24 02:04:21 - INFO - Attempt 1/10: Loading https://www.bybit.com/fiat/trade/otc?actionType=1&token=USDT&fiat=NGN
2025-06-24 02:04:33 - INFO - Screenshot saved as 'pb2b/screenshots/bybit_page_20250624_020433.png'
2025-06-24 02:04:34 - INFO - Fetching BUY listings for USDT/EUR
2025-06-24 02:04:34 - INFO - Data successfully saved to SQLite database. New listings - Bybit: 4, Binance: 6
2025-06-24 02:04:34 - INFO - Browser session closed
2025-06-24 02:04:34 - INFO - SQLite database connection closed
2025-06-24 03:25:16 - INFO - Logging initialized. Log file: pb2b/logs/bybit_scraper_20250624.log
2025-06-24 03:25:17 - INFO - DataSaver logging initialized. Log file: pb2b/logs/data_saver_20250624.log
2025-06-24 03:25:17 - INFO - Connected to SQLite database: pb2b/p2p_listings.db
2025-06-24 03:25:17 - INFO - Database tables created successfully
2025-06-24 03:25:17 - INFO - Attempt 1/10: Loading https://www.bybit.com/fiat/trade/otc?actionType=1&token=USDT&fiat=NGN
2025-06-24 03:25:28 - INFO - Screenshot saved as 'pb2b/screenshots/bybit_page_20250624_032528.png'
2025-06-24 03:25:29 - INFO - Fetching BUY listings for USDT/EUR
2025-06-24 03:25:29 - INFO - Data successfully saved to SQLite database. New listings - Bybit: 4, Binance: 6
2025-06-24 03:25:29 - INFO - Browser session closed
2025-06-24 03:25:29 - INFO - SQLite database connection closed
2025-06-24 04:06:51 - INFO - Logging initialized. Log file: pb2b/logs/bybit_scraper_20250624.log
2025-06-24 04:06:53 - INFO - DataSaver logging initialized. Log file: pb2b/logs/data_saver_20250624.log
2025-06-24 04:06:53 - INFO - Connected to SQLite database: pb2b/p2p_listings.db
2025-06-24 04:06:53 - INFO - Database tables created successfully
2025-06-24 04:06:53 - INFO - Attempt 1/10: Loading https://www.bybit.com/fiat/trade/otc?actionType=1&token=USDT&fiat=NGN
2025-06-24 04:07:05 - INFO - Screenshot saved as 'pb2b/screenshots/bybit_page_20250624_040705.png'
2025-06-24 04:07:05 - INFO - Fetching BUY listings for USDT/EUR
2025-06-24 04:07:06 - INFO - Data successfully saved to SQLite database. New listings - Bybit: 4, Binance: 6
2025-06-24 04:07:06 - INFO - Browser session closed
2025-06-24 04:07:06 - INFO - SQLite database connection closed
2025-06-24 04:43:17 - INFO - Logging initialized. Log file: pb2b/logs/bybit_scraper_20250624.log
2025-06-24 04:43:19 - INFO - DataSaver logging initialized. Log file: pb2b/logs/data_saver_20250624.log
2025-06-24 04:43:19 - INFO - Connected to SQLite database: pb2b/p2p_listings.db
2025-06-24 04:43:19 - INFO - Database tables created successfully
2025-06-24 04:43:19 - INFO - Attempt 1/10: Loading https://www.bybit.com/fiat/trade/otc?actionType=1&token=USDT&fiat=NGN
2025-06-24 04:43:30 - INFO - Screenshot saved as 'pb2b/screenshots/bybit_page_20250624_044330.png'
2025-06-24 04:43:30 - INFO - Fetching BUY listings for USDT/EUR
2025-06-24 04:43:31 - INFO - Data successfully saved to SQLite database. New listings - Bybit: 4, Binance: 6
2025-06-24 04:43:31 - INFO - Browser session closed
2025-06-24 04:43:31 - INFO - SQLite database connection closed
2025-06-24 05:02:40 - INFO - Logging initialized. Log file: pb2b/logs/bybit_scraper_20250624.log
2025-06-24 05:02:41 - INFO - DataSaver logging initialized. Log file: pb2b/logs/data_saver_20250624.log
2025-06-24 05:02:41 - INFO - Connected to SQLite database: pb2b/p2p_listings.db
2025-06-24 05:02:41 - INFO - Database tables created successfully
2025-06-24 05:02:41 - INFO - Attempt 1/10: Loading https://www.bybit.com/fiat/trade/otc?actionType=1&token=USDT&fiat=NGN
2025-06-24 05:02:50 - INFO - Screenshot saved as 'pb2b/screenshots/bybit_page_20250624_050250.png'
2025-06-24 05:02:51 - INFO - Fetching BUY listings for USDT/EUR
2025-06-24 05:02:51 - INFO - Data successfully saved to SQLite database. New listings - Bybit: 4, Binance: 6
2025-06-24 05:02:51 - INFO - Browser session closed
2025-06-24 05:02:51 - INFO - SQLite database connection closed
2025-06-24 05:34:42 - INFO - Logging initialized. Log file: pb2b/logs/bybit_scraper_20250624.log
2025-06-24 05:34:43 - INFO - DataSaver logging initialized. Log file: pb2b/logs/data_saver_20250624.log
2025-06-24 05:34:43 - INFO - Connected to SQLite database: pb2b/p2p_listings.db
2025-06-24 05:34:43 - INFO - Database tables created successfully
2025-06-24 05:34:43 - INFO - Attempt 1/10: Loading https://www.bybit.com/fiat/trade/otc?actionType=1&token=USDT&fiat=NGN
2025-06-24 05:34:54 - INFO - Screenshot saved as 'pb2b/screenshots/bybit_page_20250624_053454.png'
2025-06-24 05:34:55 - INFO - Fetching BUY listings for USDT/EUR
2025-06-24 05:34:55 - INFO - Data successfully saved to SQLite database. New listings - Bybit: 4, Binance: 6
2025-06-24 05:34:56 - INFO - Browser session closed
2025-06-24 05:34:56 - INFO - SQLite database connection closed
2025-06-24 05:52:06 - INFO - Logging initialized. Log file: pb2b/logs/bybit_scraper_20250624.log
2025-06-24 05:52:07 - INFO - DataSaver logging initialized. Log file: pb2b/logs/data_saver_20250624.log
2025-06-24 05:52:07 - INFO - Connected to SQLite database: pb2b/p2p_listings.db
2025-06-24 05:52:07 - INFO - Database tables created successfully
2025-06-24 05:52:07 - INFO - Attempt 1/10: Loading https://www.bybit.com/fiat/trade/otc?actionType=1&token=USDT&fiat=NGN
2025-06-24 05:52:15 - INFO - Screenshot saved as 'pb2b/screenshots/bybit_page_20250624_055215.png'
2025-06-24 05:52:15 - INFO - Fetching BUY listings for USDT/EUR
2025-06-24 05:52:16 - INFO - Data successfully saved to SQLite database. New listings - Bybit: 4, Binance: 6
2025-06-24 05:52:16 - INFO - Browser session closed
2025-06-24 05:52:16 - INFO - SQLite database connection closed
2025-06-24 06:22:54 - INFO - Logging initialized. Log file: pb2b/logs/bybit_scraper_20250624.log
2025-06-24 06:22:55 - INFO - DataSaver logging initialized. Log file: pb2b/logs/data_saver_20250624.log
2025-06-24 06:22:55 - INFO - Connected to SQLite database: pb2b/p2p_listings.db
2025-06-24 06:22:55 - INFO - Database tables created successfully
2025-06-24 06:22:55 - INFO - Attempt 1/10: Loading https://www.bybit.com/fiat/trade/otc?actionType=1&token=USDT&fiat=NGN
2025-06-24 06:23:04 - INFO - Screenshot saved as 'pb2b/screenshots/bybit_page_20250624_062304.png'
2025-06-24 06:23:04 - INFO - Fetching BUY listings for USDT/EUR
2025-06-24 06:23:05 - INFO - Data successfully saved to SQLite database. New listings - Bybit: 4, Binance: 6
2025-06-24 06:23:05 - INFO - Browser session closed
2025-06-24 06:23:05 - INFO - SQLite database connection closed
