2025-07-24 00:02:12 - INFO - Logging initialized. Log file: pb2b/logs/bybit_scraper_20250724.log
2025-07-24 00:02:13 - INFO - DataSaver logging initialized. Log file: pb2b/logs/data_saver_20250724.log
2025-07-24 00:02:13 - INFO - Connected to SQLite database: pb2b/p2p_listings.db
2025-07-24 00:02:13 - INFO - Database tables created successfully
2025-07-24 00:02:13 - INFO - Attempt 1/10: Loading https://www.bybit.com/fiat/trade/otc?actionType=1&token=USDT&fiat=NGN
2025-07-24 00:02:23 - INFO - Screenshot saved as 'pb2b/screenshots/bybit_page_20250724_000223.png'
2025-07-24 00:02:23 - INFO - Fetching BUY listings for USDT/EUR
2025-07-24 00:02:24 - INFO - Data successfully saved to SQLite database. New listings - Bybit: 4, Binance: 6
2025-07-24 00:02:25 - INFO - Browser session closed
2025-07-24 00:02:25 - INFO - SQLite database connection closed
2025-07-24 02:30:41 - INFO - Logging initialized. Log file: pb2b/logs/bybit_scraper_20250724.log
2025-07-24 02:30:43 - INFO - DataSaver logging initialized. Log file: pb2b/logs/data_saver_20250724.log
2025-07-24 02:30:43 - INFO - Connected to SQLite database: pb2b/p2p_listings.db
2025-07-24 02:30:43 - INFO - Database tables created successfully
2025-07-24 02:30:43 - INFO - Attempt 1/10: Loading https://www.bybit.com/fiat/trade/otc?actionType=1&token=USDT&fiat=NGN
2025-07-24 02:30:55 - INFO - Screenshot saved as 'pb2b/screenshots/bybit_page_20250724_023054.png'
2025-07-24 02:30:55 - INFO - Fetching BUY listings for USDT/EUR
2025-07-24 02:30:56 - INFO - Data successfully saved to SQLite database. New listings - Bybit: 4, Binance: 6
2025-07-24 02:30:56 - INFO - Browser session closed
2025-07-24 02:30:56 - INFO - SQLite database connection closed
2025-07-24 03:52:22 - INFO - Logging initialized. Log file: pb2b/logs/bybit_scraper_20250724.log
2025-07-24 03:52:23 - INFO - DataSaver logging initialized. Log file: pb2b/logs/data_saver_20250724.log
2025-07-24 03:52:23 - INFO - Connected to SQLite database: pb2b/p2p_listings.db
2025-07-24 03:52:23 - INFO - Database tables created successfully
2025-07-24 03:52:23 - INFO - Attempt 1/10: Loading https://www.bybit.com/fiat/trade/otc?actionType=1&token=USDT&fiat=NGN
2025-07-24 03:52:34 - INFO - Screenshot saved as 'pb2b/screenshots/bybit_page_20250724_035234.png'
2025-07-24 03:52:34 - INFO - Fetching BUY listings for USDT/EUR
2025-07-24 03:52:35 - INFO - Data successfully saved to SQLite database. New listings - Bybit: 4, Binance: 6
2025-07-24 03:52:35 - INFO - Browser session closed
2025-07-24 03:52:35 - INFO - SQLite database connection closed
2025-07-24 04:36:07 - INFO - Logging initialized. Log file: pb2b/logs/bybit_scraper_20250724.log
2025-07-24 04:36:08 - INFO - DataSaver logging initialized. Log file: pb2b/logs/data_saver_20250724.log
2025-07-24 04:36:08 - INFO - Connected to SQLite database: pb2b/p2p_listings.db
2025-07-24 04:36:08 - INFO - Database tables created successfully
2025-07-24 04:36:08 - INFO - Attempt 1/10: Loading https://www.bybit.com/fiat/trade/otc?actionType=1&token=USDT&fiat=NGN
2025-07-24 04:36:19 - INFO - Screenshot saved as 'pb2b/screenshots/bybit_page_20250724_043618.png'
2025-07-24 04:36:19 - INFO - Fetching BUY listings for USDT/EUR
2025-07-24 04:36:20 - INFO - Data successfully saved to SQLite database. New listings - Bybit: 4, Binance: 6
2025-07-24 04:36:20 - INFO - Browser session closed
2025-07-24 04:36:20 - INFO - SQLite database connection closed
2025-07-24 05:05:23 - INFO - Logging initialized. Log file: pb2b/logs/bybit_scraper_20250724.log
2025-07-24 05:05:24 - INFO - DataSaver logging initialized. Log file: pb2b/logs/data_saver_20250724.log
2025-07-24 05:05:24 - INFO - Connected to SQLite database: pb2b/p2p_listings.db
2025-07-24 05:05:24 - INFO - Database tables created successfully
2025-07-24 05:05:24 - INFO - Attempt 1/10: Loading https://www.bybit.com/fiat/trade/otc?actionType=1&token=USDT&fiat=NGN
2025-07-24 05:05:33 - INFO - Screenshot saved as 'pb2b/screenshots/bybit_page_20250724_050533.png'
2025-07-24 05:05:34 - INFO - Fetching BUY listings for USDT/EUR
2025-07-24 05:05:35 - INFO - Data successfully saved to SQLite database. New listings - Bybit: 4, Binance: 6
2025-07-24 05:05:35 - INFO - Browser session closed
2025-07-24 05:05:35 - INFO - SQLite database connection closed
2025-07-24 05:41:42 - INFO - Logging initialized. Log file: pb2b/logs/bybit_scraper_20250724.log
2025-07-24 05:41:43 - INFO - DataSaver logging initialized. Log file: pb2b/logs/data_saver_20250724.log
2025-07-24 05:41:43 - INFO - Connected to SQLite database: pb2b/p2p_listings.db
2025-07-24 05:41:43 - INFO - Database tables created successfully
2025-07-24 05:41:43 - INFO - Attempt 1/10: Loading https://www.bybit.com/fiat/trade/otc?actionType=1&token=USDT&fiat=NGN
2025-07-24 05:41:53 - INFO - Screenshot saved as 'pb2b/screenshots/bybit_page_20250724_054153.png'
2025-07-24 05:41:53 - INFO - Fetching BUY listings for USDT/EUR
2025-07-24 05:41:54 - INFO - Data successfully saved to SQLite database. New listings - Bybit: 4, Binance: 6
2025-07-24 05:41:54 - INFO - Browser session closed
2025-07-24 05:41:54 - INFO - SQLite database connection closed
2025-07-24 05:59:17 - INFO - Logging initialized. Log file: pb2b/logs/bybit_scraper_20250724.log
2025-07-24 05:59:18 - INFO - DataSaver logging initialized. Log file: pb2b/logs/data_saver_20250724.log
2025-07-24 05:59:18 - INFO - Connected to SQLite database: pb2b/p2p_listings.db
2025-07-24 05:59:18 - INFO - Database tables created successfully
2025-07-24 05:59:18 - INFO - Attempt 1/10: Loading https://www.bybit.com/fiat/trade/otc?actionType=1&token=USDT&fiat=NGN
2025-07-24 05:59:28 - INFO - Screenshot saved as 'pb2b/screenshots/bybit_page_20250724_055928.png'
2025-07-24 05:59:29 - INFO - Fetching BUY listings for USDT/EUR
2025-07-24 05:59:29 - INFO - Data successfully saved to SQLite database. New listings - Bybit: 4, Binance: 6
2025-07-24 05:59:29 - INFO - Browser session closed
2025-07-24 05:59:29 - INFO - SQLite database connection closed
2025-07-24 06:46:38 - INFO - Logging initialized. Log file: pb2b/logs/bybit_scraper_20250724.log
2025-07-24 06:46:40 - INFO - DataSaver logging initialized. Log file: pb2b/logs/data_saver_20250724.log
2025-07-24 06:46:40 - INFO - Connected to SQLite database: pb2b/p2p_listings.db
2025-07-24 06:46:40 - INFO - Database tables created successfully
2025-07-24 06:46:40 - INFO - Attempt 1/10: Loading https://www.bybit.com/fiat/trade/otc?actionType=1&token=USDT&fiat=NGN
2025-07-24 06:46:48 - INFO - Screenshot saved as 'pb2b/screenshots/bybit_page_20250724_064648.png'
2025-07-24 06:46:48 - INFO - Fetching BUY listings for USDT/EUR
2025-07-24 06:46:49 - INFO - Data successfully saved to SQLite database. New listings - Bybit: 4, Binance: 6
2025-07-24 06:46:49 - INFO - Browser session closed
2025-07-24 06:46:49 - INFO - SQLite database connection closed
2025-07-24 07:15:26 - INFO - Logging initialized. Log file: pb2b/logs/bybit_scraper_20250724.log
2025-07-24 07:15:27 - INFO - DataSaver logging initialized. Log file: pb2b/logs/data_saver_20250724.log
2025-07-24 07:15:27 - INFO - Connected to SQLite database: pb2b/p2p_listings.db
2025-07-24 07:15:27 - INFO - Database tables created successfully
2025-07-24 07:15:27 - INFO - Attempt 1/10: Loading https://www.bybit.com/fiat/trade/otc?actionType=1&token=USDT&fiat=NGN
2025-07-24 07:15:36 - INFO - Screenshot saved as 'pb2b/screenshots/bybit_page_20250724_071536.png'
2025-07-24 07:15:37 - INFO - Fetching BUY listings for USDT/EUR
2025-07-24 07:15:38 - INFO - Data successfully saved to SQLite database. New listings - Bybit: 4, Binance: 6
2025-07-24 07:15:38 - INFO - Browser session closed
2025-07-24 07:15:38 - INFO - SQLite database connection closed
2025-07-24 07:41:33 - INFO - Logging initialized. Log file: pb2b/logs/bybit_scraper_20250724.log
2025-07-24 07:41:34 - INFO - DataSaver logging initialized. Log file: pb2b/logs/data_saver_20250724.log
2025-07-24 07:41:34 - INFO - Connected to SQLite database: pb2b/p2p_listings.db
2025-07-24 07:41:34 - INFO - Database tables created successfully
2025-07-24 07:41:34 - INFO - Attempt 1/10: Loading https://www.bybit.com/fiat/trade/otc?actionType=1&token=USDT&fiat=NGN
2025-07-24 07:41:42 - INFO - Screenshot saved as 'pb2b/screenshots/bybit_page_20250724_074142.png'
2025-07-24 07:41:43 - INFO - Fetching BUY listings for USDT/EUR
2025-07-24 07:41:44 - INFO - Data successfully saved to SQLite database. New listings - Bybit: 4, Binance: 6
2025-07-24 07:41:44 - INFO - Browser session closed
2025-07-24 07:41:44 - INFO - SQLite database connection closed
2025-07-24 07:56:29 - INFO - Logging initialized. Log file: pb2b/logs/bybit_scraper_20250724.log
2025-07-24 07:56:30 - INFO - DataSaver logging initialized. Log file: pb2b/logs/data_saver_20250724.log
2025-07-24 07:56:30 - INFO - Connected to SQLite database: pb2b/p2p_listings.db
2025-07-24 07:56:30 - INFO - Database tables created successfully
2025-07-24 07:56:30 - INFO - Attempt 1/10: Loading https://www.bybit.com/fiat/trade/otc?actionType=1&token=USDT&fiat=NGN
2025-07-24 07:56:40 - INFO - Screenshot saved as 'pb2b/screenshots/bybit_page_20250724_075640.png'
2025-07-24 07:56:40 - INFO - Fetching BUY listings for USDT/EUR
2025-07-24 07:56:41 - INFO - Data successfully saved to SQLite database. New listings - Bybit: 4, Binance: 6
2025-07-24 07:56:41 - INFO - Browser session closed
2025-07-24 07:56:41 - INFO - SQLite database connection closed
2025-07-24 08:36:10 - INFO - Logging initialized. Log file: pb2b/logs/bybit_scraper_20250724.log
2025-07-24 08:36:11 - INFO - DataSaver logging initialized. Log file: pb2b/logs/data_saver_20250724.log
2025-07-24 08:36:11 - INFO - Connected to SQLite database: pb2b/p2p_listings.db
2025-07-24 08:36:11 - INFO - Database tables created successfully
2025-07-24 08:36:11 - INFO - Attempt 1/10: Loading https://www.bybit.com/fiat/trade/otc?actionType=1&token=USDT&fiat=NGN
2025-07-24 08:36:19 - INFO - Screenshot saved as 'pb2b/screenshots/bybit_page_20250724_083619.png'
2025-07-24 08:36:20 - INFO - Fetching BUY listings for USDT/EUR
2025-07-24 08:36:20 - INFO - Data successfully saved to SQLite database. New listings - Bybit: 4, Binance: 6
2025-07-24 08:36:20 - INFO - Browser session closed
2025-07-24 08:36:20 - INFO - SQLite database connection closed
2025-07-24 09:01:49 - INFO - Logging initialized. Log file: pb2b/logs/bybit_scraper_20250724.log
2025-07-24 09:01:50 - INFO - DataSaver logging initialized. Log file: pb2b/logs/data_saver_20250724.log
2025-07-24 09:01:50 - INFO - Connected to SQLite database: pb2b/p2p_listings.db
2025-07-24 09:01:50 - INFO - Database tables created successfully
2025-07-24 09:01:50 - INFO - Attempt 1/10: Loading https://www.bybit.com/fiat/trade/otc?actionType=1&token=USDT&fiat=NGN
2025-07-24 09:02:00 - INFO - Screenshot saved as 'pb2b/screenshots/bybit_page_20250724_090200.png'
2025-07-24 09:02:01 - INFO - Fetching BUY listings for USDT/EUR
2025-07-24 09:02:02 - INFO - Data successfully saved to SQLite database. New listings - Bybit: 4, Binance: 6
2025-07-24 09:02:02 - INFO - Browser session closed
2025-07-24 09:02:02 - INFO - SQLite database connection closed
2025-07-24 09:37:06 - INFO - Logging initialized. Log file: pb2b/logs/bybit_scraper_20250724.log
2025-07-24 09:37:07 - INFO - DataSaver logging initialized. Log file: pb2b/logs/data_saver_20250724.log
2025-07-24 09:37:07 - INFO - Connected to SQLite database: pb2b/p2p_listings.db
2025-07-24 09:37:07 - INFO - Database tables created successfully
2025-07-24 09:37:07 - INFO - Attempt 1/10: Loading https://www.bybit.com/fiat/trade/otc?actionType=1&token=USDT&fiat=NGN
2025-07-24 09:37:18 - INFO - Screenshot saved as 'pb2b/screenshots/bybit_page_20250724_093718.png'
2025-07-24 09:37:19 - INFO - Fetching BUY listings for USDT/EUR
2025-07-24 09:37:19 - INFO - Data successfully saved to SQLite database. New listings - Bybit: 4, Binance: 6
2025-07-24 09:37:19 - INFO - Browser session closed
2025-07-24 09:37:19 - INFO - SQLite database connection closed
2025-07-24 09:55:42 - INFO - Logging initialized. Log file: pb2b/logs/bybit_scraper_20250724.log
2025-07-24 09:55:43 - INFO - DataSaver logging initialized. Log file: pb2b/logs/data_saver_20250724.log
2025-07-24 09:55:43 - INFO - Connected to SQLite database: pb2b/p2p_listings.db
2025-07-24 09:55:43 - INFO - Database tables created successfully
2025-07-24 09:55:43 - INFO - Attempt 1/10: Loading https://www.bybit.com/fiat/trade/otc?actionType=1&token=USDT&fiat=NGN
2025-07-24 09:55:52 - INFO - Screenshot saved as 'pb2b/screenshots/bybit_page_20250724_095552.png'
2025-07-24 09:55:52 - INFO - Fetching BUY listings for USDT/EUR
2025-07-24 09:55:53 - INFO - Data successfully saved to SQLite database. New listings - Bybit: 4, Binance: 6
2025-07-24 09:55:54 - INFO - Browser session closed
2025-07-24 09:55:54 - INFO - SQLite database connection closed
