2025-01-13 01:27:10 - INFO - Logging initialized. Log file: pb2b/logs/bybit_scraper_20250113.log
2025-01-13 01:27:12 - INFO - DataSaver logging initialized. Log file: pb2b/logs/data_saver_20250113.log
2025-01-13 01:27:12 - INFO - Connected to SQLite database: pb2b/p2p_listings.db
2025-01-13 01:27:12 - INFO - Database tables created successfully
2025-01-13 01:27:12 - INFO - Attempt 1/10: Loading https://www.bybit.com/fiat/trade/otc?actionType=1&token=USDT&fiat=NGN
2025-01-13 01:27:23 - INFO - Screenshot saved as 'pb2b/screenshots/bybit_page_20250113_012723.png'
2025-01-13 01:27:24 - INFO - Fetching BUY listings for USDT/EUR
2025-01-13 01:27:25 - INFO - Data successfully saved to SQLite database. New listings - Bybit: 4, Binance: 6
2025-01-13 01:27:25 - INFO - Browser session closed
2025-01-13 01:27:25 - INFO - SQLite database connection closed
2025-01-13 02:45:40 - INFO - Logging initialized. Log file: pb2b/logs/bybit_scraper_20250113.log
2025-01-13 02:45:40 - INFO - DataSaver logging initialized. Log file: pb2b/logs/data_saver_20250113.log
2025-01-13 02:45:40 - INFO - Connected to SQLite database: pb2b/p2p_listings.db
2025-01-13 02:45:40 - INFO - Database tables created successfully
2025-01-13 02:45:40 - INFO - Attempt 1/10: Loading https://www.bybit.com/fiat/trade/otc?actionType=1&token=USDT&fiat=NGN
2025-01-13 02:45:50 - INFO - Screenshot saved as 'pb2b/screenshots/bybit_page_20250113_024550.png'
2025-01-13 02:45:50 - INFO - Fetching BUY listings for USDT/EUR
2025-01-13 02:45:51 - INFO - Data successfully saved to SQLite database. New listings - Bybit: 4, Binance: 6
2025-01-13 02:45:51 - INFO - Browser session closed
2025-01-13 02:45:51 - INFO - SQLite database connection closed
