2026-02-08 01:15:23 - INFO - Logging initialized. Log file: pb2b/logs/bybit_scraper_20260208.log
2026-02-08 01:15:24 - INFO - DataSaver logging initialized. Log file: pb2b/logs/data_saver_20260208.log
2026-02-08 01:15:24 - INFO - Connected to SQLite database: pb2b/p2p_listings.db
2026-02-08 01:15:24 - INFO - Database tables created successfully
2026-02-08 01:15:24 - INFO - Attempt 1/10: Loading https://www.bybit.com/fiat/trade/otc?actionType=1&token=USDT&fiat=NGN
2026-02-08 01:15:32 - INFO - Screenshot saved as 'pb2b/screenshots/bybit_page_20260208_011532.png'
2026-02-08 01:15:32 - WARNING - Error parsing row: Message: no such element: Unable to locate element: {"method":"css selector","selector":"td:nth-child(2)"}
  (Session info: chrome=144.0.7559.132); For documentation on this error, please visit: https://www.selenium.dev/documentation/webdriver/troubleshooting/errors#nosuchelementexception
Stacktrace:
#0 0x560046d514ba <unknown>
#1 0x5600467ba492 <unknown>
#2 0x56004680f9b6 <unknown>
#3 0x56004680fbf1 <unknown>
#4 0x5600468031f6 <unknown>
#5 0x5600468030d7 <unknown>
#6 0x560046858700 <unknown>
#7 0x5600468016a2 <unknown>
#8 0x560046802491 <unknown>
#9 0x560046d17479 <unknown>
#10 0x560046d1a391 <unknown>
#11 0x560046d03a89 <unknown>
#12 0x560046d1af4e <unknown>
#13 0x560046cea070 <unknown>
#14 0x560046d3eca8 <unknown>
#15 0x560046d3ee78 <unknown>
#16 0x560046d50828 <unknown>
#17 0x7f16c289caa4 <unknown>
#18 0x7f16c2929c6c <unknown>

2026-02-08 01:15:32 - INFO - Fetching BUY listings for USDT/EUR
2026-02-08 01:15:33 - INFO - Data successfully saved to SQLite database. New listings - Bybit: 5, Binance: 6
2026-02-08 01:15:33 - INFO - Browser session closed
2026-02-08 01:15:33 - INFO - SQLite database connection closed
2026-02-08 04:14:46 - INFO - Logging initialized. Log file: pb2b/logs/bybit_scraper_20260208.log
2026-02-08 04:14:47 - INFO - DataSaver logging initialized. Log file: pb2b/logs/data_saver_20260208.log
2026-02-08 04:14:47 - INFO - Connected to SQLite database: pb2b/p2p_listings.db
2026-02-08 04:14:47 - INFO - Database tables created successfully
2026-02-08 04:14:47 - INFO - Attempt 1/10: Loading https://www.bybit.com/fiat/trade/otc?actionType=1&token=USDT&fiat=NGN
2026-02-08 04:14:56 - INFO - Screenshot saved as 'pb2b/screenshots/bybit_page_20260208_041456.png'
2026-02-08 04:14:56 - WARNING - Error parsing row: Message: no such element: Unable to locate element: {"method":"css selector","selector":"td:nth-child(2)"}
  (Session info: chrome=144.0.7559.132); For documentation on this error, please visit: https://www.selenium.dev/documentation/webdriver/troubleshooting/errors#nosuchelementexception
Stacktrace:
#0 0x55f7e86674ba <unknown>
#1 0x55f7e80d0492 <unknown>
#2 0x55f7e81259b6 <unknown>
#3 0x55f7e8125bf1 <unknown>
#4 0x55f7e81191f6 <unknown>
#5 0x55f7e81190d7 <unknown>
#6 0x55f7e816e700 <unknown>
#7 0x55f7e81176a2 <unknown>
#8 0x55f7e8118491 <unknown>
#9 0x55f7e862d479 <unknown>
#10 0x55f7e8630391 <unknown>
#11 0x55f7e8619a89 <unknown>
#12 0x55f7e8630f4e <unknown>
#13 0x55f7e8600070 <unknown>
#14 0x55f7e8654ca8 <unknown>
#15 0x55f7e8654e78 <unknown>
#16 0x55f7e8666828 <unknown>
#17 0x7f6948a9caa4 <unknown>
#18 0x7f6948b29c6c <unknown>

2026-02-08 04:14:57 - INFO - Fetching BUY listings for USDT/EUR
2026-02-08 04:14:58 - INFO - Data successfully saved to SQLite database. New listings - Bybit: 5, Binance: 6
2026-02-08 04:14:58 - INFO - Browser session closed
2026-02-08 04:14:58 - INFO - SQLite database connection closed
