2026-01-30 00:06:05 - INFO - Logging initialized. Log file: pb2b/logs/bybit_scraper_20260130.log
2026-01-30 00:06:06 - INFO - DataSaver logging initialized. Log file: pb2b/logs/data_saver_20260130.log
2026-01-30 00:06:06 - INFO - Connected to SQLite database: pb2b/p2p_listings.db
2026-01-30 00:06:06 - INFO - Database tables created successfully
2026-01-30 00:06:06 - INFO - Attempt 1/10: Loading https://www.bybit.com/fiat/trade/otc?actionType=1&token=USDT&fiat=NGN
2026-01-30 00:06:17 - INFO - Screenshot saved as 'pb2b/screenshots/bybit_page_20260130_000616.png'
2026-01-30 00:06:17 - WARNING - Error parsing row: Message: no such element: Unable to locate element: {"method":"css selector","selector":"td:nth-child(2)"}
  (Session info: chrome=144.0.7559.109); For documentation on this error, please visit: https://www.selenium.dev/documentation/webdriver/troubleshooting/errors#nosuchelementexception
Stacktrace:
#0 0x55ddcd70eafa <unknown>
#1 0x55ddcd12860f <unknown>
#2 0x55ddcd17da16 <unknown>
#3 0x55ddcd17dc51 <unknown>
#4 0x55ddcd171386 <unknown>
#5 0x55ddcd171267 <unknown>
#6 0x55ddcd1c662b <unknown>
#7 0x55ddcd16f842 <unknown>
#8 0x55ddcd170631 <unknown>
#9 0x55ddcd6d4689 <unknown>
#10 0x55ddcd6d7581 <unknown>
#11 0x55ddcd6c0ca9 <unknown>
#12 0x55ddcd6d813e <unknown>
#13 0x55ddcd6a73a0 <unknown>
#14 0x55ddcd6fbfc8 <unknown>
#15 0x55ddcd6fc19b <unknown>
#16 0x55ddcd70de68 <unknown>
#17 0x7f0a1c69caa4 <unknown>
#18 0x7f0a1c729c6c <unknown>

2026-01-30 00:06:17 - INFO - Fetching BUY listings for USDT/EUR
2026-01-30 00:06:18 - INFO - Data successfully saved to SQLite database. New listings - Bybit: 5, Binance: 6
2026-01-30 00:06:18 - INFO - Browser session closed
2026-01-30 00:06:18 - INFO - SQLite database connection closed
2026-01-30 02:55:07 - INFO - Logging initialized. Log file: pb2b/logs/bybit_scraper_20260130.log
2026-01-30 02:55:09 - INFO - DataSaver logging initialized. Log file: pb2b/logs/data_saver_20260130.log
2026-01-30 02:55:09 - INFO - Connected to SQLite database: pb2b/p2p_listings.db
2026-01-30 02:55:09 - INFO - Database tables created successfully
2026-01-30 02:55:09 - INFO - Attempt 1/10: Loading https://www.bybit.com/fiat/trade/otc?actionType=1&token=USDT&fiat=NGN
2026-01-30 02:55:16 - INFO - Screenshot saved as 'pb2b/screenshots/bybit_page_20260130_025516.png'
2026-01-30 02:55:16 - WARNING - Error parsing row: Message: no such element: Unable to locate element: {"method":"css selector","selector":"td:nth-child(2)"}
  (Session info: chrome=144.0.7559.109); For documentation on this error, please visit: https://www.selenium.dev/documentation/webdriver/troubleshooting/errors#nosuchelementexception
Stacktrace:
#0 0x5621a10c5afa <unknown>
#1 0x5621a0adf60f <unknown>
#2 0x5621a0b34a16 <unknown>
#3 0x5621a0b34c51 <unknown>
#4 0x5621a0b28386 <unknown>
#5 0x5621a0b28267 <unknown>
#6 0x5621a0b7d62b <unknown>
#7 0x5621a0b26842 <unknown>
#8 0x5621a0b27631 <unknown>
#9 0x5621a108b689 <unknown>
#10 0x5621a108e581 <unknown>
#11 0x5621a1077ca9 <unknown>
#12 0x5621a108f13e <unknown>
#13 0x5621a105e3a0 <unknown>
#14 0x5621a10b2fc8 <unknown>
#15 0x5621a10b319b <unknown>
#16 0x5621a10c4e68 <unknown>
#17 0x7f8d8809caa4 <unknown>
#18 0x7f8d88129c6c <unknown>

2026-01-30 02:55:17 - INFO - Fetching BUY listings for USDT/EUR
2026-01-30 02:55:18 - INFO - Data successfully saved to SQLite database. New listings - Bybit: 5, Binance: 6
2026-01-30 02:55:18 - INFO - Browser session closed
2026-01-30 02:55:18 - INFO - SQLite database connection closed
2026-01-30 04:31:22 - INFO - Logging initialized. Log file: pb2b/logs/bybit_scraper_20260130.log
2026-01-30 04:31:25 - INFO - DataSaver logging initialized. Log file: pb2b/logs/data_saver_20260130.log
2026-01-30 04:31:25 - INFO - Connected to SQLite database: pb2b/p2p_listings.db
2026-01-30 04:31:25 - INFO - Database tables created successfully
2026-01-30 04:31:25 - INFO - Attempt 1/10: Loading https://www.bybit.com/fiat/trade/otc?actionType=1&token=USDT&fiat=NGN
2026-01-30 04:31:34 - INFO - Screenshot saved as 'pb2b/screenshots/bybit_page_20260130_043134.png'
2026-01-30 04:31:34 - WARNING - Error parsing row: Message: no such element: Unable to locate element: {"method":"css selector","selector":"td:nth-child(2)"}
  (Session info: chrome=144.0.7559.109); For documentation on this error, please visit: https://www.selenium.dev/documentation/webdriver/troubleshooting/errors#nosuchelementexception
Stacktrace:
#0 0x562cb69abafa <unknown>
#1 0x562cb63c560f <unknown>
#2 0x562cb641aa16 <unknown>
#3 0x562cb641ac51 <unknown>
#4 0x562cb640e386 <unknown>
#5 0x562cb640e267 <unknown>
#6 0x562cb646362b <unknown>
#7 0x562cb640c842 <unknown>
#8 0x562cb640d631 <unknown>
#9 0x562cb6971689 <unknown>
#10 0x562cb6974581 <unknown>
#11 0x562cb695dca9 <unknown>
#12 0x562cb697513e <unknown>
#13 0x562cb69443a0 <unknown>
#14 0x562cb6998fc8 <unknown>
#15 0x562cb699919b <unknown>
#16 0x562cb69aae68 <unknown>
#17 0x7f0bb449caa4 <unknown>
#18 0x7f0bb4529c6c <unknown>

2026-01-30 04:31:35 - INFO - Fetching BUY listings for USDT/EUR
2026-01-30 04:31:36 - INFO - Data successfully saved to SQLite database. New listings - Bybit: 5, Binance: 6
2026-01-30 04:31:36 - INFO - Browser session closed
2026-01-30 04:31:36 - INFO - SQLite database connection closed
2026-01-30 05:38:01 - INFO - Logging initialized. Log file: pb2b/logs/bybit_scraper_20260130.log
2026-01-30 05:38:04 - INFO - DataSaver logging initialized. Log file: pb2b/logs/data_saver_20260130.log
2026-01-30 05:38:04 - INFO - Connected to SQLite database: pb2b/p2p_listings.db
2026-01-30 05:38:04 - INFO - Database tables created successfully
2026-01-30 05:38:04 - INFO - Attempt 1/10: Loading https://www.bybit.com/fiat/trade/otc?actionType=1&token=USDT&fiat=NGN
2026-01-30 05:38:13 - INFO - Screenshot saved as 'pb2b/screenshots/bybit_page_20260130_053813.png'
2026-01-30 05:38:13 - WARNING - Error parsing row: Message: no such element: Unable to locate element: {"method":"css selector","selector":"td:nth-child(2)"}
  (Session info: chrome=144.0.7559.109); For documentation on this error, please visit: https://www.selenium.dev/documentation/webdriver/troubleshooting/errors#nosuchelementexception
Stacktrace:
#0 0x55f708593afa <unknown>
#1 0x55f707fad60f <unknown>
#2 0x55f708002a16 <unknown>
#3 0x55f708002c51 <unknown>
#4 0x55f707ff6386 <unknown>
#5 0x55f707ff6267 <unknown>
#6 0x55f70804b62b <unknown>
#7 0x55f707ff4842 <unknown>
#8 0x55f707ff5631 <unknown>
#9 0x55f708559689 <unknown>
#10 0x55f70855c581 <unknown>
#11 0x55f708545ca9 <unknown>
#12 0x55f70855d13e <unknown>
#13 0x55f70852c3a0 <unknown>
#14 0x55f708580fc8 <unknown>
#15 0x55f70858119b <unknown>
#16 0x55f708592e68 <unknown>
#17 0x7f2c7809caa4 <unknown>
#18 0x7f2c78129c6c <unknown>

2026-01-30 05:38:13 - INFO - Fetching BUY listings for USDT/EUR
2026-01-30 05:38:14 - INFO - Data successfully saved to SQLite database. New listings - Bybit: 5, Binance: 6
2026-01-30 05:38:14 - INFO - Browser session closed
2026-01-30 05:38:14 - INFO - SQLite database connection closed
