2025-07-23 00:07:52 - INFO - Logging initialized. Log file: pb2b/logs/bybit_scraper_20250723.log
2025-07-23 00:07:53 - INFO - DataSaver logging initialized. Log file: pb2b/logs/data_saver_20250723.log
2025-07-23 00:07:53 - INFO - Connected to SQLite database: pb2b/p2p_listings.db
2025-07-23 00:07:53 - INFO - Database tables created successfully
2025-07-23 00:07:53 - INFO - Attempt 1/10: Loading https://www.bybit.com/fiat/trade/otc?actionType=1&token=USDT&fiat=NGN
2025-07-23 00:08:03 - INFO - Screenshot saved as 'pb2b/screenshots/bybit_page_20250723_000803.png'
2025-07-23 00:08:04 - INFO - Fetching BUY listings for USDT/EUR
2025-07-23 00:08:04 - INFO - Data successfully saved to SQLite database. New listings - Bybit: 4, Binance: 6
2025-07-23 00:08:05 - INFO - Browser session closed
2025-07-23 00:08:05 - INFO - SQLite database connection closed
2025-07-23 02:30:29 - INFO - Logging initialized. Log file: pb2b/logs/bybit_scraper_20250723.log
2025-07-23 02:30:31 - INFO - DataSaver logging initialized. Log file: pb2b/logs/data_saver_20250723.log
2025-07-23 02:30:31 - INFO - Connected to SQLite database: pb2b/p2p_listings.db
2025-07-23 02:30:31 - INFO - Database tables created successfully
2025-07-23 02:30:31 - INFO - Attempt 1/10: Loading https://www.bybit.com/fiat/trade/otc?actionType=1&token=USDT&fiat=NGN
2025-07-23 02:30:41 - INFO - Screenshot saved as 'pb2b/screenshots/bybit_page_20250723_023041.png'
2025-07-23 02:30:41 - INFO - Fetching BUY listings for USDT/EUR
2025-07-23 02:30:42 - INFO - Data successfully saved to SQLite database. New listings - Bybit: 4, Binance: 6
2025-07-23 02:30:42 - INFO - Browser session closed
2025-07-23 02:30:42 - INFO - SQLite database connection closed
2025-07-23 03:52:41 - INFO - Logging initialized. Log file: pb2b/logs/bybit_scraper_20250723.log
2025-07-23 03:52:42 - INFO - DataSaver logging initialized. Log file: pb2b/logs/data_saver_20250723.log
2025-07-23 03:52:42 - INFO - Connected to SQLite database: pb2b/p2p_listings.db
2025-07-23 03:52:42 - INFO - Database tables created successfully
2025-07-23 03:52:42 - INFO - Attempt 1/10: Loading https://www.bybit.com/fiat/trade/otc?actionType=1&token=USDT&fiat=NGN
2025-07-23 03:52:52 - INFO - Screenshot saved as 'pb2b/screenshots/bybit_page_20250723_035252.png'
2025-07-23 03:52:53 - INFO - Fetching BUY listings for USDT/EUR
2025-07-23 03:52:53 - INFO - Data successfully saved to SQLite database. New listings - Bybit: 4, Binance: 6
2025-07-23 03:52:54 - INFO - Browser session closed
2025-07-23 03:52:54 - INFO - SQLite database connection closed
2025-07-23 04:39:50 - INFO - Logging initialized. Log file: pb2b/logs/bybit_scraper_20250723.log
2025-07-23 04:39:51 - INFO - DataSaver logging initialized. Log file: pb2b/logs/data_saver_20250723.log
2025-07-23 04:39:51 - INFO - Connected to SQLite database: pb2b/p2p_listings.db
2025-07-23 04:39:51 - INFO - Database tables created successfully
2025-07-23 04:39:51 - INFO - Attempt 1/10: Loading https://www.bybit.com/fiat/trade/otc?actionType=1&token=USDT&fiat=NGN
2025-07-23 04:40:00 - INFO - Screenshot saved as 'pb2b/screenshots/bybit_page_20250723_044000.png'
2025-07-23 04:40:00 - INFO - Fetching BUY listings for USDT/EUR
2025-07-23 04:40:01 - INFO - Data successfully saved to SQLite database. New listings - Bybit: 4, Binance: 6
2025-07-23 04:40:01 - INFO - Browser session closed
2025-07-23 04:40:01 - INFO - SQLite database connection closed
2025-07-23 05:09:11 - INFO - Logging initialized. Log file: pb2b/logs/bybit_scraper_20250723.log
2025-07-23 05:09:13 - INFO - DataSaver logging initialized. Log file: pb2b/logs/data_saver_20250723.log
2025-07-23 05:09:13 - INFO - Connected to SQLite database: pb2b/p2p_listings.db
2025-07-23 05:09:13 - INFO - Database tables created successfully
2025-07-23 05:09:13 - INFO - Attempt 1/10: Loading https://www.bybit.com/fiat/trade/otc?actionType=1&token=USDT&fiat=NGN
2025-07-23 05:09:24 - INFO - Screenshot saved as 'pb2b/screenshots/bybit_page_20250723_050924.png'
2025-07-23 05:09:24 - INFO - Fetching BUY listings for USDT/EUR
2025-07-23 05:09:25 - INFO - Data successfully saved to SQLite database. New listings - Bybit: 4, Binance: 6
2025-07-23 05:09:25 - INFO - Browser session closed
2025-07-23 05:09:25 - INFO - SQLite database connection closed
2025-07-23 05:48:06 - INFO - Logging initialized. Log file: pb2b/logs/bybit_scraper_20250723.log
2025-07-23 05:48:07 - INFO - DataSaver logging initialized. Log file: pb2b/logs/data_saver_20250723.log
2025-07-23 05:48:07 - INFO - Connected to SQLite database: pb2b/p2p_listings.db
2025-07-23 05:48:07 - INFO - Database tables created successfully
2025-07-23 05:48:07 - INFO - Attempt 1/10: Loading https://www.bybit.com/fiat/trade/otc?actionType=1&token=USDT&fiat=NGN
2025-07-23 05:48:16 - INFO - Screenshot saved as 'pb2b/screenshots/bybit_page_20250723_054816.png'
2025-07-23 05:48:17 - INFO - Fetching BUY listings for USDT/EUR
2025-07-23 05:48:17 - INFO - Data successfully saved to SQLite database. New listings - Bybit: 4, Binance: 6
2025-07-23 05:48:17 - INFO - Browser session closed
2025-07-23 05:48:17 - INFO - SQLite database connection closed
2025-07-23 06:02:08 - INFO - Logging initialized. Log file: pb2b/logs/bybit_scraper_20250723.log
2025-07-23 06:02:09 - INFO - DataSaver logging initialized. Log file: pb2b/logs/data_saver_20250723.log
2025-07-23 06:02:09 - INFO - Connected to SQLite database: pb2b/p2p_listings.db
2025-07-23 06:02:09 - INFO - Database tables created successfully
2025-07-23 06:02:09 - INFO - Attempt 1/10: Loading https://www.bybit.com/fiat/trade/otc?actionType=1&token=USDT&fiat=NGN
2025-07-23 06:02:19 - INFO - Screenshot saved as 'pb2b/screenshots/bybit_page_20250723_060219.png'
2025-07-23 06:02:20 - INFO - Fetching BUY listings for USDT/EUR
2025-07-23 06:02:20 - INFO - Data successfully saved to SQLite database. New listings - Bybit: 4, Binance: 6
2025-07-23 06:02:21 - INFO - Browser session closed
2025-07-23 06:02:21 - INFO - SQLite database connection closed
2025-07-23 06:50:02 - INFO - Logging initialized. Log file: pb2b/logs/bybit_scraper_20250723.log
2025-07-23 06:50:05 - INFO - DataSaver logging initialized. Log file: pb2b/logs/data_saver_20250723.log
2025-07-23 06:50:05 - INFO - Connected to SQLite database: pb2b/p2p_listings.db
2025-07-23 06:50:05 - INFO - Database tables created successfully
2025-07-23 06:50:05 - INFO - Attempt 1/10: Loading https://www.bybit.com/fiat/trade/otc?actionType=1&token=USDT&fiat=NGN
2025-07-23 06:50:15 - INFO - Screenshot saved as 'pb2b/screenshots/bybit_page_20250723_065014.png'
2025-07-23 06:50:15 - INFO - Fetching BUY listings for USDT/EUR
2025-07-23 06:50:16 - INFO - Data successfully saved to SQLite database. New listings - Bybit: 4, Binance: 6
2025-07-23 06:50:16 - INFO - Browser session closed
2025-07-23 06:50:16 - INFO - SQLite database connection closed
2025-07-23 07:17:10 - INFO - Logging initialized. Log file: pb2b/logs/bybit_scraper_20250723.log
2025-07-23 07:17:12 - INFO - DataSaver logging initialized. Log file: pb2b/logs/data_saver_20250723.log
2025-07-23 07:17:12 - INFO - Connected to SQLite database: pb2b/p2p_listings.db
2025-07-23 07:17:12 - INFO - Database tables created successfully
2025-07-23 07:17:12 - INFO - Attempt 1/10: Loading https://www.bybit.com/fiat/trade/otc?actionType=1&token=USDT&fiat=NGN
2025-07-23 07:17:20 - INFO - Screenshot saved as 'pb2b/screenshots/bybit_page_20250723_071720.png'
2025-07-23 07:17:20 - INFO - Fetching BUY listings for USDT/EUR
2025-07-23 07:17:21 - INFO - Data successfully saved to SQLite database. New listings - Bybit: 4, Binance: 6
2025-07-23 07:17:21 - INFO - Browser session closed
2025-07-23 07:17:21 - INFO - SQLite database connection closed
2025-07-23 07:44:04 - INFO - Logging initialized. Log file: pb2b/logs/bybit_scraper_20250723.log
2025-07-23 07:44:06 - INFO - DataSaver logging initialized. Log file: pb2b/logs/data_saver_20250723.log
2025-07-23 07:44:06 - INFO - Connected to SQLite database: pb2b/p2p_listings.db
2025-07-23 07:44:06 - INFO - Database tables created successfully
2025-07-23 07:44:06 - INFO - Attempt 1/10: Loading https://www.bybit.com/fiat/trade/otc?actionType=1&token=USDT&fiat=NGN
2025-07-23 07:44:14 - INFO - Screenshot saved as 'pb2b/screenshots/bybit_page_20250723_074413.png'
2025-07-23 07:44:14 - INFO - Fetching BUY listings for USDT/EUR
2025-07-23 07:44:15 - INFO - Data successfully saved to SQLite database. New listings - Bybit: 4, Binance: 6
2025-07-23 07:44:15 - INFO - Browser session closed
2025-07-23 07:44:15 - INFO - SQLite database connection closed
2025-07-23 07:58:54 - INFO - Logging initialized. Log file: pb2b/logs/bybit_scraper_20250723.log
2025-07-23 07:58:55 - INFO - DataSaver logging initialized. Log file: pb2b/logs/data_saver_20250723.log
2025-07-23 07:58:55 - INFO - Connected to SQLite database: pb2b/p2p_listings.db
2025-07-23 07:58:55 - INFO - Database tables created successfully
2025-07-23 07:58:55 - INFO - Attempt 1/10: Loading https://www.bybit.com/fiat/trade/otc?actionType=1&token=USDT&fiat=NGN
2025-07-23 07:59:04 - INFO - Screenshot saved as 'pb2b/screenshots/bybit_page_20250723_075904.png'
2025-07-23 07:59:04 - INFO - Fetching BUY listings for USDT/EUR
2025-07-23 07:59:05 - INFO - Data successfully saved to SQLite database. New listings - Bybit: 4, Binance: 6
2025-07-23 07:59:05 - INFO - Browser session closed
2025-07-23 07:59:05 - INFO - SQLite database connection closed
2025-07-23 08:42:10 - INFO - Logging initialized. Log file: pb2b/logs/bybit_scraper_20250723.log
2025-07-23 08:42:11 - INFO - DataSaver logging initialized. Log file: pb2b/logs/data_saver_20250723.log
2025-07-23 08:42:11 - INFO - Connected to SQLite database: pb2b/p2p_listings.db
2025-07-23 08:42:11 - INFO - Database tables created successfully
2025-07-23 08:42:11 - INFO - Attempt 1/10: Loading https://www.bybit.com/fiat/trade/otc?actionType=1&token=USDT&fiat=NGN
2025-07-23 08:42:23 - INFO - Screenshot saved as 'pb2b/screenshots/bybit_page_20250723_084223.png'
2025-07-23 08:42:23 - INFO - Fetching BUY listings for USDT/EUR
2025-07-23 08:42:24 - INFO - Data successfully saved to SQLite database. New listings - Bybit: 4, Binance: 6
2025-07-23 08:42:24 - INFO - Browser session closed
2025-07-23 08:42:24 - INFO - SQLite database connection closed
2025-07-23 09:03:45 - INFO - Logging initialized. Log file: pb2b/logs/bybit_scraper_20250723.log
2025-07-23 09:03:47 - INFO - DataSaver logging initialized. Log file: pb2b/logs/data_saver_20250723.log
2025-07-23 09:03:47 - INFO - Connected to SQLite database: pb2b/p2p_listings.db
2025-07-23 09:03:47 - INFO - Database tables created successfully
2025-07-23 09:03:47 - INFO - Attempt 1/10: Loading https://www.bybit.com/fiat/trade/otc?actionType=1&token=USDT&fiat=NGN
2025-07-23 09:03:56 - INFO - Screenshot saved as 'pb2b/screenshots/bybit_page_20250723_090356.png'
2025-07-23 09:03:56 - INFO - Fetching BUY listings for USDT/EUR
2025-07-23 09:03:57 - INFO - Data successfully saved to SQLite database. New listings - Bybit: 4, Binance: 6
2025-07-23 09:03:57 - INFO - Browser session closed
2025-07-23 09:03:57 - INFO - SQLite database connection closed
2025-07-23 09:40:07 - INFO - Logging initialized. Log file: pb2b/logs/bybit_scraper_20250723.log
2025-07-23 09:40:08 - INFO - DataSaver logging initialized. Log file: pb2b/logs/data_saver_20250723.log
2025-07-23 09:40:08 - INFO - Connected to SQLite database: pb2b/p2p_listings.db
2025-07-23 09:40:08 - INFO - Database tables created successfully
2025-07-23 09:40:08 - INFO - Attempt 1/10: Loading https://www.bybit.com/fiat/trade/otc?actionType=1&token=USDT&fiat=NGN
2025-07-23 09:40:17 - INFO - Screenshot saved as 'pb2b/screenshots/bybit_page_20250723_094017.png'
2025-07-23 09:40:18 - INFO - Fetching BUY listings for USDT/EUR
2025-07-23 09:40:19 - INFO - Data successfully saved to SQLite database. New listings - Bybit: 4, Binance: 6
2025-07-23 09:40:19 - INFO - Browser session closed
2025-07-23 09:40:19 - INFO - SQLite database connection closed
