2025-04-18 01:47:55 - INFO - Logging initialized. Log file: pb2b/logs/bybit_scraper_20250418.log
2025-04-18 01:47:56 - INFO - DataSaver logging initialized. Log file: pb2b/logs/data_saver_20250418.log
2025-04-18 01:47:56 - INFO - Connected to SQLite database: pb2b/p2p_listings.db
2025-04-18 01:47:56 - INFO - Database tables created successfully
2025-04-18 01:47:56 - INFO - Attempt 1/10: Loading https://www.bybit.com/fiat/trade/otc?actionType=1&token=USDT&fiat=NGN
2025-04-18 01:48:05 - INFO - Screenshot saved as 'pb2b/screenshots/bybit_page_20250418_014805.png'
2025-04-18 01:48:05 - INFO - Fetching BUY listings for USDT/EUR
2025-04-18 01:48:06 - INFO - Data successfully saved to SQLite database. New listings - Bybit: 4, Binance: 6
2025-04-18 01:48:06 - INFO - Browser session closed
2025-04-18 01:48:06 - INFO - SQLite database connection closed
2025-04-18 02:56:24 - INFO - Logging initialized. Log file: pb2b/logs/bybit_scraper_20250418.log
2025-04-18 02:56:24 - INFO - DataSaver logging initialized. Log file: pb2b/logs/data_saver_20250418.log
2025-04-18 02:56:24 - INFO - Connected to SQLite database: pb2b/p2p_listings.db
2025-04-18 02:56:24 - INFO - Database tables created successfully
2025-04-18 02:56:24 - INFO - Attempt 1/10: Loading https://www.bybit.com/fiat/trade/otc?actionType=1&token=USDT&fiat=NGN
2025-04-18 02:56:34 - INFO - Screenshot saved as 'pb2b/screenshots/bybit_page_20250418_025634.png'
2025-04-18 02:56:35 - INFO - Fetching BUY listings for USDT/EUR
2025-04-18 02:56:35 - INFO - Data successfully saved to SQLite database. New listings - Bybit: 4, Binance: 6
2025-04-18 02:56:36 - INFO - Browser session closed
2025-04-18 02:56:36 - INFO - SQLite database connection closed
2025-04-18 03:37:00 - INFO - Logging initialized. Log file: pb2b/logs/bybit_scraper_20250418.log
2025-04-18 03:37:00 - INFO - DataSaver logging initialized. Log file: pb2b/logs/data_saver_20250418.log
2025-04-18 03:37:00 - INFO - Connected to SQLite database: pb2b/p2p_listings.db
2025-04-18 03:37:00 - INFO - Database tables created successfully
2025-04-18 03:37:00 - INFO - Attempt 1/10: Loading https://www.bybit.com/fiat/trade/otc?actionType=1&token=USDT&fiat=NGN
2025-04-18 03:37:09 - INFO - Screenshot saved as 'pb2b/screenshots/bybit_page_20250418_033709.png'
2025-04-18 03:37:10 - INFO - Fetching BUY listings for USDT/EUR
2025-04-18 03:37:10 - INFO - Data successfully saved to SQLite database. New listings - Bybit: 4, Binance: 6
2025-04-18 03:37:11 - INFO - Browser session closed
2025-04-18 03:37:11 - INFO - SQLite database connection closed
2025-04-18 03:55:14 - INFO - Logging initialized. Log file: pb2b/logs/bybit_scraper_20250418.log
2025-04-18 03:55:15 - INFO - DataSaver logging initialized. Log file: pb2b/logs/data_saver_20250418.log
2025-04-18 03:55:15 - INFO - Connected to SQLite database: pb2b/p2p_listings.db
2025-04-18 03:55:15 - INFO - Database tables created successfully
2025-04-18 03:55:15 - INFO - Attempt 1/10: Loading https://www.bybit.com/fiat/trade/otc?actionType=1&token=USDT&fiat=NGN
2025-04-18 03:55:26 - INFO - Screenshot saved as 'pb2b/screenshots/bybit_page_20250418_035526.png'
2025-04-18 03:55:26 - INFO - Fetching BUY listings for USDT/EUR
2025-04-18 03:55:27 - INFO - Data successfully saved to SQLite database. New listings - Bybit: 4, Binance: 6
2025-04-18 03:55:27 - INFO - Browser session closed
2025-04-18 03:55:27 - INFO - SQLite database connection closed
2025-04-18 04:26:38 - INFO - Logging initialized. Log file: pb2b/logs/bybit_scraper_20250418.log
2025-04-18 04:26:39 - INFO - DataSaver logging initialized. Log file: pb2b/logs/data_saver_20250418.log
2025-04-18 04:26:39 - INFO - Connected to SQLite database: pb2b/p2p_listings.db
2025-04-18 04:26:39 - INFO - Database tables created successfully
2025-04-18 04:26:39 - INFO - Attempt 1/10: Loading https://www.bybit.com/fiat/trade/otc?actionType=1&token=USDT&fiat=NGN
2025-04-18 04:26:49 - INFO - Screenshot saved as 'pb2b/screenshots/bybit_page_20250418_042649.png'
2025-04-18 04:26:49 - INFO - Fetching BUY listings for USDT/EUR
2025-04-18 04:26:50 - INFO - Data successfully saved to SQLite database. New listings - Bybit: 4, Binance: 6
2025-04-18 04:26:50 - INFO - Browser session closed
2025-04-18 04:26:50 - INFO - SQLite database connection closed
2025-04-18 04:48:28 - INFO - Logging initialized. Log file: pb2b/logs/bybit_scraper_20250418.log
2025-04-18 04:48:29 - INFO - DataSaver logging initialized. Log file: pb2b/logs/data_saver_20250418.log
2025-04-18 04:48:29 - INFO - Connected to SQLite database: pb2b/p2p_listings.db
2025-04-18 04:48:29 - INFO - Database tables created successfully
2025-04-18 04:48:29 - INFO - Attempt 1/10: Loading https://www.bybit.com/fiat/trade/otc?actionType=1&token=USDT&fiat=NGN
2025-04-18 04:48:38 - INFO - Screenshot saved as 'pb2b/screenshots/bybit_page_20250418_044838.png'
2025-04-18 04:48:39 - INFO - Fetching BUY listings for USDT/EUR
2025-04-18 04:48:39 - INFO - Data successfully saved to SQLite database. New listings - Bybit: 4, Binance: 6
2025-04-18 04:48:40 - INFO - Browser session closed
2025-04-18 04:48:40 - INFO - SQLite database connection closed
2025-04-18 05:01:54 - INFO - Logging initialized. Log file: pb2b/logs/bybit_scraper_20250418.log
2025-04-18 05:01:55 - INFO - DataSaver logging initialized. Log file: pb2b/logs/data_saver_20250418.log
2025-04-18 05:01:55 - INFO - Connected to SQLite database: pb2b/p2p_listings.db
2025-04-18 05:01:55 - INFO - Database tables created successfully
2025-04-18 05:01:55 - INFO - Attempt 1/10: Loading https://www.bybit.com/fiat/trade/otc?actionType=1&token=USDT&fiat=NGN
2025-04-18 05:02:05 - INFO - Screenshot saved as 'pb2b/screenshots/bybit_page_20250418_050204.png'
2025-04-18 05:02:05 - INFO - Fetching BUY listings for USDT/EUR
2025-04-18 05:02:05 - INFO - Data successfully saved to SQLite database. New listings - Bybit: 4, Binance: 6
2025-04-18 05:02:05 - INFO - Browser session closed
2025-04-18 05:02:05 - INFO - SQLite database connection closed
2025-04-18 05:31:42 - INFO - Logging initialized. Log file: pb2b/logs/bybit_scraper_20250418.log
2025-04-18 05:31:44 - INFO - DataSaver logging initialized. Log file: pb2b/logs/data_saver_20250418.log
2025-04-18 05:31:44 - INFO - Connected to SQLite database: pb2b/p2p_listings.db
2025-04-18 05:31:44 - INFO - Database tables created successfully
2025-04-18 05:31:44 - INFO - Attempt 1/10: Loading https://www.bybit.com/fiat/trade/otc?actionType=1&token=USDT&fiat=NGN
2025-04-18 05:31:53 - INFO - Screenshot saved as 'pb2b/screenshots/bybit_page_20250418_053153.png'
2025-04-18 05:31:54 - INFO - Fetching BUY listings for USDT/EUR
2025-04-18 05:31:54 - INFO - Data successfully saved to SQLite database. New listings - Bybit: 4, Binance: 6
2025-04-18 05:31:54 - INFO - Browser session closed
2025-04-18 05:31:54 - INFO - SQLite database connection closed
2025-04-18 05:46:50 - INFO - Logging initialized. Log file: pb2b/logs/bybit_scraper_20250418.log
2025-04-18 05:46:51 - INFO - DataSaver logging initialized. Log file: pb2b/logs/data_saver_20250418.log
2025-04-18 05:46:51 - INFO - Connected to SQLite database: pb2b/p2p_listings.db
2025-04-18 05:46:51 - INFO - Database tables created successfully
2025-04-18 05:46:51 - INFO - Attempt 1/10: Loading https://www.bybit.com/fiat/trade/otc?actionType=1&token=USDT&fiat=NGN
2025-04-18 05:47:02 - INFO - Screenshot saved as 'pb2b/screenshots/bybit_page_20250418_054702.png'
2025-04-18 05:47:02 - INFO - Fetching BUY listings for USDT/EUR
2025-04-18 05:47:03 - INFO - Data successfully saved to SQLite database. New listings - Bybit: 4, Binance: 6
2025-04-18 05:47:03 - INFO - Browser session closed
2025-04-18 05:47:03 - INFO - SQLite database connection closed
2025-04-18 05:58:54 - INFO - Logging initialized. Log file: pb2b/logs/bybit_scraper_20250418.log
2025-04-18 05:58:55 - INFO - DataSaver logging initialized. Log file: pb2b/logs/data_saver_20250418.log
2025-04-18 05:58:55 - INFO - Connected to SQLite database: pb2b/p2p_listings.db
2025-04-18 05:58:55 - INFO - Database tables created successfully
2025-04-18 05:58:55 - INFO - Attempt 1/10: Loading https://www.bybit.com/fiat/trade/otc?actionType=1&token=USDT&fiat=NGN
2025-04-18 05:59:04 - INFO - Screenshot saved as 'pb2b/screenshots/bybit_page_20250418_055904.png'
2025-04-18 05:59:04 - INFO - Fetching BUY listings for USDT/EUR
2025-04-18 05:59:05 - INFO - Data successfully saved to SQLite database. New listings - Bybit: 4, Binance: 6
2025-04-18 05:59:05 - INFO - Browser session closed
2025-04-18 05:59:05 - INFO - SQLite database connection closed
2025-04-18 06:38:14 - INFO - Logging initialized. Log file: pb2b/logs/bybit_scraper_20250418.log
2025-04-18 06:38:15 - INFO - DataSaver logging initialized. Log file: pb2b/logs/data_saver_20250418.log
2025-04-18 06:38:15 - INFO - Connected to SQLite database: pb2b/p2p_listings.db
2025-04-18 06:38:15 - INFO - Database tables created successfully
2025-04-18 06:38:15 - INFO - Attempt 1/10: Loading https://www.bybit.com/fiat/trade/otc?actionType=1&token=USDT&fiat=NGN
2025-04-18 06:38:23 - INFO - Screenshot saved as 'pb2b/screenshots/bybit_page_20250418_063823.png'
2025-04-18 06:38:24 - INFO - Fetching BUY listings for USDT/EUR
2025-04-18 06:38:24 - INFO - Data successfully saved to SQLite database. New listings - Bybit: 4, Binance: 6
2025-04-18 06:38:25 - INFO - Browser session closed
2025-04-18 06:38:25 - INFO - SQLite database connection closed
2025-04-18 06:54:44 - INFO - Logging initialized. Log file: pb2b/logs/bybit_scraper_20250418.log
2025-04-18 06:54:44 - INFO - DataSaver logging initialized. Log file: pb2b/logs/data_saver_20250418.log
2025-04-18 06:54:44 - INFO - Connected to SQLite database: pb2b/p2p_listings.db
2025-04-18 06:54:44 - INFO - Database tables created successfully
2025-04-18 06:54:44 - INFO - Attempt 1/10: Loading https://www.bybit.com/fiat/trade/otc?actionType=1&token=USDT&fiat=NGN
2025-04-18 06:54:54 - INFO - Screenshot saved as 'pb2b/screenshots/bybit_page_20250418_065454.png'
2025-04-18 06:54:55 - INFO - Fetching BUY listings for USDT/EUR
2025-04-18 06:54:55 - INFO - Data successfully saved to SQLite database. New listings - Bybit: 4, Binance: 6
2025-04-18 06:54:55 - INFO - Browser session closed
2025-04-18 06:54:55 - INFO - SQLite database connection closed
2025-04-18 07:21:18 - INFO - Logging initialized. Log file: pb2b/logs/bybit_scraper_20250418.log
2025-04-18 07:21:19 - INFO - DataSaver logging initialized. Log file: pb2b/logs/data_saver_20250418.log
2025-04-18 07:21:19 - INFO - Connected to SQLite database: pb2b/p2p_listings.db
2025-04-18 07:21:19 - INFO - Database tables created successfully
2025-04-18 07:21:19 - INFO - Attempt 1/10: Loading https://www.bybit.com/fiat/trade/otc?actionType=1&token=USDT&fiat=NGN
2025-04-18 07:21:28 - INFO - Screenshot saved as 'pb2b/screenshots/bybit_page_20250418_072128.png'
2025-04-18 07:21:28 - INFO - Fetching BUY listings for USDT/EUR
2025-04-18 07:21:29 - INFO - Data successfully saved to SQLite database. New listings - Bybit: 4, Binance: 6
2025-04-18 07:21:29 - INFO - Browser session closed
2025-04-18 07:21:29 - INFO - SQLite database connection closed
2025-04-18 07:37:53 - INFO - Logging initialized. Log file: pb2b/logs/bybit_scraper_20250418.log
2025-04-18 07:37:53 - INFO - DataSaver logging initialized. Log file: pb2b/logs/data_saver_20250418.log
2025-04-18 07:37:53 - INFO - Connected to SQLite database: pb2b/p2p_listings.db
2025-04-18 07:37:53 - INFO - Database tables created successfully
2025-04-18 07:37:53 - INFO - Attempt 1/10: Loading https://www.bybit.com/fiat/trade/otc?actionType=1&token=USDT&fiat=NGN
2025-04-18 07:38:03 - INFO - Screenshot saved as 'pb2b/screenshots/bybit_page_20250418_073803.png'
2025-04-18 07:38:03 - INFO - Fetching BUY listings for USDT/EUR
2025-04-18 07:38:04 - INFO - Data successfully saved to SQLite database. New listings - Bybit: 4, Binance: 6
2025-04-18 07:38:04 - INFO - Browser session closed
2025-04-18 07:38:04 - INFO - SQLite database connection closed
