2025-03-28 01:45:19 - INFO - Logging initialized. Log file: pb2b/logs/bybit_scraper_20250328.log
2025-03-28 01:45:25 - INFO - DataSaver logging initialized. Log file: pb2b/logs/data_saver_20250328.log
2025-03-28 01:45:25 - INFO - Connected to SQLite database: pb2b/p2p_listings.db
2025-03-28 01:45:25 - INFO - Database tables created successfully
2025-03-28 01:45:25 - INFO - Attempt 1/10: Loading https://www.bybit.com/fiat/trade/otc?actionType=1&token=USDT&fiat=NGN
2025-03-28 01:45:37 - INFO - Screenshot saved as 'pb2b/screenshots/bybit_page_20250328_014537.png'
2025-03-28 01:45:37 - INFO - Fetching BUY listings for USDT/EUR
2025-03-28 01:45:38 - INFO - Data successfully saved to SQLite database. New listings - Bybit: 4, Binance: 6
2025-03-28 01:45:38 - INFO - Browser session closed
2025-03-28 01:45:38 - INFO - SQLite database connection closed
2025-03-28 02:55:36 - INFO - Logging initialized. Log file: pb2b/logs/bybit_scraper_20250328.log
2025-03-28 02:55:37 - INFO - DataSaver logging initialized. Log file: pb2b/logs/data_saver_20250328.log
2025-03-28 02:55:37 - INFO - Connected to SQLite database: pb2b/p2p_listings.db
2025-03-28 02:55:37 - INFO - Database tables created successfully
2025-03-28 02:55:37 - INFO - Attempt 1/10: Loading https://www.bybit.com/fiat/trade/otc?actionType=1&token=USDT&fiat=NGN
2025-03-28 02:55:46 - INFO - Screenshot saved as 'pb2b/screenshots/bybit_page_20250328_025546.png'
2025-03-28 02:55:46 - INFO - Fetching BUY listings for USDT/EUR
2025-03-28 02:55:47 - INFO - Data successfully saved to SQLite database. New listings - Bybit: 4, Binance: 6
2025-03-28 02:55:47 - INFO - Browser session closed
2025-03-28 02:55:47 - INFO - SQLite database connection closed
2025-03-28 03:35:35 - INFO - Logging initialized. Log file: pb2b/logs/bybit_scraper_20250328.log
2025-03-28 03:35:45 - INFO - DataSaver logging initialized. Log file: pb2b/logs/data_saver_20250328.log
2025-03-28 03:35:45 - INFO - Connected to SQLite database: pb2b/p2p_listings.db
2025-03-28 03:35:45 - INFO - Database tables created successfully
2025-03-28 03:35:45 - INFO - Attempt 1/10: Loading https://www.bybit.com/fiat/trade/otc?actionType=1&token=USDT&fiat=NGN
2025-03-28 03:35:56 - INFO - Screenshot saved as 'pb2b/screenshots/bybit_page_20250328_033556.png'
2025-03-28 03:35:56 - INFO - Fetching BUY listings for USDT/EUR
2025-03-28 03:35:57 - INFO - Data successfully saved to SQLite database. New listings - Bybit: 4, Binance: 6
2025-03-28 03:35:57 - INFO - Browser session closed
2025-03-28 03:35:57 - INFO - SQLite database connection closed
2025-03-28 03:54:26 - INFO - Logging initialized. Log file: pb2b/logs/bybit_scraper_20250328.log
2025-03-28 03:54:40 - INFO - DataSaver logging initialized. Log file: pb2b/logs/data_saver_20250328.log
2025-03-28 03:54:40 - INFO - Connected to SQLite database: pb2b/p2p_listings.db
2025-03-28 03:54:40 - INFO - Database tables created successfully
2025-03-28 03:54:40 - INFO - Attempt 1/10: Loading https://www.bybit.com/fiat/trade/otc?actionType=1&token=USDT&fiat=NGN
2025-03-28 03:54:53 - INFO - Screenshot saved as 'pb2b/screenshots/bybit_page_20250328_035453.png'
2025-03-28 03:54:54 - INFO - Fetching BUY listings for USDT/EUR
2025-03-28 03:54:54 - INFO - Data successfully saved to SQLite database. New listings - Bybit: 4, Binance: 6
2025-03-28 03:54:54 - INFO - Browser session closed
2025-03-28 03:54:54 - INFO - SQLite database connection closed
2025-03-28 04:24:38 - INFO - Logging initialized. Log file: pb2b/logs/bybit_scraper_20250328.log
2025-03-28 04:24:46 - INFO - DataSaver logging initialized. Log file: pb2b/logs/data_saver_20250328.log
2025-03-28 04:24:46 - INFO - Connected to SQLite database: pb2b/p2p_listings.db
2025-03-28 04:24:46 - INFO - Database tables created successfully
2025-03-28 04:24:46 - INFO - Attempt 1/10: Loading https://www.bybit.com/fiat/trade/otc?actionType=1&token=USDT&fiat=NGN
2025-03-28 04:24:56 - INFO - Screenshot saved as 'pb2b/screenshots/bybit_page_20250328_042456.png'
2025-03-28 04:24:56 - INFO - Fetching BUY listings for USDT/EUR
2025-03-28 04:24:57 - INFO - Data successfully saved to SQLite database. New listings - Bybit: 4, Binance: 6
2025-03-28 04:24:57 - INFO - Browser session closed
2025-03-28 04:24:57 - INFO - SQLite database connection closed
2025-03-28 04:45:03 - INFO - Logging initialized. Log file: pb2b/logs/bybit_scraper_20250328.log
2025-03-28 04:45:20 - INFO - DataSaver logging initialized. Log file: pb2b/logs/data_saver_20250328.log
2025-03-28 04:45:20 - INFO - Connected to SQLite database: pb2b/p2p_listings.db
2025-03-28 04:45:20 - INFO - Database tables created successfully
2025-03-28 04:45:20 - INFO - Attempt 1/10: Loading https://www.bybit.com/fiat/trade/otc?actionType=1&token=USDT&fiat=NGN
2025-03-28 04:45:34 - INFO - Screenshot saved as 'pb2b/screenshots/bybit_page_20250328_044534.png'
2025-03-28 04:45:35 - INFO - Fetching BUY listings for USDT/EUR
2025-03-28 04:45:36 - INFO - Data successfully saved to SQLite database. New listings - Bybit: 4, Binance: 6
2025-03-28 04:45:36 - INFO - Browser session closed
2025-03-28 04:45:36 - INFO - SQLite database connection closed
2025-03-28 04:57:57 - INFO - Logging initialized. Log file: pb2b/logs/bybit_scraper_20250328.log
2025-03-28 04:57:58 - INFO - DataSaver logging initialized. Log file: pb2b/logs/data_saver_20250328.log
2025-03-28 04:57:58 - INFO - Connected to SQLite database: pb2b/p2p_listings.db
2025-03-28 04:57:58 - INFO - Database tables created successfully
2025-03-28 04:57:58 - INFO - Attempt 1/10: Loading https://www.bybit.com/fiat/trade/otc?actionType=1&token=USDT&fiat=NGN
2025-03-28 04:58:08 - INFO - Screenshot saved as 'pb2b/screenshots/bybit_page_20250328_045808.png'
2025-03-28 04:58:09 - INFO - Fetching BUY listings for USDT/EUR
2025-03-28 04:58:09 - INFO - Data successfully saved to SQLite database. New listings - Bybit: 4, Binance: 6
2025-03-28 04:58:09 - INFO - Browser session closed
2025-03-28 04:58:09 - INFO - SQLite database connection closed
2025-03-28 05:28:07 - INFO - Logging initialized. Log file: pb2b/logs/bybit_scraper_20250328.log
2025-03-28 05:28:08 - INFO - DataSaver logging initialized. Log file: pb2b/logs/data_saver_20250328.log
2025-03-28 05:28:08 - INFO - Connected to SQLite database: pb2b/p2p_listings.db
2025-03-28 05:28:08 - INFO - Database tables created successfully
2025-03-28 05:28:08 - INFO - Attempt 1/10: Loading https://www.bybit.com/fiat/trade/otc?actionType=1&token=USDT&fiat=NGN
2025-03-28 05:28:19 - INFO - Screenshot saved as 'pb2b/screenshots/bybit_page_20250328_052819.png'
2025-03-28 05:28:19 - INFO - Fetching BUY listings for USDT/EUR
2025-03-28 05:28:20 - INFO - Data successfully saved to SQLite database. New listings - Bybit: 4, Binance: 6
2025-03-28 05:28:20 - INFO - Browser session closed
2025-03-28 05:28:20 - INFO - SQLite database connection closed
