2025-12-15 00:00:55 - INFO - Logging initialized. Log file: pb2b/logs/bybit_scraper_20251215.log
2025-12-15 00:00:57 - INFO - DataSaver logging initialized. Log file: pb2b/logs/data_saver_20251215.log
2025-12-15 00:00:57 - INFO - Connected to SQLite database: pb2b/p2p_listings.db
2025-12-15 00:00:57 - INFO - Database tables created successfully
2025-12-15 00:00:57 - INFO - Attempt 1/10: Loading https://www.bybit.com/fiat/trade/otc?actionType=1&token=USDT&fiat=NGN
2025-12-15 00:01:10 - INFO - Screenshot saved as 'pb2b/screenshots/bybit_page_20251215_000110.png'
2025-12-15 00:01:11 - WARNING - Error parsing row: Message: no such element: Unable to locate element: {"method":"css selector","selector":"td:nth-child(2)"}
  (Session info: chrome=143.0.7499.109); For documentation on this error, please visit: https://www.selenium.dev/documentation/webdriver/troubleshooting/errors#nosuchelementexception
Stacktrace:
#0 0x55daaf73f16a <unknown>
#1 0x55daaf1bcc4b <unknown>
#2 0x55daaf20e318 <unknown>
#3 0x55daaf20e551 <unknown>
#4 0x55daaf202586 <unknown>
#5 0x55daaf202477 <unknown>
#6 0x55daaf259bee <unknown>
#7 0x55daaf200c42 <unknown>
#8 0x55daaf2018f1 <unknown>
#9 0x55daaf707f09 <unknown>
#10 0x55daaf70ae4d <unknown>
#11 0x55daaf6f0c51 <unknown>
#12 0x55daaf70ba2b <unknown>
#13 0x55daaf6d7a20 <unknown>
#14 0x55daaf72ca78 <unknown>
#15 0x55daaf72cc49 <unknown>
#16 0x55daaf73e4c3 <unknown>
#17 0x7fb0f1a9caa4 <unknown>
#18 0x7fb0f1b29c6c <unknown>

2025-12-15 00:01:11 - INFO - Fetching BUY listings for USDT/EUR
2025-12-15 00:01:11 - INFO - Data successfully saved to SQLite database. New listings - Bybit: 4, Binance: 6
2025-12-15 00:01:11 - INFO - Browser session closed
2025-12-15 00:01:11 - INFO - SQLite database connection closed
2025-12-15 02:28:06 - INFO - Logging initialized. Log file: pb2b/logs/bybit_scraper_20251215.log
2025-12-15 02:28:07 - INFO - DataSaver logging initialized. Log file: pb2b/logs/data_saver_20251215.log
2025-12-15 02:28:07 - INFO - Connected to SQLite database: pb2b/p2p_listings.db
2025-12-15 02:28:07 - INFO - Database tables created successfully
2025-12-15 02:28:07 - INFO - Attempt 1/10: Loading https://www.bybit.com/fiat/trade/otc?actionType=1&token=USDT&fiat=NGN
2025-12-15 02:28:17 - INFO - Screenshot saved as 'pb2b/screenshots/bybit_page_20251215_022817.png'
2025-12-15 02:28:17 - WARNING - Error parsing row: Message: no such element: Unable to locate element: {"method":"css selector","selector":"td:nth-child(2)"}
  (Session info: chrome=143.0.7499.109); For documentation on this error, please visit: https://www.selenium.dev/documentation/webdriver/troubleshooting/errors#nosuchelementexception
Stacktrace:
#0 0x55f13257216a <unknown>
#1 0x55f131fefc4b <unknown>
#2 0x55f132041318 <unknown>
#3 0x55f132041551 <unknown>
#4 0x55f132035586 <unknown>
#5 0x55f132035477 <unknown>
#6 0x55f13208cbee <unknown>
#7 0x55f132033c42 <unknown>
#8 0x55f1320348f1 <unknown>
#9 0x55f13253af09 <unknown>
#10 0x55f13253de4d <unknown>
#11 0x55f132523c51 <unknown>
#12 0x55f13253ea2b <unknown>
#13 0x55f13250aa20 <unknown>
#14 0x55f13255fa78 <unknown>
#15 0x55f13255fc49 <unknown>
#16 0x55f1325714c3 <unknown>
#17 0x7fcabae9caa4 <unknown>
#18 0x7fcabaf29c6c <unknown>

2025-12-15 02:28:17 - INFO - Fetching BUY listings for USDT/EUR
2025-12-15 02:28:18 - INFO - Data successfully saved to SQLite database. New listings - Bybit: 4, Binance: 6
2025-12-15 02:28:18 - INFO - Browser session closed
2025-12-15 02:28:18 - INFO - SQLite database connection closed
2025-12-15 03:57:09 - INFO - Logging initialized. Log file: pb2b/logs/bybit_scraper_20251215.log
2025-12-15 03:57:10 - INFO - DataSaver logging initialized. Log file: pb2b/logs/data_saver_20251215.log
2025-12-15 03:57:10 - INFO - Connected to SQLite database: pb2b/p2p_listings.db
2025-12-15 03:57:10 - INFO - Database tables created successfully
2025-12-15 03:57:10 - INFO - Attempt 1/10: Loading https://www.bybit.com/fiat/trade/otc?actionType=1&token=USDT&fiat=NGN
2025-12-15 03:57:18 - INFO - Screenshot saved as 'pb2b/screenshots/bybit_page_20251215_035718.png'
2025-12-15 03:57:18 - WARNING - Error parsing row: Message: no such element: Unable to locate element: {"method":"css selector","selector":"td:nth-child(2)"}
  (Session info: chrome=143.0.7499.109); For documentation on this error, please visit: https://www.selenium.dev/documentation/webdriver/troubleshooting/errors#nosuchelementexception
Stacktrace:
#0 0x56100dec316a <unknown>
#1 0x56100d940c4b <unknown>
#2 0x56100d992318 <unknown>
#3 0x56100d992551 <unknown>
#4 0x56100d986586 <unknown>
#5 0x56100d986477 <unknown>
#6 0x56100d9ddbee <unknown>
#7 0x56100d984c42 <unknown>
#8 0x56100d9858f1 <unknown>
#9 0x56100de8bf09 <unknown>
#10 0x56100de8ee4d <unknown>
#11 0x56100de74c51 <unknown>
#12 0x56100de8fa2b <unknown>
#13 0x56100de5ba20 <unknown>
#14 0x56100deb0a78 <unknown>
#15 0x56100deb0c49 <unknown>
#16 0x56100dec24c3 <unknown>
#17 0x7f4446c9caa4 <unknown>
#18 0x7f4446d29c6c <unknown>

2025-12-15 03:57:19 - INFO - Fetching BUY listings for USDT/EUR
2025-12-15 03:57:21 - INFO - Data successfully saved to SQLite database. New listings - Bybit: 4, Binance: 6
2025-12-15 03:57:21 - INFO - Browser session closed
2025-12-15 03:57:21 - INFO - SQLite database connection closed
