2025-07-29 02:41:03 - INFO - Logging initialized. Log file: pb2b/logs/bybit_scraper_20250729.log
2025-07-29 02:41:04 - INFO - DataSaver logging initialized. Log file: pb2b/logs/data_saver_20250729.log
2025-07-29 02:41:04 - INFO - Connected to SQLite database: pb2b/p2p_listings.db
2025-07-29 02:41:04 - INFO - Database tables created successfully
2025-07-29 02:41:04 - INFO - Attempt 1/10: Loading https://www.bybit.com/fiat/trade/otc?actionType=1&token=USDT&fiat=NGN
2025-07-29 02:41:15 - INFO - Screenshot saved as 'pb2b/screenshots/bybit_page_20250729_024115.png'
2025-07-29 02:41:16 - INFO - Fetching BUY listings for USDT/EUR
2025-07-29 02:41:16 - INFO - Data successfully saved to SQLite database. New listings - Bybit: 4, Binance: 6
2025-07-29 02:41:16 - INFO - Browser session closed
2025-07-29 02:41:16 - INFO - SQLite database connection closed
2025-07-29 04:04:28 - INFO - Logging initialized. Log file: pb2b/logs/bybit_scraper_20250729.log
2025-07-29 04:04:30 - INFO - DataSaver logging initialized. Log file: pb2b/logs/data_saver_20250729.log
2025-07-29 04:04:30 - INFO - Connected to SQLite database: pb2b/p2p_listings.db
2025-07-29 04:04:30 - INFO - Database tables created successfully
2025-07-29 04:04:30 - INFO - Attempt 1/10: Loading https://www.bybit.com/fiat/trade/otc?actionType=1&token=USDT&fiat=NGN
2025-07-29 04:04:39 - INFO - Screenshot saved as 'pb2b/screenshots/bybit_page_20250729_040438.png'
2025-07-29 04:04:39 - INFO - Fetching BUY listings for USDT/EUR
2025-07-29 04:04:40 - INFO - Data successfully saved to SQLite database. New listings - Bybit: 4, Binance: 6
2025-07-29 04:04:40 - INFO - Browser session closed
2025-07-29 04:04:40 - INFO - SQLite database connection closed
