2025-05-16 06:19:24 - INFO - Logging initialized. Log file: pb2b/logs/bybit_scraper_20250516.log
2025-05-16 06:19:25 - INFO - DataSaver logging initialized. Log file: pb2b/logs/data_saver_20250516.log
2025-05-16 06:19:25 - INFO - Connected to SQLite database: pb2b/p2p_listings.db
2025-05-16 06:19:25 - INFO - Database tables created successfully
2025-05-16 06:19:25 - INFO - Attempt 1/10: Loading https://www.bybit.com/fiat/trade/otc?actionType=1&token=USDT&fiat=NGN
2025-05-16 06:19:35 - INFO - Screenshot saved as 'pb2b/screenshots/bybit_page_20250516_061935.png'
2025-05-16 06:19:36 - INFO - Fetching BUY listings for USDT/EUR
2025-05-16 06:19:36 - INFO - Data successfully saved to SQLite database. New listings - Bybit: 4, Binance: 6
2025-05-16 06:19:36 - INFO - Browser session closed
2025-05-16 06:19:36 - INFO - SQLite database connection closed
2025-05-16 08:56:10 - INFO - Logging initialized. Log file: pb2b/logs/bybit_scraper_20250516.log
2025-05-16 08:56:11 - INFO - DataSaver logging initialized. Log file: pb2b/logs/data_saver_20250516.log
2025-05-16 08:56:11 - INFO - Connected to SQLite database: pb2b/p2p_listings.db
2025-05-16 08:56:11 - INFO - Database tables created successfully
2025-05-16 08:56:11 - INFO - Attempt 1/10: Loading https://www.bybit.com/fiat/trade/otc?actionType=1&token=USDT&fiat=NGN
2025-05-16 08:56:20 - INFO - Screenshot saved as 'pb2b/screenshots/bybit_page_20250516_085620.png'
2025-05-16 08:56:20 - INFO - Fetching BUY listings for USDT/EUR
2025-05-16 08:56:22 - INFO - Data successfully saved to SQLite database. New listings - Bybit: 4, Binance: 6
2025-05-16 08:56:22 - INFO - Browser session closed
2025-05-16 08:56:22 - INFO - SQLite database connection closed
2025-05-16 15:38:30 - INFO - Logging initialized. Log file: pb2b/logs/bybit_scraper_20250516.log
2025-05-16 15:38:31 - INFO - DataSaver logging initialized. Log file: pb2b/logs/data_saver_20250516.log
2025-05-16 15:38:31 - INFO - Connected to SQLite database: pb2b/p2p_listings.db
2025-05-16 15:38:31 - INFO - Database tables created successfully
2025-05-16 15:38:31 - INFO - Attempt 1/10: Loading https://www.bybit.com/fiat/trade/otc?actionType=1&token=USDT&fiat=NGN
2025-05-16 15:38:41 - INFO - Screenshot saved as 'pb2b/screenshots/bybit_page_20250516_153841.png'
2025-05-16 15:38:42 - INFO - Fetching BUY listings for USDT/EUR
2025-05-16 15:38:42 - INFO - Data successfully saved to SQLite database. New listings - Bybit: 4, Binance: 6
2025-05-16 15:38:42 - INFO - Browser session closed
2025-05-16 15:38:42 - INFO - SQLite database connection closed
2025-05-16 16:59:26 - INFO - Logging initialized. Log file: pb2b/logs/bybit_scraper_20250516.log
2025-05-16 16:59:27 - INFO - DataSaver logging initialized. Log file: pb2b/logs/data_saver_20250516.log
2025-05-16 16:59:27 - INFO - Connected to SQLite database: pb2b/p2p_listings.db
2025-05-16 16:59:27 - INFO - Database tables created successfully
2025-05-16 16:59:27 - INFO - Attempt 1/10: Loading https://www.bybit.com/fiat/trade/otc?actionType=1&token=USDT&fiat=NGN
2025-05-16 16:59:37 - INFO - Screenshot saved as 'pb2b/screenshots/bybit_page_20250516_165937.png'
2025-05-16 16:59:37 - INFO - Fetching BUY listings for USDT/EUR
2025-05-16 16:59:38 - INFO - Data successfully saved to SQLite database. New listings - Bybit: 4, Binance: 6
2025-05-16 16:59:38 - INFO - Browser session closed
2025-05-16 16:59:38 - INFO - SQLite database connection closed
2025-05-16 18:53:53 - INFO - Logging initialized. Log file: pb2b/logs/bybit_scraper_20250516.log
2025-05-16 18:53:54 - INFO - DataSaver logging initialized. Log file: pb2b/logs/data_saver_20250516.log
2025-05-16 18:53:54 - INFO - Connected to SQLite database: pb2b/p2p_listings.db
2025-05-16 18:53:54 - INFO - Database tables created successfully
2025-05-16 18:53:54 - INFO - Attempt 1/10: Loading https://www.bybit.com/fiat/trade/otc?actionType=1&token=USDT&fiat=NGN
2025-05-16 18:54:03 - INFO - Screenshot saved as 'pb2b/screenshots/bybit_page_20250516_185403.png'
2025-05-16 18:54:03 - INFO - Fetching BUY listings for USDT/EUR
2025-05-16 18:54:04 - INFO - Data successfully saved to SQLite database. New listings - Bybit: 4, Binance: 6
2025-05-16 18:54:04 - INFO - Browser session closed
2025-05-16 18:54:04 - INFO - SQLite database connection closed
2025-05-16 19:21:20 - INFO - Logging initialized. Log file: pb2b/logs/bybit_scraper_20250516.log
2025-05-16 19:21:22 - INFO - DataSaver logging initialized. Log file: pb2b/logs/data_saver_20250516.log
2025-05-16 19:21:22 - INFO - Connected to SQLite database: pb2b/p2p_listings.db
2025-05-16 19:21:22 - INFO - Database tables created successfully
2025-05-16 19:21:22 - INFO - Attempt 1/10: Loading https://www.bybit.com/fiat/trade/otc?actionType=1&token=USDT&fiat=NGN
2025-05-16 19:21:32 - INFO - Screenshot saved as 'pb2b/screenshots/bybit_page_20250516_192131.png'
2025-05-16 19:21:32 - INFO - Fetching BUY listings for USDT/EUR
2025-05-16 19:21:33 - INFO - Data successfully saved to SQLite database. New listings - Bybit: 4, Binance: 6
2025-05-16 19:21:33 - INFO - Browser session closed
2025-05-16 19:21:33 - INFO - SQLite database connection closed
2025-05-16 19:30:52 - INFO - Logging initialized. Log file: pb2b/logs/bybit_scraper_20250516.log
2025-05-16 19:30:52 - INFO - DataSaver logging initialized. Log file: pb2b/logs/data_saver_20250516.log
2025-05-16 19:30:52 - INFO - Connected to SQLite database: pb2b/p2p_listings.db
2025-05-16 19:30:52 - INFO - Database tables created successfully
2025-05-16 19:30:52 - INFO - Attempt 1/10: Loading https://www.bybit.com/fiat/trade/otc?actionType=1&token=USDT&fiat=NGN
2025-05-16 19:31:05 - INFO - Screenshot saved as 'pb2b/screenshots/bybit_page_20250516_193105.png'
2025-05-16 19:31:05 - INFO - Fetching BUY listings for USDT/EUR
2025-05-16 19:31:06 - INFO - Data successfully saved to SQLite database. New listings - Bybit: 4, Binance: 6
2025-05-16 19:31:06 - INFO - Browser session closed
2025-05-16 19:31:06 - INFO - SQLite database connection closed
2025-05-16 19:57:39 - INFO - Logging initialized. Log file: pb2b/logs/bybit_scraper_20250516.log
2025-05-16 19:57:41 - INFO - DataSaver logging initialized. Log file: pb2b/logs/data_saver_20250516.log
2025-05-16 19:57:41 - INFO - Connected to SQLite database: pb2b/p2p_listings.db
2025-05-16 19:57:41 - INFO - Database tables created successfully
2025-05-16 19:57:41 - INFO - Attempt 1/10: Loading https://www.bybit.com/fiat/trade/otc?actionType=1&token=USDT&fiat=NGN
2025-05-16 19:57:50 - INFO - Screenshot saved as 'pb2b/screenshots/bybit_page_20250516_195750.png'
2025-05-16 19:57:51 - INFO - Fetching BUY listings for USDT/EUR
2025-05-16 19:57:52 - INFO - Data successfully saved to SQLite database. New listings - Bybit: 4, Binance: 6
2025-05-16 19:57:52 - INFO - Browser session closed
2025-05-16 19:57:52 - INFO - SQLite database connection closed
2025-05-16 20:45:25 - INFO - Logging initialized. Log file: pb2b/logs/bybit_scraper_20250516.log
2025-05-16 20:45:26 - INFO - DataSaver logging initialized. Log file: pb2b/logs/data_saver_20250516.log
2025-05-16 20:45:26 - INFO - Connected to SQLite database: pb2b/p2p_listings.db
2025-05-16 20:45:26 - INFO - Database tables created successfully
2025-05-16 20:45:26 - INFO - Attempt 1/10: Loading https://www.bybit.com/fiat/trade/otc?actionType=1&token=USDT&fiat=NGN
2025-05-16 20:45:37 - INFO - Screenshot saved as 'pb2b/screenshots/bybit_page_20250516_204536.png'
2025-05-16 20:45:37 - INFO - Fetching BUY listings for USDT/EUR
2025-05-16 20:45:38 - INFO - Data successfully saved to SQLite database. New listings - Bybit: 4, Binance: 6
2025-05-16 20:45:38 - INFO - Browser session closed
2025-05-16 20:45:38 - INFO - SQLite database connection closed
2025-05-16 20:59:41 - INFO - Logging initialized. Log file: pb2b/logs/bybit_scraper_20250516.log
2025-05-16 20:59:42 - INFO - DataSaver logging initialized. Log file: pb2b/logs/data_saver_20250516.log
2025-05-16 20:59:42 - INFO - Connected to SQLite database: pb2b/p2p_listings.db
2025-05-16 20:59:42 - INFO - Database tables created successfully
2025-05-16 20:59:42 - INFO - Attempt 1/10: Loading https://www.bybit.com/fiat/trade/otc?actionType=1&token=USDT&fiat=NGN
2025-05-16 20:59:51 - INFO - Screenshot saved as 'pb2b/screenshots/bybit_page_20250516_205951.png'
2025-05-16 20:59:52 - INFO - Fetching BUY listings for USDT/EUR
2025-05-16 20:59:52 - INFO - Data successfully saved to SQLite database. New listings - Bybit: 4, Binance: 6
2025-05-16 20:59:52 - INFO - Browser session closed
2025-05-16 20:59:52 - INFO - SQLite database connection closed
2025-05-16 21:28:14 - INFO - Logging initialized. Log file: pb2b/logs/bybit_scraper_20250516.log
2025-05-16 21:28:15 - INFO - DataSaver logging initialized. Log file: pb2b/logs/data_saver_20250516.log
2025-05-16 21:28:15 - INFO - Connected to SQLite database: pb2b/p2p_listings.db
2025-05-16 21:28:15 - INFO - Database tables created successfully
2025-05-16 21:28:15 - INFO - Attempt 1/10: Loading https://www.bybit.com/fiat/trade/otc?actionType=1&token=USDT&fiat=NGN
2025-05-16 21:28:25 - INFO - Screenshot saved as 'pb2b/screenshots/bybit_page_20250516_212825.png'
2025-05-16 21:28:25 - INFO - Fetching BUY listings for USDT/EUR
2025-05-16 21:28:26 - INFO - Data successfully saved to SQLite database. New listings - Bybit: 4, Binance: 6
2025-05-16 21:28:26 - INFO - Browser session closed
2025-05-16 21:28:26 - INFO - SQLite database connection closed
2025-05-16 21:42:26 - INFO - Logging initialized. Log file: pb2b/logs/bybit_scraper_20250516.log
2025-05-16 21:42:28 - INFO - DataSaver logging initialized. Log file: pb2b/logs/data_saver_20250516.log
2025-05-16 21:42:28 - INFO - Connected to SQLite database: pb2b/p2p_listings.db
2025-05-16 21:42:28 - INFO - Database tables created successfully
2025-05-16 21:42:28 - INFO - Attempt 1/10: Loading https://www.bybit.com/fiat/trade/otc?actionType=1&token=USDT&fiat=NGN
2025-05-16 21:42:37 - INFO - Screenshot saved as 'pb2b/screenshots/bybit_page_20250516_214237.png'
2025-05-16 21:42:38 - INFO - Fetching BUY listings for USDT/EUR
2025-05-16 21:42:38 - INFO - Data successfully saved to SQLite database. New listings - Bybit: 4, Binance: 6
2025-05-16 21:42:38 - INFO - Browser session closed
2025-05-16 21:42:38 - INFO - SQLite database connection closed
2025-05-16 21:55:34 - INFO - Logging initialized. Log file: pb2b/logs/bybit_scraper_20250516.log
2025-05-16 21:55:35 - INFO - DataSaver logging initialized. Log file: pb2b/logs/data_saver_20250516.log
2025-05-16 21:55:35 - INFO - Connected to SQLite database: pb2b/p2p_listings.db
2025-05-16 21:55:35 - INFO - Database tables created successfully
2025-05-16 21:55:35 - INFO - Attempt 1/10: Loading https://www.bybit.com/fiat/trade/otc?actionType=1&token=USDT&fiat=NGN
2025-05-16 21:55:44 - INFO - Screenshot saved as 'pb2b/screenshots/bybit_page_20250516_215544.png'
2025-05-16 21:55:44 - INFO - Fetching BUY listings for USDT/EUR
2025-05-16 21:55:45 - INFO - Data successfully saved to SQLite database. New listings - Bybit: 4, Binance: 6
2025-05-16 21:55:45 - INFO - Browser session closed
2025-05-16 21:55:45 - INFO - SQLite database connection closed
2025-05-16 22:43:34 - INFO - Logging initialized. Log file: pb2b/logs/bybit_scraper_20250516.log
2025-05-16 22:43:35 - INFO - DataSaver logging initialized. Log file: pb2b/logs/data_saver_20250516.log
2025-05-16 22:43:35 - INFO - Connected to SQLite database: pb2b/p2p_listings.db
2025-05-16 22:43:35 - INFO - Database tables created successfully
2025-05-16 22:43:35 - INFO - Attempt 1/10: Loading https://www.bybit.com/fiat/trade/otc?actionType=1&token=USDT&fiat=NGN
2025-05-16 22:43:48 - INFO - Screenshot saved as 'pb2b/screenshots/bybit_page_20250516_224348.png'
2025-05-16 22:43:49 - INFO - Fetching BUY listings for USDT/EUR
2025-05-16 22:43:49 - INFO - Data successfully saved to SQLite database. New listings - Bybit: 4, Binance: 6
2025-05-16 22:43:49 - INFO - Browser session closed
2025-05-16 22:43:49 - INFO - SQLite database connection closed
