2026-03-10 01:06:40 - INFO - Logging initialized. Log file: pb2b/logs/bybit_scraper_20260310.log
2026-03-10 01:06:41 - INFO - DataSaver logging initialized. Log file: pb2b/logs/data_saver_20260310.log
2026-03-10 01:06:41 - INFO - Connected to SQLite database: pb2b/p2p_listings.db
2026-03-10 01:06:41 - INFO - Database tables created successfully
2026-03-10 01:06:41 - INFO - Attempt 1/10: Loading https://www.bybit.com/fiat/trade/otc?actionType=1&token=USDT&fiat=NGN
2026-03-10 01:06:48 - INFO - Screenshot saved as 'pb2b/screenshots/bybit_page_20260310_010648.png'
2026-03-10 01:06:48 - WARNING - Error parsing row: Message: no such element: Unable to locate element: {"method":"css selector","selector":"td:nth-child(2)"}
  (Session info: chrome=145.0.7632.159); For documentation on this error, please visit: https://www.selenium.dev/documentation/webdriver/troubleshooting/errors#nosuchelementexception
Stacktrace:
#0 0x559d964a2b6a <unknown>
#1 0x559d95eb5a32 <unknown>
#2 0x559d95f0ad66 <unknown>
#3 0x559d95f0afa1 <unknown>
#4 0x559d95efe736 <unknown>
#5 0x559d95efe617 <unknown>
#6 0x559d95f53369 <unknown>
#7 0x559d95efcc0f <unknown>
#8 0x559d95efd9d1 <unknown>
#9 0x559d964676b9 <unknown>
#10 0x559d9646a5c1 <unknown>
#11 0x559d96453e29 <unknown>
#12 0x559d9646b17e <unknown>
#13 0x559d9643a4b0 <unknown>
#14 0x559d9648f578 <unknown>
#15 0x559d9648f74b <unknown>
#16 0x559d964a11a3 <unknown>
#17 0x7fc07909caa4 <unknown>
#18 0x7fc079129c6c <unknown>

2026-03-10 01:06:48 - WARNING - Error parsing row: Message: no such element: Unable to locate element: {"method":"css selector","selector":"td:nth-child(2)"}
  (Session info: chrome=145.0.7632.159); For documentation on this error, please visit: https://www.selenium.dev/documentation/webdriver/troubleshooting/errors#nosuchelementexception
Stacktrace:
#0 0x559d964a2b6a <unknown>
#1 0x559d95eb5a32 <unknown>
#2 0x559d95f0ad66 <unknown>
#3 0x559d95f0afa1 <unknown>
#4 0x559d95efe736 <unknown>
#5 0x559d95efe617 <unknown>
#6 0x559d95f53369 <unknown>
#7 0x559d95efcc0f <unknown>
#8 0x559d95efd9d1 <unknown>
#9 0x559d964676b9 <unknown>
#10 0x559d9646a5c1 <unknown>
#11 0x559d96453e29 <unknown>
#12 0x559d9646b17e <unknown>
#13 0x559d9643a4b0 <unknown>
#14 0x559d9648f578 <unknown>
#15 0x559d9648f74b <unknown>
#16 0x559d964a11a3 <unknown>
#17 0x7fc07909caa4 <unknown>
#18 0x7fc079129c6c <unknown>

2026-03-10 01:06:49 - INFO - Fetching BUY listings for USDT/EUR
2026-03-10 01:06:49 - INFO - Data successfully saved to SQLite database. New listings - Bybit: 4, Binance: 6
2026-03-10 01:06:49 - INFO - Browser session closed
2026-03-10 01:06:49 - INFO - SQLite database connection closed
2026-03-10 03:37:54 - INFO - Logging initialized. Log file: pb2b/logs/bybit_scraper_20260310.log
2026-03-10 03:37:56 - INFO - DataSaver logging initialized. Log file: pb2b/logs/data_saver_20260310.log
2026-03-10 03:37:56 - INFO - Connected to SQLite database: pb2b/p2p_listings.db
2026-03-10 03:37:56 - INFO - Database tables created successfully
2026-03-10 03:37:56 - INFO - Attempt 1/10: Loading https://www.bybit.com/fiat/trade/otc?actionType=1&token=USDT&fiat=NGN
2026-03-10 03:38:04 - INFO - Screenshot saved as 'pb2b/screenshots/bybit_page_20260310_033804.png'
2026-03-10 03:38:04 - WARNING - Error parsing row: Message: no such element: Unable to locate element: {"method":"css selector","selector":"td:nth-child(2)"}
  (Session info: chrome=145.0.7632.159); For documentation on this error, please visit: https://www.selenium.dev/documentation/webdriver/troubleshooting/errors#nosuchelementexception
Stacktrace:
#0 0x5598dbac0b6a <unknown>
#1 0x5598db4d3a32 <unknown>
#2 0x5598db528d66 <unknown>
#3 0x5598db528fa1 <unknown>
#4 0x5598db51c736 <unknown>
#5 0x5598db51c617 <unknown>
#6 0x5598db571369 <unknown>
#7 0x5598db51ac0f <unknown>
#8 0x5598db51b9d1 <unknown>
#9 0x5598dba856b9 <unknown>
#10 0x5598dba885c1 <unknown>
#11 0x5598dba71e29 <unknown>
#12 0x5598dba8917e <unknown>
#13 0x5598dba584b0 <unknown>
#14 0x5598dbaad578 <unknown>
#15 0x5598dbaad74b <unknown>
#16 0x5598dbabf1a3 <unknown>
#17 0x7eff9709caa4 <unknown>
#18 0x7eff97129c6c <unknown>

2026-03-10 03:38:04 - WARNING - Error parsing row: Message: no such element: Unable to locate element: {"method":"css selector","selector":"td:nth-child(2)"}
  (Session info: chrome=145.0.7632.159); For documentation on this error, please visit: https://www.selenium.dev/documentation/webdriver/troubleshooting/errors#nosuchelementexception
Stacktrace:
#0 0x5598dbac0b6a <unknown>
#1 0x5598db4d3a32 <unknown>
#2 0x5598db528d66 <unknown>
#3 0x5598db528fa1 <unknown>
#4 0x5598db51c736 <unknown>
#5 0x5598db51c617 <unknown>
#6 0x5598db571369 <unknown>
#7 0x5598db51ac0f <unknown>
#8 0x5598db51b9d1 <unknown>
#9 0x5598dba856b9 <unknown>
#10 0x5598dba885c1 <unknown>
#11 0x5598dba71e29 <unknown>
#12 0x5598dba8917e <unknown>
#13 0x5598dba584b0 <unknown>
#14 0x5598dbaad578 <unknown>
#15 0x5598dbaad74b <unknown>
#16 0x5598dbabf1a3 <unknown>
#17 0x7eff9709caa4 <unknown>
#18 0x7eff97129c6c <unknown>

2026-03-10 03:38:05 - INFO - Fetching BUY listings for USDT/EUR
2026-03-10 03:38:05 - INFO - Data successfully saved to SQLite database. New listings - Bybit: 4, Binance: 6
2026-03-10 03:38:06 - INFO - Browser session closed
2026-03-10 03:38:06 - INFO - SQLite database connection closed
