2026-04-15 19:43:36 - INFO - Logging initialized. Log file: pb2b/logs/bybit_scraper_20260415.log
2026-04-15 19:43:38 - INFO - DataSaver logging initialized. Log file: pb2b/logs/data_saver_20260415.log
2026-04-15 19:43:38 - INFO - Connected to SQLite database: pb2b/p2p_listings.db
2026-04-15 19:43:38 - INFO - Database tables created successfully
2026-04-15 19:43:38 - INFO - Attempt 1/10: Loading https://www.bybit.com/fiat/trade/otc?actionType=1&token=USDT&fiat=NGN
2026-04-15 19:43:46 - INFO - Screenshot saved as 'pb2b/screenshots/bybit_page_20260415_194346.png'
2026-04-15 19:43:46 - WARNING - Error parsing row: Message: no such element: Unable to locate element: {"method":"css selector","selector":"td:nth-child(2)"}
  (Session info: chrome=147.0.7727.101); For documentation on this error, please visit: https://www.selenium.dev/documentation/webdriver/troubleshooting/errors#nosuchelementexception
Stacktrace:
#0 0x555a8bd11b6a <unknown>
#1 0x555a8b713265 <unknown>
#2 0x555a8b765f76 <unknown>
#3 0x555a8b7661b1 <unknown>
#4 0x555a8b75af26 <unknown>
#5 0x555a8b75ae07 <unknown>
#6 0x555a8b7ae969 <unknown>
#7 0x555a8b7595cf <unknown>
#8 0x555a8b75a391 <unknown>
#9 0x555a8bcd704b <unknown>
#10 0x555a8bcda00d <unknown>
#11 0x555a8bcc3808 <unknown>
#12 0x555a8bcdaba0 <unknown>
#13 0x555a8bcaa280 <unknown>
#14 0x555a8bcfedb8 <unknown>
#15 0x555a8bcfef88 <unknown>
#16 0x555a8bd105de <unknown>
#17 0x7fbde4e9caa4 <unknown>
#18 0x7fbde4f29c6c <unknown>

2026-04-15 19:43:46 - WARNING - Error parsing row: Message: no such element: Unable to locate element: {"method":"css selector","selector":"td:nth-child(2)"}
  (Session info: chrome=147.0.7727.101); For documentation on this error, please visit: https://www.selenium.dev/documentation/webdriver/troubleshooting/errors#nosuchelementexception
Stacktrace:
#0 0x555a8bd11b6a <unknown>
#1 0x555a8b713265 <unknown>
#2 0x555a8b765f76 <unknown>
#3 0x555a8b7661b1 <unknown>
#4 0x555a8b75af26 <unknown>
#5 0x555a8b75ae07 <unknown>
#6 0x555a8b7ae969 <unknown>
#7 0x555a8b7595cf <unknown>
#8 0x555a8b75a391 <unknown>
#9 0x555a8bcd704b <unknown>
#10 0x555a8bcda00d <unknown>
#11 0x555a8bcc3808 <unknown>
#12 0x555a8bcdaba0 <unknown>
#13 0x555a8bcaa280 <unknown>
#14 0x555a8bcfedb8 <unknown>
#15 0x555a8bcfef88 <unknown>
#16 0x555a8bd105de <unknown>
#17 0x7fbde4e9caa4 <unknown>
#18 0x7fbde4f29c6c <unknown>

2026-04-15 19:43:47 - INFO - Fetching BUY listings for USDT/EUR
2026-04-15 19:43:49 - INFO - Data successfully saved to SQLite database. New listings - Bybit: 2, Binance: 6
2026-04-15 19:43:49 - INFO - Browser session closed
2026-04-15 19:43:49 - INFO - SQLite database connection closed
2026-04-15 20:34:24 - INFO - Logging initialized. Log file: pb2b/logs/bybit_scraper_20260415.log
2026-04-15 20:34:25 - INFO - DataSaver logging initialized. Log file: pb2b/logs/data_saver_20260415.log
2026-04-15 20:34:25 - INFO - Connected to SQLite database: pb2b/p2p_listings.db
2026-04-15 20:34:25 - INFO - Database tables created successfully
2026-04-15 20:34:25 - INFO - Attempt 1/10: Loading https://www.bybit.com/fiat/trade/otc?actionType=1&token=USDT&fiat=NGN
2026-04-15 20:34:33 - INFO - Screenshot saved as 'pb2b/screenshots/bybit_page_20260415_203433.png'
2026-04-15 20:34:33 - WARNING - Error parsing row: Message: no such element: Unable to locate element: {"method":"css selector","selector":"td:nth-child(2)"}
  (Session info: chrome=147.0.7727.101); For documentation on this error, please visit: https://www.selenium.dev/documentation/webdriver/troubleshooting/errors#nosuchelementexception
Stacktrace:
#0 0x55d8c79cdb6a <unknown>
#1 0x55d8c73cf265 <unknown>
#2 0x55d8c7421f76 <unknown>
#3 0x55d8c74221b1 <unknown>
#4 0x55d8c7416f26 <unknown>
#5 0x55d8c7416e07 <unknown>
#6 0x55d8c746a969 <unknown>
#7 0x55d8c74155cf <unknown>
#8 0x55d8c7416391 <unknown>
#9 0x55d8c799304b <unknown>
#10 0x55d8c799600d <unknown>
#11 0x55d8c797f808 <unknown>
#12 0x55d8c7996ba0 <unknown>
#13 0x55d8c7966280 <unknown>
#14 0x55d8c79badb8 <unknown>
#15 0x55d8c79baf88 <unknown>
#16 0x55d8c79cc5de <unknown>
#17 0x7fd99309caa4 <unknown>
#18 0x7fd993129c6c <unknown>

2026-04-15 20:34:33 - WARNING - Error parsing row: Message: no such element: Unable to locate element: {"method":"css selector","selector":"td:nth-child(2)"}
  (Session info: chrome=147.0.7727.101); For documentation on this error, please visit: https://www.selenium.dev/documentation/webdriver/troubleshooting/errors#nosuchelementexception
Stacktrace:
#0 0x55d8c79cdb6a <unknown>
#1 0x55d8c73cf265 <unknown>
#2 0x55d8c7421f76 <unknown>
#3 0x55d8c74221b1 <unknown>
#4 0x55d8c7416f26 <unknown>
#5 0x55d8c7416e07 <unknown>
#6 0x55d8c746a969 <unknown>
#7 0x55d8c74155cf <unknown>
#8 0x55d8c7416391 <unknown>
#9 0x55d8c799304b <unknown>
#10 0x55d8c799600d <unknown>
#11 0x55d8c797f808 <unknown>
#12 0x55d8c7996ba0 <unknown>
#13 0x55d8c7966280 <unknown>
#14 0x55d8c79badb8 <unknown>
#15 0x55d8c79baf88 <unknown>
#16 0x55d8c79cc5de <unknown>
#17 0x7fd99309caa4 <unknown>
#18 0x7fd993129c6c <unknown>

2026-04-15 20:34:33 - INFO - Fetching BUY listings for USDT/EUR
2026-04-15 20:34:34 - INFO - Data successfully saved to SQLite database. New listings - Bybit: 2, Binance: 6
2026-04-15 20:34:34 - INFO - Browser session closed
2026-04-15 20:34:34 - INFO - SQLite database connection closed
