2025-01-21 12:48:31 - INFO - Logging initialized. Log file: pb2b/logs/bybit_scraper_20250121.log
2025-01-21 12:48:44 - INFO - DataSaver logging initialized. Log file: pb2b/logs/data_saver_20250121.log
2025-01-21 12:48:44 - INFO - Connected to SQLite database: pb2b/p2p_listings.db
2025-01-21 12:48:44 - INFO - Database tables created successfully
2025-01-21 12:48:44 - INFO - Attempt 1/10: Loading https://www.bybit.com/fiat/trade/otc?actionType=1&token=USDT&fiat=NGN
2025-01-21 12:48:59 - INFO - Screenshot saved as 'pb2b/screenshots/bybit_page_20250121_124859.png'
2025-01-21 12:48:59 - INFO - Fetching BUY listings for USDT/EUR
2025-01-21 12:49:00 - INFO - Data successfully saved to SQLite database. New listings - Bybit: 4, Binance: 6
2025-01-21 12:49:00 - INFO - Browser session closed
2025-01-21 12:49:00 - INFO - SQLite database connection closed
2025-01-21 13:34:12 - INFO - Logging initialized. Log file: pb2b/logs/bybit_scraper_20250121.log
2025-01-21 13:34:22 - INFO - DataSaver logging initialized. Log file: pb2b/logs/data_saver_20250121.log
2025-01-21 13:34:22 - INFO - Connected to SQLite database: pb2b/p2p_listings.db
2025-01-21 13:34:22 - INFO - Database tables created successfully
2025-01-21 13:34:22 - INFO - Attempt 1/10: Loading https://www.bybit.com/fiat/trade/otc?actionType=1&token=USDT&fiat=NGN
2025-01-21 13:34:37 - INFO - Screenshot saved as 'pb2b/screenshots/bybit_page_20250121_133436.png'
2025-01-21 13:34:37 - INFO - Fetching BUY listings for USDT/EUR
2025-01-21 13:34:38 - INFO - Data successfully saved to SQLite database. New listings - Bybit: 4, Binance: 6
2025-01-21 13:34:38 - INFO - Browser session closed
2025-01-21 13:34:38 - INFO - SQLite database connection closed
