2025-08-25 01:56:24 - INFO - Logging initialized. Log file: pb2b/logs/bybit_scraper_20250825.log
2025-08-25 01:56:25 - INFO - DataSaver logging initialized. Log file: pb2b/logs/data_saver_20250825.log
2025-08-25 01:56:25 - INFO - Connected to SQLite database: pb2b/p2p_listings.db
2025-08-25 01:56:25 - INFO - Database tables created successfully
2025-08-25 01:56:25 - INFO - Attempt 1/10: Loading https://www.bybit.com/fiat/trade/otc?actionType=1&token=USDT&fiat=NGN
2025-08-25 01:56:36 - INFO - Screenshot saved as 'pb2b/screenshots/bybit_page_20250825_015636.png'
2025-08-25 01:56:37 - INFO - Fetching BUY listings for USDT/EUR
2025-08-25 01:56:38 - INFO - Data successfully saved to SQLite database. New listings - Bybit: 4, Binance: 6
2025-08-25 01:56:38 - INFO - Browser session closed
2025-08-25 01:56:38 - INFO - SQLite database connection closed
2025-08-25 03:19:19 - INFO - Logging initialized. Log file: pb2b/logs/bybit_scraper_20250825.log
2025-08-25 03:19:20 - INFO - DataSaver logging initialized. Log file: pb2b/logs/data_saver_20250825.log
2025-08-25 03:19:20 - INFO - Connected to SQLite database: pb2b/p2p_listings.db
2025-08-25 03:19:20 - INFO - Database tables created successfully
2025-08-25 03:19:20 - INFO - Attempt 1/10: Loading https://www.bybit.com/fiat/trade/otc?actionType=1&token=USDT&fiat=NGN
2025-08-25 03:19:30 - INFO - Screenshot saved as 'pb2b/screenshots/bybit_page_20250825_031930.png'
2025-08-25 03:19:30 - INFO - Fetching BUY listings for USDT/EUR
2025-08-25 03:19:31 - INFO - Data successfully saved to SQLite database. New listings - Bybit: 4, Binance: 6
2025-08-25 03:19:31 - INFO - Browser session closed
2025-08-25 03:19:31 - INFO - SQLite database connection closed
2025-08-25 03:59:19 - INFO - Logging initialized. Log file: pb2b/logs/bybit_scraper_20250825.log
2025-08-25 03:59:20 - INFO - DataSaver logging initialized. Log file: pb2b/logs/data_saver_20250825.log
2025-08-25 03:59:20 - INFO - Connected to SQLite database: pb2b/p2p_listings.db
2025-08-25 03:59:20 - INFO - Database tables created successfully
2025-08-25 03:59:20 - INFO - Attempt 1/10: Loading https://www.bybit.com/fiat/trade/otc?actionType=1&token=USDT&fiat=NGN
2025-08-25 03:59:33 - INFO - Screenshot saved as 'pb2b/screenshots/bybit_page_20250825_035933.png'
2025-08-25 03:59:33 - INFO - Fetching BUY listings for USDT/EUR
2025-08-25 03:59:34 - INFO - Data successfully saved to SQLite database. New listings - Bybit: 4, Binance: 6
2025-08-25 03:59:34 - INFO - Browser session closed
2025-08-25 03:59:34 - INFO - SQLite database connection closed
2025-08-25 04:38:10 - INFO - Logging initialized. Log file: pb2b/logs/bybit_scraper_20250825.log
2025-08-25 04:38:12 - INFO - DataSaver logging initialized. Log file: pb2b/logs/data_saver_20250825.log
2025-08-25 04:38:12 - INFO - Connected to SQLite database: pb2b/p2p_listings.db
2025-08-25 04:38:12 - INFO - Database tables created successfully
2025-08-25 04:38:12 - INFO - Attempt 1/10: Loading https://www.bybit.com/fiat/trade/otc?actionType=1&token=USDT&fiat=NGN
2025-08-25 04:38:24 - INFO - Screenshot saved as 'pb2b/screenshots/bybit_page_20250825_043824.png'
2025-08-25 04:38:24 - INFO - Fetching BUY listings for USDT/EUR
2025-08-25 04:38:25 - INFO - Data successfully saved to SQLite database. New listings - Bybit: 4, Binance: 6
2025-08-25 04:38:25 - INFO - Browser session closed
2025-08-25 04:38:25 - INFO - SQLite database connection closed
2025-08-25 04:57:57 - INFO - Logging initialized. Log file: pb2b/logs/bybit_scraper_20250825.log
2025-08-25 04:57:59 - INFO - DataSaver logging initialized. Log file: pb2b/logs/data_saver_20250825.log
2025-08-25 04:57:59 - INFO - Connected to SQLite database: pb2b/p2p_listings.db
2025-08-25 04:57:59 - INFO - Database tables created successfully
2025-08-25 04:57:59 - INFO - Attempt 1/10: Loading https://www.bybit.com/fiat/trade/otc?actionType=1&token=USDT&fiat=NGN
2025-08-25 04:58:10 - INFO - Screenshot saved as 'pb2b/screenshots/bybit_page_20250825_045809.png'
2025-08-25 04:58:10 - INFO - Fetching BUY listings for USDT/EUR
2025-08-25 04:58:11 - INFO - Data successfully saved to SQLite database. New listings - Bybit: 4, Binance: 6
2025-08-25 04:58:11 - INFO - Browser session closed
2025-08-25 04:58:11 - INFO - SQLite database connection closed
2025-08-25 05:28:12 - INFO - Logging initialized. Log file: pb2b/logs/bybit_scraper_20250825.log
2025-08-25 05:28:12 - INFO - DataSaver logging initialized. Log file: pb2b/logs/data_saver_20250825.log
2025-08-25 05:28:12 - INFO - Connected to SQLite database: pb2b/p2p_listings.db
2025-08-25 05:28:12 - INFO - Database tables created successfully
2025-08-25 05:28:12 - INFO - Attempt 1/10: Loading https://www.bybit.com/fiat/trade/otc?actionType=1&token=USDT&fiat=NGN
2025-08-25 05:28:23 - INFO - Screenshot saved as 'pb2b/screenshots/bybit_page_20250825_052823.png'
2025-08-25 05:28:24 - INFO - Fetching BUY listings for USDT/EUR
2025-08-25 05:28:24 - INFO - Data successfully saved to SQLite database. New listings - Bybit: 4, Binance: 6
2025-08-25 05:28:24 - INFO - Browser session closed
2025-08-25 05:28:24 - INFO - SQLite database connection closed
