2026-05-04 02:46:33 - INFO - Logging initialized. Log file: pb2b/logs/bybit_scraper_20260504.log
2026-05-04 02:46:34 - INFO - DataSaver logging initialized. Log file: pb2b/logs/data_saver_20260504.log
2026-05-04 02:46:34 - INFO - Connected to SQLite database: pb2b/p2p_listings.db
2026-05-04 02:46:34 - INFO - Database tables created successfully
2026-05-04 02:46:34 - INFO - Attempt 1/10: Loading https://www.bybit.com/fiat/trade/otc?actionType=1&token=USDT&fiat=NGN
2026-05-04 02:46:42 - INFO - Screenshot saved as 'pb2b/screenshots/bybit_page_20260504_024642.png'
2026-05-04 02:46:42 - WARNING - Error parsing row: Message: no such element: Unable to locate element: {"method":"css selector","selector":"td:nth-child(2)"}
  (Session info: chrome=147.0.7727.137); For documentation on this error, please visit: https://www.selenium.dev/documentation/webdriver/troubleshooting/errors#nosuchelementexception
Stacktrace:
#0 0x562c057eeb6a <unknown>
#1 0x562c051f0265 <unknown>
#2 0x562c05242f76 <unknown>
#3 0x562c052431b1 <unknown>
#4 0x562c05237f26 <unknown>
#5 0x562c05237e07 <unknown>
#6 0x562c0528b969 <unknown>
#7 0x562c052365cf <unknown>
#8 0x562c05237391 <unknown>
#9 0x562c057b404b <unknown>
#10 0x562c057b700d <unknown>
#11 0x562c057a0808 <unknown>
#12 0x562c057b7ba0 <unknown>
#13 0x562c05787280 <unknown>
#14 0x562c057dbdb8 <unknown>
#15 0x562c057dbf88 <unknown>
#16 0x562c057ed5de <unknown>
#17 0x7f258509caa4 <unknown>
#18 0x7f2585129c6c <unknown>

2026-05-04 02:46:42 - WARNING - Error parsing row: Message: no such element: Unable to locate element: {"method":"css selector","selector":"td:nth-child(2)"}
  (Session info: chrome=147.0.7727.137); For documentation on this error, please visit: https://www.selenium.dev/documentation/webdriver/troubleshooting/errors#nosuchelementexception
Stacktrace:
#0 0x562c057eeb6a <unknown>
#1 0x562c051f0265 <unknown>
#2 0x562c05242f76 <unknown>
#3 0x562c052431b1 <unknown>
#4 0x562c05237f26 <unknown>
#5 0x562c05237e07 <unknown>
#6 0x562c0528b969 <unknown>
#7 0x562c052365cf <unknown>
#8 0x562c05237391 <unknown>
#9 0x562c057b404b <unknown>
#10 0x562c057b700d <unknown>
#11 0x562c057a0808 <unknown>
#12 0x562c057b7ba0 <unknown>
#13 0x562c05787280 <unknown>
#14 0x562c057dbdb8 <unknown>
#15 0x562c057dbf88 <unknown>
#16 0x562c057ed5de <unknown>
#17 0x7f258509caa4 <unknown>
#18 0x7f2585129c6c <unknown>

2026-05-04 02:46:43 - INFO - Fetching BUY listings for USDT/EUR
2026-05-04 02:46:44 - INFO - Data successfully saved to SQLite database. New listings - Bybit: 3, Binance: 6
2026-05-04 02:46:44 - INFO - Browser session closed
2026-05-04 02:46:44 - INFO - SQLite database connection closed
