2025-12-01 01:26:44 - INFO - Logging initialized. Log file: pb2b/logs/bybit_scraper_20251201.log
2025-12-01 01:26:45 - INFO - DataSaver logging initialized. Log file: pb2b/logs/data_saver_20251201.log
2025-12-01 01:26:45 - INFO - Connected to SQLite database: pb2b/p2p_listings.db
2025-12-01 01:26:45 - INFO - Database tables created successfully
2025-12-01 01:26:45 - INFO - Attempt 1/10: Loading https://www.bybit.com/fiat/trade/otc?actionType=1&token=USDT&fiat=NGN
2025-12-01 01:26:55 - INFO - Screenshot saved as 'pb2b/screenshots/bybit_page_20251201_012655.png'
2025-12-01 01:26:56 - INFO - Fetching BUY listings for USDT/EUR
2025-12-01 01:26:56 - INFO - Data successfully saved to SQLite database. New listings - Bybit: 4, Binance: 6
2025-12-01 01:26:57 - INFO - Browser session closed
2025-12-01 01:26:57 - INFO - SQLite database connection closed
2025-12-01 03:28:37 - INFO - Logging initialized. Log file: pb2b/logs/bybit_scraper_20251201.log
2025-12-01 03:28:39 - INFO - DataSaver logging initialized. Log file: pb2b/logs/data_saver_20251201.log
2025-12-01 03:28:39 - INFO - Connected to SQLite database: pb2b/p2p_listings.db
2025-12-01 03:28:39 - INFO - Database tables created successfully
2025-12-01 03:28:39 - INFO - Attempt 1/10: Loading https://www.bybit.com/fiat/trade/otc?actionType=1&token=USDT&fiat=NGN
2025-12-01 03:28:48 - INFO - Screenshot saved as 'pb2b/screenshots/bybit_page_20251201_032848.png'
2025-12-01 03:28:49 - INFO - Fetching BUY listings for USDT/EUR
2025-12-01 03:28:49 - INFO - Data successfully saved to SQLite database. New listings - Bybit: 4, Binance: 6
2025-12-01 03:28:50 - INFO - Browser session closed
2025-12-01 03:28:50 - INFO - SQLite database connection closed
