2025-06-09 21:18:51 - INFO - Logging initialized. Log file: pb2b/logs/bybit_scraper_20250609.log
2025-06-09 21:18:52 - INFO - DataSaver logging initialized. Log file: pb2b/logs/data_saver_20250609.log
2025-06-09 21:18:52 - INFO - Connected to SQLite database: pb2b/p2p_listings.db
2025-06-09 21:18:52 - INFO - Database tables created successfully
2025-06-09 21:18:52 - INFO - Attempt 1/10: Loading https://www.bybit.com/fiat/trade/otc?actionType=1&token=USDT&fiat=NGN
2025-06-09 21:19:09 - INFO - Screenshot saved as 'pb2b/screenshots/bybit_page_20250609_211909.png'
2025-06-09 21:19:10 - INFO - Fetching BUY listings for USDT/EUR
2025-06-09 21:19:11 - INFO - Data successfully saved to SQLite database. New listings - Bybit: 4, Binance: 6
2025-06-09 21:19:11 - INFO - Browser session closed
2025-06-09 21:19:11 - INFO - SQLite database connection closed
2025-06-09 22:42:16 - INFO - Logging initialized. Log file: pb2b/logs/bybit_scraper_20250609.log
2025-06-09 22:42:18 - INFO - DataSaver logging initialized. Log file: pb2b/logs/data_saver_20250609.log
2025-06-09 22:42:18 - INFO - Connected to SQLite database: pb2b/p2p_listings.db
2025-06-09 22:42:18 - INFO - Database tables created successfully
2025-06-09 22:42:18 - INFO - Attempt 1/10: Loading https://www.bybit.com/fiat/trade/otc?actionType=1&token=USDT&fiat=NGN
2025-06-09 22:42:26 - INFO - Screenshot saved as 'pb2b/screenshots/bybit_page_20250609_224226.png'
2025-06-09 22:42:27 - INFO - Fetching BUY listings for USDT/EUR
2025-06-09 22:42:28 - INFO - Data successfully saved to SQLite database. New listings - Bybit: 4, Binance: 6
2025-06-09 22:42:28 - INFO - Browser session closed
2025-06-09 22:42:28 - INFO - SQLite database connection closed
