2025-05-07 02:00:57 - INFO - Logging initialized. Log file: pb2b/logs/bybit_scraper_20250507.log
2025-05-07 02:00:58 - INFO - DataSaver logging initialized. Log file: pb2b/logs/data_saver_20250507.log
2025-05-07 02:00:58 - INFO - Connected to SQLite database: pb2b/p2p_listings.db
2025-05-07 02:00:58 - INFO - Database tables created successfully
2025-05-07 02:00:58 - INFO - Attempt 1/10: Loading https://www.bybit.com/fiat/trade/otc?actionType=1&token=USDT&fiat=NGN
2025-05-07 02:01:07 - INFO - Screenshot saved as 'pb2b/screenshots/bybit_page_20250507_020107.png'
2025-05-07 02:01:07 - INFO - Fetching BUY listings for USDT/EUR
2025-05-07 02:01:09 - INFO - Data successfully saved to SQLite database. New listings - Bybit: 4, Binance: 6
2025-05-07 02:01:09 - INFO - Browser session closed
2025-05-07 02:01:09 - INFO - SQLite database connection closed
2025-05-07 08:37:01 - INFO - Logging initialized. Log file: pb2b/logs/bybit_scraper_20250507.log
2025-05-07 08:37:02 - INFO - DataSaver logging initialized. Log file: pb2b/logs/data_saver_20250507.log
2025-05-07 08:37:02 - INFO - Connected to SQLite database: pb2b/p2p_listings.db
2025-05-07 08:37:02 - INFO - Database tables created successfully
2025-05-07 08:37:02 - INFO - Attempt 1/10: Loading https://www.bybit.com/fiat/trade/otc?actionType=1&token=USDT&fiat=NGN
2025-05-07 08:37:12 - INFO - Screenshot saved as 'pb2b/screenshots/bybit_page_20250507_083712.png'
2025-05-07 08:37:12 - INFO - Fetching BUY listings for USDT/EUR
2025-05-07 08:37:13 - INFO - Data successfully saved to SQLite database. New listings - Bybit: 4, Binance: 6
2025-05-07 08:37:13 - INFO - Browser session closed
2025-05-07 08:37:13 - INFO - SQLite database connection closed
2025-05-07 08:56:56 - INFO - Logging initialized. Log file: pb2b/logs/bybit_scraper_20250507.log
2025-05-07 08:56:57 - INFO - DataSaver logging initialized. Log file: pb2b/logs/data_saver_20250507.log
2025-05-07 08:56:57 - INFO - Connected to SQLite database: pb2b/p2p_listings.db
2025-05-07 08:56:57 - INFO - Database tables created successfully
2025-05-07 08:56:57 - INFO - Attempt 1/10: Loading https://www.bybit.com/fiat/trade/otc?actionType=1&token=USDT&fiat=NGN
2025-05-07 08:57:08 - INFO - Screenshot saved as 'pb2b/screenshots/bybit_page_20250507_085708.png'
2025-05-07 08:57:08 - INFO - Fetching BUY listings for USDT/EUR
2025-05-07 08:57:09 - INFO - Data successfully saved to SQLite database. New listings - Bybit: 4, Binance: 6
2025-05-07 08:57:09 - INFO - Browser session closed
2025-05-07 08:57:09 - INFO - SQLite database connection closed
2025-05-07 09:49:06 - INFO - Logging initialized. Log file: pb2b/logs/bybit_scraper_20250507.log
2025-05-07 09:49:07 - INFO - DataSaver logging initialized. Log file: pb2b/logs/data_saver_20250507.log
2025-05-07 09:49:07 - INFO - Connected to SQLite database: pb2b/p2p_listings.db
2025-05-07 09:49:07 - INFO - Database tables created successfully
2025-05-07 09:49:07 - INFO - Attempt 1/10: Loading https://www.bybit.com/fiat/trade/otc?actionType=1&token=USDT&fiat=NGN
2025-05-07 09:49:18 - INFO - Screenshot saved as 'pb2b/screenshots/bybit_page_20250507_094917.png'
2025-05-07 09:49:18 - INFO - Fetching BUY listings for USDT/EUR
2025-05-07 09:49:19 - INFO - Data successfully saved to SQLite database. New listings - Bybit: 4, Binance: 6
2025-05-07 09:49:19 - INFO - Browser session closed
2025-05-07 09:49:19 - INFO - SQLite database connection closed
2025-05-07 10:01:36 - INFO - Logging initialized. Log file: pb2b/logs/bybit_scraper_20250507.log
2025-05-07 10:01:37 - INFO - DataSaver logging initialized. Log file: pb2b/logs/data_saver_20250507.log
2025-05-07 10:01:37 - INFO - Connected to SQLite database: pb2b/p2p_listings.db
2025-05-07 10:01:37 - INFO - Database tables created successfully
2025-05-07 10:01:37 - INFO - Attempt 1/10: Loading https://www.bybit.com/fiat/trade/otc?actionType=1&token=USDT&fiat=NGN
2025-05-07 10:01:47 - INFO - Screenshot saved as 'pb2b/screenshots/bybit_page_20250507_100147.png'
2025-05-07 10:01:48 - INFO - Fetching BUY listings for USDT/EUR
2025-05-07 10:01:49 - INFO - Data successfully saved to SQLite database. New listings - Bybit: 4, Binance: 6
2025-05-07 10:01:49 - INFO - Browser session closed
2025-05-07 10:01:49 - INFO - SQLite database connection closed
2025-05-07 11:32:08 - INFO - Logging initialized. Log file: pb2b/logs/bybit_scraper_20250507.log
2025-05-07 11:32:09 - INFO - DataSaver logging initialized. Log file: pb2b/logs/data_saver_20250507.log
2025-05-07 11:32:09 - INFO - Connected to SQLite database: pb2b/p2p_listings.db
2025-05-07 11:32:09 - INFO - Database tables created successfully
2025-05-07 11:32:09 - INFO - Attempt 1/10: Loading https://www.bybit.com/fiat/trade/otc?actionType=1&token=USDT&fiat=NGN
2025-05-07 11:32:19 - INFO - Screenshot saved as 'pb2b/screenshots/bybit_page_20250507_113219.png'
2025-05-07 11:32:20 - INFO - Fetching BUY listings for USDT/EUR
2025-05-07 11:32:20 - INFO - Data successfully saved to SQLite database. New listings - Bybit: 4, Binance: 6
2025-05-07 11:32:20 - INFO - Browser session closed
2025-05-07 11:32:20 - INFO - SQLite database connection closed
2025-05-07 12:01:00 - INFO - Logging initialized. Log file: pb2b/logs/bybit_scraper_20250507.log
2025-05-07 12:01:01 - INFO - DataSaver logging initialized. Log file: pb2b/logs/data_saver_20250507.log
2025-05-07 12:01:01 - INFO - Connected to SQLite database: pb2b/p2p_listings.db
2025-05-07 12:01:01 - INFO - Database tables created successfully
2025-05-07 12:01:01 - INFO - Attempt 1/10: Loading https://www.bybit.com/fiat/trade/otc?actionType=1&token=USDT&fiat=NGN
2025-05-07 12:01:11 - INFO - Screenshot saved as 'pb2b/screenshots/bybit_page_20250507_120110.png'
2025-05-07 12:01:11 - INFO - Fetching BUY listings for USDT/EUR
2025-05-07 12:01:12 - INFO - Data successfully saved to SQLite database. New listings - Bybit: 4, Binance: 6
2025-05-07 12:01:12 - INFO - Browser session closed
2025-05-07 12:01:12 - INFO - SQLite database connection closed
2025-05-07 12:58:08 - INFO - Logging initialized. Log file: pb2b/logs/bybit_scraper_20250507.log
2025-05-07 12:58:10 - INFO - DataSaver logging initialized. Log file: pb2b/logs/data_saver_20250507.log
2025-05-07 12:58:10 - INFO - Connected to SQLite database: pb2b/p2p_listings.db
2025-05-07 12:58:10 - INFO - Database tables created successfully
2025-05-07 12:58:10 - INFO - Attempt 1/10: Loading https://www.bybit.com/fiat/trade/otc?actionType=1&token=USDT&fiat=NGN
2025-05-07 12:58:19 - INFO - Screenshot saved as 'pb2b/screenshots/bybit_page_20250507_125819.png'
2025-05-07 12:58:19 - INFO - Fetching BUY listings for USDT/EUR
2025-05-07 12:58:20 - INFO - Data successfully saved to SQLite database. New listings - Bybit: 4, Binance: 6
2025-05-07 12:58:20 - INFO - Browser session closed
2025-05-07 12:58:20 - INFO - SQLite database connection closed
2025-05-07 13:41:22 - INFO - Logging initialized. Log file: pb2b/logs/bybit_scraper_20250507.log
2025-05-07 13:41:24 - INFO - DataSaver logging initialized. Log file: pb2b/logs/data_saver_20250507.log
2025-05-07 13:41:24 - INFO - Connected to SQLite database: pb2b/p2p_listings.db
2025-05-07 13:41:24 - INFO - Database tables created successfully
2025-05-07 13:41:24 - INFO - Attempt 1/10: Loading https://www.bybit.com/fiat/trade/otc?actionType=1&token=USDT&fiat=NGN
2025-05-07 13:41:35 - INFO - Screenshot saved as 'pb2b/screenshots/bybit_page_20250507_134135.png'
2025-05-07 13:41:35 - INFO - Fetching BUY listings for USDT/EUR
2025-05-07 13:41:36 - INFO - Data successfully saved to SQLite database. New listings - Bybit: 4, Binance: 6
2025-05-07 13:41:36 - INFO - Browser session closed
2025-05-07 13:41:36 - INFO - SQLite database connection closed
2025-05-07 13:55:52 - INFO - Logging initialized. Log file: pb2b/logs/bybit_scraper_20250507.log
2025-05-07 13:55:54 - INFO - DataSaver logging initialized. Log file: pb2b/logs/data_saver_20250507.log
2025-05-07 13:55:54 - INFO - Connected to SQLite database: pb2b/p2p_listings.db
2025-05-07 13:55:54 - INFO - Database tables created successfully
2025-05-07 13:55:54 - INFO - Attempt 1/10: Loading https://www.bybit.com/fiat/trade/otc?actionType=1&token=USDT&fiat=NGN
2025-05-07 13:56:04 - INFO - Screenshot saved as 'pb2b/screenshots/bybit_page_20250507_135603.png'
2025-05-07 13:56:04 - INFO - Fetching BUY listings for USDT/EUR
2025-05-07 13:56:05 - INFO - Data successfully saved to SQLite database. New listings - Bybit: 4, Binance: 6
2025-05-07 13:56:05 - INFO - Browser session closed
2025-05-07 13:56:05 - INFO - SQLite database connection closed
2025-05-07 14:24:54 - INFO - Logging initialized. Log file: pb2b/logs/bybit_scraper_20250507.log
2025-05-07 14:24:54 - INFO - DataSaver logging initialized. Log file: pb2b/logs/data_saver_20250507.log
2025-05-07 14:24:54 - INFO - Connected to SQLite database: pb2b/p2p_listings.db
2025-05-07 14:24:54 - INFO - Database tables created successfully
2025-05-07 14:24:54 - INFO - Attempt 1/10: Loading https://www.bybit.com/fiat/trade/otc?actionType=1&token=USDT&fiat=NGN
2025-05-07 14:25:02 - INFO - Screenshot saved as 'pb2b/screenshots/bybit_page_20250507_142502.png'
2025-05-07 14:25:03 - INFO - Fetching BUY listings for USDT/EUR
2025-05-07 14:25:03 - INFO - Data successfully saved to SQLite database. New listings - Bybit: 4, Binance: 6
2025-05-07 14:25:04 - INFO - Browser session closed
2025-05-07 14:25:04 - INFO - SQLite database connection closed
2025-05-07 14:48:28 - INFO - Logging initialized. Log file: pb2b/logs/bybit_scraper_20250507.log
2025-05-07 14:48:29 - INFO - DataSaver logging initialized. Log file: pb2b/logs/data_saver_20250507.log
2025-05-07 14:48:29 - INFO - Connected to SQLite database: pb2b/p2p_listings.db
2025-05-07 14:48:29 - INFO - Database tables created successfully
2025-05-07 14:48:29 - INFO - Attempt 1/10: Loading https://www.bybit.com/fiat/trade/otc?actionType=1&token=USDT&fiat=NGN
2025-05-07 14:48:38 - INFO - Screenshot saved as 'pb2b/screenshots/bybit_page_20250507_144838.png'
2025-05-07 14:48:39 - INFO - Fetching BUY listings for USDT/EUR
2025-05-07 14:48:40 - INFO - Data successfully saved to SQLite database. New listings - Bybit: 4, Binance: 6
2025-05-07 14:48:40 - INFO - Browser session closed
2025-05-07 14:48:40 - INFO - SQLite database connection closed
2025-05-07 15:01:09 - INFO - Logging initialized. Log file: pb2b/logs/bybit_scraper_20250507.log
2025-05-07 15:01:11 - INFO - DataSaver logging initialized. Log file: pb2b/logs/data_saver_20250507.log
2025-05-07 15:01:11 - INFO - Connected to SQLite database: pb2b/p2p_listings.db
2025-05-07 15:01:11 - INFO - Database tables created successfully
2025-05-07 15:01:11 - INFO - Attempt 1/10: Loading https://www.bybit.com/fiat/trade/otc?actionType=1&token=USDT&fiat=NGN
2025-05-07 15:01:20 - INFO - Screenshot saved as 'pb2b/screenshots/bybit_page_20250507_150120.png'
2025-05-07 15:01:21 - INFO - Fetching BUY listings for USDT/EUR
2025-05-07 15:01:22 - INFO - Data successfully saved to SQLite database. New listings - Bybit: 4, Binance: 6
2025-05-07 15:01:22 - INFO - Browser session closed
2025-05-07 15:01:22 - INFO - SQLite database connection closed
2025-05-07 15:32:37 - INFO - Logging initialized. Log file: pb2b/logs/bybit_scraper_20250507.log
2025-05-07 15:32:38 - INFO - DataSaver logging initialized. Log file: pb2b/logs/data_saver_20250507.log
2025-05-07 15:32:38 - INFO - Connected to SQLite database: pb2b/p2p_listings.db
2025-05-07 15:32:38 - INFO - Database tables created successfully
2025-05-07 15:32:38 - INFO - Attempt 1/10: Loading https://www.bybit.com/fiat/trade/otc?actionType=1&token=USDT&fiat=NGN
2025-05-07 15:32:47 - INFO - Screenshot saved as 'pb2b/screenshots/bybit_page_20250507_153247.png'
2025-05-07 15:32:48 - INFO - Fetching BUY listings for USDT/EUR
2025-05-07 15:32:48 - INFO - Data successfully saved to SQLite database. New listings - Bybit: 4, Binance: 6
2025-05-07 15:32:49 - INFO - Browser session closed
2025-05-07 15:32:49 - INFO - SQLite database connection closed
2025-05-07 15:50:51 - INFO - Logging initialized. Log file: pb2b/logs/bybit_scraper_20250507.log
2025-05-07 15:50:53 - INFO - DataSaver logging initialized. Log file: pb2b/logs/data_saver_20250507.log
2025-05-07 15:50:53 - INFO - Connected to SQLite database: pb2b/p2p_listings.db
2025-05-07 15:50:53 - INFO - Database tables created successfully
2025-05-07 15:50:53 - INFO - Attempt 1/10: Loading https://www.bybit.com/fiat/trade/otc?actionType=1&token=USDT&fiat=NGN
2025-05-07 15:51:03 - INFO - Screenshot saved as 'pb2b/screenshots/bybit_page_20250507_155103.png'
2025-05-07 15:51:04 - INFO - Fetching BUY listings for USDT/EUR
2025-05-07 15:51:05 - INFO - Data successfully saved to SQLite database. New listings - Bybit: 4, Binance: 6
2025-05-07 15:51:05 - INFO - Browser session closed
2025-05-07 15:51:05 - INFO - SQLite database connection closed
2025-05-07 16:16:12 - INFO - Logging initialized. Log file: pb2b/logs/bybit_scraper_20250507.log
2025-05-07 16:16:12 - INFO - DataSaver logging initialized. Log file: pb2b/logs/data_saver_20250507.log
2025-05-07 16:16:12 - INFO - Connected to SQLite database: pb2b/p2p_listings.db
2025-05-07 16:16:12 - INFO - Database tables created successfully
2025-05-07 16:16:12 - INFO - Attempt 1/10: Loading https://www.bybit.com/fiat/trade/otc?actionType=1&token=USDT&fiat=NGN
2025-05-07 16:16:23 - INFO - Screenshot saved as 'pb2b/screenshots/bybit_page_20250507_161623.png'
2025-05-07 16:16:24 - INFO - Fetching BUY listings for USDT/EUR
2025-05-07 16:16:24 - INFO - Data successfully saved to SQLite database. New listings - Bybit: 4, Binance: 6
2025-05-07 16:16:25 - INFO - Browser session closed
2025-05-07 16:16:25 - INFO - SQLite database connection closed
2025-05-07 16:46:36 - INFO - Logging initialized. Log file: pb2b/logs/bybit_scraper_20250507.log
2025-05-07 16:46:37 - INFO - DataSaver logging initialized. Log file: pb2b/logs/data_saver_20250507.log
2025-05-07 16:46:37 - INFO - Connected to SQLite database: pb2b/p2p_listings.db
2025-05-07 16:46:37 - INFO - Database tables created successfully
2025-05-07 16:46:37 - INFO - Attempt 1/10: Loading https://www.bybit.com/fiat/trade/otc?actionType=1&token=USDT&fiat=NGN
2025-05-07 16:46:50 - INFO - Screenshot saved as 'pb2b/screenshots/bybit_page_20250507_164650.png'
2025-05-07 16:46:50 - INFO - Fetching BUY listings for USDT/EUR
2025-05-07 16:46:51 - INFO - Data successfully saved to SQLite database. New listings - Bybit: 4, Binance: 6
2025-05-07 16:46:51 - INFO - Browser session closed
2025-05-07 16:46:51 - INFO - SQLite database connection closed
2025-05-07 17:01:36 - INFO - Logging initialized. Log file: pb2b/logs/bybit_scraper_20250507.log
2025-05-07 17:01:37 - INFO - DataSaver logging initialized. Log file: pb2b/logs/data_saver_20250507.log
2025-05-07 17:01:37 - INFO - Connected to SQLite database: pb2b/p2p_listings.db
2025-05-07 17:01:37 - INFO - Database tables created successfully
2025-05-07 17:01:37 - INFO - Attempt 1/10: Loading https://www.bybit.com/fiat/trade/otc?actionType=1&token=USDT&fiat=NGN
2025-05-07 17:01:47 - INFO - Screenshot saved as 'pb2b/screenshots/bybit_page_20250507_170147.png'
2025-05-07 17:01:47 - INFO - Fetching BUY listings for USDT/EUR
2025-05-07 17:01:48 - INFO - Data successfully saved to SQLite database. New listings - Bybit: 4, Binance: 6
2025-05-07 17:01:48 - INFO - Browser session closed
2025-05-07 17:01:48 - INFO - SQLite database connection closed
2025-05-07 17:29:50 - INFO - Logging initialized. Log file: pb2b/logs/bybit_scraper_20250507.log
2025-05-07 17:29:51 - INFO - DataSaver logging initialized. Log file: pb2b/logs/data_saver_20250507.log
2025-05-07 17:29:51 - INFO - Connected to SQLite database: pb2b/p2p_listings.db
2025-05-07 17:29:51 - INFO - Database tables created successfully
2025-05-07 17:29:51 - INFO - Attempt 1/10: Loading https://www.bybit.com/fiat/trade/otc?actionType=1&token=USDT&fiat=NGN
2025-05-07 17:30:04 - INFO - Screenshot saved as 'pb2b/screenshots/bybit_page_20250507_173004.png'
2025-05-07 17:30:05 - INFO - Fetching BUY listings for USDT/EUR
2025-05-07 17:30:05 - INFO - Data successfully saved to SQLite database. New listings - Bybit: 4, Binance: 6
2025-05-07 17:30:05 - INFO - Browser session closed
2025-05-07 17:30:05 - INFO - SQLite database connection closed
2025-05-07 17:46:33 - INFO - Logging initialized. Log file: pb2b/logs/bybit_scraper_20250507.log
2025-05-07 17:46:34 - INFO - DataSaver logging initialized. Log file: pb2b/logs/data_saver_20250507.log
2025-05-07 17:46:34 - INFO - Connected to SQLite database: pb2b/p2p_listings.db
2025-05-07 17:46:34 - INFO - Database tables created successfully
2025-05-07 17:46:34 - INFO - Attempt 1/10: Loading https://www.bybit.com/fiat/trade/otc?actionType=1&token=USDT&fiat=NGN
2025-05-07 17:46:44 - INFO - Screenshot saved as 'pb2b/screenshots/bybit_page_20250507_174644.png'
2025-05-07 17:46:44 - INFO - Fetching BUY listings for USDT/EUR
2025-05-07 17:46:45 - INFO - Data successfully saved to SQLite database. New listings - Bybit: 4, Binance: 6
2025-05-07 17:46:45 - INFO - Browser session closed
2025-05-07 17:46:45 - INFO - SQLite database connection closed
2025-05-07 18:00:45 - INFO - Logging initialized. Log file: pb2b/logs/bybit_scraper_20250507.log
2025-05-07 18:00:46 - INFO - DataSaver logging initialized. Log file: pb2b/logs/data_saver_20250507.log
2025-05-07 18:00:46 - INFO - Connected to SQLite database: pb2b/p2p_listings.db
2025-05-07 18:00:46 - INFO - Database tables created successfully
2025-05-07 18:00:46 - INFO - Attempt 1/10: Loading https://www.bybit.com/fiat/trade/otc?actionType=1&token=USDT&fiat=NGN
2025-05-07 18:00:55 - INFO - Screenshot saved as 'pb2b/screenshots/bybit_page_20250507_180055.png'
2025-05-07 18:00:56 - INFO - Fetching BUY listings for USDT/EUR
2025-05-07 18:00:56 - INFO - Data successfully saved to SQLite database. New listings - Bybit: 4, Binance: 6
2025-05-07 18:00:57 - INFO - Browser session closed
2025-05-07 18:00:57 - INFO - SQLite database connection closed
2025-05-07 18:38:07 - INFO - Logging initialized. Log file: pb2b/logs/bybit_scraper_20250507.log
2025-05-07 18:38:08 - INFO - DataSaver logging initialized. Log file: pb2b/logs/data_saver_20250507.log
2025-05-07 18:38:08 - INFO - Connected to SQLite database: pb2b/p2p_listings.db
2025-05-07 18:38:08 - INFO - Database tables created successfully
2025-05-07 18:38:08 - INFO - Attempt 1/10: Loading https://www.bybit.com/fiat/trade/otc?actionType=1&token=USDT&fiat=NGN
2025-05-07 18:38:18 - INFO - Screenshot saved as 'pb2b/screenshots/bybit_page_20250507_183818.png'
2025-05-07 18:38:19 - INFO - Fetching BUY listings for USDT/EUR
2025-05-07 18:38:19 - INFO - Data successfully saved to SQLite database. New listings - Bybit: 4, Binance: 6
2025-05-07 18:38:19 - INFO - Browser session closed
2025-05-07 18:38:19 - INFO - SQLite database connection closed
