2026-03-03 00:05:08 - INFO - Logging initialized. Log file: pb2b/logs/bybit_scraper_20260303.log
2026-03-03 00:05:09 - INFO - DataSaver logging initialized. Log file: pb2b/logs/data_saver_20260303.log
2026-03-03 00:05:09 - INFO - Connected to SQLite database: pb2b/p2p_listings.db
2026-03-03 00:05:09 - INFO - Database tables created successfully
2026-03-03 00:05:09 - INFO - Attempt 1/10: Loading https://www.bybit.com/fiat/trade/otc?actionType=1&token=USDT&fiat=NGN
2026-03-03 00:05:17 - INFO - Screenshot saved as 'pb2b/screenshots/bybit_page_20260303_000517.png'
2026-03-03 00:05:17 - WARNING - Error parsing row: Message: no such element: Unable to locate element: {"method":"css selector","selector":"td:nth-child(2)"}
  (Session info: chrome=145.0.7632.116); For documentation on this error, please visit: https://www.selenium.dev/documentation/webdriver/troubleshooting/errors#nosuchelementexception
Stacktrace:
#0 0x564ed169eb6a <unknown>
#1 0x564ed10b1a32 <unknown>
#2 0x564ed1106d66 <unknown>
#3 0x564ed1106fa1 <unknown>
#4 0x564ed10fa736 <unknown>
#5 0x564ed10fa617 <unknown>
#6 0x564ed114f369 <unknown>
#7 0x564ed10f8c0f <unknown>
#8 0x564ed10f99d1 <unknown>
#9 0x564ed16636b9 <unknown>
#10 0x564ed16665c1 <unknown>
#11 0x564ed164fe29 <unknown>
#12 0x564ed166717e <unknown>
#13 0x564ed16364b0 <unknown>
#14 0x564ed168b578 <unknown>
#15 0x564ed168b74b <unknown>
#16 0x564ed169d1a3 <unknown>
#17 0x7fa4aea9caa4 <unknown>
#18 0x7fa4aeb29c6c <unknown>

2026-03-03 00:05:17 - WARNING - Error parsing row: Message: no such element: Unable to locate element: {"method":"css selector","selector":"td:nth-child(2)"}
  (Session info: chrome=145.0.7632.116); For documentation on this error, please visit: https://www.selenium.dev/documentation/webdriver/troubleshooting/errors#nosuchelementexception
Stacktrace:
#0 0x564ed169eb6a <unknown>
#1 0x564ed10b1a32 <unknown>
#2 0x564ed1106d66 <unknown>
#3 0x564ed1106fa1 <unknown>
#4 0x564ed10fa736 <unknown>
#5 0x564ed10fa617 <unknown>
#6 0x564ed114f369 <unknown>
#7 0x564ed10f8c0f <unknown>
#8 0x564ed10f99d1 <unknown>
#9 0x564ed16636b9 <unknown>
#10 0x564ed16665c1 <unknown>
#11 0x564ed164fe29 <unknown>
#12 0x564ed166717e <unknown>
#13 0x564ed16364b0 <unknown>
#14 0x564ed168b578 <unknown>
#15 0x564ed168b74b <unknown>
#16 0x564ed169d1a3 <unknown>
#17 0x7fa4aea9caa4 <unknown>
#18 0x7fa4aeb29c6c <unknown>

2026-03-03 00:05:17 - INFO - Fetching BUY listings for USDT/EUR
2026-03-03 00:05:18 - INFO - Data successfully saved to SQLite database. New listings - Bybit: 4, Binance: 6
2026-03-03 00:05:18 - INFO - Browser session closed
2026-03-03 00:05:18 - INFO - SQLite database connection closed
2026-03-03 03:00:19 - INFO - Logging initialized. Log file: pb2b/logs/bybit_scraper_20260303.log
2026-03-03 03:00:26 - INFO - DataSaver logging initialized. Log file: pb2b/logs/data_saver_20260303.log
2026-03-03 03:00:26 - INFO - Connected to SQLite database: pb2b/p2p_listings.db
2026-03-03 03:00:26 - INFO - Database tables created successfully
2026-03-03 03:00:26 - INFO - Attempt 1/10: Loading https://www.bybit.com/fiat/trade/otc?actionType=1&token=USDT&fiat=NGN
2026-03-03 03:00:35 - INFO - Screenshot saved as 'pb2b/screenshots/bybit_page_20260303_030035.png'
2026-03-03 03:00:35 - WARNING - Error parsing row: Message: no such element: Unable to locate element: {"method":"css selector","selector":"td:nth-child(2)"}
  (Session info: chrome=145.0.7632.116); For documentation on this error, please visit: https://www.selenium.dev/documentation/webdriver/troubleshooting/errors#nosuchelementexception
Stacktrace:
#0 0x565250b4cb6a <unknown>
#1 0x56525055fa32 <unknown>
#2 0x5652505b4d66 <unknown>
#3 0x5652505b4fa1 <unknown>
#4 0x5652505a8736 <unknown>
#5 0x5652505a8617 <unknown>
#6 0x5652505fd369 <unknown>
#7 0x5652505a6c0f <unknown>
#8 0x5652505a79d1 <unknown>
#9 0x565250b116b9 <unknown>
#10 0x565250b145c1 <unknown>
#11 0x565250afde29 <unknown>
#12 0x565250b1517e <unknown>
#13 0x565250ae44b0 <unknown>
#14 0x565250b39578 <unknown>
#15 0x565250b3974b <unknown>
#16 0x565250b4b1a3 <unknown>
#17 0x7f2699c9caa4 <unknown>
#18 0x7f2699d29c6c <unknown>

2026-03-03 03:00:35 - WARNING - Error parsing row: Message: no such element: Unable to locate element: {"method":"css selector","selector":"td:nth-child(2)"}
  (Session info: chrome=145.0.7632.116); For documentation on this error, please visit: https://www.selenium.dev/documentation/webdriver/troubleshooting/errors#nosuchelementexception
Stacktrace:
#0 0x565250b4cb6a <unknown>
#1 0x56525055fa32 <unknown>
#2 0x5652505b4d66 <unknown>
#3 0x5652505b4fa1 <unknown>
#4 0x5652505a8736 <unknown>
#5 0x5652505a8617 <unknown>
#6 0x5652505fd369 <unknown>
#7 0x5652505a6c0f <unknown>
#8 0x5652505a79d1 <unknown>
#9 0x565250b116b9 <unknown>
#10 0x565250b145c1 <unknown>
#11 0x565250afde29 <unknown>
#12 0x565250b1517e <unknown>
#13 0x565250ae44b0 <unknown>
#14 0x565250b39578 <unknown>
#15 0x565250b3974b <unknown>
#16 0x565250b4b1a3 <unknown>
#17 0x7f2699c9caa4 <unknown>
#18 0x7f2699d29c6c <unknown>

2026-03-03 03:00:36 - INFO - Fetching BUY listings for USDT/EUR
2026-03-03 03:00:36 - INFO - Data successfully saved to SQLite database. New listings - Bybit: 4, Binance: 6
2026-03-03 03:00:36 - INFO - Browser session closed
2026-03-03 03:00:36 - INFO - SQLite database connection closed
2026-03-03 04:56:37 - INFO - Logging initialized. Log file: pb2b/logs/bybit_scraper_20260303.log
2026-03-03 04:56:42 - INFO - DataSaver logging initialized. Log file: pb2b/logs/data_saver_20260303.log
2026-03-03 04:56:42 - INFO - Connected to SQLite database: pb2b/p2p_listings.db
2026-03-03 04:56:42 - INFO - Database tables created successfully
2026-03-03 04:56:42 - INFO - Attempt 1/10: Loading https://www.bybit.com/fiat/trade/otc?actionType=1&token=USDT&fiat=NGN
2026-03-03 04:56:50 - INFO - Screenshot saved as 'pb2b/screenshots/bybit_page_20260303_045650.png'
2026-03-03 04:56:50 - WARNING - Error parsing row: Message: no such element: Unable to locate element: {"method":"css selector","selector":"td:nth-child(2)"}
  (Session info: chrome=145.0.7632.116); For documentation on this error, please visit: https://www.selenium.dev/documentation/webdriver/troubleshooting/errors#nosuchelementexception
Stacktrace:
#0 0x558657ae0b6a <unknown>
#1 0x5586574f3a32 <unknown>
#2 0x558657548d66 <unknown>
#3 0x558657548fa1 <unknown>
#4 0x55865753c736 <unknown>
#5 0x55865753c617 <unknown>
#6 0x558657591369 <unknown>
#7 0x55865753ac0f <unknown>
#8 0x55865753b9d1 <unknown>
#9 0x558657aa56b9 <unknown>
#10 0x558657aa85c1 <unknown>
#11 0x558657a91e29 <unknown>
#12 0x558657aa917e <unknown>
#13 0x558657a784b0 <unknown>
#14 0x558657acd578 <unknown>
#15 0x558657acd74b <unknown>
#16 0x558657adf1a3 <unknown>
#17 0x7f6efa09caa4 <unknown>
#18 0x7f6efa129c6c <unknown>

2026-03-03 04:56:50 - WARNING - Error parsing row: Message: no such element: Unable to locate element: {"method":"css selector","selector":"td:nth-child(2)"}
  (Session info: chrome=145.0.7632.116); For documentation on this error, please visit: https://www.selenium.dev/documentation/webdriver/troubleshooting/errors#nosuchelementexception
Stacktrace:
#0 0x558657ae0b6a <unknown>
#1 0x5586574f3a32 <unknown>
#2 0x558657548d66 <unknown>
#3 0x558657548fa1 <unknown>
#4 0x55865753c736 <unknown>
#5 0x55865753c617 <unknown>
#6 0x558657591369 <unknown>
#7 0x55865753ac0f <unknown>
#8 0x55865753b9d1 <unknown>
#9 0x558657aa56b9 <unknown>
#10 0x558657aa85c1 <unknown>
#11 0x558657a91e29 <unknown>
#12 0x558657aa917e <unknown>
#13 0x558657a784b0 <unknown>
#14 0x558657acd578 <unknown>
#15 0x558657acd74b <unknown>
#16 0x558657adf1a3 <unknown>
#17 0x7f6efa09caa4 <unknown>
#18 0x7f6efa129c6c <unknown>

2026-03-03 04:56:51 - INFO - Fetching BUY listings for USDT/EUR
2026-03-03 04:56:52 - INFO - Data successfully saved to SQLite database. New listings - Bybit: 4, Binance: 6
2026-03-03 04:56:52 - INFO - Browser session closed
2026-03-03 04:56:52 - INFO - SQLite database connection closed
2026-03-03 05:51:48 - INFO - Logging initialized. Log file: pb2b/logs/bybit_scraper_20260303.log
2026-03-03 05:51:56 - INFO - DataSaver logging initialized. Log file: pb2b/logs/data_saver_20260303.log
2026-03-03 05:51:56 - INFO - Connected to SQLite database: pb2b/p2p_listings.db
2026-03-03 05:51:56 - INFO - Database tables created successfully
2026-03-03 05:51:56 - INFO - Attempt 1/10: Loading https://www.bybit.com/fiat/trade/otc?actionType=1&token=USDT&fiat=NGN
2026-03-03 05:52:05 - INFO - Screenshot saved as 'pb2b/screenshots/bybit_page_20260303_055204.png'
2026-03-03 05:52:05 - WARNING - Error parsing row: Message: no such element: Unable to locate element: {"method":"css selector","selector":"td:nth-child(2)"}
  (Session info: chrome=145.0.7632.116); For documentation on this error, please visit: https://www.selenium.dev/documentation/webdriver/troubleshooting/errors#nosuchelementexception
Stacktrace:
#0 0x5625d8041b6a <unknown>
#1 0x5625d7a54a32 <unknown>
#2 0x5625d7aa9d66 <unknown>
#3 0x5625d7aa9fa1 <unknown>
#4 0x5625d7a9d736 <unknown>
#5 0x5625d7a9d617 <unknown>
#6 0x5625d7af2369 <unknown>
#7 0x5625d7a9bc0f <unknown>
#8 0x5625d7a9c9d1 <unknown>
#9 0x5625d80066b9 <unknown>
#10 0x5625d80095c1 <unknown>
#11 0x5625d7ff2e29 <unknown>
#12 0x5625d800a17e <unknown>
#13 0x5625d7fd94b0 <unknown>
#14 0x5625d802e578 <unknown>
#15 0x5625d802e74b <unknown>
#16 0x5625d80401a3 <unknown>
#17 0x7fd0df09caa4 <unknown>
#18 0x7fd0df129c6c <unknown>

2026-03-03 05:52:05 - WARNING - Error parsing row: Message: no such element: Unable to locate element: {"method":"css selector","selector":"td:nth-child(2)"}
  (Session info: chrome=145.0.7632.116); For documentation on this error, please visit: https://www.selenium.dev/documentation/webdriver/troubleshooting/errors#nosuchelementexception
Stacktrace:
#0 0x5625d8041b6a <unknown>
#1 0x5625d7a54a32 <unknown>
#2 0x5625d7aa9d66 <unknown>
#3 0x5625d7aa9fa1 <unknown>
#4 0x5625d7a9d736 <unknown>
#5 0x5625d7a9d617 <unknown>
#6 0x5625d7af2369 <unknown>
#7 0x5625d7a9bc0f <unknown>
#8 0x5625d7a9c9d1 <unknown>
#9 0x5625d80066b9 <unknown>
#10 0x5625d80095c1 <unknown>
#11 0x5625d7ff2e29 <unknown>
#12 0x5625d800a17e <unknown>
#13 0x5625d7fd94b0 <unknown>
#14 0x5625d802e578 <unknown>
#15 0x5625d802e74b <unknown>
#16 0x5625d80401a3 <unknown>
#17 0x7fd0df09caa4 <unknown>
#18 0x7fd0df129c6c <unknown>

2026-03-03 05:52:05 - INFO - Fetching BUY listings for USDT/EUR
2026-03-03 05:52:06 - INFO - Data successfully saved to SQLite database. New listings - Bybit: 4, Binance: 6
2026-03-03 05:52:06 - INFO - Browser session closed
2026-03-03 05:52:06 - INFO - SQLite database connection closed
2026-03-03 06:38:32 - INFO - Logging initialized. Log file: pb2b/logs/bybit_scraper_20260303.log
2026-03-03 06:38:38 - INFO - DataSaver logging initialized. Log file: pb2b/logs/data_saver_20260303.log
2026-03-03 06:38:38 - INFO - Connected to SQLite database: pb2b/p2p_listings.db
2026-03-03 06:38:38 - INFO - Database tables created successfully
2026-03-03 06:38:38 - INFO - Attempt 1/10: Loading https://www.bybit.com/fiat/trade/otc?actionType=1&token=USDT&fiat=NGN
2026-03-03 06:38:47 - INFO - Screenshot saved as 'pb2b/screenshots/bybit_page_20260303_063847.png'
2026-03-03 06:38:47 - WARNING - Error parsing row: Message: no such element: Unable to locate element: {"method":"css selector","selector":"td:nth-child(2)"}
  (Session info: chrome=145.0.7632.116); For documentation on this error, please visit: https://www.selenium.dev/documentation/webdriver/troubleshooting/errors#nosuchelementexception
Stacktrace:
#0 0x557969470b6a <unknown>
#1 0x557968e83a32 <unknown>
#2 0x557968ed8d66 <unknown>
#3 0x557968ed8fa1 <unknown>
#4 0x557968ecc736 <unknown>
#5 0x557968ecc617 <unknown>
#6 0x557968f21369 <unknown>
#7 0x557968ecac0f <unknown>
#8 0x557968ecb9d1 <unknown>
#9 0x5579694356b9 <unknown>
#10 0x5579694385c1 <unknown>
#11 0x557969421e29 <unknown>
#12 0x55796943917e <unknown>
#13 0x5579694084b0 <unknown>
#14 0x55796945d578 <unknown>
#15 0x55796945d74b <unknown>
#16 0x55796946f1a3 <unknown>
#17 0x7fc26289caa4 <unknown>
#18 0x7fc262929c6c <unknown>

2026-03-03 06:38:47 - WARNING - Error parsing row: Message: no such element: Unable to locate element: {"method":"css selector","selector":"td:nth-child(2)"}
  (Session info: chrome=145.0.7632.116); For documentation on this error, please visit: https://www.selenium.dev/documentation/webdriver/troubleshooting/errors#nosuchelementexception
Stacktrace:
#0 0x557969470b6a <unknown>
#1 0x557968e83a32 <unknown>
#2 0x557968ed8d66 <unknown>
#3 0x557968ed8fa1 <unknown>
#4 0x557968ecc736 <unknown>
#5 0x557968ecc617 <unknown>
#6 0x557968f21369 <unknown>
#7 0x557968ecac0f <unknown>
#8 0x557968ecb9d1 <unknown>
#9 0x5579694356b9 <unknown>
#10 0x5579694385c1 <unknown>
#11 0x557969421e29 <unknown>
#12 0x55796943917e <unknown>
#13 0x5579694084b0 <unknown>
#14 0x55796945d578 <unknown>
#15 0x55796945d74b <unknown>
#16 0x55796946f1a3 <unknown>
#17 0x7fc26289caa4 <unknown>
#18 0x7fc262929c6c <unknown>

2026-03-03 06:38:47 - INFO - Fetching BUY listings for USDT/EUR
2026-03-03 06:38:48 - INFO - Data successfully saved to SQLite database. New listings - Bybit: 4, Binance: 6
2026-03-03 06:38:48 - INFO - Browser session closed
2026-03-03 06:38:48 - INFO - SQLite database connection closed
2026-03-03 07:34:00 - INFO - Logging initialized. Log file: pb2b/logs/bybit_scraper_20260303.log
2026-03-03 07:34:09 - INFO - DataSaver logging initialized. Log file: pb2b/logs/data_saver_20260303.log
2026-03-03 07:34:09 - INFO - Connected to SQLite database: pb2b/p2p_listings.db
2026-03-03 07:34:09 - INFO - Database tables created successfully
2026-03-03 07:34:09 - INFO - Attempt 1/10: Loading https://www.bybit.com/fiat/trade/otc?actionType=1&token=USDT&fiat=NGN
2026-03-03 07:34:18 - INFO - Screenshot saved as 'pb2b/screenshots/bybit_page_20260303_073418.png'
2026-03-03 07:34:18 - WARNING - Error parsing row: Message: no such element: Unable to locate element: {"method":"css selector","selector":"td:nth-child(2)"}
  (Session info: chrome=145.0.7632.116); For documentation on this error, please visit: https://www.selenium.dev/documentation/webdriver/troubleshooting/errors#nosuchelementexception
Stacktrace:
#0 0x55f1c3dc8b6a <unknown>
#1 0x55f1c37dba32 <unknown>
#2 0x55f1c3830d66 <unknown>
#3 0x55f1c3830fa1 <unknown>
#4 0x55f1c3824736 <unknown>
#5 0x55f1c3824617 <unknown>
#6 0x55f1c3879369 <unknown>
#7 0x55f1c3822c0f <unknown>
#8 0x55f1c38239d1 <unknown>
#9 0x55f1c3d8d6b9 <unknown>
#10 0x55f1c3d905c1 <unknown>
#11 0x55f1c3d79e29 <unknown>
#12 0x55f1c3d9117e <unknown>
#13 0x55f1c3d604b0 <unknown>
#14 0x55f1c3db5578 <unknown>
#15 0x55f1c3db574b <unknown>
#16 0x55f1c3dc71a3 <unknown>
#17 0x7f044869caa4 <unknown>
#18 0x7f0448729c6c <unknown>

2026-03-03 07:34:18 - WARNING - Error parsing row: Message: no such element: Unable to locate element: {"method":"css selector","selector":"td:nth-child(2)"}
  (Session info: chrome=145.0.7632.116); For documentation on this error, please visit: https://www.selenium.dev/documentation/webdriver/troubleshooting/errors#nosuchelementexception
Stacktrace:
#0 0x55f1c3dc8b6a <unknown>
#1 0x55f1c37dba32 <unknown>
#2 0x55f1c3830d66 <unknown>
#3 0x55f1c3830fa1 <unknown>
#4 0x55f1c3824736 <unknown>
#5 0x55f1c3824617 <unknown>
#6 0x55f1c3879369 <unknown>
#7 0x55f1c3822c0f <unknown>
#8 0x55f1c38239d1 <unknown>
#9 0x55f1c3d8d6b9 <unknown>
#10 0x55f1c3d905c1 <unknown>
#11 0x55f1c3d79e29 <unknown>
#12 0x55f1c3d9117e <unknown>
#13 0x55f1c3d604b0 <unknown>
#14 0x55f1c3db5578 <unknown>
#15 0x55f1c3db574b <unknown>
#16 0x55f1c3dc71a3 <unknown>
#17 0x7f044869caa4 <unknown>
#18 0x7f0448729c6c <unknown>

2026-03-03 07:34:18 - INFO - Fetching BUY listings for USDT/EUR
2026-03-03 07:34:19 - INFO - Data successfully saved to SQLite database. New listings - Bybit: 4, Binance: 6
2026-03-03 07:34:19 - INFO - Browser session closed
2026-03-03 07:34:19 - INFO - SQLite database connection closed
2026-03-03 08:09:04 - INFO - Logging initialized. Log file: pb2b/logs/bybit_scraper_20260303.log
2026-03-03 08:09:06 - INFO - DataSaver logging initialized. Log file: pb2b/logs/data_saver_20260303.log
2026-03-03 08:09:06 - INFO - Connected to SQLite database: pb2b/p2p_listings.db
2026-03-03 08:09:06 - INFO - Database tables created successfully
2026-03-03 08:09:06 - INFO - Attempt 1/10: Loading https://www.bybit.com/fiat/trade/otc?actionType=1&token=USDT&fiat=NGN
2026-03-03 08:09:14 - INFO - Screenshot saved as 'pb2b/screenshots/bybit_page_20260303_080914.png'
2026-03-03 08:09:14 - WARNING - Error parsing row: Message: no such element: Unable to locate element: {"method":"css selector","selector":"td:nth-child(2)"}
  (Session info: chrome=145.0.7632.116); For documentation on this error, please visit: https://www.selenium.dev/documentation/webdriver/troubleshooting/errors#nosuchelementexception
Stacktrace:
#0 0x563ad196ab6a <unknown>
#1 0x563ad137da32 <unknown>
#2 0x563ad13d2d66 <unknown>
#3 0x563ad13d2fa1 <unknown>
#4 0x563ad13c6736 <unknown>
#5 0x563ad13c6617 <unknown>
#6 0x563ad141b369 <unknown>
#7 0x563ad13c4c0f <unknown>
#8 0x563ad13c59d1 <unknown>
#9 0x563ad192f6b9 <unknown>
#10 0x563ad19325c1 <unknown>
#11 0x563ad191be29 <unknown>
#12 0x563ad193317e <unknown>
#13 0x563ad19024b0 <unknown>
#14 0x563ad1957578 <unknown>
#15 0x563ad195774b <unknown>
#16 0x563ad19691a3 <unknown>
#17 0x7fd89669caa4 <unknown>
#18 0x7fd896729c6c <unknown>

2026-03-03 08:09:14 - WARNING - Error parsing row: Message: no such element: Unable to locate element: {"method":"css selector","selector":"td:nth-child(2)"}
  (Session info: chrome=145.0.7632.116); For documentation on this error, please visit: https://www.selenium.dev/documentation/webdriver/troubleshooting/errors#nosuchelementexception
Stacktrace:
#0 0x563ad196ab6a <unknown>
#1 0x563ad137da32 <unknown>
#2 0x563ad13d2d66 <unknown>
#3 0x563ad13d2fa1 <unknown>
#4 0x563ad13c6736 <unknown>
#5 0x563ad13c6617 <unknown>
#6 0x563ad141b369 <unknown>
#7 0x563ad13c4c0f <unknown>
#8 0x563ad13c59d1 <unknown>
#9 0x563ad192f6b9 <unknown>
#10 0x563ad19325c1 <unknown>
#11 0x563ad191be29 <unknown>
#12 0x563ad193317e <unknown>
#13 0x563ad19024b0 <unknown>
#14 0x563ad1957578 <unknown>
#15 0x563ad195774b <unknown>
#16 0x563ad19691a3 <unknown>
#17 0x7fd89669caa4 <unknown>
#18 0x7fd896729c6c <unknown>

2026-03-03 08:09:15 - INFO - Fetching BUY listings for USDT/EUR
2026-03-03 08:09:15 - INFO - Data successfully saved to SQLite database. New listings - Bybit: 4, Binance: 6
2026-03-03 08:09:15 - INFO - Browser session closed
2026-03-03 08:09:15 - INFO - SQLite database connection closed
2026-03-03 09:04:30 - INFO - Logging initialized. Log file: pb2b/logs/bybit_scraper_20260303.log
2026-03-03 09:04:37 - INFO - DataSaver logging initialized. Log file: pb2b/logs/data_saver_20260303.log
2026-03-03 09:04:37 - INFO - Connected to SQLite database: pb2b/p2p_listings.db
2026-03-03 09:04:37 - INFO - Database tables created successfully
2026-03-03 09:04:37 - INFO - Attempt 1/10: Loading https://www.bybit.com/fiat/trade/otc?actionType=1&token=USDT&fiat=NGN
2026-03-03 09:04:46 - INFO - Screenshot saved as 'pb2b/screenshots/bybit_page_20260303_090446.png'
2026-03-03 09:04:46 - WARNING - Error parsing row: Message: no such element: Unable to locate element: {"method":"css selector","selector":"td:nth-child(2)"}
  (Session info: chrome=145.0.7632.116); For documentation on this error, please visit: https://www.selenium.dev/documentation/webdriver/troubleshooting/errors#nosuchelementexception
Stacktrace:
#0 0x55ba9c5c4b6a <unknown>
#1 0x55ba9bfd7a32 <unknown>
#2 0x55ba9c02cd66 <unknown>
#3 0x55ba9c02cfa1 <unknown>
#4 0x55ba9c020736 <unknown>
#5 0x55ba9c020617 <unknown>
#6 0x55ba9c075369 <unknown>
#7 0x55ba9c01ec0f <unknown>
#8 0x55ba9c01f9d1 <unknown>
#9 0x55ba9c5896b9 <unknown>
#10 0x55ba9c58c5c1 <unknown>
#11 0x55ba9c575e29 <unknown>
#12 0x55ba9c58d17e <unknown>
#13 0x55ba9c55c4b0 <unknown>
#14 0x55ba9c5b1578 <unknown>
#15 0x55ba9c5b174b <unknown>
#16 0x55ba9c5c31a3 <unknown>
#17 0x7fce15c9caa4 <unknown>
#18 0x7fce15d29c6c <unknown>

2026-03-03 09:04:46 - WARNING - Error parsing row: Message: no such element: Unable to locate element: {"method":"css selector","selector":"td:nth-child(2)"}
  (Session info: chrome=145.0.7632.116); For documentation on this error, please visit: https://www.selenium.dev/documentation/webdriver/troubleshooting/errors#nosuchelementexception
Stacktrace:
#0 0x55ba9c5c4b6a <unknown>
#1 0x55ba9bfd7a32 <unknown>
#2 0x55ba9c02cd66 <unknown>
#3 0x55ba9c02cfa1 <unknown>
#4 0x55ba9c020736 <unknown>
#5 0x55ba9c020617 <unknown>
#6 0x55ba9c075369 <unknown>
#7 0x55ba9c01ec0f <unknown>
#8 0x55ba9c01f9d1 <unknown>
#9 0x55ba9c5896b9 <unknown>
#10 0x55ba9c58c5c1 <unknown>
#11 0x55ba9c575e29 <unknown>
#12 0x55ba9c58d17e <unknown>
#13 0x55ba9c55c4b0 <unknown>
#14 0x55ba9c5b1578 <unknown>
#15 0x55ba9c5b174b <unknown>
#16 0x55ba9c5c31a3 <unknown>
#17 0x7fce15c9caa4 <unknown>
#18 0x7fce15d29c6c <unknown>

2026-03-03 09:04:47 - INFO - Fetching BUY listings for USDT/EUR
2026-03-03 09:04:47 - INFO - Data successfully saved to SQLite database. New listings - Bybit: 4, Binance: 6
2026-03-03 09:04:47 - INFO - Browser session closed
2026-03-03 09:04:47 - INFO - SQLite database connection closed
2026-03-03 10:02:20 - INFO - Logging initialized. Log file: pb2b/logs/bybit_scraper_20260303.log
2026-03-03 10:02:25 - INFO - DataSaver logging initialized. Log file: pb2b/logs/data_saver_20260303.log
2026-03-03 10:02:25 - INFO - Connected to SQLite database: pb2b/p2p_listings.db
2026-03-03 10:02:25 - INFO - Database tables created successfully
2026-03-03 10:02:25 - INFO - Attempt 1/10: Loading https://www.bybit.com/fiat/trade/otc?actionType=1&token=USDT&fiat=NGN
2026-03-03 10:02:34 - INFO - Screenshot saved as 'pb2b/screenshots/bybit_page_20260303_100234.png'
2026-03-03 10:02:34 - WARNING - Error parsing row: Message: no such element: Unable to locate element: {"method":"css selector","selector":"td:nth-child(2)"}
  (Session info: chrome=145.0.7632.116); For documentation on this error, please visit: https://www.selenium.dev/documentation/webdriver/troubleshooting/errors#nosuchelementexception
Stacktrace:
#0 0x555ed1c55b6a <unknown>
#1 0x555ed1668a32 <unknown>
#2 0x555ed16bdd66 <unknown>
#3 0x555ed16bdfa1 <unknown>
#4 0x555ed16b1736 <unknown>
#5 0x555ed16b1617 <unknown>
#6 0x555ed1706369 <unknown>
#7 0x555ed16afc0f <unknown>
#8 0x555ed16b09d1 <unknown>
#9 0x555ed1c1a6b9 <unknown>
#10 0x555ed1c1d5c1 <unknown>
#11 0x555ed1c06e29 <unknown>
#12 0x555ed1c1e17e <unknown>
#13 0x555ed1bed4b0 <unknown>
#14 0x555ed1c42578 <unknown>
#15 0x555ed1c4274b <unknown>
#16 0x555ed1c541a3 <unknown>
#17 0x7fbcb0c9caa4 <unknown>
#18 0x7fbcb0d29c6c <unknown>

2026-03-03 10:02:34 - WARNING - Error parsing row: Message: no such element: Unable to locate element: {"method":"css selector","selector":"td:nth-child(2)"}
  (Session info: chrome=145.0.7632.116); For documentation on this error, please visit: https://www.selenium.dev/documentation/webdriver/troubleshooting/errors#nosuchelementexception
Stacktrace:
#0 0x555ed1c55b6a <unknown>
#1 0x555ed1668a32 <unknown>
#2 0x555ed16bdd66 <unknown>
#3 0x555ed16bdfa1 <unknown>
#4 0x555ed16b1736 <unknown>
#5 0x555ed16b1617 <unknown>
#6 0x555ed1706369 <unknown>
#7 0x555ed16afc0f <unknown>
#8 0x555ed16b09d1 <unknown>
#9 0x555ed1c1a6b9 <unknown>
#10 0x555ed1c1d5c1 <unknown>
#11 0x555ed1c06e29 <unknown>
#12 0x555ed1c1e17e <unknown>
#13 0x555ed1bed4b0 <unknown>
#14 0x555ed1c42578 <unknown>
#15 0x555ed1c4274b <unknown>
#16 0x555ed1c541a3 <unknown>
#17 0x7fbcb0c9caa4 <unknown>
#18 0x7fbcb0d29c6c <unknown>

2026-03-03 10:02:35 - INFO - Fetching BUY listings for USDT/EUR
2026-03-03 10:02:35 - INFO - Data successfully saved to SQLite database. New listings - Bybit: 4, Binance: 6
2026-03-03 10:02:37 - INFO - Browser session closed
2026-03-03 10:02:37 - INFO - SQLite database connection closed
2026-03-03 10:59:03 - INFO - Logging initialized. Log file: pb2b/logs/bybit_scraper_20260303.log
2026-03-03 10:59:11 - INFO - DataSaver logging initialized. Log file: pb2b/logs/data_saver_20260303.log
2026-03-03 10:59:11 - INFO - Connected to SQLite database: pb2b/p2p_listings.db
2026-03-03 10:59:11 - INFO - Database tables created successfully
2026-03-03 10:59:11 - INFO - Attempt 1/10: Loading https://www.bybit.com/fiat/trade/otc?actionType=1&token=USDT&fiat=NGN
2026-03-03 10:59:20 - INFO - Screenshot saved as 'pb2b/screenshots/bybit_page_20260303_105920.png'
2026-03-03 10:59:20 - WARNING - Error parsing row: Message: no such element: Unable to locate element: {"method":"css selector","selector":"td:nth-child(2)"}
  (Session info: chrome=145.0.7632.116); For documentation on this error, please visit: https://www.selenium.dev/documentation/webdriver/troubleshooting/errors#nosuchelementexception
Stacktrace:
#0 0x5643d102cb6a <unknown>
#1 0x5643d0a3fa32 <unknown>
#2 0x5643d0a94d66 <unknown>
#3 0x5643d0a94fa1 <unknown>
#4 0x5643d0a88736 <unknown>
#5 0x5643d0a88617 <unknown>
#6 0x5643d0add369 <unknown>
#7 0x5643d0a86c0f <unknown>
#8 0x5643d0a879d1 <unknown>
#9 0x5643d0ff16b9 <unknown>
#10 0x5643d0ff45c1 <unknown>
#11 0x5643d0fdde29 <unknown>
#12 0x5643d0ff517e <unknown>
#13 0x5643d0fc44b0 <unknown>
#14 0x5643d1019578 <unknown>
#15 0x5643d101974b <unknown>
#16 0x5643d102b1a3 <unknown>
#17 0x7f500929caa4 <unknown>
#18 0x7f5009329c6c <unknown>

2026-03-03 10:59:20 - WARNING - Error parsing row: Message: no such element: Unable to locate element: {"method":"css selector","selector":"td:nth-child(2)"}
  (Session info: chrome=145.0.7632.116); For documentation on this error, please visit: https://www.selenium.dev/documentation/webdriver/troubleshooting/errors#nosuchelementexception
Stacktrace:
#0 0x5643d102cb6a <unknown>
#1 0x5643d0a3fa32 <unknown>
#2 0x5643d0a94d66 <unknown>
#3 0x5643d0a94fa1 <unknown>
#4 0x5643d0a88736 <unknown>
#5 0x5643d0a88617 <unknown>
#6 0x5643d0add369 <unknown>
#7 0x5643d0a86c0f <unknown>
#8 0x5643d0a879d1 <unknown>
#9 0x5643d0ff16b9 <unknown>
#10 0x5643d0ff45c1 <unknown>
#11 0x5643d0fdde29 <unknown>
#12 0x5643d0ff517e <unknown>
#13 0x5643d0fc44b0 <unknown>
#14 0x5643d1019578 <unknown>
#15 0x5643d101974b <unknown>
#16 0x5643d102b1a3 <unknown>
#17 0x7f500929caa4 <unknown>
#18 0x7f5009329c6c <unknown>

2026-03-03 10:59:21 - INFO - Fetching BUY listings for USDT/EUR
2026-03-03 10:59:21 - INFO - Data successfully saved to SQLite database. New listings - Bybit: 4, Binance: 6
2026-03-03 10:59:21 - INFO - Browser session closed
2026-03-03 10:59:21 - INFO - SQLite database connection closed
