2024-12-17 02:00:57 - INFO - Logging initialized. Log file: pb2b/logs/bybit_scraper_20241217.log
2024-12-17 02:00:58 - INFO - DataSaver logging initialized. Log file: pb2b/logs/data_saver_20241217.log
2024-12-17 02:00:58 - INFO - Connected to SQLite database: pb2b/p2p_listings.db
2024-12-17 02:00:58 - INFO - Database tables created successfully
2024-12-17 02:00:58 - INFO - Attempt 1/10: Loading https://www.bybit.com/fiat/trade/otc?actionType=1&token=USDT&fiat=NGN
2024-12-17 02:01:08 - INFO - Screenshot saved as 'pb2b/screenshots/bybit_page_20241217_020108.png'
2024-12-17 02:01:09 - INFO - Fetching BUY listings for USDT/EUR
2024-12-17 02:01:09 - INFO - Data successfully saved to SQLite database. New listings - Bybit: 5, Binance: 6
2024-12-17 02:01:09 - INFO - Browser session closed
2024-12-17 02:01:09 - INFO - SQLite database connection closed
2024-12-17 03:07:15 - INFO - Logging initialized. Log file: pb2b/logs/bybit_scraper_20241217.log
2024-12-17 03:07:17 - INFO - DataSaver logging initialized. Log file: pb2b/logs/data_saver_20241217.log
2024-12-17 03:07:17 - INFO - Connected to SQLite database: pb2b/p2p_listings.db
2024-12-17 03:07:17 - INFO - Database tables created successfully
2024-12-17 03:07:17 - INFO - Attempt 1/10: Loading https://www.bybit.com/fiat/trade/otc?actionType=1&token=USDT&fiat=NGN
2024-12-17 03:07:27 - INFO - Screenshot saved as 'pb2b/screenshots/bybit_page_20241217_030727.png'
2024-12-17 03:07:27 - INFO - Fetching BUY listings for USDT/EUR
2024-12-17 03:07:28 - INFO - Data successfully saved to SQLite database. New listings - Bybit: 5, Binance: 6
2024-12-17 03:07:28 - INFO - Browser session closed
2024-12-17 03:07:28 - INFO - SQLite database connection closed
2024-12-17 03:45:23 - INFO - Logging initialized. Log file: pb2b/logs/bybit_scraper_20241217.log
2024-12-17 03:45:23 - INFO - DataSaver logging initialized. Log file: pb2b/logs/data_saver_20241217.log
2024-12-17 03:45:23 - INFO - Connected to SQLite database: pb2b/p2p_listings.db
2024-12-17 03:45:23 - INFO - Database tables created successfully
2024-12-17 03:45:23 - INFO - Attempt 1/10: Loading https://www.bybit.com/fiat/trade/otc?actionType=1&token=USDT&fiat=NGN
2024-12-17 03:45:35 - INFO - Screenshot saved as 'pb2b/screenshots/bybit_page_20241217_034534.png'
2024-12-17 03:45:35 - INFO - Fetching BUY listings for USDT/EUR
2024-12-17 03:45:35 - INFO - Data successfully saved to SQLite database. New listings - Bybit: 5, Binance: 6
2024-12-17 03:45:36 - INFO - Browser session closed
2024-12-17 03:45:36 - INFO - SQLite database connection closed
