2025-07-25 01:46:54 - INFO - Logging initialized. Log file: pb2b/logs/bybit_scraper_20250725.log
2025-07-25 01:46:54 - INFO - DataSaver logging initialized. Log file: pb2b/logs/data_saver_20250725.log
2025-07-25 01:46:54 - INFO - Connected to SQLite database: pb2b/p2p_listings.db
2025-07-25 01:46:54 - INFO - Database tables created successfully
2025-07-25 01:46:54 - INFO - Attempt 1/10: Loading https://www.bybit.com/fiat/trade/otc?actionType=1&token=USDT&fiat=NGN
2025-07-25 01:47:03 - INFO - Screenshot saved as 'pb2b/screenshots/bybit_page_20250725_014703.png'
2025-07-25 01:47:04 - INFO - Fetching BUY listings for USDT/EUR
2025-07-25 01:47:05 - INFO - Data successfully saved to SQLite database. New listings - Bybit: 4, Binance: 6
2025-07-25 01:47:05 - INFO - Browser session closed
2025-07-25 01:47:05 - INFO - SQLite database connection closed
2025-07-25 03:24:58 - INFO - Logging initialized. Log file: pb2b/logs/bybit_scraper_20250725.log
2025-07-25 03:24:59 - INFO - DataSaver logging initialized. Log file: pb2b/logs/data_saver_20250725.log
2025-07-25 03:24:59 - INFO - Connected to SQLite database: pb2b/p2p_listings.db
2025-07-25 03:24:59 - INFO - Database tables created successfully
2025-07-25 03:24:59 - INFO - Attempt 1/10: Loading https://www.bybit.com/fiat/trade/otc?actionType=1&token=USDT&fiat=NGN
2025-07-25 03:25:08 - INFO - Screenshot saved as 'pb2b/screenshots/bybit_page_20250725_032507.png'
2025-07-25 03:25:08 - INFO - Fetching BUY listings for USDT/EUR
2025-07-25 03:25:09 - INFO - Data successfully saved to SQLite database. New listings - Bybit: 4, Binance: 6
2025-07-25 03:25:09 - INFO - Browser session closed
2025-07-25 03:25:09 - INFO - SQLite database connection closed
2025-07-25 04:14:48 - INFO - Logging initialized. Log file: pb2b/logs/bybit_scraper_20250725.log
2025-07-25 04:14:49 - INFO - DataSaver logging initialized. Log file: pb2b/logs/data_saver_20250725.log
2025-07-25 04:14:49 - INFO - Connected to SQLite database: pb2b/p2p_listings.db
2025-07-25 04:14:49 - INFO - Database tables created successfully
2025-07-25 04:14:49 - INFO - Attempt 1/10: Loading https://www.bybit.com/fiat/trade/otc?actionType=1&token=USDT&fiat=NGN
2025-07-25 04:14:59 - INFO - Screenshot saved as 'pb2b/screenshots/bybit_page_20250725_041459.png'
2025-07-25 04:15:00 - INFO - Fetching BUY listings for USDT/EUR
2025-07-25 04:15:00 - INFO - Data successfully saved to SQLite database. New listings - Bybit: 4, Binance: 6
2025-07-25 04:15:00 - INFO - Browser session closed
2025-07-25 04:15:00 - INFO - SQLite database connection closed
2025-07-25 04:58:41 - INFO - Logging initialized. Log file: pb2b/logs/bybit_scraper_20250725.log
2025-07-25 04:58:42 - INFO - DataSaver logging initialized. Log file: pb2b/logs/data_saver_20250725.log
2025-07-25 04:58:42 - INFO - Connected to SQLite database: pb2b/p2p_listings.db
2025-07-25 04:58:42 - INFO - Database tables created successfully
2025-07-25 04:58:42 - INFO - Attempt 1/10: Loading https://www.bybit.com/fiat/trade/otc?actionType=1&token=USDT&fiat=NGN
2025-07-25 04:58:52 - INFO - Screenshot saved as 'pb2b/screenshots/bybit_page_20250725_045852.png'
2025-07-25 04:58:52 - INFO - Fetching BUY listings for USDT/EUR
2025-07-25 04:58:53 - INFO - Data successfully saved to SQLite database. New listings - Bybit: 4, Binance: 6
2025-07-25 04:58:53 - INFO - Browser session closed
2025-07-25 04:58:53 - INFO - SQLite database connection closed
2025-07-25 05:37:31 - INFO - Logging initialized. Log file: pb2b/logs/bybit_scraper_20250725.log
2025-07-25 05:37:33 - INFO - DataSaver logging initialized. Log file: pb2b/logs/data_saver_20250725.log
2025-07-25 05:37:33 - INFO - Connected to SQLite database: pb2b/p2p_listings.db
2025-07-25 05:37:33 - INFO - Database tables created successfully
2025-07-25 05:37:33 - INFO - Attempt 1/10: Loading https://www.bybit.com/fiat/trade/otc?actionType=1&token=USDT&fiat=NGN
2025-07-25 05:37:42 - INFO - Screenshot saved as 'pb2b/screenshots/bybit_page_20250725_053742.png'
2025-07-25 05:37:43 - INFO - Fetching BUY listings for USDT/EUR
2025-07-25 05:37:44 - INFO - Data successfully saved to SQLite database. New listings - Bybit: 4, Binance: 6
2025-07-25 05:37:44 - INFO - Browser session closed
2025-07-25 05:37:44 - INFO - SQLite database connection closed
2025-07-25 05:58:53 - INFO - Logging initialized. Log file: pb2b/logs/bybit_scraper_20250725.log
2025-07-25 05:58:54 - INFO - DataSaver logging initialized. Log file: pb2b/logs/data_saver_20250725.log
2025-07-25 05:58:54 - INFO - Connected to SQLite database: pb2b/p2p_listings.db
2025-07-25 05:58:54 - INFO - Database tables created successfully
2025-07-25 05:58:54 - INFO - Attempt 1/10: Loading https://www.bybit.com/fiat/trade/otc?actionType=1&token=USDT&fiat=NGN
2025-07-25 05:59:03 - INFO - Screenshot saved as 'pb2b/screenshots/bybit_page_20250725_055903.png'
2025-07-25 05:59:04 - INFO - Fetching BUY listings for USDT/EUR
2025-07-25 05:59:05 - INFO - Data successfully saved to SQLite database. New listings - Bybit: 4, Binance: 6
2025-07-25 05:59:05 - INFO - Browser session closed
2025-07-25 05:59:05 - INFO - SQLite database connection closed
2025-07-25 06:45:18 - INFO - Logging initialized. Log file: pb2b/logs/bybit_scraper_20250725.log
2025-07-25 06:45:18 - INFO - DataSaver logging initialized. Log file: pb2b/logs/data_saver_20250725.log
2025-07-25 06:45:18 - INFO - Connected to SQLite database: pb2b/p2p_listings.db
2025-07-25 06:45:18 - INFO - Database tables created successfully
2025-07-25 06:45:18 - INFO - Attempt 1/10: Loading https://www.bybit.com/fiat/trade/otc?actionType=1&token=USDT&fiat=NGN
2025-07-25 06:45:28 - INFO - Screenshot saved as 'pb2b/screenshots/bybit_page_20250725_064528.png'
2025-07-25 06:45:28 - INFO - Fetching BUY listings for USDT/EUR
2025-07-25 06:45:29 - INFO - Data successfully saved to SQLite database. New listings - Bybit: 4, Binance: 6
2025-07-25 06:45:29 - INFO - Browser session closed
2025-07-25 06:45:29 - INFO - SQLite database connection closed
2025-07-25 07:05:47 - INFO - Logging initialized. Log file: pb2b/logs/bybit_scraper_20250725.log
2025-07-25 07:05:47 - INFO - DataSaver logging initialized. Log file: pb2b/logs/data_saver_20250725.log
2025-07-25 07:05:47 - INFO - Connected to SQLite database: pb2b/p2p_listings.db
2025-07-25 07:05:47 - INFO - Database tables created successfully
2025-07-25 07:05:47 - INFO - Attempt 1/10: Loading https://www.bybit.com/fiat/trade/otc?actionType=1&token=USDT&fiat=NGN
2025-07-25 07:05:56 - INFO - Screenshot saved as 'pb2b/screenshots/bybit_page_20250725_070556.png'
2025-07-25 07:05:57 - INFO - Fetching BUY listings for USDT/EUR
2025-07-25 07:05:58 - INFO - Data successfully saved to SQLite database. New listings - Bybit: 4, Binance: 6
2025-07-25 07:05:58 - INFO - Browser session closed
2025-07-25 07:05:58 - INFO - SQLite database connection closed
2025-07-25 07:35:49 - INFO - Logging initialized. Log file: pb2b/logs/bybit_scraper_20250725.log
2025-07-25 07:35:50 - INFO - DataSaver logging initialized. Log file: pb2b/logs/data_saver_20250725.log
2025-07-25 07:35:50 - INFO - Connected to SQLite database: pb2b/p2p_listings.db
2025-07-25 07:35:50 - INFO - Database tables created successfully
2025-07-25 07:35:50 - INFO - Attempt 1/10: Loading https://www.bybit.com/fiat/trade/otc?actionType=1&token=USDT&fiat=NGN
2025-07-25 07:35:59 - INFO - Screenshot saved as 'pb2b/screenshots/bybit_page_20250725_073559.png'
2025-07-25 07:36:00 - INFO - Fetching BUY listings for USDT/EUR
2025-07-25 07:36:00 - INFO - Data successfully saved to SQLite database. New listings - Bybit: 4, Binance: 6
2025-07-25 07:36:00 - INFO - Browser session closed
2025-07-25 07:36:00 - INFO - SQLite database connection closed
2025-07-25 07:51:32 - INFO - Logging initialized. Log file: pb2b/logs/bybit_scraper_20250725.log
2025-07-25 07:51:33 - INFO - DataSaver logging initialized. Log file: pb2b/logs/data_saver_20250725.log
2025-07-25 07:51:33 - INFO - Connected to SQLite database: pb2b/p2p_listings.db
2025-07-25 07:51:33 - INFO - Database tables created successfully
2025-07-25 07:51:33 - INFO - Attempt 1/10: Loading https://www.bybit.com/fiat/trade/otc?actionType=1&token=USDT&fiat=NGN
2025-07-25 07:51:44 - INFO - Screenshot saved as 'pb2b/screenshots/bybit_page_20250725_075144.png'
2025-07-25 07:51:44 - INFO - Fetching BUY listings for USDT/EUR
2025-07-25 07:51:45 - INFO - Data successfully saved to SQLite database. New listings - Bybit: 4, Binance: 6
2025-07-25 07:51:45 - INFO - Browser session closed
2025-07-25 07:51:45 - INFO - SQLite database connection closed
2025-07-25 08:20:43 - INFO - Logging initialized. Log file: pb2b/logs/bybit_scraper_20250725.log
2025-07-25 08:20:44 - INFO - DataSaver logging initialized. Log file: pb2b/logs/data_saver_20250725.log
2025-07-25 08:20:44 - INFO - Connected to SQLite database: pb2b/p2p_listings.db
2025-07-25 08:20:44 - INFO - Database tables created successfully
2025-07-25 08:20:44 - INFO - Attempt 1/10: Loading https://www.bybit.com/fiat/trade/otc?actionType=1&token=USDT&fiat=NGN
2025-07-25 08:20:52 - INFO - Screenshot saved as 'pb2b/screenshots/bybit_page_20250725_082052.png'
2025-07-25 08:20:53 - INFO - Fetching BUY listings for USDT/EUR
2025-07-25 08:20:53 - INFO - Data successfully saved to SQLite database. New listings - Bybit: 4, Binance: 6
2025-07-25 08:20:53 - INFO - Browser session closed
2025-07-25 08:20:53 - INFO - SQLite database connection closed
2025-07-25 08:49:00 - INFO - Logging initialized. Log file: pb2b/logs/bybit_scraper_20250725.log
2025-07-25 08:49:01 - INFO - DataSaver logging initialized. Log file: pb2b/logs/data_saver_20250725.log
2025-07-25 08:49:01 - INFO - Connected to SQLite database: pb2b/p2p_listings.db
2025-07-25 08:49:01 - INFO - Database tables created successfully
2025-07-25 08:49:01 - INFO - Attempt 1/10: Loading https://www.bybit.com/fiat/trade/otc?actionType=1&token=USDT&fiat=NGN
2025-07-25 08:49:11 - INFO - Screenshot saved as 'pb2b/screenshots/bybit_page_20250725_084911.png'
2025-07-25 08:49:11 - INFO - Fetching BUY listings for USDT/EUR
2025-07-25 08:49:12 - INFO - Data successfully saved to SQLite database. New listings - Bybit: 4, Binance: 6
2025-07-25 08:49:12 - INFO - Browser session closed
2025-07-25 08:49:12 - INFO - SQLite database connection closed
2025-07-25 09:15:13 - INFO - Logging initialized. Log file: pb2b/logs/bybit_scraper_20250725.log
2025-07-25 09:15:14 - INFO - DataSaver logging initialized. Log file: pb2b/logs/data_saver_20250725.log
2025-07-25 09:15:14 - INFO - Connected to SQLite database: pb2b/p2p_listings.db
2025-07-25 09:15:14 - INFO - Database tables created successfully
2025-07-25 09:15:14 - INFO - Attempt 1/10: Loading https://www.bybit.com/fiat/trade/otc?actionType=1&token=USDT&fiat=NGN
2025-07-25 09:15:23 - INFO - Screenshot saved as 'pb2b/screenshots/bybit_page_20250725_091523.png'
2025-07-25 09:15:24 - INFO - Fetching BUY listings for USDT/EUR
2025-07-25 09:15:24 - INFO - Data successfully saved to SQLite database. New listings - Bybit: 4, Binance: 6
2025-07-25 09:15:24 - INFO - Browser session closed
2025-07-25 09:15:24 - INFO - SQLite database connection closed
2025-07-25 09:44:54 - INFO - Logging initialized. Log file: pb2b/logs/bybit_scraper_20250725.log
2025-07-25 09:44:55 - INFO - DataSaver logging initialized. Log file: pb2b/logs/data_saver_20250725.log
2025-07-25 09:44:55 - INFO - Connected to SQLite database: pb2b/p2p_listings.db
2025-07-25 09:44:55 - INFO - Database tables created successfully
2025-07-25 09:44:55 - INFO - Attempt 1/10: Loading https://www.bybit.com/fiat/trade/otc?actionType=1&token=USDT&fiat=NGN
2025-07-25 09:45:07 - INFO - Screenshot saved as 'pb2b/screenshots/bybit_page_20250725_094506.png'
2025-07-25 09:45:07 - INFO - Fetching BUY listings for USDT/EUR
2025-07-25 09:45:08 - INFO - Data successfully saved to SQLite database. New listings - Bybit: 4, Binance: 6
2025-07-25 09:45:08 - INFO - Browser session closed
2025-07-25 09:45:08 - INFO - SQLite database connection closed
2025-07-25 10:00:47 - INFO - Logging initialized. Log file: pb2b/logs/bybit_scraper_20250725.log
2025-07-25 10:00:49 - INFO - DataSaver logging initialized. Log file: pb2b/logs/data_saver_20250725.log
2025-07-25 10:00:49 - INFO - Connected to SQLite database: pb2b/p2p_listings.db
2025-07-25 10:00:49 - INFO - Database tables created successfully
2025-07-25 10:00:49 - INFO - Attempt 1/10: Loading https://www.bybit.com/fiat/trade/otc?actionType=1&token=USDT&fiat=NGN
2025-07-25 10:00:59 - INFO - Screenshot saved as 'pb2b/screenshots/bybit_page_20250725_100059.png'
2025-07-25 10:00:59 - INFO - Fetching BUY listings for USDT/EUR
2025-07-25 10:01:00 - INFO - Data successfully saved to SQLite database. New listings - Bybit: 4, Binance: 6
2025-07-25 10:01:00 - INFO - Browser session closed
2025-07-25 10:01:00 - INFO - SQLite database connection closed
2025-07-25 10:36:58 - INFO - Logging initialized. Log file: pb2b/logs/bybit_scraper_20250725.log
2025-07-25 10:37:00 - INFO - DataSaver logging initialized. Log file: pb2b/logs/data_saver_20250725.log
2025-07-25 10:37:00 - INFO - Connected to SQLite database: pb2b/p2p_listings.db
2025-07-25 10:37:00 - INFO - Database tables created successfully
2025-07-25 10:37:00 - INFO - Attempt 1/10: Loading https://www.bybit.com/fiat/trade/otc?actionType=1&token=USDT&fiat=NGN
2025-07-25 10:37:10 - INFO - Screenshot saved as 'pb2b/screenshots/bybit_page_20250725_103710.png'
2025-07-25 10:37:11 - INFO - Fetching BUY listings for USDT/EUR
2025-07-25 10:37:11 - INFO - Data successfully saved to SQLite database. New listings - Bybit: 4, Binance: 6
2025-07-25 10:37:11 - INFO - Browser session closed
2025-07-25 10:37:11 - INFO - SQLite database connection closed
2025-07-25 10:58:01 - INFO - Logging initialized. Log file: pb2b/logs/bybit_scraper_20250725.log
2025-07-25 10:58:02 - INFO - DataSaver logging initialized. Log file: pb2b/logs/data_saver_20250725.log
2025-07-25 10:58:02 - INFO - Connected to SQLite database: pb2b/p2p_listings.db
2025-07-25 10:58:02 - INFO - Database tables created successfully
2025-07-25 10:58:02 - INFO - Attempt 1/10: Loading https://www.bybit.com/fiat/trade/otc?actionType=1&token=USDT&fiat=NGN
2025-07-25 10:58:11 - INFO - Screenshot saved as 'pb2b/screenshots/bybit_page_20250725_105811.png'
2025-07-25 10:58:12 - INFO - Fetching BUY listings for USDT/EUR
2025-07-25 10:58:12 - INFO - Data successfully saved to SQLite database. New listings - Bybit: 4, Binance: 6
2025-07-25 10:58:12 - INFO - Browser session closed
2025-07-25 10:58:12 - INFO - SQLite database connection closed
