2025-11-25 00:00:08 - INFO - Logging initialized. Log file: pb2b/logs/bybit_scraper_20251125.log
2025-11-25 00:00:11 - INFO - DataSaver logging initialized. Log file: pb2b/logs/data_saver_20251125.log
2025-11-25 00:00:11 - INFO - Connected to SQLite database: pb2b/p2p_listings.db
2025-11-25 00:00:11 - INFO - Database tables created successfully
2025-11-25 00:00:11 - INFO - Attempt 1/10: Loading https://www.bybit.com/fiat/trade/otc?actionType=1&token=USDT&fiat=NGN
2025-11-25 00:00:19 - INFO - Screenshot saved as 'pb2b/screenshots/bybit_page_20251125_000019.png'
2025-11-25 00:00:20 - INFO - Fetching BUY listings for USDT/EUR
2025-11-25 00:00:21 - INFO - Data successfully saved to SQLite database. New listings - Bybit: 4, Binance: 6
2025-11-25 00:00:21 - INFO - Browser session closed
2025-11-25 00:00:21 - INFO - SQLite database connection closed
2025-11-25 02:10:49 - INFO - Logging initialized. Log file: pb2b/logs/bybit_scraper_20251125.log
2025-11-25 02:10:51 - INFO - DataSaver logging initialized. Log file: pb2b/logs/data_saver_20251125.log
2025-11-25 02:10:51 - INFO - Connected to SQLite database: pb2b/p2p_listings.db
2025-11-25 02:10:51 - INFO - Database tables created successfully
2025-11-25 02:10:51 - INFO - Attempt 1/10: Loading https://www.bybit.com/fiat/trade/otc?actionType=1&token=USDT&fiat=NGN
2025-11-25 02:11:00 - INFO - Screenshot saved as 'pb2b/screenshots/bybit_page_20251125_021100.png'
2025-11-25 02:11:00 - INFO - Fetching BUY listings for USDT/EUR
2025-11-25 02:11:01 - INFO - Data successfully saved to SQLite database. New listings - Bybit: 4, Binance: 6
2025-11-25 02:11:01 - INFO - Browser session closed
2025-11-25 02:11:01 - INFO - SQLite database connection closed
2025-11-25 03:37:14 - INFO - Logging initialized. Log file: pb2b/logs/bybit_scraper_20251125.log
2025-11-25 03:37:15 - INFO - DataSaver logging initialized. Log file: pb2b/logs/data_saver_20251125.log
2025-11-25 03:37:15 - INFO - Connected to SQLite database: pb2b/p2p_listings.db
2025-11-25 03:37:15 - INFO - Database tables created successfully
2025-11-25 03:37:15 - INFO - Attempt 1/10: Loading https://www.bybit.com/fiat/trade/otc?actionType=1&token=USDT&fiat=NGN
2025-11-25 03:37:25 - INFO - Screenshot saved as 'pb2b/screenshots/bybit_page_20251125_033725.png'
2025-11-25 03:37:26 - INFO - Fetching BUY listings for USDT/EUR
2025-11-25 03:37:26 - INFO - Data successfully saved to SQLite database. New listings - Bybit: 4, Binance: 6
2025-11-25 03:37:26 - INFO - Browser session closed
2025-11-25 03:37:26 - INFO - SQLite database connection closed
2025-11-25 04:05:16 - INFO - Logging initialized. Log file: pb2b/logs/bybit_scraper_20251125.log
2025-11-25 04:05:17 - INFO - DataSaver logging initialized. Log file: pb2b/logs/data_saver_20251125.log
2025-11-25 04:05:17 - INFO - Connected to SQLite database: pb2b/p2p_listings.db
2025-11-25 04:05:17 - INFO - Database tables created successfully
2025-11-25 04:05:17 - INFO - Attempt 1/10: Loading https://www.bybit.com/fiat/trade/otc?actionType=1&token=USDT&fiat=NGN
2025-11-25 04:05:25 - INFO - Screenshot saved as 'pb2b/screenshots/bybit_page_20251125_040525.png'
2025-11-25 04:05:26 - INFO - Fetching BUY listings for USDT/EUR
2025-11-25 04:05:26 - INFO - Data successfully saved to SQLite database. New listings - Bybit: 4, Binance: 6
2025-11-25 04:05:26 - INFO - Browser session closed
2025-11-25 04:05:26 - INFO - SQLite database connection closed
2025-11-25 04:41:13 - INFO - Logging initialized. Log file: pb2b/logs/bybit_scraper_20251125.log
2025-11-25 04:41:15 - INFO - DataSaver logging initialized. Log file: pb2b/logs/data_saver_20251125.log
2025-11-25 04:41:15 - INFO - Connected to SQLite database: pb2b/p2p_listings.db
2025-11-25 04:41:15 - INFO - Database tables created successfully
2025-11-25 04:41:15 - INFO - Attempt 1/10: Loading https://www.bybit.com/fiat/trade/otc?actionType=1&token=USDT&fiat=NGN
2025-11-25 04:41:26 - INFO - Screenshot saved as 'pb2b/screenshots/bybit_page_20251125_044126.png'
2025-11-25 04:41:27 - INFO - Fetching BUY listings for USDT/EUR
2025-11-25 04:41:27 - INFO - Data successfully saved to SQLite database. New listings - Bybit: 4, Binance: 6
2025-11-25 04:41:27 - INFO - Browser session closed
2025-11-25 04:41:27 - INFO - SQLite database connection closed
2025-11-25 04:57:43 - INFO - Logging initialized. Log file: pb2b/logs/bybit_scraper_20251125.log
2025-11-25 04:57:45 - INFO - DataSaver logging initialized. Log file: pb2b/logs/data_saver_20251125.log
2025-11-25 04:57:45 - INFO - Connected to SQLite database: pb2b/p2p_listings.db
2025-11-25 04:57:45 - INFO - Database tables created successfully
2025-11-25 04:57:45 - INFO - Attempt 1/10: Loading https://www.bybit.com/fiat/trade/otc?actionType=1&token=USDT&fiat=NGN
2025-11-25 04:57:56 - INFO - Screenshot saved as 'pb2b/screenshots/bybit_page_20251125_045756.png'
2025-11-25 04:57:57 - INFO - Fetching BUY listings for USDT/EUR
2025-11-25 04:57:57 - INFO - Data successfully saved to SQLite database. New listings - Bybit: 4, Binance: 6
2025-11-25 04:57:57 - INFO - Browser session closed
2025-11-25 04:57:57 - INFO - SQLite database connection closed
