2026-01-13 00:02:51 - INFO - Logging initialized. Log file: pb2b/logs/bybit_scraper_20260113.log
2026-01-13 00:02:51 - INFO - DataSaver logging initialized. Log file: pb2b/logs/data_saver_20260113.log
2026-01-13 00:02:51 - INFO - Connected to SQLite database: pb2b/p2p_listings.db
2026-01-13 00:02:51 - INFO - Database tables created successfully
2026-01-13 00:02:51 - INFO - Attempt 1/10: Loading https://www.bybit.com/fiat/trade/otc?actionType=1&token=USDT&fiat=NGN
2026-01-13 00:03:01 - INFO - Screenshot saved as 'pb2b/screenshots/bybit_page_20260113_000301.png'
2026-01-13 00:03:01 - WARNING - Error parsing row: Message: no such element: Unable to locate element: {"method":"css selector","selector":"td:nth-child(2)"}
  (Session info: chrome=143.0.7499.192); For documentation on this error, please visit: https://www.selenium.dev/documentation/webdriver/troubleshooting/errors#nosuchelementexception
Stacktrace:
#0 0x564f2f6c561a <unknown>
#1 0x564f2f14220b <unknown>
#2 0x564f2f19390f <unknown>
#3 0x564f2f193b51 <unknown>
#4 0x564f2f187b76 <unknown>
#5 0x564f2f187a67 <unknown>
#6 0x564f2f1df20e <unknown>
#7 0x564f2f186232 <unknown>
#8 0x564f2f186ee1 <unknown>
#9 0x564f2f68e3f9 <unknown>
#10 0x564f2f69134d <unknown>
#11 0x564f2f677122 <unknown>
#12 0x564f2f691f2b <unknown>
#13 0x564f2f65dc30 <unknown>
#14 0x564f2f6b2d78 <unknown>
#15 0x564f2f6b2f4c <unknown>
#16 0x564f2f6c4973 <unknown>
#17 0x7f0c73c9caa4 <unknown>
#18 0x7f0c73d29c6c <unknown>

2026-01-13 00:03:02 - INFO - Fetching BUY listings for USDT/EUR
2026-01-13 00:03:03 - INFO - Data successfully saved to SQLite database. New listings - Bybit: 5, Binance: 6
2026-01-13 00:03:03 - INFO - Browser session closed
2026-01-13 00:03:03 - INFO - SQLite database connection closed
