2025-08-04 00:02:44 - INFO - Logging initialized. Log file: pb2b/logs/bybit_scraper_20250804.log
2025-08-04 00:02:45 - INFO - DataSaver logging initialized. Log file: pb2b/logs/data_saver_20250804.log
2025-08-04 00:02:45 - INFO - Connected to SQLite database: pb2b/p2p_listings.db
2025-08-04 00:02:45 - INFO - Database tables created successfully
2025-08-04 00:02:45 - INFO - Attempt 1/10: Loading https://www.bybit.com/fiat/trade/otc?actionType=1&token=USDT&fiat=NGN
2025-08-04 00:02:53 - INFO - Screenshot saved as 'pb2b/screenshots/bybit_page_20250804_000253.png'
2025-08-04 00:02:54 - INFO - Fetching BUY listings for USDT/EUR
2025-08-04 00:02:55 - INFO - Data successfully saved to SQLite database. New listings - Bybit: 4, Binance: 6
2025-08-04 00:02:55 - INFO - Browser session closed
2025-08-04 00:02:55 - INFO - SQLite database connection closed
2025-08-04 02:41:57 - INFO - Logging initialized. Log file: pb2b/logs/bybit_scraper_20250804.log
2025-08-04 02:41:59 - INFO - DataSaver logging initialized. Log file: pb2b/logs/data_saver_20250804.log
2025-08-04 02:41:59 - INFO - Connected to SQLite database: pb2b/p2p_listings.db
2025-08-04 02:41:59 - INFO - Database tables created successfully
2025-08-04 02:41:59 - INFO - Attempt 1/10: Loading https://www.bybit.com/fiat/trade/otc?actionType=1&token=USDT&fiat=NGN
2025-08-04 02:42:12 - INFO - Screenshot saved as 'pb2b/screenshots/bybit_page_20250804_024212.png'
2025-08-04 02:42:12 - INFO - Fetching BUY listings for USDT/EUR
2025-08-04 02:42:13 - INFO - Data successfully saved to SQLite database. New listings - Bybit: 4, Binance: 6
2025-08-04 02:42:13 - INFO - Browser session closed
2025-08-04 02:42:13 - INFO - SQLite database connection closed
2025-08-04 04:12:17 - INFO - Logging initialized. Log file: pb2b/logs/bybit_scraper_20250804.log
2025-08-04 04:12:18 - INFO - DataSaver logging initialized. Log file: pb2b/logs/data_saver_20250804.log
2025-08-04 04:12:18 - INFO - Connected to SQLite database: pb2b/p2p_listings.db
2025-08-04 04:12:18 - INFO - Database tables created successfully
2025-08-04 04:12:18 - INFO - Attempt 1/10: Loading https://www.bybit.com/fiat/trade/otc?actionType=1&token=USDT&fiat=NGN
2025-08-04 04:12:27 - INFO - Screenshot saved as 'pb2b/screenshots/bybit_page_20250804_041227.png'
2025-08-04 04:12:27 - INFO - Fetching BUY listings for USDT/EUR
2025-08-04 04:12:28 - INFO - Data successfully saved to SQLite database. New listings - Bybit: 4, Binance: 6
2025-08-04 04:12:28 - INFO - Browser session closed
2025-08-04 04:12:28 - INFO - SQLite database connection closed
2025-08-04 05:11:23 - INFO - Logging initialized. Log file: pb2b/logs/bybit_scraper_20250804.log
2025-08-04 05:11:24 - INFO - DataSaver logging initialized. Log file: pb2b/logs/data_saver_20250804.log
2025-08-04 05:11:24 - INFO - Connected to SQLite database: pb2b/p2p_listings.db
2025-08-04 05:11:24 - INFO - Database tables created successfully
2025-08-04 05:11:24 - INFO - Attempt 1/10: Loading https://www.bybit.com/fiat/trade/otc?actionType=1&token=USDT&fiat=NGN
2025-08-04 05:11:33 - INFO - Screenshot saved as 'pb2b/screenshots/bybit_page_20250804_051133.png'
2025-08-04 05:11:33 - INFO - Fetching BUY listings for USDT/EUR
2025-08-04 05:11:34 - INFO - Data successfully saved to SQLite database. New listings - Bybit: 4, Binance: 6
2025-08-04 05:11:34 - INFO - Browser session closed
2025-08-04 05:11:34 - INFO - SQLite database connection closed
2025-08-04 05:55:00 - INFO - Logging initialized. Log file: pb2b/logs/bybit_scraper_20250804.log
2025-08-04 05:55:01 - INFO - DataSaver logging initialized. Log file: pb2b/logs/data_saver_20250804.log
2025-08-04 05:55:01 - INFO - Connected to SQLite database: pb2b/p2p_listings.db
2025-08-04 05:55:01 - INFO - Database tables created successfully
2025-08-04 05:55:01 - INFO - Attempt 1/10: Loading https://www.bybit.com/fiat/trade/otc?actionType=1&token=USDT&fiat=NGN
2025-08-04 05:55:12 - INFO - Screenshot saved as 'pb2b/screenshots/bybit_page_20250804_055512.png'
2025-08-04 05:55:13 - INFO - Fetching BUY listings for USDT/EUR
2025-08-04 05:55:13 - INFO - Data successfully saved to SQLite database. New listings - Bybit: 4, Binance: 6
2025-08-04 05:55:13 - INFO - Browser session closed
2025-08-04 05:55:13 - INFO - SQLite database connection closed
2025-08-04 06:42:00 - INFO - Logging initialized. Log file: pb2b/logs/bybit_scraper_20250804.log
2025-08-04 06:42:01 - INFO - DataSaver logging initialized. Log file: pb2b/logs/data_saver_20250804.log
2025-08-04 06:42:01 - INFO - Connected to SQLite database: pb2b/p2p_listings.db
2025-08-04 06:42:01 - INFO - Database tables created successfully
2025-08-04 06:42:01 - INFO - Attempt 1/10: Loading https://www.bybit.com/fiat/trade/otc?actionType=1&token=USDT&fiat=NGN
2025-08-04 06:42:11 - INFO - Screenshot saved as 'pb2b/screenshots/bybit_page_20250804_064211.png'
2025-08-04 06:42:12 - INFO - Fetching BUY listings for USDT/EUR
2025-08-04 06:42:12 - INFO - Data successfully saved to SQLite database. New listings - Bybit: 4, Binance: 6
2025-08-04 06:42:12 - INFO - Browser session closed
2025-08-04 06:42:12 - INFO - SQLite database connection closed
2025-08-04 07:21:00 - INFO - Logging initialized. Log file: pb2b/logs/bybit_scraper_20250804.log
2025-08-04 07:21:01 - INFO - DataSaver logging initialized. Log file: pb2b/logs/data_saver_20250804.log
2025-08-04 07:21:01 - INFO - Connected to SQLite database: pb2b/p2p_listings.db
2025-08-04 07:21:01 - INFO - Database tables created successfully
2025-08-04 07:21:01 - INFO - Attempt 1/10: Loading https://www.bybit.com/fiat/trade/otc?actionType=1&token=USDT&fiat=NGN
2025-08-04 07:21:11 - INFO - Screenshot saved as 'pb2b/screenshots/bybit_page_20250804_072111.png'
2025-08-04 07:21:11 - INFO - Fetching BUY listings for USDT/EUR
2025-08-04 07:21:12 - INFO - Data successfully saved to SQLite database. New listings - Bybit: 4, Binance: 6
2025-08-04 07:21:12 - INFO - Browser session closed
2025-08-04 07:21:12 - INFO - SQLite database connection closed
2025-08-04 07:49:14 - INFO - Logging initialized. Log file: pb2b/logs/bybit_scraper_20250804.log
2025-08-04 07:49:15 - INFO - DataSaver logging initialized. Log file: pb2b/logs/data_saver_20250804.log
2025-08-04 07:49:15 - INFO - Connected to SQLite database: pb2b/p2p_listings.db
2025-08-04 07:49:15 - INFO - Database tables created successfully
2025-08-04 07:49:15 - INFO - Attempt 1/10: Loading https://www.bybit.com/fiat/trade/otc?actionType=1&token=USDT&fiat=NGN
2025-08-04 07:49:24 - INFO - Screenshot saved as 'pb2b/screenshots/bybit_page_20250804_074924.png'
2025-08-04 07:49:24 - INFO - Fetching BUY listings for USDT/EUR
2025-08-04 07:49:25 - INFO - Data successfully saved to SQLite database. New listings - Bybit: 4, Binance: 6
2025-08-04 07:49:25 - INFO - Browser session closed
2025-08-04 07:49:25 - INFO - SQLite database connection closed
2025-08-04 08:02:02 - INFO - Logging initialized. Log file: pb2b/logs/bybit_scraper_20250804.log
2025-08-04 08:02:04 - INFO - DataSaver logging initialized. Log file: pb2b/logs/data_saver_20250804.log
2025-08-04 08:02:04 - INFO - Connected to SQLite database: pb2b/p2p_listings.db
2025-08-04 08:02:04 - INFO - Database tables created successfully
2025-08-04 08:02:04 - INFO - Attempt 1/10: Loading https://www.bybit.com/fiat/trade/otc?actionType=1&token=USDT&fiat=NGN
2025-08-04 08:02:13 - INFO - Screenshot saved as 'pb2b/screenshots/bybit_page_20250804_080213.png'
2025-08-04 08:02:13 - INFO - Fetching BUY listings for USDT/EUR
2025-08-04 08:02:14 - INFO - Data successfully saved to SQLite database. New listings - Bybit: 4, Binance: 6
2025-08-04 08:02:14 - INFO - Browser session closed
2025-08-04 08:02:14 - INFO - SQLite database connection closed
2025-08-04 08:46:59 - INFO - Logging initialized. Log file: pb2b/logs/bybit_scraper_20250804.log
2025-08-04 08:46:59 - INFO - DataSaver logging initialized. Log file: pb2b/logs/data_saver_20250804.log
2025-08-04 08:46:59 - INFO - Connected to SQLite database: pb2b/p2p_listings.db
2025-08-04 08:46:59 - INFO - Database tables created successfully
2025-08-04 08:46:59 - INFO - Attempt 1/10: Loading https://www.bybit.com/fiat/trade/otc?actionType=1&token=USDT&fiat=NGN
2025-08-04 08:47:09 - INFO - Screenshot saved as 'pb2b/screenshots/bybit_page_20250804_084709.png'
2025-08-04 08:47:10 - INFO - Fetching BUY listings for USDT/EUR
2025-08-04 08:47:10 - INFO - Data successfully saved to SQLite database. New listings - Bybit: 4, Binance: 6
2025-08-04 08:47:11 - INFO - Browser session closed
2025-08-04 08:47:11 - INFO - SQLite database connection closed
2025-08-04 09:21:11 - INFO - Logging initialized. Log file: pb2b/logs/bybit_scraper_20250804.log
2025-08-04 09:21:12 - INFO - DataSaver logging initialized. Log file: pb2b/logs/data_saver_20250804.log
2025-08-04 09:21:12 - INFO - Connected to SQLite database: pb2b/p2p_listings.db
2025-08-04 09:21:12 - INFO - Database tables created successfully
2025-08-04 09:21:12 - INFO - Attempt 1/10: Loading https://www.bybit.com/fiat/trade/otc?actionType=1&token=USDT&fiat=NGN
2025-08-04 09:21:22 - INFO - Screenshot saved as 'pb2b/screenshots/bybit_page_20250804_092121.png'
2025-08-04 09:21:22 - INFO - Fetching BUY listings for USDT/EUR
2025-08-04 09:21:23 - INFO - Data successfully saved to SQLite database. New listings - Bybit: 4, Binance: 6
2025-08-04 09:21:23 - INFO - Browser session closed
2025-08-04 09:21:23 - INFO - SQLite database connection closed
2025-08-04 09:57:45 - INFO - Logging initialized. Log file: pb2b/logs/bybit_scraper_20250804.log
2025-08-04 09:57:46 - INFO - DataSaver logging initialized. Log file: pb2b/logs/data_saver_20250804.log
2025-08-04 09:57:46 - INFO - Connected to SQLite database: pb2b/p2p_listings.db
2025-08-04 09:57:46 - INFO - Database tables created successfully
2025-08-04 09:57:46 - INFO - Attempt 1/10: Loading https://www.bybit.com/fiat/trade/otc?actionType=1&token=USDT&fiat=NGN
2025-08-04 09:57:56 - INFO - Screenshot saved as 'pb2b/screenshots/bybit_page_20250804_095755.png'
2025-08-04 09:57:56 - INFO - Fetching BUY listings for USDT/EUR
2025-08-04 09:57:57 - INFO - Data successfully saved to SQLite database. New listings - Bybit: 4, Binance: 6
2025-08-04 09:57:57 - INFO - Browser session closed
2025-08-04 09:57:57 - INFO - SQLite database connection closed
2025-08-04 10:23:52 - INFO - Logging initialized. Log file: pb2b/logs/bybit_scraper_20250804.log
2025-08-04 10:23:53 - INFO - DataSaver logging initialized. Log file: pb2b/logs/data_saver_20250804.log
2025-08-04 10:23:53 - INFO - Connected to SQLite database: pb2b/p2p_listings.db
2025-08-04 10:23:53 - INFO - Database tables created successfully
2025-08-04 10:23:53 - INFO - Attempt 1/10: Loading https://www.bybit.com/fiat/trade/otc?actionType=1&token=USDT&fiat=NGN
2025-08-04 10:24:02 - INFO - Screenshot saved as 'pb2b/screenshots/bybit_page_20250804_102402.png'
2025-08-04 10:24:02 - INFO - Fetching BUY listings for USDT/EUR
2025-08-04 10:24:03 - INFO - Data successfully saved to SQLite database. New listings - Bybit: 4, Binance: 6
2025-08-04 10:24:03 - INFO - Browser session closed
2025-08-04 10:24:03 - INFO - SQLite database connection closed
2025-08-04 10:51:58 - INFO - Logging initialized. Log file: pb2b/logs/bybit_scraper_20250804.log
2025-08-04 10:52:00 - INFO - DataSaver logging initialized. Log file: pb2b/logs/data_saver_20250804.log
2025-08-04 10:52:00 - INFO - Connected to SQLite database: pb2b/p2p_listings.db
2025-08-04 10:52:00 - INFO - Database tables created successfully
2025-08-04 10:52:00 - INFO - Attempt 1/10: Loading https://www.bybit.com/fiat/trade/otc?actionType=1&token=USDT&fiat=NGN
2025-08-04 10:52:09 - INFO - Screenshot saved as 'pb2b/screenshots/bybit_page_20250804_105209.png'
2025-08-04 10:52:09 - INFO - Fetching BUY listings for USDT/EUR
2025-08-04 10:52:10 - INFO - Data successfully saved to SQLite database. New listings - Bybit: 4, Binance: 6
2025-08-04 10:52:11 - INFO - Browser session closed
2025-08-04 10:52:11 - INFO - SQLite database connection closed
2025-08-04 11:15:25 - INFO - Logging initialized. Log file: pb2b/logs/bybit_scraper_20250804.log
2025-08-04 11:15:26 - INFO - DataSaver logging initialized. Log file: pb2b/logs/data_saver_20250804.log
2025-08-04 11:15:26 - INFO - Connected to SQLite database: pb2b/p2p_listings.db
2025-08-04 11:15:26 - INFO - Database tables created successfully
2025-08-04 11:15:26 - INFO - Attempt 1/10: Loading https://www.bybit.com/fiat/trade/otc?actionType=1&token=USDT&fiat=NGN
2025-08-04 11:15:35 - INFO - Screenshot saved as 'pb2b/screenshots/bybit_page_20250804_111535.png'
2025-08-04 11:15:36 - INFO - Fetching BUY listings for USDT/EUR
2025-08-04 11:15:37 - INFO - Data successfully saved to SQLite database. New listings - Bybit: 4, Binance: 6
2025-08-04 11:15:37 - INFO - Browser session closed
2025-08-04 11:15:37 - INFO - SQLite database connection closed
2025-08-04 11:37:29 - INFO - Logging initialized. Log file: pb2b/logs/bybit_scraper_20250804.log
2025-08-04 11:37:30 - INFO - DataSaver logging initialized. Log file: pb2b/logs/data_saver_20250804.log
2025-08-04 11:37:30 - INFO - Connected to SQLite database: pb2b/p2p_listings.db
2025-08-04 11:37:30 - INFO - Database tables created successfully
2025-08-04 11:37:30 - INFO - Attempt 1/10: Loading https://www.bybit.com/fiat/trade/otc?actionType=1&token=USDT&fiat=NGN
2025-08-04 11:37:39 - INFO - Screenshot saved as 'pb2b/screenshots/bybit_page_20250804_113739.png'
2025-08-04 11:37:39 - INFO - Fetching BUY listings for USDT/EUR
2025-08-04 11:37:40 - INFO - Data successfully saved to SQLite database. New listings - Bybit: 4, Binance: 6
2025-08-04 11:37:41 - INFO - Browser session closed
2025-08-04 11:37:41 - INFO - SQLite database connection closed
2025-08-04 11:54:06 - INFO - Logging initialized. Log file: pb2b/logs/bybit_scraper_20250804.log
2025-08-04 11:54:07 - INFO - DataSaver logging initialized. Log file: pb2b/logs/data_saver_20250804.log
2025-08-04 11:54:07 - INFO - Connected to SQLite database: pb2b/p2p_listings.db
2025-08-04 11:54:07 - INFO - Database tables created successfully
2025-08-04 11:54:07 - INFO - Attempt 1/10: Loading https://www.bybit.com/fiat/trade/otc?actionType=1&token=USDT&fiat=NGN
2025-08-04 11:54:16 - INFO - Screenshot saved as 'pb2b/screenshots/bybit_page_20250804_115416.png'
2025-08-04 11:54:17 - INFO - Fetching BUY listings for USDT/EUR
2025-08-04 11:54:18 - INFO - Data successfully saved to SQLite database. New listings - Bybit: 4, Binance: 6
2025-08-04 11:54:18 - INFO - Browser session closed
2025-08-04 11:54:18 - INFO - SQLite database connection closed
2025-08-04 12:37:48 - INFO - Logging initialized. Log file: pb2b/logs/bybit_scraper_20250804.log
2025-08-04 12:37:49 - INFO - DataSaver logging initialized. Log file: pb2b/logs/data_saver_20250804.log
2025-08-04 12:37:49 - INFO - Connected to SQLite database: pb2b/p2p_listings.db
2025-08-04 12:37:49 - INFO - Database tables created successfully
2025-08-04 12:37:49 - INFO - Attempt 1/10: Loading https://www.bybit.com/fiat/trade/otc?actionType=1&token=USDT&fiat=NGN
2025-08-04 12:38:01 - INFO - Screenshot saved as 'pb2b/screenshots/bybit_page_20250804_123801.png'
2025-08-04 12:38:01 - INFO - Fetching BUY listings for USDT/EUR
2025-08-04 12:38:02 - INFO - Data successfully saved to SQLite database. New listings - Bybit: 4, Binance: 6
2025-08-04 12:38:02 - INFO - Browser session closed
2025-08-04 12:38:02 - INFO - SQLite database connection closed
2025-08-04 13:31:22 - INFO - Logging initialized. Log file: pb2b/logs/bybit_scraper_20250804.log
2025-08-04 13:31:23 - INFO - DataSaver logging initialized. Log file: pb2b/logs/data_saver_20250804.log
2025-08-04 13:31:23 - INFO - Connected to SQLite database: pb2b/p2p_listings.db
2025-08-04 13:31:23 - INFO - Database tables created successfully
2025-08-04 13:31:23 - INFO - Attempt 1/10: Loading https://www.bybit.com/fiat/trade/otc?actionType=1&token=USDT&fiat=NGN
2025-08-04 13:31:32 - INFO - Screenshot saved as 'pb2b/screenshots/bybit_page_20250804_133132.png'
2025-08-04 13:31:33 - INFO - Fetching BUY listings for USDT/EUR
2025-08-04 13:31:34 - INFO - Data successfully saved to SQLite database. New listings - Bybit: 4, Binance: 6
2025-08-04 13:31:34 - INFO - Browser session closed
2025-08-04 13:31:34 - INFO - SQLite database connection closed
2025-08-04 14:04:35 - INFO - Logging initialized. Log file: pb2b/logs/bybit_scraper_20250804.log
2025-08-04 14:04:38 - INFO - DataSaver logging initialized. Log file: pb2b/logs/data_saver_20250804.log
2025-08-04 14:04:38 - INFO - Connected to SQLite database: pb2b/p2p_listings.db
2025-08-04 14:04:38 - INFO - Database tables created successfully
2025-08-04 14:04:38 - INFO - Attempt 1/10: Loading https://www.bybit.com/fiat/trade/otc?actionType=1&token=USDT&fiat=NGN
2025-08-04 14:04:47 - INFO - Screenshot saved as 'pb2b/screenshots/bybit_page_20250804_140447.png'
2025-08-04 14:04:48 - INFO - Fetching BUY listings for USDT/EUR
2025-08-04 14:04:49 - INFO - Data successfully saved to SQLite database. New listings - Bybit: 4, Binance: 6
2025-08-04 14:04:49 - INFO - Browser session closed
2025-08-04 14:04:49 - INFO - SQLite database connection closed
2025-08-04 14:42:04 - INFO - Logging initialized. Log file: pb2b/logs/bybit_scraper_20250804.log
2025-08-04 14:42:05 - INFO - DataSaver logging initialized. Log file: pb2b/logs/data_saver_20250804.log
2025-08-04 14:42:05 - INFO - Connected to SQLite database: pb2b/p2p_listings.db
2025-08-04 14:42:05 - INFO - Database tables created successfully
2025-08-04 14:42:05 - INFO - Attempt 1/10: Loading https://www.bybit.com/fiat/trade/otc?actionType=1&token=USDT&fiat=NGN
2025-08-04 14:42:15 - INFO - Screenshot saved as 'pb2b/screenshots/bybit_page_20250804_144215.png'
2025-08-04 14:42:15 - INFO - Fetching BUY listings for USDT/EUR
2025-08-04 14:42:16 - INFO - Data successfully saved to SQLite database. New listings - Bybit: 4, Binance: 6
2025-08-04 14:42:16 - INFO - Browser session closed
2025-08-04 14:42:16 - INFO - SQLite database connection closed
2025-08-04 15:00:48 - INFO - Logging initialized. Log file: pb2b/logs/bybit_scraper_20250804.log
2025-08-04 15:00:49 - INFO - DataSaver logging initialized. Log file: pb2b/logs/data_saver_20250804.log
2025-08-04 15:00:49 - INFO - Connected to SQLite database: pb2b/p2p_listings.db
2025-08-04 15:00:49 - INFO - Database tables created successfully
2025-08-04 15:00:49 - INFO - Attempt 1/10: Loading https://www.bybit.com/fiat/trade/otc?actionType=1&token=USDT&fiat=NGN
2025-08-04 15:00:58 - INFO - Screenshot saved as 'pb2b/screenshots/bybit_page_20250804_150058.png'
2025-08-04 15:00:58 - INFO - Fetching BUY listings for USDT/EUR
2025-08-04 15:00:59 - INFO - Data successfully saved to SQLite database. New listings - Bybit: 4, Binance: 6
2025-08-04 15:00:59 - INFO - Browser session closed
2025-08-04 15:00:59 - INFO - SQLite database connection closed
2025-08-04 15:38:05 - INFO - Logging initialized. Log file: pb2b/logs/bybit_scraper_20250804.log
2025-08-04 15:38:07 - INFO - DataSaver logging initialized. Log file: pb2b/logs/data_saver_20250804.log
2025-08-04 15:38:07 - INFO - Connected to SQLite database: pb2b/p2p_listings.db
2025-08-04 15:38:07 - INFO - Database tables created successfully
2025-08-04 15:38:07 - INFO - Attempt 1/10: Loading https://www.bybit.com/fiat/trade/otc?actionType=1&token=USDT&fiat=NGN
2025-08-04 15:38:17 - INFO - Screenshot saved as 'pb2b/screenshots/bybit_page_20250804_153817.png'
2025-08-04 15:38:18 - INFO - Fetching BUY listings for USDT/EUR
2025-08-04 15:38:18 - INFO - Data successfully saved to SQLite database. New listings - Bybit: 4, Binance: 6
2025-08-04 15:38:18 - INFO - Browser session closed
2025-08-04 15:38:18 - INFO - SQLite database connection closed
2025-08-04 15:58:26 - INFO - Logging initialized. Log file: pb2b/logs/bybit_scraper_20250804.log
2025-08-04 15:58:27 - INFO - DataSaver logging initialized. Log file: pb2b/logs/data_saver_20250804.log
2025-08-04 15:58:27 - INFO - Connected to SQLite database: pb2b/p2p_listings.db
2025-08-04 15:58:27 - INFO - Database tables created successfully
2025-08-04 15:58:27 - INFO - Attempt 1/10: Loading https://www.bybit.com/fiat/trade/otc?actionType=1&token=USDT&fiat=NGN
2025-08-04 15:58:36 - INFO - Screenshot saved as 'pb2b/screenshots/bybit_page_20250804_155835.png'
2025-08-04 15:58:36 - INFO - Fetching BUY listings for USDT/EUR
2025-08-04 15:58:37 - INFO - Data successfully saved to SQLite database. New listings - Bybit: 4, Binance: 6
2025-08-04 15:58:37 - INFO - Browser session closed
2025-08-04 15:58:37 - INFO - SQLite database connection closed
2025-08-04 16:40:34 - INFO - Logging initialized. Log file: pb2b/logs/bybit_scraper_20250804.log
2025-08-04 16:40:35 - INFO - DataSaver logging initialized. Log file: pb2b/logs/data_saver_20250804.log
2025-08-04 16:40:35 - INFO - Connected to SQLite database: pb2b/p2p_listings.db
2025-08-04 16:40:35 - INFO - Database tables created successfully
2025-08-04 16:40:35 - INFO - Attempt 1/10: Loading https://www.bybit.com/fiat/trade/otc?actionType=1&token=USDT&fiat=NGN
2025-08-04 16:40:44 - INFO - Screenshot saved as 'pb2b/screenshots/bybit_page_20250804_164044.png'
2025-08-04 16:40:44 - INFO - Fetching BUY listings for USDT/EUR
2025-08-04 16:40:45 - INFO - Data successfully saved to SQLite database. New listings - Bybit: 4, Binance: 6
2025-08-04 16:40:45 - INFO - Browser session closed
2025-08-04 16:40:45 - INFO - SQLite database connection closed
2025-08-04 17:04:32 - INFO - Logging initialized. Log file: pb2b/logs/bybit_scraper_20250804.log
2025-08-04 17:04:34 - INFO - DataSaver logging initialized. Log file: pb2b/logs/data_saver_20250804.log
2025-08-04 17:04:34 - INFO - Connected to SQLite database: pb2b/p2p_listings.db
2025-08-04 17:04:34 - INFO - Database tables created successfully
2025-08-04 17:04:34 - INFO - Attempt 1/10: Loading https://www.bybit.com/fiat/trade/otc?actionType=1&token=USDT&fiat=NGN
2025-08-04 17:04:43 - INFO - Screenshot saved as 'pb2b/screenshots/bybit_page_20250804_170442.png'
2025-08-04 17:04:43 - INFO - Fetching BUY listings for USDT/EUR
2025-08-04 17:04:44 - INFO - Data successfully saved to SQLite database. New listings - Bybit: 4, Binance: 6
2025-08-04 17:04:44 - INFO - Browser session closed
2025-08-04 17:04:44 - INFO - SQLite database connection closed
2025-08-04 17:39:15 - INFO - Logging initialized. Log file: pb2b/logs/bybit_scraper_20250804.log
2025-08-04 17:39:16 - INFO - DataSaver logging initialized. Log file: pb2b/logs/data_saver_20250804.log
2025-08-04 17:39:16 - INFO - Connected to SQLite database: pb2b/p2p_listings.db
2025-08-04 17:39:16 - INFO - Database tables created successfully
2025-08-04 17:39:16 - INFO - Attempt 1/10: Loading https://www.bybit.com/fiat/trade/otc?actionType=1&token=USDT&fiat=NGN
2025-08-04 17:39:25 - INFO - Screenshot saved as 'pb2b/screenshots/bybit_page_20250804_173925.png'
2025-08-04 17:39:25 - INFO - Fetching BUY listings for USDT/EUR
2025-08-04 17:39:26 - INFO - Data successfully saved to SQLite database. New listings - Bybit: 4, Binance: 6
2025-08-04 17:39:26 - INFO - Browser session closed
2025-08-04 17:39:26 - INFO - SQLite database connection closed
2025-08-04 17:57:55 - INFO - Logging initialized. Log file: pb2b/logs/bybit_scraper_20250804.log
2025-08-04 17:57:56 - INFO - DataSaver logging initialized. Log file: pb2b/logs/data_saver_20250804.log
2025-08-04 17:57:56 - INFO - Connected to SQLite database: pb2b/p2p_listings.db
2025-08-04 17:57:56 - INFO - Database tables created successfully
2025-08-04 17:57:56 - INFO - Attempt 1/10: Loading https://www.bybit.com/fiat/trade/otc?actionType=1&token=USDT&fiat=NGN
2025-08-04 17:58:04 - INFO - Screenshot saved as 'pb2b/screenshots/bybit_page_20250804_175804.png'
2025-08-04 17:58:04 - INFO - Fetching BUY listings for USDT/EUR
2025-08-04 17:58:05 - INFO - Data successfully saved to SQLite database. New listings - Bybit: 4, Binance: 6
2025-08-04 17:58:05 - INFO - Browser session closed
2025-08-04 17:58:05 - INFO - SQLite database connection closed
2025-08-04 18:46:22 - INFO - Logging initialized. Log file: pb2b/logs/bybit_scraper_20250804.log
2025-08-04 18:46:23 - INFO - DataSaver logging initialized. Log file: pb2b/logs/data_saver_20250804.log
2025-08-04 18:46:23 - INFO - Connected to SQLite database: pb2b/p2p_listings.db
2025-08-04 18:46:23 - INFO - Database tables created successfully
2025-08-04 18:46:23 - INFO - Attempt 1/10: Loading https://www.bybit.com/fiat/trade/otc?actionType=1&token=USDT&fiat=NGN
2025-08-04 18:46:31 - INFO - Screenshot saved as 'pb2b/screenshots/bybit_page_20250804_184631.png'
2025-08-04 18:46:32 - INFO - Fetching BUY listings for USDT/EUR
2025-08-04 18:46:32 - INFO - Data successfully saved to SQLite database. New listings - Bybit: 4, Binance: 6
2025-08-04 18:46:32 - INFO - Browser session closed
2025-08-04 18:46:32 - INFO - SQLite database connection closed
2025-08-04 19:07:39 - INFO - Logging initialized. Log file: pb2b/logs/bybit_scraper_20250804.log
2025-08-04 19:07:40 - INFO - DataSaver logging initialized. Log file: pb2b/logs/data_saver_20250804.log
2025-08-04 19:07:40 - INFO - Connected to SQLite database: pb2b/p2p_listings.db
2025-08-04 19:07:40 - INFO - Database tables created successfully
2025-08-04 19:07:40 - INFO - Attempt 1/10: Loading https://www.bybit.com/fiat/trade/otc?actionType=1&token=USDT&fiat=NGN
2025-08-04 19:07:50 - INFO - Screenshot saved as 'pb2b/screenshots/bybit_page_20250804_190750.png'
2025-08-04 19:07:51 - INFO - Fetching BUY listings for USDT/EUR
2025-08-04 19:07:52 - INFO - Data successfully saved to SQLite database. New listings - Bybit: 4, Binance: 6
2025-08-04 19:07:52 - INFO - Browser session closed
2025-08-04 19:07:52 - INFO - SQLite database connection closed
2025-08-04 19:32:21 - INFO - Logging initialized. Log file: pb2b/logs/bybit_scraper_20250804.log
2025-08-04 19:32:22 - INFO - DataSaver logging initialized. Log file: pb2b/logs/data_saver_20250804.log
2025-08-04 19:32:22 - INFO - Connected to SQLite database: pb2b/p2p_listings.db
2025-08-04 19:32:22 - INFO - Database tables created successfully
2025-08-04 19:32:22 - INFO - Attempt 1/10: Loading https://www.bybit.com/fiat/trade/otc?actionType=1&token=USDT&fiat=NGN
2025-08-04 19:32:32 - INFO - Screenshot saved as 'pb2b/screenshots/bybit_page_20250804_193232.png'
2025-08-04 19:32:32 - INFO - Fetching BUY listings for USDT/EUR
2025-08-04 19:32:33 - INFO - Data successfully saved to SQLite database. New listings - Bybit: 4, Binance: 6
2025-08-04 19:32:33 - INFO - Browser session closed
2025-08-04 19:32:33 - INFO - SQLite database connection closed
2025-08-04 19:49:41 - INFO - Logging initialized. Log file: pb2b/logs/bybit_scraper_20250804.log
2025-08-04 19:49:42 - INFO - DataSaver logging initialized. Log file: pb2b/logs/data_saver_20250804.log
2025-08-04 19:49:42 - INFO - Connected to SQLite database: pb2b/p2p_listings.db
2025-08-04 19:49:42 - INFO - Database tables created successfully
2025-08-04 19:49:42 - INFO - Attempt 1/10: Loading https://www.bybit.com/fiat/trade/otc?actionType=1&token=USDT&fiat=NGN
2025-08-04 19:49:51 - INFO - Screenshot saved as 'pb2b/screenshots/bybit_page_20250804_194951.png'
2025-08-04 19:49:51 - INFO - Fetching BUY listings for USDT/EUR
2025-08-04 19:49:52 - INFO - Data successfully saved to SQLite database. New listings - Bybit: 4, Binance: 6
2025-08-04 19:49:52 - INFO - Browser session closed
2025-08-04 19:49:52 - INFO - SQLite database connection closed
2025-08-04 20:02:17 - INFO - Logging initialized. Log file: pb2b/logs/bybit_scraper_20250804.log
2025-08-04 20:02:17 - INFO - DataSaver logging initialized. Log file: pb2b/logs/data_saver_20250804.log
2025-08-04 20:02:17 - INFO - Connected to SQLite database: pb2b/p2p_listings.db
2025-08-04 20:02:17 - INFO - Database tables created successfully
2025-08-04 20:02:17 - INFO - Attempt 1/10: Loading https://www.bybit.com/fiat/trade/otc?actionType=1&token=USDT&fiat=NGN
2025-08-04 20:02:28 - INFO - Screenshot saved as 'pb2b/screenshots/bybit_page_20250804_200228.png'
2025-08-04 20:02:29 - INFO - Fetching BUY listings for USDT/EUR
2025-08-04 20:02:29 - INFO - Data successfully saved to SQLite database. New listings - Bybit: 4, Binance: 6
2025-08-04 20:02:29 - INFO - Browser session closed
2025-08-04 20:02:29 - INFO - SQLite database connection closed
2025-08-04 20:37:16 - INFO - Logging initialized. Log file: pb2b/logs/bybit_scraper_20250804.log
2025-08-04 20:37:17 - INFO - DataSaver logging initialized. Log file: pb2b/logs/data_saver_20250804.log
2025-08-04 20:37:17 - INFO - Connected to SQLite database: pb2b/p2p_listings.db
2025-08-04 20:37:17 - INFO - Database tables created successfully
2025-08-04 20:37:17 - INFO - Attempt 1/10: Loading https://www.bybit.com/fiat/trade/otc?actionType=1&token=USDT&fiat=NGN
2025-08-04 20:37:27 - INFO - Screenshot saved as 'pb2b/screenshots/bybit_page_20250804_203727.png'
2025-08-04 20:37:27 - INFO - Fetching BUY listings for USDT/EUR
2025-08-04 20:37:28 - INFO - Data successfully saved to SQLite database. New listings - Bybit: 4, Binance: 6
2025-08-04 20:37:28 - INFO - Browser session closed
2025-08-04 20:37:28 - INFO - SQLite database connection closed
2025-08-04 20:55:17 - INFO - Logging initialized. Log file: pb2b/logs/bybit_scraper_20250804.log
2025-08-04 20:55:18 - INFO - DataSaver logging initialized. Log file: pb2b/logs/data_saver_20250804.log
2025-08-04 20:55:18 - INFO - Connected to SQLite database: pb2b/p2p_listings.db
2025-08-04 20:55:18 - INFO - Database tables created successfully
2025-08-04 20:55:18 - INFO - Attempt 1/10: Loading https://www.bybit.com/fiat/trade/otc?actionType=1&token=USDT&fiat=NGN
2025-08-04 20:55:28 - INFO - Screenshot saved as 'pb2b/screenshots/bybit_page_20250804_205527.png'
2025-08-04 20:55:28 - INFO - Fetching BUY listings for USDT/EUR
2025-08-04 20:55:29 - INFO - Data successfully saved to SQLite database. New listings - Bybit: 4, Binance: 6
2025-08-04 20:55:29 - INFO - Browser session closed
2025-08-04 20:55:29 - INFO - SQLite database connection closed
2025-08-04 21:24:01 - INFO - Logging initialized. Log file: pb2b/logs/bybit_scraper_20250804.log
2025-08-04 21:24:02 - INFO - DataSaver logging initialized. Log file: pb2b/logs/data_saver_20250804.log
2025-08-04 21:24:02 - INFO - Connected to SQLite database: pb2b/p2p_listings.db
2025-08-04 21:24:02 - INFO - Database tables created successfully
2025-08-04 21:24:02 - INFO - Attempt 1/10: Loading https://www.bybit.com/fiat/trade/otc?actionType=1&token=USDT&fiat=NGN
2025-08-04 21:24:12 - INFO - Screenshot saved as 'pb2b/screenshots/bybit_page_20250804_212411.png'
2025-08-04 21:24:12 - INFO - Fetching BUY listings for USDT/EUR
2025-08-04 21:24:12 - INFO - Data successfully saved to SQLite database. New listings - Bybit: 4, Binance: 6
2025-08-04 21:24:13 - INFO - Browser session closed
2025-08-04 21:24:13 - INFO - SQLite database connection closed
2025-08-04 21:44:22 - INFO - Logging initialized. Log file: pb2b/logs/bybit_scraper_20250804.log
2025-08-04 21:44:23 - INFO - DataSaver logging initialized. Log file: pb2b/logs/data_saver_20250804.log
2025-08-04 21:44:23 - INFO - Connected to SQLite database: pb2b/p2p_listings.db
2025-08-04 21:44:23 - INFO - Database tables created successfully
2025-08-04 21:44:23 - INFO - Attempt 1/10: Loading https://www.bybit.com/fiat/trade/otc?actionType=1&token=USDT&fiat=NGN
2025-08-04 21:44:33 - INFO - Screenshot saved as 'pb2b/screenshots/bybit_page_20250804_214433.png'
2025-08-04 21:44:33 - INFO - Fetching BUY listings for USDT/EUR
2025-08-04 21:44:34 - INFO - Data successfully saved to SQLite database. New listings - Bybit: 4, Binance: 6
2025-08-04 21:44:34 - INFO - Browser session closed
2025-08-04 21:44:34 - INFO - SQLite database connection closed
2025-08-04 21:58:56 - INFO - Logging initialized. Log file: pb2b/logs/bybit_scraper_20250804.log
2025-08-04 21:58:57 - INFO - DataSaver logging initialized. Log file: pb2b/logs/data_saver_20250804.log
2025-08-04 21:58:57 - INFO - Connected to SQLite database: pb2b/p2p_listings.db
2025-08-04 21:58:57 - INFO - Database tables created successfully
2025-08-04 21:58:57 - INFO - Attempt 1/10: Loading https://www.bybit.com/fiat/trade/otc?actionType=1&token=USDT&fiat=NGN
2025-08-04 21:59:08 - INFO - Screenshot saved as 'pb2b/screenshots/bybit_page_20250804_215908.png'
2025-08-04 21:59:08 - INFO - Fetching BUY listings for USDT/EUR
2025-08-04 21:59:09 - INFO - Data successfully saved to SQLite database. New listings - Bybit: 4, Binance: 6
2025-08-04 21:59:09 - INFO - Browser session closed
2025-08-04 21:59:09 - INFO - SQLite database connection closed
2025-08-04 22:31:38 - INFO - Logging initialized. Log file: pb2b/logs/bybit_scraper_20250804.log
2025-08-04 22:31:39 - INFO - DataSaver logging initialized. Log file: pb2b/logs/data_saver_20250804.log
2025-08-04 22:31:39 - INFO - Connected to SQLite database: pb2b/p2p_listings.db
2025-08-04 22:31:39 - INFO - Database tables created successfully
2025-08-04 22:31:39 - INFO - Attempt 1/10: Loading https://www.bybit.com/fiat/trade/otc?actionType=1&token=USDT&fiat=NGN
2025-08-04 22:31:50 - INFO - Screenshot saved as 'pb2b/screenshots/bybit_page_20250804_223149.png'
2025-08-04 22:31:50 - INFO - Fetching BUY listings for USDT/EUR
2025-08-04 22:31:51 - INFO - Data successfully saved to SQLite database. New listings - Bybit: 4, Binance: 6
2025-08-04 22:31:51 - INFO - Browser session closed
2025-08-04 22:31:51 - INFO - SQLite database connection closed
2025-08-04 22:55:18 - INFO - Logging initialized. Log file: pb2b/logs/bybit_scraper_20250804.log
2025-08-04 22:55:19 - INFO - DataSaver logging initialized. Log file: pb2b/logs/data_saver_20250804.log
2025-08-04 22:55:19 - INFO - Connected to SQLite database: pb2b/p2p_listings.db
2025-08-04 22:55:19 - INFO - Database tables created successfully
2025-08-04 22:55:19 - INFO - Attempt 1/10: Loading https://www.bybit.com/fiat/trade/otc?actionType=1&token=USDT&fiat=NGN
2025-08-04 22:55:30 - INFO - Screenshot saved as 'pb2b/screenshots/bybit_page_20250804_225530.png'
2025-08-04 22:55:30 - INFO - Fetching BUY listings for USDT/EUR
2025-08-04 22:55:31 - INFO - Data successfully saved to SQLite database. New listings - Bybit: 4, Binance: 6
2025-08-04 22:55:31 - INFO - Browser session closed
2025-08-04 22:55:31 - INFO - SQLite database connection closed
2025-08-04 23:20:34 - INFO - Logging initialized. Log file: pb2b/logs/bybit_scraper_20250804.log
2025-08-04 23:20:36 - INFO - DataSaver logging initialized. Log file: pb2b/logs/data_saver_20250804.log
2025-08-04 23:20:36 - INFO - Connected to SQLite database: pb2b/p2p_listings.db
2025-08-04 23:20:36 - INFO - Database tables created successfully
2025-08-04 23:20:36 - INFO - Attempt 1/10: Loading https://www.bybit.com/fiat/trade/otc?actionType=1&token=USDT&fiat=NGN
2025-08-04 23:20:46 - INFO - Screenshot saved as 'pb2b/screenshots/bybit_page_20250804_232046.png'
2025-08-04 23:20:47 - INFO - Fetching BUY listings for USDT/EUR
2025-08-04 23:20:48 - INFO - Data successfully saved to SQLite database. New listings - Bybit: 4, Binance: 6
2025-08-04 23:20:48 - INFO - Browser session closed
2025-08-04 23:20:48 - INFO - SQLite database connection closed
2025-08-04 23:43:28 - INFO - Logging initialized. Log file: pb2b/logs/bybit_scraper_20250804.log
2025-08-04 23:43:28 - INFO - DataSaver logging initialized. Log file: pb2b/logs/data_saver_20250804.log
2025-08-04 23:43:28 - INFO - Connected to SQLite database: pb2b/p2p_listings.db
2025-08-04 23:43:28 - INFO - Database tables created successfully
2025-08-04 23:43:28 - INFO - Attempt 1/10: Loading https://www.bybit.com/fiat/trade/otc?actionType=1&token=USDT&fiat=NGN
2025-08-04 23:43:39 - INFO - Screenshot saved as 'pb2b/screenshots/bybit_page_20250804_234339.png'
2025-08-04 23:43:39 - INFO - Fetching BUY listings for USDT/EUR
2025-08-04 23:43:40 - INFO - Data successfully saved to SQLite database. New listings - Bybit: 4, Binance: 6
2025-08-04 23:43:40 - INFO - Browser session closed
2025-08-04 23:43:40 - INFO - SQLite database connection closed
2025-08-04 23:56:44 - INFO - Logging initialized. Log file: pb2b/logs/bybit_scraper_20250804.log
2025-08-04 23:56:44 - INFO - DataSaver logging initialized. Log file: pb2b/logs/data_saver_20250804.log
2025-08-04 23:56:44 - INFO - Connected to SQLite database: pb2b/p2p_listings.db
2025-08-04 23:56:44 - INFO - Database tables created successfully
2025-08-04 23:56:44 - INFO - Attempt 1/10: Loading https://www.bybit.com/fiat/trade/otc?actionType=1&token=USDT&fiat=NGN
2025-08-04 23:56:53 - INFO - Screenshot saved as 'pb2b/screenshots/bybit_page_20250804_235653.png'
2025-08-04 23:56:53 - INFO - Fetching BUY listings for USDT/EUR
2025-08-04 23:56:54 - INFO - Data successfully saved to SQLite database. New listings - Bybit: 4, Binance: 6
2025-08-04 23:56:54 - INFO - Browser session closed
2025-08-04 23:56:54 - INFO - SQLite database connection closed
