2025-09-25 02:03:01 - INFO - Logging initialized. Log file: pb2b/logs/bybit_scraper_20250925.log
2025-09-25 02:03:04 - INFO - DataSaver logging initialized. Log file: pb2b/logs/data_saver_20250925.log
2025-09-25 02:03:04 - INFO - Connected to SQLite database: pb2b/p2p_listings.db
2025-09-25 02:03:04 - INFO - Database tables created successfully
2025-09-25 02:03:04 - INFO - Attempt 1/10: Loading https://www.bybit.com/fiat/trade/otc?actionType=1&token=USDT&fiat=NGN
2025-09-25 02:03:17 - INFO - Screenshot saved as 'pb2b/screenshots/bybit_page_20250925_020317.png'
2025-09-25 02:03:17 - INFO - Fetching BUY listings for USDT/EUR
2025-09-25 02:03:19 - INFO - Data successfully saved to SQLite database. New listings - Bybit: 4, Binance: 6
2025-09-25 02:03:19 - INFO - Browser session closed
2025-09-25 02:03:19 - INFO - SQLite database connection closed
2025-09-25 03:12:28 - INFO - Logging initialized. Log file: pb2b/logs/bybit_scraper_20250925.log
2025-09-25 03:12:31 - INFO - DataSaver logging initialized. Log file: pb2b/logs/data_saver_20250925.log
2025-09-25 03:12:31 - INFO - Connected to SQLite database: pb2b/p2p_listings.db
2025-09-25 03:12:31 - INFO - Database tables created successfully
2025-09-25 03:12:31 - INFO - Attempt 1/10: Loading https://www.bybit.com/fiat/trade/otc?actionType=1&token=USDT&fiat=NGN
2025-09-25 03:12:42 - INFO - Screenshot saved as 'pb2b/screenshots/bybit_page_20250925_031241.png'
2025-09-25 03:12:42 - INFO - Fetching BUY listings for USDT/EUR
2025-09-25 03:12:43 - INFO - Data successfully saved to SQLite database. New listings - Bybit: 4, Binance: 6
2025-09-25 03:12:43 - INFO - Browser session closed
2025-09-25 03:12:43 - INFO - SQLite database connection closed
2025-09-25 03:46:34 - INFO - Logging initialized. Log file: pb2b/logs/bybit_scraper_20250925.log
2025-09-25 03:46:35 - INFO - DataSaver logging initialized. Log file: pb2b/logs/data_saver_20250925.log
2025-09-25 03:46:35 - INFO - Connected to SQLite database: pb2b/p2p_listings.db
2025-09-25 03:46:35 - INFO - Database tables created successfully
2025-09-25 03:46:35 - INFO - Attempt 1/10: Loading https://www.bybit.com/fiat/trade/otc?actionType=1&token=USDT&fiat=NGN
2025-09-25 03:46:44 - INFO - Screenshot saved as 'pb2b/screenshots/bybit_page_20250925_034644.png'
2025-09-25 03:46:44 - INFO - Fetching BUY listings for USDT/EUR
2025-09-25 03:46:45 - INFO - Data successfully saved to SQLite database. New listings - Bybit: 4, Binance: 6
2025-09-25 03:46:45 - INFO - Browser session closed
2025-09-25 03:46:45 - INFO - SQLite database connection closed
2025-09-25 04:00:32 - INFO - Logging initialized. Log file: pb2b/logs/bybit_scraper_20250925.log
2025-09-25 04:00:35 - INFO - DataSaver logging initialized. Log file: pb2b/logs/data_saver_20250925.log
2025-09-25 04:00:35 - INFO - Connected to SQLite database: pb2b/p2p_listings.db
2025-09-25 04:00:35 - INFO - Database tables created successfully
2025-09-25 04:00:35 - INFO - Attempt 1/10: Loading https://www.bybit.com/fiat/trade/otc?actionType=1&token=USDT&fiat=NGN
2025-09-25 04:00:47 - INFO - Screenshot saved as 'pb2b/screenshots/bybit_page_20250925_040047.png'
2025-09-25 04:00:48 - INFO - Fetching BUY listings for USDT/EUR
2025-09-25 04:00:48 - INFO - Data successfully saved to SQLite database. New listings - Bybit: 4, Binance: 6
2025-09-25 04:00:49 - INFO - Browser session closed
2025-09-25 04:00:49 - INFO - SQLite database connection closed
2025-09-25 04:33:57 - INFO - Logging initialized. Log file: pb2b/logs/bybit_scraper_20250925.log
2025-09-25 04:33:59 - INFO - DataSaver logging initialized. Log file: pb2b/logs/data_saver_20250925.log
2025-09-25 04:33:59 - INFO - Connected to SQLite database: pb2b/p2p_listings.db
2025-09-25 04:33:59 - INFO - Database tables created successfully
2025-09-25 04:33:59 - INFO - Attempt 1/10: Loading https://www.bybit.com/fiat/trade/otc?actionType=1&token=USDT&fiat=NGN
2025-09-25 04:34:08 - INFO - Screenshot saved as 'pb2b/screenshots/bybit_page_20250925_043407.png'
2025-09-25 04:34:08 - INFO - Fetching BUY listings for USDT/EUR
2025-09-25 04:34:09 - INFO - Data successfully saved to SQLite database. New listings - Bybit: 4, Binance: 6
2025-09-25 04:34:09 - INFO - Browser session closed
2025-09-25 04:34:09 - INFO - SQLite database connection closed
