2025-02-11 10:44:50 - INFO - Logging initialized. Log file: pb2b/logs/bybit_scraper_20250211.log
2025-02-11 10:45:06 - INFO - DataSaver logging initialized. Log file: pb2b/logs/data_saver_20250211.log
2025-02-11 10:45:06 - INFO - Connected to SQLite database: pb2b/p2p_listings.db
2025-02-11 10:45:06 - INFO - Database tables created successfully
2025-02-11 10:45:06 - INFO - Attempt 1/10: Loading https://www.bybit.com/fiat/trade/otc?actionType=1&token=USDT&fiat=NGN
2025-02-11 10:45:19 - INFO - Screenshot saved as 'pb2b/screenshots/bybit_page_20250211_104519.png'
2025-02-11 10:45:19 - INFO - Fetching BUY listings for USDT/EUR
2025-02-11 10:45:20 - INFO - Data successfully saved to SQLite database. New listings - Bybit: 4, Binance: 6
2025-02-11 10:45:20 - INFO - Browser session closed
2025-02-11 10:45:20 - INFO - SQLite database connection closed
2025-02-11 11:35:19 - INFO - Logging initialized. Log file: pb2b/logs/bybit_scraper_20250211.log
2025-02-11 11:35:21 - INFO - DataSaver logging initialized. Log file: pb2b/logs/data_saver_20250211.log
2025-02-11 11:35:21 - INFO - Connected to SQLite database: pb2b/p2p_listings.db
2025-02-11 11:35:21 - INFO - Database tables created successfully
2025-02-11 11:35:21 - INFO - Attempt 1/10: Loading https://www.bybit.com/fiat/trade/otc?actionType=1&token=USDT&fiat=NGN
2025-02-11 11:35:34 - INFO - Screenshot saved as 'pb2b/screenshots/bybit_page_20250211_113534.png'
2025-02-11 11:35:34 - INFO - Fetching BUY listings for USDT/EUR
2025-02-11 11:35:35 - INFO - Data successfully saved to SQLite database. New listings - Bybit: 4, Binance: 6
2025-02-11 11:35:35 - INFO - Browser session closed
2025-02-11 11:35:35 - INFO - SQLite database connection closed
2025-02-11 14:20:57 - INFO - Logging initialized. Log file: pb2b/logs/bybit_scraper_20250211.log
2025-02-11 14:20:59 - INFO - DataSaver logging initialized. Log file: pb2b/logs/data_saver_20250211.log
2025-02-11 14:20:59 - INFO - Connected to SQLite database: pb2b/p2p_listings.db
2025-02-11 14:20:59 - INFO - Database tables created successfully
2025-02-11 14:20:59 - INFO - Attempt 1/10: Loading https://www.bybit.com/fiat/trade/otc?actionType=1&token=USDT&fiat=NGN
2025-02-11 14:21:11 - INFO - Screenshot saved as 'pb2b/screenshots/bybit_page_20250211_142111.png'
2025-02-11 14:21:12 - INFO - Fetching BUY listings for USDT/EUR
2025-02-11 14:21:12 - INFO - Data successfully saved to SQLite database. New listings - Bybit: 4, Binance: 6
2025-02-11 14:21:12 - INFO - Browser session closed
2025-02-11 14:21:12 - INFO - SQLite database connection closed
