2025-08-21 01:03:39 - INFO - Logging initialized. Log file: pb2b/logs/bybit_scraper_20250821.log
2025-08-21 01:03:40 - INFO - DataSaver logging initialized. Log file: pb2b/logs/data_saver_20250821.log
2025-08-21 01:03:40 - INFO - Connected to SQLite database: pb2b/p2p_listings.db
2025-08-21 01:03:40 - INFO - Database tables created successfully
2025-08-21 01:03:40 - INFO - Attempt 1/10: Loading https://www.bybit.com/fiat/trade/otc?actionType=1&token=USDT&fiat=NGN
2025-08-21 01:03:51 - INFO - Screenshot saved as 'pb2b/screenshots/bybit_page_20250821_010351.png'
2025-08-21 01:03:52 - INFO - Fetching BUY listings for USDT/EUR
2025-08-21 01:03:53 - INFO - Data successfully saved to SQLite database. New listings - Bybit: 4, Binance: 6
2025-08-21 01:03:53 - INFO - Browser session closed
2025-08-21 01:03:53 - INFO - SQLite database connection closed
2025-08-21 02:47:59 - INFO - Logging initialized. Log file: pb2b/logs/bybit_scraper_20250821.log
2025-08-21 02:48:00 - INFO - DataSaver logging initialized. Log file: pb2b/logs/data_saver_20250821.log
2025-08-21 02:48:00 - INFO - Connected to SQLite database: pb2b/p2p_listings.db
2025-08-21 02:48:00 - INFO - Database tables created successfully
2025-08-21 02:48:00 - INFO - Attempt 1/10: Loading https://www.bybit.com/fiat/trade/otc?actionType=1&token=USDT&fiat=NGN
2025-08-21 02:48:11 - INFO - Screenshot saved as 'pb2b/screenshots/bybit_page_20250821_024811.png'
2025-08-21 02:48:12 - INFO - Fetching BUY listings for USDT/EUR
2025-08-21 02:48:13 - INFO - Data successfully saved to SQLite database. New listings - Bybit: 4, Binance: 6
2025-08-21 02:48:13 - INFO - Browser session closed
2025-08-21 02:48:13 - INFO - SQLite database connection closed
2025-08-21 03:34:58 - INFO - Logging initialized. Log file: pb2b/logs/bybit_scraper_20250821.log
2025-08-21 03:34:59 - INFO - DataSaver logging initialized. Log file: pb2b/logs/data_saver_20250821.log
2025-08-21 03:34:59 - INFO - Connected to SQLite database: pb2b/p2p_listings.db
2025-08-21 03:34:59 - INFO - Database tables created successfully
2025-08-21 03:34:59 - INFO - Attempt 1/10: Loading https://www.bybit.com/fiat/trade/otc?actionType=1&token=USDT&fiat=NGN
2025-08-21 03:35:09 - INFO - Screenshot saved as 'pb2b/screenshots/bybit_page_20250821_033509.png'
2025-08-21 03:35:09 - INFO - Fetching BUY listings for USDT/EUR
2025-08-21 03:35:10 - INFO - Data successfully saved to SQLite database. New listings - Bybit: 4, Binance: 6
2025-08-21 03:35:10 - INFO - Browser session closed
2025-08-21 03:35:10 - INFO - SQLite database connection closed
2025-08-21 04:00:20 - INFO - Logging initialized. Log file: pb2b/logs/bybit_scraper_20250821.log
2025-08-21 04:00:21 - INFO - DataSaver logging initialized. Log file: pb2b/logs/data_saver_20250821.log
2025-08-21 04:00:21 - INFO - Connected to SQLite database: pb2b/p2p_listings.db
2025-08-21 04:00:21 - INFO - Database tables created successfully
2025-08-21 04:00:21 - INFO - Attempt 1/10: Loading https://www.bybit.com/fiat/trade/otc?actionType=1&token=USDT&fiat=NGN
2025-08-21 04:00:31 - INFO - Screenshot saved as 'pb2b/screenshots/bybit_page_20250821_040031.png'
2025-08-21 04:00:32 - INFO - Fetching BUY listings for USDT/EUR
2025-08-21 04:00:33 - INFO - Data successfully saved to SQLite database. New listings - Bybit: 11, Binance: 6
2025-08-21 04:00:33 - INFO - Browser session closed
2025-08-21 04:00:33 - INFO - SQLite database connection closed
2025-08-21 04:35:05 - INFO - Logging initialized. Log file: pb2b/logs/bybit_scraper_20250821.log
2025-08-21 04:35:06 - INFO - DataSaver logging initialized. Log file: pb2b/logs/data_saver_20250821.log
2025-08-21 04:35:06 - INFO - Connected to SQLite database: pb2b/p2p_listings.db
2025-08-21 04:35:06 - INFO - Database tables created successfully
2025-08-21 04:35:06 - INFO - Attempt 1/10: Loading https://www.bybit.com/fiat/trade/otc?actionType=1&token=USDT&fiat=NGN
2025-08-21 04:35:19 - INFO - Screenshot saved as 'pb2b/screenshots/bybit_page_20250821_043519.png'
2025-08-21 04:35:20 - INFO - Fetching BUY listings for USDT/EUR
2025-08-21 04:35:20 - INFO - Data successfully saved to SQLite database. New listings - Bybit: 4, Binance: 6
2025-08-21 04:35:20 - INFO - Browser session closed
2025-08-21 04:35:20 - INFO - SQLite database connection closed
2025-08-21 04:53:01 - INFO - Logging initialized. Log file: pb2b/logs/bybit_scraper_20250821.log
2025-08-21 04:53:02 - INFO - DataSaver logging initialized. Log file: pb2b/logs/data_saver_20250821.log
2025-08-21 04:53:02 - INFO - Connected to SQLite database: pb2b/p2p_listings.db
2025-08-21 04:53:02 - INFO - Database tables created successfully
2025-08-21 04:53:02 - INFO - Attempt 1/10: Loading https://www.bybit.com/fiat/trade/otc?actionType=1&token=USDT&fiat=NGN
2025-08-21 04:53:13 - INFO - Screenshot saved as 'pb2b/screenshots/bybit_page_20250821_045313.png'
2025-08-21 04:53:13 - INFO - Fetching BUY listings for USDT/EUR
2025-08-21 04:53:14 - INFO - Data successfully saved to SQLite database. New listings - Bybit: 4, Binance: 6
2025-08-21 04:53:14 - INFO - Browser session closed
2025-08-21 04:53:14 - INFO - SQLite database connection closed
2025-08-21 05:15:42 - INFO - Logging initialized. Log file: pb2b/logs/bybit_scraper_20250821.log
2025-08-21 05:15:42 - INFO - DataSaver logging initialized. Log file: pb2b/logs/data_saver_20250821.log
2025-08-21 05:15:42 - INFO - Connected to SQLite database: pb2b/p2p_listings.db
2025-08-21 05:15:42 - INFO - Database tables created successfully
2025-08-21 05:15:42 - INFO - Attempt 1/10: Loading https://www.bybit.com/fiat/trade/otc?actionType=1&token=USDT&fiat=NGN
2025-08-21 05:15:53 - INFO - Screenshot saved as 'pb2b/screenshots/bybit_page_20250821_051552.png'
2025-08-21 05:15:53 - INFO - Fetching BUY listings for USDT/EUR
2025-08-21 05:15:54 - INFO - Data successfully saved to SQLite database. New listings - Bybit: 4, Binance: 6
2025-08-21 05:15:54 - INFO - Browser session closed
2025-08-21 05:15:54 - INFO - SQLite database connection closed
2025-08-21 05:40:11 - INFO - Logging initialized. Log file: pb2b/logs/bybit_scraper_20250821.log
2025-08-21 05:40:12 - INFO - DataSaver logging initialized. Log file: pb2b/logs/data_saver_20250821.log
2025-08-21 05:40:12 - INFO - Connected to SQLite database: pb2b/p2p_listings.db
2025-08-21 05:40:12 - INFO - Database tables created successfully
2025-08-21 05:40:12 - INFO - Attempt 1/10: Loading https://www.bybit.com/fiat/trade/otc?actionType=1&token=USDT&fiat=NGN
2025-08-21 05:40:23 - INFO - Screenshot saved as 'pb2b/screenshots/bybit_page_20250821_054023.png'
2025-08-21 05:40:23 - INFO - Fetching BUY listings for USDT/EUR
2025-08-21 05:40:24 - INFO - Data successfully saved to SQLite database. New listings - Bybit: 4, Binance: 6
2025-08-21 05:40:24 - INFO - Browser session closed
2025-08-21 05:40:24 - INFO - SQLite database connection closed
2025-08-21 05:54:32 - INFO - Logging initialized. Log file: pb2b/logs/bybit_scraper_20250821.log
2025-08-21 05:54:33 - INFO - DataSaver logging initialized. Log file: pb2b/logs/data_saver_20250821.log
2025-08-21 05:54:33 - INFO - Connected to SQLite database: pb2b/p2p_listings.db
2025-08-21 05:54:33 - INFO - Database tables created successfully
2025-08-21 05:54:33 - INFO - Attempt 1/10: Loading https://www.bybit.com/fiat/trade/otc?actionType=1&token=USDT&fiat=NGN
2025-08-21 05:54:43 - INFO - Screenshot saved as 'pb2b/screenshots/bybit_page_20250821_055443.png'
2025-08-21 05:54:44 - INFO - Fetching BUY listings for USDT/EUR
2025-08-21 05:54:44 - INFO - Data successfully saved to SQLite database. New listings - Bybit: 4, Binance: 6
2025-08-21 05:54:44 - INFO - Browser session closed
2025-08-21 05:54:44 - INFO - SQLite database connection closed
2025-08-21 06:35:14 - INFO - Logging initialized. Log file: pb2b/logs/bybit_scraper_20250821.log
2025-08-21 06:35:15 - INFO - DataSaver logging initialized. Log file: pb2b/logs/data_saver_20250821.log
2025-08-21 06:35:15 - INFO - Connected to SQLite database: pb2b/p2p_listings.db
2025-08-21 06:35:15 - INFO - Database tables created successfully
2025-08-21 06:35:15 - INFO - Attempt 1/10: Loading https://www.bybit.com/fiat/trade/otc?actionType=1&token=USDT&fiat=NGN
2025-08-21 06:35:26 - INFO - Screenshot saved as 'pb2b/screenshots/bybit_page_20250821_063526.png'
2025-08-21 06:35:27 - INFO - Fetching BUY listings for USDT/EUR
2025-08-21 06:35:28 - INFO - Data successfully saved to SQLite database. New listings - Bybit: 4, Binance: 6
2025-08-21 06:35:28 - INFO - Browser session closed
2025-08-21 06:35:28 - INFO - SQLite database connection closed
2025-08-21 07:02:32 - INFO - Logging initialized. Log file: pb2b/logs/bybit_scraper_20250821.log
2025-08-21 07:02:33 - INFO - DataSaver logging initialized. Log file: pb2b/logs/data_saver_20250821.log
2025-08-21 07:02:33 - INFO - Connected to SQLite database: pb2b/p2p_listings.db
2025-08-21 07:02:33 - INFO - Database tables created successfully
2025-08-21 07:02:33 - INFO - Attempt 1/10: Loading https://www.bybit.com/fiat/trade/otc?actionType=1&token=USDT&fiat=NGN
2025-08-21 07:02:43 - INFO - Screenshot saved as 'pb2b/screenshots/bybit_page_20250821_070243.png'
2025-08-21 07:02:44 - INFO - Fetching BUY listings for USDT/EUR
2025-08-21 07:02:45 - INFO - Data successfully saved to SQLite database. New listings - Bybit: 4, Binance: 6
2025-08-21 07:02:45 - INFO - Browser session closed
2025-08-21 07:02:45 - INFO - SQLite database connection closed
2025-08-21 07:32:48 - INFO - Logging initialized. Log file: pb2b/logs/bybit_scraper_20250821.log
2025-08-21 07:32:49 - INFO - DataSaver logging initialized. Log file: pb2b/logs/data_saver_20250821.log
2025-08-21 07:32:49 - INFO - Connected to SQLite database: pb2b/p2p_listings.db
2025-08-21 07:32:49 - INFO - Database tables created successfully
2025-08-21 07:32:49 - INFO - Attempt 1/10: Loading https://www.bybit.com/fiat/trade/otc?actionType=1&token=USDT&fiat=NGN
2025-08-21 07:32:59 - INFO - Screenshot saved as 'pb2b/screenshots/bybit_page_20250821_073259.png'
2025-08-21 07:33:00 - INFO - Fetching BUY listings for USDT/EUR
2025-08-21 07:33:00 - INFO - Data successfully saved to SQLite database. New listings - Bybit: 4, Binance: 6
2025-08-21 07:33:01 - INFO - Browser session closed
2025-08-21 07:33:01 - INFO - SQLite database connection closed
2025-08-21 07:47:10 - INFO - Logging initialized. Log file: pb2b/logs/bybit_scraper_20250821.log
2025-08-21 07:47:11 - INFO - DataSaver logging initialized. Log file: pb2b/logs/data_saver_20250821.log
2025-08-21 07:47:11 - INFO - Connected to SQLite database: pb2b/p2p_listings.db
2025-08-21 07:47:11 - INFO - Database tables created successfully
2025-08-21 07:47:11 - INFO - Attempt 1/10: Loading https://www.bybit.com/fiat/trade/otc?actionType=1&token=USDT&fiat=NGN
2025-08-21 07:47:22 - INFO - Screenshot saved as 'pb2b/screenshots/bybit_page_20250821_074722.png'
2025-08-21 07:47:22 - INFO - Fetching BUY listings for USDT/EUR
2025-08-21 07:47:23 - INFO - Data successfully saved to SQLite database. New listings - Bybit: 4, Binance: 6
2025-08-21 07:47:23 - INFO - Browser session closed
2025-08-21 07:47:23 - INFO - SQLite database connection closed
2025-08-21 08:00:28 - INFO - Logging initialized. Log file: pb2b/logs/bybit_scraper_20250821.log
2025-08-21 08:00:29 - INFO - DataSaver logging initialized. Log file: pb2b/logs/data_saver_20250821.log
2025-08-21 08:00:29 - INFO - Connected to SQLite database: pb2b/p2p_listings.db
2025-08-21 08:00:29 - INFO - Database tables created successfully
2025-08-21 08:00:29 - INFO - Attempt 1/10: Loading https://www.bybit.com/fiat/trade/otc?actionType=1&token=USDT&fiat=NGN
2025-08-21 08:00:40 - INFO - Screenshot saved as 'pb2b/screenshots/bybit_page_20250821_080040.png'
2025-08-21 08:00:41 - INFO - Fetching BUY listings for USDT/EUR
2025-08-21 08:00:42 - INFO - Data successfully saved to SQLite database. New listings - Bybit: 4, Binance: 6
2025-08-21 08:00:42 - INFO - Browser session closed
2025-08-21 08:00:42 - INFO - SQLite database connection closed
2025-08-21 08:38:33 - INFO - Logging initialized. Log file: pb2b/logs/bybit_scraper_20250821.log
2025-08-21 08:38:34 - INFO - DataSaver logging initialized. Log file: pb2b/logs/data_saver_20250821.log
2025-08-21 08:38:34 - INFO - Connected to SQLite database: pb2b/p2p_listings.db
2025-08-21 08:38:34 - INFO - Database tables created successfully
2025-08-21 08:38:34 - INFO - Attempt 1/10: Loading https://www.bybit.com/fiat/trade/otc?actionType=1&token=USDT&fiat=NGN
2025-08-21 08:38:44 - INFO - Screenshot saved as 'pb2b/screenshots/bybit_page_20250821_083844.png'
2025-08-21 08:38:44 - INFO - Fetching BUY listings for USDT/EUR
2025-08-21 08:38:45 - INFO - Data successfully saved to SQLite database. New listings - Bybit: 4, Binance: 6
2025-08-21 08:38:45 - INFO - Browser session closed
2025-08-21 08:38:45 - INFO - SQLite database connection closed
2025-08-21 08:56:38 - INFO - Logging initialized. Log file: pb2b/logs/bybit_scraper_20250821.log
2025-08-21 08:56:39 - INFO - DataSaver logging initialized. Log file: pb2b/logs/data_saver_20250821.log
2025-08-21 08:56:39 - INFO - Connected to SQLite database: pb2b/p2p_listings.db
2025-08-21 08:56:39 - INFO - Database tables created successfully
2025-08-21 08:56:39 - INFO - Attempt 1/10: Loading https://www.bybit.com/fiat/trade/otc?actionType=1&token=USDT&fiat=NGN
2025-08-21 08:56:49 - INFO - Screenshot saved as 'pb2b/screenshots/bybit_page_20250821_085649.png'
2025-08-21 08:56:50 - INFO - Fetching BUY listings for USDT/EUR
2025-08-21 08:56:50 - INFO - Data successfully saved to SQLite database. New listings - Bybit: 4, Binance: 6
2025-08-21 08:56:50 - INFO - Browser session closed
2025-08-21 08:56:50 - INFO - SQLite database connection closed
2025-08-21 09:27:37 - INFO - Logging initialized. Log file: pb2b/logs/bybit_scraper_20250821.log
2025-08-21 09:27:39 - INFO - DataSaver logging initialized. Log file: pb2b/logs/data_saver_20250821.log
2025-08-21 09:27:39 - INFO - Connected to SQLite database: pb2b/p2p_listings.db
2025-08-21 09:27:39 - INFO - Database tables created successfully
2025-08-21 09:27:39 - INFO - Attempt 1/10: Loading https://www.bybit.com/fiat/trade/otc?actionType=1&token=USDT&fiat=NGN
2025-08-21 09:27:49 - INFO - Screenshot saved as 'pb2b/screenshots/bybit_page_20250821_092749.png'
2025-08-21 09:27:49 - INFO - Fetching BUY listings for USDT/EUR
2025-08-21 09:27:50 - INFO - Data successfully saved to SQLite database. New listings - Bybit: 4, Binance: 6
2025-08-21 09:27:50 - INFO - Browser session closed
2025-08-21 09:27:50 - INFO - SQLite database connection closed
2025-08-21 09:46:16 - INFO - Logging initialized. Log file: pb2b/logs/bybit_scraper_20250821.log
2025-08-21 09:46:17 - INFO - DataSaver logging initialized. Log file: pb2b/logs/data_saver_20250821.log
2025-08-21 09:46:17 - INFO - Connected to SQLite database: pb2b/p2p_listings.db
2025-08-21 09:46:17 - INFO - Database tables created successfully
2025-08-21 09:46:17 - INFO - Attempt 1/10: Loading https://www.bybit.com/fiat/trade/otc?actionType=1&token=USDT&fiat=NGN
2025-08-21 09:46:27 - INFO - Screenshot saved as 'pb2b/screenshots/bybit_page_20250821_094626.png'
2025-08-21 09:46:27 - INFO - Fetching BUY listings for USDT/EUR
2025-08-21 09:46:28 - INFO - Data successfully saved to SQLite database. New listings - Bybit: 4, Binance: 6
2025-08-21 09:46:28 - INFO - Browser session closed
2025-08-21 09:46:28 - INFO - SQLite database connection closed
2025-08-21 09:59:49 - INFO - Logging initialized. Log file: pb2b/logs/bybit_scraper_20250821.log
2025-08-21 09:59:50 - INFO - DataSaver logging initialized. Log file: pb2b/logs/data_saver_20250821.log
2025-08-21 09:59:50 - INFO - Connected to SQLite database: pb2b/p2p_listings.db
2025-08-21 09:59:50 - INFO - Database tables created successfully
2025-08-21 09:59:50 - INFO - Attempt 1/10: Loading https://www.bybit.com/fiat/trade/otc?actionType=1&token=USDT&fiat=NGN
2025-08-21 10:00:01 - INFO - Screenshot saved as 'pb2b/screenshots/bybit_page_20250821_100001.png'
2025-08-21 10:00:02 - INFO - Fetching BUY listings for USDT/EUR
2025-08-21 10:00:03 - INFO - Data successfully saved to SQLite database. New listings - Bybit: 4, Binance: 6
2025-08-21 10:00:03 - INFO - Browser session closed
2025-08-21 10:00:03 - INFO - SQLite database connection closed
2025-08-21 10:32:02 - INFO - Logging initialized. Log file: pb2b/logs/bybit_scraper_20250821.log
2025-08-21 10:32:03 - INFO - DataSaver logging initialized. Log file: pb2b/logs/data_saver_20250821.log
2025-08-21 10:32:03 - INFO - Connected to SQLite database: pb2b/p2p_listings.db
2025-08-21 10:32:03 - INFO - Database tables created successfully
2025-08-21 10:32:03 - INFO - Attempt 1/10: Loading https://www.bybit.com/fiat/trade/otc?actionType=1&token=USDT&fiat=NGN
2025-08-21 10:32:13 - INFO - Screenshot saved as 'pb2b/screenshots/bybit_page_20250821_103213.png'
2025-08-21 10:32:14 - INFO - Fetching BUY listings for USDT/EUR
2025-08-21 10:32:15 - INFO - Data successfully saved to SQLite database. New listings - Bybit: 4, Binance: 6
2025-08-21 10:32:15 - INFO - Browser session closed
2025-08-21 10:32:15 - INFO - SQLite database connection closed
2025-08-21 10:52:25 - INFO - Logging initialized. Log file: pb2b/logs/bybit_scraper_20250821.log
2025-08-21 10:52:26 - INFO - DataSaver logging initialized. Log file: pb2b/logs/data_saver_20250821.log
2025-08-21 10:52:26 - INFO - Connected to SQLite database: pb2b/p2p_listings.db
2025-08-21 10:52:26 - INFO - Database tables created successfully
2025-08-21 10:52:26 - INFO - Attempt 1/10: Loading https://www.bybit.com/fiat/trade/otc?actionType=1&token=USDT&fiat=NGN
2025-08-21 10:52:36 - INFO - Screenshot saved as 'pb2b/screenshots/bybit_page_20250821_105236.png'
2025-08-21 10:52:36 - INFO - Fetching BUY listings for USDT/EUR
2025-08-21 10:52:37 - INFO - Data successfully saved to SQLite database. New listings - Bybit: 4, Binance: 6
2025-08-21 10:52:37 - INFO - Browser session closed
2025-08-21 10:52:37 - INFO - SQLite database connection closed
2025-08-21 11:11:20 - INFO - Logging initialized. Log file: pb2b/logs/bybit_scraper_20250821.log
2025-08-21 11:11:21 - INFO - DataSaver logging initialized. Log file: pb2b/logs/data_saver_20250821.log
2025-08-21 11:11:21 - INFO - Connected to SQLite database: pb2b/p2p_listings.db
2025-08-21 11:11:21 - INFO - Database tables created successfully
2025-08-21 11:11:21 - INFO - Attempt 1/10: Loading https://www.bybit.com/fiat/trade/otc?actionType=1&token=USDT&fiat=NGN
2025-08-21 11:11:32 - INFO - Screenshot saved as 'pb2b/screenshots/bybit_page_20250821_111132.png'
2025-08-21 11:11:33 - INFO - Fetching BUY listings for USDT/EUR
2025-08-21 11:11:33 - INFO - Data successfully saved to SQLite database. New listings - Bybit: 4, Binance: 6
2025-08-21 11:11:33 - INFO - Browser session closed
2025-08-21 11:11:33 - INFO - SQLite database connection closed
2025-08-21 11:31:04 - INFO - Logging initialized. Log file: pb2b/logs/bybit_scraper_20250821.log
2025-08-21 11:31:05 - INFO - DataSaver logging initialized. Log file: pb2b/logs/data_saver_20250821.log
2025-08-21 11:31:05 - INFO - Connected to SQLite database: pb2b/p2p_listings.db
2025-08-21 11:31:05 - INFO - Database tables created successfully
2025-08-21 11:31:05 - INFO - Attempt 1/10: Loading https://www.bybit.com/fiat/trade/otc?actionType=1&token=USDT&fiat=NGN
2025-08-21 11:31:16 - INFO - Screenshot saved as 'pb2b/screenshots/bybit_page_20250821_113116.png'
2025-08-21 11:31:16 - INFO - Fetching BUY listings for USDT/EUR
2025-08-21 11:31:17 - INFO - Data successfully saved to SQLite database. New listings - Bybit: 4, Binance: 6
2025-08-21 11:31:17 - INFO - Browser session closed
2025-08-21 11:31:17 - INFO - SQLite database connection closed
2025-08-21 11:45:09 - INFO - Logging initialized. Log file: pb2b/logs/bybit_scraper_20250821.log
2025-08-21 11:45:10 - INFO - DataSaver logging initialized. Log file: pb2b/logs/data_saver_20250821.log
2025-08-21 11:45:10 - INFO - Connected to SQLite database: pb2b/p2p_listings.db
2025-08-21 11:45:10 - INFO - Database tables created successfully
2025-08-21 11:45:10 - INFO - Attempt 1/10: Loading https://www.bybit.com/fiat/trade/otc?actionType=1&token=USDT&fiat=NGN
2025-08-21 11:45:20 - INFO - Screenshot saved as 'pb2b/screenshots/bybit_page_20250821_114520.png'
2025-08-21 11:45:21 - INFO - Fetching BUY listings for USDT/EUR
2025-08-21 11:45:22 - INFO - Data successfully saved to SQLite database. New listings - Bybit: 11, Binance: 6
2025-08-21 11:45:22 - INFO - Browser session closed
2025-08-21 11:45:22 - INFO - SQLite database connection closed
2025-08-21 11:58:34 - INFO - Logging initialized. Log file: pb2b/logs/bybit_scraper_20250821.log
2025-08-21 11:58:35 - INFO - DataSaver logging initialized. Log file: pb2b/logs/data_saver_20250821.log
2025-08-21 11:58:35 - INFO - Connected to SQLite database: pb2b/p2p_listings.db
2025-08-21 11:58:35 - INFO - Database tables created successfully
2025-08-21 11:58:35 - INFO - Attempt 1/10: Loading https://www.bybit.com/fiat/trade/otc?actionType=1&token=USDT&fiat=NGN
2025-08-21 11:58:45 - INFO - Screenshot saved as 'pb2b/screenshots/bybit_page_20250821_115845.png'
2025-08-21 11:58:45 - INFO - Fetching BUY listings for USDT/EUR
2025-08-21 11:58:46 - INFO - Data successfully saved to SQLite database. New listings - Bybit: 4, Binance: 6
2025-08-21 11:58:47 - INFO - Browser session closed
2025-08-21 11:58:47 - INFO - SQLite database connection closed
2025-08-21 12:55:27 - INFO - Logging initialized. Log file: pb2b/logs/bybit_scraper_20250821.log
2025-08-21 12:55:28 - INFO - DataSaver logging initialized. Log file: pb2b/logs/data_saver_20250821.log
2025-08-21 12:55:28 - INFO - Connected to SQLite database: pb2b/p2p_listings.db
2025-08-21 12:55:28 - INFO - Database tables created successfully
2025-08-21 12:55:28 - INFO - Attempt 1/10: Loading https://www.bybit.com/fiat/trade/otc?actionType=1&token=USDT&fiat=NGN
2025-08-21 12:55:39 - INFO - Screenshot saved as 'pb2b/screenshots/bybit_page_20250821_125539.png'
2025-08-21 12:55:40 - INFO - Fetching BUY listings for USDT/EUR
2025-08-21 12:55:40 - INFO - Data successfully saved to SQLite database. New listings - Bybit: 4, Binance: 6
2025-08-21 12:55:41 - INFO - Browser session closed
2025-08-21 12:55:41 - INFO - SQLite database connection closed
2025-08-21 13:32:57 - INFO - Logging initialized. Log file: pb2b/logs/bybit_scraper_20250821.log
2025-08-21 13:32:58 - INFO - DataSaver logging initialized. Log file: pb2b/logs/data_saver_20250821.log
2025-08-21 13:32:58 - INFO - Connected to SQLite database: pb2b/p2p_listings.db
2025-08-21 13:32:58 - INFO - Database tables created successfully
2025-08-21 13:32:58 - INFO - Attempt 1/10: Loading https://www.bybit.com/fiat/trade/otc?actionType=1&token=USDT&fiat=NGN
2025-08-21 13:33:10 - INFO - Screenshot saved as 'pb2b/screenshots/bybit_page_20250821_133309.png'
2025-08-21 13:33:10 - INFO - Fetching BUY listings for USDT/EUR
2025-08-21 13:33:11 - INFO - Data successfully saved to SQLite database. New listings - Bybit: 4, Binance: 6
2025-08-21 13:33:11 - INFO - Browser session closed
2025-08-21 13:33:11 - INFO - SQLite database connection closed
2025-08-21 13:52:48 - INFO - Logging initialized. Log file: pb2b/logs/bybit_scraper_20250821.log
2025-08-21 13:52:49 - INFO - DataSaver logging initialized. Log file: pb2b/logs/data_saver_20250821.log
2025-08-21 13:52:49 - INFO - Connected to SQLite database: pb2b/p2p_listings.db
2025-08-21 13:52:49 - INFO - Database tables created successfully
2025-08-21 13:52:49 - INFO - Attempt 1/10: Loading https://www.bybit.com/fiat/trade/otc?actionType=1&token=USDT&fiat=NGN
2025-08-21 13:53:00 - INFO - Screenshot saved as 'pb2b/screenshots/bybit_page_20250821_135300.png'
2025-08-21 13:53:01 - INFO - Fetching BUY listings for USDT/EUR
2025-08-21 13:53:01 - INFO - Data successfully saved to SQLite database. New listings - Bybit: 4, Binance: 6
2025-08-21 13:53:01 - INFO - Browser session closed
2025-08-21 13:53:01 - INFO - SQLite database connection closed
2025-08-21 14:16:43 - INFO - Logging initialized. Log file: pb2b/logs/bybit_scraper_20250821.log
2025-08-21 14:16:44 - INFO - DataSaver logging initialized. Log file: pb2b/logs/data_saver_20250821.log
2025-08-21 14:16:44 - INFO - Connected to SQLite database: pb2b/p2p_listings.db
2025-08-21 14:16:44 - INFO - Database tables created successfully
2025-08-21 14:16:44 - INFO - Attempt 1/10: Loading https://www.bybit.com/fiat/trade/otc?actionType=1&token=USDT&fiat=NGN
2025-08-21 14:16:55 - INFO - Screenshot saved as 'pb2b/screenshots/bybit_page_20250821_141655.png'
2025-08-21 14:16:56 - INFO - Fetching BUY listings for USDT/EUR
2025-08-21 14:16:56 - INFO - Data successfully saved to SQLite database. New listings - Bybit: 4, Binance: 6
2025-08-21 14:16:57 - INFO - Browser session closed
2025-08-21 14:16:57 - INFO - SQLite database connection closed
2025-08-21 14:42:31 - INFO - Logging initialized. Log file: pb2b/logs/bybit_scraper_20250821.log
2025-08-21 14:42:31 - INFO - DataSaver logging initialized. Log file: pb2b/logs/data_saver_20250821.log
2025-08-21 14:42:31 - INFO - Connected to SQLite database: pb2b/p2p_listings.db
2025-08-21 14:42:31 - INFO - Database tables created successfully
2025-08-21 14:42:31 - INFO - Attempt 1/10: Loading https://www.bybit.com/fiat/trade/otc?actionType=1&token=USDT&fiat=NGN
2025-08-21 14:42:42 - INFO - Screenshot saved as 'pb2b/screenshots/bybit_page_20250821_144242.png'
2025-08-21 14:42:42 - INFO - Fetching BUY listings for USDT/EUR
2025-08-21 14:42:43 - INFO - Data successfully saved to SQLite database. New listings - Bybit: 4, Binance: 6
2025-08-21 14:42:43 - INFO - Browser session closed
2025-08-21 14:42:43 - INFO - SQLite database connection closed
2025-08-21 14:57:17 - INFO - Logging initialized. Log file: pb2b/logs/bybit_scraper_20250821.log
2025-08-21 14:57:19 - INFO - DataSaver logging initialized. Log file: pb2b/logs/data_saver_20250821.log
2025-08-21 14:57:19 - INFO - Connected to SQLite database: pb2b/p2p_listings.db
2025-08-21 14:57:19 - INFO - Database tables created successfully
2025-08-21 14:57:19 - INFO - Attempt 1/10: Loading https://www.bybit.com/fiat/trade/otc?actionType=1&token=USDT&fiat=NGN
2025-08-21 14:57:29 - INFO - Screenshot saved as 'pb2b/screenshots/bybit_page_20250821_145729.png'
2025-08-21 14:57:30 - INFO - Fetching BUY listings for USDT/EUR
2025-08-21 14:57:30 - INFO - Data successfully saved to SQLite database. New listings - Bybit: 4, Binance: 6
2025-08-21 14:57:30 - INFO - Browser session closed
2025-08-21 14:57:30 - INFO - SQLite database connection closed
2025-08-21 15:27:31 - INFO - Logging initialized. Log file: pb2b/logs/bybit_scraper_20250821.log
2025-08-21 15:27:32 - INFO - DataSaver logging initialized. Log file: pb2b/logs/data_saver_20250821.log
2025-08-21 15:27:32 - INFO - Connected to SQLite database: pb2b/p2p_listings.db
2025-08-21 15:27:32 - INFO - Database tables created successfully
2025-08-21 15:27:32 - INFO - Attempt 1/10: Loading https://www.bybit.com/fiat/trade/otc?actionType=1&token=USDT&fiat=NGN
2025-08-21 15:27:43 - INFO - Screenshot saved as 'pb2b/screenshots/bybit_page_20250821_152743.png'
2025-08-21 15:27:44 - INFO - Fetching BUY listings for USDT/EUR
2025-08-21 15:27:44 - INFO - Data successfully saved to SQLite database. New listings - Bybit: 4, Binance: 6
2025-08-21 15:27:45 - INFO - Browser session closed
2025-08-21 15:27:45 - INFO - SQLite database connection closed
2025-08-21 15:50:49 - INFO - Logging initialized. Log file: pb2b/logs/bybit_scraper_20250821.log
2025-08-21 15:50:51 - INFO - DataSaver logging initialized. Log file: pb2b/logs/data_saver_20250821.log
2025-08-21 15:50:51 - INFO - Connected to SQLite database: pb2b/p2p_listings.db
2025-08-21 15:50:51 - INFO - Database tables created successfully
2025-08-21 15:50:51 - INFO - Attempt 1/10: Loading https://www.bybit.com/fiat/trade/otc?actionType=1&token=USDT&fiat=NGN
2025-08-21 15:51:02 - INFO - Screenshot saved as 'pb2b/screenshots/bybit_page_20250821_155102.png'
2025-08-21 15:51:02 - INFO - Fetching BUY listings for USDT/EUR
2025-08-21 15:51:03 - INFO - Data successfully saved to SQLite database. New listings - Bybit: 4, Binance: 6
2025-08-21 15:51:03 - INFO - Browser session closed
2025-08-21 15:51:03 - INFO - SQLite database connection closed
2025-08-21 15:59:45 - INFO - Logging initialized. Log file: pb2b/logs/bybit_scraper_20250821.log
2025-08-21 15:59:46 - INFO - DataSaver logging initialized. Log file: pb2b/logs/data_saver_20250821.log
2025-08-21 15:59:46 - INFO - Connected to SQLite database: pb2b/p2p_listings.db
2025-08-21 15:59:46 - INFO - Database tables created successfully
2025-08-21 15:59:46 - INFO - Attempt 1/10: Loading https://www.bybit.com/fiat/trade/otc?actionType=1&token=USDT&fiat=NGN
2025-08-21 15:59:57 - INFO - Screenshot saved as 'pb2b/screenshots/bybit_page_20250821_155956.png'
2025-08-21 15:59:57 - INFO - Fetching BUY listings for USDT/EUR
2025-08-21 15:59:58 - INFO - Data successfully saved to SQLite database. New listings - Bybit: 4, Binance: 6
2025-08-21 15:59:58 - INFO - Browser session closed
2025-08-21 15:59:58 - INFO - SQLite database connection closed
2025-08-21 16:45:28 - INFO - Logging initialized. Log file: pb2b/logs/bybit_scraper_20250821.log
2025-08-21 16:45:29 - INFO - DataSaver logging initialized. Log file: pb2b/logs/data_saver_20250821.log
2025-08-21 16:45:29 - INFO - Connected to SQLite database: pb2b/p2p_listings.db
2025-08-21 16:45:29 - INFO - Database tables created successfully
2025-08-21 16:45:29 - INFO - Attempt 1/10: Loading https://www.bybit.com/fiat/trade/otc?actionType=1&token=USDT&fiat=NGN
2025-08-21 16:45:40 - INFO - Screenshot saved as 'pb2b/screenshots/bybit_page_20250821_164540.png'
2025-08-21 16:45:41 - INFO - Fetching BUY listings for USDT/EUR
2025-08-21 16:45:42 - INFO - Data successfully saved to SQLite database. New listings - Bybit: 11, Binance: 6
2025-08-21 16:45:42 - INFO - Browser session closed
2025-08-21 16:45:42 - INFO - SQLite database connection closed
2025-08-21 17:01:35 - INFO - Logging initialized. Log file: pb2b/logs/bybit_scraper_20250821.log
2025-08-21 17:01:37 - INFO - DataSaver logging initialized. Log file: pb2b/logs/data_saver_20250821.log
2025-08-21 17:01:37 - INFO - Connected to SQLite database: pb2b/p2p_listings.db
2025-08-21 17:01:37 - INFO - Database tables created successfully
2025-08-21 17:01:37 - INFO - Attempt 1/10: Loading https://www.bybit.com/fiat/trade/otc?actionType=1&token=USDT&fiat=NGN
2025-08-21 17:01:47 - INFO - Screenshot saved as 'pb2b/screenshots/bybit_page_20250821_170147.png'
2025-08-21 17:01:48 - INFO - Fetching BUY listings for USDT/EUR
2025-08-21 17:01:49 - INFO - Data successfully saved to SQLite database. New listings - Bybit: 4, Binance: 6
2025-08-21 17:01:49 - INFO - Browser session closed
2025-08-21 17:01:49 - INFO - SQLite database connection closed
2025-08-21 17:21:38 - INFO - Logging initialized. Log file: pb2b/logs/bybit_scraper_20250821.log
2025-08-21 17:21:39 - INFO - DataSaver logging initialized. Log file: pb2b/logs/data_saver_20250821.log
2025-08-21 17:21:39 - INFO - Connected to SQLite database: pb2b/p2p_listings.db
2025-08-21 17:21:39 - INFO - Database tables created successfully
2025-08-21 17:21:39 - INFO - Attempt 1/10: Loading https://www.bybit.com/fiat/trade/otc?actionType=1&token=USDT&fiat=NGN
2025-08-21 17:21:50 - INFO - Screenshot saved as 'pb2b/screenshots/bybit_page_20250821_172150.png'
2025-08-21 17:21:51 - INFO - Fetching BUY listings for USDT/EUR
2025-08-21 17:21:52 - INFO - Data successfully saved to SQLite database. New listings - Bybit: 4, Binance: 6
2025-08-21 17:21:52 - INFO - Browser session closed
2025-08-21 17:21:52 - INFO - SQLite database connection closed
2025-08-21 17:46:05 - INFO - Logging initialized. Log file: pb2b/logs/bybit_scraper_20250821.log
2025-08-21 17:46:06 - INFO - DataSaver logging initialized. Log file: pb2b/logs/data_saver_20250821.log
2025-08-21 17:46:06 - INFO - Connected to SQLite database: pb2b/p2p_listings.db
2025-08-21 17:46:06 - INFO - Database tables created successfully
2025-08-21 17:46:06 - INFO - Attempt 1/10: Loading https://www.bybit.com/fiat/trade/otc?actionType=1&token=USDT&fiat=NGN
2025-08-21 17:46:17 - INFO - Screenshot saved as 'pb2b/screenshots/bybit_page_20250821_174617.png'
2025-08-21 17:46:17 - INFO - Fetching BUY listings for USDT/EUR
2025-08-21 17:46:18 - INFO - Data successfully saved to SQLite database. New listings - Bybit: 4, Binance: 6
2025-08-21 17:46:18 - INFO - Browser session closed
2025-08-21 17:46:18 - INFO - SQLite database connection closed
2025-08-21 17:54:43 - INFO - Logging initialized. Log file: pb2b/logs/bybit_scraper_20250821.log
2025-08-21 17:54:44 - INFO - DataSaver logging initialized. Log file: pb2b/logs/data_saver_20250821.log
2025-08-21 17:54:44 - INFO - Connected to SQLite database: pb2b/p2p_listings.db
2025-08-21 17:54:44 - INFO - Database tables created successfully
2025-08-21 17:54:44 - INFO - Attempt 1/10: Loading https://www.bybit.com/fiat/trade/otc?actionType=1&token=USDT&fiat=NGN
2025-08-21 17:54:55 - INFO - Screenshot saved as 'pb2b/screenshots/bybit_page_20250821_175455.png'
2025-08-21 17:54:56 - INFO - Fetching BUY listings for USDT/EUR
2025-08-21 17:54:57 - INFO - Data successfully saved to SQLite database. New listings - Bybit: 4, Binance: 6
2025-08-21 17:54:57 - INFO - Browser session closed
2025-08-21 17:54:57 - INFO - SQLite database connection closed
2025-08-21 18:27:40 - INFO - Logging initialized. Log file: pb2b/logs/bybit_scraper_20250821.log
2025-08-21 18:27:42 - INFO - DataSaver logging initialized. Log file: pb2b/logs/data_saver_20250821.log
2025-08-21 18:27:42 - INFO - Connected to SQLite database: pb2b/p2p_listings.db
2025-08-21 18:27:42 - INFO - Database tables created successfully
2025-08-21 18:27:42 - INFO - Attempt 1/10: Loading https://www.bybit.com/fiat/trade/otc?actionType=1&token=USDT&fiat=NGN
2025-08-21 18:27:50 - INFO - Screenshot saved as 'pb2b/screenshots/bybit_page_20250821_182750.png'
2025-08-21 18:27:50 - INFO - Fetching BUY listings for USDT/EUR
2025-08-21 18:27:51 - INFO - Data successfully saved to SQLite database. New listings - Bybit: 4, Binance: 6
2025-08-21 18:27:51 - INFO - Browser session closed
2025-08-21 18:27:51 - INFO - SQLite database connection closed
2025-08-21 18:52:21 - INFO - Logging initialized. Log file: pb2b/logs/bybit_scraper_20250821.log
2025-08-21 18:52:22 - INFO - DataSaver logging initialized. Log file: pb2b/logs/data_saver_20250821.log
2025-08-21 18:52:22 - INFO - Connected to SQLite database: pb2b/p2p_listings.db
2025-08-21 18:52:22 - INFO - Database tables created successfully
2025-08-21 18:52:22 - INFO - Attempt 1/10: Loading https://www.bybit.com/fiat/trade/otc?actionType=1&token=USDT&fiat=NGN
2025-08-21 18:52:32 - INFO - Screenshot saved as 'pb2b/screenshots/bybit_page_20250821_185232.png'
2025-08-21 18:52:33 - INFO - Fetching BUY listings for USDT/EUR
2025-08-21 18:52:34 - INFO - Data successfully saved to SQLite database. New listings - Bybit: 4, Binance: 6
2025-08-21 18:52:34 - INFO - Browser session closed
2025-08-21 18:52:34 - INFO - SQLite database connection closed
2025-08-21 19:12:19 - INFO - Logging initialized. Log file: pb2b/logs/bybit_scraper_20250821.log
2025-08-21 19:12:19 - INFO - DataSaver logging initialized. Log file: pb2b/logs/data_saver_20250821.log
2025-08-21 19:12:19 - INFO - Connected to SQLite database: pb2b/p2p_listings.db
2025-08-21 19:12:19 - INFO - Database tables created successfully
2025-08-21 19:12:19 - INFO - Attempt 1/10: Loading https://www.bybit.com/fiat/trade/otc?actionType=1&token=USDT&fiat=NGN
2025-08-21 19:12:31 - INFO - Screenshot saved as 'pb2b/screenshots/bybit_page_20250821_191231.png'
2025-08-21 19:12:32 - INFO - Fetching BUY listings for USDT/EUR
2025-08-21 19:12:32 - INFO - Data successfully saved to SQLite database. New listings - Bybit: 4, Binance: 6
2025-08-21 19:12:33 - INFO - Browser session closed
2025-08-21 19:12:33 - INFO - SQLite database connection closed
2025-08-21 19:31:44 - INFO - Logging initialized. Log file: pb2b/logs/bybit_scraper_20250821.log
2025-08-21 19:31:45 - INFO - DataSaver logging initialized. Log file: pb2b/logs/data_saver_20250821.log
2025-08-21 19:31:45 - INFO - Connected to SQLite database: pb2b/p2p_listings.db
2025-08-21 19:31:45 - INFO - Database tables created successfully
2025-08-21 19:31:45 - INFO - Attempt 1/10: Loading https://www.bybit.com/fiat/trade/otc?actionType=1&token=USDT&fiat=NGN
2025-08-21 19:31:56 - INFO - Screenshot saved as 'pb2b/screenshots/bybit_page_20250821_193155.png'
2025-08-21 19:31:56 - INFO - Fetching BUY listings for USDT/EUR
2025-08-21 19:31:57 - INFO - Data successfully saved to SQLite database. New listings - Bybit: 4, Binance: 6
2025-08-21 19:31:57 - INFO - Browser session closed
2025-08-21 19:31:57 - INFO - SQLite database connection closed
2025-08-21 19:44:21 - INFO - Logging initialized. Log file: pb2b/logs/bybit_scraper_20250821.log
2025-08-21 19:44:22 - INFO - DataSaver logging initialized. Log file: pb2b/logs/data_saver_20250821.log
2025-08-21 19:44:22 - INFO - Connected to SQLite database: pb2b/p2p_listings.db
2025-08-21 19:44:22 - INFO - Database tables created successfully
2025-08-21 19:44:22 - INFO - Attempt 1/10: Loading https://www.bybit.com/fiat/trade/otc?actionType=1&token=USDT&fiat=NGN
2025-08-21 19:44:33 - INFO - Screenshot saved as 'pb2b/screenshots/bybit_page_20250821_194433.png'
2025-08-21 19:44:33 - INFO - Fetching BUY listings for USDT/EUR
2025-08-21 19:44:34 - INFO - Data successfully saved to SQLite database. New listings - Bybit: 4, Binance: 6
2025-08-21 19:44:34 - INFO - Browser session closed
2025-08-21 19:44:34 - INFO - SQLite database connection closed
2025-08-21 19:58:39 - INFO - Logging initialized. Log file: pb2b/logs/bybit_scraper_20250821.log
2025-08-21 19:58:40 - INFO - DataSaver logging initialized. Log file: pb2b/logs/data_saver_20250821.log
2025-08-21 19:58:40 - INFO - Connected to SQLite database: pb2b/p2p_listings.db
2025-08-21 19:58:40 - INFO - Database tables created successfully
2025-08-21 19:58:40 - INFO - Attempt 1/10: Loading https://www.bybit.com/fiat/trade/otc?actionType=1&token=USDT&fiat=NGN
2025-08-21 19:58:51 - INFO - Screenshot saved as 'pb2b/screenshots/bybit_page_20250821_195851.png'
2025-08-21 19:58:51 - INFO - Fetching BUY listings for USDT/EUR
2025-08-21 19:58:52 - INFO - Data successfully saved to SQLite database. New listings - Bybit: 4, Binance: 6
2025-08-21 19:58:52 - INFO - Browser session closed
2025-08-21 19:58:52 - INFO - SQLite database connection closed
2025-08-21 20:27:48 - INFO - Logging initialized. Log file: pb2b/logs/bybit_scraper_20250821.log
2025-08-21 20:27:49 - INFO - DataSaver logging initialized. Log file: pb2b/logs/data_saver_20250821.log
2025-08-21 20:27:49 - INFO - Connected to SQLite database: pb2b/p2p_listings.db
2025-08-21 20:27:49 - INFO - Database tables created successfully
2025-08-21 20:27:49 - INFO - Attempt 1/10: Loading https://www.bybit.com/fiat/trade/otc?actionType=1&token=USDT&fiat=NGN
2025-08-21 20:27:59 - INFO - Screenshot saved as 'pb2b/screenshots/bybit_page_20250821_202759.png'
2025-08-21 20:28:00 - INFO - Fetching BUY listings for USDT/EUR
2025-08-21 20:28:00 - INFO - Data successfully saved to SQLite database. New listings - Bybit: 4, Binance: 6
2025-08-21 20:28:01 - INFO - Browser session closed
2025-08-21 20:28:01 - INFO - SQLite database connection closed
2025-08-21 20:47:10 - INFO - Logging initialized. Log file: pb2b/logs/bybit_scraper_20250821.log
2025-08-21 20:47:12 - INFO - DataSaver logging initialized. Log file: pb2b/logs/data_saver_20250821.log
2025-08-21 20:47:12 - INFO - Connected to SQLite database: pb2b/p2p_listings.db
2025-08-21 20:47:12 - INFO - Database tables created successfully
2025-08-21 20:47:12 - INFO - Attempt 1/10: Loading https://www.bybit.com/fiat/trade/otc?actionType=1&token=USDT&fiat=NGN
2025-08-21 20:47:22 - INFO - Screenshot saved as 'pb2b/screenshots/bybit_page_20250821_204722.png'
2025-08-21 20:47:23 - INFO - Fetching BUY listings for USDT/EUR
2025-08-21 20:47:24 - INFO - Data successfully saved to SQLite database. New listings - Bybit: 4, Binance: 6
2025-08-21 20:47:24 - INFO - Browser session closed
2025-08-21 20:47:24 - INFO - SQLite database connection closed
2025-08-21 20:59:46 - INFO - Logging initialized. Log file: pb2b/logs/bybit_scraper_20250821.log
2025-08-21 20:59:47 - INFO - DataSaver logging initialized. Log file: pb2b/logs/data_saver_20250821.log
2025-08-21 20:59:47 - INFO - Connected to SQLite database: pb2b/p2p_listings.db
2025-08-21 20:59:47 - INFO - Database tables created successfully
2025-08-21 20:59:47 - INFO - Attempt 1/10: Loading https://www.bybit.com/fiat/trade/otc?actionType=1&token=USDT&fiat=NGN
2025-08-21 20:59:57 - INFO - Screenshot saved as 'pb2b/screenshots/bybit_page_20250821_205957.png'
2025-08-21 20:59:58 - INFO - Fetching BUY listings for USDT/EUR
2025-08-21 20:59:59 - INFO - Data successfully saved to SQLite database. New listings - Bybit: 4, Binance: 6
2025-08-21 20:59:59 - INFO - Browser session closed
2025-08-21 20:59:59 - INFO - SQLite database connection closed
2025-08-21 21:27:57 - INFO - Logging initialized. Log file: pb2b/logs/bybit_scraper_20250821.log
2025-08-21 21:27:58 - INFO - DataSaver logging initialized. Log file: pb2b/logs/data_saver_20250821.log
2025-08-21 21:27:58 - INFO - Connected to SQLite database: pb2b/p2p_listings.db
2025-08-21 21:27:58 - INFO - Database tables created successfully
2025-08-21 21:27:58 - INFO - Attempt 1/10: Loading https://www.bybit.com/fiat/trade/otc?actionType=1&token=USDT&fiat=NGN
2025-08-21 21:28:09 - INFO - Screenshot saved as 'pb2b/screenshots/bybit_page_20250821_212809.png'
2025-08-21 21:28:10 - INFO - Fetching BUY listings for USDT/EUR
2025-08-21 21:28:10 - INFO - Data successfully saved to SQLite database. New listings - Bybit: 4, Binance: 6
2025-08-21 21:28:11 - INFO - Browser session closed
2025-08-21 21:28:11 - INFO - SQLite database connection closed
