2026-04-23 01:17:14 - INFO - Logging initialized. Log file: pb2b/logs/bybit_scraper_20260423.log
2026-04-23 01:17:15 - INFO - DataSaver logging initialized. Log file: pb2b/logs/data_saver_20260423.log
2026-04-23 01:17:15 - INFO - Connected to SQLite database: pb2b/p2p_listings.db
2026-04-23 01:17:15 - INFO - Database tables created successfully
2026-04-23 01:17:15 - INFO - Attempt 1/10: Loading https://www.bybit.com/fiat/trade/otc?actionType=1&token=USDT&fiat=NGN
2026-04-23 01:17:23 - INFO - Screenshot saved as 'pb2b/screenshots/bybit_page_20260423_011723.png'
2026-04-23 01:17:23 - WARNING - Error parsing row: Message: no such element: Unable to locate element: {"method":"css selector","selector":"td:nth-child(2)"}
  (Session info: chrome=147.0.7727.116); For documentation on this error, please visit: https://www.selenium.dev/documentation/webdriver/troubleshooting/errors#nosuchelementexception
Stacktrace:
#0 0x56301a710afa <unknown>
#1 0x56301a112265 <unknown>
#2 0x56301a164f76 <unknown>
#3 0x56301a1651b1 <unknown>
#4 0x56301a159f26 <unknown>
#5 0x56301a159e07 <unknown>
#6 0x56301a1ad969 <unknown>
#7 0x56301a1585cf <unknown>
#8 0x56301a159391 <unknown>
#9 0x56301a6d5fdb <unknown>
#10 0x56301a6d8f9d <unknown>
#11 0x56301a6c2798 <unknown>
#12 0x56301a6d9b30 <unknown>
#13 0x56301a6a9210 <unknown>
#14 0x56301a6fdd48 <unknown>
#15 0x56301a6fdf18 <unknown>
#16 0x56301a70f56e <unknown>
#17 0x7fe75fc9caa4 <unknown>
#18 0x7fe75fd29c6c <unknown>

2026-04-23 01:17:23 - WARNING - Error parsing row: Message: no such element: Unable to locate element: {"method":"css selector","selector":"td:nth-child(2)"}
  (Session info: chrome=147.0.7727.116); For documentation on this error, please visit: https://www.selenium.dev/documentation/webdriver/troubleshooting/errors#nosuchelementexception
Stacktrace:
#0 0x56301a710afa <unknown>
#1 0x56301a112265 <unknown>
#2 0x56301a164f76 <unknown>
#3 0x56301a1651b1 <unknown>
#4 0x56301a159f26 <unknown>
#5 0x56301a159e07 <unknown>
#6 0x56301a1ad969 <unknown>
#7 0x56301a1585cf <unknown>
#8 0x56301a159391 <unknown>
#9 0x56301a6d5fdb <unknown>
#10 0x56301a6d8f9d <unknown>
#11 0x56301a6c2798 <unknown>
#12 0x56301a6d9b30 <unknown>
#13 0x56301a6a9210 <unknown>
#14 0x56301a6fdd48 <unknown>
#15 0x56301a6fdf18 <unknown>
#16 0x56301a70f56e <unknown>
#17 0x7fe75fc9caa4 <unknown>
#18 0x7fe75fd29c6c <unknown>

2026-04-23 01:17:24 - INFO - Fetching BUY listings for USDT/EUR
2026-04-23 01:17:25 - INFO - Data successfully saved to SQLite database. New listings - Bybit: 3, Binance: 6
2026-04-23 01:17:26 - INFO - Browser session closed
2026-04-23 01:17:26 - INFO - SQLite database connection closed
2026-04-23 04:29:11 - INFO - Logging initialized. Log file: pb2b/logs/bybit_scraper_20260423.log
2026-04-23 04:29:12 - INFO - DataSaver logging initialized. Log file: pb2b/logs/data_saver_20260423.log
2026-04-23 04:29:12 - INFO - Connected to SQLite database: pb2b/p2p_listings.db
2026-04-23 04:29:12 - INFO - Database tables created successfully
2026-04-23 04:29:12 - INFO - Attempt 1/10: Loading https://www.bybit.com/fiat/trade/otc?actionType=1&token=USDT&fiat=NGN
2026-04-23 04:29:20 - INFO - Screenshot saved as 'pb2b/screenshots/bybit_page_20260423_042919.png'
2026-04-23 04:29:20 - WARNING - Error parsing row: Message: no such element: Unable to locate element: {"method":"css selector","selector":"td:nth-child(2)"}
  (Session info: chrome=147.0.7727.116); For documentation on this error, please visit: https://www.selenium.dev/documentation/webdriver/troubleshooting/errors#nosuchelementexception
Stacktrace:
#0 0x55db2cb17b6a <unknown>
#1 0x55db2c519265 <unknown>
#2 0x55db2c56bf76 <unknown>
#3 0x55db2c56c1b1 <unknown>
#4 0x55db2c560f26 <unknown>
#5 0x55db2c560e07 <unknown>
#6 0x55db2c5b4969 <unknown>
#7 0x55db2c55f5cf <unknown>
#8 0x55db2c560391 <unknown>
#9 0x55db2cadd04b <unknown>
#10 0x55db2cae000d <unknown>
#11 0x55db2cac9808 <unknown>
#12 0x55db2cae0ba0 <unknown>
#13 0x55db2cab0280 <unknown>
#14 0x55db2cb04db8 <unknown>
#15 0x55db2cb04f88 <unknown>
#16 0x55db2cb165de <unknown>
#17 0x7f2ecb49caa4 <unknown>
#18 0x7f2ecb529c6c <unknown>

2026-04-23 04:29:20 - WARNING - Error parsing row: Message: no such element: Unable to locate element: {"method":"css selector","selector":"td:nth-child(2)"}
  (Session info: chrome=147.0.7727.116); For documentation on this error, please visit: https://www.selenium.dev/documentation/webdriver/troubleshooting/errors#nosuchelementexception
Stacktrace:
#0 0x55db2cb17b6a <unknown>
#1 0x55db2c519265 <unknown>
#2 0x55db2c56bf76 <unknown>
#3 0x55db2c56c1b1 <unknown>
#4 0x55db2c560f26 <unknown>
#5 0x55db2c560e07 <unknown>
#6 0x55db2c5b4969 <unknown>
#7 0x55db2c55f5cf <unknown>
#8 0x55db2c560391 <unknown>
#9 0x55db2cadd04b <unknown>
#10 0x55db2cae000d <unknown>
#11 0x55db2cac9808 <unknown>
#12 0x55db2cae0ba0 <unknown>
#13 0x55db2cab0280 <unknown>
#14 0x55db2cb04db8 <unknown>
#15 0x55db2cb04f88 <unknown>
#16 0x55db2cb165de <unknown>
#17 0x7f2ecb49caa4 <unknown>
#18 0x7f2ecb529c6c <unknown>

2026-04-23 04:29:20 - INFO - Fetching BUY listings for USDT/EUR
2026-04-23 04:29:21 - INFO - Data successfully saved to SQLite database. New listings - Bybit: 3, Binance: 6
2026-04-23 04:29:21 - INFO - Browser session closed
2026-04-23 04:29:21 - INFO - SQLite database connection closed
2026-04-23 06:30:29 - INFO - Logging initialized. Log file: pb2b/logs/bybit_scraper_20260423.log
2026-04-23 06:30:30 - INFO - DataSaver logging initialized. Log file: pb2b/logs/data_saver_20260423.log
2026-04-23 06:30:30 - INFO - Connected to SQLite database: pb2b/p2p_listings.db
2026-04-23 06:30:30 - INFO - Database tables created successfully
2026-04-23 06:30:30 - INFO - Attempt 1/10: Loading https://www.bybit.com/fiat/trade/otc?actionType=1&token=USDT&fiat=NGN
2026-04-23 06:30:38 - INFO - Screenshot saved as 'pb2b/screenshots/bybit_page_20260423_063038.png'
2026-04-23 06:30:38 - WARNING - Error parsing row: Message: no such element: Unable to locate element: {"method":"css selector","selector":"td:nth-child(2)"}
  (Session info: chrome=147.0.7727.116); For documentation on this error, please visit: https://www.selenium.dev/documentation/webdriver/troubleshooting/errors#nosuchelementexception
Stacktrace:
#0 0x5564a2487b6a <unknown>
#1 0x5564a1e89265 <unknown>
#2 0x5564a1edbf76 <unknown>
#3 0x5564a1edc1b1 <unknown>
#4 0x5564a1ed0f26 <unknown>
#5 0x5564a1ed0e07 <unknown>
#6 0x5564a1f24969 <unknown>
#7 0x5564a1ecf5cf <unknown>
#8 0x5564a1ed0391 <unknown>
#9 0x5564a244d04b <unknown>
#10 0x5564a245000d <unknown>
#11 0x5564a2439808 <unknown>
#12 0x5564a2450ba0 <unknown>
#13 0x5564a2420280 <unknown>
#14 0x5564a2474db8 <unknown>
#15 0x5564a2474f88 <unknown>
#16 0x5564a24865de <unknown>
#17 0x7f298c29caa4 <unknown>
#18 0x7f298c329c6c <unknown>

2026-04-23 06:30:38 - WARNING - Error parsing row: Message: no such element: Unable to locate element: {"method":"css selector","selector":"td:nth-child(2)"}
  (Session info: chrome=147.0.7727.116); For documentation on this error, please visit: https://www.selenium.dev/documentation/webdriver/troubleshooting/errors#nosuchelementexception
Stacktrace:
#0 0x5564a2487b6a <unknown>
#1 0x5564a1e89265 <unknown>
#2 0x5564a1edbf76 <unknown>
#3 0x5564a1edc1b1 <unknown>
#4 0x5564a1ed0f26 <unknown>
#5 0x5564a1ed0e07 <unknown>
#6 0x5564a1f24969 <unknown>
#7 0x5564a1ecf5cf <unknown>
#8 0x5564a1ed0391 <unknown>
#9 0x5564a244d04b <unknown>
#10 0x5564a245000d <unknown>
#11 0x5564a2439808 <unknown>
#12 0x5564a2450ba0 <unknown>
#13 0x5564a2420280 <unknown>
#14 0x5564a2474db8 <unknown>
#15 0x5564a2474f88 <unknown>
#16 0x5564a24865de <unknown>
#17 0x7f298c29caa4 <unknown>
#18 0x7f298c329c6c <unknown>

2026-04-23 06:30:39 - INFO - Fetching BUY listings for USDT/EUR
2026-04-23 06:30:39 - INFO - Data successfully saved to SQLite database. New listings - Bybit: 3, Binance: 6
2026-04-23 06:30:39 - INFO - Browser session closed
2026-04-23 06:30:39 - INFO - SQLite database connection closed
2026-04-23 08:26:02 - INFO - Logging initialized. Log file: pb2b/logs/bybit_scraper_20260423.log
2026-04-23 08:26:03 - INFO - DataSaver logging initialized. Log file: pb2b/logs/data_saver_20260423.log
2026-04-23 08:26:03 - INFO - Connected to SQLite database: pb2b/p2p_listings.db
2026-04-23 08:26:03 - INFO - Database tables created successfully
2026-04-23 08:26:03 - INFO - Attempt 1/10: Loading https://www.bybit.com/fiat/trade/otc?actionType=1&token=USDT&fiat=NGN
2026-04-23 08:26:12 - INFO - Screenshot saved as 'pb2b/screenshots/bybit_page_20260423_082612.png'
2026-04-23 08:26:13 - WARNING - Error parsing row: Message: no such element: Unable to locate element: {"method":"css selector","selector":"td:nth-child(2)"}
  (Session info: chrome=147.0.7727.116); For documentation on this error, please visit: https://www.selenium.dev/documentation/webdriver/troubleshooting/errors#nosuchelementexception
Stacktrace:
#0 0x563188469b6a <unknown>
#1 0x563187e6b265 <unknown>
#2 0x563187ebdf76 <unknown>
#3 0x563187ebe1b1 <unknown>
#4 0x563187eb2f26 <unknown>
#5 0x563187eb2e07 <unknown>
#6 0x563187f06969 <unknown>
#7 0x563187eb15cf <unknown>
#8 0x563187eb2391 <unknown>
#9 0x56318842f04b <unknown>
#10 0x56318843200d <unknown>
#11 0x56318841b808 <unknown>
#12 0x563188432ba0 <unknown>
#13 0x563188402280 <unknown>
#14 0x563188456db8 <unknown>
#15 0x563188456f88 <unknown>
#16 0x5631884685de <unknown>
#17 0x7f4ecaa9caa4 <unknown>
#18 0x7f4ecab29c6c <unknown>

2026-04-23 08:26:13 - WARNING - Error parsing row: Message: no such element: Unable to locate element: {"method":"css selector","selector":"td:nth-child(2)"}
  (Session info: chrome=147.0.7727.116); For documentation on this error, please visit: https://www.selenium.dev/documentation/webdriver/troubleshooting/errors#nosuchelementexception
Stacktrace:
#0 0x563188469b6a <unknown>
#1 0x563187e6b265 <unknown>
#2 0x563187ebdf76 <unknown>
#3 0x563187ebe1b1 <unknown>
#4 0x563187eb2f26 <unknown>
#5 0x563187eb2e07 <unknown>
#6 0x563187f06969 <unknown>
#7 0x563187eb15cf <unknown>
#8 0x563187eb2391 <unknown>
#9 0x56318842f04b <unknown>
#10 0x56318843200d <unknown>
#11 0x56318841b808 <unknown>
#12 0x563188432ba0 <unknown>
#13 0x563188402280 <unknown>
#14 0x563188456db8 <unknown>
#15 0x563188456f88 <unknown>
#16 0x5631884685de <unknown>
#17 0x7f4ecaa9caa4 <unknown>
#18 0x7f4ecab29c6c <unknown>

2026-04-23 08:26:13 - INFO - Fetching BUY listings for USDT/EUR
2026-04-23 08:26:14 - INFO - Data successfully saved to SQLite database. New listings - Bybit: 3, Binance: 6
2026-04-23 08:26:14 - INFO - Browser session closed
2026-04-23 08:26:14 - INFO - SQLite database connection closed
