2026-04-24 00:04:44 - INFO - Logging initialized. Log file: pb2b/logs/bybit_scraper_20260424.log
2026-04-24 00:04:44 - INFO - DataSaver logging initialized. Log file: pb2b/logs/data_saver_20260424.log
2026-04-24 00:04:44 - INFO - Connected to SQLite database: pb2b/p2p_listings.db
2026-04-24 00:04:44 - INFO - Database tables created successfully
2026-04-24 00:04:44 - INFO - Attempt 1/10: Loading https://www.bybit.com/fiat/trade/otc?actionType=1&token=USDT&fiat=NGN
2026-04-24 00:04:52 - INFO - Screenshot saved as 'pb2b/screenshots/bybit_page_20260424_000452.png'
2026-04-24 00:04:52 - WARNING - Error parsing row: Message: no such element: Unable to locate element: {"method":"css selector","selector":"td:nth-child(2)"}
  (Session info: chrome=147.0.7727.116); For documentation on this error, please visit: https://www.selenium.dev/documentation/webdriver/troubleshooting/errors#nosuchelementexception
Stacktrace:
#0 0x55d2cfc80b6a <unknown>
#1 0x55d2cf682265 <unknown>
#2 0x55d2cf6d4f76 <unknown>
#3 0x55d2cf6d51b1 <unknown>
#4 0x55d2cf6c9f26 <unknown>
#5 0x55d2cf6c9e07 <unknown>
#6 0x55d2cf71d969 <unknown>
#7 0x55d2cf6c85cf <unknown>
#8 0x55d2cf6c9391 <unknown>
#9 0x55d2cfc4604b <unknown>
#10 0x55d2cfc4900d <unknown>
#11 0x55d2cfc32808 <unknown>
#12 0x55d2cfc49ba0 <unknown>
#13 0x55d2cfc19280 <unknown>
#14 0x55d2cfc6ddb8 <unknown>
#15 0x55d2cfc6df88 <unknown>
#16 0x55d2cfc7f5de <unknown>
#17 0x7f740fc9caa4 <unknown>
#18 0x7f740fd29c6c <unknown>

2026-04-24 00:04:52 - WARNING - Error parsing row: Message: no such element: Unable to locate element: {"method":"css selector","selector":"td:nth-child(2)"}
  (Session info: chrome=147.0.7727.116); For documentation on this error, please visit: https://www.selenium.dev/documentation/webdriver/troubleshooting/errors#nosuchelementexception
Stacktrace:
#0 0x55d2cfc80b6a <unknown>
#1 0x55d2cf682265 <unknown>
#2 0x55d2cf6d4f76 <unknown>
#3 0x55d2cf6d51b1 <unknown>
#4 0x55d2cf6c9f26 <unknown>
#5 0x55d2cf6c9e07 <unknown>
#6 0x55d2cf71d969 <unknown>
#7 0x55d2cf6c85cf <unknown>
#8 0x55d2cf6c9391 <unknown>
#9 0x55d2cfc4604b <unknown>
#10 0x55d2cfc4900d <unknown>
#11 0x55d2cfc32808 <unknown>
#12 0x55d2cfc49ba0 <unknown>
#13 0x55d2cfc19280 <unknown>
#14 0x55d2cfc6ddb8 <unknown>
#15 0x55d2cfc6df88 <unknown>
#16 0x55d2cfc7f5de <unknown>
#17 0x7f740fc9caa4 <unknown>
#18 0x7f740fd29c6c <unknown>

2026-04-24 00:04:53 - INFO - Fetching BUY listings for USDT/EUR
2026-04-24 00:04:54 - INFO - Data successfully saved to SQLite database. New listings - Bybit: 3, Binance: 6
2026-04-24 00:04:54 - INFO - Browser session closed
2026-04-24 00:04:54 - INFO - SQLite database connection closed
2026-04-24 03:49:46 - INFO - Logging initialized. Log file: pb2b/logs/bybit_scraper_20260424.log
2026-04-24 03:49:46 - INFO - DataSaver logging initialized. Log file: pb2b/logs/data_saver_20260424.log
2026-04-24 03:49:46 - INFO - Connected to SQLite database: pb2b/p2p_listings.db
2026-04-24 03:49:46 - INFO - Database tables created successfully
2026-04-24 03:49:46 - INFO - Attempt 1/10: Loading https://www.bybit.com/fiat/trade/otc?actionType=1&token=USDT&fiat=NGN
2026-04-24 03:49:54 - INFO - Screenshot saved as 'pb2b/screenshots/bybit_page_20260424_034954.png'
2026-04-24 03:49:54 - WARNING - Error parsing row: Message: no such element: Unable to locate element: {"method":"css selector","selector":"td:nth-child(2)"}
  (Session info: chrome=147.0.7727.116); For documentation on this error, please visit: https://www.selenium.dev/documentation/webdriver/troubleshooting/errors#nosuchelementexception
Stacktrace:
#0 0x560af15e9b6a <unknown>
#1 0x560af0feb265 <unknown>
#2 0x560af103df76 <unknown>
#3 0x560af103e1b1 <unknown>
#4 0x560af1032f26 <unknown>
#5 0x560af1032e07 <unknown>
#6 0x560af1086969 <unknown>
#7 0x560af10315cf <unknown>
#8 0x560af1032391 <unknown>
#9 0x560af15af04b <unknown>
#10 0x560af15b200d <unknown>
#11 0x560af159b808 <unknown>
#12 0x560af15b2ba0 <unknown>
#13 0x560af1582280 <unknown>
#14 0x560af15d6db8 <unknown>
#15 0x560af15d6f88 <unknown>
#16 0x560af15e85de <unknown>
#17 0x7f04c7a9caa4 <unknown>
#18 0x7f04c7b29c6c <unknown>

2026-04-24 03:49:55 - WARNING - Error parsing row: Message: no such element: Unable to locate element: {"method":"css selector","selector":"td:nth-child(2)"}
  (Session info: chrome=147.0.7727.116); For documentation on this error, please visit: https://www.selenium.dev/documentation/webdriver/troubleshooting/errors#nosuchelementexception
Stacktrace:
#0 0x560af15e9b6a <unknown>
#1 0x560af0feb265 <unknown>
#2 0x560af103df76 <unknown>
#3 0x560af103e1b1 <unknown>
#4 0x560af1032f26 <unknown>
#5 0x560af1032e07 <unknown>
#6 0x560af1086969 <unknown>
#7 0x560af10315cf <unknown>
#8 0x560af1032391 <unknown>
#9 0x560af15af04b <unknown>
#10 0x560af15b200d <unknown>
#11 0x560af159b808 <unknown>
#12 0x560af15b2ba0 <unknown>
#13 0x560af1582280 <unknown>
#14 0x560af15d6db8 <unknown>
#15 0x560af15d6f88 <unknown>
#16 0x560af15e85de <unknown>
#17 0x7f04c7a9caa4 <unknown>
#18 0x7f04c7b29c6c <unknown>

2026-04-24 03:49:56 - INFO - Fetching BUY listings for USDT/EUR
2026-04-24 03:49:56 - INFO - Data successfully saved to SQLite database. New listings - Bybit: 3, Binance: 6
2026-04-24 03:49:56 - INFO - Browser session closed
2026-04-24 03:49:56 - INFO - SQLite database connection closed
