2026-04-07 02:10:03 - INFO - Logging initialized. Log file: pb2b/logs/bybit_scraper_20260407.log
2026-04-07 02:10:04 - INFO - DataSaver logging initialized. Log file: pb2b/logs/data_saver_20260407.log
2026-04-07 02:10:04 - INFO - Connected to SQLite database: pb2b/p2p_listings.db
2026-04-07 02:10:04 - INFO - Database tables created successfully
2026-04-07 02:10:04 - INFO - Attempt 1/10: Loading https://www.bybit.com/fiat/trade/otc?actionType=1&token=USDT&fiat=NGN
2026-04-07 02:10:11 - INFO - Screenshot saved as 'pb2b/screenshots/bybit_page_20260407_021011.png'
2026-04-07 02:10:11 - WARNING - Error parsing row: Message: no such element: Unable to locate element: {"method":"css selector","selector":"td:nth-child(2)"}
  (Session info: chrome=146.0.7680.177); For documentation on this error, please visit: https://www.selenium.dev/documentation/webdriver/troubleshooting/errors#nosuchelementexception
Stacktrace:
#0 0x55feb1040a6a <unknown>
#1 0x55feb0a4fab5 <unknown>
#2 0x55feb0aa2676 <unknown>
#3 0x55feb0aa28b1 <unknown>
#4 0x55feb0a97616 <unknown>
#5 0x55feb0a974f7 <unknown>
#6 0x55feb0aea7b6 <unknown>
#7 0x55feb0a95cbf <unknown>
#8 0x55feb0a96a81 <unknown>
#9 0x55feb1006a64 <unknown>
#10 0x55feb1009951 <unknown>
#11 0x55feb0ff321e <unknown>
#12 0x55feb100a51e <unknown>
#13 0x55feb0fd9be0 <unknown>
#14 0x55feb102d9b8 <unknown>
#15 0x55feb102db88 <unknown>
#16 0x55feb103f4de <unknown>
#17 0x7f6b2589caa4 <unknown>
#18 0x7f6b25929c6c <unknown>

2026-04-07 02:10:11 - WARNING - Error parsing row: Message: no such element: Unable to locate element: {"method":"css selector","selector":"td:nth-child(2)"}
  (Session info: chrome=146.0.7680.177); For documentation on this error, please visit: https://www.selenium.dev/documentation/webdriver/troubleshooting/errors#nosuchelementexception
Stacktrace:
#0 0x55feb1040a6a <unknown>
#1 0x55feb0a4fab5 <unknown>
#2 0x55feb0aa2676 <unknown>
#3 0x55feb0aa28b1 <unknown>
#4 0x55feb0a97616 <unknown>
#5 0x55feb0a974f7 <unknown>
#6 0x55feb0aea7b6 <unknown>
#7 0x55feb0a95cbf <unknown>
#8 0x55feb0a96a81 <unknown>
#9 0x55feb1006a64 <unknown>
#10 0x55feb1009951 <unknown>
#11 0x55feb0ff321e <unknown>
#12 0x55feb100a51e <unknown>
#13 0x55feb0fd9be0 <unknown>
#14 0x55feb102d9b8 <unknown>
#15 0x55feb102db88 <unknown>
#16 0x55feb103f4de <unknown>
#17 0x7f6b2589caa4 <unknown>
#18 0x7f6b25929c6c <unknown>

2026-04-07 02:10:11 - INFO - Fetching BUY listings for USDT/EUR
2026-04-07 02:10:12 - INFO - Data successfully saved to SQLite database. New listings - Bybit: 4, Binance: 6
2026-04-07 02:10:12 - INFO - Browser session closed
2026-04-07 02:10:12 - INFO - SQLite database connection closed
