2025-02-13 00:45:30 - INFO - Logging initialized. Log file: pb2b/logs/bybit_scraper_20250213.log
2025-02-13 00:45:30 - INFO - DataSaver logging initialized. Log file: pb2b/logs/data_saver_20250213.log
2025-02-13 00:45:30 - INFO - Connected to SQLite database: pb2b/p2p_listings.db
2025-02-13 00:45:30 - INFO - Database tables created successfully
2025-02-13 00:45:30 - INFO - Attempt 1/10: Loading https://www.bybit.com/fiat/trade/otc?actionType=1&token=USDT&fiat=NGN
2025-02-13 00:45:41 - INFO - Screenshot saved as 'pb2b/screenshots/bybit_page_20250213_004541.png'
2025-02-13 00:45:41 - INFO - Fetching BUY listings for USDT/EUR
2025-02-13 00:45:42 - INFO - Data successfully saved to SQLite database. New listings - Bybit: 4, Binance: 6
2025-02-13 00:45:42 - INFO - Browser session closed
2025-02-13 00:45:42 - INFO - SQLite database connection closed
2025-02-13 02:08:59 - INFO - Logging initialized. Log file: pb2b/logs/bybit_scraper_20250213.log
2025-02-13 02:09:00 - INFO - DataSaver logging initialized. Log file: pb2b/logs/data_saver_20250213.log
2025-02-13 02:09:00 - INFO - Connected to SQLite database: pb2b/p2p_listings.db
2025-02-13 02:09:00 - INFO - Database tables created successfully
2025-02-13 02:09:00 - INFO - Attempt 1/10: Loading https://www.bybit.com/fiat/trade/otc?actionType=1&token=USDT&fiat=NGN
2025-02-13 02:09:12 - INFO - Screenshot saved as 'pb2b/screenshots/bybit_page_20250213_020912.png'
2025-02-13 02:09:12 - INFO - Fetching BUY listings for USDT/EUR
2025-02-13 02:09:13 - INFO - Data successfully saved to SQLite database. New listings - Bybit: 4, Binance: 6
2025-02-13 02:09:13 - INFO - Browser session closed
2025-02-13 02:09:13 - INFO - SQLite database connection closed
2025-02-13 02:56:51 - INFO - Logging initialized. Log file: pb2b/logs/bybit_scraper_20250213.log
2025-02-13 02:56:52 - INFO - DataSaver logging initialized. Log file: pb2b/logs/data_saver_20250213.log
2025-02-13 02:56:52 - INFO - Connected to SQLite database: pb2b/p2p_listings.db
2025-02-13 02:56:52 - INFO - Database tables created successfully
2025-02-13 02:56:52 - INFO - Attempt 1/10: Loading https://www.bybit.com/fiat/trade/otc?actionType=1&token=USDT&fiat=NGN
2025-02-13 02:57:06 - INFO - Screenshot saved as 'pb2b/screenshots/bybit_page_20250213_025706.png'
2025-02-13 02:57:06 - INFO - Fetching BUY listings for USDT/EUR
2025-02-13 02:57:07 - INFO - Data successfully saved to SQLite database. New listings - Bybit: 4, Binance: 6
2025-02-13 02:57:07 - INFO - Browser session closed
2025-02-13 02:57:07 - INFO - SQLite database connection closed
