2026-01-10 01:14:18 - INFO - Logging initialized. Log file: pb2b/logs/bybit_scraper_20260110.log
2026-01-10 01:14:20 - INFO - DataSaver logging initialized. Log file: pb2b/logs/data_saver_20260110.log
2026-01-10 01:14:20 - INFO - Connected to SQLite database: pb2b/p2p_listings.db
2026-01-10 01:14:20 - INFO - Database tables created successfully
2026-01-10 01:14:20 - INFO - Attempt 1/10: Loading https://www.bybit.com/fiat/trade/otc?actionType=1&token=USDT&fiat=NGN
2026-01-10 01:14:30 - INFO - Screenshot saved as 'pb2b/screenshots/bybit_page_20260110_011430.png'
2026-01-10 01:14:30 - WARNING - Error parsing row: Message: no such element: Unable to locate element: {"method":"css selector","selector":"td:nth-child(2)"}
  (Session info: chrome=143.0.7499.192); For documentation on this error, please visit: https://www.selenium.dev/documentation/webdriver/troubleshooting/errors#nosuchelementexception
Stacktrace:
#0 0x55fda13e961a <unknown>
#1 0x55fda0e6620b <unknown>
#2 0x55fda0eb790f <unknown>
#3 0x55fda0eb7b51 <unknown>
#4 0x55fda0eabb76 <unknown>
#5 0x55fda0eaba67 <unknown>
#6 0x55fda0f0320e <unknown>
#7 0x55fda0eaa232 <unknown>
#8 0x55fda0eaaee1 <unknown>
#9 0x55fda13b23f9 <unknown>
#10 0x55fda13b534d <unknown>
#11 0x55fda139b122 <unknown>
#12 0x55fda13b5f2b <unknown>
#13 0x55fda1381c30 <unknown>
#14 0x55fda13d6d78 <unknown>
#15 0x55fda13d6f4c <unknown>
#16 0x55fda13e8973 <unknown>
#17 0x7faf8589caa4 <unknown>
#18 0x7faf85929c6c <unknown>

2026-01-10 01:14:31 - INFO - Fetching BUY listings for USDT/EUR
2026-01-10 01:14:31 - INFO - Data successfully saved to SQLite database. New listings - Bybit: 5, Binance: 6
2026-01-10 01:14:31 - INFO - Browser session closed
2026-01-10 01:14:31 - INFO - SQLite database connection closed
2026-01-10 03:04:22 - INFO - Logging initialized. Log file: pb2b/logs/bybit_scraper_20260110.log
2026-01-10 03:04:23 - INFO - DataSaver logging initialized. Log file: pb2b/logs/data_saver_20260110.log
2026-01-10 03:04:23 - INFO - Connected to SQLite database: pb2b/p2p_listings.db
2026-01-10 03:04:23 - INFO - Database tables created successfully
2026-01-10 03:04:23 - INFO - Attempt 1/10: Loading https://www.bybit.com/fiat/trade/otc?actionType=1&token=USDT&fiat=NGN
2026-01-10 03:04:32 - INFO - Screenshot saved as 'pb2b/screenshots/bybit_page_20260110_030432.png'
2026-01-10 03:04:32 - WARNING - Error parsing row: Message: no such element: Unable to locate element: {"method":"css selector","selector":"td:nth-child(2)"}
  (Session info: chrome=143.0.7499.192); For documentation on this error, please visit: https://www.selenium.dev/documentation/webdriver/troubleshooting/errors#nosuchelementexception
Stacktrace:
#0 0x562ed2a9e61a <unknown>
#1 0x562ed251b20b <unknown>
#2 0x562ed256c90f <unknown>
#3 0x562ed256cb51 <unknown>
#4 0x562ed2560b76 <unknown>
#5 0x562ed2560a67 <unknown>
#6 0x562ed25b820e <unknown>
#7 0x562ed255f232 <unknown>
#8 0x562ed255fee1 <unknown>
#9 0x562ed2a673f9 <unknown>
#10 0x562ed2a6a34d <unknown>
#11 0x562ed2a50122 <unknown>
#12 0x562ed2a6af2b <unknown>
#13 0x562ed2a36c30 <unknown>
#14 0x562ed2a8bd78 <unknown>
#15 0x562ed2a8bf4c <unknown>
#16 0x562ed2a9d973 <unknown>
#17 0x7fe6ad09caa4 <unknown>
#18 0x7fe6ad129c6c <unknown>

2026-01-10 03:04:33 - INFO - Fetching BUY listings for USDT/EUR
2026-01-10 03:04:33 - INFO - Data successfully saved to SQLite database. New listings - Bybit: 5, Binance: 6
2026-01-10 03:04:34 - INFO - Browser session closed
2026-01-10 03:04:34 - INFO - SQLite database connection closed
2026-01-10 04:06:23 - INFO - Logging initialized. Log file: pb2b/logs/bybit_scraper_20260110.log
2026-01-10 04:06:25 - INFO - DataSaver logging initialized. Log file: pb2b/logs/data_saver_20260110.log
2026-01-10 04:06:25 - INFO - Connected to SQLite database: pb2b/p2p_listings.db
2026-01-10 04:06:25 - INFO - Database tables created successfully
2026-01-10 04:06:25 - INFO - Attempt 1/10: Loading https://www.bybit.com/fiat/trade/otc?actionType=1&token=USDT&fiat=NGN
2026-01-10 04:06:36 - INFO - Screenshot saved as 'pb2b/screenshots/bybit_page_20260110_040636.png'
2026-01-10 04:06:37 - WARNING - Error parsing row: Message: no such element: Unable to locate element: {"method":"css selector","selector":"td:nth-child(2)"}
  (Session info: chrome=143.0.7499.192); For documentation on this error, please visit: https://www.selenium.dev/documentation/webdriver/troubleshooting/errors#nosuchelementexception
Stacktrace:
#0 0x5605664d261a <unknown>
#1 0x560565f4f20b <unknown>
#2 0x560565fa090f <unknown>
#3 0x560565fa0b51 <unknown>
#4 0x560565f94b76 <unknown>
#5 0x560565f94a67 <unknown>
#6 0x560565fec20e <unknown>
#7 0x560565f93232 <unknown>
#8 0x560565f93ee1 <unknown>
#9 0x56056649b3f9 <unknown>
#10 0x56056649e34d <unknown>
#11 0x560566484122 <unknown>
#12 0x56056649ef2b <unknown>
#13 0x56056646ac30 <unknown>
#14 0x5605664bfd78 <unknown>
#15 0x5605664bff4c <unknown>
#16 0x5605664d1973 <unknown>
#17 0x7f713d69caa4 <unknown>
#18 0x7f713d729c6c <unknown>

2026-01-10 04:06:37 - INFO - Fetching BUY listings for USDT/EUR
2026-01-10 04:06:38 - INFO - Data successfully saved to SQLite database. New listings - Bybit: 5, Binance: 6
2026-01-10 04:06:38 - INFO - Browser session closed
2026-01-10 04:06:38 - INFO - SQLite database connection closed
2026-01-10 04:49:40 - INFO - Logging initialized. Log file: pb2b/logs/bybit_scraper_20260110.log
2026-01-10 04:49:41 - INFO - DataSaver logging initialized. Log file: pb2b/logs/data_saver_20260110.log
2026-01-10 04:49:41 - INFO - Connected to SQLite database: pb2b/p2p_listings.db
2026-01-10 04:49:41 - INFO - Database tables created successfully
2026-01-10 04:49:41 - INFO - Attempt 1/10: Loading https://www.bybit.com/fiat/trade/otc?actionType=1&token=USDT&fiat=NGN
2026-01-10 04:49:51 - INFO - Screenshot saved as 'pb2b/screenshots/bybit_page_20260110_044951.png'
2026-01-10 04:49:51 - WARNING - Error parsing row: Message: no such element: Unable to locate element: {"method":"css selector","selector":"td:nth-child(2)"}
  (Session info: chrome=143.0.7499.192); For documentation on this error, please visit: https://www.selenium.dev/documentation/webdriver/troubleshooting/errors#nosuchelementexception
Stacktrace:
#0 0x556e8166961a <unknown>
#1 0x556e810e620b <unknown>
#2 0x556e8113790f <unknown>
#3 0x556e81137b51 <unknown>
#4 0x556e8112bb76 <unknown>
#5 0x556e8112ba67 <unknown>
#6 0x556e8118320e <unknown>
#7 0x556e8112a232 <unknown>
#8 0x556e8112aee1 <unknown>
#9 0x556e816323f9 <unknown>
#10 0x556e8163534d <unknown>
#11 0x556e8161b122 <unknown>
#12 0x556e81635f2b <unknown>
#13 0x556e81601c30 <unknown>
#14 0x556e81656d78 <unknown>
#15 0x556e81656f4c <unknown>
#16 0x556e81668973 <unknown>
#17 0x7fade749caa4 <unknown>
#18 0x7fade7529c6c <unknown>

2026-01-10 04:49:51 - INFO - Fetching BUY listings for USDT/EUR
2026-01-10 04:49:52 - INFO - Data successfully saved to SQLite database. New listings - Bybit: 5, Binance: 6
2026-01-10 04:49:52 - INFO - Browser session closed
2026-01-10 04:49:52 - INFO - SQLite database connection closed
2026-01-10 05:06:17 - INFO - Logging initialized. Log file: pb2b/logs/bybit_scraper_20260110.log
2026-01-10 05:06:19 - INFO - DataSaver logging initialized. Log file: pb2b/logs/data_saver_20260110.log
2026-01-10 05:06:19 - INFO - Connected to SQLite database: pb2b/p2p_listings.db
2026-01-10 05:06:19 - INFO - Database tables created successfully
2026-01-10 05:06:19 - INFO - Attempt 1/10: Loading https://www.bybit.com/fiat/trade/otc?actionType=1&token=USDT&fiat=NGN
2026-01-10 05:06:26 - INFO - Screenshot saved as 'pb2b/screenshots/bybit_page_20260110_050626.png'
2026-01-10 05:06:26 - WARNING - Error parsing row: Message: no such element: Unable to locate element: {"method":"css selector","selector":"td:nth-child(2)"}
  (Session info: chrome=143.0.7499.192); For documentation on this error, please visit: https://www.selenium.dev/documentation/webdriver/troubleshooting/errors#nosuchelementexception
Stacktrace:
#0 0x5601bce1f61a <unknown>
#1 0x5601bc89c20b <unknown>
#2 0x5601bc8ed90f <unknown>
#3 0x5601bc8edb51 <unknown>
#4 0x5601bc8e1b76 <unknown>
#5 0x5601bc8e1a67 <unknown>
#6 0x5601bc93920e <unknown>
#7 0x5601bc8e0232 <unknown>
#8 0x5601bc8e0ee1 <unknown>
#9 0x5601bcde83f9 <unknown>
#10 0x5601bcdeb34d <unknown>
#11 0x5601bcdd1122 <unknown>
#12 0x5601bcdebf2b <unknown>
#13 0x5601bcdb7c30 <unknown>
#14 0x5601bce0cd78 <unknown>
#15 0x5601bce0cf4c <unknown>
#16 0x5601bce1e973 <unknown>
#17 0x7f027e09caa4 <unknown>
#18 0x7f027e129c6c <unknown>

2026-01-10 05:06:27 - INFO - Fetching BUY listings for USDT/EUR
2026-01-10 05:06:27 - INFO - Data successfully saved to SQLite database. New listings - Bybit: 5, Binance: 6
2026-01-10 05:06:27 - INFO - Browser session closed
2026-01-10 05:06:27 - INFO - SQLite database connection closed
2026-01-10 05:38:54 - INFO - Logging initialized. Log file: pb2b/logs/bybit_scraper_20260110.log
2026-01-10 05:38:56 - INFO - DataSaver logging initialized. Log file: pb2b/logs/data_saver_20260110.log
2026-01-10 05:38:56 - INFO - Connected to SQLite database: pb2b/p2p_listings.db
2026-01-10 05:38:56 - INFO - Database tables created successfully
2026-01-10 05:38:56 - INFO - Attempt 1/10: Loading https://www.bybit.com/fiat/trade/otc?actionType=1&token=USDT&fiat=NGN
2026-01-10 05:39:08 - INFO - Screenshot saved as 'pb2b/screenshots/bybit_page_20260110_053907.png'
2026-01-10 05:39:08 - WARNING - Error parsing row: Message: no such element: Unable to locate element: {"method":"css selector","selector":"td:nth-child(2)"}
  (Session info: chrome=143.0.7499.192); For documentation on this error, please visit: https://www.selenium.dev/documentation/webdriver/troubleshooting/errors#nosuchelementexception
Stacktrace:
#0 0x55d85ba8c61a <unknown>
#1 0x55d85b50920b <unknown>
#2 0x55d85b55a90f <unknown>
#3 0x55d85b55ab51 <unknown>
#4 0x55d85b54eb76 <unknown>
#5 0x55d85b54ea67 <unknown>
#6 0x55d85b5a620e <unknown>
#7 0x55d85b54d232 <unknown>
#8 0x55d85b54dee1 <unknown>
#9 0x55d85ba553f9 <unknown>
#10 0x55d85ba5834d <unknown>
#11 0x55d85ba3e122 <unknown>
#12 0x55d85ba58f2b <unknown>
#13 0x55d85ba24c30 <unknown>
#14 0x55d85ba79d78 <unknown>
#15 0x55d85ba79f4c <unknown>
#16 0x55d85ba8b973 <unknown>
#17 0x7f5d2dc9caa4 <unknown>
#18 0x7f5d2dd29c6c <unknown>

2026-01-10 05:39:08 - INFO - Fetching BUY listings for USDT/EUR
2026-01-10 05:39:09 - INFO - Data successfully saved to SQLite database. New listings - Bybit: 5, Binance: 6
2026-01-10 05:39:09 - INFO - Browser session closed
2026-01-10 05:39:09 - INFO - SQLite database connection closed
2026-01-10 05:55:56 - INFO - Logging initialized. Log file: pb2b/logs/bybit_scraper_20260110.log
2026-01-10 05:55:57 - INFO - DataSaver logging initialized. Log file: pb2b/logs/data_saver_20260110.log
2026-01-10 05:55:57 - INFO - Connected to SQLite database: pb2b/p2p_listings.db
2026-01-10 05:55:57 - INFO - Database tables created successfully
2026-01-10 05:55:57 - INFO - Attempt 1/10: Loading https://www.bybit.com/fiat/trade/otc?actionType=1&token=USDT&fiat=NGN
2026-01-10 05:56:08 - INFO - Screenshot saved as 'pb2b/screenshots/bybit_page_20260110_055608.png'
2026-01-10 05:56:08 - WARNING - Error parsing row: Message: no such element: Unable to locate element: {"method":"css selector","selector":"td:nth-child(2)"}
  (Session info: chrome=143.0.7499.192); For documentation on this error, please visit: https://www.selenium.dev/documentation/webdriver/troubleshooting/errors#nosuchelementexception
Stacktrace:
#0 0x5624ef07361a <unknown>
#1 0x5624eeaf020b <unknown>
#2 0x5624eeb4190f <unknown>
#3 0x5624eeb41b51 <unknown>
#4 0x5624eeb35b76 <unknown>
#5 0x5624eeb35a67 <unknown>
#6 0x5624eeb8d20e <unknown>
#7 0x5624eeb34232 <unknown>
#8 0x5624eeb34ee1 <unknown>
#9 0x5624ef03c3f9 <unknown>
#10 0x5624ef03f34d <unknown>
#11 0x5624ef025122 <unknown>
#12 0x5624ef03ff2b <unknown>
#13 0x5624ef00bc30 <unknown>
#14 0x5624ef060d78 <unknown>
#15 0x5624ef060f4c <unknown>
#16 0x5624ef072973 <unknown>
#17 0x7f7925e9caa4 <unknown>
#18 0x7f7925f29c6c <unknown>

2026-01-10 05:56:08 - INFO - Fetching BUY listings for USDT/EUR
2026-01-10 05:56:09 - INFO - Data successfully saved to SQLite database. New listings - Bybit: 5, Binance: 6
2026-01-10 05:56:09 - INFO - Browser session closed
2026-01-10 05:56:09 - INFO - SQLite database connection closed
2026-01-10 06:29:02 - INFO - Logging initialized. Log file: pb2b/logs/bybit_scraper_20260110.log
2026-01-10 06:29:03 - INFO - DataSaver logging initialized. Log file: pb2b/logs/data_saver_20260110.log
2026-01-10 06:29:03 - INFO - Connected to SQLite database: pb2b/p2p_listings.db
2026-01-10 06:29:03 - INFO - Database tables created successfully
2026-01-10 06:29:03 - INFO - Attempt 1/10: Loading https://www.bybit.com/fiat/trade/otc?actionType=1&token=USDT&fiat=NGN
2026-01-10 06:29:13 - INFO - Screenshot saved as 'pb2b/screenshots/bybit_page_20260110_062913.png'
2026-01-10 06:29:13 - WARNING - Error parsing row: Message: no such element: Unable to locate element: {"method":"css selector","selector":"td:nth-child(2)"}
  (Session info: chrome=143.0.7499.192); For documentation on this error, please visit: https://www.selenium.dev/documentation/webdriver/troubleshooting/errors#nosuchelementexception
Stacktrace:
#0 0x55f30183a61a <unknown>
#1 0x55f3012b720b <unknown>
#2 0x55f30130890f <unknown>
#3 0x55f301308b51 <unknown>
#4 0x55f3012fcb76 <unknown>
#5 0x55f3012fca67 <unknown>
#6 0x55f30135420e <unknown>
#7 0x55f3012fb232 <unknown>
#8 0x55f3012fbee1 <unknown>
#9 0x55f3018033f9 <unknown>
#10 0x55f30180634d <unknown>
#11 0x55f3017ec122 <unknown>
#12 0x55f301806f2b <unknown>
#13 0x55f3017d2c30 <unknown>
#14 0x55f301827d78 <unknown>
#15 0x55f301827f4c <unknown>
#16 0x55f301839973 <unknown>
#17 0x7f804369caa4 <unknown>
#18 0x7f8043729c6c <unknown>

2026-01-10 06:29:14 - INFO - Fetching BUY listings for USDT/EUR
2026-01-10 06:29:15 - INFO - Data successfully saved to SQLite database. New listings - Bybit: 5, Binance: 6
2026-01-10 06:29:15 - INFO - Browser session closed
2026-01-10 06:29:15 - INFO - SQLite database connection closed
2026-01-10 06:57:59 - INFO - Logging initialized. Log file: pb2b/logs/bybit_scraper_20260110.log
2026-01-10 06:58:00 - INFO - DataSaver logging initialized. Log file: pb2b/logs/data_saver_20260110.log
2026-01-10 06:58:00 - INFO - Connected to SQLite database: pb2b/p2p_listings.db
2026-01-10 06:58:00 - INFO - Database tables created successfully
2026-01-10 06:58:00 - INFO - Attempt 1/10: Loading https://www.bybit.com/fiat/trade/otc?actionType=1&token=USDT&fiat=NGN
2026-01-10 06:58:11 - INFO - Screenshot saved as 'pb2b/screenshots/bybit_page_20260110_065811.png'
2026-01-10 06:58:11 - WARNING - Error parsing row: Message: no such element: Unable to locate element: {"method":"css selector","selector":"td:nth-child(2)"}
  (Session info: chrome=143.0.7499.192); For documentation on this error, please visit: https://www.selenium.dev/documentation/webdriver/troubleshooting/errors#nosuchelementexception
Stacktrace:
#0 0x55eb0257b61a <unknown>
#1 0x55eb01ff820b <unknown>
#2 0x55eb0204990f <unknown>
#3 0x55eb02049b51 <unknown>
#4 0x55eb0203db76 <unknown>
#5 0x55eb0203da67 <unknown>
#6 0x55eb0209520e <unknown>
#7 0x55eb0203c232 <unknown>
#8 0x55eb0203cee1 <unknown>
#9 0x55eb025443f9 <unknown>
#10 0x55eb0254734d <unknown>
#11 0x55eb0252d122 <unknown>
#12 0x55eb02547f2b <unknown>
#13 0x55eb02513c30 <unknown>
#14 0x55eb02568d78 <unknown>
#15 0x55eb02568f4c <unknown>
#16 0x55eb0257a973 <unknown>
#17 0x7fc6fce9caa4 <unknown>
#18 0x7fc6fcf29c6c <unknown>

2026-01-10 06:58:11 - INFO - Fetching BUY listings for USDT/EUR
2026-01-10 06:58:12 - INFO - Data successfully saved to SQLite database. New listings - Bybit: 5, Binance: 6
2026-01-10 06:58:12 - INFO - Browser session closed
2026-01-10 06:58:12 - INFO - SQLite database connection closed
2026-01-10 07:25:25 - INFO - Logging initialized. Log file: pb2b/logs/bybit_scraper_20260110.log
2026-01-10 07:25:26 - INFO - DataSaver logging initialized. Log file: pb2b/logs/data_saver_20260110.log
2026-01-10 07:25:26 - INFO - Connected to SQLite database: pb2b/p2p_listings.db
2026-01-10 07:25:26 - INFO - Database tables created successfully
2026-01-10 07:25:26 - INFO - Attempt 1/10: Loading https://www.bybit.com/fiat/trade/otc?actionType=1&token=USDT&fiat=NGN
2026-01-10 07:25:36 - INFO - Screenshot saved as 'pb2b/screenshots/bybit_page_20260110_072536.png'
2026-01-10 07:25:36 - WARNING - Error parsing row: Message: no such element: Unable to locate element: {"method":"css selector","selector":"td:nth-child(2)"}
  (Session info: chrome=143.0.7499.192); For documentation on this error, please visit: https://www.selenium.dev/documentation/webdriver/troubleshooting/errors#nosuchelementexception
Stacktrace:
#0 0x5558186cc61a <unknown>
#1 0x55581814920b <unknown>
#2 0x55581819a90f <unknown>
#3 0x55581819ab51 <unknown>
#4 0x55581818eb76 <unknown>
#5 0x55581818ea67 <unknown>
#6 0x5558181e620e <unknown>
#7 0x55581818d232 <unknown>
#8 0x55581818dee1 <unknown>
#9 0x5558186953f9 <unknown>
#10 0x55581869834d <unknown>
#11 0x55581867e122 <unknown>
#12 0x555818698f2b <unknown>
#13 0x555818664c30 <unknown>
#14 0x5558186b9d78 <unknown>
#15 0x5558186b9f4c <unknown>
#16 0x5558186cb973 <unknown>
#17 0x7efce4a9caa4 <unknown>
#18 0x7efce4b29c6c <unknown>

2026-01-10 07:25:37 - INFO - Fetching BUY listings for USDT/EUR
2026-01-10 07:25:37 - INFO - Data successfully saved to SQLite database. New listings - Bybit: 5, Binance: 6
2026-01-10 07:25:37 - INFO - Browser session closed
2026-01-10 07:25:37 - INFO - SQLite database connection closed
2026-01-10 07:43:25 - INFO - Logging initialized. Log file: pb2b/logs/bybit_scraper_20260110.log
2026-01-10 07:43:28 - INFO - DataSaver logging initialized. Log file: pb2b/logs/data_saver_20260110.log
2026-01-10 07:43:28 - INFO - Connected to SQLite database: pb2b/p2p_listings.db
2026-01-10 07:43:28 - INFO - Database tables created successfully
2026-01-10 07:43:28 - INFO - Attempt 1/10: Loading https://www.bybit.com/fiat/trade/otc?actionType=1&token=USDT&fiat=NGN
2026-01-10 07:43:38 - INFO - Screenshot saved as 'pb2b/screenshots/bybit_page_20260110_074338.png'
2026-01-10 07:43:38 - WARNING - Error parsing row: Message: no such element: Unable to locate element: {"method":"css selector","selector":"td:nth-child(2)"}
  (Session info: chrome=143.0.7499.192); For documentation on this error, please visit: https://www.selenium.dev/documentation/webdriver/troubleshooting/errors#nosuchelementexception
Stacktrace:
#0 0x5627cd1e661a <unknown>
#1 0x5627ccc6320b <unknown>
#2 0x5627cccb490f <unknown>
#3 0x5627cccb4b51 <unknown>
#4 0x5627ccca8b76 <unknown>
#5 0x5627ccca8a67 <unknown>
#6 0x5627ccd0020e <unknown>
#7 0x5627ccca7232 <unknown>
#8 0x5627ccca7ee1 <unknown>
#9 0x5627cd1af3f9 <unknown>
#10 0x5627cd1b234d <unknown>
#11 0x5627cd198122 <unknown>
#12 0x5627cd1b2f2b <unknown>
#13 0x5627cd17ec30 <unknown>
#14 0x5627cd1d3d78 <unknown>
#15 0x5627cd1d3f4c <unknown>
#16 0x5627cd1e5973 <unknown>
#17 0x7f3a43a9caa4 <unknown>
#18 0x7f3a43b29c6c <unknown>

2026-01-10 07:43:38 - INFO - Fetching BUY listings for USDT/EUR
2026-01-10 07:43:39 - INFO - Data successfully saved to SQLite database. New listings - Bybit: 5, Binance: 6
2026-01-10 07:43:39 - INFO - Browser session closed
2026-01-10 07:43:39 - INFO - SQLite database connection closed
2026-01-10 07:55:54 - INFO - Logging initialized. Log file: pb2b/logs/bybit_scraper_20260110.log
2026-01-10 07:55:56 - INFO - DataSaver logging initialized. Log file: pb2b/logs/data_saver_20260110.log
2026-01-10 07:55:56 - INFO - Connected to SQLite database: pb2b/p2p_listings.db
2026-01-10 07:55:56 - INFO - Database tables created successfully
2026-01-10 07:55:56 - INFO - Attempt 1/10: Loading https://www.bybit.com/fiat/trade/otc?actionType=1&token=USDT&fiat=NGN
2026-01-10 07:56:05 - INFO - Screenshot saved as 'pb2b/screenshots/bybit_page_20260110_075604.png'
2026-01-10 07:56:05 - WARNING - Error parsing row: Message: no such element: Unable to locate element: {"method":"css selector","selector":"td:nth-child(2)"}
  (Session info: chrome=143.0.7499.192); For documentation on this error, please visit: https://www.selenium.dev/documentation/webdriver/troubleshooting/errors#nosuchelementexception
Stacktrace:
#0 0x55a03250361a <unknown>
#1 0x55a031f8020b <unknown>
#2 0x55a031fd190f <unknown>
#3 0x55a031fd1b51 <unknown>
#4 0x55a031fc5b76 <unknown>
#5 0x55a031fc5a67 <unknown>
#6 0x55a03201d20e <unknown>
#7 0x55a031fc4232 <unknown>
#8 0x55a031fc4ee1 <unknown>
#9 0x55a0324cc3f9 <unknown>
#10 0x55a0324cf34d <unknown>
#11 0x55a0324b5122 <unknown>
#12 0x55a0324cff2b <unknown>
#13 0x55a03249bc30 <unknown>
#14 0x55a0324f0d78 <unknown>
#15 0x55a0324f0f4c <unknown>
#16 0x55a032502973 <unknown>
#17 0x7fa33da9caa4 <unknown>
#18 0x7fa33db29c6c <unknown>

2026-01-10 07:56:05 - INFO - Fetching BUY listings for USDT/EUR
2026-01-10 07:56:06 - INFO - Data successfully saved to SQLite database. New listings - Bybit: 5, Binance: 6
2026-01-10 07:56:06 - INFO - Browser session closed
2026-01-10 07:56:06 - INFO - SQLite database connection closed
2026-01-10 08:26:37 - INFO - Logging initialized. Log file: pb2b/logs/bybit_scraper_20260110.log
2026-01-10 08:26:38 - INFO - DataSaver logging initialized. Log file: pb2b/logs/data_saver_20260110.log
2026-01-10 08:26:38 - INFO - Connected to SQLite database: pb2b/p2p_listings.db
2026-01-10 08:26:38 - INFO - Database tables created successfully
2026-01-10 08:26:38 - INFO - Attempt 1/10: Loading https://www.bybit.com/fiat/trade/otc?actionType=1&token=USDT&fiat=NGN
2026-01-10 08:26:49 - INFO - Screenshot saved as 'pb2b/screenshots/bybit_page_20260110_082649.png'
2026-01-10 08:26:49 - WARNING - Error parsing row: Message: no such element: Unable to locate element: {"method":"css selector","selector":"td:nth-child(2)"}
  (Session info: chrome=143.0.7499.192); For documentation on this error, please visit: https://www.selenium.dev/documentation/webdriver/troubleshooting/errors#nosuchelementexception
Stacktrace:
#0 0x5626142cf61a <unknown>
#1 0x562613d4c20b <unknown>
#2 0x562613d9d90f <unknown>
#3 0x562613d9db51 <unknown>
#4 0x562613d91b76 <unknown>
#5 0x562613d91a67 <unknown>
#6 0x562613de920e <unknown>
#7 0x562613d90232 <unknown>
#8 0x562613d90ee1 <unknown>
#9 0x5626142983f9 <unknown>
#10 0x56261429b34d <unknown>
#11 0x562614281122 <unknown>
#12 0x56261429bf2b <unknown>
#13 0x562614267c30 <unknown>
#14 0x5626142bcd78 <unknown>
#15 0x5626142bcf4c <unknown>
#16 0x5626142ce973 <unknown>
#17 0x7f85e489caa4 <unknown>
#18 0x7f85e4929c6c <unknown>

2026-01-10 08:26:50 - INFO - Fetching BUY listings for USDT/EUR
2026-01-10 08:26:50 - INFO - Data successfully saved to SQLite database. New listings - Bybit: 5, Binance: 6
2026-01-10 08:26:50 - INFO - Browser session closed
2026-01-10 08:26:50 - INFO - SQLite database connection closed
