2025-12-30 01:27:35 - INFO - Logging initialized. Log file: pb2b/logs/bybit_scraper_20251230.log
2025-12-30 01:27:37 - INFO - DataSaver logging initialized. Log file: pb2b/logs/data_saver_20251230.log
2025-12-30 01:27:37 - INFO - Connected to SQLite database: pb2b/p2p_listings.db
2025-12-30 01:27:37 - INFO - Database tables created successfully
2025-12-30 01:27:37 - INFO - Attempt 1/10: Loading https://www.bybit.com/fiat/trade/otc?actionType=1&token=USDT&fiat=NGN
2025-12-30 01:27:46 - INFO - Screenshot saved as 'pb2b/screenshots/bybit_page_20251230_012746.png'
2025-12-30 01:27:46 - WARNING - Error parsing row: Message: no such element: Unable to locate element: {"method":"css selector","selector":"td:nth-child(2)"}
  (Session info: chrome=143.0.7499.169); For documentation on this error, please visit: https://www.selenium.dev/documentation/webdriver/troubleshooting/errors#nosuchelementexception
Stacktrace:
#0 0x55d5f2f4f19a <unknown>
#1 0x55d5f29ccc4b <unknown>
#2 0x55d5f2a1e318 <unknown>
#3 0x55d5f2a1e551 <unknown>
#4 0x55d5f2a12586 <unknown>
#5 0x55d5f2a12477 <unknown>
#6 0x55d5f2a69bee <unknown>
#7 0x55d5f2a10c42 <unknown>
#8 0x55d5f2a118f1 <unknown>
#9 0x55d5f2f17f39 <unknown>
#10 0x55d5f2f1ae7d <unknown>
#11 0x55d5f2f00c81 <unknown>
#12 0x55d5f2f1ba5b <unknown>
#13 0x55d5f2ee7a50 <unknown>
#14 0x55d5f2f3caa8 <unknown>
#15 0x55d5f2f3cc79 <unknown>
#16 0x55d5f2f4e4f3 <unknown>
#17 0x7f9476c9caa4 <unknown>
#18 0x7f9476d29c6c <unknown>

2025-12-30 01:27:47 - INFO - Fetching BUY listings for USDT/EUR
2025-12-30 01:27:47 - INFO - Data successfully saved to SQLite database. New listings - Bybit: 4, Binance: 6
2025-12-30 01:27:47 - INFO - Browser session closed
2025-12-30 01:27:47 - INFO - SQLite database connection closed
2025-12-30 03:18:58 - INFO - Logging initialized. Log file: pb2b/logs/bybit_scraper_20251230.log
2025-12-30 03:18:59 - INFO - DataSaver logging initialized. Log file: pb2b/logs/data_saver_20251230.log
2025-12-30 03:18:59 - INFO - Connected to SQLite database: pb2b/p2p_listings.db
2025-12-30 03:18:59 - INFO - Database tables created successfully
2025-12-30 03:18:59 - INFO - Attempt 1/10: Loading https://www.bybit.com/fiat/trade/otc?actionType=1&token=USDT&fiat=NGN
2025-12-30 03:19:09 - INFO - Screenshot saved as 'pb2b/screenshots/bybit_page_20251230_031908.png'
2025-12-30 03:19:09 - WARNING - Error parsing row: Message: no such element: Unable to locate element: {"method":"css selector","selector":"td:nth-child(2)"}
  (Session info: chrome=143.0.7499.169); For documentation on this error, please visit: https://www.selenium.dev/documentation/webdriver/troubleshooting/errors#nosuchelementexception
Stacktrace:
#0 0x5590078aa19a <unknown>
#1 0x559007327c4b <unknown>
#2 0x559007379318 <unknown>
#3 0x559007379551 <unknown>
#4 0x55900736d586 <unknown>
#5 0x55900736d477 <unknown>
#6 0x5590073c4bee <unknown>
#7 0x55900736bc42 <unknown>
#8 0x55900736c8f1 <unknown>
#9 0x559007872f39 <unknown>
#10 0x559007875e7d <unknown>
#11 0x55900785bc81 <unknown>
#12 0x559007876a5b <unknown>
#13 0x559007842a50 <unknown>
#14 0x559007897aa8 <unknown>
#15 0x559007897c79 <unknown>
#16 0x5590078a94f3 <unknown>
#17 0x7f130589caa4 <unknown>
#18 0x7f1305929c6c <unknown>

2025-12-30 03:19:09 - INFO - Fetching BUY listings for USDT/EUR
2025-12-30 03:19:09 - INFO - Data successfully saved to SQLite database. New listings - Bybit: 4, Binance: 6
2025-12-30 03:19:10 - INFO - Browser session closed
2025-12-30 03:19:10 - INFO - SQLite database connection closed
