2026-04-22 02:33:20 - INFO - Logging initialized. Log file: pb2b/logs/bybit_scraper_20260422.log
2026-04-22 02:33:22 - INFO - DataSaver logging initialized. Log file: pb2b/logs/data_saver_20260422.log
2026-04-22 02:33:22 - INFO - Connected to SQLite database: pb2b/p2p_listings.db
2026-04-22 02:33:22 - INFO - Database tables created successfully
2026-04-22 02:33:22 - INFO - Attempt 1/10: Loading https://www.bybit.com/fiat/trade/otc?actionType=1&token=USDT&fiat=NGN
2026-04-22 02:33:31 - INFO - Screenshot saved as 'pb2b/screenshots/bybit_page_20260422_023330.png'
2026-04-22 02:33:31 - WARNING - Error parsing row: Message: no such element: Unable to locate element: {"method":"css selector","selector":"td:nth-child(2)"}
  (Session info: chrome=147.0.7727.101); For documentation on this error, please visit: https://www.selenium.dev/documentation/webdriver/troubleshooting/errors#nosuchelementexception
Stacktrace:
#0 0x55d10e2a2b6a <unknown>
#1 0x55d10dca4265 <unknown>
#2 0x55d10dcf6f76 <unknown>
#3 0x55d10dcf71b1 <unknown>
#4 0x55d10dcebf26 <unknown>
#5 0x55d10dcebe07 <unknown>
#6 0x55d10dd3f969 <unknown>
#7 0x55d10dcea5cf <unknown>
#8 0x55d10dceb391 <unknown>
#9 0x55d10e26804b <unknown>
#10 0x55d10e26b00d <unknown>
#11 0x55d10e254808 <unknown>
#12 0x55d10e26bba0 <unknown>
#13 0x55d10e23b280 <unknown>
#14 0x55d10e28fdb8 <unknown>
#15 0x55d10e28ff88 <unknown>
#16 0x55d10e2a15de <unknown>
#17 0x7ff66889caa4 <unknown>
#18 0x7ff668929c6c <unknown>

2026-04-22 02:33:31 - WARNING - Error parsing row: Message: no such element: Unable to locate element: {"method":"css selector","selector":"td:nth-child(2)"}
  (Session info: chrome=147.0.7727.101); For documentation on this error, please visit: https://www.selenium.dev/documentation/webdriver/troubleshooting/errors#nosuchelementexception
Stacktrace:
#0 0x55d10e2a2b6a <unknown>
#1 0x55d10dca4265 <unknown>
#2 0x55d10dcf6f76 <unknown>
#3 0x55d10dcf71b1 <unknown>
#4 0x55d10dcebf26 <unknown>
#5 0x55d10dcebe07 <unknown>
#6 0x55d10dd3f969 <unknown>
#7 0x55d10dcea5cf <unknown>
#8 0x55d10dceb391 <unknown>
#9 0x55d10e26804b <unknown>
#10 0x55d10e26b00d <unknown>
#11 0x55d10e254808 <unknown>
#12 0x55d10e26bba0 <unknown>
#13 0x55d10e23b280 <unknown>
#14 0x55d10e28fdb8 <unknown>
#15 0x55d10e28ff88 <unknown>
#16 0x55d10e2a15de <unknown>
#17 0x7ff66889caa4 <unknown>
#18 0x7ff668929c6c <unknown>

2026-04-22 02:33:31 - INFO - Fetching BUY listings for USDT/EUR
2026-04-22 02:33:32 - INFO - Data successfully saved to SQLite database. New listings - Bybit: 3, Binance: 6
2026-04-22 02:33:32 - INFO - Browser session closed
2026-04-22 02:33:32 - INFO - SQLite database connection closed
