2025-12-27 00:03:31 - INFO - Logging initialized. Log file: pb2b/logs/bybit_scraper_20251227.log
2025-12-27 00:03:32 - INFO - DataSaver logging initialized. Log file: pb2b/logs/data_saver_20251227.log
2025-12-27 00:03:32 - INFO - Connected to SQLite database: pb2b/p2p_listings.db
2025-12-27 00:03:32 - INFO - Database tables created successfully
2025-12-27 00:03:32 - INFO - Attempt 1/10: Loading https://www.bybit.com/fiat/trade/otc?actionType=1&token=USDT&fiat=NGN
2025-12-27 00:03:41 - INFO - Screenshot saved as 'pb2b/screenshots/bybit_page_20251227_000341.png'
2025-12-27 00:03:41 - WARNING - Error parsing row: Message: no such element: Unable to locate element: {"method":"css selector","selector":"td:nth-child(2)"}
  (Session info: chrome=143.0.7499.169); For documentation on this error, please visit: https://www.selenium.dev/documentation/webdriver/troubleshooting/errors#nosuchelementexception
Stacktrace:
#0 0x5647170a119a <unknown>
#1 0x564716b1ec4b <unknown>
#2 0x564716b70318 <unknown>
#3 0x564716b70551 <unknown>
#4 0x564716b64586 <unknown>
#5 0x564716b64477 <unknown>
#6 0x564716bbbbee <unknown>
#7 0x564716b62c42 <unknown>
#8 0x564716b638f1 <unknown>
#9 0x564717069f39 <unknown>
#10 0x56471706ce7d <unknown>
#11 0x564717052c81 <unknown>
#12 0x56471706da5b <unknown>
#13 0x564717039a50 <unknown>
#14 0x56471708eaa8 <unknown>
#15 0x56471708ec79 <unknown>
#16 0x5647170a04f3 <unknown>
#17 0x7f145549caa4 <unknown>
#18 0x7f1455529c6c <unknown>

2025-12-27 00:03:42 - INFO - Fetching BUY listings for USDT/EUR
2025-12-27 00:03:42 - INFO - Data successfully saved to SQLite database. New listings - Bybit: 4, Binance: 6
2025-12-27 00:03:42 - INFO - Browser session closed
2025-12-27 00:03:42 - INFO - SQLite database connection closed
