2025-08-31 01:18:18 - INFO - Logging initialized. Log file: pb2b/logs/bybit_scraper_20250831.log
2025-08-31 01:18:19 - INFO - DataSaver logging initialized. Log file: pb2b/logs/data_saver_20250831.log
2025-08-31 01:18:19 - INFO - Connected to SQLite database: pb2b/p2p_listings.db
2025-08-31 01:18:19 - INFO - Database tables created successfully
2025-08-31 01:18:19 - INFO - Attempt 1/10: Loading https://www.bybit.com/fiat/trade/otc?actionType=1&token=USDT&fiat=NGN
2025-08-31 01:18:30 - INFO - Screenshot saved as 'pb2b/screenshots/bybit_page_20250831_011830.png'
2025-08-31 01:18:30 - INFO - Fetching BUY listings for USDT/EUR
2025-08-31 01:18:31 - INFO - Data successfully saved to SQLite database. New listings - Bybit: 4, Binance: 6
2025-08-31 01:18:31 - INFO - Browser session closed
2025-08-31 01:18:31 - INFO - SQLite database connection closed
2025-08-31 02:50:28 - INFO - Logging initialized. Log file: pb2b/logs/bybit_scraper_20250831.log
2025-08-31 02:50:29 - INFO - DataSaver logging initialized. Log file: pb2b/logs/data_saver_20250831.log
2025-08-31 02:50:29 - INFO - Connected to SQLite database: pb2b/p2p_listings.db
2025-08-31 02:50:29 - INFO - Database tables created successfully
2025-08-31 02:50:29 - INFO - Attempt 1/10: Loading https://www.bybit.com/fiat/trade/otc?actionType=1&token=USDT&fiat=NGN
2025-08-31 02:50:39 - INFO - Screenshot saved as 'pb2b/screenshots/bybit_page_20250831_025039.png'
2025-08-31 02:50:39 - INFO - Fetching BUY listings for USDT/EUR
2025-08-31 02:50:40 - INFO - Data successfully saved to SQLite database. New listings - Bybit: 4, Binance: 6
2025-08-31 02:50:40 - INFO - Browser session closed
2025-08-31 02:50:40 - INFO - SQLite database connection closed
2025-08-31 03:32:53 - INFO - Logging initialized. Log file: pb2b/logs/bybit_scraper_20250831.log
2025-08-31 03:32:54 - INFO - DataSaver logging initialized. Log file: pb2b/logs/data_saver_20250831.log
2025-08-31 03:32:54 - INFO - Connected to SQLite database: pb2b/p2p_listings.db
2025-08-31 03:32:54 - INFO - Database tables created successfully
2025-08-31 03:32:54 - INFO - Attempt 1/10: Loading https://www.bybit.com/fiat/trade/otc?actionType=1&token=USDT&fiat=NGN
2025-08-31 03:33:05 - INFO - Screenshot saved as 'pb2b/screenshots/bybit_page_20250831_033305.png'
2025-08-31 03:33:05 - INFO - Fetching BUY listings for USDT/EUR
2025-08-31 03:33:06 - INFO - Data successfully saved to SQLite database. New listings - Bybit: 4, Binance: 6
2025-08-31 03:33:06 - INFO - Browser session closed
2025-08-31 03:33:06 - INFO - SQLite database connection closed
2025-08-31 03:55:44 - INFO - Logging initialized. Log file: pb2b/logs/bybit_scraper_20250831.log
2025-08-31 03:55:45 - INFO - DataSaver logging initialized. Log file: pb2b/logs/data_saver_20250831.log
2025-08-31 03:55:45 - INFO - Connected to SQLite database: pb2b/p2p_listings.db
2025-08-31 03:55:45 - INFO - Database tables created successfully
2025-08-31 03:55:45 - INFO - Attempt 1/10: Loading https://www.bybit.com/fiat/trade/otc?actionType=1&token=USDT&fiat=NGN
2025-08-31 03:55:54 - INFO - Screenshot saved as 'pb2b/screenshots/bybit_page_20250831_035554.png'
2025-08-31 03:55:55 - INFO - Fetching BUY listings for USDT/EUR
2025-08-31 03:55:56 - INFO - Data successfully saved to SQLite database. New listings - Bybit: 4, Binance: 6
2025-08-31 03:55:56 - INFO - Browser session closed
2025-08-31 03:55:56 - INFO - SQLite database connection closed
2025-08-31 04:25:58 - INFO - Logging initialized. Log file: pb2b/logs/bybit_scraper_20250831.log
2025-08-31 04:25:58 - INFO - DataSaver logging initialized. Log file: pb2b/logs/data_saver_20250831.log
2025-08-31 04:25:58 - INFO - Connected to SQLite database: pb2b/p2p_listings.db
2025-08-31 04:25:58 - INFO - Database tables created successfully
2025-08-31 04:25:58 - INFO - Attempt 1/10: Loading https://www.bybit.com/fiat/trade/otc?actionType=1&token=USDT&fiat=NGN
2025-08-31 04:26:08 - INFO - Screenshot saved as 'pb2b/screenshots/bybit_page_20250831_042608.png'
2025-08-31 04:26:09 - INFO - Fetching BUY listings for USDT/EUR
2025-08-31 04:26:10 - INFO - Data successfully saved to SQLite database. New listings - Bybit: 4, Binance: 6
2025-08-31 04:26:10 - INFO - Browser session closed
2025-08-31 04:26:10 - INFO - SQLite database connection closed
2025-08-31 04:45:41 - INFO - Logging initialized. Log file: pb2b/logs/bybit_scraper_20250831.log
2025-08-31 04:45:42 - INFO - DataSaver logging initialized. Log file: pb2b/logs/data_saver_20250831.log
2025-08-31 04:45:42 - INFO - Connected to SQLite database: pb2b/p2p_listings.db
2025-08-31 04:45:42 - INFO - Database tables created successfully
2025-08-31 04:45:42 - INFO - Attempt 1/10: Loading https://www.bybit.com/fiat/trade/otc?actionType=1&token=USDT&fiat=NGN
2025-08-31 04:45:53 - INFO - Screenshot saved as 'pb2b/screenshots/bybit_page_20250831_044553.png'
2025-08-31 04:45:54 - INFO - Fetching BUY listings for USDT/EUR
2025-08-31 04:45:54 - INFO - Data successfully saved to SQLite database. New listings - Bybit: 4, Binance: 6
2025-08-31 04:45:55 - INFO - Browser session closed
2025-08-31 04:45:55 - INFO - SQLite database connection closed
2025-08-31 04:58:48 - INFO - Logging initialized. Log file: pb2b/logs/bybit_scraper_20250831.log
2025-08-31 04:58:49 - INFO - DataSaver logging initialized. Log file: pb2b/logs/data_saver_20250831.log
2025-08-31 04:58:49 - INFO - Connected to SQLite database: pb2b/p2p_listings.db
2025-08-31 04:58:49 - INFO - Database tables created successfully
2025-08-31 04:58:49 - INFO - Attempt 1/10: Loading https://www.bybit.com/fiat/trade/otc?actionType=1&token=USDT&fiat=NGN
2025-08-31 04:59:02 - INFO - Screenshot saved as 'pb2b/screenshots/bybit_page_20250831_045902.png'
2025-08-31 04:59:02 - INFO - Fetching BUY listings for USDT/EUR
2025-08-31 04:59:03 - INFO - Data successfully saved to SQLite database. New listings - Bybit: 4, Binance: 6
2025-08-31 04:59:03 - INFO - Browser session closed
2025-08-31 04:59:03 - INFO - SQLite database connection closed
