2025-08-15 05:13:25 - INFO - Logging initialized. Log file: pb2b/logs/bybit_scraper_20250815.log
2025-08-15 05:13:25 - INFO - DataSaver logging initialized. Log file: pb2b/logs/data_saver_20250815.log
2025-08-15 05:13:25 - INFO - Connected to SQLite database: pb2b/p2p_listings.db
2025-08-15 05:13:25 - INFO - Database tables created successfully
2025-08-15 05:13:25 - INFO - Attempt 1/10: Loading https://www.bybit.com/fiat/trade/otc?actionType=1&token=USDT&fiat=NGN
2025-08-15 05:13:35 - INFO - Screenshot saved as 'pb2b/screenshots/bybit_page_20250815_051335.png'
2025-08-15 05:13:35 - INFO - Fetching BUY listings for USDT/EUR
2025-08-15 05:13:36 - INFO - Data successfully saved to SQLite database. New listings - Bybit: 4, Binance: 6
2025-08-15 05:13:36 - INFO - Browser session closed
2025-08-15 05:13:36 - INFO - SQLite database connection closed
2025-08-15 05:41:35 - INFO - Logging initialized. Log file: pb2b/logs/bybit_scraper_20250815.log
2025-08-15 05:41:36 - INFO - DataSaver logging initialized. Log file: pb2b/logs/data_saver_20250815.log
2025-08-15 05:41:36 - INFO - Connected to SQLite database: pb2b/p2p_listings.db
2025-08-15 05:41:36 - INFO - Database tables created successfully
2025-08-15 05:41:36 - INFO - Attempt 1/10: Loading https://www.bybit.com/fiat/trade/otc?actionType=1&token=USDT&fiat=NGN
2025-08-15 05:41:46 - INFO - Screenshot saved as 'pb2b/screenshots/bybit_page_20250815_054146.png'
2025-08-15 05:41:46 - INFO - Fetching BUY listings for USDT/EUR
2025-08-15 05:41:47 - INFO - Data successfully saved to SQLite database. New listings - Bybit: 4, Binance: 6
2025-08-15 05:41:47 - INFO - Browser session closed
2025-08-15 05:41:47 - INFO - SQLite database connection closed
