2026-02-07 00:06:26 - INFO - Logging initialized. Log file: pb2b/logs/bybit_scraper_20260207.log
2026-02-07 00:06:28 - INFO - DataSaver logging initialized. Log file: pb2b/logs/data_saver_20260207.log
2026-02-07 00:06:28 - INFO - Connected to SQLite database: pb2b/p2p_listings.db
2026-02-07 00:06:28 - INFO - Database tables created successfully
2026-02-07 00:06:28 - INFO - Attempt 1/10: Loading https://www.bybit.com/fiat/trade/otc?actionType=1&token=USDT&fiat=NGN
2026-02-07 00:06:39 - INFO - Screenshot saved as 'pb2b/screenshots/bybit_page_20260207_000639.png'
2026-02-07 00:06:39 - WARNING - Error parsing row: Message: no such element: Unable to locate element: {"method":"css selector","selector":"td:nth-child(2)"}
  (Session info: chrome=144.0.7559.132); For documentation on this error, please visit: https://www.selenium.dev/documentation/webdriver/troubleshooting/errors#nosuchelementexception
Stacktrace:
#0 0x556fc53a64ba <unknown>
#1 0x556fc4e0f492 <unknown>
#2 0x556fc4e649b6 <unknown>
#3 0x556fc4e64bf1 <unknown>
#4 0x556fc4e581f6 <unknown>
#5 0x556fc4e580d7 <unknown>
#6 0x556fc4ead700 <unknown>
#7 0x556fc4e566a2 <unknown>
#8 0x556fc4e57491 <unknown>
#9 0x556fc536c479 <unknown>
#10 0x556fc536f391 <unknown>
#11 0x556fc5358a89 <unknown>
#12 0x556fc536ff4e <unknown>
#13 0x556fc533f070 <unknown>
#14 0x556fc5393ca8 <unknown>
#15 0x556fc5393e78 <unknown>
#16 0x556fc53a5828 <unknown>
#17 0x7f889dc9caa4 <unknown>
#18 0x7f889dd29c6c <unknown>

2026-02-07 00:06:39 - INFO - Fetching BUY listings for USDT/EUR
2026-02-07 00:06:40 - INFO - Data successfully saved to SQLite database. New listings - Bybit: 5, Binance: 6
2026-02-07 00:06:40 - INFO - Browser session closed
2026-02-07 00:06:40 - INFO - SQLite database connection closed
