2025-03-03 01:56:24 - INFO - Logging initialized. Log file: pb2b/logs/bybit_scraper_20250303.log
2025-03-03 01:56:24 - INFO - DataSaver logging initialized. Log file: pb2b/logs/data_saver_20250303.log
2025-03-03 01:56:24 - INFO - Connected to SQLite database: pb2b/p2p_listings.db
2025-03-03 01:56:24 - INFO - Database tables created successfully
2025-03-03 01:56:24 - INFO - Attempt 1/10: Loading https://www.bybit.com/fiat/trade/otc?actionType=1&token=USDT&fiat=NGN
2025-03-03 01:56:34 - INFO - Screenshot saved as 'pb2b/screenshots/bybit_page_20250303_015634.png'
2025-03-03 01:56:35 - INFO - Fetching BUY listings for USDT/EUR
2025-03-03 01:56:35 - INFO - Data successfully saved to SQLite database. New listings - Bybit: 4, Binance: 6
2025-03-03 01:56:35 - INFO - Browser session closed
2025-03-03 01:56:35 - INFO - SQLite database connection closed
2025-03-03 03:00:00 - INFO - Logging initialized. Log file: pb2b/logs/bybit_scraper_20250303.log
2025-03-03 03:00:01 - INFO - DataSaver logging initialized. Log file: pb2b/logs/data_saver_20250303.log
2025-03-03 03:00:01 - INFO - Connected to SQLite database: pb2b/p2p_listings.db
2025-03-03 03:00:01 - INFO - Database tables created successfully
2025-03-03 03:00:01 - INFO - Attempt 1/10: Loading https://www.bybit.com/fiat/trade/otc?actionType=1&token=USDT&fiat=NGN
2025-03-03 03:00:10 - INFO - Screenshot saved as 'pb2b/screenshots/bybit_page_20250303_030010.png'
2025-03-03 03:00:10 - INFO - Fetching BUY listings for USDT/EUR
2025-03-03 03:00:11 - INFO - Data successfully saved to SQLite database. New listings - Bybit: 4, Binance: 6
2025-03-03 03:00:11 - INFO - Browser session closed
2025-03-03 03:00:11 - INFO - SQLite database connection closed
2025-03-03 03:35:46 - INFO - Logging initialized. Log file: pb2b/logs/bybit_scraper_20250303.log
2025-03-03 03:35:47 - INFO - DataSaver logging initialized. Log file: pb2b/logs/data_saver_20250303.log
2025-03-03 03:35:47 - INFO - Connected to SQLite database: pb2b/p2p_listings.db
2025-03-03 03:35:47 - INFO - Database tables created successfully
2025-03-03 03:35:47 - INFO - Attempt 1/10: Loading https://www.bybit.com/fiat/trade/otc?actionType=1&token=USDT&fiat=NGN
2025-03-03 03:35:57 - INFO - Screenshot saved as 'pb2b/screenshots/bybit_page_20250303_033557.png'
2025-03-03 03:35:57 - INFO - Fetching BUY listings for USDT/EUR
2025-03-03 03:35:58 - INFO - Data successfully saved to SQLite database. New listings - Bybit: 4, Binance: 6
2025-03-03 03:35:58 - INFO - Browser session closed
2025-03-03 03:35:58 - INFO - SQLite database connection closed
2025-03-03 03:53:01 - INFO - Logging initialized. Log file: pb2b/logs/bybit_scraper_20250303.log
2025-03-03 03:53:02 - INFO - DataSaver logging initialized. Log file: pb2b/logs/data_saver_20250303.log
2025-03-03 03:53:02 - INFO - Connected to SQLite database: pb2b/p2p_listings.db
2025-03-03 03:53:02 - INFO - Database tables created successfully
2025-03-03 03:53:02 - INFO - Attempt 1/10: Loading https://www.bybit.com/fiat/trade/otc?actionType=1&token=USDT&fiat=NGN
2025-03-03 03:53:11 - INFO - Screenshot saved as 'pb2b/screenshots/bybit_page_20250303_035310.png'
2025-03-03 03:53:11 - INFO - Fetching BUY listings for USDT/EUR
2025-03-03 03:53:12 - INFO - Data successfully saved to SQLite database. New listings - Bybit: 4, Binance: 6
2025-03-03 03:53:12 - INFO - Browser session closed
2025-03-03 03:53:12 - INFO - SQLite database connection closed
