2025-11-27 02:05:05 - INFO - Logging initialized. Log file: pb2b/logs/bybit_scraper_20251127.log
2025-11-27 02:05:06 - INFO - DataSaver logging initialized. Log file: pb2b/logs/data_saver_20251127.log
2025-11-27 02:05:06 - INFO - Connected to SQLite database: pb2b/p2p_listings.db
2025-11-27 02:05:06 - INFO - Database tables created successfully
2025-11-27 02:05:06 - INFO - Attempt 1/10: Loading https://www.bybit.com/fiat/trade/otc?actionType=1&token=USDT&fiat=NGN
2025-11-27 02:05:14 - INFO - Screenshot saved as 'pb2b/screenshots/bybit_page_20251127_020513.png'
2025-11-27 02:05:14 - INFO - Fetching BUY listings for USDT/EUR
2025-11-27 02:05:15 - INFO - Data successfully saved to SQLite database. New listings - Bybit: 4, Binance: 6
2025-11-27 02:05:15 - INFO - Browser session closed
2025-11-27 02:05:15 - INFO - SQLite database connection closed
2025-11-27 03:22:18 - INFO - Logging initialized. Log file: pb2b/logs/bybit_scraper_20251127.log
2025-11-27 03:22:19 - INFO - DataSaver logging initialized. Log file: pb2b/logs/data_saver_20251127.log
2025-11-27 03:22:19 - INFO - Connected to SQLite database: pb2b/p2p_listings.db
2025-11-27 03:22:19 - INFO - Database tables created successfully
2025-11-27 03:22:19 - INFO - Attempt 1/10: Loading https://www.bybit.com/fiat/trade/otc?actionType=1&token=USDT&fiat=NGN
2025-11-27 03:22:31 - INFO - Screenshot saved as 'pb2b/screenshots/bybit_page_20251127_032230.png'
2025-11-27 03:22:31 - INFO - Fetching BUY listings for USDT/EUR
2025-11-27 03:22:32 - INFO - Data successfully saved to SQLite database. New listings - Bybit: 4, Binance: 6
2025-11-27 03:22:32 - INFO - Browser session closed
2025-11-27 03:22:32 - INFO - SQLite database connection closed
2025-11-27 03:57:42 - INFO - Logging initialized. Log file: pb2b/logs/bybit_scraper_20251127.log
2025-11-27 03:57:44 - INFO - DataSaver logging initialized. Log file: pb2b/logs/data_saver_20251127.log
2025-11-27 03:57:44 - INFO - Connected to SQLite database: pb2b/p2p_listings.db
2025-11-27 03:57:44 - INFO - Database tables created successfully
2025-11-27 03:57:44 - INFO - Attempt 1/10: Loading https://www.bybit.com/fiat/trade/otc?actionType=1&token=USDT&fiat=NGN
2025-11-27 03:57:54 - INFO - Screenshot saved as 'pb2b/screenshots/bybit_page_20251127_035754.png'
2025-11-27 03:57:54 - INFO - Fetching BUY listings for USDT/EUR
2025-11-27 03:57:55 - INFO - Data successfully saved to SQLite database. New listings - Bybit: 4, Binance: 6
2025-11-27 03:57:55 - INFO - Browser session closed
2025-11-27 03:57:55 - INFO - SQLite database connection closed
2025-11-27 04:32:17 - INFO - Logging initialized. Log file: pb2b/logs/bybit_scraper_20251127.log
2025-11-27 04:32:19 - INFO - DataSaver logging initialized. Log file: pb2b/logs/data_saver_20251127.log
2025-11-27 04:32:19 - INFO - Connected to SQLite database: pb2b/p2p_listings.db
2025-11-27 04:32:19 - INFO - Database tables created successfully
2025-11-27 04:32:19 - INFO - Attempt 1/10: Loading https://www.bybit.com/fiat/trade/otc?actionType=1&token=USDT&fiat=NGN
2025-11-27 04:32:30 - INFO - Screenshot saved as 'pb2b/screenshots/bybit_page_20251127_043229.png'
2025-11-27 04:32:30 - INFO - Fetching BUY listings for USDT/EUR
2025-11-27 04:32:30 - INFO - Data successfully saved to SQLite database. New listings - Bybit: 4, Binance: 6
2025-11-27 04:32:31 - INFO - Browser session closed
2025-11-27 04:32:31 - INFO - SQLite database connection closed
2025-11-27 04:52:20 - INFO - Logging initialized. Log file: pb2b/logs/bybit_scraper_20251127.log
2025-11-27 04:52:21 - INFO - DataSaver logging initialized. Log file: pb2b/logs/data_saver_20251127.log
2025-11-27 04:52:21 - INFO - Connected to SQLite database: pb2b/p2p_listings.db
2025-11-27 04:52:21 - INFO - Database tables created successfully
2025-11-27 04:52:21 - INFO - Attempt 1/10: Loading https://www.bybit.com/fiat/trade/otc?actionType=1&token=USDT&fiat=NGN
2025-11-27 04:52:31 - INFO - Screenshot saved as 'pb2b/screenshots/bybit_page_20251127_045230.png'
2025-11-27 04:52:31 - INFO - Fetching BUY listings for USDT/EUR
2025-11-27 04:52:32 - INFO - Data successfully saved to SQLite database. New listings - Bybit: 4, Binance: 6
2025-11-27 04:52:32 - INFO - Browser session closed
2025-11-27 04:52:32 - INFO - SQLite database connection closed
2025-11-27 05:15:59 - INFO - Logging initialized. Log file: pb2b/logs/bybit_scraper_20251127.log
2025-11-27 05:16:01 - INFO - DataSaver logging initialized. Log file: pb2b/logs/data_saver_20251127.log
2025-11-27 05:16:01 - INFO - Connected to SQLite database: pb2b/p2p_listings.db
2025-11-27 05:16:01 - INFO - Database tables created successfully
2025-11-27 05:16:01 - INFO - Attempt 1/10: Loading https://www.bybit.com/fiat/trade/otc?actionType=1&token=USDT&fiat=NGN
2025-11-27 05:16:10 - INFO - Screenshot saved as 'pb2b/screenshots/bybit_page_20251127_051610.png'
2025-11-27 05:16:10 - INFO - Fetching BUY listings for USDT/EUR
2025-11-27 05:16:11 - INFO - Data successfully saved to SQLite database. New listings - Bybit: 4, Binance: 6
2025-11-27 05:16:11 - INFO - Browser session closed
2025-11-27 05:16:11 - INFO - SQLite database connection closed
2025-11-27 05:42:03 - INFO - Logging initialized. Log file: pb2b/logs/bybit_scraper_20251127.log
2025-11-27 05:42:04 - INFO - DataSaver logging initialized. Log file: pb2b/logs/data_saver_20251127.log
2025-11-27 05:42:04 - INFO - Connected to SQLite database: pb2b/p2p_listings.db
2025-11-27 05:42:04 - INFO - Database tables created successfully
2025-11-27 05:42:04 - INFO - Attempt 1/10: Loading https://www.bybit.com/fiat/trade/otc?actionType=1&token=USDT&fiat=NGN
2025-11-27 05:42:14 - INFO - Screenshot saved as 'pb2b/screenshots/bybit_page_20251127_054214.png'
2025-11-27 05:42:14 - INFO - Fetching BUY listings for USDT/EUR
2025-11-27 05:42:15 - INFO - Data successfully saved to SQLite database. New listings - Bybit: 4, Binance: 6
2025-11-27 05:42:15 - INFO - Browser session closed
2025-11-27 05:42:15 - INFO - SQLite database connection closed
