2025-09-17 01:31:31 - INFO - Logging initialized. Log file: pb2b/logs/bybit_scraper_20250917.log
2025-09-17 01:31:32 - INFO - DataSaver logging initialized. Log file: pb2b/logs/data_saver_20250917.log
2025-09-17 01:31:32 - INFO - Connected to SQLite database: pb2b/p2p_listings.db
2025-09-17 01:31:32 - INFO - Database tables created successfully
2025-09-17 01:31:32 - INFO - Attempt 1/10: Loading https://www.bybit.com/fiat/trade/otc?actionType=1&token=USDT&fiat=NGN
2025-09-17 01:31:41 - INFO - Screenshot saved as 'pb2b/screenshots/bybit_page_20250917_013141.png'
2025-09-17 01:31:41 - INFO - Fetching BUY listings for USDT/EUR
2025-09-17 01:31:42 - INFO - Data successfully saved to SQLite database. New listings - Bybit: 4, Binance: 6
2025-09-17 01:31:42 - INFO - Browser session closed
2025-09-17 01:31:42 - INFO - SQLite database connection closed
2025-09-17 02:47:24 - INFO - Logging initialized. Log file: pb2b/logs/bybit_scraper_20250917.log
2025-09-17 02:47:25 - INFO - DataSaver logging initialized. Log file: pb2b/logs/data_saver_20250917.log
2025-09-17 02:47:25 - INFO - Connected to SQLite database: pb2b/p2p_listings.db
2025-09-17 02:47:25 - INFO - Database tables created successfully
2025-09-17 02:47:25 - INFO - Attempt 1/10: Loading https://www.bybit.com/fiat/trade/otc?actionType=1&token=USDT&fiat=NGN
2025-09-17 02:47:35 - INFO - Screenshot saved as 'pb2b/screenshots/bybit_page_20250917_024734.png'
2025-09-17 02:47:35 - INFO - Fetching BUY listings for USDT/EUR
2025-09-17 02:47:36 - INFO - Data successfully saved to SQLite database. New listings - Bybit: 4, Binance: 6
2025-09-17 02:47:36 - INFO - Browser session closed
2025-09-17 02:47:36 - INFO - SQLite database connection closed
2025-09-17 03:24:39 - INFO - Logging initialized. Log file: pb2b/logs/bybit_scraper_20250917.log
2025-09-17 03:24:40 - INFO - DataSaver logging initialized. Log file: pb2b/logs/data_saver_20250917.log
2025-09-17 03:24:40 - INFO - Connected to SQLite database: pb2b/p2p_listings.db
2025-09-17 03:24:40 - INFO - Database tables created successfully
2025-09-17 03:24:40 - INFO - Attempt 1/10: Loading https://www.bybit.com/fiat/trade/otc?actionType=1&token=USDT&fiat=NGN
2025-09-17 03:24:55 - INFO - Screenshot saved as 'pb2b/screenshots/bybit_page_20250917_032455.png'
2025-09-17 03:24:55 - INFO - Fetching BUY listings for USDT/EUR
2025-09-17 03:24:56 - INFO - Data successfully saved to SQLite database. New listings - Bybit: 4, Binance: 6
2025-09-17 03:24:56 - INFO - Browser session closed
2025-09-17 03:24:56 - INFO - SQLite database connection closed
