2025-03-23 01:12:58 - INFO - Logging initialized. Log file: pb2b/logs/bybit_scraper_20250323.log
2025-03-23 01:13:02 - INFO - DataSaver logging initialized. Log file: pb2b/logs/data_saver_20250323.log
2025-03-23 01:13:02 - INFO - Connected to SQLite database: pb2b/p2p_listings.db
2025-03-23 01:13:02 - INFO - Database tables created successfully
2025-03-23 01:13:02 - INFO - Attempt 1/10: Loading https://www.bybit.com/fiat/trade/otc?actionType=1&token=USDT&fiat=NGN
2025-03-23 01:13:12 - INFO - Screenshot saved as 'pb2b/screenshots/bybit_page_20250323_011312.png'
2025-03-23 01:13:12 - INFO - Fetching BUY listings for USDT/EUR
2025-03-23 01:13:13 - INFO - Data successfully saved to SQLite database. New listings - Bybit: 4, Binance: 6
2025-03-23 01:13:13 - INFO - Browser session closed
2025-03-23 01:13:13 - INFO - SQLite database connection closed
2025-03-23 02:45:01 - INFO - Logging initialized. Log file: pb2b/logs/bybit_scraper_20250323.log
2025-03-23 02:45:01 - INFO - DataSaver logging initialized. Log file: pb2b/logs/data_saver_20250323.log
2025-03-23 02:45:01 - INFO - Connected to SQLite database: pb2b/p2p_listings.db
2025-03-23 02:45:01 - INFO - Database tables created successfully
2025-03-23 02:45:01 - INFO - Attempt 1/10: Loading https://www.bybit.com/fiat/trade/otc?actionType=1&token=USDT&fiat=NGN
2025-03-23 02:45:11 - INFO - Screenshot saved as 'pb2b/screenshots/bybit_page_20250323_024510.png'
2025-03-23 02:45:11 - INFO - Fetching BUY listings for USDT/EUR
2025-03-23 02:45:12 - INFO - Data successfully saved to SQLite database. New listings - Bybit: 4, Binance: 6
2025-03-23 02:45:12 - INFO - Browser session closed
2025-03-23 02:45:12 - INFO - SQLite database connection closed
2025-03-23 03:26:57 - INFO - Logging initialized. Log file: pb2b/logs/bybit_scraper_20250323.log
2025-03-23 03:26:58 - INFO - DataSaver logging initialized. Log file: pb2b/logs/data_saver_20250323.log
2025-03-23 03:26:58 - INFO - Connected to SQLite database: pb2b/p2p_listings.db
2025-03-23 03:26:58 - INFO - Database tables created successfully
2025-03-23 03:26:58 - INFO - Attempt 1/10: Loading https://www.bybit.com/fiat/trade/otc?actionType=1&token=USDT&fiat=NGN
2025-03-23 03:27:07 - INFO - Screenshot saved as 'pb2b/screenshots/bybit_page_20250323_032706.png'
2025-03-23 03:27:07 - INFO - Fetching BUY listings for USDT/EUR
2025-03-23 03:27:08 - INFO - Data successfully saved to SQLite database. New listings - Bybit: 4, Binance: 6
2025-03-23 03:27:08 - INFO - Browser session closed
2025-03-23 03:27:08 - INFO - SQLite database connection closed
2025-03-23 03:50:18 - INFO - Logging initialized. Log file: pb2b/logs/bybit_scraper_20250323.log
2025-03-23 03:50:19 - INFO - DataSaver logging initialized. Log file: pb2b/logs/data_saver_20250323.log
2025-03-23 03:50:19 - INFO - Connected to SQLite database: pb2b/p2p_listings.db
2025-03-23 03:50:19 - INFO - Database tables created successfully
2025-03-23 03:50:19 - INFO - Attempt 1/10: Loading https://www.bybit.com/fiat/trade/otc?actionType=1&token=USDT&fiat=NGN
2025-03-23 03:50:29 - INFO - Screenshot saved as 'pb2b/screenshots/bybit_page_20250323_035029.png'
2025-03-23 03:50:30 - INFO - Fetching BUY listings for USDT/EUR
2025-03-23 03:50:30 - INFO - Data successfully saved to SQLite database. New listings - Bybit: 4, Binance: 6
2025-03-23 03:50:30 - INFO - Browser session closed
2025-03-23 03:50:30 - INFO - SQLite database connection closed
2025-03-23 04:13:58 - INFO - Logging initialized. Log file: pb2b/logs/bybit_scraper_20250323.log
2025-03-23 04:13:59 - INFO - DataSaver logging initialized. Log file: pb2b/logs/data_saver_20250323.log
2025-03-23 04:13:59 - INFO - Connected to SQLite database: pb2b/p2p_listings.db
2025-03-23 04:13:59 - INFO - Database tables created successfully
2025-03-23 04:13:59 - INFO - Attempt 1/10: Loading https://www.bybit.com/fiat/trade/otc?actionType=1&token=USDT&fiat=NGN
2025-03-23 04:14:08 - INFO - Screenshot saved as 'pb2b/screenshots/bybit_page_20250323_041408.png'
2025-03-23 04:14:08 - INFO - Fetching BUY listings for USDT/EUR
2025-03-23 04:14:09 - INFO - Data successfully saved to SQLite database. New listings - Bybit: 4, Binance: 6
2025-03-23 04:14:09 - INFO - Browser session closed
2025-03-23 04:14:09 - INFO - SQLite database connection closed
2025-03-23 04:36:41 - INFO - Logging initialized. Log file: pb2b/logs/bybit_scraper_20250323.log
2025-03-23 04:36:42 - INFO - DataSaver logging initialized. Log file: pb2b/logs/data_saver_20250323.log
2025-03-23 04:36:42 - INFO - Connected to SQLite database: pb2b/p2p_listings.db
2025-03-23 04:36:42 - INFO - Database tables created successfully
2025-03-23 04:36:42 - INFO - Attempt 1/10: Loading https://www.bybit.com/fiat/trade/otc?actionType=1&token=USDT&fiat=NGN
2025-03-23 04:36:52 - INFO - Screenshot saved as 'pb2b/screenshots/bybit_page_20250323_043652.png'
2025-03-23 04:36:52 - INFO - Fetching BUY listings for USDT/EUR
2025-03-23 04:36:53 - INFO - Data successfully saved to SQLite database. New listings - Bybit: 4, Binance: 6
2025-03-23 04:36:53 - INFO - Browser session closed
2025-03-23 04:36:53 - INFO - SQLite database connection closed
2025-03-23 04:50:38 - INFO - Logging initialized. Log file: pb2b/logs/bybit_scraper_20250323.log
2025-03-23 04:50:39 - INFO - DataSaver logging initialized. Log file: pb2b/logs/data_saver_20250323.log
2025-03-23 04:50:39 - INFO - Connected to SQLite database: pb2b/p2p_listings.db
2025-03-23 04:50:39 - INFO - Database tables created successfully
2025-03-23 04:50:39 - INFO - Attempt 1/10: Loading https://www.bybit.com/fiat/trade/otc?actionType=1&token=USDT&fiat=NGN
2025-03-23 04:50:49 - INFO - Screenshot saved as 'pb2b/screenshots/bybit_page_20250323_045049.png'
2025-03-23 04:50:49 - INFO - Fetching BUY listings for USDT/EUR
2025-03-23 04:50:50 - INFO - Data successfully saved to SQLite database. New listings - Bybit: 4, Binance: 6
2025-03-23 04:50:50 - INFO - Browser session closed
2025-03-23 04:50:50 - INFO - SQLite database connection closed
2025-03-23 05:11:01 - INFO - Logging initialized. Log file: pb2b/logs/bybit_scraper_20250323.log
2025-03-23 05:11:02 - INFO - DataSaver logging initialized. Log file: pb2b/logs/data_saver_20250323.log
2025-03-23 05:11:02 - INFO - Connected to SQLite database: pb2b/p2p_listings.db
2025-03-23 05:11:02 - INFO - Database tables created successfully
2025-03-23 05:11:02 - INFO - Attempt 1/10: Loading https://www.bybit.com/fiat/trade/otc?actionType=1&token=USDT&fiat=NGN
2025-03-23 05:11:11 - INFO - Screenshot saved as 'pb2b/screenshots/bybit_page_20250323_051111.png'
2025-03-23 05:11:11 - INFO - Fetching BUY listings for USDT/EUR
2025-03-23 05:11:12 - INFO - Data successfully saved to SQLite database. New listings - Bybit: 4, Binance: 6
2025-03-23 05:11:12 - INFO - Browser session closed
2025-03-23 05:11:12 - INFO - SQLite database connection closed
2025-03-23 05:32:23 - INFO - Logging initialized. Log file: pb2b/logs/bybit_scraper_20250323.log
2025-03-23 05:32:24 - INFO - DataSaver logging initialized. Log file: pb2b/logs/data_saver_20250323.log
2025-03-23 05:32:24 - INFO - Connected to SQLite database: pb2b/p2p_listings.db
2025-03-23 05:32:24 - INFO - Database tables created successfully
2025-03-23 05:32:24 - INFO - Attempt 1/10: Loading https://www.bybit.com/fiat/trade/otc?actionType=1&token=USDT&fiat=NGN
2025-03-23 05:32:34 - INFO - Screenshot saved as 'pb2b/screenshots/bybit_page_20250323_053233.png'
2025-03-23 05:32:34 - INFO - Fetching BUY listings for USDT/EUR
2025-03-23 05:32:35 - INFO - Data successfully saved to SQLite database. New listings - Bybit: 4, Binance: 6
2025-03-23 05:32:35 - INFO - Browser session closed
2025-03-23 05:32:35 - INFO - SQLite database connection closed
