2025-08-20 00:03:01 - INFO - Logging initialized. Log file: pb2b/logs/bybit_scraper_20250820.log
2025-08-20 00:03:02 - INFO - DataSaver logging initialized. Log file: pb2b/logs/data_saver_20250820.log
2025-08-20 00:03:02 - INFO - Connected to SQLite database: pb2b/p2p_listings.db
2025-08-20 00:03:02 - INFO - Database tables created successfully
2025-08-20 00:03:02 - INFO - Attempt 1/10: Loading https://www.bybit.com/fiat/trade/otc?actionType=1&token=USDT&fiat=NGN
2025-08-20 00:03:13 - INFO - Screenshot saved as 'pb2b/screenshots/bybit_page_20250820_000313.png'
2025-08-20 00:03:14 - INFO - Fetching BUY listings for USDT/EUR
2025-08-20 00:03:15 - INFO - Data successfully saved to SQLite database. New listings - Bybit: 4, Binance: 6
2025-08-20 00:03:15 - INFO - Browser session closed
2025-08-20 00:03:15 - INFO - SQLite database connection closed
2025-08-20 02:08:12 - INFO - Logging initialized. Log file: pb2b/logs/bybit_scraper_20250820.log
2025-08-20 02:08:13 - INFO - DataSaver logging initialized. Log file: pb2b/logs/data_saver_20250820.log
2025-08-20 02:08:13 - INFO - Connected to SQLite database: pb2b/p2p_listings.db
2025-08-20 02:08:13 - INFO - Database tables created successfully
2025-08-20 02:08:13 - INFO - Attempt 1/10: Loading https://www.bybit.com/fiat/trade/otc?actionType=1&token=USDT&fiat=NGN
2025-08-20 02:08:23 - INFO - Screenshot saved as 'pb2b/screenshots/bybit_page_20250820_020823.png'
2025-08-20 02:08:24 - INFO - Fetching BUY listings for USDT/EUR
2025-08-20 02:08:25 - INFO - Data successfully saved to SQLite database. New listings - Bybit: 4, Binance: 6
2025-08-20 02:08:25 - INFO - Browser session closed
2025-08-20 02:08:25 - INFO - SQLite database connection closed
2025-08-20 03:18:22 - INFO - Logging initialized. Log file: pb2b/logs/bybit_scraper_20250820.log
2025-08-20 03:18:23 - INFO - DataSaver logging initialized. Log file: pb2b/logs/data_saver_20250820.log
2025-08-20 03:18:23 - INFO - Connected to SQLite database: pb2b/p2p_listings.db
2025-08-20 03:18:23 - INFO - Database tables created successfully
2025-08-20 03:18:23 - INFO - Attempt 1/10: Loading https://www.bybit.com/fiat/trade/otc?actionType=1&token=USDT&fiat=NGN
2025-08-20 03:18:34 - INFO - Screenshot saved as 'pb2b/screenshots/bybit_page_20250820_031834.png'
2025-08-20 03:18:35 - INFO - Fetching BUY listings for USDT/EUR
2025-08-20 03:18:35 - INFO - Data successfully saved to SQLite database. New listings - Bybit: 4, Binance: 6
2025-08-20 03:18:35 - INFO - Browser session closed
2025-08-20 03:18:35 - INFO - SQLite database connection closed
2025-08-20 03:52:41 - INFO - Logging initialized. Log file: pb2b/logs/bybit_scraper_20250820.log
2025-08-20 03:52:41 - INFO - DataSaver logging initialized. Log file: pb2b/logs/data_saver_20250820.log
2025-08-20 03:52:41 - INFO - Connected to SQLite database: pb2b/p2p_listings.db
2025-08-20 03:52:41 - INFO - Database tables created successfully
2025-08-20 03:52:41 - INFO - Attempt 1/10: Loading https://www.bybit.com/fiat/trade/otc?actionType=1&token=USDT&fiat=NGN
2025-08-20 03:52:51 - INFO - Screenshot saved as 'pb2b/screenshots/bybit_page_20250820_035251.png'
2025-08-20 03:52:52 - INFO - Fetching BUY listings for USDT/EUR
2025-08-20 03:52:52 - INFO - Data successfully saved to SQLite database. New listings - Bybit: 4, Binance: 6
2025-08-20 03:52:53 - INFO - Browser session closed
2025-08-20 03:52:53 - INFO - SQLite database connection closed
2025-08-20 04:20:44 - INFO - Logging initialized. Log file: pb2b/logs/bybit_scraper_20250820.log
2025-08-20 04:20:44 - INFO - DataSaver logging initialized. Log file: pb2b/logs/data_saver_20250820.log
2025-08-20 04:20:44 - INFO - Connected to SQLite database: pb2b/p2p_listings.db
2025-08-20 04:20:44 - INFO - Database tables created successfully
2025-08-20 04:20:44 - INFO - Attempt 1/10: Loading https://www.bybit.com/fiat/trade/otc?actionType=1&token=USDT&fiat=NGN
2025-08-20 04:20:55 - INFO - Screenshot saved as 'pb2b/screenshots/bybit_page_20250820_042055.png'
2025-08-20 04:20:56 - INFO - Fetching BUY listings for USDT/EUR
2025-08-20 04:20:56 - INFO - Data successfully saved to SQLite database. New listings - Bybit: 4, Binance: 6
2025-08-20 04:20:56 - INFO - Browser session closed
2025-08-20 04:20:56 - INFO - SQLite database connection closed
2025-08-20 04:44:52 - INFO - Logging initialized. Log file: pb2b/logs/bybit_scraper_20250820.log
2025-08-20 04:44:54 - INFO - DataSaver logging initialized. Log file: pb2b/logs/data_saver_20250820.log
2025-08-20 04:44:54 - INFO - Connected to SQLite database: pb2b/p2p_listings.db
2025-08-20 04:44:54 - INFO - Database tables created successfully
2025-08-20 04:44:54 - INFO - Attempt 1/10: Loading https://www.bybit.com/fiat/trade/otc?actionType=1&token=USDT&fiat=NGN
2025-08-20 04:45:03 - INFO - Screenshot saved as 'pb2b/screenshots/bybit_page_20250820_044503.png'
2025-08-20 04:45:03 - INFO - Fetching BUY listings for USDT/EUR
2025-08-20 04:45:04 - INFO - Data successfully saved to SQLite database. New listings - Bybit: 4, Binance: 6
2025-08-20 04:45:04 - INFO - Browser session closed
2025-08-20 04:45:04 - INFO - SQLite database connection closed
2025-08-20 04:58:44 - INFO - Logging initialized. Log file: pb2b/logs/bybit_scraper_20250820.log
2025-08-20 04:58:45 - INFO - DataSaver logging initialized. Log file: pb2b/logs/data_saver_20250820.log
2025-08-20 04:58:45 - INFO - Connected to SQLite database: pb2b/p2p_listings.db
2025-08-20 04:58:45 - INFO - Database tables created successfully
2025-08-20 04:58:45 - INFO - Attempt 1/10: Loading https://www.bybit.com/fiat/trade/otc?actionType=1&token=USDT&fiat=NGN
2025-08-20 04:58:56 - INFO - Screenshot saved as 'pb2b/screenshots/bybit_page_20250820_045856.png'
2025-08-20 04:58:56 - INFO - Fetching BUY listings for USDT/EUR
2025-08-20 04:58:57 - INFO - Data successfully saved to SQLite database. New listings - Bybit: 4, Binance: 6
2025-08-20 04:58:57 - INFO - Browser session closed
2025-08-20 04:58:57 - INFO - SQLite database connection closed
2025-08-20 05:28:45 - INFO - Logging initialized. Log file: pb2b/logs/bybit_scraper_20250820.log
2025-08-20 05:28:46 - INFO - DataSaver logging initialized. Log file: pb2b/logs/data_saver_20250820.log
2025-08-20 05:28:46 - INFO - Connected to SQLite database: pb2b/p2p_listings.db
2025-08-20 05:28:46 - INFO - Database tables created successfully
2025-08-20 05:28:46 - INFO - Attempt 1/10: Loading https://www.bybit.com/fiat/trade/otc?actionType=1&token=USDT&fiat=NGN
2025-08-20 05:28:57 - INFO - Screenshot saved as 'pb2b/screenshots/bybit_page_20250820_052857.png'
2025-08-20 05:28:57 - INFO - Fetching BUY listings for USDT/EUR
2025-08-20 05:28:58 - INFO - Data successfully saved to SQLite database. New listings - Bybit: 4, Binance: 6
2025-08-20 05:28:58 - INFO - Browser session closed
2025-08-20 05:28:58 - INFO - SQLite database connection closed
2025-08-20 05:47:21 - INFO - Logging initialized. Log file: pb2b/logs/bybit_scraper_20250820.log
2025-08-20 05:47:22 - INFO - DataSaver logging initialized. Log file: pb2b/logs/data_saver_20250820.log
2025-08-20 05:47:22 - INFO - Connected to SQLite database: pb2b/p2p_listings.db
2025-08-20 05:47:22 - INFO - Database tables created successfully
2025-08-20 05:47:22 - INFO - Attempt 1/10: Loading https://www.bybit.com/fiat/trade/otc?actionType=1&token=USDT&fiat=NGN
2025-08-20 05:47:32 - INFO - Screenshot saved as 'pb2b/screenshots/bybit_page_20250820_054732.png'
2025-08-20 05:47:32 - INFO - Fetching BUY listings for USDT/EUR
2025-08-20 05:47:33 - INFO - Data successfully saved to SQLite database. New listings - Bybit: 4, Binance: 6
2025-08-20 05:47:33 - INFO - Browser session closed
2025-08-20 05:47:33 - INFO - SQLite database connection closed
2025-08-20 06:02:04 - INFO - Logging initialized. Log file: pb2b/logs/bybit_scraper_20250820.log
2025-08-20 06:02:05 - INFO - DataSaver logging initialized. Log file: pb2b/logs/data_saver_20250820.log
2025-08-20 06:02:05 - INFO - Connected to SQLite database: pb2b/p2p_listings.db
2025-08-20 06:02:05 - INFO - Database tables created successfully
2025-08-20 06:02:05 - INFO - Attempt 1/10: Loading https://www.bybit.com/fiat/trade/otc?actionType=1&token=USDT&fiat=NGN
2025-08-20 06:02:16 - INFO - Screenshot saved as 'pb2b/screenshots/bybit_page_20250820_060216.png'
2025-08-20 06:02:16 - INFO - Fetching BUY listings for USDT/EUR
2025-08-20 06:02:17 - INFO - Data successfully saved to SQLite database. New listings - Bybit: 4, Binance: 6
2025-08-20 06:02:17 - INFO - Browser session closed
2025-08-20 06:02:17 - INFO - SQLite database connection closed
2025-08-20 06:43:41 - INFO - Logging initialized. Log file: pb2b/logs/bybit_scraper_20250820.log
2025-08-20 06:43:42 - INFO - DataSaver logging initialized. Log file: pb2b/logs/data_saver_20250820.log
2025-08-20 06:43:42 - INFO - Connected to SQLite database: pb2b/p2p_listings.db
2025-08-20 06:43:42 - INFO - Database tables created successfully
2025-08-20 06:43:42 - INFO - Attempt 1/10: Loading https://www.bybit.com/fiat/trade/otc?actionType=1&token=USDT&fiat=NGN
2025-08-20 06:43:52 - INFO - Screenshot saved as 'pb2b/screenshots/bybit_page_20250820_064352.png'
2025-08-20 06:43:53 - INFO - Fetching BUY listings for USDT/EUR
2025-08-20 06:43:54 - INFO - Data successfully saved to SQLite database. New listings - Bybit: 4, Binance: 6
2025-08-20 06:43:54 - INFO - Browser session closed
2025-08-20 06:43:54 - INFO - SQLite database connection closed
2025-08-20 07:01:55 - INFO - Logging initialized. Log file: pb2b/logs/bybit_scraper_20250820.log
2025-08-20 07:01:56 - INFO - DataSaver logging initialized. Log file: pb2b/logs/data_saver_20250820.log
2025-08-20 07:01:56 - INFO - Connected to SQLite database: pb2b/p2p_listings.db
2025-08-20 07:01:56 - INFO - Database tables created successfully
2025-08-20 07:01:56 - INFO - Attempt 1/10: Loading https://www.bybit.com/fiat/trade/otc?actionType=1&token=USDT&fiat=NGN
2025-08-20 07:02:06 - INFO - Screenshot saved as 'pb2b/screenshots/bybit_page_20250820_070206.png'
2025-08-20 07:02:07 - INFO - Fetching BUY listings for USDT/EUR
2025-08-20 07:02:08 - INFO - Data successfully saved to SQLite database. New listings - Bybit: 4, Binance: 6
2025-08-20 07:02:08 - INFO - Browser session closed
2025-08-20 07:02:08 - INFO - SQLite database connection closed
2025-08-20 07:30:39 - INFO - Logging initialized. Log file: pb2b/logs/bybit_scraper_20250820.log
2025-08-20 07:30:40 - INFO - DataSaver logging initialized. Log file: pb2b/logs/data_saver_20250820.log
2025-08-20 07:30:40 - INFO - Connected to SQLite database: pb2b/p2p_listings.db
2025-08-20 07:30:40 - INFO - Database tables created successfully
2025-08-20 07:30:40 - INFO - Attempt 1/10: Loading https://www.bybit.com/fiat/trade/otc?actionType=1&token=USDT&fiat=NGN
2025-08-20 07:30:51 - INFO - Screenshot saved as 'pb2b/screenshots/bybit_page_20250820_073051.png'
2025-08-20 07:30:51 - INFO - Fetching BUY listings for USDT/EUR
2025-08-20 07:30:52 - INFO - Data successfully saved to SQLite database. New listings - Bybit: 4, Binance: 6
2025-08-20 07:30:52 - INFO - Browser session closed
2025-08-20 07:30:52 - INFO - SQLite database connection closed
2025-08-20 07:47:56 - INFO - Logging initialized. Log file: pb2b/logs/bybit_scraper_20250820.log
2025-08-20 07:47:58 - INFO - DataSaver logging initialized. Log file: pb2b/logs/data_saver_20250820.log
2025-08-20 07:47:58 - INFO - Connected to SQLite database: pb2b/p2p_listings.db
2025-08-20 07:47:58 - INFO - Database tables created successfully
2025-08-20 07:47:58 - INFO - Attempt 1/10: Loading https://www.bybit.com/fiat/trade/otc?actionType=1&token=USDT&fiat=NGN
2025-08-20 07:48:08 - INFO - Screenshot saved as 'pb2b/screenshots/bybit_page_20250820_074808.png'
2025-08-20 07:48:08 - INFO - Fetching BUY listings for USDT/EUR
2025-08-20 07:48:09 - INFO - Data successfully saved to SQLite database. New listings - Bybit: 4, Binance: 6
2025-08-20 07:48:09 - INFO - Browser session closed
2025-08-20 07:48:09 - INFO - SQLite database connection closed
2025-08-20 08:00:08 - INFO - Logging initialized. Log file: pb2b/logs/bybit_scraper_20250820.log
2025-08-20 08:00:09 - INFO - DataSaver logging initialized. Log file: pb2b/logs/data_saver_20250820.log
2025-08-20 08:00:09 - INFO - Connected to SQLite database: pb2b/p2p_listings.db
2025-08-20 08:00:09 - INFO - Database tables created successfully
2025-08-20 08:00:09 - INFO - Attempt 1/10: Loading https://www.bybit.com/fiat/trade/otc?actionType=1&token=USDT&fiat=NGN
2025-08-20 08:00:19 - INFO - Screenshot saved as 'pb2b/screenshots/bybit_page_20250820_080019.png'
2025-08-20 08:00:20 - INFO - Fetching BUY listings for USDT/EUR
2025-08-20 08:00:21 - INFO - Data successfully saved to SQLite database. New listings - Bybit: 4, Binance: 6
2025-08-20 08:00:21 - INFO - Browser session closed
2025-08-20 08:00:21 - INFO - SQLite database connection closed
2025-08-20 08:38:34 - INFO - Logging initialized. Log file: pb2b/logs/bybit_scraper_20250820.log
2025-08-20 08:38:35 - INFO - DataSaver logging initialized. Log file: pb2b/logs/data_saver_20250820.log
2025-08-20 08:38:35 - INFO - Connected to SQLite database: pb2b/p2p_listings.db
2025-08-20 08:38:35 - INFO - Database tables created successfully
2025-08-20 08:38:35 - INFO - Attempt 1/10: Loading https://www.bybit.com/fiat/trade/otc?actionType=1&token=USDT&fiat=NGN
2025-08-20 08:38:47 - INFO - Screenshot saved as 'pb2b/screenshots/bybit_page_20250820_083847.png'
2025-08-20 08:38:47 - INFO - Fetching BUY listings for USDT/EUR
2025-08-20 08:38:48 - INFO - Data successfully saved to SQLite database. New listings - Bybit: 4, Binance: 6
2025-08-20 08:38:48 - INFO - Browser session closed
2025-08-20 08:38:48 - INFO - SQLite database connection closed
2025-08-20 08:57:13 - INFO - Logging initialized. Log file: pb2b/logs/bybit_scraper_20250820.log
2025-08-20 08:57:14 - INFO - DataSaver logging initialized. Log file: pb2b/logs/data_saver_20250820.log
2025-08-20 08:57:14 - INFO - Connected to SQLite database: pb2b/p2p_listings.db
2025-08-20 08:57:14 - INFO - Database tables created successfully
2025-08-20 08:57:14 - INFO - Attempt 1/10: Loading https://www.bybit.com/fiat/trade/otc?actionType=1&token=USDT&fiat=NGN
2025-08-20 08:57:24 - INFO - Screenshot saved as 'pb2b/screenshots/bybit_page_20250820_085724.png'
2025-08-20 08:57:25 - INFO - Fetching BUY listings for USDT/EUR
2025-08-20 08:57:25 - INFO - Data successfully saved to SQLite database. New listings - Bybit: 4, Binance: 6
2025-08-20 08:57:25 - INFO - Browser session closed
2025-08-20 08:57:25 - INFO - SQLite database connection closed
2025-08-20 09:27:36 - INFO - Logging initialized. Log file: pb2b/logs/bybit_scraper_20250820.log
2025-08-20 09:27:37 - INFO - DataSaver logging initialized. Log file: pb2b/logs/data_saver_20250820.log
2025-08-20 09:27:37 - INFO - Connected to SQLite database: pb2b/p2p_listings.db
2025-08-20 09:27:37 - INFO - Database tables created successfully
2025-08-20 09:27:37 - INFO - Attempt 1/10: Loading https://www.bybit.com/fiat/trade/otc?actionType=1&token=USDT&fiat=NGN
2025-08-20 09:27:47 - INFO - Screenshot saved as 'pb2b/screenshots/bybit_page_20250820_092747.png'
2025-08-20 09:27:47 - INFO - Fetching BUY listings for USDT/EUR
2025-08-20 09:27:48 - INFO - Data successfully saved to SQLite database. New listings - Bybit: 4, Binance: 6
2025-08-20 09:27:49 - INFO - Browser session closed
2025-08-20 09:27:49 - INFO - SQLite database connection closed
2025-08-20 09:46:55 - INFO - Logging initialized. Log file: pb2b/logs/bybit_scraper_20250820.log
2025-08-20 09:46:55 - INFO - DataSaver logging initialized. Log file: pb2b/logs/data_saver_20250820.log
2025-08-20 09:46:55 - INFO - Connected to SQLite database: pb2b/p2p_listings.db
2025-08-20 09:46:55 - INFO - Database tables created successfully
2025-08-20 09:46:55 - INFO - Attempt 1/10: Loading https://www.bybit.com/fiat/trade/otc?actionType=1&token=USDT&fiat=NGN
2025-08-20 09:47:05 - INFO - Screenshot saved as 'pb2b/screenshots/bybit_page_20250820_094705.png'
2025-08-20 09:47:06 - INFO - Fetching BUY listings for USDT/EUR
2025-08-20 09:47:06 - INFO - Data successfully saved to SQLite database. New listings - Bybit: 11, Binance: 6
2025-08-20 09:47:07 - INFO - Browser session closed
2025-08-20 09:47:07 - INFO - SQLite database connection closed
2025-08-20 09:59:45 - INFO - Logging initialized. Log file: pb2b/logs/bybit_scraper_20250820.log
2025-08-20 09:59:47 - INFO - DataSaver logging initialized. Log file: pb2b/logs/data_saver_20250820.log
2025-08-20 09:59:47 - INFO - Connected to SQLite database: pb2b/p2p_listings.db
2025-08-20 09:59:47 - INFO - Database tables created successfully
2025-08-20 09:59:47 - INFO - Attempt 1/10: Loading https://www.bybit.com/fiat/trade/otc?actionType=1&token=USDT&fiat=NGN
2025-08-20 09:59:57 - INFO - Screenshot saved as 'pb2b/screenshots/bybit_page_20250820_095957.png'
2025-08-20 09:59:58 - INFO - Fetching BUY listings for USDT/EUR
2025-08-20 09:59:59 - INFO - Data successfully saved to SQLite database. New listings - Bybit: 4, Binance: 6
2025-08-20 09:59:59 - INFO - Browser session closed
2025-08-20 09:59:59 - INFO - SQLite database connection closed
2025-08-20 10:32:31 - INFO - Logging initialized. Log file: pb2b/logs/bybit_scraper_20250820.log
2025-08-20 10:32:32 - INFO - DataSaver logging initialized. Log file: pb2b/logs/data_saver_20250820.log
2025-08-20 10:32:32 - INFO - Connected to SQLite database: pb2b/p2p_listings.db
2025-08-20 10:32:32 - INFO - Database tables created successfully
2025-08-20 10:32:32 - INFO - Attempt 1/10: Loading https://www.bybit.com/fiat/trade/otc?actionType=1&token=USDT&fiat=NGN
2025-08-20 10:32:42 - INFO - Screenshot saved as 'pb2b/screenshots/bybit_page_20250820_103242.png'
2025-08-20 10:32:43 - INFO - Fetching BUY listings for USDT/EUR
2025-08-20 10:32:43 - INFO - Data successfully saved to SQLite database. New listings - Bybit: 4, Binance: 6
2025-08-20 10:32:44 - INFO - Browser session closed
2025-08-20 10:32:44 - INFO - SQLite database connection closed
2025-08-20 10:50:55 - INFO - Logging initialized. Log file: pb2b/logs/bybit_scraper_20250820.log
2025-08-20 10:50:55 - INFO - DataSaver logging initialized. Log file: pb2b/logs/data_saver_20250820.log
2025-08-20 10:50:55 - INFO - Connected to SQLite database: pb2b/p2p_listings.db
2025-08-20 10:50:55 - INFO - Database tables created successfully
2025-08-20 10:50:55 - INFO - Attempt 1/10: Loading https://www.bybit.com/fiat/trade/otc?actionType=1&token=USDT&fiat=NGN
2025-08-20 10:51:05 - INFO - Screenshot saved as 'pb2b/screenshots/bybit_page_20250820_105105.png'
2025-08-20 10:51:06 - INFO - Fetching BUY listings for USDT/EUR
2025-08-20 10:51:06 - INFO - Data successfully saved to SQLite database. New listings - Bybit: 4, Binance: 6
2025-08-20 10:51:06 - INFO - Browser session closed
2025-08-20 10:51:06 - INFO - SQLite database connection closed
2025-08-20 11:12:03 - INFO - Logging initialized. Log file: pb2b/logs/bybit_scraper_20250820.log
2025-08-20 11:12:04 - INFO - DataSaver logging initialized. Log file: pb2b/logs/data_saver_20250820.log
2025-08-20 11:12:04 - INFO - Connected to SQLite database: pb2b/p2p_listings.db
2025-08-20 11:12:04 - INFO - Database tables created successfully
2025-08-20 11:12:04 - INFO - Attempt 1/10: Loading https://www.bybit.com/fiat/trade/otc?actionType=1&token=USDT&fiat=NGN
2025-08-20 11:12:14 - INFO - Screenshot saved as 'pb2b/screenshots/bybit_page_20250820_111214.png'
2025-08-20 11:12:14 - INFO - Fetching BUY listings for USDT/EUR
2025-08-20 11:12:16 - INFO - Data successfully saved to SQLite database. New listings - Bybit: 4, Binance: 6
2025-08-20 11:12:17 - INFO - Browser session closed
2025-08-20 11:12:17 - INFO - SQLite database connection closed
2025-08-20 11:33:11 - INFO - Logging initialized. Log file: pb2b/logs/bybit_scraper_20250820.log
2025-08-20 11:33:13 - INFO - DataSaver logging initialized. Log file: pb2b/logs/data_saver_20250820.log
2025-08-20 11:33:13 - INFO - Connected to SQLite database: pb2b/p2p_listings.db
2025-08-20 11:33:13 - INFO - Database tables created successfully
2025-08-20 11:33:13 - INFO - Attempt 1/10: Loading https://www.bybit.com/fiat/trade/otc?actionType=1&token=USDT&fiat=NGN
2025-08-20 11:33:22 - INFO - Screenshot saved as 'pb2b/screenshots/bybit_page_20250820_113322.png'
2025-08-20 11:33:23 - INFO - Fetching BUY listings for USDT/EUR
2025-08-20 11:33:23 - INFO - Data successfully saved to SQLite database. New listings - Bybit: 4, Binance: 6
2025-08-20 11:33:24 - INFO - Browser session closed
2025-08-20 11:33:24 - INFO - SQLite database connection closed
2025-08-20 11:46:32 - INFO - Logging initialized. Log file: pb2b/logs/bybit_scraper_20250820.log
2025-08-20 11:46:32 - INFO - DataSaver logging initialized. Log file: pb2b/logs/data_saver_20250820.log
2025-08-20 11:46:32 - INFO - Connected to SQLite database: pb2b/p2p_listings.db
2025-08-20 11:46:32 - INFO - Database tables created successfully
2025-08-20 11:46:32 - INFO - Attempt 1/10: Loading https://www.bybit.com/fiat/trade/otc?actionType=1&token=USDT&fiat=NGN
2025-08-20 11:46:43 - INFO - Screenshot saved as 'pb2b/screenshots/bybit_page_20250820_114643.png'
2025-08-20 11:46:44 - INFO - Fetching BUY listings for USDT/EUR
2025-08-20 11:46:45 - INFO - Data successfully saved to SQLite database. New listings - Bybit: 4, Binance: 6
2025-08-20 11:46:45 - INFO - Browser session closed
2025-08-20 11:46:45 - INFO - SQLite database connection closed
2025-08-20 11:59:41 - INFO - Logging initialized. Log file: pb2b/logs/bybit_scraper_20250820.log
2025-08-20 11:59:41 - INFO - DataSaver logging initialized. Log file: pb2b/logs/data_saver_20250820.log
2025-08-20 11:59:41 - INFO - Connected to SQLite database: pb2b/p2p_listings.db
2025-08-20 11:59:41 - INFO - Database tables created successfully
2025-08-20 11:59:41 - INFO - Attempt 1/10: Loading https://www.bybit.com/fiat/trade/otc?actionType=1&token=USDT&fiat=NGN
2025-08-20 11:59:52 - INFO - Screenshot saved as 'pb2b/screenshots/bybit_page_20250820_115952.png'
2025-08-20 11:59:52 - INFO - Fetching BUY listings for USDT/EUR
2025-08-20 11:59:53 - INFO - Data successfully saved to SQLite database. New listings - Bybit: 4, Binance: 6
2025-08-20 11:59:53 - INFO - Browser session closed
2025-08-20 11:59:53 - INFO - SQLite database connection closed
2025-08-20 12:58:25 - INFO - Logging initialized. Log file: pb2b/logs/bybit_scraper_20250820.log
2025-08-20 12:58:26 - INFO - DataSaver logging initialized. Log file: pb2b/logs/data_saver_20250820.log
2025-08-20 12:58:26 - INFO - Connected to SQLite database: pb2b/p2p_listings.db
2025-08-20 12:58:26 - INFO - Database tables created successfully
2025-08-20 12:58:26 - INFO - Attempt 1/10: Loading https://www.bybit.com/fiat/trade/otc?actionType=1&token=USDT&fiat=NGN
2025-08-20 12:58:36 - INFO - Screenshot saved as 'pb2b/screenshots/bybit_page_20250820_125836.png'
2025-08-20 12:58:36 - INFO - Fetching BUY listings for USDT/EUR
2025-08-20 12:58:37 - INFO - Data successfully saved to SQLite database. New listings - Bybit: 4, Binance: 6
2025-08-20 12:58:37 - INFO - Browser session closed
2025-08-20 12:58:37 - INFO - SQLite database connection closed
2025-08-20 13:39:22 - INFO - Logging initialized. Log file: pb2b/logs/bybit_scraper_20250820.log
2025-08-20 13:39:22 - INFO - DataSaver logging initialized. Log file: pb2b/logs/data_saver_20250820.log
2025-08-20 13:39:22 - INFO - Connected to SQLite database: pb2b/p2p_listings.db
2025-08-20 13:39:22 - INFO - Database tables created successfully
2025-08-20 13:39:22 - INFO - Attempt 1/10: Loading https://www.bybit.com/fiat/trade/otc?actionType=1&token=USDT&fiat=NGN
2025-08-20 13:39:34 - INFO - Screenshot saved as 'pb2b/screenshots/bybit_page_20250820_133934.png'
2025-08-20 13:39:34 - INFO - Fetching BUY listings for USDT/EUR
2025-08-20 13:39:35 - INFO - Data successfully saved to SQLite database. New listings - Bybit: 4, Binance: 6
2025-08-20 13:39:35 - INFO - Browser session closed
2025-08-20 13:39:35 - INFO - SQLite database connection closed
2025-08-20 13:55:56 - INFO - Logging initialized. Log file: pb2b/logs/bybit_scraper_20250820.log
2025-08-20 13:55:57 - INFO - DataSaver logging initialized. Log file: pb2b/logs/data_saver_20250820.log
2025-08-20 13:55:57 - INFO - Connected to SQLite database: pb2b/p2p_listings.db
2025-08-20 13:55:57 - INFO - Database tables created successfully
2025-08-20 13:55:57 - INFO - Attempt 1/10: Loading https://www.bybit.com/fiat/trade/otc?actionType=1&token=USDT&fiat=NGN
2025-08-20 13:56:08 - INFO - Screenshot saved as 'pb2b/screenshots/bybit_page_20250820_135608.png'
2025-08-20 13:56:09 - INFO - Fetching BUY listings for USDT/EUR
2025-08-20 13:56:09 - INFO - Data successfully saved to SQLite database. New listings - Bybit: 11, Binance: 6
2025-08-20 13:56:09 - INFO - Browser session closed
2025-08-20 13:56:09 - INFO - SQLite database connection closed
2025-08-20 14:23:17 - INFO - Logging initialized. Log file: pb2b/logs/bybit_scraper_20250820.log
2025-08-20 14:23:18 - INFO - DataSaver logging initialized. Log file: pb2b/logs/data_saver_20250820.log
2025-08-20 14:23:18 - INFO - Connected to SQLite database: pb2b/p2p_listings.db
2025-08-20 14:23:18 - INFO - Database tables created successfully
2025-08-20 14:23:18 - INFO - Attempt 1/10: Loading https://www.bybit.com/fiat/trade/otc?actionType=1&token=USDT&fiat=NGN
2025-08-20 14:23:28 - INFO - Screenshot saved as 'pb2b/screenshots/bybit_page_20250820_142328.png'
2025-08-20 14:23:28 - INFO - Fetching BUY listings for USDT/EUR
2025-08-20 14:23:29 - INFO - Data successfully saved to SQLite database. New listings - Bybit: 4, Binance: 6
2025-08-20 14:23:29 - INFO - Browser session closed
2025-08-20 14:23:29 - INFO - SQLite database connection closed
2025-08-20 14:46:06 - INFO - Logging initialized. Log file: pb2b/logs/bybit_scraper_20250820.log
2025-08-20 14:46:07 - INFO - DataSaver logging initialized. Log file: pb2b/logs/data_saver_20250820.log
2025-08-20 14:46:07 - INFO - Connected to SQLite database: pb2b/p2p_listings.db
2025-08-20 14:46:07 - INFO - Database tables created successfully
2025-08-20 14:46:07 - INFO - Attempt 1/10: Loading https://www.bybit.com/fiat/trade/otc?actionType=1&token=USDT&fiat=NGN
2025-08-20 14:46:17 - INFO - Screenshot saved as 'pb2b/screenshots/bybit_page_20250820_144617.png'
2025-08-20 14:46:18 - INFO - Fetching BUY listings for USDT/EUR
2025-08-20 14:46:19 - INFO - Data successfully saved to SQLite database. New listings - Bybit: 4, Binance: 6
2025-08-20 14:46:19 - INFO - Browser session closed
2025-08-20 14:46:19 - INFO - SQLite database connection closed
2025-08-20 14:58:31 - INFO - Logging initialized. Log file: pb2b/logs/bybit_scraper_20250820.log
2025-08-20 14:58:32 - INFO - DataSaver logging initialized. Log file: pb2b/logs/data_saver_20250820.log
2025-08-20 14:58:32 - INFO - Connected to SQLite database: pb2b/p2p_listings.db
2025-08-20 14:58:32 - INFO - Database tables created successfully
2025-08-20 14:58:32 - INFO - Attempt 1/10: Loading https://www.bybit.com/fiat/trade/otc?actionType=1&token=USDT&fiat=NGN
2025-08-20 14:58:42 - INFO - Screenshot saved as 'pb2b/screenshots/bybit_page_20250820_145842.png'
2025-08-20 14:58:43 - INFO - Fetching BUY listings for USDT/EUR
2025-08-20 14:58:44 - INFO - Data successfully saved to SQLite database. New listings - Bybit: 4, Binance: 6
2025-08-20 14:58:44 - INFO - Browser session closed
2025-08-20 14:58:44 - INFO - SQLite database connection closed
2025-08-20 15:31:51 - INFO - Logging initialized. Log file: pb2b/logs/bybit_scraper_20250820.log
2025-08-20 15:31:52 - INFO - DataSaver logging initialized. Log file: pb2b/logs/data_saver_20250820.log
2025-08-20 15:31:52 - INFO - Connected to SQLite database: pb2b/p2p_listings.db
2025-08-20 15:31:52 - INFO - Database tables created successfully
2025-08-20 15:31:52 - INFO - Attempt 1/10: Loading https://www.bybit.com/fiat/trade/otc?actionType=1&token=USDT&fiat=NGN
2025-08-20 15:32:02 - INFO - Screenshot saved as 'pb2b/screenshots/bybit_page_20250820_153202.png'
2025-08-20 15:32:03 - INFO - Fetching BUY listings for USDT/EUR
2025-08-20 15:32:03 - INFO - Data successfully saved to SQLite database. New listings - Bybit: 4, Binance: 6
2025-08-20 15:32:03 - INFO - Browser session closed
2025-08-20 15:32:03 - INFO - SQLite database connection closed
2025-08-20 15:48:48 - INFO - Logging initialized. Log file: pb2b/logs/bybit_scraper_20250820.log
2025-08-20 15:48:49 - INFO - DataSaver logging initialized. Log file: pb2b/logs/data_saver_20250820.log
2025-08-20 15:48:49 - INFO - Connected to SQLite database: pb2b/p2p_listings.db
2025-08-20 15:48:49 - INFO - Database tables created successfully
2025-08-20 15:48:49 - INFO - Attempt 1/10: Loading https://www.bybit.com/fiat/trade/otc?actionType=1&token=USDT&fiat=NGN
2025-08-20 15:49:00 - INFO - Screenshot saved as 'pb2b/screenshots/bybit_page_20250820_154859.png'
2025-08-20 15:49:00 - INFO - Fetching BUY listings for USDT/EUR
2025-08-20 15:49:01 - INFO - Data successfully saved to SQLite database. New listings - Bybit: 4, Binance: 6
2025-08-20 15:49:01 - INFO - Browser session closed
2025-08-20 15:49:01 - INFO - SQLite database connection closed
2025-08-20 16:01:41 - INFO - Logging initialized. Log file: pb2b/logs/bybit_scraper_20250820.log
2025-08-20 16:01:42 - INFO - DataSaver logging initialized. Log file: pb2b/logs/data_saver_20250820.log
2025-08-20 16:01:42 - INFO - Connected to SQLite database: pb2b/p2p_listings.db
2025-08-20 16:01:42 - INFO - Database tables created successfully
2025-08-20 16:01:42 - INFO - Attempt 1/10: Loading https://www.bybit.com/fiat/trade/otc?actionType=1&token=USDT&fiat=NGN
2025-08-20 16:01:55 - INFO - Screenshot saved as 'pb2b/screenshots/bybit_page_20250820_160155.png'
2025-08-20 16:01:56 - INFO - Fetching BUY listings for USDT/EUR
2025-08-20 16:01:57 - INFO - Data successfully saved to SQLite database. New listings - Bybit: 4, Binance: 6
2025-08-20 16:01:57 - INFO - Browser session closed
2025-08-20 16:01:57 - INFO - SQLite database connection closed
2025-08-20 16:41:51 - INFO - Logging initialized. Log file: pb2b/logs/bybit_scraper_20250820.log
2025-08-20 16:41:51 - INFO - DataSaver logging initialized. Log file: pb2b/logs/data_saver_20250820.log
2025-08-20 16:41:51 - INFO - Connected to SQLite database: pb2b/p2p_listings.db
2025-08-20 16:41:51 - INFO - Database tables created successfully
2025-08-20 16:41:51 - INFO - Attempt 1/10: Loading https://www.bybit.com/fiat/trade/otc?actionType=1&token=USDT&fiat=NGN
2025-08-20 16:42:02 - INFO - Screenshot saved as 'pb2b/screenshots/bybit_page_20250820_164201.png'
2025-08-20 16:42:02 - INFO - Fetching BUY listings for USDT/EUR
2025-08-20 16:42:03 - INFO - Data successfully saved to SQLite database. New listings - Bybit: 4, Binance: 6
2025-08-20 16:42:03 - INFO - Browser session closed
2025-08-20 16:42:03 - INFO - SQLite database connection closed
2025-08-20 17:02:10 - INFO - Logging initialized. Log file: pb2b/logs/bybit_scraper_20250820.log
2025-08-20 17:02:11 - INFO - DataSaver logging initialized. Log file: pb2b/logs/data_saver_20250820.log
2025-08-20 17:02:11 - INFO - Connected to SQLite database: pb2b/p2p_listings.db
2025-08-20 17:02:11 - INFO - Database tables created successfully
2025-08-20 17:02:11 - INFO - Attempt 1/10: Loading https://www.bybit.com/fiat/trade/otc?actionType=1&token=USDT&fiat=NGN
2025-08-20 17:02:22 - INFO - Screenshot saved as 'pb2b/screenshots/bybit_page_20250820_170222.png'
2025-08-20 17:02:22 - INFO - Fetching BUY listings for USDT/EUR
2025-08-20 17:02:23 - INFO - Data successfully saved to SQLite database. New listings - Bybit: 4, Binance: 6
2025-08-20 17:02:23 - INFO - Browser session closed
2025-08-20 17:02:23 - INFO - SQLite database connection closed
