2026-02-06 00:04:18 - INFO - Logging initialized. Log file: pb2b/logs/bybit_scraper_20260206.log
2026-02-06 00:04:19 - INFO - DataSaver logging initialized. Log file: pb2b/logs/data_saver_20260206.log
2026-02-06 00:04:19 - INFO - Connected to SQLite database: pb2b/p2p_listings.db
2026-02-06 00:04:19 - INFO - Database tables created successfully
2026-02-06 00:04:19 - INFO - Attempt 1/10: Loading https://www.bybit.com/fiat/trade/otc?actionType=1&token=USDT&fiat=NGN
2026-02-06 00:04:36 - INFO - Screenshot saved as 'pb2b/screenshots/bybit_page_20260206_000436.png'
2026-02-06 00:04:36 - WARNING - Error parsing row: Message: no such element: Unable to locate element: {"method":"css selector","selector":"td:nth-child(2)"}
  (Session info: chrome=144.0.7559.132); For documentation on this error, please visit: https://www.selenium.dev/documentation/webdriver/troubleshooting/errors#nosuchelementexception
Stacktrace:
#0 0x55a730202afa <unknown>
#1 0x55a72fc1c60f <unknown>
#2 0x55a72fc71a16 <unknown>
#3 0x55a72fc71c51 <unknown>
#4 0x55a72fc65386 <unknown>
#5 0x55a72fc65267 <unknown>
#6 0x55a72fcba62b <unknown>
#7 0x55a72fc63842 <unknown>
#8 0x55a72fc64631 <unknown>
#9 0x55a7301c8689 <unknown>
#10 0x55a7301cb581 <unknown>
#11 0x55a7301b4ca9 <unknown>
#12 0x55a7301cc13e <unknown>
#13 0x55a73019b3a0 <unknown>
#14 0x55a7301effc8 <unknown>
#15 0x55a7301f019b <unknown>
#16 0x55a730201e68 <unknown>
#17 0x7f12e229caa4 <unknown>
#18 0x7f12e2329c6c <unknown>

2026-02-06 00:04:37 - INFO - Fetching BUY listings for USDT/EUR
2026-02-06 00:04:37 - INFO - Data successfully saved to SQLite database. New listings - Bybit: 5, Binance: 6
2026-02-06 00:04:37 - INFO - Browser session closed
2026-02-06 00:04:37 - INFO - SQLite database connection closed
2026-02-06 02:55:55 - INFO - Logging initialized. Log file: pb2b/logs/bybit_scraper_20260206.log
2026-02-06 02:55:59 - INFO - DataSaver logging initialized. Log file: pb2b/logs/data_saver_20260206.log
2026-02-06 02:55:59 - INFO - Connected to SQLite database: pb2b/p2p_listings.db
2026-02-06 02:55:59 - INFO - Database tables created successfully
2026-02-06 02:55:59 - INFO - Attempt 1/10: Loading https://www.bybit.com/fiat/trade/otc?actionType=1&token=USDT&fiat=NGN
2026-02-06 02:56:12 - INFO - Screenshot saved as 'pb2b/screenshots/bybit_page_20260206_025612.png'
2026-02-06 02:56:12 - WARNING - Error parsing row: Message: no such element: Unable to locate element: {"method":"css selector","selector":"td:nth-child(2)"}
  (Session info: chrome=144.0.7559.132); For documentation on this error, please visit: https://www.selenium.dev/documentation/webdriver/troubleshooting/errors#nosuchelementexception
Stacktrace:
#0 0x563fa0878afa <unknown>
#1 0x563fa029260f <unknown>
#2 0x563fa02e7a16 <unknown>
#3 0x563fa02e7c51 <unknown>
#4 0x563fa02db386 <unknown>
#5 0x563fa02db267 <unknown>
#6 0x563fa033062b <unknown>
#7 0x563fa02d9842 <unknown>
#8 0x563fa02da631 <unknown>
#9 0x563fa083e689 <unknown>
#10 0x563fa0841581 <unknown>
#11 0x563fa082aca9 <unknown>
#12 0x563fa084213e <unknown>
#13 0x563fa08113a0 <unknown>
#14 0x563fa0865fc8 <unknown>
#15 0x563fa086619b <unknown>
#16 0x563fa0877e68 <unknown>
#17 0x7fcd5789caa4 <unknown>
#18 0x7fcd57929c6c <unknown>

2026-02-06 02:56:12 - INFO - Fetching BUY listings for USDT/EUR
2026-02-06 02:56:14 - INFO - Data successfully saved to SQLite database. New listings - Bybit: 5, Binance: 6
2026-02-06 02:56:14 - INFO - Browser session closed
2026-02-06 02:56:14 - INFO - SQLite database connection closed
2026-02-06 04:48:57 - INFO - Logging initialized. Log file: pb2b/logs/bybit_scraper_20260206.log
2026-02-06 04:48:58 - INFO - DataSaver logging initialized. Log file: pb2b/logs/data_saver_20260206.log
2026-02-06 04:48:58 - INFO - Connected to SQLite database: pb2b/p2p_listings.db
2026-02-06 04:48:58 - INFO - Database tables created successfully
2026-02-06 04:48:58 - INFO - Attempt 1/10: Loading https://www.bybit.com/fiat/trade/otc?actionType=1&token=USDT&fiat=NGN
2026-02-06 04:49:07 - INFO - Screenshot saved as 'pb2b/screenshots/bybit_page_20260206_044907.png'
2026-02-06 04:49:07 - WARNING - Error parsing row: Message: no such element: Unable to locate element: {"method":"css selector","selector":"td:nth-child(2)"}
  (Session info: chrome=144.0.7559.132); For documentation on this error, please visit: https://www.selenium.dev/documentation/webdriver/troubleshooting/errors#nosuchelementexception
Stacktrace:
#0 0x5642a4c794ba <unknown>
#1 0x5642a46e2492 <unknown>
#2 0x5642a47379b6 <unknown>
#3 0x5642a4737bf1 <unknown>
#4 0x5642a472b1f6 <unknown>
#5 0x5642a472b0d7 <unknown>
#6 0x5642a4780700 <unknown>
#7 0x5642a47296a2 <unknown>
#8 0x5642a472a491 <unknown>
#9 0x5642a4c3f479 <unknown>
#10 0x5642a4c42391 <unknown>
#11 0x5642a4c2ba89 <unknown>
#12 0x5642a4c42f4e <unknown>
#13 0x5642a4c12070 <unknown>
#14 0x5642a4c66ca8 <unknown>
#15 0x5642a4c66e78 <unknown>
#16 0x5642a4c78828 <unknown>
#17 0x7f8c2fe9caa4 <unknown>
#18 0x7f8c2ff29c6c <unknown>

2026-02-06 04:49:07 - INFO - Fetching BUY listings for USDT/EUR
2026-02-06 04:49:10 - INFO - Data successfully saved to SQLite database. New listings - Bybit: 5, Binance: 6
2026-02-06 04:49:10 - INFO - Browser session closed
2026-02-06 04:49:10 - INFO - SQLite database connection closed
