2025-01-14 00:43:43 - INFO - Logging initialized. Log file: pb2b/logs/bybit_scraper_20250114.log
2025-01-14 00:43:44 - INFO - DataSaver logging initialized. Log file: pb2b/logs/data_saver_20250114.log
2025-01-14 00:43:44 - INFO - Connected to SQLite database: pb2b/p2p_listings.db
2025-01-14 00:43:44 - INFO - Database tables created successfully
2025-01-14 00:43:44 - INFO - Attempt 1/10: Loading https://www.bybit.com/fiat/trade/otc?actionType=1&token=USDT&fiat=NGN
2025-01-14 00:43:54 - INFO - Screenshot saved as 'pb2b/screenshots/bybit_page_20250114_004354.png'
2025-01-14 00:43:54 - INFO - Fetching BUY listings for USDT/EUR
2025-01-14 00:43:55 - INFO - Data successfully saved to SQLite database. New listings - Bybit: 4, Binance: 6
2025-01-14 00:43:55 - INFO - Browser session closed
2025-01-14 00:43:55 - INFO - SQLite database connection closed
2025-01-14 02:04:18 - INFO - Logging initialized. Log file: pb2b/logs/bybit_scraper_20250114.log
2025-01-14 02:04:18 - INFO - DataSaver logging initialized. Log file: pb2b/logs/data_saver_20250114.log
2025-01-14 02:04:18 - INFO - Connected to SQLite database: pb2b/p2p_listings.db
2025-01-14 02:04:18 - INFO - Database tables created successfully
2025-01-14 02:04:18 - INFO - Attempt 1/10: Loading https://www.bybit.com/fiat/trade/otc?actionType=1&token=USDT&fiat=NGN
2025-01-14 02:04:28 - INFO - Screenshot saved as 'pb2b/screenshots/bybit_page_20250114_020428.png'
2025-01-14 02:04:28 - INFO - Fetching BUY listings for USDT/EUR
2025-01-14 02:04:29 - INFO - Data successfully saved to SQLite database. New listings - Bybit: 4, Binance: 6
2025-01-14 02:04:29 - INFO - Browser session closed
2025-01-14 02:04:29 - INFO - SQLite database connection closed
2025-01-14 02:50:10 - INFO - Logging initialized. Log file: pb2b/logs/bybit_scraper_20250114.log
2025-01-14 02:50:12 - INFO - DataSaver logging initialized. Log file: pb2b/logs/data_saver_20250114.log
2025-01-14 02:50:12 - INFO - Connected to SQLite database: pb2b/p2p_listings.db
2025-01-14 02:50:12 - INFO - Database tables created successfully
2025-01-14 02:50:12 - INFO - Attempt 1/10: Loading https://www.bybit.com/fiat/trade/otc?actionType=1&token=USDT&fiat=NGN
2025-01-14 02:50:22 - INFO - Screenshot saved as 'pb2b/screenshots/bybit_page_20250114_025022.png'
2025-01-14 02:50:22 - INFO - Fetching BUY listings for USDT/EUR
2025-01-14 02:50:23 - INFO - Data successfully saved to SQLite database. New listings - Bybit: 4, Binance: 6
2025-01-14 02:50:23 - INFO - Browser session closed
2025-01-14 02:50:23 - INFO - SQLite database connection closed
2025-01-14 03:11:57 - INFO - Logging initialized. Log file: pb2b/logs/bybit_scraper_20250114.log
2025-01-14 03:11:57 - INFO - DataSaver logging initialized. Log file: pb2b/logs/data_saver_20250114.log
2025-01-14 03:11:57 - INFO - Connected to SQLite database: pb2b/p2p_listings.db
2025-01-14 03:11:57 - INFO - Database tables created successfully
2025-01-14 03:11:57 - INFO - Attempt 1/10: Loading https://www.bybit.com/fiat/trade/otc?actionType=1&token=USDT&fiat=NGN
2025-01-14 03:12:07 - INFO - Screenshot saved as 'pb2b/screenshots/bybit_page_20250114_031207.png'
2025-01-14 03:12:08 - INFO - Fetching BUY listings for USDT/EUR
2025-01-14 03:12:08 - INFO - Data successfully saved to SQLite database. New listings - Bybit: 4, Binance: 6
2025-01-14 03:12:08 - INFO - Browser session closed
2025-01-14 03:12:08 - INFO - SQLite database connection closed
2025-01-14 03:31:44 - INFO - Logging initialized. Log file: pb2b/logs/bybit_scraper_20250114.log
2025-01-14 03:31:45 - INFO - DataSaver logging initialized. Log file: pb2b/logs/data_saver_20250114.log
2025-01-14 03:31:45 - INFO - Connected to SQLite database: pb2b/p2p_listings.db
2025-01-14 03:31:45 - INFO - Database tables created successfully
2025-01-14 03:31:45 - INFO - Attempt 1/10: Loading https://www.bybit.com/fiat/trade/otc?actionType=1&token=USDT&fiat=NGN
2025-01-14 03:31:57 - INFO - Screenshot saved as 'pb2b/screenshots/bybit_page_20250114_033157.png'
2025-01-14 03:31:57 - INFO - Fetching BUY listings for USDT/EUR
2025-01-14 03:31:58 - INFO - Data successfully saved to SQLite database. New listings - Bybit: 4, Binance: 6
2025-01-14 03:31:58 - INFO - Browser session closed
2025-01-14 03:31:58 - INFO - SQLite database connection closed
