2025-07-12 00:01:47 - INFO - Logging initialized. Log file: pb2b/logs/bybit_scraper_20250712.log
2025-07-12 00:01:52 - INFO - DataSaver logging initialized. Log file: pb2b/logs/data_saver_20250712.log
2025-07-12 00:01:52 - INFO - Connected to SQLite database: pb2b/p2p_listings.db
2025-07-12 00:01:52 - INFO - Database tables created successfully
2025-07-12 00:01:52 - INFO - Attempt 1/10: Loading https://www.bybit.com/fiat/trade/otc?actionType=1&token=USDT&fiat=NGN
2025-07-12 00:02:03 - INFO - Screenshot saved as 'pb2b/screenshots/bybit_page_20250712_000203.png'
2025-07-12 00:02:03 - INFO - Fetching BUY listings for USDT/EUR
2025-07-12 00:02:04 - INFO - Data successfully saved to SQLite database. New listings - Bybit: 4, Binance: 6
2025-07-12 00:02:04 - INFO - Browser session closed
2025-07-12 00:02:04 - INFO - SQLite database connection closed
2025-07-12 02:26:47 - INFO - Logging initialized. Log file: pb2b/logs/bybit_scraper_20250712.log
2025-07-12 02:27:02 - INFO - DataSaver logging initialized. Log file: pb2b/logs/data_saver_20250712.log
2025-07-12 02:27:02 - INFO - Connected to SQLite database: pb2b/p2p_listings.db
2025-07-12 02:27:02 - INFO - Database tables created successfully
2025-07-12 02:27:02 - INFO - Attempt 1/10: Loading https://www.bybit.com/fiat/trade/otc?actionType=1&token=USDT&fiat=NGN
2025-07-12 02:27:15 - INFO - Screenshot saved as 'pb2b/screenshots/bybit_page_20250712_022714.png'
2025-07-12 02:27:15 - INFO - Fetching BUY listings for USDT/EUR
2025-07-12 02:27:16 - INFO - Data successfully saved to SQLite database. New listings - Bybit: 4, Binance: 6
2025-07-12 02:27:16 - INFO - Browser session closed
2025-07-12 02:27:16 - INFO - SQLite database connection closed
2025-07-12 03:44:26 - INFO - Logging initialized. Log file: pb2b/logs/bybit_scraper_20250712.log
2025-07-12 03:44:37 - INFO - DataSaver logging initialized. Log file: pb2b/logs/data_saver_20250712.log
2025-07-12 03:44:37 - INFO - Connected to SQLite database: pb2b/p2p_listings.db
2025-07-12 03:44:37 - INFO - Database tables created successfully
2025-07-12 03:44:37 - INFO - Attempt 1/10: Loading https://www.bybit.com/fiat/trade/otc?actionType=1&token=USDT&fiat=NGN
2025-07-12 03:44:48 - INFO - Screenshot saved as 'pb2b/screenshots/bybit_page_20250712_034447.png'
2025-07-12 03:44:48 - INFO - Fetching BUY listings for USDT/EUR
2025-07-12 03:44:48 - INFO - Data successfully saved to SQLite database. New listings - Bybit: 4, Binance: 6
2025-07-12 03:44:48 - INFO - Browser session closed
2025-07-12 03:44:48 - INFO - SQLite database connection closed
2025-07-12 04:21:56 - INFO - Logging initialized. Log file: pb2b/logs/bybit_scraper_20250712.log
2025-07-12 04:21:57 - INFO - DataSaver logging initialized. Log file: pb2b/logs/data_saver_20250712.log
2025-07-12 04:21:57 - INFO - Connected to SQLite database: pb2b/p2p_listings.db
2025-07-12 04:21:57 - INFO - Database tables created successfully
2025-07-12 04:21:57 - INFO - Attempt 1/10: Loading https://www.bybit.com/fiat/trade/otc?actionType=1&token=USDT&fiat=NGN
2025-07-12 04:22:06 - INFO - Screenshot saved as 'pb2b/screenshots/bybit_page_20250712_042206.png'
2025-07-12 04:22:07 - INFO - Fetching BUY listings for USDT/EUR
2025-07-12 04:22:07 - INFO - Data successfully saved to SQLite database. New listings - Bybit: 4, Binance: 6
2025-07-12 04:22:07 - INFO - Browser session closed
2025-07-12 04:22:07 - INFO - SQLite database connection closed
2025-07-12 04:52:03 - INFO - Logging initialized. Log file: pb2b/logs/bybit_scraper_20250712.log
2025-07-12 04:52:10 - INFO - DataSaver logging initialized. Log file: pb2b/logs/data_saver_20250712.log
2025-07-12 04:52:10 - INFO - Connected to SQLite database: pb2b/p2p_listings.db
2025-07-12 04:52:10 - INFO - Database tables created successfully
2025-07-12 04:52:10 - INFO - Attempt 1/10: Loading https://www.bybit.com/fiat/trade/otc?actionType=1&token=USDT&fiat=NGN
2025-07-12 04:52:21 - INFO - Screenshot saved as 'pb2b/screenshots/bybit_page_20250712_045221.png'
2025-07-12 04:52:22 - INFO - Fetching BUY listings for USDT/EUR
2025-07-12 04:52:22 - INFO - Data successfully saved to SQLite database. New listings - Bybit: 4, Binance: 6
2025-07-12 04:52:22 - INFO - Browser session closed
2025-07-12 04:52:22 - INFO - SQLite database connection closed
