2025-07-28 02:05:17 - INFO - Logging initialized. Log file: pb2b/logs/bybit_scraper_20250728.log
2025-07-28 02:05:18 - INFO - DataSaver logging initialized. Log file: pb2b/logs/data_saver_20250728.log
2025-07-28 02:05:18 - INFO - Connected to SQLite database: pb2b/p2p_listings.db
2025-07-28 02:05:18 - INFO - Database tables created successfully
2025-07-28 02:05:18 - INFO - Attempt 1/10: Loading https://www.bybit.com/fiat/trade/otc?actionType=1&token=USDT&fiat=NGN
2025-07-28 02:07:18 - ERROR - Unexpected error: HTTPConnectionPool(host='localhost', port=52983): Read timed out. (read timeout=120)
2025-07-28 02:07:18 - INFO - Fetching BUY listings for USDT/EUR
2025-07-28 02:07:19 - INFO - Data successfully saved to SQLite database. New listings - Bybit: 0, Binance: 6
2025-07-28 02:09:19 - WARNING - Retrying (Retry(total=2, connect=None, read=None, redirect=None, status=None)) after connection broken by 'ReadTimeoutError("HTTPConnectionPool(host='localhost', port=52983): Read timed out. (read timeout=120)")': /session/133c3a6877c7e67a1a1191d7760baf57
2025-07-28 02:10:18 - INFO - Browser session closed
2025-07-28 02:10:18 - INFO - SQLite database connection closed
2025-07-28 03:53:37 - INFO - Logging initialized. Log file: pb2b/logs/bybit_scraper_20250728.log
2025-07-28 03:53:38 - INFO - DataSaver logging initialized. Log file: pb2b/logs/data_saver_20250728.log
2025-07-28 03:53:38 - INFO - Connected to SQLite database: pb2b/p2p_listings.db
2025-07-28 03:53:38 - INFO - Database tables created successfully
2025-07-28 03:53:38 - INFO - Attempt 1/10: Loading https://www.bybit.com/fiat/trade/otc?actionType=1&token=USDT&fiat=NGN
2025-07-28 03:53:47 - INFO - Screenshot saved as 'pb2b/screenshots/bybit_page_20250728_035347.png'
2025-07-28 03:53:47 - INFO - Fetching BUY listings for USDT/EUR
2025-07-28 03:53:48 - INFO - Data successfully saved to SQLite database. New listings - Bybit: 4, Binance: 6
2025-07-28 03:53:48 - INFO - Browser session closed
2025-07-28 03:53:48 - INFO - SQLite database connection closed
2025-07-28 04:43:28 - INFO - Logging initialized. Log file: pb2b/logs/bybit_scraper_20250728.log
2025-07-28 04:43:29 - INFO - DataSaver logging initialized. Log file: pb2b/logs/data_saver_20250728.log
2025-07-28 04:43:29 - INFO - Connected to SQLite database: pb2b/p2p_listings.db
2025-07-28 04:43:29 - INFO - Database tables created successfully
2025-07-28 04:43:29 - INFO - Attempt 1/10: Loading https://www.bybit.com/fiat/trade/otc?actionType=1&token=USDT&fiat=NGN
2025-07-28 04:43:38 - INFO - Screenshot saved as 'pb2b/screenshots/bybit_page_20250728_044338.png'
2025-07-28 04:43:39 - INFO - Fetching BUY listings for USDT/EUR
2025-07-28 04:43:39 - INFO - Data successfully saved to SQLite database. New listings - Bybit: 4, Binance: 6
2025-07-28 04:43:39 - INFO - Browser session closed
2025-07-28 04:43:39 - INFO - SQLite database connection closed
2025-07-28 05:20:37 - INFO - Logging initialized. Log file: pb2b/logs/bybit_scraper_20250728.log
2025-07-28 05:20:38 - INFO - DataSaver logging initialized. Log file: pb2b/logs/data_saver_20250728.log
2025-07-28 05:20:38 - INFO - Connected to SQLite database: pb2b/p2p_listings.db
2025-07-28 05:20:38 - INFO - Database tables created successfully
2025-07-28 05:20:38 - INFO - Attempt 1/10: Loading https://www.bybit.com/fiat/trade/otc?actionType=1&token=USDT&fiat=NGN
2025-07-28 05:20:48 - INFO - Screenshot saved as 'pb2b/screenshots/bybit_page_20250728_052047.png'
2025-07-28 05:20:48 - INFO - Fetching BUY listings for USDT/EUR
2025-07-28 05:20:49 - INFO - Data successfully saved to SQLite database. New listings - Bybit: 4, Binance: 6
2025-07-28 05:20:49 - INFO - Browser session closed
2025-07-28 05:20:49 - INFO - SQLite database connection closed
