2025-09-10 01:49:21 - INFO - Logging initialized. Log file: pb2b/logs/bybit_scraper_20250910.log
2025-09-10 01:49:23 - INFO - DataSaver logging initialized. Log file: pb2b/logs/data_saver_20250910.log
2025-09-10 01:49:23 - INFO - Connected to SQLite database: pb2b/p2p_listings.db
2025-09-10 01:49:23 - INFO - Database tables created successfully
2025-09-10 01:49:23 - INFO - Attempt 1/10: Loading https://www.bybit.com/fiat/trade/otc?actionType=1&token=USDT&fiat=NGN
2025-09-10 01:49:33 - INFO - Screenshot saved as 'pb2b/screenshots/bybit_page_20250910_014933.png'
2025-09-10 01:49:34 - INFO - Fetching BUY listings for USDT/EUR
2025-09-10 01:49:34 - INFO - Data successfully saved to SQLite database. New listings - Bybit: 4, Binance: 6
2025-09-10 01:49:34 - INFO - Browser session closed
2025-09-10 01:49:34 - INFO - SQLite database connection closed
2025-09-10 02:48:52 - INFO - Logging initialized. Log file: pb2b/logs/bybit_scraper_20250910.log
2025-09-10 02:48:54 - INFO - DataSaver logging initialized. Log file: pb2b/logs/data_saver_20250910.log
2025-09-10 02:48:54 - INFO - Connected to SQLite database: pb2b/p2p_listings.db
2025-09-10 02:48:54 - INFO - Database tables created successfully
2025-09-10 02:48:54 - INFO - Attempt 1/10: Loading https://www.bybit.com/fiat/trade/otc?actionType=1&token=USDT&fiat=NGN
2025-09-10 02:49:04 - INFO - Screenshot saved as 'pb2b/screenshots/bybit_page_20250910_024904.png'
2025-09-10 02:49:05 - INFO - Fetching BUY listings for USDT/EUR
2025-09-10 02:49:05 - INFO - Data successfully saved to SQLite database. New listings - Bybit: 4, Binance: 6
2025-09-10 02:49:05 - INFO - Browser session closed
2025-09-10 02:49:05 - INFO - SQLite database connection closed
2025-09-10 03:22:27 - INFO - Logging initialized. Log file: pb2b/logs/bybit_scraper_20250910.log
2025-09-10 03:22:28 - INFO - DataSaver logging initialized. Log file: pb2b/logs/data_saver_20250910.log
2025-09-10 03:22:28 - INFO - Connected to SQLite database: pb2b/p2p_listings.db
2025-09-10 03:22:28 - INFO - Database tables created successfully
2025-09-10 03:22:28 - INFO - Attempt 1/10: Loading https://www.bybit.com/fiat/trade/otc?actionType=1&token=USDT&fiat=NGN
2025-09-10 03:22:37 - INFO - Screenshot saved as 'pb2b/screenshots/bybit_page_20250910_032237.png'
2025-09-10 03:22:37 - INFO - Fetching BUY listings for USDT/EUR
2025-09-10 03:22:38 - INFO - Data successfully saved to SQLite database. New listings - Bybit: 4, Binance: 6
2025-09-10 03:22:38 - INFO - Browser session closed
2025-09-10 03:22:38 - INFO - SQLite database connection closed
2025-09-10 03:45:30 - INFO - Logging initialized. Log file: pb2b/logs/bybit_scraper_20250910.log
2025-09-10 03:45:31 - INFO - DataSaver logging initialized. Log file: pb2b/logs/data_saver_20250910.log
2025-09-10 03:45:31 - INFO - Connected to SQLite database: pb2b/p2p_listings.db
2025-09-10 03:45:31 - INFO - Database tables created successfully
2025-09-10 03:45:31 - INFO - Attempt 1/10: Loading https://www.bybit.com/fiat/trade/otc?actionType=1&token=USDT&fiat=NGN
2025-09-10 03:45:41 - INFO - Screenshot saved as 'pb2b/screenshots/bybit_page_20250910_034540.png'
2025-09-10 03:45:41 - INFO - Fetching BUY listings for USDT/EUR
2025-09-10 03:45:42 - INFO - Data successfully saved to SQLite database. New listings - Bybit: 4, Binance: 6
2025-09-10 03:45:42 - INFO - Browser session closed
2025-09-10 03:45:42 - INFO - SQLite database connection closed
2025-09-10 03:58:42 - INFO - Logging initialized. Log file: pb2b/logs/bybit_scraper_20250910.log
2025-09-10 03:58:43 - INFO - DataSaver logging initialized. Log file: pb2b/logs/data_saver_20250910.log
2025-09-10 03:58:43 - INFO - Connected to SQLite database: pb2b/p2p_listings.db
2025-09-10 03:58:43 - INFO - Database tables created successfully
2025-09-10 03:58:43 - INFO - Attempt 1/10: Loading https://www.bybit.com/fiat/trade/otc?actionType=1&token=USDT&fiat=NGN
2025-09-10 03:58:53 - INFO - Screenshot saved as 'pb2b/screenshots/bybit_page_20250910_035852.png'
2025-09-10 03:58:53 - INFO - Fetching BUY listings for USDT/EUR
2025-09-10 03:58:54 - INFO - Data successfully saved to SQLite database. New listings - Bybit: 4, Binance: 6
2025-09-10 03:58:54 - INFO - Browser session closed
2025-09-10 03:58:54 - INFO - SQLite database connection closed
2025-09-10 04:31:34 - INFO - Logging initialized. Log file: pb2b/logs/bybit_scraper_20250910.log
2025-09-10 04:31:35 - INFO - DataSaver logging initialized. Log file: pb2b/logs/data_saver_20250910.log
2025-09-10 04:31:35 - INFO - Connected to SQLite database: pb2b/p2p_listings.db
2025-09-10 04:31:35 - INFO - Database tables created successfully
2025-09-10 04:31:35 - INFO - Attempt 1/10: Loading https://www.bybit.com/fiat/trade/otc?actionType=1&token=USDT&fiat=NGN
2025-09-10 04:31:45 - INFO - Screenshot saved as 'pb2b/screenshots/bybit_page_20250910_043145.png'
2025-09-10 04:31:45 - INFO - Fetching BUY listings for USDT/EUR
2025-09-10 04:31:46 - INFO - Data successfully saved to SQLite database. New listings - Bybit: 4, Binance: 6
2025-09-10 04:31:46 - INFO - Browser session closed
2025-09-10 04:31:46 - INFO - SQLite database connection closed
2025-09-10 04:48:19 - INFO - Logging initialized. Log file: pb2b/logs/bybit_scraper_20250910.log
2025-09-10 04:48:19 - INFO - DataSaver logging initialized. Log file: pb2b/logs/data_saver_20250910.log
2025-09-10 04:48:19 - INFO - Connected to SQLite database: pb2b/p2p_listings.db
2025-09-10 04:48:19 - INFO - Database tables created successfully
2025-09-10 04:48:19 - INFO - Attempt 1/10: Loading https://www.bybit.com/fiat/trade/otc?actionType=1&token=USDT&fiat=NGN
2025-09-10 04:48:29 - INFO - Screenshot saved as 'pb2b/screenshots/bybit_page_20250910_044829.png'
2025-09-10 04:48:29 - INFO - Fetching BUY listings for USDT/EUR
2025-09-10 04:48:30 - INFO - Data successfully saved to SQLite database. New listings - Bybit: 4, Binance: 6
2025-09-10 04:48:30 - INFO - Browser session closed
2025-09-10 04:48:30 - INFO - SQLite database connection closed
2025-09-10 05:00:49 - INFO - Logging initialized. Log file: pb2b/logs/bybit_scraper_20250910.log
2025-09-10 05:00:50 - INFO - DataSaver logging initialized. Log file: pb2b/logs/data_saver_20250910.log
2025-09-10 05:00:50 - INFO - Connected to SQLite database: pb2b/p2p_listings.db
2025-09-10 05:00:50 - INFO - Database tables created successfully
2025-09-10 05:00:50 - INFO - Attempt 1/10: Loading https://www.bybit.com/fiat/trade/otc?actionType=1&token=USDT&fiat=NGN
2025-09-10 05:00:59 - INFO - Screenshot saved as 'pb2b/screenshots/bybit_page_20250910_050059.png'
2025-09-10 05:01:00 - INFO - Fetching BUY listings for USDT/EUR
2025-09-10 05:01:00 - INFO - Data successfully saved to SQLite database. New listings - Bybit: 4, Binance: 6
2025-09-10 05:01:00 - INFO - Browser session closed
2025-09-10 05:01:00 - INFO - SQLite database connection closed
2025-09-10 05:31:03 - INFO - Logging initialized. Log file: pb2b/logs/bybit_scraper_20250910.log
2025-09-10 05:31:05 - INFO - DataSaver logging initialized. Log file: pb2b/logs/data_saver_20250910.log
2025-09-10 05:31:05 - INFO - Connected to SQLite database: pb2b/p2p_listings.db
2025-09-10 05:31:05 - INFO - Database tables created successfully
2025-09-10 05:31:05 - INFO - Attempt 1/10: Loading https://www.bybit.com/fiat/trade/otc?actionType=1&token=USDT&fiat=NGN
2025-09-10 05:31:14 - INFO - Screenshot saved as 'pb2b/screenshots/bybit_page_20250910_053114.png'
2025-09-10 05:31:14 - INFO - Fetching BUY listings for USDT/EUR
2025-09-10 05:31:15 - INFO - Data successfully saved to SQLite database. New listings - Bybit: 4, Binance: 6
2025-09-10 05:31:15 - INFO - Browser session closed
2025-09-10 05:31:15 - INFO - SQLite database connection closed
2025-09-10 05:45:46 - INFO - Logging initialized. Log file: pb2b/logs/bybit_scraper_20250910.log
2025-09-10 05:45:47 - INFO - DataSaver logging initialized. Log file: pb2b/logs/data_saver_20250910.log
2025-09-10 05:45:47 - INFO - Connected to SQLite database: pb2b/p2p_listings.db
2025-09-10 05:45:47 - INFO - Database tables created successfully
2025-09-10 05:45:47 - INFO - Attempt 1/10: Loading https://www.bybit.com/fiat/trade/otc?actionType=1&token=USDT&fiat=NGN
2025-09-10 05:45:58 - INFO - Screenshot saved as 'pb2b/screenshots/bybit_page_20250910_054557.png'
2025-09-10 05:45:58 - INFO - Fetching BUY listings for USDT/EUR
2025-09-10 05:45:59 - INFO - Data successfully saved to SQLite database. New listings - Bybit: 4, Binance: 6
2025-09-10 05:45:59 - INFO - Browser session closed
2025-09-10 05:45:59 - INFO - SQLite database connection closed
2025-09-10 05:59:41 - INFO - Logging initialized. Log file: pb2b/logs/bybit_scraper_20250910.log
2025-09-10 05:59:43 - INFO - DataSaver logging initialized. Log file: pb2b/logs/data_saver_20250910.log
2025-09-10 05:59:43 - INFO - Connected to SQLite database: pb2b/p2p_listings.db
2025-09-10 05:59:43 - INFO - Database tables created successfully
2025-09-10 05:59:43 - INFO - Attempt 1/10: Loading https://www.bybit.com/fiat/trade/otc?actionType=1&token=USDT&fiat=NGN
2025-09-10 05:59:52 - INFO - Screenshot saved as 'pb2b/screenshots/bybit_page_20250910_055952.png'
2025-09-10 05:59:53 - INFO - Fetching BUY listings for USDT/EUR
2025-09-10 05:59:53 - INFO - Data successfully saved to SQLite database. New listings - Bybit: 4, Binance: 6
2025-09-10 05:59:53 - INFO - Browser session closed
2025-09-10 05:59:53 - INFO - SQLite database connection closed
