2026-04-04 00:03:45 - INFO - Logging initialized. Log file: pb2b/logs/bybit_scraper_20260404.log
2026-04-04 00:03:45 - INFO - DataSaver logging initialized. Log file: pb2b/logs/data_saver_20260404.log
2026-04-04 00:03:45 - INFO - Connected to SQLite database: pb2b/p2p_listings.db
2026-04-04 00:03:45 - INFO - Database tables created successfully
2026-04-04 00:03:45 - INFO - Attempt 1/10: Loading https://www.bybit.com/fiat/trade/otc?actionType=1&token=USDT&fiat=NGN
2026-04-04 00:03:53 - INFO - Screenshot saved as 'pb2b/screenshots/bybit_page_20260404_000353.png'
2026-04-04 00:03:53 - WARNING - Error parsing row: Message: no such element: Unable to locate element: {"method":"css selector","selector":"td:nth-child(2)"}
  (Session info: chrome=146.0.7680.177); For documentation on this error, please visit: https://www.selenium.dev/documentation/webdriver/troubleshooting/errors#nosuchelementexception
Stacktrace:
#0 0x55b656982a6a <unknown>
#1 0x55b656391ab5 <unknown>
#2 0x55b6563e4676 <unknown>
#3 0x55b6563e48b1 <unknown>
#4 0x55b6563d9616 <unknown>
#5 0x55b6563d94f7 <unknown>
#6 0x55b65642c7b6 <unknown>
#7 0x55b6563d7cbf <unknown>
#8 0x55b6563d8a81 <unknown>
#9 0x55b656948a64 <unknown>
#10 0x55b65694b951 <unknown>
#11 0x55b65693521e <unknown>
#12 0x55b65694c51e <unknown>
#13 0x55b65691bbe0 <unknown>
#14 0x55b65696f9b8 <unknown>
#15 0x55b65696fb88 <unknown>
#16 0x55b6569814de <unknown>
#17 0x7fc21229caa4 <unknown>
#18 0x7fc212329c6c <unknown>

2026-04-04 00:03:53 - WARNING - Error parsing row: Message: no such element: Unable to locate element: {"method":"css selector","selector":"td:nth-child(2)"}
  (Session info: chrome=146.0.7680.177); For documentation on this error, please visit: https://www.selenium.dev/documentation/webdriver/troubleshooting/errors#nosuchelementexception
Stacktrace:
#0 0x55b656982a6a <unknown>
#1 0x55b656391ab5 <unknown>
#2 0x55b6563e4676 <unknown>
#3 0x55b6563e48b1 <unknown>
#4 0x55b6563d9616 <unknown>
#5 0x55b6563d94f7 <unknown>
#6 0x55b65642c7b6 <unknown>
#7 0x55b6563d7cbf <unknown>
#8 0x55b6563d8a81 <unknown>
#9 0x55b656948a64 <unknown>
#10 0x55b65694b951 <unknown>
#11 0x55b65693521e <unknown>
#12 0x55b65694c51e <unknown>
#13 0x55b65691bbe0 <unknown>
#14 0x55b65696f9b8 <unknown>
#15 0x55b65696fb88 <unknown>
#16 0x55b6569814de <unknown>
#17 0x7fc21229caa4 <unknown>
#18 0x7fc212329c6c <unknown>

2026-04-04 00:03:53 - INFO - Fetching BUY listings for USDT/EUR
2026-04-04 00:03:54 - INFO - Data successfully saved to SQLite database. New listings - Bybit: 4, Binance: 6
2026-04-04 00:03:54 - INFO - Browser session closed
2026-04-04 00:03:54 - INFO - SQLite database connection closed
2026-04-04 02:59:25 - INFO - Logging initialized. Log file: pb2b/logs/bybit_scraper_20260404.log
2026-04-04 02:59:26 - INFO - DataSaver logging initialized. Log file: pb2b/logs/data_saver_20260404.log
2026-04-04 02:59:26 - INFO - Connected to SQLite database: pb2b/p2p_listings.db
2026-04-04 02:59:26 - INFO - Database tables created successfully
2026-04-04 02:59:26 - INFO - Attempt 1/10: Loading https://www.bybit.com/fiat/trade/otc?actionType=1&token=USDT&fiat=NGN
2026-04-04 02:59:33 - INFO - Screenshot saved as 'pb2b/screenshots/bybit_page_20260404_025933.png'
2026-04-04 02:59:33 - WARNING - Error parsing row: Message: no such element: Unable to locate element: {"method":"css selector","selector":"td:nth-child(2)"}
  (Session info: chrome=146.0.7680.177); For documentation on this error, please visit: https://www.selenium.dev/documentation/webdriver/troubleshooting/errors#nosuchelementexception
Stacktrace:
#0 0x55aaef715a6a <unknown>
#1 0x55aaef124ab5 <unknown>
#2 0x55aaef177676 <unknown>
#3 0x55aaef1778b1 <unknown>
#4 0x55aaef16c616 <unknown>
#5 0x55aaef16c4f7 <unknown>
#6 0x55aaef1bf7b6 <unknown>
#7 0x55aaef16acbf <unknown>
#8 0x55aaef16ba81 <unknown>
#9 0x55aaef6dba64 <unknown>
#10 0x55aaef6de951 <unknown>
#11 0x55aaef6c821e <unknown>
#12 0x55aaef6df51e <unknown>
#13 0x55aaef6aebe0 <unknown>
#14 0x55aaef7029b8 <unknown>
#15 0x55aaef702b88 <unknown>
#16 0x55aaef7144de <unknown>
#17 0x7f5dde49caa4 <unknown>
#18 0x7f5dde529c6c <unknown>

2026-04-04 02:59:34 - WARNING - Error parsing row: Message: no such element: Unable to locate element: {"method":"css selector","selector":"td:nth-child(2)"}
  (Session info: chrome=146.0.7680.177); For documentation on this error, please visit: https://www.selenium.dev/documentation/webdriver/troubleshooting/errors#nosuchelementexception
Stacktrace:
#0 0x55aaef715a6a <unknown>
#1 0x55aaef124ab5 <unknown>
#2 0x55aaef177676 <unknown>
#3 0x55aaef1778b1 <unknown>
#4 0x55aaef16c616 <unknown>
#5 0x55aaef16c4f7 <unknown>
#6 0x55aaef1bf7b6 <unknown>
#7 0x55aaef16acbf <unknown>
#8 0x55aaef16ba81 <unknown>
#9 0x55aaef6dba64 <unknown>
#10 0x55aaef6de951 <unknown>
#11 0x55aaef6c821e <unknown>
#12 0x55aaef6df51e <unknown>
#13 0x55aaef6aebe0 <unknown>
#14 0x55aaef7029b8 <unknown>
#15 0x55aaef702b88 <unknown>
#16 0x55aaef7144de <unknown>
#17 0x7f5dde49caa4 <unknown>
#18 0x7f5dde529c6c <unknown>

2026-04-04 02:59:34 - INFO - Fetching BUY listings for USDT/EUR
2026-04-04 02:59:34 - INFO - Data successfully saved to SQLite database. New listings - Bybit: 4, Binance: 6
2026-04-04 02:59:35 - INFO - Browser session closed
2026-04-04 02:59:35 - INFO - SQLite database connection closed
