2025-06-19 00:09:35 - INFO - Logging initialized. Log file: pb2b/logs/bybit_scraper_20250619.log
2025-06-19 00:09:36 - INFO - DataSaver logging initialized. Log file: pb2b/logs/data_saver_20250619.log
2025-06-19 00:09:36 - INFO - Connected to SQLite database: pb2b/p2p_listings.db
2025-06-19 00:09:36 - INFO - Database tables created successfully
2025-06-19 00:09:36 - INFO - Attempt 1/10: Loading https://www.bybit.com/fiat/trade/otc?actionType=1&token=USDT&fiat=NGN
2025-06-19 00:09:48 - INFO - Screenshot saved as 'pb2b/screenshots/bybit_page_20250619_000948.png'
2025-06-19 00:09:49 - INFO - Fetching BUY listings for USDT/EUR
2025-06-19 00:09:49 - INFO - Data successfully saved to SQLite database. New listings - Bybit: 4, Binance: 6
2025-06-19 00:09:49 - INFO - Browser session closed
2025-06-19 00:09:49 - INFO - SQLite database connection closed
2025-06-19 02:19:55 - INFO - Logging initialized. Log file: pb2b/logs/bybit_scraper_20250619.log
2025-06-19 02:19:56 - INFO - DataSaver logging initialized. Log file: pb2b/logs/data_saver_20250619.log
2025-06-19 02:19:56 - INFO - Connected to SQLite database: pb2b/p2p_listings.db
2025-06-19 02:19:56 - INFO - Database tables created successfully
2025-06-19 02:19:56 - INFO - Attempt 1/10: Loading https://www.bybit.com/fiat/trade/otc?actionType=1&token=USDT&fiat=NGN
2025-06-19 02:20:04 - INFO - Screenshot saved as 'pb2b/screenshots/bybit_page_20250619_022003.png'
2025-06-19 02:20:04 - INFO - Fetching BUY listings for USDT/EUR
2025-06-19 02:20:05 - INFO - Data successfully saved to SQLite database. New listings - Bybit: 4, Binance: 6
2025-06-19 02:20:05 - INFO - Browser session closed
2025-06-19 02:20:05 - INFO - SQLite database connection closed
2025-06-19 03:35:05 - INFO - Logging initialized. Log file: pb2b/logs/bybit_scraper_20250619.log
2025-06-19 03:35:05 - INFO - DataSaver logging initialized. Log file: pb2b/logs/data_saver_20250619.log
2025-06-19 03:35:05 - INFO - Connected to SQLite database: pb2b/p2p_listings.db
2025-06-19 03:35:05 - INFO - Database tables created successfully
2025-06-19 03:35:05 - INFO - Attempt 1/10: Loading https://www.bybit.com/fiat/trade/otc?actionType=1&token=USDT&fiat=NGN
2025-06-19 03:35:16 - INFO - Screenshot saved as 'pb2b/screenshots/bybit_page_20250619_033516.png'
2025-06-19 03:35:17 - INFO - Fetching BUY listings for USDT/EUR
2025-06-19 03:35:17 - INFO - Data successfully saved to SQLite database. New listings - Bybit: 4, Binance: 6
2025-06-19 03:35:17 - INFO - Browser session closed
2025-06-19 03:35:17 - INFO - SQLite database connection closed
2025-06-19 04:05:58 - INFO - Logging initialized. Log file: pb2b/logs/bybit_scraper_20250619.log
2025-06-19 04:06:00 - INFO - DataSaver logging initialized. Log file: pb2b/logs/data_saver_20250619.log
2025-06-19 04:06:00 - INFO - Connected to SQLite database: pb2b/p2p_listings.db
2025-06-19 04:06:00 - INFO - Database tables created successfully
2025-06-19 04:06:00 - INFO - Attempt 1/10: Loading https://www.bybit.com/fiat/trade/otc?actionType=1&token=USDT&fiat=NGN
2025-06-19 04:06:09 - INFO - Screenshot saved as 'pb2b/screenshots/bybit_page_20250619_040609.png'
2025-06-19 04:06:09 - INFO - Fetching BUY listings for USDT/EUR
2025-06-19 04:06:10 - INFO - Data successfully saved to SQLite database. New listings - Bybit: 4, Binance: 6
2025-06-19 04:06:10 - INFO - Browser session closed
2025-06-19 04:06:10 - INFO - SQLite database connection closed
2025-06-19 04:42:14 - INFO - Logging initialized. Log file: pb2b/logs/bybit_scraper_20250619.log
2025-06-19 04:42:14 - INFO - DataSaver logging initialized. Log file: pb2b/logs/data_saver_20250619.log
2025-06-19 04:42:14 - INFO - Connected to SQLite database: pb2b/p2p_listings.db
2025-06-19 04:42:14 - INFO - Database tables created successfully
2025-06-19 04:42:14 - INFO - Attempt 1/10: Loading https://www.bybit.com/fiat/trade/otc?actionType=1&token=USDT&fiat=NGN
2025-06-19 04:42:27 - INFO - Screenshot saved as 'pb2b/screenshots/bybit_page_20250619_044226.png'
2025-06-19 04:42:27 - INFO - Fetching BUY listings for USDT/EUR
2025-06-19 04:42:27 - INFO - Data successfully saved to SQLite database. New listings - Bybit: 4, Binance: 6
2025-06-19 04:42:28 - INFO - Browser session closed
2025-06-19 04:42:28 - INFO - SQLite database connection closed
