2025-07-16 00:02:06 - INFO - Logging initialized. Log file: pb2b/logs/bybit_scraper_20250716.log
2025-07-16 00:02:07 - INFO - DataSaver logging initialized. Log file: pb2b/logs/data_saver_20250716.log
2025-07-16 00:02:07 - INFO - Connected to SQLite database: pb2b/p2p_listings.db
2025-07-16 00:02:07 - INFO - Database tables created successfully
2025-07-16 00:02:07 - INFO - Attempt 1/10: Loading https://www.bybit.com/fiat/trade/otc?actionType=1&token=USDT&fiat=NGN
2025-07-16 00:02:18 - INFO - Screenshot saved as 'pb2b/screenshots/bybit_page_20250716_000218.png'
2025-07-16 00:02:19 - INFO - Fetching BUY listings for USDT/EUR
2025-07-16 00:02:19 - INFO - Data successfully saved to SQLite database. New listings - Bybit: 4, Binance: 6
2025-07-16 00:02:19 - INFO - Browser session closed
2025-07-16 00:02:19 - INFO - SQLite database connection closed
2025-07-16 02:26:56 - INFO - Logging initialized. Log file: pb2b/logs/bybit_scraper_20250716.log
2025-07-16 02:26:57 - INFO - DataSaver logging initialized. Log file: pb2b/logs/data_saver_20250716.log
2025-07-16 02:26:57 - INFO - Connected to SQLite database: pb2b/p2p_listings.db
2025-07-16 02:26:57 - INFO - Database tables created successfully
2025-07-16 02:26:57 - INFO - Attempt 1/10: Loading https://www.bybit.com/fiat/trade/otc?actionType=1&token=USDT&fiat=NGN
2025-07-16 02:27:09 - INFO - Screenshot saved as 'pb2b/screenshots/bybit_page_20250716_022709.png'
2025-07-16 02:27:09 - INFO - Fetching BUY listings for USDT/EUR
2025-07-16 02:27:10 - INFO - Data successfully saved to SQLite database. New listings - Bybit: 4, Binance: 6
2025-07-16 02:27:10 - INFO - Browser session closed
2025-07-16 02:27:10 - INFO - SQLite database connection closed
2025-07-16 03:49:38 - INFO - Logging initialized. Log file: pb2b/logs/bybit_scraper_20250716.log
2025-07-16 03:49:38 - INFO - DataSaver logging initialized. Log file: pb2b/logs/data_saver_20250716.log
2025-07-16 03:49:38 - INFO - Connected to SQLite database: pb2b/p2p_listings.db
2025-07-16 03:49:38 - INFO - Database tables created successfully
2025-07-16 03:49:38 - INFO - Attempt 1/10: Loading https://www.bybit.com/fiat/trade/otc?actionType=1&token=USDT&fiat=NGN
2025-07-16 03:49:47 - INFO - Screenshot saved as 'pb2b/screenshots/bybit_page_20250716_034947.png'
2025-07-16 03:49:48 - INFO - Fetching BUY listings for USDT/EUR
2025-07-16 03:49:49 - INFO - Data successfully saved to SQLite database. New listings - Bybit: 4, Binance: 6
2025-07-16 03:49:49 - INFO - Browser session closed
2025-07-16 03:49:49 - INFO - SQLite database connection closed
2025-07-16 04:30:16 - INFO - Logging initialized. Log file: pb2b/logs/bybit_scraper_20250716.log
2025-07-16 04:30:17 - INFO - DataSaver logging initialized. Log file: pb2b/logs/data_saver_20250716.log
2025-07-16 04:30:17 - INFO - Connected to SQLite database: pb2b/p2p_listings.db
2025-07-16 04:30:17 - INFO - Database tables created successfully
2025-07-16 04:30:17 - INFO - Attempt 1/10: Loading https://www.bybit.com/fiat/trade/otc?actionType=1&token=USDT&fiat=NGN
2025-07-16 04:30:25 - INFO - Screenshot saved as 'pb2b/screenshots/bybit_page_20250716_043025.png'
2025-07-16 04:30:25 - INFO - Fetching BUY listings for USDT/EUR
2025-07-16 04:30:26 - INFO - Data successfully saved to SQLite database. New listings - Bybit: 4, Binance: 6
2025-07-16 04:30:26 - INFO - Browser session closed
2025-07-16 04:30:26 - INFO - SQLite database connection closed
