2026-01-31 00:01:04 - INFO - Logging initialized. Log file: pb2b/logs/bybit_scraper_20260131.log
2026-01-31 00:01:06 - INFO - DataSaver logging initialized. Log file: pb2b/logs/data_saver_20260131.log
2026-01-31 00:01:06 - INFO - Connected to SQLite database: pb2b/p2p_listings.db
2026-01-31 00:01:06 - INFO - Database tables created successfully
2026-01-31 00:01:06 - INFO - Attempt 1/10: Loading https://www.bybit.com/fiat/trade/otc?actionType=1&token=USDT&fiat=NGN
2026-01-31 00:01:17 - INFO - Screenshot saved as 'pb2b/screenshots/bybit_page_20260131_000117.png'
2026-01-31 00:01:17 - WARNING - Error parsing row: Message: no such element: Unable to locate element: {"method":"css selector","selector":"td:nth-child(2)"}
  (Session info: chrome=144.0.7559.109); For documentation on this error, please visit: https://www.selenium.dev/documentation/webdriver/troubleshooting/errors#nosuchelementexception
Stacktrace:
#0 0x56520679bafa <unknown>
#1 0x5652061b560f <unknown>
#2 0x56520620aa16 <unknown>
#3 0x56520620ac51 <unknown>
#4 0x5652061fe386 <unknown>
#5 0x5652061fe267 <unknown>
#6 0x56520625362b <unknown>
#7 0x5652061fc842 <unknown>
#8 0x5652061fd631 <unknown>
#9 0x565206761689 <unknown>
#10 0x565206764581 <unknown>
#11 0x56520674dca9 <unknown>
#12 0x56520676513e <unknown>
#13 0x5652067343a0 <unknown>
#14 0x565206788fc8 <unknown>
#15 0x56520678919b <unknown>
#16 0x56520679ae68 <unknown>
#17 0x7f377489caa4 <unknown>
#18 0x7f3774929c6c <unknown>

2026-01-31 00:01:18 - INFO - Fetching BUY listings for USDT/EUR
2026-01-31 00:01:18 - INFO - Data successfully saved to SQLite database. New listings - Bybit: 5, Binance: 6
2026-01-31 00:01:19 - INFO - Browser session closed
2026-01-31 00:01:19 - INFO - SQLite database connection closed
2026-01-31 02:45:45 - INFO - Logging initialized. Log file: pb2b/logs/bybit_scraper_20260131.log
2026-01-31 02:45:47 - INFO - DataSaver logging initialized. Log file: pb2b/logs/data_saver_20260131.log
2026-01-31 02:45:47 - INFO - Connected to SQLite database: pb2b/p2p_listings.db
2026-01-31 02:45:47 - INFO - Database tables created successfully
2026-01-31 02:45:47 - INFO - Attempt 1/10: Loading https://www.bybit.com/fiat/trade/otc?actionType=1&token=USDT&fiat=NGN
2026-01-31 02:45:56 - INFO - Screenshot saved as 'pb2b/screenshots/bybit_page_20260131_024556.png'
2026-01-31 02:45:56 - WARNING - Error parsing row: Message: no such element: Unable to locate element: {"method":"css selector","selector":"td:nth-child(2)"}
  (Session info: chrome=144.0.7559.109); For documentation on this error, please visit: https://www.selenium.dev/documentation/webdriver/troubleshooting/errors#nosuchelementexception
Stacktrace:
#0 0x55597d923afa <unknown>
#1 0x55597d33d60f <unknown>
#2 0x55597d392a16 <unknown>
#3 0x55597d392c51 <unknown>
#4 0x55597d386386 <unknown>
#5 0x55597d386267 <unknown>
#6 0x55597d3db62b <unknown>
#7 0x55597d384842 <unknown>
#8 0x55597d385631 <unknown>
#9 0x55597d8e9689 <unknown>
#10 0x55597d8ec581 <unknown>
#11 0x55597d8d5ca9 <unknown>
#12 0x55597d8ed13e <unknown>
#13 0x55597d8bc3a0 <unknown>
#14 0x55597d910fc8 <unknown>
#15 0x55597d91119b <unknown>
#16 0x55597d922e68 <unknown>
#17 0x7f39bb09caa4 <unknown>
#18 0x7f39bb129c6c <unknown>

2026-01-31 02:45:57 - INFO - Fetching BUY listings for USDT/EUR
2026-01-31 02:45:57 - INFO - Data successfully saved to SQLite database. New listings - Bybit: 5, Binance: 6
2026-01-31 02:45:57 - INFO - Browser session closed
2026-01-31 02:45:57 - INFO - SQLite database connection closed
2026-01-31 04:24:10 - INFO - Logging initialized. Log file: pb2b/logs/bybit_scraper_20260131.log
2026-01-31 04:24:12 - INFO - DataSaver logging initialized. Log file: pb2b/logs/data_saver_20260131.log
2026-01-31 04:24:12 - INFO - Connected to SQLite database: pb2b/p2p_listings.db
2026-01-31 04:24:12 - INFO - Database tables created successfully
2026-01-31 04:24:12 - INFO - Attempt 1/10: Loading https://www.bybit.com/fiat/trade/otc?actionType=1&token=USDT&fiat=NGN
2026-01-31 04:24:23 - INFO - Screenshot saved as 'pb2b/screenshots/bybit_page_20260131_042423.png'
2026-01-31 04:24:23 - WARNING - Error parsing row: Message: no such element: Unable to locate element: {"method":"css selector","selector":"td:nth-child(2)"}
  (Session info: chrome=144.0.7559.109); For documentation on this error, please visit: https://www.selenium.dev/documentation/webdriver/troubleshooting/errors#nosuchelementexception
Stacktrace:
#0 0x55a5c2887afa <unknown>
#1 0x55a5c22a160f <unknown>
#2 0x55a5c22f6a16 <unknown>
#3 0x55a5c22f6c51 <unknown>
#4 0x55a5c22ea386 <unknown>
#5 0x55a5c22ea267 <unknown>
#6 0x55a5c233f62b <unknown>
#7 0x55a5c22e8842 <unknown>
#8 0x55a5c22e9631 <unknown>
#9 0x55a5c284d689 <unknown>
#10 0x55a5c2850581 <unknown>
#11 0x55a5c2839ca9 <unknown>
#12 0x55a5c285113e <unknown>
#13 0x55a5c28203a0 <unknown>
#14 0x55a5c2874fc8 <unknown>
#15 0x55a5c287519b <unknown>
#16 0x55a5c2886e68 <unknown>
#17 0x7f54f509caa4 <unknown>
#18 0x7f54f5129c6c <unknown>

2026-01-31 04:24:23 - INFO - Fetching BUY listings for USDT/EUR
2026-01-31 04:24:24 - INFO - Data successfully saved to SQLite database. New listings - Bybit: 5, Binance: 6
2026-01-31 04:24:24 - INFO - Browser session closed
2026-01-31 04:24:24 - INFO - SQLite database connection closed
2026-01-31 05:17:41 - INFO - Logging initialized. Log file: pb2b/logs/bybit_scraper_20260131.log
2026-01-31 05:17:43 - INFO - DataSaver logging initialized. Log file: pb2b/logs/data_saver_20260131.log
2026-01-31 05:17:43 - INFO - Connected to SQLite database: pb2b/p2p_listings.db
2026-01-31 05:17:43 - INFO - Database tables created successfully
2026-01-31 05:17:43 - INFO - Attempt 1/10: Loading https://www.bybit.com/fiat/trade/otc?actionType=1&token=USDT&fiat=NGN
2026-01-31 05:17:53 - INFO - Screenshot saved as 'pb2b/screenshots/bybit_page_20260131_051753.png'
2026-01-31 05:17:53 - WARNING - Error parsing row: Message: no such element: Unable to locate element: {"method":"css selector","selector":"td:nth-child(2)"}
  (Session info: chrome=144.0.7559.109); For documentation on this error, please visit: https://www.selenium.dev/documentation/webdriver/troubleshooting/errors#nosuchelementexception
Stacktrace:
#0 0x56433b50eafa <unknown>
#1 0x56433af2860f <unknown>
#2 0x56433af7da16 <unknown>
#3 0x56433af7dc51 <unknown>
#4 0x56433af71386 <unknown>
#5 0x56433af71267 <unknown>
#6 0x56433afc662b <unknown>
#7 0x56433af6f842 <unknown>
#8 0x56433af70631 <unknown>
#9 0x56433b4d4689 <unknown>
#10 0x56433b4d7581 <unknown>
#11 0x56433b4c0ca9 <unknown>
#12 0x56433b4d813e <unknown>
#13 0x56433b4a73a0 <unknown>
#14 0x56433b4fbfc8 <unknown>
#15 0x56433b4fc19b <unknown>
#16 0x56433b50de68 <unknown>
#17 0x7fe6b4e9caa4 <unknown>
#18 0x7fe6b4f29c6c <unknown>

2026-01-31 05:17:53 - INFO - Fetching BUY listings for USDT/EUR
2026-01-31 05:17:54 - INFO - Data successfully saved to SQLite database. New listings - Bybit: 5, Binance: 6
2026-01-31 05:17:54 - INFO - Browser session closed
2026-01-31 05:17:54 - INFO - SQLite database connection closed
2026-01-31 06:00:56 - INFO - Logging initialized. Log file: pb2b/logs/bybit_scraper_20260131.log
2026-01-31 06:00:56 - INFO - DataSaver logging initialized. Log file: pb2b/logs/data_saver_20260131.log
2026-01-31 06:00:56 - INFO - Connected to SQLite database: pb2b/p2p_listings.db
2026-01-31 06:00:56 - INFO - Database tables created successfully
2026-01-31 06:00:56 - INFO - Attempt 1/10: Loading https://www.bybit.com/fiat/trade/otc?actionType=1&token=USDT&fiat=NGN
2026-01-31 06:01:06 - INFO - Screenshot saved as 'pb2b/screenshots/bybit_page_20260131_060106.png'
2026-01-31 06:01:06 - WARNING - Error parsing row: Message: no such element: Unable to locate element: {"method":"css selector","selector":"td:nth-child(2)"}
  (Session info: chrome=144.0.7559.109); For documentation on this error, please visit: https://www.selenium.dev/documentation/webdriver/troubleshooting/errors#nosuchelementexception
Stacktrace:
#0 0x558369e89afa <unknown>
#1 0x5583698a360f <unknown>
#2 0x5583698f8a16 <unknown>
#3 0x5583698f8c51 <unknown>
#4 0x5583698ec386 <unknown>
#5 0x5583698ec267 <unknown>
#6 0x55836994162b <unknown>
#7 0x5583698ea842 <unknown>
#8 0x5583698eb631 <unknown>
#9 0x558369e4f689 <unknown>
#10 0x558369e52581 <unknown>
#11 0x558369e3bca9 <unknown>
#12 0x558369e5313e <unknown>
#13 0x558369e223a0 <unknown>
#14 0x558369e76fc8 <unknown>
#15 0x558369e7719b <unknown>
#16 0x558369e88e68 <unknown>
#17 0x7f9db589caa4 <unknown>
#18 0x7f9db5929c6c <unknown>

2026-01-31 06:01:06 - INFO - Fetching BUY listings for USDT/EUR
2026-01-31 06:01:07 - INFO - Data successfully saved to SQLite database. New listings - Bybit: 5, Binance: 6
2026-01-31 06:01:07 - INFO - Browser session closed
2026-01-31 06:01:07 - INFO - SQLite database connection closed
2026-01-31 06:58:39 - INFO - Logging initialized. Log file: pb2b/logs/bybit_scraper_20260131.log
2026-01-31 06:58:41 - INFO - DataSaver logging initialized. Log file: pb2b/logs/data_saver_20260131.log
2026-01-31 06:58:41 - INFO - Connected to SQLite database: pb2b/p2p_listings.db
2026-01-31 06:58:41 - INFO - Database tables created successfully
2026-01-31 06:58:41 - INFO - Attempt 1/10: Loading https://www.bybit.com/fiat/trade/otc?actionType=1&token=USDT&fiat=NGN
2026-01-31 06:58:51 - INFO - Screenshot saved as 'pb2b/screenshots/bybit_page_20260131_065851.png'
2026-01-31 06:58:51 - WARNING - Error parsing row: Message: no such element: Unable to locate element: {"method":"css selector","selector":"td:nth-child(2)"}
  (Session info: chrome=144.0.7559.109); For documentation on this error, please visit: https://www.selenium.dev/documentation/webdriver/troubleshooting/errors#nosuchelementexception
Stacktrace:
#0 0x5635245ccafa <unknown>
#1 0x563523fe660f <unknown>
#2 0x56352403ba16 <unknown>
#3 0x56352403bc51 <unknown>
#4 0x56352402f386 <unknown>
#5 0x56352402f267 <unknown>
#6 0x56352408462b <unknown>
#7 0x56352402d842 <unknown>
#8 0x56352402e631 <unknown>
#9 0x563524592689 <unknown>
#10 0x563524595581 <unknown>
#11 0x56352457eca9 <unknown>
#12 0x56352459613e <unknown>
#13 0x5635245653a0 <unknown>
#14 0x5635245b9fc8 <unknown>
#15 0x5635245ba19b <unknown>
#16 0x5635245cbe68 <unknown>
#17 0x7f0a0aa9caa4 <unknown>
#18 0x7f0a0ab29c6c <unknown>

2026-01-31 06:58:52 - INFO - Fetching BUY listings for USDT/EUR
2026-01-31 06:58:52 - INFO - Data successfully saved to SQLite database. New listings - Bybit: 5, Binance: 6
2026-01-31 06:58:52 - INFO - Browser session closed
2026-01-31 06:58:52 - INFO - SQLite database connection closed
2026-01-31 07:34:58 - INFO - Logging initialized. Log file: pb2b/logs/bybit_scraper_20260131.log
2026-01-31 07:34:59 - INFO - DataSaver logging initialized. Log file: pb2b/logs/data_saver_20260131.log
2026-01-31 07:34:59 - INFO - Connected to SQLite database: pb2b/p2p_listings.db
2026-01-31 07:34:59 - INFO - Database tables created successfully
2026-01-31 07:34:59 - INFO - Attempt 1/10: Loading https://www.bybit.com/fiat/trade/otc?actionType=1&token=USDT&fiat=NGN
2026-01-31 07:35:09 - INFO - Screenshot saved as 'pb2b/screenshots/bybit_page_20260131_073509.png'
2026-01-31 07:35:09 - WARNING - Error parsing row: Message: no such element: Unable to locate element: {"method":"css selector","selector":"td:nth-child(2)"}
  (Session info: chrome=144.0.7559.109); For documentation on this error, please visit: https://www.selenium.dev/documentation/webdriver/troubleshooting/errors#nosuchelementexception
Stacktrace:
#0 0x562bdafbeafa <unknown>
#1 0x562bda9d860f <unknown>
#2 0x562bdaa2da16 <unknown>
#3 0x562bdaa2dc51 <unknown>
#4 0x562bdaa21386 <unknown>
#5 0x562bdaa21267 <unknown>
#6 0x562bdaa7662b <unknown>
#7 0x562bdaa1f842 <unknown>
#8 0x562bdaa20631 <unknown>
#9 0x562bdaf84689 <unknown>
#10 0x562bdaf87581 <unknown>
#11 0x562bdaf70ca9 <unknown>
#12 0x562bdaf8813e <unknown>
#13 0x562bdaf573a0 <unknown>
#14 0x562bdafabfc8 <unknown>
#15 0x562bdafac19b <unknown>
#16 0x562bdafbde68 <unknown>
#17 0x7f5d51e9caa4 <unknown>
#18 0x7f5d51f29c6c <unknown>

2026-01-31 07:35:10 - INFO - Fetching BUY listings for USDT/EUR
2026-01-31 07:35:11 - INFO - Data successfully saved to SQLite database. New listings - Bybit: 5, Binance: 6
2026-01-31 07:35:11 - INFO - Browser session closed
2026-01-31 07:35:11 - INFO - SQLite database connection closed
2026-01-31 07:57:37 - INFO - Logging initialized. Log file: pb2b/logs/bybit_scraper_20260131.log
2026-01-31 07:57:38 - INFO - DataSaver logging initialized. Log file: pb2b/logs/data_saver_20260131.log
2026-01-31 07:57:38 - INFO - Connected to SQLite database: pb2b/p2p_listings.db
2026-01-31 07:57:38 - INFO - Database tables created successfully
2026-01-31 07:57:38 - INFO - Attempt 1/10: Loading https://www.bybit.com/fiat/trade/otc?actionType=1&token=USDT&fiat=NGN
2026-01-31 07:57:46 - INFO - Screenshot saved as 'pb2b/screenshots/bybit_page_20260131_075745.png'
2026-01-31 07:57:46 - WARNING - Error parsing row: Message: no such element: Unable to locate element: {"method":"css selector","selector":"td:nth-child(2)"}
  (Session info: chrome=144.0.7559.109); For documentation on this error, please visit: https://www.selenium.dev/documentation/webdriver/troubleshooting/errors#nosuchelementexception
Stacktrace:
#0 0x55c6fee4fafa <unknown>
#1 0x55c6fe86960f <unknown>
#2 0x55c6fe8bea16 <unknown>
#3 0x55c6fe8bec51 <unknown>
#4 0x55c6fe8b2386 <unknown>
#5 0x55c6fe8b2267 <unknown>
#6 0x55c6fe90762b <unknown>
#7 0x55c6fe8b0842 <unknown>
#8 0x55c6fe8b1631 <unknown>
#9 0x55c6fee15689 <unknown>
#10 0x55c6fee18581 <unknown>
#11 0x55c6fee01ca9 <unknown>
#12 0x55c6fee1913e <unknown>
#13 0x55c6fede83a0 <unknown>
#14 0x55c6fee3cfc8 <unknown>
#15 0x55c6fee3d19b <unknown>
#16 0x55c6fee4ee68 <unknown>
#17 0x7fe1dce9caa4 <unknown>
#18 0x7fe1dcf29c6c <unknown>

2026-01-31 07:57:46 - INFO - Fetching BUY listings for USDT/EUR
2026-01-31 07:57:47 - INFO - Data successfully saved to SQLite database. New listings - Bybit: 5, Binance: 6
2026-01-31 07:57:47 - INFO - Browser session closed
2026-01-31 07:57:47 - INFO - SQLite database connection closed
2026-01-31 08:35:26 - INFO - Logging initialized. Log file: pb2b/logs/bybit_scraper_20260131.log
2026-01-31 08:35:27 - INFO - DataSaver logging initialized. Log file: pb2b/logs/data_saver_20260131.log
2026-01-31 08:35:27 - INFO - Connected to SQLite database: pb2b/p2p_listings.db
2026-01-31 08:35:27 - INFO - Database tables created successfully
2026-01-31 08:35:27 - INFO - Attempt 1/10: Loading https://www.bybit.com/fiat/trade/otc?actionType=1&token=USDT&fiat=NGN
2026-01-31 08:35:36 - INFO - Screenshot saved as 'pb2b/screenshots/bybit_page_20260131_083536.png'
2026-01-31 08:35:36 - WARNING - Error parsing row: Message: no such element: Unable to locate element: {"method":"css selector","selector":"td:nth-child(2)"}
  (Session info: chrome=144.0.7559.109); For documentation on this error, please visit: https://www.selenium.dev/documentation/webdriver/troubleshooting/errors#nosuchelementexception
Stacktrace:
#0 0x5595e1d2aafa <unknown>
#1 0x5595e174460f <unknown>
#2 0x5595e1799a16 <unknown>
#3 0x5595e1799c51 <unknown>
#4 0x5595e178d386 <unknown>
#5 0x5595e178d267 <unknown>
#6 0x5595e17e262b <unknown>
#7 0x5595e178b842 <unknown>
#8 0x5595e178c631 <unknown>
#9 0x5595e1cf0689 <unknown>
#10 0x5595e1cf3581 <unknown>
#11 0x5595e1cdcca9 <unknown>
#12 0x5595e1cf413e <unknown>
#13 0x5595e1cc33a0 <unknown>
#14 0x5595e1d17fc8 <unknown>
#15 0x5595e1d1819b <unknown>
#16 0x5595e1d29e68 <unknown>
#17 0x7f12f009caa4 <unknown>
#18 0x7f12f0129c6c <unknown>

2026-01-31 08:35:36 - INFO - Fetching BUY listings for USDT/EUR
2026-01-31 08:35:39 - INFO - Data successfully saved to SQLite database. New listings - Bybit: 5, Binance: 6
2026-01-31 08:35:39 - INFO - Browser session closed
2026-01-31 08:35:39 - INFO - SQLite database connection closed
2026-01-31 09:03:26 - INFO - Logging initialized. Log file: pb2b/logs/bybit_scraper_20260131.log
2026-01-31 09:03:27 - INFO - DataSaver logging initialized. Log file: pb2b/logs/data_saver_20260131.log
2026-01-31 09:03:27 - INFO - Connected to SQLite database: pb2b/p2p_listings.db
2026-01-31 09:03:27 - INFO - Database tables created successfully
2026-01-31 09:03:27 - INFO - Attempt 1/10: Loading https://www.bybit.com/fiat/trade/otc?actionType=1&token=USDT&fiat=NGN
2026-01-31 09:03:36 - INFO - Screenshot saved as 'pb2b/screenshots/bybit_page_20260131_090336.png'
2026-01-31 09:03:36 - WARNING - Error parsing row: Message: no such element: Unable to locate element: {"method":"css selector","selector":"td:nth-child(2)"}
  (Session info: chrome=144.0.7559.109); For documentation on this error, please visit: https://www.selenium.dev/documentation/webdriver/troubleshooting/errors#nosuchelementexception
Stacktrace:
#0 0x564a3ea40afa <unknown>
#1 0x564a3e45a60f <unknown>
#2 0x564a3e4afa16 <unknown>
#3 0x564a3e4afc51 <unknown>
#4 0x564a3e4a3386 <unknown>
#5 0x564a3e4a3267 <unknown>
#6 0x564a3e4f862b <unknown>
#7 0x564a3e4a1842 <unknown>
#8 0x564a3e4a2631 <unknown>
#9 0x564a3ea06689 <unknown>
#10 0x564a3ea09581 <unknown>
#11 0x564a3e9f2ca9 <unknown>
#12 0x564a3ea0a13e <unknown>
#13 0x564a3e9d93a0 <unknown>
#14 0x564a3ea2dfc8 <unknown>
#15 0x564a3ea2e19b <unknown>
#16 0x564a3ea3fe68 <unknown>
#17 0x7f0ec549caa4 <unknown>
#18 0x7f0ec5529c6c <unknown>

2026-01-31 09:03:36 - INFO - Fetching BUY listings for USDT/EUR
2026-01-31 09:03:37 - INFO - Data successfully saved to SQLite database. New listings - Bybit: 5, Binance: 6
2026-01-31 09:03:37 - INFO - Browser session closed
2026-01-31 09:03:37 - INFO - SQLite database connection closed
2026-01-31 09:42:58 - INFO - Logging initialized. Log file: pb2b/logs/bybit_scraper_20260131.log
2026-01-31 09:43:00 - INFO - DataSaver logging initialized. Log file: pb2b/logs/data_saver_20260131.log
2026-01-31 09:43:00 - INFO - Connected to SQLite database: pb2b/p2p_listings.db
2026-01-31 09:43:00 - INFO - Database tables created successfully
2026-01-31 09:43:00 - INFO - Attempt 1/10: Loading https://www.bybit.com/fiat/trade/otc?actionType=1&token=USDT&fiat=NGN
2026-01-31 09:43:07 - INFO - Screenshot saved as 'pb2b/screenshots/bybit_page_20260131_094307.png'
2026-01-31 09:43:07 - WARNING - Error parsing row: Message: no such element: Unable to locate element: {"method":"css selector","selector":"td:nth-child(2)"}
  (Session info: chrome=144.0.7559.109); For documentation on this error, please visit: https://www.selenium.dev/documentation/webdriver/troubleshooting/errors#nosuchelementexception
Stacktrace:
#0 0x5604163bfafa <unknown>
#1 0x560415dd960f <unknown>
#2 0x560415e2ea16 <unknown>
#3 0x560415e2ec51 <unknown>
#4 0x560415e22386 <unknown>
#5 0x560415e22267 <unknown>
#6 0x560415e7762b <unknown>
#7 0x560415e20842 <unknown>
#8 0x560415e21631 <unknown>
#9 0x560416385689 <unknown>
#10 0x560416388581 <unknown>
#11 0x560416371ca9 <unknown>
#12 0x56041638913e <unknown>
#13 0x5604163583a0 <unknown>
#14 0x5604163acfc8 <unknown>
#15 0x5604163ad19b <unknown>
#16 0x5604163bee68 <unknown>
#17 0x7fbc9b89caa4 <unknown>
#18 0x7fbc9b929c6c <unknown>

2026-01-31 09:43:07 - INFO - Fetching BUY listings for USDT/EUR
2026-01-31 09:43:08 - INFO - Data successfully saved to SQLite database. New listings - Bybit: 5, Binance: 6
2026-01-31 09:43:08 - INFO - Browser session closed
2026-01-31 09:43:08 - INFO - SQLite database connection closed
2026-01-31 10:02:32 - INFO - Logging initialized. Log file: pb2b/logs/bybit_scraper_20260131.log
2026-01-31 10:02:35 - INFO - DataSaver logging initialized. Log file: pb2b/logs/data_saver_20260131.log
2026-01-31 10:02:35 - INFO - Connected to SQLite database: pb2b/p2p_listings.db
2026-01-31 10:02:35 - INFO - Database tables created successfully
2026-01-31 10:02:35 - INFO - Attempt 1/10: Loading https://www.bybit.com/fiat/trade/otc?actionType=1&token=USDT&fiat=NGN
2026-01-31 10:02:42 - INFO - Screenshot saved as 'pb2b/screenshots/bybit_page_20260131_100242.png'
2026-01-31 10:02:42 - WARNING - Error parsing row: Message: no such element: Unable to locate element: {"method":"css selector","selector":"td:nth-child(2)"}
  (Session info: chrome=144.0.7559.109); For documentation on this error, please visit: https://www.selenium.dev/documentation/webdriver/troubleshooting/errors#nosuchelementexception
Stacktrace:
#0 0x55e948821afa <unknown>
#1 0x55e94823b60f <unknown>
#2 0x55e948290a16 <unknown>
#3 0x55e948290c51 <unknown>
#4 0x55e948284386 <unknown>
#5 0x55e948284267 <unknown>
#6 0x55e9482d962b <unknown>
#7 0x55e948282842 <unknown>
#8 0x55e948283631 <unknown>
#9 0x55e9487e7689 <unknown>
#10 0x55e9487ea581 <unknown>
#11 0x55e9487d3ca9 <unknown>
#12 0x55e9487eb13e <unknown>
#13 0x55e9487ba3a0 <unknown>
#14 0x55e94880efc8 <unknown>
#15 0x55e94880f19b <unknown>
#16 0x55e948820e68 <unknown>
#17 0x7fea22a9caa4 <unknown>
#18 0x7fea22b29c6c <unknown>

2026-01-31 10:02:43 - INFO - Fetching BUY listings for USDT/EUR
2026-01-31 10:02:43 - INFO - Data successfully saved to SQLite database. New listings - Bybit: 5, Binance: 6
2026-01-31 10:02:43 - INFO - Browser session closed
2026-01-31 10:02:43 - INFO - SQLite database connection closed
2026-01-31 10:41:28 - INFO - Logging initialized. Log file: pb2b/logs/bybit_scraper_20260131.log
2026-01-31 10:41:30 - INFO - DataSaver logging initialized. Log file: pb2b/logs/data_saver_20260131.log
2026-01-31 10:41:30 - INFO - Connected to SQLite database: pb2b/p2p_listings.db
2026-01-31 10:41:30 - INFO - Database tables created successfully
2026-01-31 10:41:30 - INFO - Attempt 1/10: Loading https://www.bybit.com/fiat/trade/otc?actionType=1&token=USDT&fiat=NGN
2026-01-31 10:41:40 - INFO - Screenshot saved as 'pb2b/screenshots/bybit_page_20260131_104140.png'
2026-01-31 10:41:40 - WARNING - Error parsing row: Message: no such element: Unable to locate element: {"method":"css selector","selector":"td:nth-child(2)"}
  (Session info: chrome=144.0.7559.109); For documentation on this error, please visit: https://www.selenium.dev/documentation/webdriver/troubleshooting/errors#nosuchelementexception
Stacktrace:
#0 0x555cd1242afa <unknown>
#1 0x555cd0c5c60f <unknown>
#2 0x555cd0cb1a16 <unknown>
#3 0x555cd0cb1c51 <unknown>
#4 0x555cd0ca5386 <unknown>
#5 0x555cd0ca5267 <unknown>
#6 0x555cd0cfa62b <unknown>
#7 0x555cd0ca3842 <unknown>
#8 0x555cd0ca4631 <unknown>
#9 0x555cd1208689 <unknown>
#10 0x555cd120b581 <unknown>
#11 0x555cd11f4ca9 <unknown>
#12 0x555cd120c13e <unknown>
#13 0x555cd11db3a0 <unknown>
#14 0x555cd122ffc8 <unknown>
#15 0x555cd123019b <unknown>
#16 0x555cd1241e68 <unknown>
#17 0x7fc83209caa4 <unknown>
#18 0x7fc832129c6c <unknown>

2026-01-31 10:41:40 - INFO - Fetching BUY listings for USDT/EUR
2026-01-31 10:41:41 - INFO - Data successfully saved to SQLite database. New listings - Bybit: 5, Binance: 6
2026-01-31 10:41:41 - INFO - Browser session closed
2026-01-31 10:41:41 - INFO - SQLite database connection closed
2026-01-31 11:02:32 - INFO - Logging initialized. Log file: pb2b/logs/bybit_scraper_20260131.log
2026-01-31 11:02:34 - INFO - DataSaver logging initialized. Log file: pb2b/logs/data_saver_20260131.log
2026-01-31 11:02:34 - INFO - Connected to SQLite database: pb2b/p2p_listings.db
2026-01-31 11:02:34 - INFO - Database tables created successfully
2026-01-31 11:02:34 - INFO - Attempt 1/10: Loading https://www.bybit.com/fiat/trade/otc?actionType=1&token=USDT&fiat=NGN
2026-01-31 11:02:43 - INFO - Screenshot saved as 'pb2b/screenshots/bybit_page_20260131_110243.png'
2026-01-31 11:02:43 - WARNING - Error parsing row: Message: no such element: Unable to locate element: {"method":"css selector","selector":"td:nth-child(2)"}
  (Session info: chrome=144.0.7559.109); For documentation on this error, please visit: https://www.selenium.dev/documentation/webdriver/troubleshooting/errors#nosuchelementexception
Stacktrace:
#0 0x5586f80f4afa <unknown>
#1 0x5586f7b0e60f <unknown>
#2 0x5586f7b63a16 <unknown>
#3 0x5586f7b63c51 <unknown>
#4 0x5586f7b57386 <unknown>
#5 0x5586f7b57267 <unknown>
#6 0x5586f7bac62b <unknown>
#7 0x5586f7b55842 <unknown>
#8 0x5586f7b56631 <unknown>
#9 0x5586f80ba689 <unknown>
#10 0x5586f80bd581 <unknown>
#11 0x5586f80a6ca9 <unknown>
#12 0x5586f80be13e <unknown>
#13 0x5586f808d3a0 <unknown>
#14 0x5586f80e1fc8 <unknown>
#15 0x5586f80e219b <unknown>
#16 0x5586f80f3e68 <unknown>
#17 0x7f563c29caa4 <unknown>
#18 0x7f563c329c6c <unknown>

2026-01-31 11:02:44 - INFO - Fetching BUY listings for USDT/EUR
2026-01-31 11:02:44 - INFO - Data successfully saved to SQLite database. New listings - Bybit: 5, Binance: 6
2026-01-31 11:02:45 - INFO - Browser session closed
2026-01-31 11:02:45 - INFO - SQLite database connection closed
2026-01-31 11:34:30 - INFO - Logging initialized. Log file: pb2b/logs/bybit_scraper_20260131.log
2026-01-31 11:34:33 - INFO - DataSaver logging initialized. Log file: pb2b/logs/data_saver_20260131.log
2026-01-31 11:34:33 - INFO - Connected to SQLite database: pb2b/p2p_listings.db
2026-01-31 11:34:33 - INFO - Database tables created successfully
2026-01-31 11:34:33 - INFO - Attempt 1/10: Loading https://www.bybit.com/fiat/trade/otc?actionType=1&token=USDT&fiat=NGN
2026-01-31 11:34:43 - INFO - Screenshot saved as 'pb2b/screenshots/bybit_page_20260131_113442.png'
2026-01-31 11:34:43 - WARNING - Error parsing row: Message: no such element: Unable to locate element: {"method":"css selector","selector":"td:nth-child(2)"}
  (Session info: chrome=144.0.7559.109); For documentation on this error, please visit: https://www.selenium.dev/documentation/webdriver/troubleshooting/errors#nosuchelementexception
Stacktrace:
#0 0x55b65d3daafa <unknown>
#1 0x55b65cdf460f <unknown>
#2 0x55b65ce49a16 <unknown>
#3 0x55b65ce49c51 <unknown>
#4 0x55b65ce3d386 <unknown>
#5 0x55b65ce3d267 <unknown>
#6 0x55b65ce9262b <unknown>
#7 0x55b65ce3b842 <unknown>
#8 0x55b65ce3c631 <unknown>
#9 0x55b65d3a0689 <unknown>
#10 0x55b65d3a3581 <unknown>
#11 0x55b65d38cca9 <unknown>
#12 0x55b65d3a413e <unknown>
#13 0x55b65d3733a0 <unknown>
#14 0x55b65d3c7fc8 <unknown>
#15 0x55b65d3c819b <unknown>
#16 0x55b65d3d9e68 <unknown>
#17 0x7f7bac69caa4 <unknown>
#18 0x7f7bac729c6c <unknown>

2026-01-31 11:34:43 - INFO - Fetching BUY listings for USDT/EUR
2026-01-31 11:34:44 - INFO - Data successfully saved to SQLite database. New listings - Bybit: 5, Binance: 6
2026-01-31 11:34:44 - INFO - Browser session closed
2026-01-31 11:34:44 - INFO - SQLite database connection closed
2026-01-31 11:54:17 - INFO - Logging initialized. Log file: pb2b/logs/bybit_scraper_20260131.log
2026-01-31 11:54:18 - INFO - DataSaver logging initialized. Log file: pb2b/logs/data_saver_20260131.log
2026-01-31 11:54:18 - INFO - Connected to SQLite database: pb2b/p2p_listings.db
2026-01-31 11:54:18 - INFO - Database tables created successfully
2026-01-31 11:54:18 - INFO - Attempt 1/10: Loading https://www.bybit.com/fiat/trade/otc?actionType=1&token=USDT&fiat=NGN
2026-01-31 11:54:27 - INFO - Screenshot saved as 'pb2b/screenshots/bybit_page_20260131_115427.png'
2026-01-31 11:54:27 - WARNING - Error parsing row: Message: no such element: Unable to locate element: {"method":"css selector","selector":"td:nth-child(2)"}
  (Session info: chrome=144.0.7559.109); For documentation on this error, please visit: https://www.selenium.dev/documentation/webdriver/troubleshooting/errors#nosuchelementexception
Stacktrace:
#0 0x55e8f1889afa <unknown>
#1 0x55e8f12a360f <unknown>
#2 0x55e8f12f8a16 <unknown>
#3 0x55e8f12f8c51 <unknown>
#4 0x55e8f12ec386 <unknown>
#5 0x55e8f12ec267 <unknown>
#6 0x55e8f134162b <unknown>
#7 0x55e8f12ea842 <unknown>
#8 0x55e8f12eb631 <unknown>
#9 0x55e8f184f689 <unknown>
#10 0x55e8f1852581 <unknown>
#11 0x55e8f183bca9 <unknown>
#12 0x55e8f185313e <unknown>
#13 0x55e8f18223a0 <unknown>
#14 0x55e8f1876fc8 <unknown>
#15 0x55e8f187719b <unknown>
#16 0x55e8f1888e68 <unknown>
#17 0x7f5b0d09caa4 <unknown>
#18 0x7f5b0d129c6c <unknown>

2026-01-31 11:54:27 - INFO - Fetching BUY listings for USDT/EUR
2026-01-31 11:54:28 - INFO - Data successfully saved to SQLite database. New listings - Bybit: 5, Binance: 6
2026-01-31 11:54:28 - INFO - Browser session closed
2026-01-31 11:54:28 - INFO - SQLite database connection closed
2026-01-31 12:29:07 - INFO - Logging initialized. Log file: pb2b/logs/bybit_scraper_20260131.log
2026-01-31 12:29:08 - INFO - DataSaver logging initialized. Log file: pb2b/logs/data_saver_20260131.log
2026-01-31 12:29:08 - INFO - Connected to SQLite database: pb2b/p2p_listings.db
2026-01-31 12:29:08 - INFO - Database tables created successfully
2026-01-31 12:29:08 - INFO - Attempt 1/10: Loading https://www.bybit.com/fiat/trade/otc?actionType=1&token=USDT&fiat=NGN
2026-01-31 12:29:21 - INFO - Screenshot saved as 'pb2b/screenshots/bybit_page_20260131_122920.png'
2026-01-31 12:29:21 - WARNING - Error parsing row: Message: no such element: Unable to locate element: {"method":"css selector","selector":"td:nth-child(2)"}
  (Session info: chrome=144.0.7559.109); For documentation on this error, please visit: https://www.selenium.dev/documentation/webdriver/troubleshooting/errors#nosuchelementexception
Stacktrace:
#0 0x55b175fcfafa <unknown>
#1 0x55b1759e960f <unknown>
#2 0x55b175a3ea16 <unknown>
#3 0x55b175a3ec51 <unknown>
#4 0x55b175a32386 <unknown>
#5 0x55b175a32267 <unknown>
#6 0x55b175a8762b <unknown>
#7 0x55b175a30842 <unknown>
#8 0x55b175a31631 <unknown>
#9 0x55b175f95689 <unknown>
#10 0x55b175f98581 <unknown>
#11 0x55b175f81ca9 <unknown>
#12 0x55b175f9913e <unknown>
#13 0x55b175f683a0 <unknown>
#14 0x55b175fbcfc8 <unknown>
#15 0x55b175fbd19b <unknown>
#16 0x55b175fcee68 <unknown>
#17 0x7f612249caa4 <unknown>
#18 0x7f6122529c6c <unknown>

2026-01-31 12:29:21 - INFO - Fetching BUY listings for USDT/EUR
2026-01-31 12:29:22 - INFO - Data successfully saved to SQLite database. New listings - Bybit: 5, Binance: 6
2026-01-31 12:29:22 - INFO - Browser session closed
2026-01-31 12:29:22 - INFO - SQLite database connection closed
2026-01-31 13:29:03 - INFO - Logging initialized. Log file: pb2b/logs/bybit_scraper_20260131.log
2026-01-31 13:29:04 - INFO - DataSaver logging initialized. Log file: pb2b/logs/data_saver_20260131.log
2026-01-31 13:29:04 - INFO - Connected to SQLite database: pb2b/p2p_listings.db
2026-01-31 13:29:04 - INFO - Database tables created successfully
2026-01-31 13:29:04 - INFO - Attempt 1/10: Loading https://www.bybit.com/fiat/trade/otc?actionType=1&token=USDT&fiat=NGN
2026-01-31 13:29:13 - INFO - Screenshot saved as 'pb2b/screenshots/bybit_page_20260131_132913.png'
2026-01-31 13:29:13 - WARNING - Error parsing row: Message: no such element: Unable to locate element: {"method":"css selector","selector":"td:nth-child(2)"}
  (Session info: chrome=144.0.7559.109); For documentation on this error, please visit: https://www.selenium.dev/documentation/webdriver/troubleshooting/errors#nosuchelementexception
Stacktrace:
#0 0x5563aad28afa <unknown>
#1 0x5563aa74260f <unknown>
#2 0x5563aa797a16 <unknown>
#3 0x5563aa797c51 <unknown>
#4 0x5563aa78b386 <unknown>
#5 0x5563aa78b267 <unknown>
#6 0x5563aa7e062b <unknown>
#7 0x5563aa789842 <unknown>
#8 0x5563aa78a631 <unknown>
#9 0x5563aacee689 <unknown>
#10 0x5563aacf1581 <unknown>
#11 0x5563aacdaca9 <unknown>
#12 0x5563aacf213e <unknown>
#13 0x5563aacc13a0 <unknown>
#14 0x5563aad15fc8 <unknown>
#15 0x5563aad1619b <unknown>
#16 0x5563aad27e68 <unknown>
#17 0x7fc29089caa4 <unknown>
#18 0x7fc290929c6c <unknown>

2026-01-31 13:29:13 - INFO - Fetching BUY listings for USDT/EUR
2026-01-31 13:29:14 - INFO - Data successfully saved to SQLite database. New listings - Bybit: 5, Binance: 6
2026-01-31 13:29:14 - INFO - Browser session closed
2026-01-31 13:29:14 - INFO - SQLite database connection closed
2026-01-31 14:03:03 - INFO - Logging initialized. Log file: pb2b/logs/bybit_scraper_20260131.log
2026-01-31 14:03:04 - INFO - DataSaver logging initialized. Log file: pb2b/logs/data_saver_20260131.log
2026-01-31 14:03:04 - INFO - Connected to SQLite database: pb2b/p2p_listings.db
2026-01-31 14:03:04 - INFO - Database tables created successfully
2026-01-31 14:03:04 - INFO - Attempt 1/10: Loading https://www.bybit.com/fiat/trade/otc?actionType=1&token=USDT&fiat=NGN
2026-01-31 14:03:14 - INFO - Screenshot saved as 'pb2b/screenshots/bybit_page_20260131_140313.png'
2026-01-31 14:03:14 - WARNING - Error parsing row: Message: no such element: Unable to locate element: {"method":"css selector","selector":"td:nth-child(2)"}
  (Session info: chrome=144.0.7559.109); For documentation on this error, please visit: https://www.selenium.dev/documentation/webdriver/troubleshooting/errors#nosuchelementexception
Stacktrace:
#0 0x55c766600afa <unknown>
#1 0x55c76601a60f <unknown>
#2 0x55c76606fa16 <unknown>
#3 0x55c76606fc51 <unknown>
#4 0x55c766063386 <unknown>
#5 0x55c766063267 <unknown>
#6 0x55c7660b862b <unknown>
#7 0x55c766061842 <unknown>
#8 0x55c766062631 <unknown>
#9 0x55c7665c6689 <unknown>
#10 0x55c7665c9581 <unknown>
#11 0x55c7665b2ca9 <unknown>
#12 0x55c7665ca13e <unknown>
#13 0x55c7665993a0 <unknown>
#14 0x55c7665edfc8 <unknown>
#15 0x55c7665ee19b <unknown>
#16 0x55c7665ffe68 <unknown>
#17 0x7fa32329caa4 <unknown>
#18 0x7fa323329c6c <unknown>

2026-01-31 14:03:14 - INFO - Fetching BUY listings for USDT/EUR
2026-01-31 14:03:15 - INFO - Data successfully saved to SQLite database. New listings - Bybit: 5, Binance: 6
2026-01-31 14:03:15 - INFO - Browser session closed
2026-01-31 14:03:15 - INFO - SQLite database connection closed
2026-01-31 14:39:40 - INFO - Logging initialized. Log file: pb2b/logs/bybit_scraper_20260131.log
2026-01-31 14:39:42 - INFO - DataSaver logging initialized. Log file: pb2b/logs/data_saver_20260131.log
2026-01-31 14:39:42 - INFO - Connected to SQLite database: pb2b/p2p_listings.db
2026-01-31 14:39:42 - INFO - Database tables created successfully
2026-01-31 14:39:42 - INFO - Attempt 1/10: Loading https://www.bybit.com/fiat/trade/otc?actionType=1&token=USDT&fiat=NGN
2026-01-31 14:39:51 - INFO - Screenshot saved as 'pb2b/screenshots/bybit_page_20260131_143951.png'
2026-01-31 14:39:51 - WARNING - Error parsing row: Message: no such element: Unable to locate element: {"method":"css selector","selector":"td:nth-child(2)"}
  (Session info: chrome=144.0.7559.109); For documentation on this error, please visit: https://www.selenium.dev/documentation/webdriver/troubleshooting/errors#nosuchelementexception
Stacktrace:
#0 0x558b01819afa <unknown>
#1 0x558b0123360f <unknown>
#2 0x558b01288a16 <unknown>
#3 0x558b01288c51 <unknown>
#4 0x558b0127c386 <unknown>
#5 0x558b0127c267 <unknown>
#6 0x558b012d162b <unknown>
#7 0x558b0127a842 <unknown>
#8 0x558b0127b631 <unknown>
#9 0x558b017df689 <unknown>
#10 0x558b017e2581 <unknown>
#11 0x558b017cbca9 <unknown>
#12 0x558b017e313e <unknown>
#13 0x558b017b23a0 <unknown>
#14 0x558b01806fc8 <unknown>
#15 0x558b0180719b <unknown>
#16 0x558b01818e68 <unknown>
#17 0x7fa5d909caa4 <unknown>
#18 0x7fa5d9129c6c <unknown>

2026-01-31 14:39:51 - INFO - Fetching BUY listings for USDT/EUR
2026-01-31 14:39:52 - INFO - Data successfully saved to SQLite database. New listings - Bybit: 5, Binance: 6
2026-01-31 14:39:52 - INFO - Browser session closed
2026-01-31 14:39:52 - INFO - SQLite database connection closed
2026-01-31 15:01:04 - INFO - Logging initialized. Log file: pb2b/logs/bybit_scraper_20260131.log
2026-01-31 15:01:05 - INFO - DataSaver logging initialized. Log file: pb2b/logs/data_saver_20260131.log
2026-01-31 15:01:05 - INFO - Connected to SQLite database: pb2b/p2p_listings.db
2026-01-31 15:01:05 - INFO - Database tables created successfully
2026-01-31 15:01:05 - INFO - Attempt 1/10: Loading https://www.bybit.com/fiat/trade/otc?actionType=1&token=USDT&fiat=NGN
2026-01-31 15:01:15 - INFO - Screenshot saved as 'pb2b/screenshots/bybit_page_20260131_150115.png'
2026-01-31 15:01:15 - WARNING - Error parsing row: Message: no such element: Unable to locate element: {"method":"css selector","selector":"td:nth-child(2)"}
  (Session info: chrome=144.0.7559.109); For documentation on this error, please visit: https://www.selenium.dev/documentation/webdriver/troubleshooting/errors#nosuchelementexception
Stacktrace:
#0 0x56302a7b0afa <unknown>
#1 0x56302a1ca60f <unknown>
#2 0x56302a21fa16 <unknown>
#3 0x56302a21fc51 <unknown>
#4 0x56302a213386 <unknown>
#5 0x56302a213267 <unknown>
#6 0x56302a26862b <unknown>
#7 0x56302a211842 <unknown>
#8 0x56302a212631 <unknown>
#9 0x56302a776689 <unknown>
#10 0x56302a779581 <unknown>
#11 0x56302a762ca9 <unknown>
#12 0x56302a77a13e <unknown>
#13 0x56302a7493a0 <unknown>
#14 0x56302a79dfc8 <unknown>
#15 0x56302a79e19b <unknown>
#16 0x56302a7afe68 <unknown>
#17 0x7f8bf149caa4 <unknown>
#18 0x7f8bf1529c6c <unknown>

2026-01-31 15:01:15 - INFO - Fetching BUY listings for USDT/EUR
2026-01-31 15:01:16 - INFO - Data successfully saved to SQLite database. New listings - Bybit: 5, Binance: 6
2026-01-31 15:01:16 - INFO - Browser session closed
2026-01-31 15:01:16 - INFO - SQLite database connection closed
2026-01-31 15:38:14 - INFO - Logging initialized. Log file: pb2b/logs/bybit_scraper_20260131.log
2026-01-31 15:38:15 - INFO - DataSaver logging initialized. Log file: pb2b/logs/data_saver_20260131.log
2026-01-31 15:38:15 - INFO - Connected to SQLite database: pb2b/p2p_listings.db
2026-01-31 15:38:15 - INFO - Database tables created successfully
2026-01-31 15:38:15 - INFO - Attempt 1/10: Loading https://www.bybit.com/fiat/trade/otc?actionType=1&token=USDT&fiat=NGN
2026-01-31 15:38:25 - INFO - Screenshot saved as 'pb2b/screenshots/bybit_page_20260131_153824.png'
2026-01-31 15:38:25 - WARNING - Error parsing row: Message: no such element: Unable to locate element: {"method":"css selector","selector":"td:nth-child(2)"}
  (Session info: chrome=144.0.7559.109); For documentation on this error, please visit: https://www.selenium.dev/documentation/webdriver/troubleshooting/errors#nosuchelementexception
Stacktrace:
#0 0x5568204b6afa <unknown>
#1 0x55681fed060f <unknown>
#2 0x55681ff25a16 <unknown>
#3 0x55681ff25c51 <unknown>
#4 0x55681ff19386 <unknown>
#5 0x55681ff19267 <unknown>
#6 0x55681ff6e62b <unknown>
#7 0x55681ff17842 <unknown>
#8 0x55681ff18631 <unknown>
#9 0x55682047c689 <unknown>
#10 0x55682047f581 <unknown>
#11 0x556820468ca9 <unknown>
#12 0x55682048013e <unknown>
#13 0x55682044f3a0 <unknown>
#14 0x5568204a3fc8 <unknown>
#15 0x5568204a419b <unknown>
#16 0x5568204b5e68 <unknown>
#17 0x7f29dec9caa4 <unknown>
#18 0x7f29ded29c6c <unknown>

2026-01-31 15:38:25 - INFO - Fetching BUY listings for USDT/EUR
2026-01-31 15:38:26 - INFO - Data successfully saved to SQLite database. New listings - Bybit: 5, Binance: 6
2026-01-31 15:38:26 - INFO - Browser session closed
2026-01-31 15:38:26 - INFO - SQLite database connection closed
2026-01-31 15:57:58 - INFO - Logging initialized. Log file: pb2b/logs/bybit_scraper_20260131.log
2026-01-31 15:57:59 - INFO - DataSaver logging initialized. Log file: pb2b/logs/data_saver_20260131.log
2026-01-31 15:57:59 - INFO - Connected to SQLite database: pb2b/p2p_listings.db
2026-01-31 15:57:59 - INFO - Database tables created successfully
2026-01-31 15:57:59 - INFO - Attempt 1/10: Loading https://www.bybit.com/fiat/trade/otc?actionType=1&token=USDT&fiat=NGN
2026-01-31 15:58:07 - INFO - Screenshot saved as 'pb2b/screenshots/bybit_page_20260131_155807.png'
2026-01-31 15:58:07 - WARNING - Error parsing row: Message: no such element: Unable to locate element: {"method":"css selector","selector":"td:nth-child(2)"}
  (Session info: chrome=144.0.7559.109); For documentation on this error, please visit: https://www.selenium.dev/documentation/webdriver/troubleshooting/errors#nosuchelementexception
Stacktrace:
#0 0x55e416a88afa <unknown>
#1 0x55e4164a260f <unknown>
#2 0x55e4164f7a16 <unknown>
#3 0x55e4164f7c51 <unknown>
#4 0x55e4164eb386 <unknown>
#5 0x55e4164eb267 <unknown>
#6 0x55e41654062b <unknown>
#7 0x55e4164e9842 <unknown>
#8 0x55e4164ea631 <unknown>
#9 0x55e416a4e689 <unknown>
#10 0x55e416a51581 <unknown>
#11 0x55e416a3aca9 <unknown>
#12 0x55e416a5213e <unknown>
#13 0x55e416a213a0 <unknown>
#14 0x55e416a75fc8 <unknown>
#15 0x55e416a7619b <unknown>
#16 0x55e416a87e68 <unknown>
#17 0x7f9fe6c9caa4 <unknown>
#18 0x7f9fe6d29c6c <unknown>

2026-01-31 15:58:07 - INFO - Fetching BUY listings for USDT/EUR
2026-01-31 15:58:09 - INFO - Data successfully saved to SQLite database. New listings - Bybit: 5, Binance: 6
2026-01-31 15:58:10 - INFO - Browser session closed
2026-01-31 15:58:10 - INFO - SQLite database connection closed
2026-01-31 16:33:43 - INFO - Logging initialized. Log file: pb2b/logs/bybit_scraper_20260131.log
2026-01-31 16:33:45 - INFO - DataSaver logging initialized. Log file: pb2b/logs/data_saver_20260131.log
2026-01-31 16:33:45 - INFO - Connected to SQLite database: pb2b/p2p_listings.db
2026-01-31 16:33:45 - INFO - Database tables created successfully
2026-01-31 16:33:45 - INFO - Attempt 1/10: Loading https://www.bybit.com/fiat/trade/otc?actionType=1&token=USDT&fiat=NGN
2026-01-31 16:33:54 - INFO - Screenshot saved as 'pb2b/screenshots/bybit_page_20260131_163353.png'
2026-01-31 16:33:54 - WARNING - Error parsing row: Message: no such element: Unable to locate element: {"method":"css selector","selector":"td:nth-child(2)"}
  (Session info: chrome=144.0.7559.109); For documentation on this error, please visit: https://www.selenium.dev/documentation/webdriver/troubleshooting/errors#nosuchelementexception
Stacktrace:
#0 0x55d27b7bdafa <unknown>
#1 0x55d27b1d760f <unknown>
#2 0x55d27b22ca16 <unknown>
#3 0x55d27b22cc51 <unknown>
#4 0x55d27b220386 <unknown>
#5 0x55d27b220267 <unknown>
#6 0x55d27b27562b <unknown>
#7 0x55d27b21e842 <unknown>
#8 0x55d27b21f631 <unknown>
#9 0x55d27b783689 <unknown>
#10 0x55d27b786581 <unknown>
#11 0x55d27b76fca9 <unknown>
#12 0x55d27b78713e <unknown>
#13 0x55d27b7563a0 <unknown>
#14 0x55d27b7aafc8 <unknown>
#15 0x55d27b7ab19b <unknown>
#16 0x55d27b7bce68 <unknown>
#17 0x7fc7a829caa4 <unknown>
#18 0x7fc7a8329c6c <unknown>

2026-01-31 16:33:54 - INFO - Fetching BUY listings for USDT/EUR
2026-01-31 16:33:54 - INFO - Data successfully saved to SQLite database. New listings - Bybit: 5, Binance: 6
2026-01-31 16:33:55 - INFO - Browser session closed
2026-01-31 16:33:55 - INFO - SQLite database connection closed
2026-01-31 17:01:59 - INFO - Logging initialized. Log file: pb2b/logs/bybit_scraper_20260131.log
2026-01-31 17:02:00 - INFO - DataSaver logging initialized. Log file: pb2b/logs/data_saver_20260131.log
2026-01-31 17:02:00 - INFO - Connected to SQLite database: pb2b/p2p_listings.db
2026-01-31 17:02:00 - INFO - Database tables created successfully
2026-01-31 17:02:00 - INFO - Attempt 1/10: Loading https://www.bybit.com/fiat/trade/otc?actionType=1&token=USDT&fiat=NGN
2026-01-31 17:02:09 - INFO - Screenshot saved as 'pb2b/screenshots/bybit_page_20260131_170208.png'
2026-01-31 17:02:09 - WARNING - Error parsing row: Message: no such element: Unable to locate element: {"method":"css selector","selector":"td:nth-child(2)"}
  (Session info: chrome=144.0.7559.109); For documentation on this error, please visit: https://www.selenium.dev/documentation/webdriver/troubleshooting/errors#nosuchelementexception
Stacktrace:
#0 0x55ae1e778afa <unknown>
#1 0x55ae1e19260f <unknown>
#2 0x55ae1e1e7a16 <unknown>
#3 0x55ae1e1e7c51 <unknown>
#4 0x55ae1e1db386 <unknown>
#5 0x55ae1e1db267 <unknown>
#6 0x55ae1e23062b <unknown>
#7 0x55ae1e1d9842 <unknown>
#8 0x55ae1e1da631 <unknown>
#9 0x55ae1e73e689 <unknown>
#10 0x55ae1e741581 <unknown>
#11 0x55ae1e72aca9 <unknown>
#12 0x55ae1e74213e <unknown>
#13 0x55ae1e7113a0 <unknown>
#14 0x55ae1e765fc8 <unknown>
#15 0x55ae1e76619b <unknown>
#16 0x55ae1e777e68 <unknown>
#17 0x7f9ea889caa4 <unknown>
#18 0x7f9ea8929c6c <unknown>

2026-01-31 17:02:09 - INFO - Fetching BUY listings for USDT/EUR
2026-01-31 17:02:10 - INFO - Data successfully saved to SQLite database. New listings - Bybit: 5, Binance: 6
2026-01-31 17:02:10 - INFO - Browser session closed
2026-01-31 17:02:10 - INFO - SQLite database connection closed
2026-01-31 17:38:27 - INFO - Logging initialized. Log file: pb2b/logs/bybit_scraper_20260131.log
2026-01-31 17:38:27 - INFO - DataSaver logging initialized. Log file: pb2b/logs/data_saver_20260131.log
2026-01-31 17:38:27 - INFO - Connected to SQLite database: pb2b/p2p_listings.db
2026-01-31 17:38:27 - INFO - Database tables created successfully
2026-01-31 17:38:27 - INFO - Attempt 1/10: Loading https://www.bybit.com/fiat/trade/otc?actionType=1&token=USDT&fiat=NGN
2026-01-31 17:38:39 - INFO - Screenshot saved as 'pb2b/screenshots/bybit_page_20260131_173838.png'
2026-01-31 17:38:39 - WARNING - Error parsing row: Message: no such element: Unable to locate element: {"method":"css selector","selector":"td:nth-child(2)"}
  (Session info: chrome=144.0.7559.109); For documentation on this error, please visit: https://www.selenium.dev/documentation/webdriver/troubleshooting/errors#nosuchelementexception
Stacktrace:
#0 0x562cf815dafa <unknown>
#1 0x562cf7b7760f <unknown>
#2 0x562cf7bcca16 <unknown>
#3 0x562cf7bccc51 <unknown>
#4 0x562cf7bc0386 <unknown>
#5 0x562cf7bc0267 <unknown>
#6 0x562cf7c1562b <unknown>
#7 0x562cf7bbe842 <unknown>
#8 0x562cf7bbf631 <unknown>
#9 0x562cf8123689 <unknown>
#10 0x562cf8126581 <unknown>
#11 0x562cf810fca9 <unknown>
#12 0x562cf812713e <unknown>
#13 0x562cf80f63a0 <unknown>
#14 0x562cf814afc8 <unknown>
#15 0x562cf814b19b <unknown>
#16 0x562cf815ce68 <unknown>
#17 0x7f189ca9caa4 <unknown>
#18 0x7f189cb29c6c <unknown>

2026-01-31 17:38:39 - INFO - Fetching BUY listings for USDT/EUR
2026-01-31 17:38:40 - INFO - Data successfully saved to SQLite database. New listings - Bybit: 5, Binance: 6
2026-01-31 17:38:40 - INFO - Browser session closed
2026-01-31 17:38:40 - INFO - SQLite database connection closed
2026-01-31 17:59:59 - INFO - Logging initialized. Log file: pb2b/logs/bybit_scraper_20260131.log
2026-01-31 18:00:00 - INFO - DataSaver logging initialized. Log file: pb2b/logs/data_saver_20260131.log
2026-01-31 18:00:00 - INFO - Connected to SQLite database: pb2b/p2p_listings.db
2026-01-31 18:00:00 - INFO - Database tables created successfully
2026-01-31 18:00:00 - INFO - Attempt 1/10: Loading https://www.bybit.com/fiat/trade/otc?actionType=1&token=USDT&fiat=NGN
2026-01-31 18:00:10 - INFO - Screenshot saved as 'pb2b/screenshots/bybit_page_20260131_180010.png'
2026-01-31 18:00:10 - WARNING - Error parsing row: Message: no such element: Unable to locate element: {"method":"css selector","selector":"td:nth-child(2)"}
  (Session info: chrome=144.0.7559.109); For documentation on this error, please visit: https://www.selenium.dev/documentation/webdriver/troubleshooting/errors#nosuchelementexception
Stacktrace:
#0 0x559ae7942afa <unknown>
#1 0x559ae735c60f <unknown>
#2 0x559ae73b1a16 <unknown>
#3 0x559ae73b1c51 <unknown>
#4 0x559ae73a5386 <unknown>
#5 0x559ae73a5267 <unknown>
#6 0x559ae73fa62b <unknown>
#7 0x559ae73a3842 <unknown>
#8 0x559ae73a4631 <unknown>
#9 0x559ae7908689 <unknown>
#10 0x559ae790b581 <unknown>
#11 0x559ae78f4ca9 <unknown>
#12 0x559ae790c13e <unknown>
#13 0x559ae78db3a0 <unknown>
#14 0x559ae792ffc8 <unknown>
#15 0x559ae793019b <unknown>
#16 0x559ae7941e68 <unknown>
#17 0x7fdac3a9caa4 <unknown>
#18 0x7fdac3b29c6c <unknown>

2026-01-31 18:00:10 - INFO - Fetching BUY listings for USDT/EUR
2026-01-31 18:00:11 - INFO - Data successfully saved to SQLite database. New listings - Bybit: 5, Binance: 6
2026-01-31 18:00:11 - INFO - Browser session closed
2026-01-31 18:00:11 - INFO - SQLite database connection closed
2026-01-31 18:46:52 - INFO - Logging initialized. Log file: pb2b/logs/bybit_scraper_20260131.log
2026-01-31 18:46:53 - INFO - DataSaver logging initialized. Log file: pb2b/logs/data_saver_20260131.log
2026-01-31 18:46:53 - INFO - Connected to SQLite database: pb2b/p2p_listings.db
2026-01-31 18:46:53 - INFO - Database tables created successfully
2026-01-31 18:46:53 - INFO - Attempt 1/10: Loading https://www.bybit.com/fiat/trade/otc?actionType=1&token=USDT&fiat=NGN
2026-01-31 18:47:02 - INFO - Screenshot saved as 'pb2b/screenshots/bybit_page_20260131_184702.png'
2026-01-31 18:47:02 - WARNING - Error parsing row: Message: no such element: Unable to locate element: {"method":"css selector","selector":"td:nth-child(2)"}
  (Session info: chrome=144.0.7559.109); For documentation on this error, please visit: https://www.selenium.dev/documentation/webdriver/troubleshooting/errors#nosuchelementexception
Stacktrace:
#0 0x55f2950e4afa <unknown>
#1 0x55f294afe60f <unknown>
#2 0x55f294b53a16 <unknown>
#3 0x55f294b53c51 <unknown>
#4 0x55f294b47386 <unknown>
#5 0x55f294b47267 <unknown>
#6 0x55f294b9c62b <unknown>
#7 0x55f294b45842 <unknown>
#8 0x55f294b46631 <unknown>
#9 0x55f2950aa689 <unknown>
#10 0x55f2950ad581 <unknown>
#11 0x55f295096ca9 <unknown>
#12 0x55f2950ae13e <unknown>
#13 0x55f29507d3a0 <unknown>
#14 0x55f2950d1fc8 <unknown>
#15 0x55f2950d219b <unknown>
#16 0x55f2950e3e68 <unknown>
#17 0x7f667929caa4 <unknown>
#18 0x7f6679329c6c <unknown>

2026-01-31 18:47:03 - INFO - Fetching BUY listings for USDT/EUR
2026-01-31 18:47:03 - INFO - Data successfully saved to SQLite database. New listings - Bybit: 5, Binance: 6
2026-01-31 18:47:03 - INFO - Browser session closed
2026-01-31 18:47:03 - INFO - SQLite database connection closed
2026-01-31 19:08:15 - INFO - Logging initialized. Log file: pb2b/logs/bybit_scraper_20260131.log
2026-01-31 19:08:16 - INFO - DataSaver logging initialized. Log file: pb2b/logs/data_saver_20260131.log
2026-01-31 19:08:16 - INFO - Connected to SQLite database: pb2b/p2p_listings.db
2026-01-31 19:08:16 - INFO - Database tables created successfully
2026-01-31 19:08:16 - INFO - Attempt 1/10: Loading https://www.bybit.com/fiat/trade/otc?actionType=1&token=USDT&fiat=NGN
2026-01-31 19:08:26 - INFO - Screenshot saved as 'pb2b/screenshots/bybit_page_20260131_190826.png'
2026-01-31 19:08:26 - WARNING - Error parsing row: Message: no such element: Unable to locate element: {"method":"css selector","selector":"td:nth-child(2)"}
  (Session info: chrome=144.0.7559.109); For documentation on this error, please visit: https://www.selenium.dev/documentation/webdriver/troubleshooting/errors#nosuchelementexception
Stacktrace:
#0 0x558d542eeafa <unknown>
#1 0x558d53d0860f <unknown>
#2 0x558d53d5da16 <unknown>
#3 0x558d53d5dc51 <unknown>
#4 0x558d53d51386 <unknown>
#5 0x558d53d51267 <unknown>
#6 0x558d53da662b <unknown>
#7 0x558d53d4f842 <unknown>
#8 0x558d53d50631 <unknown>
#9 0x558d542b4689 <unknown>
#10 0x558d542b7581 <unknown>
#11 0x558d542a0ca9 <unknown>
#12 0x558d542b813e <unknown>
#13 0x558d542873a0 <unknown>
#14 0x558d542dbfc8 <unknown>
#15 0x558d542dc19b <unknown>
#16 0x558d542ede68 <unknown>
#17 0x7fceb909caa4 <unknown>
#18 0x7fceb9129c6c <unknown>

2026-01-31 19:08:27 - INFO - Fetching BUY listings for USDT/EUR
2026-01-31 19:08:27 - INFO - Data successfully saved to SQLite database. New listings - Bybit: 5, Binance: 6
2026-01-31 19:08:27 - INFO - Browser session closed
2026-01-31 19:08:27 - INFO - SQLite database connection closed
2026-01-31 19:35:37 - INFO - Logging initialized. Log file: pb2b/logs/bybit_scraper_20260131.log
2026-01-31 19:35:38 - INFO - DataSaver logging initialized. Log file: pb2b/logs/data_saver_20260131.log
2026-01-31 19:35:38 - INFO - Connected to SQLite database: pb2b/p2p_listings.db
2026-01-31 19:35:38 - INFO - Database tables created successfully
2026-01-31 19:35:38 - INFO - Attempt 1/10: Loading https://www.bybit.com/fiat/trade/otc?actionType=1&token=USDT&fiat=NGN
2026-01-31 19:35:47 - INFO - Screenshot saved as 'pb2b/screenshots/bybit_page_20260131_193547.png'
2026-01-31 19:35:47 - WARNING - Error parsing row: Message: no such element: Unable to locate element: {"method":"css selector","selector":"td:nth-child(2)"}
  (Session info: chrome=144.0.7559.109); For documentation on this error, please visit: https://www.selenium.dev/documentation/webdriver/troubleshooting/errors#nosuchelementexception
Stacktrace:
#0 0x561c98562afa <unknown>
#1 0x561c97f7c60f <unknown>
#2 0x561c97fd1a16 <unknown>
#3 0x561c97fd1c51 <unknown>
#4 0x561c97fc5386 <unknown>
#5 0x561c97fc5267 <unknown>
#6 0x561c9801a62b <unknown>
#7 0x561c97fc3842 <unknown>
#8 0x561c97fc4631 <unknown>
#9 0x561c98528689 <unknown>
#10 0x561c9852b581 <unknown>
#11 0x561c98514ca9 <unknown>
#12 0x561c9852c13e <unknown>
#13 0x561c984fb3a0 <unknown>
#14 0x561c9854ffc8 <unknown>
#15 0x561c9855019b <unknown>
#16 0x561c98561e68 <unknown>
#17 0x7fa2e629caa4 <unknown>
#18 0x7fa2e6329c6c <unknown>

2026-01-31 19:35:47 - INFO - Fetching BUY listings for USDT/EUR
2026-01-31 19:35:48 - INFO - Data successfully saved to SQLite database. New listings - Bybit: 4, Binance: 6
2026-01-31 19:35:48 - INFO - Browser session closed
2026-01-31 19:35:48 - INFO - SQLite database connection closed
