2025-07-22 01:45:12 - INFO - Logging initialized. Log file: pb2b/logs/bybit_scraper_20250722.log
2025-07-22 01:45:14 - INFO - DataSaver logging initialized. Log file: pb2b/logs/data_saver_20250722.log
2025-07-22 01:45:14 - INFO - Connected to SQLite database: pb2b/p2p_listings.db
2025-07-22 01:45:14 - INFO - Database tables created successfully
2025-07-22 01:45:14 - INFO - Attempt 1/10: Loading https://www.bybit.com/fiat/trade/otc?actionType=1&token=USDT&fiat=NGN
2025-07-22 01:45:23 - INFO - Screenshot saved as 'pb2b/screenshots/bybit_page_20250722_014523.png'
2025-07-22 01:45:23 - INFO - Fetching BUY listings for USDT/EUR
2025-07-22 01:45:24 - INFO - Data successfully saved to SQLite database. New listings - Bybit: 4, Binance: 6
2025-07-22 01:45:24 - INFO - Browser session closed
2025-07-22 01:45:24 - INFO - SQLite database connection closed
2025-07-22 03:23:50 - INFO - Logging initialized. Log file: pb2b/logs/bybit_scraper_20250722.log
2025-07-22 03:23:52 - INFO - DataSaver logging initialized. Log file: pb2b/logs/data_saver_20250722.log
2025-07-22 03:23:52 - INFO - Connected to SQLite database: pb2b/p2p_listings.db
2025-07-22 03:23:52 - INFO - Database tables created successfully
2025-07-22 03:23:52 - INFO - Attempt 1/10: Loading https://www.bybit.com/fiat/trade/otc?actionType=1&token=USDT&fiat=NGN
2025-07-22 03:24:02 - INFO - Screenshot saved as 'pb2b/screenshots/bybit_page_20250722_032402.png'
2025-07-22 03:24:02 - INFO - Fetching BUY listings for USDT/EUR
2025-07-22 03:24:03 - INFO - Data successfully saved to SQLite database. New listings - Bybit: 4, Binance: 6
2025-07-22 03:24:03 - INFO - Browser session closed
2025-07-22 03:24:03 - INFO - SQLite database connection closed
2025-07-22 04:15:49 - INFO - Logging initialized. Log file: pb2b/logs/bybit_scraper_20250722.log
2025-07-22 04:15:50 - INFO - DataSaver logging initialized. Log file: pb2b/logs/data_saver_20250722.log
2025-07-22 04:15:50 - INFO - Connected to SQLite database: pb2b/p2p_listings.db
2025-07-22 04:15:50 - INFO - Database tables created successfully
2025-07-22 04:15:50 - INFO - Attempt 1/10: Loading https://www.bybit.com/fiat/trade/otc?actionType=1&token=USDT&fiat=NGN
2025-07-22 04:15:58 - INFO - Screenshot saved as 'pb2b/screenshots/bybit_page_20250722_041558.png'
2025-07-22 04:15:58 - INFO - Fetching BUY listings for USDT/EUR
2025-07-22 04:15:59 - INFO - Data successfully saved to SQLite database. New listings - Bybit: 4, Binance: 6
2025-07-22 04:15:59 - INFO - Browser session closed
2025-07-22 04:15:59 - INFO - SQLite database connection closed
2025-07-22 04:56:12 - INFO - Logging initialized. Log file: pb2b/logs/bybit_scraper_20250722.log
2025-07-22 04:56:13 - INFO - DataSaver logging initialized. Log file: pb2b/logs/data_saver_20250722.log
2025-07-22 04:56:13 - INFO - Connected to SQLite database: pb2b/p2p_listings.db
2025-07-22 04:56:13 - INFO - Database tables created successfully
2025-07-22 04:56:13 - INFO - Attempt 1/10: Loading https://www.bybit.com/fiat/trade/otc?actionType=1&token=USDT&fiat=NGN
2025-07-22 04:56:23 - INFO - Screenshot saved as 'pb2b/screenshots/bybit_page_20250722_045623.png'
2025-07-22 04:56:23 - INFO - Fetching BUY listings for USDT/EUR
2025-07-22 04:56:24 - INFO - Data successfully saved to SQLite database. New listings - Bybit: 4, Binance: 6
2025-07-22 04:56:24 - INFO - Browser session closed
2025-07-22 04:56:24 - INFO - SQLite database connection closed
2025-07-22 05:31:12 - INFO - Logging initialized. Log file: pb2b/logs/bybit_scraper_20250722.log
2025-07-22 05:31:13 - INFO - DataSaver logging initialized. Log file: pb2b/logs/data_saver_20250722.log
2025-07-22 05:31:13 - INFO - Connected to SQLite database: pb2b/p2p_listings.db
2025-07-22 05:31:13 - INFO - Database tables created successfully
2025-07-22 05:31:13 - INFO - Attempt 1/10: Loading https://www.bybit.com/fiat/trade/otc?actionType=1&token=USDT&fiat=NGN
2025-07-22 05:31:22 - INFO - Screenshot saved as 'pb2b/screenshots/bybit_page_20250722_053121.png'
2025-07-22 05:31:22 - INFO - Fetching BUY listings for USDT/EUR
2025-07-22 05:31:23 - INFO - Data successfully saved to SQLite database. New listings - Bybit: 4, Binance: 6
2025-07-22 05:31:23 - INFO - Browser session closed
2025-07-22 05:31:23 - INFO - SQLite database connection closed
2025-07-22 05:54:19 - INFO - Logging initialized. Log file: pb2b/logs/bybit_scraper_20250722.log
2025-07-22 05:54:20 - INFO - DataSaver logging initialized. Log file: pb2b/logs/data_saver_20250722.log
2025-07-22 05:54:20 - INFO - Connected to SQLite database: pb2b/p2p_listings.db
2025-07-22 05:54:20 - INFO - Database tables created successfully
2025-07-22 05:54:20 - INFO - Attempt 1/10: Loading https://www.bybit.com/fiat/trade/otc?actionType=1&token=USDT&fiat=NGN
2025-07-22 05:54:29 - INFO - Screenshot saved as 'pb2b/screenshots/bybit_page_20250722_055429.png'
2025-07-22 05:54:29 - INFO - Fetching BUY listings for USDT/EUR
2025-07-22 05:54:30 - INFO - Data successfully saved to SQLite database. New listings - Bybit: 4, Binance: 6
2025-07-22 05:54:30 - INFO - Browser session closed
2025-07-22 05:54:30 - INFO - SQLite database connection closed
