2026-03-07 01:07:36 - INFO - Logging initialized. Log file: pb2b/logs/bybit_scraper_20260307.log
2026-03-07 01:07:39 - INFO - DataSaver logging initialized. Log file: pb2b/logs/data_saver_20260307.log
2026-03-07 01:07:39 - INFO - Connected to SQLite database: pb2b/p2p_listings.db
2026-03-07 01:07:39 - INFO - Database tables created successfully
2026-03-07 01:07:39 - INFO - Attempt 1/10: Loading https://www.bybit.com/fiat/trade/otc?actionType=1&token=USDT&fiat=NGN
2026-03-07 01:07:45 - INFO - Screenshot saved as 'pb2b/screenshots/bybit_page_20260307_010745.png'
2026-03-07 01:07:45 - WARNING - Error parsing row: Message: no such element: Unable to locate element: {"method":"css selector","selector":"td:nth-child(2)"}
  (Session info: chrome=145.0.7632.159); For documentation on this error, please visit: https://www.selenium.dev/documentation/webdriver/troubleshooting/errors#nosuchelementexception
Stacktrace:
#0 0x562461cd9b6a <unknown>
#1 0x5624616eca32 <unknown>
#2 0x562461741d66 <unknown>
#3 0x562461741fa1 <unknown>
#4 0x562461735736 <unknown>
#5 0x562461735617 <unknown>
#6 0x56246178a369 <unknown>
#7 0x562461733c0f <unknown>
#8 0x5624617349d1 <unknown>
#9 0x562461c9e6b9 <unknown>
#10 0x562461ca15c1 <unknown>
#11 0x562461c8ae29 <unknown>
#12 0x562461ca217e <unknown>
#13 0x562461c714b0 <unknown>
#14 0x562461cc6578 <unknown>
#15 0x562461cc674b <unknown>
#16 0x562461cd81a3 <unknown>
#17 0x7f425d89caa4 <unknown>
#18 0x7f425d929c6c <unknown>

2026-03-07 01:07:45 - WARNING - Error parsing row: Message: no such element: Unable to locate element: {"method":"css selector","selector":"td:nth-child(2)"}
  (Session info: chrome=145.0.7632.159); For documentation on this error, please visit: https://www.selenium.dev/documentation/webdriver/troubleshooting/errors#nosuchelementexception
Stacktrace:
#0 0x562461cd9b6a <unknown>
#1 0x5624616eca32 <unknown>
#2 0x562461741d66 <unknown>
#3 0x562461741fa1 <unknown>
#4 0x562461735736 <unknown>
#5 0x562461735617 <unknown>
#6 0x56246178a369 <unknown>
#7 0x562461733c0f <unknown>
#8 0x5624617349d1 <unknown>
#9 0x562461c9e6b9 <unknown>
#10 0x562461ca15c1 <unknown>
#11 0x562461c8ae29 <unknown>
#12 0x562461ca217e <unknown>
#13 0x562461c714b0 <unknown>
#14 0x562461cc6578 <unknown>
#15 0x562461cc674b <unknown>
#16 0x562461cd81a3 <unknown>
#17 0x7f425d89caa4 <unknown>
#18 0x7f425d929c6c <unknown>

2026-03-07 01:07:46 - INFO - Fetching BUY listings for USDT/EUR
2026-03-07 01:07:46 - INFO - Data successfully saved to SQLite database. New listings - Bybit: 4, Binance: 6
2026-03-07 01:07:46 - INFO - Browser session closed
2026-03-07 01:07:46 - INFO - SQLite database connection closed
