2025-02-27 01:54:46 - INFO - Logging initialized. Log file: pb2b/logs/bybit_scraper_20250227.log
2025-02-27 01:54:47 - INFO - DataSaver logging initialized. Log file: pb2b/logs/data_saver_20250227.log
2025-02-27 01:54:47 - INFO - Connected to SQLite database: pb2b/p2p_listings.db
2025-02-27 01:54:47 - INFO - Database tables created successfully
2025-02-27 01:54:47 - INFO - Attempt 1/10: Loading https://www.bybit.com/fiat/trade/otc?actionType=1&token=USDT&fiat=NGN
2025-02-27 01:54:58 - INFO - Screenshot saved as 'pb2b/screenshots/bybit_page_20250227_015458.png'
2025-02-27 01:54:58 - INFO - Fetching BUY listings for USDT/EUR
2025-02-27 01:54:59 - INFO - Data successfully saved to SQLite database. New listings - Bybit: 4, Binance: 6
2025-02-27 01:54:59 - INFO - Browser session closed
2025-02-27 01:54:59 - INFO - SQLite database connection closed
2025-02-27 02:54:43 - INFO - Logging initialized. Log file: pb2b/logs/bybit_scraper_20250227.log
2025-02-27 02:54:44 - INFO - DataSaver logging initialized. Log file: pb2b/logs/data_saver_20250227.log
2025-02-27 02:54:44 - INFO - Connected to SQLite database: pb2b/p2p_listings.db
2025-02-27 02:54:44 - INFO - Database tables created successfully
2025-02-27 02:54:44 - INFO - Attempt 1/10: Loading https://www.bybit.com/fiat/trade/otc?actionType=1&token=USDT&fiat=NGN
2025-02-27 02:54:56 - INFO - Screenshot saved as 'pb2b/screenshots/bybit_page_20250227_025455.png'
2025-02-27 02:54:56 - INFO - Fetching BUY listings for USDT/EUR
2025-02-27 02:54:57 - INFO - Data successfully saved to SQLite database. New listings - Bybit: 4, Binance: 6
2025-02-27 02:54:57 - INFO - Browser session closed
2025-02-27 02:54:57 - INFO - SQLite database connection closed
