2025-11-12 02:03:48 - INFO - Logging initialized. Log file: pb2b/logs/bybit_scraper_20251112.log
2025-11-12 02:03:51 - INFO - DataSaver logging initialized. Log file: pb2b/logs/data_saver_20251112.log
2025-11-12 02:03:51 - INFO - Connected to SQLite database: pb2b/p2p_listings.db
2025-11-12 02:03:51 - INFO - Database tables created successfully
2025-11-12 02:03:51 - INFO - Attempt 1/10: Loading https://www.bybit.com/fiat/trade/otc?actionType=1&token=USDT&fiat=NGN
2025-11-12 02:04:01 - INFO - Screenshot saved as 'pb2b/screenshots/bybit_page_20251112_020401.png'
2025-11-12 02:04:02 - INFO - Fetching BUY listings for USDT/EUR
2025-11-12 02:04:02 - INFO - Data successfully saved to SQLite database. New listings - Bybit: 4, Binance: 6
2025-11-12 02:04:02 - INFO - Browser session closed
2025-11-12 02:04:02 - INFO - SQLite database connection closed
2025-11-12 03:21:54 - INFO - Logging initialized. Log file: pb2b/logs/bybit_scraper_20251112.log
2025-11-12 03:21:55 - INFO - DataSaver logging initialized. Log file: pb2b/logs/data_saver_20251112.log
2025-11-12 03:21:55 - INFO - Connected to SQLite database: pb2b/p2p_listings.db
2025-11-12 03:21:55 - INFO - Database tables created successfully
2025-11-12 03:21:55 - INFO - Attempt 1/10: Loading https://www.bybit.com/fiat/trade/otc?actionType=1&token=USDT&fiat=NGN
2025-11-12 03:22:03 - INFO - Screenshot saved as 'pb2b/screenshots/bybit_page_20251112_032202.png'
2025-11-12 03:22:03 - INFO - Fetching BUY listings for USDT/EUR
2025-11-12 03:22:04 - INFO - Data successfully saved to SQLite database. New listings - Bybit: 4, Binance: 6
2025-11-12 03:22:04 - INFO - Browser session closed
2025-11-12 03:22:04 - INFO - SQLite database connection closed
2025-11-12 03:57:42 - INFO - Logging initialized. Log file: pb2b/logs/bybit_scraper_20251112.log
2025-11-12 03:57:44 - INFO - DataSaver logging initialized. Log file: pb2b/logs/data_saver_20251112.log
2025-11-12 03:57:44 - INFO - Connected to SQLite database: pb2b/p2p_listings.db
2025-11-12 03:57:44 - INFO - Database tables created successfully
2025-11-12 03:57:44 - INFO - Attempt 1/10: Loading https://www.bybit.com/fiat/trade/otc?actionType=1&token=USDT&fiat=NGN
2025-11-12 03:57:53 - INFO - Screenshot saved as 'pb2b/screenshots/bybit_page_20251112_035753.png'
2025-11-12 03:57:54 - INFO - Fetching BUY listings for USDT/EUR
2025-11-12 03:57:54 - INFO - Data successfully saved to SQLite database. New listings - Bybit: 4, Binance: 6
2025-11-12 03:57:55 - INFO - Browser session closed
2025-11-12 03:57:55 - INFO - SQLite database connection closed
