2026-02-01 02:40:13 - INFO - Logging initialized. Log file: pb2b/logs/bybit_scraper_20260201.log
2026-02-01 02:40:14 - INFO - DataSaver logging initialized. Log file: pb2b/logs/data_saver_20260201.log
2026-02-01 02:40:14 - INFO - Connected to SQLite database: pb2b/p2p_listings.db
2026-02-01 02:40:14 - INFO - Database tables created successfully
2026-02-01 02:40:14 - INFO - Attempt 1/10: Loading https://www.bybit.com/fiat/trade/otc?actionType=1&token=USDT&fiat=NGN
2026-02-01 02:40:23 - INFO - Screenshot saved as 'pb2b/screenshots/bybit_page_20260201_024023.png'
2026-02-01 02:40:23 - WARNING - Error parsing row: Message: no such element: Unable to locate element: {"method":"css selector","selector":"td:nth-child(2)"}
  (Session info: chrome=144.0.7559.109); For documentation on this error, please visit: https://www.selenium.dev/documentation/webdriver/troubleshooting/errors#nosuchelementexception
Stacktrace:
#0 0x55ba39dbbafa <unknown>
#1 0x55ba397d560f <unknown>
#2 0x55ba3982aa16 <unknown>
#3 0x55ba3982ac51 <unknown>
#4 0x55ba3981e386 <unknown>
#5 0x55ba3981e267 <unknown>
#6 0x55ba3987362b <unknown>
#7 0x55ba3981c842 <unknown>
#8 0x55ba3981d631 <unknown>
#9 0x55ba39d81689 <unknown>
#10 0x55ba39d84581 <unknown>
#11 0x55ba39d6dca9 <unknown>
#12 0x55ba39d8513e <unknown>
#13 0x55ba39d543a0 <unknown>
#14 0x55ba39da8fc8 <unknown>
#15 0x55ba39da919b <unknown>
#16 0x55ba39dbae68 <unknown>
#17 0x7f3d2729caa4 <unknown>
#18 0x7f3d27329c6c <unknown>

2026-02-01 02:40:23 - INFO - Fetching BUY listings for USDT/EUR
2026-02-01 02:40:24 - INFO - Data successfully saved to SQLite database. New listings - Bybit: 5, Binance: 6
2026-02-01 02:40:24 - INFO - Browser session closed
2026-02-01 02:40:24 - INFO - SQLite database connection closed
2026-02-01 04:56:54 - INFO - Logging initialized. Log file: pb2b/logs/bybit_scraper_20260201.log
2026-02-01 04:56:55 - INFO - DataSaver logging initialized. Log file: pb2b/logs/data_saver_20260201.log
2026-02-01 04:56:55 - INFO - Connected to SQLite database: pb2b/p2p_listings.db
2026-02-01 04:56:55 - INFO - Database tables created successfully
2026-02-01 04:56:55 - INFO - Attempt 1/10: Loading https://www.bybit.com/fiat/trade/otc?actionType=1&token=USDT&fiat=NGN
2026-02-01 04:57:05 - INFO - Screenshot saved as 'pb2b/screenshots/bybit_page_20260201_045704.png'
2026-02-01 04:57:05 - WARNING - Error parsing row: Message: no such element: Unable to locate element: {"method":"css selector","selector":"td:nth-child(2)"}
  (Session info: chrome=144.0.7559.109); For documentation on this error, please visit: https://www.selenium.dev/documentation/webdriver/troubleshooting/errors#nosuchelementexception
Stacktrace:
#0 0x55c8513afafa <unknown>
#1 0x55c850dc960f <unknown>
#2 0x55c850e1ea16 <unknown>
#3 0x55c850e1ec51 <unknown>
#4 0x55c850e12386 <unknown>
#5 0x55c850e12267 <unknown>
#6 0x55c850e6762b <unknown>
#7 0x55c850e10842 <unknown>
#8 0x55c850e11631 <unknown>
#9 0x55c851375689 <unknown>
#10 0x55c851378581 <unknown>
#11 0x55c851361ca9 <unknown>
#12 0x55c85137913e <unknown>
#13 0x55c8513483a0 <unknown>
#14 0x55c85139cfc8 <unknown>
#15 0x55c85139d19b <unknown>
#16 0x55c8513aee68 <unknown>
#17 0x7f7bb669caa4 <unknown>
#18 0x7f7bb6729c6c <unknown>

2026-02-01 04:57:05 - INFO - Fetching BUY listings for USDT/EUR
2026-02-01 04:57:06 - INFO - Data successfully saved to SQLite database. New listings - Bybit: 5, Binance: 6
2026-02-01 04:57:06 - INFO - Browser session closed
2026-02-01 04:57:06 - INFO - SQLite database connection closed
2026-02-01 06:03:10 - INFO - Logging initialized. Log file: pb2b/logs/bybit_scraper_20260201.log
2026-02-01 06:03:12 - INFO - DataSaver logging initialized. Log file: pb2b/logs/data_saver_20260201.log
2026-02-01 06:03:12 - INFO - Connected to SQLite database: pb2b/p2p_listings.db
2026-02-01 06:03:12 - INFO - Database tables created successfully
2026-02-01 06:03:12 - INFO - Attempt 1/10: Loading https://www.bybit.com/fiat/trade/otc?actionType=1&token=USDT&fiat=NGN
2026-02-01 06:03:22 - INFO - Screenshot saved as 'pb2b/screenshots/bybit_page_20260201_060322.png'
2026-02-01 06:03:22 - WARNING - Error parsing row: Message: no such element: Unable to locate element: {"method":"css selector","selector":"td:nth-child(2)"}
  (Session info: chrome=144.0.7559.109); For documentation on this error, please visit: https://www.selenium.dev/documentation/webdriver/troubleshooting/errors#nosuchelementexception
Stacktrace:
#0 0x5650e12adafa <unknown>
#1 0x5650e0cc760f <unknown>
#2 0x5650e0d1ca16 <unknown>
#3 0x5650e0d1cc51 <unknown>
#4 0x5650e0d10386 <unknown>
#5 0x5650e0d10267 <unknown>
#6 0x5650e0d6562b <unknown>
#7 0x5650e0d0e842 <unknown>
#8 0x5650e0d0f631 <unknown>
#9 0x5650e1273689 <unknown>
#10 0x5650e1276581 <unknown>
#11 0x5650e125fca9 <unknown>
#12 0x5650e127713e <unknown>
#13 0x5650e12463a0 <unknown>
#14 0x5650e129afc8 <unknown>
#15 0x5650e129b19b <unknown>
#16 0x5650e12ace68 <unknown>
#17 0x7f785029caa4 <unknown>
#18 0x7f7850329c6c <unknown>

2026-02-01 06:03:22 - INFO - Fetching BUY listings for USDT/EUR
2026-02-01 06:03:24 - INFO - Data successfully saved to SQLite database. New listings - Bybit: 5, Binance: 6
2026-02-01 06:03:24 - INFO - Browser session closed
2026-02-01 06:03:24 - INFO - SQLite database connection closed
2026-02-01 07:07:20 - INFO - Logging initialized. Log file: pb2b/logs/bybit_scraper_20260201.log
2026-02-01 07:07:22 - INFO - DataSaver logging initialized. Log file: pb2b/logs/data_saver_20260201.log
2026-02-01 07:07:22 - INFO - Connected to SQLite database: pb2b/p2p_listings.db
2026-02-01 07:07:22 - INFO - Database tables created successfully
2026-02-01 07:07:22 - INFO - Attempt 1/10: Loading https://www.bybit.com/fiat/trade/otc?actionType=1&token=USDT&fiat=NGN
2026-02-01 07:07:32 - INFO - Screenshot saved as 'pb2b/screenshots/bybit_page_20260201_070732.png'
2026-02-01 07:07:32 - WARNING - Error parsing row: Message: no such element: Unable to locate element: {"method":"css selector","selector":"td:nth-child(2)"}
  (Session info: chrome=144.0.7559.109); For documentation on this error, please visit: https://www.selenium.dev/documentation/webdriver/troubleshooting/errors#nosuchelementexception
Stacktrace:
#0 0x556be843eafa <unknown>
#1 0x556be7e5860f <unknown>
#2 0x556be7eada16 <unknown>
#3 0x556be7eadc51 <unknown>
#4 0x556be7ea1386 <unknown>
#5 0x556be7ea1267 <unknown>
#6 0x556be7ef662b <unknown>
#7 0x556be7e9f842 <unknown>
#8 0x556be7ea0631 <unknown>
#9 0x556be8404689 <unknown>
#10 0x556be8407581 <unknown>
#11 0x556be83f0ca9 <unknown>
#12 0x556be840813e <unknown>
#13 0x556be83d73a0 <unknown>
#14 0x556be842bfc8 <unknown>
#15 0x556be842c19b <unknown>
#16 0x556be843de68 <unknown>
#17 0x7efce9c9caa4 <unknown>
#18 0x7efce9d29c6c <unknown>

2026-02-01 07:07:32 - INFO - Fetching BUY listings for USDT/EUR
2026-02-01 07:07:33 - INFO - Data successfully saved to SQLite database. New listings - Bybit: 5, Binance: 6
2026-02-01 07:07:33 - INFO - Browser session closed
2026-02-01 07:07:33 - INFO - SQLite database connection closed
