2025-04-24 02:06:03 - INFO - Logging initialized. Log file: pb2b/logs/bybit_scraper_20250424.log
2025-04-24 02:06:04 - INFO - DataSaver logging initialized. Log file: pb2b/logs/data_saver_20250424.log
2025-04-24 02:06:04 - INFO - Connected to SQLite database: pb2b/p2p_listings.db
2025-04-24 02:06:04 - INFO - Database tables created successfully
2025-04-24 02:06:04 - INFO - Attempt 1/10: Loading https://www.bybit.com/fiat/trade/otc?actionType=1&token=USDT&fiat=NGN
2025-04-24 02:06:14 - INFO - Screenshot saved as 'pb2b/screenshots/bybit_page_20250424_020614.png'
2025-04-24 02:06:14 - INFO - Fetching BUY listings for USDT/EUR
2025-04-24 02:06:15 - INFO - Data successfully saved to SQLite database. New listings - Bybit: 4, Binance: 6
2025-04-24 02:06:15 - INFO - Browser session closed
2025-04-24 02:06:15 - INFO - SQLite database connection closed
2025-04-24 03:13:37 - INFO - Logging initialized. Log file: pb2b/logs/bybit_scraper_20250424.log
2025-04-24 03:13:38 - INFO - DataSaver logging initialized. Log file: pb2b/logs/data_saver_20250424.log
2025-04-24 03:13:38 - INFO - Connected to SQLite database: pb2b/p2p_listings.db
2025-04-24 03:13:38 - INFO - Database tables created successfully
2025-04-24 03:13:38 - INFO - Attempt 1/10: Loading https://www.bybit.com/fiat/trade/otc?actionType=1&token=USDT&fiat=NGN
2025-04-24 03:13:47 - INFO - Screenshot saved as 'pb2b/screenshots/bybit_page_20250424_031347.png'
2025-04-24 03:13:47 - INFO - Fetching BUY listings for USDT/EUR
2025-04-24 03:13:48 - INFO - Data successfully saved to SQLite database. New listings - Bybit: 4, Binance: 6
2025-04-24 03:13:48 - INFO - Browser session closed
2025-04-24 03:13:48 - INFO - SQLite database connection closed
2025-04-24 03:48:50 - INFO - Logging initialized. Log file: pb2b/logs/bybit_scraper_20250424.log
2025-04-24 03:48:52 - INFO - DataSaver logging initialized. Log file: pb2b/logs/data_saver_20250424.log
2025-04-24 03:48:52 - INFO - Connected to SQLite database: pb2b/p2p_listings.db
2025-04-24 03:48:52 - INFO - Database tables created successfully
2025-04-24 03:48:52 - INFO - Attempt 1/10: Loading https://www.bybit.com/fiat/trade/otc?actionType=1&token=USDT&fiat=NGN
2025-04-24 03:49:02 - INFO - Screenshot saved as 'pb2b/screenshots/bybit_page_20250424_034902.png'
2025-04-24 03:49:02 - INFO - Fetching BUY listings for USDT/EUR
2025-04-24 03:49:03 - INFO - Data successfully saved to SQLite database. New listings - Bybit: 4, Binance: 6
2025-04-24 03:49:03 - INFO - Browser session closed
2025-04-24 03:49:03 - INFO - SQLite database connection closed
2025-04-24 04:01:33 - INFO - Logging initialized. Log file: pb2b/logs/bybit_scraper_20250424.log
2025-04-24 04:01:34 - INFO - DataSaver logging initialized. Log file: pb2b/logs/data_saver_20250424.log
2025-04-24 04:01:34 - INFO - Connected to SQLite database: pb2b/p2p_listings.db
2025-04-24 04:01:34 - INFO - Database tables created successfully
2025-04-24 04:01:34 - INFO - Attempt 1/10: Loading https://www.bybit.com/fiat/trade/otc?actionType=1&token=USDT&fiat=NGN
2025-04-24 04:01:47 - INFO - Screenshot saved as 'pb2b/screenshots/bybit_page_20250424_040147.png'
2025-04-24 04:01:47 - INFO - Fetching BUY listings for USDT/EUR
2025-04-24 04:01:48 - INFO - Data successfully saved to SQLite database. New listings - Bybit: 4, Binance: 6
2025-04-24 04:01:48 - INFO - Browser session closed
2025-04-24 04:01:48 - INFO - SQLite database connection closed
2025-04-24 04:34:05 - INFO - Logging initialized. Log file: pb2b/logs/bybit_scraper_20250424.log
2025-04-24 04:34:06 - INFO - DataSaver logging initialized. Log file: pb2b/logs/data_saver_20250424.log
2025-04-24 04:34:06 - INFO - Connected to SQLite database: pb2b/p2p_listings.db
2025-04-24 04:34:06 - INFO - Database tables created successfully
2025-04-24 04:34:06 - INFO - Attempt 1/10: Loading https://www.bybit.com/fiat/trade/otc?actionType=1&token=USDT&fiat=NGN
2025-04-24 04:34:16 - INFO - Screenshot saved as 'pb2b/screenshots/bybit_page_20250424_043415.png'
2025-04-24 04:34:16 - INFO - Fetching BUY listings for USDT/EUR
2025-04-24 04:34:17 - INFO - Data successfully saved to SQLite database. New listings - Bybit: 4, Binance: 6
2025-04-24 04:34:17 - INFO - Browser session closed
2025-04-24 04:34:17 - INFO - SQLite database connection closed
