2026-03-31 00:05:23 - INFO - Logging initialized. Log file: pb2b/logs/bybit_scraper_20260331.log
2026-03-31 00:05:26 - INFO - DataSaver logging initialized. Log file: pb2b/logs/data_saver_20260331.log
2026-03-31 00:05:26 - INFO - Connected to SQLite database: pb2b/p2p_listings.db
2026-03-31 00:05:26 - INFO - Database tables created successfully
2026-03-31 00:05:26 - INFO - Attempt 1/10: Loading https://www.bybit.com/fiat/trade/otc?actionType=1&token=USDT&fiat=NGN
2026-03-31 00:05:33 - INFO - Screenshot saved as 'pb2b/screenshots/bybit_page_20260331_000533.png'
2026-03-31 00:05:33 - WARNING - Error parsing row: Message: no such element: Unable to locate element: {"method":"css selector","selector":"td:nth-child(2)"}
  (Session info: chrome=146.0.7680.164); For documentation on this error, please visit: https://www.selenium.dev/documentation/webdriver/troubleshooting/errors#nosuchelementexception
Stacktrace:
#0 0x55b128753a6a <unknown>
#1 0x55b128162ab5 <unknown>
#2 0x55b1281b5676 <unknown>
#3 0x55b1281b58b1 <unknown>
#4 0x55b1281aa616 <unknown>
#5 0x55b1281aa4f7 <unknown>
#6 0x55b1281fd7b6 <unknown>
#7 0x55b1281a8cbf <unknown>
#8 0x55b1281a9a81 <unknown>
#9 0x55b128719a64 <unknown>
#10 0x55b12871c951 <unknown>
#11 0x55b12870621e <unknown>
#12 0x55b12871d51e <unknown>
#13 0x55b1286ecbe0 <unknown>
#14 0x55b1287409b8 <unknown>
#15 0x55b128740b88 <unknown>
#16 0x55b1287524de <unknown>
#17 0x7f7c4ba9caa4 <unknown>
#18 0x7f7c4bb29c6c <unknown>

2026-03-31 00:05:33 - WARNING - Error parsing row: Message: no such element: Unable to locate element: {"method":"css selector","selector":"td:nth-child(2)"}
  (Session info: chrome=146.0.7680.164); For documentation on this error, please visit: https://www.selenium.dev/documentation/webdriver/troubleshooting/errors#nosuchelementexception
Stacktrace:
#0 0x55b128753a6a <unknown>
#1 0x55b128162ab5 <unknown>
#2 0x55b1281b5676 <unknown>
#3 0x55b1281b58b1 <unknown>
#4 0x55b1281aa616 <unknown>
#5 0x55b1281aa4f7 <unknown>
#6 0x55b1281fd7b6 <unknown>
#7 0x55b1281a8cbf <unknown>
#8 0x55b1281a9a81 <unknown>
#9 0x55b128719a64 <unknown>
#10 0x55b12871c951 <unknown>
#11 0x55b12870621e <unknown>
#12 0x55b12871d51e <unknown>
#13 0x55b1286ecbe0 <unknown>
#14 0x55b1287409b8 <unknown>
#15 0x55b128740b88 <unknown>
#16 0x55b1287524de <unknown>
#17 0x7f7c4ba9caa4 <unknown>
#18 0x7f7c4bb29c6c <unknown>

2026-03-31 00:05:33 - INFO - Fetching BUY listings for USDT/EUR
2026-03-31 00:05:34 - INFO - Data successfully saved to SQLite database. New listings - Bybit: 4, Binance: 6
2026-03-31 00:05:34 - INFO - Browser session closed
2026-03-31 00:05:34 - INFO - SQLite database connection closed
2026-03-31 03:29:58 - INFO - Logging initialized. Log file: pb2b/logs/bybit_scraper_20260331.log
2026-03-31 03:30:02 - INFO - DataSaver logging initialized. Log file: pb2b/logs/data_saver_20260331.log
2026-03-31 03:30:02 - INFO - Connected to SQLite database: pb2b/p2p_listings.db
2026-03-31 03:30:02 - INFO - Database tables created successfully
2026-03-31 03:30:02 - INFO - Attempt 1/10: Loading https://www.bybit.com/fiat/trade/otc?actionType=1&token=USDT&fiat=NGN
2026-03-31 03:30:10 - INFO - Screenshot saved as 'pb2b/screenshots/bybit_page_20260331_033009.png'
2026-03-31 03:30:10 - WARNING - Error parsing row: Message: no such element: Unable to locate element: {"method":"css selector","selector":"td:nth-child(2)"}
  (Session info: chrome=146.0.7680.164); For documentation on this error, please visit: https://www.selenium.dev/documentation/webdriver/troubleshooting/errors#nosuchelementexception
Stacktrace:
#0 0x555f6f87aa6a <unknown>
#1 0x555f6f289ab5 <unknown>
#2 0x555f6f2dc676 <unknown>
#3 0x555f6f2dc8b1 <unknown>
#4 0x555f6f2d1616 <unknown>
#5 0x555f6f2d14f7 <unknown>
#6 0x555f6f3247b6 <unknown>
#7 0x555f6f2cfcbf <unknown>
#8 0x555f6f2d0a81 <unknown>
#9 0x555f6f840a64 <unknown>
#10 0x555f6f843951 <unknown>
#11 0x555f6f82d21e <unknown>
#12 0x555f6f84451e <unknown>
#13 0x555f6f813be0 <unknown>
#14 0x555f6f8679b8 <unknown>
#15 0x555f6f867b88 <unknown>
#16 0x555f6f8794de <unknown>
#17 0x7f697109caa4 <unknown>
#18 0x7f6971129c6c <unknown>

2026-03-31 03:30:10 - WARNING - Error parsing row: Message: no such element: Unable to locate element: {"method":"css selector","selector":"td:nth-child(2)"}
  (Session info: chrome=146.0.7680.164); For documentation on this error, please visit: https://www.selenium.dev/documentation/webdriver/troubleshooting/errors#nosuchelementexception
Stacktrace:
#0 0x555f6f87aa6a <unknown>
#1 0x555f6f289ab5 <unknown>
#2 0x555f6f2dc676 <unknown>
#3 0x555f6f2dc8b1 <unknown>
#4 0x555f6f2d1616 <unknown>
#5 0x555f6f2d14f7 <unknown>
#6 0x555f6f3247b6 <unknown>
#7 0x555f6f2cfcbf <unknown>
#8 0x555f6f2d0a81 <unknown>
#9 0x555f6f840a64 <unknown>
#10 0x555f6f843951 <unknown>
#11 0x555f6f82d21e <unknown>
#12 0x555f6f84451e <unknown>
#13 0x555f6f813be0 <unknown>
#14 0x555f6f8679b8 <unknown>
#15 0x555f6f867b88 <unknown>
#16 0x555f6f8794de <unknown>
#17 0x7f697109caa4 <unknown>
#18 0x7f6971129c6c <unknown>

2026-03-31 03:30:10 - INFO - Fetching BUY listings for USDT/EUR
2026-03-31 03:30:12 - INFO - Data successfully saved to SQLite database. New listings - Bybit: 4, Binance: 6
2026-03-31 03:30:13 - INFO - Browser session closed
2026-03-31 03:30:13 - INFO - SQLite database connection closed
2026-03-31 05:31:00 - INFO - Logging initialized. Log file: pb2b/logs/bybit_scraper_20260331.log
2026-03-31 05:31:00 - INFO - DataSaver logging initialized. Log file: pb2b/logs/data_saver_20260331.log
2026-03-31 05:31:00 - INFO - Connected to SQLite database: pb2b/p2p_listings.db
2026-03-31 05:31:00 - INFO - Database tables created successfully
2026-03-31 05:31:00 - INFO - Attempt 1/10: Loading https://www.bybit.com/fiat/trade/otc?actionType=1&token=USDT&fiat=NGN
2026-03-31 05:31:08 - INFO - Screenshot saved as 'pb2b/screenshots/bybit_page_20260331_053108.png'
2026-03-31 05:31:08 - WARNING - Error parsing row: Message: no such element: Unable to locate element: {"method":"css selector","selector":"td:nth-child(2)"}
  (Session info: chrome=146.0.7680.164); For documentation on this error, please visit: https://www.selenium.dev/documentation/webdriver/troubleshooting/errors#nosuchelementexception
Stacktrace:
#0 0x558e5e133a6a <unknown>
#1 0x558e5db42ab5 <unknown>
#2 0x558e5db95676 <unknown>
#3 0x558e5db958b1 <unknown>
#4 0x558e5db8a616 <unknown>
#5 0x558e5db8a4f7 <unknown>
#6 0x558e5dbdd7b6 <unknown>
#7 0x558e5db88cbf <unknown>
#8 0x558e5db89a81 <unknown>
#9 0x558e5e0f9a64 <unknown>
#10 0x558e5e0fc951 <unknown>
#11 0x558e5e0e621e <unknown>
#12 0x558e5e0fd51e <unknown>
#13 0x558e5e0ccbe0 <unknown>
#14 0x558e5e1209b8 <unknown>
#15 0x558e5e120b88 <unknown>
#16 0x558e5e1324de <unknown>
#17 0x7fa1cbc9caa4 <unknown>
#18 0x7fa1cbd29c6c <unknown>

2026-03-31 05:31:08 - WARNING - Error parsing row: Message: no such element: Unable to locate element: {"method":"css selector","selector":"td:nth-child(2)"}
  (Session info: chrome=146.0.7680.164); For documentation on this error, please visit: https://www.selenium.dev/documentation/webdriver/troubleshooting/errors#nosuchelementexception
Stacktrace:
#0 0x558e5e133a6a <unknown>
#1 0x558e5db42ab5 <unknown>
#2 0x558e5db95676 <unknown>
#3 0x558e5db958b1 <unknown>
#4 0x558e5db8a616 <unknown>
#5 0x558e5db8a4f7 <unknown>
#6 0x558e5dbdd7b6 <unknown>
#7 0x558e5db88cbf <unknown>
#8 0x558e5db89a81 <unknown>
#9 0x558e5e0f9a64 <unknown>
#10 0x558e5e0fc951 <unknown>
#11 0x558e5e0e621e <unknown>
#12 0x558e5e0fd51e <unknown>
#13 0x558e5e0ccbe0 <unknown>
#14 0x558e5e1209b8 <unknown>
#15 0x558e5e120b88 <unknown>
#16 0x558e5e1324de <unknown>
#17 0x7fa1cbc9caa4 <unknown>
#18 0x7fa1cbd29c6c <unknown>

2026-03-31 05:31:09 - INFO - Fetching BUY listings for USDT/EUR
2026-03-31 05:31:09 - INFO - Data successfully saved to SQLite database. New listings - Bybit: 4, Binance: 6
2026-03-31 05:31:10 - INFO - Browser session closed
2026-03-31 05:31:10 - INFO - SQLite database connection closed
2026-03-31 06:56:38 - INFO - Logging initialized. Log file: pb2b/logs/bybit_scraper_20260331.log
2026-03-31 06:56:42 - INFO - DataSaver logging initialized. Log file: pb2b/logs/data_saver_20260331.log
2026-03-31 06:56:42 - INFO - Connected to SQLite database: pb2b/p2p_listings.db
2026-03-31 06:56:42 - INFO - Database tables created successfully
2026-03-31 06:56:42 - INFO - Attempt 1/10: Loading https://www.bybit.com/fiat/trade/otc?actionType=1&token=USDT&fiat=NGN
2026-03-31 06:56:50 - INFO - Screenshot saved as 'pb2b/screenshots/bybit_page_20260331_065650.png'
2026-03-31 06:56:50 - WARNING - Error parsing row: Message: no such element: Unable to locate element: {"method":"css selector","selector":"td:nth-child(2)"}
  (Session info: chrome=146.0.7680.164); For documentation on this error, please visit: https://www.selenium.dev/documentation/webdriver/troubleshooting/errors#nosuchelementexception
Stacktrace:
#0 0x555f6af90a6a <unknown>
#1 0x555f6a99fab5 <unknown>
#2 0x555f6a9f2676 <unknown>
#3 0x555f6a9f28b1 <unknown>
#4 0x555f6a9e7616 <unknown>
#5 0x555f6a9e74f7 <unknown>
#6 0x555f6aa3a7b6 <unknown>
#7 0x555f6a9e5cbf <unknown>
#8 0x555f6a9e6a81 <unknown>
#9 0x555f6af56a64 <unknown>
#10 0x555f6af59951 <unknown>
#11 0x555f6af4321e <unknown>
#12 0x555f6af5a51e <unknown>
#13 0x555f6af29be0 <unknown>
#14 0x555f6af7d9b8 <unknown>
#15 0x555f6af7db88 <unknown>
#16 0x555f6af8f4de <unknown>
#17 0x7f78cb89caa4 <unknown>
#18 0x7f78cb929c6c <unknown>

2026-03-31 06:56:50 - WARNING - Error parsing row: Message: no such element: Unable to locate element: {"method":"css selector","selector":"td:nth-child(2)"}
  (Session info: chrome=146.0.7680.164); For documentation on this error, please visit: https://www.selenium.dev/documentation/webdriver/troubleshooting/errors#nosuchelementexception
Stacktrace:
#0 0x555f6af90a6a <unknown>
#1 0x555f6a99fab5 <unknown>
#2 0x555f6a9f2676 <unknown>
#3 0x555f6a9f28b1 <unknown>
#4 0x555f6a9e7616 <unknown>
#5 0x555f6a9e74f7 <unknown>
#6 0x555f6aa3a7b6 <unknown>
#7 0x555f6a9e5cbf <unknown>
#8 0x555f6a9e6a81 <unknown>
#9 0x555f6af56a64 <unknown>
#10 0x555f6af59951 <unknown>
#11 0x555f6af4321e <unknown>
#12 0x555f6af5a51e <unknown>
#13 0x555f6af29be0 <unknown>
#14 0x555f6af7d9b8 <unknown>
#15 0x555f6af7db88 <unknown>
#16 0x555f6af8f4de <unknown>
#17 0x7f78cb89caa4 <unknown>
#18 0x7f78cb929c6c <unknown>

2026-03-31 06:56:51 - INFO - Fetching BUY listings for USDT/EUR
2026-03-31 06:56:51 - INFO - Data successfully saved to SQLite database. New listings - Bybit: 4, Binance: 6
2026-03-31 06:56:51 - INFO - Browser session closed
2026-03-31 06:56:51 - INFO - SQLite database connection closed
2026-03-31 08:12:06 - INFO - Logging initialized. Log file: pb2b/logs/bybit_scraper_20260331.log
2026-03-31 08:12:10 - INFO - DataSaver logging initialized. Log file: pb2b/logs/data_saver_20260331.log
2026-03-31 08:12:10 - INFO - Connected to SQLite database: pb2b/p2p_listings.db
2026-03-31 08:12:10 - INFO - Database tables created successfully
2026-03-31 08:12:10 - INFO - Attempt 1/10: Loading https://www.bybit.com/fiat/trade/otc?actionType=1&token=USDT&fiat=NGN
2026-03-31 08:12:18 - INFO - Screenshot saved as 'pb2b/screenshots/bybit_page_20260331_081218.png'
2026-03-31 08:12:18 - WARNING - Error parsing row: Message: no such element: Unable to locate element: {"method":"css selector","selector":"td:nth-child(2)"}
  (Session info: chrome=146.0.7680.164); For documentation on this error, please visit: https://www.selenium.dev/documentation/webdriver/troubleshooting/errors#nosuchelementexception
Stacktrace:
#0 0x55ed54ff1a6a <unknown>
#1 0x55ed54a00ab5 <unknown>
#2 0x55ed54a53676 <unknown>
#3 0x55ed54a538b1 <unknown>
#4 0x55ed54a48616 <unknown>
#5 0x55ed54a484f7 <unknown>
#6 0x55ed54a9b7b6 <unknown>
#7 0x55ed54a46cbf <unknown>
#8 0x55ed54a47a81 <unknown>
#9 0x55ed54fb7a64 <unknown>
#10 0x55ed54fba951 <unknown>
#11 0x55ed54fa421e <unknown>
#12 0x55ed54fbb51e <unknown>
#13 0x55ed54f8abe0 <unknown>
#14 0x55ed54fde9b8 <unknown>
#15 0x55ed54fdeb88 <unknown>
#16 0x55ed54ff04de <unknown>
#17 0x7fbe09a9caa4 <unknown>
#18 0x7fbe09b29c6c <unknown>

2026-03-31 08:12:18 - WARNING - Error parsing row: Message: no such element: Unable to locate element: {"method":"css selector","selector":"td:nth-child(2)"}
  (Session info: chrome=146.0.7680.164); For documentation on this error, please visit: https://www.selenium.dev/documentation/webdriver/troubleshooting/errors#nosuchelementexception
Stacktrace:
#0 0x55ed54ff1a6a <unknown>
#1 0x55ed54a00ab5 <unknown>
#2 0x55ed54a53676 <unknown>
#3 0x55ed54a538b1 <unknown>
#4 0x55ed54a48616 <unknown>
#5 0x55ed54a484f7 <unknown>
#6 0x55ed54a9b7b6 <unknown>
#7 0x55ed54a46cbf <unknown>
#8 0x55ed54a47a81 <unknown>
#9 0x55ed54fb7a64 <unknown>
#10 0x55ed54fba951 <unknown>
#11 0x55ed54fa421e <unknown>
#12 0x55ed54fbb51e <unknown>
#13 0x55ed54f8abe0 <unknown>
#14 0x55ed54fde9b8 <unknown>
#15 0x55ed54fdeb88 <unknown>
#16 0x55ed54ff04de <unknown>
#17 0x7fbe09a9caa4 <unknown>
#18 0x7fbe09b29c6c <unknown>

2026-03-31 08:12:18 - INFO - Fetching BUY listings for USDT/EUR
2026-03-31 08:12:19 - INFO - Data successfully saved to SQLite database. New listings - Bybit: 4, Binance: 6
2026-03-31 08:12:19 - INFO - Browser session closed
2026-03-31 08:12:19 - INFO - SQLite database connection closed
2026-03-31 09:21:55 - INFO - Logging initialized. Log file: pb2b/logs/bybit_scraper_20260331.log
2026-03-31 09:21:55 - INFO - DataSaver logging initialized. Log file: pb2b/logs/data_saver_20260331.log
2026-03-31 09:21:55 - INFO - Connected to SQLite database: pb2b/p2p_listings.db
2026-03-31 09:21:55 - INFO - Database tables created successfully
2026-03-31 09:21:55 - INFO - Attempt 1/10: Loading https://www.bybit.com/fiat/trade/otc?actionType=1&token=USDT&fiat=NGN
2026-03-31 09:22:02 - INFO - Screenshot saved as 'pb2b/screenshots/bybit_page_20260331_092202.png'
2026-03-31 09:22:02 - WARNING - Error parsing row: Message: no such element: Unable to locate element: {"method":"css selector","selector":"td:nth-child(2)"}
  (Session info: chrome=146.0.7680.164); For documentation on this error, please visit: https://www.selenium.dev/documentation/webdriver/troubleshooting/errors#nosuchelementexception
Stacktrace:
#0 0x55a3ce3b1a6a <unknown>
#1 0x55a3cddc0ab5 <unknown>
#2 0x55a3cde13676 <unknown>
#3 0x55a3cde138b1 <unknown>
#4 0x55a3cde08616 <unknown>
#5 0x55a3cde084f7 <unknown>
#6 0x55a3cde5b7b6 <unknown>
#7 0x55a3cde06cbf <unknown>
#8 0x55a3cde07a81 <unknown>
#9 0x55a3ce377a64 <unknown>
#10 0x55a3ce37a951 <unknown>
#11 0x55a3ce36421e <unknown>
#12 0x55a3ce37b51e <unknown>
#13 0x55a3ce34abe0 <unknown>
#14 0x55a3ce39e9b8 <unknown>
#15 0x55a3ce39eb88 <unknown>
#16 0x55a3ce3b04de <unknown>
#17 0x7fc1ff69caa4 <unknown>
#18 0x7fc1ff729c6c <unknown>

2026-03-31 09:22:02 - WARNING - Error parsing row: Message: no such element: Unable to locate element: {"method":"css selector","selector":"td:nth-child(2)"}
  (Session info: chrome=146.0.7680.164); For documentation on this error, please visit: https://www.selenium.dev/documentation/webdriver/troubleshooting/errors#nosuchelementexception
Stacktrace:
#0 0x55a3ce3b1a6a <unknown>
#1 0x55a3cddc0ab5 <unknown>
#2 0x55a3cde13676 <unknown>
#3 0x55a3cde138b1 <unknown>
#4 0x55a3cde08616 <unknown>
#5 0x55a3cde084f7 <unknown>
#6 0x55a3cde5b7b6 <unknown>
#7 0x55a3cde06cbf <unknown>
#8 0x55a3cde07a81 <unknown>
#9 0x55a3ce377a64 <unknown>
#10 0x55a3ce37a951 <unknown>
#11 0x55a3ce36421e <unknown>
#12 0x55a3ce37b51e <unknown>
#13 0x55a3ce34abe0 <unknown>
#14 0x55a3ce39e9b8 <unknown>
#15 0x55a3ce39eb88 <unknown>
#16 0x55a3ce3b04de <unknown>
#17 0x7fc1ff69caa4 <unknown>
#18 0x7fc1ff729c6c <unknown>

2026-03-31 09:22:03 - INFO - Fetching BUY listings for USDT/EUR
2026-03-31 09:22:03 - INFO - Data successfully saved to SQLite database. New listings - Bybit: 4, Binance: 6
2026-03-31 09:22:03 - INFO - Browser session closed
2026-03-31 09:22:03 - INFO - SQLite database connection closed
2026-03-31 10:35:50 - INFO - Logging initialized. Log file: pb2b/logs/bybit_scraper_20260331.log
2026-03-31 10:35:54 - INFO - DataSaver logging initialized. Log file: pb2b/logs/data_saver_20260331.log
2026-03-31 10:35:54 - INFO - Connected to SQLite database: pb2b/p2p_listings.db
2026-03-31 10:35:54 - INFO - Database tables created successfully
2026-03-31 10:35:54 - INFO - Attempt 1/10: Loading https://www.bybit.com/fiat/trade/otc?actionType=1&token=USDT&fiat=NGN
2026-03-31 10:36:02 - INFO - Screenshot saved as 'pb2b/screenshots/bybit_page_20260331_103601.png'
2026-03-31 10:36:02 - WARNING - Error parsing row: Message: no such element: Unable to locate element: {"method":"css selector","selector":"td:nth-child(2)"}
  (Session info: chrome=146.0.7680.164); For documentation on this error, please visit: https://www.selenium.dev/documentation/webdriver/troubleshooting/errors#nosuchelementexception
Stacktrace:
#0 0x561ae131ea6a <unknown>
#1 0x561ae0d2dab5 <unknown>
#2 0x561ae0d80676 <unknown>
#3 0x561ae0d808b1 <unknown>
#4 0x561ae0d75616 <unknown>
#5 0x561ae0d754f7 <unknown>
#6 0x561ae0dc87b6 <unknown>
#7 0x561ae0d73cbf <unknown>
#8 0x561ae0d74a81 <unknown>
#9 0x561ae12e4a64 <unknown>
#10 0x561ae12e7951 <unknown>
#11 0x561ae12d121e <unknown>
#12 0x561ae12e851e <unknown>
#13 0x561ae12b7be0 <unknown>
#14 0x561ae130b9b8 <unknown>
#15 0x561ae130bb88 <unknown>
#16 0x561ae131d4de <unknown>
#17 0x7fa0b049caa4 <unknown>
#18 0x7fa0b0529c6c <unknown>

2026-03-31 10:36:02 - WARNING - Error parsing row: Message: no such element: Unable to locate element: {"method":"css selector","selector":"td:nth-child(2)"}
  (Session info: chrome=146.0.7680.164); For documentation on this error, please visit: https://www.selenium.dev/documentation/webdriver/troubleshooting/errors#nosuchelementexception
Stacktrace:
#0 0x561ae131ea6a <unknown>
#1 0x561ae0d2dab5 <unknown>
#2 0x561ae0d80676 <unknown>
#3 0x561ae0d808b1 <unknown>
#4 0x561ae0d75616 <unknown>
#5 0x561ae0d754f7 <unknown>
#6 0x561ae0dc87b6 <unknown>
#7 0x561ae0d73cbf <unknown>
#8 0x561ae0d74a81 <unknown>
#9 0x561ae12e4a64 <unknown>
#10 0x561ae12e7951 <unknown>
#11 0x561ae12d121e <unknown>
#12 0x561ae12e851e <unknown>
#13 0x561ae12b7be0 <unknown>
#14 0x561ae130b9b8 <unknown>
#15 0x561ae130bb88 <unknown>
#16 0x561ae131d4de <unknown>
#17 0x7fa0b049caa4 <unknown>
#18 0x7fa0b0529c6c <unknown>

2026-03-31 10:36:02 - INFO - Fetching BUY listings for USDT/EUR
2026-03-31 10:36:03 - INFO - Data successfully saved to SQLite database. New listings - Bybit: 4, Binance: 6
2026-03-31 10:36:03 - INFO - Browser session closed
2026-03-31 10:36:03 - INFO - SQLite database connection closed
2026-03-31 11:35:05 - INFO - Logging initialized. Log file: pb2b/logs/bybit_scraper_20260331.log
2026-03-31 11:35:05 - INFO - DataSaver logging initialized. Log file: pb2b/logs/data_saver_20260331.log
2026-03-31 11:35:05 - INFO - Connected to SQLite database: pb2b/p2p_listings.db
2026-03-31 11:35:05 - INFO - Database tables created successfully
2026-03-31 11:35:05 - INFO - Attempt 1/10: Loading https://www.bybit.com/fiat/trade/otc?actionType=1&token=USDT&fiat=NGN
2026-03-31 11:35:13 - INFO - Screenshot saved as 'pb2b/screenshots/bybit_page_20260331_113512.png'
2026-03-31 11:35:13 - WARNING - Error parsing row: Message: no such element: Unable to locate element: {"method":"css selector","selector":"td:nth-child(2)"}
  (Session info: chrome=146.0.7680.164); For documentation on this error, please visit: https://www.selenium.dev/documentation/webdriver/troubleshooting/errors#nosuchelementexception
Stacktrace:
#0 0x55642d494a6a <unknown>
#1 0x55642cea3ab5 <unknown>
#2 0x55642cef6676 <unknown>
#3 0x55642cef68b1 <unknown>
#4 0x55642ceeb616 <unknown>
#5 0x55642ceeb4f7 <unknown>
#6 0x55642cf3e7b6 <unknown>
#7 0x55642cee9cbf <unknown>
#8 0x55642ceeaa81 <unknown>
#9 0x55642d45aa64 <unknown>
#10 0x55642d45d951 <unknown>
#11 0x55642d44721e <unknown>
#12 0x55642d45e51e <unknown>
#13 0x55642d42dbe0 <unknown>
#14 0x55642d4819b8 <unknown>
#15 0x55642d481b88 <unknown>
#16 0x55642d4934de <unknown>
#17 0x7f3c9349caa4 <unknown>
#18 0x7f3c93529c6c <unknown>

2026-03-31 11:35:13 - WARNING - Error parsing row: Message: no such element: Unable to locate element: {"method":"css selector","selector":"td:nth-child(2)"}
  (Session info: chrome=146.0.7680.164); For documentation on this error, please visit: https://www.selenium.dev/documentation/webdriver/troubleshooting/errors#nosuchelementexception
Stacktrace:
#0 0x55642d494a6a <unknown>
#1 0x55642cea3ab5 <unknown>
#2 0x55642cef6676 <unknown>
#3 0x55642cef68b1 <unknown>
#4 0x55642ceeb616 <unknown>
#5 0x55642ceeb4f7 <unknown>
#6 0x55642cf3e7b6 <unknown>
#7 0x55642cee9cbf <unknown>
#8 0x55642ceeaa81 <unknown>
#9 0x55642d45aa64 <unknown>
#10 0x55642d45d951 <unknown>
#11 0x55642d44721e <unknown>
#12 0x55642d45e51e <unknown>
#13 0x55642d42dbe0 <unknown>
#14 0x55642d4819b8 <unknown>
#15 0x55642d481b88 <unknown>
#16 0x55642d4934de <unknown>
#17 0x7f3c9349caa4 <unknown>
#18 0x7f3c93529c6c <unknown>

2026-03-31 11:35:13 - INFO - Fetching BUY listings for USDT/EUR
2026-03-31 11:35:14 - INFO - Data successfully saved to SQLite database. New listings - Bybit: 4, Binance: 6
2026-03-31 11:35:14 - INFO - Browser session closed
2026-03-31 11:35:14 - INFO - SQLite database connection closed
2026-03-31 12:41:00 - INFO - Logging initialized. Log file: pb2b/logs/bybit_scraper_20260331.log
2026-03-31 12:41:05 - INFO - DataSaver logging initialized. Log file: pb2b/logs/data_saver_20260331.log
2026-03-31 12:41:05 - INFO - Connected to SQLite database: pb2b/p2p_listings.db
2026-03-31 12:41:05 - INFO - Database tables created successfully
2026-03-31 12:41:05 - INFO - Attempt 1/10: Loading https://www.bybit.com/fiat/trade/otc?actionType=1&token=USDT&fiat=NGN
2026-03-31 12:41:12 - INFO - Screenshot saved as 'pb2b/screenshots/bybit_page_20260331_124112.png'
2026-03-31 12:41:12 - WARNING - Error parsing row: Message: no such element: Unable to locate element: {"method":"css selector","selector":"td:nth-child(2)"}
  (Session info: chrome=146.0.7680.164); For documentation on this error, please visit: https://www.selenium.dev/documentation/webdriver/troubleshooting/errors#nosuchelementexception
Stacktrace:
#0 0x5562b602fa6a <unknown>
#1 0x5562b5a3eab5 <unknown>
#2 0x5562b5a91676 <unknown>
#3 0x5562b5a918b1 <unknown>
#4 0x5562b5a86616 <unknown>
#5 0x5562b5a864f7 <unknown>
#6 0x5562b5ad97b6 <unknown>
#7 0x5562b5a84cbf <unknown>
#8 0x5562b5a85a81 <unknown>
#9 0x5562b5ff5a64 <unknown>
#10 0x5562b5ff8951 <unknown>
#11 0x5562b5fe221e <unknown>
#12 0x5562b5ff951e <unknown>
#13 0x5562b5fc8be0 <unknown>
#14 0x5562b601c9b8 <unknown>
#15 0x5562b601cb88 <unknown>
#16 0x5562b602e4de <unknown>
#17 0x7f282409caa4 <unknown>
#18 0x7f2824129c6c <unknown>

2026-03-31 12:41:12 - WARNING - Error parsing row: Message: no such element: Unable to locate element: {"method":"css selector","selector":"td:nth-child(2)"}
  (Session info: chrome=146.0.7680.164); For documentation on this error, please visit: https://www.selenium.dev/documentation/webdriver/troubleshooting/errors#nosuchelementexception
Stacktrace:
#0 0x5562b602fa6a <unknown>
#1 0x5562b5a3eab5 <unknown>
#2 0x5562b5a91676 <unknown>
#3 0x5562b5a918b1 <unknown>
#4 0x5562b5a86616 <unknown>
#5 0x5562b5a864f7 <unknown>
#6 0x5562b5ad97b6 <unknown>
#7 0x5562b5a84cbf <unknown>
#8 0x5562b5a85a81 <unknown>
#9 0x5562b5ff5a64 <unknown>
#10 0x5562b5ff8951 <unknown>
#11 0x5562b5fe221e <unknown>
#12 0x5562b5ff951e <unknown>
#13 0x5562b5fc8be0 <unknown>
#14 0x5562b601c9b8 <unknown>
#15 0x5562b601cb88 <unknown>
#16 0x5562b602e4de <unknown>
#17 0x7f282409caa4 <unknown>
#18 0x7f2824129c6c <unknown>

2026-03-31 12:41:12 - INFO - Fetching BUY listings for USDT/EUR
2026-03-31 12:41:13 - INFO - Data successfully saved to SQLite database. New listings - Bybit: 4, Binance: 6
2026-03-31 12:41:13 - INFO - Browser session closed
2026-03-31 12:41:13 - INFO - SQLite database connection closed
2026-03-31 14:19:03 - INFO - Logging initialized. Log file: pb2b/logs/bybit_scraper_20260331.log
2026-03-31 14:19:06 - INFO - DataSaver logging initialized. Log file: pb2b/logs/data_saver_20260331.log
2026-03-31 14:19:06 - INFO - Connected to SQLite database: pb2b/p2p_listings.db
2026-03-31 14:19:06 - INFO - Database tables created successfully
2026-03-31 14:19:06 - INFO - Attempt 1/10: Loading https://www.bybit.com/fiat/trade/otc?actionType=1&token=USDT&fiat=NGN
2026-03-31 14:19:14 - INFO - Screenshot saved as 'pb2b/screenshots/bybit_page_20260331_141914.png'
2026-03-31 14:19:14 - WARNING - Error parsing row: Message: no such element: Unable to locate element: {"method":"css selector","selector":"td:nth-child(2)"}
  (Session info: chrome=146.0.7680.164); For documentation on this error, please visit: https://www.selenium.dev/documentation/webdriver/troubleshooting/errors#nosuchelementexception
Stacktrace:
#0 0x55c8240aba6a <unknown>
#1 0x55c823abaab5 <unknown>
#2 0x55c823b0d676 <unknown>
#3 0x55c823b0d8b1 <unknown>
#4 0x55c823b02616 <unknown>
#5 0x55c823b024f7 <unknown>
#6 0x55c823b557b6 <unknown>
#7 0x55c823b00cbf <unknown>
#8 0x55c823b01a81 <unknown>
#9 0x55c824071a64 <unknown>
#10 0x55c824074951 <unknown>
#11 0x55c82405e21e <unknown>
#12 0x55c82407551e <unknown>
#13 0x55c824044be0 <unknown>
#14 0x55c8240989b8 <unknown>
#15 0x55c824098b88 <unknown>
#16 0x55c8240aa4de <unknown>
#17 0x7feb84a9caa4 <unknown>
#18 0x7feb84b29c6c <unknown>

2026-03-31 14:19:14 - WARNING - Error parsing row: Message: no such element: Unable to locate element: {"method":"css selector","selector":"td:nth-child(2)"}
  (Session info: chrome=146.0.7680.164); For documentation on this error, please visit: https://www.selenium.dev/documentation/webdriver/troubleshooting/errors#nosuchelementexception
Stacktrace:
#0 0x55c8240aba6a <unknown>
#1 0x55c823abaab5 <unknown>
#2 0x55c823b0d676 <unknown>
#3 0x55c823b0d8b1 <unknown>
#4 0x55c823b02616 <unknown>
#5 0x55c823b024f7 <unknown>
#6 0x55c823b557b6 <unknown>
#7 0x55c823b00cbf <unknown>
#8 0x55c823b01a81 <unknown>
#9 0x55c824071a64 <unknown>
#10 0x55c824074951 <unknown>
#11 0x55c82405e21e <unknown>
#12 0x55c82407551e <unknown>
#13 0x55c824044be0 <unknown>
#14 0x55c8240989b8 <unknown>
#15 0x55c824098b88 <unknown>
#16 0x55c8240aa4de <unknown>
#17 0x7feb84a9caa4 <unknown>
#18 0x7feb84b29c6c <unknown>

2026-03-31 14:19:15 - INFO - Fetching BUY listings for USDT/EUR
2026-03-31 14:19:15 - INFO - Data successfully saved to SQLite database. New listings - Bybit: 4, Binance: 6
2026-03-31 14:19:16 - INFO - Browser session closed
2026-03-31 14:19:16 - INFO - SQLite database connection closed
2026-03-31 15:45:19 - INFO - Logging initialized. Log file: pb2b/logs/bybit_scraper_20260331.log
2026-03-31 15:45:22 - INFO - DataSaver logging initialized. Log file: pb2b/logs/data_saver_20260331.log
2026-03-31 15:45:22 - INFO - Connected to SQLite database: pb2b/p2p_listings.db
2026-03-31 15:45:22 - INFO - Database tables created successfully
2026-03-31 15:45:22 - INFO - Attempt 1/10: Loading https://www.bybit.com/fiat/trade/otc?actionType=1&token=USDT&fiat=NGN
2026-03-31 15:45:30 - INFO - Screenshot saved as 'pb2b/screenshots/bybit_page_20260331_154530.png'
2026-03-31 15:45:30 - WARNING - Error parsing row: Message: no such element: Unable to locate element: {"method":"css selector","selector":"td:nth-child(2)"}
  (Session info: chrome=146.0.7680.164); For documentation on this error, please visit: https://www.selenium.dev/documentation/webdriver/troubleshooting/errors#nosuchelementexception
Stacktrace:
#0 0x55fd93d46a6a <unknown>
#1 0x55fd93755ab5 <unknown>
#2 0x55fd937a8676 <unknown>
#3 0x55fd937a88b1 <unknown>
#4 0x55fd9379d616 <unknown>
#5 0x55fd9379d4f7 <unknown>
#6 0x55fd937f07b6 <unknown>
#7 0x55fd9379bcbf <unknown>
#8 0x55fd9379ca81 <unknown>
#9 0x55fd93d0ca64 <unknown>
#10 0x55fd93d0f951 <unknown>
#11 0x55fd93cf921e <unknown>
#12 0x55fd93d1051e <unknown>
#13 0x55fd93cdfbe0 <unknown>
#14 0x55fd93d339b8 <unknown>
#15 0x55fd93d33b88 <unknown>
#16 0x55fd93d454de <unknown>
#17 0x7f38b089caa4 <unknown>
#18 0x7f38b0929c6c <unknown>

2026-03-31 15:45:30 - WARNING - Error parsing row: Message: no such element: Unable to locate element: {"method":"css selector","selector":"td:nth-child(2)"}
  (Session info: chrome=146.0.7680.164); For documentation on this error, please visit: https://www.selenium.dev/documentation/webdriver/troubleshooting/errors#nosuchelementexception
Stacktrace:
#0 0x55fd93d46a6a <unknown>
#1 0x55fd93755ab5 <unknown>
#2 0x55fd937a8676 <unknown>
#3 0x55fd937a88b1 <unknown>
#4 0x55fd9379d616 <unknown>
#5 0x55fd9379d4f7 <unknown>
#6 0x55fd937f07b6 <unknown>
#7 0x55fd9379bcbf <unknown>
#8 0x55fd9379ca81 <unknown>
#9 0x55fd93d0ca64 <unknown>
#10 0x55fd93d0f951 <unknown>
#11 0x55fd93cf921e <unknown>
#12 0x55fd93d1051e <unknown>
#13 0x55fd93cdfbe0 <unknown>
#14 0x55fd93d339b8 <unknown>
#15 0x55fd93d33b88 <unknown>
#16 0x55fd93d454de <unknown>
#17 0x7f38b089caa4 <unknown>
#18 0x7f38b0929c6c <unknown>

2026-03-31 15:45:31 - INFO - Fetching BUY listings for USDT/EUR
2026-03-31 15:45:31 - INFO - Data successfully saved to SQLite database. New listings - Bybit: 4, Binance: 6
2026-03-31 15:45:31 - INFO - Browser session closed
2026-03-31 15:45:31 - INFO - SQLite database connection closed
2026-03-31 16:46:29 - INFO - Logging initialized. Log file: pb2b/logs/bybit_scraper_20260331.log
2026-03-31 16:46:32 - INFO - DataSaver logging initialized. Log file: pb2b/logs/data_saver_20260331.log
2026-03-31 16:46:32 - INFO - Connected to SQLite database: pb2b/p2p_listings.db
2026-03-31 16:46:32 - INFO - Database tables created successfully
2026-03-31 16:46:32 - INFO - Attempt 1/10: Loading https://www.bybit.com/fiat/trade/otc?actionType=1&token=USDT&fiat=NGN
2026-03-31 16:46:39 - INFO - Screenshot saved as 'pb2b/screenshots/bybit_page_20260331_164639.png'
2026-03-31 16:46:39 - WARNING - Error parsing row: Message: no such element: Unable to locate element: {"method":"css selector","selector":"td:nth-child(2)"}
  (Session info: chrome=146.0.7680.164); For documentation on this error, please visit: https://www.selenium.dev/documentation/webdriver/troubleshooting/errors#nosuchelementexception
Stacktrace:
#0 0x55c889843a6a <unknown>
#1 0x55c889252ab5 <unknown>
#2 0x55c8892a5676 <unknown>
#3 0x55c8892a58b1 <unknown>
#4 0x55c88929a616 <unknown>
#5 0x55c88929a4f7 <unknown>
#6 0x55c8892ed7b6 <unknown>
#7 0x55c889298cbf <unknown>
#8 0x55c889299a81 <unknown>
#9 0x55c889809a64 <unknown>
#10 0x55c88980c951 <unknown>
#11 0x55c8897f621e <unknown>
#12 0x55c88980d51e <unknown>
#13 0x55c8897dcbe0 <unknown>
#14 0x55c8898309b8 <unknown>
#15 0x55c889830b88 <unknown>
#16 0x55c8898424de <unknown>
#17 0x7fcdc729caa4 <unknown>
#18 0x7fcdc7329c6c <unknown>

2026-03-31 16:46:39 - WARNING - Error parsing row: Message: no such element: Unable to locate element: {"method":"css selector","selector":"td:nth-child(2)"}
  (Session info: chrome=146.0.7680.164); For documentation on this error, please visit: https://www.selenium.dev/documentation/webdriver/troubleshooting/errors#nosuchelementexception
Stacktrace:
#0 0x55c889843a6a <unknown>
#1 0x55c889252ab5 <unknown>
#2 0x55c8892a5676 <unknown>
#3 0x55c8892a58b1 <unknown>
#4 0x55c88929a616 <unknown>
#5 0x55c88929a4f7 <unknown>
#6 0x55c8892ed7b6 <unknown>
#7 0x55c889298cbf <unknown>
#8 0x55c889299a81 <unknown>
#9 0x55c889809a64 <unknown>
#10 0x55c88980c951 <unknown>
#11 0x55c8897f621e <unknown>
#12 0x55c88980d51e <unknown>
#13 0x55c8897dcbe0 <unknown>
#14 0x55c8898309b8 <unknown>
#15 0x55c889830b88 <unknown>
#16 0x55c8898424de <unknown>
#17 0x7fcdc729caa4 <unknown>
#18 0x7fcdc7329c6c <unknown>

2026-03-31 16:46:40 - INFO - Fetching BUY listings for USDT/EUR
2026-03-31 16:46:40 - INFO - Data successfully saved to SQLite database. New listings - Bybit: 4, Binance: 6
2026-03-31 16:46:41 - INFO - Browser session closed
2026-03-31 16:46:41 - INFO - SQLite database connection closed
2026-03-31 17:48:00 - INFO - Logging initialized. Log file: pb2b/logs/bybit_scraper_20260331.log
2026-03-31 17:48:04 - INFO - DataSaver logging initialized. Log file: pb2b/logs/data_saver_20260331.log
2026-03-31 17:48:04 - INFO - Connected to SQLite database: pb2b/p2p_listings.db
2026-03-31 17:48:04 - INFO - Database tables created successfully
2026-03-31 17:48:04 - INFO - Attempt 1/10: Loading https://www.bybit.com/fiat/trade/otc?actionType=1&token=USDT&fiat=NGN
2026-03-31 17:48:12 - INFO - Screenshot saved as 'pb2b/screenshots/bybit_page_20260331_174812.png'
2026-03-31 17:48:12 - WARNING - Error parsing row: Message: no such element: Unable to locate element: {"method":"css selector","selector":"td:nth-child(2)"}
  (Session info: chrome=146.0.7680.164); For documentation on this error, please visit: https://www.selenium.dev/documentation/webdriver/troubleshooting/errors#nosuchelementexception
Stacktrace:
#0 0x55cbf38dea6a <unknown>
#1 0x55cbf32edab5 <unknown>
#2 0x55cbf3340676 <unknown>
#3 0x55cbf33408b1 <unknown>
#4 0x55cbf3335616 <unknown>
#5 0x55cbf33354f7 <unknown>
#6 0x55cbf33887b6 <unknown>
#7 0x55cbf3333cbf <unknown>
#8 0x55cbf3334a81 <unknown>
#9 0x55cbf38a4a64 <unknown>
#10 0x55cbf38a7951 <unknown>
#11 0x55cbf389121e <unknown>
#12 0x55cbf38a851e <unknown>
#13 0x55cbf3877be0 <unknown>
#14 0x55cbf38cb9b8 <unknown>
#15 0x55cbf38cbb88 <unknown>
#16 0x55cbf38dd4de <unknown>
#17 0x7f1423e9caa4 <unknown>
#18 0x7f1423f29c6c <unknown>

2026-03-31 17:48:12 - WARNING - Error parsing row: Message: no such element: Unable to locate element: {"method":"css selector","selector":"td:nth-child(2)"}
  (Session info: chrome=146.0.7680.164); For documentation on this error, please visit: https://www.selenium.dev/documentation/webdriver/troubleshooting/errors#nosuchelementexception
Stacktrace:
#0 0x55cbf38dea6a <unknown>
#1 0x55cbf32edab5 <unknown>
#2 0x55cbf3340676 <unknown>
#3 0x55cbf33408b1 <unknown>
#4 0x55cbf3335616 <unknown>
#5 0x55cbf33354f7 <unknown>
#6 0x55cbf33887b6 <unknown>
#7 0x55cbf3333cbf <unknown>
#8 0x55cbf3334a81 <unknown>
#9 0x55cbf38a4a64 <unknown>
#10 0x55cbf38a7951 <unknown>
#11 0x55cbf389121e <unknown>
#12 0x55cbf38a851e <unknown>
#13 0x55cbf3877be0 <unknown>
#14 0x55cbf38cb9b8 <unknown>
#15 0x55cbf38cbb88 <unknown>
#16 0x55cbf38dd4de <unknown>
#17 0x7f1423e9caa4 <unknown>
#18 0x7f1423f29c6c <unknown>

2026-03-31 17:48:13 - INFO - Fetching BUY listings for USDT/EUR
2026-03-31 17:48:13 - INFO - Data successfully saved to SQLite database. New listings - Bybit: 4, Binance: 6
2026-03-31 17:48:13 - INFO - Browser session closed
2026-03-31 17:48:13 - INFO - SQLite database connection closed
2026-03-31 18:45:15 - INFO - Logging initialized. Log file: pb2b/logs/bybit_scraper_20260331.log
2026-03-31 18:45:18 - INFO - DataSaver logging initialized. Log file: pb2b/logs/data_saver_20260331.log
2026-03-31 18:45:18 - INFO - Connected to SQLite database: pb2b/p2p_listings.db
2026-03-31 18:45:18 - INFO - Database tables created successfully
2026-03-31 18:45:18 - INFO - Attempt 1/10: Loading https://www.bybit.com/fiat/trade/otc?actionType=1&token=USDT&fiat=NGN
2026-03-31 18:45:26 - INFO - Screenshot saved as 'pb2b/screenshots/bybit_page_20260331_184526.png'
2026-03-31 18:45:26 - WARNING - Error parsing row: Message: no such element: Unable to locate element: {"method":"css selector","selector":"td:nth-child(2)"}
  (Session info: chrome=146.0.7680.164); For documentation on this error, please visit: https://www.selenium.dev/documentation/webdriver/troubleshooting/errors#nosuchelementexception
Stacktrace:
#0 0x55d10977ea6a <unknown>
#1 0x55d10918dab5 <unknown>
#2 0x55d1091e0676 <unknown>
#3 0x55d1091e08b1 <unknown>
#4 0x55d1091d5616 <unknown>
#5 0x55d1091d54f7 <unknown>
#6 0x55d1092287b6 <unknown>
#7 0x55d1091d3cbf <unknown>
#8 0x55d1091d4a81 <unknown>
#9 0x55d109744a64 <unknown>
#10 0x55d109747951 <unknown>
#11 0x55d10973121e <unknown>
#12 0x55d10974851e <unknown>
#13 0x55d109717be0 <unknown>
#14 0x55d10976b9b8 <unknown>
#15 0x55d10976bb88 <unknown>
#16 0x55d10977d4de <unknown>
#17 0x7f8021c9caa4 <unknown>
#18 0x7f8021d29c6c <unknown>

2026-03-31 18:45:26 - WARNING - Error parsing row: Message: no such element: Unable to locate element: {"method":"css selector","selector":"td:nth-child(2)"}
  (Session info: chrome=146.0.7680.164); For documentation on this error, please visit: https://www.selenium.dev/documentation/webdriver/troubleshooting/errors#nosuchelementexception
Stacktrace:
#0 0x55d10977ea6a <unknown>
#1 0x55d10918dab5 <unknown>
#2 0x55d1091e0676 <unknown>
#3 0x55d1091e08b1 <unknown>
#4 0x55d1091d5616 <unknown>
#5 0x55d1091d54f7 <unknown>
#6 0x55d1092287b6 <unknown>
#7 0x55d1091d3cbf <unknown>
#8 0x55d1091d4a81 <unknown>
#9 0x55d109744a64 <unknown>
#10 0x55d109747951 <unknown>
#11 0x55d10973121e <unknown>
#12 0x55d10974851e <unknown>
#13 0x55d109717be0 <unknown>
#14 0x55d10976b9b8 <unknown>
#15 0x55d10976bb88 <unknown>
#16 0x55d10977d4de <unknown>
#17 0x7f8021c9caa4 <unknown>
#18 0x7f8021d29c6c <unknown>

2026-03-31 18:45:26 - INFO - Fetching BUY listings for USDT/EUR
2026-03-31 18:45:27 - INFO - Data successfully saved to SQLite database. New listings - Bybit: 4, Binance: 6
2026-03-31 18:45:27 - INFO - Browser session closed
2026-03-31 18:45:27 - INFO - SQLite database connection closed
2026-03-31 19:48:11 - INFO - Logging initialized. Log file: pb2b/logs/bybit_scraper_20260331.log
2026-03-31 19:48:12 - INFO - DataSaver logging initialized. Log file: pb2b/logs/data_saver_20260331.log
2026-03-31 19:48:12 - INFO - Connected to SQLite database: pb2b/p2p_listings.db
2026-03-31 19:48:12 - INFO - Database tables created successfully
2026-03-31 19:48:12 - INFO - Attempt 1/10: Loading https://www.bybit.com/fiat/trade/otc?actionType=1&token=USDT&fiat=NGN
2026-03-31 19:48:20 - INFO - Screenshot saved as 'pb2b/screenshots/bybit_page_20260331_194820.png'
2026-03-31 19:48:21 - WARNING - Error parsing row: Message: no such element: Unable to locate element: {"method":"css selector","selector":"td:nth-child(2)"}
  (Session info: chrome=146.0.7680.177); For documentation on this error, please visit: https://www.selenium.dev/documentation/webdriver/troubleshooting/errors#nosuchelementexception
Stacktrace:
#0 0x563c3fdfaa6a <unknown>
#1 0x563c3f809ab5 <unknown>
#2 0x563c3f85c676 <unknown>
#3 0x563c3f85c8b1 <unknown>
#4 0x563c3f851616 <unknown>
#5 0x563c3f8514f7 <unknown>
#6 0x563c3f8a47b6 <unknown>
#7 0x563c3f84fcbf <unknown>
#8 0x563c3f850a81 <unknown>
#9 0x563c3fdc0a64 <unknown>
#10 0x563c3fdc3951 <unknown>
#11 0x563c3fdad21e <unknown>
#12 0x563c3fdc451e <unknown>
#13 0x563c3fd93be0 <unknown>
#14 0x563c3fde79b8 <unknown>
#15 0x563c3fde7b88 <unknown>
#16 0x563c3fdf94de <unknown>
#17 0x7facac29caa4 <unknown>
#18 0x7facac329c6c <unknown>

2026-03-31 19:48:21 - WARNING - Error parsing row: Message: no such element: Unable to locate element: {"method":"css selector","selector":"td:nth-child(2)"}
  (Session info: chrome=146.0.7680.177); For documentation on this error, please visit: https://www.selenium.dev/documentation/webdriver/troubleshooting/errors#nosuchelementexception
Stacktrace:
#0 0x563c3fdfaa6a <unknown>
#1 0x563c3f809ab5 <unknown>
#2 0x563c3f85c676 <unknown>
#3 0x563c3f85c8b1 <unknown>
#4 0x563c3f851616 <unknown>
#5 0x563c3f8514f7 <unknown>
#6 0x563c3f8a47b6 <unknown>
#7 0x563c3f84fcbf <unknown>
#8 0x563c3f850a81 <unknown>
#9 0x563c3fdc0a64 <unknown>
#10 0x563c3fdc3951 <unknown>
#11 0x563c3fdad21e <unknown>
#12 0x563c3fdc451e <unknown>
#13 0x563c3fd93be0 <unknown>
#14 0x563c3fde79b8 <unknown>
#15 0x563c3fde7b88 <unknown>
#16 0x563c3fdf94de <unknown>
#17 0x7facac29caa4 <unknown>
#18 0x7facac329c6c <unknown>

2026-03-31 19:48:21 - INFO - Fetching BUY listings for USDT/EUR
2026-03-31 19:48:22 - INFO - Data successfully saved to SQLite database. New listings - Bybit: 4, Binance: 6
2026-03-31 19:48:22 - INFO - Browser session closed
2026-03-31 19:48:22 - INFO - SQLite database connection closed
2026-03-31 20:33:08 - INFO - Logging initialized. Log file: pb2b/logs/bybit_scraper_20260331.log
2026-03-31 20:33:09 - INFO - DataSaver logging initialized. Log file: pb2b/logs/data_saver_20260331.log
2026-03-31 20:33:09 - INFO - Connected to SQLite database: pb2b/p2p_listings.db
2026-03-31 20:33:09 - INFO - Database tables created successfully
2026-03-31 20:33:09 - INFO - Attempt 1/10: Loading https://www.bybit.com/fiat/trade/otc?actionType=1&token=USDT&fiat=NGN
2026-03-31 20:33:17 - INFO - Screenshot saved as 'pb2b/screenshots/bybit_page_20260331_203317.png'
2026-03-31 20:33:17 - WARNING - Error parsing row: Message: no such element: Unable to locate element: {"method":"css selector","selector":"td:nth-child(2)"}
  (Session info: chrome=146.0.7680.177); For documentation on this error, please visit: https://www.selenium.dev/documentation/webdriver/troubleshooting/errors#nosuchelementexception
Stacktrace:
#0 0x55e91ec80a6a <unknown>
#1 0x55e91e68fab5 <unknown>
#2 0x55e91e6e2676 <unknown>
#3 0x55e91e6e28b1 <unknown>
#4 0x55e91e6d7616 <unknown>
#5 0x55e91e6d74f7 <unknown>
#6 0x55e91e72a7b6 <unknown>
#7 0x55e91e6d5cbf <unknown>
#8 0x55e91e6d6a81 <unknown>
#9 0x55e91ec46a64 <unknown>
#10 0x55e91ec49951 <unknown>
#11 0x55e91ec3321e <unknown>
#12 0x55e91ec4a51e <unknown>
#13 0x55e91ec19be0 <unknown>
#14 0x55e91ec6d9b8 <unknown>
#15 0x55e91ec6db88 <unknown>
#16 0x55e91ec7f4de <unknown>
#17 0x7f46f1e9caa4 <unknown>
#18 0x7f46f1f29c6c <unknown>

2026-03-31 20:33:17 - WARNING - Error parsing row: Message: no such element: Unable to locate element: {"method":"css selector","selector":"td:nth-child(2)"}
  (Session info: chrome=146.0.7680.177); For documentation on this error, please visit: https://www.selenium.dev/documentation/webdriver/troubleshooting/errors#nosuchelementexception
Stacktrace:
#0 0x55e91ec80a6a <unknown>
#1 0x55e91e68fab5 <unknown>
#2 0x55e91e6e2676 <unknown>
#3 0x55e91e6e28b1 <unknown>
#4 0x55e91e6d7616 <unknown>
#5 0x55e91e6d74f7 <unknown>
#6 0x55e91e72a7b6 <unknown>
#7 0x55e91e6d5cbf <unknown>
#8 0x55e91e6d6a81 <unknown>
#9 0x55e91ec46a64 <unknown>
#10 0x55e91ec49951 <unknown>
#11 0x55e91ec3321e <unknown>
#12 0x55e91ec4a51e <unknown>
#13 0x55e91ec19be0 <unknown>
#14 0x55e91ec6d9b8 <unknown>
#15 0x55e91ec6db88 <unknown>
#16 0x55e91ec7f4de <unknown>
#17 0x7f46f1e9caa4 <unknown>
#18 0x7f46f1f29c6c <unknown>

2026-03-31 20:33:18 - INFO - Fetching BUY listings for USDT/EUR
2026-03-31 20:33:18 - INFO - Data successfully saved to SQLite database. New listings - Bybit: 4, Binance: 6
2026-03-31 20:33:19 - INFO - Browser session closed
2026-03-31 20:33:19 - INFO - SQLite database connection closed
2026-03-31 21:12:25 - INFO - Logging initialized. Log file: pb2b/logs/bybit_scraper_20260331.log
2026-03-31 21:12:26 - INFO - DataSaver logging initialized. Log file: pb2b/logs/data_saver_20260331.log
2026-03-31 21:12:26 - INFO - Connected to SQLite database: pb2b/p2p_listings.db
2026-03-31 21:12:26 - INFO - Database tables created successfully
2026-03-31 21:12:26 - INFO - Attempt 1/10: Loading https://www.bybit.com/fiat/trade/otc?actionType=1&token=USDT&fiat=NGN
2026-03-31 21:12:33 - INFO - Screenshot saved as 'pb2b/screenshots/bybit_page_20260331_211233.png'
2026-03-31 21:12:33 - WARNING - Error parsing row: Message: no such element: Unable to locate element: {"method":"css selector","selector":"td:nth-child(2)"}
  (Session info: chrome=146.0.7680.177); For documentation on this error, please visit: https://www.selenium.dev/documentation/webdriver/troubleshooting/errors#nosuchelementexception
Stacktrace:
#0 0x55fdb273fa6a <unknown>
#1 0x55fdb214eab5 <unknown>
#2 0x55fdb21a1676 <unknown>
#3 0x55fdb21a18b1 <unknown>
#4 0x55fdb2196616 <unknown>
#5 0x55fdb21964f7 <unknown>
#6 0x55fdb21e97b6 <unknown>
#7 0x55fdb2194cbf <unknown>
#8 0x55fdb2195a81 <unknown>
#9 0x55fdb2705a64 <unknown>
#10 0x55fdb2708951 <unknown>
#11 0x55fdb26f221e <unknown>
#12 0x55fdb270951e <unknown>
#13 0x55fdb26d8be0 <unknown>
#14 0x55fdb272c9b8 <unknown>
#15 0x55fdb272cb88 <unknown>
#16 0x55fdb273e4de <unknown>
#17 0x7f554869caa4 <unknown>
#18 0x7f5548729c6c <unknown>

2026-03-31 21:12:33 - WARNING - Error parsing row: Message: no such element: Unable to locate element: {"method":"css selector","selector":"td:nth-child(2)"}
  (Session info: chrome=146.0.7680.177); For documentation on this error, please visit: https://www.selenium.dev/documentation/webdriver/troubleshooting/errors#nosuchelementexception
Stacktrace:
#0 0x55fdb273fa6a <unknown>
#1 0x55fdb214eab5 <unknown>
#2 0x55fdb21a1676 <unknown>
#3 0x55fdb21a18b1 <unknown>
#4 0x55fdb2196616 <unknown>
#5 0x55fdb21964f7 <unknown>
#6 0x55fdb21e97b6 <unknown>
#7 0x55fdb2194cbf <unknown>
#8 0x55fdb2195a81 <unknown>
#9 0x55fdb2705a64 <unknown>
#10 0x55fdb2708951 <unknown>
#11 0x55fdb26f221e <unknown>
#12 0x55fdb270951e <unknown>
#13 0x55fdb26d8be0 <unknown>
#14 0x55fdb272c9b8 <unknown>
#15 0x55fdb272cb88 <unknown>
#16 0x55fdb273e4de <unknown>
#17 0x7f554869caa4 <unknown>
#18 0x7f5548729c6c <unknown>

2026-03-31 21:12:34 - INFO - Fetching BUY listings for USDT/EUR
2026-03-31 21:12:34 - INFO - Data successfully saved to SQLite database. New listings - Bybit: 4, Binance: 6
2026-03-31 21:12:35 - INFO - Browser session closed
2026-03-31 21:12:35 - INFO - SQLite database connection closed
2026-03-31 22:00:13 - INFO - Logging initialized. Log file: pb2b/logs/bybit_scraper_20260331.log
2026-03-31 22:00:13 - INFO - DataSaver logging initialized. Log file: pb2b/logs/data_saver_20260331.log
2026-03-31 22:00:13 - INFO - Connected to SQLite database: pb2b/p2p_listings.db
2026-03-31 22:00:13 - INFO - Database tables created successfully
2026-03-31 22:00:13 - INFO - Attempt 1/10: Loading https://www.bybit.com/fiat/trade/otc?actionType=1&token=USDT&fiat=NGN
2026-03-31 22:00:20 - INFO - Screenshot saved as 'pb2b/screenshots/bybit_page_20260331_220020.png'
2026-03-31 22:00:20 - WARNING - Error parsing row: Message: no such element: Unable to locate element: {"method":"css selector","selector":"td:nth-child(2)"}
  (Session info: chrome=146.0.7680.177); For documentation on this error, please visit: https://www.selenium.dev/documentation/webdriver/troubleshooting/errors#nosuchelementexception
Stacktrace:
#0 0x55d70bc86a6a <unknown>
#1 0x55d70b695ab5 <unknown>
#2 0x55d70b6e8676 <unknown>
#3 0x55d70b6e88b1 <unknown>
#4 0x55d70b6dd616 <unknown>
#5 0x55d70b6dd4f7 <unknown>
#6 0x55d70b7307b6 <unknown>
#7 0x55d70b6dbcbf <unknown>
#8 0x55d70b6dca81 <unknown>
#9 0x55d70bc4ca64 <unknown>
#10 0x55d70bc4f951 <unknown>
#11 0x55d70bc3921e <unknown>
#12 0x55d70bc5051e <unknown>
#13 0x55d70bc1fbe0 <unknown>
#14 0x55d70bc739b8 <unknown>
#15 0x55d70bc73b88 <unknown>
#16 0x55d70bc854de <unknown>
#17 0x7f5fcd49caa4 <unknown>
#18 0x7f5fcd529c6c <unknown>

2026-03-31 22:00:20 - WARNING - Error parsing row: Message: no such element: Unable to locate element: {"method":"css selector","selector":"td:nth-child(2)"}
  (Session info: chrome=146.0.7680.177); For documentation on this error, please visit: https://www.selenium.dev/documentation/webdriver/troubleshooting/errors#nosuchelementexception
Stacktrace:
#0 0x55d70bc86a6a <unknown>
#1 0x55d70b695ab5 <unknown>
#2 0x55d70b6e8676 <unknown>
#3 0x55d70b6e88b1 <unknown>
#4 0x55d70b6dd616 <unknown>
#5 0x55d70b6dd4f7 <unknown>
#6 0x55d70b7307b6 <unknown>
#7 0x55d70b6dbcbf <unknown>
#8 0x55d70b6dca81 <unknown>
#9 0x55d70bc4ca64 <unknown>
#10 0x55d70bc4f951 <unknown>
#11 0x55d70bc3921e <unknown>
#12 0x55d70bc5051e <unknown>
#13 0x55d70bc1fbe0 <unknown>
#14 0x55d70bc739b8 <unknown>
#15 0x55d70bc73b88 <unknown>
#16 0x55d70bc854de <unknown>
#17 0x7f5fcd49caa4 <unknown>
#18 0x7f5fcd529c6c <unknown>

2026-03-31 22:00:21 - INFO - Fetching BUY listings for USDT/EUR
2026-03-31 22:00:21 - INFO - Data successfully saved to SQLite database. New listings - Bybit: 4, Binance: 6
2026-03-31 22:00:21 - INFO - Browser session closed
2026-03-31 22:00:21 - INFO - SQLite database connection closed
2026-03-31 22:45:35 - INFO - Logging initialized. Log file: pb2b/logs/bybit_scraper_20260331.log
2026-03-31 22:45:36 - INFO - DataSaver logging initialized. Log file: pb2b/logs/data_saver_20260331.log
2026-03-31 22:45:36 - INFO - Connected to SQLite database: pb2b/p2p_listings.db
2026-03-31 22:45:36 - INFO - Database tables created successfully
2026-03-31 22:45:36 - INFO - Attempt 1/10: Loading https://www.bybit.com/fiat/trade/otc?actionType=1&token=USDT&fiat=NGN
2026-03-31 22:45:44 - INFO - Screenshot saved as 'pb2b/screenshots/bybit_page_20260331_224544.png'
2026-03-31 22:45:44 - WARNING - Error parsing row: Message: no such element: Unable to locate element: {"method":"css selector","selector":"td:nth-child(2)"}
  (Session info: chrome=146.0.7680.177); For documentation on this error, please visit: https://www.selenium.dev/documentation/webdriver/troubleshooting/errors#nosuchelementexception
Stacktrace:
#0 0x55e737d69a6a <unknown>
#1 0x55e737778ab5 <unknown>
#2 0x55e7377cb676 <unknown>
#3 0x55e7377cb8b1 <unknown>
#4 0x55e7377c0616 <unknown>
#5 0x55e7377c04f7 <unknown>
#6 0x55e7378137b6 <unknown>
#7 0x55e7377becbf <unknown>
#8 0x55e7377bfa81 <unknown>
#9 0x55e737d2fa64 <unknown>
#10 0x55e737d32951 <unknown>
#11 0x55e737d1c21e <unknown>
#12 0x55e737d3351e <unknown>
#13 0x55e737d02be0 <unknown>
#14 0x55e737d569b8 <unknown>
#15 0x55e737d56b88 <unknown>
#16 0x55e737d684de <unknown>
#17 0x7f17c5e9caa4 <unknown>
#18 0x7f17c5f29c6c <unknown>

2026-03-31 22:45:44 - WARNING - Error parsing row: Message: no such element: Unable to locate element: {"method":"css selector","selector":"td:nth-child(2)"}
  (Session info: chrome=146.0.7680.177); For documentation on this error, please visit: https://www.selenium.dev/documentation/webdriver/troubleshooting/errors#nosuchelementexception
Stacktrace:
#0 0x55e737d69a6a <unknown>
#1 0x55e737778ab5 <unknown>
#2 0x55e7377cb676 <unknown>
#3 0x55e7377cb8b1 <unknown>
#4 0x55e7377c0616 <unknown>
#5 0x55e7377c04f7 <unknown>
#6 0x55e7378137b6 <unknown>
#7 0x55e7377becbf <unknown>
#8 0x55e7377bfa81 <unknown>
#9 0x55e737d2fa64 <unknown>
#10 0x55e737d32951 <unknown>
#11 0x55e737d1c21e <unknown>
#12 0x55e737d3351e <unknown>
#13 0x55e737d02be0 <unknown>
#14 0x55e737d569b8 <unknown>
#15 0x55e737d56b88 <unknown>
#16 0x55e737d684de <unknown>
#17 0x7f17c5e9caa4 <unknown>
#18 0x7f17c5f29c6c <unknown>

2026-03-31 22:45:44 - INFO - Fetching BUY listings for USDT/EUR
2026-03-31 22:45:45 - INFO - Data successfully saved to SQLite database. New listings - Bybit: 4, Binance: 6
2026-03-31 22:45:45 - INFO - Browser session closed
2026-03-31 22:45:45 - INFO - SQLite database connection closed
2026-03-31 23:24:13 - INFO - Logging initialized. Log file: pb2b/logs/bybit_scraper_20260331.log
2026-03-31 23:24:14 - INFO - DataSaver logging initialized. Log file: pb2b/logs/data_saver_20260331.log
2026-03-31 23:24:14 - INFO - Connected to SQLite database: pb2b/p2p_listings.db
2026-03-31 23:24:14 - INFO - Database tables created successfully
2026-03-31 23:24:14 - INFO - Attempt 1/10: Loading https://www.bybit.com/fiat/trade/otc?actionType=1&token=USDT&fiat=NGN
2026-03-31 23:24:21 - INFO - Screenshot saved as 'pb2b/screenshots/bybit_page_20260331_232421.png'
2026-03-31 23:24:21 - WARNING - Error parsing row: Message: no such element: Unable to locate element: {"method":"css selector","selector":"td:nth-child(2)"}
  (Session info: chrome=146.0.7680.177); For documentation on this error, please visit: https://www.selenium.dev/documentation/webdriver/troubleshooting/errors#nosuchelementexception
Stacktrace:
#0 0x563156e64a6a <unknown>
#1 0x563156873ab5 <unknown>
#2 0x5631568c6676 <unknown>
#3 0x5631568c68b1 <unknown>
#4 0x5631568bb616 <unknown>
#5 0x5631568bb4f7 <unknown>
#6 0x56315690e7b6 <unknown>
#7 0x5631568b9cbf <unknown>
#8 0x5631568baa81 <unknown>
#9 0x563156e2aa64 <unknown>
#10 0x563156e2d951 <unknown>
#11 0x563156e1721e <unknown>
#12 0x563156e2e51e <unknown>
#13 0x563156dfdbe0 <unknown>
#14 0x563156e519b8 <unknown>
#15 0x563156e51b88 <unknown>
#16 0x563156e634de <unknown>
#17 0x7fdb6d29caa4 <unknown>
#18 0x7fdb6d329c6c <unknown>

2026-03-31 23:24:21 - WARNING - Error parsing row: Message: no such element: Unable to locate element: {"method":"css selector","selector":"td:nth-child(2)"}
  (Session info: chrome=146.0.7680.177); For documentation on this error, please visit: https://www.selenium.dev/documentation/webdriver/troubleshooting/errors#nosuchelementexception
Stacktrace:
#0 0x563156e64a6a <unknown>
#1 0x563156873ab5 <unknown>
#2 0x5631568c6676 <unknown>
#3 0x5631568c68b1 <unknown>
#4 0x5631568bb616 <unknown>
#5 0x5631568bb4f7 <unknown>
#6 0x56315690e7b6 <unknown>
#7 0x5631568b9cbf <unknown>
#8 0x5631568baa81 <unknown>
#9 0x563156e2aa64 <unknown>
#10 0x563156e2d951 <unknown>
#11 0x563156e1721e <unknown>
#12 0x563156e2e51e <unknown>
#13 0x563156dfdbe0 <unknown>
#14 0x563156e519b8 <unknown>
#15 0x563156e51b88 <unknown>
#16 0x563156e634de <unknown>
#17 0x7fdb6d29caa4 <unknown>
#18 0x7fdb6d329c6c <unknown>

2026-03-31 23:24:21 - INFO - Fetching BUY listings for USDT/EUR
2026-03-31 23:24:22 - INFO - Data successfully saved to SQLite database. New listings - Bybit: 4, Binance: 6
2026-03-31 23:24:22 - INFO - Browser session closed
2026-03-31 23:24:22 - INFO - SQLite database connection closed
2026-03-31 23:59:36 - INFO - Logging initialized. Log file: pb2b/logs/bybit_scraper_20260331.log
2026-03-31 23:59:38 - INFO - DataSaver logging initialized. Log file: pb2b/logs/data_saver_20260331.log
2026-03-31 23:59:38 - INFO - Connected to SQLite database: pb2b/p2p_listings.db
2026-03-31 23:59:38 - INFO - Database tables created successfully
2026-03-31 23:59:38 - INFO - Attempt 1/10: Loading https://www.bybit.com/fiat/trade/otc?actionType=1&token=USDT&fiat=NGN
2026-03-31 23:59:45 - INFO - Screenshot saved as 'pb2b/screenshots/bybit_page_20260331_235945.png'
2026-03-31 23:59:45 - WARNING - Error parsing row: Message: no such element: Unable to locate element: {"method":"css selector","selector":"td:nth-child(2)"}
  (Session info: chrome=146.0.7680.177); For documentation on this error, please visit: https://www.selenium.dev/documentation/webdriver/troubleshooting/errors#nosuchelementexception
Stacktrace:
#0 0x55ad78abfa6a <unknown>
#1 0x55ad784ceab5 <unknown>
#2 0x55ad78521676 <unknown>
#3 0x55ad785218b1 <unknown>
#4 0x55ad78516616 <unknown>
#5 0x55ad785164f7 <unknown>
#6 0x55ad785697b6 <unknown>
#7 0x55ad78514cbf <unknown>
#8 0x55ad78515a81 <unknown>
#9 0x55ad78a85a64 <unknown>
#10 0x55ad78a88951 <unknown>
#11 0x55ad78a7221e <unknown>
#12 0x55ad78a8951e <unknown>
#13 0x55ad78a58be0 <unknown>
#14 0x55ad78aac9b8 <unknown>
#15 0x55ad78aacb88 <unknown>
#16 0x55ad78abe4de <unknown>
#17 0x7f1dcb89caa4 <unknown>
#18 0x7f1dcb929c6c <unknown>

2026-03-31 23:59:45 - WARNING - Error parsing row: Message: no such element: Unable to locate element: {"method":"css selector","selector":"td:nth-child(2)"}
  (Session info: chrome=146.0.7680.177); For documentation on this error, please visit: https://www.selenium.dev/documentation/webdriver/troubleshooting/errors#nosuchelementexception
Stacktrace:
#0 0x55ad78abfa6a <unknown>
#1 0x55ad784ceab5 <unknown>
#2 0x55ad78521676 <unknown>
#3 0x55ad785218b1 <unknown>
#4 0x55ad78516616 <unknown>
#5 0x55ad785164f7 <unknown>
#6 0x55ad785697b6 <unknown>
#7 0x55ad78514cbf <unknown>
#8 0x55ad78515a81 <unknown>
#9 0x55ad78a85a64 <unknown>
#10 0x55ad78a88951 <unknown>
#11 0x55ad78a7221e <unknown>
#12 0x55ad78a8951e <unknown>
#13 0x55ad78a58be0 <unknown>
#14 0x55ad78aac9b8 <unknown>
#15 0x55ad78aacb88 <unknown>
#16 0x55ad78abe4de <unknown>
#17 0x7f1dcb89caa4 <unknown>
#18 0x7f1dcb929c6c <unknown>

2026-03-31 23:59:46 - INFO - Fetching BUY listings for USDT/EUR
2026-03-31 23:59:46 - INFO - Data successfully saved to SQLite database. New listings - Bybit: 4, Binance: 6
2026-03-31 23:59:47 - INFO - Browser session closed
2026-03-31 23:59:47 - INFO - SQLite database connection closed
