2025-04-17 01:07:58 - INFO - Logging initialized. Log file: pb2b/logs/bybit_scraper_20250417.log
2025-04-17 01:08:00 - INFO - DataSaver logging initialized. Log file: pb2b/logs/data_saver_20250417.log
2025-04-17 01:08:00 - INFO - Connected to SQLite database: pb2b/p2p_listings.db
2025-04-17 01:08:00 - INFO - Database tables created successfully
2025-04-17 01:08:00 - INFO - Attempt 1/10: Loading https://www.bybit.com/fiat/trade/otc?actionType=1&token=USDT&fiat=NGN
2025-04-17 01:08:10 - INFO - Screenshot saved as 'pb2b/screenshots/bybit_page_20250417_010810.png'
2025-04-17 01:08:11 - INFO - Fetching BUY listings for USDT/EUR
2025-04-17 01:08:12 - INFO - Data successfully saved to SQLite database. New listings - Bybit: 4, Binance: 6
2025-04-17 01:08:12 - INFO - Browser session closed
2025-04-17 01:08:12 - INFO - SQLite database connection closed
2025-04-17 02:44:53 - INFO - Logging initialized. Log file: pb2b/logs/bybit_scraper_20250417.log
2025-04-17 02:44:55 - INFO - DataSaver logging initialized. Log file: pb2b/logs/data_saver_20250417.log
2025-04-17 02:44:55 - INFO - Connected to SQLite database: pb2b/p2p_listings.db
2025-04-17 02:44:55 - INFO - Database tables created successfully
2025-04-17 02:44:55 - INFO - Attempt 1/10: Loading https://www.bybit.com/fiat/trade/otc?actionType=1&token=USDT&fiat=NGN
2025-04-17 02:45:04 - INFO - Screenshot saved as 'pb2b/screenshots/bybit_page_20250417_024504.png'
2025-04-17 02:45:04 - INFO - Fetching BUY listings for USDT/EUR
2025-04-17 02:45:06 - INFO - Data successfully saved to SQLite database. New listings - Bybit: 4, Binance: 6
2025-04-17 02:45:06 - INFO - Browser session closed
2025-04-17 02:45:06 - INFO - SQLite database connection closed
2025-04-17 03:28:56 - INFO - Logging initialized. Log file: pb2b/logs/bybit_scraper_20250417.log
2025-04-17 03:28:57 - INFO - DataSaver logging initialized. Log file: pb2b/logs/data_saver_20250417.log
2025-04-17 03:28:57 - INFO - Connected to SQLite database: pb2b/p2p_listings.db
2025-04-17 03:28:57 - INFO - Database tables created successfully
2025-04-17 03:28:57 - INFO - Attempt 1/10: Loading https://www.bybit.com/fiat/trade/otc?actionType=1&token=USDT&fiat=NGN
2025-04-17 03:29:06 - INFO - Screenshot saved as 'pb2b/screenshots/bybit_page_20250417_032906.png'
2025-04-17 03:29:06 - INFO - Fetching BUY listings for USDT/EUR
2025-04-17 03:29:07 - INFO - Data successfully saved to SQLite database. New listings - Bybit: 4, Binance: 6
2025-04-17 03:29:07 - INFO - Browser session closed
2025-04-17 03:29:07 - INFO - SQLite database connection closed
