2026-03-05 00:06:03 - INFO - Logging initialized. Log file: pb2b/logs/bybit_scraper_20260305.log
2026-03-05 00:06:04 - INFO - DataSaver logging initialized. Log file: pb2b/logs/data_saver_20260305.log
2026-03-05 00:06:04 - INFO - Connected to SQLite database: pb2b/p2p_listings.db
2026-03-05 00:06:04 - INFO - Database tables created successfully
2026-03-05 00:06:04 - INFO - Attempt 1/10: Loading https://www.bybit.com/fiat/trade/otc?actionType=1&token=USDT&fiat=NGN
2026-03-05 00:06:12 - INFO - Screenshot saved as 'pb2b/screenshots/bybit_page_20260305_000612.png'
2026-03-05 00:06:12 - WARNING - Error parsing row: Message: no such element: Unable to locate element: {"method":"css selector","selector":"td:nth-child(2)"}
  (Session info: chrome=145.0.7632.159); For documentation on this error, please visit: https://www.selenium.dev/documentation/webdriver/troubleshooting/errors#nosuchelementexception
Stacktrace:
#0 0x55e04a5ebb6a <unknown>
#1 0x55e049ffea32 <unknown>
#2 0x55e04a053d66 <unknown>
#3 0x55e04a053fa1 <unknown>
#4 0x55e04a047736 <unknown>
#5 0x55e04a047617 <unknown>
#6 0x55e04a09c369 <unknown>
#7 0x55e04a045c0f <unknown>
#8 0x55e04a0469d1 <unknown>
#9 0x55e04a5b06b9 <unknown>
#10 0x55e04a5b35c1 <unknown>
#11 0x55e04a59ce29 <unknown>
#12 0x55e04a5b417e <unknown>
#13 0x55e04a5834b0 <unknown>
#14 0x55e04a5d8578 <unknown>
#15 0x55e04a5d874b <unknown>
#16 0x55e04a5ea1a3 <unknown>
#17 0x7f2eed89caa4 <unknown>
#18 0x7f2eed929c6c <unknown>

2026-03-05 00:06:12 - WARNING - Error parsing row: Message: no such element: Unable to locate element: {"method":"css selector","selector":"td:nth-child(2)"}
  (Session info: chrome=145.0.7632.159); For documentation on this error, please visit: https://www.selenium.dev/documentation/webdriver/troubleshooting/errors#nosuchelementexception
Stacktrace:
#0 0x55e04a5ebb6a <unknown>
#1 0x55e049ffea32 <unknown>
#2 0x55e04a053d66 <unknown>
#3 0x55e04a053fa1 <unknown>
#4 0x55e04a047736 <unknown>
#5 0x55e04a047617 <unknown>
#6 0x55e04a09c369 <unknown>
#7 0x55e04a045c0f <unknown>
#8 0x55e04a0469d1 <unknown>
#9 0x55e04a5b06b9 <unknown>
#10 0x55e04a5b35c1 <unknown>
#11 0x55e04a59ce29 <unknown>
#12 0x55e04a5b417e <unknown>
#13 0x55e04a5834b0 <unknown>
#14 0x55e04a5d8578 <unknown>
#15 0x55e04a5d874b <unknown>
#16 0x55e04a5ea1a3 <unknown>
#17 0x7f2eed89caa4 <unknown>
#18 0x7f2eed929c6c <unknown>

2026-03-05 00:06:12 - INFO - Fetching BUY listings for USDT/EUR
2026-03-05 00:06:13 - INFO - Data successfully saved to SQLite database. New listings - Bybit: 4, Binance: 6
2026-03-05 00:06:13 - INFO - Browser session closed
2026-03-05 00:06:13 - INFO - SQLite database connection closed
2026-03-05 02:56:27 - INFO - Logging initialized. Log file: pb2b/logs/bybit_scraper_20260305.log
2026-03-05 02:56:28 - INFO - DataSaver logging initialized. Log file: pb2b/logs/data_saver_20260305.log
2026-03-05 02:56:28 - INFO - Connected to SQLite database: pb2b/p2p_listings.db
2026-03-05 02:56:28 - INFO - Database tables created successfully
2026-03-05 02:56:28 - INFO - Attempt 1/10: Loading https://www.bybit.com/fiat/trade/otc?actionType=1&token=USDT&fiat=NGN
2026-03-05 02:56:36 - INFO - Screenshot saved as 'pb2b/screenshots/bybit_page_20260305_025636.png'
2026-03-05 02:56:36 - WARNING - Error parsing row: Message: no such element: Unable to locate element: {"method":"css selector","selector":"td:nth-child(2)"}
  (Session info: chrome=145.0.7632.159); For documentation on this error, please visit: https://www.selenium.dev/documentation/webdriver/troubleshooting/errors#nosuchelementexception
Stacktrace:
#0 0x55ea4e73db6a <unknown>
#1 0x55ea4e150a32 <unknown>
#2 0x55ea4e1a5d66 <unknown>
#3 0x55ea4e1a5fa1 <unknown>
#4 0x55ea4e199736 <unknown>
#5 0x55ea4e199617 <unknown>
#6 0x55ea4e1ee369 <unknown>
#7 0x55ea4e197c0f <unknown>
#8 0x55ea4e1989d1 <unknown>
#9 0x55ea4e7026b9 <unknown>
#10 0x55ea4e7055c1 <unknown>
#11 0x55ea4e6eee29 <unknown>
#12 0x55ea4e70617e <unknown>
#13 0x55ea4e6d54b0 <unknown>
#14 0x55ea4e72a578 <unknown>
#15 0x55ea4e72a74b <unknown>
#16 0x55ea4e73c1a3 <unknown>
#17 0x7f3c0709caa4 <unknown>
#18 0x7f3c07129c6c <unknown>

2026-03-05 02:56:36 - WARNING - Error parsing row: Message: no such element: Unable to locate element: {"method":"css selector","selector":"td:nth-child(2)"}
  (Session info: chrome=145.0.7632.159); For documentation on this error, please visit: https://www.selenium.dev/documentation/webdriver/troubleshooting/errors#nosuchelementexception
Stacktrace:
#0 0x55ea4e73db6a <unknown>
#1 0x55ea4e150a32 <unknown>
#2 0x55ea4e1a5d66 <unknown>
#3 0x55ea4e1a5fa1 <unknown>
#4 0x55ea4e199736 <unknown>
#5 0x55ea4e199617 <unknown>
#6 0x55ea4e1ee369 <unknown>
#7 0x55ea4e197c0f <unknown>
#8 0x55ea4e1989d1 <unknown>
#9 0x55ea4e7026b9 <unknown>
#10 0x55ea4e7055c1 <unknown>
#11 0x55ea4e6eee29 <unknown>
#12 0x55ea4e70617e <unknown>
#13 0x55ea4e6d54b0 <unknown>
#14 0x55ea4e72a578 <unknown>
#15 0x55ea4e72a74b <unknown>
#16 0x55ea4e73c1a3 <unknown>
#17 0x7f3c0709caa4 <unknown>
#18 0x7f3c07129c6c <unknown>

2026-03-05 02:56:36 - INFO - Fetching BUY listings for USDT/EUR
2026-03-05 02:56:39 - INFO - Data successfully saved to SQLite database. New listings - Bybit: 4, Binance: 6
2026-03-05 02:56:39 - INFO - Browser session closed
2026-03-05 02:56:39 - INFO - SQLite database connection closed
