2026-03-30 01:11:42 - INFO - Logging initialized. Log file: pb2b/logs/bybit_scraper_20260330.log
2026-03-30 01:11:43 - INFO - DataSaver logging initialized. Log file: pb2b/logs/data_saver_20260330.log
2026-03-30 01:11:43 - INFO - Connected to SQLite database: pb2b/p2p_listings.db
2026-03-30 01:11:43 - INFO - Database tables created successfully
2026-03-30 01:11:43 - INFO - Attempt 1/10: Loading https://www.bybit.com/fiat/trade/otc?actionType=1&token=USDT&fiat=NGN
2026-03-30 01:11:50 - INFO - Screenshot saved as 'pb2b/screenshots/bybit_page_20260330_011150.png'
2026-03-30 01:11:50 - WARNING - Error parsing row: Message: no such element: Unable to locate element: {"method":"css selector","selector":"td:nth-child(2)"}
  (Session info: chrome=146.0.7680.164); For documentation on this error, please visit: https://www.selenium.dev/documentation/webdriver/troubleshooting/errors#nosuchelementexception
Stacktrace:
#0 0x5593e0ed3a6a <unknown>
#1 0x5593e08e2ab5 <unknown>
#2 0x5593e0935676 <unknown>
#3 0x5593e09358b1 <unknown>
#4 0x5593e092a616 <unknown>
#5 0x5593e092a4f7 <unknown>
#6 0x5593e097d7b6 <unknown>
#7 0x5593e0928cbf <unknown>
#8 0x5593e0929a81 <unknown>
#9 0x5593e0e99a64 <unknown>
#10 0x5593e0e9c951 <unknown>
#11 0x5593e0e8621e <unknown>
#12 0x5593e0e9d51e <unknown>
#13 0x5593e0e6cbe0 <unknown>
#14 0x5593e0ec09b8 <unknown>
#15 0x5593e0ec0b88 <unknown>
#16 0x5593e0ed24de <unknown>
#17 0x7fc91789caa4 <unknown>
#18 0x7fc917929c6c <unknown>

2026-03-30 01:11:50 - WARNING - Error parsing row: Message: no such element: Unable to locate element: {"method":"css selector","selector":"td:nth-child(2)"}
  (Session info: chrome=146.0.7680.164); For documentation on this error, please visit: https://www.selenium.dev/documentation/webdriver/troubleshooting/errors#nosuchelementexception
Stacktrace:
#0 0x5593e0ed3a6a <unknown>
#1 0x5593e08e2ab5 <unknown>
#2 0x5593e0935676 <unknown>
#3 0x5593e09358b1 <unknown>
#4 0x5593e092a616 <unknown>
#5 0x5593e092a4f7 <unknown>
#6 0x5593e097d7b6 <unknown>
#7 0x5593e0928cbf <unknown>
#8 0x5593e0929a81 <unknown>
#9 0x5593e0e99a64 <unknown>
#10 0x5593e0e9c951 <unknown>
#11 0x5593e0e8621e <unknown>
#12 0x5593e0e9d51e <unknown>
#13 0x5593e0e6cbe0 <unknown>
#14 0x5593e0ec09b8 <unknown>
#15 0x5593e0ec0b88 <unknown>
#16 0x5593e0ed24de <unknown>
#17 0x7fc91789caa4 <unknown>
#18 0x7fc917929c6c <unknown>

2026-03-30 01:11:50 - INFO - Fetching BUY listings for USDT/EUR
2026-03-30 01:11:51 - INFO - Data successfully saved to SQLite database. New listings - Bybit: 4, Binance: 6
2026-03-30 01:11:51 - INFO - Browser session closed
2026-03-30 01:11:51 - INFO - SQLite database connection closed
2026-03-30 04:22:28 - INFO - Logging initialized. Log file: pb2b/logs/bybit_scraper_20260330.log
2026-03-30 04:22:31 - INFO - DataSaver logging initialized. Log file: pb2b/logs/data_saver_20260330.log
2026-03-30 04:22:31 - INFO - Connected to SQLite database: pb2b/p2p_listings.db
2026-03-30 04:22:31 - INFO - Database tables created successfully
2026-03-30 04:22:31 - INFO - Attempt 1/10: Loading https://www.bybit.com/fiat/trade/otc?actionType=1&token=USDT&fiat=NGN
2026-03-30 04:22:38 - INFO - Screenshot saved as 'pb2b/screenshots/bybit_page_20260330_042238.png'
2026-03-30 04:22:38 - WARNING - Error parsing row: Message: no such element: Unable to locate element: {"method":"css selector","selector":"td:nth-child(2)"}
  (Session info: chrome=146.0.7680.164); For documentation on this error, please visit: https://www.selenium.dev/documentation/webdriver/troubleshooting/errors#nosuchelementexception
Stacktrace:
#0 0x555fb76d8a6a <unknown>
#1 0x555fb70e7ab5 <unknown>
#2 0x555fb713a676 <unknown>
#3 0x555fb713a8b1 <unknown>
#4 0x555fb712f616 <unknown>
#5 0x555fb712f4f7 <unknown>
#6 0x555fb71827b6 <unknown>
#7 0x555fb712dcbf <unknown>
#8 0x555fb712ea81 <unknown>
#9 0x555fb769ea64 <unknown>
#10 0x555fb76a1951 <unknown>
#11 0x555fb768b21e <unknown>
#12 0x555fb76a251e <unknown>
#13 0x555fb7671be0 <unknown>
#14 0x555fb76c59b8 <unknown>
#15 0x555fb76c5b88 <unknown>
#16 0x555fb76d74de <unknown>
#17 0x7f4e1029caa4 <unknown>
#18 0x7f4e10329c6c <unknown>

2026-03-30 04:22:38 - WARNING - Error parsing row: Message: no such element: Unable to locate element: {"method":"css selector","selector":"td:nth-child(2)"}
  (Session info: chrome=146.0.7680.164); For documentation on this error, please visit: https://www.selenium.dev/documentation/webdriver/troubleshooting/errors#nosuchelementexception
Stacktrace:
#0 0x555fb76d8a6a <unknown>
#1 0x555fb70e7ab5 <unknown>
#2 0x555fb713a676 <unknown>
#3 0x555fb713a8b1 <unknown>
#4 0x555fb712f616 <unknown>
#5 0x555fb712f4f7 <unknown>
#6 0x555fb71827b6 <unknown>
#7 0x555fb712dcbf <unknown>
#8 0x555fb712ea81 <unknown>
#9 0x555fb769ea64 <unknown>
#10 0x555fb76a1951 <unknown>
#11 0x555fb768b21e <unknown>
#12 0x555fb76a251e <unknown>
#13 0x555fb7671be0 <unknown>
#14 0x555fb76c59b8 <unknown>
#15 0x555fb76c5b88 <unknown>
#16 0x555fb76d74de <unknown>
#17 0x7f4e1029caa4 <unknown>
#18 0x7f4e10329c6c <unknown>

2026-03-30 04:22:38 - INFO - Fetching BUY listings for USDT/EUR
2026-03-30 04:22:39 - INFO - Data successfully saved to SQLite database. New listings - Bybit: 4, Binance: 6
2026-03-30 04:22:39 - INFO - Browser session closed
2026-03-30 04:22:39 - INFO - SQLite database connection closed
