2025-03-04 00:42:42 - INFO - Logging initialized. Log file: pb2b/logs/bybit_scraper_20250304.log
2025-03-04 00:42:43 - INFO - DataSaver logging initialized. Log file: pb2b/logs/data_saver_20250304.log
2025-03-04 00:42:43 - INFO - Connected to SQLite database: pb2b/p2p_listings.db
2025-03-04 00:42:43 - INFO - Database tables created successfully
2025-03-04 00:42:43 - INFO - Attempt 1/10: Loading https://www.bybit.com/fiat/trade/otc?actionType=1&token=USDT&fiat=NGN
2025-03-04 00:42:52 - INFO - Screenshot saved as 'pb2b/screenshots/bybit_page_20250304_004252.png'
2025-03-04 00:42:52 - INFO - Fetching BUY listings for USDT/EUR
2025-03-04 00:42:53 - INFO - Data successfully saved to SQLite database. New listings - Bybit: 5, Binance: 6
2025-03-04 00:42:53 - INFO - Browser session closed
2025-03-04 00:42:53 - INFO - SQLite database connection closed
2025-03-04 02:13:52 - INFO - Logging initialized. Log file: pb2b/logs/bybit_scraper_20250304.log
2025-03-04 02:13:53 - INFO - DataSaver logging initialized. Log file: pb2b/logs/data_saver_20250304.log
2025-03-04 02:13:53 - INFO - Connected to SQLite database: pb2b/p2p_listings.db
2025-03-04 02:13:53 - INFO - Database tables created successfully
2025-03-04 02:13:53 - INFO - Attempt 1/10: Loading https://www.bybit.com/fiat/trade/otc?actionType=1&token=USDT&fiat=NGN
2025-03-04 02:14:02 - INFO - Screenshot saved as 'pb2b/screenshots/bybit_page_20250304_021402.png'
2025-03-04 02:14:02 - INFO - Fetching BUY listings for USDT/EUR
2025-03-04 02:14:03 - INFO - Data successfully saved to SQLite database. New listings - Bybit: 5, Binance: 6
2025-03-04 02:14:03 - INFO - Browser session closed
2025-03-04 02:14:03 - INFO - SQLite database connection closed
