2026-04-05 02:14:01 - INFO - Logging initialized. Log file: pb2b/logs/bybit_scraper_20260405.log
2026-04-05 02:14:01 - INFO - DataSaver logging initialized. Log file: pb2b/logs/data_saver_20260405.log
2026-04-05 02:14:01 - INFO - Connected to SQLite database: pb2b/p2p_listings.db
2026-04-05 02:14:01 - INFO - Database tables created successfully
2026-04-05 02:14:01 - INFO - Attempt 1/10: Loading https://www.bybit.com/fiat/trade/otc?actionType=1&token=USDT&fiat=NGN
2026-04-05 02:14:10 - INFO - Screenshot saved as 'pb2b/screenshots/bybit_page_20260405_021409.png'
2026-04-05 02:14:10 - WARNING - Error parsing row: Message: no such element: Unable to locate element: {"method":"css selector","selector":"td:nth-child(2)"}
  (Session info: chrome=146.0.7680.177); For documentation on this error, please visit: https://www.selenium.dev/documentation/webdriver/troubleshooting/errors#nosuchelementexception
Stacktrace:
#0 0x559acdaa3a6a <unknown>
#1 0x559acd4b2ab5 <unknown>
#2 0x559acd505676 <unknown>
#3 0x559acd5058b1 <unknown>
#4 0x559acd4fa616 <unknown>
#5 0x559acd4fa4f7 <unknown>
#6 0x559acd54d7b6 <unknown>
#7 0x559acd4f8cbf <unknown>
#8 0x559acd4f9a81 <unknown>
#9 0x559acda69a64 <unknown>
#10 0x559acda6c951 <unknown>
#11 0x559acda5621e <unknown>
#12 0x559acda6d51e <unknown>
#13 0x559acda3cbe0 <unknown>
#14 0x559acda909b8 <unknown>
#15 0x559acda90b88 <unknown>
#16 0x559acdaa24de <unknown>
#17 0x7f2f65a9caa4 <unknown>
#18 0x7f2f65b29c6c <unknown>

2026-04-05 02:14:10 - WARNING - Error parsing row: Message: no such element: Unable to locate element: {"method":"css selector","selector":"td:nth-child(2)"}
  (Session info: chrome=146.0.7680.177); For documentation on this error, please visit: https://www.selenium.dev/documentation/webdriver/troubleshooting/errors#nosuchelementexception
Stacktrace:
#0 0x559acdaa3a6a <unknown>
#1 0x559acd4b2ab5 <unknown>
#2 0x559acd505676 <unknown>
#3 0x559acd5058b1 <unknown>
#4 0x559acd4fa616 <unknown>
#5 0x559acd4fa4f7 <unknown>
#6 0x559acd54d7b6 <unknown>
#7 0x559acd4f8cbf <unknown>
#8 0x559acd4f9a81 <unknown>
#9 0x559acda69a64 <unknown>
#10 0x559acda6c951 <unknown>
#11 0x559acda5621e <unknown>
#12 0x559acda6d51e <unknown>
#13 0x559acda3cbe0 <unknown>
#14 0x559acda909b8 <unknown>
#15 0x559acda90b88 <unknown>
#16 0x559acdaa24de <unknown>
#17 0x7f2f65a9caa4 <unknown>
#18 0x7f2f65b29c6c <unknown>

2026-04-05 02:14:10 - INFO - Fetching BUY listings for USDT/EUR
2026-04-05 02:14:11 - INFO - Data successfully saved to SQLite database. New listings - Bybit: 4, Binance: 6
2026-04-05 02:14:11 - INFO - Browser session closed
2026-04-05 02:14:11 - INFO - SQLite database connection closed
2026-04-05 04:50:37 - INFO - Logging initialized. Log file: pb2b/logs/bybit_scraper_20260405.log
2026-04-05 04:50:38 - INFO - DataSaver logging initialized. Log file: pb2b/logs/data_saver_20260405.log
2026-04-05 04:50:38 - INFO - Connected to SQLite database: pb2b/p2p_listings.db
2026-04-05 04:50:38 - INFO - Database tables created successfully
2026-04-05 04:50:38 - INFO - Attempt 1/10: Loading https://www.bybit.com/fiat/trade/otc?actionType=1&token=USDT&fiat=NGN
2026-04-05 04:50:46 - INFO - Screenshot saved as 'pb2b/screenshots/bybit_page_20260405_045046.png'
2026-04-05 04:50:46 - WARNING - Error parsing row: Message: no such element: Unable to locate element: {"method":"css selector","selector":"td:nth-child(2)"}
  (Session info: chrome=146.0.7680.177); For documentation on this error, please visit: https://www.selenium.dev/documentation/webdriver/troubleshooting/errors#nosuchelementexception
Stacktrace:
#0 0x55ac041c7a6a <unknown>
#1 0x55ac03bd6ab5 <unknown>
#2 0x55ac03c29676 <unknown>
#3 0x55ac03c298b1 <unknown>
#4 0x55ac03c1e616 <unknown>
#5 0x55ac03c1e4f7 <unknown>
#6 0x55ac03c717b6 <unknown>
#7 0x55ac03c1ccbf <unknown>
#8 0x55ac03c1da81 <unknown>
#9 0x55ac0418da64 <unknown>
#10 0x55ac04190951 <unknown>
#11 0x55ac0417a21e <unknown>
#12 0x55ac0419151e <unknown>
#13 0x55ac04160be0 <unknown>
#14 0x55ac041b49b8 <unknown>
#15 0x55ac041b4b88 <unknown>
#16 0x55ac041c64de <unknown>
#17 0x7fc91649caa4 <unknown>
#18 0x7fc916529c6c <unknown>

2026-04-05 04:50:46 - WARNING - Error parsing row: Message: no such element: Unable to locate element: {"method":"css selector","selector":"td:nth-child(2)"}
  (Session info: chrome=146.0.7680.177); For documentation on this error, please visit: https://www.selenium.dev/documentation/webdriver/troubleshooting/errors#nosuchelementexception
Stacktrace:
#0 0x55ac041c7a6a <unknown>
#1 0x55ac03bd6ab5 <unknown>
#2 0x55ac03c29676 <unknown>
#3 0x55ac03c298b1 <unknown>
#4 0x55ac03c1e616 <unknown>
#5 0x55ac03c1e4f7 <unknown>
#6 0x55ac03c717b6 <unknown>
#7 0x55ac03c1ccbf <unknown>
#8 0x55ac03c1da81 <unknown>
#9 0x55ac0418da64 <unknown>
#10 0x55ac04190951 <unknown>
#11 0x55ac0417a21e <unknown>
#12 0x55ac0419151e <unknown>
#13 0x55ac04160be0 <unknown>
#14 0x55ac041b49b8 <unknown>
#15 0x55ac041b4b88 <unknown>
#16 0x55ac041c64de <unknown>
#17 0x7fc91649caa4 <unknown>
#18 0x7fc916529c6c <unknown>

2026-04-05 04:50:46 - INFO - Fetching BUY listings for USDT/EUR
2026-04-05 04:50:47 - INFO - Data successfully saved to SQLite database. New listings - Bybit: 4, Binance: 6
2026-04-05 04:50:47 - INFO - Browser session closed
2026-04-05 04:50:47 - INFO - SQLite database connection closed
2026-04-05 06:11:57 - INFO - Logging initialized. Log file: pb2b/logs/bybit_scraper_20260405.log
2026-04-05 06:11:58 - INFO - DataSaver logging initialized. Log file: pb2b/logs/data_saver_20260405.log
2026-04-05 06:11:58 - INFO - Connected to SQLite database: pb2b/p2p_listings.db
2026-04-05 06:11:58 - INFO - Database tables created successfully
2026-04-05 06:11:58 - INFO - Attempt 1/10: Loading https://www.bybit.com/fiat/trade/otc?actionType=1&token=USDT&fiat=NGN
2026-04-05 06:12:05 - INFO - Screenshot saved as 'pb2b/screenshots/bybit_page_20260405_061205.png'
2026-04-05 06:12:05 - WARNING - Error parsing row: Message: no such element: Unable to locate element: {"method":"css selector","selector":"td:nth-child(2)"}
  (Session info: chrome=146.0.7680.177); For documentation on this error, please visit: https://www.selenium.dev/documentation/webdriver/troubleshooting/errors#nosuchelementexception
Stacktrace:
#0 0x55a675e07a6a <unknown>
#1 0x55a675816ab5 <unknown>
#2 0x55a675869676 <unknown>
#3 0x55a6758698b1 <unknown>
#4 0x55a67585e616 <unknown>
#5 0x55a67585e4f7 <unknown>
#6 0x55a6758b17b6 <unknown>
#7 0x55a67585ccbf <unknown>
#8 0x55a67585da81 <unknown>
#9 0x55a675dcda64 <unknown>
#10 0x55a675dd0951 <unknown>
#11 0x55a675dba21e <unknown>
#12 0x55a675dd151e <unknown>
#13 0x55a675da0be0 <unknown>
#14 0x55a675df49b8 <unknown>
#15 0x55a675df4b88 <unknown>
#16 0x55a675e064de <unknown>
#17 0x7f7238c9caa4 <unknown>
#18 0x7f7238d29c6c <unknown>

2026-04-05 06:12:05 - WARNING - Error parsing row: Message: no such element: Unable to locate element: {"method":"css selector","selector":"td:nth-child(2)"}
  (Session info: chrome=146.0.7680.177); For documentation on this error, please visit: https://www.selenium.dev/documentation/webdriver/troubleshooting/errors#nosuchelementexception
Stacktrace:
#0 0x55a675e07a6a <unknown>
#1 0x55a675816ab5 <unknown>
#2 0x55a675869676 <unknown>
#3 0x55a6758698b1 <unknown>
#4 0x55a67585e616 <unknown>
#5 0x55a67585e4f7 <unknown>
#6 0x55a6758b17b6 <unknown>
#7 0x55a67585ccbf <unknown>
#8 0x55a67585da81 <unknown>
#9 0x55a675dcda64 <unknown>
#10 0x55a675dd0951 <unknown>
#11 0x55a675dba21e <unknown>
#12 0x55a675dd151e <unknown>
#13 0x55a675da0be0 <unknown>
#14 0x55a675df49b8 <unknown>
#15 0x55a675df4b88 <unknown>
#16 0x55a675e064de <unknown>
#17 0x7f7238c9caa4 <unknown>
#18 0x7f7238d29c6c <unknown>

2026-04-05 06:12:06 - INFO - Fetching BUY listings for USDT/EUR
2026-04-05 06:12:07 - INFO - Data successfully saved to SQLite database. New listings - Bybit: 4, Binance: 6
2026-04-05 06:12:07 - INFO - Browser session closed
2026-04-05 06:12:07 - INFO - SQLite database connection closed
2026-04-05 07:37:36 - INFO - Logging initialized. Log file: pb2b/logs/bybit_scraper_20260405.log
2026-04-05 07:37:37 - INFO - DataSaver logging initialized. Log file: pb2b/logs/data_saver_20260405.log
2026-04-05 07:37:37 - INFO - Connected to SQLite database: pb2b/p2p_listings.db
2026-04-05 07:37:37 - INFO - Database tables created successfully
2026-04-05 07:37:37 - INFO - Attempt 1/10: Loading https://www.bybit.com/fiat/trade/otc?actionType=1&token=USDT&fiat=NGN
2026-04-05 07:37:44 - INFO - Screenshot saved as 'pb2b/screenshots/bybit_page_20260405_073744.png'
2026-04-05 07:37:44 - WARNING - Error parsing row: Message: no such element: Unable to locate element: {"method":"css selector","selector":"td:nth-child(2)"}
  (Session info: chrome=146.0.7680.177); For documentation on this error, please visit: https://www.selenium.dev/documentation/webdriver/troubleshooting/errors#nosuchelementexception
Stacktrace:
#0 0x55b319958a6a <unknown>
#1 0x55b319367ab5 <unknown>
#2 0x55b3193ba676 <unknown>
#3 0x55b3193ba8b1 <unknown>
#4 0x55b3193af616 <unknown>
#5 0x55b3193af4f7 <unknown>
#6 0x55b3194027b6 <unknown>
#7 0x55b3193adcbf <unknown>
#8 0x55b3193aea81 <unknown>
#9 0x55b31991ea64 <unknown>
#10 0x55b319921951 <unknown>
#11 0x55b31990b21e <unknown>
#12 0x55b31992251e <unknown>
#13 0x55b3198f1be0 <unknown>
#14 0x55b3199459b8 <unknown>
#15 0x55b319945b88 <unknown>
#16 0x55b3199574de <unknown>
#17 0x7fe12169caa4 <unknown>
#18 0x7fe121729c6c <unknown>

2026-04-05 07:37:44 - WARNING - Error parsing row: Message: no such element: Unable to locate element: {"method":"css selector","selector":"td:nth-child(2)"}
  (Session info: chrome=146.0.7680.177); For documentation on this error, please visit: https://www.selenium.dev/documentation/webdriver/troubleshooting/errors#nosuchelementexception
Stacktrace:
#0 0x55b319958a6a <unknown>
#1 0x55b319367ab5 <unknown>
#2 0x55b3193ba676 <unknown>
#3 0x55b3193ba8b1 <unknown>
#4 0x55b3193af616 <unknown>
#5 0x55b3193af4f7 <unknown>
#6 0x55b3194027b6 <unknown>
#7 0x55b3193adcbf <unknown>
#8 0x55b3193aea81 <unknown>
#9 0x55b31991ea64 <unknown>
#10 0x55b319921951 <unknown>
#11 0x55b31990b21e <unknown>
#12 0x55b31992251e <unknown>
#13 0x55b3198f1be0 <unknown>
#14 0x55b3199459b8 <unknown>
#15 0x55b319945b88 <unknown>
#16 0x55b3199574de <unknown>
#17 0x7fe12169caa4 <unknown>
#18 0x7fe121729c6c <unknown>

2026-04-05 07:37:44 - INFO - Fetching BUY listings for USDT/EUR
2026-04-05 07:37:45 - INFO - Data successfully saved to SQLite database. New listings - Bybit: 4, Binance: 6
2026-04-05 07:37:45 - INFO - Browser session closed
2026-04-05 07:37:45 - INFO - SQLite database connection closed
2026-04-05 08:11:49 - INFO - Logging initialized. Log file: pb2b/logs/bybit_scraper_20260405.log
2026-04-05 08:11:50 - INFO - DataSaver logging initialized. Log file: pb2b/logs/data_saver_20260405.log
2026-04-05 08:11:50 - INFO - Connected to SQLite database: pb2b/p2p_listings.db
2026-04-05 08:11:50 - INFO - Database tables created successfully
2026-04-05 08:11:50 - INFO - Attempt 1/10: Loading https://www.bybit.com/fiat/trade/otc?actionType=1&token=USDT&fiat=NGN
2026-04-05 08:11:58 - INFO - Screenshot saved as 'pb2b/screenshots/bybit_page_20260405_081158.png'
2026-04-05 08:11:58 - WARNING - Error parsing row: Message: no such element: Unable to locate element: {"method":"css selector","selector":"td:nth-child(2)"}
  (Session info: chrome=146.0.7680.177); For documentation on this error, please visit: https://www.selenium.dev/documentation/webdriver/troubleshooting/errors#nosuchelementexception
Stacktrace:
#0 0x55ad0959ba6a <unknown>
#1 0x55ad08faaab5 <unknown>
#2 0x55ad08ffd676 <unknown>
#3 0x55ad08ffd8b1 <unknown>
#4 0x55ad08ff2616 <unknown>
#5 0x55ad08ff24f7 <unknown>
#6 0x55ad090457b6 <unknown>
#7 0x55ad08ff0cbf <unknown>
#8 0x55ad08ff1a81 <unknown>
#9 0x55ad09561a64 <unknown>
#10 0x55ad09564951 <unknown>
#11 0x55ad0954e21e <unknown>
#12 0x55ad0956551e <unknown>
#13 0x55ad09534be0 <unknown>
#14 0x55ad095889b8 <unknown>
#15 0x55ad09588b88 <unknown>
#16 0x55ad0959a4de <unknown>
#17 0x7fb1fa69caa4 <unknown>
#18 0x7fb1fa729c6c <unknown>

2026-04-05 08:11:58 - WARNING - Error parsing row: Message: no such element: Unable to locate element: {"method":"css selector","selector":"td:nth-child(2)"}
  (Session info: chrome=146.0.7680.177); For documentation on this error, please visit: https://www.selenium.dev/documentation/webdriver/troubleshooting/errors#nosuchelementexception
Stacktrace:
#0 0x55ad0959ba6a <unknown>
#1 0x55ad08faaab5 <unknown>
#2 0x55ad08ffd676 <unknown>
#3 0x55ad08ffd8b1 <unknown>
#4 0x55ad08ff2616 <unknown>
#5 0x55ad08ff24f7 <unknown>
#6 0x55ad090457b6 <unknown>
#7 0x55ad08ff0cbf <unknown>
#8 0x55ad08ff1a81 <unknown>
#9 0x55ad09561a64 <unknown>
#10 0x55ad09564951 <unknown>
#11 0x55ad0954e21e <unknown>
#12 0x55ad0956551e <unknown>
#13 0x55ad09534be0 <unknown>
#14 0x55ad095889b8 <unknown>
#15 0x55ad09588b88 <unknown>
#16 0x55ad0959a4de <unknown>
#17 0x7fb1fa69caa4 <unknown>
#18 0x7fb1fa729c6c <unknown>

2026-04-05 08:11:59 - INFO - Fetching BUY listings for USDT/EUR
2026-04-05 08:11:59 - INFO - Data successfully saved to SQLite database. New listings - Bybit: 4, Binance: 6
2026-04-05 08:11:59 - INFO - Browser session closed
2026-04-05 08:11:59 - INFO - SQLite database connection closed
2026-04-05 09:05:34 - INFO - Logging initialized. Log file: pb2b/logs/bybit_scraper_20260405.log
2026-04-05 09:05:35 - INFO - DataSaver logging initialized. Log file: pb2b/logs/data_saver_20260405.log
2026-04-05 09:05:35 - INFO - Connected to SQLite database: pb2b/p2p_listings.db
2026-04-05 09:05:35 - INFO - Database tables created successfully
2026-04-05 09:05:35 - INFO - Attempt 1/10: Loading https://www.bybit.com/fiat/trade/otc?actionType=1&token=USDT&fiat=NGN
2026-04-05 09:05:42 - INFO - Screenshot saved as 'pb2b/screenshots/bybit_page_20260405_090542.png'
2026-04-05 09:05:42 - WARNING - Error parsing row: Message: no such element: Unable to locate element: {"method":"css selector","selector":"td:nth-child(2)"}
  (Session info: chrome=146.0.7680.177); For documentation on this error, please visit: https://www.selenium.dev/documentation/webdriver/troubleshooting/errors#nosuchelementexception
Stacktrace:
#0 0x5637a710ca6a <unknown>
#1 0x5637a6b1bab5 <unknown>
#2 0x5637a6b6e676 <unknown>
#3 0x5637a6b6e8b1 <unknown>
#4 0x5637a6b63616 <unknown>
#5 0x5637a6b634f7 <unknown>
#6 0x5637a6bb67b6 <unknown>
#7 0x5637a6b61cbf <unknown>
#8 0x5637a6b62a81 <unknown>
#9 0x5637a70d2a64 <unknown>
#10 0x5637a70d5951 <unknown>
#11 0x5637a70bf21e <unknown>
#12 0x5637a70d651e <unknown>
#13 0x5637a70a5be0 <unknown>
#14 0x5637a70f99b8 <unknown>
#15 0x5637a70f9b88 <unknown>
#16 0x5637a710b4de <unknown>
#17 0x7f947629caa4 <unknown>
#18 0x7f9476329c6c <unknown>

2026-04-05 09:05:43 - WARNING - Error parsing row: Message: no such element: Unable to locate element: {"method":"css selector","selector":"td:nth-child(2)"}
  (Session info: chrome=146.0.7680.177); For documentation on this error, please visit: https://www.selenium.dev/documentation/webdriver/troubleshooting/errors#nosuchelementexception
Stacktrace:
#0 0x5637a710ca6a <unknown>
#1 0x5637a6b1bab5 <unknown>
#2 0x5637a6b6e676 <unknown>
#3 0x5637a6b6e8b1 <unknown>
#4 0x5637a6b63616 <unknown>
#5 0x5637a6b634f7 <unknown>
#6 0x5637a6bb67b6 <unknown>
#7 0x5637a6b61cbf <unknown>
#8 0x5637a6b62a81 <unknown>
#9 0x5637a70d2a64 <unknown>
#10 0x5637a70d5951 <unknown>
#11 0x5637a70bf21e <unknown>
#12 0x5637a70d651e <unknown>
#13 0x5637a70a5be0 <unknown>
#14 0x5637a70f99b8 <unknown>
#15 0x5637a70f9b88 <unknown>
#16 0x5637a710b4de <unknown>
#17 0x7f947629caa4 <unknown>
#18 0x7f9476329c6c <unknown>

2026-04-05 09:05:43 - INFO - Fetching BUY listings for USDT/EUR
2026-04-05 09:05:44 - INFO - Data successfully saved to SQLite database. New listings - Bybit: 4, Binance: 6
2026-04-05 09:05:44 - INFO - Browser session closed
2026-04-05 09:05:44 - INFO - SQLite database connection closed
2026-04-05 09:59:04 - INFO - Logging initialized. Log file: pb2b/logs/bybit_scraper_20260405.log
2026-04-05 09:59:05 - INFO - DataSaver logging initialized. Log file: pb2b/logs/data_saver_20260405.log
2026-04-05 09:59:05 - INFO - Connected to SQLite database: pb2b/p2p_listings.db
2026-04-05 09:59:05 - INFO - Database tables created successfully
2026-04-05 09:59:05 - INFO - Attempt 1/10: Loading https://www.bybit.com/fiat/trade/otc?actionType=1&token=USDT&fiat=NGN
2026-04-05 09:59:13 - INFO - Screenshot saved as 'pb2b/screenshots/bybit_page_20260405_095913.png'
2026-04-05 09:59:13 - WARNING - Error parsing row: Message: no such element: Unable to locate element: {"method":"css selector","selector":"td:nth-child(2)"}
  (Session info: chrome=146.0.7680.177); For documentation on this error, please visit: https://www.selenium.dev/documentation/webdriver/troubleshooting/errors#nosuchelementexception
Stacktrace:
#0 0x561513a88a6a <unknown>
#1 0x561513497ab5 <unknown>
#2 0x5615134ea676 <unknown>
#3 0x5615134ea8b1 <unknown>
#4 0x5615134df616 <unknown>
#5 0x5615134df4f7 <unknown>
#6 0x5615135327b6 <unknown>
#7 0x5615134ddcbf <unknown>
#8 0x5615134dea81 <unknown>
#9 0x561513a4ea64 <unknown>
#10 0x561513a51951 <unknown>
#11 0x561513a3b21e <unknown>
#12 0x561513a5251e <unknown>
#13 0x561513a21be0 <unknown>
#14 0x561513a759b8 <unknown>
#15 0x561513a75b88 <unknown>
#16 0x561513a874de <unknown>
#17 0x7fbe9de9caa4 <unknown>
#18 0x7fbe9df29c6c <unknown>

2026-04-05 09:59:13 - WARNING - Error parsing row: Message: no such element: Unable to locate element: {"method":"css selector","selector":"td:nth-child(2)"}
  (Session info: chrome=146.0.7680.177); For documentation on this error, please visit: https://www.selenium.dev/documentation/webdriver/troubleshooting/errors#nosuchelementexception
Stacktrace:
#0 0x561513a88a6a <unknown>
#1 0x561513497ab5 <unknown>
#2 0x5615134ea676 <unknown>
#3 0x5615134ea8b1 <unknown>
#4 0x5615134df616 <unknown>
#5 0x5615134df4f7 <unknown>
#6 0x5615135327b6 <unknown>
#7 0x5615134ddcbf <unknown>
#8 0x5615134dea81 <unknown>
#9 0x561513a4ea64 <unknown>
#10 0x561513a51951 <unknown>
#11 0x561513a3b21e <unknown>
#12 0x561513a5251e <unknown>
#13 0x561513a21be0 <unknown>
#14 0x561513a759b8 <unknown>
#15 0x561513a75b88 <unknown>
#16 0x561513a874de <unknown>
#17 0x7fbe9de9caa4 <unknown>
#18 0x7fbe9df29c6c <unknown>

2026-04-05 09:59:13 - INFO - Fetching BUY listings for USDT/EUR
2026-04-05 09:59:14 - INFO - Data successfully saved to SQLite database. New listings - Bybit: 4, Binance: 6
2026-04-05 09:59:14 - INFO - Browser session closed
2026-04-05 09:59:14 - INFO - SQLite database connection closed
2026-04-05 10:40:33 - INFO - Logging initialized. Log file: pb2b/logs/bybit_scraper_20260405.log
2026-04-05 10:40:34 - INFO - DataSaver logging initialized. Log file: pb2b/logs/data_saver_20260405.log
2026-04-05 10:40:34 - INFO - Connected to SQLite database: pb2b/p2p_listings.db
2026-04-05 10:40:34 - INFO - Database tables created successfully
2026-04-05 10:40:34 - INFO - Attempt 1/10: Loading https://www.bybit.com/fiat/trade/otc?actionType=1&token=USDT&fiat=NGN
2026-04-05 10:40:42 - INFO - Screenshot saved as 'pb2b/screenshots/bybit_page_20260405_104042.png'
2026-04-05 10:40:42 - WARNING - Error parsing row: Message: no such element: Unable to locate element: {"method":"css selector","selector":"td:nth-child(2)"}
  (Session info: chrome=146.0.7680.177); For documentation on this error, please visit: https://www.selenium.dev/documentation/webdriver/troubleshooting/errors#nosuchelementexception
Stacktrace:
#0 0x560dc01baa6a <unknown>
#1 0x560dbfbc9ab5 <unknown>
#2 0x560dbfc1c676 <unknown>
#3 0x560dbfc1c8b1 <unknown>
#4 0x560dbfc11616 <unknown>
#5 0x560dbfc114f7 <unknown>
#6 0x560dbfc647b6 <unknown>
#7 0x560dbfc0fcbf <unknown>
#8 0x560dbfc10a81 <unknown>
#9 0x560dc0180a64 <unknown>
#10 0x560dc0183951 <unknown>
#11 0x560dc016d21e <unknown>
#12 0x560dc018451e <unknown>
#13 0x560dc0153be0 <unknown>
#14 0x560dc01a79b8 <unknown>
#15 0x560dc01a7b88 <unknown>
#16 0x560dc01b94de <unknown>
#17 0x7f233f89caa4 <unknown>
#18 0x7f233f929c6c <unknown>

2026-04-05 10:40:42 - WARNING - Error parsing row: Message: no such element: Unable to locate element: {"method":"css selector","selector":"td:nth-child(2)"}
  (Session info: chrome=146.0.7680.177); For documentation on this error, please visit: https://www.selenium.dev/documentation/webdriver/troubleshooting/errors#nosuchelementexception
Stacktrace:
#0 0x560dc01baa6a <unknown>
#1 0x560dbfbc9ab5 <unknown>
#2 0x560dbfc1c676 <unknown>
#3 0x560dbfc1c8b1 <unknown>
#4 0x560dbfc11616 <unknown>
#5 0x560dbfc114f7 <unknown>
#6 0x560dbfc647b6 <unknown>
#7 0x560dbfc0fcbf <unknown>
#8 0x560dbfc10a81 <unknown>
#9 0x560dc0180a64 <unknown>
#10 0x560dc0183951 <unknown>
#11 0x560dc016d21e <unknown>
#12 0x560dc018451e <unknown>
#13 0x560dc0153be0 <unknown>
#14 0x560dc01a79b8 <unknown>
#15 0x560dc01a7b88 <unknown>
#16 0x560dc01b94de <unknown>
#17 0x7f233f89caa4 <unknown>
#18 0x7f233f929c6c <unknown>

2026-04-05 10:40:42 - INFO - Fetching BUY listings for USDT/EUR
2026-04-05 10:40:43 - INFO - Data successfully saved to SQLite database. New listings - Bybit: 4, Binance: 6
2026-04-05 10:40:43 - INFO - Browser session closed
2026-04-05 10:40:43 - INFO - SQLite database connection closed
