2025-07-14 01:04:31 - INFO - Logging initialized. Log file: pb2b/logs/bybit_scraper_20250714.log
2025-07-14 01:04:38 - INFO - DataSaver logging initialized. Log file: pb2b/logs/data_saver_20250714.log
2025-07-14 01:04:38 - INFO - Connected to SQLite database: pb2b/p2p_listings.db
2025-07-14 01:04:38 - INFO - Database tables created successfully
2025-07-14 01:04:38 - INFO - Attempt 1/10: Loading https://www.bybit.com/fiat/trade/otc?actionType=1&token=USDT&fiat=NGN
2025-07-14 01:04:48 - INFO - Screenshot saved as 'pb2b/screenshots/bybit_page_20250714_010447.png'
2025-07-14 01:04:48 - INFO - Fetching BUY listings for USDT/EUR
2025-07-14 01:04:49 - INFO - Data successfully saved to SQLite database. New listings - Bybit: 4, Binance: 6
2025-07-14 01:04:49 - INFO - Browser session closed
2025-07-14 01:04:49 - INFO - SQLite database connection closed
2025-07-14 03:10:31 - INFO - Logging initialized. Log file: pb2b/logs/bybit_scraper_20250714.log
2025-07-14 03:10:36 - INFO - DataSaver logging initialized. Log file: pb2b/logs/data_saver_20250714.log
2025-07-14 03:10:36 - INFO - Connected to SQLite database: pb2b/p2p_listings.db
2025-07-14 03:10:36 - INFO - Database tables created successfully
2025-07-14 03:10:36 - INFO - Attempt 1/10: Loading https://www.bybit.com/fiat/trade/otc?actionType=1&token=USDT&fiat=NGN
2025-07-14 03:10:48 - INFO - Screenshot saved as 'pb2b/screenshots/bybit_page_20250714_031048.png'
2025-07-14 03:10:49 - INFO - Fetching BUY listings for USDT/EUR
2025-07-14 03:10:49 - INFO - Data successfully saved to SQLite database. New listings - Bybit: 4, Binance: 6
2025-07-14 03:10:49 - INFO - Browser session closed
2025-07-14 03:10:49 - INFO - SQLite database connection closed
2025-07-14 04:13:02 - INFO - Logging initialized. Log file: pb2b/logs/bybit_scraper_20250714.log
2025-07-14 04:13:08 - INFO - DataSaver logging initialized. Log file: pb2b/logs/data_saver_20250714.log
2025-07-14 04:13:08 - INFO - Connected to SQLite database: pb2b/p2p_listings.db
2025-07-14 04:13:08 - INFO - Database tables created successfully
2025-07-14 04:13:08 - INFO - Attempt 1/10: Loading https://www.bybit.com/fiat/trade/otc?actionType=1&token=USDT&fiat=NGN
2025-07-14 04:13:18 - INFO - Screenshot saved as 'pb2b/screenshots/bybit_page_20250714_041317.png'
2025-07-14 04:13:18 - INFO - Fetching BUY listings for USDT/EUR
2025-07-14 04:13:19 - INFO - Data successfully saved to SQLite database. New listings - Bybit: 4, Binance: 6
2025-07-14 04:13:19 - INFO - Browser session closed
2025-07-14 04:13:19 - INFO - SQLite database connection closed
2025-07-14 04:56:48 - INFO - Logging initialized. Log file: pb2b/logs/bybit_scraper_20250714.log
2025-07-14 04:56:53 - INFO - DataSaver logging initialized. Log file: pb2b/logs/data_saver_20250714.log
2025-07-14 04:56:53 - INFO - Connected to SQLite database: pb2b/p2p_listings.db
2025-07-14 04:56:53 - INFO - Database tables created successfully
2025-07-14 04:56:53 - INFO - Attempt 1/10: Loading https://www.bybit.com/fiat/trade/otc?actionType=1&token=USDT&fiat=NGN
2025-07-14 04:57:03 - INFO - Screenshot saved as 'pb2b/screenshots/bybit_page_20250714_045703.png'
2025-07-14 04:57:03 - INFO - Fetching BUY listings for USDT/EUR
2025-07-14 04:57:04 - INFO - Data successfully saved to SQLite database. New listings - Bybit: 4, Binance: 6
2025-07-14 04:57:04 - INFO - Browser session closed
2025-07-14 04:57:04 - INFO - SQLite database connection closed
2025-07-14 05:33:04 - INFO - Logging initialized. Log file: pb2b/logs/bybit_scraper_20250714.log
2025-07-14 05:33:11 - INFO - DataSaver logging initialized. Log file: pb2b/logs/data_saver_20250714.log
2025-07-14 05:33:11 - INFO - Connected to SQLite database: pb2b/p2p_listings.db
2025-07-14 05:33:11 - INFO - Database tables created successfully
2025-07-14 05:33:11 - INFO - Attempt 1/10: Loading https://www.bybit.com/fiat/trade/otc?actionType=1&token=USDT&fiat=NGN
2025-07-14 05:33:23 - INFO - Screenshot saved as 'pb2b/screenshots/bybit_page_20250714_053322.png'
2025-07-14 05:33:23 - INFO - Fetching BUY listings for USDT/EUR
2025-07-14 05:33:24 - INFO - Data successfully saved to SQLite database. New listings - Bybit: 4, Binance: 6
2025-07-14 05:33:24 - INFO - Browser session closed
2025-07-14 05:33:24 - INFO - SQLite database connection closed
2025-07-14 05:54:25 - INFO - Logging initialized. Log file: pb2b/logs/bybit_scraper_20250714.log
2025-07-14 05:54:30 - INFO - DataSaver logging initialized. Log file: pb2b/logs/data_saver_20250714.log
2025-07-14 05:54:30 - INFO - Connected to SQLite database: pb2b/p2p_listings.db
2025-07-14 05:54:30 - INFO - Database tables created successfully
2025-07-14 05:54:30 - INFO - Attempt 1/10: Loading https://www.bybit.com/fiat/trade/otc?actionType=1&token=USDT&fiat=NGN
2025-07-14 05:54:40 - INFO - Screenshot saved as 'pb2b/screenshots/bybit_page_20250714_055439.png'
2025-07-14 05:54:40 - INFO - Fetching BUY listings for USDT/EUR
2025-07-14 05:54:41 - INFO - Data successfully saved to SQLite database. New listings - Bybit: 4, Binance: 6
2025-07-14 05:54:41 - INFO - Browser session closed
2025-07-14 05:54:41 - INFO - SQLite database connection closed
2025-07-14 06:34:18 - INFO - Logging initialized. Log file: pb2b/logs/bybit_scraper_20250714.log
2025-07-14 06:34:30 - INFO - DataSaver logging initialized. Log file: pb2b/logs/data_saver_20250714.log
2025-07-14 06:34:30 - INFO - Connected to SQLite database: pb2b/p2p_listings.db
2025-07-14 06:34:30 - INFO - Database tables created successfully
2025-07-14 06:34:30 - INFO - Attempt 1/10: Loading https://www.bybit.com/fiat/trade/otc?actionType=1&token=USDT&fiat=NGN
2025-07-14 06:34:42 - INFO - Screenshot saved as 'pb2b/screenshots/bybit_page_20250714_063442.png'
2025-07-14 06:34:43 - INFO - Fetching BUY listings for USDT/EUR
2025-07-14 06:34:44 - INFO - Data successfully saved to SQLite database. New listings - Bybit: 4, Binance: 6
2025-07-14 06:34:44 - INFO - Browser session closed
2025-07-14 06:34:44 - INFO - SQLite database connection closed
