2025-11-29 00:55:08 - INFO - Logging initialized. Log file: pb2b/logs/bybit_scraper_20251129.log
2025-11-29 00:55:09 - INFO - DataSaver logging initialized. Log file: pb2b/logs/data_saver_20251129.log
2025-11-29 00:55:09 - INFO - Connected to SQLite database: pb2b/p2p_listings.db
2025-11-29 00:55:09 - INFO - Database tables created successfully
2025-11-29 00:55:09 - INFO - Attempt 1/10: Loading https://www.bybit.com/fiat/trade/otc?actionType=1&token=USDT&fiat=NGN
2025-11-29 00:55:19 - INFO - Screenshot saved as 'pb2b/screenshots/bybit_page_20251129_005519.png'
2025-11-29 00:55:20 - INFO - Fetching BUY listings for USDT/EUR
2025-11-29 00:55:20 - INFO - Data successfully saved to SQLite database. New listings - Bybit: 4, Binance: 6
2025-11-29 00:55:20 - INFO - Browser session closed
2025-11-29 00:55:20 - INFO - SQLite database connection closed
2025-11-29 02:31:46 - INFO - Logging initialized. Log file: pb2b/logs/bybit_scraper_20251129.log
2025-11-29 02:31:48 - INFO - DataSaver logging initialized. Log file: pb2b/logs/data_saver_20251129.log
2025-11-29 02:31:48 - INFO - Connected to SQLite database: pb2b/p2p_listings.db
2025-11-29 02:31:48 - INFO - Database tables created successfully
2025-11-29 02:31:48 - INFO - Attempt 1/10: Loading https://www.bybit.com/fiat/trade/otc?actionType=1&token=USDT&fiat=NGN
2025-11-29 02:32:00 - INFO - Screenshot saved as 'pb2b/screenshots/bybit_page_20251129_023159.png'
2025-11-29 02:32:00 - INFO - Fetching BUY listings for USDT/EUR
2025-11-29 02:32:01 - INFO - Data successfully saved to SQLite database. New listings - Bybit: 4, Binance: 6
2025-11-29 02:32:01 - INFO - Browser session closed
2025-11-29 02:32:01 - INFO - SQLite database connection closed
2025-11-29 03:37:45 - INFO - Logging initialized. Log file: pb2b/logs/bybit_scraper_20251129.log
2025-11-29 03:37:47 - INFO - DataSaver logging initialized. Log file: pb2b/logs/data_saver_20251129.log
2025-11-29 03:37:47 - INFO - Connected to SQLite database: pb2b/p2p_listings.db
2025-11-29 03:37:47 - INFO - Database tables created successfully
2025-11-29 03:37:47 - INFO - Attempt 1/10: Loading https://www.bybit.com/fiat/trade/otc?actionType=1&token=USDT&fiat=NGN
2025-11-29 03:37:57 - INFO - Screenshot saved as 'pb2b/screenshots/bybit_page_20251129_033757.png'
2025-11-29 03:37:58 - INFO - Fetching BUY listings for USDT/EUR
2025-11-29 03:37:58 - INFO - Data successfully saved to SQLite database. New listings - Bybit: 4, Binance: 6
2025-11-29 03:37:58 - INFO - Browser session closed
2025-11-29 03:37:58 - INFO - SQLite database connection closed
2025-11-29 04:02:27 - INFO - Logging initialized. Log file: pb2b/logs/bybit_scraper_20251129.log
2025-11-29 04:02:28 - INFO - DataSaver logging initialized. Log file: pb2b/logs/data_saver_20251129.log
2025-11-29 04:02:28 - INFO - Connected to SQLite database: pb2b/p2p_listings.db
2025-11-29 04:02:28 - INFO - Database tables created successfully
2025-11-29 04:02:28 - INFO - Attempt 1/10: Loading https://www.bybit.com/fiat/trade/otc?actionType=1&token=USDT&fiat=NGN
2025-11-29 04:02:40 - INFO - Screenshot saved as 'pb2b/screenshots/bybit_page_20251129_040239.png'
2025-11-29 04:02:40 - INFO - Fetching BUY listings for USDT/EUR
2025-11-29 04:02:41 - INFO - Data successfully saved to SQLite database. New listings - Bybit: 4, Binance: 6
2025-11-29 04:02:41 - INFO - Browser session closed
2025-11-29 04:02:41 - INFO - SQLite database connection closed
2025-11-29 04:37:28 - INFO - Logging initialized. Log file: pb2b/logs/bybit_scraper_20251129.log
2025-11-29 04:37:28 - INFO - DataSaver logging initialized. Log file: pb2b/logs/data_saver_20251129.log
2025-11-29 04:37:28 - INFO - Connected to SQLite database: pb2b/p2p_listings.db
2025-11-29 04:37:28 - INFO - Database tables created successfully
2025-11-29 04:37:28 - INFO - Attempt 1/10: Loading https://www.bybit.com/fiat/trade/otc?actionType=1&token=USDT&fiat=NGN
2025-11-29 04:37:38 - INFO - Screenshot saved as 'pb2b/screenshots/bybit_page_20251129_043737.png'
2025-11-29 04:37:38 - INFO - Fetching BUY listings for USDT/EUR
2025-11-29 04:37:39 - INFO - Data successfully saved to SQLite database. New listings - Bybit: 4, Binance: 6
2025-11-29 04:37:39 - INFO - Browser session closed
2025-11-29 04:37:39 - INFO - SQLite database connection closed
2025-11-29 04:54:48 - INFO - Logging initialized. Log file: pb2b/logs/bybit_scraper_20251129.log
2025-11-29 04:54:50 - INFO - DataSaver logging initialized. Log file: pb2b/logs/data_saver_20251129.log
2025-11-29 04:54:50 - INFO - Connected to SQLite database: pb2b/p2p_listings.db
2025-11-29 04:54:50 - INFO - Database tables created successfully
2025-11-29 04:54:50 - INFO - Attempt 1/10: Loading https://www.bybit.com/fiat/trade/otc?actionType=1&token=USDT&fiat=NGN
2025-11-29 04:55:00 - INFO - Screenshot saved as 'pb2b/screenshots/bybit_page_20251129_045500.png'
2025-11-29 04:55:01 - INFO - Fetching BUY listings for USDT/EUR
2025-11-29 04:55:01 - INFO - Data successfully saved to SQLite database. New listings - Bybit: 4, Binance: 6
2025-11-29 04:55:01 - INFO - Browser session closed
2025-11-29 04:55:01 - INFO - SQLite database connection closed
2025-11-29 05:19:39 - INFO - Logging initialized. Log file: pb2b/logs/bybit_scraper_20251129.log
2025-11-29 05:19:40 - INFO - DataSaver logging initialized. Log file: pb2b/logs/data_saver_20251129.log
2025-11-29 05:19:40 - INFO - Connected to SQLite database: pb2b/p2p_listings.db
2025-11-29 05:19:40 - INFO - Database tables created successfully
2025-11-29 05:19:40 - INFO - Attempt 1/10: Loading https://www.bybit.com/fiat/trade/otc?actionType=1&token=USDT&fiat=NGN
2025-11-29 05:19:49 - INFO - Screenshot saved as 'pb2b/screenshots/bybit_page_20251129_051949.png'
2025-11-29 05:19:50 - INFO - Fetching BUY listings for USDT/EUR
2025-11-29 05:19:50 - INFO - Data successfully saved to SQLite database. New listings - Bybit: 4, Binance: 6
2025-11-29 05:19:51 - INFO - Browser session closed
2025-11-29 05:19:51 - INFO - SQLite database connection closed
2025-11-29 05:42:09 - INFO - Logging initialized. Log file: pb2b/logs/bybit_scraper_20251129.log
2025-11-29 05:42:10 - INFO - DataSaver logging initialized. Log file: pb2b/logs/data_saver_20251129.log
2025-11-29 05:42:10 - INFO - Connected to SQLite database: pb2b/p2p_listings.db
2025-11-29 05:42:10 - INFO - Database tables created successfully
2025-11-29 05:42:10 - INFO - Attempt 1/10: Loading https://www.bybit.com/fiat/trade/otc?actionType=1&token=USDT&fiat=NGN
2025-11-29 05:42:20 - INFO - Screenshot saved as 'pb2b/screenshots/bybit_page_20251129_054220.png'
2025-11-29 05:42:20 - INFO - Fetching BUY listings for USDT/EUR
2025-11-29 05:42:21 - INFO - Data successfully saved to SQLite database. New listings - Bybit: 4, Binance: 6
2025-11-29 05:42:21 - INFO - Browser session closed
2025-11-29 05:42:21 - INFO - SQLite database connection closed
