2025-05-13 01:58:11 - INFO - Logging initialized. Log file: pb2b/logs/bybit_scraper_20250513.log
2025-05-13 01:58:11 - INFO - DataSaver logging initialized. Log file: pb2b/logs/data_saver_20250513.log
2025-05-13 01:58:11 - INFO - Connected to SQLite database: pb2b/p2p_listings.db
2025-05-13 01:58:11 - INFO - Database tables created successfully
2025-05-13 01:58:11 - INFO - Attempt 1/10: Loading https://www.bybit.com/fiat/trade/otc?actionType=1&token=USDT&fiat=NGN
2025-05-13 01:58:22 - INFO - Screenshot saved as 'pb2b/screenshots/bybit_page_20250513_015822.png'
2025-05-13 01:58:22 - INFO - Fetching BUY listings for USDT/EUR
2025-05-13 01:58:23 - INFO - Data successfully saved to SQLite database. New listings - Bybit: 4, Binance: 6
2025-05-13 01:58:24 - INFO - Browser session closed
2025-05-13 01:58:24 - INFO - SQLite database connection closed
2025-05-13 03:17:14 - INFO - Logging initialized. Log file: pb2b/logs/bybit_scraper_20250513.log
2025-05-13 03:17:15 - INFO - DataSaver logging initialized. Log file: pb2b/logs/data_saver_20250513.log
2025-05-13 03:17:15 - INFO - Connected to SQLite database: pb2b/p2p_listings.db
2025-05-13 03:17:15 - INFO - Database tables created successfully
2025-05-13 03:17:15 - INFO - Attempt 1/10: Loading https://www.bybit.com/fiat/trade/otc?actionType=1&token=USDT&fiat=NGN
2025-05-13 03:17:26 - INFO - Screenshot saved as 'pb2b/screenshots/bybit_page_20250513_031726.png'
2025-05-13 03:17:27 - INFO - Fetching BUY listings for USDT/EUR
2025-05-13 03:17:28 - INFO - Data successfully saved to SQLite database. New listings - Bybit: 4, Binance: 6
2025-05-13 03:17:28 - INFO - Browser session closed
2025-05-13 03:17:28 - INFO - SQLite database connection closed
2025-05-13 03:54:04 - INFO - Logging initialized. Log file: pb2b/logs/bybit_scraper_20250513.log
2025-05-13 03:54:06 - INFO - DataSaver logging initialized. Log file: pb2b/logs/data_saver_20250513.log
2025-05-13 03:54:06 - INFO - Connected to SQLite database: pb2b/p2p_listings.db
2025-05-13 03:54:06 - INFO - Database tables created successfully
2025-05-13 03:54:06 - INFO - Attempt 1/10: Loading https://www.bybit.com/fiat/trade/otc?actionType=1&token=USDT&fiat=NGN
2025-05-13 03:54:16 - INFO - Screenshot saved as 'pb2b/screenshots/bybit_page_20250513_035416.png'
2025-05-13 03:54:16 - INFO - Fetching BUY listings for USDT/EUR
2025-05-13 03:54:17 - INFO - Data successfully saved to SQLite database. New listings - Bybit: 4, Binance: 6
2025-05-13 03:54:17 - INFO - Browser session closed
2025-05-13 03:54:17 - INFO - SQLite database connection closed
2025-05-13 04:24:28 - INFO - Logging initialized. Log file: pb2b/logs/bybit_scraper_20250513.log
2025-05-13 04:24:29 - INFO - DataSaver logging initialized. Log file: pb2b/logs/data_saver_20250513.log
2025-05-13 04:24:29 - INFO - Connected to SQLite database: pb2b/p2p_listings.db
2025-05-13 04:24:29 - INFO - Database tables created successfully
2025-05-13 04:24:29 - INFO - Attempt 1/10: Loading https://www.bybit.com/fiat/trade/otc?actionType=1&token=USDT&fiat=NGN
2025-05-13 04:24:38 - INFO - Screenshot saved as 'pb2b/screenshots/bybit_page_20250513_042438.png'
2025-05-13 04:24:39 - INFO - Fetching BUY listings for USDT/EUR
2025-05-13 04:24:39 - INFO - Data successfully saved to SQLite database. New listings - Bybit: 4, Binance: 6
2025-05-13 04:24:40 - INFO - Browser session closed
2025-05-13 04:24:40 - INFO - SQLite database connection closed
2025-05-13 04:47:17 - INFO - Logging initialized. Log file: pb2b/logs/bybit_scraper_20250513.log
2025-05-13 04:47:18 - INFO - DataSaver logging initialized. Log file: pb2b/logs/data_saver_20250513.log
2025-05-13 04:47:18 - INFO - Connected to SQLite database: pb2b/p2p_listings.db
2025-05-13 04:47:18 - INFO - Database tables created successfully
2025-05-13 04:47:18 - INFO - Attempt 1/10: Loading https://www.bybit.com/fiat/trade/otc?actionType=1&token=USDT&fiat=NGN
2025-05-13 04:47:27 - INFO - Screenshot saved as 'pb2b/screenshots/bybit_page_20250513_044727.png'
2025-05-13 04:47:28 - INFO - Fetching BUY listings for USDT/EUR
2025-05-13 04:47:28 - INFO - Data successfully saved to SQLite database. New listings - Bybit: 4, Binance: 6
2025-05-13 04:47:28 - INFO - Browser session closed
2025-05-13 04:47:28 - INFO - SQLite database connection closed
