2025-08-03 02:36:23 - INFO - Logging initialized. Log file: pb2b/logs/bybit_scraper_20250803.log
2025-08-03 02:36:24 - INFO - DataSaver logging initialized. Log file: pb2b/logs/data_saver_20250803.log
2025-08-03 02:36:24 - INFO - Connected to SQLite database: pb2b/p2p_listings.db
2025-08-03 02:36:24 - INFO - Database tables created successfully
2025-08-03 02:36:24 - INFO - Attempt 1/10: Loading https://www.bybit.com/fiat/trade/otc?actionType=1&token=USDT&fiat=NGN
2025-08-03 02:36:34 - INFO - Screenshot saved as 'pb2b/screenshots/bybit_page_20250803_023634.png'
2025-08-03 02:36:34 - INFO - Fetching BUY listings for USDT/EUR
2025-08-03 02:36:35 - INFO - Data successfully saved to SQLite database. New listings - Bybit: 4, Binance: 6
2025-08-03 02:36:35 - INFO - Browser session closed
2025-08-03 02:36:35 - INFO - SQLite database connection closed
2025-08-03 04:05:34 - INFO - Logging initialized. Log file: pb2b/logs/bybit_scraper_20250803.log
2025-08-03 04:05:35 - INFO - DataSaver logging initialized. Log file: pb2b/logs/data_saver_20250803.log
2025-08-03 04:05:35 - INFO - Connected to SQLite database: pb2b/p2p_listings.db
2025-08-03 04:05:35 - INFO - Database tables created successfully
2025-08-03 04:05:35 - INFO - Attempt 1/10: Loading https://www.bybit.com/fiat/trade/otc?actionType=1&token=USDT&fiat=NGN
2025-08-03 04:05:45 - INFO - Screenshot saved as 'pb2b/screenshots/bybit_page_20250803_040545.png'
2025-08-03 04:05:46 - INFO - Fetching BUY listings for USDT/EUR
2025-08-03 04:05:46 - INFO - Data successfully saved to SQLite database. New listings - Bybit: 4, Binance: 6
2025-08-03 04:05:46 - INFO - Browser session closed
2025-08-03 04:05:46 - INFO - SQLite database connection closed
