2026-05-02 00:12:19 - INFO - Logging initialized. Log file: pb2b/logs/bybit_scraper_20260502.log
2026-05-02 00:12:19 - INFO - DataSaver logging initialized. Log file: pb2b/logs/data_saver_20260502.log
2026-05-02 00:12:19 - INFO - Connected to SQLite database: pb2b/p2p_listings.db
2026-05-02 00:12:19 - INFO - Database tables created successfully
2026-05-02 00:12:19 - INFO - Attempt 1/10: Loading https://www.bybit.com/fiat/trade/otc?actionType=1&token=USDT&fiat=NGN
2026-05-02 00:12:27 - INFO - Screenshot saved as 'pb2b/screenshots/bybit_page_20260502_001227.png'
2026-05-02 00:12:27 - WARNING - Error parsing row: Message: no such element: Unable to locate element: {"method":"css selector","selector":"td:nth-child(2)"}
  (Session info: chrome=147.0.7727.137); For documentation on this error, please visit: https://www.selenium.dev/documentation/webdriver/troubleshooting/errors#nosuchelementexception
Stacktrace:
#0 0x56495b702b6a <unknown>
#1 0x56495b104265 <unknown>
#2 0x56495b156f76 <unknown>
#3 0x56495b1571b1 <unknown>
#4 0x56495b14bf26 <unknown>
#5 0x56495b14be07 <unknown>
#6 0x56495b19f969 <unknown>
#7 0x56495b14a5cf <unknown>
#8 0x56495b14b391 <unknown>
#9 0x56495b6c804b <unknown>
#10 0x56495b6cb00d <unknown>
#11 0x56495b6b4808 <unknown>
#12 0x56495b6cbba0 <unknown>
#13 0x56495b69b280 <unknown>
#14 0x56495b6efdb8 <unknown>
#15 0x56495b6eff88 <unknown>
#16 0x56495b7015de <unknown>
#17 0x7fa312c9caa4 <unknown>
#18 0x7fa312d29c6c <unknown>

2026-05-02 00:12:27 - WARNING - Error parsing row: Message: no such element: Unable to locate element: {"method":"css selector","selector":"td:nth-child(2)"}
  (Session info: chrome=147.0.7727.137); For documentation on this error, please visit: https://www.selenium.dev/documentation/webdriver/troubleshooting/errors#nosuchelementexception
Stacktrace:
#0 0x56495b702b6a <unknown>
#1 0x56495b104265 <unknown>
#2 0x56495b156f76 <unknown>
#3 0x56495b1571b1 <unknown>
#4 0x56495b14bf26 <unknown>
#5 0x56495b14be07 <unknown>
#6 0x56495b19f969 <unknown>
#7 0x56495b14a5cf <unknown>
#8 0x56495b14b391 <unknown>
#9 0x56495b6c804b <unknown>
#10 0x56495b6cb00d <unknown>
#11 0x56495b6b4808 <unknown>
#12 0x56495b6cbba0 <unknown>
#13 0x56495b69b280 <unknown>
#14 0x56495b6efdb8 <unknown>
#15 0x56495b6eff88 <unknown>
#16 0x56495b7015de <unknown>
#17 0x7fa312c9caa4 <unknown>
#18 0x7fa312d29c6c <unknown>

2026-05-02 00:12:28 - INFO - Fetching BUY listings for USDT/EUR
2026-05-02 00:12:28 - INFO - Data successfully saved to SQLite database. New listings - Bybit: 3, Binance: 6
2026-05-02 00:12:28 - INFO - Browser session closed
2026-05-02 00:12:28 - INFO - SQLite database connection closed
2026-05-02 03:52:12 - INFO - Logging initialized. Log file: pb2b/logs/bybit_scraper_20260502.log
2026-05-02 03:52:14 - INFO - DataSaver logging initialized. Log file: pb2b/logs/data_saver_20260502.log
2026-05-02 03:52:14 - INFO - Connected to SQLite database: pb2b/p2p_listings.db
2026-05-02 03:52:14 - INFO - Database tables created successfully
2026-05-02 03:52:14 - INFO - Attempt 1/10: Loading https://www.bybit.com/fiat/trade/otc?actionType=1&token=USDT&fiat=NGN
2026-05-02 03:52:21 - INFO - Screenshot saved as 'pb2b/screenshots/bybit_page_20260502_035221.png'
2026-05-02 03:52:21 - WARNING - Error parsing row: Message: no such element: Unable to locate element: {"method":"css selector","selector":"td:nth-child(2)"}
  (Session info: chrome=147.0.7727.137); For documentation on this error, please visit: https://www.selenium.dev/documentation/webdriver/troubleshooting/errors#nosuchelementexception
Stacktrace:
#0 0x55fb77014b6a <unknown>
#1 0x55fb76a16265 <unknown>
#2 0x55fb76a68f76 <unknown>
#3 0x55fb76a691b1 <unknown>
#4 0x55fb76a5df26 <unknown>
#5 0x55fb76a5de07 <unknown>
#6 0x55fb76ab1969 <unknown>
#7 0x55fb76a5c5cf <unknown>
#8 0x55fb76a5d391 <unknown>
#9 0x55fb76fda04b <unknown>
#10 0x55fb76fdd00d <unknown>
#11 0x55fb76fc6808 <unknown>
#12 0x55fb76fddba0 <unknown>
#13 0x55fb76fad280 <unknown>
#14 0x55fb77001db8 <unknown>
#15 0x55fb77001f88 <unknown>
#16 0x55fb770135de <unknown>
#17 0x7f3b2ba9caa4 <unknown>
#18 0x7f3b2bb29c6c <unknown>

2026-05-02 03:52:21 - WARNING - Error parsing row: Message: no such element: Unable to locate element: {"method":"css selector","selector":"td:nth-child(2)"}
  (Session info: chrome=147.0.7727.137); For documentation on this error, please visit: https://www.selenium.dev/documentation/webdriver/troubleshooting/errors#nosuchelementexception
Stacktrace:
#0 0x55fb77014b6a <unknown>
#1 0x55fb76a16265 <unknown>
#2 0x55fb76a68f76 <unknown>
#3 0x55fb76a691b1 <unknown>
#4 0x55fb76a5df26 <unknown>
#5 0x55fb76a5de07 <unknown>
#6 0x55fb76ab1969 <unknown>
#7 0x55fb76a5c5cf <unknown>
#8 0x55fb76a5d391 <unknown>
#9 0x55fb76fda04b <unknown>
#10 0x55fb76fdd00d <unknown>
#11 0x55fb76fc6808 <unknown>
#12 0x55fb76fddba0 <unknown>
#13 0x55fb76fad280 <unknown>
#14 0x55fb77001db8 <unknown>
#15 0x55fb77001f88 <unknown>
#16 0x55fb770135de <unknown>
#17 0x7f3b2ba9caa4 <unknown>
#18 0x7f3b2bb29c6c <unknown>

2026-05-02 03:52:22 - INFO - Fetching BUY listings for USDT/EUR
2026-05-02 03:52:23 - INFO - Data successfully saved to SQLite database. New listings - Bybit: 3, Binance: 6
2026-05-02 03:52:23 - INFO - Browser session closed
2026-05-02 03:52:23 - INFO - SQLite database connection closed
2026-05-02 06:03:51 - INFO - Logging initialized. Log file: pb2b/logs/bybit_scraper_20260502.log
2026-05-02 06:03:52 - INFO - DataSaver logging initialized. Log file: pb2b/logs/data_saver_20260502.log
2026-05-02 06:03:52 - INFO - Connected to SQLite database: pb2b/p2p_listings.db
2026-05-02 06:03:52 - INFO - Database tables created successfully
2026-05-02 06:03:52 - INFO - Attempt 1/10: Loading https://www.bybit.com/fiat/trade/otc?actionType=1&token=USDT&fiat=NGN
2026-05-02 06:04:01 - INFO - Screenshot saved as 'pb2b/screenshots/bybit_page_20260502_060401.png'
2026-05-02 06:04:01 - WARNING - Error parsing row: Message: no such element: Unable to locate element: {"method":"css selector","selector":"td:nth-child(2)"}
  (Session info: chrome=147.0.7727.137); For documentation on this error, please visit: https://www.selenium.dev/documentation/webdriver/troubleshooting/errors#nosuchelementexception
Stacktrace:
#0 0x55ac3c853b6a <unknown>
#1 0x55ac3c255265 <unknown>
#2 0x55ac3c2a7f76 <unknown>
#3 0x55ac3c2a81b1 <unknown>
#4 0x55ac3c29cf26 <unknown>
#5 0x55ac3c29ce07 <unknown>
#6 0x55ac3c2f0969 <unknown>
#7 0x55ac3c29b5cf <unknown>
#8 0x55ac3c29c391 <unknown>
#9 0x55ac3c81904b <unknown>
#10 0x55ac3c81c00d <unknown>
#11 0x55ac3c805808 <unknown>
#12 0x55ac3c81cba0 <unknown>
#13 0x55ac3c7ec280 <unknown>
#14 0x55ac3c840db8 <unknown>
#15 0x55ac3c840f88 <unknown>
#16 0x55ac3c8525de <unknown>
#17 0x7f0f6a49caa4 <unknown>
#18 0x7f0f6a529c6c <unknown>

2026-05-02 06:04:01 - WARNING - Error parsing row: Message: no such element: Unable to locate element: {"method":"css selector","selector":"td:nth-child(2)"}
  (Session info: chrome=147.0.7727.137); For documentation on this error, please visit: https://www.selenium.dev/documentation/webdriver/troubleshooting/errors#nosuchelementexception
Stacktrace:
#0 0x55ac3c853b6a <unknown>
#1 0x55ac3c255265 <unknown>
#2 0x55ac3c2a7f76 <unknown>
#3 0x55ac3c2a81b1 <unknown>
#4 0x55ac3c29cf26 <unknown>
#5 0x55ac3c29ce07 <unknown>
#6 0x55ac3c2f0969 <unknown>
#7 0x55ac3c29b5cf <unknown>
#8 0x55ac3c29c391 <unknown>
#9 0x55ac3c81904b <unknown>
#10 0x55ac3c81c00d <unknown>
#11 0x55ac3c805808 <unknown>
#12 0x55ac3c81cba0 <unknown>
#13 0x55ac3c7ec280 <unknown>
#14 0x55ac3c840db8 <unknown>
#15 0x55ac3c840f88 <unknown>
#16 0x55ac3c8525de <unknown>
#17 0x7f0f6a49caa4 <unknown>
#18 0x7f0f6a529c6c <unknown>

2026-05-02 06:04:02 - INFO - Fetching BUY listings for USDT/EUR
2026-05-02 06:04:03 - INFO - Data successfully saved to SQLite database. New listings - Bybit: 3, Binance: 6
2026-05-02 06:04:03 - INFO - Browser session closed
2026-05-02 06:04:03 - INFO - SQLite database connection closed
2026-05-02 08:02:42 - INFO - Logging initialized. Log file: pb2b/logs/bybit_scraper_20260502.log
2026-05-02 08:02:43 - INFO - DataSaver logging initialized. Log file: pb2b/logs/data_saver_20260502.log
2026-05-02 08:02:43 - INFO - Connected to SQLite database: pb2b/p2p_listings.db
2026-05-02 08:02:43 - INFO - Database tables created successfully
2026-05-02 08:02:43 - INFO - Attempt 1/10: Loading https://www.bybit.com/fiat/trade/otc?actionType=1&token=USDT&fiat=NGN
2026-05-02 08:02:50 - INFO - Screenshot saved as 'pb2b/screenshots/bybit_page_20260502_080250.png'
2026-05-02 08:02:50 - WARNING - Error parsing row: Message: no such element: Unable to locate element: {"method":"css selector","selector":"td:nth-child(2)"}
  (Session info: chrome=147.0.7727.137); For documentation on this error, please visit: https://www.selenium.dev/documentation/webdriver/troubleshooting/errors#nosuchelementexception
Stacktrace:
#0 0x563846ad9b6a <unknown>
#1 0x5638464db265 <unknown>
#2 0x56384652df76 <unknown>
#3 0x56384652e1b1 <unknown>
#4 0x563846522f26 <unknown>
#5 0x563846522e07 <unknown>
#6 0x563846576969 <unknown>
#7 0x5638465215cf <unknown>
#8 0x563846522391 <unknown>
#9 0x563846a9f04b <unknown>
#10 0x563846aa200d <unknown>
#11 0x563846a8b808 <unknown>
#12 0x563846aa2ba0 <unknown>
#13 0x563846a72280 <unknown>
#14 0x563846ac6db8 <unknown>
#15 0x563846ac6f88 <unknown>
#16 0x563846ad85de <unknown>
#17 0x7f97e3e9caa4 <unknown>
#18 0x7f97e3f29c6c <unknown>

2026-05-02 08:02:50 - WARNING - Error parsing row: Message: no such element: Unable to locate element: {"method":"css selector","selector":"td:nth-child(2)"}
  (Session info: chrome=147.0.7727.137); For documentation on this error, please visit: https://www.selenium.dev/documentation/webdriver/troubleshooting/errors#nosuchelementexception
Stacktrace:
#0 0x563846ad9b6a <unknown>
#1 0x5638464db265 <unknown>
#2 0x56384652df76 <unknown>
#3 0x56384652e1b1 <unknown>
#4 0x563846522f26 <unknown>
#5 0x563846522e07 <unknown>
#6 0x563846576969 <unknown>
#7 0x5638465215cf <unknown>
#8 0x563846522391 <unknown>
#9 0x563846a9f04b <unknown>
#10 0x563846aa200d <unknown>
#11 0x563846a8b808 <unknown>
#12 0x563846aa2ba0 <unknown>
#13 0x563846a72280 <unknown>
#14 0x563846ac6db8 <unknown>
#15 0x563846ac6f88 <unknown>
#16 0x563846ad85de <unknown>
#17 0x7f97e3e9caa4 <unknown>
#18 0x7f97e3f29c6c <unknown>

2026-05-02 08:02:51 - INFO - Fetching BUY listings for USDT/EUR
2026-05-02 08:02:51 - INFO - Data successfully saved to SQLite database. New listings - Bybit: 3, Binance: 6
2026-05-02 08:02:52 - INFO - Browser session closed
2026-05-02 08:02:52 - INFO - SQLite database connection closed
2026-05-02 09:21:51 - INFO - Logging initialized. Log file: pb2b/logs/bybit_scraper_20260502.log
2026-05-02 09:21:52 - INFO - DataSaver logging initialized. Log file: pb2b/logs/data_saver_20260502.log
2026-05-02 09:21:52 - INFO - Connected to SQLite database: pb2b/p2p_listings.db
2026-05-02 09:21:52 - INFO - Database tables created successfully
2026-05-02 09:21:52 - INFO - Attempt 1/10: Loading https://www.bybit.com/fiat/trade/otc?actionType=1&token=USDT&fiat=NGN
2026-05-02 09:22:00 - INFO - Screenshot saved as 'pb2b/screenshots/bybit_page_20260502_092159.png'
2026-05-02 09:22:00 - WARNING - Error parsing row: Message: no such element: Unable to locate element: {"method":"css selector","selector":"td:nth-child(2)"}
  (Session info: chrome=147.0.7727.137); For documentation on this error, please visit: https://www.selenium.dev/documentation/webdriver/troubleshooting/errors#nosuchelementexception
Stacktrace:
#0 0x556338c40b6a <unknown>
#1 0x556338642265 <unknown>
#2 0x556338694f76 <unknown>
#3 0x5563386951b1 <unknown>
#4 0x556338689f26 <unknown>
#5 0x556338689e07 <unknown>
#6 0x5563386dd969 <unknown>
#7 0x5563386885cf <unknown>
#8 0x556338689391 <unknown>
#9 0x556338c0604b <unknown>
#10 0x556338c0900d <unknown>
#11 0x556338bf2808 <unknown>
#12 0x556338c09ba0 <unknown>
#13 0x556338bd9280 <unknown>
#14 0x556338c2ddb8 <unknown>
#15 0x556338c2df88 <unknown>
#16 0x556338c3f5de <unknown>
#17 0x7faf7dc9caa4 <unknown>
#18 0x7faf7dd29c6c <unknown>

2026-05-02 09:22:00 - WARNING - Error parsing row: Message: no such element: Unable to locate element: {"method":"css selector","selector":"td:nth-child(2)"}
  (Session info: chrome=147.0.7727.137); For documentation on this error, please visit: https://www.selenium.dev/documentation/webdriver/troubleshooting/errors#nosuchelementexception
Stacktrace:
#0 0x556338c40b6a <unknown>
#1 0x556338642265 <unknown>
#2 0x556338694f76 <unknown>
#3 0x5563386951b1 <unknown>
#4 0x556338689f26 <unknown>
#5 0x556338689e07 <unknown>
#6 0x5563386dd969 <unknown>
#7 0x5563386885cf <unknown>
#8 0x556338689391 <unknown>
#9 0x556338c0604b <unknown>
#10 0x556338c0900d <unknown>
#11 0x556338bf2808 <unknown>
#12 0x556338c09ba0 <unknown>
#13 0x556338bd9280 <unknown>
#14 0x556338c2ddb8 <unknown>
#15 0x556338c2df88 <unknown>
#16 0x556338c3f5de <unknown>
#17 0x7faf7dc9caa4 <unknown>
#18 0x7faf7dd29c6c <unknown>

2026-05-02 09:22:00 - INFO - Fetching BUY listings for USDT/EUR
2026-05-02 09:22:01 - INFO - Data successfully saved to SQLite database. New listings - Bybit: 3, Binance: 6
2026-05-02 09:22:01 - INFO - Browser session closed
2026-05-02 09:22:01 - INFO - SQLite database connection closed
2026-05-02 10:19:39 - INFO - Logging initialized. Log file: pb2b/logs/bybit_scraper_20260502.log
2026-05-02 10:19:40 - INFO - DataSaver logging initialized. Log file: pb2b/logs/data_saver_20260502.log
2026-05-02 10:19:40 - INFO - Connected to SQLite database: pb2b/p2p_listings.db
2026-05-02 10:19:40 - INFO - Database tables created successfully
2026-05-02 10:19:40 - INFO - Attempt 1/10: Loading https://www.bybit.com/fiat/trade/otc?actionType=1&token=USDT&fiat=NGN
2026-05-02 10:19:48 - INFO - Screenshot saved as 'pb2b/screenshots/bybit_page_20260502_101948.png'
2026-05-02 10:19:48 - WARNING - Error parsing row: Message: no such element: Unable to locate element: {"method":"css selector","selector":"td:nth-child(2)"}
  (Session info: chrome=147.0.7727.137); For documentation on this error, please visit: https://www.selenium.dev/documentation/webdriver/troubleshooting/errors#nosuchelementexception
Stacktrace:
#0 0x55bc352f2b6a <unknown>
#1 0x55bc34cf4265 <unknown>
#2 0x55bc34d46f76 <unknown>
#3 0x55bc34d471b1 <unknown>
#4 0x55bc34d3bf26 <unknown>
#5 0x55bc34d3be07 <unknown>
#6 0x55bc34d8f969 <unknown>
#7 0x55bc34d3a5cf <unknown>
#8 0x55bc34d3b391 <unknown>
#9 0x55bc352b804b <unknown>
#10 0x55bc352bb00d <unknown>
#11 0x55bc352a4808 <unknown>
#12 0x55bc352bbba0 <unknown>
#13 0x55bc3528b280 <unknown>
#14 0x55bc352dfdb8 <unknown>
#15 0x55bc352dff88 <unknown>
#16 0x55bc352f15de <unknown>
#17 0x7f904aa9caa4 <unknown>
#18 0x7f904ab29c6c <unknown>

2026-05-02 10:19:48 - WARNING - Error parsing row: Message: no such element: Unable to locate element: {"method":"css selector","selector":"td:nth-child(2)"}
  (Session info: chrome=147.0.7727.137); For documentation on this error, please visit: https://www.selenium.dev/documentation/webdriver/troubleshooting/errors#nosuchelementexception
Stacktrace:
#0 0x55bc352f2b6a <unknown>
#1 0x55bc34cf4265 <unknown>
#2 0x55bc34d46f76 <unknown>
#3 0x55bc34d471b1 <unknown>
#4 0x55bc34d3bf26 <unknown>
#5 0x55bc34d3be07 <unknown>
#6 0x55bc34d8f969 <unknown>
#7 0x55bc34d3a5cf <unknown>
#8 0x55bc34d3b391 <unknown>
#9 0x55bc352b804b <unknown>
#10 0x55bc352bb00d <unknown>
#11 0x55bc352a4808 <unknown>
#12 0x55bc352bbba0 <unknown>
#13 0x55bc3528b280 <unknown>
#14 0x55bc352dfdb8 <unknown>
#15 0x55bc352dff88 <unknown>
#16 0x55bc352f15de <unknown>
#17 0x7f904aa9caa4 <unknown>
#18 0x7f904ab29c6c <unknown>

2026-05-02 10:19:49 - INFO - Fetching BUY listings for USDT/EUR
2026-05-02 10:19:50 - INFO - Data successfully saved to SQLite database. New listings - Bybit: 3, Binance: 6
2026-05-02 10:19:50 - INFO - Browser session closed
2026-05-02 10:19:50 - INFO - SQLite database connection closed
2026-05-02 11:16:29 - INFO - Logging initialized. Log file: pb2b/logs/bybit_scraper_20260502.log
2026-05-02 11:16:30 - INFO - DataSaver logging initialized. Log file: pb2b/logs/data_saver_20260502.log
2026-05-02 11:16:30 - INFO - Connected to SQLite database: pb2b/p2p_listings.db
2026-05-02 11:16:30 - INFO - Database tables created successfully
2026-05-02 11:16:30 - INFO - Attempt 1/10: Loading https://www.bybit.com/fiat/trade/otc?actionType=1&token=USDT&fiat=NGN
2026-05-02 11:16:37 - INFO - Screenshot saved as 'pb2b/screenshots/bybit_page_20260502_111636.png'
2026-05-02 11:16:37 - WARNING - Error parsing row: Message: no such element: Unable to locate element: {"method":"css selector","selector":"td:nth-child(2)"}
  (Session info: chrome=147.0.7727.137); For documentation on this error, please visit: https://www.selenium.dev/documentation/webdriver/troubleshooting/errors#nosuchelementexception
Stacktrace:
#0 0x559650b9ab6a <unknown>
#1 0x55965059c265 <unknown>
#2 0x5596505eef76 <unknown>
#3 0x5596505ef1b1 <unknown>
#4 0x5596505e3f26 <unknown>
#5 0x5596505e3e07 <unknown>
#6 0x559650637969 <unknown>
#7 0x5596505e25cf <unknown>
#8 0x5596505e3391 <unknown>
#9 0x559650b6004b <unknown>
#10 0x559650b6300d <unknown>
#11 0x559650b4c808 <unknown>
#12 0x559650b63ba0 <unknown>
#13 0x559650b33280 <unknown>
#14 0x559650b87db8 <unknown>
#15 0x559650b87f88 <unknown>
#16 0x559650b995de <unknown>
#17 0x7f1d2249caa4 <unknown>
#18 0x7f1d22529c6c <unknown>

2026-05-02 11:16:37 - WARNING - Error parsing row: Message: no such element: Unable to locate element: {"method":"css selector","selector":"td:nth-child(2)"}
  (Session info: chrome=147.0.7727.137); For documentation on this error, please visit: https://www.selenium.dev/documentation/webdriver/troubleshooting/errors#nosuchelementexception
Stacktrace:
#0 0x559650b9ab6a <unknown>
#1 0x55965059c265 <unknown>
#2 0x5596505eef76 <unknown>
#3 0x5596505ef1b1 <unknown>
#4 0x5596505e3f26 <unknown>
#5 0x5596505e3e07 <unknown>
#6 0x559650637969 <unknown>
#7 0x5596505e25cf <unknown>
#8 0x5596505e3391 <unknown>
#9 0x559650b6004b <unknown>
#10 0x559650b6300d <unknown>
#11 0x559650b4c808 <unknown>
#12 0x559650b63ba0 <unknown>
#13 0x559650b33280 <unknown>
#14 0x559650b87db8 <unknown>
#15 0x559650b87f88 <unknown>
#16 0x559650b995de <unknown>
#17 0x7f1d2249caa4 <unknown>
#18 0x7f1d22529c6c <unknown>

2026-05-02 11:16:37 - INFO - Fetching BUY listings for USDT/EUR
2026-05-02 11:16:38 - INFO - Data successfully saved to SQLite database. New listings - Bybit: 3, Binance: 6
2026-05-02 11:16:38 - INFO - Browser session closed
2026-05-02 11:16:38 - INFO - SQLite database connection closed
2026-05-02 12:07:12 - INFO - Logging initialized. Log file: pb2b/logs/bybit_scraper_20260502.log
2026-05-02 12:07:13 - INFO - DataSaver logging initialized. Log file: pb2b/logs/data_saver_20260502.log
2026-05-02 12:07:13 - INFO - Connected to SQLite database: pb2b/p2p_listings.db
2026-05-02 12:07:13 - INFO - Database tables created successfully
2026-05-02 12:07:13 - INFO - Attempt 1/10: Loading https://www.bybit.com/fiat/trade/otc?actionType=1&token=USDT&fiat=NGN
2026-05-02 12:07:21 - INFO - Screenshot saved as 'pb2b/screenshots/bybit_page_20260502_120721.png'
2026-05-02 12:07:21 - WARNING - Error parsing row: Message: no such element: Unable to locate element: {"method":"css selector","selector":"td:nth-child(2)"}
  (Session info: chrome=147.0.7727.137); For documentation on this error, please visit: https://www.selenium.dev/documentation/webdriver/troubleshooting/errors#nosuchelementexception
Stacktrace:
#0 0x555c79d7ab6a <unknown>
#1 0x555c7977c265 <unknown>
#2 0x555c797cef76 <unknown>
#3 0x555c797cf1b1 <unknown>
#4 0x555c797c3f26 <unknown>
#5 0x555c797c3e07 <unknown>
#6 0x555c79817969 <unknown>
#7 0x555c797c25cf <unknown>
#8 0x555c797c3391 <unknown>
#9 0x555c79d4004b <unknown>
#10 0x555c79d4300d <unknown>
#11 0x555c79d2c808 <unknown>
#12 0x555c79d43ba0 <unknown>
#13 0x555c79d13280 <unknown>
#14 0x555c79d67db8 <unknown>
#15 0x555c79d67f88 <unknown>
#16 0x555c79d795de <unknown>
#17 0x7f1c25c9caa4 <unknown>
#18 0x7f1c25d29c6c <unknown>

2026-05-02 12:07:21 - WARNING - Error parsing row: Message: no such element: Unable to locate element: {"method":"css selector","selector":"td:nth-child(2)"}
  (Session info: chrome=147.0.7727.137); For documentation on this error, please visit: https://www.selenium.dev/documentation/webdriver/troubleshooting/errors#nosuchelementexception
Stacktrace:
#0 0x555c79d7ab6a <unknown>
#1 0x555c7977c265 <unknown>
#2 0x555c797cef76 <unknown>
#3 0x555c797cf1b1 <unknown>
#4 0x555c797c3f26 <unknown>
#5 0x555c797c3e07 <unknown>
#6 0x555c79817969 <unknown>
#7 0x555c797c25cf <unknown>
#8 0x555c797c3391 <unknown>
#9 0x555c79d4004b <unknown>
#10 0x555c79d4300d <unknown>
#11 0x555c79d2c808 <unknown>
#12 0x555c79d43ba0 <unknown>
#13 0x555c79d13280 <unknown>
#14 0x555c79d67db8 <unknown>
#15 0x555c79d67f88 <unknown>
#16 0x555c79d795de <unknown>
#17 0x7f1c25c9caa4 <unknown>
#18 0x7f1c25d29c6c <unknown>

2026-05-02 12:07:21 - INFO - Fetching BUY listings for USDT/EUR
2026-05-02 12:07:22 - INFO - Data successfully saved to SQLite database. New listings - Bybit: 3, Binance: 6
2026-05-02 12:07:22 - INFO - Browser session closed
2026-05-02 12:07:22 - INFO - SQLite database connection closed
2026-05-02 13:50:37 - INFO - Logging initialized. Log file: pb2b/logs/bybit_scraper_20260502.log
2026-05-02 13:50:38 - INFO - DataSaver logging initialized. Log file: pb2b/logs/data_saver_20260502.log
2026-05-02 13:50:38 - INFO - Connected to SQLite database: pb2b/p2p_listings.db
2026-05-02 13:50:38 - INFO - Database tables created successfully
2026-05-02 13:50:38 - INFO - Attempt 1/10: Loading https://www.bybit.com/fiat/trade/otc?actionType=1&token=USDT&fiat=NGN
2026-05-02 13:50:46 - INFO - Screenshot saved as 'pb2b/screenshots/bybit_page_20260502_135045.png'
2026-05-02 13:50:46 - WARNING - Error parsing row: Message: no such element: Unable to locate element: {"method":"css selector","selector":"td:nth-child(2)"}
  (Session info: chrome=147.0.7727.137); For documentation on this error, please visit: https://www.selenium.dev/documentation/webdriver/troubleshooting/errors#nosuchelementexception
Stacktrace:
#0 0x5556aac92b6a <unknown>
#1 0x5556aa694265 <unknown>
#2 0x5556aa6e6f76 <unknown>
#3 0x5556aa6e71b1 <unknown>
#4 0x5556aa6dbf26 <unknown>
#5 0x5556aa6dbe07 <unknown>
#6 0x5556aa72f969 <unknown>
#7 0x5556aa6da5cf <unknown>
#8 0x5556aa6db391 <unknown>
#9 0x5556aac5804b <unknown>
#10 0x5556aac5b00d <unknown>
#11 0x5556aac44808 <unknown>
#12 0x5556aac5bba0 <unknown>
#13 0x5556aac2b280 <unknown>
#14 0x5556aac7fdb8 <unknown>
#15 0x5556aac7ff88 <unknown>
#16 0x5556aac915de <unknown>
#17 0x7f81d289caa4 <unknown>
#18 0x7f81d2929c6c <unknown>

2026-05-02 13:50:46 - WARNING - Error parsing row: Message: no such element: Unable to locate element: {"method":"css selector","selector":"td:nth-child(2)"}
  (Session info: chrome=147.0.7727.137); For documentation on this error, please visit: https://www.selenium.dev/documentation/webdriver/troubleshooting/errors#nosuchelementexception
Stacktrace:
#0 0x5556aac92b6a <unknown>
#1 0x5556aa694265 <unknown>
#2 0x5556aa6e6f76 <unknown>
#3 0x5556aa6e71b1 <unknown>
#4 0x5556aa6dbf26 <unknown>
#5 0x5556aa6dbe07 <unknown>
#6 0x5556aa72f969 <unknown>
#7 0x5556aa6da5cf <unknown>
#8 0x5556aa6db391 <unknown>
#9 0x5556aac5804b <unknown>
#10 0x5556aac5b00d <unknown>
#11 0x5556aac44808 <unknown>
#12 0x5556aac5bba0 <unknown>
#13 0x5556aac2b280 <unknown>
#14 0x5556aac7fdb8 <unknown>
#15 0x5556aac7ff88 <unknown>
#16 0x5556aac915de <unknown>
#17 0x7f81d289caa4 <unknown>
#18 0x7f81d2929c6c <unknown>

2026-05-02 13:50:46 - INFO - Fetching BUY listings for USDT/EUR
2026-05-02 13:50:47 - INFO - Data successfully saved to SQLite database. New listings - Bybit: 3, Binance: 6
2026-05-02 13:50:47 - INFO - Browser session closed
2026-05-02 13:50:47 - INFO - SQLite database connection closed
2026-05-02 14:43:02 - INFO - Logging initialized. Log file: pb2b/logs/bybit_scraper_20260502.log
2026-05-02 14:43:02 - INFO - DataSaver logging initialized. Log file: pb2b/logs/data_saver_20260502.log
2026-05-02 14:43:02 - INFO - Connected to SQLite database: pb2b/p2p_listings.db
2026-05-02 14:43:02 - INFO - Database tables created successfully
2026-05-02 14:43:02 - INFO - Attempt 1/10: Loading https://www.bybit.com/fiat/trade/otc?actionType=1&token=USDT&fiat=NGN
2026-05-02 14:43:10 - INFO - Screenshot saved as 'pb2b/screenshots/bybit_page_20260502_144310.png'
2026-05-02 14:43:10 - WARNING - Error parsing row: Message: no such element: Unable to locate element: {"method":"css selector","selector":"td:nth-child(2)"}
  (Session info: chrome=147.0.7727.137); For documentation on this error, please visit: https://www.selenium.dev/documentation/webdriver/troubleshooting/errors#nosuchelementexception
Stacktrace:
#0 0x562b68a2fb6a <unknown>
#1 0x562b68431265 <unknown>
#2 0x562b68483f76 <unknown>
#3 0x562b684841b1 <unknown>
#4 0x562b68478f26 <unknown>
#5 0x562b68478e07 <unknown>
#6 0x562b684cc969 <unknown>
#7 0x562b684775cf <unknown>
#8 0x562b68478391 <unknown>
#9 0x562b689f504b <unknown>
#10 0x562b689f800d <unknown>
#11 0x562b689e1808 <unknown>
#12 0x562b689f8ba0 <unknown>
#13 0x562b689c8280 <unknown>
#14 0x562b68a1cdb8 <unknown>
#15 0x562b68a1cf88 <unknown>
#16 0x562b68a2e5de <unknown>
#17 0x7f024789caa4 <unknown>
#18 0x7f0247929c6c <unknown>

2026-05-02 14:43:10 - WARNING - Error parsing row: Message: no such element: Unable to locate element: {"method":"css selector","selector":"td:nth-child(2)"}
  (Session info: chrome=147.0.7727.137); For documentation on this error, please visit: https://www.selenium.dev/documentation/webdriver/troubleshooting/errors#nosuchelementexception
Stacktrace:
#0 0x562b68a2fb6a <unknown>
#1 0x562b68431265 <unknown>
#2 0x562b68483f76 <unknown>
#3 0x562b684841b1 <unknown>
#4 0x562b68478f26 <unknown>
#5 0x562b68478e07 <unknown>
#6 0x562b684cc969 <unknown>
#7 0x562b684775cf <unknown>
#8 0x562b68478391 <unknown>
#9 0x562b689f504b <unknown>
#10 0x562b689f800d <unknown>
#11 0x562b689e1808 <unknown>
#12 0x562b689f8ba0 <unknown>
#13 0x562b689c8280 <unknown>
#14 0x562b68a1cdb8 <unknown>
#15 0x562b68a1cf88 <unknown>
#16 0x562b68a2e5de <unknown>
#17 0x7f024789caa4 <unknown>
#18 0x7f0247929c6c <unknown>

2026-05-02 14:43:11 - INFO - Fetching BUY listings for USDT/EUR
2026-05-02 14:43:11 - INFO - Data successfully saved to SQLite database. New listings - Bybit: 3, Binance: 6
2026-05-02 14:43:11 - INFO - Browser session closed
2026-05-02 14:43:11 - INFO - SQLite database connection closed
2026-05-02 15:37:58 - INFO - Logging initialized. Log file: pb2b/logs/bybit_scraper_20260502.log
2026-05-02 15:37:59 - INFO - DataSaver logging initialized. Log file: pb2b/logs/data_saver_20260502.log
2026-05-02 15:37:59 - INFO - Connected to SQLite database: pb2b/p2p_listings.db
2026-05-02 15:37:59 - INFO - Database tables created successfully
2026-05-02 15:37:59 - INFO - Attempt 1/10: Loading https://www.bybit.com/fiat/trade/otc?actionType=1&token=USDT&fiat=NGN
2026-05-02 15:38:07 - INFO - Screenshot saved as 'pb2b/screenshots/bybit_page_20260502_153807.png'
2026-05-02 15:38:07 - WARNING - Error parsing row: Message: no such element: Unable to locate element: {"method":"css selector","selector":"td:nth-child(2)"}
  (Session info: chrome=147.0.7727.137); For documentation on this error, please visit: https://www.selenium.dev/documentation/webdriver/troubleshooting/errors#nosuchelementexception
Stacktrace:
#0 0x565400700b6a <unknown>
#1 0x565400102265 <unknown>
#2 0x565400154f76 <unknown>
#3 0x5654001551b1 <unknown>
#4 0x565400149f26 <unknown>
#5 0x565400149e07 <unknown>
#6 0x56540019d969 <unknown>
#7 0x5654001485cf <unknown>
#8 0x565400149391 <unknown>
#9 0x5654006c604b <unknown>
#10 0x5654006c900d <unknown>
#11 0x5654006b2808 <unknown>
#12 0x5654006c9ba0 <unknown>
#13 0x565400699280 <unknown>
#14 0x5654006eddb8 <unknown>
#15 0x5654006edf88 <unknown>
#16 0x5654006ff5de <unknown>
#17 0x7fbda6e9caa4 <unknown>
#18 0x7fbda6f29c6c <unknown>

2026-05-02 15:38:07 - WARNING - Error parsing row: Message: no such element: Unable to locate element: {"method":"css selector","selector":"td:nth-child(2)"}
  (Session info: chrome=147.0.7727.137); For documentation on this error, please visit: https://www.selenium.dev/documentation/webdriver/troubleshooting/errors#nosuchelementexception
Stacktrace:
#0 0x565400700b6a <unknown>
#1 0x565400102265 <unknown>
#2 0x565400154f76 <unknown>
#3 0x5654001551b1 <unknown>
#4 0x565400149f26 <unknown>
#5 0x565400149e07 <unknown>
#6 0x56540019d969 <unknown>
#7 0x5654001485cf <unknown>
#8 0x565400149391 <unknown>
#9 0x5654006c604b <unknown>
#10 0x5654006c900d <unknown>
#11 0x5654006b2808 <unknown>
#12 0x5654006c9ba0 <unknown>
#13 0x565400699280 <unknown>
#14 0x5654006eddb8 <unknown>
#15 0x5654006edf88 <unknown>
#16 0x5654006ff5de <unknown>
#17 0x7fbda6e9caa4 <unknown>
#18 0x7fbda6f29c6c <unknown>

2026-05-02 15:38:08 - INFO - Fetching BUY listings for USDT/EUR
2026-05-02 15:38:09 - INFO - Data successfully saved to SQLite database. New listings - Bybit: 3, Binance: 6
2026-05-02 15:38:09 - INFO - Browser session closed
2026-05-02 15:38:09 - INFO - SQLite database connection closed
