2025-04-10 01:17:23 - INFO - Logging initialized. Log file: pb2b/logs/bybit_scraper_20250410.log
2025-04-10 01:17:26 - INFO - DataSaver logging initialized. Log file: pb2b/logs/data_saver_20250410.log
2025-04-10 01:17:26 - INFO - Connected to SQLite database: pb2b/p2p_listings.db
2025-04-10 01:17:26 - INFO - Database tables created successfully
2025-04-10 01:17:26 - INFO - Attempt 1/10: Loading https://www.bybit.com/fiat/trade/otc?actionType=1&token=USDT&fiat=NGN
2025-04-10 01:17:37 - INFO - Screenshot saved as 'pb2b/screenshots/bybit_page_20250410_011736.png'
2025-04-10 01:17:37 - INFO - Fetching BUY listings for USDT/EUR
2025-04-10 01:17:38 - INFO - Data successfully saved to SQLite database. New listings - Bybit: 4, Binance: 6
2025-04-10 01:17:38 - INFO - Browser session closed
2025-04-10 01:17:38 - INFO - SQLite database connection closed
2025-04-10 02:44:18 - INFO - Logging initialized. Log file: pb2b/logs/bybit_scraper_20250410.log
2025-04-10 02:44:18 - INFO - DataSaver logging initialized. Log file: pb2b/logs/data_saver_20250410.log
2025-04-10 02:44:18 - INFO - Connected to SQLite database: pb2b/p2p_listings.db
2025-04-10 02:44:18 - INFO - Database tables created successfully
2025-04-10 02:44:18 - INFO - Attempt 1/10: Loading https://www.bybit.com/fiat/trade/otc?actionType=1&token=USDT&fiat=NGN
2025-04-10 02:44:31 - INFO - Screenshot saved as 'pb2b/screenshots/bybit_page_20250410_024431.png'
2025-04-10 02:44:32 - INFO - Fetching BUY listings for USDT/EUR
2025-04-10 02:44:32 - INFO - Data successfully saved to SQLite database. New listings - Bybit: 4, Binance: 6
2025-04-10 02:44:32 - INFO - Browser session closed
2025-04-10 02:44:32 - INFO - SQLite database connection closed
2025-04-10 03:26:34 - INFO - Logging initialized. Log file: pb2b/logs/bybit_scraper_20250410.log
2025-04-10 03:26:34 - INFO - DataSaver logging initialized. Log file: pb2b/logs/data_saver_20250410.log
2025-04-10 03:26:34 - INFO - Connected to SQLite database: pb2b/p2p_listings.db
2025-04-10 03:26:34 - INFO - Database tables created successfully
2025-04-10 03:26:34 - INFO - Attempt 1/10: Loading https://www.bybit.com/fiat/trade/otc?actionType=1&token=USDT&fiat=NGN
2025-04-10 03:26:48 - INFO - Screenshot saved as 'pb2b/screenshots/bybit_page_20250410_032647.png'
2025-04-10 03:26:48 - INFO - Fetching BUY listings for USDT/EUR
2025-04-10 03:26:49 - INFO - Data successfully saved to SQLite database. New listings - Bybit: 4, Binance: 6
2025-04-10 03:26:49 - INFO - Browser session closed
2025-04-10 03:26:49 - INFO - SQLite database connection closed
2025-04-10 03:52:27 - INFO - Logging initialized. Log file: pb2b/logs/bybit_scraper_20250410.log
2025-04-10 03:52:28 - INFO - DataSaver logging initialized. Log file: pb2b/logs/data_saver_20250410.log
2025-04-10 03:52:28 - INFO - Connected to SQLite database: pb2b/p2p_listings.db
2025-04-10 03:52:28 - INFO - Database tables created successfully
2025-04-10 03:52:28 - INFO - Attempt 1/10: Loading https://www.bybit.com/fiat/trade/otc?actionType=1&token=USDT&fiat=NGN
2025-04-10 03:52:38 - INFO - Screenshot saved as 'pb2b/screenshots/bybit_page_20250410_035238.png'
2025-04-10 03:52:38 - INFO - Fetching BUY listings for USDT/EUR
2025-04-10 03:52:39 - INFO - Data successfully saved to SQLite database. New listings - Bybit: 4, Binance: 6
2025-04-10 03:52:39 - INFO - Browser session closed
2025-04-10 03:52:39 - INFO - SQLite database connection closed
2025-04-10 04:20:48 - INFO - Logging initialized. Log file: pb2b/logs/bybit_scraper_20250410.log
2025-04-10 04:20:49 - INFO - DataSaver logging initialized. Log file: pb2b/logs/data_saver_20250410.log
2025-04-10 04:20:49 - INFO - Connected to SQLite database: pb2b/p2p_listings.db
2025-04-10 04:20:49 - INFO - Database tables created successfully
2025-04-10 04:20:49 - INFO - Attempt 1/10: Loading https://www.bybit.com/fiat/trade/otc?actionType=1&token=USDT&fiat=NGN
2025-04-10 04:20:58 - INFO - Screenshot saved as 'pb2b/screenshots/bybit_page_20250410_042058.png'
2025-04-10 04:20:59 - INFO - Fetching BUY listings for USDT/EUR
2025-04-10 04:21:00 - INFO - Data successfully saved to SQLite database. New listings - Bybit: 4, Binance: 6
2025-04-10 04:21:00 - INFO - Browser session closed
2025-04-10 04:21:00 - INFO - SQLite database connection closed
2025-04-10 04:44:02 - INFO - Logging initialized. Log file: pb2b/logs/bybit_scraper_20250410.log
2025-04-10 04:44:03 - INFO - DataSaver logging initialized. Log file: pb2b/logs/data_saver_20250410.log
2025-04-10 04:44:03 - INFO - Connected to SQLite database: pb2b/p2p_listings.db
2025-04-10 04:44:03 - INFO - Database tables created successfully
2025-04-10 04:44:03 - INFO - Attempt 1/10: Loading https://www.bybit.com/fiat/trade/otc?actionType=1&token=USDT&fiat=NGN
2025-04-10 04:44:15 - INFO - Screenshot saved as 'pb2b/screenshots/bybit_page_20250410_044415.png'
2025-04-10 04:44:15 - INFO - Fetching BUY listings for USDT/EUR
2025-04-10 04:44:16 - INFO - Data successfully saved to SQLite database. New listings - Bybit: 4, Binance: 6
2025-04-10 04:44:16 - INFO - Browser session closed
2025-04-10 04:44:16 - INFO - SQLite database connection closed
2025-04-10 04:57:15 - INFO - Logging initialized. Log file: pb2b/logs/bybit_scraper_20250410.log
2025-04-10 04:57:16 - INFO - DataSaver logging initialized. Log file: pb2b/logs/data_saver_20250410.log
2025-04-10 04:57:16 - INFO - Connected to SQLite database: pb2b/p2p_listings.db
2025-04-10 04:57:16 - INFO - Database tables created successfully
2025-04-10 04:57:16 - INFO - Attempt 1/10: Loading https://www.bybit.com/fiat/trade/otc?actionType=1&token=USDT&fiat=NGN
2025-04-10 04:57:27 - INFO - Screenshot saved as 'pb2b/screenshots/bybit_page_20250410_045726.png'
2025-04-10 04:57:27 - INFO - Fetching BUY listings for USDT/EUR
2025-04-10 04:57:28 - INFO - Data successfully saved to SQLite database. New listings - Bybit: 4, Binance: 6
2025-04-10 04:57:28 - INFO - Browser session closed
2025-04-10 04:57:28 - INFO - SQLite database connection closed
2025-04-10 05:26:51 - INFO - Logging initialized. Log file: pb2b/logs/bybit_scraper_20250410.log
2025-04-10 05:26:52 - INFO - DataSaver logging initialized. Log file: pb2b/logs/data_saver_20250410.log
2025-04-10 05:26:52 - INFO - Connected to SQLite database: pb2b/p2p_listings.db
2025-04-10 05:26:52 - INFO - Database tables created successfully
2025-04-10 05:26:52 - INFO - Attempt 1/10: Loading https://www.bybit.com/fiat/trade/otc?actionType=1&token=USDT&fiat=NGN
2025-04-10 05:27:03 - INFO - Screenshot saved as 'pb2b/screenshots/bybit_page_20250410_052702.png'
2025-04-10 05:27:03 - INFO - Fetching BUY listings for USDT/EUR
2025-04-10 05:27:04 - INFO - Data successfully saved to SQLite database. New listings - Bybit: 4, Binance: 6
2025-04-10 05:27:04 - INFO - Browser session closed
2025-04-10 05:27:04 - INFO - SQLite database connection closed
2025-04-10 05:44:15 - INFO - Logging initialized. Log file: pb2b/logs/bybit_scraper_20250410.log
2025-04-10 05:44:15 - INFO - DataSaver logging initialized. Log file: pb2b/logs/data_saver_20250410.log
2025-04-10 05:44:15 - INFO - Connected to SQLite database: pb2b/p2p_listings.db
2025-04-10 05:44:15 - INFO - Database tables created successfully
2025-04-10 05:44:15 - INFO - Attempt 1/10: Loading https://www.bybit.com/fiat/trade/otc?actionType=1&token=USDT&fiat=NGN
2025-04-10 05:44:25 - INFO - Screenshot saved as 'pb2b/screenshots/bybit_page_20250410_054425.png'
2025-04-10 05:44:26 - INFO - Fetching BUY listings for USDT/EUR
2025-04-10 05:44:26 - INFO - Data successfully saved to SQLite database. New listings - Bybit: 4, Binance: 6
2025-04-10 05:44:26 - INFO - Browser session closed
2025-04-10 05:44:26 - INFO - SQLite database connection closed
2025-04-10 05:57:25 - INFO - Logging initialized. Log file: pb2b/logs/bybit_scraper_20250410.log
2025-04-10 05:57:25 - INFO - DataSaver logging initialized. Log file: pb2b/logs/data_saver_20250410.log
2025-04-10 05:57:25 - INFO - Connected to SQLite database: pb2b/p2p_listings.db
2025-04-10 05:57:25 - INFO - Database tables created successfully
2025-04-10 05:57:25 - INFO - Attempt 1/10: Loading https://www.bybit.com/fiat/trade/otc?actionType=1&token=USDT&fiat=NGN
2025-04-10 05:57:37 - INFO - Screenshot saved as 'pb2b/screenshots/bybit_page_20250410_055737.png'
2025-04-10 05:57:37 - INFO - Fetching BUY listings for USDT/EUR
2025-04-10 05:57:38 - INFO - Data successfully saved to SQLite database. New listings - Bybit: 4, Binance: 6
2025-04-10 05:57:38 - INFO - Browser session closed
2025-04-10 05:57:38 - INFO - SQLite database connection closed
2025-04-10 06:54:21 - INFO - Logging initialized. Log file: pb2b/logs/bybit_scraper_20250410.log
2025-04-10 06:54:23 - INFO - DataSaver logging initialized. Log file: pb2b/logs/data_saver_20250410.log
2025-04-10 06:54:23 - INFO - Connected to SQLite database: pb2b/p2p_listings.db
2025-04-10 06:54:23 - INFO - Database tables created successfully
2025-04-10 06:54:23 - INFO - Attempt 1/10: Loading https://www.bybit.com/fiat/trade/otc?actionType=1&token=USDT&fiat=NGN
2025-04-10 06:54:32 - INFO - Screenshot saved as 'pb2b/screenshots/bybit_page_20250410_065432.png'
2025-04-10 06:54:32 - INFO - Fetching BUY listings for USDT/EUR
2025-04-10 06:54:33 - INFO - Data successfully saved to SQLite database. New listings - Bybit: 4, Binance: 6
2025-04-10 06:54:33 - INFO - Browser session closed
2025-04-10 06:54:33 - INFO - SQLite database connection closed
2025-04-10 07:20:46 - INFO - Logging initialized. Log file: pb2b/logs/bybit_scraper_20250410.log
2025-04-10 07:20:47 - INFO - DataSaver logging initialized. Log file: pb2b/logs/data_saver_20250410.log
2025-04-10 07:20:47 - INFO - Connected to SQLite database: pb2b/p2p_listings.db
2025-04-10 07:20:47 - INFO - Database tables created successfully
2025-04-10 07:20:47 - INFO - Attempt 1/10: Loading https://www.bybit.com/fiat/trade/otc?actionType=1&token=USDT&fiat=NGN
2025-04-10 07:20:57 - INFO - Screenshot saved as 'pb2b/screenshots/bybit_page_20250410_072057.png'
2025-04-10 07:20:57 - INFO - Fetching BUY listings for USDT/EUR
2025-04-10 07:20:58 - INFO - Data successfully saved to SQLite database. New listings - Bybit: 4, Binance: 6
2025-04-10 07:20:58 - INFO - Browser session closed
2025-04-10 07:20:58 - INFO - SQLite database connection closed
2025-04-10 07:38:08 - INFO - Logging initialized. Log file: pb2b/logs/bybit_scraper_20250410.log
2025-04-10 07:38:09 - INFO - DataSaver logging initialized. Log file: pb2b/logs/data_saver_20250410.log
2025-04-10 07:38:09 - INFO - Connected to SQLite database: pb2b/p2p_listings.db
2025-04-10 07:38:09 - INFO - Database tables created successfully
2025-04-10 07:38:09 - INFO - Attempt 1/10: Loading https://www.bybit.com/fiat/trade/otc?actionType=1&token=USDT&fiat=NGN
2025-04-10 07:38:21 - INFO - Screenshot saved as 'pb2b/screenshots/bybit_page_20250410_073821.png'
2025-04-10 07:38:21 - INFO - Fetching BUY listings for USDT/EUR
2025-04-10 07:38:22 - INFO - Data successfully saved to SQLite database. New listings - Bybit: 4, Binance: 6
2025-04-10 07:38:22 - INFO - Browser session closed
2025-04-10 07:38:22 - INFO - SQLite database connection closed
2025-04-10 07:51:20 - INFO - Logging initialized. Log file: pb2b/logs/bybit_scraper_20250410.log
2025-04-10 07:51:21 - INFO - DataSaver logging initialized. Log file: pb2b/logs/data_saver_20250410.log
2025-04-10 07:51:21 - INFO - Connected to SQLite database: pb2b/p2p_listings.db
2025-04-10 07:51:21 - INFO - Database tables created successfully
2025-04-10 07:51:21 - INFO - Attempt 1/10: Loading https://www.bybit.com/fiat/trade/otc?actionType=1&token=USDT&fiat=NGN
2025-04-10 07:51:33 - INFO - Screenshot saved as 'pb2b/screenshots/bybit_page_20250410_075133.png'
2025-04-10 07:51:34 - INFO - Fetching BUY listings for USDT/EUR
2025-04-10 07:51:34 - INFO - Data successfully saved to SQLite database. New listings - Bybit: 4, Binance: 6
2025-04-10 07:51:34 - INFO - Browser session closed
2025-04-10 07:51:34 - INFO - SQLite database connection closed
2025-04-10 08:18:45 - INFO - Logging initialized. Log file: pb2b/logs/bybit_scraper_20250410.log
2025-04-10 08:18:46 - INFO - DataSaver logging initialized. Log file: pb2b/logs/data_saver_20250410.log
2025-04-10 08:18:46 - INFO - Connected to SQLite database: pb2b/p2p_listings.db
2025-04-10 08:18:46 - INFO - Database tables created successfully
2025-04-10 08:18:46 - INFO - Attempt 1/10: Loading https://www.bybit.com/fiat/trade/otc?actionType=1&token=USDT&fiat=NGN
2025-04-10 08:18:55 - INFO - Screenshot saved as 'pb2b/screenshots/bybit_page_20250410_081855.png'
2025-04-10 08:18:56 - INFO - Fetching BUY listings for USDT/EUR
2025-04-10 08:18:56 - INFO - Data successfully saved to SQLite database. New listings - Bybit: 4, Binance: 6
2025-04-10 08:18:57 - INFO - Browser session closed
2025-04-10 08:18:57 - INFO - SQLite database connection closed
2025-04-10 08:43:52 - INFO - Logging initialized. Log file: pb2b/logs/bybit_scraper_20250410.log
2025-04-10 08:43:53 - INFO - DataSaver logging initialized. Log file: pb2b/logs/data_saver_20250410.log
2025-04-10 08:43:53 - INFO - Connected to SQLite database: pb2b/p2p_listings.db
2025-04-10 08:43:53 - INFO - Database tables created successfully
2025-04-10 08:43:53 - INFO - Attempt 1/10: Loading https://www.bybit.com/fiat/trade/otc?actionType=1&token=USDT&fiat=NGN
2025-04-10 08:44:03 - INFO - Screenshot saved as 'pb2b/screenshots/bybit_page_20250410_084403.png'
2025-04-10 08:44:04 - INFO - Fetching BUY listings for USDT/EUR
2025-04-10 08:44:04 - INFO - Data successfully saved to SQLite database. New listings - Bybit: 4, Binance: 6
2025-04-10 08:44:04 - INFO - Browser session closed
2025-04-10 08:44:04 - INFO - SQLite database connection closed
2025-04-10 08:58:33 - INFO - Logging initialized. Log file: pb2b/logs/bybit_scraper_20250410.log
2025-04-10 08:58:34 - INFO - DataSaver logging initialized. Log file: pb2b/logs/data_saver_20250410.log
2025-04-10 08:58:34 - INFO - Connected to SQLite database: pb2b/p2p_listings.db
2025-04-10 08:58:34 - INFO - Database tables created successfully
2025-04-10 08:58:34 - INFO - Attempt 1/10: Loading https://www.bybit.com/fiat/trade/otc?actionType=1&token=USDT&fiat=NGN
2025-04-10 08:58:44 - INFO - Screenshot saved as 'pb2b/screenshots/bybit_page_20250410_085844.png'
2025-04-10 08:58:45 - INFO - Fetching BUY listings for USDT/EUR
2025-04-10 08:58:45 - INFO - Data successfully saved to SQLite database. New listings - Bybit: 4, Binance: 6
2025-04-10 08:58:45 - INFO - Browser session closed
2025-04-10 08:58:45 - INFO - SQLite database connection closed
2025-04-10 09:30:10 - INFO - Logging initialized. Log file: pb2b/logs/bybit_scraper_20250410.log
2025-04-10 09:30:11 - INFO - DataSaver logging initialized. Log file: pb2b/logs/data_saver_20250410.log
2025-04-10 09:30:11 - INFO - Connected to SQLite database: pb2b/p2p_listings.db
2025-04-10 09:30:11 - INFO - Database tables created successfully
2025-04-10 09:30:11 - INFO - Attempt 1/10: Loading https://www.bybit.com/fiat/trade/otc?actionType=1&token=USDT&fiat=NGN
2025-04-10 09:30:22 - INFO - Screenshot saved as 'pb2b/screenshots/bybit_page_20250410_093022.png'
2025-04-10 09:30:22 - INFO - Fetching BUY listings for USDT/EUR
2025-04-10 09:30:23 - INFO - Data successfully saved to SQLite database. New listings - Bybit: 4, Binance: 6
2025-04-10 09:30:23 - INFO - Browser session closed
2025-04-10 09:30:23 - INFO - SQLite database connection closed
2025-04-10 09:45:03 - INFO - Logging initialized. Log file: pb2b/logs/bybit_scraper_20250410.log
2025-04-10 09:45:04 - INFO - DataSaver logging initialized. Log file: pb2b/logs/data_saver_20250410.log
2025-04-10 09:45:04 - INFO - Connected to SQLite database: pb2b/p2p_listings.db
2025-04-10 09:45:04 - INFO - Database tables created successfully
2025-04-10 09:45:04 - INFO - Attempt 1/10: Loading https://www.bybit.com/fiat/trade/otc?actionType=1&token=USDT&fiat=NGN
2025-04-10 09:45:14 - INFO - Screenshot saved as 'pb2b/screenshots/bybit_page_20250410_094514.png'
2025-04-10 09:45:15 - INFO - Fetching BUY listings for USDT/EUR
2025-04-10 09:45:15 - INFO - Data successfully saved to SQLite database. New listings - Bybit: 4, Binance: 6
2025-04-10 09:45:15 - INFO - Browser session closed
2025-04-10 09:45:15 - INFO - SQLite database connection closed
