2025-07-15 02:29:02 - INFO - Logging initialized. Log file: pb2b/logs/bybit_scraper_20250715.log
2025-07-15 02:29:08 - INFO - DataSaver logging initialized. Log file: pb2b/logs/data_saver_20250715.log
2025-07-15 02:29:08 - INFO - Connected to SQLite database: pb2b/p2p_listings.db
2025-07-15 02:29:08 - INFO - Database tables created successfully
2025-07-15 02:29:08 - INFO - Attempt 1/10: Loading https://www.bybit.com/fiat/trade/otc?actionType=1&token=USDT&fiat=NGN
2025-07-15 02:29:19 - INFO - Screenshot saved as 'pb2b/screenshots/bybit_page_20250715_022918.png'
2025-07-15 02:29:19 - INFO - Fetching BUY listings for USDT/EUR
2025-07-15 02:29:20 - INFO - Data successfully saved to SQLite database. New listings - Bybit: 4, Binance: 6
2025-07-15 02:29:20 - INFO - Browser session closed
2025-07-15 02:29:20 - INFO - SQLite database connection closed
2025-07-15 03:50:48 - INFO - Logging initialized. Log file: pb2b/logs/bybit_scraper_20250715.log
2025-07-15 03:50:54 - INFO - DataSaver logging initialized. Log file: pb2b/logs/data_saver_20250715.log
2025-07-15 03:50:54 - INFO - Connected to SQLite database: pb2b/p2p_listings.db
2025-07-15 03:50:54 - INFO - Database tables created successfully
2025-07-15 03:50:54 - INFO - Attempt 1/10: Loading https://www.bybit.com/fiat/trade/otc?actionType=1&token=USDT&fiat=NGN
2025-07-15 03:51:03 - INFO - Screenshot saved as 'pb2b/screenshots/bybit_page_20250715_035102.png'
2025-07-15 03:51:03 - INFO - Fetching BUY listings for USDT/EUR
2025-07-15 03:51:04 - INFO - Data successfully saved to SQLite database. New listings - Bybit: 4, Binance: 6
2025-07-15 03:51:04 - INFO - Browser session closed
2025-07-15 03:51:04 - INFO - SQLite database connection closed
2025-07-15 04:33:20 - INFO - Logging initialized. Log file: pb2b/logs/bybit_scraper_20250715.log
2025-07-15 04:33:25 - INFO - DataSaver logging initialized. Log file: pb2b/logs/data_saver_20250715.log
2025-07-15 04:33:25 - INFO - Connected to SQLite database: pb2b/p2p_listings.db
2025-07-15 04:33:25 - INFO - Database tables created successfully
2025-07-15 04:33:25 - INFO - Attempt 1/10: Loading https://www.bybit.com/fiat/trade/otc?actionType=1&token=USDT&fiat=NGN
2025-07-15 04:33:35 - INFO - Screenshot saved as 'pb2b/screenshots/bybit_page_20250715_043335.png'
2025-07-15 04:33:36 - INFO - Fetching BUY listings for USDT/EUR
2025-07-15 04:33:37 - INFO - Data successfully saved to SQLite database. New listings - Bybit: 4, Binance: 6
2025-07-15 04:33:37 - INFO - Browser session closed
2025-07-15 04:33:37 - INFO - SQLite database connection closed
2025-07-15 05:03:34 - INFO - Logging initialized. Log file: pb2b/logs/bybit_scraper_20250715.log
2025-07-15 05:03:41 - INFO - DataSaver logging initialized. Log file: pb2b/logs/data_saver_20250715.log
2025-07-15 05:03:41 - INFO - Connected to SQLite database: pb2b/p2p_listings.db
2025-07-15 05:03:41 - INFO - Database tables created successfully
2025-07-15 05:03:41 - INFO - Attempt 1/10: Loading https://www.bybit.com/fiat/trade/otc?actionType=1&token=USDT&fiat=NGN
2025-07-15 05:03:53 - INFO - Screenshot saved as 'pb2b/screenshots/bybit_page_20250715_050353.png'
2025-07-15 05:03:53 - INFO - Fetching BUY listings for USDT/EUR
2025-07-15 05:03:54 - INFO - Data successfully saved to SQLite database. New listings - Bybit: 4, Binance: 6
2025-07-15 05:03:54 - INFO - Browser session closed
2025-07-15 05:03:54 - INFO - SQLite database connection closed
