2025-09-09 01:41:38 - INFO - Logging initialized. Log file: pb2b/logs/bybit_scraper_20250909.log
2025-09-09 01:41:46 - INFO - DataSaver logging initialized. Log file: pb2b/logs/data_saver_20250909.log
2025-09-09 01:41:46 - INFO - Connected to SQLite database: pb2b/p2p_listings.db
2025-09-09 01:41:46 - INFO - Database tables created successfully
2025-09-09 01:41:46 - INFO - Attempt 1/10: Loading https://www.bybit.com/fiat/trade/otc?actionType=1&token=USDT&fiat=NGN
2025-09-09 01:41:58 - INFO - Screenshot saved as 'pb2b/screenshots/bybit_page_20250909_014158.png'
2025-09-09 01:41:58 - INFO - Fetching BUY listings for USDT/EUR
2025-09-09 01:41:59 - INFO - Data successfully saved to SQLite database. New listings - Bybit: 4, Binance: 6
2025-09-09 01:41:59 - INFO - Browser session closed
2025-09-09 01:41:59 - INFO - SQLite database connection closed
2025-09-09 03:54:34 - INFO - Logging initialized. Log file: pb2b/logs/bybit_scraper_20250909.log
2025-09-09 03:54:43 - INFO - DataSaver logging initialized. Log file: pb2b/logs/data_saver_20250909.log
2025-09-09 03:54:43 - INFO - Connected to SQLite database: pb2b/p2p_listings.db
2025-09-09 03:54:43 - INFO - Database tables created successfully
2025-09-09 03:54:43 - INFO - Attempt 1/10: Loading https://www.bybit.com/fiat/trade/otc?actionType=1&token=USDT&fiat=NGN
2025-09-09 03:54:54 - INFO - Screenshot saved as 'pb2b/screenshots/bybit_page_20250909_035454.png'
2025-09-09 03:54:55 - INFO - Fetching BUY listings for USDT/EUR
2025-09-09 03:54:55 - INFO - Data successfully saved to SQLite database. New listings - Bybit: 4, Binance: 6
2025-09-09 03:54:56 - INFO - Browser session closed
2025-09-09 03:54:56 - INFO - SQLite database connection closed
