2026-01-29 00:02:13 - INFO - Logging initialized. Log file: pb2b/logs/bybit_scraper_20260129.log
2026-01-29 00:02:15 - INFO - DataSaver logging initialized. Log file: pb2b/logs/data_saver_20260129.log
2026-01-29 00:02:15 - INFO - Connected to SQLite database: pb2b/p2p_listings.db
2026-01-29 00:02:15 - INFO - Database tables created successfully
2026-01-29 00:02:15 - INFO - Attempt 1/10: Loading https://www.bybit.com/fiat/trade/otc?actionType=1&token=USDT&fiat=NGN
2026-01-29 00:02:24 - INFO - Screenshot saved as 'pb2b/screenshots/bybit_page_20260129_000224.png'
2026-01-29 00:02:24 - WARNING - Error parsing row: Message: no such element: Unable to locate element: {"method":"css selector","selector":"td:nth-child(2)"}
  (Session info: chrome=144.0.7559.109); For documentation on this error, please visit: https://www.selenium.dev/documentation/webdriver/troubleshooting/errors#nosuchelementexception
Stacktrace:
#0 0x55e70736cc3a <unknown>
#1 0x55e706d86969 <unknown>
#2 0x55e706ddbead <unknown>
#3 0x55e706ddc0f1 <unknown>
#4 0x55e706dcf6e6 <unknown>
#5 0x55e706dcf5c7 <unknown>
#6 0x55e706e24a20 <unknown>
#7 0x55e706dcdbe2 <unknown>
#8 0x55e706dce991 <unknown>
#9 0x55e707332a99 <unknown>
#10 0x55e7073359b1 <unknown>
#11 0x55e70731f0a9 <unknown>
#12 0x55e70733656e <unknown>
#13 0x55e7073055e0 <unknown>
#14 0x55e70735a358 <unknown>
#15 0x55e70735a528 <unknown>
#16 0x55e70736bfa8 <unknown>
#17 0x7f79f749caa4 <unknown>
#18 0x7f79f7529c6c <unknown>

2026-01-29 00:02:25 - INFO - Fetching BUY listings for USDT/EUR
2026-01-29 00:02:25 - INFO - Data successfully saved to SQLite database. New listings - Bybit: 5, Binance: 6
2026-01-29 00:02:26 - INFO - Browser session closed
2026-01-29 00:02:26 - INFO - SQLite database connection closed
