2025-11-06 00:01:21 - INFO - Logging initialized. Log file: pb2b/logs/bybit_scraper_20251106.log
2025-11-06 00:01:22 - INFO - DataSaver logging initialized. Log file: pb2b/logs/data_saver_20251106.log
2025-11-06 00:01:22 - INFO - Connected to SQLite database: pb2b/p2p_listings.db
2025-11-06 00:01:22 - INFO - Database tables created successfully
2025-11-06 00:01:22 - INFO - Attempt 1/10: Loading https://www.bybit.com/fiat/trade/otc?actionType=1&token=USDT&fiat=NGN
2025-11-06 00:01:34 - INFO - Screenshot saved as 'pb2b/screenshots/bybit_page_20251106_000134.png'
2025-11-06 00:01:35 - INFO - Fetching BUY listings for USDT/EUR
2025-11-06 00:01:35 - INFO - Data successfully saved to SQLite database. New listings - Bybit: 4, Binance: 6
2025-11-06 00:01:35 - INFO - Browser session closed
2025-11-06 00:01:35 - INFO - SQLite database connection closed
2025-11-06 02:10:06 - INFO - Logging initialized. Log file: pb2b/logs/bybit_scraper_20251106.log
2025-11-06 02:10:08 - INFO - DataSaver logging initialized. Log file: pb2b/logs/data_saver_20251106.log
2025-11-06 02:10:08 - INFO - Connected to SQLite database: pb2b/p2p_listings.db
2025-11-06 02:10:08 - INFO - Database tables created successfully
2025-11-06 02:10:08 - INFO - Attempt 1/10: Loading https://www.bybit.com/fiat/trade/otc?actionType=1&token=USDT&fiat=NGN
2025-11-06 02:10:20 - INFO - Screenshot saved as 'pb2b/screenshots/bybit_page_20251106_021019.png'
2025-11-06 02:10:20 - INFO - Fetching BUY listings for USDT/EUR
2025-11-06 02:10:21 - INFO - Data successfully saved to SQLite database. New listings - Bybit: 4, Binance: 6
2025-11-06 02:10:22 - INFO - Browser session closed
2025-11-06 02:10:22 - INFO - SQLite database connection closed
2025-11-06 03:25:16 - INFO - Logging initialized. Log file: pb2b/logs/bybit_scraper_20251106.log
2025-11-06 03:25:17 - INFO - DataSaver logging initialized. Log file: pb2b/logs/data_saver_20251106.log
2025-11-06 03:25:17 - INFO - Connected to SQLite database: pb2b/p2p_listings.db
2025-11-06 03:25:17 - INFO - Database tables created successfully
2025-11-06 03:25:17 - INFO - Attempt 1/10: Loading https://www.bybit.com/fiat/trade/otc?actionType=1&token=USDT&fiat=NGN
2025-11-06 03:25:26 - INFO - Screenshot saved as 'pb2b/screenshots/bybit_page_20251106_032526.png'
2025-11-06 03:25:26 - INFO - Fetching BUY listings for USDT/EUR
2025-11-06 03:25:27 - INFO - Data successfully saved to SQLite database. New listings - Bybit: 1, Binance: 6
2025-11-06 03:25:27 - INFO - Browser session closed
2025-11-06 03:25:27 - INFO - SQLite database connection closed
2025-11-06 04:01:28 - INFO - Logging initialized. Log file: pb2b/logs/bybit_scraper_20251106.log
2025-11-06 04:01:30 - INFO - DataSaver logging initialized. Log file: pb2b/logs/data_saver_20251106.log
2025-11-06 04:01:30 - INFO - Connected to SQLite database: pb2b/p2p_listings.db
2025-11-06 04:01:30 - INFO - Database tables created successfully
2025-11-06 04:01:30 - INFO - Attempt 1/10: Loading https://www.bybit.com/fiat/trade/otc?actionType=1&token=USDT&fiat=NGN
2025-11-06 04:01:39 - INFO - Screenshot saved as 'pb2b/screenshots/bybit_page_20251106_040139.png'
2025-11-06 04:01:40 - INFO - Fetching BUY listings for USDT/EUR
2025-11-06 04:01:40 - INFO - Data successfully saved to SQLite database. New listings - Bybit: 4, Binance: 6
2025-11-06 04:01:40 - INFO - Browser session closed
2025-11-06 04:01:40 - INFO - SQLite database connection closed
2025-11-06 04:38:48 - INFO - Logging initialized. Log file: pb2b/logs/bybit_scraper_20251106.log
2025-11-06 04:38:49 - INFO - DataSaver logging initialized. Log file: pb2b/logs/data_saver_20251106.log
2025-11-06 04:38:49 - INFO - Connected to SQLite database: pb2b/p2p_listings.db
2025-11-06 04:38:49 - INFO - Database tables created successfully
2025-11-06 04:38:49 - INFO - Attempt 1/10: Loading https://www.bybit.com/fiat/trade/otc?actionType=1&token=USDT&fiat=NGN
2025-11-06 04:39:00 - INFO - Screenshot saved as 'pb2b/screenshots/bybit_page_20251106_043859.png'
2025-11-06 04:39:00 - INFO - Fetching BUY listings for USDT/EUR
2025-11-06 04:39:01 - INFO - Data successfully saved to SQLite database. New listings - Bybit: 4, Binance: 6
2025-11-06 04:39:02 - INFO - Browser session closed
2025-11-06 04:39:02 - INFO - SQLite database connection closed
