2026-03-28 00:00:23 - INFO - Logging initialized. Log file: pb2b/logs/bybit_scraper_20260328.log
2026-03-28 00:00:24 - INFO - DataSaver logging initialized. Log file: pb2b/logs/data_saver_20260328.log
2026-03-28 00:00:24 - INFO - Connected to SQLite database: pb2b/p2p_listings.db
2026-03-28 00:00:24 - INFO - Database tables created successfully
2026-03-28 00:00:24 - INFO - Attempt 1/10: Loading https://www.bybit.com/fiat/trade/otc?actionType=1&token=USDT&fiat=NGN
2026-03-28 00:00:32 - INFO - Screenshot saved as 'pb2b/screenshots/bybit_page_20260328_000032.png'
2026-03-28 00:00:32 - WARNING - Error parsing row: Message: no such element: Unable to locate element: {"method":"css selector","selector":"td:nth-child(2)"}
  (Session info: chrome=146.0.7680.164); For documentation on this error, please visit: https://www.selenium.dev/documentation/webdriver/troubleshooting/errors#nosuchelementexception
Stacktrace:
#0 0x561e670c4a6a <unknown>
#1 0x561e66ad3ab5 <unknown>
#2 0x561e66b26676 <unknown>
#3 0x561e66b268b1 <unknown>
#4 0x561e66b1b616 <unknown>
#5 0x561e66b1b4f7 <unknown>
#6 0x561e66b6e7b6 <unknown>
#7 0x561e66b19cbf <unknown>
#8 0x561e66b1aa81 <unknown>
#9 0x561e6708aa64 <unknown>
#10 0x561e6708d951 <unknown>
#11 0x561e6707721e <unknown>
#12 0x561e6708e51e <unknown>
#13 0x561e6705dbe0 <unknown>
#14 0x561e670b19b8 <unknown>
#15 0x561e670b1b88 <unknown>
#16 0x561e670c34de <unknown>
#17 0x7fcddea9caa4 <unknown>
#18 0x7fcddeb29c6c <unknown>

2026-03-28 00:00:32 - WARNING - Error parsing row: Message: no such element: Unable to locate element: {"method":"css selector","selector":"td:nth-child(2)"}
  (Session info: chrome=146.0.7680.164); For documentation on this error, please visit: https://www.selenium.dev/documentation/webdriver/troubleshooting/errors#nosuchelementexception
Stacktrace:
#0 0x561e670c4a6a <unknown>
#1 0x561e66ad3ab5 <unknown>
#2 0x561e66b26676 <unknown>
#3 0x561e66b268b1 <unknown>
#4 0x561e66b1b616 <unknown>
#5 0x561e66b1b4f7 <unknown>
#6 0x561e66b6e7b6 <unknown>
#7 0x561e66b19cbf <unknown>
#8 0x561e66b1aa81 <unknown>
#9 0x561e6708aa64 <unknown>
#10 0x561e6708d951 <unknown>
#11 0x561e6707721e <unknown>
#12 0x561e6708e51e <unknown>
#13 0x561e6705dbe0 <unknown>
#14 0x561e670b19b8 <unknown>
#15 0x561e670b1b88 <unknown>
#16 0x561e670c34de <unknown>
#17 0x7fcddea9caa4 <unknown>
#18 0x7fcddeb29c6c <unknown>

2026-03-28 00:00:32 - INFO - Fetching BUY listings for USDT/EUR
2026-03-28 00:00:33 - INFO - Data successfully saved to SQLite database. New listings - Bybit: 4, Binance: 6
2026-03-28 00:00:33 - INFO - Browser session closed
2026-03-28 00:00:33 - INFO - SQLite database connection closed
2026-03-28 02:49:14 - INFO - Logging initialized. Log file: pb2b/logs/bybit_scraper_20260328.log
2026-03-28 02:49:17 - INFO - DataSaver logging initialized. Log file: pb2b/logs/data_saver_20260328.log
2026-03-28 02:49:17 - INFO - Connected to SQLite database: pb2b/p2p_listings.db
2026-03-28 02:49:17 - INFO - Database tables created successfully
2026-03-28 02:49:17 - INFO - Attempt 1/10: Loading https://www.bybit.com/fiat/trade/otc?actionType=1&token=USDT&fiat=NGN
2026-03-28 02:49:25 - INFO - Screenshot saved as 'pb2b/screenshots/bybit_page_20260328_024925.png'
2026-03-28 02:49:25 - WARNING - Error parsing row: Message: no such element: Unable to locate element: {"method":"css selector","selector":"td:nth-child(2)"}
  (Session info: chrome=146.0.7680.164); For documentation on this error, please visit: https://www.selenium.dev/documentation/webdriver/troubleshooting/errors#nosuchelementexception
Stacktrace:
#0 0x55ecbe657a6a <unknown>
#1 0x55ecbe066ab5 <unknown>
#2 0x55ecbe0b9676 <unknown>
#3 0x55ecbe0b98b1 <unknown>
#4 0x55ecbe0ae616 <unknown>
#5 0x55ecbe0ae4f7 <unknown>
#6 0x55ecbe1017b6 <unknown>
#7 0x55ecbe0accbf <unknown>
#8 0x55ecbe0ada81 <unknown>
#9 0x55ecbe61da64 <unknown>
#10 0x55ecbe620951 <unknown>
#11 0x55ecbe60a21e <unknown>
#12 0x55ecbe62151e <unknown>
#13 0x55ecbe5f0be0 <unknown>
#14 0x55ecbe6449b8 <unknown>
#15 0x55ecbe644b88 <unknown>
#16 0x55ecbe6564de <unknown>
#17 0x7fcd23c9caa4 <unknown>
#18 0x7fcd23d29c6c <unknown>

2026-03-28 02:49:25 - WARNING - Error parsing row: Message: no such element: Unable to locate element: {"method":"css selector","selector":"td:nth-child(2)"}
  (Session info: chrome=146.0.7680.164); For documentation on this error, please visit: https://www.selenium.dev/documentation/webdriver/troubleshooting/errors#nosuchelementexception
Stacktrace:
#0 0x55ecbe657a6a <unknown>
#1 0x55ecbe066ab5 <unknown>
#2 0x55ecbe0b9676 <unknown>
#3 0x55ecbe0b98b1 <unknown>
#4 0x55ecbe0ae616 <unknown>
#5 0x55ecbe0ae4f7 <unknown>
#6 0x55ecbe1017b6 <unknown>
#7 0x55ecbe0accbf <unknown>
#8 0x55ecbe0ada81 <unknown>
#9 0x55ecbe61da64 <unknown>
#10 0x55ecbe620951 <unknown>
#11 0x55ecbe60a21e <unknown>
#12 0x55ecbe62151e <unknown>
#13 0x55ecbe5f0be0 <unknown>
#14 0x55ecbe6449b8 <unknown>
#15 0x55ecbe644b88 <unknown>
#16 0x55ecbe6564de <unknown>
#17 0x7fcd23c9caa4 <unknown>
#18 0x7fcd23d29c6c <unknown>

2026-03-28 02:49:26 - INFO - Fetching BUY listings for USDT/EUR
2026-03-28 02:49:26 - INFO - Data successfully saved to SQLite database. New listings - Bybit: 4, Binance: 6
2026-03-28 02:49:26 - INFO - Browser session closed
2026-03-28 02:49:26 - INFO - SQLite database connection closed
2026-03-28 04:50:31 - INFO - Logging initialized. Log file: pb2b/logs/bybit_scraper_20260328.log
2026-03-28 04:50:34 - INFO - DataSaver logging initialized. Log file: pb2b/logs/data_saver_20260328.log
2026-03-28 04:50:34 - INFO - Connected to SQLite database: pb2b/p2p_listings.db
2026-03-28 04:50:34 - INFO - Database tables created successfully
2026-03-28 04:50:34 - INFO - Attempt 1/10: Loading https://www.bybit.com/fiat/trade/otc?actionType=1&token=USDT&fiat=NGN
2026-03-28 04:50:42 - INFO - Screenshot saved as 'pb2b/screenshots/bybit_page_20260328_045042.png'
2026-03-28 04:50:42 - WARNING - Error parsing row: Message: no such element: Unable to locate element: {"method":"css selector","selector":"td:nth-child(2)"}
  (Session info: chrome=146.0.7680.164); For documentation on this error, please visit: https://www.selenium.dev/documentation/webdriver/troubleshooting/errors#nosuchelementexception
Stacktrace:
#0 0x564e43550a6a <unknown>
#1 0x564e42f5fab5 <unknown>
#2 0x564e42fb2676 <unknown>
#3 0x564e42fb28b1 <unknown>
#4 0x564e42fa7616 <unknown>
#5 0x564e42fa74f7 <unknown>
#6 0x564e42ffa7b6 <unknown>
#7 0x564e42fa5cbf <unknown>
#8 0x564e42fa6a81 <unknown>
#9 0x564e43516a64 <unknown>
#10 0x564e43519951 <unknown>
#11 0x564e4350321e <unknown>
#12 0x564e4351a51e <unknown>
#13 0x564e434e9be0 <unknown>
#14 0x564e4353d9b8 <unknown>
#15 0x564e4353db88 <unknown>
#16 0x564e4354f4de <unknown>
#17 0x7fb096a9caa4 <unknown>
#18 0x7fb096b29c6c <unknown>

2026-03-28 04:50:42 - WARNING - Error parsing row: Message: no such element: Unable to locate element: {"method":"css selector","selector":"td:nth-child(2)"}
  (Session info: chrome=146.0.7680.164); For documentation on this error, please visit: https://www.selenium.dev/documentation/webdriver/troubleshooting/errors#nosuchelementexception
Stacktrace:
#0 0x564e43550a6a <unknown>
#1 0x564e42f5fab5 <unknown>
#2 0x564e42fb2676 <unknown>
#3 0x564e42fb28b1 <unknown>
#4 0x564e42fa7616 <unknown>
#5 0x564e42fa74f7 <unknown>
#6 0x564e42ffa7b6 <unknown>
#7 0x564e42fa5cbf <unknown>
#8 0x564e42fa6a81 <unknown>
#9 0x564e43516a64 <unknown>
#10 0x564e43519951 <unknown>
#11 0x564e4350321e <unknown>
#12 0x564e4351a51e <unknown>
#13 0x564e434e9be0 <unknown>
#14 0x564e4353d9b8 <unknown>
#15 0x564e4353db88 <unknown>
#16 0x564e4354f4de <unknown>
#17 0x7fb096a9caa4 <unknown>
#18 0x7fb096b29c6c <unknown>

2026-03-28 04:50:43 - INFO - Fetching BUY listings for USDT/EUR
2026-03-28 04:50:43 - INFO - Data successfully saved to SQLite database. New listings - Bybit: 4, Binance: 6
2026-03-28 04:50:43 - INFO - Browser session closed
2026-03-28 04:50:43 - INFO - SQLite database connection closed
2026-03-28 05:51:22 - INFO - Logging initialized. Log file: pb2b/logs/bybit_scraper_20260328.log
2026-03-28 05:51:25 - INFO - DataSaver logging initialized. Log file: pb2b/logs/data_saver_20260328.log
2026-03-28 05:51:25 - INFO - Connected to SQLite database: pb2b/p2p_listings.db
2026-03-28 05:51:25 - INFO - Database tables created successfully
2026-03-28 05:51:25 - INFO - Attempt 1/10: Loading https://www.bybit.com/fiat/trade/otc?actionType=1&token=USDT&fiat=NGN
2026-03-28 05:51:32 - INFO - Screenshot saved as 'pb2b/screenshots/bybit_page_20260328_055132.png'
2026-03-28 05:51:32 - WARNING - Error parsing row: Message: no such element: Unable to locate element: {"method":"css selector","selector":"td:nth-child(2)"}
  (Session info: chrome=146.0.7680.164); For documentation on this error, please visit: https://www.selenium.dev/documentation/webdriver/troubleshooting/errors#nosuchelementexception
Stacktrace:
#0 0x5627d4cc0a6a <unknown>
#1 0x5627d46cfab5 <unknown>
#2 0x5627d4722676 <unknown>
#3 0x5627d47228b1 <unknown>
#4 0x5627d4717616 <unknown>
#5 0x5627d47174f7 <unknown>
#6 0x5627d476a7b6 <unknown>
#7 0x5627d4715cbf <unknown>
#8 0x5627d4716a81 <unknown>
#9 0x5627d4c86a64 <unknown>
#10 0x5627d4c89951 <unknown>
#11 0x5627d4c7321e <unknown>
#12 0x5627d4c8a51e <unknown>
#13 0x5627d4c59be0 <unknown>
#14 0x5627d4cad9b8 <unknown>
#15 0x5627d4cadb88 <unknown>
#16 0x5627d4cbf4de <unknown>
#17 0x7f1d1b69caa4 <unknown>
#18 0x7f1d1b729c6c <unknown>

2026-03-28 05:51:32 - WARNING - Error parsing row: Message: no such element: Unable to locate element: {"method":"css selector","selector":"td:nth-child(2)"}
  (Session info: chrome=146.0.7680.164); For documentation on this error, please visit: https://www.selenium.dev/documentation/webdriver/troubleshooting/errors#nosuchelementexception
Stacktrace:
#0 0x5627d4cc0a6a <unknown>
#1 0x5627d46cfab5 <unknown>
#2 0x5627d4722676 <unknown>
#3 0x5627d47228b1 <unknown>
#4 0x5627d4717616 <unknown>
#5 0x5627d47174f7 <unknown>
#6 0x5627d476a7b6 <unknown>
#7 0x5627d4715cbf <unknown>
#8 0x5627d4716a81 <unknown>
#9 0x5627d4c86a64 <unknown>
#10 0x5627d4c89951 <unknown>
#11 0x5627d4c7321e <unknown>
#12 0x5627d4c8a51e <unknown>
#13 0x5627d4c59be0 <unknown>
#14 0x5627d4cad9b8 <unknown>
#15 0x5627d4cadb88 <unknown>
#16 0x5627d4cbf4de <unknown>
#17 0x7f1d1b69caa4 <unknown>
#18 0x7f1d1b729c6c <unknown>

2026-03-28 05:51:33 - INFO - Fetching BUY listings for USDT/EUR
2026-03-28 05:51:33 - INFO - Data successfully saved to SQLite database. New listings - Bybit: 4, Binance: 6
2026-03-28 05:51:33 - INFO - Browser session closed
2026-03-28 05:51:33 - INFO - SQLite database connection closed
