2025-11-03 01:27:58 - INFO - Logging initialized. Log file: pb2b/logs/bybit_scraper_20251103.log
2025-11-03 01:28:13 - INFO - DataSaver logging initialized. Log file: pb2b/logs/data_saver_20251103.log
2025-11-03 01:28:13 - INFO - Connected to SQLite database: pb2b/p2p_listings.db
2025-11-03 01:28:13 - INFO - Database tables created successfully
2025-11-03 01:28:13 - INFO - Attempt 1/10: Loading https://www.bybit.com/fiat/trade/otc?actionType=1&token=USDT&fiat=NGN
2025-11-03 01:28:26 - INFO - Screenshot saved as 'pb2b/screenshots/bybit_page_20251103_012826.png'
2025-11-03 01:28:26 - INFO - Fetching BUY listings for USDT/EUR
2025-11-03 01:28:27 - INFO - Data successfully saved to SQLite database. New listings - Bybit: 4, Binance: 6
2025-11-03 01:28:27 - INFO - Browser session closed
2025-11-03 01:28:27 - INFO - SQLite database connection closed
2025-11-03 03:09:11 - INFO - Logging initialized. Log file: pb2b/logs/bybit_scraper_20251103.log
2025-11-03 03:09:13 - INFO - DataSaver logging initialized. Log file: pb2b/logs/data_saver_20251103.log
2025-11-03 03:09:13 - INFO - Connected to SQLite database: pb2b/p2p_listings.db
2025-11-03 03:09:13 - INFO - Database tables created successfully
2025-11-03 03:09:13 - INFO - Attempt 1/10: Loading https://www.bybit.com/fiat/trade/otc?actionType=1&token=USDT&fiat=NGN
2025-11-03 03:09:23 - INFO - Screenshot saved as 'pb2b/screenshots/bybit_page_20251103_030922.png'
2025-11-03 03:09:23 - INFO - Fetching BUY listings for USDT/EUR
2025-11-03 03:09:24 - INFO - Data successfully saved to SQLite database. New listings - Bybit: 4, Binance: 6
2025-11-03 03:09:24 - INFO - Browser session closed
2025-11-03 03:09:24 - INFO - SQLite database connection closed
2025-11-03 04:00:58 - INFO - Logging initialized. Log file: pb2b/logs/bybit_scraper_20251103.log
2025-11-03 04:01:04 - INFO - DataSaver logging initialized. Log file: pb2b/logs/data_saver_20251103.log
2025-11-03 04:01:04 - INFO - Connected to SQLite database: pb2b/p2p_listings.db
2025-11-03 04:01:04 - INFO - Database tables created successfully
2025-11-03 04:01:04 - INFO - Attempt 1/10: Loading https://www.bybit.com/fiat/trade/otc?actionType=1&token=USDT&fiat=NGN
2025-11-03 04:01:14 - INFO - Screenshot saved as 'pb2b/screenshots/bybit_page_20251103_040114.png'
2025-11-03 04:01:15 - INFO - Fetching BUY listings for USDT/EUR
2025-11-03 04:01:15 - INFO - Data successfully saved to SQLite database. New listings - Bybit: 4, Binance: 6
2025-11-03 04:01:16 - INFO - Browser session closed
2025-11-03 04:01:16 - INFO - SQLite database connection closed
2025-11-03 04:39:07 - INFO - Logging initialized. Log file: pb2b/logs/bybit_scraper_20251103.log
2025-11-03 04:39:16 - INFO - DataSaver logging initialized. Log file: pb2b/logs/data_saver_20251103.log
2025-11-03 04:39:16 - INFO - Connected to SQLite database: pb2b/p2p_listings.db
2025-11-03 04:39:16 - INFO - Database tables created successfully
2025-11-03 04:39:16 - INFO - Attempt 1/10: Loading https://www.bybit.com/fiat/trade/otc?actionType=1&token=USDT&fiat=NGN
2025-11-03 04:39:27 - INFO - Screenshot saved as 'pb2b/screenshots/bybit_page_20251103_043927.png'
2025-11-03 04:39:28 - INFO - Fetching BUY listings for USDT/EUR
2025-11-03 04:39:28 - INFO - Data successfully saved to SQLite database. New listings - Bybit: 4, Binance: 6
2025-11-03 04:39:28 - INFO - Browser session closed
2025-11-03 04:39:28 - INFO - SQLite database connection closed
2025-11-03 04:57:18 - INFO - Logging initialized. Log file: pb2b/logs/bybit_scraper_20251103.log
2025-11-03 04:57:25 - INFO - DataSaver logging initialized. Log file: pb2b/logs/data_saver_20251103.log
2025-11-03 04:57:25 - INFO - Connected to SQLite database: pb2b/p2p_listings.db
2025-11-03 04:57:25 - INFO - Database tables created successfully
2025-11-03 04:57:25 - INFO - Attempt 1/10: Loading https://www.bybit.com/fiat/trade/otc?actionType=1&token=USDT&fiat=NGN
2025-11-03 04:57:36 - INFO - Screenshot saved as 'pb2b/screenshots/bybit_page_20251103_045736.png'
2025-11-03 04:57:36 - INFO - Fetching BUY listings for USDT/EUR
2025-11-03 04:57:37 - INFO - Data successfully saved to SQLite database. New listings - Bybit: 4, Binance: 6
2025-11-03 04:57:37 - INFO - Browser session closed
2025-11-03 04:57:37 - INFO - SQLite database connection closed
2025-11-03 05:27:02 - INFO - Logging initialized. Log file: pb2b/logs/bybit_scraper_20251103.log
2025-11-03 05:27:14 - INFO - DataSaver logging initialized. Log file: pb2b/logs/data_saver_20251103.log
2025-11-03 05:27:14 - INFO - Connected to SQLite database: pb2b/p2p_listings.db
2025-11-03 05:27:14 - INFO - Database tables created successfully
2025-11-03 05:27:14 - INFO - Attempt 1/10: Loading https://www.bybit.com/fiat/trade/otc?actionType=1&token=USDT&fiat=NGN
2025-11-03 05:27:27 - INFO - Screenshot saved as 'pb2b/screenshots/bybit_page_20251103_052726.png'
2025-11-03 05:27:27 - INFO - Fetching BUY listings for USDT/EUR
2025-11-03 05:27:28 - INFO - Data successfully saved to SQLite database. New listings - Bybit: 4, Binance: 6
2025-11-03 05:27:28 - INFO - Browser session closed
2025-11-03 05:27:28 - INFO - SQLite database connection closed
2025-11-03 05:46:43 - INFO - Logging initialized. Log file: pb2b/logs/bybit_scraper_20251103.log
2025-11-03 05:46:49 - INFO - DataSaver logging initialized. Log file: pb2b/logs/data_saver_20251103.log
2025-11-03 05:46:49 - INFO - Connected to SQLite database: pb2b/p2p_listings.db
2025-11-03 05:46:49 - INFO - Database tables created successfully
2025-11-03 05:46:49 - INFO - Attempt 1/10: Loading https://www.bybit.com/fiat/trade/otc?actionType=1&token=USDT&fiat=NGN
2025-11-03 05:47:00 - INFO - Screenshot saved as 'pb2b/screenshots/bybit_page_20251103_054659.png'
2025-11-03 05:47:00 - INFO - Fetching BUY listings for USDT/EUR
2025-11-03 05:47:01 - INFO - Data successfully saved to SQLite database. New listings - Bybit: 4, Binance: 6
2025-11-03 05:47:01 - INFO - Browser session closed
2025-11-03 05:47:01 - INFO - SQLite database connection closed
2025-11-03 05:59:26 - INFO - Logging initialized. Log file: pb2b/logs/bybit_scraper_20251103.log
2025-11-03 05:59:31 - INFO - DataSaver logging initialized. Log file: pb2b/logs/data_saver_20251103.log
2025-11-03 05:59:31 - INFO - Connected to SQLite database: pb2b/p2p_listings.db
2025-11-03 05:59:31 - INFO - Database tables created successfully
2025-11-03 05:59:31 - INFO - Attempt 1/10: Loading https://www.bybit.com/fiat/trade/otc?actionType=1&token=USDT&fiat=NGN
2025-11-03 05:59:42 - INFO - Screenshot saved as 'pb2b/screenshots/bybit_page_20251103_055942.png'
2025-11-03 05:59:42 - INFO - Fetching BUY listings for USDT/EUR
2025-11-03 05:59:42 - INFO - Data successfully saved to SQLite database. New listings - Bybit: 4, Binance: 6
2025-11-03 05:59:43 - INFO - Browser session closed
2025-11-03 05:59:43 - INFO - SQLite database connection closed
2025-11-03 06:44:31 - INFO - Logging initialized. Log file: pb2b/logs/bybit_scraper_20251103.log
2025-11-03 06:44:37 - INFO - DataSaver logging initialized. Log file: pb2b/logs/data_saver_20251103.log
2025-11-03 06:44:37 - INFO - Connected to SQLite database: pb2b/p2p_listings.db
2025-11-03 06:44:37 - INFO - Database tables created successfully
2025-11-03 06:44:37 - INFO - Attempt 1/10: Loading https://www.bybit.com/fiat/trade/otc?actionType=1&token=USDT&fiat=NGN
2025-11-03 06:44:50 - INFO - Screenshot saved as 'pb2b/screenshots/bybit_page_20251103_064449.png'
2025-11-03 06:44:50 - INFO - Fetching BUY listings for USDT/EUR
2025-11-03 06:44:50 - INFO - Data successfully saved to SQLite database. New listings - Bybit: 4, Binance: 6
2025-11-03 06:44:51 - INFO - Browser session closed
2025-11-03 06:44:51 - INFO - SQLite database connection closed
2025-11-03 07:01:29 - INFO - Logging initialized. Log file: pb2b/logs/bybit_scraper_20251103.log
2025-11-03 07:01:30 - INFO - DataSaver logging initialized. Log file: pb2b/logs/data_saver_20251103.log
2025-11-03 07:01:30 - INFO - Connected to SQLite database: pb2b/p2p_listings.db
2025-11-03 07:01:30 - INFO - Database tables created successfully
2025-11-03 07:01:30 - INFO - Attempt 1/10: Loading https://www.bybit.com/fiat/trade/otc?actionType=1&token=USDT&fiat=NGN
2025-11-03 07:01:41 - INFO - Screenshot saved as 'pb2b/screenshots/bybit_page_20251103_070140.png'
2025-11-03 07:01:41 - INFO - Fetching BUY listings for USDT/EUR
2025-11-03 07:01:42 - INFO - Data successfully saved to SQLite database. New listings - Bybit: 4, Binance: 6
2025-11-03 07:01:42 - INFO - Browser session closed
2025-11-03 07:01:42 - INFO - SQLite database connection closed
2025-11-03 07:31:57 - INFO - Logging initialized. Log file: pb2b/logs/bybit_scraper_20251103.log
2025-11-03 07:32:22 - INFO - DataSaver logging initialized. Log file: pb2b/logs/data_saver_20251103.log
2025-11-03 07:32:22 - INFO - Connected to SQLite database: pb2b/p2p_listings.db
2025-11-03 07:32:22 - INFO - Database tables created successfully
2025-11-03 07:32:22 - INFO - Attempt 1/10: Loading https://www.bybit.com/fiat/trade/otc?actionType=1&token=USDT&fiat=NGN
2025-11-03 07:32:37 - INFO - Screenshot saved as 'pb2b/screenshots/bybit_page_20251103_073237.png'
2025-11-03 07:32:38 - INFO - Fetching BUY listings for USDT/EUR
2025-11-03 07:32:38 - INFO - Data successfully saved to SQLite database. New listings - Bybit: 4, Binance: 6
2025-11-03 07:32:38 - INFO - Browser session closed
2025-11-03 07:32:38 - INFO - SQLite database connection closed
2025-11-03 07:46:50 - INFO - Logging initialized. Log file: pb2b/logs/bybit_scraper_20251103.log
2025-11-03 07:46:56 - INFO - DataSaver logging initialized. Log file: pb2b/logs/data_saver_20251103.log
2025-11-03 07:46:56 - INFO - Connected to SQLite database: pb2b/p2p_listings.db
2025-11-03 07:46:56 - INFO - Database tables created successfully
2025-11-03 07:46:56 - INFO - Attempt 1/10: Loading https://www.bybit.com/fiat/trade/otc?actionType=1&token=USDT&fiat=NGN
2025-11-03 07:47:07 - INFO - Screenshot saved as 'pb2b/screenshots/bybit_page_20251103_074707.png'
2025-11-03 07:47:07 - INFO - Fetching BUY listings for USDT/EUR
2025-11-03 07:47:08 - INFO - Data successfully saved to SQLite database. New listings - Bybit: 4, Binance: 6
2025-11-03 07:47:08 - INFO - Browser session closed
2025-11-03 07:47:08 - INFO - SQLite database connection closed
2025-11-03 08:00:02 - INFO - Logging initialized. Log file: pb2b/logs/bybit_scraper_20251103.log
2025-11-03 08:00:09 - INFO - DataSaver logging initialized. Log file: pb2b/logs/data_saver_20251103.log
2025-11-03 08:00:09 - INFO - Connected to SQLite database: pb2b/p2p_listings.db
2025-11-03 08:00:09 - INFO - Database tables created successfully
2025-11-03 08:00:09 - INFO - Attempt 1/10: Loading https://www.bybit.com/fiat/trade/otc?actionType=1&token=USDT&fiat=NGN
2025-11-03 08:00:21 - INFO - Screenshot saved as 'pb2b/screenshots/bybit_page_20251103_080021.png'
2025-11-03 08:00:22 - INFO - Fetching BUY listings for USDT/EUR
2025-11-03 08:00:23 - INFO - Data successfully saved to SQLite database. New listings - Bybit: 4, Binance: 6
2025-11-03 08:00:23 - INFO - Browser session closed
2025-11-03 08:00:23 - INFO - SQLite database connection closed
2025-11-03 08:40:35 - INFO - Logging initialized. Log file: pb2b/logs/bybit_scraper_20251103.log
2025-11-03 08:40:40 - INFO - DataSaver logging initialized. Log file: pb2b/logs/data_saver_20251103.log
2025-11-03 08:40:40 - INFO - Connected to SQLite database: pb2b/p2p_listings.db
2025-11-03 08:40:40 - INFO - Database tables created successfully
2025-11-03 08:40:40 - INFO - Attempt 1/10: Loading https://www.bybit.com/fiat/trade/otc?actionType=1&token=USDT&fiat=NGN
2025-11-03 08:40:50 - INFO - Screenshot saved as 'pb2b/screenshots/bybit_page_20251103_084050.png'
2025-11-03 08:40:50 - INFO - Fetching BUY listings for USDT/EUR
2025-11-03 08:40:51 - INFO - Data successfully saved to SQLite database. New listings - Bybit: 4, Binance: 6
2025-11-03 08:40:51 - INFO - Browser session closed
2025-11-03 08:40:51 - INFO - SQLite database connection closed
2025-11-03 08:59:52 - INFO - Logging initialized. Log file: pb2b/logs/bybit_scraper_20251103.log
2025-11-03 08:59:59 - INFO - DataSaver logging initialized. Log file: pb2b/logs/data_saver_20251103.log
2025-11-03 08:59:59 - INFO - Connected to SQLite database: pb2b/p2p_listings.db
2025-11-03 08:59:59 - INFO - Database tables created successfully
2025-11-03 08:59:59 - INFO - Attempt 1/10: Loading https://www.bybit.com/fiat/trade/otc?actionType=1&token=USDT&fiat=NGN
2025-11-03 09:00:10 - INFO - Screenshot saved as 'pb2b/screenshots/bybit_page_20251103_090010.png'
2025-11-03 09:00:10 - INFO - Fetching BUY listings for USDT/EUR
2025-11-03 09:00:11 - INFO - Data successfully saved to SQLite database. New listings - Bybit: 4, Binance: 6
2025-11-03 09:00:11 - INFO - Browser session closed
2025-11-03 09:00:11 - INFO - SQLite database connection closed
2025-11-03 09:36:07 - INFO - Logging initialized. Log file: pb2b/logs/bybit_scraper_20251103.log
2025-11-03 09:36:08 - INFO - DataSaver logging initialized. Log file: pb2b/logs/data_saver_20251103.log
2025-11-03 09:36:08 - INFO - Connected to SQLite database: pb2b/p2p_listings.db
2025-11-03 09:36:08 - INFO - Database tables created successfully
2025-11-03 09:36:08 - INFO - Attempt 1/10: Loading https://www.bybit.com/fiat/trade/otc?actionType=1&token=USDT&fiat=NGN
2025-11-03 09:36:17 - INFO - Screenshot saved as 'pb2b/screenshots/bybit_page_20251103_093617.png'
2025-11-03 09:36:18 - INFO - Fetching BUY listings for USDT/EUR
2025-11-03 09:36:18 - INFO - Data successfully saved to SQLite database. New listings - Bybit: 4, Binance: 6
2025-11-03 09:36:19 - INFO - Browser session closed
2025-11-03 09:36:19 - INFO - SQLite database connection closed
