2025-06-12 01:20:09 - INFO - Logging initialized. Log file: pb2b/logs/bybit_scraper_20250612.log
2025-06-12 01:20:11 - INFO - DataSaver logging initialized. Log file: pb2b/logs/data_saver_20250612.log
2025-06-12 01:20:11 - INFO - Connected to SQLite database: pb2b/p2p_listings.db
2025-06-12 01:20:11 - INFO - Database tables created successfully
2025-06-12 01:20:11 - INFO - Attempt 1/10: Loading https://www.bybit.com/fiat/trade/otc?actionType=1&token=USDT&fiat=NGN
2025-06-12 01:20:20 - INFO - Screenshot saved as 'pb2b/screenshots/bybit_page_20250612_012020.png'
2025-06-12 01:20:21 - INFO - Fetching BUY listings for USDT/EUR
2025-06-12 01:20:21 - INFO - Data successfully saved to SQLite database. New listings - Bybit: 4, Binance: 6
2025-06-12 01:20:22 - INFO - Browser session closed
2025-06-12 01:20:22 - INFO - SQLite database connection closed
2025-06-12 02:59:30 - INFO - Logging initialized. Log file: pb2b/logs/bybit_scraper_20250612.log
2025-06-12 02:59:30 - INFO - DataSaver logging initialized. Log file: pb2b/logs/data_saver_20250612.log
2025-06-12 02:59:30 - INFO - Connected to SQLite database: pb2b/p2p_listings.db
2025-06-12 02:59:30 - INFO - Database tables created successfully
2025-06-12 02:59:30 - INFO - Attempt 1/10: Loading https://www.bybit.com/fiat/trade/otc?actionType=1&token=USDT&fiat=NGN
2025-06-12 02:59:39 - INFO - Screenshot saved as 'pb2b/screenshots/bybit_page_20250612_025939.png'
2025-06-12 02:59:39 - INFO - Fetching BUY listings for USDT/EUR
2025-06-12 02:59:40 - INFO - Data successfully saved to SQLite database. New listings - Bybit: 4, Binance: 6
2025-06-12 02:59:40 - INFO - Browser session closed
2025-06-12 02:59:40 - INFO - SQLite database connection closed
2025-06-12 03:54:24 - INFO - Logging initialized. Log file: pb2b/logs/bybit_scraper_20250612.log
2025-06-12 03:54:25 - INFO - DataSaver logging initialized. Log file: pb2b/logs/data_saver_20250612.log
2025-06-12 03:54:25 - INFO - Connected to SQLite database: pb2b/p2p_listings.db
2025-06-12 03:54:25 - INFO - Database tables created successfully
2025-06-12 03:54:25 - INFO - Attempt 1/10: Loading https://www.bybit.com/fiat/trade/otc?actionType=1&token=USDT&fiat=NGN
2025-06-12 03:54:33 - INFO - Screenshot saved as 'pb2b/screenshots/bybit_page_20250612_035433.png'
2025-06-12 03:54:33 - INFO - Fetching BUY listings for USDT/EUR
2025-06-12 03:54:34 - INFO - Data successfully saved to SQLite database. New listings - Bybit: 4, Binance: 6
2025-06-12 03:54:34 - INFO - Browser session closed
2025-06-12 03:54:34 - INFO - SQLite database connection closed
2025-06-12 04:25:45 - INFO - Logging initialized. Log file: pb2b/logs/bybit_scraper_20250612.log
2025-06-12 04:25:46 - INFO - DataSaver logging initialized. Log file: pb2b/logs/data_saver_20250612.log
2025-06-12 04:25:46 - INFO - Connected to SQLite database: pb2b/p2p_listings.db
2025-06-12 04:25:46 - INFO - Database tables created successfully
2025-06-12 04:25:46 - INFO - Attempt 1/10: Loading https://www.bybit.com/fiat/trade/otc?actionType=1&token=USDT&fiat=NGN
2025-06-12 04:25:56 - INFO - Screenshot saved as 'pb2b/screenshots/bybit_page_20250612_042556.png'
2025-06-12 04:25:56 - INFO - Fetching BUY listings for USDT/EUR
2025-06-12 04:25:57 - INFO - Data successfully saved to SQLite database. New listings - Bybit: 4, Binance: 6
2025-06-12 04:25:57 - INFO - Browser session closed
2025-06-12 04:25:57 - INFO - SQLite database connection closed
2025-06-12 04:51:50 - INFO - Logging initialized. Log file: pb2b/logs/bybit_scraper_20250612.log
2025-06-12 04:51:52 - INFO - DataSaver logging initialized. Log file: pb2b/logs/data_saver_20250612.log
2025-06-12 04:51:52 - INFO - Connected to SQLite database: pb2b/p2p_listings.db
2025-06-12 04:51:52 - INFO - Database tables created successfully
2025-06-12 04:51:52 - INFO - Attempt 1/10: Loading https://www.bybit.com/fiat/trade/otc?actionType=1&token=USDT&fiat=NGN
2025-06-12 04:52:02 - INFO - Screenshot saved as 'pb2b/screenshots/bybit_page_20250612_045201.png'
2025-06-12 04:52:02 - INFO - Fetching BUY listings for USDT/EUR
2025-06-12 04:52:03 - INFO - Data successfully saved to SQLite database. New listings - Bybit: 4, Binance: 6
2025-06-12 04:52:03 - INFO - Browser session closed
2025-06-12 04:52:03 - INFO - SQLite database connection closed
2025-06-12 05:13:52 - INFO - Logging initialized. Log file: pb2b/logs/bybit_scraper_20250612.log
2025-06-12 05:13:54 - INFO - DataSaver logging initialized. Log file: pb2b/logs/data_saver_20250612.log
2025-06-12 05:13:54 - INFO - Connected to SQLite database: pb2b/p2p_listings.db
2025-06-12 05:13:54 - INFO - Database tables created successfully
2025-06-12 05:13:54 - INFO - Attempt 1/10: Loading https://www.bybit.com/fiat/trade/otc?actionType=1&token=USDT&fiat=NGN
2025-06-12 05:14:03 - INFO - Screenshot saved as 'pb2b/screenshots/bybit_page_20250612_051402.png'
2025-06-12 05:14:03 - INFO - Fetching BUY listings for USDT/EUR
2025-06-12 05:14:04 - INFO - Data successfully saved to SQLite database. New listings - Bybit: 4, Binance: 6
2025-06-12 05:14:04 - INFO - Browser session closed
2025-06-12 05:14:04 - INFO - SQLite database connection closed
2025-06-12 05:39:57 - INFO - Logging initialized. Log file: pb2b/logs/bybit_scraper_20250612.log
2025-06-12 05:39:58 - INFO - DataSaver logging initialized. Log file: pb2b/logs/data_saver_20250612.log
2025-06-12 05:39:58 - INFO - Connected to SQLite database: pb2b/p2p_listings.db
2025-06-12 05:39:58 - INFO - Database tables created successfully
2025-06-12 05:39:58 - INFO - Attempt 1/10: Loading https://www.bybit.com/fiat/trade/otc?actionType=1&token=USDT&fiat=NGN
2025-06-12 05:40:09 - INFO - Screenshot saved as 'pb2b/screenshots/bybit_page_20250612_054009.png'
2025-06-12 05:40:10 - INFO - Fetching BUY listings for USDT/EUR
2025-06-12 05:40:11 - INFO - Data successfully saved to SQLite database. New listings - Bybit: 4, Binance: 6
2025-06-12 05:40:11 - INFO - Browser session closed
2025-06-12 05:40:11 - INFO - SQLite database connection closed
2025-06-12 05:53:15 - INFO - Logging initialized. Log file: pb2b/logs/bybit_scraper_20250612.log
2025-06-12 05:53:16 - INFO - DataSaver logging initialized. Log file: pb2b/logs/data_saver_20250612.log
2025-06-12 05:53:16 - INFO - Connected to SQLite database: pb2b/p2p_listings.db
2025-06-12 05:53:16 - INFO - Database tables created successfully
2025-06-12 05:53:16 - INFO - Attempt 1/10: Loading https://www.bybit.com/fiat/trade/otc?actionType=1&token=USDT&fiat=NGN
2025-06-12 05:53:28 - INFO - Screenshot saved as 'pb2b/screenshots/bybit_page_20250612_055328.png'
2025-06-12 05:53:28 - INFO - Fetching BUY listings for USDT/EUR
2025-06-12 05:53:29 - INFO - Data successfully saved to SQLite database. New listings - Bybit: 4, Binance: 6
2025-06-12 05:53:29 - INFO - Browser session closed
2025-06-12 05:53:29 - INFO - SQLite database connection closed
2025-06-12 06:27:00 - INFO - Logging initialized. Log file: pb2b/logs/bybit_scraper_20250612.log
2025-06-12 06:27:01 - INFO - DataSaver logging initialized. Log file: pb2b/logs/data_saver_20250612.log
2025-06-12 06:27:01 - INFO - Connected to SQLite database: pb2b/p2p_listings.db
2025-06-12 06:27:01 - INFO - Database tables created successfully
2025-06-12 06:27:01 - INFO - Attempt 1/10: Loading https://www.bybit.com/fiat/trade/otc?actionType=1&token=USDT&fiat=NGN
2025-06-12 06:27:09 - INFO - Screenshot saved as 'pb2b/screenshots/bybit_page_20250612_062709.png'
2025-06-12 06:27:09 - INFO - Fetching BUY listings for USDT/EUR
2025-06-12 06:27:10 - INFO - Data successfully saved to SQLite database. New listings - Bybit: 4, Binance: 6
2025-06-12 06:27:10 - INFO - Browser session closed
2025-06-12 06:27:10 - INFO - SQLite database connection closed
2025-06-12 06:55:33 - INFO - Logging initialized. Log file: pb2b/logs/bybit_scraper_20250612.log
2025-06-12 06:55:35 - INFO - DataSaver logging initialized. Log file: pb2b/logs/data_saver_20250612.log
2025-06-12 06:55:35 - INFO - Connected to SQLite database: pb2b/p2p_listings.db
2025-06-12 06:55:35 - INFO - Database tables created successfully
2025-06-12 06:55:35 - INFO - Attempt 1/10: Loading https://www.bybit.com/fiat/trade/otc?actionType=1&token=USDT&fiat=NGN
2025-06-12 06:55:44 - INFO - Screenshot saved as 'pb2b/screenshots/bybit_page_20250612_065544.png'
2025-06-12 06:55:45 - INFO - Fetching BUY listings for USDT/EUR
2025-06-12 06:55:45 - INFO - Data successfully saved to SQLite database. New listings - Bybit: 4, Binance: 6
2025-06-12 06:55:46 - INFO - Browser session closed
2025-06-12 06:55:46 - INFO - SQLite database connection closed
2025-06-12 07:21:45 - INFO - Logging initialized. Log file: pb2b/logs/bybit_scraper_20250612.log
2025-06-12 07:21:46 - INFO - DataSaver logging initialized. Log file: pb2b/logs/data_saver_20250612.log
2025-06-12 07:21:46 - INFO - Connected to SQLite database: pb2b/p2p_listings.db
2025-06-12 07:21:46 - INFO - Database tables created successfully
2025-06-12 07:21:46 - INFO - Attempt 1/10: Loading https://www.bybit.com/fiat/trade/otc?actionType=1&token=USDT&fiat=NGN
2025-06-12 07:21:55 - INFO - Screenshot saved as 'pb2b/screenshots/bybit_page_20250612_072154.png'
2025-06-12 07:21:55 - INFO - Fetching BUY listings for USDT/EUR
2025-06-12 07:21:56 - INFO - Data successfully saved to SQLite database. New listings - Bybit: 4, Binance: 6
2025-06-12 07:21:56 - INFO - Browser session closed
2025-06-12 07:21:56 - INFO - SQLite database connection closed
2025-06-12 07:40:00 - INFO - Logging initialized. Log file: pb2b/logs/bybit_scraper_20250612.log
2025-06-12 07:40:01 - INFO - DataSaver logging initialized. Log file: pb2b/logs/data_saver_20250612.log
2025-06-12 07:40:01 - INFO - Connected to SQLite database: pb2b/p2p_listings.db
2025-06-12 07:40:01 - INFO - Database tables created successfully
2025-06-12 07:40:01 - INFO - Attempt 1/10: Loading https://www.bybit.com/fiat/trade/otc?actionType=1&token=USDT&fiat=NGN
2025-06-12 07:40:11 - INFO - Screenshot saved as 'pb2b/screenshots/bybit_page_20250612_074011.png'
2025-06-12 07:40:11 - INFO - Fetching BUY listings for USDT/EUR
2025-06-12 07:40:12 - INFO - Data successfully saved to SQLite database. New listings - Bybit: 4, Binance: 6
2025-06-12 07:40:12 - INFO - Browser session closed
2025-06-12 07:40:12 - INFO - SQLite database connection closed
2025-06-12 07:53:26 - INFO - Logging initialized. Log file: pb2b/logs/bybit_scraper_20250612.log
2025-06-12 07:53:26 - INFO - DataSaver logging initialized. Log file: pb2b/logs/data_saver_20250612.log
2025-06-12 07:53:26 - INFO - Connected to SQLite database: pb2b/p2p_listings.db
2025-06-12 07:53:26 - INFO - Database tables created successfully
2025-06-12 07:53:26 - INFO - Attempt 1/10: Loading https://www.bybit.com/fiat/trade/otc?actionType=1&token=USDT&fiat=NGN
2025-06-12 07:53:38 - INFO - Screenshot saved as 'pb2b/screenshots/bybit_page_20250612_075337.png'
2025-06-12 07:53:38 - INFO - Fetching BUY listings for USDT/EUR
2025-06-12 07:53:39 - INFO - Data successfully saved to SQLite database. New listings - Bybit: 4, Binance: 6
2025-06-12 07:53:39 - INFO - Browser session closed
2025-06-12 07:53:39 - INFO - SQLite database connection closed
2025-06-12 08:24:54 - INFO - Logging initialized. Log file: pb2b/logs/bybit_scraper_20250612.log
2025-06-12 08:24:56 - INFO - DataSaver logging initialized. Log file: pb2b/logs/data_saver_20250612.log
2025-06-12 08:24:56 - INFO - Connected to SQLite database: pb2b/p2p_listings.db
2025-06-12 08:24:56 - INFO - Database tables created successfully
2025-06-12 08:24:56 - INFO - Attempt 1/10: Loading https://www.bybit.com/fiat/trade/otc?actionType=1&token=USDT&fiat=NGN
2025-06-12 08:26:56 - ERROR - Unexpected error: HTTPConnectionPool(host='localhost', port=60307): Read timed out. (read timeout=120)
2025-06-12 08:26:56 - INFO - Fetching BUY listings for USDT/EUR
2025-06-12 08:26:57 - INFO - Data successfully saved to SQLite database. New listings - Bybit: 0, Binance: 6
2025-06-12 08:27:11 - INFO - Browser session closed
2025-06-12 08:27:11 - INFO - SQLite database connection closed
2025-06-12 08:51:47 - INFO - Logging initialized. Log file: pb2b/logs/bybit_scraper_20250612.log
2025-06-12 08:51:48 - INFO - DataSaver logging initialized. Log file: pb2b/logs/data_saver_20250612.log
2025-06-12 08:51:48 - INFO - Connected to SQLite database: pb2b/p2p_listings.db
2025-06-12 08:51:48 - INFO - Database tables created successfully
2025-06-12 08:51:48 - INFO - Attempt 1/10: Loading https://www.bybit.com/fiat/trade/otc?actionType=1&token=USDT&fiat=NGN
2025-06-12 08:51:58 - INFO - Screenshot saved as 'pb2b/screenshots/bybit_page_20250612_085158.png'
2025-06-12 08:51:59 - INFO - Fetching BUY listings for USDT/EUR
2025-06-12 08:51:59 - INFO - Data successfully saved to SQLite database. New listings - Bybit: 4, Binance: 6
2025-06-12 08:51:59 - INFO - Browser session closed
2025-06-12 08:51:59 - INFO - SQLite database connection closed
2025-06-12 09:16:20 - INFO - Logging initialized. Log file: pb2b/logs/bybit_scraper_20250612.log
2025-06-12 09:16:21 - INFO - DataSaver logging initialized. Log file: pb2b/logs/data_saver_20250612.log
2025-06-12 09:16:21 - INFO - Connected to SQLite database: pb2b/p2p_listings.db
2025-06-12 09:16:21 - INFO - Database tables created successfully
2025-06-12 09:16:21 - INFO - Attempt 1/10: Loading https://www.bybit.com/fiat/trade/otc?actionType=1&token=USDT&fiat=NGN
2025-06-12 09:16:30 - INFO - Screenshot saved as 'pb2b/screenshots/bybit_page_20250612_091630.png'
2025-06-12 09:16:31 - INFO - Fetching BUY listings for USDT/EUR
2025-06-12 09:16:32 - INFO - Data successfully saved to SQLite database. New listings - Bybit: 4, Binance: 6
2025-06-12 09:16:32 - INFO - Browser session closed
2025-06-12 09:16:32 - INFO - SQLite database connection closed
2025-06-12 09:40:24 - INFO - Logging initialized. Log file: pb2b/logs/bybit_scraper_20250612.log
2025-06-12 09:40:24 - INFO - DataSaver logging initialized. Log file: pb2b/logs/data_saver_20250612.log
2025-06-12 09:40:24 - INFO - Connected to SQLite database: pb2b/p2p_listings.db
2025-06-12 09:40:24 - INFO - Database tables created successfully
2025-06-12 09:40:24 - INFO - Attempt 1/10: Loading https://www.bybit.com/fiat/trade/otc?actionType=1&token=USDT&fiat=NGN
2025-06-12 09:40:34 - INFO - Screenshot saved as 'pb2b/screenshots/bybit_page_20250612_094034.png'
2025-06-12 09:40:34 - INFO - Fetching BUY listings for USDT/EUR
2025-06-12 09:40:35 - INFO - Data successfully saved to SQLite database. New listings - Bybit: 4, Binance: 6
2025-06-12 09:40:35 - INFO - Browser session closed
2025-06-12 09:40:35 - INFO - SQLite database connection closed
2025-06-12 09:54:01 - INFO - Logging initialized. Log file: pb2b/logs/bybit_scraper_20250612.log
2025-06-12 09:54:01 - INFO - DataSaver logging initialized. Log file: pb2b/logs/data_saver_20250612.log
2025-06-12 09:54:01 - INFO - Connected to SQLite database: pb2b/p2p_listings.db
2025-06-12 09:54:01 - INFO - Database tables created successfully
2025-06-12 09:54:01 - INFO - Attempt 1/10: Loading https://www.bybit.com/fiat/trade/otc?actionType=1&token=USDT&fiat=NGN
2025-06-12 09:54:15 - INFO - Screenshot saved as 'pb2b/screenshots/bybit_page_20250612_095415.png'
2025-06-12 09:54:16 - INFO - Fetching BUY listings for USDT/EUR
2025-06-12 09:54:16 - INFO - Data successfully saved to SQLite database. New listings - Bybit: 4, Binance: 6
2025-06-12 09:54:16 - INFO - Browser session closed
2025-06-12 09:54:16 - INFO - SQLite database connection closed
2025-06-12 10:21:59 - INFO - Logging initialized. Log file: pb2b/logs/bybit_scraper_20250612.log
2025-06-12 10:22:00 - INFO - DataSaver logging initialized. Log file: pb2b/logs/data_saver_20250612.log
2025-06-12 10:22:00 - INFO - Connected to SQLite database: pb2b/p2p_listings.db
2025-06-12 10:22:00 - INFO - Database tables created successfully
2025-06-12 10:22:00 - INFO - Attempt 1/10: Loading https://www.bybit.com/fiat/trade/otc?actionType=1&token=USDT&fiat=NGN
2025-06-12 10:22:10 - INFO - Screenshot saved as 'pb2b/screenshots/bybit_page_20250612_102210.png'
2025-06-12 10:22:10 - INFO - Fetching BUY listings for USDT/EUR
2025-06-12 10:22:11 - INFO - Data successfully saved to SQLite database. New listings - Bybit: 4, Binance: 6
2025-06-12 10:22:11 - INFO - Browser session closed
2025-06-12 10:22:11 - INFO - SQLite database connection closed
2025-06-12 10:46:32 - INFO - Logging initialized. Log file: pb2b/logs/bybit_scraper_20250612.log
2025-06-12 10:46:33 - INFO - DataSaver logging initialized. Log file: pb2b/logs/data_saver_20250612.log
2025-06-12 10:46:33 - INFO - Connected to SQLite database: pb2b/p2p_listings.db
2025-06-12 10:46:33 - INFO - Database tables created successfully
2025-06-12 10:46:33 - INFO - Attempt 1/10: Loading https://www.bybit.com/fiat/trade/otc?actionType=1&token=USDT&fiat=NGN
2025-06-12 10:46:42 - INFO - Screenshot saved as 'pb2b/screenshots/bybit_page_20250612_104642.png'
2025-06-12 10:46:43 - INFO - Fetching BUY listings for USDT/EUR
2025-06-12 10:46:43 - INFO - Data successfully saved to SQLite database. New listings - Bybit: 4, Binance: 6
2025-06-12 10:46:43 - INFO - Browser session closed
2025-06-12 10:46:43 - INFO - SQLite database connection closed
2025-06-12 10:59:53 - INFO - Logging initialized. Log file: pb2b/logs/bybit_scraper_20250612.log
2025-06-12 10:59:53 - INFO - DataSaver logging initialized. Log file: pb2b/logs/data_saver_20250612.log
2025-06-12 10:59:53 - INFO - Connected to SQLite database: pb2b/p2p_listings.db
2025-06-12 10:59:53 - INFO - Database tables created successfully
2025-06-12 10:59:53 - INFO - Attempt 1/10: Loading https://www.bybit.com/fiat/trade/otc?actionType=1&token=USDT&fiat=NGN
2025-06-12 11:00:03 - INFO - Screenshot saved as 'pb2b/screenshots/bybit_page_20250612_110003.png'
2025-06-12 11:00:04 - INFO - Fetching BUY listings for USDT/EUR
2025-06-12 11:00:05 - INFO - Data successfully saved to SQLite database. New listings - Bybit: 4, Binance: 6
2025-06-12 11:00:05 - INFO - Browser session closed
2025-06-12 11:00:05 - INFO - SQLite database connection closed
2025-06-12 11:26:12 - INFO - Logging initialized. Log file: pb2b/logs/bybit_scraper_20250612.log
2025-06-12 11:26:13 - INFO - DataSaver logging initialized. Log file: pb2b/logs/data_saver_20250612.log
2025-06-12 11:26:13 - INFO - Connected to SQLite database: pb2b/p2p_listings.db
2025-06-12 11:26:13 - INFO - Database tables created successfully
2025-06-12 11:26:13 - INFO - Attempt 1/10: Loading https://www.bybit.com/fiat/trade/otc?actionType=1&token=USDT&fiat=NGN
2025-06-12 11:26:20 - INFO - Screenshot saved as 'pb2b/screenshots/bybit_page_20250612_112620.png'
2025-06-12 11:26:20 - INFO - Fetching BUY listings for USDT/EUR
2025-06-12 11:26:21 - INFO - Data successfully saved to SQLite database. New listings - Bybit: 0, Binance: 6
2025-06-12 11:26:22 - INFO - Browser session closed
2025-06-12 11:26:22 - INFO - SQLite database connection closed
2025-06-12 11:43:21 - INFO - Logging initialized. Log file: pb2b/logs/bybit_scraper_20250612.log
2025-06-12 11:43:21 - INFO - DataSaver logging initialized. Log file: pb2b/logs/data_saver_20250612.log
2025-06-12 11:43:21 - INFO - Connected to SQLite database: pb2b/p2p_listings.db
2025-06-12 11:43:21 - INFO - Database tables created successfully
2025-06-12 11:43:21 - INFO - Attempt 1/10: Loading https://www.bybit.com/fiat/trade/otc?actionType=1&token=USDT&fiat=NGN
2025-06-12 11:45:08 - INFO - Screenshot saved as 'pb2b/screenshots/bybit_page_20250612_114508.png'
2025-06-12 11:45:09 - INFO - Fetching BUY listings for USDT/EUR
2025-06-12 11:45:09 - INFO - Data successfully saved to SQLite database. New listings - Bybit: 4, Binance: 6
2025-06-12 11:45:09 - INFO - Browser session closed
2025-06-12 11:45:09 - INFO - SQLite database connection closed
2025-06-12 11:55:55 - INFO - Logging initialized. Log file: pb2b/logs/bybit_scraper_20250612.log
2025-06-12 11:55:55 - INFO - DataSaver logging initialized. Log file: pb2b/logs/data_saver_20250612.log
2025-06-12 11:55:55 - INFO - Connected to SQLite database: pb2b/p2p_listings.db
2025-06-12 11:55:55 - INFO - Database tables created successfully
2025-06-12 11:55:55 - INFO - Attempt 1/10: Loading https://www.bybit.com/fiat/trade/otc?actionType=1&token=USDT&fiat=NGN
2025-06-12 11:57:34 - INFO - Screenshot saved as 'pb2b/screenshots/bybit_page_20250612_115734.png'
2025-06-12 11:57:34 - INFO - Fetching BUY listings for USDT/EUR
2025-06-12 11:57:35 - INFO - Data successfully saved to SQLite database. New listings - Bybit: 4, Binance: 6
2025-06-12 11:57:35 - INFO - Browser session closed
2025-06-12 11:57:35 - INFO - SQLite database connection closed
2025-06-12 12:49:44 - INFO - Logging initialized. Log file: pb2b/logs/bybit_scraper_20250612.log
2025-06-12 12:49:45 - INFO - DataSaver logging initialized. Log file: pb2b/logs/data_saver_20250612.log
2025-06-12 12:49:45 - INFO - Connected to SQLite database: pb2b/p2p_listings.db
2025-06-12 12:49:45 - INFO - Database tables created successfully
2025-06-12 12:49:45 - INFO - Attempt 1/10: Loading https://www.bybit.com/fiat/trade/otc?actionType=1&token=USDT&fiat=NGN
2025-06-12 12:49:54 - INFO - Screenshot saved as 'pb2b/screenshots/bybit_page_20250612_124954.png'
2025-06-12 12:49:54 - INFO - Fetching BUY listings for USDT/EUR
2025-06-12 12:49:55 - INFO - Data successfully saved to SQLite database. New listings - Bybit: 4, Binance: 6
2025-06-12 12:49:55 - INFO - Browser session closed
2025-06-12 12:49:55 - INFO - SQLite database connection closed
2025-06-12 13:31:02 - INFO - Logging initialized. Log file: pb2b/logs/bybit_scraper_20250612.log
2025-06-12 13:31:02 - INFO - DataSaver logging initialized. Log file: pb2b/logs/data_saver_20250612.log
2025-06-12 13:31:02 - INFO - Connected to SQLite database: pb2b/p2p_listings.db
2025-06-12 13:31:02 - INFO - Database tables created successfully
2025-06-12 13:31:02 - INFO - Attempt 1/10: Loading https://www.bybit.com/fiat/trade/otc?actionType=1&token=USDT&fiat=NGN
2025-06-12 13:31:13 - INFO - Screenshot saved as 'pb2b/screenshots/bybit_page_20250612_133113.png'
2025-06-12 13:31:13 - INFO - Fetching BUY listings for USDT/EUR
2025-06-12 13:31:14 - INFO - Data successfully saved to SQLite database. New listings - Bybit: 4, Binance: 6
2025-06-12 13:31:14 - INFO - Browser session closed
2025-06-12 13:31:14 - INFO - SQLite database connection closed
2025-06-12 13:53:42 - INFO - Logging initialized. Log file: pb2b/logs/bybit_scraper_20250612.log
2025-06-12 13:53:44 - INFO - DataSaver logging initialized. Log file: pb2b/logs/data_saver_20250612.log
2025-06-12 13:53:44 - INFO - Connected to SQLite database: pb2b/p2p_listings.db
2025-06-12 13:53:44 - INFO - Database tables created successfully
2025-06-12 13:53:44 - INFO - Attempt 1/10: Loading https://www.bybit.com/fiat/trade/otc?actionType=1&token=USDT&fiat=NGN
2025-06-12 13:53:53 - INFO - Screenshot saved as 'pb2b/screenshots/bybit_page_20250612_135353.png'
2025-06-12 13:53:53 - INFO - Fetching BUY listings for USDT/EUR
2025-06-12 13:53:54 - INFO - Data successfully saved to SQLite database. New listings - Bybit: 4, Binance: 6
2025-06-12 13:53:54 - INFO - Browser session closed
2025-06-12 13:53:54 - INFO - SQLite database connection closed
2025-06-12 14:18:51 - INFO - Logging initialized. Log file: pb2b/logs/bybit_scraper_20250612.log
2025-06-12 14:18:53 - INFO - DataSaver logging initialized. Log file: pb2b/logs/data_saver_20250612.log
2025-06-12 14:18:53 - INFO - Connected to SQLite database: pb2b/p2p_listings.db
2025-06-12 14:18:53 - INFO - Database tables created successfully
2025-06-12 14:18:53 - INFO - Attempt 1/10: Loading https://www.bybit.com/fiat/trade/otc?actionType=1&token=USDT&fiat=NGN
2025-06-12 14:20:53 - ERROR - Unexpected error: HTTPConnectionPool(host='localhost', port=42175): Read timed out. (read timeout=120)
2025-06-12 14:20:53 - INFO - Fetching BUY listings for USDT/EUR
2025-06-12 14:20:54 - INFO - Data successfully saved to SQLite database. New listings - Bybit: 0, Binance: 6
2025-06-12 14:22:54 - WARNING - Retrying (Retry(total=2, connect=None, read=None, redirect=None, status=None)) after connection broken by 'ReadTimeoutError("HTTPConnectionPool(host='localhost', port=42175): Read timed out. (read timeout=120)")': /session/03a0ab9ae7437ed4c604bada6d748f2f
2025-06-12 14:23:53 - INFO - Browser session closed
2025-06-12 14:23:53 - INFO - SQLite database connection closed
2025-06-12 14:44:58 - INFO - Logging initialized. Log file: pb2b/logs/bybit_scraper_20250612.log
2025-06-12 14:45:00 - INFO - DataSaver logging initialized. Log file: pb2b/logs/data_saver_20250612.log
2025-06-12 14:45:00 - INFO - Connected to SQLite database: pb2b/p2p_listings.db
2025-06-12 14:45:00 - INFO - Database tables created successfully
2025-06-12 14:45:00 - INFO - Attempt 1/10: Loading https://www.bybit.com/fiat/trade/otc?actionType=1&token=USDT&fiat=NGN
2025-06-12 14:45:10 - INFO - Screenshot saved as 'pb2b/screenshots/bybit_page_20250612_144510.png'
2025-06-12 14:45:10 - INFO - Fetching BUY listings for USDT/EUR
2025-06-12 14:45:11 - INFO - Data successfully saved to SQLite database. New listings - Bybit: 4, Binance: 6
2025-06-12 14:45:11 - INFO - Browser session closed
2025-06-12 14:45:11 - INFO - SQLite database connection closed
2025-06-12 14:57:38 - INFO - Logging initialized. Log file: pb2b/logs/bybit_scraper_20250612.log
2025-06-12 14:57:39 - INFO - DataSaver logging initialized. Log file: pb2b/logs/data_saver_20250612.log
2025-06-12 14:57:39 - INFO - Connected to SQLite database: pb2b/p2p_listings.db
2025-06-12 14:57:39 - INFO - Database tables created successfully
2025-06-12 14:57:39 - INFO - Attempt 1/10: Loading https://www.bybit.com/fiat/trade/otc?actionType=1&token=USDT&fiat=NGN
2025-06-12 14:57:48 - INFO - Screenshot saved as 'pb2b/screenshots/bybit_page_20250612_145747.png'
2025-06-12 14:57:48 - INFO - Fetching BUY listings for USDT/EUR
2025-06-12 14:57:49 - INFO - Data successfully saved to SQLite database. New listings - Bybit: 4, Binance: 6
2025-06-12 14:57:49 - INFO - Browser session closed
2025-06-12 14:57:49 - INFO - SQLite database connection closed
2025-06-12 15:31:12 - INFO - Logging initialized. Log file: pb2b/logs/bybit_scraper_20250612.log
2025-06-12 15:31:13 - INFO - DataSaver logging initialized. Log file: pb2b/logs/data_saver_20250612.log
2025-06-12 15:31:13 - INFO - Connected to SQLite database: pb2b/p2p_listings.db
2025-06-12 15:31:13 - INFO - Database tables created successfully
2025-06-12 15:31:13 - INFO - Attempt 1/10: Loading https://www.bybit.com/fiat/trade/otc?actionType=1&token=USDT&fiat=NGN
2025-06-12 15:31:22 - INFO - Screenshot saved as 'pb2b/screenshots/bybit_page_20250612_153121.png'
2025-06-12 15:31:22 - INFO - Fetching BUY listings for USDT/EUR
2025-06-12 15:31:23 - INFO - Data successfully saved to SQLite database. New listings - Bybit: 4, Binance: 6
2025-06-12 15:31:23 - INFO - Browser session closed
2025-06-12 15:31:23 - INFO - SQLite database connection closed
2025-06-12 15:50:36 - INFO - Logging initialized. Log file: pb2b/logs/bybit_scraper_20250612.log
2025-06-12 15:50:37 - INFO - DataSaver logging initialized. Log file: pb2b/logs/data_saver_20250612.log
2025-06-12 15:50:37 - INFO - Connected to SQLite database: pb2b/p2p_listings.db
2025-06-12 15:50:37 - INFO - Database tables created successfully
2025-06-12 15:50:37 - INFO - Attempt 1/10: Loading https://www.bybit.com/fiat/trade/otc?actionType=1&token=USDT&fiat=NGN
2025-06-12 15:52:37 - ERROR - Unexpected error: HTTPConnectionPool(host='localhost', port=43607): Read timed out. (read timeout=120)
2025-06-12 15:52:37 - INFO - Fetching BUY listings for USDT/EUR
2025-06-12 15:52:38 - INFO - Data successfully saved to SQLite database. New listings - Bybit: 0, Binance: 6
2025-06-12 15:54:38 - WARNING - Retrying (Retry(total=2, connect=None, read=None, redirect=None, status=None)) after connection broken by 'ReadTimeoutError("HTTPConnectionPool(host='localhost', port=43607): Read timed out. (read timeout=120)")': /session/ba75b44fa7c4504d7a2c24f49f3bf509
2025-06-12 15:55:37 - INFO - Browser session closed
2025-06-12 15:55:37 - INFO - SQLite database connection closed
2025-06-12 16:13:19 - INFO - Logging initialized. Log file: pb2b/logs/bybit_scraper_20250612.log
2025-06-12 16:13:19 - INFO - DataSaver logging initialized. Log file: pb2b/logs/data_saver_20250612.log
2025-06-12 16:13:19 - INFO - Connected to SQLite database: pb2b/p2p_listings.db
2025-06-12 16:13:19 - INFO - Database tables created successfully
2025-06-12 16:13:19 - INFO - Attempt 1/10: Loading https://www.bybit.com/fiat/trade/otc?actionType=1&token=USDT&fiat=NGN
2025-06-12 16:15:19 - ERROR - Unexpected error: HTTPConnectionPool(host='localhost', port=35379): Read timed out. (read timeout=120)
2025-06-12 16:15:19 - INFO - Fetching BUY listings for USDT/EUR
2025-06-12 16:15:20 - INFO - Data successfully saved to SQLite database. New listings - Bybit: 0, Binance: 6
2025-06-12 16:17:20 - WARNING - Retrying (Retry(total=2, connect=None, read=None, redirect=None, status=None)) after connection broken by 'ReadTimeoutError("HTTPConnectionPool(host='localhost', port=35379): Read timed out. (read timeout=120)")': /session/b4b6b9be947da4b7acf8ebec079a73eb
2025-06-12 16:18:19 - INFO - Browser session closed
2025-06-12 16:18:19 - INFO - SQLite database connection closed
2025-06-12 16:46:08 - INFO - Logging initialized. Log file: pb2b/logs/bybit_scraper_20250612.log
2025-06-12 16:46:10 - INFO - DataSaver logging initialized. Log file: pb2b/logs/data_saver_20250612.log
2025-06-12 16:46:10 - INFO - Connected to SQLite database: pb2b/p2p_listings.db
2025-06-12 16:46:10 - INFO - Database tables created successfully
2025-06-12 16:46:10 - INFO - Attempt 1/10: Loading https://www.bybit.com/fiat/trade/otc?actionType=1&token=USDT&fiat=NGN
2025-06-12 16:46:22 - INFO - Screenshot saved as 'pb2b/screenshots/bybit_page_20250612_164622.png'
2025-06-12 16:46:22 - INFO - Fetching BUY listings for USDT/EUR
2025-06-12 16:46:23 - INFO - Data successfully saved to SQLite database. New listings - Bybit: 4, Binance: 6
2025-06-12 16:46:23 - INFO - Browser session closed
2025-06-12 16:46:23 - INFO - SQLite database connection closed
2025-06-12 17:02:05 - INFO - Logging initialized. Log file: pb2b/logs/bybit_scraper_20250612.log
2025-06-12 17:02:06 - INFO - DataSaver logging initialized. Log file: pb2b/logs/data_saver_20250612.log
2025-06-12 17:02:06 - INFO - Connected to SQLite database: pb2b/p2p_listings.db
2025-06-12 17:02:06 - INFO - Database tables created successfully
2025-06-12 17:02:06 - INFO - Attempt 1/10: Loading https://www.bybit.com/fiat/trade/otc?actionType=1&token=USDT&fiat=NGN
2025-06-12 17:04:06 - ERROR - Unexpected error: HTTPConnectionPool(host='localhost', port=40275): Read timed out. (read timeout=120)
2025-06-12 17:04:06 - INFO - Fetching BUY listings for USDT/EUR
2025-06-12 17:04:06 - INFO - Data successfully saved to SQLite database. New listings - Bybit: 0, Binance: 6
2025-06-12 17:04:06 - INFO - Browser session closed
2025-06-12 17:04:06 - INFO - SQLite database connection closed
2025-06-12 17:32:09 - INFO - Logging initialized. Log file: pb2b/logs/bybit_scraper_20250612.log
2025-06-12 17:32:10 - INFO - DataSaver logging initialized. Log file: pb2b/logs/data_saver_20250612.log
2025-06-12 17:32:10 - INFO - Connected to SQLite database: pb2b/p2p_listings.db
2025-06-12 17:32:10 - INFO - Database tables created successfully
2025-06-12 17:32:10 - INFO - Attempt 1/10: Loading https://www.bybit.com/fiat/trade/otc?actionType=1&token=USDT&fiat=NGN
2025-06-12 17:32:18 - INFO - Screenshot saved as 'pb2b/screenshots/bybit_page_20250612_173218.png'
2025-06-12 17:32:18 - INFO - Fetching BUY listings for USDT/EUR
2025-06-12 17:32:20 - INFO - Data successfully saved to SQLite database. New listings - Bybit: 4, Binance: 6
2025-06-12 17:32:20 - INFO - Browser session closed
2025-06-12 17:32:20 - INFO - SQLite database connection closed
2025-06-12 17:48:47 - INFO - Logging initialized. Log file: pb2b/logs/bybit_scraper_20250612.log
2025-06-12 17:48:48 - INFO - DataSaver logging initialized. Log file: pb2b/logs/data_saver_20250612.log
2025-06-12 17:48:48 - INFO - Connected to SQLite database: pb2b/p2p_listings.db
2025-06-12 17:48:48 - INFO - Database tables created successfully
2025-06-12 17:48:48 - INFO - Attempt 1/10: Loading https://www.bybit.com/fiat/trade/otc?actionType=1&token=USDT&fiat=NGN
2025-06-12 17:50:48 - ERROR - Unexpected error: HTTPConnectionPool(host='localhost', port=46765): Read timed out. (read timeout=120)
2025-06-12 17:50:48 - INFO - Fetching BUY listings for USDT/EUR
2025-06-12 17:50:50 - INFO - Data successfully saved to SQLite database. New listings - Bybit: 0, Binance: 6
2025-06-12 17:52:50 - WARNING - Retrying (Retry(total=2, connect=None, read=None, redirect=None, status=None)) after connection broken by 'ReadTimeoutError("HTTPConnectionPool(host='localhost', port=46765): Read timed out. (read timeout=120)")': /session/48f26bbd365935a43ffa28ca0ab9af2f
2025-06-12 17:53:48 - INFO - Browser session closed
2025-06-12 17:53:48 - INFO - SQLite database connection closed
2025-06-12 18:02:39 - INFO - Logging initialized. Log file: pb2b/logs/bybit_scraper_20250612.log
2025-06-12 18:02:41 - INFO - DataSaver logging initialized. Log file: pb2b/logs/data_saver_20250612.log
2025-06-12 18:02:41 - INFO - Connected to SQLite database: pb2b/p2p_listings.db
2025-06-12 18:02:41 - INFO - Database tables created successfully
2025-06-12 18:02:41 - INFO - Attempt 1/10: Loading https://www.bybit.com/fiat/trade/otc?actionType=1&token=USDT&fiat=NGN
2025-06-12 18:04:41 - ERROR - Unexpected error: HTTPConnectionPool(host='localhost', port=46681): Read timed out. (read timeout=120)
2025-06-12 18:04:41 - INFO - Fetching BUY listings for USDT/EUR
2025-06-12 18:04:42 - INFO - Data successfully saved to SQLite database. New listings - Bybit: 0, Binance: 6
2025-06-12 18:06:42 - WARNING - Retrying (Retry(total=2, connect=None, read=None, redirect=None, status=None)) after connection broken by 'ReadTimeoutError("HTTPConnectionPool(host='localhost', port=46681): Read timed out. (read timeout=120)")': /session/bd1910204d90e6fdf831710eaabe973d
2025-06-12 18:07:42 - INFO - Browser session closed
2025-06-12 18:07:42 - INFO - SQLite database connection closed
2025-06-12 18:41:13 - INFO - Logging initialized. Log file: pb2b/logs/bybit_scraper_20250612.log
2025-06-12 18:41:14 - INFO - DataSaver logging initialized. Log file: pb2b/logs/data_saver_20250612.log
2025-06-12 18:41:14 - INFO - Connected to SQLite database: pb2b/p2p_listings.db
2025-06-12 18:41:14 - INFO - Database tables created successfully
2025-06-12 18:41:14 - INFO - Attempt 1/10: Loading https://www.bybit.com/fiat/trade/otc?actionType=1&token=USDT&fiat=NGN
2025-06-12 18:41:25 - INFO - Screenshot saved as 'pb2b/screenshots/bybit_page_20250612_184125.png'
2025-06-12 18:41:25 - INFO - Fetching BUY listings for USDT/EUR
2025-06-12 18:41:26 - INFO - Data successfully saved to SQLite database. New listings - Bybit: 4, Binance: 6
2025-06-12 18:41:26 - INFO - Browser session closed
2025-06-12 18:41:26 - INFO - SQLite database connection closed
2025-06-12 19:00:11 - INFO - Logging initialized. Log file: pb2b/logs/bybit_scraper_20250612.log
2025-06-12 19:00:12 - INFO - DataSaver logging initialized. Log file: pb2b/logs/data_saver_20250612.log
2025-06-12 19:00:12 - INFO - Connected to SQLite database: pb2b/p2p_listings.db
2025-06-12 19:00:12 - INFO - Database tables created successfully
2025-06-12 19:00:12 - INFO - Attempt 1/10: Loading https://www.bybit.com/fiat/trade/otc?actionType=1&token=USDT&fiat=NGN
2025-06-12 19:00:21 - INFO - Screenshot saved as 'pb2b/screenshots/bybit_page_20250612_190021.png'
2025-06-12 19:00:21 - INFO - Fetching BUY listings for USDT/EUR
2025-06-12 19:00:22 - INFO - Data successfully saved to SQLite database. New listings - Bybit: 4, Binance: 6
2025-06-12 19:00:22 - INFO - Browser session closed
2025-06-12 19:00:22 - INFO - SQLite database connection closed
2025-06-12 19:23:11 - INFO - Logging initialized. Log file: pb2b/logs/bybit_scraper_20250612.log
2025-06-12 19:23:13 - INFO - DataSaver logging initialized. Log file: pb2b/logs/data_saver_20250612.log
2025-06-12 19:23:13 - INFO - Connected to SQLite database: pb2b/p2p_listings.db
2025-06-12 19:23:13 - INFO - Database tables created successfully
2025-06-12 19:23:13 - INFO - Attempt 1/10: Loading https://www.bybit.com/fiat/trade/otc?actionType=1&token=USDT&fiat=NGN
2025-06-12 19:23:34 - INFO - Screenshot saved as 'pb2b/screenshots/bybit_page_20250612_192334.png'
2025-06-12 19:23:35 - INFO - Fetching BUY listings for USDT/EUR
2025-06-12 19:23:35 - INFO - Data successfully saved to SQLite database. New listings - Bybit: 4, Binance: 6
2025-06-12 19:23:35 - INFO - Browser session closed
2025-06-12 19:23:35 - INFO - SQLite database connection closed
2025-06-12 19:38:58 - INFO - Logging initialized. Log file: pb2b/logs/bybit_scraper_20250612.log
2025-06-12 19:38:59 - INFO - DataSaver logging initialized. Log file: pb2b/logs/data_saver_20250612.log
2025-06-12 19:38:59 - INFO - Connected to SQLite database: pb2b/p2p_listings.db
2025-06-12 19:38:59 - INFO - Database tables created successfully
2025-06-12 19:38:59 - INFO - Attempt 1/10: Loading https://www.bybit.com/fiat/trade/otc?actionType=1&token=USDT&fiat=NGN
2025-06-12 19:40:18 - INFO - Screenshot saved as 'pb2b/screenshots/bybit_page_20250612_194017.png'
2025-06-12 19:40:18 - INFO - Fetching BUY listings for USDT/EUR
2025-06-12 19:40:19 - INFO - Data successfully saved to SQLite database. New listings - Bybit: 4, Binance: 6
2025-06-12 19:40:19 - INFO - Browser session closed
2025-06-12 19:40:19 - INFO - SQLite database connection closed
2025-06-12 19:51:21 - INFO - Logging initialized. Log file: pb2b/logs/bybit_scraper_20250612.log
2025-06-12 19:51:22 - INFO - DataSaver logging initialized. Log file: pb2b/logs/data_saver_20250612.log
2025-06-12 19:51:22 - INFO - Connected to SQLite database: pb2b/p2p_listings.db
2025-06-12 19:51:22 - INFO - Database tables created successfully
2025-06-12 19:51:22 - INFO - Attempt 1/10: Loading https://www.bybit.com/fiat/trade/otc?actionType=1&token=USDT&fiat=NGN
2025-06-12 19:51:31 - INFO - Screenshot saved as 'pb2b/screenshots/bybit_page_20250612_195130.png'
2025-06-12 19:51:31 - INFO - Fetching BUY listings for USDT/EUR
2025-06-12 19:51:32 - INFO - Data successfully saved to SQLite database. New listings - Bybit: 4, Binance: 6
2025-06-12 19:51:32 - INFO - Browser session closed
2025-06-12 19:51:32 - INFO - SQLite database connection closed
2025-06-12 20:15:52 - INFO - Logging initialized. Log file: pb2b/logs/bybit_scraper_20250612.log
2025-06-12 20:15:52 - INFO - DataSaver logging initialized. Log file: pb2b/logs/data_saver_20250612.log
2025-06-12 20:15:52 - INFO - Connected to SQLite database: pb2b/p2p_listings.db
2025-06-12 20:15:52 - INFO - Database tables created successfully
2025-06-12 20:15:52 - INFO - Attempt 1/10: Loading https://www.bybit.com/fiat/trade/otc?actionType=1&token=USDT&fiat=NGN
2025-06-12 20:16:02 - INFO - Screenshot saved as 'pb2b/screenshots/bybit_page_20250612_201602.png'
2025-06-12 20:16:02 - INFO - Fetching BUY listings for USDT/EUR
2025-06-12 20:16:03 - INFO - Data successfully saved to SQLite database. New listings - Bybit: 4, Binance: 6
2025-06-12 20:16:03 - INFO - Browser session closed
2025-06-12 20:16:03 - INFO - SQLite database connection closed
2025-06-12 20:40:17 - INFO - Logging initialized. Log file: pb2b/logs/bybit_scraper_20250612.log
2025-06-12 20:40:18 - INFO - DataSaver logging initialized. Log file: pb2b/logs/data_saver_20250612.log
2025-06-12 20:40:18 - INFO - Connected to SQLite database: pb2b/p2p_listings.db
2025-06-12 20:40:18 - INFO - Database tables created successfully
2025-06-12 20:40:18 - INFO - Attempt 1/10: Loading https://www.bybit.com/fiat/trade/otc?actionType=1&token=USDT&fiat=NGN
2025-06-12 20:40:27 - INFO - Screenshot saved as 'pb2b/screenshots/bybit_page_20250612_204027.png'
2025-06-12 20:40:27 - INFO - Fetching BUY listings for USDT/EUR
2025-06-12 20:40:28 - INFO - Data successfully saved to SQLite database. New listings - Bybit: 4, Binance: 6
2025-06-12 20:40:28 - INFO - Browser session closed
2025-06-12 20:40:28 - INFO - SQLite database connection closed
2025-06-12 20:54:45 - INFO - Logging initialized. Log file: pb2b/logs/bybit_scraper_20250612.log
2025-06-12 20:54:47 - INFO - DataSaver logging initialized. Log file: pb2b/logs/data_saver_20250612.log
2025-06-12 20:54:47 - INFO - Connected to SQLite database: pb2b/p2p_listings.db
2025-06-12 20:54:47 - INFO - Database tables created successfully
2025-06-12 20:54:47 - INFO - Attempt 1/10: Loading https://www.bybit.com/fiat/trade/otc?actionType=1&token=USDT&fiat=NGN
2025-06-12 20:54:59 - INFO - Screenshot saved as 'pb2b/screenshots/bybit_page_20250612_205459.png'
2025-06-12 20:55:00 - INFO - Fetching BUY listings for USDT/EUR
2025-06-12 20:55:00 - INFO - Data successfully saved to SQLite database. New listings - Bybit: 4, Binance: 6
2025-06-12 20:55:00 - INFO - Browser session closed
2025-06-12 20:55:00 - INFO - SQLite database connection closed
2025-06-12 21:21:03 - INFO - Logging initialized. Log file: pb2b/logs/bybit_scraper_20250612.log
2025-06-12 21:21:04 - INFO - DataSaver logging initialized. Log file: pb2b/logs/data_saver_20250612.log
2025-06-12 21:21:04 - INFO - Connected to SQLite database: pb2b/p2p_listings.db
2025-06-12 21:21:04 - INFO - Database tables created successfully
2025-06-12 21:21:04 - INFO - Attempt 1/10: Loading https://www.bybit.com/fiat/trade/otc?actionType=1&token=USDT&fiat=NGN
2025-06-12 21:21:12 - INFO - Screenshot saved as 'pb2b/screenshots/bybit_page_20250612_212112.png'
2025-06-12 21:21:13 - INFO - Fetching BUY listings for USDT/EUR
2025-06-12 21:21:14 - INFO - Data successfully saved to SQLite database. New listings - Bybit: 4, Binance: 6
2025-06-12 21:21:14 - INFO - Browser session closed
2025-06-12 21:21:14 - INFO - SQLite database connection closed
2025-06-12 21:37:38 - INFO - Logging initialized. Log file: pb2b/logs/bybit_scraper_20250612.log
2025-06-12 21:37:40 - INFO - DataSaver logging initialized. Log file: pb2b/logs/data_saver_20250612.log
2025-06-12 21:37:40 - INFO - Connected to SQLite database: pb2b/p2p_listings.db
2025-06-12 21:37:40 - INFO - Database tables created successfully
2025-06-12 21:37:40 - INFO - Attempt 1/10: Loading https://www.bybit.com/fiat/trade/otc?actionType=1&token=USDT&fiat=NGN
2025-06-12 21:37:48 - INFO - Screenshot saved as 'pb2b/screenshots/bybit_page_20250612_213748.png'
2025-06-12 21:37:48 - INFO - Fetching BUY listings for USDT/EUR
2025-06-12 21:37:49 - INFO - Data successfully saved to SQLite database. New listings - Bybit: 4, Binance: 6
2025-06-12 21:37:49 - INFO - Browser session closed
2025-06-12 21:37:49 - INFO - SQLite database connection closed
2025-06-12 21:54:01 - INFO - Logging initialized. Log file: pb2b/logs/bybit_scraper_20250612.log
2025-06-12 21:54:01 - INFO - DataSaver logging initialized. Log file: pb2b/logs/data_saver_20250612.log
2025-06-12 21:54:01 - INFO - Connected to SQLite database: pb2b/p2p_listings.db
2025-06-12 21:54:01 - INFO - Database tables created successfully
2025-06-12 21:54:01 - INFO - Attempt 1/10: Loading https://www.bybit.com/fiat/trade/otc?actionType=1&token=USDT&fiat=NGN
2025-06-12 21:54:11 - INFO - Screenshot saved as 'pb2b/screenshots/bybit_page_20250612_215411.png'
2025-06-12 21:54:11 - INFO - Fetching BUY listings for USDT/EUR
2025-06-12 21:54:12 - INFO - Data successfully saved to SQLite database. New listings - Bybit: 4, Binance: 6
2025-06-12 21:54:12 - INFO - Browser session closed
2025-06-12 21:54:12 - INFO - SQLite database connection closed
2025-06-12 22:11:53 - INFO - Logging initialized. Log file: pb2b/logs/bybit_scraper_20250612.log
2025-06-12 22:11:53 - INFO - DataSaver logging initialized. Log file: pb2b/logs/data_saver_20250612.log
2025-06-12 22:11:53 - INFO - Connected to SQLite database: pb2b/p2p_listings.db
2025-06-12 22:11:53 - INFO - Database tables created successfully
2025-06-12 22:11:53 - INFO - Attempt 1/10: Loading https://www.bybit.com/fiat/trade/otc?actionType=1&token=USDT&fiat=NGN
2025-06-12 22:12:05 - INFO - Screenshot saved as 'pb2b/screenshots/bybit_page_20250612_221205.png'
2025-06-12 22:12:05 - INFO - Fetching BUY listings for USDT/EUR
2025-06-12 22:12:06 - INFO - Data successfully saved to SQLite database. New listings - Bybit: 4, Binance: 6
2025-06-12 22:12:06 - INFO - Browser session closed
2025-06-12 22:12:06 - INFO - SQLite database connection closed
2025-06-12 22:36:42 - INFO - Logging initialized. Log file: pb2b/logs/bybit_scraper_20250612.log
2025-06-12 22:36:44 - INFO - DataSaver logging initialized. Log file: pb2b/logs/data_saver_20250612.log
2025-06-12 22:36:44 - INFO - Connected to SQLite database: pb2b/p2p_listings.db
2025-06-12 22:36:44 - INFO - Database tables created successfully
2025-06-12 22:36:44 - INFO - Attempt 1/10: Loading https://www.bybit.com/fiat/trade/otc?actionType=1&token=USDT&fiat=NGN
2025-06-12 22:36:54 - INFO - Screenshot saved as 'pb2b/screenshots/bybit_page_20250612_223654.png'
2025-06-12 22:36:54 - INFO - Fetching BUY listings for USDT/EUR
2025-06-12 22:36:55 - INFO - Data successfully saved to SQLite database. New listings - Bybit: 4, Binance: 6
2025-06-12 22:36:55 - INFO - Browser session closed
2025-06-12 22:36:55 - INFO - SQLite database connection closed
2025-06-12 22:52:31 - INFO - Logging initialized. Log file: pb2b/logs/bybit_scraper_20250612.log
2025-06-12 22:52:33 - INFO - DataSaver logging initialized. Log file: pb2b/logs/data_saver_20250612.log
2025-06-12 22:52:33 - INFO - Connected to SQLite database: pb2b/p2p_listings.db
2025-06-12 22:52:33 - INFO - Database tables created successfully
2025-06-12 22:52:33 - INFO - Attempt 1/10: Loading https://www.bybit.com/fiat/trade/otc?actionType=1&token=USDT&fiat=NGN
2025-06-12 22:52:40 - INFO - Screenshot saved as 'pb2b/screenshots/bybit_page_20250612_225240.png'
2025-06-12 22:52:40 - INFO - Fetching BUY listings for USDT/EUR
2025-06-12 22:52:41 - INFO - Data successfully saved to SQLite database. New listings - Bybit: 4, Binance: 6
2025-06-12 22:52:41 - INFO - Browser session closed
2025-06-12 22:52:41 - INFO - SQLite database connection closed
2025-06-12 23:15:52 - INFO - Logging initialized. Log file: pb2b/logs/bybit_scraper_20250612.log
2025-06-12 23:15:53 - INFO - DataSaver logging initialized. Log file: pb2b/logs/data_saver_20250612.log
2025-06-12 23:15:53 - INFO - Connected to SQLite database: pb2b/p2p_listings.db
2025-06-12 23:15:53 - INFO - Database tables created successfully
2025-06-12 23:15:53 - INFO - Attempt 1/10: Loading https://www.bybit.com/fiat/trade/otc?actionType=1&token=USDT&fiat=NGN
2025-06-12 23:16:02 - INFO - Screenshot saved as 'pb2b/screenshots/bybit_page_20250612_231602.png'
2025-06-12 23:16:03 - INFO - Fetching BUY listings for USDT/EUR
2025-06-12 23:16:04 - INFO - Data successfully saved to SQLite database. New listings - Bybit: 4, Binance: 6
2025-06-12 23:16:04 - INFO - Browser session closed
2025-06-12 23:16:04 - INFO - SQLite database connection closed
