2025-12-17 02:02:27 - INFO - Logging initialized. Log file: pb2b/logs/bybit_scraper_20251217.log
2025-12-17 02:02:28 - INFO - DataSaver logging initialized. Log file: pb2b/logs/data_saver_20251217.log
2025-12-17 02:02:28 - INFO - Connected to SQLite database: pb2b/p2p_listings.db
2025-12-17 02:02:28 - INFO - Database tables created successfully
2025-12-17 02:02:28 - INFO - Attempt 1/10: Loading https://www.bybit.com/fiat/trade/otc?actionType=1&token=USDT&fiat=NGN
2025-12-17 02:02:38 - INFO - Screenshot saved as 'pb2b/screenshots/bybit_page_20251217_020238.png'
2025-12-17 02:02:38 - WARNING - Error parsing row: Message: no such element: Unable to locate element: {"method":"css selector","selector":"td:nth-child(2)"}
  (Session info: chrome=143.0.7499.146); For documentation on this error, please visit: https://www.selenium.dev/documentation/webdriver/troubleshooting/errors#nosuchelementexception
Stacktrace:
#0 0x555875a9616a <unknown>
#1 0x555875513c4b <unknown>
#2 0x555875565318 <unknown>
#3 0x555875565551 <unknown>
#4 0x555875559586 <unknown>
#5 0x555875559477 <unknown>
#6 0x5558755b0bee <unknown>
#7 0x555875557c42 <unknown>
#8 0x5558755588f1 <unknown>
#9 0x555875a5ef09 <unknown>
#10 0x555875a61e4d <unknown>
#11 0x555875a47c51 <unknown>
#12 0x555875a62a2b <unknown>
#13 0x555875a2ea20 <unknown>
#14 0x555875a83a78 <unknown>
#15 0x555875a83c49 <unknown>
#16 0x555875a954c3 <unknown>
#17 0x7f9e1ae9caa4 <unknown>
#18 0x7f9e1af29c6c <unknown>

2025-12-17 02:02:39 - INFO - Fetching BUY listings for USDT/EUR
2025-12-17 02:02:39 - INFO - Data successfully saved to SQLite database. New listings - Bybit: 4, Binance: 6
2025-12-17 02:02:39 - INFO - Browser session closed
2025-12-17 02:02:39 - INFO - SQLite database connection closed
2025-12-17 03:39:36 - INFO - Logging initialized. Log file: pb2b/logs/bybit_scraper_20251217.log
2025-12-17 03:39:38 - INFO - DataSaver logging initialized. Log file: pb2b/logs/data_saver_20251217.log
2025-12-17 03:39:38 - INFO - Connected to SQLite database: pb2b/p2p_listings.db
2025-12-17 03:39:38 - INFO - Database tables created successfully
2025-12-17 03:39:38 - INFO - Attempt 1/10: Loading https://www.bybit.com/fiat/trade/otc?actionType=1&token=USDT&fiat=NGN
2025-12-17 03:39:48 - INFO - Screenshot saved as 'pb2b/screenshots/bybit_page_20251217_033948.png'
2025-12-17 03:39:48 - WARNING - Error parsing row: Message: no such element: Unable to locate element: {"method":"css selector","selector":"td:nth-child(2)"}
  (Session info: chrome=143.0.7499.146); For documentation on this error, please visit: https://www.selenium.dev/documentation/webdriver/troubleshooting/errors#nosuchelementexception
Stacktrace:
#0 0x55ed2b69b16a <unknown>
#1 0x55ed2b118c4b <unknown>
#2 0x55ed2b16a318 <unknown>
#3 0x55ed2b16a551 <unknown>
#4 0x55ed2b15e586 <unknown>
#5 0x55ed2b15e477 <unknown>
#6 0x55ed2b1b5bee <unknown>
#7 0x55ed2b15cc42 <unknown>
#8 0x55ed2b15d8f1 <unknown>
#9 0x55ed2b663f09 <unknown>
#10 0x55ed2b666e4d <unknown>
#11 0x55ed2b64cc51 <unknown>
#12 0x55ed2b667a2b <unknown>
#13 0x55ed2b633a20 <unknown>
#14 0x55ed2b688a78 <unknown>
#15 0x55ed2b688c49 <unknown>
#16 0x55ed2b69a4c3 <unknown>
#17 0x7f2a9d29caa4 <unknown>
#18 0x7f2a9d329c6c <unknown>

2025-12-17 03:39:48 - INFO - Fetching BUY listings for USDT/EUR
2025-12-17 03:39:49 - INFO - Data successfully saved to SQLite database. New listings - Bybit: 4, Binance: 6
2025-12-17 03:39:49 - INFO - Browser session closed
2025-12-17 03:39:49 - INFO - SQLite database connection closed
