2025-02-03 00:51:47 - INFO - Logging initialized. Log file: pb2b/logs/bybit_scraper_20250203.log
2025-02-03 00:51:50 - INFO - DataSaver logging initialized. Log file: pb2b/logs/data_saver_20250203.log
2025-02-03 00:51:50 - INFO - Connected to SQLite database: pb2b/p2p_listings.db
2025-02-03 00:51:50 - INFO - Database tables created successfully
2025-02-03 00:51:50 - INFO - Attempt 1/10: Loading https://www.bybit.com/fiat/trade/otc?actionType=1&token=USDT&fiat=NGN
2025-02-03 00:52:02 - INFO - Screenshot saved as 'pb2b/screenshots/bybit_page_20250203_005201.png'
2025-02-03 00:52:02 - INFO - Fetching BUY listings for USDT/EUR
2025-02-03 00:52:03 - INFO - Data successfully saved to SQLite database. New listings - Bybit: 4, Binance: 6
2025-02-03 00:52:03 - INFO - Browser session closed
2025-02-03 00:52:03 - INFO - SQLite database connection closed
2025-02-03 02:09:28 - INFO - Logging initialized. Log file: pb2b/logs/bybit_scraper_20250203.log
2025-02-03 02:09:29 - INFO - DataSaver logging initialized. Log file: pb2b/logs/data_saver_20250203.log
2025-02-03 02:09:29 - INFO - Connected to SQLite database: pb2b/p2p_listings.db
2025-02-03 02:09:29 - INFO - Database tables created successfully
2025-02-03 02:09:29 - INFO - Attempt 1/10: Loading https://www.bybit.com/fiat/trade/otc?actionType=1&token=USDT&fiat=NGN
2025-02-03 02:09:39 - INFO - Screenshot saved as 'pb2b/screenshots/bybit_page_20250203_020939.png'
2025-02-03 02:09:39 - INFO - Fetching BUY listings for USDT/EUR
2025-02-03 02:09:40 - INFO - Data successfully saved to SQLite database. New listings - Bybit: 4, Binance: 6
2025-02-03 02:09:40 - INFO - Browser session closed
2025-02-03 02:09:40 - INFO - SQLite database connection closed
