2025-04-15 01:40:59 - INFO - Logging initialized. Log file: pb2b/logs/bybit_scraper_20250415.log
2025-04-15 01:41:00 - INFO - DataSaver logging initialized. Log file: pb2b/logs/data_saver_20250415.log
2025-04-15 01:41:00 - INFO - Connected to SQLite database: pb2b/p2p_listings.db
2025-04-15 01:41:00 - INFO - Database tables created successfully
2025-04-15 01:41:00 - INFO - Attempt 1/10: Loading https://www.bybit.com/fiat/trade/otc?actionType=1&token=USDT&fiat=NGN
2025-04-15 01:41:09 - INFO - Screenshot saved as 'pb2b/screenshots/bybit_page_20250415_014109.png'
2025-04-15 01:41:10 - INFO - Fetching BUY listings for USDT/EUR
2025-04-15 01:41:11 - INFO - Data successfully saved to SQLite database. New listings - Bybit: 4, Binance: 6
2025-04-15 01:41:11 - INFO - Browser session closed
2025-04-15 01:41:11 - INFO - SQLite database connection closed
2025-04-15 03:00:23 - INFO - Logging initialized. Log file: pb2b/logs/bybit_scraper_20250415.log
2025-04-15 03:00:25 - INFO - DataSaver logging initialized. Log file: pb2b/logs/data_saver_20250415.log
2025-04-15 03:00:25 - INFO - Connected to SQLite database: pb2b/p2p_listings.db
2025-04-15 03:00:25 - INFO - Database tables created successfully
2025-04-15 03:00:25 - INFO - Attempt 1/10: Loading https://www.bybit.com/fiat/trade/otc?actionType=1&token=USDT&fiat=NGN
2025-04-15 03:00:35 - INFO - Screenshot saved as 'pb2b/screenshots/bybit_page_20250415_030035.png'
2025-04-15 03:00:35 - INFO - Fetching BUY listings for USDT/EUR
2025-04-15 03:00:36 - INFO - Data successfully saved to SQLite database. New listings - Bybit: 4, Binance: 6
2025-04-15 03:00:36 - INFO - Browser session closed
2025-04-15 03:00:36 - INFO - SQLite database connection closed
2025-04-15 03:42:44 - INFO - Logging initialized. Log file: pb2b/logs/bybit_scraper_20250415.log
2025-04-15 03:42:45 - INFO - DataSaver logging initialized. Log file: pb2b/logs/data_saver_20250415.log
2025-04-15 03:42:45 - INFO - Connected to SQLite database: pb2b/p2p_listings.db
2025-04-15 03:42:45 - INFO - Database tables created successfully
2025-04-15 03:42:45 - INFO - Attempt 1/10: Loading https://www.bybit.com/fiat/trade/otc?actionType=1&token=USDT&fiat=NGN
2025-04-15 03:42:54 - INFO - Screenshot saved as 'pb2b/screenshots/bybit_page_20250415_034254.png'
2025-04-15 03:42:55 - INFO - Fetching BUY listings for USDT/EUR
2025-04-15 03:42:56 - INFO - Data successfully saved to SQLite database. New listings - Bybit: 4, Binance: 6
2025-04-15 03:42:56 - INFO - Browser session closed
2025-04-15 03:42:56 - INFO - SQLite database connection closed
2025-04-15 03:58:10 - INFO - Logging initialized. Log file: pb2b/logs/bybit_scraper_20250415.log
2025-04-15 03:58:10 - INFO - DataSaver logging initialized. Log file: pb2b/logs/data_saver_20250415.log
2025-04-15 03:58:10 - INFO - Connected to SQLite database: pb2b/p2p_listings.db
2025-04-15 03:58:10 - INFO - Database tables created successfully
2025-04-15 03:58:10 - INFO - Attempt 1/10: Loading https://www.bybit.com/fiat/trade/otc?actionType=1&token=USDT&fiat=NGN
2025-04-15 03:58:19 - INFO - Screenshot saved as 'pb2b/screenshots/bybit_page_20250415_035819.png'
2025-04-15 03:58:20 - INFO - Fetching BUY listings for USDT/EUR
2025-04-15 03:58:20 - INFO - Data successfully saved to SQLite database. New listings - Bybit: 4, Binance: 6
2025-04-15 03:58:20 - INFO - Browser session closed
2025-04-15 03:58:20 - INFO - SQLite database connection closed
