2025-02-02 01:21:57 - INFO - Logging initialized. Log file: pb2b/logs/bybit_scraper_20250202.log
2025-02-02 01:21:57 - INFO - DataSaver logging initialized. Log file: pb2b/logs/data_saver_20250202.log
2025-02-02 01:21:57 - INFO - Connected to SQLite database: pb2b/p2p_listings.db
2025-02-02 01:21:57 - INFO - Database tables created successfully
2025-02-02 01:21:57 - INFO - Attempt 1/10: Loading https://www.bybit.com/fiat/trade/otc?actionType=1&token=USDT&fiat=NGN
2025-02-02 01:22:07 - INFO - Screenshot saved as 'pb2b/screenshots/bybit_page_20250202_012207.png'
2025-02-02 01:22:08 - INFO - Fetching BUY listings for USDT/EUR
2025-02-02 01:22:08 - INFO - Data successfully saved to SQLite database. New listings - Bybit: 4, Binance: 6
2025-02-02 01:22:09 - INFO - Browser session closed
2025-02-02 01:22:09 - INFO - SQLite database connection closed
2025-02-02 02:33:55 - INFO - Logging initialized. Log file: pb2b/logs/bybit_scraper_20250202.log
2025-02-02 02:33:56 - INFO - DataSaver logging initialized. Log file: pb2b/logs/data_saver_20250202.log
2025-02-02 02:33:56 - INFO - Connected to SQLite database: pb2b/p2p_listings.db
2025-02-02 02:33:56 - INFO - Database tables created successfully
2025-02-02 02:33:56 - INFO - Attempt 1/10: Loading https://www.bybit.com/fiat/trade/otc?actionType=1&token=USDT&fiat=NGN
2025-02-02 02:34:07 - INFO - Screenshot saved as 'pb2b/screenshots/bybit_page_20250202_023407.png'
2025-02-02 02:34:08 - INFO - Fetching BUY listings for USDT/EUR
2025-02-02 02:34:08 - INFO - Data successfully saved to SQLite database. New listings - Bybit: 4, Binance: 6
2025-02-02 02:34:08 - INFO - Browser session closed
2025-02-02 02:34:08 - INFO - SQLite database connection closed
2025-02-02 03:01:19 - INFO - Logging initialized. Log file: pb2b/logs/bybit_scraper_20250202.log
2025-02-02 03:01:19 - INFO - DataSaver logging initialized. Log file: pb2b/logs/data_saver_20250202.log
2025-02-02 03:01:19 - INFO - Connected to SQLite database: pb2b/p2p_listings.db
2025-02-02 03:01:19 - INFO - Database tables created successfully
2025-02-02 03:01:19 - INFO - Attempt 1/10: Loading https://www.bybit.com/fiat/trade/otc?actionType=1&token=USDT&fiat=NGN
2025-02-02 03:01:31 - INFO - Screenshot saved as 'pb2b/screenshots/bybit_page_20250202_030131.png'
2025-02-02 03:01:31 - INFO - Fetching BUY listings for USDT/EUR
2025-02-02 03:01:32 - INFO - Data successfully saved to SQLite database. New listings - Bybit: 4, Binance: 6
2025-02-02 03:01:33 - INFO - Browser session closed
2025-02-02 03:01:33 - INFO - SQLite database connection closed
2025-02-02 03:29:40 - INFO - Logging initialized. Log file: pb2b/logs/bybit_scraper_20250202.log
2025-02-02 03:29:42 - INFO - DataSaver logging initialized. Log file: pb2b/logs/data_saver_20250202.log
2025-02-02 03:29:42 - INFO - Connected to SQLite database: pb2b/p2p_listings.db
2025-02-02 03:29:42 - INFO - Database tables created successfully
2025-02-02 03:29:42 - INFO - Attempt 1/10: Loading https://www.bybit.com/fiat/trade/otc?actionType=1&token=USDT&fiat=NGN
2025-02-02 03:29:52 - INFO - Screenshot saved as 'pb2b/screenshots/bybit_page_20250202_032952.png'
2025-02-02 03:29:52 - INFO - Fetching BUY listings for USDT/EUR
2025-02-02 03:29:53 - INFO - Data successfully saved to SQLite database. New listings - Bybit: 4, Binance: 6
2025-02-02 03:29:53 - INFO - Browser session closed
2025-02-02 03:29:53 - INFO - SQLite database connection closed
