2025-12-25 00:03:01 - INFO - Logging initialized. Log file: pb2b/logs/bybit_scraper_20251225.log
2025-12-25 00:03:02 - INFO - DataSaver logging initialized. Log file: pb2b/logs/data_saver_20251225.log
2025-12-25 00:03:02 - INFO - Connected to SQLite database: pb2b/p2p_listings.db
2025-12-25 00:03:02 - INFO - Database tables created successfully
2025-12-25 00:03:02 - INFO - Attempt 1/10: Loading https://www.bybit.com/fiat/trade/otc?actionType=1&token=USDT&fiat=NGN
2025-12-25 00:03:14 - INFO - Screenshot saved as 'pb2b/screenshots/bybit_page_20251225_000314.png'
2025-12-25 00:03:14 - WARNING - Error parsing row: Message: no such element: Unable to locate element: {"method":"css selector","selector":"td:nth-child(2)"}
  (Session info: chrome=143.0.7499.169); For documentation on this error, please visit: https://www.selenium.dev/documentation/webdriver/troubleshooting/errors#nosuchelementexception
Stacktrace:
#0 0x55ef73e8e19a <unknown>
#1 0x55ef7390bc4b <unknown>
#2 0x55ef7395d318 <unknown>
#3 0x55ef7395d551 <unknown>
#4 0x55ef73951586 <unknown>
#5 0x55ef73951477 <unknown>
#6 0x55ef739a8bee <unknown>
#7 0x55ef7394fc42 <unknown>
#8 0x55ef739508f1 <unknown>
#9 0x55ef73e56f39 <unknown>
#10 0x55ef73e59e7d <unknown>
#11 0x55ef73e3fc81 <unknown>
#12 0x55ef73e5aa5b <unknown>
#13 0x55ef73e26a50 <unknown>
#14 0x55ef73e7baa8 <unknown>
#15 0x55ef73e7bc79 <unknown>
#16 0x55ef73e8d4f3 <unknown>
#17 0x7fc88289caa4 <unknown>
#18 0x7fc882929c6c <unknown>

2025-12-25 00:03:14 - INFO - Fetching BUY listings for USDT/EUR
2025-12-25 00:03:15 - INFO - Data successfully saved to SQLite database. New listings - Bybit: 4, Binance: 6
2025-12-25 00:03:15 - INFO - Browser session closed
2025-12-25 00:03:15 - INFO - SQLite database connection closed
2025-12-25 02:26:32 - INFO - Logging initialized. Log file: pb2b/logs/bybit_scraper_20251225.log
2025-12-25 02:26:32 - INFO - DataSaver logging initialized. Log file: pb2b/logs/data_saver_20251225.log
2025-12-25 02:26:32 - INFO - Connected to SQLite database: pb2b/p2p_listings.db
2025-12-25 02:26:32 - INFO - Database tables created successfully
2025-12-25 02:26:32 - INFO - Attempt 1/10: Loading https://www.bybit.com/fiat/trade/otc?actionType=1&token=USDT&fiat=NGN
2025-12-25 02:26:40 - INFO - Screenshot saved as 'pb2b/screenshots/bybit_page_20251225_022640.png'
2025-12-25 02:26:40 - WARNING - Error parsing row: Message: no such element: Unable to locate element: {"method":"css selector","selector":"td:nth-child(2)"}
  (Session info: chrome=143.0.7499.169); For documentation on this error, please visit: https://www.selenium.dev/documentation/webdriver/troubleshooting/errors#nosuchelementexception
Stacktrace:
#0 0x55b737cd719a <unknown>
#1 0x55b737754c4b <unknown>
#2 0x55b7377a6318 <unknown>
#3 0x55b7377a6551 <unknown>
#4 0x55b73779a586 <unknown>
#5 0x55b73779a477 <unknown>
#6 0x55b7377f1bee <unknown>
#7 0x55b737798c42 <unknown>
#8 0x55b7377998f1 <unknown>
#9 0x55b737c9ff39 <unknown>
#10 0x55b737ca2e7d <unknown>
#11 0x55b737c88c81 <unknown>
#12 0x55b737ca3a5b <unknown>
#13 0x55b737c6fa50 <unknown>
#14 0x55b737cc4aa8 <unknown>
#15 0x55b737cc4c79 <unknown>
#16 0x55b737cd64f3 <unknown>
#17 0x7fa07e89caa4 <unknown>
#18 0x7fa07e929c6c <unknown>

2025-12-25 02:26:40 - INFO - Fetching BUY listings for USDT/EUR
2025-12-25 02:26:41 - INFO - Data successfully saved to SQLite database. New listings - Bybit: 4, Binance: 6
2025-12-25 02:26:41 - INFO - Browser session closed
2025-12-25 02:26:41 - INFO - SQLite database connection closed
2025-12-25 03:52:01 - INFO - Logging initialized. Log file: pb2b/logs/bybit_scraper_20251225.log
2025-12-25 03:52:04 - INFO - DataSaver logging initialized. Log file: pb2b/logs/data_saver_20251225.log
2025-12-25 03:52:04 - INFO - Connected to SQLite database: pb2b/p2p_listings.db
2025-12-25 03:52:04 - INFO - Database tables created successfully
2025-12-25 03:52:04 - INFO - Attempt 1/10: Loading https://www.bybit.com/fiat/trade/otc?actionType=1&token=USDT&fiat=NGN
2025-12-25 03:52:14 - INFO - Screenshot saved as 'pb2b/screenshots/bybit_page_20251225_035214.png'
2025-12-25 03:52:14 - WARNING - Error parsing row: Message: no such element: Unable to locate element: {"method":"css selector","selector":"td:nth-child(2)"}
  (Session info: chrome=143.0.7499.169); For documentation on this error, please visit: https://www.selenium.dev/documentation/webdriver/troubleshooting/errors#nosuchelementexception
Stacktrace:
#0 0x56368ba9319a <unknown>
#1 0x56368b510c4b <unknown>
#2 0x56368b562318 <unknown>
#3 0x56368b562551 <unknown>
#4 0x56368b556586 <unknown>
#5 0x56368b556477 <unknown>
#6 0x56368b5adbee <unknown>
#7 0x56368b554c42 <unknown>
#8 0x56368b5558f1 <unknown>
#9 0x56368ba5bf39 <unknown>
#10 0x56368ba5ee7d <unknown>
#11 0x56368ba44c81 <unknown>
#12 0x56368ba5fa5b <unknown>
#13 0x56368ba2ba50 <unknown>
#14 0x56368ba80aa8 <unknown>
#15 0x56368ba80c79 <unknown>
#16 0x56368ba924f3 <unknown>
#17 0x7f159489caa4 <unknown>
#18 0x7f1594929c6c <unknown>

2025-12-25 03:52:14 - INFO - Fetching BUY listings for USDT/EUR
2025-12-25 03:52:15 - INFO - Data successfully saved to SQLite database. New listings - Bybit: 4, Binance: 6
2025-12-25 03:52:15 - INFO - Browser session closed
2025-12-25 03:52:15 - INFO - SQLite database connection closed
