2025-02-22 01:48:08 - INFO - Logging initialized. Log file: pb2b/logs/bybit_scraper_20250222.log
2025-02-22 01:48:08 - INFO - DataSaver logging initialized. Log file: pb2b/logs/data_saver_20250222.log
2025-02-22 01:48:08 - INFO - Connected to SQLite database: pb2b/p2p_listings.db
2025-02-22 01:48:08 - INFO - Database tables created successfully
2025-02-22 01:48:08 - INFO - Attempt 1/10: Loading https://www.bybit.com/fiat/trade/otc?actionType=1&token=USDT&fiat=NGN
2025-02-22 01:48:18 - INFO - Screenshot saved as 'pb2b/screenshots/bybit_page_20250222_014818.png'
2025-02-22 01:48:18 - INFO - Fetching BUY listings for USDT/EUR
2025-02-22 01:48:19 - INFO - Data successfully saved to SQLite database. New listings - Bybit: 4, Binance: 6
2025-02-22 01:48:19 - INFO - Browser session closed
2025-02-22 01:48:19 - INFO - SQLite database connection closed
2025-02-22 02:39:49 - INFO - Logging initialized. Log file: pb2b/logs/bybit_scraper_20250222.log
2025-02-22 02:39:50 - INFO - DataSaver logging initialized. Log file: pb2b/logs/data_saver_20250222.log
2025-02-22 02:39:50 - INFO - Connected to SQLite database: pb2b/p2p_listings.db
2025-02-22 02:39:50 - INFO - Database tables created successfully
2025-02-22 02:39:50 - INFO - Attempt 1/10: Loading https://www.bybit.com/fiat/trade/otc?actionType=1&token=USDT&fiat=NGN
2025-02-22 02:40:00 - INFO - Screenshot saved as 'pb2b/screenshots/bybit_page_20250222_024000.png'
2025-02-22 02:40:01 - INFO - Fetching BUY listings for USDT/EUR
2025-02-22 02:40:01 - INFO - Data successfully saved to SQLite database. New listings - Bybit: 4, Binance: 6
2025-02-22 02:40:01 - INFO - Browser session closed
2025-02-22 02:40:01 - INFO - SQLite database connection closed
2025-02-22 03:02:41 - INFO - Logging initialized. Log file: pb2b/logs/bybit_scraper_20250222.log
2025-02-22 03:02:42 - INFO - DataSaver logging initialized. Log file: pb2b/logs/data_saver_20250222.log
2025-02-22 03:02:42 - INFO - Connected to SQLite database: pb2b/p2p_listings.db
2025-02-22 03:02:42 - INFO - Database tables created successfully
2025-02-22 03:02:42 - INFO - Attempt 1/10: Loading https://www.bybit.com/fiat/trade/otc?actionType=1&token=USDT&fiat=NGN
2025-02-22 03:02:51 - INFO - Screenshot saved as 'pb2b/screenshots/bybit_page_20250222_030251.png'
2025-02-22 03:02:51 - INFO - Fetching BUY listings for USDT/EUR
2025-02-22 03:02:52 - INFO - Data successfully saved to SQLite database. New listings - Bybit: 4, Binance: 6
2025-02-22 03:02:52 - INFO - Browser session closed
2025-02-22 03:02:52 - INFO - SQLite database connection closed
2025-02-22 03:29:31 - INFO - Logging initialized. Log file: pb2b/logs/bybit_scraper_20250222.log
2025-02-22 03:29:32 - INFO - DataSaver logging initialized. Log file: pb2b/logs/data_saver_20250222.log
2025-02-22 03:29:32 - INFO - Connected to SQLite database: pb2b/p2p_listings.db
2025-02-22 03:29:32 - INFO - Database tables created successfully
2025-02-22 03:29:32 - INFO - Attempt 1/10: Loading https://www.bybit.com/fiat/trade/otc?actionType=1&token=USDT&fiat=NGN
2025-02-22 03:29:42 - INFO - Screenshot saved as 'pb2b/screenshots/bybit_page_20250222_032942.png'
2025-02-22 03:29:43 - INFO - Fetching BUY listings for USDT/EUR
2025-02-22 03:29:43 - INFO - Data successfully saved to SQLite database. New listings - Bybit: 4, Binance: 6
2025-02-22 03:29:43 - INFO - Browser session closed
2025-02-22 03:29:43 - INFO - SQLite database connection closed
2025-02-22 03:43:19 - INFO - Logging initialized. Log file: pb2b/logs/bybit_scraper_20250222.log
2025-02-22 03:43:19 - INFO - DataSaver logging initialized. Log file: pb2b/logs/data_saver_20250222.log
2025-02-22 03:43:19 - INFO - Connected to SQLite database: pb2b/p2p_listings.db
2025-02-22 03:43:19 - INFO - Database tables created successfully
2025-02-22 03:43:19 - INFO - Attempt 1/10: Loading https://www.bybit.com/fiat/trade/otc?actionType=1&token=USDT&fiat=NGN
2025-02-22 03:43:29 - INFO - Screenshot saved as 'pb2b/screenshots/bybit_page_20250222_034329.png'
2025-02-22 03:43:30 - INFO - Fetching BUY listings for USDT/EUR
2025-02-22 03:43:30 - INFO - Data successfully saved to SQLite database. New listings - Bybit: 4, Binance: 6
2025-02-22 03:43:30 - INFO - Browser session closed
2025-02-22 03:43:30 - INFO - SQLite database connection closed
2025-02-22 03:56:16 - INFO - Logging initialized. Log file: pb2b/logs/bybit_scraper_20250222.log
2025-02-22 03:56:17 - INFO - DataSaver logging initialized. Log file: pb2b/logs/data_saver_20250222.log
2025-02-22 03:56:17 - INFO - Connected to SQLite database: pb2b/p2p_listings.db
2025-02-22 03:56:17 - INFO - Database tables created successfully
2025-02-22 03:56:17 - INFO - Attempt 1/10: Loading https://www.bybit.com/fiat/trade/otc?actionType=1&token=USDT&fiat=NGN
2025-02-22 03:56:27 - INFO - Screenshot saved as 'pb2b/screenshots/bybit_page_20250222_035627.png'
2025-02-22 03:56:28 - INFO - Fetching BUY listings for USDT/EUR
2025-02-22 03:56:28 - INFO - Data successfully saved to SQLite database. New listings - Bybit: 4, Binance: 6
2025-02-22 03:56:28 - INFO - Browser session closed
2025-02-22 03:56:28 - INFO - SQLite database connection closed
2025-02-22 04:28:44 - INFO - Logging initialized. Log file: pb2b/logs/bybit_scraper_20250222.log
2025-02-22 04:28:45 - INFO - DataSaver logging initialized. Log file: pb2b/logs/data_saver_20250222.log
2025-02-22 04:28:45 - INFO - Connected to SQLite database: pb2b/p2p_listings.db
2025-02-22 04:28:45 - INFO - Database tables created successfully
2025-02-22 04:28:45 - INFO - Attempt 1/10: Loading https://www.bybit.com/fiat/trade/otc?actionType=1&token=USDT&fiat=NGN
2025-02-22 04:28:56 - INFO - Screenshot saved as 'pb2b/screenshots/bybit_page_20250222_042856.png'
2025-02-22 04:28:57 - INFO - Fetching BUY listings for USDT/EUR
2025-02-22 04:28:58 - INFO - Data successfully saved to SQLite database. New listings - Bybit: 4, Binance: 6
2025-02-22 04:28:58 - INFO - Browser session closed
2025-02-22 04:28:58 - INFO - SQLite database connection closed
2025-02-22 04:45:29 - INFO - Logging initialized. Log file: pb2b/logs/bybit_scraper_20250222.log
2025-02-22 04:45:30 - INFO - DataSaver logging initialized. Log file: pb2b/logs/data_saver_20250222.log
2025-02-22 04:45:30 - INFO - Connected to SQLite database: pb2b/p2p_listings.db
2025-02-22 04:45:30 - INFO - Database tables created successfully
2025-02-22 04:45:30 - INFO - Attempt 1/10: Loading https://www.bybit.com/fiat/trade/otc?actionType=1&token=USDT&fiat=NGN
2025-02-22 04:45:40 - INFO - Screenshot saved as 'pb2b/screenshots/bybit_page_20250222_044540.png'
2025-02-22 04:45:40 - INFO - Fetching BUY listings for USDT/EUR
2025-02-22 04:45:41 - INFO - Data successfully saved to SQLite database. New listings - Bybit: 4, Binance: 6
2025-02-22 04:45:41 - INFO - Browser session closed
2025-02-22 04:45:41 - INFO - SQLite database connection closed
2025-02-22 04:58:43 - INFO - Logging initialized. Log file: pb2b/logs/bybit_scraper_20250222.log
2025-02-22 04:58:43 - INFO - DataSaver logging initialized. Log file: pb2b/logs/data_saver_20250222.log
2025-02-22 04:58:43 - INFO - Connected to SQLite database: pb2b/p2p_listings.db
2025-02-22 04:58:43 - INFO - Database tables created successfully
2025-02-22 04:58:43 - INFO - Attempt 1/10: Loading https://www.bybit.com/fiat/trade/otc?actionType=1&token=USDT&fiat=NGN
2025-02-22 04:58:53 - INFO - Screenshot saved as 'pb2b/screenshots/bybit_page_20250222_045853.png'
2025-02-22 04:58:54 - INFO - Fetching BUY listings for USDT/EUR
2025-02-22 04:58:54 - INFO - Data successfully saved to SQLite database. New listings - Bybit: 4, Binance: 6
2025-02-22 04:58:54 - INFO - Browser session closed
2025-02-22 04:58:54 - INFO - SQLite database connection closed
2025-02-22 05:24:22 - INFO - Logging initialized. Log file: pb2b/logs/bybit_scraper_20250222.log
2025-02-22 05:24:22 - INFO - DataSaver logging initialized. Log file: pb2b/logs/data_saver_20250222.log
2025-02-22 05:24:22 - INFO - Connected to SQLite database: pb2b/p2p_listings.db
2025-02-22 05:24:22 - INFO - Database tables created successfully
2025-02-22 05:24:22 - INFO - Attempt 1/10: Loading https://www.bybit.com/fiat/trade/otc?actionType=1&token=USDT&fiat=NGN
2025-02-22 05:24:32 - INFO - Screenshot saved as 'pb2b/screenshots/bybit_page_20250222_052431.png'
2025-02-22 05:24:32 - INFO - Fetching BUY listings for USDT/EUR
2025-02-22 05:24:33 - INFO - Data successfully saved to SQLite database. New listings - Bybit: 4, Binance: 6
2025-02-22 05:24:33 - INFO - Browser session closed
2025-02-22 05:24:33 - INFO - SQLite database connection closed
2025-02-22 05:39:10 - INFO - Logging initialized. Log file: pb2b/logs/bybit_scraper_20250222.log
2025-02-22 05:39:11 - INFO - DataSaver logging initialized. Log file: pb2b/logs/data_saver_20250222.log
2025-02-22 05:39:11 - INFO - Connected to SQLite database: pb2b/p2p_listings.db
2025-02-22 05:39:11 - INFO - Database tables created successfully
2025-02-22 05:39:11 - INFO - Attempt 1/10: Loading https://www.bybit.com/fiat/trade/otc?actionType=1&token=USDT&fiat=NGN
2025-02-22 05:39:23 - INFO - Screenshot saved as 'pb2b/screenshots/bybit_page_20250222_053923.png'
2025-02-22 05:39:23 - INFO - Fetching BUY listings for USDT/EUR
2025-02-22 05:39:24 - INFO - Data successfully saved to SQLite database. New listings - Bybit: 4, Binance: 6
2025-02-22 05:39:24 - INFO - Browser session closed
2025-02-22 05:39:24 - INFO - SQLite database connection closed
2025-02-22 05:52:30 - INFO - Logging initialized. Log file: pb2b/logs/bybit_scraper_20250222.log
2025-02-22 05:52:31 - INFO - DataSaver logging initialized. Log file: pb2b/logs/data_saver_20250222.log
2025-02-22 05:52:31 - INFO - Connected to SQLite database: pb2b/p2p_listings.db
2025-02-22 05:52:31 - INFO - Database tables created successfully
2025-02-22 05:52:31 - INFO - Attempt 1/10: Loading https://www.bybit.com/fiat/trade/otc?actionType=1&token=USDT&fiat=NGN
2025-02-22 05:52:40 - INFO - Screenshot saved as 'pb2b/screenshots/bybit_page_20250222_055240.png'
2025-02-22 05:52:41 - INFO - Fetching BUY listings for USDT/EUR
2025-02-22 05:52:41 - INFO - Data successfully saved to SQLite database. New listings - Bybit: 4, Binance: 6
2025-02-22 05:52:41 - INFO - Browser session closed
2025-02-22 05:52:41 - INFO - SQLite database connection closed
2025-02-22 06:21:59 - INFO - Logging initialized. Log file: pb2b/logs/bybit_scraper_20250222.log
2025-02-22 06:21:59 - INFO - DataSaver logging initialized. Log file: pb2b/logs/data_saver_20250222.log
2025-02-22 06:21:59 - INFO - Connected to SQLite database: pb2b/p2p_listings.db
2025-02-22 06:21:59 - INFO - Database tables created successfully
2025-02-22 06:21:59 - INFO - Attempt 1/10: Loading https://www.bybit.com/fiat/trade/otc?actionType=1&token=USDT&fiat=NGN
2025-02-22 06:22:09 - INFO - Screenshot saved as 'pb2b/screenshots/bybit_page_20250222_062209.png'
2025-02-22 06:22:09 - INFO - Fetching BUY listings for USDT/EUR
2025-02-22 06:22:10 - INFO - Data successfully saved to SQLite database. New listings - Bybit: 4, Binance: 6
2025-02-22 06:22:10 - INFO - Browser session closed
2025-02-22 06:22:10 - INFO - SQLite database connection closed
2025-02-22 06:44:45 - INFO - Logging initialized. Log file: pb2b/logs/bybit_scraper_20250222.log
2025-02-22 06:44:45 - INFO - DataSaver logging initialized. Log file: pb2b/logs/data_saver_20250222.log
2025-02-22 06:44:45 - INFO - Connected to SQLite database: pb2b/p2p_listings.db
2025-02-22 06:44:45 - INFO - Database tables created successfully
2025-02-22 06:44:45 - INFO - Attempt 1/10: Loading https://www.bybit.com/fiat/trade/otc?actionType=1&token=USDT&fiat=NGN
2025-02-22 06:44:56 - INFO - Screenshot saved as 'pb2b/screenshots/bybit_page_20250222_064456.png'
2025-02-22 06:44:57 - INFO - Fetching BUY listings for USDT/EUR
2025-02-22 06:44:57 - INFO - Data successfully saved to SQLite database. New listings - Bybit: 4, Binance: 6
2025-02-22 06:44:57 - INFO - Browser session closed
2025-02-22 06:44:57 - INFO - SQLite database connection closed
2025-02-22 06:58:37 - INFO - Logging initialized. Log file: pb2b/logs/bybit_scraper_20250222.log
2025-02-22 06:58:38 - INFO - DataSaver logging initialized. Log file: pb2b/logs/data_saver_20250222.log
2025-02-22 06:58:38 - INFO - Connected to SQLite database: pb2b/p2p_listings.db
2025-02-22 06:58:38 - INFO - Database tables created successfully
2025-02-22 06:58:38 - INFO - Attempt 1/10: Loading https://www.bybit.com/fiat/trade/otc?actionType=1&token=USDT&fiat=NGN
2025-02-22 06:58:48 - INFO - Screenshot saved as 'pb2b/screenshots/bybit_page_20250222_065848.png'
2025-02-22 06:58:48 - INFO - Fetching BUY listings for USDT/EUR
2025-02-22 06:58:49 - INFO - Data successfully saved to SQLite database. New listings - Bybit: 4, Binance: 6
2025-02-22 06:58:49 - INFO - Browser session closed
2025-02-22 06:58:49 - INFO - SQLite database connection closed
2025-02-22 07:20:47 - INFO - Logging initialized. Log file: pb2b/logs/bybit_scraper_20250222.log
2025-02-22 07:20:47 - INFO - DataSaver logging initialized. Log file: pb2b/logs/data_saver_20250222.log
2025-02-22 07:20:47 - INFO - Connected to SQLite database: pb2b/p2p_listings.db
2025-02-22 07:20:47 - INFO - Database tables created successfully
2025-02-22 07:20:47 - INFO - Attempt 1/10: Loading https://www.bybit.com/fiat/trade/otc?actionType=1&token=USDT&fiat=NGN
2025-02-22 07:20:58 - INFO - Screenshot saved as 'pb2b/screenshots/bybit_page_20250222_072057.png'
2025-02-22 07:20:58 - INFO - Fetching BUY listings for USDT/EUR
2025-02-22 07:20:59 - INFO - Data successfully saved to SQLite database. New listings - Bybit: 4, Binance: 6
2025-02-22 07:20:59 - INFO - Browser session closed
2025-02-22 07:20:59 - INFO - SQLite database connection closed
2025-02-22 07:36:03 - INFO - Logging initialized. Log file: pb2b/logs/bybit_scraper_20250222.log
2025-02-22 07:36:04 - INFO - DataSaver logging initialized. Log file: pb2b/logs/data_saver_20250222.log
2025-02-22 07:36:04 - INFO - Connected to SQLite database: pb2b/p2p_listings.db
2025-02-22 07:36:04 - INFO - Database tables created successfully
2025-02-22 07:36:04 - INFO - Attempt 1/10: Loading https://www.bybit.com/fiat/trade/otc?actionType=1&token=USDT&fiat=NGN
2025-02-22 07:36:14 - INFO - Screenshot saved as 'pb2b/screenshots/bybit_page_20250222_073614.png'
2025-02-22 07:36:15 - INFO - Fetching BUY listings for USDT/EUR
2025-02-22 07:36:15 - INFO - Data successfully saved to SQLite database. New listings - Bybit: 4, Binance: 6
2025-02-22 07:36:16 - INFO - Browser session closed
2025-02-22 07:36:16 - INFO - SQLite database connection closed
2025-02-22 07:48:19 - INFO - Logging initialized. Log file: pb2b/logs/bybit_scraper_20250222.log
2025-02-22 07:48:21 - INFO - DataSaver logging initialized. Log file: pb2b/logs/data_saver_20250222.log
2025-02-22 07:48:21 - INFO - Connected to SQLite database: pb2b/p2p_listings.db
2025-02-22 07:48:21 - INFO - Database tables created successfully
2025-02-22 07:48:21 - INFO - Attempt 1/10: Loading https://www.bybit.com/fiat/trade/otc?actionType=1&token=USDT&fiat=NGN
2025-02-22 07:48:30 - INFO - Screenshot saved as 'pb2b/screenshots/bybit_page_20250222_074830.png'
2025-02-22 07:48:31 - INFO - Fetching BUY listings for USDT/EUR
2025-02-22 07:48:31 - INFO - Data successfully saved to SQLite database. New listings - Bybit: 4, Binance: 6
2025-02-22 07:48:32 - INFO - Browser session closed
2025-02-22 07:48:32 - INFO - SQLite database connection closed
