2026-01-27 00:01:16 - INFO - Logging initialized. Log file: pb2b/logs/bybit_scraper_20260127.log
2026-01-27 00:01:18 - INFO - DataSaver logging initialized. Log file: pb2b/logs/data_saver_20260127.log
2026-01-27 00:01:18 - INFO - Connected to SQLite database: pb2b/p2p_listings.db
2026-01-27 00:01:18 - INFO - Database tables created successfully
2026-01-27 00:01:18 - INFO - Attempt 1/10: Loading https://www.bybit.com/fiat/trade/otc?actionType=1&token=USDT&fiat=NGN
2026-01-27 00:01:28 - INFO - Screenshot saved as 'pb2b/screenshots/bybit_page_20260127_000128.png'
2026-01-27 00:01:28 - WARNING - Error parsing row: Message: no such element: Unable to locate element: {"method":"css selector","selector":"td:nth-child(2)"}
  (Session info: chrome=144.0.7559.96); For documentation on this error, please visit: https://www.selenium.dev/documentation/webdriver/troubleshooting/errors#nosuchelementexception
Stacktrace:
#0 0x55f08e3dac3a <unknown>
#1 0x55f08ddf4969 <unknown>
#2 0x55f08de49ead <unknown>
#3 0x55f08de4a0f1 <unknown>
#4 0x55f08de3d6e6 <unknown>
#5 0x55f08de3d5c7 <unknown>
#6 0x55f08de92a20 <unknown>
#7 0x55f08de3bbe2 <unknown>
#8 0x55f08de3c991 <unknown>
#9 0x55f08e3a0a99 <unknown>
#10 0x55f08e3a39b1 <unknown>
#11 0x55f08e38d0a9 <unknown>
#12 0x55f08e3a456e <unknown>
#13 0x55f08e3735e0 <unknown>
#14 0x55f08e3c8358 <unknown>
#15 0x55f08e3c8528 <unknown>
#16 0x55f08e3d9fa8 <unknown>
#17 0x7f25a509caa4 <unknown>
#18 0x7f25a5129c6c <unknown>

2026-01-27 00:01:28 - INFO - Fetching BUY listings for USDT/EUR
2026-01-27 00:01:29 - INFO - Data successfully saved to SQLite database. New listings - Bybit: 5, Binance: 6
2026-01-27 00:01:30 - INFO - Browser session closed
2026-01-27 00:01:30 - INFO - SQLite database connection closed
2026-01-27 02:36:19 - INFO - Logging initialized. Log file: pb2b/logs/bybit_scraper_20260127.log
2026-01-27 02:36:21 - INFO - DataSaver logging initialized. Log file: pb2b/logs/data_saver_20260127.log
2026-01-27 02:36:21 - INFO - Connected to SQLite database: pb2b/p2p_listings.db
2026-01-27 02:36:21 - INFO - Database tables created successfully
2026-01-27 02:36:21 - INFO - Attempt 1/10: Loading https://www.bybit.com/fiat/trade/otc?actionType=1&token=USDT&fiat=NGN
2026-01-27 02:36:30 - INFO - Screenshot saved as 'pb2b/screenshots/bybit_page_20260127_023630.png'
2026-01-27 02:36:30 - WARNING - Error parsing row: Message: no such element: Unable to locate element: {"method":"css selector","selector":"td:nth-child(2)"}
  (Session info: chrome=144.0.7559.96); For documentation on this error, please visit: https://www.selenium.dev/documentation/webdriver/troubleshooting/errors#nosuchelementexception
Stacktrace:
#0 0x564c9322bc3a <unknown>
#1 0x564c92c45969 <unknown>
#2 0x564c92c9aead <unknown>
#3 0x564c92c9b0f1 <unknown>
#4 0x564c92c8e6e6 <unknown>
#5 0x564c92c8e5c7 <unknown>
#6 0x564c92ce3a20 <unknown>
#7 0x564c92c8cbe2 <unknown>
#8 0x564c92c8d991 <unknown>
#9 0x564c931f1a99 <unknown>
#10 0x564c931f49b1 <unknown>
#11 0x564c931de0a9 <unknown>
#12 0x564c931f556e <unknown>
#13 0x564c931c45e0 <unknown>
#14 0x564c93219358 <unknown>
#15 0x564c93219528 <unknown>
#16 0x564c9322afa8 <unknown>
#17 0x7fd2df49caa4 <unknown>
#18 0x7fd2df529c6c <unknown>

2026-01-27 02:36:31 - INFO - Fetching BUY listings for USDT/EUR
2026-01-27 02:36:31 - INFO - Data successfully saved to SQLite database. New listings - Bybit: 5, Binance: 6
2026-01-27 02:36:32 - INFO - Browser session closed
2026-01-27 02:36:32 - INFO - SQLite database connection closed
2026-01-27 04:05:37 - INFO - Logging initialized. Log file: pb2b/logs/bybit_scraper_20260127.log
2026-01-27 04:05:40 - INFO - DataSaver logging initialized. Log file: pb2b/logs/data_saver_20260127.log
2026-01-27 04:05:40 - INFO - Connected to SQLite database: pb2b/p2p_listings.db
2026-01-27 04:05:40 - INFO - Database tables created successfully
2026-01-27 04:05:40 - INFO - Attempt 1/10: Loading https://www.bybit.com/fiat/trade/otc?actionType=1&token=USDT&fiat=NGN
2026-01-27 04:05:48 - INFO - Screenshot saved as 'pb2b/screenshots/bybit_page_20260127_040548.png'
2026-01-27 04:05:48 - WARNING - Error parsing row: Message: no such element: Unable to locate element: {"method":"css selector","selector":"td:nth-child(2)"}
  (Session info: chrome=144.0.7559.96); For documentation on this error, please visit: https://www.selenium.dev/documentation/webdriver/troubleshooting/errors#nosuchelementexception
Stacktrace:
#0 0x55b537ea5c3a <unknown>
#1 0x55b5378bf969 <unknown>
#2 0x55b537914ead <unknown>
#3 0x55b5379150f1 <unknown>
#4 0x55b5379086e6 <unknown>
#5 0x55b5379085c7 <unknown>
#6 0x55b53795da20 <unknown>
#7 0x55b537906be2 <unknown>
#8 0x55b537907991 <unknown>
#9 0x55b537e6ba99 <unknown>
#10 0x55b537e6e9b1 <unknown>
#11 0x55b537e580a9 <unknown>
#12 0x55b537e6f56e <unknown>
#13 0x55b537e3e5e0 <unknown>
#14 0x55b537e93358 <unknown>
#15 0x55b537e93528 <unknown>
#16 0x55b537ea4fa8 <unknown>
#17 0x7f450669caa4 <unknown>
#18 0x7f4506729c6c <unknown>

2026-01-27 04:05:49 - INFO - Fetching BUY listings for USDT/EUR
2026-01-27 04:05:49 - INFO - Data successfully saved to SQLite database. New listings - Bybit: 5, Binance: 6
2026-01-27 04:05:49 - INFO - Browser session closed
2026-01-27 04:05:49 - INFO - SQLite database connection closed
2026-01-27 04:59:46 - INFO - Logging initialized. Log file: pb2b/logs/bybit_scraper_20260127.log
2026-01-27 04:59:48 - INFO - DataSaver logging initialized. Log file: pb2b/logs/data_saver_20260127.log
2026-01-27 04:59:48 - INFO - Connected to SQLite database: pb2b/p2p_listings.db
2026-01-27 04:59:48 - INFO - Database tables created successfully
2026-01-27 04:59:48 - INFO - Attempt 1/10: Loading https://www.bybit.com/fiat/trade/otc?actionType=1&token=USDT&fiat=NGN
2026-01-27 04:59:57 - INFO - Screenshot saved as 'pb2b/screenshots/bybit_page_20260127_045957.png'
2026-01-27 04:59:57 - WARNING - Error parsing row: Message: no such element: Unable to locate element: {"method":"css selector","selector":"td:nth-child(2)"}
  (Session info: chrome=144.0.7559.96); For documentation on this error, please visit: https://www.selenium.dev/documentation/webdriver/troubleshooting/errors#nosuchelementexception
Stacktrace:
#0 0x55a5e077dc3a <unknown>
#1 0x55a5e0197969 <unknown>
#2 0x55a5e01ecead <unknown>
#3 0x55a5e01ed0f1 <unknown>
#4 0x55a5e01e06e6 <unknown>
#5 0x55a5e01e05c7 <unknown>
#6 0x55a5e0235a20 <unknown>
#7 0x55a5e01debe2 <unknown>
#8 0x55a5e01df991 <unknown>
#9 0x55a5e0743a99 <unknown>
#10 0x55a5e07469b1 <unknown>
#11 0x55a5e07300a9 <unknown>
#12 0x55a5e074756e <unknown>
#13 0x55a5e07165e0 <unknown>
#14 0x55a5e076b358 <unknown>
#15 0x55a5e076b528 <unknown>
#16 0x55a5e077cfa8 <unknown>
#17 0x7fa10989caa4 <unknown>
#18 0x7fa109929c6c <unknown>

2026-01-27 04:59:57 - INFO - Fetching BUY listings for USDT/EUR
2026-01-27 04:59:58 - INFO - Data successfully saved to SQLite database. New listings - Bybit: 5, Binance: 6
2026-01-27 04:59:58 - INFO - Browser session closed
2026-01-27 04:59:58 - INFO - SQLite database connection closed
2026-01-27 05:38:37 - INFO - Logging initialized. Log file: pb2b/logs/bybit_scraper_20260127.log
2026-01-27 05:38:40 - INFO - DataSaver logging initialized. Log file: pb2b/logs/data_saver_20260127.log
2026-01-27 05:38:40 - INFO - Connected to SQLite database: pb2b/p2p_listings.db
2026-01-27 05:38:40 - INFO - Database tables created successfully
2026-01-27 05:38:40 - INFO - Attempt 1/10: Loading https://www.bybit.com/fiat/trade/otc?actionType=1&token=USDT&fiat=NGN
2026-01-27 05:38:49 - INFO - Screenshot saved as 'pb2b/screenshots/bybit_page_20260127_053849.png'
2026-01-27 05:38:49 - WARNING - Error parsing row: Message: no such element: Unable to locate element: {"method":"css selector","selector":"td:nth-child(2)"}
  (Session info: chrome=144.0.7559.96); For documentation on this error, please visit: https://www.selenium.dev/documentation/webdriver/troubleshooting/errors#nosuchelementexception
Stacktrace:
#0 0x55c07e6d9c3a <unknown>
#1 0x55c07e0f3969 <unknown>
#2 0x55c07e148ead <unknown>
#3 0x55c07e1490f1 <unknown>
#4 0x55c07e13c6e6 <unknown>
#5 0x55c07e13c5c7 <unknown>
#6 0x55c07e191a20 <unknown>
#7 0x55c07e13abe2 <unknown>
#8 0x55c07e13b991 <unknown>
#9 0x55c07e69fa99 <unknown>
#10 0x55c07e6a29b1 <unknown>
#11 0x55c07e68c0a9 <unknown>
#12 0x55c07e6a356e <unknown>
#13 0x55c07e6725e0 <unknown>
#14 0x55c07e6c7358 <unknown>
#15 0x55c07e6c7528 <unknown>
#16 0x55c07e6d8fa8 <unknown>
#17 0x7fe8a569caa4 <unknown>
#18 0x7fe8a5729c6c <unknown>

2026-01-27 05:38:50 - INFO - Fetching BUY listings for USDT/EUR
2026-01-27 05:38:50 - INFO - Data successfully saved to SQLite database. New listings - Bybit: 4, Binance: 6
2026-01-27 05:38:50 - INFO - Browser session closed
2026-01-27 05:38:50 - INFO - SQLite database connection closed
2026-01-27 06:00:02 - INFO - Logging initialized. Log file: pb2b/logs/bybit_scraper_20260127.log
2026-01-27 06:00:03 - INFO - DataSaver logging initialized. Log file: pb2b/logs/data_saver_20260127.log
2026-01-27 06:00:03 - INFO - Connected to SQLite database: pb2b/p2p_listings.db
2026-01-27 06:00:03 - INFO - Database tables created successfully
2026-01-27 06:00:03 - INFO - Attempt 1/10: Loading https://www.bybit.com/fiat/trade/otc?actionType=1&token=USDT&fiat=NGN
2026-01-27 06:00:14 - INFO - Screenshot saved as 'pb2b/screenshots/bybit_page_20260127_060014.png'
2026-01-27 06:00:14 - WARNING - Error parsing row: Message: no such element: Unable to locate element: {"method":"css selector","selector":"td:nth-child(2)"}
  (Session info: chrome=144.0.7559.96); For documentation on this error, please visit: https://www.selenium.dev/documentation/webdriver/troubleshooting/errors#nosuchelementexception
Stacktrace:
#0 0x55a5857bdc3a <unknown>
#1 0x55a5851d7969 <unknown>
#2 0x55a58522cead <unknown>
#3 0x55a58522d0f1 <unknown>
#4 0x55a5852206e6 <unknown>
#5 0x55a5852205c7 <unknown>
#6 0x55a585275a20 <unknown>
#7 0x55a58521ebe2 <unknown>
#8 0x55a58521f991 <unknown>
#9 0x55a585783a99 <unknown>
#10 0x55a5857869b1 <unknown>
#11 0x55a5857700a9 <unknown>
#12 0x55a58578756e <unknown>
#13 0x55a5857565e0 <unknown>
#14 0x55a5857ab358 <unknown>
#15 0x55a5857ab528 <unknown>
#16 0x55a5857bcfa8 <unknown>
#17 0x7fda8a49caa4 <unknown>
#18 0x7fda8a529c6c <unknown>

2026-01-27 06:00:14 - INFO - Fetching BUY listings for USDT/EUR
2026-01-27 06:00:15 - INFO - Data successfully saved to SQLite database. New listings - Bybit: 4, Binance: 6
2026-01-27 06:00:15 - INFO - Browser session closed
2026-01-27 06:00:15 - INFO - SQLite database connection closed
2026-01-27 06:51:57 - INFO - Logging initialized. Log file: pb2b/logs/bybit_scraper_20260127.log
2026-01-27 06:52:00 - INFO - DataSaver logging initialized. Log file: pb2b/logs/data_saver_20260127.log
2026-01-27 06:52:00 - INFO - Connected to SQLite database: pb2b/p2p_listings.db
2026-01-27 06:52:00 - INFO - Database tables created successfully
2026-01-27 06:52:00 - INFO - Attempt 1/10: Loading https://www.bybit.com/fiat/trade/otc?actionType=1&token=USDT&fiat=NGN
2026-01-27 06:52:09 - INFO - Screenshot saved as 'pb2b/screenshots/bybit_page_20260127_065209.png'
2026-01-27 06:52:09 - WARNING - Error parsing row: Message: no such element: Unable to locate element: {"method":"css selector","selector":"td:nth-child(2)"}
  (Session info: chrome=144.0.7559.96); For documentation on this error, please visit: https://www.selenium.dev/documentation/webdriver/troubleshooting/errors#nosuchelementexception
Stacktrace:
#0 0x560bf1f76c3a <unknown>
#1 0x560bf1990969 <unknown>
#2 0x560bf19e5ead <unknown>
#3 0x560bf19e60f1 <unknown>
#4 0x560bf19d96e6 <unknown>
#5 0x560bf19d95c7 <unknown>
#6 0x560bf1a2ea20 <unknown>
#7 0x560bf19d7be2 <unknown>
#8 0x560bf19d8991 <unknown>
#9 0x560bf1f3ca99 <unknown>
#10 0x560bf1f3f9b1 <unknown>
#11 0x560bf1f290a9 <unknown>
#12 0x560bf1f4056e <unknown>
#13 0x560bf1f0f5e0 <unknown>
#14 0x560bf1f64358 <unknown>
#15 0x560bf1f64528 <unknown>
#16 0x560bf1f75fa8 <unknown>
#17 0x7fbe04e9caa4 <unknown>
#18 0x7fbe04f29c6c <unknown>

2026-01-27 06:52:10 - INFO - Fetching BUY listings for USDT/EUR
2026-01-27 06:52:10 - INFO - Data successfully saved to SQLite database. New listings - Bybit: 5, Binance: 6
2026-01-27 06:52:11 - INFO - Browser session closed
2026-01-27 06:52:11 - INFO - SQLite database connection closed
2026-01-27 07:31:11 - INFO - Logging initialized. Log file: pb2b/logs/bybit_scraper_20260127.log
2026-01-27 07:31:12 - INFO - DataSaver logging initialized. Log file: pb2b/logs/data_saver_20260127.log
2026-01-27 07:31:12 - INFO - Connected to SQLite database: pb2b/p2p_listings.db
2026-01-27 07:31:12 - INFO - Database tables created successfully
2026-01-27 07:31:12 - INFO - Attempt 1/10: Loading https://www.bybit.com/fiat/trade/otc?actionType=1&token=USDT&fiat=NGN
2026-01-27 07:31:21 - INFO - Screenshot saved as 'pb2b/screenshots/bybit_page_20260127_073121.png'
2026-01-27 07:31:21 - WARNING - Error parsing row: Message: no such element: Unable to locate element: {"method":"css selector","selector":"td:nth-child(2)"}
  (Session info: chrome=144.0.7559.96); For documentation on this error, please visit: https://www.selenium.dev/documentation/webdriver/troubleshooting/errors#nosuchelementexception
Stacktrace:
#0 0x5611c88bec3a <unknown>
#1 0x5611c82d8969 <unknown>
#2 0x5611c832dead <unknown>
#3 0x5611c832e0f1 <unknown>
#4 0x5611c83216e6 <unknown>
#5 0x5611c83215c7 <unknown>
#6 0x5611c8376a20 <unknown>
#7 0x5611c831fbe2 <unknown>
#8 0x5611c8320991 <unknown>
#9 0x5611c8884a99 <unknown>
#10 0x5611c88879b1 <unknown>
#11 0x5611c88710a9 <unknown>
#12 0x5611c888856e <unknown>
#13 0x5611c88575e0 <unknown>
#14 0x5611c88ac358 <unknown>
#15 0x5611c88ac528 <unknown>
#16 0x5611c88bdfa8 <unknown>
#17 0x7fc17f09caa4 <unknown>
#18 0x7fc17f129c6c <unknown>

2026-01-27 07:31:22 - INFO - Fetching BUY listings for USDT/EUR
2026-01-27 07:31:22 - INFO - Data successfully saved to SQLite database. New listings - Bybit: 5, Binance: 6
2026-01-27 07:31:22 - INFO - Browser session closed
2026-01-27 07:31:22 - INFO - SQLite database connection closed
2026-01-27 07:50:44 - INFO - Logging initialized. Log file: pb2b/logs/bybit_scraper_20260127.log
2026-01-27 07:50:47 - INFO - DataSaver logging initialized. Log file: pb2b/logs/data_saver_20260127.log
2026-01-27 07:50:47 - INFO - Connected to SQLite database: pb2b/p2p_listings.db
2026-01-27 07:50:47 - INFO - Database tables created successfully
2026-01-27 07:50:47 - INFO - Attempt 1/10: Loading https://www.bybit.com/fiat/trade/otc?actionType=1&token=USDT&fiat=NGN
2026-01-27 07:50:55 - INFO - Screenshot saved as 'pb2b/screenshots/bybit_page_20260127_075055.png'
2026-01-27 07:50:55 - WARNING - Error parsing row: Message: no such element: Unable to locate element: {"method":"css selector","selector":"td:nth-child(2)"}
  (Session info: chrome=144.0.7559.96); For documentation on this error, please visit: https://www.selenium.dev/documentation/webdriver/troubleshooting/errors#nosuchelementexception
Stacktrace:
#0 0x55af104dec3a <unknown>
#1 0x55af0fef8969 <unknown>
#2 0x55af0ff4dead <unknown>
#3 0x55af0ff4e0f1 <unknown>
#4 0x55af0ff416e6 <unknown>
#5 0x55af0ff415c7 <unknown>
#6 0x55af0ff96a20 <unknown>
#7 0x55af0ff3fbe2 <unknown>
#8 0x55af0ff40991 <unknown>
#9 0x55af104a4a99 <unknown>
#10 0x55af104a79b1 <unknown>
#11 0x55af104910a9 <unknown>
#12 0x55af104a856e <unknown>
#13 0x55af104775e0 <unknown>
#14 0x55af104cc358 <unknown>
#15 0x55af104cc528 <unknown>
#16 0x55af104ddfa8 <unknown>
#17 0x7ff5a489caa4 <unknown>
#18 0x7ff5a4929c6c <unknown>

2026-01-27 07:50:55 - INFO - Fetching BUY listings for USDT/EUR
2026-01-27 07:50:56 - INFO - Data successfully saved to SQLite database. New listings - Bybit: 5, Binance: 6
2026-01-27 07:50:56 - INFO - Browser session closed
2026-01-27 07:50:56 - INFO - SQLite database connection closed
