2026-04-16 03:49:04 - INFO - Logging initialized. Log file: pb2b/logs/bybit_scraper_20260416.log
2026-04-16 03:49:05 - INFO - DataSaver logging initialized. Log file: pb2b/logs/data_saver_20260416.log
2026-04-16 03:49:05 - INFO - Connected to SQLite database: pb2b/p2p_listings.db
2026-04-16 03:49:05 - INFO - Database tables created successfully
2026-04-16 03:49:05 - INFO - Attempt 1/10: Loading https://www.bybit.com/fiat/trade/otc?actionType=1&token=USDT&fiat=NGN
2026-04-16 03:49:12 - INFO - Screenshot saved as 'pb2b/screenshots/bybit_page_20260416_034912.png'
2026-04-16 03:49:12 - WARNING - Error parsing row: Message: no such element: Unable to locate element: {"method":"css selector","selector":"td:nth-child(2)"}
  (Session info: chrome=147.0.7727.101); For documentation on this error, please visit: https://www.selenium.dev/documentation/webdriver/troubleshooting/errors#nosuchelementexception
Stacktrace:
#0 0x55a1ce57bb6a <unknown>
#1 0x55a1cdf7d265 <unknown>
#2 0x55a1cdfcff76 <unknown>
#3 0x55a1cdfd01b1 <unknown>
#4 0x55a1cdfc4f26 <unknown>
#5 0x55a1cdfc4e07 <unknown>
#6 0x55a1ce018969 <unknown>
#7 0x55a1cdfc35cf <unknown>
#8 0x55a1cdfc4391 <unknown>
#9 0x55a1ce54104b <unknown>
#10 0x55a1ce54400d <unknown>
#11 0x55a1ce52d808 <unknown>
#12 0x55a1ce544ba0 <unknown>
#13 0x55a1ce514280 <unknown>
#14 0x55a1ce568db8 <unknown>
#15 0x55a1ce568f88 <unknown>
#16 0x55a1ce57a5de <unknown>
#17 0x7f970fa9caa4 <unknown>
#18 0x7f970fb29c6c <unknown>

2026-04-16 03:49:12 - WARNING - Error parsing row: Message: no such element: Unable to locate element: {"method":"css selector","selector":"td:nth-child(2)"}
  (Session info: chrome=147.0.7727.101); For documentation on this error, please visit: https://www.selenium.dev/documentation/webdriver/troubleshooting/errors#nosuchelementexception
Stacktrace:
#0 0x55a1ce57bb6a <unknown>
#1 0x55a1cdf7d265 <unknown>
#2 0x55a1cdfcff76 <unknown>
#3 0x55a1cdfd01b1 <unknown>
#4 0x55a1cdfc4f26 <unknown>
#5 0x55a1cdfc4e07 <unknown>
#6 0x55a1ce018969 <unknown>
#7 0x55a1cdfc35cf <unknown>
#8 0x55a1cdfc4391 <unknown>
#9 0x55a1ce54104b <unknown>
#10 0x55a1ce54400d <unknown>
#11 0x55a1ce52d808 <unknown>
#12 0x55a1ce544ba0 <unknown>
#13 0x55a1ce514280 <unknown>
#14 0x55a1ce568db8 <unknown>
#15 0x55a1ce568f88 <unknown>
#16 0x55a1ce57a5de <unknown>
#17 0x7f970fa9caa4 <unknown>
#18 0x7f970fb29c6c <unknown>

2026-04-16 03:49:13 - INFO - Fetching BUY listings for USDT/EUR
2026-04-16 03:49:13 - INFO - Data successfully saved to SQLite database. New listings - Bybit: 2, Binance: 6
2026-04-16 03:49:14 - INFO - Browser session closed
2026-04-16 03:49:14 - INFO - SQLite database connection closed
