2024-12-11 01:24:01 - INFO - Logging initialized. Log file: pb2b/logs/bybit_scraper_20241211.log
2024-12-11 01:24:03 - INFO - DataSaver logging initialized. Log file: pb2b/logs/data_saver_20241211.log
2024-12-11 01:24:03 - INFO - Connected to SQLite database: pb2b/p2p_listings.db
2024-12-11 01:24:03 - INFO - Database tables created successfully
2024-12-11 01:24:03 - INFO - Attempt 1/10: Loading https://www.bybit.com/fiat/trade/otc?actionType=1&token=USDT&fiat=NGN
2024-12-11 01:24:13 - INFO - Screenshot saved as 'pb2b/screenshots/bybit_page_20241211_012413.png'
2024-12-11 01:24:14 - INFO - Fetching BUY listings for USDT/EUR
2024-12-11 01:24:14 - INFO - Data successfully saved to SQLite database. New listings - Bybit: 4, Binance: 6
2024-12-11 01:24:14 - INFO - Browser session closed
2024-12-11 01:24:14 - INFO - SQLite database connection closed
2024-12-11 02:45:02 - INFO - Logging initialized. Log file: pb2b/logs/bybit_scraper_20241211.log
2024-12-11 02:45:02 - INFO - DataSaver logging initialized. Log file: pb2b/logs/data_saver_20241211.log
2024-12-11 02:45:02 - INFO - Connected to SQLite database: pb2b/p2p_listings.db
2024-12-11 02:45:02 - INFO - Database tables created successfully
2024-12-11 02:45:02 - INFO - Attempt 1/10: Loading https://www.bybit.com/fiat/trade/otc?actionType=1&token=USDT&fiat=NGN
2024-12-11 02:45:13 - INFO - Screenshot saved as 'pb2b/screenshots/bybit_page_20241211_024513.png'
2024-12-11 02:45:13 - INFO - Fetching BUY listings for USDT/EUR
2024-12-11 02:45:14 - INFO - Data successfully saved to SQLite database. New listings - Bybit: 5, Binance: 6
2024-12-11 02:45:14 - INFO - Browser session closed
2024-12-11 02:45:14 - INFO - SQLite database connection closed
2024-12-11 03:25:15 - INFO - Logging initialized. Log file: pb2b/logs/bybit_scraper_20241211.log
2024-12-11 03:25:19 - INFO - DataSaver logging initialized. Log file: pb2b/logs/data_saver_20241211.log
2024-12-11 03:25:19 - INFO - Connected to SQLite database: pb2b/p2p_listings.db
2024-12-11 03:25:19 - INFO - Database tables created successfully
2024-12-11 03:25:19 - INFO - Attempt 1/10: Loading https://www.bybit.com/fiat/trade/otc?actionType=1&token=USDT&fiat=NGN
2024-12-11 03:25:31 - INFO - Screenshot saved as 'pb2b/screenshots/bybit_page_20241211_032531.png'
2024-12-11 03:25:32 - INFO - Fetching BUY listings for USDT/EUR
2024-12-11 03:25:32 - INFO - Data successfully saved to SQLite database. New listings - Bybit: 5, Binance: 6
2024-12-11 03:25:32 - INFO - Browser session closed
2024-12-11 03:25:32 - INFO - SQLite database connection closed
