2025-01-07 01:52:39 - INFO - Logging initialized. Log file: pb2b/logs/bybit_scraper_20250107.log
2025-01-07 01:52:40 - INFO - DataSaver logging initialized. Log file: pb2b/logs/data_saver_20250107.log
2025-01-07 01:52:40 - INFO - Connected to SQLite database: pb2b/p2p_listings.db
2025-01-07 01:52:40 - INFO - Database tables created successfully
2025-01-07 01:52:40 - INFO - Attempt 1/10: Loading https://www.bybit.com/fiat/trade/otc?actionType=1&token=USDT&fiat=NGN
2025-01-07 01:52:50 - INFO - Screenshot saved as 'pb2b/screenshots/bybit_page_20250107_015250.png'
2025-01-07 01:52:50 - INFO - Fetching BUY listings for USDT/EUR
2025-01-07 01:52:51 - INFO - Data successfully saved to SQLite database. New listings - Bybit: 4, Binance: 6
2025-01-07 01:52:51 - INFO - Browser session closed
2025-01-07 01:52:51 - INFO - SQLite database connection closed
2025-01-07 02:48:40 - INFO - Logging initialized. Log file: pb2b/logs/bybit_scraper_20250107.log
2025-01-07 02:48:40 - INFO - DataSaver logging initialized. Log file: pb2b/logs/data_saver_20250107.log
2025-01-07 02:48:40 - INFO - Connected to SQLite database: pb2b/p2p_listings.db
2025-01-07 02:48:40 - INFO - Database tables created successfully
2025-01-07 02:48:40 - INFO - Attempt 1/10: Loading https://www.bybit.com/fiat/trade/otc?actionType=1&token=USDT&fiat=NGN
2025-01-07 02:48:51 - INFO - Screenshot saved as 'pb2b/screenshots/bybit_page_20250107_024851.png'
2025-01-07 02:48:52 - INFO - Fetching BUY listings for USDT/EUR
2025-01-07 02:48:52 - INFO - Data successfully saved to SQLite database. New listings - Bybit: 4, Binance: 6
2025-01-07 02:48:52 - INFO - Browser session closed
2025-01-07 02:48:52 - INFO - SQLite database connection closed
2025-01-07 03:16:25 - INFO - Logging initialized. Log file: pb2b/logs/bybit_scraper_20250107.log
2025-01-07 03:16:26 - INFO - DataSaver logging initialized. Log file: pb2b/logs/data_saver_20250107.log
2025-01-07 03:16:26 - INFO - Connected to SQLite database: pb2b/p2p_listings.db
2025-01-07 03:16:26 - INFO - Database tables created successfully
2025-01-07 03:16:26 - INFO - Attempt 1/10: Loading https://www.bybit.com/fiat/trade/otc?actionType=1&token=USDT&fiat=NGN
2025-01-07 03:16:36 - INFO - Screenshot saved as 'pb2b/screenshots/bybit_page_20250107_031635.png'
2025-01-07 03:16:36 - INFO - Fetching BUY listings for USDT/EUR
2025-01-07 03:16:36 - INFO - Data successfully saved to SQLite database. New listings - Bybit: 4, Binance: 6
2025-01-07 03:16:37 - INFO - Browser session closed
2025-01-07 03:16:37 - INFO - SQLite database connection closed
2025-01-07 03:40:06 - INFO - Logging initialized. Log file: pb2b/logs/bybit_scraper_20250107.log
2025-01-07 03:40:07 - INFO - DataSaver logging initialized. Log file: pb2b/logs/data_saver_20250107.log
2025-01-07 03:40:07 - INFO - Connected to SQLite database: pb2b/p2p_listings.db
2025-01-07 03:40:07 - INFO - Database tables created successfully
2025-01-07 03:40:07 - INFO - Attempt 1/10: Loading https://www.bybit.com/fiat/trade/otc?actionType=1&token=USDT&fiat=NGN
2025-01-07 03:40:17 - INFO - Screenshot saved as 'pb2b/screenshots/bybit_page_20250107_034017.png'
2025-01-07 03:40:18 - INFO - Fetching BUY listings for USDT/EUR
2025-01-07 03:40:18 - INFO - Data successfully saved to SQLite database. New listings - Bybit: 4, Binance: 6
2025-01-07 03:40:18 - INFO - Browser session closed
2025-01-07 03:40:18 - INFO - SQLite database connection closed
2025-01-07 03:53:20 - INFO - Logging initialized. Log file: pb2b/logs/bybit_scraper_20250107.log
2025-01-07 03:53:20 - INFO - DataSaver logging initialized. Log file: pb2b/logs/data_saver_20250107.log
2025-01-07 03:53:20 - INFO - Connected to SQLite database: pb2b/p2p_listings.db
2025-01-07 03:53:20 - INFO - Database tables created successfully
2025-01-07 03:53:20 - INFO - Attempt 1/10: Loading https://www.bybit.com/fiat/trade/otc?actionType=1&token=USDT&fiat=NGN
2025-01-07 03:53:31 - INFO - Screenshot saved as 'pb2b/screenshots/bybit_page_20250107_035331.png'
2025-01-07 03:53:32 - INFO - Fetching BUY listings for USDT/EUR
2025-01-07 03:53:33 - INFO - Data successfully saved to SQLite database. New listings - Bybit: 4, Binance: 6
2025-01-07 03:53:33 - INFO - Browser session closed
2025-01-07 03:53:33 - INFO - SQLite database connection closed
2025-01-07 04:20:06 - INFO - Logging initialized. Log file: pb2b/logs/bybit_scraper_20250107.log
2025-01-07 04:20:08 - INFO - DataSaver logging initialized. Log file: pb2b/logs/data_saver_20250107.log
2025-01-07 04:20:08 - INFO - Connected to SQLite database: pb2b/p2p_listings.db
2025-01-07 04:20:08 - INFO - Database tables created successfully
2025-01-07 04:20:08 - INFO - Attempt 1/10: Loading https://www.bybit.com/fiat/trade/otc?actionType=1&token=USDT&fiat=NGN
2025-01-07 04:20:22 - INFO - Screenshot saved as 'pb2b/screenshots/bybit_page_20250107_042021.png'
2025-01-07 04:20:22 - INFO - Fetching BUY listings for USDT/EUR
2025-01-07 04:20:23 - INFO - Data successfully saved to SQLite database. New listings - Bybit: 4, Binance: 6
2025-01-07 04:20:23 - INFO - Browser session closed
2025-01-07 04:20:23 - INFO - SQLite database connection closed
