2024-12-25 00:52:42 - INFO - Logging initialized. Log file: pb2b/logs/bybit_scraper_20241225.log
2024-12-25 00:52:43 - INFO - DataSaver logging initialized. Log file: pb2b/logs/data_saver_20241225.log
2024-12-25 00:52:43 - INFO - Connected to SQLite database: pb2b/p2p_listings.db
2024-12-25 00:52:43 - INFO - Database tables created successfully
2024-12-25 00:52:44 - INFO - Browser session closed
2024-12-25 00:52:44 - INFO - SQLite database connection closed
2024-12-25 02:14:34 - INFO - Logging initialized. Log file: pb2b/logs/bybit_scraper_20241225.log
2024-12-25 02:14:34 - INFO - DataSaver logging initialized. Log file: pb2b/logs/data_saver_20241225.log
2024-12-25 02:14:34 - INFO - Connected to SQLite database: pb2b/p2p_listings.db
2024-12-25 02:14:34 - INFO - Database tables created successfully
2024-12-25 02:14:35 - INFO - Browser session closed
2024-12-25 02:14:35 - INFO - SQLite database connection closed
2024-12-25 02:57:41 - INFO - Logging initialized. Log file: pb2b/logs/bybit_scraper_20241225.log
2024-12-25 02:57:42 - INFO - DataSaver logging initialized. Log file: pb2b/logs/data_saver_20241225.log
2024-12-25 02:57:42 - INFO - Connected to SQLite database: pb2b/p2p_listings.db
2024-12-25 02:57:42 - INFO - Database tables created successfully
2024-12-25 02:57:44 - INFO - Browser session closed
2024-12-25 02:57:44 - INFO - SQLite database connection closed
2024-12-25 03:28:28 - INFO - Logging initialized. Log file: pb2b/logs/bybit_scraper_20241225.log
2024-12-25 03:28:28 - INFO - DataSaver logging initialized. Log file: pb2b/logs/data_saver_20241225.log
2024-12-25 03:28:28 - INFO - Connected to SQLite database: pb2b/p2p_listings.db
2024-12-25 03:28:28 - INFO - Database tables created successfully
2024-12-25 03:28:30 - INFO - Browser session closed
2024-12-25 03:28:30 - INFO - SQLite database connection closed
