2026-01-06 01:32:22 - INFO - Logging initialized. Log file: pb2b/logs/bybit_scraper_20260106.log
2026-01-06 01:32:24 - INFO - DataSaver logging initialized. Log file: pb2b/logs/data_saver_20260106.log
2026-01-06 01:32:24 - INFO - Connected to SQLite database: pb2b/p2p_listings.db
2026-01-06 01:32:24 - INFO - Database tables created successfully
2026-01-06 01:32:24 - INFO - Attempt 1/10: Loading https://www.bybit.com/fiat/trade/otc?actionType=1&token=USDT&fiat=NGN
2026-01-06 01:32:34 - INFO - Screenshot saved as 'pb2b/screenshots/bybit_page_20260106_013234.png'
2026-01-06 01:32:34 - WARNING - Error parsing row: Message: no such element: Unable to locate element: {"method":"css selector","selector":"td:nth-child(2)"}
  (Session info: chrome=143.0.7499.169); For documentation on this error, please visit: https://www.selenium.dev/documentation/webdriver/troubleshooting/errors#nosuchelementexception
Stacktrace:
#0 0x5567b265319a <unknown>
#1 0x5567b20d0c4b <unknown>
#2 0x5567b2122318 <unknown>
#3 0x5567b2122551 <unknown>
#4 0x5567b2116586 <unknown>
#5 0x5567b2116477 <unknown>
#6 0x5567b216dbee <unknown>
#7 0x5567b2114c42 <unknown>
#8 0x5567b21158f1 <unknown>
#9 0x5567b261bf39 <unknown>
#10 0x5567b261ee7d <unknown>
#11 0x5567b2604c81 <unknown>
#12 0x5567b261fa5b <unknown>
#13 0x5567b25eba50 <unknown>
#14 0x5567b2640aa8 <unknown>
#15 0x5567b2640c79 <unknown>
#16 0x5567b26524f3 <unknown>
#17 0x7f039769caa4 <unknown>
#18 0x7f0397729c6c <unknown>

2026-01-06 01:32:34 - INFO - Fetching BUY listings for USDT/EUR
2026-01-06 01:32:35 - INFO - Data successfully saved to SQLite database. New listings - Bybit: 5, Binance: 6
2026-01-06 01:32:35 - INFO - Browser session closed
2026-01-06 01:32:35 - INFO - SQLite database connection closed
