2025-08-13 05:57:03 - INFO - Logging initialized. Log file: pb2b/logs/bybit_scraper_20250813.log
2025-08-13 05:57:08 - INFO - DataSaver logging initialized. Log file: pb2b/logs/data_saver_20250813.log
2025-08-13 05:57:08 - INFO - Connected to SQLite database: pb2b/p2p_listings.db
2025-08-13 05:57:08 - INFO - Database tables created successfully
2025-08-13 05:57:08 - INFO - Attempt 1/10: Loading https://www.bybit.com/fiat/trade/otc?actionType=1&token=USDT&fiat=NGN
2025-08-13 05:57:18 - INFO - Screenshot saved as 'pb2b/screenshots/bybit_page_20250813_055718.png'
2025-08-13 05:57:18 - INFO - Fetching BUY listings for USDT/EUR
2025-08-13 05:57:21 - INFO - Data successfully saved to SQLite database. New listings - Bybit: 4, Binance: 6
2025-08-13 05:57:21 - INFO - Browser session closed
2025-08-13 05:57:21 - INFO - SQLite database connection closed
2025-08-13 13:02:54 - INFO - Logging initialized. Log file: pb2b/logs/bybit_scraper_20250813.log
2025-08-13 13:03:07 - INFO - DataSaver logging initialized. Log file: pb2b/logs/data_saver_20250813.log
2025-08-13 13:03:07 - INFO - Connected to SQLite database: pb2b/p2p_listings.db
2025-08-13 13:03:07 - INFO - Database tables created successfully
2025-08-13 13:03:07 - INFO - Attempt 1/10: Loading https://www.bybit.com/fiat/trade/otc?actionType=1&token=USDT&fiat=NGN
2025-08-13 13:03:21 - INFO - Screenshot saved as 'pb2b/screenshots/bybit_page_20250813_130321.png'
2025-08-13 13:03:21 - INFO - Fetching BUY listings for USDT/EUR
2025-08-13 13:03:22 - INFO - Data successfully saved to SQLite database. New listings - Bybit: 4, Binance: 6
2025-08-13 13:03:22 - INFO - Browser session closed
2025-08-13 13:03:22 - INFO - SQLite database connection closed
