2026-03-02 00:05:18 - INFO - Logging initialized. Log file: pb2b/logs/bybit_scraper_20260302.log
2026-03-02 00:05:24 - INFO - DataSaver logging initialized. Log file: pb2b/logs/data_saver_20260302.log
2026-03-02 00:05:24 - INFO - Connected to SQLite database: pb2b/p2p_listings.db
2026-03-02 00:05:24 - INFO - Database tables created successfully
2026-03-02 00:05:24 - INFO - Attempt 1/10: Loading https://www.bybit.com/fiat/trade/otc?actionType=1&token=USDT&fiat=NGN
2026-03-02 00:05:33 - INFO - Screenshot saved as 'pb2b/screenshots/bybit_page_20260302_000533.png'
2026-03-02 00:05:33 - WARNING - Error parsing row: Message: no such element: Unable to locate element: {"method":"css selector","selector":"td:nth-child(2)"}
  (Session info: chrome=145.0.7632.116); For documentation on this error, please visit: https://www.selenium.dev/documentation/webdriver/troubleshooting/errors#nosuchelementexception
Stacktrace:
#0 0x55b0fa121b6a <unknown>
#1 0x55b0f9b34a32 <unknown>
#2 0x55b0f9b89d66 <unknown>
#3 0x55b0f9b89fa1 <unknown>
#4 0x55b0f9b7d736 <unknown>
#5 0x55b0f9b7d617 <unknown>
#6 0x55b0f9bd2369 <unknown>
#7 0x55b0f9b7bc0f <unknown>
#8 0x55b0f9b7c9d1 <unknown>
#9 0x55b0fa0e66b9 <unknown>
#10 0x55b0fa0e95c1 <unknown>
#11 0x55b0fa0d2e29 <unknown>
#12 0x55b0fa0ea17e <unknown>
#13 0x55b0fa0b94b0 <unknown>
#14 0x55b0fa10e578 <unknown>
#15 0x55b0fa10e74b <unknown>
#16 0x55b0fa1201a3 <unknown>
#17 0x7fa9bd89caa4 <unknown>
#18 0x7fa9bd929c6c <unknown>

2026-03-02 00:05:33 - WARNING - Error parsing row: Message: no such element: Unable to locate element: {"method":"css selector","selector":"td:nth-child(2)"}
  (Session info: chrome=145.0.7632.116); For documentation on this error, please visit: https://www.selenium.dev/documentation/webdriver/troubleshooting/errors#nosuchelementexception
Stacktrace:
#0 0x55b0fa121b6a <unknown>
#1 0x55b0f9b34a32 <unknown>
#2 0x55b0f9b89d66 <unknown>
#3 0x55b0f9b89fa1 <unknown>
#4 0x55b0f9b7d736 <unknown>
#5 0x55b0f9b7d617 <unknown>
#6 0x55b0f9bd2369 <unknown>
#7 0x55b0f9b7bc0f <unknown>
#8 0x55b0f9b7c9d1 <unknown>
#9 0x55b0fa0e66b9 <unknown>
#10 0x55b0fa0e95c1 <unknown>
#11 0x55b0fa0d2e29 <unknown>
#12 0x55b0fa0ea17e <unknown>
#13 0x55b0fa0b94b0 <unknown>
#14 0x55b0fa10e578 <unknown>
#15 0x55b0fa10e74b <unknown>
#16 0x55b0fa1201a3 <unknown>
#17 0x7fa9bd89caa4 <unknown>
#18 0x7fa9bd929c6c <unknown>

2026-03-02 00:05:33 - INFO - Fetching BUY listings for USDT/EUR
2026-03-02 00:05:34 - INFO - Data successfully saved to SQLite database. New listings - Bybit: 4, Binance: 6
2026-03-02 00:05:34 - INFO - Browser session closed
2026-03-02 00:05:34 - INFO - SQLite database connection closed
2026-03-02 02:56:26 - INFO - Logging initialized. Log file: pb2b/logs/bybit_scraper_20260302.log
2026-03-02 02:56:32 - INFO - DataSaver logging initialized. Log file: pb2b/logs/data_saver_20260302.log
2026-03-02 02:56:32 - INFO - Connected to SQLite database: pb2b/p2p_listings.db
2026-03-02 02:56:32 - INFO - Database tables created successfully
2026-03-02 02:56:32 - INFO - Attempt 1/10: Loading https://www.bybit.com/fiat/trade/otc?actionType=1&token=USDT&fiat=NGN
2026-03-02 02:56:41 - INFO - Screenshot saved as 'pb2b/screenshots/bybit_page_20260302_025641.png'
2026-03-02 02:56:41 - WARNING - Error parsing row: Message: no such element: Unable to locate element: {"method":"css selector","selector":"td:nth-child(2)"}
  (Session info: chrome=145.0.7632.116); For documentation on this error, please visit: https://www.selenium.dev/documentation/webdriver/troubleshooting/errors#nosuchelementexception
Stacktrace:
#0 0x55b35e726b6a <unknown>
#1 0x55b35e139a32 <unknown>
#2 0x55b35e18ed66 <unknown>
#3 0x55b35e18efa1 <unknown>
#4 0x55b35e182736 <unknown>
#5 0x55b35e182617 <unknown>
#6 0x55b35e1d7369 <unknown>
#7 0x55b35e180c0f <unknown>
#8 0x55b35e1819d1 <unknown>
#9 0x55b35e6eb6b9 <unknown>
#10 0x55b35e6ee5c1 <unknown>
#11 0x55b35e6d7e29 <unknown>
#12 0x55b35e6ef17e <unknown>
#13 0x55b35e6be4b0 <unknown>
#14 0x55b35e713578 <unknown>
#15 0x55b35e71374b <unknown>
#16 0x55b35e7251a3 <unknown>
#17 0x7fd86a89caa4 <unknown>
#18 0x7fd86a929c6c <unknown>

2026-03-02 02:56:41 - WARNING - Error parsing row: Message: no such element: Unable to locate element: {"method":"css selector","selector":"td:nth-child(2)"}
  (Session info: chrome=145.0.7632.116); For documentation on this error, please visit: https://www.selenium.dev/documentation/webdriver/troubleshooting/errors#nosuchelementexception
Stacktrace:
#0 0x55b35e726b6a <unknown>
#1 0x55b35e139a32 <unknown>
#2 0x55b35e18ed66 <unknown>
#3 0x55b35e18efa1 <unknown>
#4 0x55b35e182736 <unknown>
#5 0x55b35e182617 <unknown>
#6 0x55b35e1d7369 <unknown>
#7 0x55b35e180c0f <unknown>
#8 0x55b35e1819d1 <unknown>
#9 0x55b35e6eb6b9 <unknown>
#10 0x55b35e6ee5c1 <unknown>
#11 0x55b35e6d7e29 <unknown>
#12 0x55b35e6ef17e <unknown>
#13 0x55b35e6be4b0 <unknown>
#14 0x55b35e713578 <unknown>
#15 0x55b35e71374b <unknown>
#16 0x55b35e7251a3 <unknown>
#17 0x7fd86a89caa4 <unknown>
#18 0x7fd86a929c6c <unknown>

2026-03-02 02:56:41 - INFO - Fetching BUY listings for USDT/EUR
2026-03-02 02:56:44 - INFO - Data successfully saved to SQLite database. New listings - Bybit: 4, Binance: 6
2026-03-02 02:56:44 - INFO - Browser session closed
2026-03-02 02:56:44 - INFO - SQLite database connection closed
2026-03-02 04:50:54 - INFO - Logging initialized. Log file: pb2b/logs/bybit_scraper_20260302.log
2026-03-02 04:50:55 - INFO - DataSaver logging initialized. Log file: pb2b/logs/data_saver_20260302.log
2026-03-02 04:50:55 - INFO - Connected to SQLite database: pb2b/p2p_listings.db
2026-03-02 04:50:55 - INFO - Database tables created successfully
2026-03-02 04:50:55 - INFO - Attempt 1/10: Loading https://www.bybit.com/fiat/trade/otc?actionType=1&token=USDT&fiat=NGN
2026-03-02 04:51:05 - INFO - Screenshot saved as 'pb2b/screenshots/bybit_page_20260302_045105.png'
2026-03-02 04:51:05 - WARNING - Error parsing row: Message: no such element: Unable to locate element: {"method":"css selector","selector":"td:nth-child(2)"}
  (Session info: chrome=145.0.7632.116); For documentation on this error, please visit: https://www.selenium.dev/documentation/webdriver/troubleshooting/errors#nosuchelementexception
Stacktrace:
#0 0x55b564ec7b6a <unknown>
#1 0x55b5648daa32 <unknown>
#2 0x55b56492fd66 <unknown>
#3 0x55b56492ffa1 <unknown>
#4 0x55b564923736 <unknown>
#5 0x55b564923617 <unknown>
#6 0x55b564978369 <unknown>
#7 0x55b564921c0f <unknown>
#8 0x55b5649229d1 <unknown>
#9 0x55b564e8c6b9 <unknown>
#10 0x55b564e8f5c1 <unknown>
#11 0x55b564e78e29 <unknown>
#12 0x55b564e9017e <unknown>
#13 0x55b564e5f4b0 <unknown>
#14 0x55b564eb4578 <unknown>
#15 0x55b564eb474b <unknown>
#16 0x55b564ec61a3 <unknown>
#17 0x7fb351c9caa4 <unknown>
#18 0x7fb351d29c6c <unknown>

2026-03-02 04:51:05 - WARNING - Error parsing row: Message: no such element: Unable to locate element: {"method":"css selector","selector":"td:nth-child(2)"}
  (Session info: chrome=145.0.7632.116); For documentation on this error, please visit: https://www.selenium.dev/documentation/webdriver/troubleshooting/errors#nosuchelementexception
Stacktrace:
#0 0x55b564ec7b6a <unknown>
#1 0x55b5648daa32 <unknown>
#2 0x55b56492fd66 <unknown>
#3 0x55b56492ffa1 <unknown>
#4 0x55b564923736 <unknown>
#5 0x55b564923617 <unknown>
#6 0x55b564978369 <unknown>
#7 0x55b564921c0f <unknown>
#8 0x55b5649229d1 <unknown>
#9 0x55b564e8c6b9 <unknown>
#10 0x55b564e8f5c1 <unknown>
#11 0x55b564e78e29 <unknown>
#12 0x55b564e9017e <unknown>
#13 0x55b564e5f4b0 <unknown>
#14 0x55b564eb4578 <unknown>
#15 0x55b564eb474b <unknown>
#16 0x55b564ec61a3 <unknown>
#17 0x7fb351c9caa4 <unknown>
#18 0x7fb351d29c6c <unknown>

2026-03-02 04:51:06 - INFO - Fetching BUY listings for USDT/EUR
2026-03-02 04:51:06 - INFO - Data successfully saved to SQLite database. New listings - Bybit: 4, Binance: 6
2026-03-02 04:51:06 - INFO - Browser session closed
2026-03-02 04:51:06 - INFO - SQLite database connection closed
2026-03-02 05:47:50 - INFO - Logging initialized. Log file: pb2b/logs/bybit_scraper_20260302.log
2026-03-02 05:47:56 - INFO - DataSaver logging initialized. Log file: pb2b/logs/data_saver_20260302.log
2026-03-02 05:47:56 - INFO - Connected to SQLite database: pb2b/p2p_listings.db
2026-03-02 05:47:56 - INFO - Database tables created successfully
2026-03-02 05:47:56 - INFO - Attempt 1/10: Loading https://www.bybit.com/fiat/trade/otc?actionType=1&token=USDT&fiat=NGN
2026-03-02 05:48:05 - INFO - Screenshot saved as 'pb2b/screenshots/bybit_page_20260302_054805.png'
2026-03-02 05:48:05 - WARNING - Error parsing row: Message: no such element: Unable to locate element: {"method":"css selector","selector":"td:nth-child(2)"}
  (Session info: chrome=145.0.7632.116); For documentation on this error, please visit: https://www.selenium.dev/documentation/webdriver/troubleshooting/errors#nosuchelementexception
Stacktrace:
#0 0x561d3b25db6a <unknown>
#1 0x561d3ac70a32 <unknown>
#2 0x561d3acc5d66 <unknown>
#3 0x561d3acc5fa1 <unknown>
#4 0x561d3acb9736 <unknown>
#5 0x561d3acb9617 <unknown>
#6 0x561d3ad0e369 <unknown>
#7 0x561d3acb7c0f <unknown>
#8 0x561d3acb89d1 <unknown>
#9 0x561d3b2226b9 <unknown>
#10 0x561d3b2255c1 <unknown>
#11 0x561d3b20ee29 <unknown>
#12 0x561d3b22617e <unknown>
#13 0x561d3b1f54b0 <unknown>
#14 0x561d3b24a578 <unknown>
#15 0x561d3b24a74b <unknown>
#16 0x561d3b25c1a3 <unknown>
#17 0x7f44a7e9caa4 <unknown>
#18 0x7f44a7f29c6c <unknown>

2026-03-02 05:48:05 - WARNING - Error parsing row: Message: no such element: Unable to locate element: {"method":"css selector","selector":"td:nth-child(2)"}
  (Session info: chrome=145.0.7632.116); For documentation on this error, please visit: https://www.selenium.dev/documentation/webdriver/troubleshooting/errors#nosuchelementexception
Stacktrace:
#0 0x561d3b25db6a <unknown>
#1 0x561d3ac70a32 <unknown>
#2 0x561d3acc5d66 <unknown>
#3 0x561d3acc5fa1 <unknown>
#4 0x561d3acb9736 <unknown>
#5 0x561d3acb9617 <unknown>
#6 0x561d3ad0e369 <unknown>
#7 0x561d3acb7c0f <unknown>
#8 0x561d3acb89d1 <unknown>
#9 0x561d3b2226b9 <unknown>
#10 0x561d3b2255c1 <unknown>
#11 0x561d3b20ee29 <unknown>
#12 0x561d3b22617e <unknown>
#13 0x561d3b1f54b0 <unknown>
#14 0x561d3b24a578 <unknown>
#15 0x561d3b24a74b <unknown>
#16 0x561d3b25c1a3 <unknown>
#17 0x7f44a7e9caa4 <unknown>
#18 0x7f44a7f29c6c <unknown>

2026-03-02 05:48:06 - INFO - Fetching BUY listings for USDT/EUR
2026-03-02 05:48:06 - INFO - Data successfully saved to SQLite database. New listings - Bybit: 4, Binance: 6
2026-03-02 05:48:07 - INFO - Browser session closed
2026-03-02 05:48:07 - INFO - SQLite database connection closed
2026-03-02 06:44:05 - INFO - Logging initialized. Log file: pb2b/logs/bybit_scraper_20260302.log
2026-03-02 06:44:11 - INFO - DataSaver logging initialized. Log file: pb2b/logs/data_saver_20260302.log
2026-03-02 06:44:11 - INFO - Connected to SQLite database: pb2b/p2p_listings.db
2026-03-02 06:44:11 - INFO - Database tables created successfully
2026-03-02 06:44:11 - INFO - Attempt 1/10: Loading https://www.bybit.com/fiat/trade/otc?actionType=1&token=USDT&fiat=NGN
2026-03-02 06:44:21 - INFO - Screenshot saved as 'pb2b/screenshots/bybit_page_20260302_064420.png'
2026-03-02 06:44:21 - WARNING - Error parsing row: Message: no such element: Unable to locate element: {"method":"css selector","selector":"td:nth-child(2)"}
  (Session info: chrome=145.0.7632.116); For documentation on this error, please visit: https://www.selenium.dev/documentation/webdriver/troubleshooting/errors#nosuchelementexception
Stacktrace:
#0 0x5596ab63eb6a <unknown>
#1 0x5596ab051a32 <unknown>
#2 0x5596ab0a6d66 <unknown>
#3 0x5596ab0a6fa1 <unknown>
#4 0x5596ab09a736 <unknown>
#5 0x5596ab09a617 <unknown>
#6 0x5596ab0ef369 <unknown>
#7 0x5596ab098c0f <unknown>
#8 0x5596ab0999d1 <unknown>
#9 0x5596ab6036b9 <unknown>
#10 0x5596ab6065c1 <unknown>
#11 0x5596ab5efe29 <unknown>
#12 0x5596ab60717e <unknown>
#13 0x5596ab5d64b0 <unknown>
#14 0x5596ab62b578 <unknown>
#15 0x5596ab62b74b <unknown>
#16 0x5596ab63d1a3 <unknown>
#17 0x7fec98e9caa4 <unknown>
#18 0x7fec98f29c6c <unknown>

2026-03-02 06:44:21 - WARNING - Error parsing row: Message: no such element: Unable to locate element: {"method":"css selector","selector":"td:nth-child(2)"}
  (Session info: chrome=145.0.7632.116); For documentation on this error, please visit: https://www.selenium.dev/documentation/webdriver/troubleshooting/errors#nosuchelementexception
Stacktrace:
#0 0x5596ab63eb6a <unknown>
#1 0x5596ab051a32 <unknown>
#2 0x5596ab0a6d66 <unknown>
#3 0x5596ab0a6fa1 <unknown>
#4 0x5596ab09a736 <unknown>
#5 0x5596ab09a617 <unknown>
#6 0x5596ab0ef369 <unknown>
#7 0x5596ab098c0f <unknown>
#8 0x5596ab0999d1 <unknown>
#9 0x5596ab6036b9 <unknown>
#10 0x5596ab6065c1 <unknown>
#11 0x5596ab5efe29 <unknown>
#12 0x5596ab60717e <unknown>
#13 0x5596ab5d64b0 <unknown>
#14 0x5596ab62b578 <unknown>
#15 0x5596ab62b74b <unknown>
#16 0x5596ab63d1a3 <unknown>
#17 0x7fec98e9caa4 <unknown>
#18 0x7fec98f29c6c <unknown>

2026-03-02 06:44:21 - INFO - Fetching BUY listings for USDT/EUR
2026-03-02 06:44:22 - INFO - Data successfully saved to SQLite database. New listings - Bybit: 4, Binance: 6
2026-03-02 06:44:22 - INFO - Browser session closed
2026-03-02 06:44:22 - INFO - SQLite database connection closed
2026-03-02 07:44:06 - INFO - Logging initialized. Log file: pb2b/logs/bybit_scraper_20260302.log
2026-03-02 07:44:12 - INFO - DataSaver logging initialized. Log file: pb2b/logs/data_saver_20260302.log
2026-03-02 07:44:12 - INFO - Connected to SQLite database: pb2b/p2p_listings.db
2026-03-02 07:44:12 - INFO - Database tables created successfully
2026-03-02 07:44:12 - INFO - Attempt 1/10: Loading https://www.bybit.com/fiat/trade/otc?actionType=1&token=USDT&fiat=NGN
2026-03-02 07:44:21 - INFO - Screenshot saved as 'pb2b/screenshots/bybit_page_20260302_074421.png'
2026-03-02 07:44:21 - WARNING - Error parsing row: Message: no such element: Unable to locate element: {"method":"css selector","selector":"td:nth-child(2)"}
  (Session info: chrome=145.0.7632.116); For documentation on this error, please visit: https://www.selenium.dev/documentation/webdriver/troubleshooting/errors#nosuchelementexception
Stacktrace:
#0 0x5573fdd50b6a <unknown>
#1 0x5573fd763a32 <unknown>
#2 0x5573fd7b8d66 <unknown>
#3 0x5573fd7b8fa1 <unknown>
#4 0x5573fd7ac736 <unknown>
#5 0x5573fd7ac617 <unknown>
#6 0x5573fd801369 <unknown>
#7 0x5573fd7aac0f <unknown>
#8 0x5573fd7ab9d1 <unknown>
#9 0x5573fdd156b9 <unknown>
#10 0x5573fdd185c1 <unknown>
#11 0x5573fdd01e29 <unknown>
#12 0x5573fdd1917e <unknown>
#13 0x5573fdce84b0 <unknown>
#14 0x5573fdd3d578 <unknown>
#15 0x5573fdd3d74b <unknown>
#16 0x5573fdd4f1a3 <unknown>
#17 0x7fb243e9caa4 <unknown>
#18 0x7fb243f29c6c <unknown>

2026-03-02 07:44:21 - WARNING - Error parsing row: Message: no such element: Unable to locate element: {"method":"css selector","selector":"td:nth-child(2)"}
  (Session info: chrome=145.0.7632.116); For documentation on this error, please visit: https://www.selenium.dev/documentation/webdriver/troubleshooting/errors#nosuchelementexception
Stacktrace:
#0 0x5573fdd50b6a <unknown>
#1 0x5573fd763a32 <unknown>
#2 0x5573fd7b8d66 <unknown>
#3 0x5573fd7b8fa1 <unknown>
#4 0x5573fd7ac736 <unknown>
#5 0x5573fd7ac617 <unknown>
#6 0x5573fd801369 <unknown>
#7 0x5573fd7aac0f <unknown>
#8 0x5573fd7ab9d1 <unknown>
#9 0x5573fdd156b9 <unknown>
#10 0x5573fdd185c1 <unknown>
#11 0x5573fdd01e29 <unknown>
#12 0x5573fdd1917e <unknown>
#13 0x5573fdce84b0 <unknown>
#14 0x5573fdd3d578 <unknown>
#15 0x5573fdd3d74b <unknown>
#16 0x5573fdd4f1a3 <unknown>
#17 0x7fb243e9caa4 <unknown>
#18 0x7fb243f29c6c <unknown>

2026-03-02 07:44:21 - INFO - Fetching BUY listings for USDT/EUR
2026-03-02 07:44:22 - INFO - Data successfully saved to SQLite database. New listings - Bybit: 4, Binance: 6
2026-03-02 07:44:22 - INFO - Browser session closed
2026-03-02 07:44:22 - INFO - SQLite database connection closed
2026-03-02 08:31:48 - INFO - Logging initialized. Log file: pb2b/logs/bybit_scraper_20260302.log
2026-03-02 08:31:54 - INFO - DataSaver logging initialized. Log file: pb2b/logs/data_saver_20260302.log
2026-03-02 08:31:54 - INFO - Connected to SQLite database: pb2b/p2p_listings.db
2026-03-02 08:31:54 - INFO - Database tables created successfully
2026-03-02 08:31:54 - INFO - Attempt 1/10: Loading https://www.bybit.com/fiat/trade/otc?actionType=1&token=USDT&fiat=NGN
2026-03-02 08:32:03 - INFO - Screenshot saved as 'pb2b/screenshots/bybit_page_20260302_083203.png'
2026-03-02 08:32:03 - WARNING - Error parsing row: Message: no such element: Unable to locate element: {"method":"css selector","selector":"td:nth-child(2)"}
  (Session info: chrome=145.0.7632.116); For documentation on this error, please visit: https://www.selenium.dev/documentation/webdriver/troubleshooting/errors#nosuchelementexception
Stacktrace:
#0 0x5586fb460b6a <unknown>
#1 0x5586fae73a32 <unknown>
#2 0x5586faec8d66 <unknown>
#3 0x5586faec8fa1 <unknown>
#4 0x5586faebc736 <unknown>
#5 0x5586faebc617 <unknown>
#6 0x5586faf11369 <unknown>
#7 0x5586faebac0f <unknown>
#8 0x5586faebb9d1 <unknown>
#9 0x5586fb4256b9 <unknown>
#10 0x5586fb4285c1 <unknown>
#11 0x5586fb411e29 <unknown>
#12 0x5586fb42917e <unknown>
#13 0x5586fb3f84b0 <unknown>
#14 0x5586fb44d578 <unknown>
#15 0x5586fb44d74b <unknown>
#16 0x5586fb45f1a3 <unknown>
#17 0x7f923a49caa4 <unknown>
#18 0x7f923a529c6c <unknown>

2026-03-02 08:32:03 - WARNING - Error parsing row: Message: no such element: Unable to locate element: {"method":"css selector","selector":"td:nth-child(2)"}
  (Session info: chrome=145.0.7632.116); For documentation on this error, please visit: https://www.selenium.dev/documentation/webdriver/troubleshooting/errors#nosuchelementexception
Stacktrace:
#0 0x5586fb460b6a <unknown>
#1 0x5586fae73a32 <unknown>
#2 0x5586faec8d66 <unknown>
#3 0x5586faec8fa1 <unknown>
#4 0x5586faebc736 <unknown>
#5 0x5586faebc617 <unknown>
#6 0x5586faf11369 <unknown>
#7 0x5586faebac0f <unknown>
#8 0x5586faebb9d1 <unknown>
#9 0x5586fb4256b9 <unknown>
#10 0x5586fb4285c1 <unknown>
#11 0x5586fb411e29 <unknown>
#12 0x5586fb42917e <unknown>
#13 0x5586fb3f84b0 <unknown>
#14 0x5586fb44d578 <unknown>
#15 0x5586fb44d74b <unknown>
#16 0x5586fb45f1a3 <unknown>
#17 0x7f923a49caa4 <unknown>
#18 0x7f923a529c6c <unknown>

2026-03-02 08:32:03 - INFO - Fetching BUY listings for USDT/EUR
2026-03-02 08:32:04 - INFO - Data successfully saved to SQLite database. New listings - Bybit: 4, Binance: 6
2026-03-02 08:32:04 - INFO - Browser session closed
2026-03-02 08:32:04 - INFO - SQLite database connection closed
2026-03-02 09:16:45 - INFO - Logging initialized. Log file: pb2b/logs/bybit_scraper_20260302.log
2026-03-02 09:17:03 - INFO - DataSaver logging initialized. Log file: pb2b/logs/data_saver_20260302.log
2026-03-02 09:17:03 - INFO - Connected to SQLite database: pb2b/p2p_listings.db
2026-03-02 09:17:03 - INFO - Database tables created successfully
2026-03-02 09:17:03 - INFO - Attempt 1/10: Loading https://www.bybit.com/fiat/trade/otc?actionType=1&token=USDT&fiat=NGN
2026-03-02 09:17:14 - INFO - Screenshot saved as 'pb2b/screenshots/bybit_page_20260302_091714.png'
2026-03-02 09:17:14 - WARNING - Error parsing row: Message: no such element: Unable to locate element: {"method":"css selector","selector":"td:nth-child(2)"}
  (Session info: chrome=145.0.7632.116); For documentation on this error, please visit: https://www.selenium.dev/documentation/webdriver/troubleshooting/errors#nosuchelementexception
Stacktrace:
#0 0x559fb27c4b6a <unknown>
#1 0x559fb21d7a32 <unknown>
#2 0x559fb222cd66 <unknown>
#3 0x559fb222cfa1 <unknown>
#4 0x559fb2220736 <unknown>
#5 0x559fb2220617 <unknown>
#6 0x559fb2275369 <unknown>
#7 0x559fb221ec0f <unknown>
#8 0x559fb221f9d1 <unknown>
#9 0x559fb27896b9 <unknown>
#10 0x559fb278c5c1 <unknown>
#11 0x559fb2775e29 <unknown>
#12 0x559fb278d17e <unknown>
#13 0x559fb275c4b0 <unknown>
#14 0x559fb27b1578 <unknown>
#15 0x559fb27b174b <unknown>
#16 0x559fb27c31a3 <unknown>
#17 0x7f53ff29caa4 <unknown>
#18 0x7f53ff329c6c <unknown>

2026-03-02 09:17:14 - WARNING - Error parsing row: Message: no such element: Unable to locate element: {"method":"css selector","selector":"td:nth-child(2)"}
  (Session info: chrome=145.0.7632.116); For documentation on this error, please visit: https://www.selenium.dev/documentation/webdriver/troubleshooting/errors#nosuchelementexception
Stacktrace:
#0 0x559fb27c4b6a <unknown>
#1 0x559fb21d7a32 <unknown>
#2 0x559fb222cd66 <unknown>
#3 0x559fb222cfa1 <unknown>
#4 0x559fb2220736 <unknown>
#5 0x559fb2220617 <unknown>
#6 0x559fb2275369 <unknown>
#7 0x559fb221ec0f <unknown>
#8 0x559fb221f9d1 <unknown>
#9 0x559fb27896b9 <unknown>
#10 0x559fb278c5c1 <unknown>
#11 0x559fb2775e29 <unknown>
#12 0x559fb278d17e <unknown>
#13 0x559fb275c4b0 <unknown>
#14 0x559fb27b1578 <unknown>
#15 0x559fb27b174b <unknown>
#16 0x559fb27c31a3 <unknown>
#17 0x7f53ff29caa4 <unknown>
#18 0x7f53ff329c6c <unknown>

2026-03-02 09:17:15 - INFO - Fetching BUY listings for USDT/EUR
2026-03-02 09:17:16 - INFO - Data successfully saved to SQLite database. New listings - Bybit: 4, Binance: 6
2026-03-02 09:17:16 - INFO - Browser session closed
2026-03-02 09:17:16 - INFO - SQLite database connection closed
2026-03-02 10:12:41 - INFO - Logging initialized. Log file: pb2b/logs/bybit_scraper_20260302.log
2026-03-02 10:12:46 - INFO - DataSaver logging initialized. Log file: pb2b/logs/data_saver_20260302.log
2026-03-02 10:12:46 - INFO - Connected to SQLite database: pb2b/p2p_listings.db
2026-03-02 10:12:46 - INFO - Database tables created successfully
2026-03-02 10:12:46 - INFO - Attempt 1/10: Loading https://www.bybit.com/fiat/trade/otc?actionType=1&token=USDT&fiat=NGN
2026-03-02 10:12:54 - INFO - Screenshot saved as 'pb2b/screenshots/bybit_page_20260302_101254.png'
2026-03-02 10:12:54 - WARNING - Error parsing row: Message: no such element: Unable to locate element: {"method":"css selector","selector":"td:nth-child(2)"}
  (Session info: chrome=145.0.7632.116); For documentation on this error, please visit: https://www.selenium.dev/documentation/webdriver/troubleshooting/errors#nosuchelementexception
Stacktrace:
#0 0x56392984bb6a <unknown>
#1 0x56392925ea32 <unknown>
#2 0x5639292b3d66 <unknown>
#3 0x5639292b3fa1 <unknown>
#4 0x5639292a7736 <unknown>
#5 0x5639292a7617 <unknown>
#6 0x5639292fc369 <unknown>
#7 0x5639292a5c0f <unknown>
#8 0x5639292a69d1 <unknown>
#9 0x5639298106b9 <unknown>
#10 0x5639298135c1 <unknown>
#11 0x5639297fce29 <unknown>
#12 0x56392981417e <unknown>
#13 0x5639297e34b0 <unknown>
#14 0x563929838578 <unknown>
#15 0x56392983874b <unknown>
#16 0x56392984a1a3 <unknown>
#17 0x7f85f5c9caa4 <unknown>
#18 0x7f85f5d29c6c <unknown>

2026-03-02 10:12:54 - WARNING - Error parsing row: Message: no such element: Unable to locate element: {"method":"css selector","selector":"td:nth-child(2)"}
  (Session info: chrome=145.0.7632.116); For documentation on this error, please visit: https://www.selenium.dev/documentation/webdriver/troubleshooting/errors#nosuchelementexception
Stacktrace:
#0 0x56392984bb6a <unknown>
#1 0x56392925ea32 <unknown>
#2 0x5639292b3d66 <unknown>
#3 0x5639292b3fa1 <unknown>
#4 0x5639292a7736 <unknown>
#5 0x5639292a7617 <unknown>
#6 0x5639292fc369 <unknown>
#7 0x5639292a5c0f <unknown>
#8 0x5639292a69d1 <unknown>
#9 0x5639298106b9 <unknown>
#10 0x5639298135c1 <unknown>
#11 0x5639297fce29 <unknown>
#12 0x56392981417e <unknown>
#13 0x5639297e34b0 <unknown>
#14 0x563929838578 <unknown>
#15 0x56392983874b <unknown>
#16 0x56392984a1a3 <unknown>
#17 0x7f85f5c9caa4 <unknown>
#18 0x7f85f5d29c6c <unknown>

2026-03-02 10:12:55 - INFO - Fetching BUY listings for USDT/EUR
2026-03-02 10:12:55 - INFO - Data successfully saved to SQLite database. New listings - Bybit: 4, Binance: 6
2026-03-02 10:12:55 - INFO - Browser session closed
2026-03-02 10:12:55 - INFO - SQLite database connection closed
2026-03-02 11:07:52 - INFO - Logging initialized. Log file: pb2b/logs/bybit_scraper_20260302.log
2026-03-02 11:07:57 - INFO - DataSaver logging initialized. Log file: pb2b/logs/data_saver_20260302.log
2026-03-02 11:07:57 - INFO - Connected to SQLite database: pb2b/p2p_listings.db
2026-03-02 11:07:57 - INFO - Database tables created successfully
2026-03-02 11:07:57 - INFO - Attempt 1/10: Loading https://www.bybit.com/fiat/trade/otc?actionType=1&token=USDT&fiat=NGN
2026-03-02 11:08:06 - INFO - Screenshot saved as 'pb2b/screenshots/bybit_page_20260302_110806.png'
2026-03-02 11:08:06 - WARNING - Error parsing row: Message: no such element: Unable to locate element: {"method":"css selector","selector":"td:nth-child(2)"}
  (Session info: chrome=145.0.7632.116); For documentation on this error, please visit: https://www.selenium.dev/documentation/webdriver/troubleshooting/errors#nosuchelementexception
Stacktrace:
#0 0x562a2c688b6a <unknown>
#1 0x562a2c09ba32 <unknown>
#2 0x562a2c0f0d66 <unknown>
#3 0x562a2c0f0fa1 <unknown>
#4 0x562a2c0e4736 <unknown>
#5 0x562a2c0e4617 <unknown>
#6 0x562a2c139369 <unknown>
#7 0x562a2c0e2c0f <unknown>
#8 0x562a2c0e39d1 <unknown>
#9 0x562a2c64d6b9 <unknown>
#10 0x562a2c6505c1 <unknown>
#11 0x562a2c639e29 <unknown>
#12 0x562a2c65117e <unknown>
#13 0x562a2c6204b0 <unknown>
#14 0x562a2c675578 <unknown>
#15 0x562a2c67574b <unknown>
#16 0x562a2c6871a3 <unknown>
#17 0x7f05d549caa4 <unknown>
#18 0x7f05d5529c6c <unknown>

2026-03-02 11:08:06 - WARNING - Error parsing row: Message: no such element: Unable to locate element: {"method":"css selector","selector":"td:nth-child(2)"}
  (Session info: chrome=145.0.7632.116); For documentation on this error, please visit: https://www.selenium.dev/documentation/webdriver/troubleshooting/errors#nosuchelementexception
Stacktrace:
#0 0x562a2c688b6a <unknown>
#1 0x562a2c09ba32 <unknown>
#2 0x562a2c0f0d66 <unknown>
#3 0x562a2c0f0fa1 <unknown>
#4 0x562a2c0e4736 <unknown>
#5 0x562a2c0e4617 <unknown>
#6 0x562a2c139369 <unknown>
#7 0x562a2c0e2c0f <unknown>
#8 0x562a2c0e39d1 <unknown>
#9 0x562a2c64d6b9 <unknown>
#10 0x562a2c6505c1 <unknown>
#11 0x562a2c639e29 <unknown>
#12 0x562a2c65117e <unknown>
#13 0x562a2c6204b0 <unknown>
#14 0x562a2c675578 <unknown>
#15 0x562a2c67574b <unknown>
#16 0x562a2c6871a3 <unknown>
#17 0x7f05d549caa4 <unknown>
#18 0x7f05d5529c6c <unknown>

2026-03-02 11:08:07 - INFO - Fetching BUY listings for USDT/EUR
2026-03-02 11:08:08 - INFO - Data successfully saved to SQLite database. New listings - Bybit: 4, Binance: 6
2026-03-02 11:08:08 - INFO - Browser session closed
2026-03-02 11:08:08 - INFO - SQLite database connection closed
2026-03-02 11:44:56 - INFO - Logging initialized. Log file: pb2b/logs/bybit_scraper_20260302.log
2026-03-02 11:45:03 - INFO - DataSaver logging initialized. Log file: pb2b/logs/data_saver_20260302.log
2026-03-02 11:45:03 - INFO - Connected to SQLite database: pb2b/p2p_listings.db
2026-03-02 11:45:03 - INFO - Database tables created successfully
2026-03-02 11:45:03 - INFO - Attempt 1/10: Loading https://www.bybit.com/fiat/trade/otc?actionType=1&token=USDT&fiat=NGN
2026-03-02 11:45:10 - INFO - Screenshot saved as 'pb2b/screenshots/bybit_page_20260302_114510.png'
2026-03-02 11:45:11 - WARNING - Error parsing row: Message: no such element: Unable to locate element: {"method":"css selector","selector":"td:nth-child(2)"}
  (Session info: chrome=145.0.7632.116); For documentation on this error, please visit: https://www.selenium.dev/documentation/webdriver/troubleshooting/errors#nosuchelementexception
Stacktrace:
#0 0x55bad9e7bb6a <unknown>
#1 0x55bad988ea32 <unknown>
#2 0x55bad98e3d66 <unknown>
#3 0x55bad98e3fa1 <unknown>
#4 0x55bad98d7736 <unknown>
#5 0x55bad98d7617 <unknown>
#6 0x55bad992c369 <unknown>
#7 0x55bad98d5c0f <unknown>
#8 0x55bad98d69d1 <unknown>
#9 0x55bad9e406b9 <unknown>
#10 0x55bad9e435c1 <unknown>
#11 0x55bad9e2ce29 <unknown>
#12 0x55bad9e4417e <unknown>
#13 0x55bad9e134b0 <unknown>
#14 0x55bad9e68578 <unknown>
#15 0x55bad9e6874b <unknown>
#16 0x55bad9e7a1a3 <unknown>
#17 0x7fe03a29caa4 <unknown>
#18 0x7fe03a329c6c <unknown>

2026-03-02 11:45:11 - WARNING - Error parsing row: Message: no such element: Unable to locate element: {"method":"css selector","selector":"td:nth-child(2)"}
  (Session info: chrome=145.0.7632.116); For documentation on this error, please visit: https://www.selenium.dev/documentation/webdriver/troubleshooting/errors#nosuchelementexception
Stacktrace:
#0 0x55bad9e7bb6a <unknown>
#1 0x55bad988ea32 <unknown>
#2 0x55bad98e3d66 <unknown>
#3 0x55bad98e3fa1 <unknown>
#4 0x55bad98d7736 <unknown>
#5 0x55bad98d7617 <unknown>
#6 0x55bad992c369 <unknown>
#7 0x55bad98d5c0f <unknown>
#8 0x55bad98d69d1 <unknown>
#9 0x55bad9e406b9 <unknown>
#10 0x55bad9e435c1 <unknown>
#11 0x55bad9e2ce29 <unknown>
#12 0x55bad9e4417e <unknown>
#13 0x55bad9e134b0 <unknown>
#14 0x55bad9e68578 <unknown>
#15 0x55bad9e6874b <unknown>
#16 0x55bad9e7a1a3 <unknown>
#17 0x7fe03a29caa4 <unknown>
#18 0x7fe03a329c6c <unknown>

2026-03-02 11:45:11 - INFO - Fetching BUY listings for USDT/EUR
2026-03-02 11:45:11 - INFO - Data successfully saved to SQLite database. New listings - Bybit: 4, Binance: 6
2026-03-02 11:45:12 - INFO - Browser session closed
2026-03-02 11:45:12 - INFO - SQLite database connection closed
2026-03-02 12:05:55 - INFO - Logging initialized. Log file: pb2b/logs/bybit_scraper_20260302.log
2026-03-02 12:06:01 - INFO - DataSaver logging initialized. Log file: pb2b/logs/data_saver_20260302.log
2026-03-02 12:06:01 - INFO - Connected to SQLite database: pb2b/p2p_listings.db
2026-03-02 12:06:01 - INFO - Database tables created successfully
2026-03-02 12:06:01 - INFO - Attempt 1/10: Loading https://www.bybit.com/fiat/trade/otc?actionType=1&token=USDT&fiat=NGN
2026-03-02 12:06:09 - INFO - Screenshot saved as 'pb2b/screenshots/bybit_page_20260302_120609.png'
2026-03-02 12:06:09 - WARNING - Error parsing row: Message: no such element: Unable to locate element: {"method":"css selector","selector":"td:nth-child(2)"}
  (Session info: chrome=145.0.7632.116); For documentation on this error, please visit: https://www.selenium.dev/documentation/webdriver/troubleshooting/errors#nosuchelementexception
Stacktrace:
#0 0x56147334bb6a <unknown>
#1 0x561472d5ea32 <unknown>
#2 0x561472db3d66 <unknown>
#3 0x561472db3fa1 <unknown>
#4 0x561472da7736 <unknown>
#5 0x561472da7617 <unknown>
#6 0x561472dfc369 <unknown>
#7 0x561472da5c0f <unknown>
#8 0x561472da69d1 <unknown>
#9 0x5614733106b9 <unknown>
#10 0x5614733135c1 <unknown>
#11 0x5614732fce29 <unknown>
#12 0x56147331417e <unknown>
#13 0x5614732e34b0 <unknown>
#14 0x561473338578 <unknown>
#15 0x56147333874b <unknown>
#16 0x56147334a1a3 <unknown>
#17 0x7fc1f909caa4 <unknown>
#18 0x7fc1f9129c6c <unknown>

2026-03-02 12:06:09 - WARNING - Error parsing row: Message: no such element: Unable to locate element: {"method":"css selector","selector":"td:nth-child(2)"}
  (Session info: chrome=145.0.7632.116); For documentation on this error, please visit: https://www.selenium.dev/documentation/webdriver/troubleshooting/errors#nosuchelementexception
Stacktrace:
#0 0x56147334bb6a <unknown>
#1 0x561472d5ea32 <unknown>
#2 0x561472db3d66 <unknown>
#3 0x561472db3fa1 <unknown>
#4 0x561472da7736 <unknown>
#5 0x561472da7617 <unknown>
#6 0x561472dfc369 <unknown>
#7 0x561472da5c0f <unknown>
#8 0x561472da69d1 <unknown>
#9 0x5614733106b9 <unknown>
#10 0x5614733135c1 <unknown>
#11 0x5614732fce29 <unknown>
#12 0x56147331417e <unknown>
#13 0x5614732e34b0 <unknown>
#14 0x561473338578 <unknown>
#15 0x56147333874b <unknown>
#16 0x56147334a1a3 <unknown>
#17 0x7fc1f909caa4 <unknown>
#18 0x7fc1f9129c6c <unknown>

2026-03-02 12:06:10 - INFO - Fetching BUY listings for USDT/EUR
2026-03-02 12:06:11 - INFO - Data successfully saved to SQLite database. New listings - Bybit: 4, Binance: 6
2026-03-02 12:06:11 - INFO - Browser session closed
2026-03-02 12:06:11 - INFO - SQLite database connection closed
2026-03-02 13:27:23 - INFO - Logging initialized. Log file: pb2b/logs/bybit_scraper_20260302.log
2026-03-02 13:27:29 - INFO - DataSaver logging initialized. Log file: pb2b/logs/data_saver_20260302.log
2026-03-02 13:27:29 - INFO - Connected to SQLite database: pb2b/p2p_listings.db
2026-03-02 13:27:29 - INFO - Database tables created successfully
2026-03-02 13:27:29 - INFO - Attempt 1/10: Loading https://www.bybit.com/fiat/trade/otc?actionType=1&token=USDT&fiat=NGN
2026-03-02 13:27:38 - INFO - Screenshot saved as 'pb2b/screenshots/bybit_page_20260302_132738.png'
2026-03-02 13:27:39 - WARNING - Error parsing row: Message: no such element: Unable to locate element: {"method":"css selector","selector":"td:nth-child(2)"}
  (Session info: chrome=145.0.7632.116); For documentation on this error, please visit: https://www.selenium.dev/documentation/webdriver/troubleshooting/errors#nosuchelementexception
Stacktrace:
#0 0x55e7a2b57b6a <unknown>
#1 0x55e7a256aa32 <unknown>
#2 0x55e7a25bfd66 <unknown>
#3 0x55e7a25bffa1 <unknown>
#4 0x55e7a25b3736 <unknown>
#5 0x55e7a25b3617 <unknown>
#6 0x55e7a2608369 <unknown>
#7 0x55e7a25b1c0f <unknown>
#8 0x55e7a25b29d1 <unknown>
#9 0x55e7a2b1c6b9 <unknown>
#10 0x55e7a2b1f5c1 <unknown>
#11 0x55e7a2b08e29 <unknown>
#12 0x55e7a2b2017e <unknown>
#13 0x55e7a2aef4b0 <unknown>
#14 0x55e7a2b44578 <unknown>
#15 0x55e7a2b4474b <unknown>
#16 0x55e7a2b561a3 <unknown>
#17 0x7f633d09caa4 <unknown>
#18 0x7f633d129c6c <unknown>

2026-03-02 13:27:39 - WARNING - Error parsing row: Message: no such element: Unable to locate element: {"method":"css selector","selector":"td:nth-child(2)"}
  (Session info: chrome=145.0.7632.116); For documentation on this error, please visit: https://www.selenium.dev/documentation/webdriver/troubleshooting/errors#nosuchelementexception
Stacktrace:
#0 0x55e7a2b57b6a <unknown>
#1 0x55e7a256aa32 <unknown>
#2 0x55e7a25bfd66 <unknown>
#3 0x55e7a25bffa1 <unknown>
#4 0x55e7a25b3736 <unknown>
#5 0x55e7a25b3617 <unknown>
#6 0x55e7a2608369 <unknown>
#7 0x55e7a25b1c0f <unknown>
#8 0x55e7a25b29d1 <unknown>
#9 0x55e7a2b1c6b9 <unknown>
#10 0x55e7a2b1f5c1 <unknown>
#11 0x55e7a2b08e29 <unknown>
#12 0x55e7a2b2017e <unknown>
#13 0x55e7a2aef4b0 <unknown>
#14 0x55e7a2b44578 <unknown>
#15 0x55e7a2b4474b <unknown>
#16 0x55e7a2b561a3 <unknown>
#17 0x7f633d09caa4 <unknown>
#18 0x7f633d129c6c <unknown>

2026-03-02 13:27:39 - INFO - Fetching BUY listings for USDT/EUR
2026-03-02 13:27:40 - INFO - Data successfully saved to SQLite database. New listings - Bybit: 4, Binance: 6
2026-03-02 13:27:40 - INFO - Browser session closed
2026-03-02 13:27:40 - INFO - SQLite database connection closed
2026-03-02 14:17:20 - INFO - Logging initialized. Log file: pb2b/logs/bybit_scraper_20260302.log
2026-03-02 14:17:27 - INFO - DataSaver logging initialized. Log file: pb2b/logs/data_saver_20260302.log
2026-03-02 14:17:27 - INFO - Connected to SQLite database: pb2b/p2p_listings.db
2026-03-02 14:17:27 - INFO - Database tables created successfully
2026-03-02 14:17:27 - INFO - Attempt 1/10: Loading https://www.bybit.com/fiat/trade/otc?actionType=1&token=USDT&fiat=NGN
2026-03-02 14:17:36 - INFO - Screenshot saved as 'pb2b/screenshots/bybit_page_20260302_141736.png'
2026-03-02 14:17:36 - WARNING - Error parsing row: Message: no such element: Unable to locate element: {"method":"css selector","selector":"td:nth-child(2)"}
  (Session info: chrome=145.0.7632.116); For documentation on this error, please visit: https://www.selenium.dev/documentation/webdriver/troubleshooting/errors#nosuchelementexception
Stacktrace:
#0 0x55d935d04b6a <unknown>
#1 0x55d935717a32 <unknown>
#2 0x55d93576cd66 <unknown>
#3 0x55d93576cfa1 <unknown>
#4 0x55d935760736 <unknown>
#5 0x55d935760617 <unknown>
#6 0x55d9357b5369 <unknown>
#7 0x55d93575ec0f <unknown>
#8 0x55d93575f9d1 <unknown>
#9 0x55d935cc96b9 <unknown>
#10 0x55d935ccc5c1 <unknown>
#11 0x55d935cb5e29 <unknown>
#12 0x55d935ccd17e <unknown>
#13 0x55d935c9c4b0 <unknown>
#14 0x55d935cf1578 <unknown>
#15 0x55d935cf174b <unknown>
#16 0x55d935d031a3 <unknown>
#17 0x7efe9ca9caa4 <unknown>
#18 0x7efe9cb29c6c <unknown>

2026-03-02 14:17:36 - WARNING - Error parsing row: Message: no such element: Unable to locate element: {"method":"css selector","selector":"td:nth-child(2)"}
  (Session info: chrome=145.0.7632.116); For documentation on this error, please visit: https://www.selenium.dev/documentation/webdriver/troubleshooting/errors#nosuchelementexception
Stacktrace:
#0 0x55d935d04b6a <unknown>
#1 0x55d935717a32 <unknown>
#2 0x55d93576cd66 <unknown>
#3 0x55d93576cfa1 <unknown>
#4 0x55d935760736 <unknown>
#5 0x55d935760617 <unknown>
#6 0x55d9357b5369 <unknown>
#7 0x55d93575ec0f <unknown>
#8 0x55d93575f9d1 <unknown>
#9 0x55d935cc96b9 <unknown>
#10 0x55d935ccc5c1 <unknown>
#11 0x55d935cb5e29 <unknown>
#12 0x55d935ccd17e <unknown>
#13 0x55d935c9c4b0 <unknown>
#14 0x55d935cf1578 <unknown>
#15 0x55d935cf174b <unknown>
#16 0x55d935d031a3 <unknown>
#17 0x7efe9ca9caa4 <unknown>
#18 0x7efe9cb29c6c <unknown>

2026-03-02 14:17:36 - INFO - Fetching BUY listings for USDT/EUR
2026-03-02 14:17:37 - INFO - Data successfully saved to SQLite database. New listings - Bybit: 4, Binance: 6
2026-03-02 14:17:37 - INFO - Browser session closed
2026-03-02 14:17:37 - INFO - SQLite database connection closed
2026-03-02 15:07:38 - INFO - Logging initialized. Log file: pb2b/logs/bybit_scraper_20260302.log
2026-03-02 15:07:39 - INFO - DataSaver logging initialized. Log file: pb2b/logs/data_saver_20260302.log
2026-03-02 15:07:39 - INFO - Connected to SQLite database: pb2b/p2p_listings.db
2026-03-02 15:07:39 - INFO - Database tables created successfully
2026-03-02 15:07:39 - INFO - Attempt 1/10: Loading https://www.bybit.com/fiat/trade/otc?actionType=1&token=USDT&fiat=NGN
2026-03-02 15:07:49 - INFO - Screenshot saved as 'pb2b/screenshots/bybit_page_20260302_150748.png'
2026-03-02 15:07:49 - WARNING - Error parsing row: Message: no such element: Unable to locate element: {"method":"css selector","selector":"td:nth-child(2)"}
  (Session info: chrome=145.0.7632.116); For documentation on this error, please visit: https://www.selenium.dev/documentation/webdriver/troubleshooting/errors#nosuchelementexception
Stacktrace:
#0 0x55fa6a476b6a <unknown>
#1 0x55fa69e89a32 <unknown>
#2 0x55fa69eded66 <unknown>
#3 0x55fa69edefa1 <unknown>
#4 0x55fa69ed2736 <unknown>
#5 0x55fa69ed2617 <unknown>
#6 0x55fa69f27369 <unknown>
#7 0x55fa69ed0c0f <unknown>
#8 0x55fa69ed19d1 <unknown>
#9 0x55fa6a43b6b9 <unknown>
#10 0x55fa6a43e5c1 <unknown>
#11 0x55fa6a427e29 <unknown>
#12 0x55fa6a43f17e <unknown>
#13 0x55fa6a40e4b0 <unknown>
#14 0x55fa6a463578 <unknown>
#15 0x55fa6a46374b <unknown>
#16 0x55fa6a4751a3 <unknown>
#17 0x7f65ef29caa4 <unknown>
#18 0x7f65ef329c6c <unknown>

2026-03-02 15:07:49 - WARNING - Error parsing row: Message: no such element: Unable to locate element: {"method":"css selector","selector":"td:nth-child(2)"}
  (Session info: chrome=145.0.7632.116); For documentation on this error, please visit: https://www.selenium.dev/documentation/webdriver/troubleshooting/errors#nosuchelementexception
Stacktrace:
#0 0x55fa6a476b6a <unknown>
#1 0x55fa69e89a32 <unknown>
#2 0x55fa69eded66 <unknown>
#3 0x55fa69edefa1 <unknown>
#4 0x55fa69ed2736 <unknown>
#5 0x55fa69ed2617 <unknown>
#6 0x55fa69f27369 <unknown>
#7 0x55fa69ed0c0f <unknown>
#8 0x55fa69ed19d1 <unknown>
#9 0x55fa6a43b6b9 <unknown>
#10 0x55fa6a43e5c1 <unknown>
#11 0x55fa6a427e29 <unknown>
#12 0x55fa6a43f17e <unknown>
#13 0x55fa6a40e4b0 <unknown>
#14 0x55fa6a463578 <unknown>
#15 0x55fa6a46374b <unknown>
#16 0x55fa6a4751a3 <unknown>
#17 0x7f65ef29caa4 <unknown>
#18 0x7f65ef329c6c <unknown>

2026-03-02 15:07:49 - INFO - Fetching BUY listings for USDT/EUR
2026-03-02 15:07:50 - INFO - Data successfully saved to SQLite database. New listings - Bybit: 4, Binance: 6
2026-03-02 15:07:50 - INFO - Browser session closed
2026-03-02 15:07:50 - INFO - SQLite database connection closed
2026-03-02 15:59:07 - INFO - Logging initialized. Log file: pb2b/logs/bybit_scraper_20260302.log
2026-03-02 15:59:15 - INFO - DataSaver logging initialized. Log file: pb2b/logs/data_saver_20260302.log
2026-03-02 15:59:15 - INFO - Connected to SQLite database: pb2b/p2p_listings.db
2026-03-02 15:59:15 - INFO - Database tables created successfully
2026-03-02 15:59:15 - INFO - Attempt 1/10: Loading https://www.bybit.com/fiat/trade/otc?actionType=1&token=USDT&fiat=NGN
2026-03-02 15:59:25 - INFO - Screenshot saved as 'pb2b/screenshots/bybit_page_20260302_155924.png'
2026-03-02 15:59:25 - WARNING - Error parsing row: Message: no such element: Unable to locate element: {"method":"css selector","selector":"td:nth-child(2)"}
  (Session info: chrome=145.0.7632.116); For documentation on this error, please visit: https://www.selenium.dev/documentation/webdriver/troubleshooting/errors#nosuchelementexception
Stacktrace:
#0 0x558935dc9b6a <unknown>
#1 0x5589357dca32 <unknown>
#2 0x558935831d66 <unknown>
#3 0x558935831fa1 <unknown>
#4 0x558935825736 <unknown>
#5 0x558935825617 <unknown>
#6 0x55893587a369 <unknown>
#7 0x558935823c0f <unknown>
#8 0x5589358249d1 <unknown>
#9 0x558935d8e6b9 <unknown>
#10 0x558935d915c1 <unknown>
#11 0x558935d7ae29 <unknown>
#12 0x558935d9217e <unknown>
#13 0x558935d614b0 <unknown>
#14 0x558935db6578 <unknown>
#15 0x558935db674b <unknown>
#16 0x558935dc81a3 <unknown>
#17 0x7ff53429caa4 <unknown>
#18 0x7ff534329c6c <unknown>

2026-03-02 15:59:25 - WARNING - Error parsing row: Message: no such element: Unable to locate element: {"method":"css selector","selector":"td:nth-child(2)"}
  (Session info: chrome=145.0.7632.116); For documentation on this error, please visit: https://www.selenium.dev/documentation/webdriver/troubleshooting/errors#nosuchelementexception
Stacktrace:
#0 0x558935dc9b6a <unknown>
#1 0x5589357dca32 <unknown>
#2 0x558935831d66 <unknown>
#3 0x558935831fa1 <unknown>
#4 0x558935825736 <unknown>
#5 0x558935825617 <unknown>
#6 0x55893587a369 <unknown>
#7 0x558935823c0f <unknown>
#8 0x5589358249d1 <unknown>
#9 0x558935d8e6b9 <unknown>
#10 0x558935d915c1 <unknown>
#11 0x558935d7ae29 <unknown>
#12 0x558935d9217e <unknown>
#13 0x558935d614b0 <unknown>
#14 0x558935db6578 <unknown>
#15 0x558935db674b <unknown>
#16 0x558935dc81a3 <unknown>
#17 0x7ff53429caa4 <unknown>
#18 0x7ff534329c6c <unknown>

2026-03-02 15:59:25 - INFO - Fetching BUY listings for USDT/EUR
2026-03-02 15:59:26 - INFO - Data successfully saved to SQLite database. New listings - Bybit: 4, Binance: 6
2026-03-02 15:59:26 - INFO - Browser session closed
2026-03-02 15:59:26 - INFO - SQLite database connection closed
2026-03-02 16:59:26 - INFO - Logging initialized. Log file: pb2b/logs/bybit_scraper_20260302.log
2026-03-02 16:59:32 - INFO - DataSaver logging initialized. Log file: pb2b/logs/data_saver_20260302.log
2026-03-02 16:59:32 - INFO - Connected to SQLite database: pb2b/p2p_listings.db
2026-03-02 16:59:32 - INFO - Database tables created successfully
2026-03-02 16:59:32 - INFO - Attempt 1/10: Loading https://www.bybit.com/fiat/trade/otc?actionType=1&token=USDT&fiat=NGN
2026-03-02 16:59:46 - INFO - Screenshot saved as 'pb2b/screenshots/bybit_page_20260302_165945.png'
2026-03-02 16:59:46 - WARNING - Error parsing row: Message: no such element: Unable to locate element: {"method":"css selector","selector":"td:nth-child(2)"}
  (Session info: chrome=145.0.7632.116); For documentation on this error, please visit: https://www.selenium.dev/documentation/webdriver/troubleshooting/errors#nosuchelementexception
Stacktrace:
#0 0x563af9282b6a <unknown>
#1 0x563af8c95a32 <unknown>
#2 0x563af8cead66 <unknown>
#3 0x563af8ceafa1 <unknown>
#4 0x563af8cde736 <unknown>
#5 0x563af8cde617 <unknown>
#6 0x563af8d33369 <unknown>
#7 0x563af8cdcc0f <unknown>
#8 0x563af8cdd9d1 <unknown>
#9 0x563af92476b9 <unknown>
#10 0x563af924a5c1 <unknown>
#11 0x563af9233e29 <unknown>
#12 0x563af924b17e <unknown>
#13 0x563af921a4b0 <unknown>
#14 0x563af926f578 <unknown>
#15 0x563af926f74b <unknown>
#16 0x563af92811a3 <unknown>
#17 0x7fedf2a9caa4 <unknown>
#18 0x7fedf2b29c6c <unknown>

2026-03-02 16:59:46 - WARNING - Error parsing row: Message: no such element: Unable to locate element: {"method":"css selector","selector":"td:nth-child(2)"}
  (Session info: chrome=145.0.7632.116); For documentation on this error, please visit: https://www.selenium.dev/documentation/webdriver/troubleshooting/errors#nosuchelementexception
Stacktrace:
#0 0x563af9282b6a <unknown>
#1 0x563af8c95a32 <unknown>
#2 0x563af8cead66 <unknown>
#3 0x563af8ceafa1 <unknown>
#4 0x563af8cde736 <unknown>
#5 0x563af8cde617 <unknown>
#6 0x563af8d33369 <unknown>
#7 0x563af8cdcc0f <unknown>
#8 0x563af8cdd9d1 <unknown>
#9 0x563af92476b9 <unknown>
#10 0x563af924a5c1 <unknown>
#11 0x563af9233e29 <unknown>
#12 0x563af924b17e <unknown>
#13 0x563af921a4b0 <unknown>
#14 0x563af926f578 <unknown>
#15 0x563af926f74b <unknown>
#16 0x563af92811a3 <unknown>
#17 0x7fedf2a9caa4 <unknown>
#18 0x7fedf2b29c6c <unknown>

2026-03-02 16:59:46 - INFO - Fetching BUY listings for USDT/EUR
2026-03-02 16:59:47 - INFO - Data successfully saved to SQLite database. New listings - Bybit: 4, Binance: 6
2026-03-02 16:59:47 - INFO - Browser session closed
2026-03-02 16:59:47 - INFO - SQLite database connection closed
2026-03-02 18:22:17 - INFO - Logging initialized. Log file: pb2b/logs/bybit_scraper_20260302.log
2026-03-02 18:22:18 - INFO - DataSaver logging initialized. Log file: pb2b/logs/data_saver_20260302.log
2026-03-02 18:22:18 - INFO - Connected to SQLite database: pb2b/p2p_listings.db
2026-03-02 18:22:18 - INFO - Database tables created successfully
2026-03-02 18:22:18 - INFO - Attempt 1/10: Loading https://www.bybit.com/fiat/trade/otc?actionType=1&token=USDT&fiat=NGN
2026-03-02 18:22:26 - INFO - Screenshot saved as 'pb2b/screenshots/bybit_page_20260302_182226.png'
2026-03-02 18:22:26 - WARNING - Error parsing row: Message: no such element: Unable to locate element: {"method":"css selector","selector":"td:nth-child(2)"}
  (Session info: chrome=145.0.7632.116); For documentation on this error, please visit: https://www.selenium.dev/documentation/webdriver/troubleshooting/errors#nosuchelementexception
Stacktrace:
#0 0x55b4f3106b6a <unknown>
#1 0x55b4f2b19a32 <unknown>
#2 0x55b4f2b6ed66 <unknown>
#3 0x55b4f2b6efa1 <unknown>
#4 0x55b4f2b62736 <unknown>
#5 0x55b4f2b62617 <unknown>
#6 0x55b4f2bb7369 <unknown>
#7 0x55b4f2b60c0f <unknown>
#8 0x55b4f2b619d1 <unknown>
#9 0x55b4f30cb6b9 <unknown>
#10 0x55b4f30ce5c1 <unknown>
#11 0x55b4f30b7e29 <unknown>
#12 0x55b4f30cf17e <unknown>
#13 0x55b4f309e4b0 <unknown>
#14 0x55b4f30f3578 <unknown>
#15 0x55b4f30f374b <unknown>
#16 0x55b4f31051a3 <unknown>
#17 0x7fe296c9caa4 <unknown>
#18 0x7fe296d29c6c <unknown>

2026-03-02 18:22:26 - WARNING - Error parsing row: Message: no such element: Unable to locate element: {"method":"css selector","selector":"td:nth-child(2)"}
  (Session info: chrome=145.0.7632.116); For documentation on this error, please visit: https://www.selenium.dev/documentation/webdriver/troubleshooting/errors#nosuchelementexception
Stacktrace:
#0 0x55b4f3106b6a <unknown>
#1 0x55b4f2b19a32 <unknown>
#2 0x55b4f2b6ed66 <unknown>
#3 0x55b4f2b6efa1 <unknown>
#4 0x55b4f2b62736 <unknown>
#5 0x55b4f2b62617 <unknown>
#6 0x55b4f2bb7369 <unknown>
#7 0x55b4f2b60c0f <unknown>
#8 0x55b4f2b619d1 <unknown>
#9 0x55b4f30cb6b9 <unknown>
#10 0x55b4f30ce5c1 <unknown>
#11 0x55b4f30b7e29 <unknown>
#12 0x55b4f30cf17e <unknown>
#13 0x55b4f309e4b0 <unknown>
#14 0x55b4f30f3578 <unknown>
#15 0x55b4f30f374b <unknown>
#16 0x55b4f31051a3 <unknown>
#17 0x7fe296c9caa4 <unknown>
#18 0x7fe296d29c6c <unknown>

2026-03-02 18:22:27 - INFO - Fetching BUY listings for USDT/EUR
2026-03-02 18:22:28 - INFO - Data successfully saved to SQLite database. New listings - Bybit: 4, Binance: 6
2026-03-02 18:22:28 - INFO - Browser session closed
2026-03-02 18:22:28 - INFO - SQLite database connection closed
2026-03-02 18:45:30 - INFO - Logging initialized. Log file: pb2b/logs/bybit_scraper_20260302.log
2026-03-02 18:45:37 - INFO - DataSaver logging initialized. Log file: pb2b/logs/data_saver_20260302.log
2026-03-02 18:45:37 - INFO - Connected to SQLite database: pb2b/p2p_listings.db
2026-03-02 18:45:37 - INFO - Database tables created successfully
2026-03-02 18:45:37 - INFO - Attempt 1/10: Loading https://www.bybit.com/fiat/trade/otc?actionType=1&token=USDT&fiat=NGN
2026-03-02 18:45:49 - INFO - Screenshot saved as 'pb2b/screenshots/bybit_page_20260302_184549.png'
2026-03-02 18:45:49 - WARNING - Error parsing row: Message: no such element: Unable to locate element: {"method":"css selector","selector":"td:nth-child(2)"}
  (Session info: chrome=145.0.7632.116); For documentation on this error, please visit: https://www.selenium.dev/documentation/webdriver/troubleshooting/errors#nosuchelementexception
Stacktrace:
#0 0x55d37bdbcb6a <unknown>
#1 0x55d37b7cfa32 <unknown>
#2 0x55d37b824d66 <unknown>
#3 0x55d37b824fa1 <unknown>
#4 0x55d37b818736 <unknown>
#5 0x55d37b818617 <unknown>
#6 0x55d37b86d369 <unknown>
#7 0x55d37b816c0f <unknown>
#8 0x55d37b8179d1 <unknown>
#9 0x55d37bd816b9 <unknown>
#10 0x55d37bd845c1 <unknown>
#11 0x55d37bd6de29 <unknown>
#12 0x55d37bd8517e <unknown>
#13 0x55d37bd544b0 <unknown>
#14 0x55d37bda9578 <unknown>
#15 0x55d37bda974b <unknown>
#16 0x55d37bdbb1a3 <unknown>
#17 0x7f772fe9caa4 <unknown>
#18 0x7f772ff29c6c <unknown>

2026-03-02 18:45:49 - WARNING - Error parsing row: Message: no such element: Unable to locate element: {"method":"css selector","selector":"td:nth-child(2)"}
  (Session info: chrome=145.0.7632.116); For documentation on this error, please visit: https://www.selenium.dev/documentation/webdriver/troubleshooting/errors#nosuchelementexception
Stacktrace:
#0 0x55d37bdbcb6a <unknown>
#1 0x55d37b7cfa32 <unknown>
#2 0x55d37b824d66 <unknown>
#3 0x55d37b824fa1 <unknown>
#4 0x55d37b818736 <unknown>
#5 0x55d37b818617 <unknown>
#6 0x55d37b86d369 <unknown>
#7 0x55d37b816c0f <unknown>
#8 0x55d37b8179d1 <unknown>
#9 0x55d37bd816b9 <unknown>
#10 0x55d37bd845c1 <unknown>
#11 0x55d37bd6de29 <unknown>
#12 0x55d37bd8517e <unknown>
#13 0x55d37bd544b0 <unknown>
#14 0x55d37bda9578 <unknown>
#15 0x55d37bda974b <unknown>
#16 0x55d37bdbb1a3 <unknown>
#17 0x7f772fe9caa4 <unknown>
#18 0x7f772ff29c6c <unknown>

2026-03-02 18:45:49 - INFO - Fetching BUY listings for USDT/EUR
2026-03-02 18:45:50 - INFO - Data successfully saved to SQLite database. New listings - Bybit: 4, Binance: 6
2026-03-02 18:45:50 - INFO - Browser session closed
2026-03-02 18:45:50 - INFO - SQLite database connection closed
2026-03-02 19:30:13 - INFO - Logging initialized. Log file: pb2b/logs/bybit_scraper_20260302.log
2026-03-02 19:30:21 - INFO - DataSaver logging initialized. Log file: pb2b/logs/data_saver_20260302.log
2026-03-02 19:30:21 - INFO - Connected to SQLite database: pb2b/p2p_listings.db
2026-03-02 19:30:21 - INFO - Database tables created successfully
2026-03-02 19:30:21 - INFO - Attempt 1/10: Loading https://www.bybit.com/fiat/trade/otc?actionType=1&token=USDT&fiat=NGN
2026-03-02 19:30:31 - INFO - Screenshot saved as 'pb2b/screenshots/bybit_page_20260302_193031.png'
2026-03-02 19:30:31 - WARNING - Error parsing row: Message: no such element: Unable to locate element: {"method":"css selector","selector":"td:nth-child(2)"}
  (Session info: chrome=145.0.7632.116); For documentation on this error, please visit: https://www.selenium.dev/documentation/webdriver/troubleshooting/errors#nosuchelementexception
Stacktrace:
#0 0x55f0c18cab6a <unknown>
#1 0x55f0c12dda32 <unknown>
#2 0x55f0c1332d66 <unknown>
#3 0x55f0c1332fa1 <unknown>
#4 0x55f0c1326736 <unknown>
#5 0x55f0c1326617 <unknown>
#6 0x55f0c137b369 <unknown>
#7 0x55f0c1324c0f <unknown>
#8 0x55f0c13259d1 <unknown>
#9 0x55f0c188f6b9 <unknown>
#10 0x55f0c18925c1 <unknown>
#11 0x55f0c187be29 <unknown>
#12 0x55f0c189317e <unknown>
#13 0x55f0c18624b0 <unknown>
#14 0x55f0c18b7578 <unknown>
#15 0x55f0c18b774b <unknown>
#16 0x55f0c18c91a3 <unknown>
#17 0x7f47bf89caa4 <unknown>
#18 0x7f47bf929c6c <unknown>

2026-03-02 19:30:31 - WARNING - Error parsing row: Message: no such element: Unable to locate element: {"method":"css selector","selector":"td:nth-child(2)"}
  (Session info: chrome=145.0.7632.116); For documentation on this error, please visit: https://www.selenium.dev/documentation/webdriver/troubleshooting/errors#nosuchelementexception
Stacktrace:
#0 0x55f0c18cab6a <unknown>
#1 0x55f0c12dda32 <unknown>
#2 0x55f0c1332d66 <unknown>
#3 0x55f0c1332fa1 <unknown>
#4 0x55f0c1326736 <unknown>
#5 0x55f0c1326617 <unknown>
#6 0x55f0c137b369 <unknown>
#7 0x55f0c1324c0f <unknown>
#8 0x55f0c13259d1 <unknown>
#9 0x55f0c188f6b9 <unknown>
#10 0x55f0c18925c1 <unknown>
#11 0x55f0c187be29 <unknown>
#12 0x55f0c189317e <unknown>
#13 0x55f0c18624b0 <unknown>
#14 0x55f0c18b7578 <unknown>
#15 0x55f0c18b774b <unknown>
#16 0x55f0c18c91a3 <unknown>
#17 0x7f47bf89caa4 <unknown>
#18 0x7f47bf929c6c <unknown>

2026-03-02 19:30:31 - INFO - Fetching BUY listings for USDT/EUR
2026-03-02 19:30:32 - INFO - Data successfully saved to SQLite database. New listings - Bybit: 4, Binance: 6
2026-03-02 19:30:32 - INFO - Browser session closed
2026-03-02 19:30:32 - INFO - SQLite database connection closed
2026-03-02 20:04:26 - INFO - Logging initialized. Log file: pb2b/logs/bybit_scraper_20260302.log
2026-03-02 20:04:27 - INFO - DataSaver logging initialized. Log file: pb2b/logs/data_saver_20260302.log
2026-03-02 20:04:27 - INFO - Connected to SQLite database: pb2b/p2p_listings.db
2026-03-02 20:04:27 - INFO - Database tables created successfully
2026-03-02 20:04:27 - INFO - Attempt 1/10: Loading https://www.bybit.com/fiat/trade/otc?actionType=1&token=USDT&fiat=NGN
2026-03-02 20:04:36 - INFO - Screenshot saved as 'pb2b/screenshots/bybit_page_20260302_200436.png'
2026-03-02 20:04:36 - WARNING - Error parsing row: Message: no such element: Unable to locate element: {"method":"css selector","selector":"td:nth-child(2)"}
  (Session info: chrome=145.0.7632.116); For documentation on this error, please visit: https://www.selenium.dev/documentation/webdriver/troubleshooting/errors#nosuchelementexception
Stacktrace:
#0 0x55652647ab6a <unknown>
#1 0x556525e8da32 <unknown>
#2 0x556525ee2d66 <unknown>
#3 0x556525ee2fa1 <unknown>
#4 0x556525ed6736 <unknown>
#5 0x556525ed6617 <unknown>
#6 0x556525f2b369 <unknown>
#7 0x556525ed4c0f <unknown>
#8 0x556525ed59d1 <unknown>
#9 0x55652643f6b9 <unknown>
#10 0x5565264425c1 <unknown>
#11 0x55652642be29 <unknown>
#12 0x55652644317e <unknown>
#13 0x5565264124b0 <unknown>
#14 0x556526467578 <unknown>
#15 0x55652646774b <unknown>
#16 0x5565264791a3 <unknown>
#17 0x7f244ae9caa4 <unknown>
#18 0x7f244af29c6c <unknown>

2026-03-02 20:04:36 - WARNING - Error parsing row: Message: no such element: Unable to locate element: {"method":"css selector","selector":"td:nth-child(2)"}
  (Session info: chrome=145.0.7632.116); For documentation on this error, please visit: https://www.selenium.dev/documentation/webdriver/troubleshooting/errors#nosuchelementexception
Stacktrace:
#0 0x55652647ab6a <unknown>
#1 0x556525e8da32 <unknown>
#2 0x556525ee2d66 <unknown>
#3 0x556525ee2fa1 <unknown>
#4 0x556525ed6736 <unknown>
#5 0x556525ed6617 <unknown>
#6 0x556525f2b369 <unknown>
#7 0x556525ed4c0f <unknown>
#8 0x556525ed59d1 <unknown>
#9 0x55652643f6b9 <unknown>
#10 0x5565264425c1 <unknown>
#11 0x55652642be29 <unknown>
#12 0x55652644317e <unknown>
#13 0x5565264124b0 <unknown>
#14 0x556526467578 <unknown>
#15 0x55652646774b <unknown>
#16 0x5565264791a3 <unknown>
#17 0x7f244ae9caa4 <unknown>
#18 0x7f244af29c6c <unknown>

2026-03-02 20:04:36 - INFO - Fetching BUY listings for USDT/EUR
2026-03-02 20:04:37 - INFO - Data successfully saved to SQLite database. New listings - Bybit: 4, Binance: 6
2026-03-02 20:04:37 - INFO - Browser session closed
2026-03-02 20:04:37 - INFO - SQLite database connection closed
2026-03-02 20:54:46 - INFO - Logging initialized. Log file: pb2b/logs/bybit_scraper_20260302.log
2026-03-02 20:54:48 - INFO - DataSaver logging initialized. Log file: pb2b/logs/data_saver_20260302.log
2026-03-02 20:54:48 - INFO - Connected to SQLite database: pb2b/p2p_listings.db
2026-03-02 20:54:48 - INFO - Database tables created successfully
2026-03-02 20:54:48 - INFO - Attempt 1/10: Loading https://www.bybit.com/fiat/trade/otc?actionType=1&token=USDT&fiat=NGN
2026-03-02 20:54:55 - INFO - Screenshot saved as 'pb2b/screenshots/bybit_page_20260302_205455.png'
2026-03-02 20:54:55 - WARNING - Error parsing row: Message: no such element: Unable to locate element: {"method":"css selector","selector":"td:nth-child(2)"}
  (Session info: chrome=145.0.7632.116); For documentation on this error, please visit: https://www.selenium.dev/documentation/webdriver/troubleshooting/errors#nosuchelementexception
Stacktrace:
#0 0x55c0ff62eb6a <unknown>
#1 0x55c0ff041a32 <unknown>
#2 0x55c0ff096d66 <unknown>
#3 0x55c0ff096fa1 <unknown>
#4 0x55c0ff08a736 <unknown>
#5 0x55c0ff08a617 <unknown>
#6 0x55c0ff0df369 <unknown>
#7 0x55c0ff088c0f <unknown>
#8 0x55c0ff0899d1 <unknown>
#9 0x55c0ff5f36b9 <unknown>
#10 0x55c0ff5f65c1 <unknown>
#11 0x55c0ff5dfe29 <unknown>
#12 0x55c0ff5f717e <unknown>
#13 0x55c0ff5c64b0 <unknown>
#14 0x55c0ff61b578 <unknown>
#15 0x55c0ff61b74b <unknown>
#16 0x55c0ff62d1a3 <unknown>
#17 0x7f162089caa4 <unknown>
#18 0x7f1620929c6c <unknown>

2026-03-02 20:54:55 - WARNING - Error parsing row: Message: no such element: Unable to locate element: {"method":"css selector","selector":"td:nth-child(2)"}
  (Session info: chrome=145.0.7632.116); For documentation on this error, please visit: https://www.selenium.dev/documentation/webdriver/troubleshooting/errors#nosuchelementexception
Stacktrace:
#0 0x55c0ff62eb6a <unknown>
#1 0x55c0ff041a32 <unknown>
#2 0x55c0ff096d66 <unknown>
#3 0x55c0ff096fa1 <unknown>
#4 0x55c0ff08a736 <unknown>
#5 0x55c0ff08a617 <unknown>
#6 0x55c0ff0df369 <unknown>
#7 0x55c0ff088c0f <unknown>
#8 0x55c0ff0899d1 <unknown>
#9 0x55c0ff5f36b9 <unknown>
#10 0x55c0ff5f65c1 <unknown>
#11 0x55c0ff5dfe29 <unknown>
#12 0x55c0ff5f717e <unknown>
#13 0x55c0ff5c64b0 <unknown>
#14 0x55c0ff61b578 <unknown>
#15 0x55c0ff61b74b <unknown>
#16 0x55c0ff62d1a3 <unknown>
#17 0x7f162089caa4 <unknown>
#18 0x7f1620929c6c <unknown>

2026-03-02 20:54:56 - INFO - Fetching BUY listings for USDT/EUR
2026-03-02 20:54:57 - INFO - Data successfully saved to SQLite database. New listings - Bybit: 4, Binance: 6
2026-03-02 20:54:57 - INFO - Browser session closed
2026-03-02 20:54:57 - INFO - SQLite database connection closed
2026-03-02 21:30:35 - INFO - Logging initialized. Log file: pb2b/logs/bybit_scraper_20260302.log
2026-03-02 21:30:40 - INFO - DataSaver logging initialized. Log file: pb2b/logs/data_saver_20260302.log
2026-03-02 21:30:40 - INFO - Connected to SQLite database: pb2b/p2p_listings.db
2026-03-02 21:30:40 - INFO - Database tables created successfully
2026-03-02 21:30:40 - INFO - Attempt 1/10: Loading https://www.bybit.com/fiat/trade/otc?actionType=1&token=USDT&fiat=NGN
2026-03-02 21:30:49 - INFO - Screenshot saved as 'pb2b/screenshots/bybit_page_20260302_213049.png'
2026-03-02 21:30:49 - WARNING - Error parsing row: Message: no such element: Unable to locate element: {"method":"css selector","selector":"td:nth-child(2)"}
  (Session info: chrome=145.0.7632.116); For documentation on this error, please visit: https://www.selenium.dev/documentation/webdriver/troubleshooting/errors#nosuchelementexception
Stacktrace:
#0 0x5571d0a4bb6a <unknown>
#1 0x5571d045ea32 <unknown>
#2 0x5571d04b3d66 <unknown>
#3 0x5571d04b3fa1 <unknown>
#4 0x5571d04a7736 <unknown>
#5 0x5571d04a7617 <unknown>
#6 0x5571d04fc369 <unknown>
#7 0x5571d04a5c0f <unknown>
#8 0x5571d04a69d1 <unknown>
#9 0x5571d0a106b9 <unknown>
#10 0x5571d0a135c1 <unknown>
#11 0x5571d09fce29 <unknown>
#12 0x5571d0a1417e <unknown>
#13 0x5571d09e34b0 <unknown>
#14 0x5571d0a38578 <unknown>
#15 0x5571d0a3874b <unknown>
#16 0x5571d0a4a1a3 <unknown>
#17 0x7faacf29caa4 <unknown>
#18 0x7faacf329c6c <unknown>

2026-03-02 21:30:49 - WARNING - Error parsing row: Message: no such element: Unable to locate element: {"method":"css selector","selector":"td:nth-child(2)"}
  (Session info: chrome=145.0.7632.116); For documentation on this error, please visit: https://www.selenium.dev/documentation/webdriver/troubleshooting/errors#nosuchelementexception
Stacktrace:
#0 0x5571d0a4bb6a <unknown>
#1 0x5571d045ea32 <unknown>
#2 0x5571d04b3d66 <unknown>
#3 0x5571d04b3fa1 <unknown>
#4 0x5571d04a7736 <unknown>
#5 0x5571d04a7617 <unknown>
#6 0x5571d04fc369 <unknown>
#7 0x5571d04a5c0f <unknown>
#8 0x5571d04a69d1 <unknown>
#9 0x5571d0a106b9 <unknown>
#10 0x5571d0a135c1 <unknown>
#11 0x5571d09fce29 <unknown>
#12 0x5571d0a1417e <unknown>
#13 0x5571d09e34b0 <unknown>
#14 0x5571d0a38578 <unknown>
#15 0x5571d0a3874b <unknown>
#16 0x5571d0a4a1a3 <unknown>
#17 0x7faacf29caa4 <unknown>
#18 0x7faacf329c6c <unknown>

2026-03-02 21:30:49 - INFO - Fetching BUY listings for USDT/EUR
2026-03-02 21:30:50 - INFO - Data successfully saved to SQLite database. New listings - Bybit: 4, Binance: 6
2026-03-02 21:30:50 - INFO - Browser session closed
2026-03-02 21:30:50 - INFO - SQLite database connection closed
2026-03-02 22:03:49 - INFO - Logging initialized. Log file: pb2b/logs/bybit_scraper_20260302.log
2026-03-02 22:03:50 - INFO - DataSaver logging initialized. Log file: pb2b/logs/data_saver_20260302.log
2026-03-02 22:03:50 - INFO - Connected to SQLite database: pb2b/p2p_listings.db
2026-03-02 22:03:50 - INFO - Database tables created successfully
2026-03-02 22:03:50 - INFO - Attempt 1/10: Loading https://www.bybit.com/fiat/trade/otc?actionType=1&token=USDT&fiat=NGN
2026-03-02 22:03:59 - INFO - Screenshot saved as 'pb2b/screenshots/bybit_page_20260302_220359.png'
2026-03-02 22:03:59 - WARNING - Error parsing row: Message: no such element: Unable to locate element: {"method":"css selector","selector":"td:nth-child(2)"}
  (Session info: chrome=145.0.7632.116); For documentation on this error, please visit: https://www.selenium.dev/documentation/webdriver/troubleshooting/errors#nosuchelementexception
Stacktrace:
#0 0x55d2b47ceb6a <unknown>
#1 0x55d2b41e1a32 <unknown>
#2 0x55d2b4236d66 <unknown>
#3 0x55d2b4236fa1 <unknown>
#4 0x55d2b422a736 <unknown>
#5 0x55d2b422a617 <unknown>
#6 0x55d2b427f369 <unknown>
#7 0x55d2b4228c0f <unknown>
#8 0x55d2b42299d1 <unknown>
#9 0x55d2b47936b9 <unknown>
#10 0x55d2b47965c1 <unknown>
#11 0x55d2b477fe29 <unknown>
#12 0x55d2b479717e <unknown>
#13 0x55d2b47664b0 <unknown>
#14 0x55d2b47bb578 <unknown>
#15 0x55d2b47bb74b <unknown>
#16 0x55d2b47cd1a3 <unknown>
#17 0x7f648169caa4 <unknown>
#18 0x7f6481729c6c <unknown>

2026-03-02 22:03:59 - WARNING - Error parsing row: Message: no such element: Unable to locate element: {"method":"css selector","selector":"td:nth-child(2)"}
  (Session info: chrome=145.0.7632.116); For documentation on this error, please visit: https://www.selenium.dev/documentation/webdriver/troubleshooting/errors#nosuchelementexception
Stacktrace:
#0 0x55d2b47ceb6a <unknown>
#1 0x55d2b41e1a32 <unknown>
#2 0x55d2b4236d66 <unknown>
#3 0x55d2b4236fa1 <unknown>
#4 0x55d2b422a736 <unknown>
#5 0x55d2b422a617 <unknown>
#6 0x55d2b427f369 <unknown>
#7 0x55d2b4228c0f <unknown>
#8 0x55d2b42299d1 <unknown>
#9 0x55d2b47936b9 <unknown>
#10 0x55d2b47965c1 <unknown>
#11 0x55d2b477fe29 <unknown>
#12 0x55d2b479717e <unknown>
#13 0x55d2b47664b0 <unknown>
#14 0x55d2b47bb578 <unknown>
#15 0x55d2b47bb74b <unknown>
#16 0x55d2b47cd1a3 <unknown>
#17 0x7f648169caa4 <unknown>
#18 0x7f6481729c6c <unknown>

2026-03-02 22:04:00 - INFO - Fetching BUY listings for USDT/EUR
2026-03-02 22:04:00 - INFO - Data successfully saved to SQLite database. New listings - Bybit: 4, Binance: 6
2026-03-02 22:04:00 - INFO - Browser session closed
2026-03-02 22:04:00 - INFO - SQLite database connection closed
2026-03-02 22:44:17 - INFO - Logging initialized. Log file: pb2b/logs/bybit_scraper_20260302.log
2026-03-02 22:44:23 - INFO - DataSaver logging initialized. Log file: pb2b/logs/data_saver_20260302.log
2026-03-02 22:44:23 - INFO - Connected to SQLite database: pb2b/p2p_listings.db
2026-03-02 22:44:23 - INFO - Database tables created successfully
2026-03-02 22:44:23 - INFO - Attempt 1/10: Loading https://www.bybit.com/fiat/trade/otc?actionType=1&token=USDT&fiat=NGN
2026-03-02 22:44:32 - INFO - Screenshot saved as 'pb2b/screenshots/bybit_page_20260302_224432.png'
2026-03-02 22:44:32 - WARNING - Error parsing row: Message: no such element: Unable to locate element: {"method":"css selector","selector":"td:nth-child(2)"}
  (Session info: chrome=145.0.7632.116); For documentation on this error, please visit: https://www.selenium.dev/documentation/webdriver/troubleshooting/errors#nosuchelementexception
Stacktrace:
#0 0x561f5679fb6a <unknown>
#1 0x561f561b2a32 <unknown>
#2 0x561f56207d66 <unknown>
#3 0x561f56207fa1 <unknown>
#4 0x561f561fb736 <unknown>
#5 0x561f561fb617 <unknown>
#6 0x561f56250369 <unknown>
#7 0x561f561f9c0f <unknown>
#8 0x561f561fa9d1 <unknown>
#9 0x561f567646b9 <unknown>
#10 0x561f567675c1 <unknown>
#11 0x561f56750e29 <unknown>
#12 0x561f5676817e <unknown>
#13 0x561f567374b0 <unknown>
#14 0x561f5678c578 <unknown>
#15 0x561f5678c74b <unknown>
#16 0x561f5679e1a3 <unknown>
#17 0x7f82cf89caa4 <unknown>
#18 0x7f82cf929c6c <unknown>

2026-03-02 22:44:32 - WARNING - Error parsing row: Message: no such element: Unable to locate element: {"method":"css selector","selector":"td:nth-child(2)"}
  (Session info: chrome=145.0.7632.116); For documentation on this error, please visit: https://www.selenium.dev/documentation/webdriver/troubleshooting/errors#nosuchelementexception
Stacktrace:
#0 0x561f5679fb6a <unknown>
#1 0x561f561b2a32 <unknown>
#2 0x561f56207d66 <unknown>
#3 0x561f56207fa1 <unknown>
#4 0x561f561fb736 <unknown>
#5 0x561f561fb617 <unknown>
#6 0x561f56250369 <unknown>
#7 0x561f561f9c0f <unknown>
#8 0x561f561fa9d1 <unknown>
#9 0x561f567646b9 <unknown>
#10 0x561f567675c1 <unknown>
#11 0x561f56750e29 <unknown>
#12 0x561f5676817e <unknown>
#13 0x561f567374b0 <unknown>
#14 0x561f5678c578 <unknown>
#15 0x561f5678c74b <unknown>
#16 0x561f5679e1a3 <unknown>
#17 0x7f82cf89caa4 <unknown>
#18 0x7f82cf929c6c <unknown>

2026-03-02 22:44:33 - INFO - Fetching BUY listings for USDT/EUR
2026-03-02 22:44:34 - INFO - Data successfully saved to SQLite database. New listings - Bybit: 4, Binance: 6
2026-03-02 22:44:34 - INFO - Browser session closed
2026-03-02 22:44:34 - INFO - SQLite database connection closed
2026-03-02 23:05:07 - INFO - Logging initialized. Log file: pb2b/logs/bybit_scraper_20260302.log
2026-03-02 23:05:12 - INFO - DataSaver logging initialized. Log file: pb2b/logs/data_saver_20260302.log
2026-03-02 23:05:12 - INFO - Connected to SQLite database: pb2b/p2p_listings.db
2026-03-02 23:05:12 - INFO - Database tables created successfully
2026-03-02 23:05:12 - INFO - Attempt 1/10: Loading https://www.bybit.com/fiat/trade/otc?actionType=1&token=USDT&fiat=NGN
2026-03-02 23:05:21 - INFO - Screenshot saved as 'pb2b/screenshots/bybit_page_20260302_230521.png'
2026-03-02 23:05:21 - WARNING - Error parsing row: Message: no such element: Unable to locate element: {"method":"css selector","selector":"td:nth-child(2)"}
  (Session info: chrome=145.0.7632.116); For documentation on this error, please visit: https://www.selenium.dev/documentation/webdriver/troubleshooting/errors#nosuchelementexception
Stacktrace:
#0 0x563667761b6a <unknown>
#1 0x563667174a32 <unknown>
#2 0x5636671c9d66 <unknown>
#3 0x5636671c9fa1 <unknown>
#4 0x5636671bd736 <unknown>
#5 0x5636671bd617 <unknown>
#6 0x563667212369 <unknown>
#7 0x5636671bbc0f <unknown>
#8 0x5636671bc9d1 <unknown>
#9 0x5636677266b9 <unknown>
#10 0x5636677295c1 <unknown>
#11 0x563667712e29 <unknown>
#12 0x56366772a17e <unknown>
#13 0x5636676f94b0 <unknown>
#14 0x56366774e578 <unknown>
#15 0x56366774e74b <unknown>
#16 0x5636677601a3 <unknown>
#17 0x7f98ad49caa4 <unknown>
#18 0x7f98ad529c6c <unknown>

2026-03-02 23:05:21 - WARNING - Error parsing row: Message: no such element: Unable to locate element: {"method":"css selector","selector":"td:nth-child(2)"}
  (Session info: chrome=145.0.7632.116); For documentation on this error, please visit: https://www.selenium.dev/documentation/webdriver/troubleshooting/errors#nosuchelementexception
Stacktrace:
#0 0x563667761b6a <unknown>
#1 0x563667174a32 <unknown>
#2 0x5636671c9d66 <unknown>
#3 0x5636671c9fa1 <unknown>
#4 0x5636671bd736 <unknown>
#5 0x5636671bd617 <unknown>
#6 0x563667212369 <unknown>
#7 0x5636671bbc0f <unknown>
#8 0x5636671bc9d1 <unknown>
#9 0x5636677266b9 <unknown>
#10 0x5636677295c1 <unknown>
#11 0x563667712e29 <unknown>
#12 0x56366772a17e <unknown>
#13 0x5636676f94b0 <unknown>
#14 0x56366774e578 <unknown>
#15 0x56366774e74b <unknown>
#16 0x5636677601a3 <unknown>
#17 0x7f98ad49caa4 <unknown>
#18 0x7f98ad529c6c <unknown>

2026-03-02 23:05:21 - INFO - Fetching BUY listings for USDT/EUR
2026-03-02 23:05:22 - INFO - Data successfully saved to SQLite database. New listings - Bybit: 4, Binance: 6
2026-03-02 23:05:22 - INFO - Browser session closed
2026-03-02 23:05:22 - INFO - SQLite database connection closed
2026-03-02 23:43:44 - INFO - Logging initialized. Log file: pb2b/logs/bybit_scraper_20260302.log
2026-03-02 23:43:49 - INFO - DataSaver logging initialized. Log file: pb2b/logs/data_saver_20260302.log
2026-03-02 23:43:49 - INFO - Connected to SQLite database: pb2b/p2p_listings.db
2026-03-02 23:43:49 - INFO - Database tables created successfully
2026-03-02 23:43:49 - INFO - Attempt 1/10: Loading https://www.bybit.com/fiat/trade/otc?actionType=1&token=USDT&fiat=NGN
2026-03-02 23:43:58 - INFO - Screenshot saved as 'pb2b/screenshots/bybit_page_20260302_234358.png'
2026-03-02 23:43:58 - WARNING - Error parsing row: Message: no such element: Unable to locate element: {"method":"css selector","selector":"td:nth-child(2)"}
  (Session info: chrome=145.0.7632.116); For documentation on this error, please visit: https://www.selenium.dev/documentation/webdriver/troubleshooting/errors#nosuchelementexception
Stacktrace:
#0 0x5642f7488b6a <unknown>
#1 0x5642f6e9ba32 <unknown>
#2 0x5642f6ef0d66 <unknown>
#3 0x5642f6ef0fa1 <unknown>
#4 0x5642f6ee4736 <unknown>
#5 0x5642f6ee4617 <unknown>
#6 0x5642f6f39369 <unknown>
#7 0x5642f6ee2c0f <unknown>
#8 0x5642f6ee39d1 <unknown>
#9 0x5642f744d6b9 <unknown>
#10 0x5642f74505c1 <unknown>
#11 0x5642f7439e29 <unknown>
#12 0x5642f745117e <unknown>
#13 0x5642f74204b0 <unknown>
#14 0x5642f7475578 <unknown>
#15 0x5642f747574b <unknown>
#16 0x5642f74871a3 <unknown>
#17 0x7f89c0a9caa4 <unknown>
#18 0x7f89c0b29c6c <unknown>

2026-03-02 23:43:58 - WARNING - Error parsing row: Message: no such element: Unable to locate element: {"method":"css selector","selector":"td:nth-child(2)"}
  (Session info: chrome=145.0.7632.116); For documentation on this error, please visit: https://www.selenium.dev/documentation/webdriver/troubleshooting/errors#nosuchelementexception
Stacktrace:
#0 0x5642f7488b6a <unknown>
#1 0x5642f6e9ba32 <unknown>
#2 0x5642f6ef0d66 <unknown>
#3 0x5642f6ef0fa1 <unknown>
#4 0x5642f6ee4736 <unknown>
#5 0x5642f6ee4617 <unknown>
#6 0x5642f6f39369 <unknown>
#7 0x5642f6ee2c0f <unknown>
#8 0x5642f6ee39d1 <unknown>
#9 0x5642f744d6b9 <unknown>
#10 0x5642f74505c1 <unknown>
#11 0x5642f7439e29 <unknown>
#12 0x5642f745117e <unknown>
#13 0x5642f74204b0 <unknown>
#14 0x5642f7475578 <unknown>
#15 0x5642f747574b <unknown>
#16 0x5642f74871a3 <unknown>
#17 0x7f89c0a9caa4 <unknown>
#18 0x7f89c0b29c6c <unknown>

2026-03-02 23:43:58 - INFO - Fetching BUY listings for USDT/EUR
2026-03-02 23:43:59 - INFO - Data successfully saved to SQLite database. New listings - Bybit: 4, Binance: 6
2026-03-02 23:43:59 - INFO - Browser session closed
2026-03-02 23:43:59 - INFO - SQLite database connection closed
