2026-04-03 00:06:55 - INFO - Logging initialized. Log file: pb2b/logs/bybit_scraper_20260403.log
2026-04-03 00:06:55 - INFO - DataSaver logging initialized. Log file: pb2b/logs/data_saver_20260403.log
2026-04-03 00:06:55 - INFO - Connected to SQLite database: pb2b/p2p_listings.db
2026-04-03 00:06:55 - INFO - Database tables created successfully
2026-04-03 00:06:55 - INFO - Attempt 1/10: Loading https://www.bybit.com/fiat/trade/otc?actionType=1&token=USDT&fiat=NGN
2026-04-03 00:07:03 - INFO - Screenshot saved as 'pb2b/screenshots/bybit_page_20260403_000703.png'
2026-04-03 00:07:03 - WARNING - Error parsing row: Message: no such element: Unable to locate element: {"method":"css selector","selector":"td:nth-child(2)"}
  (Session info: chrome=146.0.7680.177); For documentation on this error, please visit: https://www.selenium.dev/documentation/webdriver/troubleshooting/errors#nosuchelementexception
Stacktrace:
#0 0x5588b5555a6a <unknown>
#1 0x5588b4f64ab5 <unknown>
#2 0x5588b4fb7676 <unknown>
#3 0x5588b4fb78b1 <unknown>
#4 0x5588b4fac616 <unknown>
#5 0x5588b4fac4f7 <unknown>
#6 0x5588b4fff7b6 <unknown>
#7 0x5588b4faacbf <unknown>
#8 0x5588b4faba81 <unknown>
#9 0x5588b551ba64 <unknown>
#10 0x5588b551e951 <unknown>
#11 0x5588b550821e <unknown>
#12 0x5588b551f51e <unknown>
#13 0x5588b54eebe0 <unknown>
#14 0x5588b55429b8 <unknown>
#15 0x5588b5542b88 <unknown>
#16 0x5588b55544de <unknown>
#17 0x7fa03169caa4 <unknown>
#18 0x7fa031729c6c <unknown>

2026-04-03 00:07:03 - WARNING - Error parsing row: Message: no such element: Unable to locate element: {"method":"css selector","selector":"td:nth-child(2)"}
  (Session info: chrome=146.0.7680.177); For documentation on this error, please visit: https://www.selenium.dev/documentation/webdriver/troubleshooting/errors#nosuchelementexception
Stacktrace:
#0 0x5588b5555a6a <unknown>
#1 0x5588b4f64ab5 <unknown>
#2 0x5588b4fb7676 <unknown>
#3 0x5588b4fb78b1 <unknown>
#4 0x5588b4fac616 <unknown>
#5 0x5588b4fac4f7 <unknown>
#6 0x5588b4fff7b6 <unknown>
#7 0x5588b4faacbf <unknown>
#8 0x5588b4faba81 <unknown>
#9 0x5588b551ba64 <unknown>
#10 0x5588b551e951 <unknown>
#11 0x5588b550821e <unknown>
#12 0x5588b551f51e <unknown>
#13 0x5588b54eebe0 <unknown>
#14 0x5588b55429b8 <unknown>
#15 0x5588b5542b88 <unknown>
#16 0x5588b55544de <unknown>
#17 0x7fa03169caa4 <unknown>
#18 0x7fa031729c6c <unknown>

2026-04-03 00:07:03 - INFO - Fetching BUY listings for USDT/EUR
2026-04-03 00:07:04 - INFO - Data successfully saved to SQLite database. New listings - Bybit: 4, Binance: 6
2026-04-03 00:07:04 - INFO - Browser session closed
2026-04-03 00:07:04 - INFO - SQLite database connection closed
