2025-01-03 01:51:45 - INFO - Logging initialized. Log file: pb2b/logs/bybit_scraper_20250103.log
2025-01-03 01:51:45 - INFO - DataSaver logging initialized. Log file: pb2b/logs/data_saver_20250103.log
2025-01-03 01:51:45 - INFO - Connected to SQLite database: pb2b/p2p_listings.db
2025-01-03 01:51:45 - INFO - Database tables created successfully
2025-01-03 01:51:45 - INFO - Attempt 1/10: Loading https://www.bybit.com/fiat/trade/otc?actionType=1&token=USDT&fiat=NGN
2025-01-03 01:51:57 - INFO - Screenshot saved as 'pb2b/screenshots/bybit_page_20250103_015156.png'
2025-01-03 01:51:57 - INFO - Fetching BUY listings for USDT/EUR
2025-01-03 01:51:57 - INFO - Data successfully saved to SQLite database. New listings - Bybit: 4, Binance: 6
2025-01-03 01:51:58 - INFO - Browser session closed
2025-01-03 01:51:58 - INFO - SQLite database connection closed
2025-01-03 02:46:11 - INFO - Logging initialized. Log file: pb2b/logs/bybit_scraper_20250103.log
2025-01-03 02:46:12 - INFO - DataSaver logging initialized. Log file: pb2b/logs/data_saver_20250103.log
2025-01-03 02:46:12 - INFO - Connected to SQLite database: pb2b/p2p_listings.db
2025-01-03 02:46:12 - INFO - Database tables created successfully
2025-01-03 02:46:12 - INFO - Attempt 1/10: Loading https://www.bybit.com/fiat/trade/otc?actionType=1&token=USDT&fiat=NGN
2025-01-03 02:46:23 - INFO - Screenshot saved as 'pb2b/screenshots/bybit_page_20250103_024622.png'
2025-01-03 02:46:23 - INFO - Fetching BUY listings for USDT/EUR
2025-01-03 02:46:23 - INFO - Data successfully saved to SQLite database. New listings - Bybit: 4, Binance: 6
2025-01-03 02:46:24 - INFO - Browser session closed
2025-01-03 02:46:24 - INFO - SQLite database connection closed
2025-01-03 03:13:07 - INFO - Logging initialized. Log file: pb2b/logs/bybit_scraper_20250103.log
2025-01-03 03:13:07 - INFO - DataSaver logging initialized. Log file: pb2b/logs/data_saver_20250103.log
2025-01-03 03:13:07 - INFO - Connected to SQLite database: pb2b/p2p_listings.db
2025-01-03 03:13:07 - INFO - Database tables created successfully
2025-01-03 03:13:07 - INFO - Attempt 1/10: Loading https://www.bybit.com/fiat/trade/otc?actionType=1&token=USDT&fiat=NGN
2025-01-03 03:13:18 - INFO - Screenshot saved as 'pb2b/screenshots/bybit_page_20250103_031317.png'
2025-01-03 03:13:18 - INFO - Fetching BUY listings for USDT/EUR
2025-01-03 03:13:19 - INFO - Data successfully saved to SQLite database. New listings - Bybit: 4, Binance: 6
2025-01-03 03:13:19 - INFO - Browser session closed
2025-01-03 03:13:19 - INFO - SQLite database connection closed
2025-01-03 03:37:52 - INFO - Logging initialized. Log file: pb2b/logs/bybit_scraper_20250103.log
2025-01-03 03:37:53 - INFO - DataSaver logging initialized. Log file: pb2b/logs/data_saver_20250103.log
2025-01-03 03:37:53 - INFO - Connected to SQLite database: pb2b/p2p_listings.db
2025-01-03 03:37:53 - INFO - Database tables created successfully
2025-01-03 03:37:53 - INFO - Attempt 1/10: Loading https://www.bybit.com/fiat/trade/otc?actionType=1&token=USDT&fiat=NGN
2025-01-03 03:38:04 - INFO - Screenshot saved as 'pb2b/screenshots/bybit_page_20250103_033804.png'
2025-01-03 03:38:05 - INFO - Fetching BUY listings for USDT/EUR
2025-01-03 03:38:05 - INFO - Data successfully saved to SQLite database. New listings - Bybit: 4, Binance: 6
2025-01-03 03:38:05 - INFO - Browser session closed
2025-01-03 03:38:05 - INFO - SQLite database connection closed
2025-01-03 03:51:09 - INFO - Logging initialized. Log file: pb2b/logs/bybit_scraper_20250103.log
2025-01-03 03:51:10 - INFO - DataSaver logging initialized. Log file: pb2b/logs/data_saver_20250103.log
2025-01-03 03:51:10 - INFO - Connected to SQLite database: pb2b/p2p_listings.db
2025-01-03 03:51:10 - INFO - Database tables created successfully
2025-01-03 03:51:10 - INFO - Attempt 1/10: Loading https://www.bybit.com/fiat/trade/otc?actionType=1&token=USDT&fiat=NGN
2025-01-03 03:51:19 - INFO - Screenshot saved as 'pb2b/screenshots/bybit_page_20250103_035119.png'
2025-01-03 03:51:19 - INFO - Fetching BUY listings for USDT/EUR
2025-01-03 03:51:20 - INFO - Data successfully saved to SQLite database. New listings - Bybit: 4, Binance: 6
2025-01-03 03:51:20 - INFO - Browser session closed
2025-01-03 03:51:20 - INFO - SQLite database connection closed
2025-01-03 04:16:18 - INFO - Logging initialized. Log file: pb2b/logs/bybit_scraper_20250103.log
2025-01-03 04:16:19 - INFO - DataSaver logging initialized. Log file: pb2b/logs/data_saver_20250103.log
2025-01-03 04:16:19 - INFO - Connected to SQLite database: pb2b/p2p_listings.db
2025-01-03 04:16:19 - INFO - Database tables created successfully
2025-01-03 04:16:19 - INFO - Attempt 1/10: Loading https://www.bybit.com/fiat/trade/otc?actionType=1&token=USDT&fiat=NGN
2025-01-03 04:16:30 - INFO - Screenshot saved as 'pb2b/screenshots/bybit_page_20250103_041630.png'
2025-01-03 04:16:31 - INFO - Fetching BUY listings for USDT/EUR
2025-01-03 04:16:31 - INFO - Data successfully saved to SQLite database. New listings - Bybit: 4, Binance: 6
2025-01-03 04:16:31 - INFO - Browser session closed
2025-01-03 04:16:31 - INFO - SQLite database connection closed
2025-01-03 04:37:47 - INFO - Logging initialized. Log file: pb2b/logs/bybit_scraper_20250103.log
2025-01-03 04:37:48 - INFO - DataSaver logging initialized. Log file: pb2b/logs/data_saver_20250103.log
2025-01-03 04:37:48 - INFO - Connected to SQLite database: pb2b/p2p_listings.db
2025-01-03 04:37:48 - INFO - Database tables created successfully
2025-01-03 04:37:48 - INFO - Attempt 1/10: Loading https://www.bybit.com/fiat/trade/otc?actionType=1&token=USDT&fiat=NGN
2025-01-03 04:37:59 - INFO - Screenshot saved as 'pb2b/screenshots/bybit_page_20250103_043759.png'
2025-01-03 04:38:00 - INFO - Fetching BUY listings for USDT/EUR
2025-01-03 04:38:00 - INFO - Data successfully saved to SQLite database. New listings - Bybit: 4, Binance: 6
2025-01-03 04:38:00 - INFO - Browser session closed
2025-01-03 04:38:00 - INFO - SQLite database connection closed
2025-01-03 04:51:30 - INFO - Logging initialized. Log file: pb2b/logs/bybit_scraper_20250103.log
2025-01-03 04:51:31 - INFO - DataSaver logging initialized. Log file: pb2b/logs/data_saver_20250103.log
2025-01-03 04:51:31 - INFO - Connected to SQLite database: pb2b/p2p_listings.db
2025-01-03 04:51:31 - INFO - Database tables created successfully
2025-01-03 04:51:31 - INFO - Attempt 1/10: Loading https://www.bybit.com/fiat/trade/otc?actionType=1&token=USDT&fiat=NGN
2025-01-03 04:51:41 - INFO - Screenshot saved as 'pb2b/screenshots/bybit_page_20250103_045140.png'
2025-01-03 04:51:41 - INFO - Fetching BUY listings for USDT/EUR
2025-01-03 04:51:41 - INFO - Data successfully saved to SQLite database. New listings - Bybit: 4, Binance: 6
2025-01-03 04:51:42 - INFO - Browser session closed
2025-01-03 04:51:42 - INFO - SQLite database connection closed
2025-01-03 05:12:55 - INFO - Logging initialized. Log file: pb2b/logs/bybit_scraper_20250103.log
2025-01-03 05:12:56 - INFO - DataSaver logging initialized. Log file: pb2b/logs/data_saver_20250103.log
2025-01-03 05:12:56 - INFO - Connected to SQLite database: pb2b/p2p_listings.db
2025-01-03 05:12:56 - INFO - Database tables created successfully
2025-01-03 05:12:56 - INFO - Attempt 1/10: Loading https://www.bybit.com/fiat/trade/otc?actionType=1&token=USDT&fiat=NGN
2025-01-03 05:13:06 - INFO - Screenshot saved as 'pb2b/screenshots/bybit_page_20250103_051306.png'
2025-01-03 05:13:06 - INFO - Fetching BUY listings for USDT/EUR
2025-01-03 05:13:07 - INFO - Data successfully saved to SQLite database. New listings - Bybit: 4, Binance: 6
2025-01-03 05:13:07 - INFO - Browser session closed
2025-01-03 05:13:07 - INFO - SQLite database connection closed
2025-01-03 05:33:16 - INFO - Logging initialized. Log file: pb2b/logs/bybit_scraper_20250103.log
2025-01-03 05:33:17 - INFO - DataSaver logging initialized. Log file: pb2b/logs/data_saver_20250103.log
2025-01-03 05:33:17 - INFO - Connected to SQLite database: pb2b/p2p_listings.db
2025-01-03 05:33:17 - INFO - Database tables created successfully
2025-01-03 05:33:17 - INFO - Attempt 1/10: Loading https://www.bybit.com/fiat/trade/otc?actionType=1&token=USDT&fiat=NGN
2025-01-03 05:33:28 - INFO - Screenshot saved as 'pb2b/screenshots/bybit_page_20250103_053328.png'
2025-01-03 05:33:29 - INFO - Fetching BUY listings for USDT/EUR
2025-01-03 05:33:29 - INFO - Data successfully saved to SQLite database. New listings - Bybit: 4, Binance: 6
2025-01-03 05:33:29 - INFO - Browser session closed
2025-01-03 05:33:29 - INFO - SQLite database connection closed
2025-01-03 05:46:33 - INFO - Logging initialized. Log file: pb2b/logs/bybit_scraper_20250103.log
2025-01-03 05:46:33 - INFO - DataSaver logging initialized. Log file: pb2b/logs/data_saver_20250103.log
2025-01-03 05:46:33 - INFO - Connected to SQLite database: pb2b/p2p_listings.db
2025-01-03 05:46:33 - INFO - Database tables created successfully
2025-01-03 05:46:33 - INFO - Attempt 1/10: Loading https://www.bybit.com/fiat/trade/otc?actionType=1&token=USDT&fiat=NGN
2025-01-03 05:46:44 - INFO - Screenshot saved as 'pb2b/screenshots/bybit_page_20250103_054644.png'
2025-01-03 05:46:45 - INFO - Fetching BUY listings for USDT/EUR
2025-01-03 05:46:45 - INFO - Data successfully saved to SQLite database. New listings - Bybit: 4, Binance: 6
2025-01-03 05:46:45 - INFO - Browser session closed
2025-01-03 05:46:45 - INFO - SQLite database connection closed
2025-01-03 05:59:31 - INFO - Logging initialized. Log file: pb2b/logs/bybit_scraper_20250103.log
2025-01-03 05:59:31 - INFO - DataSaver logging initialized. Log file: pb2b/logs/data_saver_20250103.log
2025-01-03 05:59:31 - INFO - Connected to SQLite database: pb2b/p2p_listings.db
2025-01-03 05:59:31 - INFO - Database tables created successfully
2025-01-03 05:59:31 - INFO - Attempt 1/10: Loading https://www.bybit.com/fiat/trade/otc?actionType=1&token=USDT&fiat=NGN
2025-01-03 05:59:41 - INFO - Screenshot saved as 'pb2b/screenshots/bybit_page_20250103_055941.png'
2025-01-03 05:59:42 - INFO - Fetching BUY listings for USDT/EUR
2025-01-03 05:59:42 - INFO - Data successfully saved to SQLite database. New listings - Bybit: 4, Binance: 6
2025-01-03 05:59:42 - INFO - Browser session closed
2025-01-03 05:59:42 - INFO - SQLite database connection closed
2025-01-03 06:34:13 - INFO - Logging initialized. Log file: pb2b/logs/bybit_scraper_20250103.log
2025-01-03 06:34:14 - INFO - DataSaver logging initialized. Log file: pb2b/logs/data_saver_20250103.log
2025-01-03 06:34:14 - INFO - Connected to SQLite database: pb2b/p2p_listings.db
2025-01-03 06:34:14 - INFO - Database tables created successfully
2025-01-03 06:34:14 - INFO - Attempt 1/10: Loading https://www.bybit.com/fiat/trade/otc?actionType=1&token=USDT&fiat=NGN
2025-01-03 06:34:24 - INFO - Screenshot saved as 'pb2b/screenshots/bybit_page_20250103_063424.png'
2025-01-03 06:34:25 - INFO - Fetching BUY listings for USDT/EUR
2025-01-03 06:34:25 - INFO - Data successfully saved to SQLite database. New listings - Bybit: 4, Binance: 6
2025-01-03 06:34:26 - INFO - Browser session closed
2025-01-03 06:34:26 - INFO - SQLite database connection closed
2025-01-03 06:50:54 - INFO - Logging initialized. Log file: pb2b/logs/bybit_scraper_20250103.log
2025-01-03 06:50:55 - INFO - DataSaver logging initialized. Log file: pb2b/logs/data_saver_20250103.log
2025-01-03 06:50:55 - INFO - Connected to SQLite database: pb2b/p2p_listings.db
2025-01-03 06:50:55 - INFO - Database tables created successfully
2025-01-03 06:50:55 - INFO - Attempt 1/10: Loading https://www.bybit.com/fiat/trade/otc?actionType=1&token=USDT&fiat=NGN
2025-01-03 06:51:05 - INFO - Screenshot saved as 'pb2b/screenshots/bybit_page_20250103_065105.png'
2025-01-03 06:51:05 - INFO - Fetching BUY listings for USDT/EUR
2025-01-03 06:51:06 - INFO - Data successfully saved to SQLite database. New listings - Bybit: 4, Binance: 6
2025-01-03 06:51:06 - INFO - Browser session closed
2025-01-03 06:51:06 - INFO - SQLite database connection closed
