2025-11-04 01:30:17 - INFO - Logging initialized. Log file: pb2b/logs/bybit_scraper_20251104.log
2025-11-04 01:30:23 - INFO - DataSaver logging initialized. Log file: pb2b/logs/data_saver_20251104.log
2025-11-04 01:30:23 - INFO - Connected to SQLite database: pb2b/p2p_listings.db
2025-11-04 01:30:23 - INFO - Database tables created successfully
2025-11-04 01:30:23 - INFO - Attempt 1/10: Loading https://www.bybit.com/fiat/trade/otc?actionType=1&token=USDT&fiat=NGN
2025-11-04 01:30:33 - INFO - Screenshot saved as 'pb2b/screenshots/bybit_page_20251104_013033.png'
2025-11-04 01:30:33 - INFO - Fetching BUY listings for USDT/EUR
2025-11-04 01:30:34 - INFO - Data successfully saved to SQLite database. New listings - Bybit: 4, Binance: 6
2025-11-04 01:30:34 - INFO - Browser session closed
2025-11-04 01:30:34 - INFO - SQLite database connection closed
2025-11-04 03:02:32 - INFO - Logging initialized. Log file: pb2b/logs/bybit_scraper_20251104.log
2025-11-04 03:02:38 - INFO - DataSaver logging initialized. Log file: pb2b/logs/data_saver_20251104.log
2025-11-04 03:02:38 - INFO - Connected to SQLite database: pb2b/p2p_listings.db
2025-11-04 03:02:38 - INFO - Database tables created successfully
2025-11-04 03:02:38 - INFO - Attempt 1/10: Loading https://www.bybit.com/fiat/trade/otc?actionType=1&token=USDT&fiat=NGN
2025-11-04 03:02:48 - INFO - Screenshot saved as 'pb2b/screenshots/bybit_page_20251104_030248.png'
2025-11-04 03:02:48 - INFO - Fetching BUY listings for USDT/EUR
2025-11-04 03:02:49 - INFO - Data successfully saved to SQLite database. New listings - Bybit: 4, Binance: 6
2025-11-04 03:02:49 - INFO - Browser session closed
2025-11-04 03:02:49 - INFO - SQLite database connection closed
2025-11-04 03:50:13 - INFO - Logging initialized. Log file: pb2b/logs/bybit_scraper_20251104.log
2025-11-04 03:50:18 - INFO - DataSaver logging initialized. Log file: pb2b/logs/data_saver_20251104.log
2025-11-04 03:50:18 - INFO - Connected to SQLite database: pb2b/p2p_listings.db
2025-11-04 03:50:18 - INFO - Database tables created successfully
2025-11-04 03:50:18 - INFO - Attempt 1/10: Loading https://www.bybit.com/fiat/trade/otc?actionType=1&token=USDT&fiat=NGN
2025-11-04 03:50:30 - INFO - Screenshot saved as 'pb2b/screenshots/bybit_page_20251104_035029.png'
2025-11-04 03:50:30 - INFO - Fetching BUY listings for USDT/EUR
2025-11-04 03:50:31 - INFO - Data successfully saved to SQLite database. New listings - Bybit: 4, Binance: 6
2025-11-04 03:50:31 - INFO - Browser session closed
2025-11-04 03:50:31 - INFO - SQLite database connection closed
2025-11-04 04:04:02 - INFO - Logging initialized. Log file: pb2b/logs/bybit_scraper_20251104.log
2025-11-04 04:04:04 - INFO - DataSaver logging initialized. Log file: pb2b/logs/data_saver_20251104.log
2025-11-04 04:04:04 - INFO - Connected to SQLite database: pb2b/p2p_listings.db
2025-11-04 04:04:04 - INFO - Database tables created successfully
2025-11-04 04:04:04 - INFO - Attempt 1/10: Loading https://www.bybit.com/fiat/trade/otc?actionType=1&token=USDT&fiat=NGN
2025-11-04 04:04:13 - INFO - Screenshot saved as 'pb2b/screenshots/bybit_page_20251104_040413.png'
2025-11-04 04:04:13 - INFO - Fetching BUY listings for USDT/EUR
2025-11-04 04:04:15 - INFO - Data successfully saved to SQLite database. New listings - Bybit: 4, Binance: 6
2025-11-04 04:04:15 - INFO - Browser session closed
2025-11-04 04:04:15 - INFO - SQLite database connection closed
2025-11-04 04:36:41 - INFO - Logging initialized. Log file: pb2b/logs/bybit_scraper_20251104.log
2025-11-04 04:36:51 - INFO - DataSaver logging initialized. Log file: pb2b/logs/data_saver_20251104.log
2025-11-04 04:36:51 - INFO - Connected to SQLite database: pb2b/p2p_listings.db
2025-11-04 04:36:51 - INFO - Database tables created successfully
2025-11-04 04:36:51 - INFO - Attempt 1/10: Loading https://www.bybit.com/fiat/trade/otc?actionType=1&token=USDT&fiat=NGN
2025-11-04 04:37:03 - INFO - Screenshot saved as 'pb2b/screenshots/bybit_page_20251104_043702.png'
2025-11-04 04:37:03 - INFO - Fetching BUY listings for USDT/EUR
2025-11-04 04:37:04 - INFO - Data successfully saved to SQLite database. New listings - Bybit: 4, Binance: 6
2025-11-04 04:37:04 - INFO - Browser session closed
2025-11-04 04:37:04 - INFO - SQLite database connection closed
