2025-02-14 01:49:43 - INFO - Logging initialized. Log file: pb2b/logs/bybit_scraper_20250214.log
2025-02-14 01:49:44 - INFO - DataSaver logging initialized. Log file: pb2b/logs/data_saver_20250214.log
2025-02-14 01:49:44 - INFO - Connected to SQLite database: pb2b/p2p_listings.db
2025-02-14 01:49:44 - INFO - Database tables created successfully
2025-02-14 01:49:44 - INFO - Attempt 1/10: Loading https://www.bybit.com/fiat/trade/otc?actionType=1&token=USDT&fiat=NGN
2025-02-14 01:49:53 - INFO - Screenshot saved as 'pb2b/screenshots/bybit_page_20250214_014953.png'
2025-02-14 01:49:54 - INFO - Fetching BUY listings for USDT/EUR
2025-02-14 01:49:54 - INFO - Data successfully saved to SQLite database. New listings - Bybit: 4, Binance: 6
2025-02-14 01:49:54 - INFO - Browser session closed
2025-02-14 01:49:54 - INFO - SQLite database connection closed
2025-02-14 02:42:32 - INFO - Logging initialized. Log file: pb2b/logs/bybit_scraper_20250214.log
2025-02-14 02:42:33 - INFO - DataSaver logging initialized. Log file: pb2b/logs/data_saver_20250214.log
2025-02-14 02:42:33 - INFO - Connected to SQLite database: pb2b/p2p_listings.db
2025-02-14 02:42:33 - INFO - Database tables created successfully
2025-02-14 02:42:33 - INFO - Attempt 1/10: Loading https://www.bybit.com/fiat/trade/otc?actionType=1&token=USDT&fiat=NGN
2025-02-14 02:42:44 - INFO - Screenshot saved as 'pb2b/screenshots/bybit_page_20250214_024244.png'
2025-02-14 02:42:44 - INFO - Fetching BUY listings for USDT/EUR
2025-02-14 02:42:45 - INFO - Data successfully saved to SQLite database. New listings - Bybit: 4, Binance: 6
2025-02-14 02:42:45 - INFO - Browser session closed
2025-02-14 02:42:45 - INFO - SQLite database connection closed
2025-02-14 03:04:02 - INFO - Logging initialized. Log file: pb2b/logs/bybit_scraper_20250214.log
2025-02-14 03:04:02 - INFO - DataSaver logging initialized. Log file: pb2b/logs/data_saver_20250214.log
2025-02-14 03:04:02 - INFO - Connected to SQLite database: pb2b/p2p_listings.db
2025-02-14 03:04:02 - INFO - Database tables created successfully
2025-02-14 03:04:02 - INFO - Attempt 1/10: Loading https://www.bybit.com/fiat/trade/otc?actionType=1&token=USDT&fiat=NGN
2025-02-14 03:04:13 - INFO - Screenshot saved as 'pb2b/screenshots/bybit_page_20250214_030413.png'
2025-02-14 03:04:13 - INFO - Fetching BUY listings for USDT/EUR
2025-02-14 03:04:14 - INFO - Data successfully saved to SQLite database. New listings - Bybit: 4, Binance: 6
2025-02-14 03:04:14 - INFO - Browser session closed
2025-02-14 03:04:14 - INFO - SQLite database connection closed
2025-02-14 03:31:04 - INFO - Logging initialized. Log file: pb2b/logs/bybit_scraper_20250214.log
2025-02-14 03:31:04 - INFO - DataSaver logging initialized. Log file: pb2b/logs/data_saver_20250214.log
2025-02-14 03:31:04 - INFO - Connected to SQLite database: pb2b/p2p_listings.db
2025-02-14 03:31:04 - INFO - Database tables created successfully
2025-02-14 03:31:04 - INFO - Attempt 1/10: Loading https://www.bybit.com/fiat/trade/otc?actionType=1&token=USDT&fiat=NGN
2025-02-14 03:31:14 - INFO - Screenshot saved as 'pb2b/screenshots/bybit_page_20250214_033114.png'
2025-02-14 03:31:14 - INFO - Fetching BUY listings for USDT/EUR
2025-02-14 03:31:15 - INFO - Data successfully saved to SQLite database. New listings - Bybit: 4, Binance: 6
2025-02-14 03:31:15 - INFO - Browser session closed
2025-02-14 03:31:15 - INFO - SQLite database connection closed
2025-02-14 03:45:12 - INFO - Logging initialized. Log file: pb2b/logs/bybit_scraper_20250214.log
2025-02-14 03:45:13 - INFO - DataSaver logging initialized. Log file: pb2b/logs/data_saver_20250214.log
2025-02-14 03:45:13 - INFO - Connected to SQLite database: pb2b/p2p_listings.db
2025-02-14 03:45:13 - INFO - Database tables created successfully
2025-02-14 03:45:13 - INFO - Attempt 1/10: Loading https://www.bybit.com/fiat/trade/otc?actionType=1&token=USDT&fiat=NGN
2025-02-14 03:45:24 - INFO - Screenshot saved as 'pb2b/screenshots/bybit_page_20250214_034524.png'
2025-02-14 03:45:24 - INFO - Fetching BUY listings for USDT/EUR
2025-02-14 03:45:25 - INFO - Data successfully saved to SQLite database. New listings - Bybit: 4, Binance: 6
2025-02-14 03:45:25 - INFO - Browser session closed
2025-02-14 03:45:25 - INFO - SQLite database connection closed
2025-02-14 03:58:17 - INFO - Logging initialized. Log file: pb2b/logs/bybit_scraper_20250214.log
2025-02-14 03:58:18 - INFO - DataSaver logging initialized. Log file: pb2b/logs/data_saver_20250214.log
2025-02-14 03:58:18 - INFO - Connected to SQLite database: pb2b/p2p_listings.db
2025-02-14 03:58:18 - INFO - Database tables created successfully
2025-02-14 03:58:18 - INFO - Attempt 1/10: Loading https://www.bybit.com/fiat/trade/otc?actionType=1&token=USDT&fiat=NGN
2025-02-14 03:58:28 - INFO - Screenshot saved as 'pb2b/screenshots/bybit_page_20250214_035828.png'
2025-02-14 03:58:29 - INFO - Fetching BUY listings for USDT/EUR
2025-02-14 03:58:29 - INFO - Data successfully saved to SQLite database. New listings - Bybit: 4, Binance: 6
2025-02-14 03:58:29 - INFO - Browser session closed
2025-02-14 03:58:29 - INFO - SQLite database connection closed
2025-02-14 04:29:12 - INFO - Logging initialized. Log file: pb2b/logs/bybit_scraper_20250214.log
2025-02-14 04:29:13 - INFO - DataSaver logging initialized. Log file: pb2b/logs/data_saver_20250214.log
2025-02-14 04:29:13 - INFO - Connected to SQLite database: pb2b/p2p_listings.db
2025-02-14 04:29:13 - INFO - Database tables created successfully
2025-02-14 04:29:13 - INFO - Attempt 1/10: Loading https://www.bybit.com/fiat/trade/otc?actionType=1&token=USDT&fiat=NGN
2025-02-14 04:29:24 - INFO - Screenshot saved as 'pb2b/screenshots/bybit_page_20250214_042924.png'
2025-02-14 04:29:24 - INFO - Fetching BUY listings for USDT/EUR
2025-02-14 04:29:25 - INFO - Data successfully saved to SQLite database. New listings - Bybit: 4, Binance: 6
2025-02-14 04:29:25 - INFO - Browser session closed
2025-02-14 04:29:25 - INFO - SQLite database connection closed
2025-02-14 04:44:45 - INFO - Logging initialized. Log file: pb2b/logs/bybit_scraper_20250214.log
2025-02-14 04:44:45 - INFO - DataSaver logging initialized. Log file: pb2b/logs/data_saver_20250214.log
2025-02-14 04:44:45 - INFO - Connected to SQLite database: pb2b/p2p_listings.db
2025-02-14 04:44:45 - INFO - Database tables created successfully
2025-02-14 04:44:45 - INFO - Attempt 1/10: Loading https://www.bybit.com/fiat/trade/otc?actionType=1&token=USDT&fiat=NGN
2025-02-14 04:44:56 - INFO - Screenshot saved as 'pb2b/screenshots/bybit_page_20250214_044455.png'
2025-02-14 04:44:56 - INFO - Fetching BUY listings for USDT/EUR
2025-02-14 04:44:57 - INFO - Data successfully saved to SQLite database. New listings - Bybit: 4, Binance: 6
2025-02-14 04:44:57 - INFO - Browser session closed
2025-02-14 04:44:57 - INFO - SQLite database connection closed
2025-02-14 04:58:03 - INFO - Logging initialized. Log file: pb2b/logs/bybit_scraper_20250214.log
2025-02-14 04:58:04 - INFO - DataSaver logging initialized. Log file: pb2b/logs/data_saver_20250214.log
2025-02-14 04:58:04 - INFO - Connected to SQLite database: pb2b/p2p_listings.db
2025-02-14 04:58:04 - INFO - Database tables created successfully
2025-02-14 04:58:04 - INFO - Attempt 1/10: Loading https://www.bybit.com/fiat/trade/otc?actionType=1&token=USDT&fiat=NGN
2025-02-14 04:58:15 - INFO - Screenshot saved as 'pb2b/screenshots/bybit_page_20250214_045815.png'
2025-02-14 04:58:16 - INFO - Fetching BUY listings for USDT/EUR
2025-02-14 04:58:16 - INFO - Data successfully saved to SQLite database. New listings - Bybit: 4, Binance: 6
2025-02-14 04:58:16 - INFO - Browser session closed
2025-02-14 04:58:16 - INFO - SQLite database connection closed
2025-02-14 05:25:03 - INFO - Logging initialized. Log file: pb2b/logs/bybit_scraper_20250214.log
2025-02-14 05:25:04 - INFO - DataSaver logging initialized. Log file: pb2b/logs/data_saver_20250214.log
2025-02-14 05:25:04 - INFO - Connected to SQLite database: pb2b/p2p_listings.db
2025-02-14 05:25:04 - INFO - Database tables created successfully
2025-02-14 05:25:04 - INFO - Attempt 1/10: Loading https://www.bybit.com/fiat/trade/otc?actionType=1&token=USDT&fiat=NGN
2025-02-14 05:25:14 - INFO - Screenshot saved as 'pb2b/screenshots/bybit_page_20250214_052514.png'
2025-02-14 05:25:14 - INFO - Fetching BUY listings for USDT/EUR
2025-02-14 05:25:15 - INFO - Data successfully saved to SQLite database. New listings - Bybit: 4, Binance: 6
2025-02-14 05:25:15 - INFO - Browser session closed
2025-02-14 05:25:15 - INFO - SQLite database connection closed
2025-02-14 05:40:37 - INFO - Logging initialized. Log file: pb2b/logs/bybit_scraper_20250214.log
2025-02-14 05:40:37 - INFO - DataSaver logging initialized. Log file: pb2b/logs/data_saver_20250214.log
2025-02-14 05:40:37 - INFO - Connected to SQLite database: pb2b/p2p_listings.db
2025-02-14 05:40:37 - INFO - Database tables created successfully
2025-02-14 05:40:37 - INFO - Attempt 1/10: Loading https://www.bybit.com/fiat/trade/otc?actionType=1&token=USDT&fiat=NGN
2025-02-14 05:40:48 - INFO - Screenshot saved as 'pb2b/screenshots/bybit_page_20250214_054047.png'
2025-02-14 05:40:48 - INFO - Fetching BUY listings for USDT/EUR
2025-02-14 05:40:49 - INFO - Data successfully saved to SQLite database. New listings - Bybit: 4, Binance: 6
2025-02-14 05:40:49 - INFO - Browser session closed
2025-02-14 05:40:49 - INFO - SQLite database connection closed
2025-02-14 05:53:53 - INFO - Logging initialized. Log file: pb2b/logs/bybit_scraper_20250214.log
2025-02-14 05:53:54 - INFO - DataSaver logging initialized. Log file: pb2b/logs/data_saver_20250214.log
2025-02-14 05:53:54 - INFO - Connected to SQLite database: pb2b/p2p_listings.db
2025-02-14 05:53:54 - INFO - Database tables created successfully
2025-02-14 05:53:54 - INFO - Attempt 1/10: Loading https://www.bybit.com/fiat/trade/otc?actionType=1&token=USDT&fiat=NGN
2025-02-14 05:54:05 - INFO - Screenshot saved as 'pb2b/screenshots/bybit_page_20250214_055405.png'
2025-02-14 05:54:06 - INFO - Fetching BUY listings for USDT/EUR
2025-02-14 05:54:06 - INFO - Data successfully saved to SQLite database. New listings - Bybit: 4, Binance: 6
2025-02-14 05:54:06 - INFO - Browser session closed
2025-02-14 05:54:06 - INFO - SQLite database connection closed
2025-02-14 06:26:22 - INFO - Logging initialized. Log file: pb2b/logs/bybit_scraper_20250214.log
2025-02-14 06:26:23 - INFO - DataSaver logging initialized. Log file: pb2b/logs/data_saver_20250214.log
2025-02-14 06:26:23 - INFO - Connected to SQLite database: pb2b/p2p_listings.db
2025-02-14 06:26:23 - INFO - Database tables created successfully
2025-02-14 06:26:23 - INFO - Attempt 1/10: Loading https://www.bybit.com/fiat/trade/otc?actionType=1&token=USDT&fiat=NGN
2025-02-14 06:26:36 - INFO - Screenshot saved as 'pb2b/screenshots/bybit_page_20250214_062636.png'
2025-02-14 06:26:37 - INFO - Fetching BUY listings for USDT/EUR
2025-02-14 06:26:37 - INFO - Data successfully saved to SQLite database. New listings - Bybit: 4, Binance: 6
2025-02-14 06:26:37 - INFO - Browser session closed
2025-02-14 06:26:37 - INFO - SQLite database connection closed
2025-02-14 06:45:15 - INFO - Logging initialized. Log file: pb2b/logs/bybit_scraper_20250214.log
2025-02-14 06:45:15 - INFO - DataSaver logging initialized. Log file: pb2b/logs/data_saver_20250214.log
2025-02-14 06:45:15 - INFO - Connected to SQLite database: pb2b/p2p_listings.db
2025-02-14 06:45:15 - INFO - Database tables created successfully
2025-02-14 06:45:15 - INFO - Attempt 1/10: Loading https://www.bybit.com/fiat/trade/otc?actionType=1&token=USDT&fiat=NGN
2025-02-14 06:45:27 - INFO - Screenshot saved as 'pb2b/screenshots/bybit_page_20250214_064526.png'
2025-02-14 06:45:27 - INFO - Fetching BUY listings for USDT/EUR
2025-02-14 06:45:28 - INFO - Data successfully saved to SQLite database. New listings - Bybit: 4, Binance: 6
2025-02-14 06:45:28 - INFO - Browser session closed
2025-02-14 06:45:28 - INFO - SQLite database connection closed
2025-02-14 06:58:29 - INFO - Logging initialized. Log file: pb2b/logs/bybit_scraper_20250214.log
2025-02-14 06:58:30 - INFO - DataSaver logging initialized. Log file: pb2b/logs/data_saver_20250214.log
2025-02-14 06:58:30 - INFO - Connected to SQLite database: pb2b/p2p_listings.db
2025-02-14 06:58:30 - INFO - Database tables created successfully
2025-02-14 06:58:30 - INFO - Attempt 1/10: Loading https://www.bybit.com/fiat/trade/otc?actionType=1&token=USDT&fiat=NGN
2025-02-14 06:58:43 - INFO - Screenshot saved as 'pb2b/screenshots/bybit_page_20250214_065842.png'
2025-02-14 06:58:43 - INFO - Fetching BUY listings for USDT/EUR
2025-02-14 06:58:44 - INFO - Data successfully saved to SQLite database. New listings - Bybit: 4, Binance: 6
2025-02-14 06:58:44 - INFO - Browser session closed
2025-02-14 06:58:44 - INFO - SQLite database connection closed
2025-02-14 07:22:26 - INFO - Logging initialized. Log file: pb2b/logs/bybit_scraper_20250214.log
2025-02-14 07:22:26 - INFO - DataSaver logging initialized. Log file: pb2b/logs/data_saver_20250214.log
2025-02-14 07:22:26 - INFO - Connected to SQLite database: pb2b/p2p_listings.db
2025-02-14 07:22:26 - INFO - Database tables created successfully
2025-02-14 07:22:26 - INFO - Attempt 1/10: Loading https://www.bybit.com/fiat/trade/otc?actionType=1&token=USDT&fiat=NGN
2025-02-14 07:22:36 - INFO - Screenshot saved as 'pb2b/screenshots/bybit_page_20250214_072236.png'
2025-02-14 07:22:37 - INFO - Fetching BUY listings for USDT/EUR
2025-02-14 07:22:37 - INFO - Data successfully saved to SQLite database. New listings - Bybit: 4, Binance: 6
2025-02-14 07:22:37 - INFO - Browser session closed
2025-02-14 07:22:37 - INFO - SQLite database connection closed
2025-02-14 07:36:46 - INFO - Logging initialized. Log file: pb2b/logs/bybit_scraper_20250214.log
2025-02-14 07:36:46 - INFO - DataSaver logging initialized. Log file: pb2b/logs/data_saver_20250214.log
2025-02-14 07:36:46 - INFO - Connected to SQLite database: pb2b/p2p_listings.db
2025-02-14 07:36:46 - INFO - Database tables created successfully
2025-02-14 07:36:46 - INFO - Attempt 1/10: Loading https://www.bybit.com/fiat/trade/otc?actionType=1&token=USDT&fiat=NGN
2025-02-14 07:36:56 - INFO - Screenshot saved as 'pb2b/screenshots/bybit_page_20250214_073656.png'
2025-02-14 07:36:57 - INFO - Fetching BUY listings for USDT/EUR
2025-02-14 07:36:57 - INFO - Data successfully saved to SQLite database. New listings - Bybit: 4, Binance: 6
2025-02-14 07:36:57 - INFO - Browser session closed
2025-02-14 07:36:57 - INFO - SQLite database connection closed
