2026-05-05 00:16:56 - INFO - Logging initialized. Log file: pb2b/logs/bybit_scraper_20260505.log
2026-05-05 00:16:57 - INFO - DataSaver logging initialized. Log file: pb2b/logs/data_saver_20260505.log
2026-05-05 00:16:57 - INFO - Connected to SQLite database: pb2b/p2p_listings.db
2026-05-05 00:16:57 - INFO - Database tables created successfully
2026-05-05 00:16:57 - INFO - Attempt 1/10: Loading https://www.bybit.com/fiat/trade/otc?actionType=1&token=USDT&fiat=NGN
2026-05-05 00:17:05 - INFO - Screenshot saved as 'pb2b/screenshots/bybit_page_20260505_001705.png'
2026-05-05 00:17:05 - WARNING - Error parsing row: Message: no such element: Unable to locate element: {"method":"css selector","selector":"td:nth-child(2)"}
  (Session info: chrome=147.0.7727.137); For documentation on this error, please visit: https://www.selenium.dev/documentation/webdriver/troubleshooting/errors#nosuchelementexception
Stacktrace:
#0 0x55b197f43b6a <unknown>
#1 0x55b197945265 <unknown>
#2 0x55b197997f76 <unknown>
#3 0x55b1979981b1 <unknown>
#4 0x55b19798cf26 <unknown>
#5 0x55b19798ce07 <unknown>
#6 0x55b1979e0969 <unknown>
#7 0x55b19798b5cf <unknown>
#8 0x55b19798c391 <unknown>
#9 0x55b197f0904b <unknown>
#10 0x55b197f0c00d <unknown>
#11 0x55b197ef5808 <unknown>
#12 0x55b197f0cba0 <unknown>
#13 0x55b197edc280 <unknown>
#14 0x55b197f30db8 <unknown>
#15 0x55b197f30f88 <unknown>
#16 0x55b197f425de <unknown>
#17 0x7fde1749caa4 <unknown>
#18 0x7fde17529c6c <unknown>

2026-05-05 00:17:05 - WARNING - Error parsing row: Message: no such element: Unable to locate element: {"method":"css selector","selector":"td:nth-child(2)"}
  (Session info: chrome=147.0.7727.137); For documentation on this error, please visit: https://www.selenium.dev/documentation/webdriver/troubleshooting/errors#nosuchelementexception
Stacktrace:
#0 0x55b197f43b6a <unknown>
#1 0x55b197945265 <unknown>
#2 0x55b197997f76 <unknown>
#3 0x55b1979981b1 <unknown>
#4 0x55b19798cf26 <unknown>
#5 0x55b19798ce07 <unknown>
#6 0x55b1979e0969 <unknown>
#7 0x55b19798b5cf <unknown>
#8 0x55b19798c391 <unknown>
#9 0x55b197f0904b <unknown>
#10 0x55b197f0c00d <unknown>
#11 0x55b197ef5808 <unknown>
#12 0x55b197f0cba0 <unknown>
#13 0x55b197edc280 <unknown>
#14 0x55b197f30db8 <unknown>
#15 0x55b197f30f88 <unknown>
#16 0x55b197f425de <unknown>
#17 0x7fde1749caa4 <unknown>
#18 0x7fde17529c6c <unknown>

2026-05-05 00:17:05 - INFO - Fetching BUY listings for USDT/EUR
2026-05-05 00:17:06 - INFO - Data successfully saved to SQLite database. New listings - Bybit: 3, Binance: 6
2026-05-05 00:17:06 - INFO - Browser session closed
2026-05-05 00:17:06 - INFO - SQLite database connection closed
2026-05-05 03:58:10 - INFO - Logging initialized. Log file: pb2b/logs/bybit_scraper_20260505.log
2026-05-05 03:58:11 - INFO - DataSaver logging initialized. Log file: pb2b/logs/data_saver_20260505.log
2026-05-05 03:58:11 - INFO - Connected to SQLite database: pb2b/p2p_listings.db
2026-05-05 03:58:11 - INFO - Database tables created successfully
2026-05-05 03:58:11 - INFO - Attempt 1/10: Loading https://www.bybit.com/fiat/trade/otc?actionType=1&token=USDT&fiat=NGN
2026-05-05 03:58:19 - INFO - Screenshot saved as 'pb2b/screenshots/bybit_page_20260505_035819.png'
2026-05-05 03:58:19 - WARNING - Error parsing row: Message: no such element: Unable to locate element: {"method":"css selector","selector":"td:nth-child(2)"}
  (Session info: chrome=147.0.7727.137); For documentation on this error, please visit: https://www.selenium.dev/documentation/webdriver/troubleshooting/errors#nosuchelementexception
Stacktrace:
#0 0x55e2cf68cb6a <unknown>
#1 0x55e2cf08e265 <unknown>
#2 0x55e2cf0e0f76 <unknown>
#3 0x55e2cf0e11b1 <unknown>
#4 0x55e2cf0d5f26 <unknown>
#5 0x55e2cf0d5e07 <unknown>
#6 0x55e2cf129969 <unknown>
#7 0x55e2cf0d45cf <unknown>
#8 0x55e2cf0d5391 <unknown>
#9 0x55e2cf65204b <unknown>
#10 0x55e2cf65500d <unknown>
#11 0x55e2cf63e808 <unknown>
#12 0x55e2cf655ba0 <unknown>
#13 0x55e2cf625280 <unknown>
#14 0x55e2cf679db8 <unknown>
#15 0x55e2cf679f88 <unknown>
#16 0x55e2cf68b5de <unknown>
#17 0x7f1590c9caa4 <unknown>
#18 0x7f1590d29c6c <unknown>

2026-05-05 03:58:19 - WARNING - Error parsing row: Message: no such element: Unable to locate element: {"method":"css selector","selector":"td:nth-child(2)"}
  (Session info: chrome=147.0.7727.137); For documentation on this error, please visit: https://www.selenium.dev/documentation/webdriver/troubleshooting/errors#nosuchelementexception
Stacktrace:
#0 0x55e2cf68cb6a <unknown>
#1 0x55e2cf08e265 <unknown>
#2 0x55e2cf0e0f76 <unknown>
#3 0x55e2cf0e11b1 <unknown>
#4 0x55e2cf0d5f26 <unknown>
#5 0x55e2cf0d5e07 <unknown>
#6 0x55e2cf129969 <unknown>
#7 0x55e2cf0d45cf <unknown>
#8 0x55e2cf0d5391 <unknown>
#9 0x55e2cf65204b <unknown>
#10 0x55e2cf65500d <unknown>
#11 0x55e2cf63e808 <unknown>
#12 0x55e2cf655ba0 <unknown>
#13 0x55e2cf625280 <unknown>
#14 0x55e2cf679db8 <unknown>
#15 0x55e2cf679f88 <unknown>
#16 0x55e2cf68b5de <unknown>
#17 0x7f1590c9caa4 <unknown>
#18 0x7f1590d29c6c <unknown>

2026-05-05 03:58:20 - INFO - Fetching BUY listings for USDT/EUR
2026-05-05 03:58:21 - INFO - Data successfully saved to SQLite database. New listings - Bybit: 3, Binance: 6
2026-05-05 03:58:21 - INFO - Browser session closed
2026-05-05 03:58:21 - INFO - SQLite database connection closed
2026-05-05 06:20:31 - INFO - Logging initialized. Log file: pb2b/logs/bybit_scraper_20260505.log
2026-05-05 06:20:32 - INFO - DataSaver logging initialized. Log file: pb2b/logs/data_saver_20260505.log
2026-05-05 06:20:32 - INFO - Connected to SQLite database: pb2b/p2p_listings.db
2026-05-05 06:20:32 - INFO - Database tables created successfully
2026-05-05 06:20:32 - INFO - Attempt 1/10: Loading https://www.bybit.com/fiat/trade/otc?actionType=1&token=USDT&fiat=NGN
2026-05-05 06:20:40 - INFO - Screenshot saved as 'pb2b/screenshots/bybit_page_20260505_062040.png'
2026-05-05 06:20:40 - WARNING - Error parsing row: Message: no such element: Unable to locate element: {"method":"css selector","selector":"td:nth-child(2)"}
  (Session info: chrome=147.0.7727.137); For documentation on this error, please visit: https://www.selenium.dev/documentation/webdriver/troubleshooting/errors#nosuchelementexception
Stacktrace:
#0 0x558e36344b6a <unknown>
#1 0x558e35d46265 <unknown>
#2 0x558e35d98f76 <unknown>
#3 0x558e35d991b1 <unknown>
#4 0x558e35d8df26 <unknown>
#5 0x558e35d8de07 <unknown>
#6 0x558e35de1969 <unknown>
#7 0x558e35d8c5cf <unknown>
#8 0x558e35d8d391 <unknown>
#9 0x558e3630a04b <unknown>
#10 0x558e3630d00d <unknown>
#11 0x558e362f6808 <unknown>
#12 0x558e3630dba0 <unknown>
#13 0x558e362dd280 <unknown>
#14 0x558e36331db8 <unknown>
#15 0x558e36331f88 <unknown>
#16 0x558e363435de <unknown>
#17 0x7f074649caa4 <unknown>
#18 0x7f0746529c6c <unknown>

2026-05-05 06:20:40 - WARNING - Error parsing row: Message: no such element: Unable to locate element: {"method":"css selector","selector":"td:nth-child(2)"}
  (Session info: chrome=147.0.7727.137); For documentation on this error, please visit: https://www.selenium.dev/documentation/webdriver/troubleshooting/errors#nosuchelementexception
Stacktrace:
#0 0x558e36344b6a <unknown>
#1 0x558e35d46265 <unknown>
#2 0x558e35d98f76 <unknown>
#3 0x558e35d991b1 <unknown>
#4 0x558e35d8df26 <unknown>
#5 0x558e35d8de07 <unknown>
#6 0x558e35de1969 <unknown>
#7 0x558e35d8c5cf <unknown>
#8 0x558e35d8d391 <unknown>
#9 0x558e3630a04b <unknown>
#10 0x558e3630d00d <unknown>
#11 0x558e362f6808 <unknown>
#12 0x558e3630dba0 <unknown>
#13 0x558e362dd280 <unknown>
#14 0x558e36331db8 <unknown>
#15 0x558e36331f88 <unknown>
#16 0x558e363435de <unknown>
#17 0x7f074649caa4 <unknown>
#18 0x7f0746529c6c <unknown>

2026-05-05 06:20:41 - INFO - Fetching BUY listings for USDT/EUR
2026-05-05 06:20:50 - INFO - Data successfully saved to SQLite database. New listings - Bybit: 3, Binance: 6
2026-05-05 06:20:50 - INFO - Browser session closed
2026-05-05 06:20:50 - INFO - SQLite database connection closed
2026-05-05 08:35:31 - INFO - Logging initialized. Log file: pb2b/logs/bybit_scraper_20260505.log
2026-05-05 08:35:31 - INFO - DataSaver logging initialized. Log file: pb2b/logs/data_saver_20260505.log
2026-05-05 08:35:31 - INFO - Connected to SQLite database: pb2b/p2p_listings.db
2026-05-05 08:35:31 - INFO - Database tables created successfully
2026-05-05 08:35:31 - INFO - Attempt 1/10: Loading https://www.bybit.com/fiat/trade/otc?actionType=1&token=USDT&fiat=NGN
2026-05-05 08:35:38 - INFO - Screenshot saved as 'pb2b/screenshots/bybit_page_20260505_083538.png'
2026-05-05 08:35:39 - WARNING - Error parsing row: Message: no such element: Unable to locate element: {"method":"css selector","selector":"td:nth-child(2)"}
  (Session info: chrome=147.0.7727.137); For documentation on this error, please visit: https://www.selenium.dev/documentation/webdriver/troubleshooting/errors#nosuchelementexception
Stacktrace:
#0 0x556220743b6a <unknown>
#1 0x556220145265 <unknown>
#2 0x556220197f76 <unknown>
#3 0x5562201981b1 <unknown>
#4 0x55622018cf26 <unknown>
#5 0x55622018ce07 <unknown>
#6 0x5562201e0969 <unknown>
#7 0x55622018b5cf <unknown>
#8 0x55622018c391 <unknown>
#9 0x55622070904b <unknown>
#10 0x55622070c00d <unknown>
#11 0x5562206f5808 <unknown>
#12 0x55622070cba0 <unknown>
#13 0x5562206dc280 <unknown>
#14 0x556220730db8 <unknown>
#15 0x556220730f88 <unknown>
#16 0x5562207425de <unknown>
#17 0x7ff5c2e9caa4 <unknown>
#18 0x7ff5c2f29c6c <unknown>

2026-05-05 08:35:39 - WARNING - Error parsing row: Message: no such element: Unable to locate element: {"method":"css selector","selector":"td:nth-child(2)"}
  (Session info: chrome=147.0.7727.137); For documentation on this error, please visit: https://www.selenium.dev/documentation/webdriver/troubleshooting/errors#nosuchelementexception
Stacktrace:
#0 0x556220743b6a <unknown>
#1 0x556220145265 <unknown>
#2 0x556220197f76 <unknown>
#3 0x5562201981b1 <unknown>
#4 0x55622018cf26 <unknown>
#5 0x55622018ce07 <unknown>
#6 0x5562201e0969 <unknown>
#7 0x55622018b5cf <unknown>
#8 0x55622018c391 <unknown>
#9 0x55622070904b <unknown>
#10 0x55622070c00d <unknown>
#11 0x5562206f5808 <unknown>
#12 0x55622070cba0 <unknown>
#13 0x5562206dc280 <unknown>
#14 0x556220730db8 <unknown>
#15 0x556220730f88 <unknown>
#16 0x5562207425de <unknown>
#17 0x7ff5c2e9caa4 <unknown>
#18 0x7ff5c2f29c6c <unknown>

2026-05-05 08:35:39 - INFO - Fetching BUY listings for USDT/EUR
2026-05-05 08:35:40 - INFO - Data successfully saved to SQLite database. New listings - Bybit: 3, Binance: 6
2026-05-05 08:35:40 - INFO - Browser session closed
2026-05-05 08:35:40 - INFO - SQLite database connection closed
2026-05-05 10:27:44 - INFO - Logging initialized. Log file: pb2b/logs/bybit_scraper_20260505.log
2026-05-05 10:27:45 - INFO - DataSaver logging initialized. Log file: pb2b/logs/data_saver_20260505.log
2026-05-05 10:27:45 - INFO - Connected to SQLite database: pb2b/p2p_listings.db
2026-05-05 10:27:45 - INFO - Database tables created successfully
2026-05-05 10:27:45 - INFO - Attempt 1/10: Loading https://www.bybit.com/fiat/trade/otc?actionType=1&token=USDT&fiat=NGN
2026-05-05 10:27:53 - INFO - Screenshot saved as 'pb2b/screenshots/bybit_page_20260505_102753.png'
2026-05-05 10:27:53 - WARNING - Error parsing row: Message: no such element: Unable to locate element: {"method":"css selector","selector":"td:nth-child(2)"}
  (Session info: chrome=147.0.7727.137); For documentation on this error, please visit: https://www.selenium.dev/documentation/webdriver/troubleshooting/errors#nosuchelementexception
Stacktrace:
#0 0x55a565051b6a <unknown>
#1 0x55a564a53265 <unknown>
#2 0x55a564aa5f76 <unknown>
#3 0x55a564aa61b1 <unknown>
#4 0x55a564a9af26 <unknown>
#5 0x55a564a9ae07 <unknown>
#6 0x55a564aee969 <unknown>
#7 0x55a564a995cf <unknown>
#8 0x55a564a9a391 <unknown>
#9 0x55a56501704b <unknown>
#10 0x55a56501a00d <unknown>
#11 0x55a565003808 <unknown>
#12 0x55a56501aba0 <unknown>
#13 0x55a564fea280 <unknown>
#14 0x55a56503edb8 <unknown>
#15 0x55a56503ef88 <unknown>
#16 0x55a5650505de <unknown>
#17 0x7fd93349caa4 <unknown>
#18 0x7fd933529c6c <unknown>

2026-05-05 10:27:53 - WARNING - Error parsing row: Message: no such element: Unable to locate element: {"method":"css selector","selector":"td:nth-child(2)"}
  (Session info: chrome=147.0.7727.137); For documentation on this error, please visit: https://www.selenium.dev/documentation/webdriver/troubleshooting/errors#nosuchelementexception
Stacktrace:
#0 0x55a565051b6a <unknown>
#1 0x55a564a53265 <unknown>
#2 0x55a564aa5f76 <unknown>
#3 0x55a564aa61b1 <unknown>
#4 0x55a564a9af26 <unknown>
#5 0x55a564a9ae07 <unknown>
#6 0x55a564aee969 <unknown>
#7 0x55a564a995cf <unknown>
#8 0x55a564a9a391 <unknown>
#9 0x55a56501704b <unknown>
#10 0x55a56501a00d <unknown>
#11 0x55a565003808 <unknown>
#12 0x55a56501aba0 <unknown>
#13 0x55a564fea280 <unknown>
#14 0x55a56503edb8 <unknown>
#15 0x55a56503ef88 <unknown>
#16 0x55a5650505de <unknown>
#17 0x7fd93349caa4 <unknown>
#18 0x7fd933529c6c <unknown>

2026-05-05 10:27:54 - INFO - Fetching BUY listings for USDT/EUR
2026-05-05 10:27:55 - INFO - Data successfully saved to SQLite database. New listings - Bybit: 3, Binance: 6
2026-05-05 10:27:55 - INFO - Browser session closed
2026-05-05 10:27:55 - INFO - SQLite database connection closed
2026-05-05 11:53:47 - INFO - Logging initialized. Log file: pb2b/logs/bybit_scraper_20260505.log
2026-05-05 11:53:48 - INFO - DataSaver logging initialized. Log file: pb2b/logs/data_saver_20260505.log
2026-05-05 11:53:48 - INFO - Connected to SQLite database: pb2b/p2p_listings.db
2026-05-05 11:53:48 - INFO - Database tables created successfully
2026-05-05 11:53:48 - INFO - Attempt 1/10: Loading https://www.bybit.com/fiat/trade/otc?actionType=1&token=USDT&fiat=NGN
2026-05-05 11:53:56 - INFO - Screenshot saved as 'pb2b/screenshots/bybit_page_20260505_115356.png'
2026-05-05 11:53:56 - WARNING - Error parsing row: Message: no such element: Unable to locate element: {"method":"css selector","selector":"td:nth-child(2)"}
  (Session info: chrome=147.0.7727.137); For documentation on this error, please visit: https://www.selenium.dev/documentation/webdriver/troubleshooting/errors#nosuchelementexception
Stacktrace:
#0 0x55a8ef7e7b6a <unknown>
#1 0x55a8ef1e9265 <unknown>
#2 0x55a8ef23bf76 <unknown>
#3 0x55a8ef23c1b1 <unknown>
#4 0x55a8ef230f26 <unknown>
#5 0x55a8ef230e07 <unknown>
#6 0x55a8ef284969 <unknown>
#7 0x55a8ef22f5cf <unknown>
#8 0x55a8ef230391 <unknown>
#9 0x55a8ef7ad04b <unknown>
#10 0x55a8ef7b000d <unknown>
#11 0x55a8ef799808 <unknown>
#12 0x55a8ef7b0ba0 <unknown>
#13 0x55a8ef780280 <unknown>
#14 0x55a8ef7d4db8 <unknown>
#15 0x55a8ef7d4f88 <unknown>
#16 0x55a8ef7e65de <unknown>
#17 0x7f543c09caa4 <unknown>
#18 0x7f543c129c6c <unknown>

2026-05-05 11:53:56 - WARNING - Error parsing row: Message: no such element: Unable to locate element: {"method":"css selector","selector":"td:nth-child(2)"}
  (Session info: chrome=147.0.7727.137); For documentation on this error, please visit: https://www.selenium.dev/documentation/webdriver/troubleshooting/errors#nosuchelementexception
Stacktrace:
#0 0x55a8ef7e7b6a <unknown>
#1 0x55a8ef1e9265 <unknown>
#2 0x55a8ef23bf76 <unknown>
#3 0x55a8ef23c1b1 <unknown>
#4 0x55a8ef230f26 <unknown>
#5 0x55a8ef230e07 <unknown>
#6 0x55a8ef284969 <unknown>
#7 0x55a8ef22f5cf <unknown>
#8 0x55a8ef230391 <unknown>
#9 0x55a8ef7ad04b <unknown>
#10 0x55a8ef7b000d <unknown>
#11 0x55a8ef799808 <unknown>
#12 0x55a8ef7b0ba0 <unknown>
#13 0x55a8ef780280 <unknown>
#14 0x55a8ef7d4db8 <unknown>
#15 0x55a8ef7d4f88 <unknown>
#16 0x55a8ef7e65de <unknown>
#17 0x7f543c09caa4 <unknown>
#18 0x7f543c129c6c <unknown>

2026-05-05 11:53:57 - INFO - Fetching BUY listings for USDT/EUR
2026-05-05 11:53:57 - INFO - Data successfully saved to SQLite database. New listings - Bybit: 3, Binance: 6
2026-05-05 11:53:57 - INFO - Browser session closed
2026-05-05 11:53:57 - INFO - SQLite database connection closed
2026-05-05 13:06:20 - INFO - Logging initialized. Log file: pb2b/logs/bybit_scraper_20260505.log
2026-05-05 13:06:20 - INFO - DataSaver logging initialized. Log file: pb2b/logs/data_saver_20260505.log
2026-05-05 13:06:20 - INFO - Connected to SQLite database: pb2b/p2p_listings.db
2026-05-05 13:06:20 - INFO - Database tables created successfully
2026-05-05 13:06:20 - INFO - Attempt 1/10: Loading https://www.bybit.com/fiat/trade/otc?actionType=1&token=USDT&fiat=NGN
2026-05-05 13:06:29 - INFO - Screenshot saved as 'pb2b/screenshots/bybit_page_20260505_130628.png'
2026-05-05 13:06:29 - WARNING - Error parsing row: Message: no such element: Unable to locate element: {"method":"css selector","selector":"td:nth-child(2)"}
  (Session info: chrome=147.0.7727.137); For documentation on this error, please visit: https://www.selenium.dev/documentation/webdriver/troubleshooting/errors#nosuchelementexception
Stacktrace:
#0 0x560df0818b6a <unknown>
#1 0x560df021a265 <unknown>
#2 0x560df026cf76 <unknown>
#3 0x560df026d1b1 <unknown>
#4 0x560df0261f26 <unknown>
#5 0x560df0261e07 <unknown>
#6 0x560df02b5969 <unknown>
#7 0x560df02605cf <unknown>
#8 0x560df0261391 <unknown>
#9 0x560df07de04b <unknown>
#10 0x560df07e100d <unknown>
#11 0x560df07ca808 <unknown>
#12 0x560df07e1ba0 <unknown>
#13 0x560df07b1280 <unknown>
#14 0x560df0805db8 <unknown>
#15 0x560df0805f88 <unknown>
#16 0x560df08175de <unknown>
#17 0x7f639529caa4 <unknown>
#18 0x7f6395329c6c <unknown>

2026-05-05 13:06:29 - WARNING - Error parsing row: Message: no such element: Unable to locate element: {"method":"css selector","selector":"td:nth-child(2)"}
  (Session info: chrome=147.0.7727.137); For documentation on this error, please visit: https://www.selenium.dev/documentation/webdriver/troubleshooting/errors#nosuchelementexception
Stacktrace:
#0 0x560df0818b6a <unknown>
#1 0x560df021a265 <unknown>
#2 0x560df026cf76 <unknown>
#3 0x560df026d1b1 <unknown>
#4 0x560df0261f26 <unknown>
#5 0x560df0261e07 <unknown>
#6 0x560df02b5969 <unknown>
#7 0x560df02605cf <unknown>
#8 0x560df0261391 <unknown>
#9 0x560df07de04b <unknown>
#10 0x560df07e100d <unknown>
#11 0x560df07ca808 <unknown>
#12 0x560df07e1ba0 <unknown>
#13 0x560df07b1280 <unknown>
#14 0x560df0805db8 <unknown>
#15 0x560df0805f88 <unknown>
#16 0x560df08175de <unknown>
#17 0x7f639529caa4 <unknown>
#18 0x7f6395329c6c <unknown>

2026-05-05 13:06:29 - INFO - Fetching BUY listings for USDT/EUR
2026-05-05 13:06:30 - INFO - Data successfully saved to SQLite database. New listings - Bybit: 3, Binance: 6
2026-05-05 13:06:30 - INFO - Browser session closed
2026-05-05 13:06:30 - INFO - SQLite database connection closed
2026-05-05 17:05:10 - INFO - Logging initialized. Log file: pb2b/logs/bybit_scraper_20260505.log
2026-05-05 17:05:11 - INFO - DataSaver logging initialized. Log file: pb2b/logs/data_saver_20260505.log
2026-05-05 17:05:11 - INFO - Connected to SQLite database: pb2b/p2p_listings.db
2026-05-05 17:05:11 - INFO - Database tables created successfully
2026-05-05 17:05:11 - INFO - Attempt 1/10: Loading https://www.bybit.com/fiat/trade/otc?actionType=1&token=USDT&fiat=NGN
2026-05-05 17:05:19 - INFO - Screenshot saved as 'pb2b/screenshots/bybit_page_20260505_170519.png'
2026-05-05 17:05:19 - WARNING - Error parsing row: Message: no such element: Unable to locate element: {"method":"css selector","selector":"td:nth-child(2)"}
  (Session info: chrome=147.0.7727.137); For documentation on this error, please visit: https://www.selenium.dev/documentation/webdriver/troubleshooting/errors#nosuchelementexception
Stacktrace:
#0 0x55a2ff564b6a <unknown>
#1 0x55a2fef66265 <unknown>
#2 0x55a2fefb8f76 <unknown>
#3 0x55a2fefb91b1 <unknown>
#4 0x55a2fefadf26 <unknown>
#5 0x55a2fefade07 <unknown>
#6 0x55a2ff001969 <unknown>
#7 0x55a2fefac5cf <unknown>
#8 0x55a2fefad391 <unknown>
#9 0x55a2ff52a04b <unknown>
#10 0x55a2ff52d00d <unknown>
#11 0x55a2ff516808 <unknown>
#12 0x55a2ff52dba0 <unknown>
#13 0x55a2ff4fd280 <unknown>
#14 0x55a2ff551db8 <unknown>
#15 0x55a2ff551f88 <unknown>
#16 0x55a2ff5635de <unknown>
#17 0x7f949949caa4 <unknown>
#18 0x7f9499529c6c <unknown>

2026-05-05 17:05:19 - WARNING - Error parsing row: Message: no such element: Unable to locate element: {"method":"css selector","selector":"td:nth-child(2)"}
  (Session info: chrome=147.0.7727.137); For documentation on this error, please visit: https://www.selenium.dev/documentation/webdriver/troubleshooting/errors#nosuchelementexception
Stacktrace:
#0 0x55a2ff564b6a <unknown>
#1 0x55a2fef66265 <unknown>
#2 0x55a2fefb8f76 <unknown>
#3 0x55a2fefb91b1 <unknown>
#4 0x55a2fefadf26 <unknown>
#5 0x55a2fefade07 <unknown>
#6 0x55a2ff001969 <unknown>
#7 0x55a2fefac5cf <unknown>
#8 0x55a2fefad391 <unknown>
#9 0x55a2ff52a04b <unknown>
#10 0x55a2ff52d00d <unknown>
#11 0x55a2ff516808 <unknown>
#12 0x55a2ff52dba0 <unknown>
#13 0x55a2ff4fd280 <unknown>
#14 0x55a2ff551db8 <unknown>
#15 0x55a2ff551f88 <unknown>
#16 0x55a2ff5635de <unknown>
#17 0x7f949949caa4 <unknown>
#18 0x7f9499529c6c <unknown>

2026-05-05 17:05:20 - INFO - Fetching BUY listings for USDT/EUR
2026-05-05 17:05:33 - INFO - Data successfully saved to SQLite database. New listings - Bybit: 3, Binance: 6
2026-05-05 17:05:33 - INFO - Browser session closed
2026-05-05 17:05:33 - INFO - SQLite database connection closed
2026-05-05 18:27:01 - INFO - Logging initialized. Log file: pb2b/logs/bybit_scraper_20260505.log
2026-05-05 18:27:02 - INFO - DataSaver logging initialized. Log file: pb2b/logs/data_saver_20260505.log
2026-05-05 18:27:02 - INFO - Connected to SQLite database: pb2b/p2p_listings.db
2026-05-05 18:27:02 - INFO - Database tables created successfully
2026-05-05 18:27:02 - INFO - Attempt 1/10: Loading https://www.bybit.com/fiat/trade/otc?actionType=1&token=USDT&fiat=NGN
2026-05-05 18:27:09 - INFO - Screenshot saved as 'pb2b/screenshots/bybit_page_20260505_182709.png'
2026-05-05 18:27:09 - WARNING - Error parsing row: Message: no such element: Unable to locate element: {"method":"css selector","selector":"td:nth-child(2)"}
  (Session info: chrome=147.0.7727.137); For documentation on this error, please visit: https://www.selenium.dev/documentation/webdriver/troubleshooting/errors#nosuchelementexception
Stacktrace:
#0 0x56290c06db6a <unknown>
#1 0x56290ba6f265 <unknown>
#2 0x56290bac1f76 <unknown>
#3 0x56290bac21b1 <unknown>
#4 0x56290bab6f26 <unknown>
#5 0x56290bab6e07 <unknown>
#6 0x56290bb0a969 <unknown>
#7 0x56290bab55cf <unknown>
#8 0x56290bab6391 <unknown>
#9 0x56290c03304b <unknown>
#10 0x56290c03600d <unknown>
#11 0x56290c01f808 <unknown>
#12 0x56290c036ba0 <unknown>
#13 0x56290c006280 <unknown>
#14 0x56290c05adb8 <unknown>
#15 0x56290c05af88 <unknown>
#16 0x56290c06c5de <unknown>
#17 0x7f153809caa4 <unknown>
#18 0x7f1538129c6c <unknown>

2026-05-05 18:27:09 - WARNING - Error parsing row: Message: no such element: Unable to locate element: {"method":"css selector","selector":"td:nth-child(2)"}
  (Session info: chrome=147.0.7727.137); For documentation on this error, please visit: https://www.selenium.dev/documentation/webdriver/troubleshooting/errors#nosuchelementexception
Stacktrace:
#0 0x56290c06db6a <unknown>
#1 0x56290ba6f265 <unknown>
#2 0x56290bac1f76 <unknown>
#3 0x56290bac21b1 <unknown>
#4 0x56290bab6f26 <unknown>
#5 0x56290bab6e07 <unknown>
#6 0x56290bb0a969 <unknown>
#7 0x56290bab55cf <unknown>
#8 0x56290bab6391 <unknown>
#9 0x56290c03304b <unknown>
#10 0x56290c03600d <unknown>
#11 0x56290c01f808 <unknown>
#12 0x56290c036ba0 <unknown>
#13 0x56290c006280 <unknown>
#14 0x56290c05adb8 <unknown>
#15 0x56290c05af88 <unknown>
#16 0x56290c06c5de <unknown>
#17 0x7f153809caa4 <unknown>
#18 0x7f1538129c6c <unknown>

2026-05-05 18:27:10 - INFO - Fetching BUY listings for USDT/EUR
2026-05-05 18:27:11 - INFO - Data successfully saved to SQLite database. New listings - Bybit: 3, Binance: 6
2026-05-05 18:27:11 - INFO - Browser session closed
2026-05-05 18:27:11 - INFO - SQLite database connection closed
