2025-06-21 02:10:12 - INFO - Logging initialized. Log file: pb2b/logs/bybit_scraper_20250621.log
2025-06-21 02:10:12 - INFO - DataSaver logging initialized. Log file: pb2b/logs/data_saver_20250621.log
2025-06-21 02:10:12 - INFO - Connected to SQLite database: pb2b/p2p_listings.db
2025-06-21 02:10:12 - INFO - Database tables created successfully
2025-06-21 02:10:12 - INFO - Attempt 1/10: Loading https://www.bybit.com/fiat/trade/otc?actionType=1&token=USDT&fiat=NGN
2025-06-21 02:10:21 - INFO - Screenshot saved as 'pb2b/screenshots/bybit_page_20250621_021021.png'
2025-06-21 02:10:21 - INFO - Fetching BUY listings for USDT/EUR
2025-06-21 02:10:22 - INFO - Data successfully saved to SQLite database. New listings - Bybit: 4, Binance: 6
2025-06-21 02:10:22 - INFO - Browser session closed
2025-06-21 02:10:22 - INFO - SQLite database connection closed
2025-06-21 03:23:05 - INFO - Logging initialized. Log file: pb2b/logs/bybit_scraper_20250621.log
2025-06-21 03:23:07 - INFO - DataSaver logging initialized. Log file: pb2b/logs/data_saver_20250621.log
2025-06-21 03:23:07 - INFO - Connected to SQLite database: pb2b/p2p_listings.db
2025-06-21 03:23:07 - INFO - Database tables created successfully
2025-06-21 03:23:07 - INFO - Attempt 1/10: Loading https://www.bybit.com/fiat/trade/otc?actionType=1&token=USDT&fiat=NGN
2025-06-21 03:23:19 - INFO - Screenshot saved as 'pb2b/screenshots/bybit_page_20250621_032318.png'
2025-06-21 03:23:19 - INFO - Fetching BUY listings for USDT/EUR
2025-06-21 03:23:20 - INFO - Data successfully saved to SQLite database. New listings - Bybit: 4, Binance: 6
2025-06-21 03:23:20 - INFO - Browser session closed
2025-06-21 03:23:20 - INFO - SQLite database connection closed
