2025-05-20 02:02:06 - INFO - Logging initialized. Log file: pb2b/logs/bybit_scraper_20250520.log
2025-05-20 02:02:07 - INFO - DataSaver logging initialized. Log file: pb2b/logs/data_saver_20250520.log
2025-05-20 02:02:07 - INFO - Connected to SQLite database: pb2b/p2p_listings.db
2025-05-20 02:02:07 - INFO - Database tables created successfully
2025-05-20 02:02:07 - INFO - Attempt 1/10: Loading https://www.bybit.com/fiat/trade/otc?actionType=1&token=USDT&fiat=NGN
2025-05-20 02:02:22 - INFO - Screenshot saved as 'pb2b/screenshots/bybit_page_20250520_020222.png'
2025-05-20 02:02:23 - INFO - Fetching BUY listings for USDT/EUR
2025-05-20 02:02:23 - INFO - Data successfully saved to SQLite database. New listings - Bybit: 4, Binance: 6
2025-05-20 02:02:23 - INFO - Browser session closed
2025-05-20 02:02:23 - INFO - SQLite database connection closed
2025-05-20 03:18:20 - INFO - Logging initialized. Log file: pb2b/logs/bybit_scraper_20250520.log
2025-05-20 03:18:20 - INFO - DataSaver logging initialized. Log file: pb2b/logs/data_saver_20250520.log
2025-05-20 03:18:20 - INFO - Connected to SQLite database: pb2b/p2p_listings.db
2025-05-20 03:18:20 - INFO - Database tables created successfully
2025-05-20 03:18:20 - INFO - Attempt 1/10: Loading https://www.bybit.com/fiat/trade/otc?actionType=1&token=USDT&fiat=NGN
2025-05-20 03:18:32 - INFO - Screenshot saved as 'pb2b/screenshots/bybit_page_20250520_031832.png'
2025-05-20 03:18:32 - INFO - Fetching BUY listings for USDT/EUR
2025-05-20 03:18:33 - INFO - Data successfully saved to SQLite database. New listings - Bybit: 4, Binance: 6
2025-05-20 03:18:33 - INFO - Browser session closed
2025-05-20 03:18:33 - INFO - SQLite database connection closed
2025-05-20 03:55:57 - INFO - Logging initialized. Log file: pb2b/logs/bybit_scraper_20250520.log
2025-05-20 03:55:58 - INFO - DataSaver logging initialized. Log file: pb2b/logs/data_saver_20250520.log
2025-05-20 03:55:58 - INFO - Connected to SQLite database: pb2b/p2p_listings.db
2025-05-20 03:55:58 - INFO - Database tables created successfully
2025-05-20 03:55:58 - INFO - Attempt 1/10: Loading https://www.bybit.com/fiat/trade/otc?actionType=1&token=USDT&fiat=NGN
2025-05-20 03:56:08 - INFO - Screenshot saved as 'pb2b/screenshots/bybit_page_20250520_035608.png'
2025-05-20 03:56:08 - INFO - Fetching BUY listings for USDT/EUR
2025-05-20 03:56:09 - INFO - Data successfully saved to SQLite database. New listings - Bybit: 4, Binance: 6
2025-05-20 03:56:09 - INFO - Browser session closed
2025-05-20 03:56:09 - INFO - SQLite database connection closed
2025-05-20 04:26:14 - INFO - Logging initialized. Log file: pb2b/logs/bybit_scraper_20250520.log
2025-05-20 04:26:16 - INFO - DataSaver logging initialized. Log file: pb2b/logs/data_saver_20250520.log
2025-05-20 04:26:16 - INFO - Connected to SQLite database: pb2b/p2p_listings.db
2025-05-20 04:26:16 - INFO - Database tables created successfully
2025-05-20 04:26:16 - INFO - Attempt 1/10: Loading https://www.bybit.com/fiat/trade/otc?actionType=1&token=USDT&fiat=NGN
2025-05-20 04:26:27 - INFO - Screenshot saved as 'pb2b/screenshots/bybit_page_20250520_042626.png'
2025-05-20 04:26:27 - INFO - Fetching BUY listings for USDT/EUR
2025-05-20 04:26:28 - INFO - Data successfully saved to SQLite database. New listings - Bybit: 4, Binance: 6
2025-05-20 04:26:28 - INFO - Browser session closed
2025-05-20 04:26:28 - INFO - SQLite database connection closed
2025-05-20 04:47:40 - INFO - Logging initialized. Log file: pb2b/logs/bybit_scraper_20250520.log
2025-05-20 04:47:41 - INFO - DataSaver logging initialized. Log file: pb2b/logs/data_saver_20250520.log
2025-05-20 04:47:41 - INFO - Connected to SQLite database: pb2b/p2p_listings.db
2025-05-20 04:47:41 - INFO - Database tables created successfully
2025-05-20 04:47:41 - INFO - Attempt 1/10: Loading https://www.bybit.com/fiat/trade/otc?actionType=1&token=USDT&fiat=NGN
2025-05-20 04:47:51 - INFO - Screenshot saved as 'pb2b/screenshots/bybit_page_20250520_044751.png'
2025-05-20 04:47:52 - INFO - Fetching BUY listings for USDT/EUR
2025-05-20 04:47:52 - INFO - Data successfully saved to SQLite database. New listings - Bybit: 4, Binance: 6
2025-05-20 04:47:52 - INFO - Browser session closed
2025-05-20 04:47:52 - INFO - SQLite database connection closed
2025-05-20 05:01:34 - INFO - Logging initialized. Log file: pb2b/logs/bybit_scraper_20250520.log
2025-05-20 05:01:35 - INFO - DataSaver logging initialized. Log file: pb2b/logs/data_saver_20250520.log
2025-05-20 05:01:35 - INFO - Connected to SQLite database: pb2b/p2p_listings.db
2025-05-20 05:01:35 - INFO - Database tables created successfully
2025-05-20 05:01:35 - INFO - Attempt 1/10: Loading https://www.bybit.com/fiat/trade/otc?actionType=1&token=USDT&fiat=NGN
2025-05-20 05:01:45 - INFO - Screenshot saved as 'pb2b/screenshots/bybit_page_20250520_050145.png'
2025-05-20 05:01:45 - INFO - Fetching BUY listings for USDT/EUR
2025-05-20 05:01:46 - INFO - Data successfully saved to SQLite database. New listings - Bybit: 4, Binance: 6
2025-05-20 05:01:46 - INFO - Browser session closed
2025-05-20 05:01:46 - INFO - SQLite database connection closed
