2025-08-27 02:03:45 - INFO - Logging initialized. Log file: pb2b/logs/bybit_scraper_20250827.log
2025-08-27 02:03:46 - INFO - DataSaver logging initialized. Log file: pb2b/logs/data_saver_20250827.log
2025-08-27 02:03:46 - INFO - Connected to SQLite database: pb2b/p2p_listings.db
2025-08-27 02:03:46 - INFO - Database tables created successfully
2025-08-27 02:03:46 - INFO - Attempt 1/10: Loading https://www.bybit.com/fiat/trade/otc?actionType=1&token=USDT&fiat=NGN
2025-08-27 02:03:57 - INFO - Screenshot saved as 'pb2b/screenshots/bybit_page_20250827_020356.png'
2025-08-27 02:03:57 - INFO - Fetching BUY listings for USDT/EUR
2025-08-27 02:03:58 - INFO - Data successfully saved to SQLite database. New listings - Bybit: 4, Binance: 6
2025-08-27 02:03:58 - INFO - Browser session closed
2025-08-27 02:03:58 - INFO - SQLite database connection closed
2025-08-27 03:12:28 - INFO - Logging initialized. Log file: pb2b/logs/bybit_scraper_20250827.log
2025-08-27 03:12:29 - INFO - DataSaver logging initialized. Log file: pb2b/logs/data_saver_20250827.log
2025-08-27 03:12:29 - INFO - Connected to SQLite database: pb2b/p2p_listings.db
2025-08-27 03:12:29 - INFO - Database tables created successfully
2025-08-27 03:12:29 - INFO - Attempt 1/10: Loading https://www.bybit.com/fiat/trade/otc?actionType=1&token=USDT&fiat=NGN
2025-08-27 03:12:40 - INFO - Screenshot saved as 'pb2b/screenshots/bybit_page_20250827_031239.png'
2025-08-27 03:12:40 - INFO - Fetching BUY listings for USDT/EUR
2025-08-27 03:12:41 - INFO - Data successfully saved to SQLite database. New listings - Bybit: 4, Binance: 6
2025-08-27 03:12:41 - INFO - Browser session closed
2025-08-27 03:12:41 - INFO - SQLite database connection closed
2025-08-27 03:48:05 - INFO - Logging initialized. Log file: pb2b/logs/bybit_scraper_20250827.log
2025-08-27 03:48:07 - INFO - DataSaver logging initialized. Log file: pb2b/logs/data_saver_20250827.log
2025-08-27 03:48:07 - INFO - Connected to SQLite database: pb2b/p2p_listings.db
2025-08-27 03:48:07 - INFO - Database tables created successfully
2025-08-27 03:48:07 - INFO - Attempt 1/10: Loading https://www.bybit.com/fiat/trade/otc?actionType=1&token=USDT&fiat=NGN
2025-08-27 03:50:07 - ERROR - Unexpected error: HTTPConnectionPool(host='localhost', port=51177): Read timed out. (read timeout=120)
2025-08-27 03:50:07 - INFO - Fetching BUY listings for USDT/EUR
2025-08-27 03:50:08 - INFO - Data successfully saved to SQLite database. New listings - Bybit: 0, Binance: 6
2025-08-27 03:52:07 - INFO - Browser session closed
2025-08-27 03:52:07 - INFO - SQLite database connection closed
2025-08-27 04:01:28 - INFO - Logging initialized. Log file: pb2b/logs/bybit_scraper_20250827.log
2025-08-27 04:01:30 - INFO - DataSaver logging initialized. Log file: pb2b/logs/data_saver_20250827.log
2025-08-27 04:01:30 - INFO - Connected to SQLite database: pb2b/p2p_listings.db
2025-08-27 04:01:30 - INFO - Database tables created successfully
2025-08-27 04:01:30 - INFO - Attempt 1/10: Loading https://www.bybit.com/fiat/trade/otc?actionType=1&token=USDT&fiat=NGN
2025-08-27 04:01:40 - INFO - Screenshot saved as 'pb2b/screenshots/bybit_page_20250827_040140.png'
2025-08-27 04:01:41 - INFO - Fetching BUY listings for USDT/EUR
2025-08-27 04:01:41 - INFO - Data successfully saved to SQLite database. New listings - Bybit: 4, Binance: 6
2025-08-27 04:01:41 - INFO - Browser session closed
2025-08-27 04:01:41 - INFO - SQLite database connection closed
2025-08-27 04:34:21 - INFO - Logging initialized. Log file: pb2b/logs/bybit_scraper_20250827.log
2025-08-27 04:34:22 - INFO - DataSaver logging initialized. Log file: pb2b/logs/data_saver_20250827.log
2025-08-27 04:34:22 - INFO - Connected to SQLite database: pb2b/p2p_listings.db
2025-08-27 04:34:22 - INFO - Database tables created successfully
2025-08-27 04:34:22 - INFO - Attempt 1/10: Loading https://www.bybit.com/fiat/trade/otc?actionType=1&token=USDT&fiat=NGN
2025-08-27 04:34:33 - INFO - Screenshot saved as 'pb2b/screenshots/bybit_page_20250827_043433.png'
2025-08-27 04:34:34 - INFO - Fetching BUY listings for USDT/EUR
2025-08-27 04:34:34 - INFO - Data successfully saved to SQLite database. New listings - Bybit: 4, Binance: 6
2025-08-27 04:34:34 - INFO - Browser session closed
2025-08-27 04:34:34 - INFO - SQLite database connection closed
2025-08-27 04:51:37 - INFO - Logging initialized. Log file: pb2b/logs/bybit_scraper_20250827.log
2025-08-27 04:51:38 - INFO - DataSaver logging initialized. Log file: pb2b/logs/data_saver_20250827.log
2025-08-27 04:51:38 - INFO - Connected to SQLite database: pb2b/p2p_listings.db
2025-08-27 04:51:38 - INFO - Database tables created successfully
2025-08-27 04:51:38 - INFO - Attempt 1/10: Loading https://www.bybit.com/fiat/trade/otc?actionType=1&token=USDT&fiat=NGN
2025-08-27 04:51:48 - INFO - Screenshot saved as 'pb2b/screenshots/bybit_page_20250827_045148.png'
2025-08-27 04:51:49 - INFO - Fetching BUY listings for USDT/EUR
2025-08-27 04:51:50 - INFO - Data successfully saved to SQLite database. New listings - Bybit: 4, Binance: 6
2025-08-27 04:51:50 - INFO - Browser session closed
2025-08-27 04:51:50 - INFO - SQLite database connection closed
2025-08-27 05:04:30 - INFO - Logging initialized. Log file: pb2b/logs/bybit_scraper_20250827.log
2025-08-27 05:04:31 - INFO - DataSaver logging initialized. Log file: pb2b/logs/data_saver_20250827.log
2025-08-27 05:04:31 - INFO - Connected to SQLite database: pb2b/p2p_listings.db
2025-08-27 05:04:31 - INFO - Database tables created successfully
2025-08-27 05:04:31 - INFO - Attempt 1/10: Loading https://www.bybit.com/fiat/trade/otc?actionType=1&token=USDT&fiat=NGN
2025-08-27 05:04:44 - INFO - Screenshot saved as 'pb2b/screenshots/bybit_page_20250827_050443.png'
2025-08-27 05:04:44 - INFO - Fetching BUY listings for USDT/EUR
2025-08-27 05:04:45 - INFO - Data successfully saved to SQLite database. New listings - Bybit: 11, Binance: 6
2025-08-27 05:04:45 - INFO - Browser session closed
2025-08-27 05:04:45 - INFO - SQLite database connection closed
2025-08-27 05:31:00 - INFO - Logging initialized. Log file: pb2b/logs/bybit_scraper_20250827.log
2025-08-27 05:31:01 - INFO - DataSaver logging initialized. Log file: pb2b/logs/data_saver_20250827.log
2025-08-27 05:31:01 - INFO - Connected to SQLite database: pb2b/p2p_listings.db
2025-08-27 05:31:01 - INFO - Database tables created successfully
2025-08-27 05:31:01 - INFO - Attempt 1/10: Loading https://www.bybit.com/fiat/trade/otc?actionType=1&token=USDT&fiat=NGN
2025-08-27 05:33:01 - ERROR - Unexpected error: HTTPConnectionPool(host='localhost', port=50411): Read timed out. (read timeout=120)
2025-08-27 05:33:01 - INFO - Fetching BUY listings for USDT/EUR
2025-08-27 05:33:02 - INFO - Data successfully saved to SQLite database. New listings - Bybit: 0, Binance: 6
2025-08-27 05:35:01 - INFO - Browser session closed
2025-08-27 05:35:01 - INFO - SQLite database connection closed
2025-08-27 05:49:10 - INFO - Logging initialized. Log file: pb2b/logs/bybit_scraper_20250827.log
2025-08-27 05:49:11 - INFO - DataSaver logging initialized. Log file: pb2b/logs/data_saver_20250827.log
2025-08-27 05:49:11 - INFO - Connected to SQLite database: pb2b/p2p_listings.db
2025-08-27 05:49:11 - INFO - Database tables created successfully
2025-08-27 05:49:11 - INFO - Attempt 1/10: Loading https://www.bybit.com/fiat/trade/otc?actionType=1&token=USDT&fiat=NGN
2025-08-27 05:49:23 - INFO - Screenshot saved as 'pb2b/screenshots/bybit_page_20250827_054923.png'
2025-08-27 05:49:24 - INFO - Fetching BUY listings for USDT/EUR
2025-08-27 05:49:25 - INFO - Data successfully saved to SQLite database. New listings - Bybit: 11, Binance: 6
2025-08-27 05:49:25 - INFO - Browser session closed
2025-08-27 05:49:25 - INFO - SQLite database connection closed
2025-08-27 06:00:27 - INFO - Logging initialized. Log file: pb2b/logs/bybit_scraper_20250827.log
2025-08-27 06:00:28 - INFO - DataSaver logging initialized. Log file: pb2b/logs/data_saver_20250827.log
2025-08-27 06:00:28 - INFO - Connected to SQLite database: pb2b/p2p_listings.db
2025-08-27 06:00:28 - INFO - Database tables created successfully
2025-08-27 06:00:28 - INFO - Attempt 1/10: Loading https://www.bybit.com/fiat/trade/otc?actionType=1&token=USDT&fiat=NGN
2025-08-27 06:00:39 - INFO - Screenshot saved as 'pb2b/screenshots/bybit_page_20250827_060038.png'
2025-08-27 06:00:39 - INFO - Fetching BUY listings for USDT/EUR
2025-08-27 06:00:40 - INFO - Data successfully saved to SQLite database. New listings - Bybit: 4, Binance: 6
2025-08-27 06:00:40 - INFO - Browser session closed
2025-08-27 06:00:40 - INFO - SQLite database connection closed
2025-08-27 06:41:03 - INFO - Logging initialized. Log file: pb2b/logs/bybit_scraper_20250827.log
2025-08-27 06:41:05 - INFO - DataSaver logging initialized. Log file: pb2b/logs/data_saver_20250827.log
2025-08-27 06:41:05 - INFO - Connected to SQLite database: pb2b/p2p_listings.db
2025-08-27 06:41:05 - INFO - Database tables created successfully
2025-08-27 06:41:05 - INFO - Attempt 1/10: Loading https://www.bybit.com/fiat/trade/otc?actionType=1&token=USDT&fiat=NGN
2025-08-27 06:41:15 - INFO - Screenshot saved as 'pb2b/screenshots/bybit_page_20250827_064115.png'
2025-08-27 06:41:16 - INFO - Fetching BUY listings for USDT/EUR
2025-08-27 06:41:17 - INFO - Data successfully saved to SQLite database. New listings - Bybit: 4, Binance: 6
2025-08-27 06:41:17 - INFO - Browser session closed
2025-08-27 06:41:17 - INFO - SQLite database connection closed
2025-08-27 06:56:41 - INFO - Logging initialized. Log file: pb2b/logs/bybit_scraper_20250827.log
2025-08-27 06:56:42 - INFO - DataSaver logging initialized. Log file: pb2b/logs/data_saver_20250827.log
2025-08-27 06:56:42 - INFO - Connected to SQLite database: pb2b/p2p_listings.db
2025-08-27 06:56:42 - INFO - Database tables created successfully
2025-08-27 06:56:42 - INFO - Attempt 1/10: Loading https://www.bybit.com/fiat/trade/otc?actionType=1&token=USDT&fiat=NGN
2025-08-27 06:56:53 - INFO - Screenshot saved as 'pb2b/screenshots/bybit_page_20250827_065653.png'
2025-08-27 06:56:54 - INFO - Fetching BUY listings for USDT/EUR
2025-08-27 06:56:54 - INFO - Data successfully saved to SQLite database. New listings - Bybit: 4, Binance: 6
2025-08-27 06:56:54 - INFO - Browser session closed
2025-08-27 06:56:54 - INFO - SQLite database connection closed
2025-08-27 07:24:43 - INFO - Logging initialized. Log file: pb2b/logs/bybit_scraper_20250827.log
2025-08-27 07:24:45 - INFO - DataSaver logging initialized. Log file: pb2b/logs/data_saver_20250827.log
2025-08-27 07:24:45 - INFO - Connected to SQLite database: pb2b/p2p_listings.db
2025-08-27 07:24:45 - INFO - Database tables created successfully
2025-08-27 07:24:45 - INFO - Attempt 1/10: Loading https://www.bybit.com/fiat/trade/otc?actionType=1&token=USDT&fiat=NGN
2025-08-27 07:24:55 - INFO - Screenshot saved as 'pb2b/screenshots/bybit_page_20250827_072455.png'
2025-08-27 07:24:56 - INFO - Fetching BUY listings for USDT/EUR
2025-08-27 07:24:56 - INFO - Data successfully saved to SQLite database. New listings - Bybit: 4, Binance: 6
2025-08-27 07:24:57 - INFO - Browser session closed
2025-08-27 07:24:57 - INFO - SQLite database connection closed
2025-08-27 07:40:33 - INFO - Logging initialized. Log file: pb2b/logs/bybit_scraper_20250827.log
2025-08-27 07:40:35 - INFO - DataSaver logging initialized. Log file: pb2b/logs/data_saver_20250827.log
2025-08-27 07:40:35 - INFO - Connected to SQLite database: pb2b/p2p_listings.db
2025-08-27 07:40:35 - INFO - Database tables created successfully
2025-08-27 07:40:35 - INFO - Attempt 1/10: Loading https://www.bybit.com/fiat/trade/otc?actionType=1&token=USDT&fiat=NGN
2025-08-27 07:40:44 - INFO - Screenshot saved as 'pb2b/screenshots/bybit_page_20250827_074044.png'
2025-08-27 07:40:44 - INFO - Fetching BUY listings for USDT/EUR
2025-08-27 07:40:45 - INFO - Data successfully saved to SQLite database. New listings - Bybit: 4, Binance: 6
2025-08-27 07:40:45 - INFO - Browser session closed
2025-08-27 07:40:45 - INFO - SQLite database connection closed
