2024-12-21 01:45:21 - INFO - Logging initialized. Log file: pb2b/logs/bybit_scraper_20241221.log
2024-12-21 01:45:22 - INFO - DataSaver logging initialized. Log file: pb2b/logs/data_saver_20241221.log
2024-12-21 01:45:22 - INFO - Connected to SQLite database: pb2b/p2p_listings.db
2024-12-21 01:45:22 - INFO - Database tables created successfully
2024-12-21 01:45:22 - INFO - Attempt 1/10: Loading https://www.bybit.com/fiat/trade/otc?actionType=1&token=USDT&fiat=NGN
2024-12-21 01:45:32 - INFO - Screenshot saved as 'pb2b/screenshots/bybit_page_20241221_014532.png'
2024-12-21 01:45:33 - INFO - Fetching BUY listings for USDT/EUR
2024-12-21 01:45:33 - INFO - Data successfully saved to SQLite database. New listings - Bybit: 5, Binance: 6
2024-12-21 01:45:33 - INFO - Browser session closed
2024-12-21 01:45:33 - INFO - SQLite database connection closed
2024-12-21 02:39:20 - INFO - Logging initialized. Log file: pb2b/logs/bybit_scraper_20241221.log
2024-12-21 02:39:20 - INFO - DataSaver logging initialized. Log file: pb2b/logs/data_saver_20241221.log
2024-12-21 02:39:20 - INFO - Connected to SQLite database: pb2b/p2p_listings.db
2024-12-21 02:39:20 - INFO - Database tables created successfully
2024-12-21 02:39:20 - INFO - Attempt 1/10: Loading https://www.bybit.com/fiat/trade/otc?actionType=1&token=USDT&fiat=NGN
2024-12-21 02:39:30 - INFO - Screenshot saved as 'pb2b/screenshots/bybit_page_20241221_023930.png'
2024-12-21 02:39:30 - INFO - Fetching BUY listings for USDT/EUR
2024-12-21 02:39:31 - INFO - Data successfully saved to SQLite database. New listings - Bybit: 5, Binance: 6
2024-12-21 02:39:31 - INFO - Browser session closed
2024-12-21 02:39:31 - INFO - SQLite database connection closed
2024-12-21 03:03:36 - INFO - Logging initialized. Log file: pb2b/logs/bybit_scraper_20241221.log
2024-12-21 03:03:37 - INFO - DataSaver logging initialized. Log file: pb2b/logs/data_saver_20241221.log
2024-12-21 03:03:37 - INFO - Connected to SQLite database: pb2b/p2p_listings.db
2024-12-21 03:03:37 - INFO - Database tables created successfully
2024-12-21 03:03:37 - INFO - Attempt 1/10: Loading https://www.bybit.com/fiat/trade/otc?actionType=1&token=USDT&fiat=NGN
2024-12-21 03:03:48 - INFO - Screenshot saved as 'pb2b/screenshots/bybit_page_20241221_030348.png'
2024-12-21 03:03:48 - INFO - Fetching BUY listings for USDT/EUR
2024-12-21 03:03:49 - INFO - Data successfully saved to SQLite database. New listings - Bybit: 5, Binance: 6
2024-12-21 03:03:49 - INFO - Browser session closed
2024-12-21 03:03:49 - INFO - SQLite database connection closed
2024-12-21 03:29:36 - INFO - Logging initialized. Log file: pb2b/logs/bybit_scraper_20241221.log
2024-12-21 03:29:37 - INFO - DataSaver logging initialized. Log file: pb2b/logs/data_saver_20241221.log
2024-12-21 03:29:37 - INFO - Connected to SQLite database: pb2b/p2p_listings.db
2024-12-21 03:29:37 - INFO - Database tables created successfully
2024-12-21 03:29:37 - INFO - Attempt 1/10: Loading https://www.bybit.com/fiat/trade/otc?actionType=1&token=USDT&fiat=NGN
2024-12-21 03:29:47 - INFO - Screenshot saved as 'pb2b/screenshots/bybit_page_20241221_032947.png'
2024-12-21 03:29:48 - INFO - Fetching BUY listings for USDT/EUR
2024-12-21 03:29:48 - INFO - Data successfully saved to SQLite database. New listings - Bybit: 5, Binance: 6
2024-12-21 03:29:48 - INFO - Browser session closed
2024-12-21 03:29:48 - INFO - SQLite database connection closed
2024-12-21 03:43:15 - INFO - Logging initialized. Log file: pb2b/logs/bybit_scraper_20241221.log
2024-12-21 03:43:15 - INFO - DataSaver logging initialized. Log file: pb2b/logs/data_saver_20241221.log
2024-12-21 03:43:15 - INFO - Connected to SQLite database: pb2b/p2p_listings.db
2024-12-21 03:43:15 - INFO - Database tables created successfully
2024-12-21 03:43:15 - INFO - Attempt 1/10: Loading https://www.bybit.com/fiat/trade/otc?actionType=1&token=USDT&fiat=NGN
2024-12-21 03:43:25 - INFO - Screenshot saved as 'pb2b/screenshots/bybit_page_20241221_034325.png'
2024-12-21 03:43:25 - INFO - Fetching BUY listings for USDT/EUR
2024-12-21 03:43:26 - INFO - Data successfully saved to SQLite database. New listings - Bybit: 5, Binance: 6
2024-12-21 03:43:26 - INFO - Browser session closed
2024-12-21 03:43:26 - INFO - SQLite database connection closed
2024-12-21 03:56:24 - INFO - Logging initialized. Log file: pb2b/logs/bybit_scraper_20241221.log
2024-12-21 03:56:26 - INFO - DataSaver logging initialized. Log file: pb2b/logs/data_saver_20241221.log
2024-12-21 03:56:26 - INFO - Connected to SQLite database: pb2b/p2p_listings.db
2024-12-21 03:56:26 - INFO - Database tables created successfully
2024-12-21 03:56:26 - INFO - Attempt 1/10: Loading https://www.bybit.com/fiat/trade/otc?actionType=1&token=USDT&fiat=NGN
2024-12-21 03:56:37 - INFO - Screenshot saved as 'pb2b/screenshots/bybit_page_20241221_035636.png'
2024-12-21 03:56:37 - INFO - Fetching BUY listings for USDT/EUR
2024-12-21 03:56:38 - INFO - Data successfully saved to SQLite database. New listings - Bybit: 5, Binance: 6
2024-12-21 03:56:38 - INFO - Browser session closed
2024-12-21 03:56:38 - INFO - SQLite database connection closed
2024-12-21 04:27:00 - INFO - Logging initialized. Log file: pb2b/logs/bybit_scraper_20241221.log
2024-12-21 04:27:01 - INFO - DataSaver logging initialized. Log file: pb2b/logs/data_saver_20241221.log
2024-12-21 04:27:01 - INFO - Connected to SQLite database: pb2b/p2p_listings.db
2024-12-21 04:27:01 - INFO - Database tables created successfully
2024-12-21 04:27:01 - INFO - Attempt 1/10: Loading https://www.bybit.com/fiat/trade/otc?actionType=1&token=USDT&fiat=NGN
2024-12-21 04:27:12 - INFO - Screenshot saved as 'pb2b/screenshots/bybit_page_20241221_042712.png'
2024-12-21 04:27:12 - INFO - Fetching BUY listings for USDT/EUR
2024-12-21 04:27:13 - INFO - Data successfully saved to SQLite database. New listings - Bybit: 5, Binance: 6
2024-12-21 04:27:13 - INFO - Browser session closed
2024-12-21 04:27:13 - INFO - SQLite database connection closed
2024-12-21 04:43:06 - INFO - Logging initialized. Log file: pb2b/logs/bybit_scraper_20241221.log
2024-12-21 04:43:06 - INFO - DataSaver logging initialized. Log file: pb2b/logs/data_saver_20241221.log
2024-12-21 04:43:06 - INFO - Connected to SQLite database: pb2b/p2p_listings.db
2024-12-21 04:43:06 - INFO - Database tables created successfully
2024-12-21 04:43:06 - INFO - Attempt 1/10: Loading https://www.bybit.com/fiat/trade/otc?actionType=1&token=USDT&fiat=NGN
2024-12-21 04:43:18 - INFO - Screenshot saved as 'pb2b/screenshots/bybit_page_20241221_044317.png'
2024-12-21 04:43:18 - INFO - Fetching BUY listings for USDT/EUR
2024-12-21 04:43:19 - INFO - Data successfully saved to SQLite database. New listings - Bybit: 5, Binance: 6
2024-12-21 04:43:19 - INFO - Browser session closed
2024-12-21 04:43:19 - INFO - SQLite database connection closed
2024-12-21 04:56:04 - INFO - Logging initialized. Log file: pb2b/logs/bybit_scraper_20241221.log
2024-12-21 04:56:04 - INFO - DataSaver logging initialized. Log file: pb2b/logs/data_saver_20241221.log
2024-12-21 04:56:04 - INFO - Connected to SQLite database: pb2b/p2p_listings.db
2024-12-21 04:56:04 - INFO - Database tables created successfully
2024-12-21 04:56:04 - INFO - Attempt 1/10: Loading https://www.bybit.com/fiat/trade/otc?actionType=1&token=USDT&fiat=NGN
2024-12-21 04:56:15 - INFO - Screenshot saved as 'pb2b/screenshots/bybit_page_20241221_045615.png'
2024-12-21 04:56:16 - INFO - Fetching BUY listings for USDT/EUR
2024-12-21 04:56:16 - INFO - Data successfully saved to SQLite database. New listings - Bybit: 5, Binance: 6
2024-12-21 04:56:16 - INFO - Browser session closed
2024-12-21 04:56:16 - INFO - SQLite database connection closed
2024-12-21 05:21:44 - INFO - Logging initialized. Log file: pb2b/logs/bybit_scraper_20241221.log
2024-12-21 05:21:45 - INFO - DataSaver logging initialized. Log file: pb2b/logs/data_saver_20241221.log
2024-12-21 05:21:45 - INFO - Connected to SQLite database: pb2b/p2p_listings.db
2024-12-21 05:21:45 - INFO - Database tables created successfully
2024-12-21 05:21:45 - INFO - Attempt 1/10: Loading https://www.bybit.com/fiat/trade/otc?actionType=1&token=USDT&fiat=NGN
2024-12-21 05:21:56 - INFO - Screenshot saved as 'pb2b/screenshots/bybit_page_20241221_052156.png'
2024-12-21 05:21:57 - INFO - Fetching BUY listings for USDT/EUR
2024-12-21 05:21:57 - INFO - Data successfully saved to SQLite database. New listings - Bybit: 5, Binance: 6
2024-12-21 05:21:57 - INFO - Browser session closed
2024-12-21 05:21:57 - INFO - SQLite database connection closed
2024-12-21 05:37:16 - INFO - Logging initialized. Log file: pb2b/logs/bybit_scraper_20241221.log
2024-12-21 05:37:17 - INFO - DataSaver logging initialized. Log file: pb2b/logs/data_saver_20241221.log
2024-12-21 05:37:17 - INFO - Connected to SQLite database: pb2b/p2p_listings.db
2024-12-21 05:37:17 - INFO - Database tables created successfully
2024-12-21 05:37:17 - INFO - Attempt 1/10: Loading https://www.bybit.com/fiat/trade/otc?actionType=1&token=USDT&fiat=NGN
2024-12-21 05:37:27 - INFO - Screenshot saved as 'pb2b/screenshots/bybit_page_20241221_053727.png'
2024-12-21 05:37:28 - INFO - Fetching BUY listings for USDT/EUR
2024-12-21 05:37:28 - INFO - Data successfully saved to SQLite database. New listings - Bybit: 5, Binance: 6
2024-12-21 05:37:28 - INFO - Browser session closed
2024-12-21 05:37:28 - INFO - SQLite database connection closed
