2025-01-24 00:58:13 - INFO - Logging initialized. Log file: pb2b/logs/bybit_scraper_20250124.log
2025-01-24 00:58:15 - INFO - DataSaver logging initialized. Log file: pb2b/logs/data_saver_20250124.log
2025-01-24 00:58:15 - INFO - Connected to SQLite database: pb2b/p2p_listings.db
2025-01-24 00:58:15 - INFO - Database tables created successfully
2025-01-24 00:58:15 - INFO - Attempt 1/10: Loading https://www.bybit.com/fiat/trade/otc?actionType=1&token=USDT&fiat=NGN
2025-01-24 00:58:27 - INFO - Screenshot saved as 'pb2b/screenshots/bybit_page_20250124_005827.png'
2025-01-24 00:58:27 - INFO - Fetching BUY listings for USDT/EUR
2025-01-24 00:58:28 - INFO - Data successfully saved to SQLite database. New listings - Bybit: 4, Binance: 6
2025-01-24 00:58:28 - INFO - Browser session closed
2025-01-24 00:58:28 - INFO - SQLite database connection closed
2025-01-24 02:17:36 - INFO - Logging initialized. Log file: pb2b/logs/bybit_scraper_20250124.log
2025-01-24 02:17:37 - INFO - DataSaver logging initialized. Log file: pb2b/logs/data_saver_20250124.log
2025-01-24 02:17:37 - INFO - Connected to SQLite database: pb2b/p2p_listings.db
2025-01-24 02:17:37 - INFO - Database tables created successfully
2025-01-24 02:17:37 - INFO - Attempt 1/10: Loading https://www.bybit.com/fiat/trade/otc?actionType=1&token=USDT&fiat=NGN
2025-01-24 02:17:47 - INFO - Screenshot saved as 'pb2b/screenshots/bybit_page_20250124_021747.png'
2025-01-24 02:17:47 - INFO - Fetching BUY listings for USDT/EUR
2025-01-24 02:17:48 - INFO - Data successfully saved to SQLite database. New listings - Bybit: 4, Binance: 6
2025-01-24 02:17:48 - INFO - Browser session closed
2025-01-24 02:17:48 - INFO - SQLite database connection closed
2025-01-24 02:56:24 - INFO - Logging initialized. Log file: pb2b/logs/bybit_scraper_20250124.log
2025-01-24 02:56:25 - INFO - DataSaver logging initialized. Log file: pb2b/logs/data_saver_20250124.log
2025-01-24 02:56:25 - INFO - Connected to SQLite database: pb2b/p2p_listings.db
2025-01-24 02:56:25 - INFO - Database tables created successfully
2025-01-24 02:56:25 - INFO - Attempt 1/10: Loading https://www.bybit.com/fiat/trade/otc?actionType=1&token=USDT&fiat=NGN
2025-01-24 02:56:35 - INFO - Screenshot saved as 'pb2b/screenshots/bybit_page_20250124_025635.png'
2025-01-24 02:56:36 - INFO - Fetching BUY listings for USDT/EUR
2025-01-24 02:56:36 - INFO - Data successfully saved to SQLite database. New listings - Bybit: 4, Binance: 6
2025-01-24 02:56:36 - INFO - Browser session closed
2025-01-24 02:56:36 - INFO - SQLite database connection closed
2025-01-24 03:26:07 - INFO - Logging initialized. Log file: pb2b/logs/bybit_scraper_20250124.log
2025-01-24 03:26:07 - INFO - DataSaver logging initialized. Log file: pb2b/logs/data_saver_20250124.log
2025-01-24 03:26:07 - INFO - Connected to SQLite database: pb2b/p2p_listings.db
2025-01-24 03:26:07 - INFO - Database tables created successfully
2025-01-24 03:26:07 - INFO - Attempt 1/10: Loading https://www.bybit.com/fiat/trade/otc?actionType=1&token=USDT&fiat=NGN
2025-01-24 03:26:17 - INFO - Screenshot saved as 'pb2b/screenshots/bybit_page_20250124_032617.png'
2025-01-24 03:26:18 - INFO - Fetching BUY listings for USDT/EUR
2025-01-24 03:26:18 - INFO - Data successfully saved to SQLite database. New listings - Bybit: 4, Binance: 6
2025-01-24 03:26:18 - INFO - Browser session closed
2025-01-24 03:26:18 - INFO - SQLite database connection closed
