2025-10-19 02:06:25 - INFO - Logging initialized. Log file: pb2b/logs/bybit_scraper_20251019.log
2025-10-19 02:06:32 - INFO - DataSaver logging initialized. Log file: pb2b/logs/data_saver_20251019.log
2025-10-19 02:06:32 - INFO - Connected to SQLite database: pb2b/p2p_listings.db
2025-10-19 02:06:32 - INFO - Database tables created successfully
2025-10-19 02:06:32 - INFO - Attempt 1/10: Loading https://www.bybit.com/fiat/trade/otc?actionType=1&token=USDT&fiat=NGN
2025-10-19 02:06:47 - INFO - Screenshot saved as 'pb2b/screenshots/bybit_page_20251019_020647.png'
2025-10-19 02:06:47 - INFO - Fetching BUY listings for USDT/EUR
2025-10-19 02:06:48 - INFO - Data successfully saved to SQLite database. New listings - Bybit: 4, Binance: 6
2025-10-19 02:06:48 - INFO - Browser session closed
2025-10-19 02:06:48 - INFO - SQLite database connection closed
2025-10-19 03:24:39 - INFO - Logging initialized. Log file: pb2b/logs/bybit_scraper_20251019.log
2025-10-19 03:24:39 - INFO - DataSaver logging initialized. Log file: pb2b/logs/data_saver_20251019.log
2025-10-19 03:24:39 - INFO - Connected to SQLite database: pb2b/p2p_listings.db
2025-10-19 03:24:39 - INFO - Database tables created successfully
2025-10-19 03:24:39 - INFO - Attempt 1/10: Loading https://www.bybit.com/fiat/trade/otc?actionType=1&token=USDT&fiat=NGN
2025-10-19 03:24:49 - INFO - Screenshot saved as 'pb2b/screenshots/bybit_page_20251019_032449.png'
2025-10-19 03:24:50 - INFO - Fetching BUY listings for USDT/EUR
2025-10-19 03:24:50 - INFO - Data successfully saved to SQLite database. New listings - Bybit: 4, Binance: 6
2025-10-19 03:24:50 - INFO - Browser session closed
2025-10-19 03:24:50 - INFO - SQLite database connection closed
2025-10-19 03:59:22 - INFO - Logging initialized. Log file: pb2b/logs/bybit_scraper_20251019.log
2025-10-19 03:59:38 - INFO - DataSaver logging initialized. Log file: pb2b/logs/data_saver_20251019.log
2025-10-19 03:59:38 - INFO - Connected to SQLite database: pb2b/p2p_listings.db
2025-10-19 03:59:38 - INFO - Database tables created successfully
2025-10-19 03:59:38 - INFO - Attempt 1/10: Loading https://www.bybit.com/fiat/trade/otc?actionType=1&token=USDT&fiat=NGN
2025-10-19 03:59:49 - INFO - Screenshot saved as 'pb2b/screenshots/bybit_page_20251019_035949.png'
2025-10-19 03:59:49 - INFO - Fetching BUY listings for USDT/EUR
2025-10-19 03:59:50 - INFO - Data successfully saved to SQLite database. New listings - Bybit: 4, Binance: 6
2025-10-19 03:59:50 - INFO - Browser session closed
2025-10-19 03:59:50 - INFO - SQLite database connection closed
2025-10-19 04:34:10 - INFO - Logging initialized. Log file: pb2b/logs/bybit_scraper_20251019.log
2025-10-19 04:34:21 - INFO - DataSaver logging initialized. Log file: pb2b/logs/data_saver_20251019.log
2025-10-19 04:34:21 - INFO - Connected to SQLite database: pb2b/p2p_listings.db
2025-10-19 04:34:21 - INFO - Database tables created successfully
2025-10-19 04:34:21 - INFO - Attempt 1/10: Loading https://www.bybit.com/fiat/trade/otc?actionType=1&token=USDT&fiat=NGN
2025-10-19 04:34:32 - INFO - Screenshot saved as 'pb2b/screenshots/bybit_page_20251019_043432.png'
2025-10-19 04:34:33 - INFO - Fetching BUY listings for USDT/EUR
2025-10-19 04:34:33 - INFO - Data successfully saved to SQLite database. New listings - Bybit: 4, Binance: 6
2025-10-19 04:34:33 - INFO - Browser session closed
2025-10-19 04:34:33 - INFO - SQLite database connection closed
