2025-01-29 00:54:20 - INFO - Logging initialized. Log file: pb2b/logs/bybit_scraper_20250129.log
2025-01-29 00:54:21 - INFO - DataSaver logging initialized. Log file: pb2b/logs/data_saver_20250129.log
2025-01-29 00:54:21 - INFO - Connected to SQLite database: pb2b/p2p_listings.db
2025-01-29 00:54:21 - INFO - Database tables created successfully
2025-01-29 00:54:21 - INFO - Attempt 1/10: Loading https://www.bybit.com/fiat/trade/otc?actionType=1&token=USDT&fiat=NGN
2025-01-29 00:54:32 - INFO - Screenshot saved as 'pb2b/screenshots/bybit_page_20250129_005431.png'
2025-01-29 00:54:32 - INFO - Fetching BUY listings for USDT/EUR
2025-01-29 00:54:33 - INFO - Data successfully saved to SQLite database. New listings - Bybit: 4, Binance: 6
2025-01-29 00:54:33 - INFO - Browser session closed
2025-01-29 00:54:33 - INFO - SQLite database connection closed
2025-01-29 02:14:23 - INFO - Logging initialized. Log file: pb2b/logs/bybit_scraper_20250129.log
2025-01-29 02:14:23 - INFO - DataSaver logging initialized. Log file: pb2b/logs/data_saver_20250129.log
2025-01-29 02:14:23 - INFO - Connected to SQLite database: pb2b/p2p_listings.db
2025-01-29 02:14:23 - INFO - Database tables created successfully
2025-01-29 02:14:23 - INFO - Attempt 1/10: Loading https://www.bybit.com/fiat/trade/otc?actionType=1&token=USDT&fiat=NGN
2025-01-29 02:14:33 - INFO - Screenshot saved as 'pb2b/screenshots/bybit_page_20250129_021433.png'
2025-01-29 02:14:33 - INFO - Fetching BUY listings for USDT/EUR
2025-01-29 02:14:34 - INFO - Data successfully saved to SQLite database. New listings - Bybit: 4, Binance: 6
2025-01-29 02:14:34 - INFO - Browser session closed
2025-01-29 02:14:34 - INFO - SQLite database connection closed
2025-01-29 02:54:12 - INFO - Logging initialized. Log file: pb2b/logs/bybit_scraper_20250129.log
2025-01-29 02:54:13 - INFO - DataSaver logging initialized. Log file: pb2b/logs/data_saver_20250129.log
2025-01-29 02:54:13 - INFO - Connected to SQLite database: pb2b/p2p_listings.db
2025-01-29 02:54:13 - INFO - Database tables created successfully
2025-01-29 02:54:13 - INFO - Attempt 1/10: Loading https://www.bybit.com/fiat/trade/otc?actionType=1&token=USDT&fiat=NGN
2025-01-29 02:54:24 - INFO - Screenshot saved as 'pb2b/screenshots/bybit_page_20250129_025424.png'
2025-01-29 02:54:24 - INFO - Fetching BUY listings for USDT/EUR
2025-01-29 02:54:25 - INFO - Data successfully saved to SQLite database. New listings - Bybit: 4, Binance: 6
2025-01-29 02:54:25 - INFO - Browser session closed
2025-01-29 02:54:25 - INFO - SQLite database connection closed
2025-01-29 03:20:40 - INFO - Logging initialized. Log file: pb2b/logs/bybit_scraper_20250129.log
2025-01-29 03:20:40 - INFO - DataSaver logging initialized. Log file: pb2b/logs/data_saver_20250129.log
2025-01-29 03:20:40 - INFO - Connected to SQLite database: pb2b/p2p_listings.db
2025-01-29 03:20:40 - INFO - Database tables created successfully
2025-01-29 03:20:40 - INFO - Attempt 1/10: Loading https://www.bybit.com/fiat/trade/otc?actionType=1&token=USDT&fiat=NGN
2025-01-29 03:20:50 - INFO - Screenshot saved as 'pb2b/screenshots/bybit_page_20250129_032050.png'
2025-01-29 03:20:51 - INFO - Fetching BUY listings for USDT/EUR
2025-01-29 03:20:51 - INFO - Data successfully saved to SQLite database. New listings - Bybit: 4, Binance: 6
2025-01-29 03:20:51 - INFO - Browser session closed
2025-01-29 03:20:51 - INFO - SQLite database connection closed
2025-01-29 03:37:31 - INFO - Logging initialized. Log file: pb2b/logs/bybit_scraper_20250129.log
2025-01-29 03:37:32 - INFO - DataSaver logging initialized. Log file: pb2b/logs/data_saver_20250129.log
2025-01-29 03:37:32 - INFO - Connected to SQLite database: pb2b/p2p_listings.db
2025-01-29 03:37:32 - INFO - Database tables created successfully
2025-01-29 03:37:32 - INFO - Attempt 1/10: Loading https://www.bybit.com/fiat/trade/otc?actionType=1&token=USDT&fiat=NGN
2025-01-29 03:37:44 - INFO - Screenshot saved as 'pb2b/screenshots/bybit_page_20250129_033743.png'
2025-01-29 03:37:44 - INFO - Fetching BUY listings for USDT/EUR
2025-01-29 03:37:44 - INFO - Data successfully saved to SQLite database. New listings - Bybit: 4, Binance: 6
2025-01-29 03:37:45 - INFO - Browser session closed
2025-01-29 03:37:45 - INFO - SQLite database connection closed
