2025-03-13 01:21:30 - INFO - Logging initialized. Log file: pb2b/logs/bybit_scraper_20250313.log
2025-03-13 01:21:31 - INFO - DataSaver logging initialized. Log file: pb2b/logs/data_saver_20250313.log
2025-03-13 01:21:31 - INFO - Connected to SQLite database: pb2b/p2p_listings.db
2025-03-13 01:21:31 - INFO - Database tables created successfully
2025-03-13 01:21:31 - INFO - Attempt 1/10: Loading https://www.bybit.com/fiat/trade/otc?actionType=1&token=USDT&fiat=NGN
2025-03-13 01:21:40 - INFO - Screenshot saved as 'pb2b/screenshots/bybit_page_20250313_012140.png'
2025-03-13 01:21:41 - INFO - Fetching BUY listings for USDT/EUR
2025-03-13 01:21:41 - INFO - Data successfully saved to SQLite database. New listings - Bybit: 4, Binance: 6
2025-03-13 01:21:42 - INFO - Browser session closed
2025-03-13 01:21:42 - INFO - SQLite database connection closed
2025-03-13 02:41:57 - INFO - Logging initialized. Log file: pb2b/logs/bybit_scraper_20250313.log
2025-03-13 02:41:58 - INFO - DataSaver logging initialized. Log file: pb2b/logs/data_saver_20250313.log
2025-03-13 02:41:58 - INFO - Connected to SQLite database: pb2b/p2p_listings.db
2025-03-13 02:41:58 - INFO - Database tables created successfully
2025-03-13 02:41:58 - INFO - Attempt 1/10: Loading https://www.bybit.com/fiat/trade/otc?actionType=1&token=USDT&fiat=NGN
2025-03-13 02:42:08 - INFO - Screenshot saved as 'pb2b/screenshots/bybit_page_20250313_024208.png'
2025-03-13 02:42:08 - INFO - Fetching BUY listings for USDT/EUR
2025-03-13 02:42:09 - INFO - Data successfully saved to SQLite database. New listings - Bybit: 4, Binance: 6
2025-03-13 02:42:09 - INFO - Browser session closed
2025-03-13 02:42:09 - INFO - SQLite database connection closed
2025-03-13 03:19:50 - INFO - Logging initialized. Log file: pb2b/logs/bybit_scraper_20250313.log
2025-03-13 03:19:51 - INFO - DataSaver logging initialized. Log file: pb2b/logs/data_saver_20250313.log
2025-03-13 03:19:51 - INFO - Connected to SQLite database: pb2b/p2p_listings.db
2025-03-13 03:19:51 - INFO - Database tables created successfully
2025-03-13 03:19:51 - INFO - Attempt 1/10: Loading https://www.bybit.com/fiat/trade/otc?actionType=1&token=USDT&fiat=NGN
2025-03-13 03:20:00 - INFO - Screenshot saved as 'pb2b/screenshots/bybit_page_20250313_032000.png'
2025-03-13 03:20:00 - INFO - Fetching BUY listings for USDT/EUR
2025-03-13 03:20:01 - INFO - Data successfully saved to SQLite database. New listings - Bybit: 4, Binance: 6
2025-03-13 03:20:01 - INFO - Browser session closed
2025-03-13 03:20:01 - INFO - SQLite database connection closed
2025-03-13 03:47:14 - INFO - Logging initialized. Log file: pb2b/logs/bybit_scraper_20250313.log
2025-03-13 03:47:15 - INFO - DataSaver logging initialized. Log file: pb2b/logs/data_saver_20250313.log
2025-03-13 03:47:15 - INFO - Connected to SQLite database: pb2b/p2p_listings.db
2025-03-13 03:47:15 - INFO - Database tables created successfully
2025-03-13 03:47:15 - INFO - Attempt 1/10: Loading https://www.bybit.com/fiat/trade/otc?actionType=1&token=USDT&fiat=NGN
2025-03-13 03:47:24 - INFO - Screenshot saved as 'pb2b/screenshots/bybit_page_20250313_034724.png'
2025-03-13 03:47:25 - INFO - Fetching BUY listings for USDT/EUR
2025-03-13 03:47:25 - INFO - Data successfully saved to SQLite database. New listings - Bybit: 4, Binance: 6
2025-03-13 03:47:25 - INFO - Browser session closed
2025-03-13 03:47:25 - INFO - SQLite database connection closed
