2025-03-17 02:00:07 - INFO - Logging initialized. Log file: pb2b/logs/bybit_scraper_20250317.log
2025-03-17 02:00:08 - INFO - DataSaver logging initialized. Log file: pb2b/logs/data_saver_20250317.log
2025-03-17 02:00:08 - INFO - Connected to SQLite database: pb2b/p2p_listings.db
2025-03-17 02:00:08 - INFO - Database tables created successfully
2025-03-17 02:00:08 - INFO - Attempt 1/10: Loading https://www.bybit.com/fiat/trade/otc?actionType=1&token=USDT&fiat=NGN
2025-03-17 02:00:17 - INFO - Screenshot saved as 'pb2b/screenshots/bybit_page_20250317_020017.png'
2025-03-17 02:00:18 - INFO - Fetching BUY listings for USDT/EUR
2025-03-17 02:00:18 - INFO - Data successfully saved to SQLite database. New listings - Bybit: 4, Binance: 6
2025-03-17 02:00:18 - INFO - Browser session closed
2025-03-17 02:00:18 - INFO - SQLite database connection closed
2025-03-17 03:04:56 - INFO - Logging initialized. Log file: pb2b/logs/bybit_scraper_20250317.log
2025-03-17 03:04:56 - INFO - DataSaver logging initialized. Log file: pb2b/logs/data_saver_20250317.log
2025-03-17 03:04:56 - INFO - Connected to SQLite database: pb2b/p2p_listings.db
2025-03-17 03:04:56 - INFO - Database tables created successfully
2025-03-17 03:04:56 - INFO - Attempt 1/10: Loading https://www.bybit.com/fiat/trade/otc?actionType=1&token=USDT&fiat=NGN
2025-03-17 03:05:07 - INFO - Screenshot saved as 'pb2b/screenshots/bybit_page_20250317_030507.png'
2025-03-17 03:05:07 - INFO - Fetching BUY listings for USDT/EUR
2025-03-17 03:05:08 - INFO - Data successfully saved to SQLite database. New listings - Bybit: 4, Binance: 6
2025-03-17 03:05:08 - INFO - Browser session closed
2025-03-17 03:05:08 - INFO - SQLite database connection closed
2025-03-17 03:40:43 - INFO - Logging initialized. Log file: pb2b/logs/bybit_scraper_20250317.log
2025-03-17 03:40:44 - INFO - DataSaver logging initialized. Log file: pb2b/logs/data_saver_20250317.log
2025-03-17 03:40:44 - INFO - Connected to SQLite database: pb2b/p2p_listings.db
2025-03-17 03:40:44 - INFO - Database tables created successfully
2025-03-17 03:40:44 - INFO - Attempt 1/10: Loading https://www.bybit.com/fiat/trade/otc?actionType=1&token=USDT&fiat=NGN
2025-03-17 03:40:53 - INFO - Screenshot saved as 'pb2b/screenshots/bybit_page_20250317_034053.png'
2025-03-17 03:40:54 - INFO - Fetching BUY listings for USDT/EUR
2025-03-17 03:40:54 - INFO - Data successfully saved to SQLite database. New listings - Bybit: 4, Binance: 6
2025-03-17 03:40:54 - INFO - Browser session closed
2025-03-17 03:40:54 - INFO - SQLite database connection closed
2025-03-17 03:56:32 - INFO - Logging initialized. Log file: pb2b/logs/bybit_scraper_20250317.log
2025-03-17 03:56:32 - INFO - DataSaver logging initialized. Log file: pb2b/logs/data_saver_20250317.log
2025-03-17 03:56:32 - INFO - Connected to SQLite database: pb2b/p2p_listings.db
2025-03-17 03:56:32 - INFO - Database tables created successfully
2025-03-17 03:56:32 - INFO - Attempt 1/10: Loading https://www.bybit.com/fiat/trade/otc?actionType=1&token=USDT&fiat=NGN
2025-03-17 03:56:43 - INFO - Screenshot saved as 'pb2b/screenshots/bybit_page_20250317_035643.png'
2025-03-17 03:56:43 - INFO - Fetching BUY listings for USDT/EUR
2025-03-17 03:56:44 - INFO - Data successfully saved to SQLite database. New listings - Bybit: 4, Binance: 6
2025-03-17 03:56:44 - INFO - Browser session closed
2025-03-17 03:56:44 - INFO - SQLite database connection closed
2025-03-17 04:29:30 - INFO - Logging initialized. Log file: pb2b/logs/bybit_scraper_20250317.log
2025-03-17 04:29:31 - INFO - DataSaver logging initialized. Log file: pb2b/logs/data_saver_20250317.log
2025-03-17 04:29:31 - INFO - Connected to SQLite database: pb2b/p2p_listings.db
2025-03-17 04:29:31 - INFO - Database tables created successfully
2025-03-17 04:29:31 - INFO - Attempt 1/10: Loading https://www.bybit.com/fiat/trade/otc?actionType=1&token=USDT&fiat=NGN
2025-03-17 04:29:41 - INFO - Screenshot saved as 'pb2b/screenshots/bybit_page_20250317_042941.png'
2025-03-17 04:29:41 - INFO - Fetching BUY listings for USDT/EUR
2025-03-17 04:29:42 - INFO - Data successfully saved to SQLite database. New listings - Bybit: 4, Binance: 6
2025-03-17 04:29:42 - INFO - Browser session closed
2025-03-17 04:29:42 - INFO - SQLite database connection closed
2025-03-17 04:47:47 - INFO - Logging initialized. Log file: pb2b/logs/bybit_scraper_20250317.log
2025-03-17 04:47:48 - INFO - DataSaver logging initialized. Log file: pb2b/logs/data_saver_20250317.log
2025-03-17 04:47:48 - INFO - Connected to SQLite database: pb2b/p2p_listings.db
2025-03-17 04:47:48 - INFO - Database tables created successfully
2025-03-17 04:47:48 - INFO - Attempt 1/10: Loading https://www.bybit.com/fiat/trade/otc?actionType=1&token=USDT&fiat=NGN
2025-03-17 04:47:57 - INFO - Screenshot saved as 'pb2b/screenshots/bybit_page_20250317_044757.png'
2025-03-17 04:47:57 - INFO - Fetching BUY listings for USDT/EUR
2025-03-17 04:47:58 - INFO - Data successfully saved to SQLite database. New listings - Bybit: 4, Binance: 6
2025-03-17 04:47:58 - INFO - Browser session closed
2025-03-17 04:47:58 - INFO - SQLite database connection closed
