2025-11-16 02:21:38 - INFO - Logging initialized. Log file: pb2b/logs/bybit_scraper_20251116.log
2025-11-16 02:21:43 - INFO - DataSaver logging initialized. Log file: pb2b/logs/data_saver_20251116.log
2025-11-16 02:21:43 - INFO - Connected to SQLite database: pb2b/p2p_listings.db
2025-11-16 02:21:43 - INFO - Database tables created successfully
2025-11-16 02:21:43 - INFO - Attempt 1/10: Loading https://www.bybit.com/fiat/trade/otc?actionType=1&token=USDT&fiat=NGN
2025-11-16 02:21:55 - INFO - Screenshot saved as 'pb2b/screenshots/bybit_page_20251116_022155.png'
2025-11-16 02:21:55 - INFO - Fetching BUY listings for USDT/EUR
2025-11-16 02:21:56 - INFO - Data successfully saved to SQLite database. New listings - Bybit: 4, Binance: 6
2025-11-16 02:21:56 - INFO - Browser session closed
2025-11-16 02:21:56 - INFO - SQLite database connection closed
2025-11-16 03:38:39 - INFO - Logging initialized. Log file: pb2b/logs/bybit_scraper_20251116.log
2025-11-16 03:39:03 - INFO - DataSaver logging initialized. Log file: pb2b/logs/data_saver_20251116.log
2025-11-16 03:39:03 - INFO - Connected to SQLite database: pb2b/p2p_listings.db
2025-11-16 03:39:03 - INFO - Database tables created successfully
2025-11-16 03:39:03 - INFO - Attempt 1/10: Loading https://www.bybit.com/fiat/trade/otc?actionType=1&token=USDT&fiat=NGN
2025-11-16 03:39:16 - INFO - Screenshot saved as 'pb2b/screenshots/bybit_page_20251116_033916.png'
2025-11-16 03:39:17 - INFO - Fetching BUY listings for USDT/EUR
2025-11-16 03:39:17 - INFO - Data successfully saved to SQLite database. New listings - Bybit: 4, Binance: 6
2025-11-16 03:39:17 - INFO - Browser session closed
2025-11-16 03:39:17 - INFO - SQLite database connection closed
2025-11-16 04:06:28 - INFO - Logging initialized. Log file: pb2b/logs/bybit_scraper_20251116.log
2025-11-16 04:06:33 - INFO - DataSaver logging initialized. Log file: pb2b/logs/data_saver_20251116.log
2025-11-16 04:06:33 - INFO - Connected to SQLite database: pb2b/p2p_listings.db
2025-11-16 04:06:33 - INFO - Database tables created successfully
2025-11-16 04:06:33 - INFO - Attempt 1/10: Loading https://www.bybit.com/fiat/trade/otc?actionType=1&token=USDT&fiat=NGN
2025-11-16 04:06:44 - INFO - Screenshot saved as 'pb2b/screenshots/bybit_page_20251116_040644.png'
2025-11-16 04:06:45 - INFO - Fetching BUY listings for USDT/EUR
2025-11-16 04:06:46 - INFO - Data successfully saved to SQLite database. New listings - Bybit: 4, Binance: 6
2025-11-16 04:06:46 - INFO - Browser session closed
2025-11-16 04:06:46 - INFO - SQLite database connection closed
2025-11-16 04:39:53 - INFO - Logging initialized. Log file: pb2b/logs/bybit_scraper_20251116.log
2025-11-16 04:39:59 - INFO - DataSaver logging initialized. Log file: pb2b/logs/data_saver_20251116.log
2025-11-16 04:39:59 - INFO - Connected to SQLite database: pb2b/p2p_listings.db
2025-11-16 04:39:59 - INFO - Database tables created successfully
2025-11-16 04:39:59 - INFO - Attempt 1/10: Loading https://www.bybit.com/fiat/trade/otc?actionType=1&token=USDT&fiat=NGN
2025-11-16 04:40:10 - INFO - Screenshot saved as 'pb2b/screenshots/bybit_page_20251116_044010.png'
2025-11-16 04:40:10 - INFO - Fetching BUY listings for USDT/EUR
2025-11-16 04:40:11 - INFO - Data successfully saved to SQLite database. New listings - Bybit: 4, Binance: 6
2025-11-16 04:40:11 - INFO - Browser session closed
2025-11-16 04:40:11 - INFO - SQLite database connection closed
