2025-04-13 02:02:22 - INFO - Logging initialized. Log file: pb2b/logs/bybit_scraper_20250413.log
2025-04-13 02:02:23 - INFO - DataSaver logging initialized. Log file: pb2b/logs/data_saver_20250413.log
2025-04-13 02:02:23 - INFO - Connected to SQLite database: pb2b/p2p_listings.db
2025-04-13 02:02:23 - INFO - Database tables created successfully
2025-04-13 02:02:23 - INFO - Attempt 1/10: Loading https://www.bybit.com/fiat/trade/otc?actionType=1&token=USDT&fiat=NGN
2025-04-13 02:02:33 - INFO - Screenshot saved as 'pb2b/screenshots/bybit_page_20250413_020233.png'
2025-04-13 02:02:34 - INFO - Fetching BUY listings for USDT/EUR
2025-04-13 02:02:35 - INFO - Data successfully saved to SQLite database. New listings - Bybit: 4, Binance: 6
2025-04-13 02:02:35 - INFO - Browser session closed
2025-04-13 02:02:35 - INFO - SQLite database connection closed
2025-04-13 04:14:25 - INFO - Logging initialized. Log file: pb2b/logs/bybit_scraper_20250413.log
2025-04-13 04:14:26 - INFO - DataSaver logging initialized. Log file: pb2b/logs/data_saver_20250413.log
2025-04-13 04:14:26 - INFO - Connected to SQLite database: pb2b/p2p_listings.db
2025-04-13 04:14:26 - INFO - Database tables created successfully
2025-04-13 04:14:26 - INFO - Attempt 1/10: Loading https://www.bybit.com/fiat/trade/otc?actionType=1&token=USDT&fiat=NGN
2025-04-13 04:14:37 - INFO - Screenshot saved as 'pb2b/screenshots/bybit_page_20250413_041436.png'
2025-04-13 04:14:37 - INFO - Fetching BUY listings for USDT/EUR
2025-04-13 04:14:38 - INFO - Data successfully saved to SQLite database. New listings - Bybit: 4, Binance: 6
2025-04-13 04:14:38 - INFO - Browser session closed
2025-04-13 04:14:38 - INFO - SQLite database connection closed
