2025-02-20 01:51:33 - INFO - Logging initialized. Log file: pb2b/logs/bybit_scraper_20250220.log
2025-02-20 01:51:34 - INFO - DataSaver logging initialized. Log file: pb2b/logs/data_saver_20250220.log
2025-02-20 01:51:34 - INFO - Connected to SQLite database: pb2b/p2p_listings.db
2025-02-20 01:51:34 - INFO - Database tables created successfully
2025-02-20 01:51:34 - INFO - Attempt 1/10: Loading https://www.bybit.com/fiat/trade/otc?actionType=1&token=USDT&fiat=NGN
2025-02-20 01:51:44 - INFO - Screenshot saved as 'pb2b/screenshots/bybit_page_20250220_015143.png'
2025-02-20 01:51:44 - INFO - Fetching BUY listings for USDT/EUR
2025-02-20 01:51:44 - INFO - Data successfully saved to SQLite database. New listings - Bybit: 4, Binance: 6
2025-02-20 01:51:45 - INFO - Browser session closed
2025-02-20 01:51:45 - INFO - SQLite database connection closed
2025-02-20 02:44:49 - INFO - Logging initialized. Log file: pb2b/logs/bybit_scraper_20250220.log
2025-02-20 02:44:50 - INFO - DataSaver logging initialized. Log file: pb2b/logs/data_saver_20250220.log
2025-02-20 02:44:50 - INFO - Connected to SQLite database: pb2b/p2p_listings.db
2025-02-20 02:44:50 - INFO - Database tables created successfully
2025-02-20 02:44:50 - INFO - Attempt 1/10: Loading https://www.bybit.com/fiat/trade/otc?actionType=1&token=USDT&fiat=NGN
2025-02-20 02:45:01 - INFO - Screenshot saved as 'pb2b/screenshots/bybit_page_20250220_024501.png'
2025-02-20 02:45:01 - INFO - Fetching BUY listings for USDT/EUR
2025-02-20 02:45:02 - INFO - Data successfully saved to SQLite database. New listings - Bybit: 4, Binance: 6
2025-02-20 02:45:02 - INFO - Browser session closed
2025-02-20 02:45:02 - INFO - SQLite database connection closed
2025-02-20 03:13:03 - INFO - Logging initialized. Log file: pb2b/logs/bybit_scraper_20250220.log
2025-02-20 03:13:05 - INFO - DataSaver logging initialized. Log file: pb2b/logs/data_saver_20250220.log
2025-02-20 03:13:05 - INFO - Connected to SQLite database: pb2b/p2p_listings.db
2025-02-20 03:13:05 - INFO - Database tables created successfully
2025-02-20 03:13:05 - INFO - Attempt 1/10: Loading https://www.bybit.com/fiat/trade/otc?actionType=1&token=USDT&fiat=NGN
2025-02-20 03:13:14 - INFO - Screenshot saved as 'pb2b/screenshots/bybit_page_20250220_031314.png'
2025-02-20 03:13:15 - INFO - Fetching BUY listings for USDT/EUR
2025-02-20 03:13:15 - INFO - Data successfully saved to SQLite database. New listings - Bybit: 4, Binance: 6
2025-02-20 03:13:15 - INFO - Browser session closed
2025-02-20 03:13:15 - INFO - SQLite database connection closed
