2025-08-18 00:02:00 - INFO - Logging initialized. Log file: pb2b/logs/bybit_scraper_20250818.log
2025-08-18 00:02:01 - INFO - DataSaver logging initialized. Log file: pb2b/logs/data_saver_20250818.log
2025-08-18 00:02:01 - INFO - Connected to SQLite database: pb2b/p2p_listings.db
2025-08-18 00:02:01 - INFO - Database tables created successfully
2025-08-18 00:02:01 - INFO - Attempt 1/10: Loading https://www.bybit.com/fiat/trade/otc?actionType=1&token=USDT&fiat=NGN
2025-08-18 00:02:10 - INFO - Screenshot saved as 'pb2b/screenshots/bybit_page_20250818_000210.png'
2025-08-18 00:02:10 - INFO - Fetching BUY listings for USDT/EUR
2025-08-18 00:02:11 - INFO - Data successfully saved to SQLite database. New listings - Bybit: 4, Binance: 6
2025-08-18 00:02:11 - INFO - Browser session closed
2025-08-18 00:02:11 - INFO - SQLite database connection closed
2025-08-18 02:30:43 - INFO - Logging initialized. Log file: pb2b/logs/bybit_scraper_20250818.log
2025-08-18 02:30:44 - INFO - DataSaver logging initialized. Log file: pb2b/logs/data_saver_20250818.log
2025-08-18 02:30:44 - INFO - Connected to SQLite database: pb2b/p2p_listings.db
2025-08-18 02:30:44 - INFO - Database tables created successfully
2025-08-18 02:30:44 - INFO - Attempt 1/10: Loading https://www.bybit.com/fiat/trade/otc?actionType=1&token=USDT&fiat=NGN
2025-08-18 02:30:53 - INFO - Screenshot saved as 'pb2b/screenshots/bybit_page_20250818_023053.png'
2025-08-18 02:30:53 - INFO - Fetching BUY listings for USDT/EUR
2025-08-18 02:30:54 - INFO - Data successfully saved to SQLite database. New listings - Bybit: 4, Binance: 6
2025-08-18 02:30:54 - INFO - Browser session closed
2025-08-18 02:30:54 - INFO - SQLite database connection closed
2025-08-18 03:53:01 - INFO - Logging initialized. Log file: pb2b/logs/bybit_scraper_20250818.log
2025-08-18 03:53:02 - INFO - DataSaver logging initialized. Log file: pb2b/logs/data_saver_20250818.log
2025-08-18 03:53:02 - INFO - Connected to SQLite database: pb2b/p2p_listings.db
2025-08-18 03:53:02 - INFO - Database tables created successfully
2025-08-18 03:53:02 - INFO - Attempt 1/10: Loading https://www.bybit.com/fiat/trade/otc?actionType=1&token=USDT&fiat=NGN
2025-08-18 03:53:14 - INFO - Screenshot saved as 'pb2b/screenshots/bybit_page_20250818_035314.png'
2025-08-18 03:53:14 - INFO - Fetching BUY listings for USDT/EUR
2025-08-18 03:53:15 - INFO - Data successfully saved to SQLite database. New listings - Bybit: 4, Binance: 6
2025-08-18 03:53:15 - INFO - Browser session closed
2025-08-18 03:53:15 - INFO - SQLite database connection closed
