2026-02-10 00:06:35 - INFO - Logging initialized. Log file: pb2b/logs/bybit_scraper_20260210.log
2026-02-10 00:06:36 - INFO - DataSaver logging initialized. Log file: pb2b/logs/data_saver_20260210.log
2026-02-10 00:06:36 - INFO - Connected to SQLite database: pb2b/p2p_listings.db
2026-02-10 00:06:36 - INFO - Database tables created successfully
2026-02-10 00:06:36 - INFO - Attempt 1/10: Loading https://www.bybit.com/fiat/trade/otc?actionType=1&token=USDT&fiat=NGN
2026-02-10 00:06:44 - INFO - Screenshot saved as 'pb2b/screenshots/bybit_page_20260210_000644.png'
2026-02-10 00:06:44 - WARNING - Error parsing row: Message: no such element: Unable to locate element: {"method":"css selector","selector":"td:nth-child(2)"}
  (Session info: chrome=144.0.7559.132); For documentation on this error, please visit: https://www.selenium.dev/documentation/webdriver/troubleshooting/errors#nosuchelementexception
Stacktrace:
#0 0x55bf87cde4ba <unknown>
#1 0x55bf87747492 <unknown>
#2 0x55bf8779c9b6 <unknown>
#3 0x55bf8779cbf1 <unknown>
#4 0x55bf877901f6 <unknown>
#5 0x55bf877900d7 <unknown>
#6 0x55bf877e5700 <unknown>
#7 0x55bf8778e6a2 <unknown>
#8 0x55bf8778f491 <unknown>
#9 0x55bf87ca4479 <unknown>
#10 0x55bf87ca7391 <unknown>
#11 0x55bf87c90a89 <unknown>
#12 0x55bf87ca7f4e <unknown>
#13 0x55bf87c77070 <unknown>
#14 0x55bf87ccbca8 <unknown>
#15 0x55bf87ccbe78 <unknown>
#16 0x55bf87cdd828 <unknown>
#17 0x7faff889caa4 <unknown>
#18 0x7faff8929c6c <unknown>

2026-02-10 00:06:45 - INFO - Fetching BUY listings for USDT/EUR
2026-02-10 00:06:46 - INFO - Data successfully saved to SQLite database. New listings - Bybit: 5, Binance: 6
2026-02-10 00:06:46 - INFO - Browser session closed
2026-02-10 00:06:46 - INFO - SQLite database connection closed
2026-02-10 03:30:45 - INFO - Logging initialized. Log file: pb2b/logs/bybit_scraper_20260210.log
2026-02-10 03:30:46 - INFO - DataSaver logging initialized. Log file: pb2b/logs/data_saver_20260210.log
2026-02-10 03:30:46 - INFO - Connected to SQLite database: pb2b/p2p_listings.db
2026-02-10 03:30:46 - INFO - Database tables created successfully
2026-02-10 03:30:46 - INFO - Attempt 1/10: Loading https://www.bybit.com/fiat/trade/otc?actionType=1&token=USDT&fiat=NGN
2026-02-10 03:30:56 - INFO - Screenshot saved as 'pb2b/screenshots/bybit_page_20260210_033056.png'
2026-02-10 03:30:56 - WARNING - Error parsing row: Message: no such element: Unable to locate element: {"method":"css selector","selector":"td:nth-child(2)"}
  (Session info: chrome=144.0.7559.132); For documentation on this error, please visit: https://www.selenium.dev/documentation/webdriver/troubleshooting/errors#nosuchelementexception
Stacktrace:
#0 0x55d4776684ba <unknown>
#1 0x55d4770d1492 <unknown>
#2 0x55d4771269b6 <unknown>
#3 0x55d477126bf1 <unknown>
#4 0x55d47711a1f6 <unknown>
#5 0x55d47711a0d7 <unknown>
#6 0x55d47716f700 <unknown>
#7 0x55d4771186a2 <unknown>
#8 0x55d477119491 <unknown>
#9 0x55d47762e479 <unknown>
#10 0x55d477631391 <unknown>
#11 0x55d47761aa89 <unknown>
#12 0x55d477631f4e <unknown>
#13 0x55d477601070 <unknown>
#14 0x55d477655ca8 <unknown>
#15 0x55d477655e78 <unknown>
#16 0x55d477667828 <unknown>
#17 0x7fb1e7c9caa4 <unknown>
#18 0x7fb1e7d29c6c <unknown>

2026-02-10 03:30:57 - INFO - Fetching BUY listings for USDT/EUR
2026-02-10 03:31:06 - INFO - Data successfully saved to SQLite database. New listings - Bybit: 5, Binance: 6
2026-02-10 03:31:06 - INFO - Browser session closed
2026-02-10 03:31:06 - INFO - SQLite database connection closed
