2025-06-18 00:44:55 - INFO - Logging initialized. Log file: pb2b/logs/bybit_scraper_20250618.log
2025-06-18 00:44:56 - INFO - DataSaver logging initialized. Log file: pb2b/logs/data_saver_20250618.log
2025-06-18 00:44:56 - INFO - Connected to SQLite database: pb2b/p2p_listings.db
2025-06-18 00:44:56 - INFO - Database tables created successfully
2025-06-18 00:44:56 - INFO - Attempt 1/10: Loading https://www.bybit.com/fiat/trade/otc?actionType=1&token=USDT&fiat=NGN
2025-06-18 00:45:04 - INFO - Screenshot saved as 'pb2b/screenshots/bybit_page_20250618_004503.png'
2025-06-18 00:45:04 - INFO - Fetching BUY listings for USDT/EUR
2025-06-18 00:45:05 - INFO - Data successfully saved to SQLite database. New listings - Bybit: 4, Binance: 6
2025-06-18 00:45:05 - INFO - Browser session closed
2025-06-18 00:45:05 - INFO - SQLite database connection closed
2025-06-18 02:31:42 - INFO - Logging initialized. Log file: pb2b/logs/bybit_scraper_20250618.log
2025-06-18 02:31:43 - INFO - DataSaver logging initialized. Log file: pb2b/logs/data_saver_20250618.log
2025-06-18 02:31:43 - INFO - Connected to SQLite database: pb2b/p2p_listings.db
2025-06-18 02:31:43 - INFO - Database tables created successfully
2025-06-18 02:31:43 - INFO - Attempt 1/10: Loading https://www.bybit.com/fiat/trade/otc?actionType=1&token=USDT&fiat=NGN
2025-06-18 02:31:52 - INFO - Screenshot saved as 'pb2b/screenshots/bybit_page_20250618_023152.png'
2025-06-18 02:31:52 - INFO - Fetching BUY listings for USDT/EUR
2025-06-18 02:31:53 - INFO - Data successfully saved to SQLite database. New listings - Bybit: 4, Binance: 6
2025-06-18 02:31:53 - INFO - Browser session closed
2025-06-18 02:31:53 - INFO - SQLite database connection closed
2025-06-18 03:38:48 - INFO - Logging initialized. Log file: pb2b/logs/bybit_scraper_20250618.log
2025-06-18 03:38:49 - INFO - DataSaver logging initialized. Log file: pb2b/logs/data_saver_20250618.log
2025-06-18 03:38:49 - INFO - Connected to SQLite database: pb2b/p2p_listings.db
2025-06-18 03:38:49 - INFO - Database tables created successfully
2025-06-18 03:38:49 - INFO - Attempt 1/10: Loading https://www.bybit.com/fiat/trade/otc?actionType=1&token=USDT&fiat=NGN
2025-06-18 03:38:57 - INFO - Screenshot saved as 'pb2b/screenshots/bybit_page_20250618_033857.png'
2025-06-18 03:38:57 - INFO - Fetching BUY listings for USDT/EUR
2025-06-18 03:38:58 - INFO - Data successfully saved to SQLite database. New listings - Bybit: 4, Binance: 6
2025-06-18 03:38:58 - INFO - Browser session closed
2025-06-18 03:38:58 - INFO - SQLite database connection closed
2025-06-18 04:08:19 - INFO - Logging initialized. Log file: pb2b/logs/bybit_scraper_20250618.log
2025-06-18 04:08:20 - INFO - DataSaver logging initialized. Log file: pb2b/logs/data_saver_20250618.log
2025-06-18 04:08:20 - INFO - Connected to SQLite database: pb2b/p2p_listings.db
2025-06-18 04:08:20 - INFO - Database tables created successfully
2025-06-18 04:08:20 - INFO - Attempt 1/10: Loading https://www.bybit.com/fiat/trade/otc?actionType=1&token=USDT&fiat=NGN
2025-06-18 04:08:27 - INFO - Screenshot saved as 'pb2b/screenshots/bybit_page_20250618_040827.png'
2025-06-18 04:08:28 - INFO - Fetching BUY listings for USDT/EUR
2025-06-18 04:08:29 - INFO - Data successfully saved to SQLite database. New listings - Bybit: 4, Binance: 6
2025-06-18 04:08:29 - INFO - Browser session closed
2025-06-18 04:08:29 - INFO - SQLite database connection closed
2025-06-18 04:44:20 - INFO - Logging initialized. Log file: pb2b/logs/bybit_scraper_20250618.log
2025-06-18 04:44:21 - INFO - DataSaver logging initialized. Log file: pb2b/logs/data_saver_20250618.log
2025-06-18 04:44:21 - INFO - Connected to SQLite database: pb2b/p2p_listings.db
2025-06-18 04:44:21 - INFO - Database tables created successfully
2025-06-18 04:44:21 - INFO - Attempt 1/10: Loading https://www.bybit.com/fiat/trade/otc?actionType=1&token=USDT&fiat=NGN
2025-06-18 04:44:29 - INFO - Screenshot saved as 'pb2b/screenshots/bybit_page_20250618_044429.png'
2025-06-18 04:44:30 - INFO - Fetching BUY listings for USDT/EUR
2025-06-18 04:44:30 - INFO - Data successfully saved to SQLite database. New listings - Bybit: 4, Binance: 6
2025-06-18 04:44:30 - INFO - Browser session closed
2025-06-18 04:44:30 - INFO - SQLite database connection closed
2025-06-18 05:01:12 - INFO - Logging initialized. Log file: pb2b/logs/bybit_scraper_20250618.log
2025-06-18 05:01:13 - INFO - DataSaver logging initialized. Log file: pb2b/logs/data_saver_20250618.log
2025-06-18 05:01:13 - INFO - Connected to SQLite database: pb2b/p2p_listings.db
2025-06-18 05:01:13 - INFO - Database tables created successfully
2025-06-18 05:01:13 - INFO - Attempt 1/10: Loading https://www.bybit.com/fiat/trade/otc?actionType=1&token=USDT&fiat=NGN
2025-06-18 05:01:24 - INFO - Screenshot saved as 'pb2b/screenshots/bybit_page_20250618_050124.png'
2025-06-18 05:01:24 - INFO - Fetching BUY listings for USDT/EUR
2025-06-18 05:01:25 - INFO - Data successfully saved to SQLite database. New listings - Bybit: 4, Binance: 6
2025-06-18 05:01:25 - INFO - Browser session closed
2025-06-18 05:01:25 - INFO - SQLite database connection closed
2025-06-18 05:32:58 - INFO - Logging initialized. Log file: pb2b/logs/bybit_scraper_20250618.log
2025-06-18 05:32:59 - INFO - DataSaver logging initialized. Log file: pb2b/logs/data_saver_20250618.log
2025-06-18 05:32:59 - INFO - Connected to SQLite database: pb2b/p2p_listings.db
2025-06-18 05:32:59 - INFO - Database tables created successfully
2025-06-18 05:32:59 - INFO - Attempt 1/10: Loading https://www.bybit.com/fiat/trade/otc?actionType=1&token=USDT&fiat=NGN
2025-06-18 05:33:09 - INFO - Screenshot saved as 'pb2b/screenshots/bybit_page_20250618_053309.png'
2025-06-18 05:33:09 - INFO - Fetching BUY listings for USDT/EUR
2025-06-18 05:33:10 - INFO - Data successfully saved to SQLite database. New listings - Bybit: 4, Binance: 6
2025-06-18 05:33:10 - INFO - Browser session closed
2025-06-18 05:33:10 - INFO - SQLite database connection closed
2025-06-18 05:51:15 - INFO - Logging initialized. Log file: pb2b/logs/bybit_scraper_20250618.log
2025-06-18 05:51:16 - INFO - DataSaver logging initialized. Log file: pb2b/logs/data_saver_20250618.log
2025-06-18 05:51:16 - INFO - Connected to SQLite database: pb2b/p2p_listings.db
2025-06-18 05:51:16 - INFO - Database tables created successfully
2025-06-18 05:51:16 - INFO - Attempt 1/10: Loading https://www.bybit.com/fiat/trade/otc?actionType=1&token=USDT&fiat=NGN
2025-06-18 05:51:25 - INFO - Screenshot saved as 'pb2b/screenshots/bybit_page_20250618_055125.png'
2025-06-18 05:51:25 - INFO - Fetching BUY listings for USDT/EUR
2025-06-18 05:51:26 - INFO - Data successfully saved to SQLite database. New listings - Bybit: 4, Binance: 6
2025-06-18 05:51:26 - INFO - Browser session closed
2025-06-18 05:51:26 - INFO - SQLite database connection closed
2025-06-18 06:19:44 - INFO - Logging initialized. Log file: pb2b/logs/bybit_scraper_20250618.log
2025-06-18 06:19:45 - INFO - DataSaver logging initialized. Log file: pb2b/logs/data_saver_20250618.log
2025-06-18 06:19:45 - INFO - Connected to SQLite database: pb2b/p2p_listings.db
2025-06-18 06:19:45 - INFO - Database tables created successfully
2025-06-18 06:19:45 - INFO - Attempt 1/10: Loading https://www.bybit.com/fiat/trade/otc?actionType=1&token=USDT&fiat=NGN
2025-06-18 06:19:54 - INFO - Screenshot saved as 'pb2b/screenshots/bybit_page_20250618_061954.png'
2025-06-18 06:19:54 - INFO - Fetching BUY listings for USDT/EUR
2025-06-18 06:19:55 - INFO - Data successfully saved to SQLite database. New listings - Bybit: 4, Binance: 6
2025-06-18 06:19:55 - INFO - Browser session closed
2025-06-18 06:19:55 - INFO - SQLite database connection closed
