2025-04-25 01:55:41 - INFO - Logging initialized. Log file: pb2b/logs/bybit_scraper_20250425.log
2025-04-25 01:55:42 - INFO - DataSaver logging initialized. Log file: pb2b/logs/data_saver_20250425.log
2025-04-25 01:55:42 - INFO - Connected to SQLite database: pb2b/p2p_listings.db
2025-04-25 01:55:42 - INFO - Database tables created successfully
2025-04-25 01:55:42 - INFO - Attempt 1/10: Loading https://www.bybit.com/fiat/trade/otc?actionType=1&token=USDT&fiat=NGN
2025-04-25 01:55:52 - INFO - Screenshot saved as 'pb2b/screenshots/bybit_page_20250425_015552.png'
2025-04-25 01:55:52 - INFO - Fetching BUY listings for USDT/EUR
2025-04-25 01:55:53 - INFO - Data successfully saved to SQLite database. New listings - Bybit: 4, Binance: 6
2025-04-25 01:55:53 - INFO - Browser session closed
2025-04-25 01:55:53 - INFO - SQLite database connection closed
2025-04-25 03:09:15 - INFO - Logging initialized. Log file: pb2b/logs/bybit_scraper_20250425.log
2025-04-25 03:09:16 - INFO - DataSaver logging initialized. Log file: pb2b/logs/data_saver_20250425.log
2025-04-25 03:09:16 - INFO - Connected to SQLite database: pb2b/p2p_listings.db
2025-04-25 03:09:16 - INFO - Database tables created successfully
2025-04-25 03:09:16 - INFO - Attempt 1/10: Loading https://www.bybit.com/fiat/trade/otc?actionType=1&token=USDT&fiat=NGN
2025-04-25 03:09:26 - INFO - Screenshot saved as 'pb2b/screenshots/bybit_page_20250425_030925.png'
2025-04-25 03:09:26 - INFO - Fetching BUY listings for USDT/EUR
2025-04-25 03:09:27 - INFO - Data successfully saved to SQLite database. New listings - Bybit: 4, Binance: 6
2025-04-25 03:09:27 - INFO - Browser session closed
2025-04-25 03:09:27 - INFO - SQLite database connection closed
2025-04-25 03:46:28 - INFO - Logging initialized. Log file: pb2b/logs/bybit_scraper_20250425.log
2025-04-25 03:46:29 - INFO - DataSaver logging initialized. Log file: pb2b/logs/data_saver_20250425.log
2025-04-25 03:46:29 - INFO - Connected to SQLite database: pb2b/p2p_listings.db
2025-04-25 03:46:29 - INFO - Database tables created successfully
2025-04-25 03:46:29 - INFO - Attempt 1/10: Loading https://www.bybit.com/fiat/trade/otc?actionType=1&token=USDT&fiat=NGN
2025-04-25 03:46:42 - INFO - Screenshot saved as 'pb2b/screenshots/bybit_page_20250425_034642.png'
2025-04-25 03:46:42 - INFO - Fetching BUY listings for USDT/EUR
2025-04-25 03:46:43 - INFO - Data successfully saved to SQLite database. New listings - Bybit: 4, Binance: 6
2025-04-25 03:46:43 - INFO - Browser session closed
2025-04-25 03:46:43 - INFO - SQLite database connection closed
2025-04-25 03:59:42 - INFO - Logging initialized. Log file: pb2b/logs/bybit_scraper_20250425.log
2025-04-25 03:59:42 - INFO - DataSaver logging initialized. Log file: pb2b/logs/data_saver_20250425.log
2025-04-25 03:59:42 - INFO - Connected to SQLite database: pb2b/p2p_listings.db
2025-04-25 03:59:42 - INFO - Database tables created successfully
2025-04-25 03:59:42 - INFO - Attempt 1/10: Loading https://www.bybit.com/fiat/trade/otc?actionType=1&token=USDT&fiat=NGN
2025-04-25 03:59:53 - INFO - Screenshot saved as 'pb2b/screenshots/bybit_page_20250425_035953.png'
2025-04-25 03:59:53 - INFO - Fetching BUY listings for USDT/EUR
2025-04-25 03:59:54 - INFO - Data successfully saved to SQLite database. New listings - Bybit: 4, Binance: 6
2025-04-25 03:59:54 - INFO - Browser session closed
2025-04-25 03:59:54 - INFO - SQLite database connection closed
2025-04-25 04:33:06 - INFO - Logging initialized. Log file: pb2b/logs/bybit_scraper_20250425.log
2025-04-25 04:33:08 - INFO - DataSaver logging initialized. Log file: pb2b/logs/data_saver_20250425.log
2025-04-25 04:33:08 - INFO - Connected to SQLite database: pb2b/p2p_listings.db
2025-04-25 04:33:08 - INFO - Database tables created successfully
2025-04-25 04:33:08 - INFO - Attempt 1/10: Loading https://www.bybit.com/fiat/trade/otc?actionType=1&token=USDT&fiat=NGN
2025-04-25 04:33:18 - INFO - Screenshot saved as 'pb2b/screenshots/bybit_page_20250425_043318.png'
2025-04-25 04:33:18 - INFO - Fetching BUY listings for USDT/EUR
2025-04-25 04:33:19 - INFO - Data successfully saved to SQLite database. New listings - Bybit: 4, Binance: 6
2025-04-25 04:33:19 - INFO - Browser session closed
2025-04-25 04:33:19 - INFO - SQLite database connection closed
2025-04-25 04:51:37 - INFO - Logging initialized. Log file: pb2b/logs/bybit_scraper_20250425.log
2025-04-25 04:51:38 - INFO - DataSaver logging initialized. Log file: pb2b/logs/data_saver_20250425.log
2025-04-25 04:51:38 - INFO - Connected to SQLite database: pb2b/p2p_listings.db
2025-04-25 04:51:38 - INFO - Database tables created successfully
2025-04-25 04:51:38 - INFO - Attempt 1/10: Loading https://www.bybit.com/fiat/trade/otc?actionType=1&token=USDT&fiat=NGN
2025-04-25 04:51:48 - INFO - Screenshot saved as 'pb2b/screenshots/bybit_page_20250425_045148.png'
2025-04-25 04:51:48 - INFO - Fetching BUY listings for USDT/EUR
2025-04-25 04:51:49 - INFO - Data successfully saved to SQLite database. New listings - Bybit: 4, Binance: 6
2025-04-25 04:51:49 - INFO - Browser session closed
2025-04-25 04:51:49 - INFO - SQLite database connection closed
2025-04-25 05:16:22 - INFO - Logging initialized. Log file: pb2b/logs/bybit_scraper_20250425.log
2025-04-25 05:16:23 - INFO - DataSaver logging initialized. Log file: pb2b/logs/data_saver_20250425.log
2025-04-25 05:16:23 - INFO - Connected to SQLite database: pb2b/p2p_listings.db
2025-04-25 05:16:23 - INFO - Database tables created successfully
2025-04-25 05:16:23 - INFO - Attempt 1/10: Loading https://www.bybit.com/fiat/trade/otc?actionType=1&token=USDT&fiat=NGN
2025-04-25 05:16:33 - INFO - Screenshot saved as 'pb2b/screenshots/bybit_page_20250425_051633.png'
2025-04-25 05:16:34 - INFO - Fetching BUY listings for USDT/EUR
2025-04-25 05:16:34 - INFO - Data successfully saved to SQLite database. New listings - Bybit: 4, Binance: 6
2025-04-25 05:16:34 - INFO - Browser session closed
2025-04-25 05:16:34 - INFO - SQLite database connection closed
2025-04-25 05:38:00 - INFO - Logging initialized. Log file: pb2b/logs/bybit_scraper_20250425.log
2025-04-25 05:38:01 - INFO - DataSaver logging initialized. Log file: pb2b/logs/data_saver_20250425.log
2025-04-25 05:38:01 - INFO - Connected to SQLite database: pb2b/p2p_listings.db
2025-04-25 05:38:01 - INFO - Database tables created successfully
2025-04-25 05:38:01 - INFO - Attempt 1/10: Loading https://www.bybit.com/fiat/trade/otc?actionType=1&token=USDT&fiat=NGN
2025-04-25 05:38:12 - INFO - Screenshot saved as 'pb2b/screenshots/bybit_page_20250425_053812.png'
2025-04-25 05:38:13 - INFO - Fetching BUY listings for USDT/EUR
2025-04-25 05:38:13 - INFO - Data successfully saved to SQLite database. New listings - Bybit: 4, Binance: 6
2025-04-25 05:38:13 - INFO - Browser session closed
2025-04-25 05:38:13 - INFO - SQLite database connection closed
2025-04-25 05:52:05 - INFO - Logging initialized. Log file: pb2b/logs/bybit_scraper_20250425.log
2025-04-25 05:52:06 - INFO - DataSaver logging initialized. Log file: pb2b/logs/data_saver_20250425.log
2025-04-25 05:52:06 - INFO - Connected to SQLite database: pb2b/p2p_listings.db
2025-04-25 05:52:06 - INFO - Database tables created successfully
2025-04-25 05:52:06 - INFO - Attempt 1/10: Loading https://www.bybit.com/fiat/trade/otc?actionType=1&token=USDT&fiat=NGN
2025-04-25 05:52:16 - INFO - Screenshot saved as 'pb2b/screenshots/bybit_page_20250425_055215.png'
2025-04-25 05:52:16 - INFO - Fetching BUY listings for USDT/EUR
2025-04-25 05:52:17 - INFO - Data successfully saved to SQLite database. New listings - Bybit: 4, Binance: 6
2025-04-25 05:52:17 - INFO - Browser session closed
2025-04-25 05:52:17 - INFO - SQLite database connection closed
2025-04-25 06:20:35 - INFO - Logging initialized. Log file: pb2b/logs/bybit_scraper_20250425.log
2025-04-25 06:20:36 - INFO - DataSaver logging initialized. Log file: pb2b/logs/data_saver_20250425.log
2025-04-25 06:20:36 - INFO - Connected to SQLite database: pb2b/p2p_listings.db
2025-04-25 06:20:36 - INFO - Database tables created successfully
2025-04-25 06:20:36 - INFO - Attempt 1/10: Loading https://www.bybit.com/fiat/trade/otc?actionType=1&token=USDT&fiat=NGN
2025-04-25 06:20:46 - INFO - Screenshot saved as 'pb2b/screenshots/bybit_page_20250425_062045.png'
2025-04-25 06:20:46 - INFO - Fetching BUY listings for USDT/EUR
2025-04-25 06:20:47 - INFO - Data successfully saved to SQLite database. New listings - Bybit: 4, Binance: 6
2025-04-25 06:20:47 - INFO - Browser session closed
2025-04-25 06:20:47 - INFO - SQLite database connection closed
2025-04-25 06:46:46 - INFO - Logging initialized. Log file: pb2b/logs/bybit_scraper_20250425.log
2025-04-25 06:46:47 - INFO - DataSaver logging initialized. Log file: pb2b/logs/data_saver_20250425.log
2025-04-25 06:46:47 - INFO - Connected to SQLite database: pb2b/p2p_listings.db
2025-04-25 06:46:47 - INFO - Database tables created successfully
2025-04-25 06:46:47 - INFO - Attempt 1/10: Loading https://www.bybit.com/fiat/trade/otc?actionType=1&token=USDT&fiat=NGN
2025-04-25 06:46:57 - INFO - Screenshot saved as 'pb2b/screenshots/bybit_page_20250425_064656.png'
2025-04-25 06:46:57 - INFO - Fetching BUY listings for USDT/EUR
2025-04-25 06:46:58 - INFO - Data successfully saved to SQLite database. New listings - Bybit: 4, Binance: 6
2025-04-25 06:46:58 - INFO - Browser session closed
2025-04-25 06:46:58 - INFO - SQLite database connection closed
2025-04-25 06:59:48 - INFO - Logging initialized. Log file: pb2b/logs/bybit_scraper_20250425.log
2025-04-25 06:59:48 - INFO - DataSaver logging initialized. Log file: pb2b/logs/data_saver_20250425.log
2025-04-25 06:59:48 - INFO - Connected to SQLite database: pb2b/p2p_listings.db
2025-04-25 06:59:48 - INFO - Database tables created successfully
2025-04-25 06:59:48 - INFO - Attempt 1/10: Loading https://www.bybit.com/fiat/trade/otc?actionType=1&token=USDT&fiat=NGN
2025-04-25 06:59:58 - INFO - Screenshot saved as 'pb2b/screenshots/bybit_page_20250425_065958.png'
2025-04-25 06:59:58 - INFO - Fetching BUY listings for USDT/EUR
2025-04-25 06:59:59 - INFO - Data successfully saved to SQLite database. New listings - Bybit: 4, Binance: 6
2025-04-25 06:59:59 - INFO - Browser session closed
2025-04-25 06:59:59 - INFO - SQLite database connection closed
2025-04-25 07:27:06 - INFO - Logging initialized. Log file: pb2b/logs/bybit_scraper_20250425.log
2025-04-25 07:27:07 - INFO - DataSaver logging initialized. Log file: pb2b/logs/data_saver_20250425.log
2025-04-25 07:27:07 - INFO - Connected to SQLite database: pb2b/p2p_listings.db
2025-04-25 07:27:07 - INFO - Database tables created successfully
2025-04-25 07:27:07 - INFO - Attempt 1/10: Loading https://www.bybit.com/fiat/trade/otc?actionType=1&token=USDT&fiat=NGN
2025-04-25 07:27:15 - INFO - Screenshot saved as 'pb2b/screenshots/bybit_page_20250425_072715.png'
2025-04-25 07:27:16 - INFO - Fetching BUY listings for USDT/EUR
2025-04-25 07:27:16 - INFO - Data successfully saved to SQLite database. New listings - Bybit: 4, Binance: 6
2025-04-25 07:27:16 - INFO - Browser session closed
2025-04-25 07:27:16 - INFO - SQLite database connection closed
2025-04-25 07:42:15 - INFO - Logging initialized. Log file: pb2b/logs/bybit_scraper_20250425.log
2025-04-25 07:42:15 - INFO - DataSaver logging initialized. Log file: pb2b/logs/data_saver_20250425.log
2025-04-25 07:42:15 - INFO - Connected to SQLite database: pb2b/p2p_listings.db
2025-04-25 07:42:15 - INFO - Database tables created successfully
2025-04-25 07:42:15 - INFO - Attempt 1/10: Loading https://www.bybit.com/fiat/trade/otc?actionType=1&token=USDT&fiat=NGN
2025-04-25 07:42:25 - INFO - Screenshot saved as 'pb2b/screenshots/bybit_page_20250425_074225.png'
2025-04-25 07:42:25 - INFO - Fetching BUY listings for USDT/EUR
2025-04-25 07:42:26 - INFO - Data successfully saved to SQLite database. New listings - Bybit: 4, Binance: 6
2025-04-25 07:42:26 - INFO - Browser session closed
2025-04-25 07:42:26 - INFO - SQLite database connection closed
2025-04-25 07:55:28 - INFO - Logging initialized. Log file: pb2b/logs/bybit_scraper_20250425.log
2025-04-25 07:55:28 - INFO - DataSaver logging initialized. Log file: pb2b/logs/data_saver_20250425.log
2025-04-25 07:55:28 - INFO - Connected to SQLite database: pb2b/p2p_listings.db
2025-04-25 07:55:28 - INFO - Database tables created successfully
2025-04-25 07:55:28 - INFO - Attempt 1/10: Loading https://www.bybit.com/fiat/trade/otc?actionType=1&token=USDT&fiat=NGN
2025-04-25 07:55:38 - INFO - Screenshot saved as 'pb2b/screenshots/bybit_page_20250425_075538.png'
2025-04-25 07:55:38 - INFO - Fetching BUY listings for USDT/EUR
2025-04-25 07:55:39 - INFO - Data successfully saved to SQLite database. New listings - Bybit: 4, Binance: 6
2025-04-25 07:55:39 - INFO - Browser session closed
2025-04-25 07:55:39 - INFO - SQLite database connection closed
2025-04-25 08:30:28 - INFO - Logging initialized. Log file: pb2b/logs/bybit_scraper_20250425.log
2025-04-25 08:30:29 - INFO - DataSaver logging initialized. Log file: pb2b/logs/data_saver_20250425.log
2025-04-25 08:30:29 - INFO - Connected to SQLite database: pb2b/p2p_listings.db
2025-04-25 08:30:29 - INFO - Database tables created successfully
2025-04-25 08:30:29 - INFO - Attempt 1/10: Loading https://www.bybit.com/fiat/trade/otc?actionType=1&token=USDT&fiat=NGN
2025-04-25 08:30:38 - INFO - Screenshot saved as 'pb2b/screenshots/bybit_page_20250425_083038.png'
2025-04-25 08:30:39 - INFO - Fetching BUY listings for USDT/EUR
2025-04-25 08:30:40 - INFO - Data successfully saved to SQLite database. New listings - Bybit: 4, Binance: 6
2025-04-25 08:30:40 - INFO - Browser session closed
2025-04-25 08:30:40 - INFO - SQLite database connection closed
2025-04-25 08:51:34 - INFO - Logging initialized. Log file: pb2b/logs/bybit_scraper_20250425.log
2025-04-25 08:51:35 - INFO - DataSaver logging initialized. Log file: pb2b/logs/data_saver_20250425.log
2025-04-25 08:51:35 - INFO - Connected to SQLite database: pb2b/p2p_listings.db
2025-04-25 08:51:35 - INFO - Database tables created successfully
2025-04-25 08:51:35 - INFO - Attempt 1/10: Loading https://www.bybit.com/fiat/trade/otc?actionType=1&token=USDT&fiat=NGN
2025-04-25 08:51:43 - INFO - Screenshot saved as 'pb2b/screenshots/bybit_page_20250425_085143.png'
2025-04-25 08:51:44 - INFO - Fetching BUY listings for USDT/EUR
2025-04-25 08:51:44 - INFO - Data successfully saved to SQLite database. New listings - Bybit: 4, Binance: 6
2025-04-25 08:51:45 - INFO - Browser session closed
2025-04-25 08:51:45 - INFO - SQLite database connection closed
2025-04-25 09:15:36 - INFO - Logging initialized. Log file: pb2b/logs/bybit_scraper_20250425.log
2025-04-25 09:15:37 - INFO - DataSaver logging initialized. Log file: pb2b/logs/data_saver_20250425.log
2025-04-25 09:15:37 - INFO - Connected to SQLite database: pb2b/p2p_listings.db
2025-04-25 09:15:37 - INFO - Database tables created successfully
2025-04-25 09:15:37 - INFO - Attempt 1/10: Loading https://www.bybit.com/fiat/trade/otc?actionType=1&token=USDT&fiat=NGN
2025-04-25 09:15:47 - INFO - Screenshot saved as 'pb2b/screenshots/bybit_page_20250425_091547.png'
2025-04-25 09:15:48 - INFO - Fetching BUY listings for USDT/EUR
2025-04-25 09:15:48 - INFO - Data successfully saved to SQLite database. New listings - Bybit: 4, Binance: 6
2025-04-25 09:15:49 - INFO - Browser session closed
2025-04-25 09:15:49 - INFO - SQLite database connection closed
2025-04-25 09:35:52 - INFO - Logging initialized. Log file: pb2b/logs/bybit_scraper_20250425.log
2025-04-25 09:35:53 - INFO - DataSaver logging initialized. Log file: pb2b/logs/data_saver_20250425.log
2025-04-25 09:35:53 - INFO - Connected to SQLite database: pb2b/p2p_listings.db
2025-04-25 09:35:53 - INFO - Database tables created successfully
2025-04-25 09:35:53 - INFO - Attempt 1/10: Loading https://www.bybit.com/fiat/trade/otc?actionType=1&token=USDT&fiat=NGN
2025-04-25 09:36:03 - INFO - Screenshot saved as 'pb2b/screenshots/bybit_page_20250425_093603.png'
2025-04-25 09:36:03 - INFO - Fetching BUY listings for USDT/EUR
2025-04-25 09:36:04 - INFO - Data successfully saved to SQLite database. New listings - Bybit: 4, Binance: 6
2025-04-25 09:36:04 - INFO - Browser session closed
2025-04-25 09:36:04 - INFO - SQLite database connection closed
2025-04-25 09:50:56 - INFO - Logging initialized. Log file: pb2b/logs/bybit_scraper_20250425.log
2025-04-25 09:50:58 - INFO - DataSaver logging initialized. Log file: pb2b/logs/data_saver_20250425.log
2025-04-25 09:50:58 - INFO - Connected to SQLite database: pb2b/p2p_listings.db
2025-04-25 09:50:58 - INFO - Database tables created successfully
2025-04-25 09:50:58 - INFO - Attempt 1/10: Loading https://www.bybit.com/fiat/trade/otc?actionType=1&token=USDT&fiat=NGN
2025-04-25 09:51:07 - INFO - Screenshot saved as 'pb2b/screenshots/bybit_page_20250425_095107.png'
2025-04-25 09:51:07 - INFO - Fetching BUY listings for USDT/EUR
2025-04-25 09:51:08 - INFO - Data successfully saved to SQLite database. New listings - Bybit: 4, Binance: 6
2025-04-25 09:51:08 - INFO - Browser session closed
2025-04-25 09:51:08 - INFO - SQLite database connection closed
2025-04-25 10:10:28 - INFO - Logging initialized. Log file: pb2b/logs/bybit_scraper_20250425.log
2025-04-25 10:10:28 - INFO - DataSaver logging initialized. Log file: pb2b/logs/data_saver_20250425.log
2025-04-25 10:10:28 - INFO - Connected to SQLite database: pb2b/p2p_listings.db
2025-04-25 10:10:28 - INFO - Database tables created successfully
2025-04-25 10:10:28 - INFO - Attempt 1/10: Loading https://www.bybit.com/fiat/trade/otc?actionType=1&token=USDT&fiat=NGN
2025-04-25 10:10:44 - INFO - Screenshot saved as 'pb2b/screenshots/bybit_page_20250425_101044.png'
2025-04-25 10:10:45 - INFO - Fetching BUY listings for USDT/EUR
2025-04-25 10:10:45 - INFO - Data successfully saved to SQLite database. New listings - Bybit: 4, Binance: 6
2025-04-25 10:10:45 - INFO - Browser session closed
2025-04-25 10:10:45 - INFO - SQLite database connection closed
2025-04-25 10:38:04 - INFO - Logging initialized. Log file: pb2b/logs/bybit_scraper_20250425.log
2025-04-25 10:38:05 - INFO - DataSaver logging initialized. Log file: pb2b/logs/data_saver_20250425.log
2025-04-25 10:38:05 - INFO - Connected to SQLite database: pb2b/p2p_listings.db
2025-04-25 10:38:05 - INFO - Database tables created successfully
2025-04-25 10:38:05 - INFO - Attempt 1/10: Loading https://www.bybit.com/fiat/trade/otc?actionType=1&token=USDT&fiat=NGN
2025-04-25 10:38:21 - INFO - Screenshot saved as 'pb2b/screenshots/bybit_page_20250425_103820.png'
2025-04-25 10:38:21 - INFO - Fetching BUY listings for USDT/EUR
2025-04-25 10:38:22 - INFO - Data successfully saved to SQLite database. New listings - Bybit: 4, Binance: 6
2025-04-25 10:38:22 - INFO - Browser session closed
2025-04-25 10:38:22 - INFO - SQLite database connection closed
2025-04-25 10:52:03 - INFO - Logging initialized. Log file: pb2b/logs/bybit_scraper_20250425.log
2025-04-25 10:52:03 - INFO - DataSaver logging initialized. Log file: pb2b/logs/data_saver_20250425.log
2025-04-25 10:52:03 - INFO - Connected to SQLite database: pb2b/p2p_listings.db
2025-04-25 10:52:03 - INFO - Database tables created successfully
2025-04-25 10:52:03 - INFO - Attempt 1/10: Loading https://www.bybit.com/fiat/trade/otc?actionType=1&token=USDT&fiat=NGN
2025-04-25 10:52:15 - INFO - Screenshot saved as 'pb2b/screenshots/bybit_page_20250425_105214.png'
2025-04-25 10:52:15 - INFO - Fetching BUY listings for USDT/EUR
2025-04-25 10:52:16 - INFO - Data successfully saved to SQLite database. New listings - Bybit: 4, Binance: 6
2025-04-25 10:52:16 - INFO - Browser session closed
2025-04-25 10:52:16 - INFO - SQLite database connection closed
