2025-04-01 02:17:40 - INFO - Logging initialized. Log file: pb2b/logs/bybit_scraper_20250401.log
2025-04-01 02:17:41 - INFO - DataSaver logging initialized. Log file: pb2b/logs/data_saver_20250401.log
2025-04-01 02:17:41 - INFO - Connected to SQLite database: pb2b/p2p_listings.db
2025-04-01 02:17:41 - INFO - Database tables created successfully
2025-04-01 02:17:41 - INFO - Attempt 1/10: Loading https://www.bybit.com/fiat/trade/otc?actionType=1&token=USDT&fiat=NGN
2025-04-01 02:17:50 - INFO - Screenshot saved as 'pb2b/screenshots/bybit_page_20250401_021750.png'
2025-04-01 02:17:51 - INFO - Fetching BUY listings for USDT/EUR
2025-04-01 02:17:51 - INFO - Data successfully saved to SQLite database. New listings - Bybit: 4, Binance: 6
2025-04-01 02:17:52 - INFO - Browser session closed
2025-04-01 02:17:52 - INFO - SQLite database connection closed
2025-04-01 03:29:16 - INFO - Logging initialized. Log file: pb2b/logs/bybit_scraper_20250401.log
2025-04-01 03:29:16 - INFO - DataSaver logging initialized. Log file: pb2b/logs/data_saver_20250401.log
2025-04-01 03:29:16 - INFO - Connected to SQLite database: pb2b/p2p_listings.db
2025-04-01 03:29:16 - INFO - Database tables created successfully
2025-04-01 03:29:16 - INFO - Attempt 1/10: Loading https://www.bybit.com/fiat/trade/otc?actionType=1&token=USDT&fiat=NGN
2025-04-01 03:29:26 - INFO - Screenshot saved as 'pb2b/screenshots/bybit_page_20250401_032926.png'
2025-04-01 03:29:26 - INFO - Fetching BUY listings for USDT/EUR
2025-04-01 03:29:27 - INFO - Data successfully saved to SQLite database. New listings - Bybit: 4, Binance: 6
2025-04-01 03:29:27 - INFO - Browser session closed
2025-04-01 03:29:27 - INFO - SQLite database connection closed
2025-04-01 03:58:26 - INFO - Logging initialized. Log file: pb2b/logs/bybit_scraper_20250401.log
2025-04-01 03:58:26 - INFO - DataSaver logging initialized. Log file: pb2b/logs/data_saver_20250401.log
2025-04-01 03:58:26 - INFO - Connected to SQLite database: pb2b/p2p_listings.db
2025-04-01 03:58:26 - INFO - Database tables created successfully
2025-04-01 03:58:26 - INFO - Attempt 1/10: Loading https://www.bybit.com/fiat/trade/otc?actionType=1&token=USDT&fiat=NGN
2025-04-01 03:58:37 - INFO - Screenshot saved as 'pb2b/screenshots/bybit_page_20250401_035837.png'
2025-04-01 03:58:38 - INFO - Fetching BUY listings for USDT/EUR
2025-04-01 03:58:38 - INFO - Data successfully saved to SQLite database. New listings - Bybit: 4, Binance: 6
2025-04-01 03:58:38 - INFO - Browser session closed
2025-04-01 03:58:38 - INFO - SQLite database connection closed
2025-04-01 04:33:38 - INFO - Logging initialized. Log file: pb2b/logs/bybit_scraper_20250401.log
2025-04-01 04:33:39 - INFO - DataSaver logging initialized. Log file: pb2b/logs/data_saver_20250401.log
2025-04-01 04:33:39 - INFO - Connected to SQLite database: pb2b/p2p_listings.db
2025-04-01 04:33:39 - INFO - Database tables created successfully
2025-04-01 04:33:39 - INFO - Attempt 1/10: Loading https://www.bybit.com/fiat/trade/otc?actionType=1&token=USDT&fiat=NGN
2025-04-01 04:33:48 - INFO - Screenshot saved as 'pb2b/screenshots/bybit_page_20250401_043348.png'
2025-04-01 04:33:49 - INFO - Fetching BUY listings for USDT/EUR
2025-04-01 04:33:49 - INFO - Data successfully saved to SQLite database. New listings - Bybit: 4, Binance: 6
2025-04-01 04:33:49 - INFO - Browser session closed
2025-04-01 04:33:49 - INFO - SQLite database connection closed
2025-04-01 04:51:55 - INFO - Logging initialized. Log file: pb2b/logs/bybit_scraper_20250401.log
2025-04-01 04:51:56 - INFO - DataSaver logging initialized. Log file: pb2b/logs/data_saver_20250401.log
2025-04-01 04:51:56 - INFO - Connected to SQLite database: pb2b/p2p_listings.db
2025-04-01 04:51:56 - INFO - Database tables created successfully
2025-04-01 04:51:56 - INFO - Attempt 1/10: Loading https://www.bybit.com/fiat/trade/otc?actionType=1&token=USDT&fiat=NGN
2025-04-01 04:52:07 - INFO - Screenshot saved as 'pb2b/screenshots/bybit_page_20250401_045207.png'
2025-04-01 04:52:08 - INFO - Fetching BUY listings for USDT/EUR
2025-04-01 04:52:08 - INFO - Data successfully saved to SQLite database. New listings - Bybit: 4, Binance: 6
2025-04-01 04:52:08 - INFO - Browser session closed
2025-04-01 04:52:08 - INFO - SQLite database connection closed
2025-04-01 05:14:31 - INFO - Logging initialized. Log file: pb2b/logs/bybit_scraper_20250401.log
2025-04-01 05:14:32 - INFO - DataSaver logging initialized. Log file: pb2b/logs/data_saver_20250401.log
2025-04-01 05:14:32 - INFO - Connected to SQLite database: pb2b/p2p_listings.db
2025-04-01 05:14:32 - INFO - Database tables created successfully
2025-04-01 05:14:32 - INFO - Attempt 1/10: Loading https://www.bybit.com/fiat/trade/otc?actionType=1&token=USDT&fiat=NGN
2025-04-01 05:14:41 - INFO - Screenshot saved as 'pb2b/screenshots/bybit_page_20250401_051441.png'
2025-04-01 05:14:41 - INFO - Fetching BUY listings for USDT/EUR
2025-04-01 05:14:42 - INFO - Data successfully saved to SQLite database. New listings - Bybit: 4, Binance: 6
2025-04-01 05:14:42 - INFO - Browser session closed
2025-04-01 05:14:42 - INFO - SQLite database connection closed
2025-04-01 05:37:31 - INFO - Logging initialized. Log file: pb2b/logs/bybit_scraper_20250401.log
2025-04-01 05:37:32 - INFO - DataSaver logging initialized. Log file: pb2b/logs/data_saver_20250401.log
2025-04-01 05:37:32 - INFO - Connected to SQLite database: pb2b/p2p_listings.db
2025-04-01 05:37:32 - INFO - Database tables created successfully
2025-04-01 05:37:32 - INFO - Attempt 1/10: Loading https://www.bybit.com/fiat/trade/otc?actionType=1&token=USDT&fiat=NGN
2025-04-01 05:37:42 - INFO - Screenshot saved as 'pb2b/screenshots/bybit_page_20250401_053742.png'
2025-04-01 05:37:43 - INFO - Fetching BUY listings for USDT/EUR
2025-04-01 05:37:43 - INFO - Data successfully saved to SQLite database. New listings - Bybit: 4, Binance: 6
2025-04-01 05:37:43 - INFO - Browser session closed
2025-04-01 05:37:43 - INFO - SQLite database connection closed
2025-04-01 05:50:50 - INFO - Logging initialized. Log file: pb2b/logs/bybit_scraper_20250401.log
2025-04-01 05:50:57 - INFO - DataSaver logging initialized. Log file: pb2b/logs/data_saver_20250401.log
2025-04-01 05:50:57 - INFO - Connected to SQLite database: pb2b/p2p_listings.db
2025-04-01 05:50:57 - INFO - Database tables created successfully
2025-04-01 05:50:57 - INFO - Attempt 1/10: Loading https://www.bybit.com/fiat/trade/otc?actionType=1&token=USDT&fiat=NGN
2025-04-01 05:51:08 - INFO - Screenshot saved as 'pb2b/screenshots/bybit_page_20250401_055108.png'
2025-04-01 05:51:09 - INFO - Fetching BUY listings for USDT/EUR
2025-04-01 05:51:09 - INFO - Data successfully saved to SQLite database. New listings - Bybit: 4, Binance: 6
2025-04-01 05:51:10 - INFO - Browser session closed
2025-04-01 05:51:10 - INFO - SQLite database connection closed
2025-04-01 06:26:50 - INFO - Logging initialized. Log file: pb2b/logs/bybit_scraper_20250401.log
2025-04-01 06:26:50 - INFO - DataSaver logging initialized. Log file: pb2b/logs/data_saver_20250401.log
2025-04-01 06:26:50 - INFO - Connected to SQLite database: pb2b/p2p_listings.db
2025-04-01 06:26:50 - INFO - Database tables created successfully
2025-04-01 06:26:50 - INFO - Attempt 1/10: Loading https://www.bybit.com/fiat/trade/otc?actionType=1&token=USDT&fiat=NGN
2025-04-01 06:27:00 - INFO - Screenshot saved as 'pb2b/screenshots/bybit_page_20250401_062700.png'
2025-04-01 06:27:00 - INFO - Fetching BUY listings for USDT/EUR
2025-04-01 06:27:01 - INFO - Data successfully saved to SQLite database. New listings - Bybit: 4, Binance: 6
2025-04-01 06:27:01 - INFO - Browser session closed
2025-04-01 06:27:01 - INFO - SQLite database connection closed
2025-04-01 06:47:37 - INFO - Logging initialized. Log file: pb2b/logs/bybit_scraper_20250401.log
2025-04-01 06:47:38 - INFO - DataSaver logging initialized. Log file: pb2b/logs/data_saver_20250401.log
2025-04-01 06:47:38 - INFO - Connected to SQLite database: pb2b/p2p_listings.db
2025-04-01 06:47:38 - INFO - Database tables created successfully
2025-04-01 06:47:38 - INFO - Attempt 1/10: Loading https://www.bybit.com/fiat/trade/otc?actionType=1&token=USDT&fiat=NGN
2025-04-01 06:47:48 - INFO - Screenshot saved as 'pb2b/screenshots/bybit_page_20250401_064748.png'
2025-04-01 06:47:48 - INFO - Fetching BUY listings for USDT/EUR
2025-04-01 06:47:49 - INFO - Data successfully saved to SQLite database. New listings - Bybit: 4, Binance: 6
2025-04-01 06:47:49 - INFO - Browser session closed
2025-04-01 06:47:49 - INFO - SQLite database connection closed
2025-04-01 07:01:23 - INFO - Logging initialized. Log file: pb2b/logs/bybit_scraper_20250401.log
2025-04-01 07:01:25 - INFO - DataSaver logging initialized. Log file: pb2b/logs/data_saver_20250401.log
2025-04-01 07:01:25 - INFO - Connected to SQLite database: pb2b/p2p_listings.db
2025-04-01 07:01:25 - INFO - Database tables created successfully
2025-04-01 07:01:25 - INFO - Attempt 1/10: Loading https://www.bybit.com/fiat/trade/otc?actionType=1&token=USDT&fiat=NGN
2025-04-01 07:01:36 - INFO - Screenshot saved as 'pb2b/screenshots/bybit_page_20250401_070136.png'
2025-04-01 07:01:36 - INFO - Fetching BUY listings for USDT/EUR
2025-04-01 07:01:37 - INFO - Data successfully saved to SQLite database. New listings - Bybit: 4, Binance: 6
2025-04-01 07:01:37 - INFO - Browser session closed
2025-04-01 07:01:37 - INFO - SQLite database connection closed
2025-04-01 07:27:58 - INFO - Logging initialized. Log file: pb2b/logs/bybit_scraper_20250401.log
2025-04-01 07:28:08 - INFO - DataSaver logging initialized. Log file: pb2b/logs/data_saver_20250401.log
2025-04-01 07:28:08 - INFO - Connected to SQLite database: pb2b/p2p_listings.db
2025-04-01 07:28:08 - INFO - Database tables created successfully
2025-04-01 07:28:08 - INFO - Attempt 1/10: Loading https://www.bybit.com/fiat/trade/otc?actionType=1&token=USDT&fiat=NGN
2025-04-01 07:28:20 - INFO - Screenshot saved as 'pb2b/screenshots/bybit_page_20250401_072820.png'
2025-04-01 07:28:21 - INFO - Fetching BUY listings for USDT/EUR
2025-04-01 07:28:21 - INFO - Data successfully saved to SQLite database. New listings - Bybit: 4, Binance: 6
2025-04-01 07:28:21 - INFO - Browser session closed
2025-04-01 07:28:21 - INFO - SQLite database connection closed
2025-04-01 07:43:18 - INFO - Logging initialized. Log file: pb2b/logs/bybit_scraper_20250401.log
2025-04-01 07:43:18 - INFO - DataSaver logging initialized. Log file: pb2b/logs/data_saver_20250401.log
2025-04-01 07:43:18 - INFO - Connected to SQLite database: pb2b/p2p_listings.db
2025-04-01 07:43:18 - INFO - Database tables created successfully
2025-04-01 07:43:18 - INFO - Attempt 1/10: Loading https://www.bybit.com/fiat/trade/otc?actionType=1&token=USDT&fiat=NGN
2025-04-01 07:43:28 - INFO - Screenshot saved as 'pb2b/screenshots/bybit_page_20250401_074328.png'
2025-04-01 07:43:29 - INFO - Fetching BUY listings for USDT/EUR
2025-04-01 07:43:29 - INFO - Data successfully saved to SQLite database. New listings - Bybit: 4, Binance: 6
2025-04-01 07:43:30 - INFO - Browser session closed
2025-04-01 07:43:30 - INFO - SQLite database connection closed
2025-04-01 07:55:58 - INFO - Logging initialized. Log file: pb2b/logs/bybit_scraper_20250401.log
2025-04-01 07:55:59 - INFO - DataSaver logging initialized. Log file: pb2b/logs/data_saver_20250401.log
2025-04-01 07:55:59 - INFO - Connected to SQLite database: pb2b/p2p_listings.db
2025-04-01 07:55:59 - INFO - Database tables created successfully
2025-04-01 07:55:59 - INFO - Attempt 1/10: Loading https://www.bybit.com/fiat/trade/otc?actionType=1&token=USDT&fiat=NGN
2025-04-01 07:56:09 - INFO - Screenshot saved as 'pb2b/screenshots/bybit_page_20250401_075609.png'
2025-04-01 07:56:10 - INFO - Fetching BUY listings for USDT/EUR
2025-04-01 07:56:11 - INFO - Data successfully saved to SQLite database. New listings - Bybit: 4, Binance: 6
2025-04-01 07:56:11 - INFO - Browser session closed
2025-04-01 07:56:11 - INFO - SQLite database connection closed
2025-04-01 08:32:52 - INFO - Logging initialized. Log file: pb2b/logs/bybit_scraper_20250401.log
2025-04-01 08:32:53 - INFO - DataSaver logging initialized. Log file: pb2b/logs/data_saver_20250401.log
2025-04-01 08:32:53 - INFO - Connected to SQLite database: pb2b/p2p_listings.db
2025-04-01 08:32:53 - INFO - Database tables created successfully
2025-04-01 08:32:53 - INFO - Attempt 1/10: Loading https://www.bybit.com/fiat/trade/otc?actionType=1&token=USDT&fiat=NGN
2025-04-01 08:33:02 - INFO - Screenshot saved as 'pb2b/screenshots/bybit_page_20250401_083302.png'
2025-04-01 08:33:02 - INFO - Fetching BUY listings for USDT/EUR
2025-04-01 08:33:03 - INFO - Data successfully saved to SQLite database. New listings - Bybit: 4, Binance: 6
2025-04-01 08:33:03 - INFO - Browser session closed
2025-04-01 08:33:03 - INFO - SQLite database connection closed
2025-04-01 08:53:18 - INFO - Logging initialized. Log file: pb2b/logs/bybit_scraper_20250401.log
2025-04-01 08:53:19 - INFO - DataSaver logging initialized. Log file: pb2b/logs/data_saver_20250401.log
2025-04-01 08:53:19 - INFO - Connected to SQLite database: pb2b/p2p_listings.db
2025-04-01 08:53:19 - INFO - Database tables created successfully
2025-04-01 08:53:19 - INFO - Attempt 1/10: Loading https://www.bybit.com/fiat/trade/otc?actionType=1&token=USDT&fiat=NGN
2025-04-01 08:53:29 - INFO - Screenshot saved as 'pb2b/screenshots/bybit_page_20250401_085328.png'
2025-04-01 08:53:29 - INFO - Fetching BUY listings for USDT/EUR
2025-04-01 08:53:30 - INFO - Data successfully saved to SQLite database. New listings - Bybit: 4, Binance: 6
2025-04-01 08:53:30 - INFO - Browser session closed
2025-04-01 08:53:30 - INFO - SQLite database connection closed
2025-04-01 09:20:49 - INFO - Logging initialized. Log file: pb2b/logs/bybit_scraper_20250401.log
2025-04-01 09:20:50 - INFO - DataSaver logging initialized. Log file: pb2b/logs/data_saver_20250401.log
2025-04-01 09:20:50 - INFO - Connected to SQLite database: pb2b/p2p_listings.db
2025-04-01 09:20:50 - INFO - Database tables created successfully
2025-04-01 09:20:50 - INFO - Attempt 1/10: Loading https://www.bybit.com/fiat/trade/otc?actionType=1&token=USDT&fiat=NGN
2025-04-01 09:20:59 - INFO - Screenshot saved as 'pb2b/screenshots/bybit_page_20250401_092059.png'
2025-04-01 09:20:59 - INFO - Fetching BUY listings for USDT/EUR
2025-04-01 09:21:00 - INFO - Data successfully saved to SQLite database. New listings - Bybit: 4, Binance: 6
2025-04-01 09:21:00 - INFO - Browser session closed
2025-04-01 09:21:00 - INFO - SQLite database connection closed
2025-04-01 09:40:12 - INFO - Logging initialized. Log file: pb2b/logs/bybit_scraper_20250401.log
2025-04-01 09:40:34 - INFO - DataSaver logging initialized. Log file: pb2b/logs/data_saver_20250401.log
2025-04-01 09:40:34 - INFO - Connected to SQLite database: pb2b/p2p_listings.db
2025-04-01 09:40:34 - INFO - Database tables created successfully
2025-04-01 09:40:34 - INFO - Attempt 1/10: Loading https://www.bybit.com/fiat/trade/otc?actionType=1&token=USDT&fiat=NGN
2025-04-01 09:40:48 - INFO - Screenshot saved as 'pb2b/screenshots/bybit_page_20250401_094047.png'
2025-04-01 09:40:48 - INFO - Fetching BUY listings for USDT/EUR
2025-04-01 09:40:49 - INFO - Data successfully saved to SQLite database. New listings - Bybit: 4, Binance: 6
2025-04-01 09:40:49 - INFO - Browser session closed
2025-04-01 09:40:49 - INFO - SQLite database connection closed
2025-04-01 09:53:31 - INFO - Logging initialized. Log file: pb2b/logs/bybit_scraper_20250401.log
2025-04-01 09:53:32 - INFO - DataSaver logging initialized. Log file: pb2b/logs/data_saver_20250401.log
2025-04-01 09:53:32 - INFO - Connected to SQLite database: pb2b/p2p_listings.db
2025-04-01 09:53:32 - INFO - Database tables created successfully
2025-04-01 09:53:32 - INFO - Attempt 1/10: Loading https://www.bybit.com/fiat/trade/otc?actionType=1&token=USDT&fiat=NGN
2025-04-01 09:53:42 - INFO - Screenshot saved as 'pb2b/screenshots/bybit_page_20250401_095342.png'
2025-04-01 09:53:42 - INFO - Fetching BUY listings for USDT/EUR
2025-04-01 09:53:43 - INFO - Data successfully saved to SQLite database. New listings - Bybit: 4, Binance: 6
2025-04-01 09:53:43 - INFO - Browser session closed
2025-04-01 09:53:43 - INFO - SQLite database connection closed
2025-04-01 10:20:47 - INFO - Logging initialized. Log file: pb2b/logs/bybit_scraper_20250401.log
2025-04-01 10:20:47 - INFO - DataSaver logging initialized. Log file: pb2b/logs/data_saver_20250401.log
2025-04-01 10:20:47 - INFO - Connected to SQLite database: pb2b/p2p_listings.db
2025-04-01 10:20:47 - INFO - Database tables created successfully
2025-04-01 10:20:47 - INFO - Attempt 1/10: Loading https://www.bybit.com/fiat/trade/otc?actionType=1&token=USDT&fiat=NGN
2025-04-01 10:20:57 - INFO - Screenshot saved as 'pb2b/screenshots/bybit_page_20250401_102056.png'
2025-04-01 10:20:57 - INFO - Fetching BUY listings for USDT/EUR
2025-04-01 10:20:58 - INFO - Data successfully saved to SQLite database. New listings - Bybit: 4, Binance: 6
2025-04-01 10:20:58 - INFO - Browser session closed
2025-04-01 10:20:58 - INFO - SQLite database connection closed
2025-04-01 10:43:20 - INFO - Logging initialized. Log file: pb2b/logs/bybit_scraper_20250401.log
2025-04-01 10:43:20 - INFO - DataSaver logging initialized. Log file: pb2b/logs/data_saver_20250401.log
2025-04-01 10:43:20 - INFO - Connected to SQLite database: pb2b/p2p_listings.db
2025-04-01 10:43:20 - INFO - Database tables created successfully
2025-04-01 10:43:20 - INFO - Attempt 1/10: Loading https://www.bybit.com/fiat/trade/otc?actionType=1&token=USDT&fiat=NGN
2025-04-01 10:43:29 - INFO - Screenshot saved as 'pb2b/screenshots/bybit_page_20250401_104329.png'
2025-04-01 10:43:30 - INFO - Fetching BUY listings for USDT/EUR
2025-04-01 10:43:31 - INFO - Data successfully saved to SQLite database. New listings - Bybit: 4, Binance: 6
2025-04-01 10:43:31 - INFO - Browser session closed
2025-04-01 10:43:31 - INFO - SQLite database connection closed
2025-04-01 10:56:34 - INFO - Logging initialized. Log file: pb2b/logs/bybit_scraper_20250401.log
2025-04-01 10:56:35 - INFO - DataSaver logging initialized. Log file: pb2b/logs/data_saver_20250401.log
2025-04-01 10:56:35 - INFO - Connected to SQLite database: pb2b/p2p_listings.db
2025-04-01 10:56:35 - INFO - Database tables created successfully
2025-04-01 10:56:35 - INFO - Attempt 1/10: Loading https://www.bybit.com/fiat/trade/otc?actionType=1&token=USDT&fiat=NGN
2025-04-01 10:56:44 - INFO - Screenshot saved as 'pb2b/screenshots/bybit_page_20250401_105644.png'
2025-04-01 10:56:45 - INFO - Fetching BUY listings for USDT/EUR
2025-04-01 10:56:45 - INFO - Data successfully saved to SQLite database. New listings - Bybit: 4, Binance: 6
2025-04-01 10:56:45 - INFO - Browser session closed
2025-04-01 10:56:45 - INFO - SQLite database connection closed
2025-04-01 11:22:26 - INFO - Logging initialized. Log file: pb2b/logs/bybit_scraper_20250401.log
2025-04-01 11:22:27 - INFO - DataSaver logging initialized. Log file: pb2b/logs/data_saver_20250401.log
2025-04-01 11:22:27 - INFO - Connected to SQLite database: pb2b/p2p_listings.db
2025-04-01 11:22:27 - INFO - Database tables created successfully
2025-04-01 11:22:27 - INFO - Attempt 1/10: Loading https://www.bybit.com/fiat/trade/otc?actionType=1&token=USDT&fiat=NGN
2025-04-01 11:22:37 - INFO - Screenshot saved as 'pb2b/screenshots/bybit_page_20250401_112237.png'
2025-04-01 11:22:37 - INFO - Fetching BUY listings for USDT/EUR
2025-04-01 11:22:38 - INFO - Data successfully saved to SQLite database. New listings - Bybit: 4, Binance: 6
2025-04-01 11:22:38 - INFO - Browser session closed
2025-04-01 11:22:38 - INFO - SQLite database connection closed
