2025-03-20 01:24:56 - INFO - Logging initialized. Log file: pb2b/logs/bybit_scraper_20250320.log
2025-03-20 01:24:58 - INFO - DataSaver logging initialized. Log file: pb2b/logs/data_saver_20250320.log
2025-03-20 01:24:58 - INFO - Connected to SQLite database: pb2b/p2p_listings.db
2025-03-20 01:24:58 - INFO - Database tables created successfully
2025-03-20 01:24:58 - INFO - Attempt 1/10: Loading https://www.bybit.com/fiat/trade/otc?actionType=1&token=USDT&fiat=NGN
2025-03-20 01:25:07 - INFO - Screenshot saved as 'pb2b/screenshots/bybit_page_20250320_012507.png'
2025-03-20 01:25:08 - INFO - Fetching BUY listings for USDT/EUR
2025-03-20 01:25:08 - INFO - Data successfully saved to SQLite database. New listings - Bybit: 4, Binance: 6
2025-03-20 01:25:08 - INFO - Browser session closed
2025-03-20 01:25:08 - INFO - SQLite database connection closed
2025-03-20 02:45:25 - INFO - Logging initialized. Log file: pb2b/logs/bybit_scraper_20250320.log
2025-03-20 02:45:27 - INFO - DataSaver logging initialized. Log file: pb2b/logs/data_saver_20250320.log
2025-03-20 02:45:27 - INFO - Connected to SQLite database: pb2b/p2p_listings.db
2025-03-20 02:45:27 - INFO - Database tables created successfully
2025-03-20 02:45:27 - INFO - Attempt 1/10: Loading https://www.bybit.com/fiat/trade/otc?actionType=1&token=USDT&fiat=NGN
2025-03-20 02:45:37 - INFO - Screenshot saved as 'pb2b/screenshots/bybit_page_20250320_024537.png'
2025-03-20 02:45:37 - INFO - Fetching BUY listings for USDT/EUR
2025-03-20 02:45:38 - INFO - Data successfully saved to SQLite database. New listings - Bybit: 4, Binance: 6
2025-03-20 02:45:38 - INFO - Browser session closed
2025-03-20 02:45:38 - INFO - SQLite database connection closed
2025-03-20 03:20:43 - INFO - Logging initialized. Log file: pb2b/logs/bybit_scraper_20250320.log
2025-03-20 03:20:44 - INFO - DataSaver logging initialized. Log file: pb2b/logs/data_saver_20250320.log
2025-03-20 03:20:44 - INFO - Connected to SQLite database: pb2b/p2p_listings.db
2025-03-20 03:20:44 - INFO - Database tables created successfully
2025-03-20 03:20:44 - INFO - Attempt 1/10: Loading https://www.bybit.com/fiat/trade/otc?actionType=1&token=USDT&fiat=NGN
2025-03-20 03:20:54 - INFO - Screenshot saved as 'pb2b/screenshots/bybit_page_20250320_032053.png'
2025-03-20 03:20:54 - INFO - Fetching BUY listings for USDT/EUR
2025-03-20 03:20:55 - INFO - Data successfully saved to SQLite database. New listings - Bybit: 4, Binance: 6
2025-03-20 03:20:55 - INFO - Browser session closed
2025-03-20 03:20:55 - INFO - SQLite database connection closed
2025-03-20 03:46:34 - INFO - Logging initialized. Log file: pb2b/logs/bybit_scraper_20250320.log
2025-03-20 03:46:35 - INFO - DataSaver logging initialized. Log file: pb2b/logs/data_saver_20250320.log
2025-03-20 03:46:35 - INFO - Connected to SQLite database: pb2b/p2p_listings.db
2025-03-20 03:46:35 - INFO - Database tables created successfully
2025-03-20 03:46:35 - INFO - Attempt 1/10: Loading https://www.bybit.com/fiat/trade/otc?actionType=1&token=USDT&fiat=NGN
2025-03-20 03:46:44 - INFO - Screenshot saved as 'pb2b/screenshots/bybit_page_20250320_034644.png'
2025-03-20 03:46:45 - INFO - Fetching BUY listings for USDT/EUR
2025-03-20 03:46:45 - INFO - Data successfully saved to SQLite database. New listings - Bybit: 4, Binance: 6
2025-03-20 03:46:45 - INFO - Browser session closed
2025-03-20 03:46:45 - INFO - SQLite database connection closed
