2026-03-26 08:10:06 - INFO - Logging initialized. Log file: pb2b/logs/bybit_scraper_20260326.log
2026-03-26 08:10:10 - INFO - DataSaver logging initialized. Log file: pb2b/logs/data_saver_20260326.log
2026-03-26 08:10:10 - INFO - Connected to SQLite database: pb2b/p2p_listings.db
2026-03-26 08:10:10 - INFO - Database tables created successfully
2026-03-26 08:10:10 - INFO - Attempt 1/10: Loading https://www.bybit.com/fiat/trade/otc?actionType=1&token=USDT&fiat=NGN
2026-03-26 08:10:17 - INFO - Screenshot saved as 'pb2b/screenshots/bybit_page_20260326_081017.png'
2026-03-26 08:10:17 - WARNING - Error parsing row: Message: no such element: Unable to locate element: {"method":"css selector","selector":"td:nth-child(2)"}
  (Session info: chrome=146.0.7680.164); For documentation on this error, please visit: https://www.selenium.dev/documentation/webdriver/troubleshooting/errors#nosuchelementexception
Stacktrace:
#0 0x557d77a04a6a <unknown>
#1 0x557d77413ab5 <unknown>
#2 0x557d77466676 <unknown>
#3 0x557d774668b1 <unknown>
#4 0x557d7745b616 <unknown>
#5 0x557d7745b4f7 <unknown>
#6 0x557d774ae7b6 <unknown>
#7 0x557d77459cbf <unknown>
#8 0x557d7745aa81 <unknown>
#9 0x557d779caa64 <unknown>
#10 0x557d779cd951 <unknown>
#11 0x557d779b721e <unknown>
#12 0x557d779ce51e <unknown>
#13 0x557d7799dbe0 <unknown>
#14 0x557d779f19b8 <unknown>
#15 0x557d779f1b88 <unknown>
#16 0x557d77a034de <unknown>
#17 0x7fd07d09caa4 <unknown>
#18 0x7fd07d129c6c <unknown>

2026-03-26 08:10:17 - WARNING - Error parsing row: Message: no such element: Unable to locate element: {"method":"css selector","selector":"td:nth-child(2)"}
  (Session info: chrome=146.0.7680.164); For documentation on this error, please visit: https://www.selenium.dev/documentation/webdriver/troubleshooting/errors#nosuchelementexception
Stacktrace:
#0 0x557d77a04a6a <unknown>
#1 0x557d77413ab5 <unknown>
#2 0x557d77466676 <unknown>
#3 0x557d774668b1 <unknown>
#4 0x557d7745b616 <unknown>
#5 0x557d7745b4f7 <unknown>
#6 0x557d774ae7b6 <unknown>
#7 0x557d77459cbf <unknown>
#8 0x557d7745aa81 <unknown>
#9 0x557d779caa64 <unknown>
#10 0x557d779cd951 <unknown>
#11 0x557d779b721e <unknown>
#12 0x557d779ce51e <unknown>
#13 0x557d7799dbe0 <unknown>
#14 0x557d779f19b8 <unknown>
#15 0x557d779f1b88 <unknown>
#16 0x557d77a034de <unknown>
#17 0x7fd07d09caa4 <unknown>
#18 0x7fd07d129c6c <unknown>

2026-03-26 08:10:18 - INFO - Fetching BUY listings for USDT/EUR
2026-03-26 08:10:22 - INFO - Data successfully saved to SQLite database. New listings - Bybit: 4, Binance: 6
2026-03-26 08:10:22 - INFO - Browser session closed
2026-03-26 08:10:22 - INFO - SQLite database connection closed
