2024-12-20 00:43:46 - INFO - Logging initialized. Log file: pb2b/logs/bybit_scraper_20241220.log
2024-12-20 00:43:47 - INFO - DataSaver logging initialized. Log file: pb2b/logs/data_saver_20241220.log
2024-12-20 00:43:47 - INFO - Connected to SQLite database: pb2b/p2p_listings.db
2024-12-20 00:43:47 - INFO - Database tables created successfully
2024-12-20 00:43:47 - INFO - Attempt 1/10: Loading https://www.bybit.com/fiat/trade/otc?actionType=1&token=USDT&fiat=NGN
2024-12-20 00:43:59 - INFO - Screenshot saved as 'pb2b/screenshots/bybit_page_20241220_004359.png'
2024-12-20 00:44:00 - INFO - Fetching BUY listings for USDT/EUR
2024-12-20 00:44:00 - INFO - Data successfully saved to SQLite database. New listings - Bybit: 5, Binance: 6
2024-12-20 00:44:00 - INFO - Browser session closed
2024-12-20 00:44:00 - INFO - SQLite database connection closed
2024-12-20 02:09:47 - INFO - Logging initialized. Log file: pb2b/logs/bybit_scraper_20241220.log
2024-12-20 02:09:47 - INFO - DataSaver logging initialized. Log file: pb2b/logs/data_saver_20241220.log
2024-12-20 02:09:47 - INFO - Connected to SQLite database: pb2b/p2p_listings.db
2024-12-20 02:09:47 - INFO - Database tables created successfully
2024-12-20 02:09:47 - INFO - Attempt 1/10: Loading https://www.bybit.com/fiat/trade/otc?actionType=1&token=USDT&fiat=NGN
2024-12-20 02:09:58 - INFO - Screenshot saved as 'pb2b/screenshots/bybit_page_20241220_020958.png'
2024-12-20 02:09:58 - INFO - Fetching BUY listings for USDT/EUR
2024-12-20 02:09:59 - INFO - Data successfully saved to SQLite database. New listings - Bybit: 5, Binance: 6
2024-12-20 02:09:59 - INFO - Browser session closed
2024-12-20 02:09:59 - INFO - SQLite database connection closed
2024-12-20 02:58:42 - INFO - Logging initialized. Log file: pb2b/logs/bybit_scraper_20241220.log
2024-12-20 02:58:45 - INFO - DataSaver logging initialized. Log file: pb2b/logs/data_saver_20241220.log
2024-12-20 02:58:45 - INFO - Connected to SQLite database: pb2b/p2p_listings.db
2024-12-20 02:58:45 - INFO - Database tables created successfully
2024-12-20 02:58:45 - INFO - Attempt 1/10: Loading https://www.bybit.com/fiat/trade/otc?actionType=1&token=USDT&fiat=NGN
2024-12-20 02:58:55 - INFO - Screenshot saved as 'pb2b/screenshots/bybit_page_20241220_025855.png'
2024-12-20 02:58:55 - INFO - Fetching BUY listings for USDT/EUR
2024-12-20 02:58:56 - INFO - Data successfully saved to SQLite database. New listings - Bybit: 5, Binance: 6
2024-12-20 02:58:57 - INFO - Browser session closed
2024-12-20 02:58:57 - INFO - SQLite database connection closed
2024-12-20 03:30:14 - INFO - Logging initialized. Log file: pb2b/logs/bybit_scraper_20241220.log
2024-12-20 03:30:14 - INFO - DataSaver logging initialized. Log file: pb2b/logs/data_saver_20241220.log
2024-12-20 03:30:14 - INFO - Connected to SQLite database: pb2b/p2p_listings.db
2024-12-20 03:30:14 - INFO - Database tables created successfully
2024-12-20 03:30:14 - INFO - Attempt 1/10: Loading https://www.bybit.com/fiat/trade/otc?actionType=1&token=USDT&fiat=NGN
2024-12-20 03:30:24 - INFO - Screenshot saved as 'pb2b/screenshots/bybit_page_20241220_033024.png'
2024-12-20 03:30:25 - INFO - Fetching BUY listings for USDT/EUR
2024-12-20 03:30:25 - INFO - Data successfully saved to SQLite database. New listings - Bybit: 5, Binance: 6
2024-12-20 03:30:26 - INFO - Browser session closed
2024-12-20 03:30:26 - INFO - SQLite database connection closed
