2026-01-12 00:03:06 - INFO - Logging initialized. Log file: pb2b/logs/bybit_scraper_20260112.log
2026-01-12 00:03:07 - INFO - DataSaver logging initialized. Log file: pb2b/logs/data_saver_20260112.log
2026-01-12 00:03:07 - INFO - Connected to SQLite database: pb2b/p2p_listings.db
2026-01-12 00:03:07 - INFO - Database tables created successfully
2026-01-12 00:03:07 - INFO - Attempt 1/10: Loading https://www.bybit.com/fiat/trade/otc?actionType=1&token=USDT&fiat=NGN
2026-01-12 00:03:14 - INFO - Screenshot saved as 'pb2b/screenshots/bybit_page_20260112_000314.png'
2026-01-12 00:03:14 - WARNING - Error parsing row: Message: no such element: Unable to locate element: {"method":"css selector","selector":"td:nth-child(2)"}
  (Session info: chrome=143.0.7499.192); For documentation on this error, please visit: https://www.selenium.dev/documentation/webdriver/troubleshooting/errors#nosuchelementexception
Stacktrace:
#0 0x558089f2861a <unknown>
#1 0x5580899a520b <unknown>
#2 0x5580899f690f <unknown>
#3 0x5580899f6b51 <unknown>
#4 0x5580899eab76 <unknown>
#5 0x5580899eaa67 <unknown>
#6 0x558089a4220e <unknown>
#7 0x5580899e9232 <unknown>
#8 0x5580899e9ee1 <unknown>
#9 0x558089ef13f9 <unknown>
#10 0x558089ef434d <unknown>
#11 0x558089eda122 <unknown>
#12 0x558089ef4f2b <unknown>
#13 0x558089ec0c30 <unknown>
#14 0x558089f15d78 <unknown>
#15 0x558089f15f4c <unknown>
#16 0x558089f27973 <unknown>
#17 0x7fdbf2e9caa4 <unknown>
#18 0x7fdbf2f29c6c <unknown>

2026-01-12 00:03:14 - INFO - Fetching BUY listings for USDT/EUR
2026-01-12 00:03:15 - INFO - Data successfully saved to SQLite database. New listings - Bybit: 5, Binance: 6
2026-01-12 00:03:15 - INFO - Browser session closed
2026-01-12 00:03:15 - INFO - SQLite database connection closed
