2025-04-23 01:43:04 - INFO - Logging initialized. Log file: pb2b/logs/bybit_scraper_20250423.log
2025-04-23 01:43:06 - INFO - DataSaver logging initialized. Log file: pb2b/logs/data_saver_20250423.log
2025-04-23 01:43:06 - INFO - Connected to SQLite database: pb2b/p2p_listings.db
2025-04-23 01:43:06 - INFO - Database tables created successfully
2025-04-23 01:43:06 - INFO - Attempt 1/10: Loading https://www.bybit.com/fiat/trade/otc?actionType=1&token=USDT&fiat=NGN
2025-04-23 01:43:16 - INFO - Screenshot saved as 'pb2b/screenshots/bybit_page_20250423_014316.png'
2025-04-23 01:43:16 - INFO - Fetching BUY listings for USDT/EUR
2025-04-23 01:43:17 - INFO - Data successfully saved to SQLite database. New listings - Bybit: 4, Binance: 6
2025-04-23 01:43:17 - INFO - Browser session closed
2025-04-23 01:43:17 - INFO - SQLite database connection closed
2025-04-23 02:59:27 - INFO - Logging initialized. Log file: pb2b/logs/bybit_scraper_20250423.log
2025-04-23 02:59:28 - INFO - DataSaver logging initialized. Log file: pb2b/logs/data_saver_20250423.log
2025-04-23 02:59:28 - INFO - Connected to SQLite database: pb2b/p2p_listings.db
2025-04-23 02:59:28 - INFO - Database tables created successfully
2025-04-23 02:59:28 - INFO - Attempt 1/10: Loading https://www.bybit.com/fiat/trade/otc?actionType=1&token=USDT&fiat=NGN
2025-04-23 02:59:38 - INFO - Screenshot saved as 'pb2b/screenshots/bybit_page_20250423_025938.png'
2025-04-23 02:59:39 - INFO - Fetching BUY listings for USDT/EUR
2025-04-23 02:59:39 - INFO - Data successfully saved to SQLite database. New listings - Bybit: 4, Binance: 6
2025-04-23 02:59:39 - INFO - Browser session closed
2025-04-23 02:59:39 - INFO - SQLite database connection closed
2025-04-23 03:40:55 - INFO - Logging initialized. Log file: pb2b/logs/bybit_scraper_20250423.log
2025-04-23 03:40:56 - INFO - DataSaver logging initialized. Log file: pb2b/logs/data_saver_20250423.log
2025-04-23 03:40:56 - INFO - Connected to SQLite database: pb2b/p2p_listings.db
2025-04-23 03:40:56 - INFO - Database tables created successfully
2025-04-23 03:40:56 - INFO - Attempt 1/10: Loading https://www.bybit.com/fiat/trade/otc?actionType=1&token=USDT&fiat=NGN
2025-04-23 03:41:06 - INFO - Screenshot saved as 'pb2b/screenshots/bybit_page_20250423_034106.png'
2025-04-23 03:41:07 - INFO - Fetching BUY listings for USDT/EUR
2025-04-23 03:41:08 - INFO - Data successfully saved to SQLite database. New listings - Bybit: 4, Binance: 6
2025-04-23 03:41:08 - INFO - Browser session closed
2025-04-23 03:41:08 - INFO - SQLite database connection closed
2025-04-23 03:58:52 - INFO - Logging initialized. Log file: pb2b/logs/bybit_scraper_20250423.log
2025-04-23 03:58:53 - INFO - DataSaver logging initialized. Log file: pb2b/logs/data_saver_20250423.log
2025-04-23 03:58:53 - INFO - Connected to SQLite database: pb2b/p2p_listings.db
2025-04-23 03:58:53 - INFO - Database tables created successfully
2025-04-23 03:58:53 - INFO - Attempt 1/10: Loading https://www.bybit.com/fiat/trade/otc?actionType=1&token=USDT&fiat=NGN
2025-04-23 03:59:03 - INFO - Screenshot saved as 'pb2b/screenshots/bybit_page_20250423_035903.png'
2025-04-23 03:59:03 - INFO - Fetching BUY listings for USDT/EUR
2025-04-23 03:59:04 - INFO - Data successfully saved to SQLite database. New listings - Bybit: 4, Binance: 6
2025-04-23 03:59:04 - INFO - Browser session closed
2025-04-23 03:59:04 - INFO - SQLite database connection closed
2025-04-23 04:32:08 - INFO - Logging initialized. Log file: pb2b/logs/bybit_scraper_20250423.log
2025-04-23 04:32:09 - INFO - DataSaver logging initialized. Log file: pb2b/logs/data_saver_20250423.log
2025-04-23 04:32:09 - INFO - Connected to SQLite database: pb2b/p2p_listings.db
2025-04-23 04:32:09 - INFO - Database tables created successfully
2025-04-23 04:32:09 - INFO - Attempt 1/10: Loading https://www.bybit.com/fiat/trade/otc?actionType=1&token=USDT&fiat=NGN
2025-04-23 04:32:19 - INFO - Screenshot saved as 'pb2b/screenshots/bybit_page_20250423_043218.png'
2025-04-23 04:32:19 - INFO - Fetching BUY listings for USDT/EUR
2025-04-23 04:32:20 - INFO - Data successfully saved to SQLite database. New listings - Bybit: 4, Binance: 6
2025-04-23 04:32:20 - INFO - Browser session closed
2025-04-23 04:32:20 - INFO - SQLite database connection closed
2025-04-23 04:52:37 - INFO - Logging initialized. Log file: pb2b/logs/bybit_scraper_20250423.log
2025-04-23 04:52:39 - INFO - DataSaver logging initialized. Log file: pb2b/logs/data_saver_20250423.log
2025-04-23 04:52:39 - INFO - Connected to SQLite database: pb2b/p2p_listings.db
2025-04-23 04:52:39 - INFO - Database tables created successfully
2025-04-23 04:52:39 - INFO - Attempt 1/10: Loading https://www.bybit.com/fiat/trade/otc?actionType=1&token=USDT&fiat=NGN
2025-04-23 04:52:49 - INFO - Screenshot saved as 'pb2b/screenshots/bybit_page_20250423_045248.png'
2025-04-23 04:52:49 - INFO - Fetching BUY listings for USDT/EUR
2025-04-23 04:52:50 - INFO - Data successfully saved to SQLite database. New listings - Bybit: 4, Binance: 6
2025-04-23 04:52:50 - INFO - Browser session closed
2025-04-23 04:52:50 - INFO - SQLite database connection closed
