2025-12-11 03:04:43 - INFO - Logging initialized. Log file: pb2b/logs/bybit_scraper_20251211.log
2025-12-11 03:04:45 - INFO - DataSaver logging initialized. Log file: pb2b/logs/data_saver_20251211.log
2025-12-11 03:04:45 - INFO - Connected to SQLite database: pb2b/p2p_listings.db
2025-12-11 03:04:45 - INFO - Database tables created successfully
2025-12-11 03:04:45 - INFO - Attempt 1/10: Loading https://www.bybit.com/fiat/trade/otc?actionType=1&token=USDT&fiat=NGN
2025-12-11 03:04:56 - INFO - Screenshot saved as 'pb2b/screenshots/bybit_page_20251211_030456.png'
2025-12-11 03:04:56 - WARNING - Error parsing row: Message: no such element: Unable to locate element: {"method":"css selector","selector":"td:nth-child(2)"}
  (Session info: chrome=143.0.7499.109); For documentation on this error, please visit: https://www.selenium.dev/documentation/webdriver/troubleshooting/errors#nosuchelementexception
Stacktrace:
#0 0x564c7fd4116a <unknown>
#1 0x564c7f7bec4b <unknown>
#2 0x564c7f810318 <unknown>
#3 0x564c7f810551 <unknown>
#4 0x564c7f804586 <unknown>
#5 0x564c7f804477 <unknown>
#6 0x564c7f85bbee <unknown>
#7 0x564c7f802c42 <unknown>
#8 0x564c7f8038f1 <unknown>
#9 0x564c7fd09f09 <unknown>
#10 0x564c7fd0ce4d <unknown>
#11 0x564c7fcf2c51 <unknown>
#12 0x564c7fd0da2b <unknown>
#13 0x564c7fcd9a20 <unknown>
#14 0x564c7fd2ea78 <unknown>
#15 0x564c7fd2ec49 <unknown>
#16 0x564c7fd404c3 <unknown>
#17 0x7f044b49caa4 <unknown>
#18 0x7f044b529c6c <unknown>

2025-12-11 03:04:56 - INFO - Fetching BUY listings for USDT/EUR
2025-12-11 03:04:57 - INFO - Data successfully saved to SQLite database. New listings - Bybit: 4, Binance: 6
2025-12-11 03:04:57 - INFO - Browser session closed
2025-12-11 03:04:57 - INFO - SQLite database connection closed
