2025-12-24 00:04:14 - INFO - Logging initialized. Log file: pb2b/logs/bybit_scraper_20251224.log
2025-12-24 00:04:15 - INFO - DataSaver logging initialized. Log file: pb2b/logs/data_saver_20251224.log
2025-12-24 00:04:15 - INFO - Connected to SQLite database: pb2b/p2p_listings.db
2025-12-24 00:04:15 - INFO - Database tables created successfully
2025-12-24 00:04:15 - INFO - Attempt 1/10: Loading https://www.bybit.com/fiat/trade/otc?actionType=1&token=USDT&fiat=NGN
2025-12-24 00:04:25 - INFO - Screenshot saved as 'pb2b/screenshots/bybit_page_20251224_000425.png'
2025-12-24 00:04:25 - WARNING - Error parsing row: Message: no such element: Unable to locate element: {"method":"css selector","selector":"td:nth-child(2)"}
  (Session info: chrome=143.0.7499.169); For documentation on this error, please visit: https://www.selenium.dev/documentation/webdriver/troubleshooting/errors#nosuchelementexception
Stacktrace:
#0 0x55a5fd68d19a <unknown>
#1 0x55a5fd10ac4b <unknown>
#2 0x55a5fd15c318 <unknown>
#3 0x55a5fd15c551 <unknown>
#4 0x55a5fd150586 <unknown>
#5 0x55a5fd150477 <unknown>
#6 0x55a5fd1a7bee <unknown>
#7 0x55a5fd14ec42 <unknown>
#8 0x55a5fd14f8f1 <unknown>
#9 0x55a5fd655f39 <unknown>
#10 0x55a5fd658e7d <unknown>
#11 0x55a5fd63ec81 <unknown>
#12 0x55a5fd659a5b <unknown>
#13 0x55a5fd625a50 <unknown>
#14 0x55a5fd67aaa8 <unknown>
#15 0x55a5fd67ac79 <unknown>
#16 0x55a5fd68c4f3 <unknown>
#17 0x7fa2a429caa4 <unknown>
#18 0x7fa2a4329c6c <unknown>

2025-12-24 00:04:26 - INFO - Fetching BUY listings for USDT/EUR
2025-12-24 00:04:26 - INFO - Data successfully saved to SQLite database. New listings - Bybit: 4, Binance: 6
2025-12-24 00:04:27 - INFO - Browser session closed
2025-12-24 00:04:27 - INFO - SQLite database connection closed
