2025-08-19 02:08:04 - INFO - Logging initialized. Log file: pb2b/logs/bybit_scraper_20250819.log
2025-08-19 02:08:05 - INFO - DataSaver logging initialized. Log file: pb2b/logs/data_saver_20250819.log
2025-08-19 02:08:05 - INFO - Connected to SQLite database: pb2b/p2p_listings.db
2025-08-19 02:08:05 - INFO - Database tables created successfully
2025-08-19 02:08:05 - INFO - Attempt 1/10: Loading https://www.bybit.com/fiat/trade/otc?actionType=1&token=USDT&fiat=NGN
2025-08-19 02:08:14 - INFO - Screenshot saved as 'pb2b/screenshots/bybit_page_20250819_020814.png'
2025-08-19 02:08:15 - INFO - Fetching BUY listings for USDT/EUR
2025-08-19 02:08:16 - INFO - Data successfully saved to SQLite database. New listings - Bybit: 4, Binance: 6
2025-08-19 02:08:16 - INFO - Browser session closed
2025-08-19 02:08:16 - INFO - SQLite database connection closed
2025-08-19 03:20:37 - INFO - Logging initialized. Log file: pb2b/logs/bybit_scraper_20250819.log
2025-08-19 03:20:38 - INFO - DataSaver logging initialized. Log file: pb2b/logs/data_saver_20250819.log
2025-08-19 03:20:38 - INFO - Connected to SQLite database: pb2b/p2p_listings.db
2025-08-19 03:20:38 - INFO - Database tables created successfully
2025-08-19 03:20:38 - INFO - Attempt 1/10: Loading https://www.bybit.com/fiat/trade/otc?actionType=1&token=USDT&fiat=NGN
2025-08-19 03:20:49 - INFO - Screenshot saved as 'pb2b/screenshots/bybit_page_20250819_032049.png'
2025-08-19 03:20:50 - INFO - Fetching BUY listings for USDT/EUR
2025-08-19 03:20:51 - INFO - Data successfully saved to SQLite database. New listings - Bybit: 11, Binance: 6
2025-08-19 03:20:51 - INFO - Browser session closed
2025-08-19 03:20:51 - INFO - SQLite database connection closed
2025-08-19 03:53:40 - INFO - Logging initialized. Log file: pb2b/logs/bybit_scraper_20250819.log
2025-08-19 03:53:43 - INFO - DataSaver logging initialized. Log file: pb2b/logs/data_saver_20250819.log
2025-08-19 03:53:43 - INFO - Connected to SQLite database: pb2b/p2p_listings.db
2025-08-19 03:53:43 - INFO - Database tables created successfully
2025-08-19 03:53:43 - INFO - Attempt 1/10: Loading https://www.bybit.com/fiat/trade/otc?actionType=1&token=USDT&fiat=NGN
2025-08-19 03:53:54 - INFO - Screenshot saved as 'pb2b/screenshots/bybit_page_20250819_035353.png'
2025-08-19 03:53:54 - INFO - Fetching BUY listings for USDT/EUR
2025-08-19 03:53:55 - INFO - Data successfully saved to SQLite database. New listings - Bybit: 4, Binance: 6
2025-08-19 03:53:55 - INFO - Browser session closed
2025-08-19 03:53:55 - INFO - SQLite database connection closed
2025-08-19 04:23:13 - INFO - Logging initialized. Log file: pb2b/logs/bybit_scraper_20250819.log
2025-08-19 04:23:14 - INFO - DataSaver logging initialized. Log file: pb2b/logs/data_saver_20250819.log
2025-08-19 04:23:14 - INFO - Connected to SQLite database: pb2b/p2p_listings.db
2025-08-19 04:23:14 - INFO - Database tables created successfully
2025-08-19 04:23:14 - INFO - Attempt 1/10: Loading https://www.bybit.com/fiat/trade/otc?actionType=1&token=USDT&fiat=NGN
2025-08-19 04:23:24 - INFO - Screenshot saved as 'pb2b/screenshots/bybit_page_20250819_042324.png'
2025-08-19 04:23:25 - INFO - Fetching BUY listings for USDT/EUR
2025-08-19 04:23:26 - INFO - Data successfully saved to SQLite database. New listings - Bybit: 4, Binance: 6
2025-08-19 04:23:26 - INFO - Browser session closed
2025-08-19 04:23:26 - INFO - SQLite database connection closed
2025-08-19 04:45:10 - INFO - Logging initialized. Log file: pb2b/logs/bybit_scraper_20250819.log
2025-08-19 04:45:11 - INFO - DataSaver logging initialized. Log file: pb2b/logs/data_saver_20250819.log
2025-08-19 04:45:11 - INFO - Connected to SQLite database: pb2b/p2p_listings.db
2025-08-19 04:45:11 - INFO - Database tables created successfully
2025-08-19 04:45:11 - INFO - Attempt 1/10: Loading https://www.bybit.com/fiat/trade/otc?actionType=1&token=USDT&fiat=NGN
2025-08-19 04:45:23 - INFO - Screenshot saved as 'pb2b/screenshots/bybit_page_20250819_044523.png'
2025-08-19 04:45:24 - INFO - Fetching BUY listings for USDT/EUR
2025-08-19 04:45:24 - INFO - Data successfully saved to SQLite database. New listings - Bybit: 11, Binance: 6
2025-08-19 04:45:24 - INFO - Browser session closed
2025-08-19 04:45:24 - INFO - SQLite database connection closed
2025-08-19 04:58:00 - INFO - Logging initialized. Log file: pb2b/logs/bybit_scraper_20250819.log
2025-08-19 04:58:00 - INFO - DataSaver logging initialized. Log file: pb2b/logs/data_saver_20250819.log
2025-08-19 04:58:00 - INFO - Connected to SQLite database: pb2b/p2p_listings.db
2025-08-19 04:58:00 - INFO - Database tables created successfully
2025-08-19 04:58:00 - INFO - Attempt 1/10: Loading https://www.bybit.com/fiat/trade/otc?actionType=1&token=USDT&fiat=NGN
2025-08-19 04:58:12 - INFO - Screenshot saved as 'pb2b/screenshots/bybit_page_20250819_045812.png'
2025-08-19 04:58:12 - INFO - Fetching BUY listings for USDT/EUR
2025-08-19 04:58:13 - INFO - Data successfully saved to SQLite database. New listings - Bybit: 4, Binance: 6
2025-08-19 04:58:13 - INFO - Browser session closed
2025-08-19 04:58:13 - INFO - SQLite database connection closed
2025-08-19 05:29:13 - INFO - Logging initialized. Log file: pb2b/logs/bybit_scraper_20250819.log
2025-08-19 05:29:14 - INFO - DataSaver logging initialized. Log file: pb2b/logs/data_saver_20250819.log
2025-08-19 05:29:14 - INFO - Connected to SQLite database: pb2b/p2p_listings.db
2025-08-19 05:29:14 - INFO - Database tables created successfully
2025-08-19 05:29:14 - INFO - Attempt 1/10: Loading https://www.bybit.com/fiat/trade/otc?actionType=1&token=USDT&fiat=NGN
2025-08-19 05:29:26 - INFO - Screenshot saved as 'pb2b/screenshots/bybit_page_20250819_052926.png'
2025-08-19 05:29:27 - INFO - Fetching BUY listings for USDT/EUR
2025-08-19 05:29:28 - INFO - Data successfully saved to SQLite database. New listings - Bybit: 11, Binance: 6
2025-08-19 05:29:28 - INFO - Browser session closed
2025-08-19 05:29:28 - INFO - SQLite database connection closed
