2024-12-15 01:18:07 - INFO - Logging initialized. Log file: pb2b/logs/bybit_scraper_20241215.log
2024-12-15 01:18:08 - INFO - DataSaver logging initialized. Log file: pb2b/logs/data_saver_20241215.log
2024-12-15 01:18:08 - INFO - Connected to SQLite database: pb2b/p2p_listings.db
2024-12-15 01:18:08 - INFO - Database tables created successfully
2024-12-15 01:18:08 - INFO - Attempt 1/10: Loading https://www.bybit.com/fiat/trade/otc?actionType=1&token=USDT&fiat=NGN
2024-12-15 01:18:19 - INFO - Screenshot saved as 'pb2b/screenshots/bybit_page_20241215_011819.png'
2024-12-15 01:18:20 - INFO - Fetching BUY listings for USDT/EUR
2024-12-15 01:18:21 - INFO - Data successfully saved to SQLite database. New listings - Bybit: 5, Binance: 6
2024-12-15 01:18:21 - INFO - Browser session closed
2024-12-15 01:18:21 - INFO - SQLite database connection closed
2024-12-15 02:49:32 - INFO - Logging initialized. Log file: pb2b/logs/bybit_scraper_20241215.log
2024-12-15 02:49:33 - INFO - DataSaver logging initialized. Log file: pb2b/logs/data_saver_20241215.log
2024-12-15 02:49:33 - INFO - Connected to SQLite database: pb2b/p2p_listings.db
2024-12-15 02:49:33 - INFO - Database tables created successfully
2024-12-15 02:49:33 - INFO - Attempt 1/10: Loading https://www.bybit.com/fiat/trade/otc?actionType=1&token=USDT&fiat=NGN
2024-12-15 02:49:44 - INFO - Screenshot saved as 'pb2b/screenshots/bybit_page_20241215_024944.png'
2024-12-15 02:49:45 - INFO - Fetching BUY listings for USDT/EUR
2024-12-15 02:49:45 - INFO - Data successfully saved to SQLite database. New listings - Bybit: 5, Binance: 6
2024-12-15 02:49:45 - INFO - Browser session closed
2024-12-15 02:49:45 - INFO - SQLite database connection closed
2024-12-15 03:30:03 - INFO - Logging initialized. Log file: pb2b/logs/bybit_scraper_20241215.log
2024-12-15 03:30:04 - INFO - DataSaver logging initialized. Log file: pb2b/logs/data_saver_20241215.log
2024-12-15 03:30:04 - INFO - Connected to SQLite database: pb2b/p2p_listings.db
2024-12-15 03:30:04 - INFO - Database tables created successfully
2024-12-15 03:30:04 - INFO - Attempt 1/10: Loading https://www.bybit.com/fiat/trade/otc?actionType=1&token=USDT&fiat=NGN
2024-12-15 03:30:15 - INFO - Screenshot saved as 'pb2b/screenshots/bybit_page_20241215_033015.png'
2024-12-15 03:30:15 - INFO - Fetching BUY listings for USDT/EUR
2024-12-15 03:30:16 - INFO - Data successfully saved to SQLite database. New listings - Bybit: 5, Binance: 6
2024-12-15 03:30:16 - INFO - Browser session closed
2024-12-15 03:30:16 - INFO - SQLite database connection closed
2024-12-15 03:52:32 - INFO - Logging initialized. Log file: pb2b/logs/bybit_scraper_20241215.log
2024-12-15 03:52:34 - INFO - DataSaver logging initialized. Log file: pb2b/logs/data_saver_20241215.log
2024-12-15 03:52:34 - INFO - Connected to SQLite database: pb2b/p2p_listings.db
2024-12-15 03:52:34 - INFO - Database tables created successfully
2024-12-15 03:52:34 - INFO - Attempt 1/10: Loading https://www.bybit.com/fiat/trade/otc?actionType=1&token=USDT&fiat=NGN
2024-12-15 03:52:45 - INFO - Screenshot saved as 'pb2b/screenshots/bybit_page_20241215_035245.png'
2024-12-15 03:52:45 - INFO - Fetching BUY listings for USDT/EUR
2024-12-15 03:52:46 - INFO - Data successfully saved to SQLite database. New listings - Bybit: 5, Binance: 6
2024-12-15 03:52:46 - INFO - Browser session closed
2024-12-15 03:52:46 - INFO - SQLite database connection closed
