2026-04-19 00:10:46 - INFO - Logging initialized. Log file: pb2b/logs/bybit_scraper_20260419.log
2026-04-19 00:10:47 - INFO - DataSaver logging initialized. Log file: pb2b/logs/data_saver_20260419.log
2026-04-19 00:10:47 - INFO - Connected to SQLite database: pb2b/p2p_listings.db
2026-04-19 00:10:47 - INFO - Database tables created successfully
2026-04-19 00:10:47 - INFO - Attempt 1/10: Loading https://www.bybit.com/fiat/trade/otc?actionType=1&token=USDT&fiat=NGN
2026-04-19 00:10:55 - INFO - Screenshot saved as 'pb2b/screenshots/bybit_page_20260419_001055.png'
2026-04-19 00:10:55 - WARNING - Error parsing row: Message: no such element: Unable to locate element: {"method":"css selector","selector":"td:nth-child(2)"}
  (Session info: chrome=147.0.7727.101); For documentation on this error, please visit: https://www.selenium.dev/documentation/webdriver/troubleshooting/errors#nosuchelementexception
Stacktrace:
#0 0x558e89588b6a <unknown>
#1 0x558e88f8a265 <unknown>
#2 0x558e88fdcf76 <unknown>
#3 0x558e88fdd1b1 <unknown>
#4 0x558e88fd1f26 <unknown>
#5 0x558e88fd1e07 <unknown>
#6 0x558e89025969 <unknown>
#7 0x558e88fd05cf <unknown>
#8 0x558e88fd1391 <unknown>
#9 0x558e8954e04b <unknown>
#10 0x558e8955100d <unknown>
#11 0x558e8953a808 <unknown>
#12 0x558e89551ba0 <unknown>
#13 0x558e89521280 <unknown>
#14 0x558e89575db8 <unknown>
#15 0x558e89575f88 <unknown>
#16 0x558e895875de <unknown>
#17 0x7f9eeaa9caa4 <unknown>
#18 0x7f9eeab29c6c <unknown>

2026-04-19 00:10:55 - WARNING - Error parsing row: Message: no such element: Unable to locate element: {"method":"css selector","selector":"td:nth-child(2)"}
  (Session info: chrome=147.0.7727.101); For documentation on this error, please visit: https://www.selenium.dev/documentation/webdriver/troubleshooting/errors#nosuchelementexception
Stacktrace:
#0 0x558e89588b6a <unknown>
#1 0x558e88f8a265 <unknown>
#2 0x558e88fdcf76 <unknown>
#3 0x558e88fdd1b1 <unknown>
#4 0x558e88fd1f26 <unknown>
#5 0x558e88fd1e07 <unknown>
#6 0x558e89025969 <unknown>
#7 0x558e88fd05cf <unknown>
#8 0x558e88fd1391 <unknown>
#9 0x558e8954e04b <unknown>
#10 0x558e8955100d <unknown>
#11 0x558e8953a808 <unknown>
#12 0x558e89551ba0 <unknown>
#13 0x558e89521280 <unknown>
#14 0x558e89575db8 <unknown>
#15 0x558e89575f88 <unknown>
#16 0x558e895875de <unknown>
#17 0x7f9eeaa9caa4 <unknown>
#18 0x7f9eeab29c6c <unknown>

2026-04-19 00:10:55 - INFO - Fetching BUY listings for USDT/EUR
2026-04-19 00:10:56 - INFO - Data successfully saved to SQLite database. New listings - Bybit: 3, Binance: 6
2026-04-19 00:10:56 - INFO - Browser session closed
2026-04-19 00:10:56 - INFO - SQLite database connection closed
2026-04-19 03:54:17 - INFO - Logging initialized. Log file: pb2b/logs/bybit_scraper_20260419.log
2026-04-19 03:54:18 - INFO - DataSaver logging initialized. Log file: pb2b/logs/data_saver_20260419.log
2026-04-19 03:54:18 - INFO - Connected to SQLite database: pb2b/p2p_listings.db
2026-04-19 03:54:18 - INFO - Database tables created successfully
2026-04-19 03:54:18 - INFO - Attempt 1/10: Loading https://www.bybit.com/fiat/trade/otc?actionType=1&token=USDT&fiat=NGN
2026-04-19 03:54:27 - INFO - Screenshot saved as 'pb2b/screenshots/bybit_page_20260419_035426.png'
2026-04-19 03:54:27 - WARNING - Error parsing row: Message: no such element: Unable to locate element: {"method":"css selector","selector":"td:nth-child(2)"}
  (Session info: chrome=147.0.7727.101); For documentation on this error, please visit: https://www.selenium.dev/documentation/webdriver/troubleshooting/errors#nosuchelementexception
Stacktrace:
#0 0x561a71663b6a <unknown>
#1 0x561a71065265 <unknown>
#2 0x561a710b7f76 <unknown>
#3 0x561a710b81b1 <unknown>
#4 0x561a710acf26 <unknown>
#5 0x561a710ace07 <unknown>
#6 0x561a71100969 <unknown>
#7 0x561a710ab5cf <unknown>
#8 0x561a710ac391 <unknown>
#9 0x561a7162904b <unknown>
#10 0x561a7162c00d <unknown>
#11 0x561a71615808 <unknown>
#12 0x561a7162cba0 <unknown>
#13 0x561a715fc280 <unknown>
#14 0x561a71650db8 <unknown>
#15 0x561a71650f88 <unknown>
#16 0x561a716625de <unknown>
#17 0x7f70f3c9caa4 <unknown>
#18 0x7f70f3d29c6c <unknown>

2026-04-19 03:54:27 - WARNING - Error parsing row: Message: no such element: Unable to locate element: {"method":"css selector","selector":"td:nth-child(2)"}
  (Session info: chrome=147.0.7727.101); For documentation on this error, please visit: https://www.selenium.dev/documentation/webdriver/troubleshooting/errors#nosuchelementexception
Stacktrace:
#0 0x561a71663b6a <unknown>
#1 0x561a71065265 <unknown>
#2 0x561a710b7f76 <unknown>
#3 0x561a710b81b1 <unknown>
#4 0x561a710acf26 <unknown>
#5 0x561a710ace07 <unknown>
#6 0x561a71100969 <unknown>
#7 0x561a710ab5cf <unknown>
#8 0x561a710ac391 <unknown>
#9 0x561a7162904b <unknown>
#10 0x561a7162c00d <unknown>
#11 0x561a71615808 <unknown>
#12 0x561a7162cba0 <unknown>
#13 0x561a715fc280 <unknown>
#14 0x561a71650db8 <unknown>
#15 0x561a71650f88 <unknown>
#16 0x561a716625de <unknown>
#17 0x7f70f3c9caa4 <unknown>
#18 0x7f70f3d29c6c <unknown>

2026-04-19 03:54:27 - INFO - Fetching BUY listings for USDT/EUR
2026-04-19 03:54:27 - INFO - Data successfully saved to SQLite database. New listings - Bybit: 3, Binance: 6
2026-04-19 03:54:28 - INFO - Browser session closed
2026-04-19 03:54:28 - INFO - SQLite database connection closed
