2026-04-25 00:01:33 - INFO - Logging initialized. Log file: pb2b/logs/bybit_scraper_20260425.log
2026-04-25 00:01:34 - INFO - DataSaver logging initialized. Log file: pb2b/logs/data_saver_20260425.log
2026-04-25 00:01:34 - INFO - Connected to SQLite database: pb2b/p2p_listings.db
2026-04-25 00:01:34 - INFO - Database tables created successfully
2026-04-25 00:01:34 - INFO - Attempt 1/10: Loading https://www.bybit.com/fiat/trade/otc?actionType=1&token=USDT&fiat=NGN
2026-04-25 00:01:42 - INFO - Screenshot saved as 'pb2b/screenshots/bybit_page_20260425_000141.png'
2026-04-25 00:01:42 - WARNING - Error parsing row: Message: no such element: Unable to locate element: {"method":"css selector","selector":"td:nth-child(2)"}
  (Session info: chrome=147.0.7727.116); For documentation on this error, please visit: https://www.selenium.dev/documentation/webdriver/troubleshooting/errors#nosuchelementexception
Stacktrace:
#0 0x56000d723b6a <unknown>
#1 0x56000d125265 <unknown>
#2 0x56000d177f76 <unknown>
#3 0x56000d1781b1 <unknown>
#4 0x56000d16cf26 <unknown>
#5 0x56000d16ce07 <unknown>
#6 0x56000d1c0969 <unknown>
#7 0x56000d16b5cf <unknown>
#8 0x56000d16c391 <unknown>
#9 0x56000d6e904b <unknown>
#10 0x56000d6ec00d <unknown>
#11 0x56000d6d5808 <unknown>
#12 0x56000d6ecba0 <unknown>
#13 0x56000d6bc280 <unknown>
#14 0x56000d710db8 <unknown>
#15 0x56000d710f88 <unknown>
#16 0x56000d7225de <unknown>
#17 0x7fe22089caa4 <unknown>
#18 0x7fe220929c6c <unknown>

2026-04-25 00:01:42 - WARNING - Error parsing row: Message: no such element: Unable to locate element: {"method":"css selector","selector":"td:nth-child(2)"}
  (Session info: chrome=147.0.7727.116); For documentation on this error, please visit: https://www.selenium.dev/documentation/webdriver/troubleshooting/errors#nosuchelementexception
Stacktrace:
#0 0x56000d723b6a <unknown>
#1 0x56000d125265 <unknown>
#2 0x56000d177f76 <unknown>
#3 0x56000d1781b1 <unknown>
#4 0x56000d16cf26 <unknown>
#5 0x56000d16ce07 <unknown>
#6 0x56000d1c0969 <unknown>
#7 0x56000d16b5cf <unknown>
#8 0x56000d16c391 <unknown>
#9 0x56000d6e904b <unknown>
#10 0x56000d6ec00d <unknown>
#11 0x56000d6d5808 <unknown>
#12 0x56000d6ecba0 <unknown>
#13 0x56000d6bc280 <unknown>
#14 0x56000d710db8 <unknown>
#15 0x56000d710f88 <unknown>
#16 0x56000d7225de <unknown>
#17 0x7fe22089caa4 <unknown>
#18 0x7fe220929c6c <unknown>

2026-04-25 00:01:42 - INFO - Fetching BUY listings for USDT/EUR
2026-04-25 00:01:43 - INFO - Data successfully saved to SQLite database. New listings - Bybit: 3, Binance: 6
2026-04-25 00:01:43 - INFO - Browser session closed
2026-04-25 00:01:43 - INFO - SQLite database connection closed
