2025-11-26 02:11:34 - INFO - Logging initialized. Log file: pb2b/logs/bybit_scraper_20251126.log
2025-11-26 02:11:37 - INFO - DataSaver logging initialized. Log file: pb2b/logs/data_saver_20251126.log
2025-11-26 02:11:37 - INFO - Connected to SQLite database: pb2b/p2p_listings.db
2025-11-26 02:11:37 - INFO - Database tables created successfully
2025-11-26 02:11:37 - INFO - Attempt 1/10: Loading https://www.bybit.com/fiat/trade/otc?actionType=1&token=USDT&fiat=NGN
2025-11-26 02:11:45 - INFO - Screenshot saved as 'pb2b/screenshots/bybit_page_20251126_021145.png'
2025-11-26 02:11:45 - INFO - Fetching BUY listings for USDT/EUR
2025-11-26 02:11:46 - INFO - Data successfully saved to SQLite database. New listings - Bybit: 4, Binance: 6
2025-11-26 02:11:46 - INFO - Browser session closed
2025-11-26 02:11:46 - INFO - SQLite database connection closed
2025-11-26 03:35:19 - INFO - Logging initialized. Log file: pb2b/logs/bybit_scraper_20251126.log
2025-11-26 03:35:20 - INFO - DataSaver logging initialized. Log file: pb2b/logs/data_saver_20251126.log
2025-11-26 03:35:20 - INFO - Connected to SQLite database: pb2b/p2p_listings.db
2025-11-26 03:35:20 - INFO - Database tables created successfully
2025-11-26 03:35:20 - INFO - Attempt 1/10: Loading https://www.bybit.com/fiat/trade/otc?actionType=1&token=USDT&fiat=NGN
2025-11-26 03:35:30 - INFO - Screenshot saved as 'pb2b/screenshots/bybit_page_20251126_033530.png'
2025-11-26 03:35:30 - INFO - Fetching BUY listings for USDT/EUR
2025-11-26 03:35:31 - INFO - Data successfully saved to SQLite database. New listings - Bybit: 4, Binance: 6
2025-11-26 03:35:31 - INFO - Browser session closed
2025-11-26 03:35:31 - INFO - SQLite database connection closed
2025-11-26 04:04:59 - INFO - Logging initialized. Log file: pb2b/logs/bybit_scraper_20251126.log
2025-11-26 04:05:02 - INFO - DataSaver logging initialized. Log file: pb2b/logs/data_saver_20251126.log
2025-11-26 04:05:02 - INFO - Connected to SQLite database: pb2b/p2p_listings.db
2025-11-26 04:05:02 - INFO - Database tables created successfully
2025-11-26 04:05:02 - INFO - Attempt 1/10: Loading https://www.bybit.com/fiat/trade/otc?actionType=1&token=USDT&fiat=NGN
2025-11-26 04:05:11 - INFO - Screenshot saved as 'pb2b/screenshots/bybit_page_20251126_040511.png'
2025-11-26 04:05:11 - INFO - Fetching BUY listings for USDT/EUR
2025-11-26 04:05:13 - INFO - Data successfully saved to SQLite database. New listings - Bybit: 4, Binance: 6
2025-11-26 04:05:13 - INFO - Browser session closed
2025-11-26 04:05:13 - INFO - SQLite database connection closed
