2025-03-30 01:23:00 - INFO - Logging initialized. Log file: pb2b/logs/bybit_scraper_20250330.log
2025-03-30 01:23:01 - INFO - DataSaver logging initialized. Log file: pb2b/logs/data_saver_20250330.log
2025-03-30 01:23:01 - INFO - Connected to SQLite database: pb2b/p2p_listings.db
2025-03-30 01:23:01 - INFO - Database tables created successfully
2025-03-30 01:23:01 - INFO - Attempt 1/10: Loading https://www.bybit.com/fiat/trade/otc?actionType=1&token=USDT&fiat=NGN
2025-03-30 01:23:11 - INFO - Screenshot saved as 'pb2b/screenshots/bybit_page_20250330_012311.png'
2025-03-30 01:23:11 - INFO - Fetching BUY listings for USDT/EUR
2025-03-30 01:23:12 - INFO - Data successfully saved to SQLite database. New listings - Bybit: 4, Binance: 6
2025-03-30 01:23:12 - INFO - Browser session closed
2025-03-30 01:23:12 - INFO - SQLite database connection closed
2025-03-30 02:52:47 - INFO - Logging initialized. Log file: pb2b/logs/bybit_scraper_20250330.log
2025-03-30 02:52:59 - INFO - DataSaver logging initialized. Log file: pb2b/logs/data_saver_20250330.log
2025-03-30 02:52:59 - INFO - Connected to SQLite database: pb2b/p2p_listings.db
2025-03-30 02:52:59 - INFO - Database tables created successfully
2025-03-30 02:52:59 - INFO - Attempt 1/10: Loading https://www.bybit.com/fiat/trade/otc?actionType=1&token=USDT&fiat=NGN
2025-03-30 02:53:10 - INFO - Screenshot saved as 'pb2b/screenshots/bybit_page_20250330_025310.png'
2025-03-30 02:53:11 - INFO - Fetching BUY listings for USDT/EUR
2025-03-30 02:53:11 - INFO - Data successfully saved to SQLite database. New listings - Bybit: 4, Binance: 6
2025-03-30 02:53:11 - INFO - Browser session closed
2025-03-30 02:53:11 - INFO - SQLite database connection closed
2025-03-30 03:36:49 - INFO - Logging initialized. Log file: pb2b/logs/bybit_scraper_20250330.log
2025-03-30 03:36:55 - INFO - DataSaver logging initialized. Log file: pb2b/logs/data_saver_20250330.log
2025-03-30 03:36:55 - INFO - Connected to SQLite database: pb2b/p2p_listings.db
2025-03-30 03:36:55 - INFO - Database tables created successfully
2025-03-30 03:36:55 - INFO - Attempt 1/10: Loading https://www.bybit.com/fiat/trade/otc?actionType=1&token=USDT&fiat=NGN
2025-03-30 03:37:06 - INFO - Screenshot saved as 'pb2b/screenshots/bybit_page_20250330_033706.png'
2025-03-30 03:37:06 - INFO - Fetching BUY listings for USDT/EUR
2025-03-30 03:37:07 - INFO - Data successfully saved to SQLite database. New listings - Bybit: 4, Binance: 6
2025-03-30 03:37:07 - INFO - Browser session closed
2025-03-30 03:37:07 - INFO - SQLite database connection closed
2025-03-30 03:56:30 - INFO - Logging initialized. Log file: pb2b/logs/bybit_scraper_20250330.log
2025-03-30 03:56:31 - INFO - DataSaver logging initialized. Log file: pb2b/logs/data_saver_20250330.log
2025-03-30 03:56:31 - INFO - Connected to SQLite database: pb2b/p2p_listings.db
2025-03-30 03:56:31 - INFO - Database tables created successfully
2025-03-30 03:56:31 - INFO - Attempt 1/10: Loading https://www.bybit.com/fiat/trade/otc?actionType=1&token=USDT&fiat=NGN
2025-03-30 03:56:41 - INFO - Screenshot saved as 'pb2b/screenshots/bybit_page_20250330_035641.png'
2025-03-30 03:56:42 - INFO - Fetching BUY listings for USDT/EUR
2025-03-30 03:56:42 - INFO - Data successfully saved to SQLite database. New listings - Bybit: 4, Binance: 6
2025-03-30 03:56:43 - INFO - Browser session closed
2025-03-30 03:56:43 - INFO - SQLite database connection closed
