2026-04-28 01:25:15 - INFO - Logging initialized. Log file: pb2b/logs/bybit_scraper_20260428.log
2026-04-28 01:25:17 - INFO - DataSaver logging initialized. Log file: pb2b/logs/data_saver_20260428.log
2026-04-28 01:25:17 - INFO - Connected to SQLite database: pb2b/p2p_listings.db
2026-04-28 01:25:17 - INFO - Database tables created successfully
2026-04-28 01:25:17 - INFO - Attempt 1/10: Loading https://www.bybit.com/fiat/trade/otc?actionType=1&token=USDT&fiat=NGN
2026-04-28 01:25:25 - INFO - Screenshot saved as 'pb2b/screenshots/bybit_page_20260428_012525.png'
2026-04-28 01:25:25 - WARNING - Error parsing row: Message: no such element: Unable to locate element: {"method":"css selector","selector":"td:nth-child(2)"}
  (Session info: chrome=147.0.7727.116); For documentation on this error, please visit: https://www.selenium.dev/documentation/webdriver/troubleshooting/errors#nosuchelementexception
Stacktrace:
#0 0x556d429c1b6a <unknown>
#1 0x556d423c3265 <unknown>
#2 0x556d42415f76 <unknown>
#3 0x556d424161b1 <unknown>
#4 0x556d4240af26 <unknown>
#5 0x556d4240ae07 <unknown>
#6 0x556d4245e969 <unknown>
#7 0x556d424095cf <unknown>
#8 0x556d4240a391 <unknown>
#9 0x556d4298704b <unknown>
#10 0x556d4298a00d <unknown>
#11 0x556d42973808 <unknown>
#12 0x556d4298aba0 <unknown>
#13 0x556d4295a280 <unknown>
#14 0x556d429aedb8 <unknown>
#15 0x556d429aef88 <unknown>
#16 0x556d429c05de <unknown>
#17 0x7fcd4ec9caa4 <unknown>
#18 0x7fcd4ed29c6c <unknown>

2026-04-28 01:25:25 - WARNING - Error parsing row: Message: no such element: Unable to locate element: {"method":"css selector","selector":"td:nth-child(2)"}
  (Session info: chrome=147.0.7727.116); For documentation on this error, please visit: https://www.selenium.dev/documentation/webdriver/troubleshooting/errors#nosuchelementexception
Stacktrace:
#0 0x556d429c1b6a <unknown>
#1 0x556d423c3265 <unknown>
#2 0x556d42415f76 <unknown>
#3 0x556d424161b1 <unknown>
#4 0x556d4240af26 <unknown>
#5 0x556d4240ae07 <unknown>
#6 0x556d4245e969 <unknown>
#7 0x556d424095cf <unknown>
#8 0x556d4240a391 <unknown>
#9 0x556d4298704b <unknown>
#10 0x556d4298a00d <unknown>
#11 0x556d42973808 <unknown>
#12 0x556d4298aba0 <unknown>
#13 0x556d4295a280 <unknown>
#14 0x556d429aedb8 <unknown>
#15 0x556d429aef88 <unknown>
#16 0x556d429c05de <unknown>
#17 0x7fcd4ec9caa4 <unknown>
#18 0x7fcd4ed29c6c <unknown>

2026-04-28 01:25:26 - INFO - Fetching BUY listings for USDT/EUR
2026-04-28 01:25:27 - INFO - Data successfully saved to SQLite database. New listings - Bybit: 3, Binance: 6
2026-04-28 01:25:27 - INFO - Browser session closed
2026-04-28 01:25:27 - INFO - SQLite database connection closed
2026-04-28 04:56:09 - INFO - Logging initialized. Log file: pb2b/logs/bybit_scraper_20260428.log
2026-04-28 04:56:10 - INFO - DataSaver logging initialized. Log file: pb2b/logs/data_saver_20260428.log
2026-04-28 04:56:10 - INFO - Connected to SQLite database: pb2b/p2p_listings.db
2026-04-28 04:56:10 - INFO - Database tables created successfully
2026-04-28 04:56:10 - INFO - Attempt 1/10: Loading https://www.bybit.com/fiat/trade/otc?actionType=1&token=USDT&fiat=NGN
2026-04-28 04:56:17 - INFO - Screenshot saved as 'pb2b/screenshots/bybit_page_20260428_045616.png'
2026-04-28 04:56:17 - WARNING - Error parsing row: Message: no such element: Unable to locate element: {"method":"css selector","selector":"td:nth-child(2)"}
  (Session info: chrome=147.0.7727.116); For documentation on this error, please visit: https://www.selenium.dev/documentation/webdriver/troubleshooting/errors#nosuchelementexception
Stacktrace:
#0 0x563644c17b6a <unknown>
#1 0x563644619265 <unknown>
#2 0x56364466bf76 <unknown>
#3 0x56364466c1b1 <unknown>
#4 0x563644660f26 <unknown>
#5 0x563644660e07 <unknown>
#6 0x5636446b4969 <unknown>
#7 0x56364465f5cf <unknown>
#8 0x563644660391 <unknown>
#9 0x563644bdd04b <unknown>
#10 0x563644be000d <unknown>
#11 0x563644bc9808 <unknown>
#12 0x563644be0ba0 <unknown>
#13 0x563644bb0280 <unknown>
#14 0x563644c04db8 <unknown>
#15 0x563644c04f88 <unknown>
#16 0x563644c165de <unknown>
#17 0x7f05c869caa4 <unknown>
#18 0x7f05c8729c6c <unknown>

2026-04-28 04:56:17 - WARNING - Error parsing row: Message: no such element: Unable to locate element: {"method":"css selector","selector":"td:nth-child(2)"}
  (Session info: chrome=147.0.7727.116); For documentation on this error, please visit: https://www.selenium.dev/documentation/webdriver/troubleshooting/errors#nosuchelementexception
Stacktrace:
#0 0x563644c17b6a <unknown>
#1 0x563644619265 <unknown>
#2 0x56364466bf76 <unknown>
#3 0x56364466c1b1 <unknown>
#4 0x563644660f26 <unknown>
#5 0x563644660e07 <unknown>
#6 0x5636446b4969 <unknown>
#7 0x56364465f5cf <unknown>
#8 0x563644660391 <unknown>
#9 0x563644bdd04b <unknown>
#10 0x563644be000d <unknown>
#11 0x563644bc9808 <unknown>
#12 0x563644be0ba0 <unknown>
#13 0x563644bb0280 <unknown>
#14 0x563644c04db8 <unknown>
#15 0x563644c04f88 <unknown>
#16 0x563644c165de <unknown>
#17 0x7f05c869caa4 <unknown>
#18 0x7f05c8729c6c <unknown>

2026-04-28 04:56:17 - INFO - Fetching BUY listings for USDT/EUR
2026-04-28 04:56:18 - INFO - Data successfully saved to SQLite database. New listings - Bybit: 3, Binance: 6
2026-04-28 04:56:18 - INFO - Browser session closed
2026-04-28 04:56:18 - INFO - SQLite database connection closed
