2025-01-08 01:02:02 - INFO - Logging initialized. Log file: pb2b/logs/bybit_scraper_20250108.log
2025-01-08 01:02:03 - INFO - DataSaver logging initialized. Log file: pb2b/logs/data_saver_20250108.log
2025-01-08 01:02:03 - INFO - Connected to SQLite database: pb2b/p2p_listings.db
2025-01-08 01:02:03 - INFO - Database tables created successfully
2025-01-08 01:02:03 - INFO - Attempt 1/10: Loading https://www.bybit.com/fiat/trade/otc?actionType=1&token=USDT&fiat=NGN
2025-01-08 01:02:15 - INFO - Screenshot saved as 'pb2b/screenshots/bybit_page_20250108_010215.png'
2025-01-08 01:02:15 - INFO - Fetching BUY listings for USDT/EUR
2025-01-08 01:02:16 - INFO - Data successfully saved to SQLite database. New listings - Bybit: 4, Binance: 6
2025-01-08 01:02:16 - INFO - Browser session closed
2025-01-08 01:02:16 - INFO - SQLite database connection closed
2025-01-08 02:22:36 - INFO - Logging initialized. Log file: pb2b/logs/bybit_scraper_20250108.log
2025-01-08 02:22:36 - INFO - DataSaver logging initialized. Log file: pb2b/logs/data_saver_20250108.log
2025-01-08 02:22:36 - INFO - Connected to SQLite database: pb2b/p2p_listings.db
2025-01-08 02:22:36 - INFO - Database tables created successfully
2025-01-08 02:22:36 - INFO - Attempt 1/10: Loading https://www.bybit.com/fiat/trade/otc?actionType=1&token=USDT&fiat=NGN
2025-01-08 02:22:46 - INFO - Screenshot saved as 'pb2b/screenshots/bybit_page_20250108_022246.png'
2025-01-08 02:22:47 - INFO - Fetching BUY listings for USDT/EUR
2025-01-08 02:22:47 - INFO - Data successfully saved to SQLite database. New listings - Bybit: 4, Binance: 6
2025-01-08 02:22:47 - INFO - Browser session closed
2025-01-08 02:22:47 - INFO - SQLite database connection closed
2025-01-08 03:01:02 - INFO - Logging initialized. Log file: pb2b/logs/bybit_scraper_20250108.log
2025-01-08 03:01:02 - INFO - DataSaver logging initialized. Log file: pb2b/logs/data_saver_20250108.log
2025-01-08 03:01:02 - INFO - Connected to SQLite database: pb2b/p2p_listings.db
2025-01-08 03:01:02 - INFO - Database tables created successfully
2025-01-08 03:01:02 - INFO - Attempt 1/10: Loading https://www.bybit.com/fiat/trade/otc?actionType=1&token=USDT&fiat=NGN
2025-01-08 03:01:12 - INFO - Screenshot saved as 'pb2b/screenshots/bybit_page_20250108_030112.png'
2025-01-08 03:01:13 - INFO - Fetching BUY listings for USDT/EUR
2025-01-08 03:01:13 - INFO - Data successfully saved to SQLite database. New listings - Bybit: 4, Binance: 6
2025-01-08 03:01:13 - INFO - Browser session closed
2025-01-08 03:01:13 - INFO - SQLite database connection closed
