2025-01-12 01:07:02 - INFO - Logging initialized. Log file: pb2b/logs/bybit_scraper_20250112.log
2025-01-12 01:07:03 - INFO - DataSaver logging initialized. Log file: pb2b/logs/data_saver_20250112.log
2025-01-12 01:07:03 - INFO - Connected to SQLite database: pb2b/p2p_listings.db
2025-01-12 01:07:03 - INFO - Database tables created successfully
2025-01-12 01:07:03 - INFO - Attempt 1/10: Loading https://www.bybit.com/fiat/trade/otc?actionType=1&token=USDT&fiat=NGN
2025-01-12 01:07:14 - INFO - Screenshot saved as 'pb2b/screenshots/bybit_page_20250112_010714.png'
2025-01-12 01:07:15 - INFO - Fetching BUY listings for USDT/EUR
2025-01-12 01:07:15 - INFO - Data successfully saved to SQLite database. New listings - Bybit: 4, Binance: 6
2025-01-12 01:07:15 - INFO - Browser session closed
2025-01-12 01:07:15 - INFO - SQLite database connection closed
2025-01-12 02:38:26 - INFO - Logging initialized. Log file: pb2b/logs/bybit_scraper_20250112.log
2025-01-12 02:38:27 - INFO - DataSaver logging initialized. Log file: pb2b/logs/data_saver_20250112.log
2025-01-12 02:38:27 - INFO - Connected to SQLite database: pb2b/p2p_listings.db
2025-01-12 02:38:27 - INFO - Database tables created successfully
2025-01-12 02:38:27 - INFO - Attempt 1/10: Loading https://www.bybit.com/fiat/trade/otc?actionType=1&token=USDT&fiat=NGN
2025-01-12 02:38:38 - INFO - Screenshot saved as 'pb2b/screenshots/bybit_page_20250112_023838.png'
2025-01-12 02:38:38 - INFO - Fetching BUY listings for USDT/EUR
2025-01-12 02:38:39 - INFO - Data successfully saved to SQLite database. New listings - Bybit: 4, Binance: 6
2025-01-12 02:38:39 - INFO - Browser session closed
2025-01-12 02:38:39 - INFO - SQLite database connection closed
2025-01-12 03:18:20 - INFO - Logging initialized. Log file: pb2b/logs/bybit_scraper_20250112.log
2025-01-12 03:18:21 - INFO - DataSaver logging initialized. Log file: pb2b/logs/data_saver_20250112.log
2025-01-12 03:18:21 - INFO - Connected to SQLite database: pb2b/p2p_listings.db
2025-01-12 03:18:21 - INFO - Database tables created successfully
2025-01-12 03:18:21 - INFO - Attempt 1/10: Loading https://www.bybit.com/fiat/trade/otc?actionType=1&token=USDT&fiat=NGN
2025-01-12 03:18:33 - INFO - Screenshot saved as 'pb2b/screenshots/bybit_page_20250112_031832.png'
2025-01-12 03:18:33 - INFO - Fetching BUY listings for USDT/EUR
2025-01-12 03:18:33 - INFO - Data successfully saved to SQLite database. New listings - Bybit: 4, Binance: 6
2025-01-12 03:18:33 - INFO - Browser session closed
2025-01-12 03:18:33 - INFO - SQLite database connection closed
2025-01-12 03:43:30 - INFO - Logging initialized. Log file: pb2b/logs/bybit_scraper_20250112.log
2025-01-12 03:43:31 - INFO - DataSaver logging initialized. Log file: pb2b/logs/data_saver_20250112.log
2025-01-12 03:43:31 - INFO - Connected to SQLite database: pb2b/p2p_listings.db
2025-01-12 03:43:31 - INFO - Database tables created successfully
2025-01-12 03:43:31 - INFO - Attempt 1/10: Loading https://www.bybit.com/fiat/trade/otc?actionType=1&token=USDT&fiat=NGN
2025-01-12 03:43:41 - INFO - Screenshot saved as 'pb2b/screenshots/bybit_page_20250112_034341.png'
2025-01-12 03:43:41 - INFO - Fetching BUY listings for USDT/EUR
2025-01-12 03:43:42 - INFO - Data successfully saved to SQLite database. New listings - Bybit: 4, Binance: 6
2025-01-12 03:43:42 - INFO - Browser session closed
2025-01-12 03:43:42 - INFO - SQLite database connection closed
2025-01-12 03:56:40 - INFO - Logging initialized. Log file: pb2b/logs/bybit_scraper_20250112.log
2025-01-12 03:56:40 - INFO - DataSaver logging initialized. Log file: pb2b/logs/data_saver_20250112.log
2025-01-12 03:56:40 - INFO - Connected to SQLite database: pb2b/p2p_listings.db
2025-01-12 03:56:40 - INFO - Database tables created successfully
2025-01-12 03:56:40 - INFO - Attempt 1/10: Loading https://www.bybit.com/fiat/trade/otc?actionType=1&token=USDT&fiat=NGN
2025-01-12 03:56:51 - INFO - Screenshot saved as 'pb2b/screenshots/bybit_page_20250112_035650.png'
2025-01-12 03:56:51 - INFO - Fetching BUY listings for USDT/EUR
2025-01-12 03:56:52 - INFO - Data successfully saved to SQLite database. New listings - Bybit: 4, Binance: 6
2025-01-12 03:56:52 - INFO - Browser session closed
2025-01-12 03:56:52 - INFO - SQLite database connection closed
2025-01-12 04:27:47 - INFO - Logging initialized. Log file: pb2b/logs/bybit_scraper_20250112.log
2025-01-12 04:27:49 - INFO - DataSaver logging initialized. Log file: pb2b/logs/data_saver_20250112.log
2025-01-12 04:27:49 - INFO - Connected to SQLite database: pb2b/p2p_listings.db
2025-01-12 04:27:49 - INFO - Database tables created successfully
2025-01-12 04:27:49 - INFO - Attempt 1/10: Loading https://www.bybit.com/fiat/trade/otc?actionType=1&token=USDT&fiat=NGN
2025-01-12 04:27:58 - INFO - Screenshot saved as 'pb2b/screenshots/bybit_page_20250112_042758.png'
2025-01-12 04:27:59 - INFO - Fetching BUY listings for USDT/EUR
2025-01-12 04:28:00 - INFO - Data successfully saved to SQLite database. New listings - Bybit: 4, Binance: 6
2025-01-12 04:28:00 - INFO - Browser session closed
2025-01-12 04:28:00 - INFO - SQLite database connection closed
2025-01-12 04:44:33 - INFO - Logging initialized. Log file: pb2b/logs/bybit_scraper_20250112.log
2025-01-12 04:44:34 - INFO - DataSaver logging initialized. Log file: pb2b/logs/data_saver_20250112.log
2025-01-12 04:44:34 - INFO - Connected to SQLite database: pb2b/p2p_listings.db
2025-01-12 04:44:34 - INFO - Database tables created successfully
2025-01-12 04:44:34 - INFO - Attempt 1/10: Loading https://www.bybit.com/fiat/trade/otc?actionType=1&token=USDT&fiat=NGN
2025-01-12 04:44:45 - INFO - Screenshot saved as 'pb2b/screenshots/bybit_page_20250112_044444.png'
2025-01-12 04:44:45 - INFO - Fetching BUY listings for USDT/EUR
2025-01-12 04:44:45 - INFO - Data successfully saved to SQLite database. New listings - Bybit: 4, Binance: 6
2025-01-12 04:44:45 - INFO - Browser session closed
2025-01-12 04:44:45 - INFO - SQLite database connection closed
2025-01-12 04:56:49 - INFO - Logging initialized. Log file: pb2b/logs/bybit_scraper_20250112.log
2025-01-12 04:56:50 - INFO - DataSaver logging initialized. Log file: pb2b/logs/data_saver_20250112.log
2025-01-12 04:56:50 - INFO - Connected to SQLite database: pb2b/p2p_listings.db
2025-01-12 04:56:50 - INFO - Database tables created successfully
2025-01-12 04:56:50 - INFO - Attempt 1/10: Loading https://www.bybit.com/fiat/trade/otc?actionType=1&token=USDT&fiat=NGN
2025-01-12 04:57:05 - INFO - Screenshot saved as 'pb2b/screenshots/bybit_page_20250112_045704.png'
2025-01-12 04:57:05 - INFO - Fetching BUY listings for USDT/EUR
2025-01-12 04:57:05 - INFO - Data successfully saved to SQLite database. New listings - Bybit: 4, Binance: 6
2025-01-12 04:57:06 - INFO - Browser session closed
2025-01-12 04:57:06 - INFO - SQLite database connection closed
