2025-04-08 03:57:35 - INFO - Logging initialized. Log file: pb2b/logs/bybit_scraper_20250408.log
2025-04-08 03:57:40 - INFO - DataSaver logging initialized. Log file: pb2b/logs/data_saver_20250408.log
2025-04-08 03:57:40 - INFO - Connected to SQLite database: pb2b/p2p_listings.db
2025-04-08 03:57:40 - INFO - Database tables created successfully
2025-04-08 03:57:40 - INFO - Attempt 1/10: Loading https://www.bybit.com/fiat/trade/otc?actionType=1&token=USDT&fiat=NGN
2025-04-08 03:57:53 - INFO - Screenshot saved as 'pb2b/screenshots/bybit_page_20250408_035753.png'
2025-04-08 03:57:54 - INFO - Fetching BUY listings for USDT/EUR
2025-04-08 03:57:54 - INFO - Data successfully saved to SQLite database. New listings - Bybit: 4, Binance: 6
2025-04-08 03:57:55 - INFO - Browser session closed
2025-04-08 03:57:55 - INFO - SQLite database connection closed
2025-04-08 05:34:44 - INFO - Logging initialized. Log file: pb2b/logs/bybit_scraper_20250408.log
2025-04-08 05:34:47 - INFO - DataSaver logging initialized. Log file: pb2b/logs/data_saver_20250408.log
2025-04-08 05:34:47 - INFO - Connected to SQLite database: pb2b/p2p_listings.db
2025-04-08 05:34:47 - INFO - Database tables created successfully
2025-04-08 05:34:47 - INFO - Attempt 1/10: Loading https://www.bybit.com/fiat/trade/otc?actionType=1&token=USDT&fiat=NGN
2025-04-08 05:34:58 - INFO - Screenshot saved as 'pb2b/screenshots/bybit_page_20250408_053458.png'
2025-04-08 05:34:58 - INFO - Fetching BUY listings for USDT/EUR
2025-04-08 05:34:59 - INFO - Data successfully saved to SQLite database. New listings - Bybit: 4, Binance: 6
2025-04-08 05:34:59 - INFO - Browser session closed
2025-04-08 05:34:59 - INFO - SQLite database connection closed
2025-04-08 07:37:47 - INFO - Logging initialized. Log file: pb2b/logs/bybit_scraper_20250408.log
2025-04-08 07:37:53 - INFO - DataSaver logging initialized. Log file: pb2b/logs/data_saver_20250408.log
2025-04-08 07:37:53 - INFO - Connected to SQLite database: pb2b/p2p_listings.db
2025-04-08 07:37:53 - INFO - Database tables created successfully
2025-04-08 07:37:53 - INFO - Attempt 1/10: Loading https://www.bybit.com/fiat/trade/otc?actionType=1&token=USDT&fiat=NGN
2025-04-08 07:38:06 - INFO - Screenshot saved as 'pb2b/screenshots/bybit_page_20250408_073805.png'
2025-04-08 07:38:06 - INFO - Fetching BUY listings for USDT/EUR
2025-04-08 07:38:07 - INFO - Data successfully saved to SQLite database. New listings - Bybit: 4, Binance: 6
2025-04-08 07:38:07 - INFO - Browser session closed
2025-04-08 07:38:07 - INFO - SQLite database connection closed
2025-04-08 15:01:08 - INFO - Logging initialized. Log file: pb2b/logs/bybit_scraper_20250408.log
2025-04-08 15:01:18 - INFO - DataSaver logging initialized. Log file: pb2b/logs/data_saver_20250408.log
2025-04-08 15:01:18 - INFO - Connected to SQLite database: pb2b/p2p_listings.db
2025-04-08 15:01:18 - INFO - Database tables created successfully
2025-04-08 15:01:18 - INFO - Attempt 1/10: Loading https://www.bybit.com/fiat/trade/otc?actionType=1&token=USDT&fiat=NGN
2025-04-08 15:01:30 - INFO - Screenshot saved as 'pb2b/screenshots/bybit_page_20250408_150130.png'
2025-04-08 15:01:30 - INFO - Fetching BUY listings for USDT/EUR
2025-04-08 15:01:31 - INFO - Data successfully saved to SQLite database. New listings - Bybit: 4, Binance: 6
2025-04-08 15:01:31 - INFO - Browser session closed
2025-04-08 15:01:31 - INFO - SQLite database connection closed
2025-04-08 15:48:10 - INFO - Logging initialized. Log file: pb2b/logs/bybit_scraper_20250408.log
2025-04-08 15:48:28 - INFO - DataSaver logging initialized. Log file: pb2b/logs/data_saver_20250408.log
2025-04-08 15:48:28 - INFO - Connected to SQLite database: pb2b/p2p_listings.db
2025-04-08 15:48:28 - INFO - Database tables created successfully
2025-04-08 15:48:28 - INFO - Attempt 1/10: Loading https://www.bybit.com/fiat/trade/otc?actionType=1&token=USDT&fiat=NGN
2025-04-08 15:48:41 - INFO - Screenshot saved as 'pb2b/screenshots/bybit_page_20250408_154841.png'
2025-04-08 15:48:42 - INFO - Fetching BUY listings for USDT/EUR
2025-04-08 15:48:42 - INFO - Data successfully saved to SQLite database. New listings - Bybit: 4, Binance: 6
2025-04-08 15:48:42 - INFO - Browser session closed
2025-04-08 15:48:42 - INFO - SQLite database connection closed
