2025-11-11 00:04:19 - INFO - Logging initialized. Log file: pb2b/logs/bybit_scraper_20251111.log
2025-11-11 00:04:20 - INFO - DataSaver logging initialized. Log file: pb2b/logs/data_saver_20251111.log
2025-11-11 00:04:20 - INFO - Connected to SQLite database: pb2b/p2p_listings.db
2025-11-11 00:04:20 - INFO - Database tables created successfully
2025-11-11 00:04:20 - INFO - Attempt 1/10: Loading https://www.bybit.com/fiat/trade/otc?actionType=1&token=USDT&fiat=NGN
2025-11-11 00:04:30 - INFO - Screenshot saved as 'pb2b/screenshots/bybit_page_20251111_000430.png'
2025-11-11 00:04:30 - INFO - Fetching BUY listings for USDT/EUR
2025-11-11 00:04:31 - INFO - Data successfully saved to SQLite database. New listings - Bybit: 4, Binance: 6
2025-11-11 00:04:31 - INFO - Browser session closed
2025-11-11 00:04:31 - INFO - SQLite database connection closed
2025-11-11 02:08:56 - INFO - Logging initialized. Log file: pb2b/logs/bybit_scraper_20251111.log
2025-11-11 02:08:58 - INFO - DataSaver logging initialized. Log file: pb2b/logs/data_saver_20251111.log
2025-11-11 02:08:58 - INFO - Connected to SQLite database: pb2b/p2p_listings.db
2025-11-11 02:08:58 - INFO - Database tables created successfully
2025-11-11 02:08:58 - INFO - Attempt 1/10: Loading https://www.bybit.com/fiat/trade/otc?actionType=1&token=USDT&fiat=NGN
2025-11-11 02:09:08 - INFO - Screenshot saved as 'pb2b/screenshots/bybit_page_20251111_020908.png'
2025-11-11 02:09:08 - INFO - Fetching BUY listings for USDT/EUR
2025-11-11 02:09:09 - INFO - Data successfully saved to SQLite database. New listings - Bybit: 4, Binance: 6
2025-11-11 02:09:09 - INFO - Browser session closed
2025-11-11 02:09:09 - INFO - SQLite database connection closed
2025-11-11 03:24:11 - INFO - Logging initialized. Log file: pb2b/logs/bybit_scraper_20251111.log
2025-11-11 03:24:13 - INFO - DataSaver logging initialized. Log file: pb2b/logs/data_saver_20251111.log
2025-11-11 03:24:13 - INFO - Connected to SQLite database: pb2b/p2p_listings.db
2025-11-11 03:24:13 - INFO - Database tables created successfully
2025-11-11 03:24:13 - INFO - Attempt 1/10: Loading https://www.bybit.com/fiat/trade/otc?actionType=1&token=USDT&fiat=NGN
2025-11-11 03:24:24 - INFO - Screenshot saved as 'pb2b/screenshots/bybit_page_20251111_032424.png'
2025-11-11 03:24:25 - INFO - Fetching BUY listings for USDT/EUR
2025-11-11 03:24:25 - INFO - Data successfully saved to SQLite database. New listings - Bybit: 4, Binance: 6
2025-11-11 03:24:26 - INFO - Browser session closed
2025-11-11 03:24:26 - INFO - SQLite database connection closed
2025-11-11 03:59:37 - INFO - Logging initialized. Log file: pb2b/logs/bybit_scraper_20251111.log
2025-11-11 03:59:39 - INFO - DataSaver logging initialized. Log file: pb2b/logs/data_saver_20251111.log
2025-11-11 03:59:39 - INFO - Connected to SQLite database: pb2b/p2p_listings.db
2025-11-11 03:59:39 - INFO - Database tables created successfully
2025-11-11 03:59:39 - INFO - Attempt 1/10: Loading https://www.bybit.com/fiat/trade/otc?actionType=1&token=USDT&fiat=NGN
2025-11-11 03:59:51 - INFO - Screenshot saved as 'pb2b/screenshots/bybit_page_20251111_035951.png'
2025-11-11 03:59:51 - INFO - Fetching BUY listings for USDT/EUR
2025-11-11 03:59:52 - INFO - Data successfully saved to SQLite database. New listings - Bybit: 4, Binance: 6
2025-11-11 03:59:52 - INFO - Browser session closed
2025-11-11 03:59:52 - INFO - SQLite database connection closed
2025-11-11 04:35:58 - INFO - Logging initialized. Log file: pb2b/logs/bybit_scraper_20251111.log
2025-11-11 04:36:01 - INFO - DataSaver logging initialized. Log file: pb2b/logs/data_saver_20251111.log
2025-11-11 04:36:01 - INFO - Connected to SQLite database: pb2b/p2p_listings.db
2025-11-11 04:36:01 - INFO - Database tables created successfully
2025-11-11 04:36:01 - INFO - Attempt 1/10: Loading https://www.bybit.com/fiat/trade/otc?actionType=1&token=USDT&fiat=NGN
2025-11-11 04:36:11 - INFO - Screenshot saved as 'pb2b/screenshots/bybit_page_20251111_043610.png'
2025-11-11 04:36:11 - INFO - Fetching BUY listings for USDT/EUR
2025-11-11 04:36:12 - INFO - Data successfully saved to SQLite database. New listings - Bybit: 4, Binance: 6
2025-11-11 04:36:12 - INFO - Browser session closed
2025-11-11 04:36:12 - INFO - SQLite database connection closed
2025-11-11 04:53:28 - INFO - Logging initialized. Log file: pb2b/logs/bybit_scraper_20251111.log
2025-11-11 04:53:29 - INFO - DataSaver logging initialized. Log file: pb2b/logs/data_saver_20251111.log
2025-11-11 04:53:29 - INFO - Connected to SQLite database: pb2b/p2p_listings.db
2025-11-11 04:53:29 - INFO - Database tables created successfully
2025-11-11 04:53:29 - INFO - Attempt 1/10: Loading https://www.bybit.com/fiat/trade/otc?actionType=1&token=USDT&fiat=NGN
2025-11-11 04:53:39 - INFO - Screenshot saved as 'pb2b/screenshots/bybit_page_20251111_045339.png'
2025-11-11 04:53:39 - INFO - Fetching BUY listings for USDT/EUR
2025-11-11 04:53:40 - INFO - Data successfully saved to SQLite database. New listings - Bybit: 4, Binance: 6
2025-11-11 04:53:40 - INFO - Browser session closed
2025-11-11 04:53:40 - INFO - SQLite database connection closed
2025-11-11 05:21:28 - INFO - Logging initialized. Log file: pb2b/logs/bybit_scraper_20251111.log
2025-11-11 05:21:30 - INFO - DataSaver logging initialized. Log file: pb2b/logs/data_saver_20251111.log
2025-11-11 05:21:30 - INFO - Connected to SQLite database: pb2b/p2p_listings.db
2025-11-11 05:21:30 - INFO - Database tables created successfully
2025-11-11 05:21:30 - INFO - Attempt 1/10: Loading https://www.bybit.com/fiat/trade/otc?actionType=1&token=USDT&fiat=NGN
2025-11-11 05:21:41 - INFO - Screenshot saved as 'pb2b/screenshots/bybit_page_20251111_052140.png'
2025-11-11 05:21:41 - INFO - Fetching BUY listings for USDT/EUR
2025-11-11 05:21:41 - INFO - Data successfully saved to SQLite database. New listings - Bybit: 4, Binance: 6
2025-11-11 05:21:42 - INFO - Browser session closed
2025-11-11 05:21:42 - INFO - SQLite database connection closed
