2024-12-28 00:45:33 - INFO - Logging initialized. Log file: pb2b/logs/bybit_scraper_20241228.log
2024-12-28 00:45:33 - INFO - DataSaver logging initialized. Log file: pb2b/logs/data_saver_20241228.log
2024-12-28 00:45:33 - INFO - Connected to SQLite database: pb2b/p2p_listings.db
2024-12-28 00:45:33 - INFO - Database tables created successfully
2024-12-28 00:45:33 - INFO - Attempt 1/10: Loading https://www.bybit.com/fiat/trade/otc?actionType=1&token=USDT&fiat=NGN
2024-12-28 00:45:45 - INFO - Screenshot saved as 'pb2b/screenshots/bybit_page_20241228_004545.png'
2024-12-28 00:45:45 - INFO - Fetching BUY listings for USDT/EUR
2024-12-28 00:45:46 - INFO - Data successfully saved to SQLite database. New listings - Bybit: 4, Binance: 6
2024-12-28 00:45:46 - INFO - Browser session closed
2024-12-28 00:45:46 - INFO - SQLite database connection closed
2024-12-28 02:06:42 - INFO - Logging initialized. Log file: pb2b/logs/bybit_scraper_20241228.log
2024-12-28 02:06:42 - INFO - DataSaver logging initialized. Log file: pb2b/logs/data_saver_20241228.log
2024-12-28 02:06:42 - INFO - Connected to SQLite database: pb2b/p2p_listings.db
2024-12-28 02:06:42 - INFO - Database tables created successfully
2024-12-28 02:06:42 - INFO - Attempt 1/10: Loading https://www.bybit.com/fiat/trade/otc?actionType=1&token=USDT&fiat=NGN
2024-12-28 02:06:52 - INFO - Screenshot saved as 'pb2b/screenshots/bybit_page_20241228_020652.png'
2024-12-28 02:06:52 - INFO - Fetching BUY listings for USDT/EUR
2024-12-28 02:06:53 - INFO - Data successfully saved to SQLite database. New listings - Bybit: 4, Binance: 6
2024-12-28 02:06:53 - INFO - Browser session closed
2024-12-28 02:06:53 - INFO - SQLite database connection closed
2024-12-28 02:53:19 - INFO - Logging initialized. Log file: pb2b/logs/bybit_scraper_20241228.log
2024-12-28 02:53:20 - INFO - DataSaver logging initialized. Log file: pb2b/logs/data_saver_20241228.log
2024-12-28 02:53:20 - INFO - Connected to SQLite database: pb2b/p2p_listings.db
2024-12-28 02:53:20 - INFO - Database tables created successfully
2024-12-28 02:53:20 - INFO - Attempt 1/10: Loading https://www.bybit.com/fiat/trade/otc?actionType=1&token=USDT&fiat=NGN
2024-12-28 02:53:30 - INFO - Screenshot saved as 'pb2b/screenshots/bybit_page_20241228_025330.png'
2024-12-28 02:53:30 - INFO - Fetching BUY listings for USDT/EUR
2024-12-28 02:53:31 - INFO - Data successfully saved to SQLite database. New listings - Bybit: 4, Binance: 6
2024-12-28 02:53:31 - INFO - Browser session closed
2024-12-28 02:53:31 - INFO - SQLite database connection closed
2024-12-28 03:20:06 - INFO - Logging initialized. Log file: pb2b/logs/bybit_scraper_20241228.log
2024-12-28 03:20:06 - INFO - DataSaver logging initialized. Log file: pb2b/logs/data_saver_20241228.log
2024-12-28 03:20:06 - INFO - Connected to SQLite database: pb2b/p2p_listings.db
2024-12-28 03:20:06 - INFO - Database tables created successfully
2024-12-28 03:20:06 - INFO - Attempt 1/10: Loading https://www.bybit.com/fiat/trade/otc?actionType=1&token=USDT&fiat=NGN
2024-12-28 03:20:16 - INFO - Screenshot saved as 'pb2b/screenshots/bybit_page_20241228_032016.png'
2024-12-28 03:20:16 - INFO - Fetching BUY listings for USDT/EUR
2024-12-28 03:20:17 - INFO - Data successfully saved to SQLite database. New listings - Bybit: 4, Binance: 6
2024-12-28 03:20:17 - INFO - Browser session closed
2024-12-28 03:20:17 - INFO - SQLite database connection closed
2024-12-28 03:38:06 - INFO - Logging initialized. Log file: pb2b/logs/bybit_scraper_20241228.log
2024-12-28 03:38:08 - INFO - DataSaver logging initialized. Log file: pb2b/logs/data_saver_20241228.log
2024-12-28 03:38:08 - INFO - Connected to SQLite database: pb2b/p2p_listings.db
2024-12-28 03:38:08 - INFO - Database tables created successfully
2024-12-28 03:38:08 - INFO - Attempt 1/10: Loading https://www.bybit.com/fiat/trade/otc?actionType=1&token=USDT&fiat=NGN
2024-12-28 03:38:18 - INFO - Screenshot saved as 'pb2b/screenshots/bybit_page_20241228_033818.png'
2024-12-28 03:38:18 - INFO - Fetching BUY listings for USDT/EUR
2024-12-28 03:38:19 - INFO - Data successfully saved to SQLite database. New listings - Bybit: 4, Binance: 6
2024-12-28 03:38:19 - INFO - Browser session closed
2024-12-28 03:38:19 - INFO - SQLite database connection closed
