2025-12-28 00:57:24 - INFO - Logging initialized. Log file: pb2b/logs/bybit_scraper_20251228.log
2025-12-28 00:57:25 - INFO - DataSaver logging initialized. Log file: pb2b/logs/data_saver_20251228.log
2025-12-28 00:57:25 - INFO - Connected to SQLite database: pb2b/p2p_listings.db
2025-12-28 00:57:25 - INFO - Database tables created successfully
2025-12-28 00:57:25 - INFO - Attempt 1/10: Loading https://www.bybit.com/fiat/trade/otc?actionType=1&token=USDT&fiat=NGN
2025-12-28 00:57:35 - INFO - Screenshot saved as 'pb2b/screenshots/bybit_page_20251228_005735.png'
2025-12-28 00:57:35 - WARNING - Error parsing row: Message: no such element: Unable to locate element: {"method":"css selector","selector":"td:nth-child(2)"}
  (Session info: chrome=143.0.7499.169); For documentation on this error, please visit: https://www.selenium.dev/documentation/webdriver/troubleshooting/errors#nosuchelementexception
Stacktrace:
#0 0x55a195cae19a <unknown>
#1 0x55a19572bc4b <unknown>
#2 0x55a19577d318 <unknown>
#3 0x55a19577d551 <unknown>
#4 0x55a195771586 <unknown>
#5 0x55a195771477 <unknown>
#6 0x55a1957c8bee <unknown>
#7 0x55a19576fc42 <unknown>
#8 0x55a1957708f1 <unknown>
#9 0x55a195c76f39 <unknown>
#10 0x55a195c79e7d <unknown>
#11 0x55a195c5fc81 <unknown>
#12 0x55a195c7aa5b <unknown>
#13 0x55a195c46a50 <unknown>
#14 0x55a195c9baa8 <unknown>
#15 0x55a195c9bc79 <unknown>
#16 0x55a195cad4f3 <unknown>
#17 0x7f8977a9caa4 <unknown>
#18 0x7f8977b29c6c <unknown>

2025-12-28 00:57:35 - INFO - Fetching BUY listings for USDT/EUR
2025-12-28 00:57:36 - INFO - Data successfully saved to SQLite database. New listings - Bybit: 4, Binance: 6
2025-12-28 00:57:36 - INFO - Browser session closed
2025-12-28 00:57:36 - INFO - SQLite database connection closed
2025-12-28 03:09:56 - INFO - Logging initialized. Log file: pb2b/logs/bybit_scraper_20251228.log
2025-12-28 03:09:58 - INFO - DataSaver logging initialized. Log file: pb2b/logs/data_saver_20251228.log
2025-12-28 03:09:58 - INFO - Connected to SQLite database: pb2b/p2p_listings.db
2025-12-28 03:09:58 - INFO - Database tables created successfully
2025-12-28 03:09:58 - INFO - Attempt 1/10: Loading https://www.bybit.com/fiat/trade/otc?actionType=1&token=USDT&fiat=NGN
2025-12-28 03:10:08 - INFO - Screenshot saved as 'pb2b/screenshots/bybit_page_20251228_031008.png'
2025-12-28 03:10:08 - WARNING - Error parsing row: Message: no such element: Unable to locate element: {"method":"css selector","selector":"td:nth-child(2)"}
  (Session info: chrome=143.0.7499.169); For documentation on this error, please visit: https://www.selenium.dev/documentation/webdriver/troubleshooting/errors#nosuchelementexception
Stacktrace:
#0 0x561ba843119a <unknown>
#1 0x561ba7eaec4b <unknown>
#2 0x561ba7f00318 <unknown>
#3 0x561ba7f00551 <unknown>
#4 0x561ba7ef4586 <unknown>
#5 0x561ba7ef4477 <unknown>
#6 0x561ba7f4bbee <unknown>
#7 0x561ba7ef2c42 <unknown>
#8 0x561ba7ef38f1 <unknown>
#9 0x561ba83f9f39 <unknown>
#10 0x561ba83fce7d <unknown>
#11 0x561ba83e2c81 <unknown>
#12 0x561ba83fda5b <unknown>
#13 0x561ba83c9a50 <unknown>
#14 0x561ba841eaa8 <unknown>
#15 0x561ba841ec79 <unknown>
#16 0x561ba84304f3 <unknown>
#17 0x7fca2e89caa4 <unknown>
#18 0x7fca2e929c6c <unknown>

2025-12-28 03:10:08 - INFO - Fetching BUY listings for USDT/EUR
2025-12-28 03:10:09 - INFO - Data successfully saved to SQLite database. New listings - Bybit: 4, Binance: 6
2025-12-28 03:10:09 - INFO - Browser session closed
2025-12-28 03:10:09 - INFO - SQLite database connection closed
2025-12-28 04:20:11 - INFO - Logging initialized. Log file: pb2b/logs/bybit_scraper_20251228.log
2025-12-28 04:20:13 - INFO - DataSaver logging initialized. Log file: pb2b/logs/data_saver_20251228.log
2025-12-28 04:20:13 - INFO - Connected to SQLite database: pb2b/p2p_listings.db
2025-12-28 04:20:13 - INFO - Database tables created successfully
2025-12-28 04:20:13 - INFO - Attempt 1/10: Loading https://www.bybit.com/fiat/trade/otc?actionType=1&token=USDT&fiat=NGN
2025-12-28 04:20:24 - INFO - Screenshot saved as 'pb2b/screenshots/bybit_page_20251228_042024.png'
2025-12-28 04:20:24 - WARNING - Error parsing row: Message: no such element: Unable to locate element: {"method":"css selector","selector":"td:nth-child(2)"}
  (Session info: chrome=143.0.7499.169); For documentation on this error, please visit: https://www.selenium.dev/documentation/webdriver/troubleshooting/errors#nosuchelementexception
Stacktrace:
#0 0x55d5d040a19a <unknown>
#1 0x55d5cfe87c4b <unknown>
#2 0x55d5cfed9318 <unknown>
#3 0x55d5cfed9551 <unknown>
#4 0x55d5cfecd586 <unknown>
#5 0x55d5cfecd477 <unknown>
#6 0x55d5cff24bee <unknown>
#7 0x55d5cfecbc42 <unknown>
#8 0x55d5cfecc8f1 <unknown>
#9 0x55d5d03d2f39 <unknown>
#10 0x55d5d03d5e7d <unknown>
#11 0x55d5d03bbc81 <unknown>
#12 0x55d5d03d6a5b <unknown>
#13 0x55d5d03a2a50 <unknown>
#14 0x55d5d03f7aa8 <unknown>
#15 0x55d5d03f7c79 <unknown>
#16 0x55d5d04094f3 <unknown>
#17 0x7fc22de9caa4 <unknown>
#18 0x7fc22df29c6c <unknown>

2025-12-28 04:20:25 - INFO - Fetching BUY listings for USDT/EUR
2025-12-28 04:20:26 - INFO - Data successfully saved to SQLite database. New listings - Bybit: 4, Binance: 6
2025-12-28 04:20:26 - INFO - Browser session closed
2025-12-28 04:20:26 - INFO - SQLite database connection closed
2025-12-28 05:01:40 - INFO - Logging initialized. Log file: pb2b/logs/bybit_scraper_20251228.log
2025-12-28 05:01:41 - INFO - DataSaver logging initialized. Log file: pb2b/logs/data_saver_20251228.log
2025-12-28 05:01:41 - INFO - Connected to SQLite database: pb2b/p2p_listings.db
2025-12-28 05:01:41 - INFO - Database tables created successfully
2025-12-28 05:01:41 - INFO - Attempt 1/10: Loading https://www.bybit.com/fiat/trade/otc?actionType=1&token=USDT&fiat=NGN
2025-12-28 05:01:53 - INFO - Screenshot saved as 'pb2b/screenshots/bybit_page_20251228_050153.png'
2025-12-28 05:01:53 - WARNING - Error parsing row: Message: no such element: Unable to locate element: {"method":"css selector","selector":"td:nth-child(2)"}
  (Session info: chrome=143.0.7499.169); For documentation on this error, please visit: https://www.selenium.dev/documentation/webdriver/troubleshooting/errors#nosuchelementexception
Stacktrace:
#0 0x5653d0af819a <unknown>
#1 0x5653d0575c4b <unknown>
#2 0x5653d05c7318 <unknown>
#3 0x5653d05c7551 <unknown>
#4 0x5653d05bb586 <unknown>
#5 0x5653d05bb477 <unknown>
#6 0x5653d0612bee <unknown>
#7 0x5653d05b9c42 <unknown>
#8 0x5653d05ba8f1 <unknown>
#9 0x5653d0ac0f39 <unknown>
#10 0x5653d0ac3e7d <unknown>
#11 0x5653d0aa9c81 <unknown>
#12 0x5653d0ac4a5b <unknown>
#13 0x5653d0a90a50 <unknown>
#14 0x5653d0ae5aa8 <unknown>
#15 0x5653d0ae5c79 <unknown>
#16 0x5653d0af74f3 <unknown>
#17 0x7fbd1b89caa4 <unknown>
#18 0x7fbd1b929c6c <unknown>

2025-12-28 05:01:53 - INFO - Fetching BUY listings for USDT/EUR
2025-12-28 05:01:54 - INFO - Data successfully saved to SQLite database. New listings - Bybit: 4, Binance: 6
2025-12-28 05:01:54 - INFO - Browser session closed
2025-12-28 05:01:54 - INFO - SQLite database connection closed
2025-12-28 05:38:37 - INFO - Logging initialized. Log file: pb2b/logs/bybit_scraper_20251228.log
2025-12-28 05:38:38 - INFO - DataSaver logging initialized. Log file: pb2b/logs/data_saver_20251228.log
2025-12-28 05:38:38 - INFO - Connected to SQLite database: pb2b/p2p_listings.db
2025-12-28 05:38:38 - INFO - Database tables created successfully
2025-12-28 05:38:38 - INFO - Attempt 1/10: Loading https://www.bybit.com/fiat/trade/otc?actionType=1&token=USDT&fiat=NGN
2025-12-28 05:38:47 - INFO - Screenshot saved as 'pb2b/screenshots/bybit_page_20251228_053847.png'
2025-12-28 05:38:47 - WARNING - Error parsing row: Message: no such element: Unable to locate element: {"method":"css selector","selector":"td:nth-child(2)"}
  (Session info: chrome=143.0.7499.169); For documentation on this error, please visit: https://www.selenium.dev/documentation/webdriver/troubleshooting/errors#nosuchelementexception
Stacktrace:
#0 0x55d103bb019a <unknown>
#1 0x55d10362dc4b <unknown>
#2 0x55d10367f318 <unknown>
#3 0x55d10367f551 <unknown>
#4 0x55d103673586 <unknown>
#5 0x55d103673477 <unknown>
#6 0x55d1036cabee <unknown>
#7 0x55d103671c42 <unknown>
#8 0x55d1036728f1 <unknown>
#9 0x55d103b78f39 <unknown>
#10 0x55d103b7be7d <unknown>
#11 0x55d103b61c81 <unknown>
#12 0x55d103b7ca5b <unknown>
#13 0x55d103b48a50 <unknown>
#14 0x55d103b9daa8 <unknown>
#15 0x55d103b9dc79 <unknown>
#16 0x55d103baf4f3 <unknown>
#17 0x7f21d969caa4 <unknown>
#18 0x7f21d9729c6c <unknown>

2025-12-28 05:38:48 - INFO - Fetching BUY listings for USDT/EUR
2025-12-28 05:38:49 - INFO - Data successfully saved to SQLite database. New listings - Bybit: 4, Binance: 6
2025-12-28 05:38:49 - INFO - Browser session closed
2025-12-28 05:38:49 - INFO - SQLite database connection closed
2025-12-28 05:57:01 - INFO - Logging initialized. Log file: pb2b/logs/bybit_scraper_20251228.log
2025-12-28 05:57:02 - INFO - DataSaver logging initialized. Log file: pb2b/logs/data_saver_20251228.log
2025-12-28 05:57:02 - INFO - Connected to SQLite database: pb2b/p2p_listings.db
2025-12-28 05:57:02 - INFO - Database tables created successfully
2025-12-28 05:57:02 - INFO - Attempt 1/10: Loading https://www.bybit.com/fiat/trade/otc?actionType=1&token=USDT&fiat=NGN
2025-12-28 05:57:10 - INFO - Screenshot saved as 'pb2b/screenshots/bybit_page_20251228_055710.png'
2025-12-28 05:57:10 - WARNING - Error parsing row: Message: no such element: Unable to locate element: {"method":"css selector","selector":"td:nth-child(2)"}
  (Session info: chrome=143.0.7499.169); For documentation on this error, please visit: https://www.selenium.dev/documentation/webdriver/troubleshooting/errors#nosuchelementexception
Stacktrace:
#0 0x55bba3dda19a <unknown>
#1 0x55bba3857c4b <unknown>
#2 0x55bba38a9318 <unknown>
#3 0x55bba38a9551 <unknown>
#4 0x55bba389d586 <unknown>
#5 0x55bba389d477 <unknown>
#6 0x55bba38f4bee <unknown>
#7 0x55bba389bc42 <unknown>
#8 0x55bba389c8f1 <unknown>
#9 0x55bba3da2f39 <unknown>
#10 0x55bba3da5e7d <unknown>
#11 0x55bba3d8bc81 <unknown>
#12 0x55bba3da6a5b <unknown>
#13 0x55bba3d72a50 <unknown>
#14 0x55bba3dc7aa8 <unknown>
#15 0x55bba3dc7c79 <unknown>
#16 0x55bba3dd94f3 <unknown>
#17 0x7fc0c5e9caa4 <unknown>
#18 0x7fc0c5f29c6c <unknown>

2025-12-28 05:57:10 - INFO - Fetching BUY listings for USDT/EUR
2025-12-28 05:57:11 - INFO - Data successfully saved to SQLite database. New listings - Bybit: 4, Binance: 6
2025-12-28 05:57:11 - INFO - Browser session closed
2025-12-28 05:57:11 - INFO - SQLite database connection closed
2025-12-28 06:35:17 - INFO - Logging initialized. Log file: pb2b/logs/bybit_scraper_20251228.log
2025-12-28 06:35:18 - INFO - DataSaver logging initialized. Log file: pb2b/logs/data_saver_20251228.log
2025-12-28 06:35:18 - INFO - Connected to SQLite database: pb2b/p2p_listings.db
2025-12-28 06:35:18 - INFO - Database tables created successfully
2025-12-28 06:35:18 - INFO - Attempt 1/10: Loading https://www.bybit.com/fiat/trade/otc?actionType=1&token=USDT&fiat=NGN
2025-12-28 06:35:30 - INFO - Screenshot saved as 'pb2b/screenshots/bybit_page_20251228_063529.png'
2025-12-28 06:35:30 - WARNING - Error parsing row: Message: no such element: Unable to locate element: {"method":"css selector","selector":"td:nth-child(2)"}
  (Session info: chrome=143.0.7499.169); For documentation on this error, please visit: https://www.selenium.dev/documentation/webdriver/troubleshooting/errors#nosuchelementexception
Stacktrace:
#0 0x55a23df7519a <unknown>
#1 0x55a23d9f2c4b <unknown>
#2 0x55a23da44318 <unknown>
#3 0x55a23da44551 <unknown>
#4 0x55a23da38586 <unknown>
#5 0x55a23da38477 <unknown>
#6 0x55a23da8fbee <unknown>
#7 0x55a23da36c42 <unknown>
#8 0x55a23da378f1 <unknown>
#9 0x55a23df3df39 <unknown>
#10 0x55a23df40e7d <unknown>
#11 0x55a23df26c81 <unknown>
#12 0x55a23df41a5b <unknown>
#13 0x55a23df0da50 <unknown>
#14 0x55a23df62aa8 <unknown>
#15 0x55a23df62c79 <unknown>
#16 0x55a23df744f3 <unknown>
#17 0x7efdb6a9caa4 <unknown>
#18 0x7efdb6b29c6c <unknown>

2025-12-28 06:35:30 - INFO - Fetching BUY listings for USDT/EUR
2025-12-28 06:35:31 - INFO - Data successfully saved to SQLite database. New listings - Bybit: 4, Binance: 6
2025-12-28 06:35:31 - INFO - Browser session closed
2025-12-28 06:35:31 - INFO - SQLite database connection closed
2025-12-28 07:01:11 - INFO - Logging initialized. Log file: pb2b/logs/bybit_scraper_20251228.log
2025-12-28 07:01:13 - INFO - DataSaver logging initialized. Log file: pb2b/logs/data_saver_20251228.log
2025-12-28 07:01:13 - INFO - Connected to SQLite database: pb2b/p2p_listings.db
2025-12-28 07:01:13 - INFO - Database tables created successfully
2025-12-28 07:01:13 - INFO - Attempt 1/10: Loading https://www.bybit.com/fiat/trade/otc?actionType=1&token=USDT&fiat=NGN
2025-12-28 07:01:23 - INFO - Screenshot saved as 'pb2b/screenshots/bybit_page_20251228_070123.png'
2025-12-28 07:01:23 - WARNING - Error parsing row: Message: no such element: Unable to locate element: {"method":"css selector","selector":"td:nth-child(2)"}
  (Session info: chrome=143.0.7499.169); For documentation on this error, please visit: https://www.selenium.dev/documentation/webdriver/troubleshooting/errors#nosuchelementexception
Stacktrace:
#0 0x5561e8bd019a <unknown>
#1 0x5561e864dc4b <unknown>
#2 0x5561e869f318 <unknown>
#3 0x5561e869f551 <unknown>
#4 0x5561e8693586 <unknown>
#5 0x5561e8693477 <unknown>
#6 0x5561e86eabee <unknown>
#7 0x5561e8691c42 <unknown>
#8 0x5561e86928f1 <unknown>
#9 0x5561e8b98f39 <unknown>
#10 0x5561e8b9be7d <unknown>
#11 0x5561e8b81c81 <unknown>
#12 0x5561e8b9ca5b <unknown>
#13 0x5561e8b68a50 <unknown>
#14 0x5561e8bbdaa8 <unknown>
#15 0x5561e8bbdc79 <unknown>
#16 0x5561e8bcf4f3 <unknown>
#17 0x7f502b09caa4 <unknown>
#18 0x7f502b129c6c <unknown>

2025-12-28 07:01:24 - INFO - Fetching BUY listings for USDT/EUR
2025-12-28 07:01:24 - INFO - Data successfully saved to SQLite database. New listings - Bybit: 4, Binance: 6
2025-12-28 07:01:24 - INFO - Browser session closed
2025-12-28 07:01:24 - INFO - SQLite database connection closed
2025-12-28 07:32:18 - INFO - Logging initialized. Log file: pb2b/logs/bybit_scraper_20251228.log
2025-12-28 07:32:19 - INFO - DataSaver logging initialized. Log file: pb2b/logs/data_saver_20251228.log
2025-12-28 07:32:19 - INFO - Connected to SQLite database: pb2b/p2p_listings.db
2025-12-28 07:32:19 - INFO - Database tables created successfully
2025-12-28 07:32:19 - INFO - Attempt 1/10: Loading https://www.bybit.com/fiat/trade/otc?actionType=1&token=USDT&fiat=NGN
2025-12-28 07:32:34 - INFO - Screenshot saved as 'pb2b/screenshots/bybit_page_20251228_073234.png'
2025-12-28 07:32:34 - WARNING - Error parsing row: Message: no such element: Unable to locate element: {"method":"css selector","selector":"td:nth-child(2)"}
  (Session info: chrome=143.0.7499.169); For documentation on this error, please visit: https://www.selenium.dev/documentation/webdriver/troubleshooting/errors#nosuchelementexception
Stacktrace:
#0 0x55b107cbf19a <unknown>
#1 0x55b10773cc4b <unknown>
#2 0x55b10778e318 <unknown>
#3 0x55b10778e551 <unknown>
#4 0x55b107782586 <unknown>
#5 0x55b107782477 <unknown>
#6 0x55b1077d9bee <unknown>
#7 0x55b107780c42 <unknown>
#8 0x55b1077818f1 <unknown>
#9 0x55b107c87f39 <unknown>
#10 0x55b107c8ae7d <unknown>
#11 0x55b107c70c81 <unknown>
#12 0x55b107c8ba5b <unknown>
#13 0x55b107c57a50 <unknown>
#14 0x55b107cacaa8 <unknown>
#15 0x55b107cacc79 <unknown>
#16 0x55b107cbe4f3 <unknown>
#17 0x7f0edca9caa4 <unknown>
#18 0x7f0edcb29c6c <unknown>

2025-12-28 07:32:34 - INFO - Fetching BUY listings for USDT/EUR
2025-12-28 07:32:35 - INFO - Data successfully saved to SQLite database. New listings - Bybit: 4, Binance: 6
2025-12-28 07:32:35 - INFO - Browser session closed
2025-12-28 07:32:35 - INFO - SQLite database connection closed
2025-12-28 07:48:22 - INFO - Logging initialized. Log file: pb2b/logs/bybit_scraper_20251228.log
2025-12-28 07:48:23 - INFO - DataSaver logging initialized. Log file: pb2b/logs/data_saver_20251228.log
2025-12-28 07:48:23 - INFO - Connected to SQLite database: pb2b/p2p_listings.db
2025-12-28 07:48:23 - INFO - Database tables created successfully
2025-12-28 07:48:23 - INFO - Attempt 1/10: Loading https://www.bybit.com/fiat/trade/otc?actionType=1&token=USDT&fiat=NGN
2025-12-28 07:48:31 - INFO - Screenshot saved as 'pb2b/screenshots/bybit_page_20251228_074831.png'
2025-12-28 07:48:31 - WARNING - Error parsing row: Message: no such element: Unable to locate element: {"method":"css selector","selector":"td:nth-child(2)"}
  (Session info: chrome=143.0.7499.169); For documentation on this error, please visit: https://www.selenium.dev/documentation/webdriver/troubleshooting/errors#nosuchelementexception
Stacktrace:
#0 0x55e026aed19a <unknown>
#1 0x55e02656ac4b <unknown>
#2 0x55e0265bc318 <unknown>
#3 0x55e0265bc551 <unknown>
#4 0x55e0265b0586 <unknown>
#5 0x55e0265b0477 <unknown>
#6 0x55e026607bee <unknown>
#7 0x55e0265aec42 <unknown>
#8 0x55e0265af8f1 <unknown>
#9 0x55e026ab5f39 <unknown>
#10 0x55e026ab8e7d <unknown>
#11 0x55e026a9ec81 <unknown>
#12 0x55e026ab9a5b <unknown>
#13 0x55e026a85a50 <unknown>
#14 0x55e026adaaa8 <unknown>
#15 0x55e026adac79 <unknown>
#16 0x55e026aec4f3 <unknown>
#17 0x7f821a69caa4 <unknown>
#18 0x7f821a729c6c <unknown>

2025-12-28 07:48:31 - INFO - Fetching BUY listings for USDT/EUR
2025-12-28 07:48:32 - INFO - Data successfully saved to SQLite database. New listings - Bybit: 4, Binance: 6
2025-12-28 07:48:32 - INFO - Browser session closed
2025-12-28 07:48:32 - INFO - SQLite database connection closed
2025-12-28 08:02:13 - INFO - Logging initialized. Log file: pb2b/logs/bybit_scraper_20251228.log
2025-12-28 08:02:14 - INFO - DataSaver logging initialized. Log file: pb2b/logs/data_saver_20251228.log
2025-12-28 08:02:14 - INFO - Connected to SQLite database: pb2b/p2p_listings.db
2025-12-28 08:02:14 - INFO - Database tables created successfully
2025-12-28 08:02:14 - INFO - Attempt 1/10: Loading https://www.bybit.com/fiat/trade/otc?actionType=1&token=USDT&fiat=NGN
2025-12-28 08:02:24 - INFO - Screenshot saved as 'pb2b/screenshots/bybit_page_20251228_080224.png'
2025-12-28 08:02:24 - WARNING - Error parsing row: Message: no such element: Unable to locate element: {"method":"css selector","selector":"td:nth-child(2)"}
  (Session info: chrome=143.0.7499.169); For documentation on this error, please visit: https://www.selenium.dev/documentation/webdriver/troubleshooting/errors#nosuchelementexception
Stacktrace:
#0 0x55e20a78419a <unknown>
#1 0x55e20a201c4b <unknown>
#2 0x55e20a253318 <unknown>
#3 0x55e20a253551 <unknown>
#4 0x55e20a247586 <unknown>
#5 0x55e20a247477 <unknown>
#6 0x55e20a29ebee <unknown>
#7 0x55e20a245c42 <unknown>
#8 0x55e20a2468f1 <unknown>
#9 0x55e20a74cf39 <unknown>
#10 0x55e20a74fe7d <unknown>
#11 0x55e20a735c81 <unknown>
#12 0x55e20a750a5b <unknown>
#13 0x55e20a71ca50 <unknown>
#14 0x55e20a771aa8 <unknown>
#15 0x55e20a771c79 <unknown>
#16 0x55e20a7834f3 <unknown>
#17 0x7f353609caa4 <unknown>
#18 0x7f3536129c6c <unknown>

2025-12-28 08:02:24 - INFO - Fetching BUY listings for USDT/EUR
2025-12-28 08:02:25 - INFO - Data successfully saved to SQLite database. New listings - Bybit: 4, Binance: 6
2025-12-28 08:02:25 - INFO - Browser session closed
2025-12-28 08:02:25 - INFO - SQLite database connection closed
