2025-11-02 02:05:05 - INFO - Logging initialized. Log file: pb2b/logs/bybit_scraper_20251102.log
2025-11-02 02:05:11 - INFO - DataSaver logging initialized. Log file: pb2b/logs/data_saver_20251102.log
2025-11-02 02:05:11 - INFO - Connected to SQLite database: pb2b/p2p_listings.db
2025-11-02 02:05:11 - INFO - Database tables created successfully
2025-11-02 02:05:11 - INFO - Attempt 1/10: Loading https://www.bybit.com/fiat/trade/otc?actionType=1&token=USDT&fiat=NGN
2025-11-02 02:05:22 - INFO - Screenshot saved as 'pb2b/screenshots/bybit_page_20251102_020521.png'
2025-11-02 02:05:22 - INFO - Fetching BUY listings for USDT/EUR
2025-11-02 02:05:23 - INFO - Data successfully saved to SQLite database. New listings - Bybit: 4, Binance: 6
2025-11-02 02:05:23 - INFO - Browser session closed
2025-11-02 02:05:23 - INFO - SQLite database connection closed
2025-11-02 03:24:27 - INFO - Logging initialized. Log file: pb2b/logs/bybit_scraper_20251102.log
2025-11-02 03:24:33 - INFO - DataSaver logging initialized. Log file: pb2b/logs/data_saver_20251102.log
2025-11-02 03:24:33 - INFO - Connected to SQLite database: pb2b/p2p_listings.db
2025-11-02 03:24:33 - INFO - Database tables created successfully
2025-11-02 03:24:33 - INFO - Attempt 1/10: Loading https://www.bybit.com/fiat/trade/otc?actionType=1&token=USDT&fiat=NGN
2025-11-02 03:24:44 - INFO - Screenshot saved as 'pb2b/screenshots/bybit_page_20251102_032444.png'
2025-11-02 03:24:45 - INFO - Fetching BUY listings for USDT/EUR
2025-11-02 03:24:45 - INFO - Data successfully saved to SQLite database. New listings - Bybit: 4, Binance: 6
2025-11-02 03:24:45 - INFO - Browser session closed
2025-11-02 03:24:45 - INFO - SQLite database connection closed
2025-11-02 03:59:14 - INFO - Logging initialized. Log file: pb2b/logs/bybit_scraper_20251102.log
2025-11-02 03:59:19 - INFO - DataSaver logging initialized. Log file: pb2b/logs/data_saver_20251102.log
2025-11-02 03:59:19 - INFO - Connected to SQLite database: pb2b/p2p_listings.db
2025-11-02 03:59:19 - INFO - Database tables created successfully
2025-11-02 03:59:19 - INFO - Attempt 1/10: Loading https://www.bybit.com/fiat/trade/otc?actionType=1&token=USDT&fiat=NGN
2025-11-02 03:59:29 - INFO - Screenshot saved as 'pb2b/screenshots/bybit_page_20251102_035929.png'
2025-11-02 03:59:29 - INFO - Fetching BUY listings for USDT/EUR
2025-11-02 03:59:30 - INFO - Data successfully saved to SQLite database. New listings - Bybit: 4, Binance: 6
2025-11-02 03:59:30 - INFO - Browser session closed
2025-11-02 03:59:30 - INFO - SQLite database connection closed
2025-11-02 04:33:50 - INFO - Logging initialized. Log file: pb2b/logs/bybit_scraper_20251102.log
2025-11-02 04:33:55 - INFO - DataSaver logging initialized. Log file: pb2b/logs/data_saver_20251102.log
2025-11-02 04:33:55 - INFO - Connected to SQLite database: pb2b/p2p_listings.db
2025-11-02 04:33:55 - INFO - Database tables created successfully
2025-11-02 04:33:55 - INFO - Attempt 1/10: Loading https://www.bybit.com/fiat/trade/otc?actionType=1&token=USDT&fiat=NGN
2025-11-02 04:34:05 - INFO - Screenshot saved as 'pb2b/screenshots/bybit_page_20251102_043405.png'
2025-11-02 04:34:06 - INFO - Fetching BUY listings for USDT/EUR
2025-11-02 04:34:07 - INFO - Data successfully saved to SQLite database. New listings - Bybit: 4, Binance: 6
2025-11-02 04:34:07 - INFO - Browser session closed
2025-11-02 04:34:07 - INFO - SQLite database connection closed
2025-11-02 04:49:57 - INFO - Logging initialized. Log file: pb2b/logs/bybit_scraper_20251102.log
2025-11-02 04:50:04 - INFO - DataSaver logging initialized. Log file: pb2b/logs/data_saver_20251102.log
2025-11-02 04:50:04 - INFO - Connected to SQLite database: pb2b/p2p_listings.db
2025-11-02 04:50:04 - INFO - Database tables created successfully
2025-11-02 04:50:04 - INFO - Attempt 1/10: Loading https://www.bybit.com/fiat/trade/otc?actionType=1&token=USDT&fiat=NGN
2025-11-02 04:50:14 - INFO - Screenshot saved as 'pb2b/screenshots/bybit_page_20251102_045014.png'
2025-11-02 04:50:14 - INFO - Fetching BUY listings for USDT/EUR
2025-11-02 04:50:15 - INFO - Data successfully saved to SQLite database. New listings - Bybit: 4, Binance: 6
2025-11-02 04:50:16 - INFO - Browser session closed
2025-11-02 04:50:16 - INFO - SQLite database connection closed
2025-11-02 05:03:06 - INFO - Logging initialized. Log file: pb2b/logs/bybit_scraper_20251102.log
2025-11-02 05:03:13 - INFO - DataSaver logging initialized. Log file: pb2b/logs/data_saver_20251102.log
2025-11-02 05:03:13 - INFO - Connected to SQLite database: pb2b/p2p_listings.db
2025-11-02 05:03:13 - INFO - Database tables created successfully
2025-11-02 05:03:13 - INFO - Attempt 1/10: Loading https://www.bybit.com/fiat/trade/otc?actionType=1&token=USDT&fiat=NGN
2025-11-02 05:03:23 - INFO - Screenshot saved as 'pb2b/screenshots/bybit_page_20251102_050323.png'
2025-11-02 05:03:24 - INFO - Fetching BUY listings for USDT/EUR
2025-11-02 05:03:25 - INFO - Data successfully saved to SQLite database. New listings - Bybit: 4, Binance: 6
2025-11-02 05:03:25 - INFO - Browser session closed
2025-11-02 05:03:25 - INFO - SQLite database connection closed
2025-11-02 05:31:59 - INFO - Logging initialized. Log file: pb2b/logs/bybit_scraper_20251102.log
2025-11-02 05:32:09 - INFO - DataSaver logging initialized. Log file: pb2b/logs/data_saver_20251102.log
2025-11-02 05:32:09 - INFO - Connected to SQLite database: pb2b/p2p_listings.db
2025-11-02 05:32:09 - INFO - Database tables created successfully
2025-11-02 05:32:09 - INFO - Attempt 1/10: Loading https://www.bybit.com/fiat/trade/otc?actionType=1&token=USDT&fiat=NGN
2025-11-02 05:32:20 - INFO - Screenshot saved as 'pb2b/screenshots/bybit_page_20251102_053220.png'
2025-11-02 05:32:20 - INFO - Fetching BUY listings for USDT/EUR
2025-11-02 05:32:21 - INFO - Data successfully saved to SQLite database. New listings - Bybit: 4, Binance: 6
2025-11-02 05:32:21 - INFO - Browser session closed
2025-11-02 05:32:21 - INFO - SQLite database connection closed
