2026-02-02 02:18:52 - INFO - Logging initialized. Log file: pb2b/logs/bybit_scraper_20260202.log
2026-02-02 02:18:53 - INFO - DataSaver logging initialized. Log file: pb2b/logs/data_saver_20260202.log
2026-02-02 02:18:53 - INFO - Connected to SQLite database: pb2b/p2p_listings.db
2026-02-02 02:18:53 - INFO - Database tables created successfully
2026-02-02 02:18:53 - INFO - Attempt 1/10: Loading https://www.bybit.com/fiat/trade/otc?actionType=1&token=USDT&fiat=NGN
2026-02-02 02:19:02 - INFO - Screenshot saved as 'pb2b/screenshots/bybit_page_20260202_021901.png'
2026-02-02 02:19:02 - WARNING - Error parsing row: Message: no such element: Unable to locate element: {"method":"css selector","selector":"td:nth-child(2)"}
  (Session info: chrome=144.0.7559.109); For documentation on this error, please visit: https://www.selenium.dev/documentation/webdriver/troubleshooting/errors#nosuchelementexception
Stacktrace:
#0 0x55fbb50e0afa <unknown>
#1 0x55fbb4afa60f <unknown>
#2 0x55fbb4b4fa16 <unknown>
#3 0x55fbb4b4fc51 <unknown>
#4 0x55fbb4b43386 <unknown>
#5 0x55fbb4b43267 <unknown>
#6 0x55fbb4b9862b <unknown>
#7 0x55fbb4b41842 <unknown>
#8 0x55fbb4b42631 <unknown>
#9 0x55fbb50a6689 <unknown>
#10 0x55fbb50a9581 <unknown>
#11 0x55fbb5092ca9 <unknown>
#12 0x55fbb50aa13e <unknown>
#13 0x55fbb50793a0 <unknown>
#14 0x55fbb50cdfc8 <unknown>
#15 0x55fbb50ce19b <unknown>
#16 0x55fbb50dfe68 <unknown>
#17 0x7f8b5b89caa4 <unknown>
#18 0x7f8b5b929c6c <unknown>

2026-02-02 02:19:02 - INFO - Fetching BUY listings for USDT/EUR
2026-02-02 02:19:04 - INFO - Data successfully saved to SQLite database. New listings - Bybit: 5, Binance: 6
2026-02-02 02:19:04 - INFO - Browser session closed
2026-02-02 02:19:04 - INFO - SQLite database connection closed
2026-02-02 04:39:51 - INFO - Logging initialized. Log file: pb2b/logs/bybit_scraper_20260202.log
2026-02-02 04:39:52 - INFO - DataSaver logging initialized. Log file: pb2b/logs/data_saver_20260202.log
2026-02-02 04:39:52 - INFO - Connected to SQLite database: pb2b/p2p_listings.db
2026-02-02 04:39:52 - INFO - Database tables created successfully
2026-02-02 04:39:52 - INFO - Attempt 1/10: Loading https://www.bybit.com/fiat/trade/otc?actionType=1&token=USDT&fiat=NGN
2026-02-02 04:40:04 - INFO - Screenshot saved as 'pb2b/screenshots/bybit_page_20260202_044003.png'
2026-02-02 04:40:04 - WARNING - Error parsing row: Message: no such element: Unable to locate element: {"method":"css selector","selector":"td:nth-child(2)"}
  (Session info: chrome=144.0.7559.109); For documentation on this error, please visit: https://www.selenium.dev/documentation/webdriver/troubleshooting/errors#nosuchelementexception
Stacktrace:
#0 0x55991ca4fafa <unknown>
#1 0x55991c46960f <unknown>
#2 0x55991c4bea16 <unknown>
#3 0x55991c4bec51 <unknown>
#4 0x55991c4b2386 <unknown>
#5 0x55991c4b2267 <unknown>
#6 0x55991c50762b <unknown>
#7 0x55991c4b0842 <unknown>
#8 0x55991c4b1631 <unknown>
#9 0x55991ca15689 <unknown>
#10 0x55991ca18581 <unknown>
#11 0x55991ca01ca9 <unknown>
#12 0x55991ca1913e <unknown>
#13 0x55991c9e83a0 <unknown>
#14 0x55991ca3cfc8 <unknown>
#15 0x55991ca3d19b <unknown>
#16 0x55991ca4ee68 <unknown>
#17 0x7fcb8c09caa4 <unknown>
#18 0x7fcb8c129c6c <unknown>

2026-02-02 04:40:04 - INFO - Fetching BUY listings for USDT/EUR
2026-02-02 04:40:05 - INFO - Data successfully saved to SQLite database. New listings - Bybit: 5, Binance: 6
2026-02-02 04:40:05 - INFO - Browser session closed
2026-02-02 04:40:05 - INFO - SQLite database connection closed
2026-02-02 05:54:52 - INFO - Logging initialized. Log file: pb2b/logs/bybit_scraper_20260202.log
2026-02-02 05:54:54 - INFO - DataSaver logging initialized. Log file: pb2b/logs/data_saver_20260202.log
2026-02-02 05:54:54 - INFO - Connected to SQLite database: pb2b/p2p_listings.db
2026-02-02 05:54:54 - INFO - Database tables created successfully
2026-02-02 05:54:54 - INFO - Attempt 1/10: Loading https://www.bybit.com/fiat/trade/otc?actionType=1&token=USDT&fiat=NGN
2026-02-02 05:55:04 - INFO - Screenshot saved as 'pb2b/screenshots/bybit_page_20260202_055504.png'
2026-02-02 05:55:04 - WARNING - Error parsing row: Message: no such element: Unable to locate element: {"method":"css selector","selector":"td:nth-child(2)"}
  (Session info: chrome=144.0.7559.109); For documentation on this error, please visit: https://www.selenium.dev/documentation/webdriver/troubleshooting/errors#nosuchelementexception
Stacktrace:
#0 0x564e0d884afa <unknown>
#1 0x564e0d29e60f <unknown>
#2 0x564e0d2f3a16 <unknown>
#3 0x564e0d2f3c51 <unknown>
#4 0x564e0d2e7386 <unknown>
#5 0x564e0d2e7267 <unknown>
#6 0x564e0d33c62b <unknown>
#7 0x564e0d2e5842 <unknown>
#8 0x564e0d2e6631 <unknown>
#9 0x564e0d84a689 <unknown>
#10 0x564e0d84d581 <unknown>
#11 0x564e0d836ca9 <unknown>
#12 0x564e0d84e13e <unknown>
#13 0x564e0d81d3a0 <unknown>
#14 0x564e0d871fc8 <unknown>
#15 0x564e0d87219b <unknown>
#16 0x564e0d883e68 <unknown>
#17 0x7fcd3349caa4 <unknown>
#18 0x7fcd33529c6c <unknown>

2026-02-02 05:55:05 - INFO - Fetching BUY listings for USDT/EUR
2026-02-02 05:55:05 - INFO - Data successfully saved to SQLite database. New listings - Bybit: 5, Binance: 6
2026-02-02 05:55:05 - INFO - Browser session closed
2026-02-02 05:55:05 - INFO - SQLite database connection closed
2026-02-02 06:57:21 - INFO - Logging initialized. Log file: pb2b/logs/bybit_scraper_20260202.log
2026-02-02 06:57:22 - INFO - DataSaver logging initialized. Log file: pb2b/logs/data_saver_20260202.log
2026-02-02 06:57:22 - INFO - Connected to SQLite database: pb2b/p2p_listings.db
2026-02-02 06:57:22 - INFO - Database tables created successfully
2026-02-02 06:57:22 - INFO - Attempt 1/10: Loading https://www.bybit.com/fiat/trade/otc?actionType=1&token=USDT&fiat=NGN
2026-02-02 06:57:31 - INFO - Screenshot saved as 'pb2b/screenshots/bybit_page_20260202_065731.png'
2026-02-02 06:57:31 - WARNING - Error parsing row: Message: no such element: Unable to locate element: {"method":"css selector","selector":"td:nth-child(2)"}
  (Session info: chrome=144.0.7559.109); For documentation on this error, please visit: https://www.selenium.dev/documentation/webdriver/troubleshooting/errors#nosuchelementexception
Stacktrace:
#0 0x5619b0e58afa <unknown>
#1 0x5619b087260f <unknown>
#2 0x5619b08c7a16 <unknown>
#3 0x5619b08c7c51 <unknown>
#4 0x5619b08bb386 <unknown>
#5 0x5619b08bb267 <unknown>
#6 0x5619b091062b <unknown>
#7 0x5619b08b9842 <unknown>
#8 0x5619b08ba631 <unknown>
#9 0x5619b0e1e689 <unknown>
#10 0x5619b0e21581 <unknown>
#11 0x5619b0e0aca9 <unknown>
#12 0x5619b0e2213e <unknown>
#13 0x5619b0df13a0 <unknown>
#14 0x5619b0e45fc8 <unknown>
#15 0x5619b0e4619b <unknown>
#16 0x5619b0e57e68 <unknown>
#17 0x7f310c29caa4 <unknown>
#18 0x7f310c329c6c <unknown>

2026-02-02 06:57:31 - INFO - Fetching BUY listings for USDT/EUR
2026-02-02 06:57:32 - INFO - Data successfully saved to SQLite database. New listings - Bybit: 5, Binance: 6
2026-02-02 06:57:32 - INFO - Browser session closed
2026-02-02 06:57:32 - INFO - SQLite database connection closed
2026-02-02 07:53:49 - INFO - Logging initialized. Log file: pb2b/logs/bybit_scraper_20260202.log
2026-02-02 07:53:51 - INFO - DataSaver logging initialized. Log file: pb2b/logs/data_saver_20260202.log
2026-02-02 07:53:51 - INFO - Connected to SQLite database: pb2b/p2p_listings.db
2026-02-02 07:53:51 - INFO - Database tables created successfully
2026-02-02 07:53:51 - INFO - Attempt 1/10: Loading https://www.bybit.com/fiat/trade/otc?actionType=1&token=USDT&fiat=NGN
2026-02-02 07:54:00 - INFO - Screenshot saved as 'pb2b/screenshots/bybit_page_20260202_075400.png'
2026-02-02 07:54:01 - WARNING - Error parsing row: Message: no such element: Unable to locate element: {"method":"css selector","selector":"td:nth-child(2)"}
  (Session info: chrome=144.0.7559.109); For documentation on this error, please visit: https://www.selenium.dev/documentation/webdriver/troubleshooting/errors#nosuchelementexception
Stacktrace:
#0 0x55ad8a8e0afa <unknown>
#1 0x55ad8a2fa60f <unknown>
#2 0x55ad8a34fa16 <unknown>
#3 0x55ad8a34fc51 <unknown>
#4 0x55ad8a343386 <unknown>
#5 0x55ad8a343267 <unknown>
#6 0x55ad8a39862b <unknown>
#7 0x55ad8a341842 <unknown>
#8 0x55ad8a342631 <unknown>
#9 0x55ad8a8a6689 <unknown>
#10 0x55ad8a8a9581 <unknown>
#11 0x55ad8a892ca9 <unknown>
#12 0x55ad8a8aa13e <unknown>
#13 0x55ad8a8793a0 <unknown>
#14 0x55ad8a8cdfc8 <unknown>
#15 0x55ad8a8ce19b <unknown>
#16 0x55ad8a8dfe68 <unknown>
#17 0x7f6c3189caa4 <unknown>
#18 0x7f6c31929c6c <unknown>

2026-02-02 07:54:01 - INFO - Fetching BUY listings for USDT/EUR
2026-02-02 07:54:02 - INFO - Data successfully saved to SQLite database. New listings - Bybit: 5, Binance: 6
2026-02-02 07:54:02 - INFO - Browser session closed
2026-02-02 07:54:02 - INFO - SQLite database connection closed
2026-02-02 08:34:55 - INFO - Logging initialized. Log file: pb2b/logs/bybit_scraper_20260202.log
2026-02-02 08:34:55 - INFO - DataSaver logging initialized. Log file: pb2b/logs/data_saver_20260202.log
2026-02-02 08:34:55 - INFO - Connected to SQLite database: pb2b/p2p_listings.db
2026-02-02 08:34:55 - INFO - Database tables created successfully
2026-02-02 08:34:55 - INFO - Attempt 1/10: Loading https://www.bybit.com/fiat/trade/otc?actionType=1&token=USDT&fiat=NGN
2026-02-02 08:35:04 - INFO - Screenshot saved as 'pb2b/screenshots/bybit_page_20260202_083504.png'
2026-02-02 08:35:04 - WARNING - Error parsing row: Message: no such element: Unable to locate element: {"method":"css selector","selector":"td:nth-child(2)"}
  (Session info: chrome=144.0.7559.109); For documentation on this error, please visit: https://www.selenium.dev/documentation/webdriver/troubleshooting/errors#nosuchelementexception
Stacktrace:
#0 0x55707108fafa <unknown>
#1 0x557070aa960f <unknown>
#2 0x557070afea16 <unknown>
#3 0x557070afec51 <unknown>
#4 0x557070af2386 <unknown>
#5 0x557070af2267 <unknown>
#6 0x557070b4762b <unknown>
#7 0x557070af0842 <unknown>
#8 0x557070af1631 <unknown>
#9 0x557071055689 <unknown>
#10 0x557071058581 <unknown>
#11 0x557071041ca9 <unknown>
#12 0x55707105913e <unknown>
#13 0x5570710283a0 <unknown>
#14 0x55707107cfc8 <unknown>
#15 0x55707107d19b <unknown>
#16 0x55707108ee68 <unknown>
#17 0x7f7a9729caa4 <unknown>
#18 0x7f7a97329c6c <unknown>

2026-02-02 08:35:05 - INFO - Fetching BUY listings for USDT/EUR
2026-02-02 08:35:05 - INFO - Data successfully saved to SQLite database. New listings - Bybit: 5, Binance: 6
2026-02-02 08:35:05 - INFO - Browser session closed
2026-02-02 08:35:05 - INFO - SQLite database connection closed
2026-02-02 09:32:47 - INFO - Logging initialized. Log file: pb2b/logs/bybit_scraper_20260202.log
2026-02-02 09:32:48 - INFO - DataSaver logging initialized. Log file: pb2b/logs/data_saver_20260202.log
2026-02-02 09:32:48 - INFO - Connected to SQLite database: pb2b/p2p_listings.db
2026-02-02 09:32:48 - INFO - Database tables created successfully
2026-02-02 09:32:48 - INFO - Attempt 1/10: Loading https://www.bybit.com/fiat/trade/otc?actionType=1&token=USDT&fiat=NGN
2026-02-02 09:32:57 - INFO - Screenshot saved as 'pb2b/screenshots/bybit_page_20260202_093257.png'
2026-02-02 09:32:57 - WARNING - Error parsing row: Message: no such element: Unable to locate element: {"method":"css selector","selector":"td:nth-child(2)"}
  (Session info: chrome=144.0.7559.109); For documentation on this error, please visit: https://www.selenium.dev/documentation/webdriver/troubleshooting/errors#nosuchelementexception
Stacktrace:
#0 0x5615076ccafa <unknown>
#1 0x5615070e660f <unknown>
#2 0x56150713ba16 <unknown>
#3 0x56150713bc51 <unknown>
#4 0x56150712f386 <unknown>
#5 0x56150712f267 <unknown>
#6 0x56150718462b <unknown>
#7 0x56150712d842 <unknown>
#8 0x56150712e631 <unknown>
#9 0x561507692689 <unknown>
#10 0x561507695581 <unknown>
#11 0x56150767eca9 <unknown>
#12 0x56150769613e <unknown>
#13 0x5615076653a0 <unknown>
#14 0x5615076b9fc8 <unknown>
#15 0x5615076ba19b <unknown>
#16 0x5615076cbe68 <unknown>
#17 0x7f2c0c69caa4 <unknown>
#18 0x7f2c0c729c6c <unknown>

2026-02-02 09:32:57 - INFO - Fetching BUY listings for USDT/EUR
2026-02-02 09:32:58 - INFO - Data successfully saved to SQLite database. New listings - Bybit: 5, Binance: 6
2026-02-02 09:32:58 - INFO - Browser session closed
2026-02-02 09:32:58 - INFO - SQLite database connection closed
2026-02-02 10:31:15 - INFO - Logging initialized. Log file: pb2b/logs/bybit_scraper_20260202.log
2026-02-02 10:31:16 - INFO - DataSaver logging initialized. Log file: pb2b/logs/data_saver_20260202.log
2026-02-02 10:31:16 - INFO - Connected to SQLite database: pb2b/p2p_listings.db
2026-02-02 10:31:16 - INFO - Database tables created successfully
2026-02-02 10:31:16 - INFO - Attempt 1/10: Loading https://www.bybit.com/fiat/trade/otc?actionType=1&token=USDT&fiat=NGN
2026-02-02 10:31:26 - INFO - Screenshot saved as 'pb2b/screenshots/bybit_page_20260202_103126.png'
2026-02-02 10:31:26 - WARNING - Error parsing row: Message: no such element: Unable to locate element: {"method":"css selector","selector":"td:nth-child(2)"}
  (Session info: chrome=144.0.7559.109); For documentation on this error, please visit: https://www.selenium.dev/documentation/webdriver/troubleshooting/errors#nosuchelementexception
Stacktrace:
#0 0x5619e0ee3afa <unknown>
#1 0x5619e08fd60f <unknown>
#2 0x5619e0952a16 <unknown>
#3 0x5619e0952c51 <unknown>
#4 0x5619e0946386 <unknown>
#5 0x5619e0946267 <unknown>
#6 0x5619e099b62b <unknown>
#7 0x5619e0944842 <unknown>
#8 0x5619e0945631 <unknown>
#9 0x5619e0ea9689 <unknown>
#10 0x5619e0eac581 <unknown>
#11 0x5619e0e95ca9 <unknown>
#12 0x5619e0ead13e <unknown>
#13 0x5619e0e7c3a0 <unknown>
#14 0x5619e0ed0fc8 <unknown>
#15 0x5619e0ed119b <unknown>
#16 0x5619e0ee2e68 <unknown>
#17 0x7fb2faa9caa4 <unknown>
#18 0x7fb2fab29c6c <unknown>

2026-02-02 10:31:27 - INFO - Fetching BUY listings for USDT/EUR
2026-02-02 10:31:28 - INFO - Data successfully saved to SQLite database. New listings - Bybit: 5, Binance: 6
2026-02-02 10:31:28 - INFO - Browser session closed
2026-02-02 10:31:28 - INFO - SQLite database connection closed
2026-02-02 11:26:43 - INFO - Logging initialized. Log file: pb2b/logs/bybit_scraper_20260202.log
2026-02-02 11:26:43 - INFO - DataSaver logging initialized. Log file: pb2b/logs/data_saver_20260202.log
2026-02-02 11:26:43 - INFO - Connected to SQLite database: pb2b/p2p_listings.db
2026-02-02 11:26:43 - INFO - Database tables created successfully
2026-02-02 11:26:43 - INFO - Attempt 1/10: Loading https://www.bybit.com/fiat/trade/otc?actionType=1&token=USDT&fiat=NGN
2026-02-02 11:26:51 - INFO - Screenshot saved as 'pb2b/screenshots/bybit_page_20260202_112651.png'
2026-02-02 11:26:51 - WARNING - Error parsing row: Message: no such element: Unable to locate element: {"method":"css selector","selector":"td:nth-child(2)"}
  (Session info: chrome=144.0.7559.109); For documentation on this error, please visit: https://www.selenium.dev/documentation/webdriver/troubleshooting/errors#nosuchelementexception
Stacktrace:
#0 0x55717caa8afa <unknown>
#1 0x55717c4c260f <unknown>
#2 0x55717c517a16 <unknown>
#3 0x55717c517c51 <unknown>
#4 0x55717c50b386 <unknown>
#5 0x55717c50b267 <unknown>
#6 0x55717c56062b <unknown>
#7 0x55717c509842 <unknown>
#8 0x55717c50a631 <unknown>
#9 0x55717ca6e689 <unknown>
#10 0x55717ca71581 <unknown>
#11 0x55717ca5aca9 <unknown>
#12 0x55717ca7213e <unknown>
#13 0x55717ca413a0 <unknown>
#14 0x55717ca95fc8 <unknown>
#15 0x55717ca9619b <unknown>
#16 0x55717caa7e68 <unknown>
#17 0x7f358b69caa4 <unknown>
#18 0x7f358b729c6c <unknown>

2026-02-02 11:26:51 - INFO - Fetching BUY listings for USDT/EUR
2026-02-02 11:26:52 - INFO - Data successfully saved to SQLite database. New listings - Bybit: 5, Binance: 6
2026-02-02 11:26:52 - INFO - Browser session closed
2026-02-02 11:26:52 - INFO - SQLite database connection closed
2026-02-02 12:00:28 - INFO - Logging initialized. Log file: pb2b/logs/bybit_scraper_20260202.log
2026-02-02 12:00:29 - INFO - DataSaver logging initialized. Log file: pb2b/logs/data_saver_20260202.log
2026-02-02 12:00:29 - INFO - Connected to SQLite database: pb2b/p2p_listings.db
2026-02-02 12:00:29 - INFO - Database tables created successfully
2026-02-02 12:00:29 - INFO - Attempt 1/10: Loading https://www.bybit.com/fiat/trade/otc?actionType=1&token=USDT&fiat=NGN
2026-02-02 12:00:37 - INFO - Screenshot saved as 'pb2b/screenshots/bybit_page_20260202_120037.png'
2026-02-02 12:00:37 - WARNING - Error parsing row: Message: no such element: Unable to locate element: {"method":"css selector","selector":"td:nth-child(2)"}
  (Session info: chrome=144.0.7559.109); For documentation on this error, please visit: https://www.selenium.dev/documentation/webdriver/troubleshooting/errors#nosuchelementexception
Stacktrace:
#0 0x557f330f2afa <unknown>
#1 0x557f32b0c60f <unknown>
#2 0x557f32b61a16 <unknown>
#3 0x557f32b61c51 <unknown>
#4 0x557f32b55386 <unknown>
#5 0x557f32b55267 <unknown>
#6 0x557f32baa62b <unknown>
#7 0x557f32b53842 <unknown>
#8 0x557f32b54631 <unknown>
#9 0x557f330b8689 <unknown>
#10 0x557f330bb581 <unknown>
#11 0x557f330a4ca9 <unknown>
#12 0x557f330bc13e <unknown>
#13 0x557f3308b3a0 <unknown>
#14 0x557f330dffc8 <unknown>
#15 0x557f330e019b <unknown>
#16 0x557f330f1e68 <unknown>
#17 0x7efcc3e9caa4 <unknown>
#18 0x7efcc3f29c6c <unknown>

2026-02-02 12:00:37 - INFO - Fetching BUY listings for USDT/EUR
2026-02-02 12:00:38 - INFO - Data successfully saved to SQLite database. New listings - Bybit: 5, Binance: 6
2026-02-02 12:00:38 - INFO - Browser session closed
2026-02-02 12:00:38 - INFO - SQLite database connection closed
2026-02-02 13:22:43 - INFO - Logging initialized. Log file: pb2b/logs/bybit_scraper_20260202.log
2026-02-02 13:22:44 - INFO - DataSaver logging initialized. Log file: pb2b/logs/data_saver_20260202.log
2026-02-02 13:22:44 - INFO - Connected to SQLite database: pb2b/p2p_listings.db
2026-02-02 13:22:44 - INFO - Database tables created successfully
2026-02-02 13:22:44 - INFO - Attempt 1/10: Loading https://www.bybit.com/fiat/trade/otc?actionType=1&token=USDT&fiat=NGN
2026-02-02 13:22:54 - INFO - Screenshot saved as 'pb2b/screenshots/bybit_page_20260202_132254.png'
2026-02-02 13:22:54 - WARNING - Error parsing row: Message: no such element: Unable to locate element: {"method":"css selector","selector":"td:nth-child(2)"}
  (Session info: chrome=144.0.7559.109); For documentation on this error, please visit: https://www.selenium.dev/documentation/webdriver/troubleshooting/errors#nosuchelementexception
Stacktrace:
#0 0x56536265bafa <unknown>
#1 0x56536207560f <unknown>
#2 0x5653620caa16 <unknown>
#3 0x5653620cac51 <unknown>
#4 0x5653620be386 <unknown>
#5 0x5653620be267 <unknown>
#6 0x56536211362b <unknown>
#7 0x5653620bc842 <unknown>
#8 0x5653620bd631 <unknown>
#9 0x565362621689 <unknown>
#10 0x565362624581 <unknown>
#11 0x56536260dca9 <unknown>
#12 0x56536262513e <unknown>
#13 0x5653625f43a0 <unknown>
#14 0x565362648fc8 <unknown>
#15 0x56536264919b <unknown>
#16 0x56536265ae68 <unknown>
#17 0x7fcb9689caa4 <unknown>
#18 0x7fcb96929c6c <unknown>

2026-02-02 13:22:54 - INFO - Fetching BUY listings for USDT/EUR
2026-02-02 13:22:55 - INFO - Data successfully saved to SQLite database. New listings - Bybit: 5, Binance: 6
2026-02-02 13:22:55 - INFO - Browser session closed
2026-02-02 13:22:55 - INFO - SQLite database connection closed
2026-02-02 14:15:22 - INFO - Logging initialized. Log file: pb2b/logs/bybit_scraper_20260202.log
2026-02-02 14:15:23 - INFO - DataSaver logging initialized. Log file: pb2b/logs/data_saver_20260202.log
2026-02-02 14:15:23 - INFO - Connected to SQLite database: pb2b/p2p_listings.db
2026-02-02 14:15:23 - INFO - Database tables created successfully
2026-02-02 14:15:23 - INFO - Attempt 1/10: Loading https://www.bybit.com/fiat/trade/otc?actionType=1&token=USDT&fiat=NGN
2026-02-02 14:15:33 - INFO - Screenshot saved as 'pb2b/screenshots/bybit_page_20260202_141533.png'
2026-02-02 14:15:33 - WARNING - Error parsing row: Message: no such element: Unable to locate element: {"method":"css selector","selector":"td:nth-child(2)"}
  (Session info: chrome=144.0.7559.109); For documentation on this error, please visit: https://www.selenium.dev/documentation/webdriver/troubleshooting/errors#nosuchelementexception
Stacktrace:
#0 0x560e6ec7eafa <unknown>
#1 0x560e6e69860f <unknown>
#2 0x560e6e6eda16 <unknown>
#3 0x560e6e6edc51 <unknown>
#4 0x560e6e6e1386 <unknown>
#5 0x560e6e6e1267 <unknown>
#6 0x560e6e73662b <unknown>
#7 0x560e6e6df842 <unknown>
#8 0x560e6e6e0631 <unknown>
#9 0x560e6ec44689 <unknown>
#10 0x560e6ec47581 <unknown>
#11 0x560e6ec30ca9 <unknown>
#12 0x560e6ec4813e <unknown>
#13 0x560e6ec173a0 <unknown>
#14 0x560e6ec6bfc8 <unknown>
#15 0x560e6ec6c19b <unknown>
#16 0x560e6ec7de68 <unknown>
#17 0x7f83b569caa4 <unknown>
#18 0x7f83b5729c6c <unknown>

2026-02-02 14:15:34 - INFO - Fetching BUY listings for USDT/EUR
2026-02-02 14:15:35 - INFO - Data successfully saved to SQLite database. New listings - Bybit: 5, Binance: 6
2026-02-02 14:15:35 - INFO - Browser session closed
2026-02-02 14:15:35 - INFO - SQLite database connection closed
2026-02-02 15:08:37 - INFO - Logging initialized. Log file: pb2b/logs/bybit_scraper_20260202.log
2026-02-02 15:08:38 - INFO - DataSaver logging initialized. Log file: pb2b/logs/data_saver_20260202.log
2026-02-02 15:08:38 - INFO - Connected to SQLite database: pb2b/p2p_listings.db
2026-02-02 15:08:38 - INFO - Database tables created successfully
2026-02-02 15:08:38 - INFO - Attempt 1/10: Loading https://www.bybit.com/fiat/trade/otc?actionType=1&token=USDT&fiat=NGN
2026-02-02 15:08:47 - INFO - Screenshot saved as 'pb2b/screenshots/bybit_page_20260202_150847.png'
2026-02-02 15:08:47 - WARNING - Error parsing row: Message: no such element: Unable to locate element: {"method":"css selector","selector":"td:nth-child(2)"}
  (Session info: chrome=144.0.7559.109); For documentation on this error, please visit: https://www.selenium.dev/documentation/webdriver/troubleshooting/errors#nosuchelementexception
Stacktrace:
#0 0x55ecdf8ffafa <unknown>
#1 0x55ecdf31960f <unknown>
#2 0x55ecdf36ea16 <unknown>
#3 0x55ecdf36ec51 <unknown>
#4 0x55ecdf362386 <unknown>
#5 0x55ecdf362267 <unknown>
#6 0x55ecdf3b762b <unknown>
#7 0x55ecdf360842 <unknown>
#8 0x55ecdf361631 <unknown>
#9 0x55ecdf8c5689 <unknown>
#10 0x55ecdf8c8581 <unknown>
#11 0x55ecdf8b1ca9 <unknown>
#12 0x55ecdf8c913e <unknown>
#13 0x55ecdf8983a0 <unknown>
#14 0x55ecdf8ecfc8 <unknown>
#15 0x55ecdf8ed19b <unknown>
#16 0x55ecdf8fee68 <unknown>
#17 0x7eff26e9caa4 <unknown>
#18 0x7eff26f29c6c <unknown>

2026-02-02 15:08:47 - INFO - Fetching BUY listings for USDT/EUR
2026-02-02 15:08:48 - INFO - Data successfully saved to SQLite database. New listings - Bybit: 5, Binance: 6
2026-02-02 15:08:48 - INFO - Browser session closed
2026-02-02 15:08:48 - INFO - SQLite database connection closed
2026-02-02 15:55:02 - INFO - Logging initialized. Log file: pb2b/logs/bybit_scraper_20260202.log
2026-02-02 15:55:03 - INFO - DataSaver logging initialized. Log file: pb2b/logs/data_saver_20260202.log
2026-02-02 15:55:03 - INFO - Connected to SQLite database: pb2b/p2p_listings.db
2026-02-02 15:55:03 - INFO - Database tables created successfully
2026-02-02 15:55:03 - INFO - Attempt 1/10: Loading https://www.bybit.com/fiat/trade/otc?actionType=1&token=USDT&fiat=NGN
2026-02-02 15:57:03 - ERROR - Unexpected error: HTTPConnectionPool(host='localhost', port=50543): Read timed out. (read timeout=120)
2026-02-02 15:57:03 - INFO - Fetching BUY listings for USDT/EUR
2026-02-02 15:57:04 - INFO - Data successfully saved to SQLite database. New listings - Bybit: 0, Binance: 6
2026-02-02 15:59:04 - WARNING - Retrying (Retry(total=2, connect=None, read=None, redirect=None, status=None)) after connection broken by 'ReadTimeoutError("HTTPConnectionPool(host='localhost', port=50543): Read timed out. (read timeout=120)")': /session/369ed707d01cbef899ea446fd77ca2e9
2026-02-02 16:00:03 - INFO - Browser session closed
2026-02-02 16:00:03 - INFO - SQLite database connection closed
