2025-10-20 01:26:11 - INFO - Logging initialized. Log file: pb2b/logs/bybit_scraper_20251020.log
2025-10-20 01:26:22 - INFO - DataSaver logging initialized. Log file: pb2b/logs/data_saver_20251020.log
2025-10-20 01:26:22 - INFO - Connected to SQLite database: pb2b/p2p_listings.db
2025-10-20 01:26:22 - INFO - Database tables created successfully
2025-10-20 01:26:22 - INFO - Attempt 1/10: Loading https://www.bybit.com/fiat/trade/otc?actionType=1&token=USDT&fiat=NGN
2025-10-20 01:26:33 - INFO - Screenshot saved as 'pb2b/screenshots/bybit_page_20251020_012633.png'
2025-10-20 01:26:33 - INFO - Fetching BUY listings for USDT/EUR
2025-10-20 01:26:34 - INFO - Data successfully saved to SQLite database. New listings - Bybit: 4, Binance: 6
2025-10-20 01:26:34 - INFO - Browser session closed
2025-10-20 01:26:34 - INFO - SQLite database connection closed
2025-10-20 03:04:13 - INFO - Logging initialized. Log file: pb2b/logs/bybit_scraper_20251020.log
2025-10-20 03:04:24 - INFO - DataSaver logging initialized. Log file: pb2b/logs/data_saver_20251020.log
2025-10-20 03:04:24 - INFO - Connected to SQLite database: pb2b/p2p_listings.db
2025-10-20 03:04:24 - INFO - Database tables created successfully
2025-10-20 03:04:24 - INFO - Attempt 1/10: Loading https://www.bybit.com/fiat/trade/otc?actionType=1&token=USDT&fiat=NGN
2025-10-20 03:04:35 - INFO - Screenshot saved as 'pb2b/screenshots/bybit_page_20251020_030435.png'
2025-10-20 03:04:36 - INFO - Fetching BUY listings for USDT/EUR
2025-10-20 03:04:36 - INFO - Data successfully saved to SQLite database. New listings - Bybit: 4, Binance: 6
2025-10-20 03:04:36 - INFO - Browser session closed
2025-10-20 03:04:36 - INFO - SQLite database connection closed
2025-10-20 03:56:07 - INFO - Logging initialized. Log file: pb2b/logs/bybit_scraper_20251020.log
2025-10-20 03:56:13 - INFO - DataSaver logging initialized. Log file: pb2b/logs/data_saver_20251020.log
2025-10-20 03:56:13 - INFO - Connected to SQLite database: pb2b/p2p_listings.db
2025-10-20 03:56:13 - INFO - Database tables created successfully
2025-10-20 03:56:13 - INFO - Attempt 1/10: Loading https://www.bybit.com/fiat/trade/otc?actionType=1&token=USDT&fiat=NGN
2025-10-20 03:56:24 - INFO - Screenshot saved as 'pb2b/screenshots/bybit_page_20251020_035624.png'
2025-10-20 03:56:24 - INFO - Fetching BUY listings for USDT/EUR
2025-10-20 03:56:25 - INFO - Data successfully saved to SQLite database. New listings - Bybit: 4, Binance: 6
2025-10-20 03:56:25 - INFO - Browser session closed
2025-10-20 03:56:25 - INFO - SQLite database connection closed
2025-10-20 04:28:58 - INFO - Logging initialized. Log file: pb2b/logs/bybit_scraper_20251020.log
2025-10-20 04:29:10 - INFO - DataSaver logging initialized. Log file: pb2b/logs/data_saver_20251020.log
2025-10-20 04:29:10 - INFO - Connected to SQLite database: pb2b/p2p_listings.db
2025-10-20 04:29:10 - INFO - Database tables created successfully
2025-10-20 04:29:10 - INFO - Attempt 1/10: Loading https://www.bybit.com/fiat/trade/otc?actionType=1&token=USDT&fiat=NGN
2025-10-20 04:29:21 - INFO - Screenshot saved as 'pb2b/screenshots/bybit_page_20251020_042920.png'
2025-10-20 04:29:21 - INFO - Fetching BUY listings for USDT/EUR
2025-10-20 04:29:22 - INFO - Data successfully saved to SQLite database. New listings - Bybit: 4, Binance: 6
2025-10-20 04:29:22 - INFO - Browser session closed
2025-10-20 04:29:22 - INFO - SQLite database connection closed
2025-10-20 04:49:25 - INFO - Logging initialized. Log file: pb2b/logs/bybit_scraper_20251020.log
2025-10-20 04:49:30 - INFO - DataSaver logging initialized. Log file: pb2b/logs/data_saver_20251020.log
2025-10-20 04:49:30 - INFO - Connected to SQLite database: pb2b/p2p_listings.db
2025-10-20 04:49:30 - INFO - Database tables created successfully
2025-10-20 04:49:30 - INFO - Attempt 1/10: Loading https://www.bybit.com/fiat/trade/otc?actionType=1&token=USDT&fiat=NGN
2025-10-20 04:49:41 - INFO - Screenshot saved as 'pb2b/screenshots/bybit_page_20251020_044941.png'
2025-10-20 04:49:41 - INFO - Fetching BUY listings for USDT/EUR
2025-10-20 04:49:42 - INFO - Data successfully saved to SQLite database. New listings - Bybit: 4, Binance: 6
2025-10-20 04:49:42 - INFO - Browser session closed
2025-10-20 04:49:42 - INFO - SQLite database connection closed
2025-10-20 05:02:46 - INFO - Logging initialized. Log file: pb2b/logs/bybit_scraper_20251020.log
2025-10-20 05:03:00 - INFO - DataSaver logging initialized. Log file: pb2b/logs/data_saver_20251020.log
2025-10-20 05:03:00 - INFO - Connected to SQLite database: pb2b/p2p_listings.db
2025-10-20 05:03:00 - INFO - Database tables created successfully
2025-10-20 05:03:00 - INFO - Attempt 1/10: Loading https://www.bybit.com/fiat/trade/otc?actionType=1&token=USDT&fiat=NGN
2025-10-20 05:03:10 - INFO - Screenshot saved as 'pb2b/screenshots/bybit_page_20251020_050310.png'
2025-10-20 05:03:11 - INFO - Fetching BUY listings for USDT/EUR
2025-10-20 05:03:11 - INFO - Data successfully saved to SQLite database. New listings - Bybit: 4, Binance: 6
2025-10-20 05:03:11 - INFO - Browser session closed
2025-10-20 05:03:11 - INFO - SQLite database connection closed
2025-10-20 05:32:57 - INFO - Logging initialized. Log file: pb2b/logs/bybit_scraper_20251020.log
2025-10-20 05:33:13 - INFO - DataSaver logging initialized. Log file: pb2b/logs/data_saver_20251020.log
2025-10-20 05:33:13 - INFO - Connected to SQLite database: pb2b/p2p_listings.db
2025-10-20 05:33:13 - INFO - Database tables created successfully
2025-10-20 05:33:13 - INFO - Attempt 1/10: Loading https://www.bybit.com/fiat/trade/otc?actionType=1&token=USDT&fiat=NGN
2025-10-20 05:33:25 - INFO - Screenshot saved as 'pb2b/screenshots/bybit_page_20251020_053325.png'
2025-10-20 05:33:26 - INFO - Fetching BUY listings for USDT/EUR
2025-10-20 05:33:26 - INFO - Data successfully saved to SQLite database. New listings - Bybit: 4, Binance: 6
2025-10-20 05:33:27 - INFO - Browser session closed
2025-10-20 05:33:27 - INFO - SQLite database connection closed
2025-10-20 05:47:50 - INFO - Logging initialized. Log file: pb2b/logs/bybit_scraper_20251020.log
2025-10-20 05:48:19 - INFO - DataSaver logging initialized. Log file: pb2b/logs/data_saver_20251020.log
2025-10-20 05:48:19 - INFO - Connected to SQLite database: pb2b/p2p_listings.db
2025-10-20 05:48:19 - INFO - Database tables created successfully
2025-10-20 05:48:19 - INFO - Attempt 1/10: Loading https://www.bybit.com/fiat/trade/otc?actionType=1&token=USDT&fiat=NGN
2025-10-20 05:48:33 - INFO - Screenshot saved as 'pb2b/screenshots/bybit_page_20251020_054832.png'
2025-10-20 05:48:33 - INFO - Fetching BUY listings for USDT/EUR
2025-10-20 05:48:34 - INFO - Data successfully saved to SQLite database. New listings - Bybit: 4, Binance: 6
2025-10-20 05:48:34 - INFO - Browser session closed
2025-10-20 05:48:34 - INFO - SQLite database connection closed
2025-10-20 06:00:49 - INFO - Logging initialized. Log file: pb2b/logs/bybit_scraper_20251020.log
2025-10-20 06:00:56 - INFO - DataSaver logging initialized. Log file: pb2b/logs/data_saver_20251020.log
2025-10-20 06:00:56 - INFO - Connected to SQLite database: pb2b/p2p_listings.db
2025-10-20 06:00:56 - INFO - Database tables created successfully
2025-10-20 06:00:56 - INFO - Attempt 1/10: Loading https://www.bybit.com/fiat/trade/otc?actionType=1&token=USDT&fiat=NGN
2025-10-20 06:01:07 - INFO - Screenshot saved as 'pb2b/screenshots/bybit_page_20251020_060107.png'
2025-10-20 06:01:07 - INFO - Fetching BUY listings for USDT/EUR
2025-10-20 06:01:08 - INFO - Data successfully saved to SQLite database. New listings - Bybit: 4, Binance: 6
2025-10-20 06:01:08 - INFO - Browser session closed
2025-10-20 06:01:08 - INFO - SQLite database connection closed
2025-10-20 06:43:44 - INFO - Logging initialized. Log file: pb2b/logs/bybit_scraper_20251020.log
2025-10-20 06:43:49 - INFO - DataSaver logging initialized. Log file: pb2b/logs/data_saver_20251020.log
2025-10-20 06:43:49 - INFO - Connected to SQLite database: pb2b/p2p_listings.db
2025-10-20 06:43:49 - INFO - Database tables created successfully
2025-10-20 06:43:49 - INFO - Attempt 1/10: Loading https://www.bybit.com/fiat/trade/otc?actionType=1&token=USDT&fiat=NGN
2025-10-20 06:44:00 - INFO - Screenshot saved as 'pb2b/screenshots/bybit_page_20251020_064400.png'
2025-10-20 06:44:00 - INFO - Fetching BUY listings for USDT/EUR
2025-10-20 06:44:01 - INFO - Data successfully saved to SQLite database. New listings - Bybit: 4, Binance: 6
2025-10-20 06:44:01 - INFO - Browser session closed
2025-10-20 06:44:01 - INFO - SQLite database connection closed
