2025-07-08 03:38:56 - INFO - Logging initialized. Log file: pb2b/logs/bybit_scraper_20250708.log
2025-07-08 03:38:56 - INFO - DataSaver logging initialized. Log file: pb2b/logs/data_saver_20250708.log
2025-07-08 03:38:56 - INFO - Connected to SQLite database: pb2b/p2p_listings.db
2025-07-08 03:38:56 - INFO - Database tables created successfully
2025-07-08 03:38:56 - INFO - Attempt 1/10: Loading https://www.bybit.com/fiat/trade/otc?actionType=1&token=USDT&fiat=NGN
2025-07-08 03:39:04 - INFO - Screenshot saved as 'pb2b/screenshots/bybit_page_20250708_033904.png'
2025-07-08 03:39:05 - INFO - Fetching BUY listings for USDT/EUR
2025-07-08 03:39:05 - INFO - Data successfully saved to SQLite database. New listings - Bybit: 4, Binance: 6
2025-07-08 03:39:05 - INFO - Browser session closed
2025-07-08 03:39:05 - INFO - SQLite database connection closed
2025-07-08 05:57:02 - INFO - Logging initialized. Log file: pb2b/logs/bybit_scraper_20250708.log
2025-07-08 05:57:03 - INFO - DataSaver logging initialized. Log file: pb2b/logs/data_saver_20250708.log
2025-07-08 05:57:03 - INFO - Connected to SQLite database: pb2b/p2p_listings.db
2025-07-08 05:57:03 - INFO - Database tables created successfully
2025-07-08 05:57:03 - INFO - Attempt 1/10: Loading https://www.bybit.com/fiat/trade/otc?actionType=1&token=USDT&fiat=NGN
2025-07-08 05:57:12 - INFO - Screenshot saved as 'pb2b/screenshots/bybit_page_20250708_055711.png'
2025-07-08 05:57:12 - INFO - Fetching BUY listings for USDT/EUR
2025-07-08 05:57:13 - INFO - Data successfully saved to SQLite database. New listings - Bybit: 4, Binance: 6
2025-07-08 05:57:13 - INFO - Browser session closed
2025-07-08 05:57:13 - INFO - SQLite database connection closed
2025-07-08 06:59:45 - INFO - Logging initialized. Log file: pb2b/logs/bybit_scraper_20250708.log
2025-07-08 06:59:46 - INFO - DataSaver logging initialized. Log file: pb2b/logs/data_saver_20250708.log
2025-07-08 06:59:46 - INFO - Connected to SQLite database: pb2b/p2p_listings.db
2025-07-08 06:59:46 - INFO - Database tables created successfully
2025-07-08 06:59:46 - INFO - Attempt 1/10: Loading https://www.bybit.com/fiat/trade/otc?actionType=1&token=USDT&fiat=NGN
2025-07-08 06:59:55 - INFO - Screenshot saved as 'pb2b/screenshots/bybit_page_20250708_065955.png'
2025-07-08 06:59:56 - INFO - Fetching BUY listings for USDT/EUR
2025-07-08 06:59:57 - INFO - Data successfully saved to SQLite database. New listings - Bybit: 4, Binance: 6
2025-07-08 06:59:57 - INFO - Browser session closed
2025-07-08 06:59:57 - INFO - SQLite database connection closed
2025-07-08 07:31:56 - INFO - Logging initialized. Log file: pb2b/logs/bybit_scraper_20250708.log
2025-07-08 07:31:58 - INFO - DataSaver logging initialized. Log file: pb2b/logs/data_saver_20250708.log
2025-07-08 07:31:58 - INFO - Connected to SQLite database: pb2b/p2p_listings.db
2025-07-08 07:31:58 - INFO - Database tables created successfully
2025-07-08 07:31:58 - INFO - Attempt 1/10: Loading https://www.bybit.com/fiat/trade/otc?actionType=1&token=USDT&fiat=NGN
2025-07-08 07:32:06 - INFO - Screenshot saved as 'pb2b/screenshots/bybit_page_20250708_073206.png'
2025-07-08 07:32:06 - INFO - Fetching BUY listings for USDT/EUR
2025-07-08 07:32:07 - INFO - Data successfully saved to SQLite database. New listings - Bybit: 4, Binance: 6
2025-07-08 07:32:07 - INFO - Browser session closed
2025-07-08 07:32:07 - INFO - SQLite database connection closed
2025-07-08 10:19:02 - INFO - Logging initialized. Log file: pb2b/logs/bybit_scraper_20250708.log
2025-07-08 10:19:03 - INFO - DataSaver logging initialized. Log file: pb2b/logs/data_saver_20250708.log
2025-07-08 10:19:03 - INFO - Connected to SQLite database: pb2b/p2p_listings.db
2025-07-08 10:19:03 - INFO - Database tables created successfully
2025-07-08 10:19:03 - INFO - Attempt 1/10: Loading https://www.bybit.com/fiat/trade/otc?actionType=1&token=USDT&fiat=NGN
2025-07-08 10:19:12 - INFO - Screenshot saved as 'pb2b/screenshots/bybit_page_20250708_101912.png'
2025-07-08 10:19:12 - INFO - Fetching BUY listings for USDT/EUR
2025-07-08 10:19:13 - INFO - Data successfully saved to SQLite database. New listings - Bybit: 4, Binance: 6
2025-07-08 10:19:13 - INFO - Browser session closed
2025-07-08 10:19:13 - INFO - SQLite database connection closed
2025-07-08 16:57:25 - INFO - Logging initialized. Log file: pb2b/logs/bybit_scraper_20250708.log
2025-07-08 16:57:25 - INFO - DataSaver logging initialized. Log file: pb2b/logs/data_saver_20250708.log
2025-07-08 16:57:25 - INFO - Connected to SQLite database: pb2b/p2p_listings.db
2025-07-08 16:57:25 - INFO - Database tables created successfully
2025-07-08 16:57:25 - INFO - Attempt 1/10: Loading https://www.bybit.com/fiat/trade/otc?actionType=1&token=USDT&fiat=NGN
2025-07-08 16:58:57 - INFO - Screenshot saved as 'pb2b/screenshots/bybit_page_20250708_165857.png'
2025-07-08 16:58:57 - INFO - Fetching BUY listings for USDT/EUR
2025-07-08 16:58:58 - INFO - Data successfully saved to SQLite database. New listings - Bybit: 4, Binance: 6
2025-07-08 16:58:59 - INFO - Browser session closed
2025-07-08 16:58:59 - INFO - SQLite database connection closed
2025-07-08 19:01:47 - INFO - Logging initialized. Log file: pb2b/logs/bybit_scraper_20250708.log
2025-07-08 19:01:48 - INFO - DataSaver logging initialized. Log file: pb2b/logs/data_saver_20250708.log
2025-07-08 19:01:48 - INFO - Connected to SQLite database: pb2b/p2p_listings.db
2025-07-08 19:01:48 - INFO - Database tables created successfully
2025-07-08 19:01:48 - INFO - Attempt 1/10: Loading https://www.bybit.com/fiat/trade/otc?actionType=1&token=USDT&fiat=NGN
2025-07-08 19:03:33 - INFO - Screenshot saved as 'pb2b/screenshots/bybit_page_20250708_190333.png'
2025-07-08 19:03:33 - INFO - Fetching BUY listings for USDT/EUR
2025-07-08 19:03:34 - INFO - Data successfully saved to SQLite database. New listings - Bybit: 4, Binance: 6
2025-07-08 19:03:34 - INFO - Browser session closed
2025-07-08 19:03:34 - INFO - SQLite database connection closed
2025-07-08 19:26:01 - INFO - Logging initialized. Log file: pb2b/logs/bybit_scraper_20250708.log
2025-07-08 19:26:02 - INFO - DataSaver logging initialized. Log file: pb2b/logs/data_saver_20250708.log
2025-07-08 19:26:02 - INFO - Connected to SQLite database: pb2b/p2p_listings.db
2025-07-08 19:26:02 - INFO - Database tables created successfully
2025-07-08 19:26:02 - INFO - Attempt 1/10: Loading https://www.bybit.com/fiat/trade/otc?actionType=1&token=USDT&fiat=NGN
2025-07-08 19:28:02 - ERROR - Unexpected error: HTTPConnectionPool(host='localhost', port=37505): Read timed out. (read timeout=120)
2025-07-08 19:28:02 - INFO - Fetching BUY listings for USDT/EUR
2025-07-08 19:28:02 - INFO - Data successfully saved to SQLite database. New listings - Bybit: 0, Binance: 6
2025-07-08 19:30:03 - WARNING - Retrying (Retry(total=2, connect=None, read=None, redirect=None, status=None)) after connection broken by 'ReadTimeoutError("HTTPConnectionPool(host='localhost', port=37505): Read timed out. (read timeout=120)")': /session/e699d104776e0b5ecadc961bed4d8137
2025-07-08 19:31:02 - INFO - Browser session closed
2025-07-08 19:31:02 - INFO - SQLite database connection closed
2025-07-08 19:42:26 - INFO - Logging initialized. Log file: pb2b/logs/bybit_scraper_20250708.log
2025-07-08 19:42:26 - INFO - DataSaver logging initialized. Log file: pb2b/logs/data_saver_20250708.log
2025-07-08 19:42:26 - INFO - Connected to SQLite database: pb2b/p2p_listings.db
2025-07-08 19:42:26 - INFO - Database tables created successfully
2025-07-08 19:42:26 - INFO - Attempt 1/10: Loading https://www.bybit.com/fiat/trade/otc?actionType=1&token=USDT&fiat=NGN
2025-07-08 19:44:30 - INFO - Screenshot saved as 'pb2b/screenshots/bybit_page_20250708_194430.png'
2025-07-08 19:44:31 - INFO - Fetching BUY listings for USDT/EUR
2025-07-08 19:44:32 - INFO - Data successfully saved to SQLite database. New listings - Bybit: 4, Binance: 6
2025-07-08 19:44:32 - INFO - Browser session closed
2025-07-08 19:44:32 - INFO - SQLite database connection closed
2025-07-08 19:55:33 - INFO - Logging initialized. Log file: pb2b/logs/bybit_scraper_20250708.log
2025-07-08 19:55:34 - INFO - DataSaver logging initialized. Log file: pb2b/logs/data_saver_20250708.log
2025-07-08 19:55:34 - INFO - Connected to SQLite database: pb2b/p2p_listings.db
2025-07-08 19:55:34 - INFO - Database tables created successfully
2025-07-08 19:55:34 - INFO - Attempt 1/10: Loading https://www.bybit.com/fiat/trade/otc?actionType=1&token=USDT&fiat=NGN
2025-07-08 19:56:57 - INFO - Screenshot saved as 'pb2b/screenshots/bybit_page_20250708_195656.png'
2025-07-08 19:56:57 - INFO - Fetching BUY listings for USDT/EUR
2025-07-08 19:56:58 - INFO - Data successfully saved to SQLite database. New listings - Bybit: 4, Binance: 6
2025-07-08 19:56:58 - INFO - Browser session closed
2025-07-08 19:56:58 - INFO - SQLite database connection closed
2025-07-08 21:30:14 - INFO - Logging initialized. Log file: pb2b/logs/bybit_scraper_20250708.log
2025-07-08 21:30:15 - INFO - DataSaver logging initialized. Log file: pb2b/logs/data_saver_20250708.log
2025-07-08 21:30:15 - INFO - Connected to SQLite database: pb2b/p2p_listings.db
2025-07-08 21:30:15 - INFO - Database tables created successfully
2025-07-08 21:30:15 - INFO - Attempt 1/10: Loading https://www.bybit.com/fiat/trade/otc?actionType=1&token=USDT&fiat=NGN
2025-07-08 21:30:23 - INFO - Screenshot saved as 'pb2b/screenshots/bybit_page_20250708_213023.png'
2025-07-08 21:30:24 - INFO - Fetching BUY listings for USDT/EUR
2025-07-08 21:30:25 - INFO - Data successfully saved to SQLite database. New listings - Bybit: 4, Binance: 6
2025-07-08 21:30:25 - INFO - Browser session closed
2025-07-08 21:30:25 - INFO - SQLite database connection closed
2025-07-08 21:46:42 - INFO - Logging initialized. Log file: pb2b/logs/bybit_scraper_20250708.log
2025-07-08 21:46:44 - INFO - DataSaver logging initialized. Log file: pb2b/logs/data_saver_20250708.log
2025-07-08 21:46:44 - INFO - Connected to SQLite database: pb2b/p2p_listings.db
2025-07-08 21:46:44 - INFO - Database tables created successfully
2025-07-08 21:46:44 - INFO - Attempt 1/10: Loading https://www.bybit.com/fiat/trade/otc?actionType=1&token=USDT&fiat=NGN
2025-07-08 21:46:54 - INFO - Screenshot saved as 'pb2b/screenshots/bybit_page_20250708_214654.png'
2025-07-08 21:46:54 - INFO - Fetching BUY listings for USDT/EUR
2025-07-08 21:46:55 - INFO - Data successfully saved to SQLite database. New listings - Bybit: 4, Binance: 6
2025-07-08 21:46:55 - INFO - Browser session closed
2025-07-08 21:46:55 - INFO - SQLite database connection closed
2025-07-08 22:00:35 - INFO - Logging initialized. Log file: pb2b/logs/bybit_scraper_20250708.log
2025-07-08 22:00:36 - INFO - DataSaver logging initialized. Log file: pb2b/logs/data_saver_20250708.log
2025-07-08 22:00:36 - INFO - Connected to SQLite database: pb2b/p2p_listings.db
2025-07-08 22:00:36 - INFO - Database tables created successfully
2025-07-08 22:00:36 - INFO - Attempt 1/10: Loading https://www.bybit.com/fiat/trade/otc?actionType=1&token=USDT&fiat=NGN
2025-07-08 22:00:48 - INFO - Screenshot saved as 'pb2b/screenshots/bybit_page_20250708_220048.png'
2025-07-08 22:00:48 - INFO - Fetching BUY listings for USDT/EUR
2025-07-08 22:00:49 - INFO - Data successfully saved to SQLite database. New listings - Bybit: 4, Binance: 6
2025-07-08 22:00:49 - INFO - Browser session closed
2025-07-08 22:00:49 - INFO - SQLite database connection closed
