2025-02-21 01:06:58 - INFO - Logging initialized. Log file: pb2b/logs/bybit_scraper_20250221.log
2025-02-21 01:06:59 - INFO - DataSaver logging initialized. Log file: pb2b/logs/data_saver_20250221.log
2025-02-21 01:06:59 - INFO - Connected to SQLite database: pb2b/p2p_listings.db
2025-02-21 01:06:59 - INFO - Database tables created successfully
2025-02-21 01:06:59 - INFO - Attempt 1/10: Loading https://www.bybit.com/fiat/trade/otc?actionType=1&token=USDT&fiat=NGN
2025-02-21 01:07:10 - INFO - Screenshot saved as 'pb2b/screenshots/bybit_page_20250221_010710.png'
2025-02-21 01:07:10 - INFO - Fetching BUY listings for USDT/EUR
2025-02-21 01:07:11 - INFO - Data successfully saved to SQLite database. New listings - Bybit: 4, Binance: 6
2025-02-21 01:07:11 - INFO - Browser session closed
2025-02-21 01:07:11 - INFO - SQLite database connection closed
2025-02-21 02:30:58 - INFO - Logging initialized. Log file: pb2b/logs/bybit_scraper_20250221.log
2025-02-21 02:30:59 - INFO - DataSaver logging initialized. Log file: pb2b/logs/data_saver_20250221.log
2025-02-21 02:30:59 - INFO - Connected to SQLite database: pb2b/p2p_listings.db
2025-02-21 02:30:59 - INFO - Database tables created successfully
2025-02-21 02:30:59 - INFO - Attempt 1/10: Loading https://www.bybit.com/fiat/trade/otc?actionType=1&token=USDT&fiat=NGN
2025-02-21 02:31:08 - INFO - Screenshot saved as 'pb2b/screenshots/bybit_page_20250221_023108.png'
2025-02-21 02:31:09 - INFO - Fetching BUY listings for USDT/EUR
2025-02-21 02:31:09 - INFO - Data successfully saved to SQLite database. New listings - Bybit: 4, Binance: 6
2025-02-21 02:31:09 - INFO - Browser session closed
2025-02-21 02:31:09 - INFO - SQLite database connection closed
2025-02-21 03:05:33 - INFO - Logging initialized. Log file: pb2b/logs/bybit_scraper_20250221.log
2025-02-21 03:05:34 - INFO - DataSaver logging initialized. Log file: pb2b/logs/data_saver_20250221.log
2025-02-21 03:05:34 - INFO - Connected to SQLite database: pb2b/p2p_listings.db
2025-02-21 03:05:34 - INFO - Database tables created successfully
2025-02-21 03:05:34 - INFO - Attempt 1/10: Loading https://www.bybit.com/fiat/trade/otc?actionType=1&token=USDT&fiat=NGN
2025-02-21 03:05:44 - INFO - Screenshot saved as 'pb2b/screenshots/bybit_page_20250221_030544.png'
2025-02-21 03:05:44 - INFO - Fetching BUY listings for USDT/EUR
2025-02-21 03:05:45 - INFO - Data successfully saved to SQLite database. New listings - Bybit: 4, Binance: 6
2025-02-21 03:05:45 - INFO - Browser session closed
2025-02-21 03:05:45 - INFO - SQLite database connection closed
2025-02-21 03:33:34 - INFO - Logging initialized. Log file: pb2b/logs/bybit_scraper_20250221.log
2025-02-21 03:33:35 - INFO - DataSaver logging initialized. Log file: pb2b/logs/data_saver_20250221.log
2025-02-21 03:33:35 - INFO - Connected to SQLite database: pb2b/p2p_listings.db
2025-02-21 03:33:35 - INFO - Database tables created successfully
2025-02-21 03:33:35 - INFO - Attempt 1/10: Loading https://www.bybit.com/fiat/trade/otc?actionType=1&token=USDT&fiat=NGN
2025-02-21 03:33:45 - INFO - Screenshot saved as 'pb2b/screenshots/bybit_page_20250221_033345.png'
2025-02-21 03:33:46 - INFO - Fetching BUY listings for USDT/EUR
2025-02-21 03:33:46 - INFO - Data successfully saved to SQLite database. New listings - Bybit: 4, Binance: 6
2025-02-21 03:33:46 - INFO - Browser session closed
2025-02-21 03:33:46 - INFO - SQLite database connection closed
2025-02-21 03:47:49 - INFO - Logging initialized. Log file: pb2b/logs/bybit_scraper_20250221.log
2025-02-21 03:47:50 - INFO - DataSaver logging initialized. Log file: pb2b/logs/data_saver_20250221.log
2025-02-21 03:47:50 - INFO - Connected to SQLite database: pb2b/p2p_listings.db
2025-02-21 03:47:50 - INFO - Database tables created successfully
2025-02-21 03:47:50 - INFO - Attempt 1/10: Loading https://www.bybit.com/fiat/trade/otc?actionType=1&token=USDT&fiat=NGN
2025-02-21 03:48:01 - INFO - Screenshot saved as 'pb2b/screenshots/bybit_page_20250221_034801.png'
2025-02-21 03:48:02 - INFO - Fetching BUY listings for USDT/EUR
2025-02-21 03:48:03 - INFO - Data successfully saved to SQLite database. New listings - Bybit: 4, Binance: 6
2025-02-21 03:48:04 - INFO - Browser session closed
2025-02-21 03:48:04 - INFO - SQLite database connection closed
2025-02-21 04:00:13 - INFO - Logging initialized. Log file: pb2b/logs/bybit_scraper_20250221.log
2025-02-21 04:00:13 - INFO - DataSaver logging initialized. Log file: pb2b/logs/data_saver_20250221.log
2025-02-21 04:00:13 - INFO - Connected to SQLite database: pb2b/p2p_listings.db
2025-02-21 04:00:13 - INFO - Database tables created successfully
2025-02-21 04:00:13 - INFO - Attempt 1/10: Loading https://www.bybit.com/fiat/trade/otc?actionType=1&token=USDT&fiat=NGN
2025-02-21 04:00:24 - INFO - Screenshot saved as 'pb2b/screenshots/bybit_page_20250221_040023.png'
2025-02-21 04:00:24 - INFO - Fetching BUY listings for USDT/EUR
2025-02-21 04:00:25 - INFO - Data successfully saved to SQLite database. New listings - Bybit: 4, Binance: 6
2025-02-21 04:00:25 - INFO - Browser session closed
2025-02-21 04:00:25 - INFO - SQLite database connection closed
2025-02-21 04:32:17 - INFO - Logging initialized. Log file: pb2b/logs/bybit_scraper_20250221.log
2025-02-21 04:32:18 - INFO - DataSaver logging initialized. Log file: pb2b/logs/data_saver_20250221.log
2025-02-21 04:32:18 - INFO - Connected to SQLite database: pb2b/p2p_listings.db
2025-02-21 04:32:18 - INFO - Database tables created successfully
2025-02-21 04:32:18 - INFO - Attempt 1/10: Loading https://www.bybit.com/fiat/trade/otc?actionType=1&token=USDT&fiat=NGN
2025-02-21 04:32:29 - INFO - Screenshot saved as 'pb2b/screenshots/bybit_page_20250221_043229.png'
2025-02-21 04:32:30 - INFO - Fetching BUY listings for USDT/EUR
2025-02-21 04:32:30 - INFO - Data successfully saved to SQLite database. New listings - Bybit: 4, Binance: 6
2025-02-21 04:32:30 - INFO - Browser session closed
2025-02-21 04:32:30 - INFO - SQLite database connection closed
2025-02-21 04:48:42 - INFO - Logging initialized. Log file: pb2b/logs/bybit_scraper_20250221.log
2025-02-21 04:48:42 - INFO - DataSaver logging initialized. Log file: pb2b/logs/data_saver_20250221.log
2025-02-21 04:48:42 - INFO - Connected to SQLite database: pb2b/p2p_listings.db
2025-02-21 04:48:42 - INFO - Database tables created successfully
2025-02-21 04:48:42 - INFO - Attempt 1/10: Loading https://www.bybit.com/fiat/trade/otc?actionType=1&token=USDT&fiat=NGN
2025-02-21 04:48:52 - INFO - Screenshot saved as 'pb2b/screenshots/bybit_page_20250221_044852.png'
2025-02-21 04:48:53 - INFO - Fetching BUY listings for USDT/EUR
2025-02-21 04:48:53 - INFO - Data successfully saved to SQLite database. New listings - Bybit: 4, Binance: 6
2025-02-21 04:48:53 - INFO - Browser session closed
2025-02-21 04:48:53 - INFO - SQLite database connection closed
2025-02-21 05:08:42 - INFO - Logging initialized. Log file: pb2b/logs/bybit_scraper_20250221.log
2025-02-21 05:08:43 - INFO - DataSaver logging initialized. Log file: pb2b/logs/data_saver_20250221.log
2025-02-21 05:08:43 - INFO - Connected to SQLite database: pb2b/p2p_listings.db
2025-02-21 05:08:43 - INFO - Database tables created successfully
2025-02-21 05:08:43 - INFO - Attempt 1/10: Loading https://www.bybit.com/fiat/trade/otc?actionType=1&token=USDT&fiat=NGN
2025-02-21 05:08:52 - INFO - Screenshot saved as 'pb2b/screenshots/bybit_page_20250221_050852.png'
2025-02-21 05:08:53 - INFO - Fetching BUY listings for USDT/EUR
2025-02-21 05:08:53 - INFO - Data successfully saved to SQLite database. New listings - Bybit: 4, Binance: 6
2025-02-21 05:08:53 - INFO - Browser session closed
2025-02-21 05:08:53 - INFO - SQLite database connection closed
