2025-06-16 00:58:06 - INFO - Logging initialized. Log file: pb2b/logs/bybit_scraper_20250616.log
2025-06-16 00:58:07 - INFO - DataSaver logging initialized. Log file: pb2b/logs/data_saver_20250616.log
2025-06-16 00:58:07 - INFO - Connected to SQLite database: pb2b/p2p_listings.db
2025-06-16 00:58:07 - INFO - Database tables created successfully
2025-06-16 00:58:07 - INFO - Attempt 1/10: Loading https://www.bybit.com/fiat/trade/otc?actionType=1&token=USDT&fiat=NGN
2025-06-16 00:58:17 - INFO - Screenshot saved as 'pb2b/screenshots/bybit_page_20250616_005816.png'
2025-06-16 00:58:17 - INFO - Fetching BUY listings for USDT/EUR
2025-06-16 00:58:18 - INFO - Data successfully saved to SQLite database. New listings - Bybit: 4, Binance: 6
2025-06-16 00:58:18 - INFO - Browser session closed
2025-06-16 00:58:18 - INFO - SQLite database connection closed
2025-06-16 02:56:12 - INFO - Logging initialized. Log file: pb2b/logs/bybit_scraper_20250616.log
2025-06-16 02:56:13 - INFO - DataSaver logging initialized. Log file: pb2b/logs/data_saver_20250616.log
2025-06-16 02:56:13 - INFO - Connected to SQLite database: pb2b/p2p_listings.db
2025-06-16 02:56:13 - INFO - Database tables created successfully
2025-06-16 02:56:13 - INFO - Attempt 1/10: Loading https://www.bybit.com/fiat/trade/otc?actionType=1&token=USDT&fiat=NGN
2025-06-16 02:56:22 - INFO - Screenshot saved as 'pb2b/screenshots/bybit_page_20250616_025622.png'
2025-06-16 02:56:23 - INFO - Fetching BUY listings for USDT/EUR
2025-06-16 02:56:23 - INFO - Data successfully saved to SQLite database. New listings - Bybit: 4, Binance: 6
2025-06-16 02:56:23 - INFO - Browser session closed
2025-06-16 02:56:23 - INFO - SQLite database connection closed
