2025-01-31 01:05:55 - INFO - Logging initialized. Log file: pb2b/logs/bybit_scraper_20250131.log
2025-01-31 01:05:56 - INFO - DataSaver logging initialized. Log file: pb2b/logs/data_saver_20250131.log
2025-01-31 01:05:56 - INFO - Connected to SQLite database: pb2b/p2p_listings.db
2025-01-31 01:05:56 - INFO - Database tables created successfully
2025-01-31 01:05:56 - INFO - Attempt 1/10: Loading https://www.bybit.com/fiat/trade/otc?actionType=1&token=USDT&fiat=NGN
2025-01-31 01:06:08 - INFO - Screenshot saved as 'pb2b/screenshots/bybit_page_20250131_010608.png'
2025-01-31 01:06:09 - INFO - Fetching BUY listings for USDT/EUR
2025-01-31 01:06:10 - INFO - Data successfully saved to SQLite database. New listings - Bybit: 4, Binance: 6
2025-01-31 01:06:10 - INFO - Browser session closed
2025-01-31 01:06:10 - INFO - SQLite database connection closed
2025-01-31 02:20:38 - INFO - Logging initialized. Log file: pb2b/logs/bybit_scraper_20250131.log
2025-01-31 02:20:38 - INFO - DataSaver logging initialized. Log file: pb2b/logs/data_saver_20250131.log
2025-01-31 02:20:38 - INFO - Connected to SQLite database: pb2b/p2p_listings.db
2025-01-31 02:20:38 - INFO - Database tables created successfully
2025-01-31 02:20:38 - INFO - Attempt 1/10: Loading https://www.bybit.com/fiat/trade/otc?actionType=1&token=USDT&fiat=NGN
2025-01-31 02:20:48 - INFO - Screenshot saved as 'pb2b/screenshots/bybit_page_20250131_022048.png'
2025-01-31 02:20:48 - INFO - Fetching BUY listings for USDT/EUR
2025-01-31 02:20:49 - INFO - Data successfully saved to SQLite database. New listings - Bybit: 4, Binance: 6
2025-01-31 02:20:49 - INFO - Browser session closed
2025-01-31 02:20:49 - INFO - SQLite database connection closed
