2025-09-08 20:59:14 - INFO - Logging initialized. Log file: pb2b/logs/bybit_scraper_20250908.log
2025-09-08 20:59:33 - INFO - DataSaver logging initialized. Log file: pb2b/logs/data_saver_20250908.log
2025-09-08 20:59:33 - INFO - Connected to SQLite database: pb2b/p2p_listings.db
2025-09-08 20:59:33 - INFO - Database tables created successfully
2025-09-08 20:59:33 - INFO - Attempt 1/10: Loading https://www.bybit.com/fiat/trade/otc?actionType=1&token=USDT&fiat=NGN
2025-09-08 20:59:46 - INFO - Screenshot saved as 'pb2b/screenshots/bybit_page_20250908_205946.png'
2025-09-08 20:59:47 - INFO - Fetching BUY listings for USDT/EUR
2025-09-08 20:59:49 - INFO - Data successfully saved to SQLite database. New listings - Bybit: 4, Binance: 6
2025-09-08 20:59:49 - INFO - Browser session closed
2025-09-08 20:59:49 - INFO - SQLite database connection closed
2025-09-08 23:27:58 - INFO - Logging initialized. Log file: pb2b/logs/bybit_scraper_20250908.log
2025-09-08 23:28:06 - INFO - DataSaver logging initialized. Log file: pb2b/logs/data_saver_20250908.log
2025-09-08 23:28:06 - INFO - Connected to SQLite database: pb2b/p2p_listings.db
2025-09-08 23:28:06 - INFO - Database tables created successfully
2025-09-08 23:28:06 - INFO - Attempt 1/10: Loading https://www.bybit.com/fiat/trade/otc?actionType=1&token=USDT&fiat=NGN
2025-09-08 23:28:16 - INFO - Screenshot saved as 'pb2b/screenshots/bybit_page_20250908_232816.png'
2025-09-08 23:28:16 - INFO - Fetching BUY listings for USDT/EUR
2025-09-08 23:28:17 - INFO - Data successfully saved to SQLite database. New listings - Bybit: 4, Binance: 6
2025-09-08 23:28:17 - INFO - Browser session closed
2025-09-08 23:28:17 - INFO - SQLite database connection closed
2025-09-08 23:42:54 - INFO - Logging initialized. Log file: pb2b/logs/bybit_scraper_20250908.log
2025-09-08 23:42:55 - INFO - DataSaver logging initialized. Log file: pb2b/logs/data_saver_20250908.log
2025-09-08 23:42:55 - INFO - Connected to SQLite database: pb2b/p2p_listings.db
2025-09-08 23:42:55 - INFO - Database tables created successfully
2025-09-08 23:42:55 - INFO - Attempt 1/10: Loading https://www.bybit.com/fiat/trade/otc?actionType=1&token=USDT&fiat=NGN
2025-09-08 23:43:04 - INFO - Screenshot saved as 'pb2b/screenshots/bybit_page_20250908_234304.png'
2025-09-08 23:43:05 - INFO - Fetching BUY listings for USDT/EUR
2025-09-08 23:43:06 - INFO - Data successfully saved to SQLite database. New listings - Bybit: 4, Binance: 6
2025-09-08 23:43:06 - INFO - Browser session closed
2025-09-08 23:43:06 - INFO - SQLite database connection closed
