2025-05-25 02:23:58 - INFO - Logging initialized. Log file: pb2b/logs/bybit_scraper_20250525.log
2025-05-25 02:23:59 - INFO - DataSaver logging initialized. Log file: pb2b/logs/data_saver_20250525.log
2025-05-25 02:23:59 - INFO - Connected to SQLite database: pb2b/p2p_listings.db
2025-05-25 02:23:59 - INFO - Database tables created successfully
2025-05-25 02:23:59 - INFO - Attempt 1/10: Loading https://www.bybit.com/fiat/trade/otc?actionType=1&token=USDT&fiat=NGN
2025-05-25 02:24:10 - INFO - Screenshot saved as 'pb2b/screenshots/bybit_page_20250525_022409.png'
2025-05-25 02:24:10 - INFO - Fetching BUY listings for USDT/EUR
2025-05-25 02:24:11 - INFO - Data successfully saved to SQLite database. New listings - Bybit: 4, Binance: 6
2025-05-25 02:24:11 - INFO - Browser session closed
2025-05-25 02:24:11 - INFO - SQLite database connection closed
2025-05-25 03:37:01 - INFO - Logging initialized. Log file: pb2b/logs/bybit_scraper_20250525.log
2025-05-25 03:37:02 - INFO - DataSaver logging initialized. Log file: pb2b/logs/data_saver_20250525.log
2025-05-25 03:37:02 - INFO - Connected to SQLite database: pb2b/p2p_listings.db
2025-05-25 03:37:02 - INFO - Database tables created successfully
2025-05-25 03:37:02 - INFO - Attempt 1/10: Loading https://www.bybit.com/fiat/trade/otc?actionType=1&token=USDT&fiat=NGN
2025-05-25 03:37:11 - INFO - Screenshot saved as 'pb2b/screenshots/bybit_page_20250525_033711.png'
2025-05-25 03:37:11 - INFO - Fetching BUY listings for USDT/EUR
2025-05-25 03:37:12 - INFO - Data successfully saved to SQLite database. New listings - Bybit: 4, Binance: 6
2025-05-25 03:37:12 - INFO - Browser session closed
2025-05-25 03:37:12 - INFO - SQLite database connection closed
2025-05-25 04:06:02 - INFO - Logging initialized. Log file: pb2b/logs/bybit_scraper_20250525.log
2025-05-25 04:06:03 - INFO - DataSaver logging initialized. Log file: pb2b/logs/data_saver_20250525.log
2025-05-25 04:06:03 - INFO - Connected to SQLite database: pb2b/p2p_listings.db
2025-05-25 04:06:03 - INFO - Database tables created successfully
2025-05-25 04:06:03 - INFO - Attempt 1/10: Loading https://www.bybit.com/fiat/trade/otc?actionType=1&token=USDT&fiat=NGN
2025-05-25 04:06:14 - INFO - Screenshot saved as 'pb2b/screenshots/bybit_page_20250525_040614.png'
2025-05-25 04:06:14 - INFO - Fetching BUY listings for USDT/EUR
2025-05-25 04:06:15 - INFO - Data successfully saved to SQLite database. New listings - Bybit: 4, Binance: 6
2025-05-25 04:06:15 - INFO - Browser session closed
2025-05-25 04:06:15 - INFO - SQLite database connection closed
2025-05-25 04:39:39 - INFO - Logging initialized. Log file: pb2b/logs/bybit_scraper_20250525.log
2025-05-25 04:39:40 - INFO - DataSaver logging initialized. Log file: pb2b/logs/data_saver_20250525.log
2025-05-25 04:39:40 - INFO - Connected to SQLite database: pb2b/p2p_listings.db
2025-05-25 04:39:40 - INFO - Database tables created successfully
2025-05-25 04:39:40 - INFO - Attempt 1/10: Loading https://www.bybit.com/fiat/trade/otc?actionType=1&token=USDT&fiat=NGN
2025-05-25 04:39:48 - INFO - Screenshot saved as 'pb2b/screenshots/bybit_page_20250525_043948.png'
2025-05-25 04:39:49 - INFO - Fetching BUY listings for USDT/EUR
2025-05-25 04:39:50 - INFO - Data successfully saved to SQLite database. New listings - Bybit: 4, Binance: 6
2025-05-25 04:39:50 - INFO - Browser session closed
2025-05-25 04:39:50 - INFO - SQLite database connection closed
2025-05-25 04:55:26 - INFO - Logging initialized. Log file: pb2b/logs/bybit_scraper_20250525.log
2025-05-25 04:55:27 - INFO - DataSaver logging initialized. Log file: pb2b/logs/data_saver_20250525.log
2025-05-25 04:55:27 - INFO - Connected to SQLite database: pb2b/p2p_listings.db
2025-05-25 04:55:27 - INFO - Database tables created successfully
2025-05-25 04:55:27 - INFO - Attempt 1/10: Loading https://www.bybit.com/fiat/trade/otc?actionType=1&token=USDT&fiat=NGN
2025-05-25 04:55:36 - INFO - Screenshot saved as 'pb2b/screenshots/bybit_page_20250525_045536.png'
2025-05-25 04:55:36 - INFO - Fetching BUY listings for USDT/EUR
2025-05-25 04:55:37 - INFO - Data successfully saved to SQLite database. New listings - Bybit: 4, Binance: 6
2025-05-25 04:55:37 - INFO - Browser session closed
2025-05-25 04:55:37 - INFO - SQLite database connection closed
2025-05-25 05:20:27 - INFO - Logging initialized. Log file: pb2b/logs/bybit_scraper_20250525.log
2025-05-25 05:20:28 - INFO - DataSaver logging initialized. Log file: pb2b/logs/data_saver_20250525.log
2025-05-25 05:20:28 - INFO - Connected to SQLite database: pb2b/p2p_listings.db
2025-05-25 05:20:28 - INFO - Database tables created successfully
2025-05-25 05:20:28 - INFO - Attempt 1/10: Loading https://www.bybit.com/fiat/trade/otc?actionType=1&token=USDT&fiat=NGN
2025-05-25 05:20:39 - INFO - Screenshot saved as 'pb2b/screenshots/bybit_page_20250525_052038.png'
2025-05-25 05:20:39 - INFO - Fetching BUY listings for USDT/EUR
2025-05-25 05:20:40 - INFO - Data successfully saved to SQLite database. New listings - Bybit: 4, Binance: 6
2025-05-25 05:20:40 - INFO - Browser session closed
2025-05-25 05:20:40 - INFO - SQLite database connection closed
2025-05-25 05:40:32 - INFO - Logging initialized. Log file: pb2b/logs/bybit_scraper_20250525.log
2025-05-25 05:40:33 - INFO - DataSaver logging initialized. Log file: pb2b/logs/data_saver_20250525.log
2025-05-25 05:40:33 - INFO - Connected to SQLite database: pb2b/p2p_listings.db
2025-05-25 05:40:33 - INFO - Database tables created successfully
2025-05-25 05:40:33 - INFO - Attempt 1/10: Loading https://www.bybit.com/fiat/trade/otc?actionType=1&token=USDT&fiat=NGN
2025-05-25 05:40:43 - INFO - Screenshot saved as 'pb2b/screenshots/bybit_page_20250525_054043.png'
2025-05-25 05:40:44 - INFO - Fetching BUY listings for USDT/EUR
2025-05-25 05:40:45 - INFO - Data successfully saved to SQLite database. New listings - Bybit: 4, Binance: 6
2025-05-25 05:40:45 - INFO - Browser session closed
2025-05-25 05:40:45 - INFO - SQLite database connection closed
