2024-12-18 03:23:15 - INFO - Logging initialized. Log file: pb2b/logs/bybit_scraper_20241218.log
2024-12-18 03:23:15 - INFO - DataSaver logging initialized. Log file: pb2b/logs/data_saver_20241218.log
2024-12-18 03:23:15 - INFO - Connected to SQLite database: pb2b/p2p_listings.db
2024-12-18 03:23:15 - INFO - Database tables created successfully
2024-12-18 03:23:15 - INFO - Attempt 1/10: Loading https://www.bybit.com/fiat/trade/otc?actionType=1&token=USDT&fiat=NGN
2024-12-18 03:23:27 - INFO - Screenshot saved as 'pb2b/screenshots/bybit_page_20241218_032327.png'
2024-12-18 03:23:28 - INFO - Fetching BUY listings for USDT/EUR
2024-12-18 03:23:28 - INFO - Data successfully saved to SQLite database. New listings - Bybit: 5, Binance: 6
2024-12-18 03:23:28 - INFO - Browser session closed
2024-12-18 03:23:28 - INFO - SQLite database connection closed
2024-12-18 03:48:02 - INFO - Logging initialized. Log file: pb2b/logs/bybit_scraper_20241218.log
2024-12-18 03:48:03 - INFO - DataSaver logging initialized. Log file: pb2b/logs/data_saver_20241218.log
2024-12-18 03:48:03 - INFO - Connected to SQLite database: pb2b/p2p_listings.db
2024-12-18 03:48:03 - INFO - Database tables created successfully
2024-12-18 03:48:03 - INFO - Attempt 1/10: Loading https://www.bybit.com/fiat/trade/otc?actionType=1&token=USDT&fiat=NGN
2024-12-18 03:48:14 - INFO - Screenshot saved as 'pb2b/screenshots/bybit_page_20241218_034814.png'
2024-12-18 03:48:15 - INFO - Fetching BUY listings for USDT/EUR
2024-12-18 03:48:15 - INFO - Data successfully saved to SQLite database. New listings - Bybit: 5, Binance: 6
2024-12-18 03:48:15 - INFO - Browser session closed
2024-12-18 03:48:15 - INFO - SQLite database connection closed
2024-12-18 04:10:07 - INFO - Logging initialized. Log file: pb2b/logs/bybit_scraper_20241218.log
2024-12-18 04:10:08 - INFO - DataSaver logging initialized. Log file: pb2b/logs/data_saver_20241218.log
2024-12-18 04:10:08 - INFO - Connected to SQLite database: pb2b/p2p_listings.db
2024-12-18 04:10:08 - INFO - Database tables created successfully
2024-12-18 04:10:08 - INFO - Attempt 1/10: Loading https://www.bybit.com/fiat/trade/otc?actionType=1&token=USDT&fiat=NGN
2024-12-18 04:10:19 - INFO - Screenshot saved as 'pb2b/screenshots/bybit_page_20241218_041018.png'
2024-12-18 04:10:19 - INFO - Fetching BUY listings for USDT/EUR
2024-12-18 04:10:20 - INFO - Data successfully saved to SQLite database. New listings - Bybit: 5, Binance: 6
2024-12-18 04:10:20 - INFO - Browser session closed
2024-12-18 04:10:20 - INFO - SQLite database connection closed
2024-12-18 04:35:08 - INFO - Logging initialized. Log file: pb2b/logs/bybit_scraper_20241218.log
2024-12-18 04:35:09 - INFO - DataSaver logging initialized. Log file: pb2b/logs/data_saver_20241218.log
2024-12-18 04:35:09 - INFO - Connected to SQLite database: pb2b/p2p_listings.db
2024-12-18 04:35:09 - INFO - Database tables created successfully
2024-12-18 04:35:09 - INFO - Attempt 1/10: Loading https://www.bybit.com/fiat/trade/otc?actionType=1&token=USDT&fiat=NGN
2024-12-18 04:35:20 - INFO - Screenshot saved as 'pb2b/screenshots/bybit_page_20241218_043519.png'
2024-12-18 04:35:20 - INFO - Fetching BUY listings for USDT/EUR
2024-12-18 04:35:20 - INFO - Data successfully saved to SQLite database. New listings - Bybit: 5, Binance: 6
2024-12-18 04:35:21 - INFO - Browser session closed
2024-12-18 04:35:21 - INFO - SQLite database connection closed
2024-12-18 04:49:33 - INFO - Logging initialized. Log file: pb2b/logs/bybit_scraper_20241218.log
2024-12-18 04:49:33 - INFO - DataSaver logging initialized. Log file: pb2b/logs/data_saver_20241218.log
2024-12-18 04:49:33 - INFO - Connected to SQLite database: pb2b/p2p_listings.db
2024-12-18 04:49:33 - INFO - Database tables created successfully
2024-12-18 04:49:33 - INFO - Attempt 1/10: Loading https://www.bybit.com/fiat/trade/otc?actionType=1&token=USDT&fiat=NGN
2024-12-18 04:49:44 - INFO - Screenshot saved as 'pb2b/screenshots/bybit_page_20241218_044944.png'
2024-12-18 04:49:44 - INFO - Fetching BUY listings for USDT/EUR
2024-12-18 04:49:45 - INFO - Data successfully saved to SQLite database. New listings - Bybit: 5, Binance: 6
2024-12-18 04:49:45 - INFO - Browser session closed
2024-12-18 04:49:45 - INFO - SQLite database connection closed
2024-12-18 05:11:28 - INFO - Logging initialized. Log file: pb2b/logs/bybit_scraper_20241218.log
2024-12-18 05:11:28 - INFO - DataSaver logging initialized. Log file: pb2b/logs/data_saver_20241218.log
2024-12-18 05:11:28 - INFO - Connected to SQLite database: pb2b/p2p_listings.db
2024-12-18 05:11:28 - INFO - Database tables created successfully
2024-12-18 05:11:28 - INFO - Attempt 1/10: Loading https://www.bybit.com/fiat/trade/otc?actionType=1&token=USDT&fiat=NGN
2024-12-18 05:11:39 - INFO - Screenshot saved as 'pb2b/screenshots/bybit_page_20241218_051138.png'
2024-12-18 05:11:39 - INFO - Fetching BUY listings for USDT/EUR
2024-12-18 05:11:40 - INFO - Data successfully saved to SQLite database. New listings - Bybit: 5, Binance: 6
2024-12-18 05:11:40 - INFO - Browser session closed
2024-12-18 05:11:40 - INFO - SQLite database connection closed
2024-12-18 05:33:21 - INFO - Logging initialized. Log file: pb2b/logs/bybit_scraper_20241218.log
2024-12-18 05:33:22 - INFO - DataSaver logging initialized. Log file: pb2b/logs/data_saver_20241218.log
2024-12-18 05:33:22 - INFO - Connected to SQLite database: pb2b/p2p_listings.db
2024-12-18 05:33:22 - INFO - Database tables created successfully
2024-12-18 05:33:22 - INFO - Attempt 1/10: Loading https://www.bybit.com/fiat/trade/otc?actionType=1&token=USDT&fiat=NGN
2024-12-18 05:33:33 - INFO - Screenshot saved as 'pb2b/screenshots/bybit_page_20241218_053333.png'
2024-12-18 05:33:33 - INFO - Fetching BUY listings for USDT/EUR
2024-12-18 05:33:34 - INFO - Data successfully saved to SQLite database. New listings - Bybit: 5, Binance: 6
2024-12-18 05:33:34 - INFO - Browser session closed
2024-12-18 05:33:34 - INFO - SQLite database connection closed
2024-12-18 05:46:39 - INFO - Logging initialized. Log file: pb2b/logs/bybit_scraper_20241218.log
2024-12-18 05:46:40 - INFO - DataSaver logging initialized. Log file: pb2b/logs/data_saver_20241218.log
2024-12-18 05:46:40 - INFO - Connected to SQLite database: pb2b/p2p_listings.db
2024-12-18 05:46:40 - INFO - Database tables created successfully
2024-12-18 05:46:40 - INFO - Attempt 1/10: Loading https://www.bybit.com/fiat/trade/otc?actionType=1&token=USDT&fiat=NGN
2024-12-18 05:46:51 - INFO - Screenshot saved as 'pb2b/screenshots/bybit_page_20241218_054651.png'
2024-12-18 05:46:51 - INFO - Fetching BUY listings for USDT/EUR
2024-12-18 05:46:52 - INFO - Data successfully saved to SQLite database. New listings - Bybit: 5, Binance: 6
2024-12-18 05:46:52 - INFO - Browser session closed
2024-12-18 05:46:52 - INFO - SQLite database connection closed
2024-12-18 05:59:49 - INFO - Logging initialized. Log file: pb2b/logs/bybit_scraper_20241218.log
2024-12-18 05:59:50 - INFO - DataSaver logging initialized. Log file: pb2b/logs/data_saver_20241218.log
2024-12-18 05:59:50 - INFO - Connected to SQLite database: pb2b/p2p_listings.db
2024-12-18 05:59:50 - INFO - Database tables created successfully
2024-12-18 05:59:50 - INFO - Attempt 1/10: Loading https://www.bybit.com/fiat/trade/otc?actionType=1&token=USDT&fiat=NGN
2024-12-18 06:00:02 - INFO - Screenshot saved as 'pb2b/screenshots/bybit_page_20241218_060001.png'
2024-12-18 06:00:02 - INFO - Fetching BUY listings for USDT/EUR
2024-12-18 06:00:03 - INFO - Data successfully saved to SQLite database. New listings - Bybit: 5, Binance: 6
2024-12-18 06:00:03 - INFO - Browser session closed
2024-12-18 06:00:03 - INFO - SQLite database connection closed
2024-12-18 06:36:57 - INFO - Logging initialized. Log file: pb2b/logs/bybit_scraper_20241218.log
2024-12-18 06:36:58 - INFO - DataSaver logging initialized. Log file: pb2b/logs/data_saver_20241218.log
2024-12-18 06:36:58 - INFO - Connected to SQLite database: pb2b/p2p_listings.db
2024-12-18 06:36:58 - INFO - Database tables created successfully
2024-12-18 06:36:58 - INFO - Attempt 1/10: Loading https://www.bybit.com/fiat/trade/otc?actionType=1&token=USDT&fiat=NGN
2024-12-18 06:37:09 - INFO - Screenshot saved as 'pb2b/screenshots/bybit_page_20241218_063708.png'
2024-12-18 06:37:09 - INFO - Fetching BUY listings for USDT/EUR
2024-12-18 06:37:09 - INFO - Data successfully saved to SQLite database. New listings - Bybit: 5, Binance: 6
2024-12-18 06:37:09 - INFO - Browser session closed
2024-12-18 06:37:09 - INFO - SQLite database connection closed
2024-12-18 06:52:06 - INFO - Logging initialized. Log file: pb2b/logs/bybit_scraper_20241218.log
2024-12-18 06:52:06 - INFO - DataSaver logging initialized. Log file: pb2b/logs/data_saver_20241218.log
2024-12-18 06:52:06 - INFO - Connected to SQLite database: pb2b/p2p_listings.db
2024-12-18 06:52:06 - INFO - Database tables created successfully
2024-12-18 06:52:06 - INFO - Attempt 1/10: Loading https://www.bybit.com/fiat/trade/otc?actionType=1&token=USDT&fiat=NGN
2024-12-18 06:52:17 - INFO - Screenshot saved as 'pb2b/screenshots/bybit_page_20241218_065216.png'
2024-12-18 06:52:17 - INFO - Fetching BUY listings for USDT/EUR
2024-12-18 06:52:17 - INFO - Data successfully saved to SQLite database. New listings - Bybit: 5, Binance: 6
2024-12-18 06:52:18 - INFO - Browser session closed
2024-12-18 06:52:18 - INFO - SQLite database connection closed
2024-12-18 07:15:31 - INFO - Logging initialized. Log file: pb2b/logs/bybit_scraper_20241218.log
2024-12-18 07:15:32 - INFO - DataSaver logging initialized. Log file: pb2b/logs/data_saver_20241218.log
2024-12-18 07:15:32 - INFO - Connected to SQLite database: pb2b/p2p_listings.db
2024-12-18 07:15:32 - INFO - Database tables created successfully
2024-12-18 07:15:32 - INFO - Attempt 1/10: Loading https://www.bybit.com/fiat/trade/otc?actionType=1&token=USDT&fiat=NGN
2024-12-18 07:15:42 - INFO - Screenshot saved as 'pb2b/screenshots/bybit_page_20241218_071542.png'
2024-12-18 07:15:42 - INFO - Fetching BUY listings for USDT/EUR
2024-12-18 07:15:43 - INFO - Data successfully saved to SQLite database. New listings - Bybit: 5, Binance: 6
2024-12-18 07:15:43 - INFO - Browser session closed
2024-12-18 07:15:43 - INFO - SQLite database connection closed
2024-12-18 07:30:52 - INFO - Logging initialized. Log file: pb2b/logs/bybit_scraper_20241218.log
2024-12-18 07:30:53 - INFO - DataSaver logging initialized. Log file: pb2b/logs/data_saver_20241218.log
2024-12-18 07:30:53 - INFO - Connected to SQLite database: pb2b/p2p_listings.db
2024-12-18 07:30:53 - INFO - Database tables created successfully
2024-12-18 07:30:53 - INFO - Attempt 1/10: Loading https://www.bybit.com/fiat/trade/otc?actionType=1&token=USDT&fiat=NGN
2024-12-18 07:31:02 - INFO - Screenshot saved as 'pb2b/screenshots/bybit_page_20241218_073101.png'
2024-12-18 07:31:02 - INFO - Fetching BUY listings for USDT/EUR
2024-12-18 07:31:03 - INFO - Data successfully saved to SQLite database. New listings - Bybit: 5, Binance: 6
2024-12-18 07:31:03 - INFO - Browser session closed
2024-12-18 07:31:03 - INFO - SQLite database connection closed
2024-12-18 07:44:18 - INFO - Logging initialized. Log file: pb2b/logs/bybit_scraper_20241218.log
2024-12-18 07:44:27 - INFO - DataSaver logging initialized. Log file: pb2b/logs/data_saver_20241218.log
2024-12-18 07:44:27 - INFO - Connected to SQLite database: pb2b/p2p_listings.db
2024-12-18 07:44:27 - INFO - Database tables created successfully
2024-12-18 07:44:27 - INFO - Attempt 1/10: Loading https://www.bybit.com/fiat/trade/otc?actionType=1&token=USDT&fiat=NGN
2024-12-18 07:44:38 - INFO - Screenshot saved as 'pb2b/screenshots/bybit_page_20241218_074438.png'
2024-12-18 07:44:39 - INFO - Fetching BUY listings for USDT/EUR
2024-12-18 07:44:40 - INFO - Data successfully saved to SQLite database. New listings - Bybit: 5, Binance: 6
2024-12-18 07:44:40 - INFO - Browser session closed
2024-12-18 07:44:40 - INFO - SQLite database connection closed
2024-12-18 07:57:28 - INFO - Logging initialized. Log file: pb2b/logs/bybit_scraper_20241218.log
2024-12-18 07:57:29 - INFO - DataSaver logging initialized. Log file: pb2b/logs/data_saver_20241218.log
2024-12-18 07:57:29 - INFO - Connected to SQLite database: pb2b/p2p_listings.db
2024-12-18 07:57:29 - INFO - Database tables created successfully
2024-12-18 07:57:29 - INFO - Attempt 1/10: Loading https://www.bybit.com/fiat/trade/otc?actionType=1&token=USDT&fiat=NGN
2024-12-18 07:57:39 - INFO - Screenshot saved as 'pb2b/screenshots/bybit_page_20241218_075739.png'
2024-12-18 07:57:40 - INFO - Fetching BUY listings for USDT/EUR
2024-12-18 07:57:40 - INFO - Data successfully saved to SQLite database. New listings - Bybit: 5, Binance: 6
2024-12-18 07:57:40 - INFO - Browser session closed
2024-12-18 07:57:40 - INFO - SQLite database connection closed
2024-12-18 08:33:58 - INFO - Logging initialized. Log file: pb2b/logs/bybit_scraper_20241218.log
2024-12-18 08:34:00 - INFO - DataSaver logging initialized. Log file: pb2b/logs/data_saver_20241218.log
2024-12-18 08:34:00 - INFO - Connected to SQLite database: pb2b/p2p_listings.db
2024-12-18 08:34:00 - INFO - Database tables created successfully
2024-12-18 08:34:00 - INFO - Attempt 1/10: Loading https://www.bybit.com/fiat/trade/otc?actionType=1&token=USDT&fiat=NGN
2024-12-18 08:34:11 - INFO - Screenshot saved as 'pb2b/screenshots/bybit_page_20241218_083411.png'
2024-12-18 08:34:12 - INFO - Fetching BUY listings for USDT/EUR
2024-12-18 08:34:12 - INFO - Data successfully saved to SQLite database. New listings - Bybit: 5, Binance: 6
2024-12-18 08:34:13 - INFO - Browser session closed
2024-12-18 08:34:13 - INFO - SQLite database connection closed
2024-12-18 08:51:38 - INFO - Logging initialized. Log file: pb2b/logs/bybit_scraper_20241218.log
2024-12-18 08:51:49 - INFO - DataSaver logging initialized. Log file: pb2b/logs/data_saver_20241218.log
2024-12-18 08:51:49 - INFO - Connected to SQLite database: pb2b/p2p_listings.db
2024-12-18 08:51:49 - INFO - Database tables created successfully
2024-12-18 08:51:49 - INFO - Attempt 1/10: Loading https://www.bybit.com/fiat/trade/otc?actionType=1&token=USDT&fiat=NGN
2024-12-18 08:52:03 - INFO - Screenshot saved as 'pb2b/screenshots/bybit_page_20241218_085203.png'
2024-12-18 08:52:04 - INFO - Fetching BUY listings for USDT/EUR
2024-12-18 08:52:04 - INFO - Data successfully saved to SQLite database. New listings - Bybit: 5, Binance: 6
2024-12-18 08:52:04 - INFO - Browser session closed
2024-12-18 08:52:04 - INFO - SQLite database connection closed
2024-12-18 09:16:58 - INFO - Logging initialized. Log file: pb2b/logs/bybit_scraper_20241218.log
2024-12-18 09:16:59 - INFO - DataSaver logging initialized. Log file: pb2b/logs/data_saver_20241218.log
2024-12-18 09:16:59 - INFO - Connected to SQLite database: pb2b/p2p_listings.db
2024-12-18 09:16:59 - INFO - Database tables created successfully
2024-12-18 09:16:59 - INFO - Attempt 1/10: Loading https://www.bybit.com/fiat/trade/otc?actionType=1&token=USDT&fiat=NGN
2024-12-18 09:17:11 - INFO - Screenshot saved as 'pb2b/screenshots/bybit_page_20241218_091711.png'
2024-12-18 09:17:12 - INFO - Fetching BUY listings for USDT/EUR
2024-12-18 09:17:12 - INFO - Data successfully saved to SQLite database. New listings - Bybit: 5, Binance: 6
2024-12-18 09:17:13 - INFO - Browser session closed
2024-12-18 09:17:13 - INFO - SQLite database connection closed
2024-12-18 09:36:26 - INFO - Logging initialized. Log file: pb2b/logs/bybit_scraper_20241218.log
2024-12-18 09:36:27 - INFO - DataSaver logging initialized. Log file: pb2b/logs/data_saver_20241218.log
2024-12-18 09:36:27 - INFO - Connected to SQLite database: pb2b/p2p_listings.db
2024-12-18 09:36:27 - INFO - Database tables created successfully
2024-12-18 09:36:27 - INFO - Attempt 1/10: Loading https://www.bybit.com/fiat/trade/otc?actionType=1&token=USDT&fiat=NGN
2024-12-18 09:36:38 - INFO - Screenshot saved as 'pb2b/screenshots/bybit_page_20241218_093637.png'
2024-12-18 09:36:38 - INFO - Fetching BUY listings for USDT/EUR
2024-12-18 09:36:39 - INFO - Data successfully saved to SQLite database. New listings - Bybit: 5, Binance: 6
2024-12-18 09:36:39 - INFO - Browser session closed
2024-12-18 09:36:39 - INFO - SQLite database connection closed
2024-12-18 09:48:47 - INFO - Logging initialized. Log file: pb2b/logs/bybit_scraper_20241218.log
2024-12-18 09:48:47 - INFO - DataSaver logging initialized. Log file: pb2b/logs/data_saver_20241218.log
2024-12-18 09:48:47 - INFO - Connected to SQLite database: pb2b/p2p_listings.db
2024-12-18 09:48:47 - INFO - Database tables created successfully
2024-12-18 09:48:47 - INFO - Attempt 1/10: Loading https://www.bybit.com/fiat/trade/otc?actionType=1&token=USDT&fiat=NGN
2024-12-18 09:48:58 - INFO - Screenshot saved as 'pb2b/screenshots/bybit_page_20241218_094858.png'
2024-12-18 09:48:58 - INFO - Fetching BUY listings for USDT/EUR
2024-12-18 09:48:59 - INFO - Data successfully saved to SQLite database. New listings - Bybit: 5, Binance: 6
2024-12-18 09:48:59 - INFO - Browser session closed
2024-12-18 09:48:59 - INFO - SQLite database connection closed
2024-12-18 10:10:13 - INFO - Logging initialized. Log file: pb2b/logs/bybit_scraper_20241218.log
2024-12-18 10:10:22 - INFO - DataSaver logging initialized. Log file: pb2b/logs/data_saver_20241218.log
2024-12-18 10:10:22 - INFO - Connected to SQLite database: pb2b/p2p_listings.db
2024-12-18 10:10:22 - INFO - Database tables created successfully
2024-12-18 10:10:22 - INFO - Attempt 1/10: Loading https://www.bybit.com/fiat/trade/otc?actionType=1&token=USDT&fiat=NGN
2024-12-18 10:10:35 - INFO - Screenshot saved as 'pb2b/screenshots/bybit_page_20241218_101035.png'
2024-12-18 10:10:36 - INFO - Fetching BUY listings for USDT/EUR
2024-12-18 10:10:36 - INFO - Data successfully saved to SQLite database. New listings - Bybit: 5, Binance: 6
2024-12-18 10:10:36 - INFO - Browser session closed
2024-12-18 10:10:36 - INFO - SQLite database connection closed
2024-12-18 10:37:20 - INFO - Logging initialized. Log file: pb2b/logs/bybit_scraper_20241218.log
2024-12-18 10:37:21 - INFO - DataSaver logging initialized. Log file: pb2b/logs/data_saver_20241218.log
2024-12-18 10:37:21 - INFO - Connected to SQLite database: pb2b/p2p_listings.db
2024-12-18 10:37:21 - INFO - Database tables created successfully
2024-12-18 10:37:21 - INFO - Attempt 1/10: Loading https://www.bybit.com/fiat/trade/otc?actionType=1&token=USDT&fiat=NGN
2024-12-18 10:37:31 - INFO - Screenshot saved as 'pb2b/screenshots/bybit_page_20241218_103731.png'
2024-12-18 10:37:32 - INFO - Fetching BUY listings for USDT/EUR
2024-12-18 10:37:36 - INFO - Data successfully saved to SQLite database. New listings - Bybit: 5, Binance: 6
2024-12-18 10:37:36 - INFO - Browser session closed
2024-12-18 10:37:36 - INFO - SQLite database connection closed
2024-12-18 10:51:08 - INFO - Logging initialized. Log file: pb2b/logs/bybit_scraper_20241218.log
2024-12-18 10:51:09 - INFO - DataSaver logging initialized. Log file: pb2b/logs/data_saver_20241218.log
2024-12-18 10:51:09 - INFO - Connected to SQLite database: pb2b/p2p_listings.db
2024-12-18 10:51:09 - INFO - Database tables created successfully
2024-12-18 10:51:09 - INFO - Attempt 1/10: Loading https://www.bybit.com/fiat/trade/otc?actionType=1&token=USDT&fiat=NGN
2024-12-18 10:51:19 - INFO - Screenshot saved as 'pb2b/screenshots/bybit_page_20241218_105119.png'
2024-12-18 10:51:20 - INFO - Fetching BUY listings for USDT/EUR
2024-12-18 10:51:20 - INFO - Data successfully saved to SQLite database. New listings - Bybit: 5, Binance: 6
2024-12-18 10:51:20 - INFO - Browser session closed
2024-12-18 10:51:20 - INFO - SQLite database connection closed
2024-12-18 11:10:50 - INFO - Logging initialized. Log file: pb2b/logs/bybit_scraper_20241218.log
2024-12-18 11:10:52 - INFO - DataSaver logging initialized. Log file: pb2b/logs/data_saver_20241218.log
2024-12-18 11:10:52 - INFO - Connected to SQLite database: pb2b/p2p_listings.db
2024-12-18 11:10:52 - INFO - Database tables created successfully
2024-12-18 11:10:52 - INFO - Attempt 1/10: Loading https://www.bybit.com/fiat/trade/otc?actionType=1&token=USDT&fiat=NGN
2024-12-18 11:11:04 - INFO - Screenshot saved as 'pb2b/screenshots/bybit_page_20241218_111104.png'
2024-12-18 11:11:04 - INFO - Fetching BUY listings for USDT/EUR
2024-12-18 11:11:05 - INFO - Data successfully saved to SQLite database. New listings - Bybit: 5, Binance: 6
2024-12-18 11:11:05 - INFO - Browser session closed
2024-12-18 11:11:05 - INFO - SQLite database connection closed
2024-12-18 11:27:33 - INFO - Logging initialized. Log file: pb2b/logs/bybit_scraper_20241218.log
2024-12-18 11:27:34 - INFO - DataSaver logging initialized. Log file: pb2b/logs/data_saver_20241218.log
2024-12-18 11:27:34 - INFO - Connected to SQLite database: pb2b/p2p_listings.db
2024-12-18 11:27:34 - INFO - Database tables created successfully
2024-12-18 11:27:34 - INFO - Attempt 1/10: Loading https://www.bybit.com/fiat/trade/otc?actionType=1&token=USDT&fiat=NGN
2024-12-18 11:27:44 - INFO - Screenshot saved as 'pb2b/screenshots/bybit_page_20241218_112744.png'
2024-12-18 11:27:45 - INFO - Fetching BUY listings for USDT/EUR
2024-12-18 11:27:45 - INFO - Data successfully saved to SQLite database. New listings - Bybit: 5, Binance: 6
2024-12-18 11:27:45 - INFO - Browser session closed
2024-12-18 11:27:45 - INFO - SQLite database connection closed
2024-12-18 11:40:49 - INFO - Logging initialized. Log file: pb2b/logs/bybit_scraper_20241218.log
2024-12-18 11:40:50 - INFO - DataSaver logging initialized. Log file: pb2b/logs/data_saver_20241218.log
2024-12-18 11:40:50 - INFO - Connected to SQLite database: pb2b/p2p_listings.db
2024-12-18 11:40:50 - INFO - Database tables created successfully
2024-12-18 11:40:50 - INFO - Attempt 1/10: Loading https://www.bybit.com/fiat/trade/otc?actionType=1&token=USDT&fiat=NGN
2024-12-18 11:41:01 - INFO - Screenshot saved as 'pb2b/screenshots/bybit_page_20241218_114101.png'
2024-12-18 11:41:01 - INFO - Fetching BUY listings for USDT/EUR
2024-12-18 11:41:02 - INFO - Data successfully saved to SQLite database. New listings - Bybit: 5, Binance: 6
2024-12-18 11:41:02 - INFO - Browser session closed
2024-12-18 11:41:02 - INFO - SQLite database connection closed
2024-12-18 11:54:21 - INFO - Logging initialized. Log file: pb2b/logs/bybit_scraper_20241218.log
2024-12-18 11:54:22 - INFO - DataSaver logging initialized. Log file: pb2b/logs/data_saver_20241218.log
2024-12-18 11:54:22 - INFO - Connected to SQLite database: pb2b/p2p_listings.db
2024-12-18 11:54:22 - INFO - Database tables created successfully
2024-12-18 11:54:22 - INFO - Attempt 1/10: Loading https://www.bybit.com/fiat/trade/otc?actionType=1&token=USDT&fiat=NGN
2024-12-18 11:54:33 - INFO - Screenshot saved as 'pb2b/screenshots/bybit_page_20241218_115433.png'
2024-12-18 11:54:33 - INFO - Fetching BUY listings for USDT/EUR
2024-12-18 11:54:34 - INFO - Data successfully saved to SQLite database. New listings - Bybit: 5, Binance: 6
2024-12-18 11:54:34 - INFO - Browser session closed
2024-12-18 11:54:34 - INFO - SQLite database connection closed
2024-12-18 12:41:28 - INFO - Logging initialized. Log file: pb2b/logs/bybit_scraper_20241218.log
2024-12-18 12:41:42 - INFO - DataSaver logging initialized. Log file: pb2b/logs/data_saver_20241218.log
2024-12-18 12:41:42 - INFO - Connected to SQLite database: pb2b/p2p_listings.db
2024-12-18 12:41:42 - INFO - Database tables created successfully
2024-12-18 12:41:42 - INFO - Attempt 1/10: Loading https://www.bybit.com/fiat/trade/otc?actionType=1&token=USDT&fiat=NGN
2024-12-18 12:41:57 - INFO - Screenshot saved as 'pb2b/screenshots/bybit_page_20241218_124156.png'
2024-12-18 12:41:57 - INFO - Fetching BUY listings for USDT/EUR
2024-12-18 12:41:58 - INFO - Data successfully saved to SQLite database. New listings - Bybit: 5, Binance: 6
2024-12-18 12:41:58 - INFO - Browser session closed
2024-12-18 12:41:58 - INFO - SQLite database connection closed
2024-12-18 13:14:53 - INFO - Logging initialized. Log file: pb2b/logs/bybit_scraper_20241218.log
2024-12-18 13:15:15 - INFO - DataSaver logging initialized. Log file: pb2b/logs/data_saver_20241218.log
2024-12-18 13:15:15 - INFO - Connected to SQLite database: pb2b/p2p_listings.db
2024-12-18 13:15:15 - INFO - Database tables created successfully
2024-12-18 13:15:15 - INFO - Attempt 1/10: Loading https://www.bybit.com/fiat/trade/otc?actionType=1&token=USDT&fiat=NGN
2024-12-18 13:15:33 - INFO - Screenshot saved as 'pb2b/screenshots/bybit_page_20241218_131532.png'
2024-12-18 13:15:33 - INFO - Fetching BUY listings for USDT/EUR
2024-12-18 13:15:34 - INFO - Data successfully saved to SQLite database. New listings - Bybit: 5, Binance: 6
2024-12-18 13:15:34 - INFO - Browser session closed
2024-12-18 13:15:34 - INFO - SQLite database connection closed
2024-12-18 13:38:59 - INFO - Logging initialized. Log file: pb2b/logs/bybit_scraper_20241218.log
2024-12-18 13:39:04 - WARNING - Exception managing chrome: error sending request for url (https://googlechromelabs.github.io/chrome-for-testing/known-good-versions-with-downloads.json)
2024-12-18 13:39:11 - INFO - DataSaver logging initialized. Log file: pb2b/logs/data_saver_20241218.log
2024-12-18 13:39:11 - INFO - Connected to SQLite database: pb2b/p2p_listings.db
2024-12-18 13:39:11 - INFO - Database tables created successfully
2024-12-18 13:39:11 - INFO - Attempt 1/10: Loading https://www.bybit.com/fiat/trade/otc?actionType=1&token=USDT&fiat=NGN
2024-12-18 13:39:25 - INFO - Screenshot saved as 'pb2b/screenshots/bybit_page_20241218_133925.png'
2024-12-18 13:39:25 - INFO - Fetching BUY listings for USDT/EUR
2024-12-18 13:39:26 - INFO - Data successfully saved to SQLite database. New listings - Bybit: 5, Binance: 6
2024-12-18 13:39:26 - INFO - Browser session closed
2024-12-18 13:39:26 - INFO - SQLite database connection closed
2024-12-18 13:52:36 - INFO - Logging initialized. Log file: pb2b/logs/bybit_scraper_20241218.log
2024-12-18 13:52:50 - INFO - DataSaver logging initialized. Log file: pb2b/logs/data_saver_20241218.log
2024-12-18 13:52:50 - INFO - Connected to SQLite database: pb2b/p2p_listings.db
2024-12-18 13:52:50 - INFO - Database tables created successfully
2024-12-18 13:52:50 - INFO - Attempt 1/10: Loading https://www.bybit.com/fiat/trade/otc?actionType=1&token=USDT&fiat=NGN
2024-12-18 13:53:04 - INFO - Screenshot saved as 'pb2b/screenshots/bybit_page_20241218_135304.png'
2024-12-18 13:53:04 - INFO - Fetching BUY listings for USDT/EUR
2024-12-18 13:53:05 - INFO - Data successfully saved to SQLite database. New listings - Bybit: 5, Binance: 6
2024-12-18 13:53:05 - INFO - Browser session closed
2024-12-18 13:53:05 - INFO - SQLite database connection closed
2024-12-18 14:16:04 - INFO - Logging initialized. Log file: pb2b/logs/bybit_scraper_20241218.log
2024-12-18 14:16:23 - INFO - DataSaver logging initialized. Log file: pb2b/logs/data_saver_20241218.log
2024-12-18 14:16:23 - INFO - Connected to SQLite database: pb2b/p2p_listings.db
2024-12-18 14:16:23 - INFO - Database tables created successfully
2024-12-18 14:16:23 - INFO - Attempt 1/10: Loading https://www.bybit.com/fiat/trade/otc?actionType=1&token=USDT&fiat=NGN
2024-12-18 14:16:40 - INFO - Screenshot saved as 'pb2b/screenshots/bybit_page_20241218_141639.png'
2024-12-18 14:16:40 - INFO - Fetching BUY listings for USDT/EUR
2024-12-18 14:16:40 - INFO - Data successfully saved to SQLite database. New listings - Bybit: 5, Binance: 6
2024-12-18 14:16:41 - INFO - Browser session closed
2024-12-18 14:16:41 - INFO - SQLite database connection closed
2024-12-18 14:38:19 - INFO - Logging initialized. Log file: pb2b/logs/bybit_scraper_20241218.log
2024-12-18 14:38:36 - INFO - DataSaver logging initialized. Log file: pb2b/logs/data_saver_20241218.log
2024-12-18 14:38:36 - INFO - Connected to SQLite database: pb2b/p2p_listings.db
2024-12-18 14:38:36 - INFO - Database tables created successfully
2024-12-18 14:38:36 - INFO - Attempt 1/10: Loading https://www.bybit.com/fiat/trade/otc?actionType=1&token=USDT&fiat=NGN
2024-12-18 14:38:52 - INFO - Screenshot saved as 'pb2b/screenshots/bybit_page_20241218_143851.png'
2024-12-18 14:38:52 - INFO - Fetching BUY listings for USDT/EUR
2024-12-18 14:38:53 - INFO - Data successfully saved to SQLite database. New listings - Bybit: 5, Binance: 6
2024-12-18 14:38:53 - INFO - Browser session closed
2024-12-18 14:38:53 - INFO - SQLite database connection closed
2024-12-18 14:51:41 - INFO - Logging initialized. Log file: pb2b/logs/bybit_scraper_20241218.log
2024-12-18 14:51:46 - INFO - DataSaver logging initialized. Log file: pb2b/logs/data_saver_20241218.log
2024-12-18 14:51:46 - INFO - Connected to SQLite database: pb2b/p2p_listings.db
2024-12-18 14:51:46 - INFO - Database tables created successfully
2024-12-18 14:51:46 - INFO - Attempt 1/10: Loading https://www.bybit.com/fiat/trade/otc?actionType=1&token=USDT&fiat=NGN
2024-12-18 14:51:59 - INFO - Screenshot saved as 'pb2b/screenshots/bybit_page_20241218_145159.png'
2024-12-18 14:51:59 - INFO - Fetching BUY listings for USDT/EUR
2024-12-18 14:52:00 - INFO - Data successfully saved to SQLite database. New listings - Bybit: 5, Binance: 6
2024-12-18 14:52:00 - INFO - Browser session closed
2024-12-18 14:52:00 - INFO - SQLite database connection closed
2024-12-18 15:16:22 - INFO - Logging initialized. Log file: pb2b/logs/bybit_scraper_20241218.log
2024-12-18 15:16:27 - INFO - DataSaver logging initialized. Log file: pb2b/logs/data_saver_20241218.log
2024-12-18 15:16:27 - INFO - Connected to SQLite database: pb2b/p2p_listings.db
2024-12-18 15:16:27 - INFO - Database tables created successfully
2024-12-18 15:16:27 - INFO - Attempt 1/10: Loading https://www.bybit.com/fiat/trade/otc?actionType=1&token=USDT&fiat=NGN
2024-12-18 15:16:39 - INFO - Screenshot saved as 'pb2b/screenshots/bybit_page_20241218_151638.png'
2024-12-18 15:16:39 - INFO - Fetching BUY listings for USDT/EUR
2024-12-18 15:16:40 - INFO - Data successfully saved to SQLite database. New listings - Bybit: 5, Binance: 6
2024-12-18 15:16:40 - INFO - Browser session closed
2024-12-18 15:16:40 - INFO - SQLite database connection closed
2024-12-18 15:36:34 - INFO - Logging initialized. Log file: pb2b/logs/bybit_scraper_20241218.log
2024-12-18 15:36:42 - INFO - DataSaver logging initialized. Log file: pb2b/logs/data_saver_20241218.log
2024-12-18 15:36:42 - INFO - Connected to SQLite database: pb2b/p2p_listings.db
2024-12-18 15:36:42 - INFO - Database tables created successfully
2024-12-18 15:36:42 - INFO - Attempt 1/10: Loading https://www.bybit.com/fiat/trade/otc?actionType=1&token=USDT&fiat=NGN
2024-12-18 15:36:55 - INFO - Screenshot saved as 'pb2b/screenshots/bybit_page_20241218_153655.png'
2024-12-18 15:36:56 - INFO - Fetching BUY listings for USDT/EUR
2024-12-18 15:36:56 - INFO - Data successfully saved to SQLite database. New listings - Bybit: 5, Binance: 6
2024-12-18 15:36:56 - INFO - Browser session closed
2024-12-18 15:36:56 - INFO - SQLite database connection closed
2024-12-18 15:49:41 - INFO - Logging initialized. Log file: pb2b/logs/bybit_scraper_20241218.log
2024-12-18 15:49:50 - INFO - DataSaver logging initialized. Log file: pb2b/logs/data_saver_20241218.log
2024-12-18 15:49:50 - INFO - Connected to SQLite database: pb2b/p2p_listings.db
2024-12-18 15:49:50 - INFO - Database tables created successfully
2024-12-18 15:49:50 - INFO - Attempt 1/10: Loading https://www.bybit.com/fiat/trade/otc?actionType=1&token=USDT&fiat=NGN
2024-12-18 15:50:05 - INFO - Screenshot saved as 'pb2b/screenshots/bybit_page_20241218_155004.png'
2024-12-18 15:50:05 - INFO - Fetching BUY listings for USDT/EUR
2024-12-18 15:50:06 - INFO - Data successfully saved to SQLite database. New listings - Bybit: 5, Binance: 6
2024-12-18 15:50:06 - INFO - Browser session closed
2024-12-18 15:50:06 - INFO - SQLite database connection closed
2024-12-18 16:14:02 - INFO - Logging initialized. Log file: pb2b/logs/bybit_scraper_20241218.log
2024-12-18 16:14:03 - INFO - DataSaver logging initialized. Log file: pb2b/logs/data_saver_20241218.log
2024-12-18 16:14:03 - INFO - Connected to SQLite database: pb2b/p2p_listings.db
2024-12-18 16:14:03 - INFO - Database tables created successfully
2024-12-18 16:14:03 - INFO - Attempt 1/10: Loading https://www.bybit.com/fiat/trade/otc?actionType=1&token=USDT&fiat=NGN
2024-12-18 16:14:14 - INFO - Screenshot saved as 'pb2b/screenshots/bybit_page_20241218_161414.png'
2024-12-18 16:14:14 - INFO - Fetching BUY listings for USDT/EUR
2024-12-18 16:14:15 - INFO - Data successfully saved to SQLite database. New listings - Bybit: 5, Binance: 6
2024-12-18 16:14:15 - INFO - Browser session closed
2024-12-18 16:14:15 - INFO - SQLite database connection closed
2024-12-18 16:42:00 - INFO - Logging initialized. Log file: pb2b/logs/bybit_scraper_20241218.log
2024-12-18 16:42:01 - INFO - DataSaver logging initialized. Log file: pb2b/logs/data_saver_20241218.log
2024-12-18 16:42:01 - INFO - Connected to SQLite database: pb2b/p2p_listings.db
2024-12-18 16:42:01 - INFO - Database tables created successfully
2024-12-18 16:42:01 - INFO - Attempt 1/10: Loading https://www.bybit.com/fiat/trade/otc?actionType=1&token=USDT&fiat=NGN
2024-12-18 16:42:11 - INFO - Screenshot saved as 'pb2b/screenshots/bybit_page_20241218_164211.png'
2024-12-18 16:42:11 - INFO - Fetching BUY listings for USDT/EUR
2024-12-18 16:42:12 - INFO - Data successfully saved to SQLite database. New listings - Bybit: 5, Binance: 6
2024-12-18 16:42:12 - INFO - Browser session closed
2024-12-18 16:42:12 - INFO - SQLite database connection closed
2024-12-18 16:55:48 - INFO - Logging initialized. Log file: pb2b/logs/bybit_scraper_20241218.log
2024-12-18 16:55:56 - INFO - DataSaver logging initialized. Log file: pb2b/logs/data_saver_20241218.log
2024-12-18 16:55:56 - INFO - Connected to SQLite database: pb2b/p2p_listings.db
2024-12-18 16:55:56 - INFO - Database tables created successfully
2024-12-18 16:55:56 - INFO - Attempt 1/10: Loading https://www.bybit.com/fiat/trade/otc?actionType=1&token=USDT&fiat=NGN
2024-12-18 16:56:10 - INFO - Screenshot saved as 'pb2b/screenshots/bybit_page_20241218_165610.png'
2024-12-18 16:56:11 - INFO - Fetching BUY listings for USDT/EUR
2024-12-18 16:56:11 - INFO - Data successfully saved to SQLite database. New listings - Bybit: 5, Binance: 6
2024-12-18 16:56:11 - INFO - Browser session closed
2024-12-18 16:56:11 - INFO - SQLite database connection closed
2024-12-18 17:22:10 - INFO - Logging initialized. Log file: pb2b/logs/bybit_scraper_20241218.log
2024-12-18 17:22:21 - INFO - DataSaver logging initialized. Log file: pb2b/logs/data_saver_20241218.log
2024-12-18 17:22:21 - INFO - Connected to SQLite database: pb2b/p2p_listings.db
2024-12-18 17:22:21 - INFO - Database tables created successfully
2024-12-18 17:22:21 - INFO - Attempt 1/10: Loading https://www.bybit.com/fiat/trade/otc?actionType=1&token=USDT&fiat=NGN
2024-12-18 17:22:34 - INFO - Screenshot saved as 'pb2b/screenshots/bybit_page_20241218_172234.png'
2024-12-18 17:22:35 - INFO - Fetching BUY listings for USDT/EUR
2024-12-18 17:22:35 - INFO - Data successfully saved to SQLite database. New listings - Bybit: 5, Binance: 6
2024-12-18 17:22:35 - INFO - Browser session closed
2024-12-18 17:22:35 - INFO - SQLite database connection closed
2024-12-18 17:38:53 - INFO - Logging initialized. Log file: pb2b/logs/bybit_scraper_20241218.log
2024-12-18 17:39:00 - INFO - DataSaver logging initialized. Log file: pb2b/logs/data_saver_20241218.log
2024-12-18 17:39:00 - INFO - Connected to SQLite database: pb2b/p2p_listings.db
2024-12-18 17:39:00 - INFO - Database tables created successfully
2024-12-18 17:39:00 - INFO - Attempt 1/10: Loading https://www.bybit.com/fiat/trade/otc?actionType=1&token=USDT&fiat=NGN
2024-12-18 17:39:14 - INFO - Screenshot saved as 'pb2b/screenshots/bybit_page_20241218_173914.png'
2024-12-18 17:39:14 - INFO - Fetching BUY listings for USDT/EUR
2024-12-18 17:39:15 - INFO - Data successfully saved to SQLite database. New listings - Bybit: 5, Binance: 6
2024-12-18 17:39:15 - INFO - Browser session closed
2024-12-18 17:39:15 - INFO - SQLite database connection closed
