2025-03-16 01:36:55 - INFO - Logging initialized. Log file: pb2b/logs/bybit_scraper_20250316.log
2025-03-16 01:36:56 - INFO - DataSaver logging initialized. Log file: pb2b/logs/data_saver_20250316.log
2025-03-16 01:36:56 - INFO - Connected to SQLite database: pb2b/p2p_listings.db
2025-03-16 01:36:56 - INFO - Database tables created successfully
2025-03-16 01:36:56 - INFO - Attempt 1/10: Loading https://www.bybit.com/fiat/trade/otc?actionType=1&token=USDT&fiat=NGN
2025-03-16 01:37:05 - INFO - Screenshot saved as 'pb2b/screenshots/bybit_page_20250316_013705.png'
2025-03-16 01:37:06 - INFO - Fetching BUY listings for USDT/EUR
2025-03-16 01:37:07 - INFO - Data successfully saved to SQLite database. New listings - Bybit: 4, Binance: 6
2025-03-16 01:37:07 - INFO - Browser session closed
2025-03-16 01:37:07 - INFO - SQLite database connection closed
2025-03-16 02:51:52 - INFO - Logging initialized. Log file: pb2b/logs/bybit_scraper_20250316.log
2025-03-16 02:51:52 - INFO - DataSaver logging initialized. Log file: pb2b/logs/data_saver_20250316.log
2025-03-16 02:51:52 - INFO - Connected to SQLite database: pb2b/p2p_listings.db
2025-03-16 02:51:52 - INFO - Database tables created successfully
2025-03-16 02:51:52 - INFO - Attempt 1/10: Loading https://www.bybit.com/fiat/trade/otc?actionType=1&token=USDT&fiat=NGN
2025-03-16 02:52:02 - INFO - Screenshot saved as 'pb2b/screenshots/bybit_page_20250316_025202.png'
2025-03-16 02:52:02 - INFO - Fetching BUY listings for USDT/EUR
2025-03-16 02:52:03 - INFO - Data successfully saved to SQLite database. New listings - Bybit: 4, Binance: 6
2025-03-16 02:52:04 - INFO - Browser session closed
2025-03-16 02:52:04 - INFO - SQLite database connection closed
2025-03-16 03:28:56 - INFO - Logging initialized. Log file: pb2b/logs/bybit_scraper_20250316.log
2025-03-16 03:28:57 - INFO - DataSaver logging initialized. Log file: pb2b/logs/data_saver_20250316.log
2025-03-16 03:28:57 - INFO - Connected to SQLite database: pb2b/p2p_listings.db
2025-03-16 03:28:57 - INFO - Database tables created successfully
2025-03-16 03:28:57 - INFO - Attempt 1/10: Loading https://www.bybit.com/fiat/trade/otc?actionType=1&token=USDT&fiat=NGN
2025-03-16 03:29:07 - INFO - Screenshot saved as 'pb2b/screenshots/bybit_page_20250316_032907.png'
2025-03-16 03:29:07 - INFO - Fetching BUY listings for USDT/EUR
2025-03-16 03:29:08 - INFO - Data successfully saved to SQLite database. New listings - Bybit: 4, Binance: 6
2025-03-16 03:29:08 - INFO - Browser session closed
2025-03-16 03:29:08 - INFO - SQLite database connection closed
2025-03-16 03:51:52 - INFO - Logging initialized. Log file: pb2b/logs/bybit_scraper_20250316.log
2025-03-16 03:51:53 - INFO - DataSaver logging initialized. Log file: pb2b/logs/data_saver_20250316.log
2025-03-16 03:51:53 - INFO - Connected to SQLite database: pb2b/p2p_listings.db
2025-03-16 03:51:53 - INFO - Database tables created successfully
2025-03-16 03:51:53 - INFO - Attempt 1/10: Loading https://www.bybit.com/fiat/trade/otc?actionType=1&token=USDT&fiat=NGN
2025-03-16 03:52:03 - INFO - Screenshot saved as 'pb2b/screenshots/bybit_page_20250316_035202.png'
2025-03-16 03:52:03 - INFO - Fetching BUY listings for USDT/EUR
2025-03-16 03:52:04 - INFO - Data successfully saved to SQLite database. New listings - Bybit: 4, Binance: 6
2025-03-16 03:52:04 - INFO - Browser session closed
2025-03-16 03:52:04 - INFO - SQLite database connection closed
