2025-05-19 02:10:45 - INFO - Logging initialized. Log file: pb2b/logs/bybit_scraper_20250519.log
2025-05-19 02:10:46 - INFO - DataSaver logging initialized. Log file: pb2b/logs/data_saver_20250519.log
2025-05-19 02:10:46 - INFO - Connected to SQLite database: pb2b/p2p_listings.db
2025-05-19 02:10:46 - INFO - Database tables created successfully
2025-05-19 02:10:46 - INFO - Attempt 1/10: Loading https://www.bybit.com/fiat/trade/otc?actionType=1&token=USDT&fiat=NGN
2025-05-19 02:10:57 - INFO - Screenshot saved as 'pb2b/screenshots/bybit_page_20250519_021056.png'
2025-05-19 02:10:57 - INFO - Fetching BUY listings for USDT/EUR
2025-05-19 02:10:58 - INFO - Data successfully saved to SQLite database. New listings - Bybit: 4, Binance: 6
2025-05-19 02:10:58 - INFO - Browser session closed
2025-05-19 02:10:58 - INFO - SQLite database connection closed
2025-05-19 03:33:54 - INFO - Logging initialized. Log file: pb2b/logs/bybit_scraper_20250519.log
2025-05-19 03:33:55 - INFO - DataSaver logging initialized. Log file: pb2b/logs/data_saver_20250519.log
2025-05-19 03:33:55 - INFO - Connected to SQLite database: pb2b/p2p_listings.db
2025-05-19 03:33:55 - INFO - Database tables created successfully
2025-05-19 03:33:55 - INFO - Attempt 1/10: Loading https://www.bybit.com/fiat/trade/otc?actionType=1&token=USDT&fiat=NGN
2025-05-19 03:34:07 - INFO - Screenshot saved as 'pb2b/screenshots/bybit_page_20250519_033407.png'
2025-05-19 03:34:08 - INFO - Fetching BUY listings for USDT/EUR
2025-05-19 03:34:08 - INFO - Data successfully saved to SQLite database. New listings - Bybit: 4, Binance: 6
2025-05-19 03:34:08 - INFO - Browser session closed
2025-05-19 03:34:08 - INFO - SQLite database connection closed
2025-05-19 04:05:37 - INFO - Logging initialized. Log file: pb2b/logs/bybit_scraper_20250519.log
2025-05-19 04:05:38 - INFO - DataSaver logging initialized. Log file: pb2b/logs/data_saver_20250519.log
2025-05-19 04:05:38 - INFO - Connected to SQLite database: pb2b/p2p_listings.db
2025-05-19 04:05:38 - INFO - Database tables created successfully
2025-05-19 04:05:38 - INFO - Attempt 1/10: Loading https://www.bybit.com/fiat/trade/otc?actionType=1&token=USDT&fiat=NGN
2025-05-19 04:05:48 - INFO - Screenshot saved as 'pb2b/screenshots/bybit_page_20250519_040548.png'
2025-05-19 04:05:49 - INFO - Fetching BUY listings for USDT/EUR
2025-05-19 04:05:50 - INFO - Data successfully saved to SQLite database. New listings - Bybit: 4, Binance: 6
2025-05-19 04:05:50 - INFO - Browser session closed
2025-05-19 04:05:50 - INFO - SQLite database connection closed
2025-05-19 04:39:52 - INFO - Logging initialized. Log file: pb2b/logs/bybit_scraper_20250519.log
2025-05-19 04:39:53 - INFO - DataSaver logging initialized. Log file: pb2b/logs/data_saver_20250519.log
2025-05-19 04:39:53 - INFO - Connected to SQLite database: pb2b/p2p_listings.db
2025-05-19 04:39:53 - INFO - Database tables created successfully
2025-05-19 04:39:53 - INFO - Attempt 1/10: Loading https://www.bybit.com/fiat/trade/otc?actionType=1&token=USDT&fiat=NGN
2025-05-19 04:40:03 - INFO - Screenshot saved as 'pb2b/screenshots/bybit_page_20250519_044002.png'
2025-05-19 04:40:03 - INFO - Fetching BUY listings for USDT/EUR
2025-05-19 04:40:04 - INFO - Data successfully saved to SQLite database. New listings - Bybit: 4, Binance: 6
2025-05-19 04:40:04 - INFO - Browser session closed
2025-05-19 04:40:04 - INFO - SQLite database connection closed
2025-05-19 04:58:09 - INFO - Logging initialized. Log file: pb2b/logs/bybit_scraper_20250519.log
2025-05-19 04:58:11 - INFO - DataSaver logging initialized. Log file: pb2b/logs/data_saver_20250519.log
2025-05-19 04:58:11 - INFO - Connected to SQLite database: pb2b/p2p_listings.db
2025-05-19 04:58:11 - INFO - Database tables created successfully
2025-05-19 04:58:11 - INFO - Attempt 1/10: Loading https://www.bybit.com/fiat/trade/otc?actionType=1&token=USDT&fiat=NGN
2025-05-19 04:58:20 - INFO - Screenshot saved as 'pb2b/screenshots/bybit_page_20250519_045820.png'
2025-05-19 04:58:20 - INFO - Fetching BUY listings for USDT/EUR
2025-05-19 04:58:21 - INFO - Data successfully saved to SQLite database. New listings - Bybit: 4, Binance: 6
2025-05-19 04:58:21 - INFO - Browser session closed
2025-05-19 04:58:21 - INFO - SQLite database connection closed
2025-05-19 05:29:31 - INFO - Logging initialized. Log file: pb2b/logs/bybit_scraper_20250519.log
2025-05-19 05:29:33 - INFO - DataSaver logging initialized. Log file: pb2b/logs/data_saver_20250519.log
2025-05-19 05:29:33 - INFO - Connected to SQLite database: pb2b/p2p_listings.db
2025-05-19 05:29:33 - INFO - Database tables created successfully
2025-05-19 05:29:33 - INFO - Attempt 1/10: Loading https://www.bybit.com/fiat/trade/otc?actionType=1&token=USDT&fiat=NGN
2025-05-19 05:29:45 - INFO - Screenshot saved as 'pb2b/screenshots/bybit_page_20250519_052945.png'
2025-05-19 05:29:45 - INFO - Fetching BUY listings for USDT/EUR
2025-05-19 05:29:46 - INFO - Data successfully saved to SQLite database. New listings - Bybit: 4, Binance: 6
2025-05-19 05:29:46 - INFO - Browser session closed
2025-05-19 05:29:46 - INFO - SQLite database connection closed
2025-05-19 05:47:39 - INFO - Logging initialized. Log file: pb2b/logs/bybit_scraper_20250519.log
2025-05-19 05:47:41 - INFO - DataSaver logging initialized. Log file: pb2b/logs/data_saver_20250519.log
2025-05-19 05:47:41 - INFO - Connected to SQLite database: pb2b/p2p_listings.db
2025-05-19 05:47:41 - INFO - Database tables created successfully
2025-05-19 05:47:41 - INFO - Attempt 1/10: Loading https://www.bybit.com/fiat/trade/otc?actionType=1&token=USDT&fiat=NGN
2025-05-19 05:47:50 - INFO - Screenshot saved as 'pb2b/screenshots/bybit_page_20250519_054750.png'
2025-05-19 05:47:50 - INFO - Fetching BUY listings for USDT/EUR
2025-05-19 05:47:51 - INFO - Data successfully saved to SQLite database. New listings - Bybit: 4, Binance: 6
2025-05-19 05:47:51 - INFO - Browser session closed
2025-05-19 05:47:51 - INFO - SQLite database connection closed
2025-05-19 06:00:41 - INFO - Logging initialized. Log file: pb2b/logs/bybit_scraper_20250519.log
2025-05-19 06:00:41 - INFO - DataSaver logging initialized. Log file: pb2b/logs/data_saver_20250519.log
2025-05-19 06:00:41 - INFO - Connected to SQLite database: pb2b/p2p_listings.db
2025-05-19 06:00:41 - INFO - Database tables created successfully
2025-05-19 06:00:41 - INFO - Attempt 1/10: Loading https://www.bybit.com/fiat/trade/otc?actionType=1&token=USDT&fiat=NGN
2025-05-19 06:00:51 - INFO - Screenshot saved as 'pb2b/screenshots/bybit_page_20250519_060051.png'
2025-05-19 06:00:51 - INFO - Fetching BUY listings for USDT/EUR
2025-05-19 06:00:52 - INFO - Data successfully saved to SQLite database. New listings - Bybit: 4, Binance: 6
2025-05-19 06:00:52 - INFO - Browser session closed
2025-05-19 06:00:52 - INFO - SQLite database connection closed
2025-05-19 06:42:25 - INFO - Logging initialized. Log file: pb2b/logs/bybit_scraper_20250519.log
2025-05-19 06:42:27 - INFO - DataSaver logging initialized. Log file: pb2b/logs/data_saver_20250519.log
2025-05-19 06:42:27 - INFO - Connected to SQLite database: pb2b/p2p_listings.db
2025-05-19 06:42:27 - INFO - Database tables created successfully
2025-05-19 06:42:27 - INFO - Attempt 1/10: Loading https://www.bybit.com/fiat/trade/otc?actionType=1&token=USDT&fiat=NGN
2025-05-19 06:42:38 - INFO - Screenshot saved as 'pb2b/screenshots/bybit_page_20250519_064238.png'
2025-05-19 06:42:39 - INFO - Fetching BUY listings for USDT/EUR
2025-05-19 06:42:39 - INFO - Data successfully saved to SQLite database. New listings - Bybit: 4, Binance: 6
2025-05-19 06:42:39 - INFO - Browser session closed
2025-05-19 06:42:39 - INFO - SQLite database connection closed
2025-05-19 06:59:31 - INFO - Logging initialized. Log file: pb2b/logs/bybit_scraper_20250519.log
2025-05-19 06:59:33 - INFO - DataSaver logging initialized. Log file: pb2b/logs/data_saver_20250519.log
2025-05-19 06:59:33 - INFO - Connected to SQLite database: pb2b/p2p_listings.db
2025-05-19 06:59:33 - INFO - Database tables created successfully
2025-05-19 06:59:33 - INFO - Attempt 1/10: Loading https://www.bybit.com/fiat/trade/otc?actionType=1&token=USDT&fiat=NGN
2025-05-19 06:59:44 - INFO - Screenshot saved as 'pb2b/screenshots/bybit_page_20250519_065943.png'
2025-05-19 06:59:44 - INFO - Fetching BUY listings for USDT/EUR
2025-05-19 06:59:45 - INFO - Data successfully saved to SQLite database. New listings - Bybit: 4, Binance: 6
2025-05-19 06:59:45 - INFO - Browser session closed
2025-05-19 06:59:45 - INFO - SQLite database connection closed
2025-05-19 07:29:29 - INFO - Logging initialized. Log file: pb2b/logs/bybit_scraper_20250519.log
2025-05-19 07:29:32 - INFO - DataSaver logging initialized. Log file: pb2b/logs/data_saver_20250519.log
2025-05-19 07:29:32 - INFO - Connected to SQLite database: pb2b/p2p_listings.db
2025-05-19 07:29:32 - INFO - Database tables created successfully
2025-05-19 07:29:32 - INFO - Attempt 1/10: Loading https://www.bybit.com/fiat/trade/otc?actionType=1&token=USDT&fiat=NGN
2025-05-19 07:29:46 - INFO - Screenshot saved as 'pb2b/screenshots/bybit_page_20250519_072946.png'
2025-05-19 07:29:47 - INFO - Fetching BUY listings for USDT/EUR
2025-05-19 07:29:47 - INFO - Data successfully saved to SQLite database. New listings - Bybit: 4, Binance: 6
2025-05-19 07:29:48 - INFO - Browser session closed
2025-05-19 07:29:48 - INFO - SQLite database connection closed
2025-05-19 07:45:56 - INFO - Logging initialized. Log file: pb2b/logs/bybit_scraper_20250519.log
2025-05-19 07:45:57 - INFO - DataSaver logging initialized. Log file: pb2b/logs/data_saver_20250519.log
2025-05-19 07:45:57 - INFO - Connected to SQLite database: pb2b/p2p_listings.db
2025-05-19 07:45:57 - INFO - Database tables created successfully
2025-05-19 07:45:57 - INFO - Attempt 1/10: Loading https://www.bybit.com/fiat/trade/otc?actionType=1&token=USDT&fiat=NGN
2025-05-19 07:46:07 - INFO - Screenshot saved as 'pb2b/screenshots/bybit_page_20250519_074606.png'
2025-05-19 07:46:07 - INFO - Fetching BUY listings for USDT/EUR
2025-05-19 07:46:08 - INFO - Data successfully saved to SQLite database. New listings - Bybit: 4, Binance: 6
2025-05-19 07:46:08 - INFO - Browser session closed
2025-05-19 07:46:08 - INFO - SQLite database connection closed
2025-05-19 07:58:18 - INFO - Logging initialized. Log file: pb2b/logs/bybit_scraper_20250519.log
2025-05-19 07:58:19 - INFO - DataSaver logging initialized. Log file: pb2b/logs/data_saver_20250519.log
2025-05-19 07:58:19 - INFO - Connected to SQLite database: pb2b/p2p_listings.db
2025-05-19 07:58:19 - INFO - Database tables created successfully
2025-05-19 07:58:19 - INFO - Attempt 1/10: Loading https://www.bybit.com/fiat/trade/otc?actionType=1&token=USDT&fiat=NGN
2025-05-19 07:58:30 - INFO - Screenshot saved as 'pb2b/screenshots/bybit_page_20250519_075830.png'
2025-05-19 07:58:30 - INFO - Fetching BUY listings for USDT/EUR
2025-05-19 07:58:31 - INFO - Data successfully saved to SQLite database. New listings - Bybit: 4, Binance: 6
2025-05-19 07:58:31 - INFO - Browser session closed
2025-05-19 07:58:31 - INFO - SQLite database connection closed
2025-05-19 08:38:34 - INFO - Logging initialized. Log file: pb2b/logs/bybit_scraper_20250519.log
2025-05-19 08:38:34 - INFO - DataSaver logging initialized. Log file: pb2b/logs/data_saver_20250519.log
2025-05-19 08:38:34 - INFO - Connected to SQLite database: pb2b/p2p_listings.db
2025-05-19 08:38:34 - INFO - Database tables created successfully
2025-05-19 08:38:34 - INFO - Attempt 1/10: Loading https://www.bybit.com/fiat/trade/otc?actionType=1&token=USDT&fiat=NGN
2025-05-19 08:38:44 - INFO - Screenshot saved as 'pb2b/screenshots/bybit_page_20250519_083844.png'
2025-05-19 08:38:45 - INFO - Fetching BUY listings for USDT/EUR
2025-05-19 08:38:45 - INFO - Data successfully saved to SQLite database. New listings - Bybit: 4, Binance: 6
2025-05-19 08:38:45 - INFO - Browser session closed
2025-05-19 08:38:45 - INFO - SQLite database connection closed
2025-05-19 08:58:09 - INFO - Logging initialized. Log file: pb2b/logs/bybit_scraper_20250519.log
2025-05-19 08:58:10 - INFO - DataSaver logging initialized. Log file: pb2b/logs/data_saver_20250519.log
2025-05-19 08:58:10 - INFO - Connected to SQLite database: pb2b/p2p_listings.db
2025-05-19 08:58:10 - INFO - Database tables created successfully
2025-05-19 08:58:10 - INFO - Attempt 1/10: Loading https://www.bybit.com/fiat/trade/otc?actionType=1&token=USDT&fiat=NGN
2025-05-19 08:58:20 - INFO - Screenshot saved as 'pb2b/screenshots/bybit_page_20250519_085820.png'
2025-05-19 08:58:20 - INFO - Fetching BUY listings for USDT/EUR
2025-05-19 08:58:21 - INFO - Data successfully saved to SQLite database. New listings - Bybit: 4, Binance: 6
2025-05-19 08:58:21 - INFO - Browser session closed
2025-05-19 08:58:21 - INFO - SQLite database connection closed
2025-05-19 09:32:21 - INFO - Logging initialized. Log file: pb2b/logs/bybit_scraper_20250519.log
2025-05-19 09:32:23 - INFO - DataSaver logging initialized. Log file: pb2b/logs/data_saver_20250519.log
2025-05-19 09:32:23 - INFO - Connected to SQLite database: pb2b/p2p_listings.db
2025-05-19 09:32:23 - INFO - Database tables created successfully
2025-05-19 09:32:23 - INFO - Attempt 1/10: Loading https://www.bybit.com/fiat/trade/otc?actionType=1&token=USDT&fiat=NGN
2025-05-19 09:32:33 - INFO - Screenshot saved as 'pb2b/screenshots/bybit_page_20250519_093232.png'
2025-05-19 09:32:33 - INFO - Fetching BUY listings for USDT/EUR
2025-05-19 09:32:34 - INFO - Data successfully saved to SQLite database. New listings - Bybit: 4, Binance: 6
2025-05-19 09:32:34 - INFO - Browser session closed
2025-05-19 09:32:34 - INFO - SQLite database connection closed
2025-05-19 09:50:20 - INFO - Logging initialized. Log file: pb2b/logs/bybit_scraper_20250519.log
2025-05-19 09:50:21 - INFO - DataSaver logging initialized. Log file: pb2b/logs/data_saver_20250519.log
2025-05-19 09:50:21 - INFO - Connected to SQLite database: pb2b/p2p_listings.db
2025-05-19 09:50:21 - INFO - Database tables created successfully
2025-05-19 09:50:21 - INFO - Attempt 1/10: Loading https://www.bybit.com/fiat/trade/otc?actionType=1&token=USDT&fiat=NGN
2025-05-19 09:50:31 - INFO - Screenshot saved as 'pb2b/screenshots/bybit_page_20250519_095031.png'
2025-05-19 09:50:32 - INFO - Fetching BUY listings for USDT/EUR
2025-05-19 09:50:33 - INFO - Data successfully saved to SQLite database. New listings - Bybit: 4, Binance: 6
2025-05-19 09:50:33 - INFO - Browser session closed
2025-05-19 09:50:33 - INFO - SQLite database connection closed
2025-05-19 10:02:54 - INFO - Logging initialized. Log file: pb2b/logs/bybit_scraper_20250519.log
2025-05-19 10:02:56 - INFO - DataSaver logging initialized. Log file: pb2b/logs/data_saver_20250519.log
2025-05-19 10:02:56 - INFO - Connected to SQLite database: pb2b/p2p_listings.db
2025-05-19 10:02:56 - INFO - Database tables created successfully
2025-05-19 10:02:56 - INFO - Attempt 1/10: Loading https://www.bybit.com/fiat/trade/otc?actionType=1&token=USDT&fiat=NGN
2025-05-19 10:03:10 - INFO - Screenshot saved as 'pb2b/screenshots/bybit_page_20250519_100309.png'
2025-05-19 10:03:10 - INFO - Fetching BUY listings for USDT/EUR
2025-05-19 10:03:11 - INFO - Data successfully saved to SQLite database. New listings - Bybit: 4, Binance: 6
2025-05-19 10:03:11 - INFO - Browser session closed
2025-05-19 10:03:11 - INFO - SQLite database connection closed
2025-05-19 10:38:19 - INFO - Logging initialized. Log file: pb2b/logs/bybit_scraper_20250519.log
2025-05-19 10:38:21 - INFO - DataSaver logging initialized. Log file: pb2b/logs/data_saver_20250519.log
2025-05-19 10:38:21 - INFO - Connected to SQLite database: pb2b/p2p_listings.db
2025-05-19 10:38:21 - INFO - Database tables created successfully
2025-05-19 10:38:21 - INFO - Attempt 1/10: Loading https://www.bybit.com/fiat/trade/otc?actionType=1&token=USDT&fiat=NGN
2025-05-19 10:38:30 - INFO - Screenshot saved as 'pb2b/screenshots/bybit_page_20250519_103830.png'
2025-05-19 10:38:31 - INFO - Fetching BUY listings for USDT/EUR
2025-05-19 10:38:31 - INFO - Data successfully saved to SQLite database. New listings - Bybit: 4, Binance: 6
2025-05-19 10:38:31 - INFO - Browser session closed
2025-05-19 10:38:31 - INFO - SQLite database connection closed
2025-05-19 10:54:28 - INFO - Logging initialized. Log file: pb2b/logs/bybit_scraper_20250519.log
2025-05-19 10:54:29 - INFO - DataSaver logging initialized. Log file: pb2b/logs/data_saver_20250519.log
2025-05-19 10:54:29 - INFO - Connected to SQLite database: pb2b/p2p_listings.db
2025-05-19 10:54:29 - INFO - Database tables created successfully
2025-05-19 10:54:29 - INFO - Attempt 1/10: Loading https://www.bybit.com/fiat/trade/otc?actionType=1&token=USDT&fiat=NGN
2025-05-19 10:54:40 - INFO - Screenshot saved as 'pb2b/screenshots/bybit_page_20250519_105440.png'
2025-05-19 10:54:41 - INFO - Fetching BUY listings for USDT/EUR
2025-05-19 10:54:41 - INFO - Data successfully saved to SQLite database. New listings - Bybit: 4, Binance: 6
2025-05-19 10:54:41 - INFO - Browser session closed
2025-05-19 10:54:41 - INFO - SQLite database connection closed
2025-05-19 11:17:45 - INFO - Logging initialized. Log file: pb2b/logs/bybit_scraper_20250519.log
2025-05-19 11:17:46 - INFO - DataSaver logging initialized. Log file: pb2b/logs/data_saver_20250519.log
2025-05-19 11:17:46 - INFO - Connected to SQLite database: pb2b/p2p_listings.db
2025-05-19 11:17:46 - INFO - Database tables created successfully
2025-05-19 11:17:46 - INFO - Attempt 1/10: Loading https://www.bybit.com/fiat/trade/otc?actionType=1&token=USDT&fiat=NGN
2025-05-19 11:17:55 - INFO - Screenshot saved as 'pb2b/screenshots/bybit_page_20250519_111755.png'
2025-05-19 11:17:56 - INFO - Fetching BUY listings for USDT/EUR
2025-05-19 11:17:56 - INFO - Data successfully saved to SQLite database. New listings - Bybit: 4, Binance: 6
2025-05-19 11:17:56 - INFO - Browser session closed
2025-05-19 11:17:56 - INFO - SQLite database connection closed
2025-05-19 11:33:06 - INFO - Logging initialized. Log file: pb2b/logs/bybit_scraper_20250519.log
2025-05-19 11:33:07 - INFO - DataSaver logging initialized. Log file: pb2b/logs/data_saver_20250519.log
2025-05-19 11:33:07 - INFO - Connected to SQLite database: pb2b/p2p_listings.db
2025-05-19 11:33:07 - INFO - Database tables created successfully
2025-05-19 11:33:07 - INFO - Attempt 1/10: Loading https://www.bybit.com/fiat/trade/otc?actionType=1&token=USDT&fiat=NGN
2025-05-19 11:33:18 - INFO - Screenshot saved as 'pb2b/screenshots/bybit_page_20250519_113318.png'
2025-05-19 11:33:18 - INFO - Fetching BUY listings for USDT/EUR
2025-05-19 11:33:19 - INFO - Data successfully saved to SQLite database. New listings - Bybit: 4, Binance: 6
2025-05-19 11:33:19 - INFO - Browser session closed
2025-05-19 11:33:19 - INFO - SQLite database connection closed
2025-05-19 11:46:16 - INFO - Logging initialized. Log file: pb2b/logs/bybit_scraper_20250519.log
2025-05-19 11:46:17 - INFO - DataSaver logging initialized. Log file: pb2b/logs/data_saver_20250519.log
2025-05-19 11:46:17 - INFO - Connected to SQLite database: pb2b/p2p_listings.db
2025-05-19 11:46:17 - INFO - Database tables created successfully
2025-05-19 11:46:17 - INFO - Attempt 1/10: Loading https://www.bybit.com/fiat/trade/otc?actionType=1&token=USDT&fiat=NGN
2025-05-19 11:46:27 - INFO - Screenshot saved as 'pb2b/screenshots/bybit_page_20250519_114627.png'
2025-05-19 11:46:27 - INFO - Fetching BUY listings for USDT/EUR
2025-05-19 11:46:28 - INFO - Data successfully saved to SQLite database. New listings - Bybit: 4, Binance: 6
2025-05-19 11:46:28 - INFO - Browser session closed
2025-05-19 11:46:28 - INFO - SQLite database connection closed
2025-05-19 11:59:09 - INFO - Logging initialized. Log file: pb2b/logs/bybit_scraper_20250519.log
2025-05-19 11:59:10 - INFO - DataSaver logging initialized. Log file: pb2b/logs/data_saver_20250519.log
2025-05-19 11:59:10 - INFO - Connected to SQLite database: pb2b/p2p_listings.db
2025-05-19 11:59:10 - INFO - Database tables created successfully
2025-05-19 11:59:10 - INFO - Attempt 1/10: Loading https://www.bybit.com/fiat/trade/otc?actionType=1&token=USDT&fiat=NGN
2025-05-19 11:59:20 - INFO - Screenshot saved as 'pb2b/screenshots/bybit_page_20250519_115920.png'
2025-05-19 11:59:21 - INFO - Fetching BUY listings for USDT/EUR
2025-05-19 11:59:21 - INFO - Data successfully saved to SQLite database. New listings - Bybit: 4, Binance: 6
2025-05-19 11:59:21 - INFO - Browser session closed
2025-05-19 11:59:21 - INFO - SQLite database connection closed
2025-05-19 12:58:05 - INFO - Logging initialized. Log file: pb2b/logs/bybit_scraper_20250519.log
2025-05-19 12:58:06 - INFO - DataSaver logging initialized. Log file: pb2b/logs/data_saver_20250519.log
2025-05-19 12:58:06 - INFO - Connected to SQLite database: pb2b/p2p_listings.db
2025-05-19 12:58:06 - INFO - Database tables created successfully
2025-05-19 12:58:06 - INFO - Attempt 1/10: Loading https://www.bybit.com/fiat/trade/otc?actionType=1&token=USDT&fiat=NGN
2025-05-19 12:58:16 - INFO - Screenshot saved as 'pb2b/screenshots/bybit_page_20250519_125816.png'
2025-05-19 12:58:16 - INFO - Fetching BUY listings for USDT/EUR
2025-05-19 12:58:17 - INFO - Data successfully saved to SQLite database. New listings - Bybit: 4, Binance: 6
2025-05-19 12:58:17 - INFO - Browser session closed
2025-05-19 12:58:17 - INFO - SQLite database connection closed
2025-05-19 13:39:39 - INFO - Logging initialized. Log file: pb2b/logs/bybit_scraper_20250519.log
2025-05-19 13:39:39 - INFO - DataSaver logging initialized. Log file: pb2b/logs/data_saver_20250519.log
2025-05-19 13:39:39 - INFO - Connected to SQLite database: pb2b/p2p_listings.db
2025-05-19 13:39:39 - INFO - Database tables created successfully
2025-05-19 13:39:39 - INFO - Attempt 1/10: Loading https://www.bybit.com/fiat/trade/otc?actionType=1&token=USDT&fiat=NGN
2025-05-19 13:39:49 - INFO - Screenshot saved as 'pb2b/screenshots/bybit_page_20250519_133949.png'
2025-05-19 13:39:49 - INFO - Fetching BUY listings for USDT/EUR
2025-05-19 13:39:50 - INFO - Data successfully saved to SQLite database. New listings - Bybit: 4, Binance: 6
2025-05-19 13:39:50 - INFO - Browser session closed
2025-05-19 13:39:50 - INFO - SQLite database connection closed
2025-05-19 13:56:11 - INFO - Logging initialized. Log file: pb2b/logs/bybit_scraper_20250519.log
2025-05-19 13:56:12 - INFO - DataSaver logging initialized. Log file: pb2b/logs/data_saver_20250519.log
2025-05-19 13:56:12 - INFO - Connected to SQLite database: pb2b/p2p_listings.db
2025-05-19 13:56:12 - INFO - Database tables created successfully
2025-05-19 13:56:12 - INFO - Attempt 1/10: Loading https://www.bybit.com/fiat/trade/otc?actionType=1&token=USDT&fiat=NGN
2025-05-19 13:56:24 - INFO - Screenshot saved as 'pb2b/screenshots/bybit_page_20250519_135624.png'
2025-05-19 13:56:25 - INFO - Fetching BUY listings for USDT/EUR
2025-05-19 13:56:25 - INFO - Data successfully saved to SQLite database. New listings - Bybit: 4, Binance: 6
2025-05-19 13:56:25 - INFO - Browser session closed
2025-05-19 13:56:25 - INFO - SQLite database connection closed
2025-05-19 14:25:35 - INFO - Logging initialized. Log file: pb2b/logs/bybit_scraper_20250519.log
2025-05-19 14:25:35 - INFO - DataSaver logging initialized. Log file: pb2b/logs/data_saver_20250519.log
2025-05-19 14:25:35 - INFO - Connected to SQLite database: pb2b/p2p_listings.db
2025-05-19 14:25:35 - INFO - Database tables created successfully
2025-05-19 14:25:35 - INFO - Attempt 1/10: Loading https://www.bybit.com/fiat/trade/otc?actionType=1&token=USDT&fiat=NGN
2025-05-19 14:25:46 - INFO - Screenshot saved as 'pb2b/screenshots/bybit_page_20250519_142546.png'
2025-05-19 14:25:46 - INFO - Fetching BUY listings for USDT/EUR
2025-05-19 14:25:47 - INFO - Data successfully saved to SQLite database. New listings - Bybit: 4, Binance: 6
2025-05-19 14:25:47 - INFO - Browser session closed
2025-05-19 14:25:47 - INFO - SQLite database connection closed
2025-05-19 14:47:42 - INFO - Logging initialized. Log file: pb2b/logs/bybit_scraper_20250519.log
2025-05-19 14:47:42 - INFO - DataSaver logging initialized. Log file: pb2b/logs/data_saver_20250519.log
2025-05-19 14:47:42 - INFO - Connected to SQLite database: pb2b/p2p_listings.db
2025-05-19 14:47:42 - INFO - Database tables created successfully
2025-05-19 14:47:42 - INFO - Attempt 1/10: Loading https://www.bybit.com/fiat/trade/otc?actionType=1&token=USDT&fiat=NGN
2025-05-19 14:47:56 - INFO - Screenshot saved as 'pb2b/screenshots/bybit_page_20250519_144755.png'
2025-05-19 14:47:56 - INFO - Fetching BUY listings for USDT/EUR
2025-05-19 14:47:57 - INFO - Data successfully saved to SQLite database. New listings - Bybit: 4, Binance: 6
2025-05-19 14:47:57 - INFO - Browser session closed
2025-05-19 14:47:57 - INFO - SQLite database connection closed
2025-05-19 15:02:30 - INFO - Logging initialized. Log file: pb2b/logs/bybit_scraper_20250519.log
2025-05-19 15:02:31 - INFO - DataSaver logging initialized. Log file: pb2b/logs/data_saver_20250519.log
2025-05-19 15:02:31 - INFO - Connected to SQLite database: pb2b/p2p_listings.db
2025-05-19 15:02:31 - INFO - Database tables created successfully
2025-05-19 15:02:31 - INFO - Attempt 1/10: Loading https://www.bybit.com/fiat/trade/otc?actionType=1&token=USDT&fiat=NGN
2025-05-19 15:02:42 - INFO - Screenshot saved as 'pb2b/screenshots/bybit_page_20250519_150242.png'
2025-05-19 15:02:42 - INFO - Fetching BUY listings for USDT/EUR
2025-05-19 15:02:43 - INFO - Data successfully saved to SQLite database. New listings - Bybit: 4, Binance: 6
2025-05-19 15:02:43 - INFO - Browser session closed
2025-05-19 15:02:43 - INFO - SQLite database connection closed
2025-05-19 15:32:10 - INFO - Logging initialized. Log file: pb2b/logs/bybit_scraper_20250519.log
2025-05-19 15:32:11 - INFO - DataSaver logging initialized. Log file: pb2b/logs/data_saver_20250519.log
2025-05-19 15:32:11 - INFO - Connected to SQLite database: pb2b/p2p_listings.db
2025-05-19 15:32:11 - INFO - Database tables created successfully
2025-05-19 15:32:11 - INFO - Attempt 1/10: Loading https://www.bybit.com/fiat/trade/otc?actionType=1&token=USDT&fiat=NGN
2025-05-19 15:32:22 - INFO - Screenshot saved as 'pb2b/screenshots/bybit_page_20250519_153222.png'
2025-05-19 15:32:22 - INFO - Fetching BUY listings for USDT/EUR
2025-05-19 15:32:23 - INFO - Data successfully saved to SQLite database. New listings - Bybit: 4, Binance: 6
2025-05-19 15:32:23 - INFO - Browser session closed
2025-05-19 15:32:23 - INFO - SQLite database connection closed
2025-05-19 15:49:36 - INFO - Logging initialized. Log file: pb2b/logs/bybit_scraper_20250519.log
2025-05-19 15:49:37 - INFO - DataSaver logging initialized. Log file: pb2b/logs/data_saver_20250519.log
2025-05-19 15:49:37 - INFO - Connected to SQLite database: pb2b/p2p_listings.db
2025-05-19 15:49:37 - INFO - Database tables created successfully
2025-05-19 15:49:37 - INFO - Attempt 1/10: Loading https://www.bybit.com/fiat/trade/otc?actionType=1&token=USDT&fiat=NGN
2025-05-19 15:49:50 - INFO - Screenshot saved as 'pb2b/screenshots/bybit_page_20250519_154950.png'
2025-05-19 15:49:51 - INFO - Fetching BUY listings for USDT/EUR
2025-05-19 15:49:52 - INFO - Data successfully saved to SQLite database. New listings - Bybit: 4, Binance: 6
2025-05-19 15:49:52 - INFO - Browser session closed
2025-05-19 15:49:52 - INFO - SQLite database connection closed
2025-05-19 16:02:05 - INFO - Logging initialized. Log file: pb2b/logs/bybit_scraper_20250519.log
2025-05-19 16:02:07 - INFO - DataSaver logging initialized. Log file: pb2b/logs/data_saver_20250519.log
2025-05-19 16:02:07 - INFO - Connected to SQLite database: pb2b/p2p_listings.db
2025-05-19 16:02:07 - INFO - Database tables created successfully
2025-05-19 16:02:07 - INFO - Attempt 1/10: Loading https://www.bybit.com/fiat/trade/otc?actionType=1&token=USDT&fiat=NGN
2025-05-19 16:02:17 - INFO - Screenshot saved as 'pb2b/screenshots/bybit_page_20250519_160217.png'
2025-05-19 16:02:18 - INFO - Fetching BUY listings for USDT/EUR
2025-05-19 16:02:18 - INFO - Data successfully saved to SQLite database. New listings - Bybit: 4, Binance: 6
2025-05-19 16:02:19 - INFO - Browser session closed
2025-05-19 16:02:19 - INFO - SQLite database connection closed
2025-05-19 16:38:29 - INFO - Logging initialized. Log file: pb2b/logs/bybit_scraper_20250519.log
2025-05-19 16:38:30 - INFO - DataSaver logging initialized. Log file: pb2b/logs/data_saver_20250519.log
2025-05-19 16:38:30 - INFO - Connected to SQLite database: pb2b/p2p_listings.db
2025-05-19 16:38:30 - INFO - Database tables created successfully
2025-05-19 16:38:30 - INFO - Attempt 1/10: Loading https://www.bybit.com/fiat/trade/otc?actionType=1&token=USDT&fiat=NGN
2025-05-19 16:38:44 - INFO - Screenshot saved as 'pb2b/screenshots/bybit_page_20250519_163844.png'
2025-05-19 16:38:45 - INFO - Fetching BUY listings for USDT/EUR
2025-05-19 16:38:49 - INFO - Data successfully saved to SQLite database. New listings - Bybit: 4, Binance: 6
2025-05-19 16:38:49 - INFO - Browser session closed
2025-05-19 16:38:49 - INFO - SQLite database connection closed
2025-05-19 16:57:15 - INFO - Logging initialized. Log file: pb2b/logs/bybit_scraper_20250519.log
2025-05-19 16:57:16 - INFO - DataSaver logging initialized. Log file: pb2b/logs/data_saver_20250519.log
2025-05-19 16:57:16 - INFO - Connected to SQLite database: pb2b/p2p_listings.db
2025-05-19 16:57:16 - INFO - Database tables created successfully
2025-05-19 16:57:16 - INFO - Attempt 1/10: Loading https://www.bybit.com/fiat/trade/otc?actionType=1&token=USDT&fiat=NGN
2025-05-19 16:57:26 - INFO - Screenshot saved as 'pb2b/screenshots/bybit_page_20250519_165726.png'
2025-05-19 16:57:27 - INFO - Fetching BUY listings for USDT/EUR
2025-05-19 16:57:27 - INFO - Data successfully saved to SQLite database. New listings - Bybit: 4, Binance: 6
2025-05-19 16:57:27 - INFO - Browser session closed
2025-05-19 16:57:27 - INFO - SQLite database connection closed
2025-05-19 17:23:13 - INFO - Logging initialized. Log file: pb2b/logs/bybit_scraper_20250519.log
2025-05-19 17:23:14 - INFO - DataSaver logging initialized. Log file: pb2b/logs/data_saver_20250519.log
2025-05-19 17:23:14 - INFO - Connected to SQLite database: pb2b/p2p_listings.db
2025-05-19 17:23:14 - INFO - Database tables created successfully
2025-05-19 17:23:14 - INFO - Attempt 1/10: Loading https://www.bybit.com/fiat/trade/otc?actionType=1&token=USDT&fiat=NGN
2025-05-19 17:23:25 - INFO - Screenshot saved as 'pb2b/screenshots/bybit_page_20250519_172324.png'
2025-05-19 17:23:25 - INFO - Fetching BUY listings for USDT/EUR
2025-05-19 17:23:26 - INFO - Data successfully saved to SQLite database. New listings - Bybit: 4, Binance: 6
2025-05-19 17:23:27 - INFO - Browser session closed
2025-05-19 17:23:27 - INFO - SQLite database connection closed
2025-05-19 17:41:49 - INFO - Logging initialized. Log file: pb2b/logs/bybit_scraper_20250519.log
2025-05-19 17:41:49 - INFO - DataSaver logging initialized. Log file: pb2b/logs/data_saver_20250519.log
2025-05-19 17:41:49 - INFO - Connected to SQLite database: pb2b/p2p_listings.db
2025-05-19 17:41:49 - INFO - Database tables created successfully
2025-05-19 17:41:49 - INFO - Attempt 1/10: Loading https://www.bybit.com/fiat/trade/otc?actionType=1&token=USDT&fiat=NGN
2025-05-19 17:42:03 - INFO - Screenshot saved as 'pb2b/screenshots/bybit_page_20250519_174203.png'
2025-05-19 17:42:03 - INFO - Fetching BUY listings for USDT/EUR
2025-05-19 17:42:04 - INFO - Data successfully saved to SQLite database. New listings - Bybit: 4, Binance: 6
2025-05-19 17:42:04 - INFO - Browser session closed
2025-05-19 17:42:04 - INFO - SQLite database connection closed
