2026-02-05 00:05:01 - INFO - Logging initialized. Log file: pb2b/logs/bybit_scraper_20260205.log
2026-02-05 00:05:02 - INFO - DataSaver logging initialized. Log file: pb2b/logs/data_saver_20260205.log
2026-02-05 00:05:02 - INFO - Connected to SQLite database: pb2b/p2p_listings.db
2026-02-05 00:05:02 - INFO - Database tables created successfully
2026-02-05 00:05:02 - INFO - Attempt 1/10: Loading https://www.bybit.com/fiat/trade/otc?actionType=1&token=USDT&fiat=NGN
2026-02-05 00:05:12 - INFO - Screenshot saved as 'pb2b/screenshots/bybit_page_20260205_000512.png'
2026-02-05 00:05:12 - WARNING - Error parsing row: Message: no such element: Unable to locate element: {"method":"css selector","selector":"td:nth-child(2)"}
  (Session info: chrome=144.0.7559.132); For documentation on this error, please visit: https://www.selenium.dev/documentation/webdriver/troubleshooting/errors#nosuchelementexception
Stacktrace:
#0 0x5592eadbbafa <unknown>
#1 0x5592ea7d560f <unknown>
#2 0x5592ea82aa16 <unknown>
#3 0x5592ea82ac51 <unknown>
#4 0x5592ea81e386 <unknown>
#5 0x5592ea81e267 <unknown>
#6 0x5592ea87362b <unknown>
#7 0x5592ea81c842 <unknown>
#8 0x5592ea81d631 <unknown>
#9 0x5592ead81689 <unknown>
#10 0x5592ead84581 <unknown>
#11 0x5592ead6dca9 <unknown>
#12 0x5592ead8513e <unknown>
#13 0x5592ead543a0 <unknown>
#14 0x5592eada8fc8 <unknown>
#15 0x5592eada919b <unknown>
#16 0x5592eadbae68 <unknown>
#17 0x7f71df09caa4 <unknown>
#18 0x7f71df129c6c <unknown>

2026-02-05 00:05:12 - INFO - Fetching BUY listings for USDT/EUR
2026-02-05 00:05:13 - INFO - Data successfully saved to SQLite database. New listings - Bybit: 5, Binance: 6
2026-02-05 00:05:13 - INFO - Browser session closed
2026-02-05 00:05:13 - INFO - SQLite database connection closed
