2024-12-27 00:59:06 - INFO - Logging initialized. Log file: pb2b/logs/bybit_scraper_20241227.log
2024-12-27 00:59:08 - INFO - DataSaver logging initialized. Log file: pb2b/logs/data_saver_20241227.log
2024-12-27 00:59:08 - INFO - Connected to SQLite database: pb2b/p2p_listings.db
2024-12-27 00:59:08 - INFO - Database tables created successfully
2024-12-27 00:59:08 - INFO - Attempt 1/10: Loading https://www.bybit.com/fiat/trade/otc?actionType=1&token=USDT&fiat=NGN
2024-12-27 00:59:18 - INFO - Screenshot saved as 'pb2b/screenshots/bybit_page_20241227_005918.png'
2024-12-27 00:59:18 - INFO - Fetching BUY listings for USDT/EUR
2024-12-27 00:59:20 - INFO - Data successfully saved to SQLite database. New listings - Bybit: 4, Binance: 6
2024-12-27 00:59:20 - INFO - Browser session closed
2024-12-27 00:59:20 - INFO - SQLite database connection closed
2024-12-27 02:21:18 - INFO - Logging initialized. Log file: pb2b/logs/bybit_scraper_20241227.log
2024-12-27 02:21:19 - INFO - DataSaver logging initialized. Log file: pb2b/logs/data_saver_20241227.log
2024-12-27 02:21:19 - INFO - Connected to SQLite database: pb2b/p2p_listings.db
2024-12-27 02:21:19 - INFO - Database tables created successfully
2024-12-27 02:21:19 - INFO - Attempt 1/10: Loading https://www.bybit.com/fiat/trade/otc?actionType=1&token=USDT&fiat=NGN
2024-12-27 02:21:30 - INFO - Screenshot saved as 'pb2b/screenshots/bybit_page_20241227_022130.png'
2024-12-27 02:21:30 - INFO - Fetching BUY listings for USDT/EUR
2024-12-27 02:21:31 - INFO - Data successfully saved to SQLite database. New listings - Bybit: 4, Binance: 6
2024-12-27 02:21:31 - INFO - Browser session closed
2024-12-27 02:21:31 - INFO - SQLite database connection closed
2024-12-27 03:00:55 - INFO - Logging initialized. Log file: pb2b/logs/bybit_scraper_20241227.log
2024-12-27 03:00:56 - INFO - DataSaver logging initialized. Log file: pb2b/logs/data_saver_20241227.log
2024-12-27 03:00:56 - INFO - Connected to SQLite database: pb2b/p2p_listings.db
2024-12-27 03:00:56 - INFO - Database tables created successfully
2024-12-27 03:00:56 - INFO - Attempt 1/10: Loading https://www.bybit.com/fiat/trade/otc?actionType=1&token=USDT&fiat=NGN
2024-12-27 03:01:08 - INFO - Screenshot saved as 'pb2b/screenshots/bybit_page_20241227_030107.png'
2024-12-27 03:01:08 - INFO - Fetching BUY listings for USDT/EUR
2024-12-27 03:01:08 - INFO - Data successfully saved to SQLite database. New listings - Bybit: 4, Binance: 6
2024-12-27 03:01:08 - INFO - Browser session closed
2024-12-27 03:01:08 - INFO - SQLite database connection closed
2024-12-27 03:31:30 - INFO - Logging initialized. Log file: pb2b/logs/bybit_scraper_20241227.log
2024-12-27 03:31:31 - INFO - DataSaver logging initialized. Log file: pb2b/logs/data_saver_20241227.log
2024-12-27 03:31:31 - INFO - Connected to SQLite database: pb2b/p2p_listings.db
2024-12-27 03:31:31 - INFO - Database tables created successfully
2024-12-27 03:31:31 - INFO - Attempt 1/10: Loading https://www.bybit.com/fiat/trade/otc?actionType=1&token=USDT&fiat=NGN
2024-12-27 03:31:42 - INFO - Screenshot saved as 'pb2b/screenshots/bybit_page_20241227_033141.png'
2024-12-27 03:31:42 - INFO - Fetching BUY listings for USDT/EUR
2024-12-27 03:31:42 - INFO - Data successfully saved to SQLite database. New listings - Bybit: 4, Binance: 6
2024-12-27 03:31:43 - INFO - Browser session closed
2024-12-27 03:31:43 - INFO - SQLite database connection closed
2024-12-27 03:47:09 - INFO - Logging initialized. Log file: pb2b/logs/bybit_scraper_20241227.log
2024-12-27 03:47:10 - INFO - DataSaver logging initialized. Log file: pb2b/logs/data_saver_20241227.log
2024-12-27 03:47:10 - INFO - Connected to SQLite database: pb2b/p2p_listings.db
2024-12-27 03:47:10 - INFO - Database tables created successfully
2024-12-27 03:47:10 - INFO - Attempt 1/10: Loading https://www.bybit.com/fiat/trade/otc?actionType=1&token=USDT&fiat=NGN
2024-12-27 03:47:21 - INFO - Screenshot saved as 'pb2b/screenshots/bybit_page_20241227_034720.png'
2024-12-27 03:47:21 - INFO - Fetching BUY listings for USDT/EUR
2024-12-27 03:47:21 - INFO - Data successfully saved to SQLite database. New listings - Bybit: 4, Binance: 6
2024-12-27 03:47:21 - INFO - Browser session closed
2024-12-27 03:47:21 - INFO - SQLite database connection closed
