2025-03-25 01:59:34 - INFO - Logging initialized. Log file: pb2b/logs/bybit_scraper_20250325.log
2025-03-25 01:59:34 - INFO - DataSaver logging initialized. Log file: pb2b/logs/data_saver_20250325.log
2025-03-25 01:59:34 - INFO - Connected to SQLite database: pb2b/p2p_listings.db
2025-03-25 01:59:34 - INFO - Database tables created successfully
2025-03-25 01:59:34 - INFO - Attempt 1/10: Loading https://www.bybit.com/fiat/trade/otc?actionType=1&token=USDT&fiat=NGN
2025-03-25 01:59:44 - INFO - Screenshot saved as 'pb2b/screenshots/bybit_page_20250325_015944.png'
2025-03-25 01:59:44 - INFO - Fetching BUY listings for USDT/EUR
2025-03-25 01:59:45 - INFO - Data successfully saved to SQLite database. New listings - Bybit: 4, Binance: 6
2025-03-25 01:59:45 - INFO - Browser session closed
2025-03-25 01:59:45 - INFO - SQLite database connection closed
2025-03-25 03:05:39 - INFO - Logging initialized. Log file: pb2b/logs/bybit_scraper_20250325.log
2025-03-25 03:05:39 - INFO - DataSaver logging initialized. Log file: pb2b/logs/data_saver_20250325.log
2025-03-25 03:05:39 - INFO - Connected to SQLite database: pb2b/p2p_listings.db
2025-03-25 03:05:39 - INFO - Database tables created successfully
2025-03-25 03:05:39 - INFO - Attempt 1/10: Loading https://www.bybit.com/fiat/trade/otc?actionType=1&token=USDT&fiat=NGN
2025-03-25 03:05:49 - INFO - Screenshot saved as 'pb2b/screenshots/bybit_page_20250325_030549.png'
2025-03-25 03:05:50 - INFO - Fetching BUY listings for USDT/EUR
2025-03-25 03:05:50 - INFO - Data successfully saved to SQLite database. New listings - Bybit: 4, Binance: 6
2025-03-25 03:05:50 - INFO - Browser session closed
2025-03-25 03:05:50 - INFO - SQLite database connection closed
2025-03-25 03:42:17 - INFO - Logging initialized. Log file: pb2b/logs/bybit_scraper_20250325.log
2025-03-25 03:42:18 - INFO - DataSaver logging initialized. Log file: pb2b/logs/data_saver_20250325.log
2025-03-25 03:42:18 - INFO - Connected to SQLite database: pb2b/p2p_listings.db
2025-03-25 03:42:18 - INFO - Database tables created successfully
2025-03-25 03:42:18 - INFO - Attempt 1/10: Loading https://www.bybit.com/fiat/trade/otc?actionType=1&token=USDT&fiat=NGN
2025-03-25 03:42:27 - INFO - Screenshot saved as 'pb2b/screenshots/bybit_page_20250325_034227.png'
2025-03-25 03:42:28 - INFO - Fetching BUY listings for USDT/EUR
2025-03-25 03:42:28 - INFO - Data successfully saved to SQLite database. New listings - Bybit: 4, Binance: 6
2025-03-25 03:42:29 - INFO - Browser session closed
2025-03-25 03:42:29 - INFO - SQLite database connection closed
2025-03-25 03:56:35 - INFO - Logging initialized. Log file: pb2b/logs/bybit_scraper_20250325.log
2025-03-25 03:56:36 - INFO - DataSaver logging initialized. Log file: pb2b/logs/data_saver_20250325.log
2025-03-25 03:56:36 - INFO - Connected to SQLite database: pb2b/p2p_listings.db
2025-03-25 03:56:36 - INFO - Database tables created successfully
2025-03-25 03:56:36 - INFO - Attempt 1/10: Loading https://www.bybit.com/fiat/trade/otc?actionType=1&token=USDT&fiat=NGN
2025-03-25 03:56:45 - INFO - Screenshot saved as 'pb2b/screenshots/bybit_page_20250325_035645.png'
2025-03-25 03:56:46 - INFO - Fetching BUY listings for USDT/EUR
2025-03-25 03:56:46 - INFO - Data successfully saved to SQLite database. New listings - Bybit: 4, Binance: 6
2025-03-25 03:56:46 - INFO - Browser session closed
2025-03-25 03:56:46 - INFO - SQLite database connection closed
2025-03-25 04:30:40 - INFO - Logging initialized. Log file: pb2b/logs/bybit_scraper_20250325.log
2025-03-25 04:30:40 - INFO - DataSaver logging initialized. Log file: pb2b/logs/data_saver_20250325.log
2025-03-25 04:30:40 - INFO - Connected to SQLite database: pb2b/p2p_listings.db
2025-03-25 04:30:40 - INFO - Database tables created successfully
2025-03-25 04:30:40 - INFO - Attempt 1/10: Loading https://www.bybit.com/fiat/trade/otc?actionType=1&token=USDT&fiat=NGN
2025-03-25 04:30:50 - INFO - Screenshot saved as 'pb2b/screenshots/bybit_page_20250325_043049.png'
2025-03-25 04:30:50 - INFO - Fetching BUY listings for USDT/EUR
2025-03-25 04:30:51 - INFO - Data successfully saved to SQLite database. New listings - Bybit: 4, Binance: 6
2025-03-25 04:30:51 - INFO - Browser session closed
2025-03-25 04:30:51 - INFO - SQLite database connection closed
