2025-11-20 00:00:45 - INFO - Logging initialized. Log file: pb2b/logs/bybit_scraper_20251120.log
2025-11-20 00:00:46 - INFO - DataSaver logging initialized. Log file: pb2b/logs/data_saver_20251120.log
2025-11-20 00:00:46 - INFO - Connected to SQLite database: pb2b/p2p_listings.db
2025-11-20 00:00:46 - INFO - Database tables created successfully
2025-11-20 00:00:46 - INFO - Attempt 1/10: Loading https://www.bybit.com/fiat/trade/otc?actionType=1&token=USDT&fiat=NGN
2025-11-20 00:01:06 - INFO - Screenshot saved as 'pb2b/screenshots/bybit_page_20251120_000105.png'
2025-11-20 00:01:06 - INFO - Fetching BUY listings for USDT/EUR
2025-11-20 00:01:07 - INFO - Data successfully saved to SQLite database. New listings - Bybit: 4, Binance: 6
2025-11-20 00:01:07 - INFO - Browser session closed
2025-11-20 00:01:07 - INFO - SQLite database connection closed
2025-11-20 02:07:53 - INFO - Logging initialized. Log file: pb2b/logs/bybit_scraper_20251120.log
2025-11-20 02:07:54 - INFO - DataSaver logging initialized. Log file: pb2b/logs/data_saver_20251120.log
2025-11-20 02:07:54 - INFO - Connected to SQLite database: pb2b/p2p_listings.db
2025-11-20 02:07:54 - INFO - Database tables created successfully
2025-11-20 02:07:54 - INFO - Attempt 1/10: Loading https://www.bybit.com/fiat/trade/otc?actionType=1&token=USDT&fiat=NGN
2025-11-20 02:08:04 - INFO - Screenshot saved as 'pb2b/screenshots/bybit_page_20251120_020804.png'
2025-11-20 02:08:04 - INFO - Fetching BUY listings for USDT/EUR
2025-11-20 02:08:05 - INFO - Data successfully saved to SQLite database. New listings - Bybit: 4, Binance: 6
2025-11-20 02:08:05 - INFO - Browser session closed
2025-11-20 02:08:05 - INFO - SQLite database connection closed
2025-11-20 03:21:21 - INFO - Logging initialized. Log file: pb2b/logs/bybit_scraper_20251120.log
2025-11-20 03:21:22 - INFO - DataSaver logging initialized. Log file: pb2b/logs/data_saver_20251120.log
2025-11-20 03:21:22 - INFO - Connected to SQLite database: pb2b/p2p_listings.db
2025-11-20 03:21:22 - INFO - Database tables created successfully
2025-11-20 03:21:22 - INFO - Attempt 1/10: Loading https://www.bybit.com/fiat/trade/otc?actionType=1&token=USDT&fiat=NGN
2025-11-20 03:21:30 - INFO - Screenshot saved as 'pb2b/screenshots/bybit_page_20251120_032130.png'
2025-11-20 03:21:31 - INFO - Fetching BUY listings for USDT/EUR
2025-11-20 03:21:32 - INFO - Data successfully saved to SQLite database. New listings - Bybit: 4, Binance: 6
2025-11-20 03:21:32 - INFO - Browser session closed
2025-11-20 03:21:32 - INFO - SQLite database connection closed
2025-11-20 03:55:50 - INFO - Logging initialized. Log file: pb2b/logs/bybit_scraper_20251120.log
2025-11-20 03:55:51 - INFO - DataSaver logging initialized. Log file: pb2b/logs/data_saver_20251120.log
2025-11-20 03:55:51 - INFO - Connected to SQLite database: pb2b/p2p_listings.db
2025-11-20 03:55:51 - INFO - Database tables created successfully
2025-11-20 03:55:51 - INFO - Attempt 1/10: Loading https://www.bybit.com/fiat/trade/otc?actionType=1&token=USDT&fiat=NGN
2025-11-20 03:56:02 - INFO - Screenshot saved as 'pb2b/screenshots/bybit_page_20251120_035602.png'
2025-11-20 03:56:02 - INFO - Fetching BUY listings for USDT/EUR
2025-11-20 03:56:03 - INFO - Data successfully saved to SQLite database. New listings - Bybit: 4, Binance: 6
2025-11-20 03:56:03 - INFO - Browser session closed
2025-11-20 03:56:03 - INFO - SQLite database connection closed
2025-11-20 04:24:56 - INFO - Logging initialized. Log file: pb2b/logs/bybit_scraper_20251120.log
2025-11-20 04:24:57 - INFO - DataSaver logging initialized. Log file: pb2b/logs/data_saver_20251120.log
2025-11-20 04:24:57 - INFO - Connected to SQLite database: pb2b/p2p_listings.db
2025-11-20 04:24:57 - INFO - Database tables created successfully
2025-11-20 04:24:57 - INFO - Attempt 1/10: Loading https://www.bybit.com/fiat/trade/otc?actionType=1&token=USDT&fiat=NGN
2025-11-20 04:25:08 - INFO - Screenshot saved as 'pb2b/screenshots/bybit_page_20251120_042508.png'
2025-11-20 04:25:08 - INFO - Fetching BUY listings for USDT/EUR
2025-11-20 04:25:09 - INFO - Data successfully saved to SQLite database. New listings - Bybit: 4, Binance: 6
2025-11-20 04:25:09 - INFO - Browser session closed
2025-11-20 04:25:09 - INFO - SQLite database connection closed
