2026-01-07 00:02:53 - INFO - Logging initialized. Log file: pb2b/logs/bybit_scraper_20260107.log
2026-01-07 00:02:54 - INFO - DataSaver logging initialized. Log file: pb2b/logs/data_saver_20260107.log
2026-01-07 00:02:54 - INFO - Connected to SQLite database: pb2b/p2p_listings.db
2026-01-07 00:02:54 - INFO - Database tables created successfully
2026-01-07 00:02:54 - INFO - Attempt 1/10: Loading https://www.bybit.com/fiat/trade/otc?actionType=1&token=USDT&fiat=NGN
2026-01-07 00:03:04 - INFO - Screenshot saved as 'pb2b/screenshots/bybit_page_20260107_000304.png'
2026-01-07 00:03:04 - WARNING - Error parsing row: Message: no such element: Unable to locate element: {"method":"css selector","selector":"td:nth-child(2)"}
  (Session info: chrome=143.0.7499.192); For documentation on this error, please visit: https://www.selenium.dev/documentation/webdriver/troubleshooting/errors#nosuchelementexception
Stacktrace:
#0 0x5560196e719a <unknown>
#1 0x556019164c4b <unknown>
#2 0x5560191b6318 <unknown>
#3 0x5560191b6551 <unknown>
#4 0x5560191aa586 <unknown>
#5 0x5560191aa477 <unknown>
#6 0x556019201bee <unknown>
#7 0x5560191a8c42 <unknown>
#8 0x5560191a98f1 <unknown>
#9 0x5560196aff39 <unknown>
#10 0x5560196b2e7d <unknown>
#11 0x556019698c81 <unknown>
#12 0x5560196b3a5b <unknown>
#13 0x55601967fa50 <unknown>
#14 0x5560196d4aa8 <unknown>
#15 0x5560196d4c79 <unknown>
#16 0x5560196e64f3 <unknown>
#17 0x7fa9eca9caa4 <unknown>
#18 0x7fa9ecb29c6c <unknown>

2026-01-07 00:03:05 - INFO - Fetching BUY listings for USDT/EUR
2026-01-07 00:03:05 - INFO - Data successfully saved to SQLite database. New listings - Bybit: 5, Binance: 6
2026-01-07 00:03:05 - INFO - Browser session closed
2026-01-07 00:03:05 - INFO - SQLite database connection closed
