2025-07-19 00:01:09 - INFO - Logging initialized. Log file: pb2b/logs/bybit_scraper_20250719.log
2025-07-19 00:01:10 - INFO - DataSaver logging initialized. Log file: pb2b/logs/data_saver_20250719.log
2025-07-19 00:01:10 - INFO - Connected to SQLite database: pb2b/p2p_listings.db
2025-07-19 00:01:10 - INFO - Database tables created successfully
2025-07-19 00:01:10 - INFO - Attempt 1/10: Loading https://www.bybit.com/fiat/trade/otc?actionType=1&token=USDT&fiat=NGN
2025-07-19 00:01:21 - INFO - Screenshot saved as 'pb2b/screenshots/bybit_page_20250719_000120.png'
2025-07-19 00:01:21 - INFO - Fetching BUY listings for USDT/EUR
2025-07-19 00:01:22 - INFO - Data successfully saved to SQLite database. New listings - Bybit: 4, Binance: 6
2025-07-19 00:01:22 - INFO - Browser session closed
2025-07-19 00:01:22 - INFO - SQLite database connection closed
2025-07-19 02:23:54 - INFO - Logging initialized. Log file: pb2b/logs/bybit_scraper_20250719.log
2025-07-19 02:23:55 - INFO - DataSaver logging initialized. Log file: pb2b/logs/data_saver_20250719.log
2025-07-19 02:23:55 - INFO - Connected to SQLite database: pb2b/p2p_listings.db
2025-07-19 02:23:55 - INFO - Database tables created successfully
2025-07-19 02:23:55 - INFO - Attempt 1/10: Loading https://www.bybit.com/fiat/trade/otc?actionType=1&token=USDT&fiat=NGN
2025-07-19 02:24:06 - INFO - Screenshot saved as 'pb2b/screenshots/bybit_page_20250719_022406.png'
2025-07-19 02:24:06 - INFO - Fetching BUY listings for USDT/EUR
2025-07-19 02:24:07 - INFO - Data successfully saved to SQLite database. New listings - Bybit: 4, Binance: 6
2025-07-19 02:24:07 - INFO - Browser session closed
2025-07-19 02:24:07 - INFO - SQLite database connection closed
2025-07-19 03:42:23 - INFO - Logging initialized. Log file: pb2b/logs/bybit_scraper_20250719.log
2025-07-19 03:42:25 - INFO - DataSaver logging initialized. Log file: pb2b/logs/data_saver_20250719.log
2025-07-19 03:42:25 - INFO - Connected to SQLite database: pb2b/p2p_listings.db
2025-07-19 03:42:25 - INFO - Database tables created successfully
2025-07-19 03:42:25 - INFO - Attempt 1/10: Loading https://www.bybit.com/fiat/trade/otc?actionType=1&token=USDT&fiat=NGN
2025-07-19 03:42:34 - INFO - Screenshot saved as 'pb2b/screenshots/bybit_page_20250719_034234.png'
2025-07-19 03:42:35 - INFO - Fetching BUY listings for USDT/EUR
2025-07-19 03:42:36 - INFO - Data successfully saved to SQLite database. New listings - Bybit: 4, Binance: 6
2025-07-19 03:42:36 - INFO - Browser session closed
2025-07-19 03:42:36 - INFO - SQLite database connection closed
2025-07-19 04:21:15 - INFO - Logging initialized. Log file: pb2b/logs/bybit_scraper_20250719.log
2025-07-19 04:21:16 - INFO - DataSaver logging initialized. Log file: pb2b/logs/data_saver_20250719.log
2025-07-19 04:21:16 - INFO - Connected to SQLite database: pb2b/p2p_listings.db
2025-07-19 04:21:16 - INFO - Database tables created successfully
2025-07-19 04:21:16 - INFO - Attempt 1/10: Loading https://www.bybit.com/fiat/trade/otc?actionType=1&token=USDT&fiat=NGN
2025-07-19 04:21:26 - INFO - Screenshot saved as 'pb2b/screenshots/bybit_page_20250719_042126.png'
2025-07-19 04:21:26 - INFO - Fetching BUY listings for USDT/EUR
2025-07-19 04:21:27 - INFO - Data successfully saved to SQLite database. New listings - Bybit: 4, Binance: 6
2025-07-19 04:21:27 - INFO - Browser session closed
2025-07-19 04:21:27 - INFO - SQLite database connection closed
2025-07-19 04:51:34 - INFO - Logging initialized. Log file: pb2b/logs/bybit_scraper_20250719.log
2025-07-19 04:51:35 - INFO - DataSaver logging initialized. Log file: pb2b/logs/data_saver_20250719.log
2025-07-19 04:51:35 - INFO - Connected to SQLite database: pb2b/p2p_listings.db
2025-07-19 04:51:35 - INFO - Database tables created successfully
2025-07-19 04:51:35 - INFO - Attempt 1/10: Loading https://www.bybit.com/fiat/trade/otc?actionType=1&token=USDT&fiat=NGN
2025-07-19 04:51:46 - INFO - Screenshot saved as 'pb2b/screenshots/bybit_page_20250719_045146.png'
2025-07-19 04:51:46 - INFO - Fetching BUY listings for USDT/EUR
2025-07-19 04:51:47 - INFO - Data successfully saved to SQLite database. New listings - Bybit: 4, Binance: 6
2025-07-19 04:51:47 - INFO - Browser session closed
2025-07-19 04:51:47 - INFO - SQLite database connection closed
2025-07-19 05:17:48 - INFO - Logging initialized. Log file: pb2b/logs/bybit_scraper_20250719.log
2025-07-19 05:17:49 - INFO - DataSaver logging initialized. Log file: pb2b/logs/data_saver_20250719.log
2025-07-19 05:17:49 - INFO - Connected to SQLite database: pb2b/p2p_listings.db
2025-07-19 05:17:49 - INFO - Database tables created successfully
2025-07-19 05:17:49 - INFO - Attempt 1/10: Loading https://www.bybit.com/fiat/trade/otc?actionType=1&token=USDT&fiat=NGN
2025-07-19 05:17:59 - INFO - Screenshot saved as 'pb2b/screenshots/bybit_page_20250719_051758.png'
2025-07-19 05:17:59 - INFO - Fetching BUY listings for USDT/EUR
2025-07-19 05:17:59 - INFO - Data successfully saved to SQLite database. New listings - Bybit: 4, Binance: 6
2025-07-19 05:18:00 - INFO - Browser session closed
2025-07-19 05:18:00 - INFO - SQLite database connection closed
2025-07-19 05:44:24 - INFO - Logging initialized. Log file: pb2b/logs/bybit_scraper_20250719.log
2025-07-19 05:44:25 - INFO - DataSaver logging initialized. Log file: pb2b/logs/data_saver_20250719.log
2025-07-19 05:44:25 - INFO - Connected to SQLite database: pb2b/p2p_listings.db
2025-07-19 05:44:25 - INFO - Database tables created successfully
2025-07-19 05:44:25 - INFO - Attempt 1/10: Loading https://www.bybit.com/fiat/trade/otc?actionType=1&token=USDT&fiat=NGN
2025-07-19 05:44:34 - INFO - Screenshot saved as 'pb2b/screenshots/bybit_page_20250719_054434.png'
2025-07-19 05:44:35 - INFO - Fetching BUY listings for USDT/EUR
2025-07-19 05:44:35 - INFO - Data successfully saved to SQLite database. New listings - Bybit: 4, Binance: 6
2025-07-19 05:44:35 - INFO - Browser session closed
2025-07-19 05:44:35 - INFO - SQLite database connection closed
2025-07-19 05:57:49 - INFO - Logging initialized. Log file: pb2b/logs/bybit_scraper_20250719.log
2025-07-19 05:57:50 - INFO - DataSaver logging initialized. Log file: pb2b/logs/data_saver_20250719.log
2025-07-19 05:57:50 - INFO - Connected to SQLite database: pb2b/p2p_listings.db
2025-07-19 05:57:50 - INFO - Database tables created successfully
2025-07-19 05:57:50 - INFO - Attempt 1/10: Loading https://www.bybit.com/fiat/trade/otc?actionType=1&token=USDT&fiat=NGN
2025-07-19 05:58:00 - INFO - Screenshot saved as 'pb2b/screenshots/bybit_page_20250719_055759.png'
2025-07-19 05:58:00 - INFO - Fetching BUY listings for USDT/EUR
2025-07-19 05:58:01 - INFO - Data successfully saved to SQLite database. New listings - Bybit: 4, Binance: 6
2025-07-19 05:58:01 - INFO - Browser session closed
2025-07-19 05:58:01 - INFO - SQLite database connection closed
2025-07-19 06:41:39 - INFO - Logging initialized. Log file: pb2b/logs/bybit_scraper_20250719.log
2025-07-19 06:41:40 - INFO - DataSaver logging initialized. Log file: pb2b/logs/data_saver_20250719.log
2025-07-19 06:41:40 - INFO - Connected to SQLite database: pb2b/p2p_listings.db
2025-07-19 06:41:40 - INFO - Database tables created successfully
2025-07-19 06:41:40 - INFO - Attempt 1/10: Loading https://www.bybit.com/fiat/trade/otc?actionType=1&token=USDT&fiat=NGN
2025-07-19 06:41:50 - INFO - Screenshot saved as 'pb2b/screenshots/bybit_page_20250719_064150.png'
2025-07-19 06:41:50 - INFO - Fetching BUY listings for USDT/EUR
2025-07-19 06:41:51 - INFO - Data successfully saved to SQLite database. New listings - Bybit: 4, Binance: 6
2025-07-19 06:41:51 - INFO - Browser session closed
2025-07-19 06:41:51 - INFO - SQLite database connection closed
2025-07-19 07:00:08 - INFO - Logging initialized. Log file: pb2b/logs/bybit_scraper_20250719.log
2025-07-19 07:00:08 - INFO - DataSaver logging initialized. Log file: pb2b/logs/data_saver_20250719.log
2025-07-19 07:00:08 - INFO - Connected to SQLite database: pb2b/p2p_listings.db
2025-07-19 07:00:08 - INFO - Database tables created successfully
2025-07-19 07:00:08 - INFO - Attempt 1/10: Loading https://www.bybit.com/fiat/trade/otc?actionType=1&token=USDT&fiat=NGN
2025-07-19 07:00:19 - INFO - Screenshot saved as 'pb2b/screenshots/bybit_page_20250719_070019.png'
2025-07-19 07:00:20 - INFO - Fetching BUY listings for USDT/EUR
2025-07-19 07:00:20 - INFO - Data successfully saved to SQLite database. New listings - Bybit: 4, Binance: 6
2025-07-19 07:00:20 - INFO - Browser session closed
2025-07-19 07:00:20 - INFO - SQLite database connection closed
2025-07-19 07:29:06 - INFO - Logging initialized. Log file: pb2b/logs/bybit_scraper_20250719.log
2025-07-19 07:29:10 - INFO - DataSaver logging initialized. Log file: pb2b/logs/data_saver_20250719.log
2025-07-19 07:29:10 - INFO - Connected to SQLite database: pb2b/p2p_listings.db
2025-07-19 07:29:10 - INFO - Database tables created successfully
2025-07-19 07:29:10 - INFO - Attempt 1/10: Loading https://www.bybit.com/fiat/trade/otc?actionType=1&token=USDT&fiat=NGN
2025-07-19 07:29:19 - INFO - Screenshot saved as 'pb2b/screenshots/bybit_page_20250719_072919.png'
2025-07-19 07:29:19 - INFO - Fetching BUY listings for USDT/EUR
2025-07-19 07:29:20 - INFO - Data successfully saved to SQLite database. New listings - Bybit: 4, Binance: 6
2025-07-19 07:29:20 - INFO - Browser session closed
2025-07-19 07:29:20 - INFO - SQLite database connection closed
2025-07-19 07:46:34 - INFO - Logging initialized. Log file: pb2b/logs/bybit_scraper_20250719.log
2025-07-19 07:46:35 - INFO - DataSaver logging initialized. Log file: pb2b/logs/data_saver_20250719.log
2025-07-19 07:46:35 - INFO - Connected to SQLite database: pb2b/p2p_listings.db
2025-07-19 07:46:35 - INFO - Database tables created successfully
2025-07-19 07:46:35 - INFO - Attempt 1/10: Loading https://www.bybit.com/fiat/trade/otc?actionType=1&token=USDT&fiat=NGN
2025-07-19 07:46:43 - INFO - Screenshot saved as 'pb2b/screenshots/bybit_page_20250719_074643.png'
2025-07-19 07:46:44 - INFO - Fetching BUY listings for USDT/EUR
2025-07-19 07:46:45 - INFO - Data successfully saved to SQLite database. New listings - Bybit: 4, Binance: 6
2025-07-19 07:46:45 - INFO - Browser session closed
2025-07-19 07:46:45 - INFO - SQLite database connection closed
2025-07-19 07:59:40 - INFO - Logging initialized. Log file: pb2b/logs/bybit_scraper_20250719.log
2025-07-19 07:59:41 - INFO - DataSaver logging initialized. Log file: pb2b/logs/data_saver_20250719.log
2025-07-19 07:59:41 - INFO - Connected to SQLite database: pb2b/p2p_listings.db
2025-07-19 07:59:41 - INFO - Database tables created successfully
2025-07-19 07:59:41 - INFO - Attempt 1/10: Loading https://www.bybit.com/fiat/trade/otc?actionType=1&token=USDT&fiat=NGN
2025-07-19 07:59:50 - INFO - Screenshot saved as 'pb2b/screenshots/bybit_page_20250719_075950.png'
2025-07-19 07:59:51 - INFO - Fetching BUY listings for USDT/EUR
2025-07-19 07:59:52 - INFO - Data successfully saved to SQLite database. New listings - Bybit: 4, Binance: 6
2025-07-19 07:59:52 - INFO - Browser session closed
2025-07-19 07:59:52 - INFO - SQLite database connection closed
2025-07-19 08:36:59 - INFO - Logging initialized. Log file: pb2b/logs/bybit_scraper_20250719.log
2025-07-19 08:37:00 - INFO - DataSaver logging initialized. Log file: pb2b/logs/data_saver_20250719.log
2025-07-19 08:37:00 - INFO - Connected to SQLite database: pb2b/p2p_listings.db
2025-07-19 08:37:00 - INFO - Database tables created successfully
2025-07-19 08:37:00 - INFO - Attempt 1/10: Loading https://www.bybit.com/fiat/trade/otc?actionType=1&token=USDT&fiat=NGN
2025-07-19 08:37:08 - INFO - Screenshot saved as 'pb2b/screenshots/bybit_page_20250719_083708.png'
2025-07-19 08:37:08 - INFO - Fetching BUY listings for USDT/EUR
2025-07-19 08:37:09 - INFO - Data successfully saved to SQLite database. New listings - Bybit: 4, Binance: 6
2025-07-19 08:37:09 - INFO - Browser session closed
2025-07-19 08:37:09 - INFO - SQLite database connection closed
2025-07-19 08:58:07 - INFO - Logging initialized. Log file: pb2b/logs/bybit_scraper_20250719.log
2025-07-19 08:58:08 - INFO - DataSaver logging initialized. Log file: pb2b/logs/data_saver_20250719.log
2025-07-19 08:58:08 - INFO - Connected to SQLite database: pb2b/p2p_listings.db
2025-07-19 08:58:08 - INFO - Database tables created successfully
2025-07-19 08:58:08 - INFO - Attempt 1/10: Loading https://www.bybit.com/fiat/trade/otc?actionType=1&token=USDT&fiat=NGN
2025-07-19 08:58:17 - INFO - Screenshot saved as 'pb2b/screenshots/bybit_page_20250719_085817.png'
2025-07-19 08:58:17 - INFO - Fetching BUY listings for USDT/EUR
2025-07-19 08:58:18 - INFO - Data successfully saved to SQLite database. New listings - Bybit: 4, Binance: 6
2025-07-19 08:58:18 - INFO - Browser session closed
2025-07-19 08:58:18 - INFO - SQLite database connection closed
2025-07-19 09:29:08 - INFO - Logging initialized. Log file: pb2b/logs/bybit_scraper_20250719.log
2025-07-19 09:29:09 - INFO - DataSaver logging initialized. Log file: pb2b/logs/data_saver_20250719.log
2025-07-19 09:29:09 - INFO - Connected to SQLite database: pb2b/p2p_listings.db
2025-07-19 09:29:09 - INFO - Database tables created successfully
2025-07-19 09:29:09 - INFO - Attempt 1/10: Loading https://www.bybit.com/fiat/trade/otc?actionType=1&token=USDT&fiat=NGN
2025-07-19 09:29:16 - INFO - Screenshot saved as 'pb2b/screenshots/bybit_page_20250719_092916.png'
2025-07-19 09:29:16 - INFO - Fetching BUY listings for USDT/EUR
2025-07-19 09:29:17 - INFO - Data successfully saved to SQLite database. New listings - Bybit: 4, Binance: 6
2025-07-19 09:29:17 - INFO - Browser session closed
2025-07-19 09:29:17 - INFO - SQLite database connection closed
2025-07-19 09:47:25 - INFO - Logging initialized. Log file: pb2b/logs/bybit_scraper_20250719.log
2025-07-19 09:47:26 - INFO - DataSaver logging initialized. Log file: pb2b/logs/data_saver_20250719.log
2025-07-19 09:47:26 - INFO - Connected to SQLite database: pb2b/p2p_listings.db
2025-07-19 09:47:26 - INFO - Database tables created successfully
2025-07-19 09:47:26 - INFO - Attempt 1/10: Loading https://www.bybit.com/fiat/trade/otc?actionType=1&token=USDT&fiat=NGN
2025-07-19 09:47:35 - INFO - Screenshot saved as 'pb2b/screenshots/bybit_page_20250719_094735.png'
2025-07-19 09:47:36 - INFO - Fetching BUY listings for USDT/EUR
2025-07-19 09:47:37 - INFO - Data successfully saved to SQLite database. New listings - Bybit: 4, Binance: 6
2025-07-19 09:47:37 - INFO - Browser session closed
2025-07-19 09:47:37 - INFO - SQLite database connection closed
2025-07-19 09:59:45 - INFO - Logging initialized. Log file: pb2b/logs/bybit_scraper_20250719.log
2025-07-19 09:59:46 - INFO - DataSaver logging initialized. Log file: pb2b/logs/data_saver_20250719.log
2025-07-19 09:59:46 - INFO - Connected to SQLite database: pb2b/p2p_listings.db
2025-07-19 09:59:46 - INFO - Database tables created successfully
2025-07-19 09:59:46 - INFO - Attempt 1/10: Loading https://www.bybit.com/fiat/trade/otc?actionType=1&token=USDT&fiat=NGN
2025-07-19 09:59:56 - INFO - Screenshot saved as 'pb2b/screenshots/bybit_page_20250719_095956.png'
2025-07-19 09:59:56 - INFO - Fetching BUY listings for USDT/EUR
2025-07-19 09:59:57 - INFO - Data successfully saved to SQLite database. New listings - Bybit: 4, Binance: 6
2025-07-19 09:59:57 - INFO - Browser session closed
2025-07-19 09:59:57 - INFO - SQLite database connection closed
2025-07-19 10:33:50 - INFO - Logging initialized. Log file: pb2b/logs/bybit_scraper_20250719.log
2025-07-19 10:33:51 - INFO - DataSaver logging initialized. Log file: pb2b/logs/data_saver_20250719.log
2025-07-19 10:33:51 - INFO - Connected to SQLite database: pb2b/p2p_listings.db
2025-07-19 10:33:51 - INFO - Database tables created successfully
2025-07-19 10:33:51 - INFO - Attempt 1/10: Loading https://www.bybit.com/fiat/trade/otc?actionType=1&token=USDT&fiat=NGN
2025-07-19 10:34:00 - INFO - Screenshot saved as 'pb2b/screenshots/bybit_page_20250719_103359.png'
2025-07-19 10:34:00 - INFO - Fetching BUY listings for USDT/EUR
2025-07-19 10:34:01 - INFO - Data successfully saved to SQLite database. New listings - Bybit: 4, Binance: 6
2025-07-19 10:34:01 - INFO - Browser session closed
2025-07-19 10:34:01 - INFO - SQLite database connection closed
2025-07-19 10:53:59 - INFO - Logging initialized. Log file: pb2b/logs/bybit_scraper_20250719.log
2025-07-19 10:53:59 - INFO - DataSaver logging initialized. Log file: pb2b/logs/data_saver_20250719.log
2025-07-19 10:53:59 - INFO - Connected to SQLite database: pb2b/p2p_listings.db
2025-07-19 10:53:59 - INFO - Database tables created successfully
2025-07-19 10:53:59 - INFO - Attempt 1/10: Loading https://www.bybit.com/fiat/trade/otc?actionType=1&token=USDT&fiat=NGN
2025-07-19 10:54:10 - INFO - Screenshot saved as 'pb2b/screenshots/bybit_page_20250719_105409.png'
2025-07-19 10:54:10 - INFO - Fetching BUY listings for USDT/EUR
2025-07-19 10:54:11 - INFO - Data successfully saved to SQLite database. New listings - Bybit: 4, Binance: 6
2025-07-19 10:54:11 - INFO - Browser session closed
2025-07-19 10:54:11 - INFO - SQLite database connection closed
2025-07-19 11:15:23 - INFO - Logging initialized. Log file: pb2b/logs/bybit_scraper_20250719.log
2025-07-19 11:15:24 - INFO - DataSaver logging initialized. Log file: pb2b/logs/data_saver_20250719.log
2025-07-19 11:15:24 - INFO - Connected to SQLite database: pb2b/p2p_listings.db
2025-07-19 11:15:24 - INFO - Database tables created successfully
2025-07-19 11:15:24 - INFO - Attempt 1/10: Loading https://www.bybit.com/fiat/trade/otc?actionType=1&token=USDT&fiat=NGN
2025-07-19 11:15:33 - INFO - Screenshot saved as 'pb2b/screenshots/bybit_page_20250719_111533.png'
2025-07-19 11:15:33 - INFO - Fetching BUY listings for USDT/EUR
2025-07-19 11:15:34 - INFO - Data successfully saved to SQLite database. New listings - Bybit: 4, Binance: 6
2025-07-19 11:15:34 - INFO - Browser session closed
2025-07-19 11:15:34 - INFO - SQLite database connection closed
2025-07-19 11:34:19 - INFO - Logging initialized. Log file: pb2b/logs/bybit_scraper_20250719.log
2025-07-19 11:34:20 - INFO - DataSaver logging initialized. Log file: pb2b/logs/data_saver_20250719.log
2025-07-19 11:34:20 - INFO - Connected to SQLite database: pb2b/p2p_listings.db
2025-07-19 11:34:20 - INFO - Database tables created successfully
2025-07-19 11:34:20 - INFO - Attempt 1/10: Loading https://www.bybit.com/fiat/trade/otc?actionType=1&token=USDT&fiat=NGN
2025-07-19 11:34:31 - INFO - Screenshot saved as 'pb2b/screenshots/bybit_page_20250719_113431.png'
2025-07-19 11:34:31 - INFO - Fetching BUY listings for USDT/EUR
2025-07-19 11:34:32 - INFO - Data successfully saved to SQLite database. New listings - Bybit: 4, Binance: 6
2025-07-19 11:34:32 - INFO - Browser session closed
2025-07-19 11:34:32 - INFO - SQLite database connection closed
2025-07-19 11:47:22 - INFO - Logging initialized. Log file: pb2b/logs/bybit_scraper_20250719.log
2025-07-19 11:47:22 - INFO - DataSaver logging initialized. Log file: pb2b/logs/data_saver_20250719.log
2025-07-19 11:47:22 - INFO - Connected to SQLite database: pb2b/p2p_listings.db
2025-07-19 11:47:22 - INFO - Database tables created successfully
2025-07-19 11:47:22 - INFO - Attempt 1/10: Loading https://www.bybit.com/fiat/trade/otc?actionType=1&token=USDT&fiat=NGN
2025-07-19 11:47:31 - INFO - Screenshot saved as 'pb2b/screenshots/bybit_page_20250719_114731.png'
2025-07-19 11:47:31 - INFO - Fetching BUY listings for USDT/EUR
2025-07-19 11:47:32 - INFO - Data successfully saved to SQLite database. New listings - Bybit: 4, Binance: 6
2025-07-19 11:47:33 - INFO - Browser session closed
2025-07-19 11:47:33 - INFO - SQLite database connection closed
2025-07-19 12:00:36 - INFO - Logging initialized. Log file: pb2b/logs/bybit_scraper_20250719.log
2025-07-19 12:00:37 - INFO - DataSaver logging initialized. Log file: pb2b/logs/data_saver_20250719.log
2025-07-19 12:00:37 - INFO - Connected to SQLite database: pb2b/p2p_listings.db
2025-07-19 12:00:37 - INFO - Database tables created successfully
2025-07-19 12:00:37 - INFO - Attempt 1/10: Loading https://www.bybit.com/fiat/trade/otc?actionType=1&token=USDT&fiat=NGN
2025-07-19 12:00:47 - INFO - Screenshot saved as 'pb2b/screenshots/bybit_page_20250719_120047.png'
2025-07-19 12:00:47 - INFO - Fetching BUY listings for USDT/EUR
2025-07-19 12:00:48 - INFO - Data successfully saved to SQLite database. New listings - Bybit: 4, Binance: 6
2025-07-19 12:00:49 - INFO - Browser session closed
2025-07-19 12:00:49 - INFO - SQLite database connection closed
2025-07-19 12:58:20 - INFO - Logging initialized. Log file: pb2b/logs/bybit_scraper_20250719.log
2025-07-19 12:58:21 - INFO - DataSaver logging initialized. Log file: pb2b/logs/data_saver_20250719.log
2025-07-19 12:58:21 - INFO - Connected to SQLite database: pb2b/p2p_listings.db
2025-07-19 12:58:21 - INFO - Database tables created successfully
2025-07-19 12:58:21 - INFO - Attempt 1/10: Loading https://www.bybit.com/fiat/trade/otc?actionType=1&token=USDT&fiat=NGN
2025-07-19 12:58:31 - INFO - Screenshot saved as 'pb2b/screenshots/bybit_page_20250719_125831.png'
2025-07-19 12:58:32 - INFO - Fetching BUY listings for USDT/EUR
2025-07-19 12:58:32 - INFO - Data successfully saved to SQLite database. New listings - Bybit: 4, Binance: 6
2025-07-19 12:58:32 - INFO - Browser session closed
2025-07-19 12:58:32 - INFO - SQLite database connection closed
2025-07-19 13:37:10 - INFO - Logging initialized. Log file: pb2b/logs/bybit_scraper_20250719.log
2025-07-19 13:37:12 - INFO - DataSaver logging initialized. Log file: pb2b/logs/data_saver_20250719.log
2025-07-19 13:37:12 - INFO - Connected to SQLite database: pb2b/p2p_listings.db
2025-07-19 13:37:12 - INFO - Database tables created successfully
2025-07-19 13:37:12 - INFO - Attempt 1/10: Loading https://www.bybit.com/fiat/trade/otc?actionType=1&token=USDT&fiat=NGN
2025-07-19 13:37:20 - INFO - Screenshot saved as 'pb2b/screenshots/bybit_page_20250719_133720.png'
2025-07-19 13:37:20 - INFO - Fetching BUY listings for USDT/EUR
2025-07-19 13:37:21 - INFO - Data successfully saved to SQLite database. New listings - Bybit: 4, Binance: 6
2025-07-19 13:37:21 - INFO - Browser session closed
2025-07-19 13:37:21 - INFO - SQLite database connection closed
2025-07-19 13:56:47 - INFO - Logging initialized. Log file: pb2b/logs/bybit_scraper_20250719.log
2025-07-19 13:56:48 - INFO - DataSaver logging initialized. Log file: pb2b/logs/data_saver_20250719.log
2025-07-19 13:56:48 - INFO - Connected to SQLite database: pb2b/p2p_listings.db
2025-07-19 13:56:48 - INFO - Database tables created successfully
2025-07-19 13:56:48 - INFO - Attempt 1/10: Loading https://www.bybit.com/fiat/trade/otc?actionType=1&token=USDT&fiat=NGN
2025-07-19 13:56:57 - INFO - Screenshot saved as 'pb2b/screenshots/bybit_page_20250719_135656.png'
2025-07-19 13:56:57 - INFO - Fetching BUY listings for USDT/EUR
2025-07-19 13:56:57 - INFO - Data successfully saved to SQLite database. New listings - Bybit: 4, Binance: 6
2025-07-19 13:56:57 - INFO - Browser session closed
2025-07-19 13:56:57 - INFO - SQLite database connection closed
2025-07-19 14:22:26 - INFO - Logging initialized. Log file: pb2b/logs/bybit_scraper_20250719.log
2025-07-19 14:22:27 - INFO - DataSaver logging initialized. Log file: pb2b/logs/data_saver_20250719.log
2025-07-19 14:22:27 - INFO - Connected to SQLite database: pb2b/p2p_listings.db
2025-07-19 14:22:27 - INFO - Database tables created successfully
2025-07-19 14:22:27 - INFO - Attempt 1/10: Loading https://www.bybit.com/fiat/trade/otc?actionType=1&token=USDT&fiat=NGN
2025-07-19 14:22:37 - INFO - Screenshot saved as 'pb2b/screenshots/bybit_page_20250719_142237.png'
2025-07-19 14:22:38 - INFO - Fetching BUY listings for USDT/EUR
2025-07-19 14:22:39 - INFO - Data successfully saved to SQLite database. New listings - Bybit: 4, Binance: 6
2025-07-19 14:22:39 - INFO - Browser session closed
2025-07-19 14:22:39 - INFO - SQLite database connection closed
2025-07-19 14:44:29 - INFO - Logging initialized. Log file: pb2b/logs/bybit_scraper_20250719.log
2025-07-19 14:44:30 - INFO - DataSaver logging initialized. Log file: pb2b/logs/data_saver_20250719.log
2025-07-19 14:44:30 - INFO - Connected to SQLite database: pb2b/p2p_listings.db
2025-07-19 14:44:30 - INFO - Database tables created successfully
2025-07-19 14:44:30 - INFO - Attempt 1/10: Loading https://www.bybit.com/fiat/trade/otc?actionType=1&token=USDT&fiat=NGN
2025-07-19 14:44:38 - INFO - Screenshot saved as 'pb2b/screenshots/bybit_page_20250719_144438.png'
2025-07-19 14:44:39 - INFO - Fetching BUY listings for USDT/EUR
2025-07-19 14:44:39 - INFO - Data successfully saved to SQLite database. New listings - Bybit: 4, Binance: 6
2025-07-19 14:44:39 - INFO - Browser session closed
2025-07-19 14:44:39 - INFO - SQLite database connection closed
2025-07-19 14:56:55 - INFO - Logging initialized. Log file: pb2b/logs/bybit_scraper_20250719.log
2025-07-19 14:56:56 - INFO - DataSaver logging initialized. Log file: pb2b/logs/data_saver_20250719.log
2025-07-19 14:56:56 - INFO - Connected to SQLite database: pb2b/p2p_listings.db
2025-07-19 14:56:56 - INFO - Database tables created successfully
2025-07-19 14:56:56 - INFO - Attempt 1/10: Loading https://www.bybit.com/fiat/trade/otc?actionType=1&token=USDT&fiat=NGN
2025-07-19 14:57:08 - INFO - Screenshot saved as 'pb2b/screenshots/bybit_page_20250719_145707.png'
2025-07-19 14:57:08 - INFO - Fetching BUY listings for USDT/EUR
2025-07-19 14:57:09 - INFO - Data successfully saved to SQLite database. New listings - Bybit: 4, Binance: 6
2025-07-19 14:57:09 - INFO - Browser session closed
2025-07-19 14:57:09 - INFO - SQLite database connection closed
2025-07-19 15:25:38 - INFO - Logging initialized. Log file: pb2b/logs/bybit_scraper_20250719.log
2025-07-19 15:25:40 - INFO - DataSaver logging initialized. Log file: pb2b/logs/data_saver_20250719.log
2025-07-19 15:25:40 - INFO - Connected to SQLite database: pb2b/p2p_listings.db
2025-07-19 15:25:40 - INFO - Database tables created successfully
2025-07-19 15:25:40 - INFO - Attempt 1/10: Loading https://www.bybit.com/fiat/trade/otc?actionType=1&token=USDT&fiat=NGN
2025-07-19 15:25:50 - INFO - Screenshot saved as 'pb2b/screenshots/bybit_page_20250719_152550.png'
2025-07-19 15:25:50 - INFO - Fetching BUY listings for USDT/EUR
2025-07-19 15:25:51 - INFO - Data successfully saved to SQLite database. New listings - Bybit: 4, Binance: 6
2025-07-19 15:25:51 - INFO - Browser session closed
2025-07-19 15:25:51 - INFO - SQLite database connection closed
2025-07-19 15:43:58 - INFO - Logging initialized. Log file: pb2b/logs/bybit_scraper_20250719.log
2025-07-19 15:44:00 - INFO - DataSaver logging initialized. Log file: pb2b/logs/data_saver_20250719.log
2025-07-19 15:44:00 - INFO - Connected to SQLite database: pb2b/p2p_listings.db
2025-07-19 15:44:00 - INFO - Database tables created successfully
2025-07-19 15:44:00 - INFO - Attempt 1/10: Loading https://www.bybit.com/fiat/trade/otc?actionType=1&token=USDT&fiat=NGN
2025-07-19 15:44:09 - INFO - Screenshot saved as 'pb2b/screenshots/bybit_page_20250719_154409.png'
2025-07-19 15:44:09 - INFO - Fetching BUY listings for USDT/EUR
2025-07-19 15:44:10 - INFO - Data successfully saved to SQLite database. New listings - Bybit: 4, Binance: 6
2025-07-19 15:44:10 - INFO - Browser session closed
2025-07-19 15:44:10 - INFO - SQLite database connection closed
2025-07-19 15:59:42 - INFO - Logging initialized. Log file: pb2b/logs/bybit_scraper_20250719.log
2025-07-19 15:59:43 - INFO - DataSaver logging initialized. Log file: pb2b/logs/data_saver_20250719.log
2025-07-19 15:59:43 - INFO - Connected to SQLite database: pb2b/p2p_listings.db
2025-07-19 15:59:43 - INFO - Database tables created successfully
2025-07-19 15:59:43 - INFO - Attempt 1/10: Loading https://www.bybit.com/fiat/trade/otc?actionType=1&token=USDT&fiat=NGN
2025-07-19 15:59:52 - INFO - Screenshot saved as 'pb2b/screenshots/bybit_page_20250719_155951.png'
2025-07-19 15:59:52 - INFO - Fetching BUY listings for USDT/EUR
2025-07-19 15:59:53 - INFO - Data successfully saved to SQLite database. New listings - Bybit: 4, Binance: 6
2025-07-19 15:59:53 - INFO - Browser session closed
2025-07-19 15:59:53 - INFO - SQLite database connection closed
2025-07-19 16:36:47 - INFO - Logging initialized. Log file: pb2b/logs/bybit_scraper_20250719.log
2025-07-19 16:36:48 - INFO - DataSaver logging initialized. Log file: pb2b/logs/data_saver_20250719.log
2025-07-19 16:36:48 - INFO - Connected to SQLite database: pb2b/p2p_listings.db
2025-07-19 16:36:48 - INFO - Database tables created successfully
2025-07-19 16:36:48 - INFO - Attempt 1/10: Loading https://www.bybit.com/fiat/trade/otc?actionType=1&token=USDT&fiat=NGN
2025-07-19 16:37:00 - INFO - Screenshot saved as 'pb2b/screenshots/bybit_page_20250719_163659.png'
2025-07-19 16:37:00 - INFO - Fetching BUY listings for USDT/EUR
2025-07-19 16:37:01 - INFO - Data successfully saved to SQLite database. New listings - Bybit: 4, Binance: 6
2025-07-19 16:37:01 - INFO - Browser session closed
2025-07-19 16:37:01 - INFO - SQLite database connection closed
2025-07-19 16:57:45 - INFO - Logging initialized. Log file: pb2b/logs/bybit_scraper_20250719.log
2025-07-19 16:57:45 - INFO - DataSaver logging initialized. Log file: pb2b/logs/data_saver_20250719.log
2025-07-19 16:57:45 - INFO - Connected to SQLite database: pb2b/p2p_listings.db
2025-07-19 16:57:45 - INFO - Database tables created successfully
2025-07-19 16:57:45 - INFO - Attempt 1/10: Loading https://www.bybit.com/fiat/trade/otc?actionType=1&token=USDT&fiat=NGN
2025-07-19 16:57:55 - INFO - Screenshot saved as 'pb2b/screenshots/bybit_page_20250719_165755.png'
2025-07-19 16:57:56 - INFO - Fetching BUY listings for USDT/EUR
2025-07-19 16:57:56 - INFO - Data successfully saved to SQLite database. New listings - Bybit: 4, Binance: 6
2025-07-19 16:57:56 - INFO - Browser session closed
2025-07-19 16:57:56 - INFO - SQLite database connection closed
2025-07-19 17:25:45 - INFO - Logging initialized. Log file: pb2b/logs/bybit_scraper_20250719.log
2025-07-19 17:25:47 - INFO - DataSaver logging initialized. Log file: pb2b/logs/data_saver_20250719.log
2025-07-19 17:25:47 - INFO - Connected to SQLite database: pb2b/p2p_listings.db
2025-07-19 17:25:47 - INFO - Database tables created successfully
2025-07-19 17:25:47 - INFO - Attempt 1/10: Loading https://www.bybit.com/fiat/trade/otc?actionType=1&token=USDT&fiat=NGN
2025-07-19 17:25:58 - INFO - Screenshot saved as 'pb2b/screenshots/bybit_page_20250719_172558.png'
2025-07-19 17:25:59 - INFO - Fetching BUY listings for USDT/EUR
2025-07-19 17:26:00 - INFO - Data successfully saved to SQLite database. New listings - Bybit: 4, Binance: 6
2025-07-19 17:26:00 - INFO - Browser session closed
2025-07-19 17:26:00 - INFO - SQLite database connection closed
2025-07-19 17:46:34 - INFO - Logging initialized. Log file: pb2b/logs/bybit_scraper_20250719.log
2025-07-19 17:46:35 - INFO - DataSaver logging initialized. Log file: pb2b/logs/data_saver_20250719.log
2025-07-19 17:46:35 - INFO - Connected to SQLite database: pb2b/p2p_listings.db
2025-07-19 17:46:35 - INFO - Database tables created successfully
2025-07-19 17:46:35 - INFO - Attempt 1/10: Loading https://www.bybit.com/fiat/trade/otc?actionType=1&token=USDT&fiat=NGN
2025-07-19 17:46:44 - INFO - Screenshot saved as 'pb2b/screenshots/bybit_page_20250719_174644.png'
2025-07-19 17:46:45 - INFO - Fetching BUY listings for USDT/EUR
2025-07-19 17:46:46 - INFO - Data successfully saved to SQLite database. New listings - Bybit: 4, Binance: 6
2025-07-19 17:46:46 - INFO - Browser session closed
2025-07-19 17:46:46 - INFO - SQLite database connection closed
2025-07-19 18:00:25 - INFO - Logging initialized. Log file: pb2b/logs/bybit_scraper_20250719.log
2025-07-19 18:00:26 - INFO - DataSaver logging initialized. Log file: pb2b/logs/data_saver_20250719.log
2025-07-19 18:00:26 - INFO - Connected to SQLite database: pb2b/p2p_listings.db
2025-07-19 18:00:26 - INFO - Database tables created successfully
2025-07-19 18:00:26 - INFO - Attempt 1/10: Loading https://www.bybit.com/fiat/trade/otc?actionType=1&token=USDT&fiat=NGN
2025-07-19 18:00:36 - INFO - Screenshot saved as 'pb2b/screenshots/bybit_page_20250719_180036.png'
2025-07-19 18:00:37 - INFO - Fetching BUY listings for USDT/EUR
2025-07-19 18:00:37 - INFO - Data successfully saved to SQLite database. New listings - Bybit: 4, Binance: 6
2025-07-19 18:00:37 - INFO - Browser session closed
2025-07-19 18:00:37 - INFO - SQLite database connection closed
2025-07-19 18:40:57 - INFO - Logging initialized. Log file: pb2b/logs/bybit_scraper_20250719.log
2025-07-19 18:40:58 - INFO - DataSaver logging initialized. Log file: pb2b/logs/data_saver_20250719.log
2025-07-19 18:40:58 - INFO - Connected to SQLite database: pb2b/p2p_listings.db
2025-07-19 18:40:58 - INFO - Database tables created successfully
2025-07-19 18:40:58 - INFO - Attempt 1/10: Loading https://www.bybit.com/fiat/trade/otc?actionType=1&token=USDT&fiat=NGN
2025-07-19 18:41:07 - INFO - Screenshot saved as 'pb2b/screenshots/bybit_page_20250719_184107.png'
2025-07-19 18:41:08 - INFO - Fetching BUY listings for USDT/EUR
2025-07-19 18:41:08 - INFO - Data successfully saved to SQLite database. New listings - Bybit: 4, Binance: 6
2025-07-19 18:41:09 - INFO - Browser session closed
2025-07-19 18:41:09 - INFO - SQLite database connection closed
2025-07-19 19:00:18 - INFO - Logging initialized. Log file: pb2b/logs/bybit_scraper_20250719.log
2025-07-19 19:00:19 - INFO - DataSaver logging initialized. Log file: pb2b/logs/data_saver_20250719.log
2025-07-19 19:00:19 - INFO - Connected to SQLite database: pb2b/p2p_listings.db
2025-07-19 19:00:19 - INFO - Database tables created successfully
2025-07-19 19:00:19 - INFO - Attempt 1/10: Loading https://www.bybit.com/fiat/trade/otc?actionType=1&token=USDT&fiat=NGN
2025-07-19 19:00:32 - INFO - Screenshot saved as 'pb2b/screenshots/bybit_page_20250719_190032.png'
2025-07-19 19:00:32 - INFO - Fetching BUY listings for USDT/EUR
2025-07-19 19:00:33 - INFO - Data successfully saved to SQLite database. New listings - Bybit: 4, Binance: 6
2025-07-19 19:00:33 - INFO - Browser session closed
2025-07-19 19:00:33 - INFO - SQLite database connection closed
2025-07-19 19:25:58 - INFO - Logging initialized. Log file: pb2b/logs/bybit_scraper_20250719.log
2025-07-19 19:26:00 - INFO - DataSaver logging initialized. Log file: pb2b/logs/data_saver_20250719.log
2025-07-19 19:26:00 - INFO - Connected to SQLite database: pb2b/p2p_listings.db
2025-07-19 19:26:00 - INFO - Database tables created successfully
2025-07-19 19:26:00 - INFO - Attempt 1/10: Loading https://www.bybit.com/fiat/trade/otc?actionType=1&token=USDT&fiat=NGN
2025-07-19 19:26:12 - INFO - Screenshot saved as 'pb2b/screenshots/bybit_page_20250719_192612.png'
2025-07-19 19:26:12 - INFO - Fetching BUY listings for USDT/EUR
2025-07-19 19:26:13 - INFO - Data successfully saved to SQLite database. New listings - Bybit: 4, Binance: 6
2025-07-19 19:26:13 - INFO - Browser session closed
2025-07-19 19:26:13 - INFO - SQLite database connection closed
2025-07-19 19:41:13 - INFO - Logging initialized. Log file: pb2b/logs/bybit_scraper_20250719.log
2025-07-19 19:41:15 - INFO - DataSaver logging initialized. Log file: pb2b/logs/data_saver_20250719.log
2025-07-19 19:41:15 - INFO - Connected to SQLite database: pb2b/p2p_listings.db
2025-07-19 19:41:15 - INFO - Database tables created successfully
2025-07-19 19:41:15 - INFO - Attempt 1/10: Loading https://www.bybit.com/fiat/trade/otc?actionType=1&token=USDT&fiat=NGN
2025-07-19 19:41:23 - INFO - Screenshot saved as 'pb2b/screenshots/bybit_page_20250719_194123.png'
2025-07-19 19:41:24 - INFO - Fetching BUY listings for USDT/EUR
2025-07-19 19:41:24 - INFO - Data successfully saved to SQLite database. New listings - Bybit: 4, Binance: 6
2025-07-19 19:41:24 - INFO - Browser session closed
2025-07-19 19:41:24 - INFO - SQLite database connection closed
2025-07-19 19:53:19 - INFO - Logging initialized. Log file: pb2b/logs/bybit_scraper_20250719.log
2025-07-19 19:53:20 - INFO - DataSaver logging initialized. Log file: pb2b/logs/data_saver_20250719.log
2025-07-19 19:53:20 - INFO - Connected to SQLite database: pb2b/p2p_listings.db
2025-07-19 19:53:20 - INFO - Database tables created successfully
2025-07-19 19:53:20 - INFO - Attempt 1/10: Loading https://www.bybit.com/fiat/trade/otc?actionType=1&token=USDT&fiat=NGN
2025-07-19 19:53:29 - INFO - Screenshot saved as 'pb2b/screenshots/bybit_page_20250719_195329.png'
2025-07-19 19:53:30 - INFO - Fetching BUY listings for USDT/EUR
2025-07-19 19:53:30 - INFO - Data successfully saved to SQLite database. New listings - Bybit: 4, Binance: 6
2025-07-19 19:53:30 - INFO - Browser session closed
2025-07-19 19:53:30 - INFO - SQLite database connection closed
2025-07-19 20:20:05 - INFO - Logging initialized. Log file: pb2b/logs/bybit_scraper_20250719.log
2025-07-19 20:20:06 - INFO - DataSaver logging initialized. Log file: pb2b/logs/data_saver_20250719.log
2025-07-19 20:20:06 - INFO - Connected to SQLite database: pb2b/p2p_listings.db
2025-07-19 20:20:06 - INFO - Database tables created successfully
2025-07-19 20:20:06 - INFO - Attempt 1/10: Loading https://www.bybit.com/fiat/trade/otc?actionType=1&token=USDT&fiat=NGN
2025-07-19 20:20:17 - INFO - Screenshot saved as 'pb2b/screenshots/bybit_page_20250719_202017.png'
2025-07-19 20:20:17 - INFO - Fetching BUY listings for USDT/EUR
2025-07-19 20:20:18 - INFO - Data successfully saved to SQLite database. New listings - Bybit: 4, Binance: 6
2025-07-19 20:20:18 - INFO - Browser session closed
2025-07-19 20:20:18 - INFO - SQLite database connection closed
2025-07-19 20:41:58 - INFO - Logging initialized. Log file: pb2b/logs/bybit_scraper_20250719.log
2025-07-19 20:41:59 - INFO - DataSaver logging initialized. Log file: pb2b/logs/data_saver_20250719.log
2025-07-19 20:41:59 - INFO - Connected to SQLite database: pb2b/p2p_listings.db
2025-07-19 20:41:59 - INFO - Database tables created successfully
2025-07-19 20:41:59 - INFO - Attempt 1/10: Loading https://www.bybit.com/fiat/trade/otc?actionType=1&token=USDT&fiat=NGN
2025-07-19 20:42:10 - INFO - Screenshot saved as 'pb2b/screenshots/bybit_page_20250719_204210.png'
2025-07-19 20:42:10 - INFO - Fetching BUY listings for USDT/EUR
2025-07-19 20:42:11 - INFO - Data successfully saved to SQLite database. New listings - Bybit: 4, Binance: 6
2025-07-19 20:42:11 - INFO - Browser session closed
2025-07-19 20:42:11 - INFO - SQLite database connection closed
2025-07-19 20:58:24 - INFO - Logging initialized. Log file: pb2b/logs/bybit_scraper_20250719.log
2025-07-19 20:58:26 - INFO - DataSaver logging initialized. Log file: pb2b/logs/data_saver_20250719.log
2025-07-19 20:58:26 - INFO - Connected to SQLite database: pb2b/p2p_listings.db
2025-07-19 20:58:26 - INFO - Database tables created successfully
2025-07-19 20:58:26 - INFO - Attempt 1/10: Loading https://www.bybit.com/fiat/trade/otc?actionType=1&token=USDT&fiat=NGN
2025-07-19 20:58:36 - INFO - Screenshot saved as 'pb2b/screenshots/bybit_page_20250719_205835.png'
2025-07-19 20:58:36 - INFO - Fetching BUY listings for USDT/EUR
2025-07-19 20:58:37 - INFO - Data successfully saved to SQLite database. New listings - Bybit: 4, Binance: 6
2025-07-19 20:58:37 - INFO - Browser session closed
2025-07-19 20:58:37 - INFO - SQLite database connection closed
2025-07-19 21:28:10 - INFO - Logging initialized. Log file: pb2b/logs/bybit_scraper_20250719.log
2025-07-19 21:28:12 - INFO - DataSaver logging initialized. Log file: pb2b/logs/data_saver_20250719.log
2025-07-19 21:28:12 - INFO - Connected to SQLite database: pb2b/p2p_listings.db
2025-07-19 21:28:12 - INFO - Database tables created successfully
2025-07-19 21:28:12 - INFO - Attempt 1/10: Loading https://www.bybit.com/fiat/trade/otc?actionType=1&token=USDT&fiat=NGN
2025-07-19 21:28:20 - INFO - Screenshot saved as 'pb2b/screenshots/bybit_page_20250719_212819.png'
2025-07-19 21:28:20 - INFO - Fetching BUY listings for USDT/EUR
2025-07-19 21:28:20 - INFO - Data successfully saved to SQLite database. New listings - Bybit: 4, Binance: 6
2025-07-19 21:28:21 - INFO - Browser session closed
2025-07-19 21:28:21 - INFO - SQLite database connection closed
2025-07-19 21:44:58 - INFO - Logging initialized. Log file: pb2b/logs/bybit_scraper_20250719.log
2025-07-19 21:44:59 - INFO - DataSaver logging initialized. Log file: pb2b/logs/data_saver_20250719.log
2025-07-19 21:44:59 - INFO - Connected to SQLite database: pb2b/p2p_listings.db
2025-07-19 21:44:59 - INFO - Database tables created successfully
2025-07-19 21:44:59 - INFO - Attempt 1/10: Loading https://www.bybit.com/fiat/trade/otc?actionType=1&token=USDT&fiat=NGN
2025-07-19 21:45:08 - INFO - Screenshot saved as 'pb2b/screenshots/bybit_page_20250719_214508.png'
2025-07-19 21:45:08 - INFO - Fetching BUY listings for USDT/EUR
2025-07-19 21:45:09 - INFO - Data successfully saved to SQLite database. New listings - Bybit: 4, Binance: 6
2025-07-19 21:45:09 - INFO - Browser session closed
2025-07-19 21:45:09 - INFO - SQLite database connection closed
