2026-01-14 00:03:08 - INFO - Logging initialized. Log file: pb2b/logs/bybit_scraper_20260114.log
2026-01-14 00:03:09 - INFO - DataSaver logging initialized. Log file: pb2b/logs/data_saver_20260114.log
2026-01-14 00:03:09 - INFO - Connected to SQLite database: pb2b/p2p_listings.db
2026-01-14 00:03:09 - INFO - Database tables created successfully
2026-01-14 00:03:09 - INFO - Attempt 1/10: Loading https://www.bybit.com/fiat/trade/otc?actionType=1&token=USDT&fiat=NGN
2026-01-14 00:03:18 - INFO - Screenshot saved as 'pb2b/screenshots/bybit_page_20260114_000318.png'
2026-01-14 00:03:18 - WARNING - Error parsing row: Message: no such element: Unable to locate element: {"method":"css selector","selector":"td:nth-child(2)"}
  (Session info: chrome=143.0.7499.192); For documentation on this error, please visit: https://www.selenium.dev/documentation/webdriver/troubleshooting/errors#nosuchelementexception
Stacktrace:
#0 0x55d9cf31c61a <unknown>
#1 0x55d9ced9920b <unknown>
#2 0x55d9cedea90f <unknown>
#3 0x55d9cedeab51 <unknown>
#4 0x55d9ceddeb76 <unknown>
#5 0x55d9ceddea67 <unknown>
#6 0x55d9cee3620e <unknown>
#7 0x55d9ceddd232 <unknown>
#8 0x55d9cedddee1 <unknown>
#9 0x55d9cf2e53f9 <unknown>
#10 0x55d9cf2e834d <unknown>
#11 0x55d9cf2ce122 <unknown>
#12 0x55d9cf2e8f2b <unknown>
#13 0x55d9cf2b4c30 <unknown>
#14 0x55d9cf309d78 <unknown>
#15 0x55d9cf309f4c <unknown>
#16 0x55d9cf31b973 <unknown>
#17 0x7f6942a9caa4 <unknown>
#18 0x7f6942b29c6c <unknown>

2026-01-14 00:03:18 - INFO - Fetching BUY listings for USDT/EUR
2026-01-14 00:03:19 - INFO - Data successfully saved to SQLite database. New listings - Bybit: 5, Binance: 6
2026-01-14 00:03:19 - INFO - Browser session closed
2026-01-14 00:03:19 - INFO - SQLite database connection closed
2026-01-14 02:34:26 - INFO - Logging initialized. Log file: pb2b/logs/bybit_scraper_20260114.log
2026-01-14 02:34:28 - INFO - DataSaver logging initialized. Log file: pb2b/logs/data_saver_20260114.log
2026-01-14 02:34:28 - INFO - Connected to SQLite database: pb2b/p2p_listings.db
2026-01-14 02:34:28 - INFO - Database tables created successfully
2026-01-14 02:34:28 - INFO - Attempt 1/10: Loading https://www.bybit.com/fiat/trade/otc?actionType=1&token=USDT&fiat=NGN
2026-01-14 02:34:38 - INFO - Screenshot saved as 'pb2b/screenshots/bybit_page_20260114_023438.png'
2026-01-14 02:34:38 - WARNING - Error parsing row: Message: no such element: Unable to locate element: {"method":"css selector","selector":"td:nth-child(2)"}
  (Session info: chrome=143.0.7499.192); For documentation on this error, please visit: https://www.selenium.dev/documentation/webdriver/troubleshooting/errors#nosuchelementexception
Stacktrace:
#0 0x5618bf6f261a <unknown>
#1 0x5618bf16f20b <unknown>
#2 0x5618bf1c090f <unknown>
#3 0x5618bf1c0b51 <unknown>
#4 0x5618bf1b4b76 <unknown>
#5 0x5618bf1b4a67 <unknown>
#6 0x5618bf20c20e <unknown>
#7 0x5618bf1b3232 <unknown>
#8 0x5618bf1b3ee1 <unknown>
#9 0x5618bf6bb3f9 <unknown>
#10 0x5618bf6be34d <unknown>
#11 0x5618bf6a4122 <unknown>
#12 0x5618bf6bef2b <unknown>
#13 0x5618bf68ac30 <unknown>
#14 0x5618bf6dfd78 <unknown>
#15 0x5618bf6dff4c <unknown>
#16 0x5618bf6f1973 <unknown>
#17 0x7f336a89caa4 <unknown>
#18 0x7f336a929c6c <unknown>

2026-01-14 02:34:38 - INFO - Fetching BUY listings for USDT/EUR
2026-01-14 02:34:39 - INFO - Data successfully saved to SQLite database. New listings - Bybit: 5, Binance: 6
2026-01-14 02:34:39 - INFO - Browser session closed
2026-01-14 02:34:39 - INFO - SQLite database connection closed
2026-01-14 04:06:15 - INFO - Logging initialized. Log file: pb2b/logs/bybit_scraper_20260114.log
2026-01-14 04:06:18 - INFO - DataSaver logging initialized. Log file: pb2b/logs/data_saver_20260114.log
2026-01-14 04:06:18 - INFO - Connected to SQLite database: pb2b/p2p_listings.db
2026-01-14 04:06:18 - INFO - Database tables created successfully
2026-01-14 04:06:18 - INFO - Attempt 1/10: Loading https://www.bybit.com/fiat/trade/otc?actionType=1&token=USDT&fiat=NGN
2026-01-14 04:06:25 - INFO - Screenshot saved as 'pb2b/screenshots/bybit_page_20260114_040625.png'
2026-01-14 04:06:25 - WARNING - Error parsing row: Message: no such element: Unable to locate element: {"method":"css selector","selector":"td:nth-child(2)"}
  (Session info: chrome=143.0.7499.192); For documentation on this error, please visit: https://www.selenium.dev/documentation/webdriver/troubleshooting/errors#nosuchelementexception
Stacktrace:
#0 0x55a5ab5e561a <unknown>
#1 0x55a5ab06220b <unknown>
#2 0x55a5ab0b390f <unknown>
#3 0x55a5ab0b3b51 <unknown>
#4 0x55a5ab0a7b76 <unknown>
#5 0x55a5ab0a7a67 <unknown>
#6 0x55a5ab0ff20e <unknown>
#7 0x55a5ab0a6232 <unknown>
#8 0x55a5ab0a6ee1 <unknown>
#9 0x55a5ab5ae3f9 <unknown>
#10 0x55a5ab5b134d <unknown>
#11 0x55a5ab597122 <unknown>
#12 0x55a5ab5b1f2b <unknown>
#13 0x55a5ab57dc30 <unknown>
#14 0x55a5ab5d2d78 <unknown>
#15 0x55a5ab5d2f4c <unknown>
#16 0x55a5ab5e4973 <unknown>
#17 0x7eff2209caa4 <unknown>
#18 0x7eff22129c6c <unknown>

2026-01-14 04:06:26 - INFO - Fetching BUY listings for USDT/EUR
2026-01-14 04:06:26 - INFO - Data successfully saved to SQLite database. New listings - Bybit: 5, Binance: 6
2026-01-14 04:06:27 - INFO - Browser session closed
2026-01-14 04:06:27 - INFO - SQLite database connection closed
2026-01-14 04:59:19 - INFO - Logging initialized. Log file: pb2b/logs/bybit_scraper_20260114.log
2026-01-14 04:59:20 - INFO - DataSaver logging initialized. Log file: pb2b/logs/data_saver_20260114.log
2026-01-14 04:59:20 - INFO - Connected to SQLite database: pb2b/p2p_listings.db
2026-01-14 04:59:20 - INFO - Database tables created successfully
2026-01-14 04:59:20 - INFO - Attempt 1/10: Loading https://www.bybit.com/fiat/trade/otc?actionType=1&token=USDT&fiat=NGN
2026-01-14 04:59:28 - INFO - Screenshot saved as 'pb2b/screenshots/bybit_page_20260114_045928.png'
2026-01-14 04:59:28 - WARNING - Error parsing row: Message: no such element: Unable to locate element: {"method":"css selector","selector":"td:nth-child(2)"}
  (Session info: chrome=143.0.7499.192); For documentation on this error, please visit: https://www.selenium.dev/documentation/webdriver/troubleshooting/errors#nosuchelementexception
Stacktrace:
#0 0x565295ec761a <unknown>
#1 0x56529594420b <unknown>
#2 0x56529599590f <unknown>
#3 0x565295995b51 <unknown>
#4 0x565295989b76 <unknown>
#5 0x565295989a67 <unknown>
#6 0x5652959e120e <unknown>
#7 0x565295988232 <unknown>
#8 0x565295988ee1 <unknown>
#9 0x565295e903f9 <unknown>
#10 0x565295e9334d <unknown>
#11 0x565295e79122 <unknown>
#12 0x565295e93f2b <unknown>
#13 0x565295e5fc30 <unknown>
#14 0x565295eb4d78 <unknown>
#15 0x565295eb4f4c <unknown>
#16 0x565295ec6973 <unknown>
#17 0x7f9bd209caa4 <unknown>
#18 0x7f9bd2129c6c <unknown>

2026-01-14 04:59:28 - INFO - Fetching BUY listings for USDT/EUR
2026-01-14 04:59:29 - INFO - Data successfully saved to SQLite database. New listings - Bybit: 5, Binance: 6
2026-01-14 04:59:29 - INFO - Browser session closed
2026-01-14 04:59:29 - INFO - SQLite database connection closed
2026-01-14 05:38:05 - INFO - Logging initialized. Log file: pb2b/logs/bybit_scraper_20260114.log
2026-01-14 05:38:06 - INFO - DataSaver logging initialized. Log file: pb2b/logs/data_saver_20260114.log
2026-01-14 05:38:06 - INFO - Connected to SQLite database: pb2b/p2p_listings.db
2026-01-14 05:38:06 - INFO - Database tables created successfully
2026-01-14 05:38:06 - INFO - Attempt 1/10: Loading https://www.bybit.com/fiat/trade/otc?actionType=1&token=USDT&fiat=NGN
2026-01-14 05:38:14 - INFO - Screenshot saved as 'pb2b/screenshots/bybit_page_20260114_053814.png'
2026-01-14 05:38:14 - WARNING - Error parsing row: Message: no such element: Unable to locate element: {"method":"css selector","selector":"td:nth-child(2)"}
  (Session info: chrome=143.0.7499.192); For documentation on this error, please visit: https://www.selenium.dev/documentation/webdriver/troubleshooting/errors#nosuchelementexception
Stacktrace:
#0 0x55c4e5dfd61a <unknown>
#1 0x55c4e587a20b <unknown>
#2 0x55c4e58cb90f <unknown>
#3 0x55c4e58cbb51 <unknown>
#4 0x55c4e58bfb76 <unknown>
#5 0x55c4e58bfa67 <unknown>
#6 0x55c4e591720e <unknown>
#7 0x55c4e58be232 <unknown>
#8 0x55c4e58beee1 <unknown>
#9 0x55c4e5dc63f9 <unknown>
#10 0x55c4e5dc934d <unknown>
#11 0x55c4e5daf122 <unknown>
#12 0x55c4e5dc9f2b <unknown>
#13 0x55c4e5d95c30 <unknown>
#14 0x55c4e5dead78 <unknown>
#15 0x55c4e5deaf4c <unknown>
#16 0x55c4e5dfc973 <unknown>
#17 0x7f05f029caa4 <unknown>
#18 0x7f05f0329c6c <unknown>

2026-01-14 05:38:15 - INFO - Fetching BUY listings for USDT/EUR
2026-01-14 05:38:20 - INFO - Data successfully saved to SQLite database. New listings - Bybit: 5, Binance: 6
2026-01-14 05:38:20 - INFO - Browser session closed
2026-01-14 05:38:20 - INFO - SQLite database connection closed
