2025-07-17 00:02:34 - INFO - Logging initialized. Log file: pb2b/logs/bybit_scraper_20250717.log
2025-07-17 00:02:35 - INFO - DataSaver logging initialized. Log file: pb2b/logs/data_saver_20250717.log
2025-07-17 00:02:35 - INFO - Connected to SQLite database: pb2b/p2p_listings.db
2025-07-17 00:02:35 - INFO - Database tables created successfully
2025-07-17 00:02:35 - INFO - Attempt 1/10: Loading https://www.bybit.com/fiat/trade/otc?actionType=1&token=USDT&fiat=NGN
2025-07-17 00:02:44 - INFO - Screenshot saved as 'pb2b/screenshots/bybit_page_20250717_000244.png'
2025-07-17 00:02:44 - INFO - Fetching BUY listings for USDT/EUR
2025-07-17 00:02:45 - INFO - Data successfully saved to SQLite database. New listings - Bybit: 4, Binance: 6
2025-07-17 00:02:45 - INFO - Browser session closed
2025-07-17 00:02:45 - INFO - SQLite database connection closed
2025-07-17 02:28:52 - INFO - Logging initialized. Log file: pb2b/logs/bybit_scraper_20250717.log
2025-07-17 02:28:54 - INFO - DataSaver logging initialized. Log file: pb2b/logs/data_saver_20250717.log
2025-07-17 02:28:54 - INFO - Connected to SQLite database: pb2b/p2p_listings.db
2025-07-17 02:28:54 - INFO - Database tables created successfully
2025-07-17 02:28:54 - INFO - Attempt 1/10: Loading https://www.bybit.com/fiat/trade/otc?actionType=1&token=USDT&fiat=NGN
2025-07-17 02:29:03 - INFO - Screenshot saved as 'pb2b/screenshots/bybit_page_20250717_022903.png'
2025-07-17 02:29:03 - INFO - Fetching BUY listings for USDT/EUR
2025-07-17 02:29:04 - INFO - Data successfully saved to SQLite database. New listings - Bybit: 4, Binance: 6
2025-07-17 02:29:04 - INFO - Browser session closed
2025-07-17 02:29:04 - INFO - SQLite database connection closed
2025-07-17 03:51:03 - INFO - Logging initialized. Log file: pb2b/logs/bybit_scraper_20250717.log
2025-07-17 03:51:04 - INFO - DataSaver logging initialized. Log file: pb2b/logs/data_saver_20250717.log
2025-07-17 03:51:04 - INFO - Connected to SQLite database: pb2b/p2p_listings.db
2025-07-17 03:51:04 - INFO - Database tables created successfully
2025-07-17 03:51:04 - INFO - Attempt 1/10: Loading https://www.bybit.com/fiat/trade/otc?actionType=1&token=USDT&fiat=NGN
2025-07-17 03:51:14 - INFO - Screenshot saved as 'pb2b/screenshots/bybit_page_20250717_035114.png'
2025-07-17 03:51:14 - INFO - Fetching BUY listings for USDT/EUR
2025-07-17 03:51:15 - INFO - Data successfully saved to SQLite database. New listings - Bybit: 4, Binance: 6
2025-07-17 03:51:15 - INFO - Browser session closed
2025-07-17 03:51:15 - INFO - SQLite database connection closed
