2025-03-14 01:55:27 - INFO - Logging initialized. Log file: pb2b/logs/bybit_scraper_20250314.log
2025-03-14 01:55:27 - INFO - DataSaver logging initialized. Log file: pb2b/logs/data_saver_20250314.log
2025-03-14 01:55:27 - INFO - Connected to SQLite database: pb2b/p2p_listings.db
2025-03-14 01:55:27 - INFO - Database tables created successfully
2025-03-14 01:55:27 - INFO - Attempt 1/10: Loading https://www.bybit.com/fiat/trade/otc?actionType=1&token=USDT&fiat=NGN
2025-03-14 01:55:37 - INFO - Screenshot saved as 'pb2b/screenshots/bybit_page_20250314_015537.png'
2025-03-14 01:55:37 - INFO - Fetching BUY listings for USDT/EUR
2025-03-14 01:55:38 - INFO - Data successfully saved to SQLite database. New listings - Bybit: 4, Binance: 6
2025-03-14 01:55:38 - INFO - Browser session closed
2025-03-14 01:55:38 - INFO - SQLite database connection closed
2025-03-14 02:57:46 - INFO - Logging initialized. Log file: pb2b/logs/bybit_scraper_20250314.log
2025-03-14 02:57:47 - INFO - DataSaver logging initialized. Log file: pb2b/logs/data_saver_20250314.log
2025-03-14 02:57:47 - INFO - Connected to SQLite database: pb2b/p2p_listings.db
2025-03-14 02:57:47 - INFO - Database tables created successfully
2025-03-14 02:57:47 - INFO - Attempt 1/10: Loading https://www.bybit.com/fiat/trade/otc?actionType=1&token=USDT&fiat=NGN
2025-03-14 02:57:57 - INFO - Screenshot saved as 'pb2b/screenshots/bybit_page_20250314_025757.png'
2025-03-14 02:57:58 - INFO - Fetching BUY listings for USDT/EUR
2025-03-14 02:57:58 - INFO - Data successfully saved to SQLite database. New listings - Bybit: 4, Binance: 6
2025-03-14 02:57:58 - INFO - Browser session closed
2025-03-14 02:57:58 - INFO - SQLite database connection closed
