2026-03-25 10:36:05 - INFO - Logging initialized. Log file: pb2b/logs/bybit_scraper_20260325.log
2026-03-25 10:36:09 - INFO - DataSaver logging initialized. Log file: pb2b/logs/data_saver_20260325.log
2026-03-25 10:36:09 - INFO - Connected to SQLite database: pb2b/p2p_listings.db
2026-03-25 10:36:09 - INFO - Database tables created successfully
2026-03-25 10:36:09 - INFO - Attempt 1/10: Loading https://www.bybit.com/fiat/trade/otc?actionType=1&token=USDT&fiat=NGN
2026-03-25 10:36:17 - INFO - Screenshot saved as 'pb2b/screenshots/bybit_page_20260325_103616.png'
2026-03-25 10:36:17 - WARNING - Error parsing row: Message: no such element: Unable to locate element: {"method":"css selector","selector":"td:nth-child(2)"}
  (Session info: chrome=146.0.7680.164); For documentation on this error, please visit: https://www.selenium.dev/documentation/webdriver/troubleshooting/errors#nosuchelementexception
Stacktrace:
#0 0x558566827a6a <unknown>
#1 0x558566236ab5 <unknown>
#2 0x558566289676 <unknown>
#3 0x5585662898b1 <unknown>
#4 0x55856627e616 <unknown>
#5 0x55856627e4f7 <unknown>
#6 0x5585662d17b6 <unknown>
#7 0x55856627ccbf <unknown>
#8 0x55856627da81 <unknown>
#9 0x5585667eda64 <unknown>
#10 0x5585667f0951 <unknown>
#11 0x5585667da21e <unknown>
#12 0x5585667f151e <unknown>
#13 0x5585667c0be0 <unknown>
#14 0x5585668149b8 <unknown>
#15 0x558566814b88 <unknown>
#16 0x5585668264de <unknown>
#17 0x7fc4c529caa4 <unknown>
#18 0x7fc4c5329c6c <unknown>

2026-03-25 10:36:17 - WARNING - Error parsing row: Message: no such element: Unable to locate element: {"method":"css selector","selector":"td:nth-child(2)"}
  (Session info: chrome=146.0.7680.164); For documentation on this error, please visit: https://www.selenium.dev/documentation/webdriver/troubleshooting/errors#nosuchelementexception
Stacktrace:
#0 0x558566827a6a <unknown>
#1 0x558566236ab5 <unknown>
#2 0x558566289676 <unknown>
#3 0x5585662898b1 <unknown>
#4 0x55856627e616 <unknown>
#5 0x55856627e4f7 <unknown>
#6 0x5585662d17b6 <unknown>
#7 0x55856627ccbf <unknown>
#8 0x55856627da81 <unknown>
#9 0x5585667eda64 <unknown>
#10 0x5585667f0951 <unknown>
#11 0x5585667da21e <unknown>
#12 0x5585667f151e <unknown>
#13 0x5585667c0be0 <unknown>
#14 0x5585668149b8 <unknown>
#15 0x558566814b88 <unknown>
#16 0x5585668264de <unknown>
#17 0x7fc4c529caa4 <unknown>
#18 0x7fc4c5329c6c <unknown>

2026-03-25 10:36:17 - INFO - Fetching BUY listings for USDT/EUR
2026-03-25 10:36:21 - INFO - Data successfully saved to SQLite database. New listings - Bybit: 4, Binance: 6
2026-03-25 10:36:21 - INFO - Browser session closed
2026-03-25 10:36:21 - INFO - SQLite database connection closed
