2026-04-29 00:16:23 - INFO - Logging initialized. Log file: pb2b/logs/bybit_scraper_20260429.log
2026-04-29 00:16:24 - INFO - DataSaver logging initialized. Log file: pb2b/logs/data_saver_20260429.log
2026-04-29 00:16:24 - INFO - Connected to SQLite database: pb2b/p2p_listings.db
2026-04-29 00:16:24 - INFO - Database tables created successfully
2026-04-29 00:16:24 - INFO - Attempt 1/10: Loading https://www.bybit.com/fiat/trade/otc?actionType=1&token=USDT&fiat=NGN
2026-04-29 00:16:33 - INFO - Screenshot saved as 'pb2b/screenshots/bybit_page_20260429_001633.png'
2026-04-29 00:16:33 - WARNING - Error parsing row: Message: no such element: Unable to locate element: {"method":"css selector","selector":"td:nth-child(2)"}
  (Session info: chrome=147.0.7727.137); For documentation on this error, please visit: https://www.selenium.dev/documentation/webdriver/troubleshooting/errors#nosuchelementexception
Stacktrace:
#0 0x55899317db6a <unknown>
#1 0x558992b7f265 <unknown>
#2 0x558992bd1f76 <unknown>
#3 0x558992bd21b1 <unknown>
#4 0x558992bc6f26 <unknown>
#5 0x558992bc6e07 <unknown>
#6 0x558992c1a969 <unknown>
#7 0x558992bc55cf <unknown>
#8 0x558992bc6391 <unknown>
#9 0x55899314304b <unknown>
#10 0x55899314600d <unknown>
#11 0x55899312f808 <unknown>
#12 0x558993146ba0 <unknown>
#13 0x558993116280 <unknown>
#14 0x55899316adb8 <unknown>
#15 0x55899316af88 <unknown>
#16 0x55899317c5de <unknown>
#17 0x7f4a0349caa4 <unknown>
#18 0x7f4a03529c6c <unknown>

2026-04-29 00:16:33 - WARNING - Error parsing row: Message: no such element: Unable to locate element: {"method":"css selector","selector":"td:nth-child(2)"}
  (Session info: chrome=147.0.7727.137); For documentation on this error, please visit: https://www.selenium.dev/documentation/webdriver/troubleshooting/errors#nosuchelementexception
Stacktrace:
#0 0x55899317db6a <unknown>
#1 0x558992b7f265 <unknown>
#2 0x558992bd1f76 <unknown>
#3 0x558992bd21b1 <unknown>
#4 0x558992bc6f26 <unknown>
#5 0x558992bc6e07 <unknown>
#6 0x558992c1a969 <unknown>
#7 0x558992bc55cf <unknown>
#8 0x558992bc6391 <unknown>
#9 0x55899314304b <unknown>
#10 0x55899314600d <unknown>
#11 0x55899312f808 <unknown>
#12 0x558993146ba0 <unknown>
#13 0x558993116280 <unknown>
#14 0x55899316adb8 <unknown>
#15 0x55899316af88 <unknown>
#16 0x55899317c5de <unknown>
#17 0x7f4a0349caa4 <unknown>
#18 0x7f4a03529c6c <unknown>

2026-04-29 00:16:34 - INFO - Fetching BUY listings for USDT/EUR
2026-04-29 00:16:35 - INFO - Data successfully saved to SQLite database. New listings - Bybit: 3, Binance: 6
2026-04-29 00:16:35 - INFO - Browser session closed
2026-04-29 00:16:35 - INFO - SQLite database connection closed
