2025-02-28 00:50:16 - INFO - Logging initialized. Log file: pb2b/logs/bybit_scraper_20250228.log
2025-02-28 00:50:16 - INFO - DataSaver logging initialized. Log file: pb2b/logs/data_saver_20250228.log
2025-02-28 00:50:16 - INFO - Connected to SQLite database: pb2b/p2p_listings.db
2025-02-28 00:50:16 - INFO - Database tables created successfully
2025-02-28 00:50:16 - INFO - Attempt 1/10: Loading https://www.bybit.com/fiat/trade/otc?actionType=1&token=USDT&fiat=NGN
2025-02-28 00:50:26 - INFO - Screenshot saved as 'pb2b/screenshots/bybit_page_20250228_005026.png'
2025-02-28 00:50:26 - INFO - Fetching BUY listings for USDT/EUR
2025-02-28 00:50:27 - INFO - Data successfully saved to SQLite database. New listings - Bybit: 4, Binance: 6
2025-02-28 00:50:27 - INFO - Browser session closed
2025-02-28 00:50:27 - INFO - SQLite database connection closed
2025-02-28 02:17:27 - INFO - Logging initialized. Log file: pb2b/logs/bybit_scraper_20250228.log
2025-02-28 02:17:27 - INFO - DataSaver logging initialized. Log file: pb2b/logs/data_saver_20250228.log
2025-02-28 02:17:27 - INFO - Connected to SQLite database: pb2b/p2p_listings.db
2025-02-28 02:17:27 - INFO - Database tables created successfully
2025-02-28 02:17:27 - INFO - Attempt 1/10: Loading https://www.bybit.com/fiat/trade/otc?actionType=1&token=USDT&fiat=NGN
2025-02-28 02:17:38 - INFO - Screenshot saved as 'pb2b/screenshots/bybit_page_20250228_021737.png'
2025-02-28 02:17:38 - INFO - Fetching BUY listings for USDT/EUR
2025-02-28 02:17:39 - INFO - Data successfully saved to SQLite database. New listings - Bybit: 4, Binance: 6
2025-02-28 02:17:39 - INFO - Browser session closed
2025-02-28 02:17:39 - INFO - SQLite database connection closed
2025-02-28 03:04:08 - INFO - Logging initialized. Log file: pb2b/logs/bybit_scraper_20250228.log
2025-02-28 03:04:09 - INFO - DataSaver logging initialized. Log file: pb2b/logs/data_saver_20250228.log
2025-02-28 03:04:09 - INFO - Connected to SQLite database: pb2b/p2p_listings.db
2025-02-28 03:04:09 - INFO - Database tables created successfully
2025-02-28 03:04:09 - INFO - Attempt 1/10: Loading https://www.bybit.com/fiat/trade/otc?actionType=1&token=USDT&fiat=NGN
2025-02-28 03:04:18 - INFO - Screenshot saved as 'pb2b/screenshots/bybit_page_20250228_030418.png'
2025-02-28 03:04:19 - INFO - Fetching BUY listings for USDT/EUR
2025-02-28 03:04:19 - INFO - Data successfully saved to SQLite database. New listings - Bybit: 4, Binance: 6
2025-02-28 03:04:19 - INFO - Browser session closed
2025-02-28 03:04:19 - INFO - SQLite database connection closed
2025-02-28 03:35:35 - INFO - Logging initialized. Log file: pb2b/logs/bybit_scraper_20250228.log
2025-02-28 03:35:36 - INFO - DataSaver logging initialized. Log file: pb2b/logs/data_saver_20250228.log
2025-02-28 03:35:36 - INFO - Connected to SQLite database: pb2b/p2p_listings.db
2025-02-28 03:35:36 - INFO - Database tables created successfully
2025-02-28 03:35:36 - INFO - Attempt 1/10: Loading https://www.bybit.com/fiat/trade/otc?actionType=1&token=USDT&fiat=NGN
2025-02-28 03:35:46 - INFO - Screenshot saved as 'pb2b/screenshots/bybit_page_20250228_033545.png'
2025-02-28 03:35:46 - INFO - Fetching BUY listings for USDT/EUR
2025-02-28 03:35:47 - INFO - Data successfully saved to SQLite database. New listings - Bybit: 4, Binance: 6
2025-02-28 03:35:47 - INFO - Browser session closed
2025-02-28 03:35:47 - INFO - SQLite database connection closed
2025-02-28 03:50:34 - INFO - Logging initialized. Log file: pb2b/logs/bybit_scraper_20250228.log
2025-02-28 03:50:35 - INFO - DataSaver logging initialized. Log file: pb2b/logs/data_saver_20250228.log
2025-02-28 03:50:35 - INFO - Connected to SQLite database: pb2b/p2p_listings.db
2025-02-28 03:50:35 - INFO - Database tables created successfully
2025-02-28 03:50:35 - INFO - Attempt 1/10: Loading https://www.bybit.com/fiat/trade/otc?actionType=1&token=USDT&fiat=NGN
2025-02-28 03:50:44 - INFO - Screenshot saved as 'pb2b/screenshots/bybit_page_20250228_035044.png'
2025-02-28 03:50:44 - INFO - Fetching BUY listings for USDT/EUR
2025-02-28 03:50:45 - INFO - Data successfully saved to SQLite database. New listings - Bybit: 4, Binance: 6
2025-02-28 03:50:45 - INFO - Browser session closed
2025-02-28 03:50:45 - INFO - SQLite database connection closed
2025-02-28 04:15:10 - INFO - Logging initialized. Log file: pb2b/logs/bybit_scraper_20250228.log
2025-02-28 04:15:10 - INFO - DataSaver logging initialized. Log file: pb2b/logs/data_saver_20250228.log
2025-02-28 04:15:10 - INFO - Connected to SQLite database: pb2b/p2p_listings.db
2025-02-28 04:15:10 - INFO - Database tables created successfully
2025-02-28 04:15:10 - INFO - Attempt 1/10: Loading https://www.bybit.com/fiat/trade/otc?actionType=1&token=USDT&fiat=NGN
2025-02-28 04:15:21 - INFO - Screenshot saved as 'pb2b/screenshots/bybit_page_20250228_041521.png'
2025-02-28 04:15:22 - INFO - Fetching BUY listings for USDT/EUR
2025-02-28 04:15:22 - INFO - Data successfully saved to SQLite database. New listings - Bybit: 4, Binance: 6
2025-02-28 04:15:22 - INFO - Browser session closed
2025-02-28 04:15:22 - INFO - SQLite database connection closed
2025-02-28 04:38:59 - INFO - Logging initialized. Log file: pb2b/logs/bybit_scraper_20250228.log
2025-02-28 04:39:00 - INFO - DataSaver logging initialized. Log file: pb2b/logs/data_saver_20250228.log
2025-02-28 04:39:00 - INFO - Connected to SQLite database: pb2b/p2p_listings.db
2025-02-28 04:39:00 - INFO - Database tables created successfully
2025-02-28 04:39:00 - INFO - Attempt 1/10: Loading https://www.bybit.com/fiat/trade/otc?actionType=1&token=USDT&fiat=NGN
2025-02-28 04:39:09 - INFO - Screenshot saved as 'pb2b/screenshots/bybit_page_20250228_043908.png'
2025-02-28 04:39:09 - INFO - Fetching BUY listings for USDT/EUR
2025-02-28 04:39:09 - INFO - Data successfully saved to SQLite database. New listings - Bybit: 4, Binance: 6
2025-02-28 04:39:10 - INFO - Browser session closed
2025-02-28 04:39:10 - INFO - SQLite database connection closed
2025-02-28 04:52:14 - INFO - Logging initialized. Log file: pb2b/logs/bybit_scraper_20250228.log
2025-02-28 04:52:15 - INFO - DataSaver logging initialized. Log file: pb2b/logs/data_saver_20250228.log
2025-02-28 04:52:15 - INFO - Connected to SQLite database: pb2b/p2p_listings.db
2025-02-28 04:52:15 - INFO - Database tables created successfully
2025-02-28 04:52:15 - INFO - Attempt 1/10: Loading https://www.bybit.com/fiat/trade/otc?actionType=1&token=USDT&fiat=NGN
2025-02-28 04:52:26 - INFO - Screenshot saved as 'pb2b/screenshots/bybit_page_20250228_045225.png'
2025-02-28 04:52:26 - INFO - Fetching BUY listings for USDT/EUR
2025-02-28 04:52:27 - INFO - Data successfully saved to SQLite database. New listings - Bybit: 4, Binance: 6
2025-02-28 04:52:27 - INFO - Browser session closed
2025-02-28 04:52:27 - INFO - SQLite database connection closed
2025-02-28 05:16:19 - INFO - Logging initialized. Log file: pb2b/logs/bybit_scraper_20250228.log
2025-02-28 05:16:20 - INFO - DataSaver logging initialized. Log file: pb2b/logs/data_saver_20250228.log
2025-02-28 05:16:20 - INFO - Connected to SQLite database: pb2b/p2p_listings.db
2025-02-28 05:16:20 - INFO - Database tables created successfully
2025-02-28 05:16:20 - INFO - Attempt 1/10: Loading https://www.bybit.com/fiat/trade/otc?actionType=1&token=USDT&fiat=NGN
2025-02-28 05:16:30 - INFO - Screenshot saved as 'pb2b/screenshots/bybit_page_20250228_051629.png'
2025-02-28 05:16:30 - INFO - Fetching BUY listings for USDT/EUR
2025-02-28 05:16:31 - INFO - Data successfully saved to SQLite database. New listings - Bybit: 4, Binance: 6
2025-02-28 05:16:31 - INFO - Browser session closed
2025-02-28 05:16:31 - INFO - SQLite database connection closed
2025-02-28 05:37:21 - INFO - Logging initialized. Log file: pb2b/logs/bybit_scraper_20250228.log
2025-02-28 05:37:22 - INFO - DataSaver logging initialized. Log file: pb2b/logs/data_saver_20250228.log
2025-02-28 05:37:22 - INFO - Connected to SQLite database: pb2b/p2p_listings.db
2025-02-28 05:37:22 - INFO - Database tables created successfully
2025-02-28 05:37:22 - INFO - Attempt 1/10: Loading https://www.bybit.com/fiat/trade/otc?actionType=1&token=USDT&fiat=NGN
2025-02-28 05:37:31 - INFO - Screenshot saved as 'pb2b/screenshots/bybit_page_20250228_053731.png'
2025-02-28 05:37:32 - INFO - Fetching BUY listings for USDT/EUR
2025-02-28 05:37:33 - INFO - Data successfully saved to SQLite database. New listings - Bybit: 4, Binance: 6
2025-02-28 05:37:33 - INFO - Browser session closed
2025-02-28 05:37:33 - INFO - SQLite database connection closed
2025-02-28 05:50:32 - INFO - Logging initialized. Log file: pb2b/logs/bybit_scraper_20250228.log
2025-02-28 05:50:33 - INFO - DataSaver logging initialized. Log file: pb2b/logs/data_saver_20250228.log
2025-02-28 05:50:33 - INFO - Connected to SQLite database: pb2b/p2p_listings.db
2025-02-28 05:50:33 - INFO - Database tables created successfully
2025-02-28 05:50:33 - INFO - Attempt 1/10: Loading https://www.bybit.com/fiat/trade/otc?actionType=1&token=USDT&fiat=NGN
2025-02-28 05:50:44 - INFO - Screenshot saved as 'pb2b/screenshots/bybit_page_20250228_055043.png'
2025-02-28 05:50:44 - INFO - Fetching BUY listings for USDT/EUR
2025-02-28 05:50:44 - INFO - Data successfully saved to SQLite database. New listings - Bybit: 4, Binance: 6
2025-02-28 05:50:45 - INFO - Browser session closed
2025-02-28 05:50:45 - INFO - SQLite database connection closed
2025-02-28 06:17:01 - INFO - Logging initialized. Log file: pb2b/logs/bybit_scraper_20250228.log
2025-02-28 06:17:02 - INFO - DataSaver logging initialized. Log file: pb2b/logs/data_saver_20250228.log
2025-02-28 06:17:02 - INFO - Connected to SQLite database: pb2b/p2p_listings.db
2025-02-28 06:17:02 - INFO - Database tables created successfully
2025-02-28 06:17:02 - INFO - Attempt 1/10: Loading https://www.bybit.com/fiat/trade/otc?actionType=1&token=USDT&fiat=NGN
2025-02-28 06:17:12 - INFO - Screenshot saved as 'pb2b/screenshots/bybit_page_20250228_061712.png'
2025-02-28 06:17:12 - INFO - Fetching BUY listings for USDT/EUR
2025-02-28 06:17:13 - INFO - Data successfully saved to SQLite database. New listings - Bybit: 4, Binance: 6
2025-02-28 06:17:13 - INFO - Browser session closed
2025-02-28 06:17:13 - INFO - SQLite database connection closed
2025-02-28 06:42:29 - INFO - Logging initialized. Log file: pb2b/logs/bybit_scraper_20250228.log
2025-02-28 06:42:29 - INFO - DataSaver logging initialized. Log file: pb2b/logs/data_saver_20250228.log
2025-02-28 06:42:29 - INFO - Connected to SQLite database: pb2b/p2p_listings.db
2025-02-28 06:42:29 - INFO - Database tables created successfully
2025-02-28 06:42:29 - INFO - Attempt 1/10: Loading https://www.bybit.com/fiat/trade/otc?actionType=1&token=USDT&fiat=NGN
2025-02-28 06:42:38 - INFO - Screenshot saved as 'pb2b/screenshots/bybit_page_20250228_064238.png'
2025-02-28 06:42:39 - INFO - Fetching BUY listings for USDT/EUR
2025-02-28 06:42:39 - INFO - Data successfully saved to SQLite database. New listings - Bybit: 4, Binance: 6
2025-02-28 06:42:39 - INFO - Browser session closed
2025-02-28 06:42:39 - INFO - SQLite database connection closed
