2026-04-01 03:01:13 - INFO - Logging initialized. Log file: pb2b/logs/bybit_scraper_20260401.log
2026-04-01 03:01:13 - INFO - DataSaver logging initialized. Log file: pb2b/logs/data_saver_20260401.log
2026-04-01 03:01:13 - INFO - Connected to SQLite database: pb2b/p2p_listings.db
2026-04-01 03:01:13 - INFO - Database tables created successfully
2026-04-01 03:01:13 - INFO - Attempt 1/10: Loading https://www.bybit.com/fiat/trade/otc?actionType=1&token=USDT&fiat=NGN
2026-04-01 03:01:21 - INFO - Screenshot saved as 'pb2b/screenshots/bybit_page_20260401_030121.png'
2026-04-01 03:01:21 - WARNING - Error parsing row: Message: no such element: Unable to locate element: {"method":"css selector","selector":"td:nth-child(2)"}
  (Session info: chrome=146.0.7680.177); For documentation on this error, please visit: https://www.selenium.dev/documentation/webdriver/troubleshooting/errors#nosuchelementexception
Stacktrace:
#0 0x55d427528a6a <unknown>
#1 0x55d426f37ab5 <unknown>
#2 0x55d426f8a676 <unknown>
#3 0x55d426f8a8b1 <unknown>
#4 0x55d426f7f616 <unknown>
#5 0x55d426f7f4f7 <unknown>
#6 0x55d426fd27b6 <unknown>
#7 0x55d426f7dcbf <unknown>
#8 0x55d426f7ea81 <unknown>
#9 0x55d4274eea64 <unknown>
#10 0x55d4274f1951 <unknown>
#11 0x55d4274db21e <unknown>
#12 0x55d4274f251e <unknown>
#13 0x55d4274c1be0 <unknown>
#14 0x55d4275159b8 <unknown>
#15 0x55d427515b88 <unknown>
#16 0x55d4275274de <unknown>
#17 0x7f121a89caa4 <unknown>
#18 0x7f121a929c6c <unknown>

2026-04-01 03:01:21 - WARNING - Error parsing row: Message: no such element: Unable to locate element: {"method":"css selector","selector":"td:nth-child(2)"}
  (Session info: chrome=146.0.7680.177); For documentation on this error, please visit: https://www.selenium.dev/documentation/webdriver/troubleshooting/errors#nosuchelementexception
Stacktrace:
#0 0x55d427528a6a <unknown>
#1 0x55d426f37ab5 <unknown>
#2 0x55d426f8a676 <unknown>
#3 0x55d426f8a8b1 <unknown>
#4 0x55d426f7f616 <unknown>
#5 0x55d426f7f4f7 <unknown>
#6 0x55d426fd27b6 <unknown>
#7 0x55d426f7dcbf <unknown>
#8 0x55d426f7ea81 <unknown>
#9 0x55d4274eea64 <unknown>
#10 0x55d4274f1951 <unknown>
#11 0x55d4274db21e <unknown>
#12 0x55d4274f251e <unknown>
#13 0x55d4274c1be0 <unknown>
#14 0x55d4275159b8 <unknown>
#15 0x55d427515b88 <unknown>
#16 0x55d4275274de <unknown>
#17 0x7f121a89caa4 <unknown>
#18 0x7f121a929c6c <unknown>

2026-04-01 03:01:22 - INFO - Fetching BUY listings for USDT/EUR
2026-04-01 03:01:22 - INFO - Data successfully saved to SQLite database. New listings - Bybit: 4, Binance: 6
2026-04-01 03:01:22 - INFO - Browser session closed
2026-04-01 03:01:22 - INFO - SQLite database connection closed
2026-04-01 05:35:21 - INFO - Logging initialized. Log file: pb2b/logs/bybit_scraper_20260401.log
2026-04-01 05:35:22 - INFO - DataSaver logging initialized. Log file: pb2b/logs/data_saver_20260401.log
2026-04-01 05:35:22 - INFO - Connected to SQLite database: pb2b/p2p_listings.db
2026-04-01 05:35:22 - INFO - Database tables created successfully
2026-04-01 05:35:22 - INFO - Attempt 1/10: Loading https://www.bybit.com/fiat/trade/otc?actionType=1&token=USDT&fiat=NGN
2026-04-01 05:35:29 - INFO - Screenshot saved as 'pb2b/screenshots/bybit_page_20260401_053529.png'
2026-04-01 05:35:29 - WARNING - Error parsing row: Message: no such element: Unable to locate element: {"method":"css selector","selector":"td:nth-child(2)"}
  (Session info: chrome=146.0.7680.177); For documentation on this error, please visit: https://www.selenium.dev/documentation/webdriver/troubleshooting/errors#nosuchelementexception
Stacktrace:
#0 0x55bb1d4eba6a <unknown>
#1 0x55bb1cefaab5 <unknown>
#2 0x55bb1cf4d676 <unknown>
#3 0x55bb1cf4d8b1 <unknown>
#4 0x55bb1cf42616 <unknown>
#5 0x55bb1cf424f7 <unknown>
#6 0x55bb1cf957b6 <unknown>
#7 0x55bb1cf40cbf <unknown>
#8 0x55bb1cf41a81 <unknown>
#9 0x55bb1d4b1a64 <unknown>
#10 0x55bb1d4b4951 <unknown>
#11 0x55bb1d49e21e <unknown>
#12 0x55bb1d4b551e <unknown>
#13 0x55bb1d484be0 <unknown>
#14 0x55bb1d4d89b8 <unknown>
#15 0x55bb1d4d8b88 <unknown>
#16 0x55bb1d4ea4de <unknown>
#17 0x7fa7b6a9caa4 <unknown>
#18 0x7fa7b6b29c6c <unknown>

2026-04-01 05:35:29 - WARNING - Error parsing row: Message: no such element: Unable to locate element: {"method":"css selector","selector":"td:nth-child(2)"}
  (Session info: chrome=146.0.7680.177); For documentation on this error, please visit: https://www.selenium.dev/documentation/webdriver/troubleshooting/errors#nosuchelementexception
Stacktrace:
#0 0x55bb1d4eba6a <unknown>
#1 0x55bb1cefaab5 <unknown>
#2 0x55bb1cf4d676 <unknown>
#3 0x55bb1cf4d8b1 <unknown>
#4 0x55bb1cf42616 <unknown>
#5 0x55bb1cf424f7 <unknown>
#6 0x55bb1cf957b6 <unknown>
#7 0x55bb1cf40cbf <unknown>
#8 0x55bb1cf41a81 <unknown>
#9 0x55bb1d4b1a64 <unknown>
#10 0x55bb1d4b4951 <unknown>
#11 0x55bb1d49e21e <unknown>
#12 0x55bb1d4b551e <unknown>
#13 0x55bb1d484be0 <unknown>
#14 0x55bb1d4d89b8 <unknown>
#15 0x55bb1d4d8b88 <unknown>
#16 0x55bb1d4ea4de <unknown>
#17 0x7fa7b6a9caa4 <unknown>
#18 0x7fa7b6b29c6c <unknown>

2026-04-01 05:35:29 - INFO - Fetching BUY listings for USDT/EUR
2026-04-01 05:35:30 - INFO - Data successfully saved to SQLite database. New listings - Bybit: 4, Binance: 6
2026-04-01 05:35:30 - INFO - Browser session closed
2026-04-01 05:35:30 - INFO - SQLite database connection closed
