2025-05-06 05:28:07 - INFO - Logging initialized. Log file: pb2b/logs/bybit_scraper_20250506.log
2025-05-06 05:28:17 - INFO - DataSaver logging initialized. Log file: pb2b/logs/data_saver_20250506.log
2025-05-06 05:28:17 - INFO - Connected to SQLite database: pb2b/p2p_listings.db
2025-05-06 05:28:17 - INFO - Database tables created successfully
2025-05-06 05:28:17 - INFO - Attempt 1/10: Loading https://www.bybit.com/fiat/trade/otc?actionType=1&token=USDT&fiat=NGN
2025-05-06 05:28:28 - INFO - Screenshot saved as 'pb2b/screenshots/bybit_page_20250506_052828.png'
2025-05-06 05:28:29 - INFO - Fetching BUY listings for USDT/EUR
2025-05-06 05:28:30 - INFO - Data successfully saved to SQLite database. New listings - Bybit: 4, Binance: 6
2025-05-06 05:28:30 - INFO - Browser session closed
2025-05-06 05:28:30 - INFO - SQLite database connection closed
2025-05-06 07:42:09 - INFO - Logging initialized. Log file: pb2b/logs/bybit_scraper_20250506.log
2025-05-06 07:42:10 - INFO - DataSaver logging initialized. Log file: pb2b/logs/data_saver_20250506.log
2025-05-06 07:42:10 - INFO - Connected to SQLite database: pb2b/p2p_listings.db
2025-05-06 07:42:10 - INFO - Database tables created successfully
2025-05-06 07:42:10 - INFO - Attempt 1/10: Loading https://www.bybit.com/fiat/trade/otc?actionType=1&token=USDT&fiat=NGN
2025-05-06 07:42:19 - INFO - Screenshot saved as 'pb2b/screenshots/bybit_page_20250506_074219.png'
2025-05-06 07:42:19 - INFO - Fetching BUY listings for USDT/EUR
2025-05-06 07:42:20 - INFO - Data successfully saved to SQLite database. New listings - Bybit: 4, Binance: 6
2025-05-06 07:42:20 - INFO - Browser session closed
2025-05-06 07:42:20 - INFO - SQLite database connection closed
