2025-11-13 00:49:58 - INFO - Logging initialized. Log file: pb2b/logs/bybit_scraper_20251113.log
2025-11-13 00:50:00 - INFO - DataSaver logging initialized. Log file: pb2b/logs/data_saver_20251113.log
2025-11-13 00:50:00 - INFO - Connected to SQLite database: pb2b/p2p_listings.db
2025-11-13 00:50:00 - INFO - Database tables created successfully
2025-11-13 00:50:00 - INFO - Attempt 1/10: Loading https://www.bybit.com/fiat/trade/otc?actionType=1&token=USDT&fiat=NGN
2025-11-13 00:50:11 - INFO - Screenshot saved as 'pb2b/screenshots/bybit_page_20251113_005011.png'
2025-11-13 00:50:11 - INFO - Fetching BUY listings for USDT/EUR
2025-11-13 00:50:12 - INFO - Data successfully saved to SQLite database. New listings - Bybit: 4, Binance: 6
2025-11-13 00:50:12 - INFO - Browser session closed
2025-11-13 00:50:12 - INFO - SQLite database connection closed
2025-11-13 02:30:52 - INFO - Logging initialized. Log file: pb2b/logs/bybit_scraper_20251113.log
2025-11-13 02:30:54 - INFO - DataSaver logging initialized. Log file: pb2b/logs/data_saver_20251113.log
2025-11-13 02:30:54 - INFO - Connected to SQLite database: pb2b/p2p_listings.db
2025-11-13 02:30:54 - INFO - Database tables created successfully
2025-11-13 02:30:54 - INFO - Attempt 1/10: Loading https://www.bybit.com/fiat/trade/otc?actionType=1&token=USDT&fiat=NGN
2025-11-13 02:31:05 - INFO - Screenshot saved as 'pb2b/screenshots/bybit_page_20251113_023105.png'
2025-11-13 02:31:06 - INFO - Fetching BUY listings for USDT/EUR
2025-11-13 02:31:06 - INFO - Data successfully saved to SQLite database. New listings - Bybit: 4, Binance: 6
2025-11-13 02:31:06 - INFO - Browser session closed
2025-11-13 02:31:06 - INFO - SQLite database connection closed
2025-11-13 03:40:02 - INFO - Logging initialized. Log file: pb2b/logs/bybit_scraper_20251113.log
2025-11-13 03:40:04 - INFO - DataSaver logging initialized. Log file: pb2b/logs/data_saver_20251113.log
2025-11-13 03:40:04 - INFO - Connected to SQLite database: pb2b/p2p_listings.db
2025-11-13 03:40:04 - INFO - Database tables created successfully
2025-11-13 03:40:04 - INFO - Attempt 1/10: Loading https://www.bybit.com/fiat/trade/otc?actionType=1&token=USDT&fiat=NGN
2025-11-13 03:40:15 - INFO - Screenshot saved as 'pb2b/screenshots/bybit_page_20251113_034014.png'
2025-11-13 03:40:15 - INFO - Fetching BUY listings for USDT/EUR
2025-11-13 03:40:16 - INFO - Data successfully saved to SQLite database. New listings - Bybit: 4, Binance: 6
2025-11-13 03:40:16 - INFO - Browser session closed
2025-11-13 03:40:16 - INFO - SQLite database connection closed
2025-11-13 04:06:45 - INFO - Logging initialized. Log file: pb2b/logs/bybit_scraper_20251113.log
2025-11-13 04:06:48 - INFO - DataSaver logging initialized. Log file: pb2b/logs/data_saver_20251113.log
2025-11-13 04:06:48 - INFO - Connected to SQLite database: pb2b/p2p_listings.db
2025-11-13 04:06:48 - INFO - Database tables created successfully
2025-11-13 04:06:48 - INFO - Attempt 1/10: Loading https://www.bybit.com/fiat/trade/otc?actionType=1&token=USDT&fiat=NGN
2025-11-13 04:06:57 - INFO - Screenshot saved as 'pb2b/screenshots/bybit_page_20251113_040657.png'
2025-11-13 04:06:58 - INFO - Fetching BUY listings for USDT/EUR
2025-11-13 04:06:58 - INFO - Data successfully saved to SQLite database. New listings - Bybit: 4, Binance: 6
2025-11-13 04:06:58 - INFO - Browser session closed
2025-11-13 04:06:58 - INFO - SQLite database connection closed
2025-11-13 04:40:51 - INFO - Logging initialized. Log file: pb2b/logs/bybit_scraper_20251113.log
2025-11-13 04:40:53 - INFO - DataSaver logging initialized. Log file: pb2b/logs/data_saver_20251113.log
2025-11-13 04:40:53 - INFO - Connected to SQLite database: pb2b/p2p_listings.db
2025-11-13 04:40:53 - INFO - Database tables created successfully
2025-11-13 04:40:53 - INFO - Attempt 1/10: Loading https://www.bybit.com/fiat/trade/otc?actionType=1&token=USDT&fiat=NGN
2025-11-13 04:41:02 - INFO - Screenshot saved as 'pb2b/screenshots/bybit_page_20251113_044102.png'
2025-11-13 04:41:03 - INFO - Fetching BUY listings for USDT/EUR
2025-11-13 04:41:03 - INFO - Data successfully saved to SQLite database. New listings - Bybit: 4, Binance: 6
2025-11-13 04:41:03 - INFO - Browser session closed
2025-11-13 04:41:03 - INFO - SQLite database connection closed
2025-11-13 04:56:57 - INFO - Logging initialized. Log file: pb2b/logs/bybit_scraper_20251113.log
2025-11-13 04:56:59 - INFO - DataSaver logging initialized. Log file: pb2b/logs/data_saver_20251113.log
2025-11-13 04:56:59 - INFO - Connected to SQLite database: pb2b/p2p_listings.db
2025-11-13 04:56:59 - INFO - Database tables created successfully
2025-11-13 04:56:59 - INFO - Attempt 1/10: Loading https://www.bybit.com/fiat/trade/otc?actionType=1&token=USDT&fiat=NGN
2025-11-13 04:57:08 - INFO - Screenshot saved as 'pb2b/screenshots/bybit_page_20251113_045708.png'
2025-11-13 04:57:09 - INFO - Fetching BUY listings for USDT/EUR
2025-11-13 04:57:09 - INFO - Data successfully saved to SQLite database. New listings - Bybit: 4, Binance: 6
2025-11-13 04:57:09 - INFO - Browser session closed
2025-11-13 04:57:09 - INFO - SQLite database connection closed
2025-11-13 05:24:59 - INFO - Logging initialized. Log file: pb2b/logs/bybit_scraper_20251113.log
2025-11-13 05:25:01 - INFO - DataSaver logging initialized. Log file: pb2b/logs/data_saver_20251113.log
2025-11-13 05:25:01 - INFO - Connected to SQLite database: pb2b/p2p_listings.db
2025-11-13 05:25:01 - INFO - Database tables created successfully
2025-11-13 05:25:01 - INFO - Attempt 1/10: Loading https://www.bybit.com/fiat/trade/otc?actionType=1&token=USDT&fiat=NGN
2025-11-13 05:25:13 - INFO - Screenshot saved as 'pb2b/screenshots/bybit_page_20251113_052513.png'
2025-11-13 05:25:14 - INFO - Fetching BUY listings for USDT/EUR
2025-11-13 05:25:15 - INFO - Data successfully saved to SQLite database. New listings - Bybit: 4, Binance: 6
2025-11-13 05:25:15 - INFO - Browser session closed
2025-11-13 05:25:15 - INFO - SQLite database connection closed
2025-11-13 05:45:49 - INFO - Logging initialized. Log file: pb2b/logs/bybit_scraper_20251113.log
2025-11-13 05:45:50 - INFO - DataSaver logging initialized. Log file: pb2b/logs/data_saver_20251113.log
2025-11-13 05:45:50 - INFO - Connected to SQLite database: pb2b/p2p_listings.db
2025-11-13 05:45:50 - INFO - Database tables created successfully
2025-11-13 05:45:50 - INFO - Attempt 1/10: Loading https://www.bybit.com/fiat/trade/otc?actionType=1&token=USDT&fiat=NGN
2025-11-13 05:46:01 - INFO - Screenshot saved as 'pb2b/screenshots/bybit_page_20251113_054601.png'
2025-11-13 05:46:02 - INFO - Fetching BUY listings for USDT/EUR
2025-11-13 05:46:03 - INFO - Data successfully saved to SQLite database. New listings - Bybit: 4, Binance: 6
2025-11-13 05:46:03 - INFO - Browser session closed
2025-11-13 05:46:03 - INFO - SQLite database connection closed
2025-11-13 05:58:51 - INFO - Logging initialized. Log file: pb2b/logs/bybit_scraper_20251113.log
2025-11-13 05:58:53 - INFO - DataSaver logging initialized. Log file: pb2b/logs/data_saver_20251113.log
2025-11-13 05:58:53 - INFO - Connected to SQLite database: pb2b/p2p_listings.db
2025-11-13 05:58:53 - INFO - Database tables created successfully
2025-11-13 05:58:53 - INFO - Attempt 1/10: Loading https://www.bybit.com/fiat/trade/otc?actionType=1&token=USDT&fiat=NGN
2025-11-13 05:59:01 - INFO - Screenshot saved as 'pb2b/screenshots/bybit_page_20251113_055901.png'
2025-11-13 05:59:01 - INFO - Fetching BUY listings for USDT/EUR
2025-11-13 05:59:02 - INFO - Data successfully saved to SQLite database. New listings - Bybit: 4, Binance: 6
2025-11-13 05:59:02 - INFO - Browser session closed
2025-11-13 05:59:02 - INFO - SQLite database connection closed
2025-11-13 06:42:07 - INFO - Logging initialized. Log file: pb2b/logs/bybit_scraper_20251113.log
2025-11-13 06:42:08 - INFO - DataSaver logging initialized. Log file: pb2b/logs/data_saver_20251113.log
2025-11-13 06:42:08 - INFO - Connected to SQLite database: pb2b/p2p_listings.db
2025-11-13 06:42:08 - INFO - Database tables created successfully
2025-11-13 06:42:08 - INFO - Attempt 1/10: Loading https://www.bybit.com/fiat/trade/otc?actionType=1&token=USDT&fiat=NGN
2025-11-13 06:42:16 - INFO - Screenshot saved as 'pb2b/screenshots/bybit_page_20251113_064216.png'
2025-11-13 06:42:17 - INFO - Fetching BUY listings for USDT/EUR
2025-11-13 06:42:18 - INFO - Data successfully saved to SQLite database. New listings - Bybit: 4, Binance: 6
2025-11-13 06:42:18 - INFO - Browser session closed
2025-11-13 06:42:18 - INFO - SQLite database connection closed
2025-11-13 07:00:49 - INFO - Logging initialized. Log file: pb2b/logs/bybit_scraper_20251113.log
2025-11-13 07:00:50 - INFO - DataSaver logging initialized. Log file: pb2b/logs/data_saver_20251113.log
2025-11-13 07:00:50 - INFO - Connected to SQLite database: pb2b/p2p_listings.db
2025-11-13 07:00:50 - INFO - Database tables created successfully
2025-11-13 07:00:50 - INFO - Attempt 1/10: Loading https://www.bybit.com/fiat/trade/otc?actionType=1&token=USDT&fiat=NGN
2025-11-13 07:01:01 - INFO - Screenshot saved as 'pb2b/screenshots/bybit_page_20251113_070101.png'
2025-11-13 07:01:01 - INFO - Fetching BUY listings for USDT/EUR
2025-11-13 07:01:02 - INFO - Data successfully saved to SQLite database. New listings - Bybit: 4, Binance: 6
2025-11-13 07:01:02 - INFO - Browser session closed
2025-11-13 07:01:02 - INFO - SQLite database connection closed
