2025-04-28 02:07:32 - INFO - Logging initialized. Log file: pb2b/logs/bybit_scraper_20250428.log
2025-04-28 02:07:33 - INFO - DataSaver logging initialized. Log file: pb2b/logs/data_saver_20250428.log
2025-04-28 02:07:33 - INFO - Connected to SQLite database: pb2b/p2p_listings.db
2025-04-28 02:07:33 - INFO - Database tables created successfully
2025-04-28 02:07:33 - INFO - Attempt 1/10: Loading https://www.bybit.com/fiat/trade/otc?actionType=1&token=USDT&fiat=NGN
2025-04-28 02:07:42 - INFO - Screenshot saved as 'pb2b/screenshots/bybit_page_20250428_020742.png'
2025-04-28 02:07:43 - INFO - Fetching BUY listings for USDT/EUR
2025-04-28 02:07:43 - INFO - Data successfully saved to SQLite database. New listings - Bybit: 4, Binance: 6
2025-04-28 02:07:43 - INFO - Browser session closed
2025-04-28 02:07:43 - INFO - SQLite database connection closed
2025-04-28 03:18:29 - INFO - Logging initialized. Log file: pb2b/logs/bybit_scraper_20250428.log
2025-04-28 03:18:30 - INFO - DataSaver logging initialized. Log file: pb2b/logs/data_saver_20250428.log
2025-04-28 03:18:30 - INFO - Connected to SQLite database: pb2b/p2p_listings.db
2025-04-28 03:18:30 - INFO - Database tables created successfully
2025-04-28 03:18:30 - INFO - Attempt 1/10: Loading https://www.bybit.com/fiat/trade/otc?actionType=1&token=USDT&fiat=NGN
2025-04-28 03:18:39 - INFO - Screenshot saved as 'pb2b/screenshots/bybit_page_20250428_031839.png'
2025-04-28 03:18:40 - INFO - Fetching BUY listings for USDT/EUR
2025-04-28 03:18:40 - INFO - Data successfully saved to SQLite database. New listings - Bybit: 4, Binance: 6
2025-04-28 03:18:41 - INFO - Browser session closed
2025-04-28 03:18:41 - INFO - SQLite database connection closed
2025-04-28 03:52:47 - INFO - Logging initialized. Log file: pb2b/logs/bybit_scraper_20250428.log
2025-04-28 03:52:48 - INFO - DataSaver logging initialized. Log file: pb2b/logs/data_saver_20250428.log
2025-04-28 03:52:48 - INFO - Connected to SQLite database: pb2b/p2p_listings.db
2025-04-28 03:52:48 - INFO - Database tables created successfully
2025-04-28 03:52:48 - INFO - Attempt 1/10: Loading https://www.bybit.com/fiat/trade/otc?actionType=1&token=USDT&fiat=NGN
2025-04-28 03:52:58 - INFO - Screenshot saved as 'pb2b/screenshots/bybit_page_20250428_035258.png'
2025-04-28 03:52:59 - INFO - Fetching BUY listings for USDT/EUR
2025-04-28 03:52:59 - INFO - Data successfully saved to SQLite database. New listings - Bybit: 4, Binance: 6
2025-04-28 03:52:59 - INFO - Browser session closed
2025-04-28 03:52:59 - INFO - SQLite database connection closed
2025-04-28 04:21:02 - INFO - Logging initialized. Log file: pb2b/logs/bybit_scraper_20250428.log
2025-04-28 04:21:03 - INFO - DataSaver logging initialized. Log file: pb2b/logs/data_saver_20250428.log
2025-04-28 04:21:03 - INFO - Connected to SQLite database: pb2b/p2p_listings.db
2025-04-28 04:21:03 - INFO - Database tables created successfully
2025-04-28 04:21:03 - INFO - Attempt 1/10: Loading https://www.bybit.com/fiat/trade/otc?actionType=1&token=USDT&fiat=NGN
2025-04-28 04:21:16 - INFO - Screenshot saved as 'pb2b/screenshots/bybit_page_20250428_042116.png'
2025-04-28 04:21:16 - INFO - Fetching BUY listings for USDT/EUR
2025-04-28 04:21:17 - INFO - Data successfully saved to SQLite database. New listings - Bybit: 4, Binance: 6
2025-04-28 04:21:17 - INFO - Browser session closed
2025-04-28 04:21:17 - INFO - SQLite database connection closed
2025-04-28 04:44:53 - INFO - Logging initialized. Log file: pb2b/logs/bybit_scraper_20250428.log
2025-04-28 04:44:54 - INFO - DataSaver logging initialized. Log file: pb2b/logs/data_saver_20250428.log
2025-04-28 04:44:54 - INFO - Connected to SQLite database: pb2b/p2p_listings.db
2025-04-28 04:44:54 - INFO - Database tables created successfully
2025-04-28 04:44:54 - INFO - Attempt 1/10: Loading https://www.bybit.com/fiat/trade/otc?actionType=1&token=USDT&fiat=NGN
2025-04-28 04:45:04 - INFO - Screenshot saved as 'pb2b/screenshots/bybit_page_20250428_044504.png'
2025-04-28 04:45:05 - INFO - Fetching BUY listings for USDT/EUR
2025-04-28 04:45:05 - INFO - Data successfully saved to SQLite database. New listings - Bybit: 4, Binance: 6
2025-04-28 04:45:05 - INFO - Browser session closed
2025-04-28 04:45:05 - INFO - SQLite database connection closed
2025-04-28 04:58:33 - INFO - Logging initialized. Log file: pb2b/logs/bybit_scraper_20250428.log
2025-04-28 04:58:33 - INFO - DataSaver logging initialized. Log file: pb2b/logs/data_saver_20250428.log
2025-04-28 04:58:33 - INFO - Connected to SQLite database: pb2b/p2p_listings.db
2025-04-28 04:58:33 - INFO - Database tables created successfully
2025-04-28 04:58:33 - INFO - Attempt 1/10: Loading https://www.bybit.com/fiat/trade/otc?actionType=1&token=USDT&fiat=NGN
2025-04-28 04:58:48 - INFO - Screenshot saved as 'pb2b/screenshots/bybit_page_20250428_045848.png'
2025-04-28 04:58:49 - INFO - Fetching BUY listings for USDT/EUR
2025-04-28 04:58:49 - INFO - Data successfully saved to SQLite database. New listings - Bybit: 4, Binance: 6
2025-04-28 04:58:49 - INFO - Browser session closed
2025-04-28 04:58:49 - INFO - SQLite database connection closed
2025-04-28 05:38:47 - INFO - Logging initialized. Log file: pb2b/logs/bybit_scraper_20250428.log
2025-04-28 05:38:48 - INFO - DataSaver logging initialized. Log file: pb2b/logs/data_saver_20250428.log
2025-04-28 05:38:48 - INFO - Connected to SQLite database: pb2b/p2p_listings.db
2025-04-28 05:38:48 - INFO - Database tables created successfully
2025-04-28 05:38:48 - INFO - Attempt 1/10: Loading https://www.bybit.com/fiat/trade/otc?actionType=1&token=USDT&fiat=NGN
2025-04-28 05:38:59 - INFO - Screenshot saved as 'pb2b/screenshots/bybit_page_20250428_053859.png'
2025-04-28 05:38:59 - INFO - Fetching BUY listings for USDT/EUR
2025-04-28 05:39:00 - INFO - Data successfully saved to SQLite database. New listings - Bybit: 4, Binance: 6
2025-04-28 05:39:00 - INFO - Browser session closed
2025-04-28 05:39:00 - INFO - SQLite database connection closed
2025-04-28 06:00:04 - INFO - Logging initialized. Log file: pb2b/logs/bybit_scraper_20250428.log
2025-04-28 06:00:05 - INFO - DataSaver logging initialized. Log file: pb2b/logs/data_saver_20250428.log
2025-04-28 06:00:05 - INFO - Connected to SQLite database: pb2b/p2p_listings.db
2025-04-28 06:00:05 - INFO - Database tables created successfully
2025-04-28 06:00:05 - INFO - Attempt 1/10: Loading https://www.bybit.com/fiat/trade/otc?actionType=1&token=USDT&fiat=NGN
2025-04-28 06:00:14 - INFO - Screenshot saved as 'pb2b/screenshots/bybit_page_20250428_060014.png'
2025-04-28 06:00:14 - INFO - Fetching BUY listings for USDT/EUR
2025-04-28 06:00:15 - INFO - Data successfully saved to SQLite database. New listings - Bybit: 4, Binance: 6
2025-04-28 06:00:15 - INFO - Browser session closed
2025-04-28 06:00:15 - INFO - SQLite database connection closed
2025-04-28 06:47:32 - INFO - Logging initialized. Log file: pb2b/logs/bybit_scraper_20250428.log
2025-04-28 06:47:33 - INFO - DataSaver logging initialized. Log file: pb2b/logs/data_saver_20250428.log
2025-04-28 06:47:33 - INFO - Connected to SQLite database: pb2b/p2p_listings.db
2025-04-28 06:47:33 - INFO - Database tables created successfully
2025-04-28 06:47:33 - INFO - Attempt 1/10: Loading https://www.bybit.com/fiat/trade/otc?actionType=1&token=USDT&fiat=NGN
2025-04-28 06:47:41 - INFO - Screenshot saved as 'pb2b/screenshots/bybit_page_20250428_064741.png'
2025-04-28 06:47:42 - INFO - Fetching BUY listings for USDT/EUR
2025-04-28 06:47:43 - INFO - Data successfully saved to SQLite database. New listings - Bybit: 4, Binance: 6
2025-04-28 06:47:43 - INFO - Browser session closed
2025-04-28 06:47:43 - INFO - SQLite database connection closed
2025-04-28 07:35:15 - INFO - Logging initialized. Log file: pb2b/logs/bybit_scraper_20250428.log
2025-04-28 07:35:16 - INFO - DataSaver logging initialized. Log file: pb2b/logs/data_saver_20250428.log
2025-04-28 07:35:16 - INFO - Connected to SQLite database: pb2b/p2p_listings.db
2025-04-28 07:35:16 - INFO - Database tables created successfully
2025-04-28 07:35:16 - INFO - Attempt 1/10: Loading https://www.bybit.com/fiat/trade/otc?actionType=1&token=USDT&fiat=NGN
2025-04-28 07:35:26 - INFO - Screenshot saved as 'pb2b/screenshots/bybit_page_20250428_073525.png'
2025-04-28 07:35:26 - INFO - Fetching BUY listings for USDT/EUR
2025-04-28 07:35:27 - INFO - Data successfully saved to SQLite database. New listings - Bybit: 4, Binance: 6
2025-04-28 07:35:27 - INFO - Browser session closed
2025-04-28 07:35:27 - INFO - SQLite database connection closed
2025-04-28 08:05:53 - INFO - Logging initialized. Log file: pb2b/logs/bybit_scraper_20250428.log
2025-04-28 08:05:55 - INFO - DataSaver logging initialized. Log file: pb2b/logs/data_saver_20250428.log
2025-04-28 08:05:55 - INFO - Connected to SQLite database: pb2b/p2p_listings.db
2025-04-28 08:05:55 - INFO - Database tables created successfully
2025-04-28 08:05:55 - INFO - Attempt 1/10: Loading https://www.bybit.com/fiat/trade/otc?actionType=1&token=USDT&fiat=NGN
2025-04-28 08:06:04 - INFO - Screenshot saved as 'pb2b/screenshots/bybit_page_20250428_080604.png'
2025-04-28 08:06:04 - INFO - Fetching BUY listings for USDT/EUR
2025-04-28 08:06:05 - INFO - Data successfully saved to SQLite database. New listings - Bybit: 4, Binance: 6
2025-04-28 08:06:05 - INFO - Browser session closed
2025-04-28 08:06:05 - INFO - SQLite database connection closed
2025-04-28 10:09:08 - INFO - Logging initialized. Log file: pb2b/logs/bybit_scraper_20250428.log
2025-04-28 10:09:10 - INFO - DataSaver logging initialized. Log file: pb2b/logs/data_saver_20250428.log
2025-04-28 10:09:10 - INFO - Connected to SQLite database: pb2b/p2p_listings.db
2025-04-28 10:09:10 - INFO - Database tables created successfully
2025-04-28 10:09:10 - INFO - Attempt 1/10: Loading https://www.bybit.com/fiat/trade/otc?actionType=1&token=USDT&fiat=NGN
2025-04-28 10:09:23 - INFO - Screenshot saved as 'pb2b/screenshots/bybit_page_20250428_100923.png'
2025-04-28 10:09:24 - INFO - Fetching BUY listings for USDT/EUR
2025-04-28 10:09:24 - INFO - Data successfully saved to SQLite database. New listings - Bybit: 4, Binance: 6
2025-04-28 10:09:25 - INFO - Browser session closed
2025-04-28 10:09:25 - INFO - SQLite database connection closed
2025-04-28 11:18:39 - INFO - Logging initialized. Log file: pb2b/logs/bybit_scraper_20250428.log
2025-04-28 11:18:40 - INFO - DataSaver logging initialized. Log file: pb2b/logs/data_saver_20250428.log
2025-04-28 11:18:40 - INFO - Connected to SQLite database: pb2b/p2p_listings.db
2025-04-28 11:18:40 - INFO - Database tables created successfully
2025-04-28 11:18:40 - INFO - Attempt 1/10: Loading https://www.bybit.com/fiat/trade/otc?actionType=1&token=USDT&fiat=NGN
2025-04-28 11:18:53 - INFO - Screenshot saved as 'pb2b/screenshots/bybit_page_20250428_111853.png'
2025-04-28 11:18:53 - INFO - Fetching BUY listings for USDT/EUR
2025-04-28 11:18:54 - INFO - Data successfully saved to SQLite database. New listings - Bybit: 4, Binance: 6
2025-04-28 11:18:55 - INFO - Browser session closed
2025-04-28 11:18:55 - INFO - SQLite database connection closed
2025-04-28 11:44:41 - INFO - Logging initialized. Log file: pb2b/logs/bybit_scraper_20250428.log
2025-04-28 11:44:42 - INFO - DataSaver logging initialized. Log file: pb2b/logs/data_saver_20250428.log
2025-04-28 11:44:42 - INFO - Connected to SQLite database: pb2b/p2p_listings.db
2025-04-28 11:44:42 - INFO - Database tables created successfully
2025-04-28 11:44:42 - INFO - Attempt 1/10: Loading https://www.bybit.com/fiat/trade/otc?actionType=1&token=USDT&fiat=NGN
2025-04-28 11:44:52 - INFO - Screenshot saved as 'pb2b/screenshots/bybit_page_20250428_114452.png'
2025-04-28 11:44:53 - INFO - Fetching BUY listings for USDT/EUR
2025-04-28 11:44:53 - INFO - Data successfully saved to SQLite database. New listings - Bybit: 4, Binance: 6
2025-04-28 11:44:53 - INFO - Browser session closed
2025-04-28 11:44:53 - INFO - SQLite database connection closed
2025-04-28 11:58:02 - INFO - Logging initialized. Log file: pb2b/logs/bybit_scraper_20250428.log
2025-04-28 11:58:03 - INFO - DataSaver logging initialized. Log file: pb2b/logs/data_saver_20250428.log
2025-04-28 11:58:03 - INFO - Connected to SQLite database: pb2b/p2p_listings.db
2025-04-28 11:58:03 - INFO - Database tables created successfully
2025-04-28 11:58:03 - INFO - Attempt 1/10: Loading https://www.bybit.com/fiat/trade/otc?actionType=1&token=USDT&fiat=NGN
2025-04-28 11:58:13 - INFO - Screenshot saved as 'pb2b/screenshots/bybit_page_20250428_115813.png'
2025-04-28 11:58:14 - INFO - Fetching BUY listings for USDT/EUR
2025-04-28 11:58:14 - INFO - Data successfully saved to SQLite database. New listings - Bybit: 4, Binance: 6
2025-04-28 11:58:14 - INFO - Browser session closed
2025-04-28 11:58:14 - INFO - SQLite database connection closed
2025-04-28 13:06:38 - INFO - Logging initialized. Log file: pb2b/logs/bybit_scraper_20250428.log
2025-04-28 13:06:39 - INFO - DataSaver logging initialized. Log file: pb2b/logs/data_saver_20250428.log
2025-04-28 13:06:39 - INFO - Connected to SQLite database: pb2b/p2p_listings.db
2025-04-28 13:06:39 - INFO - Database tables created successfully
2025-04-28 13:06:39 - INFO - Attempt 1/10: Loading https://www.bybit.com/fiat/trade/otc?actionType=1&token=USDT&fiat=NGN
2025-04-28 13:06:49 - INFO - Screenshot saved as 'pb2b/screenshots/bybit_page_20250428_130648.png'
2025-04-28 13:06:49 - INFO - Fetching BUY listings for USDT/EUR
2025-04-28 13:06:50 - INFO - Data successfully saved to SQLite database. New listings - Bybit: 4, Binance: 6
2025-04-28 13:06:50 - INFO - Browser session closed
2025-04-28 13:06:50 - INFO - SQLite database connection closed
2025-04-28 13:49:30 - INFO - Logging initialized. Log file: pb2b/logs/bybit_scraper_20250428.log
2025-04-28 13:49:31 - INFO - DataSaver logging initialized. Log file: pb2b/logs/data_saver_20250428.log
2025-04-28 13:49:31 - INFO - Connected to SQLite database: pb2b/p2p_listings.db
2025-04-28 13:49:31 - INFO - Database tables created successfully
2025-04-28 13:49:31 - INFO - Attempt 1/10: Loading https://www.bybit.com/fiat/trade/otc?actionType=1&token=USDT&fiat=NGN
2025-04-28 13:49:40 - INFO - Screenshot saved as 'pb2b/screenshots/bybit_page_20250428_134940.png'
2025-04-28 13:49:41 - INFO - Fetching BUY listings for USDT/EUR
2025-04-28 13:49:41 - INFO - Data successfully saved to SQLite database. New listings - Bybit: 4, Binance: 6
2025-04-28 13:49:41 - INFO - Browser session closed
2025-04-28 13:49:41 - INFO - SQLite database connection closed
2025-04-28 14:13:24 - INFO - Logging initialized. Log file: pb2b/logs/bybit_scraper_20250428.log
2025-04-28 14:13:26 - INFO - DataSaver logging initialized. Log file: pb2b/logs/data_saver_20250428.log
2025-04-28 14:13:26 - INFO - Connected to SQLite database: pb2b/p2p_listings.db
2025-04-28 14:13:26 - INFO - Database tables created successfully
2025-04-28 14:13:26 - INFO - Attempt 1/10: Loading https://www.bybit.com/fiat/trade/otc?actionType=1&token=USDT&fiat=NGN
2025-04-28 14:13:36 - INFO - Screenshot saved as 'pb2b/screenshots/bybit_page_20250428_141336.png'
2025-04-28 14:13:36 - INFO - Fetching BUY listings for USDT/EUR
2025-04-28 14:13:37 - INFO - Data successfully saved to SQLite database. New listings - Bybit: 4, Binance: 6
2025-04-28 14:13:37 - INFO - Browser session closed
2025-04-28 14:13:37 - INFO - SQLite database connection closed
2025-04-28 14:43:10 - INFO - Logging initialized. Log file: pb2b/logs/bybit_scraper_20250428.log
2025-04-28 14:43:12 - INFO - DataSaver logging initialized. Log file: pb2b/logs/data_saver_20250428.log
2025-04-28 14:43:12 - INFO - Connected to SQLite database: pb2b/p2p_listings.db
2025-04-28 14:43:12 - INFO - Database tables created successfully
2025-04-28 14:43:12 - INFO - Attempt 1/10: Loading https://www.bybit.com/fiat/trade/otc?actionType=1&token=USDT&fiat=NGN
2025-04-28 14:43:21 - INFO - Screenshot saved as 'pb2b/screenshots/bybit_page_20250428_144321.png'
2025-04-28 14:43:22 - INFO - Fetching BUY listings for USDT/EUR
2025-04-28 14:43:22 - INFO - Data successfully saved to SQLite database. New listings - Bybit: 4, Binance: 6
2025-04-28 14:43:22 - INFO - Browser session closed
2025-04-28 14:43:22 - INFO - SQLite database connection closed
2025-04-28 14:57:47 - INFO - Logging initialized. Log file: pb2b/logs/bybit_scraper_20250428.log
2025-04-28 14:57:48 - INFO - DataSaver logging initialized. Log file: pb2b/logs/data_saver_20250428.log
2025-04-28 14:57:48 - INFO - Connected to SQLite database: pb2b/p2p_listings.db
2025-04-28 14:57:48 - INFO - Database tables created successfully
2025-04-28 14:57:48 - INFO - Attempt 1/10: Loading https://www.bybit.com/fiat/trade/otc?actionType=1&token=USDT&fiat=NGN
2025-04-28 14:57:58 - INFO - Screenshot saved as 'pb2b/screenshots/bybit_page_20250428_145758.png'
2025-04-28 14:57:58 - INFO - Fetching BUY listings for USDT/EUR
2025-04-28 14:57:59 - INFO - Data successfully saved to SQLite database. New listings - Bybit: 4, Binance: 6
2025-04-28 14:57:59 - INFO - Browser session closed
2025-04-28 14:57:59 - INFO - SQLite database connection closed
2025-04-28 15:30:07 - INFO - Logging initialized. Log file: pb2b/logs/bybit_scraper_20250428.log
2025-04-28 15:30:08 - INFO - DataSaver logging initialized. Log file: pb2b/logs/data_saver_20250428.log
2025-04-28 15:30:08 - INFO - Connected to SQLite database: pb2b/p2p_listings.db
2025-04-28 15:30:08 - INFO - Database tables created successfully
2025-04-28 15:30:08 - INFO - Attempt 1/10: Loading https://www.bybit.com/fiat/trade/otc?actionType=1&token=USDT&fiat=NGN
2025-04-28 15:30:19 - INFO - Screenshot saved as 'pb2b/screenshots/bybit_page_20250428_153019.png'
2025-04-28 15:30:19 - INFO - Fetching BUY listings for USDT/EUR
2025-04-28 15:30:20 - INFO - Data successfully saved to SQLite database. New listings - Bybit: 4, Binance: 6
2025-04-28 15:30:20 - INFO - Browser session closed
2025-04-28 15:30:20 - INFO - SQLite database connection closed
2025-04-28 15:46:44 - INFO - Logging initialized. Log file: pb2b/logs/bybit_scraper_20250428.log
2025-04-28 15:46:45 - INFO - DataSaver logging initialized. Log file: pb2b/logs/data_saver_20250428.log
2025-04-28 15:46:45 - INFO - Connected to SQLite database: pb2b/p2p_listings.db
2025-04-28 15:46:45 - INFO - Database tables created successfully
2025-04-28 15:46:45 - INFO - Attempt 1/10: Loading https://www.bybit.com/fiat/trade/otc?actionType=1&token=USDT&fiat=NGN
2025-04-28 15:46:59 - INFO - Screenshot saved as 'pb2b/screenshots/bybit_page_20250428_154658.png'
2025-04-28 15:46:59 - INFO - Fetching BUY listings for USDT/EUR
2025-04-28 15:46:59 - INFO - Data successfully saved to SQLite database. New listings - Bybit: 4, Binance: 6
2025-04-28 15:47:00 - INFO - Browser session closed
2025-04-28 15:47:00 - INFO - SQLite database connection closed
2025-04-28 15:59:49 - INFO - Logging initialized. Log file: pb2b/logs/bybit_scraper_20250428.log
2025-04-28 15:59:50 - INFO - DataSaver logging initialized. Log file: pb2b/logs/data_saver_20250428.log
2025-04-28 15:59:50 - INFO - Connected to SQLite database: pb2b/p2p_listings.db
2025-04-28 15:59:50 - INFO - Database tables created successfully
2025-04-28 15:59:50 - INFO - Attempt 1/10: Loading https://www.bybit.com/fiat/trade/otc?actionType=1&token=USDT&fiat=NGN
2025-04-28 16:00:00 - INFO - Screenshot saved as 'pb2b/screenshots/bybit_page_20250428_155959.png'
2025-04-28 16:00:00 - INFO - Fetching BUY listings for USDT/EUR
2025-04-28 16:00:00 - INFO - Data successfully saved to SQLite database. New listings - Bybit: 4, Binance: 6
2025-04-28 16:00:00 - INFO - Browser session closed
2025-04-28 16:00:00 - INFO - SQLite database connection closed
2025-04-28 16:34:16 - INFO - Logging initialized. Log file: pb2b/logs/bybit_scraper_20250428.log
2025-04-28 16:34:17 - INFO - DataSaver logging initialized. Log file: pb2b/logs/data_saver_20250428.log
2025-04-28 16:34:17 - INFO - Connected to SQLite database: pb2b/p2p_listings.db
2025-04-28 16:34:17 - INFO - Database tables created successfully
2025-04-28 16:34:17 - INFO - Attempt 1/10: Loading https://www.bybit.com/fiat/trade/otc?actionType=1&token=USDT&fiat=NGN
2025-04-28 16:34:26 - INFO - Screenshot saved as 'pb2b/screenshots/bybit_page_20250428_163426.png'
2025-04-28 16:34:27 - INFO - Fetching BUY listings for USDT/EUR
2025-04-28 16:34:27 - INFO - Data successfully saved to SQLite database. New listings - Bybit: 4, Binance: 6
2025-04-28 16:34:27 - INFO - Browser session closed
2025-04-28 16:34:27 - INFO - SQLite database connection closed
2025-04-28 16:53:28 - INFO - Logging initialized. Log file: pb2b/logs/bybit_scraper_20250428.log
2025-04-28 16:53:29 - INFO - DataSaver logging initialized. Log file: pb2b/logs/data_saver_20250428.log
2025-04-28 16:53:29 - INFO - Connected to SQLite database: pb2b/p2p_listings.db
2025-04-28 16:53:29 - INFO - Database tables created successfully
2025-04-28 16:53:29 - INFO - Attempt 1/10: Loading https://www.bybit.com/fiat/trade/otc?actionType=1&token=USDT&fiat=NGN
2025-04-28 16:53:39 - INFO - Screenshot saved as 'pb2b/screenshots/bybit_page_20250428_165338.png'
2025-04-28 16:53:39 - INFO - Fetching BUY listings for USDT/EUR
2025-04-28 16:53:40 - INFO - Data successfully saved to SQLite database. New listings - Bybit: 4, Binance: 6
2025-04-28 16:53:40 - INFO - Browser session closed
2025-04-28 16:53:40 - INFO - SQLite database connection closed
2025-04-28 17:15:08 - INFO - Logging initialized. Log file: pb2b/logs/bybit_scraper_20250428.log
2025-04-28 17:15:09 - INFO - DataSaver logging initialized. Log file: pb2b/logs/data_saver_20250428.log
2025-04-28 17:15:09 - INFO - Connected to SQLite database: pb2b/p2p_listings.db
2025-04-28 17:15:09 - INFO - Database tables created successfully
2025-04-28 17:15:09 - INFO - Attempt 1/10: Loading https://www.bybit.com/fiat/trade/otc?actionType=1&token=USDT&fiat=NGN
2025-04-28 17:15:18 - INFO - Screenshot saved as 'pb2b/screenshots/bybit_page_20250428_171517.png'
2025-04-28 17:15:18 - INFO - Fetching BUY listings for USDT/EUR
2025-04-28 17:15:19 - INFO - Data successfully saved to SQLite database. New listings - Bybit: 4, Binance: 6
2025-04-28 17:15:19 - INFO - Browser session closed
2025-04-28 17:15:19 - INFO - SQLite database connection closed
2025-04-28 17:35:09 - INFO - Logging initialized. Log file: pb2b/logs/bybit_scraper_20250428.log
2025-04-28 17:35:09 - INFO - DataSaver logging initialized. Log file: pb2b/logs/data_saver_20250428.log
2025-04-28 17:35:09 - INFO - Connected to SQLite database: pb2b/p2p_listings.db
2025-04-28 17:35:09 - INFO - Database tables created successfully
2025-04-28 17:35:09 - INFO - Attempt 1/10: Loading https://www.bybit.com/fiat/trade/otc?actionType=1&token=USDT&fiat=NGN
2025-04-28 17:35:18 - INFO - Screenshot saved as 'pb2b/screenshots/bybit_page_20250428_173518.png'
2025-04-28 17:35:19 - INFO - Fetching BUY listings for USDT/EUR
2025-04-28 17:35:19 - INFO - Data successfully saved to SQLite database. New listings - Bybit: 4, Binance: 6
2025-04-28 17:35:20 - INFO - Browser session closed
2025-04-28 17:35:20 - INFO - SQLite database connection closed
2025-04-28 17:48:22 - INFO - Logging initialized. Log file: pb2b/logs/bybit_scraper_20250428.log
2025-04-28 17:48:23 - INFO - DataSaver logging initialized. Log file: pb2b/logs/data_saver_20250428.log
2025-04-28 17:48:23 - INFO - Connected to SQLite database: pb2b/p2p_listings.db
2025-04-28 17:48:23 - INFO - Database tables created successfully
2025-04-28 17:48:23 - INFO - Attempt 1/10: Loading https://www.bybit.com/fiat/trade/otc?actionType=1&token=USDT&fiat=NGN
2025-04-28 17:48:32 - INFO - Screenshot saved as 'pb2b/screenshots/bybit_page_20250428_174832.png'
2025-04-28 17:48:33 - INFO - Fetching BUY listings for USDT/EUR
2025-04-28 17:48:33 - INFO - Data successfully saved to SQLite database. New listings - Bybit: 4, Binance: 6
2025-04-28 17:48:33 - INFO - Browser session closed
2025-04-28 17:48:33 - INFO - SQLite database connection closed
2025-04-28 18:01:25 - INFO - Logging initialized. Log file: pb2b/logs/bybit_scraper_20250428.log
2025-04-28 18:01:25 - INFO - DataSaver logging initialized. Log file: pb2b/logs/data_saver_20250428.log
2025-04-28 18:01:25 - INFO - Connected to SQLite database: pb2b/p2p_listings.db
2025-04-28 18:01:25 - INFO - Database tables created successfully
2025-04-28 18:01:25 - INFO - Attempt 1/10: Loading https://www.bybit.com/fiat/trade/otc?actionType=1&token=USDT&fiat=NGN
2025-04-28 18:01:37 - INFO - Screenshot saved as 'pb2b/screenshots/bybit_page_20250428_180137.png'
2025-04-28 18:01:37 - INFO - Fetching BUY listings for USDT/EUR
2025-04-28 18:01:38 - INFO - Data successfully saved to SQLite database. New listings - Bybit: 4, Binance: 6
2025-04-28 18:01:38 - INFO - Browser session closed
2025-04-28 18:01:38 - INFO - SQLite database connection closed
2025-04-28 18:39:05 - INFO - Logging initialized. Log file: pb2b/logs/bybit_scraper_20250428.log
2025-04-28 18:39:06 - INFO - DataSaver logging initialized. Log file: pb2b/logs/data_saver_20250428.log
2025-04-28 18:39:06 - INFO - Connected to SQLite database: pb2b/p2p_listings.db
2025-04-28 18:39:06 - INFO - Database tables created successfully
2025-04-28 18:39:06 - INFO - Attempt 1/10: Loading https://www.bybit.com/fiat/trade/otc?actionType=1&token=USDT&fiat=NGN
2025-04-28 18:39:16 - INFO - Screenshot saved as 'pb2b/screenshots/bybit_page_20250428_183916.png'
2025-04-28 18:39:17 - INFO - Fetching BUY listings for USDT/EUR
2025-04-28 18:39:17 - INFO - Data successfully saved to SQLite database. New listings - Bybit: 4, Binance: 6
2025-04-28 18:39:17 - INFO - Browser session closed
2025-04-28 18:39:17 - INFO - SQLite database connection closed
2025-04-28 18:55:41 - INFO - Logging initialized. Log file: pb2b/logs/bybit_scraper_20250428.log
2025-04-28 18:55:42 - INFO - DataSaver logging initialized. Log file: pb2b/logs/data_saver_20250428.log
2025-04-28 18:55:42 - INFO - Connected to SQLite database: pb2b/p2p_listings.db
2025-04-28 18:55:42 - INFO - Database tables created successfully
2025-04-28 18:55:42 - INFO - Attempt 1/10: Loading https://www.bybit.com/fiat/trade/otc?actionType=1&token=USDT&fiat=NGN
2025-04-28 18:55:53 - INFO - Screenshot saved as 'pb2b/screenshots/bybit_page_20250428_185553.png'
2025-04-28 18:55:54 - INFO - Fetching BUY listings for USDT/EUR
2025-04-28 18:55:54 - INFO - Data successfully saved to SQLite database. New listings - Bybit: 4, Binance: 6
2025-04-28 18:55:54 - INFO - Browser session closed
2025-04-28 18:55:54 - INFO - SQLite database connection closed
2025-04-28 19:18:32 - INFO - Logging initialized. Log file: pb2b/logs/bybit_scraper_20250428.log
2025-04-28 19:18:32 - INFO - DataSaver logging initialized. Log file: pb2b/logs/data_saver_20250428.log
2025-04-28 19:18:32 - INFO - Connected to SQLite database: pb2b/p2p_listings.db
2025-04-28 19:18:32 - INFO - Database tables created successfully
2025-04-28 19:18:32 - INFO - Attempt 1/10: Loading https://www.bybit.com/fiat/trade/otc?actionType=1&token=USDT&fiat=NGN
2025-04-28 19:18:42 - INFO - Screenshot saved as 'pb2b/screenshots/bybit_page_20250428_191841.png'
2025-04-28 19:18:42 - INFO - Fetching BUY listings for USDT/EUR
2025-04-28 19:18:43 - INFO - Data successfully saved to SQLite database. New listings - Bybit: 4, Binance: 6
2025-04-28 19:18:43 - INFO - Browser session closed
2025-04-28 19:18:43 - INFO - SQLite database connection closed
2025-04-28 19:31:37 - INFO - Logging initialized. Log file: pb2b/logs/bybit_scraper_20250428.log
2025-04-28 19:31:38 - INFO - DataSaver logging initialized. Log file: pb2b/logs/data_saver_20250428.log
2025-04-28 19:31:38 - INFO - Connected to SQLite database: pb2b/p2p_listings.db
2025-04-28 19:31:38 - INFO - Database tables created successfully
2025-04-28 19:31:38 - INFO - Attempt 1/10: Loading https://www.bybit.com/fiat/trade/otc?actionType=1&token=USDT&fiat=NGN
2025-04-28 19:31:49 - INFO - Screenshot saved as 'pb2b/screenshots/bybit_page_20250428_193149.png'
2025-04-28 19:31:49 - INFO - Fetching BUY listings for USDT/EUR
2025-04-28 19:31:50 - INFO - Data successfully saved to SQLite database. New listings - Bybit: 4, Binance: 6
2025-04-28 19:31:50 - INFO - Browser session closed
2025-04-28 19:31:50 - INFO - SQLite database connection closed
2025-04-28 19:44:52 - INFO - Logging initialized. Log file: pb2b/logs/bybit_scraper_20250428.log
2025-04-28 19:44:52 - INFO - DataSaver logging initialized. Log file: pb2b/logs/data_saver_20250428.log
2025-04-28 19:44:52 - INFO - Connected to SQLite database: pb2b/p2p_listings.db
2025-04-28 19:44:52 - INFO - Database tables created successfully
2025-04-28 19:44:52 - INFO - Attempt 1/10: Loading https://www.bybit.com/fiat/trade/otc?actionType=1&token=USDT&fiat=NGN
2025-04-28 19:45:04 - INFO - Screenshot saved as 'pb2b/screenshots/bybit_page_20250428_194504.png'
2025-04-28 19:45:04 - INFO - Fetching BUY listings for USDT/EUR
2025-04-28 19:45:05 - INFO - Data successfully saved to SQLite database. New listings - Bybit: 4, Binance: 6
2025-04-28 19:45:05 - INFO - Browser session closed
2025-04-28 19:45:05 - INFO - SQLite database connection closed
2025-04-28 19:58:06 - INFO - Logging initialized. Log file: pb2b/logs/bybit_scraper_20250428.log
2025-04-28 19:58:08 - INFO - DataSaver logging initialized. Log file: pb2b/logs/data_saver_20250428.log
2025-04-28 19:58:08 - INFO - Connected to SQLite database: pb2b/p2p_listings.db
2025-04-28 19:58:08 - INFO - Database tables created successfully
2025-04-28 19:58:08 - INFO - Attempt 1/10: Loading https://www.bybit.com/fiat/trade/otc?actionType=1&token=USDT&fiat=NGN
2025-04-28 19:58:18 - INFO - Screenshot saved as 'pb2b/screenshots/bybit_page_20250428_195818.png'
2025-04-28 19:58:18 - INFO - Fetching BUY listings for USDT/EUR
2025-04-28 19:58:19 - INFO - Data successfully saved to SQLite database. New listings - Bybit: 4, Binance: 6
2025-04-28 19:58:19 - INFO - Browser session closed
2025-04-28 19:58:19 - INFO - SQLite database connection closed
2025-04-28 20:27:41 - INFO - Logging initialized. Log file: pb2b/logs/bybit_scraper_20250428.log
2025-04-28 20:27:41 - INFO - DataSaver logging initialized. Log file: pb2b/logs/data_saver_20250428.log
2025-04-28 20:27:41 - INFO - Connected to SQLite database: pb2b/p2p_listings.db
2025-04-28 20:27:41 - INFO - Database tables created successfully
2025-04-28 20:27:41 - INFO - Attempt 1/10: Loading https://www.bybit.com/fiat/trade/otc?actionType=1&token=USDT&fiat=NGN
2025-04-28 20:27:51 - INFO - Screenshot saved as 'pb2b/screenshots/bybit_page_20250428_202750.png'
2025-04-28 20:27:51 - INFO - Fetching BUY listings for USDT/EUR
2025-04-28 20:27:51 - INFO - Data successfully saved to SQLite database. New listings - Bybit: 4, Binance: 6
2025-04-28 20:27:52 - INFO - Browser session closed
2025-04-28 20:27:52 - INFO - SQLite database connection closed
2025-04-28 20:44:11 - INFO - Logging initialized. Log file: pb2b/logs/bybit_scraper_20250428.log
2025-04-28 20:44:13 - INFO - DataSaver logging initialized. Log file: pb2b/logs/data_saver_20250428.log
2025-04-28 20:44:13 - INFO - Connected to SQLite database: pb2b/p2p_listings.db
2025-04-28 20:44:13 - INFO - Database tables created successfully
2025-04-28 20:44:13 - INFO - Attempt 1/10: Loading https://www.bybit.com/fiat/trade/otc?actionType=1&token=USDT&fiat=NGN
2025-04-28 20:44:23 - INFO - Screenshot saved as 'pb2b/screenshots/bybit_page_20250428_204423.png'
2025-04-28 20:44:24 - INFO - Fetching BUY listings for USDT/EUR
2025-04-28 20:44:24 - INFO - Data successfully saved to SQLite database. New listings - Bybit: 4, Binance: 6
2025-04-28 20:44:24 - INFO - Browser session closed
2025-04-28 20:44:24 - INFO - SQLite database connection closed
2025-04-28 20:57:08 - INFO - Logging initialized. Log file: pb2b/logs/bybit_scraper_20250428.log
2025-04-28 20:57:10 - INFO - DataSaver logging initialized. Log file: pb2b/logs/data_saver_20250428.log
2025-04-28 20:57:10 - INFO - Connected to SQLite database: pb2b/p2p_listings.db
2025-04-28 20:57:10 - INFO - Database tables created successfully
2025-04-28 20:57:10 - INFO - Attempt 1/10: Loading https://www.bybit.com/fiat/trade/otc?actionType=1&token=USDT&fiat=NGN
2025-04-28 20:57:21 - INFO - Screenshot saved as 'pb2b/screenshots/bybit_page_20250428_205721.png'
2025-04-28 20:57:22 - INFO - Fetching BUY listings for USDT/EUR
2025-04-28 20:57:22 - INFO - Data successfully saved to SQLite database. New listings - Bybit: 4, Binance: 6
2025-04-28 20:57:22 - INFO - Browser session closed
2025-04-28 20:57:22 - INFO - SQLite database connection closed
2025-04-28 21:24:10 - INFO - Logging initialized. Log file: pb2b/logs/bybit_scraper_20250428.log
2025-04-28 21:24:10 - INFO - DataSaver logging initialized. Log file: pb2b/logs/data_saver_20250428.log
2025-04-28 21:24:10 - INFO - Connected to SQLite database: pb2b/p2p_listings.db
2025-04-28 21:24:10 - INFO - Database tables created successfully
2025-04-28 21:24:10 - INFO - Attempt 1/10: Loading https://www.bybit.com/fiat/trade/otc?actionType=1&token=USDT&fiat=NGN
2025-04-28 21:24:19 - INFO - Screenshot saved as 'pb2b/screenshots/bybit_page_20250428_212419.png'
2025-04-28 21:24:20 - INFO - Fetching BUY listings for USDT/EUR
2025-04-28 21:24:20 - INFO - Data successfully saved to SQLite database. New listings - Bybit: 4, Binance: 6
2025-04-28 21:24:20 - INFO - Browser session closed
2025-04-28 21:24:20 - INFO - SQLite database connection closed
2025-04-28 21:41:44 - INFO - Logging initialized. Log file: pb2b/logs/bybit_scraper_20250428.log
2025-04-28 21:41:46 - INFO - DataSaver logging initialized. Log file: pb2b/logs/data_saver_20250428.log
2025-04-28 21:41:46 - INFO - Connected to SQLite database: pb2b/p2p_listings.db
2025-04-28 21:41:46 - INFO - Database tables created successfully
2025-04-28 21:41:46 - INFO - Attempt 1/10: Loading https://www.bybit.com/fiat/trade/otc?actionType=1&token=USDT&fiat=NGN
2025-04-28 21:41:56 - INFO - Screenshot saved as 'pb2b/screenshots/bybit_page_20250428_214156.png'
2025-04-28 21:41:56 - INFO - Fetching BUY listings for USDT/EUR
2025-04-28 21:41:57 - INFO - Data successfully saved to SQLite database. New listings - Bybit: 4, Binance: 6
2025-04-28 21:41:57 - INFO - Browser session closed
2025-04-28 21:41:57 - INFO - SQLite database connection closed
2025-04-28 21:53:29 - INFO - Logging initialized. Log file: pb2b/logs/bybit_scraper_20250428.log
2025-04-28 21:53:30 - INFO - DataSaver logging initialized. Log file: pb2b/logs/data_saver_20250428.log
2025-04-28 21:53:30 - INFO - Connected to SQLite database: pb2b/p2p_listings.db
2025-04-28 21:53:30 - INFO - Database tables created successfully
2025-04-28 21:53:30 - INFO - Attempt 1/10: Loading https://www.bybit.com/fiat/trade/otc?actionType=1&token=USDT&fiat=NGN
2025-04-28 21:53:44 - INFO - Screenshot saved as 'pb2b/screenshots/bybit_page_20250428_215343.png'
2025-04-28 21:53:44 - INFO - Fetching BUY listings for USDT/EUR
2025-04-28 21:53:45 - INFO - Data successfully saved to SQLite database. New listings - Bybit: 4, Binance: 6
2025-04-28 21:53:45 - INFO - Browser session closed
2025-04-28 21:53:45 - INFO - SQLite database connection closed
2025-04-28 22:18:23 - INFO - Logging initialized. Log file: pb2b/logs/bybit_scraper_20250428.log
2025-04-28 22:18:23 - INFO - DataSaver logging initialized. Log file: pb2b/logs/data_saver_20250428.log
2025-04-28 22:18:23 - INFO - Connected to SQLite database: pb2b/p2p_listings.db
2025-04-28 22:18:23 - INFO - Database tables created successfully
2025-04-28 22:18:23 - INFO - Attempt 1/10: Loading https://www.bybit.com/fiat/trade/otc?actionType=1&token=USDT&fiat=NGN
2025-04-28 22:18:34 - INFO - Screenshot saved as 'pb2b/screenshots/bybit_page_20250428_221833.png'
2025-04-28 22:18:34 - INFO - Fetching BUY listings for USDT/EUR
2025-04-28 22:18:35 - INFO - Data successfully saved to SQLite database. New listings - Bybit: 4, Binance: 6
2025-04-28 22:18:35 - INFO - Browser session closed
2025-04-28 22:18:35 - INFO - SQLite database connection closed
2025-04-28 22:40:46 - INFO - Logging initialized. Log file: pb2b/logs/bybit_scraper_20250428.log
2025-04-28 22:40:47 - INFO - DataSaver logging initialized. Log file: pb2b/logs/data_saver_20250428.log
2025-04-28 22:40:47 - INFO - Connected to SQLite database: pb2b/p2p_listings.db
2025-04-28 22:40:47 - INFO - Database tables created successfully
2025-04-28 22:40:47 - INFO - Attempt 1/10: Loading https://www.bybit.com/fiat/trade/otc?actionType=1&token=USDT&fiat=NGN
2025-04-28 22:40:57 - INFO - Screenshot saved as 'pb2b/screenshots/bybit_page_20250428_224056.png'
2025-04-28 22:40:57 - INFO - Fetching BUY listings for USDT/EUR
2025-04-28 22:40:58 - INFO - Data successfully saved to SQLite database. New listings - Bybit: 4, Binance: 6
2025-04-28 22:40:58 - INFO - Browser session closed
2025-04-28 22:40:58 - INFO - SQLite database connection closed
2025-04-28 22:52:53 - INFO - Logging initialized. Log file: pb2b/logs/bybit_scraper_20250428.log
2025-04-28 22:52:54 - INFO - DataSaver logging initialized. Log file: pb2b/logs/data_saver_20250428.log
2025-04-28 22:52:54 - INFO - Connected to SQLite database: pb2b/p2p_listings.db
2025-04-28 22:52:54 - INFO - Database tables created successfully
2025-04-28 22:52:54 - INFO - Attempt 1/10: Loading https://www.bybit.com/fiat/trade/otc?actionType=1&token=USDT&fiat=NGN
2025-04-28 22:53:05 - INFO - Screenshot saved as 'pb2b/screenshots/bybit_page_20250428_225305.png'
2025-04-28 22:53:05 - INFO - Fetching BUY listings for USDT/EUR
2025-04-28 22:53:06 - INFO - Data successfully saved to SQLite database. New listings - Bybit: 4, Binance: 6
2025-04-28 22:53:06 - INFO - Browser session closed
2025-04-28 22:53:06 - INFO - SQLite database connection closed
2025-04-28 23:16:22 - INFO - Logging initialized. Log file: pb2b/logs/bybit_scraper_20250428.log
2025-04-28 23:16:23 - INFO - DataSaver logging initialized. Log file: pb2b/logs/data_saver_20250428.log
2025-04-28 23:16:23 - INFO - Connected to SQLite database: pb2b/p2p_listings.db
2025-04-28 23:16:23 - INFO - Database tables created successfully
2025-04-28 23:16:23 - INFO - Attempt 1/10: Loading https://www.bybit.com/fiat/trade/otc?actionType=1&token=USDT&fiat=NGN
2025-04-28 23:16:38 - INFO - Screenshot saved as 'pb2b/screenshots/bybit_page_20250428_231638.png'
2025-04-28 23:16:38 - INFO - Fetching BUY listings for USDT/EUR
2025-04-28 23:16:39 - INFO - Data successfully saved to SQLite database. New listings - Bybit: 4, Binance: 6
2025-04-28 23:16:39 - INFO - Browser session closed
2025-04-28 23:16:39 - INFO - SQLite database connection closed
