2025-08-02 00:02:57 - INFO - Logging initialized. Log file: pb2b/logs/bybit_scraper_20250802.log
2025-08-02 00:02:58 - INFO - DataSaver logging initialized. Log file: pb2b/logs/data_saver_20250802.log
2025-08-02 00:02:58 - INFO - Connected to SQLite database: pb2b/p2p_listings.db
2025-08-02 00:02:58 - INFO - Database tables created successfully
2025-08-02 00:02:58 - INFO - Attempt 1/10: Loading https://www.bybit.com/fiat/trade/otc?actionType=1&token=USDT&fiat=NGN
2025-08-02 00:03:07 - INFO - Screenshot saved as 'pb2b/screenshots/bybit_page_20250802_000307.png'
2025-08-02 00:03:08 - INFO - Fetching BUY listings for USDT/EUR
2025-08-02 00:03:08 - INFO - Data successfully saved to SQLite database. New listings - Bybit: 4, Binance: 6
2025-08-02 00:03:09 - INFO - Browser session closed
2025-08-02 00:03:09 - INFO - SQLite database connection closed
2025-08-02 02:26:25 - INFO - Logging initialized. Log file: pb2b/logs/bybit_scraper_20250802.log
2025-08-02 02:26:26 - INFO - DataSaver logging initialized. Log file: pb2b/logs/data_saver_20250802.log
2025-08-02 02:26:26 - INFO - Connected to SQLite database: pb2b/p2p_listings.db
2025-08-02 02:26:26 - INFO - Database tables created successfully
2025-08-02 02:26:26 - INFO - Attempt 1/10: Loading https://www.bybit.com/fiat/trade/otc?actionType=1&token=USDT&fiat=NGN
2025-08-02 02:26:36 - INFO - Screenshot saved as 'pb2b/screenshots/bybit_page_20250802_022635.png'
2025-08-02 02:26:36 - INFO - Fetching BUY listings for USDT/EUR
2025-08-02 02:26:37 - INFO - Data successfully saved to SQLite database. New listings - Bybit: 4, Binance: 6
2025-08-02 02:26:37 - INFO - Browser session closed
2025-08-02 02:26:37 - INFO - SQLite database connection closed
2025-08-02 03:47:18 - INFO - Logging initialized. Log file: pb2b/logs/bybit_scraper_20250802.log
2025-08-02 03:47:19 - INFO - DataSaver logging initialized. Log file: pb2b/logs/data_saver_20250802.log
2025-08-02 03:47:19 - INFO - Connected to SQLite database: pb2b/p2p_listings.db
2025-08-02 03:47:19 - INFO - Database tables created successfully
2025-08-02 03:47:19 - INFO - Attempt 1/10: Loading https://www.bybit.com/fiat/trade/otc?actionType=1&token=USDT&fiat=NGN
2025-08-02 03:47:28 - INFO - Screenshot saved as 'pb2b/screenshots/bybit_page_20250802_034728.png'
2025-08-02 03:47:29 - INFO - Fetching BUY listings for USDT/EUR
2025-08-02 03:47:30 - INFO - Data successfully saved to SQLite database. New listings - Bybit: 4, Binance: 6
2025-08-02 03:47:30 - INFO - Browser session closed
2025-08-02 03:47:30 - INFO - SQLite database connection closed
2025-08-02 04:25:58 - INFO - Logging initialized. Log file: pb2b/logs/bybit_scraper_20250802.log
2025-08-02 04:25:59 - INFO - DataSaver logging initialized. Log file: pb2b/logs/data_saver_20250802.log
2025-08-02 04:25:59 - INFO - Connected to SQLite database: pb2b/p2p_listings.db
2025-08-02 04:25:59 - INFO - Database tables created successfully
2025-08-02 04:25:59 - INFO - Attempt 1/10: Loading https://www.bybit.com/fiat/trade/otc?actionType=1&token=USDT&fiat=NGN
2025-08-02 04:26:09 - INFO - Screenshot saved as 'pb2b/screenshots/bybit_page_20250802_042609.png'
2025-08-02 04:26:09 - INFO - Fetching BUY listings for USDT/EUR
2025-08-02 04:26:10 - INFO - Data successfully saved to SQLite database. New listings - Bybit: 4, Binance: 6
2025-08-02 04:26:10 - INFO - Browser session closed
2025-08-02 04:26:10 - INFO - SQLite database connection closed
2025-08-02 04:59:58 - INFO - Logging initialized. Log file: pb2b/logs/bybit_scraper_20250802.log
2025-08-02 04:59:59 - INFO - DataSaver logging initialized. Log file: pb2b/logs/data_saver_20250802.log
2025-08-02 04:59:59 - INFO - Connected to SQLite database: pb2b/p2p_listings.db
2025-08-02 04:59:59 - INFO - Database tables created successfully
2025-08-02 04:59:59 - INFO - Attempt 1/10: Loading https://www.bybit.com/fiat/trade/otc?actionType=1&token=USDT&fiat=NGN
2025-08-02 05:00:08 - INFO - Screenshot saved as 'pb2b/screenshots/bybit_page_20250802_050008.png'
2025-08-02 05:00:09 - INFO - Fetching BUY listings for USDT/EUR
2025-08-02 05:00:09 - INFO - Data successfully saved to SQLite database. New listings - Bybit: 4, Binance: 6
2025-08-02 05:00:09 - INFO - Browser session closed
2025-08-02 05:00:09 - INFO - SQLite database connection closed
2025-08-02 05:35:28 - INFO - Logging initialized. Log file: pb2b/logs/bybit_scraper_20250802.log
2025-08-02 05:35:29 - INFO - DataSaver logging initialized. Log file: pb2b/logs/data_saver_20250802.log
2025-08-02 05:35:29 - INFO - Connected to SQLite database: pb2b/p2p_listings.db
2025-08-02 05:35:29 - INFO - Database tables created successfully
2025-08-02 05:35:29 - INFO - Attempt 1/10: Loading https://www.bybit.com/fiat/trade/otc?actionType=1&token=USDT&fiat=NGN
2025-08-02 05:35:41 - INFO - Screenshot saved as 'pb2b/screenshots/bybit_page_20250802_053541.png'
2025-08-02 05:35:41 - INFO - Fetching BUY listings for USDT/EUR
2025-08-02 05:35:42 - INFO - Data successfully saved to SQLite database. New listings - Bybit: 4, Binance: 6
2025-08-02 05:35:42 - INFO - Browser session closed
2025-08-02 05:35:42 - INFO - SQLite database connection closed
2025-08-02 05:58:43 - INFO - Logging initialized. Log file: pb2b/logs/bybit_scraper_20250802.log
2025-08-02 05:58:44 - INFO - DataSaver logging initialized. Log file: pb2b/logs/data_saver_20250802.log
2025-08-02 05:58:44 - INFO - Connected to SQLite database: pb2b/p2p_listings.db
2025-08-02 05:58:44 - INFO - Database tables created successfully
2025-08-02 05:58:44 - INFO - Attempt 1/10: Loading https://www.bybit.com/fiat/trade/otc?actionType=1&token=USDT&fiat=NGN
2025-08-02 05:58:54 - INFO - Screenshot saved as 'pb2b/screenshots/bybit_page_20250802_055854.png'
2025-08-02 05:58:54 - INFO - Fetching BUY listings for USDT/EUR
2025-08-02 05:58:55 - INFO - Data successfully saved to SQLite database. New listings - Bybit: 4, Binance: 6
2025-08-02 05:58:55 - INFO - Browser session closed
2025-08-02 05:58:55 - INFO - SQLite database connection closed
2025-08-02 06:35:17 - INFO - Logging initialized. Log file: pb2b/logs/bybit_scraper_20250802.log
2025-08-02 06:35:18 - INFO - DataSaver logging initialized. Log file: pb2b/logs/data_saver_20250802.log
2025-08-02 06:35:18 - INFO - Connected to SQLite database: pb2b/p2p_listings.db
2025-08-02 06:35:18 - INFO - Database tables created successfully
2025-08-02 06:35:18 - INFO - Attempt 1/10: Loading https://www.bybit.com/fiat/trade/otc?actionType=1&token=USDT&fiat=NGN
2025-08-02 06:35:27 - INFO - Screenshot saved as 'pb2b/screenshots/bybit_page_20250802_063526.png'
2025-08-02 06:35:27 - INFO - Fetching BUY listings for USDT/EUR
2025-08-02 06:35:28 - INFO - Data successfully saved to SQLite database. New listings - Bybit: 4, Binance: 6
2025-08-02 06:35:28 - INFO - Browser session closed
2025-08-02 06:35:28 - INFO - SQLite database connection closed
2025-08-02 06:58:27 - INFO - Logging initialized. Log file: pb2b/logs/bybit_scraper_20250802.log
2025-08-02 06:58:28 - INFO - DataSaver logging initialized. Log file: pb2b/logs/data_saver_20250802.log
2025-08-02 06:58:28 - INFO - Connected to SQLite database: pb2b/p2p_listings.db
2025-08-02 06:58:28 - INFO - Database tables created successfully
2025-08-02 06:58:28 - INFO - Attempt 1/10: Loading https://www.bybit.com/fiat/trade/otc?actionType=1&token=USDT&fiat=NGN
2025-08-02 06:58:37 - INFO - Screenshot saved as 'pb2b/screenshots/bybit_page_20250802_065837.png'
2025-08-02 06:58:37 - INFO - Fetching BUY listings for USDT/EUR
2025-08-02 06:58:38 - INFO - Data successfully saved to SQLite database. New listings - Bybit: 4, Binance: 6
2025-08-02 06:58:38 - INFO - Browser session closed
2025-08-02 06:58:38 - INFO - SQLite database connection closed
2025-08-02 07:29:29 - INFO - Logging initialized. Log file: pb2b/logs/bybit_scraper_20250802.log
2025-08-02 07:29:30 - INFO - DataSaver logging initialized. Log file: pb2b/logs/data_saver_20250802.log
2025-08-02 07:29:30 - INFO - Connected to SQLite database: pb2b/p2p_listings.db
2025-08-02 07:29:30 - INFO - Database tables created successfully
2025-08-02 07:29:30 - INFO - Attempt 1/10: Loading https://www.bybit.com/fiat/trade/otc?actionType=1&token=USDT&fiat=NGN
2025-08-02 07:29:39 - INFO - Screenshot saved as 'pb2b/screenshots/bybit_page_20250802_072939.png'
2025-08-02 07:29:40 - INFO - Fetching BUY listings for USDT/EUR
2025-08-02 07:29:40 - INFO - Data successfully saved to SQLite database. New listings - Bybit: 4, Binance: 6
2025-08-02 07:29:40 - INFO - Browser session closed
2025-08-02 07:29:40 - INFO - SQLite database connection closed
2025-08-02 07:46:29 - INFO - Logging initialized. Log file: pb2b/logs/bybit_scraper_20250802.log
2025-08-02 07:46:30 - INFO - DataSaver logging initialized. Log file: pb2b/logs/data_saver_20250802.log
2025-08-02 07:46:30 - INFO - Connected to SQLite database: pb2b/p2p_listings.db
2025-08-02 07:46:30 - INFO - Database tables created successfully
2025-08-02 07:46:30 - INFO - Attempt 1/10: Loading https://www.bybit.com/fiat/trade/otc?actionType=1&token=USDT&fiat=NGN
2025-08-02 07:46:38 - INFO - Screenshot saved as 'pb2b/screenshots/bybit_page_20250802_074638.png'
2025-08-02 07:46:39 - INFO - Fetching BUY listings for USDT/EUR
2025-08-02 07:46:40 - INFO - Data successfully saved to SQLite database. New listings - Bybit: 4, Binance: 6
2025-08-02 07:46:40 - INFO - Browser session closed
2025-08-02 07:46:40 - INFO - SQLite database connection closed
2025-08-02 07:59:43 - INFO - Logging initialized. Log file: pb2b/logs/bybit_scraper_20250802.log
2025-08-02 07:59:44 - INFO - DataSaver logging initialized. Log file: pb2b/logs/data_saver_20250802.log
2025-08-02 07:59:44 - INFO - Connected to SQLite database: pb2b/p2p_listings.db
2025-08-02 07:59:44 - INFO - Database tables created successfully
2025-08-02 07:59:44 - INFO - Attempt 1/10: Loading https://www.bybit.com/fiat/trade/otc?actionType=1&token=USDT&fiat=NGN
2025-08-02 07:59:53 - INFO - Screenshot saved as 'pb2b/screenshots/bybit_page_20250802_075953.png'
2025-08-02 07:59:54 - INFO - Fetching BUY listings for USDT/EUR
2025-08-02 07:59:55 - INFO - Data successfully saved to SQLite database. New listings - Bybit: 4, Binance: 6
2025-08-02 07:59:55 - INFO - Browser session closed
2025-08-02 07:59:55 - INFO - SQLite database connection closed
2025-08-02 08:37:24 - INFO - Logging initialized. Log file: pb2b/logs/bybit_scraper_20250802.log
2025-08-02 08:37:25 - INFO - DataSaver logging initialized. Log file: pb2b/logs/data_saver_20250802.log
2025-08-02 08:37:25 - INFO - Connected to SQLite database: pb2b/p2p_listings.db
2025-08-02 08:37:25 - INFO - Database tables created successfully
2025-08-02 08:37:25 - INFO - Attempt 1/10: Loading https://www.bybit.com/fiat/trade/otc?actionType=1&token=USDT&fiat=NGN
2025-08-02 08:37:34 - INFO - Screenshot saved as 'pb2b/screenshots/bybit_page_20250802_083734.png'
2025-08-02 08:37:34 - INFO - Fetching BUY listings for USDT/EUR
2025-08-02 08:37:35 - INFO - Data successfully saved to SQLite database. New listings - Bybit: 4, Binance: 6
2025-08-02 08:37:35 - INFO - Browser session closed
2025-08-02 08:37:35 - INFO - SQLite database connection closed
2025-08-02 09:00:06 - INFO - Logging initialized. Log file: pb2b/logs/bybit_scraper_20250802.log
2025-08-02 09:00:08 - INFO - DataSaver logging initialized. Log file: pb2b/logs/data_saver_20250802.log
2025-08-02 09:00:08 - INFO - Connected to SQLite database: pb2b/p2p_listings.db
2025-08-02 09:00:08 - INFO - Database tables created successfully
2025-08-02 09:00:08 - INFO - Attempt 1/10: Loading https://www.bybit.com/fiat/trade/otc?actionType=1&token=USDT&fiat=NGN
2025-08-02 09:00:17 - INFO - Screenshot saved as 'pb2b/screenshots/bybit_page_20250802_090016.png'
2025-08-02 09:00:17 - INFO - Fetching BUY listings for USDT/EUR
2025-08-02 09:00:18 - INFO - Data successfully saved to SQLite database. New listings - Bybit: 4, Binance: 6
2025-08-02 09:00:18 - INFO - Browser session closed
2025-08-02 09:00:18 - INFO - SQLite database connection closed
2025-08-02 09:33:22 - INFO - Logging initialized. Log file: pb2b/logs/bybit_scraper_20250802.log
2025-08-02 09:33:23 - INFO - DataSaver logging initialized. Log file: pb2b/logs/data_saver_20250802.log
2025-08-02 09:33:23 - INFO - Connected to SQLite database: pb2b/p2p_listings.db
2025-08-02 09:33:23 - INFO - Database tables created successfully
2025-08-02 09:33:23 - INFO - Attempt 1/10: Loading https://www.bybit.com/fiat/trade/otc?actionType=1&token=USDT&fiat=NGN
2025-08-02 09:33:34 - INFO - Screenshot saved as 'pb2b/screenshots/bybit_page_20250802_093333.png'
2025-08-02 09:33:34 - INFO - Fetching BUY listings for USDT/EUR
2025-08-02 09:33:35 - INFO - Data successfully saved to SQLite database. New listings - Bybit: 4, Binance: 6
2025-08-02 09:33:35 - INFO - Browser session closed
2025-08-02 09:33:35 - INFO - SQLite database connection closed
2025-08-02 09:51:51 - INFO - Logging initialized. Log file: pb2b/logs/bybit_scraper_20250802.log
2025-08-02 09:51:51 - INFO - DataSaver logging initialized. Log file: pb2b/logs/data_saver_20250802.log
2025-08-02 09:51:51 - INFO - Connected to SQLite database: pb2b/p2p_listings.db
2025-08-02 09:51:51 - INFO - Database tables created successfully
2025-08-02 09:51:51 - INFO - Attempt 1/10: Loading https://www.bybit.com/fiat/trade/otc?actionType=1&token=USDT&fiat=NGN
2025-08-02 09:51:59 - INFO - Screenshot saved as 'pb2b/screenshots/bybit_page_20250802_095159.png'
2025-08-02 09:52:00 - INFO - Fetching BUY listings for USDT/EUR
2025-08-02 09:52:01 - INFO - Data successfully saved to SQLite database. New listings - Bybit: 4, Binance: 6
2025-08-02 09:52:01 - INFO - Browser session closed
2025-08-02 09:52:01 - INFO - SQLite database connection closed
2025-08-02 10:14:03 - INFO - Logging initialized. Log file: pb2b/logs/bybit_scraper_20250802.log
2025-08-02 10:14:04 - INFO - DataSaver logging initialized. Log file: pb2b/logs/data_saver_20250802.log
2025-08-02 10:14:04 - INFO - Connected to SQLite database: pb2b/p2p_listings.db
2025-08-02 10:14:04 - INFO - Database tables created successfully
2025-08-02 10:14:04 - INFO - Attempt 1/10: Loading https://www.bybit.com/fiat/trade/otc?actionType=1&token=USDT&fiat=NGN
2025-08-02 10:14:13 - INFO - Screenshot saved as 'pb2b/screenshots/bybit_page_20250802_101413.png'
2025-08-02 10:14:13 - INFO - Fetching BUY listings for USDT/EUR
2025-08-02 10:14:14 - INFO - Data successfully saved to SQLite database. New listings - Bybit: 4, Binance: 6
2025-08-02 10:14:14 - INFO - Browser session closed
2025-08-02 10:14:14 - INFO - SQLite database connection closed
2025-08-02 10:43:46 - INFO - Logging initialized. Log file: pb2b/logs/bybit_scraper_20250802.log
2025-08-02 10:43:46 - INFO - DataSaver logging initialized. Log file: pb2b/logs/data_saver_20250802.log
2025-08-02 10:43:46 - INFO - Connected to SQLite database: pb2b/p2p_listings.db
2025-08-02 10:43:46 - INFO - Database tables created successfully
2025-08-02 10:43:46 - INFO - Attempt 1/10: Loading https://www.bybit.com/fiat/trade/otc?actionType=1&token=USDT&fiat=NGN
2025-08-02 10:43:56 - INFO - Screenshot saved as 'pb2b/screenshots/bybit_page_20250802_104356.png'
2025-08-02 10:43:56 - INFO - Fetching BUY listings for USDT/EUR
2025-08-02 10:43:57 - INFO - Data successfully saved to SQLite database. New listings - Bybit: 4, Binance: 6
2025-08-02 10:43:57 - INFO - Browser session closed
2025-08-02 10:43:57 - INFO - SQLite database connection closed
2025-08-02 10:58:19 - INFO - Logging initialized. Log file: pb2b/logs/bybit_scraper_20250802.log
2025-08-02 10:58:20 - INFO - DataSaver logging initialized. Log file: pb2b/logs/data_saver_20250802.log
2025-08-02 10:58:20 - INFO - Connected to SQLite database: pb2b/p2p_listings.db
2025-08-02 10:58:20 - INFO - Database tables created successfully
2025-08-02 10:58:20 - INFO - Attempt 1/10: Loading https://www.bybit.com/fiat/trade/otc?actionType=1&token=USDT&fiat=NGN
2025-08-02 10:58:28 - INFO - Screenshot saved as 'pb2b/screenshots/bybit_page_20250802_105828.png'
2025-08-02 10:58:29 - INFO - Fetching BUY listings for USDT/EUR
2025-08-02 10:58:29 - INFO - Data successfully saved to SQLite database. New listings - Bybit: 4, Binance: 6
2025-08-02 10:58:29 - INFO - Browser session closed
2025-08-02 10:58:29 - INFO - SQLite database connection closed
2025-08-02 11:26:59 - INFO - Logging initialized. Log file: pb2b/logs/bybit_scraper_20250802.log
2025-08-02 11:26:59 - INFO - DataSaver logging initialized. Log file: pb2b/logs/data_saver_20250802.log
2025-08-02 11:26:59 - INFO - Connected to SQLite database: pb2b/p2p_listings.db
2025-08-02 11:26:59 - INFO - Database tables created successfully
2025-08-02 11:26:59 - INFO - Attempt 1/10: Loading https://www.bybit.com/fiat/trade/otc?actionType=1&token=USDT&fiat=NGN
2025-08-02 11:27:08 - INFO - Screenshot saved as 'pb2b/screenshots/bybit_page_20250802_112708.png'
2025-08-02 11:27:09 - INFO - Fetching BUY listings for USDT/EUR
2025-08-02 11:27:09 - INFO - Data successfully saved to SQLite database. New listings - Bybit: 4, Binance: 6
2025-08-02 11:27:10 - INFO - Browser session closed
2025-08-02 11:27:10 - INFO - SQLite database connection closed
2025-08-02 11:44:06 - INFO - Logging initialized. Log file: pb2b/logs/bybit_scraper_20250802.log
2025-08-02 11:44:06 - INFO - DataSaver logging initialized. Log file: pb2b/logs/data_saver_20250802.log
2025-08-02 11:44:06 - INFO - Connected to SQLite database: pb2b/p2p_listings.db
2025-08-02 11:44:06 - INFO - Database tables created successfully
2025-08-02 11:44:06 - INFO - Attempt 1/10: Loading https://www.bybit.com/fiat/trade/otc?actionType=1&token=USDT&fiat=NGN
2025-08-02 11:44:16 - INFO - Screenshot saved as 'pb2b/screenshots/bybit_page_20250802_114416.png'
2025-08-02 11:44:16 - INFO - Fetching BUY listings for USDT/EUR
2025-08-02 11:44:17 - INFO - Data successfully saved to SQLite database. New listings - Bybit: 4, Binance: 6
2025-08-02 11:44:18 - INFO - Browser session closed
2025-08-02 11:44:18 - INFO - SQLite database connection closed
2025-08-02 11:57:22 - INFO - Logging initialized. Log file: pb2b/logs/bybit_scraper_20250802.log
2025-08-02 11:57:23 - INFO - DataSaver logging initialized. Log file: pb2b/logs/data_saver_20250802.log
2025-08-02 11:57:23 - INFO - Connected to SQLite database: pb2b/p2p_listings.db
2025-08-02 11:57:23 - INFO - Database tables created successfully
2025-08-02 11:57:23 - INFO - Attempt 1/10: Loading https://www.bybit.com/fiat/trade/otc?actionType=1&token=USDT&fiat=NGN
2025-08-02 11:57:31 - INFO - Screenshot saved as 'pb2b/screenshots/bybit_page_20250802_115731.png'
2025-08-02 11:57:32 - INFO - Fetching BUY listings for USDT/EUR
2025-08-02 11:57:32 - INFO - Data successfully saved to SQLite database. New listings - Bybit: 4, Binance: 6
2025-08-02 11:57:32 - INFO - Browser session closed
2025-08-02 11:57:32 - INFO - SQLite database connection closed
