2024-12-19 01:51:41 - INFO - Logging initialized. Log file: pb2b/logs/bybit_scraper_20241219.log
2024-12-19 01:51:42 - INFO - DataSaver logging initialized. Log file: pb2b/logs/data_saver_20241219.log
2024-12-19 01:51:42 - INFO - Connected to SQLite database: pb2b/p2p_listings.db
2024-12-19 01:51:42 - INFO - Database tables created successfully
2024-12-19 01:51:42 - INFO - Attempt 1/10: Loading https://www.bybit.com/fiat/trade/otc?actionType=1&token=USDT&fiat=NGN
2024-12-19 01:51:53 - INFO - Screenshot saved as 'pb2b/screenshots/bybit_page_20241219_015152.png'
2024-12-19 01:51:53 - INFO - Fetching BUY listings for USDT/EUR
2024-12-19 01:51:54 - INFO - Data successfully saved to SQLite database. New listings - Bybit: 5, Binance: 6
2024-12-19 01:51:54 - INFO - Browser session closed
2024-12-19 01:51:54 - INFO - SQLite database connection closed
2024-12-19 02:55:17 - INFO - Logging initialized. Log file: pb2b/logs/bybit_scraper_20241219.log
2024-12-19 02:55:18 - INFO - DataSaver logging initialized. Log file: pb2b/logs/data_saver_20241219.log
2024-12-19 02:55:18 - INFO - Connected to SQLite database: pb2b/p2p_listings.db
2024-12-19 02:55:18 - INFO - Database tables created successfully
2024-12-19 02:55:18 - INFO - Attempt 1/10: Loading https://www.bybit.com/fiat/trade/otc?actionType=1&token=USDT&fiat=NGN
2024-12-19 02:55:29 - INFO - Screenshot saved as 'pb2b/screenshots/bybit_page_20241219_025529.png'
2024-12-19 02:55:29 - INFO - Fetching BUY listings for USDT/EUR
2024-12-19 02:55:30 - INFO - Data successfully saved to SQLite database. New listings - Bybit: 5, Binance: 6
2024-12-19 02:55:30 - INFO - Browser session closed
2024-12-19 02:55:30 - INFO - SQLite database connection closed
