2026-01-26 00:04:08 - INFO - Logging initialized. Log file: pb2b/logs/bybit_scraper_20260126.log
2026-01-26 00:04:10 - INFO - DataSaver logging initialized. Log file: pb2b/logs/data_saver_20260126.log
2026-01-26 00:04:10 - INFO - Connected to SQLite database: pb2b/p2p_listings.db
2026-01-26 00:04:10 - INFO - Database tables created successfully
2026-01-26 00:04:10 - INFO - Attempt 1/10: Loading https://www.bybit.com/fiat/trade/otc?actionType=1&token=USDT&fiat=NGN
2026-01-26 00:04:27 - INFO - Screenshot saved as 'pb2b/screenshots/bybit_page_20260126_000427.png'
2026-01-26 00:04:27 - WARNING - Error parsing row: Message: no such element: Unable to locate element: {"method":"css selector","selector":"td:nth-child(2)"}
  (Session info: chrome=144.0.7559.96); For documentation on this error, please visit: https://www.selenium.dev/documentation/webdriver/troubleshooting/errors#nosuchelementexception
Stacktrace:
#0 0x55afaa180c3a <unknown>
#1 0x55afa9b9a969 <unknown>
#2 0x55afa9befead <unknown>
#3 0x55afa9bf00f1 <unknown>
#4 0x55afa9be36e6 <unknown>
#5 0x55afa9be35c7 <unknown>
#6 0x55afa9c38a20 <unknown>
#7 0x55afa9be1be2 <unknown>
#8 0x55afa9be2991 <unknown>
#9 0x55afaa146a99 <unknown>
#10 0x55afaa1499b1 <unknown>
#11 0x55afaa1330a9 <unknown>
#12 0x55afaa14a56e <unknown>
#13 0x55afaa1195e0 <unknown>
#14 0x55afaa16e358 <unknown>
#15 0x55afaa16e528 <unknown>
#16 0x55afaa17ffa8 <unknown>
#17 0x7ff4f9c9caa4 <unknown>
#18 0x7ff4f9d29c6c <unknown>

2026-01-26 00:04:28 - INFO - Fetching BUY listings for USDT/EUR
2026-01-26 00:04:28 - INFO - Data successfully saved to SQLite database. New listings - Bybit: 5, Binance: 6
2026-01-26 00:04:28 - INFO - Browser session closed
2026-01-26 00:04:28 - INFO - SQLite database connection closed
2026-01-26 02:43:03 - INFO - Logging initialized. Log file: pb2b/logs/bybit_scraper_20260126.log
2026-01-26 02:43:04 - INFO - DataSaver logging initialized. Log file: pb2b/logs/data_saver_20260126.log
2026-01-26 02:43:04 - INFO - Connected to SQLite database: pb2b/p2p_listings.db
2026-01-26 02:43:04 - INFO - Database tables created successfully
2026-01-26 02:43:04 - INFO - Attempt 1/10: Loading https://www.bybit.com/fiat/trade/otc?actionType=1&token=USDT&fiat=NGN
2026-01-26 02:43:15 - INFO - Screenshot saved as 'pb2b/screenshots/bybit_page_20260126_024315.png'
2026-01-26 02:43:15 - WARNING - Error parsing row: Message: no such element: Unable to locate element: {"method":"css selector","selector":"td:nth-child(2)"}
  (Session info: chrome=144.0.7559.96); For documentation on this error, please visit: https://www.selenium.dev/documentation/webdriver/troubleshooting/errors#nosuchelementexception
Stacktrace:
#0 0x55c58c5d1c3a <unknown>
#1 0x55c58bfeb969 <unknown>
#2 0x55c58c040ead <unknown>
#3 0x55c58c0410f1 <unknown>
#4 0x55c58c0346e6 <unknown>
#5 0x55c58c0345c7 <unknown>
#6 0x55c58c089a20 <unknown>
#7 0x55c58c032be2 <unknown>
#8 0x55c58c033991 <unknown>
#9 0x55c58c597a99 <unknown>
#10 0x55c58c59a9b1 <unknown>
#11 0x55c58c5840a9 <unknown>
#12 0x55c58c59b56e <unknown>
#13 0x55c58c56a5e0 <unknown>
#14 0x55c58c5bf358 <unknown>
#15 0x55c58c5bf528 <unknown>
#16 0x55c58c5d0fa8 <unknown>
#17 0x7f381e09caa4 <unknown>
#18 0x7f381e129c6c <unknown>

2026-01-26 02:43:15 - INFO - Fetching BUY listings for USDT/EUR
2026-01-26 02:43:16 - INFO - Data successfully saved to SQLite database. New listings - Bybit: 5, Binance: 6
2026-01-26 02:43:16 - INFO - Browser session closed
2026-01-26 02:43:16 - INFO - SQLite database connection closed
2026-01-26 04:16:04 - INFO - Logging initialized. Log file: pb2b/logs/bybit_scraper_20260126.log
2026-01-26 04:16:07 - INFO - DataSaver logging initialized. Log file: pb2b/logs/data_saver_20260126.log
2026-01-26 04:16:07 - INFO - Connected to SQLite database: pb2b/p2p_listings.db
2026-01-26 04:16:07 - INFO - Database tables created successfully
2026-01-26 04:16:07 - INFO - Attempt 1/10: Loading https://www.bybit.com/fiat/trade/otc?actionType=1&token=USDT&fiat=NGN
2026-01-26 04:16:19 - INFO - Screenshot saved as 'pb2b/screenshots/bybit_page_20260126_041619.png'
2026-01-26 04:16:19 - WARNING - Error parsing row: Message: no such element: Unable to locate element: {"method":"css selector","selector":"td:nth-child(2)"}
  (Session info: chrome=144.0.7559.96); For documentation on this error, please visit: https://www.selenium.dev/documentation/webdriver/troubleshooting/errors#nosuchelementexception
Stacktrace:
#0 0x55a1422e6c3a <unknown>
#1 0x55a141d00969 <unknown>
#2 0x55a141d55ead <unknown>
#3 0x55a141d560f1 <unknown>
#4 0x55a141d496e6 <unknown>
#5 0x55a141d495c7 <unknown>
#6 0x55a141d9ea20 <unknown>
#7 0x55a141d47be2 <unknown>
#8 0x55a141d48991 <unknown>
#9 0x55a1422aca99 <unknown>
#10 0x55a1422af9b1 <unknown>
#11 0x55a1422990a9 <unknown>
#12 0x55a1422b056e <unknown>
#13 0x55a14227f5e0 <unknown>
#14 0x55a1422d4358 <unknown>
#15 0x55a1422d4528 <unknown>
#16 0x55a1422e5fa8 <unknown>
#17 0x7f1d73e9caa4 <unknown>
#18 0x7f1d73f29c6c <unknown>

2026-01-26 04:16:19 - INFO - Fetching BUY listings for USDT/EUR
2026-01-26 04:16:20 - INFO - Data successfully saved to SQLite database. New listings - Bybit: 5, Binance: 6
2026-01-26 04:16:20 - INFO - Browser session closed
2026-01-26 04:16:20 - INFO - SQLite database connection closed
2026-01-26 05:10:26 - INFO - Logging initialized. Log file: pb2b/logs/bybit_scraper_20260126.log
2026-01-26 05:10:27 - INFO - DataSaver logging initialized. Log file: pb2b/logs/data_saver_20260126.log
2026-01-26 05:10:27 - INFO - Connected to SQLite database: pb2b/p2p_listings.db
2026-01-26 05:10:27 - INFO - Database tables created successfully
2026-01-26 05:10:27 - INFO - Attempt 1/10: Loading https://www.bybit.com/fiat/trade/otc?actionType=1&token=USDT&fiat=NGN
2026-01-26 05:10:44 - INFO - Screenshot saved as 'pb2b/screenshots/bybit_page_20260126_051044.png'
2026-01-26 05:10:44 - WARNING - Error parsing row: Message: no such element: Unable to locate element: {"method":"css selector","selector":"td:nth-child(2)"}
  (Session info: chrome=144.0.7559.96); For documentation on this error, please visit: https://www.selenium.dev/documentation/webdriver/troubleshooting/errors#nosuchelementexception
Stacktrace:
#0 0x56139d1cfc3a <unknown>
#1 0x56139cbe9969 <unknown>
#2 0x56139cc3eead <unknown>
#3 0x56139cc3f0f1 <unknown>
#4 0x56139cc326e6 <unknown>
#5 0x56139cc325c7 <unknown>
#6 0x56139cc87a20 <unknown>
#7 0x56139cc30be2 <unknown>
#8 0x56139cc31991 <unknown>
#9 0x56139d195a99 <unknown>
#10 0x56139d1989b1 <unknown>
#11 0x56139d1820a9 <unknown>
#12 0x56139d19956e <unknown>
#13 0x56139d1685e0 <unknown>
#14 0x56139d1bd358 <unknown>
#15 0x56139d1bd528 <unknown>
#16 0x56139d1cefa8 <unknown>
#17 0x7f2a2189caa4 <unknown>
#18 0x7f2a21929c6c <unknown>

2026-01-26 05:10:44 - INFO - Fetching BUY listings for USDT/EUR
2026-01-26 05:10:45 - INFO - Data successfully saved to SQLite database. New listings - Bybit: 5, Binance: 6
2026-01-26 05:10:45 - INFO - Browser session closed
2026-01-26 05:10:45 - INFO - SQLite database connection closed
