2024-12-24 01:46:36 - INFO - Logging initialized. Log file: pb2b/logs/bybit_scraper_20241224.log
2024-12-24 01:46:38 - INFO - DataSaver logging initialized. Log file: pb2b/logs/data_saver_20241224.log
2024-12-24 01:46:38 - INFO - Connected to SQLite database: pb2b/p2p_listings.db
2024-12-24 01:46:38 - INFO - Database tables created successfully
2024-12-24 01:46:38 - INFO - Attempt 1/10: Loading https://www.bybit.com/fiat/trade/otc?actionType=1&token=USDT&fiat=NGN
2024-12-24 01:46:48 - INFO - Screenshot saved as 'pb2b/screenshots/bybit_page_20241224_014648.png'
2024-12-24 01:46:48 - INFO - Fetching BUY listings for USDT/EUR
2024-12-24 01:46:49 - INFO - Data successfully saved to SQLite database. New listings - Bybit: 5, Binance: 6
2024-12-24 01:46:49 - INFO - Browser session closed
2024-12-24 01:46:49 - INFO - SQLite database connection closed
2024-12-24 02:42:02 - INFO - Logging initialized. Log file: pb2b/logs/bybit_scraper_20241224.log
2024-12-24 02:42:02 - INFO - DataSaver logging initialized. Log file: pb2b/logs/data_saver_20241224.log
2024-12-24 02:42:02 - INFO - Connected to SQLite database: pb2b/p2p_listings.db
2024-12-24 02:42:02 - INFO - Database tables created successfully
2024-12-24 02:42:02 - INFO - Attempt 1/10: Loading https://www.bybit.com/fiat/trade/otc?actionType=1&token=USDT&fiat=NGN
2024-12-24 02:42:13 - INFO - Screenshot saved as 'pb2b/screenshots/bybit_page_20241224_024212.png'
2024-12-24 02:42:13 - INFO - Fetching BUY listings for USDT/EUR
2024-12-24 02:42:13 - INFO - Data successfully saved to SQLite database. New listings - Bybit: 5, Binance: 6
2024-12-24 02:42:14 - INFO - Browser session closed
2024-12-24 02:42:14 - INFO - SQLite database connection closed
2024-12-24 03:12:39 - INFO - Logging initialized. Log file: pb2b/logs/bybit_scraper_20241224.log
2024-12-24 03:12:40 - INFO - DataSaver logging initialized. Log file: pb2b/logs/data_saver_20241224.log
2024-12-24 03:12:40 - INFO - Connected to SQLite database: pb2b/p2p_listings.db
2024-12-24 03:12:40 - INFO - Database tables created successfully
2024-12-24 03:12:40 - INFO - Attempt 1/10: Loading https://www.bybit.com/fiat/trade/otc?actionType=1&token=USDT&fiat=NGN
2024-12-24 03:12:52 - INFO - Screenshot saved as 'pb2b/screenshots/bybit_page_20241224_031251.png'
2024-12-24 03:12:52 - INFO - Fetching BUY listings for USDT/EUR
2024-12-24 03:12:52 - INFO - Data successfully saved to SQLite database. New listings - Bybit: 5, Binance: 6
2024-12-24 03:12:52 - INFO - Browser session closed
2024-12-24 03:12:52 - INFO - SQLite database connection closed
2024-12-24 03:37:23 - INFO - Logging initialized. Log file: pb2b/logs/bybit_scraper_20241224.log
2024-12-24 03:37:24 - INFO - DataSaver logging initialized. Log file: pb2b/logs/data_saver_20241224.log
2024-12-24 03:37:24 - INFO - Connected to SQLite database: pb2b/p2p_listings.db
2024-12-24 03:37:24 - INFO - Database tables created successfully
2024-12-24 03:37:24 - INFO - Attempt 1/10: Loading https://www.bybit.com/fiat/trade/otc?actionType=1&token=USDT&fiat=NGN
2024-12-24 03:37:36 - INFO - Screenshot saved as 'pb2b/screenshots/bybit_page_20241224_033735.png'
2024-12-24 03:37:36 - INFO - Fetching BUY listings for USDT/EUR
2024-12-24 03:37:37 - INFO - Data successfully saved to SQLite database. New listings - Bybit: 5, Binance: 6
2024-12-24 03:37:37 - INFO - Browser session closed
2024-12-24 03:37:37 - INFO - SQLite database connection closed
