2025-01-04 01:44:30 - INFO - Logging initialized. Log file: pb2b/logs/bybit_scraper_20250104.log
2025-01-04 01:44:31 - INFO - DataSaver logging initialized. Log file: pb2b/logs/data_saver_20250104.log
2025-01-04 01:44:31 - INFO - Connected to SQLite database: pb2b/p2p_listings.db
2025-01-04 01:44:31 - INFO - Database tables created successfully
2025-01-04 01:44:31 - INFO - Attempt 1/10: Loading https://www.bybit.com/fiat/trade/otc?actionType=1&token=USDT&fiat=NGN
2025-01-04 01:44:41 - INFO - Screenshot saved as 'pb2b/screenshots/bybit_page_20250104_014441.png'
2025-01-04 01:44:42 - INFO - Fetching BUY listings for USDT/EUR
2025-01-04 01:44:42 - INFO - Data successfully saved to SQLite database. New listings - Bybit: 4, Binance: 6
2025-01-04 01:44:42 - INFO - Browser session closed
2025-01-04 01:44:42 - INFO - SQLite database connection closed
2025-01-04 02:39:31 - INFO - Logging initialized. Log file: pb2b/logs/bybit_scraper_20250104.log
2025-01-04 02:39:32 - INFO - DataSaver logging initialized. Log file: pb2b/logs/data_saver_20250104.log
2025-01-04 02:39:32 - INFO - Connected to SQLite database: pb2b/p2p_listings.db
2025-01-04 02:39:32 - INFO - Database tables created successfully
2025-01-04 02:39:32 - INFO - Attempt 1/10: Loading https://www.bybit.com/fiat/trade/otc?actionType=1&token=USDT&fiat=NGN
2025-01-04 02:39:43 - INFO - Screenshot saved as 'pb2b/screenshots/bybit_page_20250104_023943.png'
2025-01-04 02:39:44 - INFO - Fetching BUY listings for USDT/EUR
2025-01-04 02:39:44 - INFO - Data successfully saved to SQLite database. New listings - Bybit: 4, Binance: 6
2025-01-04 02:39:44 - INFO - Browser session closed
2025-01-04 02:39:44 - INFO - SQLite database connection closed
2025-01-04 03:03:25 - INFO - Logging initialized. Log file: pb2b/logs/bybit_scraper_20250104.log
2025-01-04 03:03:25 - INFO - DataSaver logging initialized. Log file: pb2b/logs/data_saver_20250104.log
2025-01-04 03:03:25 - INFO - Connected to SQLite database: pb2b/p2p_listings.db
2025-01-04 03:03:25 - INFO - Database tables created successfully
2025-01-04 03:03:25 - INFO - Attempt 1/10: Loading https://www.bybit.com/fiat/trade/otc?actionType=1&token=USDT&fiat=NGN
2025-01-04 03:03:35 - INFO - Screenshot saved as 'pb2b/screenshots/bybit_page_20250104_030334.png'
2025-01-04 03:03:35 - INFO - Fetching BUY listings for USDT/EUR
2025-01-04 03:03:36 - INFO - Data successfully saved to SQLite database. New listings - Bybit: 4, Binance: 6
2025-01-04 03:03:36 - INFO - Browser session closed
2025-01-04 03:03:36 - INFO - SQLite database connection closed
