2026-03-27 00:00:54 - INFO - Logging initialized. Log file: pb2b/logs/bybit_scraper_20260327.log
2026-03-27 00:00:55 - INFO - DataSaver logging initialized. Log file: pb2b/logs/data_saver_20260327.log
2026-03-27 00:00:55 - INFO - Connected to SQLite database: pb2b/p2p_listings.db
2026-03-27 00:00:55 - INFO - Database tables created successfully
2026-03-27 00:00:55 - INFO - Attempt 1/10: Loading https://www.bybit.com/fiat/trade/otc?actionType=1&token=USDT&fiat=NGN
2026-03-27 00:01:03 - INFO - Screenshot saved as 'pb2b/screenshots/bybit_page_20260327_000103.png'
2026-03-27 00:01:03 - WARNING - Error parsing row: Message: no such element: Unable to locate element: {"method":"css selector","selector":"td:nth-child(2)"}
  (Session info: chrome=146.0.7680.164); For documentation on this error, please visit: https://www.selenium.dev/documentation/webdriver/troubleshooting/errors#nosuchelementexception
Stacktrace:
#0 0x55b6e81efa6a <unknown>
#1 0x55b6e7bfeab5 <unknown>
#2 0x55b6e7c51676 <unknown>
#3 0x55b6e7c518b1 <unknown>
#4 0x55b6e7c46616 <unknown>
#5 0x55b6e7c464f7 <unknown>
#6 0x55b6e7c997b6 <unknown>
#7 0x55b6e7c44cbf <unknown>
#8 0x55b6e7c45a81 <unknown>
#9 0x55b6e81b5a64 <unknown>
#10 0x55b6e81b8951 <unknown>
#11 0x55b6e81a221e <unknown>
#12 0x55b6e81b951e <unknown>
#13 0x55b6e8188be0 <unknown>
#14 0x55b6e81dc9b8 <unknown>
#15 0x55b6e81dcb88 <unknown>
#16 0x55b6e81ee4de <unknown>
#17 0x7f886e09caa4 <unknown>
#18 0x7f886e129c6c <unknown>

2026-03-27 00:01:03 - WARNING - Error parsing row: Message: no such element: Unable to locate element: {"method":"css selector","selector":"td:nth-child(2)"}
  (Session info: chrome=146.0.7680.164); For documentation on this error, please visit: https://www.selenium.dev/documentation/webdriver/troubleshooting/errors#nosuchelementexception
Stacktrace:
#0 0x55b6e81efa6a <unknown>
#1 0x55b6e7bfeab5 <unknown>
#2 0x55b6e7c51676 <unknown>
#3 0x55b6e7c518b1 <unknown>
#4 0x55b6e7c46616 <unknown>
#5 0x55b6e7c464f7 <unknown>
#6 0x55b6e7c997b6 <unknown>
#7 0x55b6e7c44cbf <unknown>
#8 0x55b6e7c45a81 <unknown>
#9 0x55b6e81b5a64 <unknown>
#10 0x55b6e81b8951 <unknown>
#11 0x55b6e81a221e <unknown>
#12 0x55b6e81b951e <unknown>
#13 0x55b6e8188be0 <unknown>
#14 0x55b6e81dc9b8 <unknown>
#15 0x55b6e81dcb88 <unknown>
#16 0x55b6e81ee4de <unknown>
#17 0x7f886e09caa4 <unknown>
#18 0x7f886e129c6c <unknown>

2026-03-27 00:01:03 - INFO - Fetching BUY listings for USDT/EUR
2026-03-27 00:01:04 - INFO - Data successfully saved to SQLite database. New listings - Bybit: 4, Binance: 6
2026-03-27 00:01:04 - INFO - Browser session closed
2026-03-27 00:01:04 - INFO - SQLite database connection closed
