2026-05-01 00:11:53 - INFO - Logging initialized. Log file: pb2b/logs/bybit_scraper_20260501.log
2026-05-01 00:11:53 - INFO - DataSaver logging initialized. Log file: pb2b/logs/data_saver_20260501.log
2026-05-01 00:11:53 - INFO - Connected to SQLite database: pb2b/p2p_listings.db
2026-05-01 00:11:53 - INFO - Database tables created successfully
2026-05-01 00:11:53 - INFO - Attempt 1/10: Loading https://www.bybit.com/fiat/trade/otc?actionType=1&token=USDT&fiat=NGN
2026-05-01 00:12:01 - INFO - Screenshot saved as 'pb2b/screenshots/bybit_page_20260501_001201.png'
2026-05-01 00:12:01 - WARNING - Error parsing row: Message: no such element: Unable to locate element: {"method":"css selector","selector":"td:nth-child(2)"}
  (Session info: chrome=147.0.7727.137); For documentation on this error, please visit: https://www.selenium.dev/documentation/webdriver/troubleshooting/errors#nosuchelementexception
Stacktrace:
#0 0x55d5c1026b6a <unknown>
#1 0x55d5c0a28265 <unknown>
#2 0x55d5c0a7af76 <unknown>
#3 0x55d5c0a7b1b1 <unknown>
#4 0x55d5c0a6ff26 <unknown>
#5 0x55d5c0a6fe07 <unknown>
#6 0x55d5c0ac3969 <unknown>
#7 0x55d5c0a6e5cf <unknown>
#8 0x55d5c0a6f391 <unknown>
#9 0x55d5c0fec04b <unknown>
#10 0x55d5c0fef00d <unknown>
#11 0x55d5c0fd8808 <unknown>
#12 0x55d5c0fefba0 <unknown>
#13 0x55d5c0fbf280 <unknown>
#14 0x55d5c1013db8 <unknown>
#15 0x55d5c1013f88 <unknown>
#16 0x55d5c10255de <unknown>
#17 0x7f384949caa4 <unknown>
#18 0x7f3849529c6c <unknown>

2026-05-01 00:12:01 - WARNING - Error parsing row: Message: no such element: Unable to locate element: {"method":"css selector","selector":"td:nth-child(2)"}
  (Session info: chrome=147.0.7727.137); For documentation on this error, please visit: https://www.selenium.dev/documentation/webdriver/troubleshooting/errors#nosuchelementexception
Stacktrace:
#0 0x55d5c1026b6a <unknown>
#1 0x55d5c0a28265 <unknown>
#2 0x55d5c0a7af76 <unknown>
#3 0x55d5c0a7b1b1 <unknown>
#4 0x55d5c0a6ff26 <unknown>
#5 0x55d5c0a6fe07 <unknown>
#6 0x55d5c0ac3969 <unknown>
#7 0x55d5c0a6e5cf <unknown>
#8 0x55d5c0a6f391 <unknown>
#9 0x55d5c0fec04b <unknown>
#10 0x55d5c0fef00d <unknown>
#11 0x55d5c0fd8808 <unknown>
#12 0x55d5c0fefba0 <unknown>
#13 0x55d5c0fbf280 <unknown>
#14 0x55d5c1013db8 <unknown>
#15 0x55d5c1013f88 <unknown>
#16 0x55d5c10255de <unknown>
#17 0x7f384949caa4 <unknown>
#18 0x7f3849529c6c <unknown>

2026-05-01 00:12:01 - INFO - Fetching BUY listings for USDT/EUR
2026-05-01 00:12:02 - INFO - Data successfully saved to SQLite database. New listings - Bybit: 3, Binance: 6
2026-05-01 00:12:02 - INFO - Browser session closed
2026-05-01 00:12:02 - INFO - SQLite database connection closed
2026-05-01 04:20:32 - INFO - Logging initialized. Log file: pb2b/logs/bybit_scraper_20260501.log
2026-05-01 04:20:32 - INFO - DataSaver logging initialized. Log file: pb2b/logs/data_saver_20260501.log
2026-05-01 04:20:32 - INFO - Connected to SQLite database: pb2b/p2p_listings.db
2026-05-01 04:20:32 - INFO - Database tables created successfully
2026-05-01 04:20:32 - INFO - Attempt 1/10: Loading https://www.bybit.com/fiat/trade/otc?actionType=1&token=USDT&fiat=NGN
2026-05-01 04:20:40 - INFO - Screenshot saved as 'pb2b/screenshots/bybit_page_20260501_042040.png'
2026-05-01 04:20:40 - WARNING - Error parsing row: Message: no such element: Unable to locate element: {"method":"css selector","selector":"td:nth-child(2)"}
  (Session info: chrome=147.0.7727.137); For documentation on this error, please visit: https://www.selenium.dev/documentation/webdriver/troubleshooting/errors#nosuchelementexception
Stacktrace:
#0 0x563da2d84b6a <unknown>
#1 0x563da2786265 <unknown>
#2 0x563da27d8f76 <unknown>
#3 0x563da27d91b1 <unknown>
#4 0x563da27cdf26 <unknown>
#5 0x563da27cde07 <unknown>
#6 0x563da2821969 <unknown>
#7 0x563da27cc5cf <unknown>
#8 0x563da27cd391 <unknown>
#9 0x563da2d4a04b <unknown>
#10 0x563da2d4d00d <unknown>
#11 0x563da2d36808 <unknown>
#12 0x563da2d4dba0 <unknown>
#13 0x563da2d1d280 <unknown>
#14 0x563da2d71db8 <unknown>
#15 0x563da2d71f88 <unknown>
#16 0x563da2d835de <unknown>
#17 0x7faf2ae9caa4 <unknown>
#18 0x7faf2af29c6c <unknown>

2026-05-01 04:20:40 - WARNING - Error parsing row: Message: no such element: Unable to locate element: {"method":"css selector","selector":"td:nth-child(2)"}
  (Session info: chrome=147.0.7727.137); For documentation on this error, please visit: https://www.selenium.dev/documentation/webdriver/troubleshooting/errors#nosuchelementexception
Stacktrace:
#0 0x563da2d84b6a <unknown>
#1 0x563da2786265 <unknown>
#2 0x563da27d8f76 <unknown>
#3 0x563da27d91b1 <unknown>
#4 0x563da27cdf26 <unknown>
#5 0x563da27cde07 <unknown>
#6 0x563da2821969 <unknown>
#7 0x563da27cc5cf <unknown>
#8 0x563da27cd391 <unknown>
#9 0x563da2d4a04b <unknown>
#10 0x563da2d4d00d <unknown>
#11 0x563da2d36808 <unknown>
#12 0x563da2d4dba0 <unknown>
#13 0x563da2d1d280 <unknown>
#14 0x563da2d71db8 <unknown>
#15 0x563da2d71f88 <unknown>
#16 0x563da2d835de <unknown>
#17 0x7faf2ae9caa4 <unknown>
#18 0x7faf2af29c6c <unknown>

2026-05-01 04:20:40 - INFO - Fetching BUY listings for USDT/EUR
2026-05-01 04:20:42 - INFO - Data successfully saved to SQLite database. New listings - Bybit: 3, Binance: 6
2026-05-01 04:20:43 - INFO - Browser session closed
2026-05-01 04:20:43 - INFO - SQLite database connection closed
2026-05-01 07:15:01 - INFO - Logging initialized. Log file: pb2b/logs/bybit_scraper_20260501.log
2026-05-01 07:15:02 - INFO - DataSaver logging initialized. Log file: pb2b/logs/data_saver_20260501.log
2026-05-01 07:15:02 - INFO - Connected to SQLite database: pb2b/p2p_listings.db
2026-05-01 07:15:02 - INFO - Database tables created successfully
2026-05-01 07:15:02 - INFO - Attempt 1/10: Loading https://www.bybit.com/fiat/trade/otc?actionType=1&token=USDT&fiat=NGN
2026-05-01 07:15:11 - INFO - Screenshot saved as 'pb2b/screenshots/bybit_page_20260501_071510.png'
2026-05-01 07:15:11 - WARNING - Error parsing row: Message: no such element: Unable to locate element: {"method":"css selector","selector":"td:nth-child(2)"}
  (Session info: chrome=147.0.7727.137); For documentation on this error, please visit: https://www.selenium.dev/documentation/webdriver/troubleshooting/errors#nosuchelementexception
Stacktrace:
#0 0x5626bb744b6a <unknown>
#1 0x5626bb146265 <unknown>
#2 0x5626bb198f76 <unknown>
#3 0x5626bb1991b1 <unknown>
#4 0x5626bb18df26 <unknown>
#5 0x5626bb18de07 <unknown>
#6 0x5626bb1e1969 <unknown>
#7 0x5626bb18c5cf <unknown>
#8 0x5626bb18d391 <unknown>
#9 0x5626bb70a04b <unknown>
#10 0x5626bb70d00d <unknown>
#11 0x5626bb6f6808 <unknown>
#12 0x5626bb70dba0 <unknown>
#13 0x5626bb6dd280 <unknown>
#14 0x5626bb731db8 <unknown>
#15 0x5626bb731f88 <unknown>
#16 0x5626bb7435de <unknown>
#17 0x7f65ed89caa4 <unknown>
#18 0x7f65ed929c6c <unknown>

2026-05-01 07:15:11 - WARNING - Error parsing row: Message: no such element: Unable to locate element: {"method":"css selector","selector":"td:nth-child(2)"}
  (Session info: chrome=147.0.7727.137); For documentation on this error, please visit: https://www.selenium.dev/documentation/webdriver/troubleshooting/errors#nosuchelementexception
Stacktrace:
#0 0x5626bb744b6a <unknown>
#1 0x5626bb146265 <unknown>
#2 0x5626bb198f76 <unknown>
#3 0x5626bb1991b1 <unknown>
#4 0x5626bb18df26 <unknown>
#5 0x5626bb18de07 <unknown>
#6 0x5626bb1e1969 <unknown>
#7 0x5626bb18c5cf <unknown>
#8 0x5626bb18d391 <unknown>
#9 0x5626bb70a04b <unknown>
#10 0x5626bb70d00d <unknown>
#11 0x5626bb6f6808 <unknown>
#12 0x5626bb70dba0 <unknown>
#13 0x5626bb6dd280 <unknown>
#14 0x5626bb731db8 <unknown>
#15 0x5626bb731f88 <unknown>
#16 0x5626bb7435de <unknown>
#17 0x7f65ed89caa4 <unknown>
#18 0x7f65ed929c6c <unknown>

2026-05-01 07:15:11 - INFO - Fetching BUY listings for USDT/EUR
2026-05-01 07:15:12 - INFO - Data successfully saved to SQLite database. New listings - Bybit: 3, Binance: 6
2026-05-01 07:15:12 - INFO - Browser session closed
2026-05-01 07:15:12 - INFO - SQLite database connection closed
2026-05-01 09:16:58 - INFO - Logging initialized. Log file: pb2b/logs/bybit_scraper_20260501.log
2026-05-01 09:16:58 - INFO - DataSaver logging initialized. Log file: pb2b/logs/data_saver_20260501.log
2026-05-01 09:16:58 - INFO - Connected to SQLite database: pb2b/p2p_listings.db
2026-05-01 09:16:58 - INFO - Database tables created successfully
2026-05-01 09:16:58 - INFO - Attempt 1/10: Loading https://www.bybit.com/fiat/trade/otc?actionType=1&token=USDT&fiat=NGN
2026-05-01 09:17:06 - INFO - Screenshot saved as 'pb2b/screenshots/bybit_page_20260501_091706.png'
2026-05-01 09:17:06 - WARNING - Error parsing row: Message: no such element: Unable to locate element: {"method":"css selector","selector":"td:nth-child(2)"}
  (Session info: chrome=147.0.7727.137); For documentation on this error, please visit: https://www.selenium.dev/documentation/webdriver/troubleshooting/errors#nosuchelementexception
Stacktrace:
#0 0x559a5b70cb6a <unknown>
#1 0x559a5b10e265 <unknown>
#2 0x559a5b160f76 <unknown>
#3 0x559a5b1611b1 <unknown>
#4 0x559a5b155f26 <unknown>
#5 0x559a5b155e07 <unknown>
#6 0x559a5b1a9969 <unknown>
#7 0x559a5b1545cf <unknown>
#8 0x559a5b155391 <unknown>
#9 0x559a5b6d204b <unknown>
#10 0x559a5b6d500d <unknown>
#11 0x559a5b6be808 <unknown>
#12 0x559a5b6d5ba0 <unknown>
#13 0x559a5b6a5280 <unknown>
#14 0x559a5b6f9db8 <unknown>
#15 0x559a5b6f9f88 <unknown>
#16 0x559a5b70b5de <unknown>
#17 0x7eff74a9caa4 <unknown>
#18 0x7eff74b29c6c <unknown>

2026-05-01 09:17:06 - WARNING - Error parsing row: Message: no such element: Unable to locate element: {"method":"css selector","selector":"td:nth-child(2)"}
  (Session info: chrome=147.0.7727.137); For documentation on this error, please visit: https://www.selenium.dev/documentation/webdriver/troubleshooting/errors#nosuchelementexception
Stacktrace:
#0 0x559a5b70cb6a <unknown>
#1 0x559a5b10e265 <unknown>
#2 0x559a5b160f76 <unknown>
#3 0x559a5b1611b1 <unknown>
#4 0x559a5b155f26 <unknown>
#5 0x559a5b155e07 <unknown>
#6 0x559a5b1a9969 <unknown>
#7 0x559a5b1545cf <unknown>
#8 0x559a5b155391 <unknown>
#9 0x559a5b6d204b <unknown>
#10 0x559a5b6d500d <unknown>
#11 0x559a5b6be808 <unknown>
#12 0x559a5b6d5ba0 <unknown>
#13 0x559a5b6a5280 <unknown>
#14 0x559a5b6f9db8 <unknown>
#15 0x559a5b6f9f88 <unknown>
#16 0x559a5b70b5de <unknown>
#17 0x7eff74a9caa4 <unknown>
#18 0x7eff74b29c6c <unknown>

2026-05-01 09:17:06 - INFO - Fetching BUY listings for USDT/EUR
2026-05-01 09:17:07 - INFO - Data successfully saved to SQLite database. New listings - Bybit: 3, Binance: 6
2026-05-01 09:17:07 - INFO - Browser session closed
2026-05-01 09:17:07 - INFO - SQLite database connection closed
2026-05-01 10:50:33 - INFO - Logging initialized. Log file: pb2b/logs/bybit_scraper_20260501.log
2026-05-01 10:50:34 - INFO - DataSaver logging initialized. Log file: pb2b/logs/data_saver_20260501.log
2026-05-01 10:50:34 - INFO - Connected to SQLite database: pb2b/p2p_listings.db
2026-05-01 10:50:34 - INFO - Database tables created successfully
2026-05-01 10:50:34 - INFO - Attempt 1/10: Loading https://www.bybit.com/fiat/trade/otc?actionType=1&token=USDT&fiat=NGN
2026-05-01 10:50:41 - INFO - Screenshot saved as 'pb2b/screenshots/bybit_page_20260501_105040.png'
2026-05-01 10:50:41 - WARNING - Error parsing row: Message: no such element: Unable to locate element: {"method":"css selector","selector":"td:nth-child(2)"}
  (Session info: chrome=147.0.7727.137); For documentation on this error, please visit: https://www.selenium.dev/documentation/webdriver/troubleshooting/errors#nosuchelementexception
Stacktrace:
#0 0x55c3da3d3b6a <unknown>
#1 0x55c3d9dd5265 <unknown>
#2 0x55c3d9e27f76 <unknown>
#3 0x55c3d9e281b1 <unknown>
#4 0x55c3d9e1cf26 <unknown>
#5 0x55c3d9e1ce07 <unknown>
#6 0x55c3d9e70969 <unknown>
#7 0x55c3d9e1b5cf <unknown>
#8 0x55c3d9e1c391 <unknown>
#9 0x55c3da39904b <unknown>
#10 0x55c3da39c00d <unknown>
#11 0x55c3da385808 <unknown>
#12 0x55c3da39cba0 <unknown>
#13 0x55c3da36c280 <unknown>
#14 0x55c3da3c0db8 <unknown>
#15 0x55c3da3c0f88 <unknown>
#16 0x55c3da3d25de <unknown>
#17 0x7f55ee29caa4 <unknown>
#18 0x7f55ee329c6c <unknown>

2026-05-01 10:50:41 - WARNING - Error parsing row: Message: no such element: Unable to locate element: {"method":"css selector","selector":"td:nth-child(2)"}
  (Session info: chrome=147.0.7727.137); For documentation on this error, please visit: https://www.selenium.dev/documentation/webdriver/troubleshooting/errors#nosuchelementexception
Stacktrace:
#0 0x55c3da3d3b6a <unknown>
#1 0x55c3d9dd5265 <unknown>
#2 0x55c3d9e27f76 <unknown>
#3 0x55c3d9e281b1 <unknown>
#4 0x55c3d9e1cf26 <unknown>
#5 0x55c3d9e1ce07 <unknown>
#6 0x55c3d9e70969 <unknown>
#7 0x55c3d9e1b5cf <unknown>
#8 0x55c3d9e1c391 <unknown>
#9 0x55c3da39904b <unknown>
#10 0x55c3da39c00d <unknown>
#11 0x55c3da385808 <unknown>
#12 0x55c3da39cba0 <unknown>
#13 0x55c3da36c280 <unknown>
#14 0x55c3da3c0db8 <unknown>
#15 0x55c3da3c0f88 <unknown>
#16 0x55c3da3d25de <unknown>
#17 0x7f55ee29caa4 <unknown>
#18 0x7f55ee329c6c <unknown>

2026-05-01 10:50:42 - INFO - Fetching BUY listings for USDT/EUR
2026-05-01 10:50:42 - INFO - Data successfully saved to SQLite database. New listings - Bybit: 3, Binance: 6
2026-05-01 10:50:42 - INFO - Browser session closed
2026-05-01 10:50:42 - INFO - SQLite database connection closed
2026-05-01 11:53:06 - INFO - Logging initialized. Log file: pb2b/logs/bybit_scraper_20260501.log
2026-05-01 11:53:07 - INFO - DataSaver logging initialized. Log file: pb2b/logs/data_saver_20260501.log
2026-05-01 11:53:07 - INFO - Connected to SQLite database: pb2b/p2p_listings.db
2026-05-01 11:53:07 - INFO - Database tables created successfully
2026-05-01 11:53:07 - INFO - Attempt 1/10: Loading https://www.bybit.com/fiat/trade/otc?actionType=1&token=USDT&fiat=NGN
2026-05-01 11:53:15 - INFO - Screenshot saved as 'pb2b/screenshots/bybit_page_20260501_115315.png'
2026-05-01 11:53:15 - WARNING - Error parsing row: Message: no such element: Unable to locate element: {"method":"css selector","selector":"td:nth-child(2)"}
  (Session info: chrome=147.0.7727.137); For documentation on this error, please visit: https://www.selenium.dev/documentation/webdriver/troubleshooting/errors#nosuchelementexception
Stacktrace:
#0 0x55e4c70f7b6a <unknown>
#1 0x55e4c6af9265 <unknown>
#2 0x55e4c6b4bf76 <unknown>
#3 0x55e4c6b4c1b1 <unknown>
#4 0x55e4c6b40f26 <unknown>
#5 0x55e4c6b40e07 <unknown>
#6 0x55e4c6b94969 <unknown>
#7 0x55e4c6b3f5cf <unknown>
#8 0x55e4c6b40391 <unknown>
#9 0x55e4c70bd04b <unknown>
#10 0x55e4c70c000d <unknown>
#11 0x55e4c70a9808 <unknown>
#12 0x55e4c70c0ba0 <unknown>
#13 0x55e4c7090280 <unknown>
#14 0x55e4c70e4db8 <unknown>
#15 0x55e4c70e4f88 <unknown>
#16 0x55e4c70f65de <unknown>
#17 0x7f621f49caa4 <unknown>
#18 0x7f621f529c6c <unknown>

2026-05-01 11:53:15 - WARNING - Error parsing row: Message: no such element: Unable to locate element: {"method":"css selector","selector":"td:nth-child(2)"}
  (Session info: chrome=147.0.7727.137); For documentation on this error, please visit: https://www.selenium.dev/documentation/webdriver/troubleshooting/errors#nosuchelementexception
Stacktrace:
#0 0x55e4c70f7b6a <unknown>
#1 0x55e4c6af9265 <unknown>
#2 0x55e4c6b4bf76 <unknown>
#3 0x55e4c6b4c1b1 <unknown>
#4 0x55e4c6b40f26 <unknown>
#5 0x55e4c6b40e07 <unknown>
#6 0x55e4c6b94969 <unknown>
#7 0x55e4c6b3f5cf <unknown>
#8 0x55e4c6b40391 <unknown>
#9 0x55e4c70bd04b <unknown>
#10 0x55e4c70c000d <unknown>
#11 0x55e4c70a9808 <unknown>
#12 0x55e4c70c0ba0 <unknown>
#13 0x55e4c7090280 <unknown>
#14 0x55e4c70e4db8 <unknown>
#15 0x55e4c70e4f88 <unknown>
#16 0x55e4c70f65de <unknown>
#17 0x7f621f49caa4 <unknown>
#18 0x7f621f529c6c <unknown>

2026-05-01 11:53:16 - INFO - Fetching BUY listings for USDT/EUR
2026-05-01 11:53:17 - INFO - Data successfully saved to SQLite database. New listings - Bybit: 3, Binance: 6
2026-05-01 11:53:17 - INFO - Browser session closed
2026-05-01 11:53:17 - INFO - SQLite database connection closed
