2025-01-25 00:45:08 - INFO - Logging initialized. Log file: pb2b/logs/bybit_scraper_20250125.log
2025-01-25 00:45:10 - INFO - DataSaver logging initialized. Log file: pb2b/logs/data_saver_20250125.log
2025-01-25 00:45:10 - INFO - Connected to SQLite database: pb2b/p2p_listings.db
2025-01-25 00:45:10 - INFO - Database tables created successfully
2025-01-25 00:45:10 - INFO - Attempt 1/10: Loading https://www.bybit.com/fiat/trade/otc?actionType=1&token=USDT&fiat=NGN
2025-01-25 00:45:19 - INFO - Screenshot saved as 'pb2b/screenshots/bybit_page_20250125_004519.png'
2025-01-25 00:45:19 - INFO - Fetching BUY listings for USDT/EUR
2025-01-25 00:45:20 - INFO - Data successfully saved to SQLite database. New listings - Bybit: 4, Binance: 6
2025-01-25 00:45:20 - INFO - Browser session closed
2025-01-25 00:45:20 - INFO - SQLite database connection closed
2025-01-25 02:02:12 - INFO - Logging initialized. Log file: pb2b/logs/bybit_scraper_20250125.log
2025-01-25 02:02:13 - INFO - DataSaver logging initialized. Log file: pb2b/logs/data_saver_20250125.log
2025-01-25 02:02:13 - INFO - Connected to SQLite database: pb2b/p2p_listings.db
2025-01-25 02:02:13 - INFO - Database tables created successfully
2025-01-25 02:02:13 - INFO - Attempt 1/10: Loading https://www.bybit.com/fiat/trade/otc?actionType=1&token=USDT&fiat=NGN
2025-01-25 02:02:25 - INFO - Screenshot saved as 'pb2b/screenshots/bybit_page_20250125_020224.png'
2025-01-25 02:02:25 - INFO - Fetching BUY listings for USDT/EUR
2025-01-25 02:02:26 - INFO - Data successfully saved to SQLite database. New listings - Bybit: 4, Binance: 6
2025-01-25 02:02:26 - INFO - Browser session closed
2025-01-25 02:02:26 - INFO - SQLite database connection closed
