2025-06-13 00:03:56 - INFO - Logging initialized. Log file: pb2b/logs/bybit_scraper_20250613.log
2025-06-13 00:03:58 - INFO - DataSaver logging initialized. Log file: pb2b/logs/data_saver_20250613.log
2025-06-13 00:03:58 - INFO - Connected to SQLite database: pb2b/p2p_listings.db
2025-06-13 00:03:58 - INFO - Database tables created successfully
2025-06-13 00:03:58 - INFO - Attempt 1/10: Loading https://www.bybit.com/fiat/trade/otc?actionType=1&token=USDT&fiat=NGN
2025-06-13 00:04:10 - INFO - Screenshot saved as 'pb2b/screenshots/bybit_page_20250613_000410.png'
2025-06-13 00:04:11 - INFO - Fetching BUY listings for USDT/EUR
2025-06-13 00:04:11 - INFO - Data successfully saved to SQLite database. New listings - Bybit: 4, Binance: 6
2025-06-13 00:04:11 - INFO - Browser session closed
2025-06-13 00:04:11 - INFO - SQLite database connection closed
2025-06-13 02:20:28 - INFO - Logging initialized. Log file: pb2b/logs/bybit_scraper_20250613.log
2025-06-13 02:20:29 - INFO - DataSaver logging initialized. Log file: pb2b/logs/data_saver_20250613.log
2025-06-13 02:20:29 - INFO - Connected to SQLite database: pb2b/p2p_listings.db
2025-06-13 02:20:29 - INFO - Database tables created successfully
2025-06-13 02:20:29 - INFO - Attempt 1/10: Loading https://www.bybit.com/fiat/trade/otc?actionType=1&token=USDT&fiat=NGN
2025-06-13 02:20:39 - INFO - Screenshot saved as 'pb2b/screenshots/bybit_page_20250613_022038.png'
2025-06-13 02:20:39 - INFO - Fetching BUY listings for USDT/EUR
2025-06-13 02:20:40 - INFO - Data successfully saved to SQLite database. New listings - Bybit: 4, Binance: 6
2025-06-13 02:20:40 - INFO - Browser session closed
2025-06-13 02:20:40 - INFO - SQLite database connection closed
2025-06-13 03:36:06 - INFO - Logging initialized. Log file: pb2b/logs/bybit_scraper_20250613.log
2025-06-13 03:36:07 - INFO - DataSaver logging initialized. Log file: pb2b/logs/data_saver_20250613.log
2025-06-13 03:36:07 - INFO - Connected to SQLite database: pb2b/p2p_listings.db
2025-06-13 03:36:07 - INFO - Database tables created successfully
2025-06-13 03:36:07 - INFO - Attempt 1/10: Loading https://www.bybit.com/fiat/trade/otc?actionType=1&token=USDT&fiat=NGN
2025-06-13 03:36:20 - INFO - Screenshot saved as 'pb2b/screenshots/bybit_page_20250613_033620.png'
2025-06-13 03:36:20 - INFO - Fetching BUY listings for USDT/EUR
2025-06-13 03:36:21 - INFO - Data successfully saved to SQLite database. New listings - Bybit: 4, Binance: 6
2025-06-13 03:36:21 - INFO - Browser session closed
2025-06-13 03:36:21 - INFO - SQLite database connection closed
2025-06-13 04:05:51 - INFO - Logging initialized. Log file: pb2b/logs/bybit_scraper_20250613.log
2025-06-13 04:05:52 - INFO - DataSaver logging initialized. Log file: pb2b/logs/data_saver_20250613.log
2025-06-13 04:05:52 - INFO - Connected to SQLite database: pb2b/p2p_listings.db
2025-06-13 04:05:52 - INFO - Database tables created successfully
2025-06-13 04:05:52 - INFO - Attempt 1/10: Loading https://www.bybit.com/fiat/trade/otc?actionType=1&token=USDT&fiat=NGN
2025-06-13 04:06:00 - INFO - Screenshot saved as 'pb2b/screenshots/bybit_page_20250613_040559.png'
2025-06-13 04:06:00 - INFO - Fetching BUY listings for USDT/EUR
2025-06-13 04:06:01 - INFO - Data successfully saved to SQLite database. New listings - Bybit: 4, Binance: 6
2025-06-13 04:06:01 - INFO - Browser session closed
2025-06-13 04:06:01 - INFO - SQLite database connection closed
2025-06-13 04:45:28 - INFO - Logging initialized. Log file: pb2b/logs/bybit_scraper_20250613.log
2025-06-13 04:45:30 - INFO - DataSaver logging initialized. Log file: pb2b/logs/data_saver_20250613.log
2025-06-13 04:45:30 - INFO - Connected to SQLite database: pb2b/p2p_listings.db
2025-06-13 04:45:30 - INFO - Database tables created successfully
2025-06-13 04:45:30 - INFO - Attempt 1/10: Loading https://www.bybit.com/fiat/trade/otc?actionType=1&token=USDT&fiat=NGN
2025-06-13 04:45:40 - INFO - Screenshot saved as 'pb2b/screenshots/bybit_page_20250613_044540.png'
2025-06-13 04:45:40 - INFO - Fetching BUY listings for USDT/EUR
2025-06-13 04:45:41 - INFO - Data successfully saved to SQLite database. New listings - Bybit: 4, Binance: 6
2025-06-13 04:45:41 - INFO - Browser session closed
2025-06-13 04:45:41 - INFO - SQLite database connection closed
2025-06-13 05:00:10 - INFO - Logging initialized. Log file: pb2b/logs/bybit_scraper_20250613.log
2025-06-13 05:00:12 - INFO - DataSaver logging initialized. Log file: pb2b/logs/data_saver_20250613.log
2025-06-13 05:00:12 - INFO - Connected to SQLite database: pb2b/p2p_listings.db
2025-06-13 05:00:12 - INFO - Database tables created successfully
2025-06-13 05:00:12 - INFO - Attempt 1/10: Loading https://www.bybit.com/fiat/trade/otc?actionType=1&token=USDT&fiat=NGN
2025-06-13 05:00:22 - INFO - Screenshot saved as 'pb2b/screenshots/bybit_page_20250613_050021.png'
2025-06-13 05:00:22 - INFO - Fetching BUY listings for USDT/EUR
2025-06-13 05:00:23 - INFO - Data successfully saved to SQLite database. New listings - Bybit: 4, Binance: 6
2025-06-13 05:00:23 - INFO - Browser session closed
2025-06-13 05:00:23 - INFO - SQLite database connection closed
2025-06-13 05:31:44 - INFO - Logging initialized. Log file: pb2b/logs/bybit_scraper_20250613.log
2025-06-13 05:31:45 - INFO - DataSaver logging initialized. Log file: pb2b/logs/data_saver_20250613.log
2025-06-13 05:31:45 - INFO - Connected to SQLite database: pb2b/p2p_listings.db
2025-06-13 05:31:45 - INFO - Database tables created successfully
2025-06-13 05:31:45 - INFO - Attempt 1/10: Loading https://www.bybit.com/fiat/trade/otc?actionType=1&token=USDT&fiat=NGN
2025-06-13 05:31:55 - INFO - Screenshot saved as 'pb2b/screenshots/bybit_page_20250613_053155.png'
2025-06-13 05:31:55 - INFO - Fetching BUY listings for USDT/EUR
2025-06-13 05:31:56 - INFO - Data successfully saved to SQLite database. New listings - Bybit: 4, Binance: 6
2025-06-13 05:31:56 - INFO - Browser session closed
2025-06-13 05:31:56 - INFO - SQLite database connection closed
2025-06-13 05:49:05 - INFO - Logging initialized. Log file: pb2b/logs/bybit_scraper_20250613.log
2025-06-13 05:49:06 - INFO - DataSaver logging initialized. Log file: pb2b/logs/data_saver_20250613.log
2025-06-13 05:49:06 - INFO - Connected to SQLite database: pb2b/p2p_listings.db
2025-06-13 05:49:06 - INFO - Database tables created successfully
2025-06-13 05:49:06 - INFO - Attempt 1/10: Loading https://www.bybit.com/fiat/trade/otc?actionType=1&token=USDT&fiat=NGN
2025-06-13 05:49:17 - INFO - Screenshot saved as 'pb2b/screenshots/bybit_page_20250613_054917.png'
2025-06-13 05:49:18 - INFO - Fetching BUY listings for USDT/EUR
2025-06-13 05:49:18 - INFO - Data successfully saved to SQLite database. New listings - Bybit: 4, Binance: 6
2025-06-13 05:49:18 - INFO - Browser session closed
2025-06-13 05:49:18 - INFO - SQLite database connection closed
2025-06-13 06:02:37 - INFO - Logging initialized. Log file: pb2b/logs/bybit_scraper_20250613.log
2025-06-13 06:02:39 - INFO - DataSaver logging initialized. Log file: pb2b/logs/data_saver_20250613.log
2025-06-13 06:02:39 - INFO - Connected to SQLite database: pb2b/p2p_listings.db
2025-06-13 06:02:39 - INFO - Database tables created successfully
2025-06-13 06:02:39 - INFO - Attempt 1/10: Loading https://www.bybit.com/fiat/trade/otc?actionType=1&token=USDT&fiat=NGN
2025-06-13 06:02:49 - INFO - Screenshot saved as 'pb2b/screenshots/bybit_page_20250613_060249.png'
2025-06-13 06:02:49 - INFO - Fetching BUY listings for USDT/EUR
2025-06-13 06:02:50 - INFO - Data successfully saved to SQLite database. New listings - Bybit: 4, Binance: 6
2025-06-13 06:02:50 - INFO - Browser session closed
2025-06-13 06:02:50 - INFO - SQLite database connection closed
2025-06-13 06:43:23 - INFO - Logging initialized. Log file: pb2b/logs/bybit_scraper_20250613.log
2025-06-13 06:43:24 - INFO - DataSaver logging initialized. Log file: pb2b/logs/data_saver_20250613.log
2025-06-13 06:43:24 - INFO - Connected to SQLite database: pb2b/p2p_listings.db
2025-06-13 06:43:24 - INFO - Database tables created successfully
2025-06-13 06:43:24 - INFO - Attempt 1/10: Loading https://www.bybit.com/fiat/trade/otc?actionType=1&token=USDT&fiat=NGN
2025-06-13 06:43:31 - INFO - Screenshot saved as 'pb2b/screenshots/bybit_page_20250613_064331.png'
2025-06-13 06:43:32 - INFO - Fetching BUY listings for USDT/EUR
2025-06-13 06:43:32 - INFO - Data successfully saved to SQLite database. New listings - Bybit: 4, Binance: 6
2025-06-13 06:43:32 - INFO - Browser session closed
2025-06-13 06:43:32 - INFO - SQLite database connection closed
2025-06-13 07:01:48 - INFO - Logging initialized. Log file: pb2b/logs/bybit_scraper_20250613.log
2025-06-13 07:01:49 - INFO - DataSaver logging initialized. Log file: pb2b/logs/data_saver_20250613.log
2025-06-13 07:01:49 - INFO - Connected to SQLite database: pb2b/p2p_listings.db
2025-06-13 07:01:49 - INFO - Database tables created successfully
2025-06-13 07:01:49 - INFO - Attempt 1/10: Loading https://www.bybit.com/fiat/trade/otc?actionType=1&token=USDT&fiat=NGN
2025-06-13 07:01:57 - INFO - Screenshot saved as 'pb2b/screenshots/bybit_page_20250613_070157.png'
2025-06-13 07:01:57 - INFO - Fetching BUY listings for USDT/EUR
2025-06-13 07:01:58 - INFO - Data successfully saved to SQLite database. New listings - Bybit: 4, Binance: 6
2025-06-13 07:01:58 - INFO - Browser session closed
2025-06-13 07:01:58 - INFO - SQLite database connection closed
