2025-08-30 00:01:52 - INFO - Logging initialized. Log file: pb2b/logs/bybit_scraper_20250830.log
2025-08-30 00:01:53 - INFO - DataSaver logging initialized. Log file: pb2b/logs/data_saver_20250830.log
2025-08-30 00:01:53 - INFO - Connected to SQLite database: pb2b/p2p_listings.db
2025-08-30 00:01:53 - INFO - Database tables created successfully
2025-08-30 00:01:53 - INFO - Attempt 1/10: Loading https://www.bybit.com/fiat/trade/otc?actionType=1&token=USDT&fiat=NGN
2025-08-30 00:02:04 - INFO - Screenshot saved as 'pb2b/screenshots/bybit_page_20250830_000204.png'
2025-08-30 00:02:05 - INFO - Fetching BUY listings for USDT/EUR
2025-08-30 00:02:05 - INFO - Data successfully saved to SQLite database. New listings - Bybit: 4, Binance: 6
2025-08-30 00:02:06 - INFO - Browser session closed
2025-08-30 00:02:06 - INFO - SQLite database connection closed
2025-08-30 01:57:37 - INFO - Logging initialized. Log file: pb2b/logs/bybit_scraper_20250830.log
2025-08-30 01:57:37 - INFO - DataSaver logging initialized. Log file: pb2b/logs/data_saver_20250830.log
2025-08-30 01:57:37 - INFO - Connected to SQLite database: pb2b/p2p_listings.db
2025-08-30 01:57:37 - INFO - Database tables created successfully
2025-08-30 01:57:37 - INFO - Attempt 1/10: Loading https://www.bybit.com/fiat/trade/otc?actionType=1&token=USDT&fiat=NGN
2025-08-30 01:57:48 - INFO - Screenshot saved as 'pb2b/screenshots/bybit_page_20250830_015748.png'
2025-08-30 01:57:49 - INFO - Fetching BUY listings for USDT/EUR
2025-08-30 01:57:50 - INFO - Data successfully saved to SQLite database. New listings - Bybit: 4, Binance: 6
2025-08-30 01:57:50 - INFO - Browser session closed
2025-08-30 01:57:50 - INFO - SQLite database connection closed
2025-08-30 03:02:32 - INFO - Logging initialized. Log file: pb2b/logs/bybit_scraper_20250830.log
2025-08-30 03:02:34 - INFO - DataSaver logging initialized. Log file: pb2b/logs/data_saver_20250830.log
2025-08-30 03:02:34 - INFO - Connected to SQLite database: pb2b/p2p_listings.db
2025-08-30 03:02:34 - INFO - Database tables created successfully
2025-08-30 03:02:34 - INFO - Attempt 1/10: Loading https://www.bybit.com/fiat/trade/otc?actionType=1&token=USDT&fiat=NGN
2025-08-30 03:02:44 - INFO - Screenshot saved as 'pb2b/screenshots/bybit_page_20250830_030244.png'
2025-08-30 03:02:45 - INFO - Fetching BUY listings for USDT/EUR
2025-08-30 03:02:46 - INFO - Data successfully saved to SQLite database. New listings - Bybit: 4, Binance: 6
2025-08-30 03:02:46 - INFO - Browser session closed
2025-08-30 03:02:46 - INFO - SQLite database connection closed
2025-08-30 03:38:35 - INFO - Logging initialized. Log file: pb2b/logs/bybit_scraper_20250830.log
2025-08-30 03:38:36 - INFO - DataSaver logging initialized. Log file: pb2b/logs/data_saver_20250830.log
2025-08-30 03:38:36 - INFO - Connected to SQLite database: pb2b/p2p_listings.db
2025-08-30 03:38:36 - INFO - Database tables created successfully
2025-08-30 03:38:36 - INFO - Attempt 1/10: Loading https://www.bybit.com/fiat/trade/otc?actionType=1&token=USDT&fiat=NGN
2025-08-30 03:38:46 - INFO - Screenshot saved as 'pb2b/screenshots/bybit_page_20250830_033846.png'
2025-08-30 03:38:47 - INFO - Fetching BUY listings for USDT/EUR
2025-08-30 03:38:48 - INFO - Data successfully saved to SQLite database. New listings - Bybit: 4, Binance: 6
2025-08-30 03:38:48 - INFO - Browser session closed
2025-08-30 03:38:48 - INFO - SQLite database connection closed
2025-08-30 03:54:26 - INFO - Logging initialized. Log file: pb2b/logs/bybit_scraper_20250830.log
2025-08-30 03:54:27 - INFO - DataSaver logging initialized. Log file: pb2b/logs/data_saver_20250830.log
2025-08-30 03:54:27 - INFO - Connected to SQLite database: pb2b/p2p_listings.db
2025-08-30 03:54:27 - INFO - Database tables created successfully
2025-08-30 03:54:27 - INFO - Attempt 1/10: Loading https://www.bybit.com/fiat/trade/otc?actionType=1&token=USDT&fiat=NGN
2025-08-30 03:54:38 - INFO - Screenshot saved as 'pb2b/screenshots/bybit_page_20250830_035438.png'
2025-08-30 03:54:38 - INFO - Fetching BUY listings for USDT/EUR
2025-08-30 03:54:39 - INFO - Data successfully saved to SQLite database. New listings - Bybit: 11, Binance: 6
2025-08-30 03:54:39 - INFO - Browser session closed
2025-08-30 03:54:39 - INFO - SQLite database connection closed
2025-08-30 04:21:09 - INFO - Logging initialized. Log file: pb2b/logs/bybit_scraper_20250830.log
2025-08-30 04:21:10 - INFO - DataSaver logging initialized. Log file: pb2b/logs/data_saver_20250830.log
2025-08-30 04:21:10 - INFO - Connected to SQLite database: pb2b/p2p_listings.db
2025-08-30 04:21:10 - INFO - Database tables created successfully
2025-08-30 04:21:10 - INFO - Attempt 1/10: Loading https://www.bybit.com/fiat/trade/otc?actionType=1&token=USDT&fiat=NGN
2025-08-30 04:21:20 - INFO - Screenshot saved as 'pb2b/screenshots/bybit_page_20250830_042120.png'
2025-08-30 04:21:21 - INFO - Fetching BUY listings for USDT/EUR
2025-08-30 04:21:22 - INFO - Data successfully saved to SQLite database. New listings - Bybit: 4, Binance: 6
2025-08-30 04:21:22 - INFO - Browser session closed
2025-08-30 04:21:22 - INFO - SQLite database connection closed
2025-08-30 04:40:18 - INFO - Logging initialized. Log file: pb2b/logs/bybit_scraper_20250830.log
2025-08-30 04:40:20 - INFO - DataSaver logging initialized. Log file: pb2b/logs/data_saver_20250830.log
2025-08-30 04:40:20 - INFO - Connected to SQLite database: pb2b/p2p_listings.db
2025-08-30 04:40:20 - INFO - Database tables created successfully
2025-08-30 04:40:20 - INFO - Attempt 1/10: Loading https://www.bybit.com/fiat/trade/otc?actionType=1&token=USDT&fiat=NGN
2025-08-30 04:40:31 - INFO - Screenshot saved as 'pb2b/screenshots/bybit_page_20250830_044031.png'
2025-08-30 04:40:31 - INFO - Fetching BUY listings for USDT/EUR
2025-08-30 04:40:32 - INFO - Data successfully saved to SQLite database. New listings - Bybit: 4, Binance: 6
2025-08-30 04:40:32 - INFO - Browser session closed
2025-08-30 04:40:32 - INFO - SQLite database connection closed
2025-08-30 04:53:31 - INFO - Logging initialized. Log file: pb2b/logs/bybit_scraper_20250830.log
2025-08-30 04:53:32 - INFO - DataSaver logging initialized. Log file: pb2b/logs/data_saver_20250830.log
2025-08-30 04:53:32 - INFO - Connected to SQLite database: pb2b/p2p_listings.db
2025-08-30 04:53:32 - INFO - Database tables created successfully
2025-08-30 04:53:32 - INFO - Attempt 1/10: Loading https://www.bybit.com/fiat/trade/otc?actionType=1&token=USDT&fiat=NGN
2025-08-30 04:53:43 - INFO - Screenshot saved as 'pb2b/screenshots/bybit_page_20250830_045343.png'
2025-08-30 04:53:43 - INFO - Fetching BUY listings for USDT/EUR
2025-08-30 04:53:44 - INFO - Data successfully saved to SQLite database. New listings - Bybit: 4, Binance: 6
2025-08-30 04:53:44 - INFO - Browser session closed
2025-08-30 04:53:44 - INFO - SQLite database connection closed
2025-08-30 05:17:29 - INFO - Logging initialized. Log file: pb2b/logs/bybit_scraper_20250830.log
2025-08-30 05:17:30 - INFO - DataSaver logging initialized. Log file: pb2b/logs/data_saver_20250830.log
2025-08-30 05:17:30 - INFO - Connected to SQLite database: pb2b/p2p_listings.db
2025-08-30 05:17:30 - INFO - Database tables created successfully
2025-08-30 05:17:30 - INFO - Attempt 1/10: Loading https://www.bybit.com/fiat/trade/otc?actionType=1&token=USDT&fiat=NGN
2025-08-30 05:17:41 - INFO - Screenshot saved as 'pb2b/screenshots/bybit_page_20250830_051741.png'
2025-08-30 05:17:41 - INFO - Fetching BUY listings for USDT/EUR
2025-08-30 05:17:42 - INFO - Data successfully saved to SQLite database. New listings - Bybit: 11, Binance: 6
2025-08-30 05:17:42 - INFO - Browser session closed
2025-08-30 05:17:42 - INFO - SQLite database connection closed
2025-08-30 05:36:07 - INFO - Logging initialized. Log file: pb2b/logs/bybit_scraper_20250830.log
2025-08-30 05:36:08 - INFO - DataSaver logging initialized. Log file: pb2b/logs/data_saver_20250830.log
2025-08-30 05:36:08 - INFO - Connected to SQLite database: pb2b/p2p_listings.db
2025-08-30 05:36:08 - INFO - Database tables created successfully
2025-08-30 05:36:08 - INFO - Attempt 1/10: Loading https://www.bybit.com/fiat/trade/otc?actionType=1&token=USDT&fiat=NGN
2025-08-30 05:36:23 - INFO - Screenshot saved as 'pb2b/screenshots/bybit_page_20250830_053623.png'
2025-08-30 05:36:24 - INFO - Fetching BUY listings for USDT/EUR
2025-08-30 05:36:24 - INFO - Data successfully saved to SQLite database. New listings - Bybit: 4, Binance: 6
2025-08-30 05:36:24 - INFO - Browser session closed
2025-08-30 05:36:24 - INFO - SQLite database connection closed
2025-08-30 05:48:22 - INFO - Logging initialized. Log file: pb2b/logs/bybit_scraper_20250830.log
2025-08-30 05:48:23 - INFO - DataSaver logging initialized. Log file: pb2b/logs/data_saver_20250830.log
2025-08-30 05:48:23 - INFO - Connected to SQLite database: pb2b/p2p_listings.db
2025-08-30 05:48:23 - INFO - Database tables created successfully
2025-08-30 05:48:23 - INFO - Attempt 1/10: Loading https://www.bybit.com/fiat/trade/otc?actionType=1&token=USDT&fiat=NGN
2025-08-30 05:48:34 - INFO - Screenshot saved as 'pb2b/screenshots/bybit_page_20250830_054834.png'
2025-08-30 05:48:34 - INFO - Fetching BUY listings for USDT/EUR
2025-08-30 05:48:35 - INFO - Data successfully saved to SQLite database. New listings - Bybit: 4, Binance: 6
2025-08-30 05:48:35 - INFO - Browser session closed
2025-08-30 05:48:35 - INFO - SQLite database connection closed
2025-08-30 06:02:03 - INFO - Logging initialized. Log file: pb2b/logs/bybit_scraper_20250830.log
2025-08-30 06:02:03 - INFO - DataSaver logging initialized. Log file: pb2b/logs/data_saver_20250830.log
2025-08-30 06:02:03 - INFO - Connected to SQLite database: pb2b/p2p_listings.db
2025-08-30 06:02:03 - INFO - Database tables created successfully
2025-08-30 06:02:03 - INFO - Attempt 1/10: Loading https://www.bybit.com/fiat/trade/otc?actionType=1&token=USDT&fiat=NGN
2025-08-30 06:02:14 - INFO - Screenshot saved as 'pb2b/screenshots/bybit_page_20250830_060213.png'
2025-08-30 06:02:14 - INFO - Fetching BUY listings for USDT/EUR
2025-08-30 06:02:15 - INFO - Data successfully saved to SQLite database. New listings - Bybit: 4, Binance: 6
2025-08-30 06:02:15 - INFO - Browser session closed
2025-08-30 06:02:15 - INFO - SQLite database connection closed
2025-08-30 06:39:17 - INFO - Logging initialized. Log file: pb2b/logs/bybit_scraper_20250830.log
2025-08-30 06:39:18 - INFO - DataSaver logging initialized. Log file: pb2b/logs/data_saver_20250830.log
2025-08-30 06:39:18 - INFO - Connected to SQLite database: pb2b/p2p_listings.db
2025-08-30 06:39:18 - INFO - Database tables created successfully
2025-08-30 06:39:18 - INFO - Attempt 1/10: Loading https://www.bybit.com/fiat/trade/otc?actionType=1&token=USDT&fiat=NGN
2025-08-30 06:39:29 - INFO - Screenshot saved as 'pb2b/screenshots/bybit_page_20250830_063929.png'
2025-08-30 06:39:29 - INFO - Fetching BUY listings for USDT/EUR
2025-08-30 06:39:30 - INFO - Data successfully saved to SQLite database. New listings - Bybit: 4, Binance: 6
2025-08-30 06:39:30 - INFO - Browser session closed
2025-08-30 06:39:30 - INFO - SQLite database connection closed
2025-08-30 06:53:09 - INFO - Logging initialized. Log file: pb2b/logs/bybit_scraper_20250830.log
2025-08-30 06:53:10 - INFO - DataSaver logging initialized. Log file: pb2b/logs/data_saver_20250830.log
2025-08-30 06:53:10 - INFO - Connected to SQLite database: pb2b/p2p_listings.db
2025-08-30 06:53:10 - INFO - Database tables created successfully
2025-08-30 06:53:10 - INFO - Attempt 1/10: Loading https://www.bybit.com/fiat/trade/otc?actionType=1&token=USDT&fiat=NGN
2025-08-30 06:53:21 - INFO - Screenshot saved as 'pb2b/screenshots/bybit_page_20250830_065321.png'
2025-08-30 06:53:22 - INFO - Fetching BUY listings for USDT/EUR
2025-08-30 06:53:23 - INFO - Data successfully saved to SQLite database. New listings - Bybit: 4, Binance: 6
2025-08-30 06:53:23 - INFO - Browser session closed
2025-08-30 06:53:23 - INFO - SQLite database connection closed
2025-08-30 07:15:15 - INFO - Logging initialized. Log file: pb2b/logs/bybit_scraper_20250830.log
2025-08-30 07:15:15 - INFO - DataSaver logging initialized. Log file: pb2b/logs/data_saver_20250830.log
2025-08-30 07:15:15 - INFO - Connected to SQLite database: pb2b/p2p_listings.db
2025-08-30 07:15:15 - INFO - Database tables created successfully
2025-08-30 07:15:15 - INFO - Attempt 1/10: Loading https://www.bybit.com/fiat/trade/otc?actionType=1&token=USDT&fiat=NGN
2025-08-30 07:15:26 - INFO - Screenshot saved as 'pb2b/screenshots/bybit_page_20250830_071526.png'
2025-08-30 07:15:27 - INFO - Fetching BUY listings for USDT/EUR
2025-08-30 07:15:27 - INFO - Data successfully saved to SQLite database. New listings - Bybit: 11, Binance: 6
2025-08-30 07:15:28 - INFO - Browser session closed
2025-08-30 07:15:28 - INFO - SQLite database connection closed
2025-08-30 07:31:46 - INFO - Logging initialized. Log file: pb2b/logs/bybit_scraper_20250830.log
2025-08-30 07:31:47 - INFO - DataSaver logging initialized. Log file: pb2b/logs/data_saver_20250830.log
2025-08-30 07:31:47 - INFO - Connected to SQLite database: pb2b/p2p_listings.db
2025-08-30 07:31:47 - INFO - Database tables created successfully
2025-08-30 07:31:47 - INFO - Attempt 1/10: Loading https://www.bybit.com/fiat/trade/otc?actionType=1&token=USDT&fiat=NGN
2025-08-30 07:31:57 - INFO - Screenshot saved as 'pb2b/screenshots/bybit_page_20250830_073157.png'
2025-08-30 07:31:57 - INFO - Fetching BUY listings for USDT/EUR
2025-08-30 07:31:58 - INFO - Data successfully saved to SQLite database. New listings - Bybit: 4, Binance: 6
2025-08-30 07:31:58 - INFO - Browser session closed
2025-08-30 07:31:58 - INFO - SQLite database connection closed
2025-08-30 07:44:42 - INFO - Logging initialized. Log file: pb2b/logs/bybit_scraper_20250830.log
2025-08-30 07:44:42 - INFO - DataSaver logging initialized. Log file: pb2b/logs/data_saver_20250830.log
2025-08-30 07:44:42 - INFO - Connected to SQLite database: pb2b/p2p_listings.db
2025-08-30 07:44:42 - INFO - Database tables created successfully
2025-08-30 07:44:42 - INFO - Attempt 1/10: Loading https://www.bybit.com/fiat/trade/otc?actionType=1&token=USDT&fiat=NGN
2025-08-30 07:44:53 - INFO - Screenshot saved as 'pb2b/screenshots/bybit_page_20250830_074453.png'
2025-08-30 07:44:54 - INFO - Fetching BUY listings for USDT/EUR
2025-08-30 07:44:55 - INFO - Data successfully saved to SQLite database. New listings - Bybit: 4, Binance: 6
2025-08-30 07:44:55 - INFO - Browser session closed
2025-08-30 07:44:55 - INFO - SQLite database connection closed
2025-08-30 07:56:44 - INFO - Logging initialized. Log file: pb2b/logs/bybit_scraper_20250830.log
2025-08-30 07:56:45 - INFO - DataSaver logging initialized. Log file: pb2b/logs/data_saver_20250830.log
2025-08-30 07:56:45 - INFO - Connected to SQLite database: pb2b/p2p_listings.db
2025-08-30 07:56:45 - INFO - Database tables created successfully
2025-08-30 07:56:45 - INFO - Attempt 1/10: Loading https://www.bybit.com/fiat/trade/otc?actionType=1&token=USDT&fiat=NGN
2025-08-30 07:56:55 - INFO - Screenshot saved as 'pb2b/screenshots/bybit_page_20250830_075655.png'
2025-08-30 07:56:56 - INFO - Fetching BUY listings for USDT/EUR
2025-08-30 07:56:57 - INFO - Data successfully saved to SQLite database. New listings - Bybit: 4, Binance: 6
2025-08-30 07:56:57 - INFO - Browser session closed
2025-08-30 07:56:57 - INFO - SQLite database connection closed
2025-08-30 08:28:19 - INFO - Logging initialized. Log file: pb2b/logs/bybit_scraper_20250830.log
2025-08-30 08:28:20 - INFO - DataSaver logging initialized. Log file: pb2b/logs/data_saver_20250830.log
2025-08-30 08:28:20 - INFO - Connected to SQLite database: pb2b/p2p_listings.db
2025-08-30 08:28:20 - INFO - Database tables created successfully
2025-08-30 08:28:20 - INFO - Attempt 1/10: Loading https://www.bybit.com/fiat/trade/otc?actionType=1&token=USDT&fiat=NGN
2025-08-30 08:28:30 - INFO - Screenshot saved as 'pb2b/screenshots/bybit_page_20250830_082829.png'
2025-08-30 08:28:30 - INFO - Fetching BUY listings for USDT/EUR
2025-08-30 08:28:31 - INFO - Data successfully saved to SQLite database. New listings - Bybit: 4, Binance: 6
2025-08-30 08:28:31 - INFO - Browser session closed
2025-08-30 08:28:31 - INFO - SQLite database connection closed
2025-08-30 08:46:49 - INFO - Logging initialized. Log file: pb2b/logs/bybit_scraper_20250830.log
2025-08-30 08:46:50 - INFO - DataSaver logging initialized. Log file: pb2b/logs/data_saver_20250830.log
2025-08-30 08:46:50 - INFO - Connected to SQLite database: pb2b/p2p_listings.db
2025-08-30 08:46:50 - INFO - Database tables created successfully
2025-08-30 08:46:50 - INFO - Attempt 1/10: Loading https://www.bybit.com/fiat/trade/otc?actionType=1&token=USDT&fiat=NGN
2025-08-30 08:47:00 - INFO - Screenshot saved as 'pb2b/screenshots/bybit_page_20250830_084700.png'
2025-08-30 08:47:01 - INFO - Fetching BUY listings for USDT/EUR
2025-08-30 08:47:02 - INFO - Data successfully saved to SQLite database. New listings - Bybit: 4, Binance: 6
2025-08-30 08:47:02 - INFO - Browser session closed
2025-08-30 08:47:02 - INFO - SQLite database connection closed
2025-08-30 09:01:21 - INFO - Logging initialized. Log file: pb2b/logs/bybit_scraper_20250830.log
2025-08-30 09:01:21 - INFO - DataSaver logging initialized. Log file: pb2b/logs/data_saver_20250830.log
2025-08-30 09:01:21 - INFO - Connected to SQLite database: pb2b/p2p_listings.db
2025-08-30 09:01:21 - INFO - Database tables created successfully
2025-08-30 09:01:21 - INFO - Attempt 1/10: Loading https://www.bybit.com/fiat/trade/otc?actionType=1&token=USDT&fiat=NGN
2025-08-30 09:01:33 - INFO - Screenshot saved as 'pb2b/screenshots/bybit_page_20250830_090133.png'
2025-08-30 09:01:34 - INFO - Fetching BUY listings for USDT/EUR
2025-08-30 09:01:35 - INFO - Data successfully saved to SQLite database. New listings - Bybit: 4, Binance: 6
2025-08-30 09:01:35 - INFO - Browser session closed
2025-08-30 09:01:35 - INFO - SQLite database connection closed
2025-08-30 09:27:32 - INFO - Logging initialized. Log file: pb2b/logs/bybit_scraper_20250830.log
2025-08-30 09:27:33 - INFO - DataSaver logging initialized. Log file: pb2b/logs/data_saver_20250830.log
2025-08-30 09:27:33 - INFO - Connected to SQLite database: pb2b/p2p_listings.db
2025-08-30 09:27:33 - INFO - Database tables created successfully
2025-08-30 09:27:33 - INFO - Attempt 1/10: Loading https://www.bybit.com/fiat/trade/otc?actionType=1&token=USDT&fiat=NGN
2025-08-30 09:27:44 - INFO - Screenshot saved as 'pb2b/screenshots/bybit_page_20250830_092743.png'
2025-08-30 09:27:44 - INFO - Fetching BUY listings for USDT/EUR
2025-08-30 09:27:45 - INFO - Data successfully saved to SQLite database. New listings - Bybit: 4, Binance: 6
2025-08-30 09:27:45 - INFO - Browser session closed
2025-08-30 09:27:45 - INFO - SQLite database connection closed
2025-08-30 09:41:29 - INFO - Logging initialized. Log file: pb2b/logs/bybit_scraper_20250830.log
2025-08-30 09:41:31 - INFO - DataSaver logging initialized. Log file: pb2b/logs/data_saver_20250830.log
2025-08-30 09:41:31 - INFO - Connected to SQLite database: pb2b/p2p_listings.db
2025-08-30 09:41:31 - INFO - Database tables created successfully
2025-08-30 09:41:31 - INFO - Attempt 1/10: Loading https://www.bybit.com/fiat/trade/otc?actionType=1&token=USDT&fiat=NGN
2025-08-30 09:41:41 - INFO - Screenshot saved as 'pb2b/screenshots/bybit_page_20250830_094141.png'
2025-08-30 09:41:42 - INFO - Fetching BUY listings for USDT/EUR
2025-08-30 09:41:43 - INFO - Data successfully saved to SQLite database. New listings - Bybit: 4, Binance: 6
2025-08-30 09:41:43 - INFO - Browser session closed
2025-08-30 09:41:43 - INFO - SQLite database connection closed
2025-08-30 09:55:09 - INFO - Logging initialized. Log file: pb2b/logs/bybit_scraper_20250830.log
2025-08-30 09:55:10 - INFO - DataSaver logging initialized. Log file: pb2b/logs/data_saver_20250830.log
2025-08-30 09:55:10 - INFO - Connected to SQLite database: pb2b/p2p_listings.db
2025-08-30 09:55:10 - INFO - Database tables created successfully
2025-08-30 09:55:10 - INFO - Attempt 1/10: Loading https://www.bybit.com/fiat/trade/otc?actionType=1&token=USDT&fiat=NGN
2025-08-30 09:55:21 - INFO - Screenshot saved as 'pb2b/screenshots/bybit_page_20250830_095521.png'
2025-08-30 09:55:22 - INFO - Fetching BUY listings for USDT/EUR
2025-08-30 09:55:23 - INFO - Data successfully saved to SQLite database. New listings - Bybit: 4, Binance: 6
2025-08-30 09:55:23 - INFO - Browser session closed
2025-08-30 09:55:23 - INFO - SQLite database connection closed
2025-08-30 10:17:10 - INFO - Logging initialized. Log file: pb2b/logs/bybit_scraper_20250830.log
2025-08-30 10:17:11 - INFO - DataSaver logging initialized. Log file: pb2b/logs/data_saver_20250830.log
2025-08-30 10:17:11 - INFO - Connected to SQLite database: pb2b/p2p_listings.db
2025-08-30 10:17:11 - INFO - Database tables created successfully
2025-08-30 10:17:11 - INFO - Attempt 1/10: Loading https://www.bybit.com/fiat/trade/otc?actionType=1&token=USDT&fiat=NGN
2025-08-30 10:17:21 - INFO - Screenshot saved as 'pb2b/screenshots/bybit_page_20250830_101721.png'
2025-08-30 10:17:22 - INFO - Fetching BUY listings for USDT/EUR
2025-08-30 10:17:22 - INFO - Data successfully saved to SQLite database. New listings - Bybit: 4, Binance: 6
2025-08-30 10:17:22 - INFO - Browser session closed
2025-08-30 10:17:22 - INFO - SQLite database connection closed
2025-08-30 10:36:48 - INFO - Logging initialized. Log file: pb2b/logs/bybit_scraper_20250830.log
2025-08-30 10:36:49 - INFO - DataSaver logging initialized. Log file: pb2b/logs/data_saver_20250830.log
2025-08-30 10:36:49 - INFO - Connected to SQLite database: pb2b/p2p_listings.db
2025-08-30 10:36:49 - INFO - Database tables created successfully
2025-08-30 10:36:49 - INFO - Attempt 1/10: Loading https://www.bybit.com/fiat/trade/otc?actionType=1&token=USDT&fiat=NGN
2025-08-30 10:37:00 - INFO - Screenshot saved as 'pb2b/screenshots/bybit_page_20250830_103700.png'
2025-08-30 10:37:00 - INFO - Fetching BUY listings for USDT/EUR
2025-08-30 10:37:01 - INFO - Data successfully saved to SQLite database. New listings - Bybit: 4, Binance: 6
2025-08-30 10:37:01 - INFO - Browser session closed
2025-08-30 10:37:01 - INFO - SQLite database connection closed
2025-08-30 10:50:52 - INFO - Logging initialized. Log file: pb2b/logs/bybit_scraper_20250830.log
2025-08-30 10:50:53 - INFO - DataSaver logging initialized. Log file: pb2b/logs/data_saver_20250830.log
2025-08-30 10:50:53 - INFO - Connected to SQLite database: pb2b/p2p_listings.db
2025-08-30 10:50:53 - INFO - Database tables created successfully
2025-08-30 10:50:53 - INFO - Attempt 1/10: Loading https://www.bybit.com/fiat/trade/otc?actionType=1&token=USDT&fiat=NGN
2025-08-30 10:51:03 - INFO - Screenshot saved as 'pb2b/screenshots/bybit_page_20250830_105103.png'
2025-08-30 10:51:03 - INFO - Fetching BUY listings for USDT/EUR
2025-08-30 10:51:04 - INFO - Data successfully saved to SQLite database. New listings - Bybit: 4, Binance: 6
2025-08-30 10:51:04 - INFO - Browser session closed
2025-08-30 10:51:04 - INFO - SQLite database connection closed
2025-08-30 11:03:53 - INFO - Logging initialized. Log file: pb2b/logs/bybit_scraper_20250830.log
2025-08-30 11:03:54 - INFO - DataSaver logging initialized. Log file: pb2b/logs/data_saver_20250830.log
2025-08-30 11:03:54 - INFO - Connected to SQLite database: pb2b/p2p_listings.db
2025-08-30 11:03:54 - INFO - Database tables created successfully
2025-08-30 11:03:54 - INFO - Attempt 1/10: Loading https://www.bybit.com/fiat/trade/otc?actionType=1&token=USDT&fiat=NGN
2025-08-30 11:04:05 - INFO - Screenshot saved as 'pb2b/screenshots/bybit_page_20250830_110405.png'
2025-08-30 11:04:05 - INFO - Fetching BUY listings for USDT/EUR
2025-08-30 11:04:06 - INFO - Data successfully saved to SQLite database. New listings - Bybit: 4, Binance: 6
2025-08-30 11:04:06 - INFO - Browser session closed
2025-08-30 11:04:06 - INFO - SQLite database connection closed
2025-08-30 11:23:33 - INFO - Logging initialized. Log file: pb2b/logs/bybit_scraper_20250830.log
2025-08-30 11:23:34 - INFO - DataSaver logging initialized. Log file: pb2b/logs/data_saver_20250830.log
2025-08-30 11:23:34 - INFO - Connected to SQLite database: pb2b/p2p_listings.db
2025-08-30 11:23:34 - INFO - Database tables created successfully
2025-08-30 11:23:34 - INFO - Attempt 1/10: Loading https://www.bybit.com/fiat/trade/otc?actionType=1&token=USDT&fiat=NGN
2025-08-30 11:23:44 - INFO - Screenshot saved as 'pb2b/screenshots/bybit_page_20250830_112343.png'
2025-08-30 11:23:44 - INFO - Fetching BUY listings for USDT/EUR
2025-08-30 11:23:45 - INFO - Data successfully saved to SQLite database. New listings - Bybit: 4, Binance: 6
2025-08-30 11:23:45 - INFO - Browser session closed
2025-08-30 11:23:45 - INFO - SQLite database connection closed
2025-08-30 11:39:23 - INFO - Logging initialized. Log file: pb2b/logs/bybit_scraper_20250830.log
2025-08-30 11:39:24 - INFO - DataSaver logging initialized. Log file: pb2b/logs/data_saver_20250830.log
2025-08-30 11:39:24 - INFO - Connected to SQLite database: pb2b/p2p_listings.db
2025-08-30 11:39:24 - INFO - Database tables created successfully
2025-08-30 11:39:24 - INFO - Attempt 1/10: Loading https://www.bybit.com/fiat/trade/otc?actionType=1&token=USDT&fiat=NGN
2025-08-30 11:39:34 - INFO - Screenshot saved as 'pb2b/screenshots/bybit_page_20250830_113934.png'
2025-08-30 11:39:35 - INFO - Fetching BUY listings for USDT/EUR
2025-08-30 11:39:36 - INFO - Data successfully saved to SQLite database. New listings - Bybit: 4, Binance: 6
2025-08-30 11:39:36 - INFO - Browser session closed
2025-08-30 11:39:36 - INFO - SQLite database connection closed
2025-08-30 11:52:45 - INFO - Logging initialized. Log file: pb2b/logs/bybit_scraper_20250830.log
2025-08-30 11:52:47 - INFO - DataSaver logging initialized. Log file: pb2b/logs/data_saver_20250830.log
2025-08-30 11:52:47 - INFO - Connected to SQLite database: pb2b/p2p_listings.db
2025-08-30 11:52:47 - INFO - Database tables created successfully
2025-08-30 11:52:47 - INFO - Attempt 1/10: Loading https://www.bybit.com/fiat/trade/otc?actionType=1&token=USDT&fiat=NGN
2025-08-30 11:52:57 - INFO - Screenshot saved as 'pb2b/screenshots/bybit_page_20250830_115257.png'
2025-08-30 11:52:58 - INFO - Fetching BUY listings for USDT/EUR
2025-08-30 11:52:59 - INFO - Data successfully saved to SQLite database. New listings - Bybit: 4, Binance: 6
2025-08-30 11:52:59 - INFO - Browser session closed
2025-08-30 11:52:59 - INFO - SQLite database connection closed
2025-08-30 12:21:09 - INFO - Logging initialized. Log file: pb2b/logs/bybit_scraper_20250830.log
2025-08-30 12:21:10 - INFO - DataSaver logging initialized. Log file: pb2b/logs/data_saver_20250830.log
2025-08-30 12:21:10 - INFO - Connected to SQLite database: pb2b/p2p_listings.db
2025-08-30 12:21:10 - INFO - Database tables created successfully
2025-08-30 12:21:10 - INFO - Attempt 1/10: Loading https://www.bybit.com/fiat/trade/otc?actionType=1&token=USDT&fiat=NGN
2025-08-30 12:21:20 - INFO - Screenshot saved as 'pb2b/screenshots/bybit_page_20250830_122120.png'
2025-08-30 12:21:21 - INFO - Fetching BUY listings for USDT/EUR
2025-08-30 12:21:21 - INFO - Data successfully saved to SQLite database. New listings - Bybit: 4, Binance: 6
2025-08-30 12:21:21 - INFO - Browser session closed
2025-08-30 12:21:21 - INFO - SQLite database connection closed
2025-08-30 12:59:18 - INFO - Logging initialized. Log file: pb2b/logs/bybit_scraper_20250830.log
2025-08-30 12:59:18 - INFO - DataSaver logging initialized. Log file: pb2b/logs/data_saver_20250830.log
2025-08-30 12:59:18 - INFO - Connected to SQLite database: pb2b/p2p_listings.db
2025-08-30 12:59:18 - INFO - Database tables created successfully
2025-08-30 12:59:18 - INFO - Attempt 1/10: Loading https://www.bybit.com/fiat/trade/otc?actionType=1&token=USDT&fiat=NGN
2025-08-30 12:59:29 - INFO - Screenshot saved as 'pb2b/screenshots/bybit_page_20250830_125929.png'
2025-08-30 12:59:29 - INFO - Fetching BUY listings for USDT/EUR
2025-08-30 12:59:30 - INFO - Data successfully saved to SQLite database. New listings - Bybit: 4, Binance: 6
2025-08-30 12:59:30 - INFO - Browser session closed
2025-08-30 12:59:30 - INFO - SQLite database connection closed
2025-08-30 13:30:52 - INFO - Logging initialized. Log file: pb2b/logs/bybit_scraper_20250830.log
2025-08-30 13:30:54 - INFO - DataSaver logging initialized. Log file: pb2b/logs/data_saver_20250830.log
2025-08-30 13:30:54 - INFO - Connected to SQLite database: pb2b/p2p_listings.db
2025-08-30 13:30:54 - INFO - Database tables created successfully
2025-08-30 13:30:54 - INFO - Attempt 1/10: Loading https://www.bybit.com/fiat/trade/otc?actionType=1&token=USDT&fiat=NGN
2025-08-30 13:31:05 - INFO - Screenshot saved as 'pb2b/screenshots/bybit_page_20250830_133105.png'
2025-08-30 13:31:05 - INFO - Fetching BUY listings for USDT/EUR
2025-08-30 13:31:06 - INFO - Data successfully saved to SQLite database. New listings - Bybit: 4, Binance: 6
2025-08-30 13:31:06 - INFO - Browser session closed
2025-08-30 13:31:06 - INFO - SQLite database connection closed
2025-08-30 13:43:52 - INFO - Logging initialized. Log file: pb2b/logs/bybit_scraper_20250830.log
2025-08-30 13:43:54 - INFO - DataSaver logging initialized. Log file: pb2b/logs/data_saver_20250830.log
2025-08-30 13:43:54 - INFO - Connected to SQLite database: pb2b/p2p_listings.db
2025-08-30 13:43:54 - INFO - Database tables created successfully
2025-08-30 13:43:54 - INFO - Attempt 1/10: Loading https://www.bybit.com/fiat/trade/otc?actionType=1&token=USDT&fiat=NGN
2025-08-30 13:44:05 - INFO - Screenshot saved as 'pb2b/screenshots/bybit_page_20250830_134405.png'
2025-08-30 13:44:06 - INFO - Fetching BUY listings for USDT/EUR
2025-08-30 13:44:06 - INFO - Data successfully saved to SQLite database. New listings - Bybit: 4, Binance: 6
2025-08-30 13:44:06 - INFO - Browser session closed
2025-08-30 13:44:06 - INFO - SQLite database connection closed
2025-08-30 13:57:59 - INFO - Logging initialized. Log file: pb2b/logs/bybit_scraper_20250830.log
2025-08-30 13:57:59 - INFO - DataSaver logging initialized. Log file: pb2b/logs/data_saver_20250830.log
2025-08-30 13:57:59 - INFO - Connected to SQLite database: pb2b/p2p_listings.db
2025-08-30 13:57:59 - INFO - Database tables created successfully
2025-08-30 13:57:59 - INFO - Attempt 1/10: Loading https://www.bybit.com/fiat/trade/otc?actionType=1&token=USDT&fiat=NGN
2025-08-30 13:58:10 - INFO - Screenshot saved as 'pb2b/screenshots/bybit_page_20250830_135810.png'
2025-08-30 13:58:10 - INFO - Fetching BUY listings for USDT/EUR
2025-08-30 13:58:11 - INFO - Data successfully saved to SQLite database. New listings - Bybit: 4, Binance: 6
2025-08-30 13:58:11 - INFO - Browser session closed
2025-08-30 13:58:11 - INFO - SQLite database connection closed
