2025-09-01 02:26:42 - INFO - Logging initialized. Log file: pb2b/logs/bybit_scraper_20250901.log
2025-09-01 02:26:44 - INFO - DataSaver logging initialized. Log file: pb2b/logs/data_saver_20250901.log
2025-09-01 02:26:44 - INFO - Connected to SQLite database: pb2b/p2p_listings.db
2025-09-01 02:26:44 - INFO - Database tables created successfully
2025-09-01 02:26:44 - INFO - Attempt 1/10: Loading https://www.bybit.com/fiat/trade/otc?actionType=1&token=USDT&fiat=NGN
2025-09-01 02:26:54 - INFO - Screenshot saved as 'pb2b/screenshots/bybit_page_20250901_022654.png'
2025-09-01 02:26:55 - INFO - Fetching BUY listings for USDT/EUR
2025-09-01 02:26:55 - INFO - Data successfully saved to SQLite database. New listings - Bybit: 4, Binance: 6
2025-09-01 02:26:55 - INFO - Browser session closed
2025-09-01 02:26:55 - INFO - SQLite database connection closed
2025-09-01 03:41:46 - INFO - Logging initialized. Log file: pb2b/logs/bybit_scraper_20250901.log
2025-09-01 03:41:47 - INFO - DataSaver logging initialized. Log file: pb2b/logs/data_saver_20250901.log
2025-09-01 03:41:47 - INFO - Connected to SQLite database: pb2b/p2p_listings.db
2025-09-01 03:41:47 - INFO - Database tables created successfully
2025-09-01 03:41:47 - INFO - Attempt 1/10: Loading https://www.bybit.com/fiat/trade/otc?actionType=1&token=USDT&fiat=NGN
2025-09-01 03:41:57 - INFO - Screenshot saved as 'pb2b/screenshots/bybit_page_20250901_034157.png'
2025-09-01 03:41:58 - INFO - Fetching BUY listings for USDT/EUR
2025-09-01 03:41:59 - INFO - Data successfully saved to SQLite database. New listings - Bybit: 4, Binance: 6
2025-09-01 03:41:59 - INFO - Browser session closed
2025-09-01 03:41:59 - INFO - SQLite database connection closed
2025-09-01 04:20:53 - INFO - Logging initialized. Log file: pb2b/logs/bybit_scraper_20250901.log
2025-09-01 04:20:53 - INFO - DataSaver logging initialized. Log file: pb2b/logs/data_saver_20250901.log
2025-09-01 04:20:53 - INFO - Connected to SQLite database: pb2b/p2p_listings.db
2025-09-01 04:20:53 - INFO - Database tables created successfully
2025-09-01 04:20:53 - INFO - Attempt 1/10: Loading https://www.bybit.com/fiat/trade/otc?actionType=1&token=USDT&fiat=NGN
2025-09-01 04:21:04 - INFO - Screenshot saved as 'pb2b/screenshots/bybit_page_20250901_042104.png'
2025-09-01 04:21:04 - INFO - Fetching BUY listings for USDT/EUR
2025-09-01 04:21:05 - INFO - Data successfully saved to SQLite database. New listings - Bybit: 4, Binance: 6
2025-09-01 04:21:05 - INFO - Browser session closed
2025-09-01 04:21:05 - INFO - SQLite database connection closed
2025-09-01 04:47:15 - INFO - Logging initialized. Log file: pb2b/logs/bybit_scraper_20250901.log
2025-09-01 04:47:15 - INFO - DataSaver logging initialized. Log file: pb2b/logs/data_saver_20250901.log
2025-09-01 04:47:15 - INFO - Connected to SQLite database: pb2b/p2p_listings.db
2025-09-01 04:47:15 - INFO - Database tables created successfully
2025-09-01 04:47:15 - INFO - Attempt 1/10: Loading https://www.bybit.com/fiat/trade/otc?actionType=1&token=USDT&fiat=NGN
2025-09-01 04:47:26 - INFO - Screenshot saved as 'pb2b/screenshots/bybit_page_20250901_044726.png'
2025-09-01 04:47:27 - INFO - Fetching BUY listings for USDT/EUR
2025-09-01 04:47:28 - INFO - Data successfully saved to SQLite database. New listings - Bybit: 4, Binance: 6
2025-09-01 04:47:28 - INFO - Browser session closed
2025-09-01 04:47:28 - INFO - SQLite database connection closed
2025-09-01 04:59:44 - INFO - Logging initialized. Log file: pb2b/logs/bybit_scraper_20250901.log
2025-09-01 04:59:45 - INFO - DataSaver logging initialized. Log file: pb2b/logs/data_saver_20250901.log
2025-09-01 04:59:45 - INFO - Connected to SQLite database: pb2b/p2p_listings.db
2025-09-01 04:59:45 - INFO - Database tables created successfully
2025-09-01 04:59:45 - INFO - Attempt 1/10: Loading https://www.bybit.com/fiat/trade/otc?actionType=1&token=USDT&fiat=NGN
2025-09-01 04:59:55 - INFO - Screenshot saved as 'pb2b/screenshots/bybit_page_20250901_045955.png'
2025-09-01 04:59:56 - INFO - Fetching BUY listings for USDT/EUR
2025-09-01 04:59:57 - INFO - Data successfully saved to SQLite database. New listings - Bybit: 4, Binance: 6
2025-09-01 04:59:57 - INFO - Browser session closed
2025-09-01 04:59:57 - INFO - SQLite database connection closed
2025-09-01 05:31:54 - INFO - Logging initialized. Log file: pb2b/logs/bybit_scraper_20250901.log
2025-09-01 05:31:55 - INFO - DataSaver logging initialized. Log file: pb2b/logs/data_saver_20250901.log
2025-09-01 05:31:55 - INFO - Connected to SQLite database: pb2b/p2p_listings.db
2025-09-01 05:31:55 - INFO - Database tables created successfully
2025-09-01 05:31:55 - INFO - Attempt 1/10: Loading https://www.bybit.com/fiat/trade/otc?actionType=1&token=USDT&fiat=NGN
2025-09-01 05:32:06 - INFO - Screenshot saved as 'pb2b/screenshots/bybit_page_20250901_053206.png'
2025-09-01 05:32:07 - INFO - Fetching BUY listings for USDT/EUR
2025-09-01 05:32:08 - INFO - Data successfully saved to SQLite database. New listings - Bybit: 4, Binance: 6
2025-09-01 05:32:08 - INFO - Browser session closed
2025-09-01 05:32:08 - INFO - SQLite database connection closed
2025-09-01 05:48:08 - INFO - Logging initialized. Log file: pb2b/logs/bybit_scraper_20250901.log
2025-09-01 05:48:09 - INFO - DataSaver logging initialized. Log file: pb2b/logs/data_saver_20250901.log
2025-09-01 05:48:09 - INFO - Connected to SQLite database: pb2b/p2p_listings.db
2025-09-01 05:48:09 - INFO - Database tables created successfully
2025-09-01 05:48:09 - INFO - Attempt 1/10: Loading https://www.bybit.com/fiat/trade/otc?actionType=1&token=USDT&fiat=NGN
2025-09-01 05:48:20 - INFO - Screenshot saved as 'pb2b/screenshots/bybit_page_20250901_054820.png'
2025-09-01 05:48:20 - INFO - Fetching BUY listings for USDT/EUR
2025-09-01 05:48:21 - INFO - Data successfully saved to SQLite database. New listings - Bybit: 4, Binance: 6
2025-09-01 05:48:21 - INFO - Browser session closed
2025-09-01 05:48:21 - INFO - SQLite database connection closed
2025-09-01 06:01:02 - INFO - Logging initialized. Log file: pb2b/logs/bybit_scraper_20250901.log
2025-09-01 06:01:02 - INFO - DataSaver logging initialized. Log file: pb2b/logs/data_saver_20250901.log
2025-09-01 06:01:02 - INFO - Connected to SQLite database: pb2b/p2p_listings.db
2025-09-01 06:01:02 - INFO - Database tables created successfully
2025-09-01 06:01:02 - INFO - Attempt 1/10: Loading https://www.bybit.com/fiat/trade/otc?actionType=1&token=USDT&fiat=NGN
2025-09-01 06:01:13 - INFO - Screenshot saved as 'pb2b/screenshots/bybit_page_20250901_060113.png'
2025-09-01 06:01:14 - INFO - Fetching BUY listings for USDT/EUR
2025-09-01 06:01:14 - INFO - Data successfully saved to SQLite database. New listings - Bybit: 11, Binance: 6
2025-09-01 06:01:14 - INFO - Browser session closed
2025-09-01 06:01:14 - INFO - SQLite database connection closed
2025-09-01 06:45:55 - INFO - Logging initialized. Log file: pb2b/logs/bybit_scraper_20250901.log
2025-09-01 06:45:56 - INFO - DataSaver logging initialized. Log file: pb2b/logs/data_saver_20250901.log
2025-09-01 06:45:56 - INFO - Connected to SQLite database: pb2b/p2p_listings.db
2025-09-01 06:45:56 - INFO - Database tables created successfully
2025-09-01 06:45:56 - INFO - Attempt 1/10: Loading https://www.bybit.com/fiat/trade/otc?actionType=1&token=USDT&fiat=NGN
2025-09-01 06:46:07 - INFO - Screenshot saved as 'pb2b/screenshots/bybit_page_20250901_064607.png'
2025-09-01 06:46:08 - INFO - Fetching BUY listings for USDT/EUR
2025-09-01 06:46:08 - INFO - Data successfully saved to SQLite database. New listings - Bybit: 4, Binance: 6
2025-09-01 06:46:09 - INFO - Browser session closed
2025-09-01 06:46:09 - INFO - SQLite database connection closed
2025-09-01 07:08:13 - INFO - Logging initialized. Log file: pb2b/logs/bybit_scraper_20250901.log
2025-09-01 07:08:14 - INFO - DataSaver logging initialized. Log file: pb2b/logs/data_saver_20250901.log
2025-09-01 07:08:14 - INFO - Connected to SQLite database: pb2b/p2p_listings.db
2025-09-01 07:08:14 - INFO - Database tables created successfully
2025-09-01 07:08:14 - INFO - Attempt 1/10: Loading https://www.bybit.com/fiat/trade/otc?actionType=1&token=USDT&fiat=NGN
2025-09-01 07:08:24 - INFO - Screenshot saved as 'pb2b/screenshots/bybit_page_20250901_070824.png'
2025-09-01 07:08:24 - INFO - Fetching BUY listings for USDT/EUR
2025-09-01 07:08:25 - INFO - Data successfully saved to SQLite database. New listings - Bybit: 4, Binance: 6
2025-09-01 07:08:25 - INFO - Browser session closed
2025-09-01 07:08:25 - INFO - SQLite database connection closed
2025-09-01 07:31:27 - INFO - Logging initialized. Log file: pb2b/logs/bybit_scraper_20250901.log
2025-09-01 07:31:27 - INFO - DataSaver logging initialized. Log file: pb2b/logs/data_saver_20250901.log
2025-09-01 07:31:27 - INFO - Connected to SQLite database: pb2b/p2p_listings.db
2025-09-01 07:31:27 - INFO - Database tables created successfully
2025-09-01 07:31:27 - INFO - Attempt 1/10: Loading https://www.bybit.com/fiat/trade/otc?actionType=1&token=USDT&fiat=NGN
2025-09-01 07:31:38 - INFO - Screenshot saved as 'pb2b/screenshots/bybit_page_20250901_073138.png'
2025-09-01 07:31:38 - INFO - Fetching BUY listings for USDT/EUR
2025-09-01 07:31:40 - INFO - Data successfully saved to SQLite database. New listings - Bybit: 4, Binance: 6
2025-09-01 07:31:40 - INFO - Browser session closed
2025-09-01 07:31:40 - INFO - SQLite database connection closed
2025-09-01 07:46:56 - INFO - Logging initialized. Log file: pb2b/logs/bybit_scraper_20250901.log
2025-09-01 07:46:57 - INFO - DataSaver logging initialized. Log file: pb2b/logs/data_saver_20250901.log
2025-09-01 07:46:57 - INFO - Connected to SQLite database: pb2b/p2p_listings.db
2025-09-01 07:46:57 - INFO - Database tables created successfully
2025-09-01 07:46:57 - INFO - Attempt 1/10: Loading https://www.bybit.com/fiat/trade/otc?actionType=1&token=USDT&fiat=NGN
2025-09-01 07:47:08 - INFO - Screenshot saved as 'pb2b/screenshots/bybit_page_20250901_074707.png'
2025-09-01 07:47:08 - INFO - Fetching BUY listings for USDT/EUR
2025-09-01 07:47:09 - INFO - Data successfully saved to SQLite database. New listings - Bybit: 11, Binance: 6
2025-09-01 07:47:09 - INFO - Browser session closed
2025-09-01 07:47:09 - INFO - SQLite database connection closed
2025-09-01 07:59:34 - INFO - Logging initialized. Log file: pb2b/logs/bybit_scraper_20250901.log
2025-09-01 07:59:35 - INFO - DataSaver logging initialized. Log file: pb2b/logs/data_saver_20250901.log
2025-09-01 07:59:35 - INFO - Connected to SQLite database: pb2b/p2p_listings.db
2025-09-01 07:59:35 - INFO - Database tables created successfully
2025-09-01 07:59:35 - INFO - Attempt 1/10: Loading https://www.bybit.com/fiat/trade/otc?actionType=1&token=USDT&fiat=NGN
2025-09-01 07:59:46 - INFO - Screenshot saved as 'pb2b/screenshots/bybit_page_20250901_075945.png'
2025-09-01 07:59:46 - INFO - Fetching BUY listings for USDT/EUR
2025-09-01 07:59:47 - INFO - Data successfully saved to SQLite database. New listings - Bybit: 4, Binance: 6
2025-09-01 07:59:47 - INFO - Browser session closed
2025-09-01 07:59:47 - INFO - SQLite database connection closed
2025-09-01 08:40:42 - INFO - Logging initialized. Log file: pb2b/logs/bybit_scraper_20250901.log
2025-09-01 08:40:43 - INFO - DataSaver logging initialized. Log file: pb2b/logs/data_saver_20250901.log
2025-09-01 08:40:43 - INFO - Connected to SQLite database: pb2b/p2p_listings.db
2025-09-01 08:40:43 - INFO - Database tables created successfully
2025-09-01 08:40:43 - INFO - Attempt 1/10: Loading https://www.bybit.com/fiat/trade/otc?actionType=1&token=USDT&fiat=NGN
2025-09-01 08:40:54 - INFO - Screenshot saved as 'pb2b/screenshots/bybit_page_20250901_084054.png'
2025-09-01 08:40:55 - INFO - Fetching BUY listings for USDT/EUR
2025-09-01 08:40:56 - INFO - Data successfully saved to SQLite database. New listings - Bybit: 4, Binance: 6
2025-09-01 08:40:56 - INFO - Browser session closed
2025-09-01 08:40:56 - INFO - SQLite database connection closed
2025-09-01 08:58:38 - INFO - Logging initialized. Log file: pb2b/logs/bybit_scraper_20250901.log
2025-09-01 08:58:40 - INFO - DataSaver logging initialized. Log file: pb2b/logs/data_saver_20250901.log
2025-09-01 08:58:40 - INFO - Connected to SQLite database: pb2b/p2p_listings.db
2025-09-01 08:58:40 - INFO - Database tables created successfully
2025-09-01 08:58:40 - INFO - Attempt 1/10: Loading https://www.bybit.com/fiat/trade/otc?actionType=1&token=USDT&fiat=NGN
2025-09-01 08:58:50 - INFO - Screenshot saved as 'pb2b/screenshots/bybit_page_20250901_085850.png'
2025-09-01 08:58:50 - INFO - Fetching BUY listings for USDT/EUR
2025-09-01 08:58:51 - INFO - Data successfully saved to SQLite database. New listings - Bybit: 4, Binance: 6
2025-09-01 08:58:51 - INFO - Browser session closed
2025-09-01 08:58:51 - INFO - SQLite database connection closed
2025-09-01 09:32:44 - INFO - Logging initialized. Log file: pb2b/logs/bybit_scraper_20250901.log
2025-09-01 09:32:45 - INFO - DataSaver logging initialized. Log file: pb2b/logs/data_saver_20250901.log
2025-09-01 09:32:45 - INFO - Connected to SQLite database: pb2b/p2p_listings.db
2025-09-01 09:32:45 - INFO - Database tables created successfully
2025-09-01 09:32:45 - INFO - Attempt 1/10: Loading https://www.bybit.com/fiat/trade/otc?actionType=1&token=USDT&fiat=NGN
2025-09-01 09:32:55 - INFO - Screenshot saved as 'pb2b/screenshots/bybit_page_20250901_093255.png'
2025-09-01 09:32:56 - INFO - Fetching BUY listings for USDT/EUR
2025-09-01 09:32:57 - INFO - Data successfully saved to SQLite database. New listings - Bybit: 4, Binance: 6
2025-09-01 09:32:57 - INFO - Browser session closed
2025-09-01 09:32:57 - INFO - SQLite database connection closed
2025-09-01 09:49:23 - INFO - Logging initialized. Log file: pb2b/logs/bybit_scraper_20250901.log
2025-09-01 09:49:24 - INFO - DataSaver logging initialized. Log file: pb2b/logs/data_saver_20250901.log
2025-09-01 09:49:24 - INFO - Connected to SQLite database: pb2b/p2p_listings.db
2025-09-01 09:49:24 - INFO - Database tables created successfully
2025-09-01 09:49:24 - INFO - Attempt 1/10: Loading https://www.bybit.com/fiat/trade/otc?actionType=1&token=USDT&fiat=NGN
2025-09-01 09:49:36 - INFO - Screenshot saved as 'pb2b/screenshots/bybit_page_20250901_094935.png'
2025-09-01 09:49:36 - INFO - Fetching BUY listings for USDT/EUR
2025-09-01 09:49:37 - INFO - Data successfully saved to SQLite database. New listings - Bybit: 4, Binance: 6
2025-09-01 09:49:37 - INFO - Browser session closed
2025-09-01 09:49:37 - INFO - SQLite database connection closed
2025-09-01 10:06:53 - INFO - Logging initialized. Log file: pb2b/logs/bybit_scraper_20250901.log
2025-09-01 10:06:55 - INFO - DataSaver logging initialized. Log file: pb2b/logs/data_saver_20250901.log
2025-09-01 10:06:55 - INFO - Connected to SQLite database: pb2b/p2p_listings.db
2025-09-01 10:06:55 - INFO - Database tables created successfully
2025-09-01 10:06:55 - INFO - Attempt 1/10: Loading https://www.bybit.com/fiat/trade/otc?actionType=1&token=USDT&fiat=NGN
2025-09-01 10:07:06 - INFO - Screenshot saved as 'pb2b/screenshots/bybit_page_20250901_100706.png'
2025-09-01 10:07:07 - INFO - Fetching BUY listings for USDT/EUR
2025-09-01 10:07:08 - INFO - Data successfully saved to SQLite database. New listings - Bybit: 11, Binance: 6
2025-09-01 10:07:08 - INFO - Browser session closed
2025-09-01 10:07:08 - INFO - SQLite database connection closed
2025-09-01 10:36:56 - INFO - Logging initialized. Log file: pb2b/logs/bybit_scraper_20250901.log
2025-09-01 10:37:00 - INFO - DataSaver logging initialized. Log file: pb2b/logs/data_saver_20250901.log
2025-09-01 10:37:00 - INFO - Connected to SQLite database: pb2b/p2p_listings.db
2025-09-01 10:37:00 - INFO - Database tables created successfully
2025-09-01 10:37:00 - INFO - Attempt 1/10: Loading https://www.bybit.com/fiat/trade/otc?actionType=1&token=USDT&fiat=NGN
2025-09-01 10:37:11 - INFO - Screenshot saved as 'pb2b/screenshots/bybit_page_20250901_103710.png'
2025-09-01 10:37:11 - INFO - Fetching BUY listings for USDT/EUR
2025-09-01 10:37:12 - INFO - Data successfully saved to SQLite database. New listings - Bybit: 4, Binance: 6
2025-09-01 10:37:12 - INFO - Browser session closed
2025-09-01 10:37:12 - INFO - SQLite database connection closed
2025-09-01 10:53:16 - INFO - Logging initialized. Log file: pb2b/logs/bybit_scraper_20250901.log
2025-09-01 10:53:17 - INFO - DataSaver logging initialized. Log file: pb2b/logs/data_saver_20250901.log
2025-09-01 10:53:17 - INFO - Connected to SQLite database: pb2b/p2p_listings.db
2025-09-01 10:53:17 - INFO - Database tables created successfully
2025-09-01 10:53:17 - INFO - Attempt 1/10: Loading https://www.bybit.com/fiat/trade/otc?actionType=1&token=USDT&fiat=NGN
2025-09-01 10:53:27 - INFO - Screenshot saved as 'pb2b/screenshots/bybit_page_20250901_105326.png'
2025-09-01 10:53:27 - INFO - Fetching BUY listings for USDT/EUR
2025-09-01 10:53:28 - INFO - Data successfully saved to SQLite database. New listings - Bybit: 4, Binance: 6
2025-09-01 10:53:28 - INFO - Browser session closed
2025-09-01 10:53:28 - INFO - SQLite database connection closed
2025-09-01 11:14:10 - INFO - Logging initialized. Log file: pb2b/logs/bybit_scraper_20250901.log
2025-09-01 11:14:11 - INFO - DataSaver logging initialized. Log file: pb2b/logs/data_saver_20250901.log
2025-09-01 11:14:11 - INFO - Connected to SQLite database: pb2b/p2p_listings.db
2025-09-01 11:14:11 - INFO - Database tables created successfully
2025-09-01 11:14:11 - INFO - Attempt 1/10: Loading https://www.bybit.com/fiat/trade/otc?actionType=1&token=USDT&fiat=NGN
2025-09-01 11:14:22 - INFO - Screenshot saved as 'pb2b/screenshots/bybit_page_20250901_111422.png'
2025-09-01 11:14:23 - INFO - Fetching BUY listings for USDT/EUR
2025-09-01 11:14:23 - INFO - Data successfully saved to SQLite database. New listings - Bybit: 4, Binance: 6
2025-09-01 11:14:23 - INFO - Browser session closed
2025-09-01 11:14:23 - INFO - SQLite database connection closed
2025-09-01 11:32:13 - INFO - Logging initialized. Log file: pb2b/logs/bybit_scraper_20250901.log
2025-09-01 11:32:13 - INFO - DataSaver logging initialized. Log file: pb2b/logs/data_saver_20250901.log
2025-09-01 11:32:13 - INFO - Connected to SQLite database: pb2b/p2p_listings.db
2025-09-01 11:32:13 - INFO - Database tables created successfully
2025-09-01 11:32:13 - INFO - Attempt 1/10: Loading https://www.bybit.com/fiat/trade/otc?actionType=1&token=USDT&fiat=NGN
2025-09-01 11:32:23 - INFO - Screenshot saved as 'pb2b/screenshots/bybit_page_20250901_113223.png'
2025-09-01 11:32:24 - INFO - Fetching BUY listings for USDT/EUR
2025-09-01 11:32:24 - INFO - Data successfully saved to SQLite database. New listings - Bybit: 4, Binance: 6
2025-09-01 11:32:25 - INFO - Browser session closed
2025-09-01 11:32:25 - INFO - SQLite database connection closed
2025-09-01 11:47:01 - INFO - Logging initialized. Log file: pb2b/logs/bybit_scraper_20250901.log
2025-09-01 11:47:03 - INFO - DataSaver logging initialized. Log file: pb2b/logs/data_saver_20250901.log
2025-09-01 11:47:03 - INFO - Connected to SQLite database: pb2b/p2p_listings.db
2025-09-01 11:47:03 - INFO - Database tables created successfully
2025-09-01 11:47:03 - INFO - Attempt 1/10: Loading https://www.bybit.com/fiat/trade/otc?actionType=1&token=USDT&fiat=NGN
2025-09-01 11:47:12 - INFO - Screenshot saved as 'pb2b/screenshots/bybit_page_20250901_114711.png'
2025-09-01 11:47:12 - INFO - Fetching BUY listings for USDT/EUR
2025-09-01 11:47:13 - INFO - Data successfully saved to SQLite database. New listings - Bybit: 4, Binance: 6
2025-09-01 11:47:13 - INFO - Browser session closed
2025-09-01 11:47:13 - INFO - SQLite database connection closed
2025-09-01 11:58:51 - INFO - Logging initialized. Log file: pb2b/logs/bybit_scraper_20250901.log
2025-09-01 11:58:52 - INFO - DataSaver logging initialized. Log file: pb2b/logs/data_saver_20250901.log
2025-09-01 11:58:52 - INFO - Connected to SQLite database: pb2b/p2p_listings.db
2025-09-01 11:58:52 - INFO - Database tables created successfully
2025-09-01 11:58:52 - INFO - Attempt 1/10: Loading https://www.bybit.com/fiat/trade/otc?actionType=1&token=USDT&fiat=NGN
2025-09-01 11:59:03 - INFO - Screenshot saved as 'pb2b/screenshots/bybit_page_20250901_115903.png'
2025-09-01 11:59:03 - INFO - Fetching BUY listings for USDT/EUR
2025-09-01 11:59:04 - INFO - Data successfully saved to SQLite database. New listings - Bybit: 4, Binance: 6
2025-09-01 11:59:04 - INFO - Browser session closed
2025-09-01 11:59:04 - INFO - SQLite database connection closed
2025-09-01 12:59:13 - INFO - Logging initialized. Log file: pb2b/logs/bybit_scraper_20250901.log
2025-09-01 12:59:13 - INFO - DataSaver logging initialized. Log file: pb2b/logs/data_saver_20250901.log
2025-09-01 12:59:13 - INFO - Connected to SQLite database: pb2b/p2p_listings.db
2025-09-01 12:59:13 - INFO - Database tables created successfully
2025-09-01 12:59:13 - INFO - Attempt 1/10: Loading https://www.bybit.com/fiat/trade/otc?actionType=1&token=USDT&fiat=NGN
2025-09-01 12:59:24 - INFO - Screenshot saved as 'pb2b/screenshots/bybit_page_20250901_125924.png'
2025-09-01 12:59:24 - INFO - Fetching BUY listings for USDT/EUR
2025-09-01 12:59:25 - INFO - Data successfully saved to SQLite database. New listings - Bybit: 4, Binance: 6
2025-09-01 12:59:25 - INFO - Browser session closed
2025-09-01 12:59:25 - INFO - SQLite database connection closed
2025-09-01 13:36:59 - INFO - Logging initialized. Log file: pb2b/logs/bybit_scraper_20250901.log
2025-09-01 13:37:00 - INFO - DataSaver logging initialized. Log file: pb2b/logs/data_saver_20250901.log
2025-09-01 13:37:00 - INFO - Connected to SQLite database: pb2b/p2p_listings.db
2025-09-01 13:37:00 - INFO - Database tables created successfully
2025-09-01 13:37:00 - INFO - Attempt 1/10: Loading https://www.bybit.com/fiat/trade/otc?actionType=1&token=USDT&fiat=NGN
2025-09-01 13:37:11 - INFO - Screenshot saved as 'pb2b/screenshots/bybit_page_20250901_133711.png'
2025-09-01 13:37:11 - INFO - Fetching BUY listings for USDT/EUR
2025-09-01 13:37:12 - INFO - Data successfully saved to SQLite database. New listings - Bybit: 4, Binance: 6
2025-09-01 13:37:12 - INFO - Browser session closed
2025-09-01 13:37:12 - INFO - SQLite database connection closed
2025-09-01 13:53:22 - INFO - Logging initialized. Log file: pb2b/logs/bybit_scraper_20250901.log
2025-09-01 13:53:23 - INFO - DataSaver logging initialized. Log file: pb2b/logs/data_saver_20250901.log
2025-09-01 13:53:23 - INFO - Connected to SQLite database: pb2b/p2p_listings.db
2025-09-01 13:53:23 - INFO - Database tables created successfully
2025-09-01 13:53:23 - INFO - Attempt 1/10: Loading https://www.bybit.com/fiat/trade/otc?actionType=1&token=USDT&fiat=NGN
2025-09-01 13:53:33 - INFO - Screenshot saved as 'pb2b/screenshots/bybit_page_20250901_135333.png'
2025-09-01 13:53:33 - INFO - Fetching BUY listings for USDT/EUR
2025-09-01 13:53:34 - INFO - Data successfully saved to SQLite database. New listings - Bybit: 4, Binance: 6
2025-09-01 13:53:34 - INFO - Browser session closed
2025-09-01 13:53:34 - INFO - SQLite database connection closed
2025-09-01 14:14:25 - INFO - Logging initialized. Log file: pb2b/logs/bybit_scraper_20250901.log
2025-09-01 14:14:26 - INFO - DataSaver logging initialized. Log file: pb2b/logs/data_saver_20250901.log
2025-09-01 14:14:26 - INFO - Connected to SQLite database: pb2b/p2p_listings.db
2025-09-01 14:14:26 - INFO - Database tables created successfully
2025-09-01 14:14:26 - INFO - Attempt 1/10: Loading https://www.bybit.com/fiat/trade/otc?actionType=1&token=USDT&fiat=NGN
2025-09-01 14:14:37 - INFO - Screenshot saved as 'pb2b/screenshots/bybit_page_20250901_141437.png'
2025-09-01 14:14:37 - INFO - Fetching BUY listings for USDT/EUR
2025-09-01 14:14:38 - INFO - Data successfully saved to SQLite database. New listings - Bybit: 4, Binance: 6
2025-09-01 14:14:38 - INFO - Browser session closed
2025-09-01 14:14:38 - INFO - SQLite database connection closed
2025-09-01 14:37:55 - INFO - Logging initialized. Log file: pb2b/logs/bybit_scraper_20250901.log
2025-09-01 14:37:55 - INFO - DataSaver logging initialized. Log file: pb2b/logs/data_saver_20250901.log
2025-09-01 14:37:55 - INFO - Connected to SQLite database: pb2b/p2p_listings.db
2025-09-01 14:37:55 - INFO - Database tables created successfully
2025-09-01 14:37:55 - INFO - Attempt 1/10: Loading https://www.bybit.com/fiat/trade/otc?actionType=1&token=USDT&fiat=NGN
2025-09-01 14:38:06 - INFO - Screenshot saved as 'pb2b/screenshots/bybit_page_20250901_143806.png'
2025-09-01 14:38:07 - INFO - Fetching BUY listings for USDT/EUR
2025-09-01 14:38:08 - INFO - Data successfully saved to SQLite database. New listings - Bybit: 11, Binance: 6
2025-09-01 14:38:08 - INFO - Browser session closed
2025-09-01 14:38:08 - INFO - SQLite database connection closed
2025-09-01 14:51:54 - INFO - Logging initialized. Log file: pb2b/logs/bybit_scraper_20250901.log
2025-09-01 14:51:54 - INFO - DataSaver logging initialized. Log file: pb2b/logs/data_saver_20250901.log
2025-09-01 14:51:54 - INFO - Connected to SQLite database: pb2b/p2p_listings.db
2025-09-01 14:51:54 - INFO - Database tables created successfully
2025-09-01 14:51:54 - INFO - Attempt 1/10: Loading https://www.bybit.com/fiat/trade/otc?actionType=1&token=USDT&fiat=NGN
2025-09-01 14:52:05 - INFO - Screenshot saved as 'pb2b/screenshots/bybit_page_20250901_145205.png'
2025-09-01 14:52:05 - INFO - Fetching BUY listings for USDT/EUR
2025-09-01 14:52:06 - INFO - Data successfully saved to SQLite database. New listings - Bybit: 4, Binance: 6
2025-09-01 14:52:06 - INFO - Browser session closed
2025-09-01 14:52:06 - INFO - SQLite database connection closed
2025-09-01 15:14:45 - INFO - Logging initialized. Log file: pb2b/logs/bybit_scraper_20250901.log
2025-09-01 15:14:45 - INFO - DataSaver logging initialized. Log file: pb2b/logs/data_saver_20250901.log
2025-09-01 15:14:45 - INFO - Connected to SQLite database: pb2b/p2p_listings.db
2025-09-01 15:14:45 - INFO - Database tables created successfully
2025-09-01 15:14:45 - INFO - Attempt 1/10: Loading https://www.bybit.com/fiat/trade/otc?actionType=1&token=USDT&fiat=NGN
2025-09-01 15:14:56 - INFO - Screenshot saved as 'pb2b/screenshots/bybit_page_20250901_151456.png'
2025-09-01 15:14:56 - INFO - Fetching BUY listings for USDT/EUR
2025-09-01 15:14:57 - INFO - Data successfully saved to SQLite database. New listings - Bybit: 4, Binance: 6
2025-09-01 15:14:57 - INFO - Browser session closed
2025-09-01 15:14:57 - INFO - SQLite database connection closed
2025-09-01 15:35:43 - INFO - Logging initialized. Log file: pb2b/logs/bybit_scraper_20250901.log
2025-09-01 15:35:43 - INFO - DataSaver logging initialized. Log file: pb2b/logs/data_saver_20250901.log
2025-09-01 15:35:43 - INFO - Connected to SQLite database: pb2b/p2p_listings.db
2025-09-01 15:35:43 - INFO - Database tables created successfully
2025-09-01 15:35:43 - INFO - Attempt 1/10: Loading https://www.bybit.com/fiat/trade/otc?actionType=1&token=USDT&fiat=NGN
2025-09-01 15:35:54 - INFO - Screenshot saved as 'pb2b/screenshots/bybit_page_20250901_153553.png'
2025-09-01 15:35:54 - INFO - Fetching BUY listings for USDT/EUR
2025-09-01 15:35:55 - INFO - Data successfully saved to SQLite database. New listings - Bybit: 4, Binance: 6
2025-09-01 15:35:55 - INFO - Browser session closed
2025-09-01 15:35:55 - INFO - SQLite database connection closed
2025-09-01 15:49:54 - INFO - Logging initialized. Log file: pb2b/logs/bybit_scraper_20250901.log
2025-09-01 15:49:54 - INFO - DataSaver logging initialized. Log file: pb2b/logs/data_saver_20250901.log
2025-09-01 15:49:54 - INFO - Connected to SQLite database: pb2b/p2p_listings.db
2025-09-01 15:49:54 - INFO - Database tables created successfully
2025-09-01 15:49:54 - INFO - Attempt 1/10: Loading https://www.bybit.com/fiat/trade/otc?actionType=1&token=USDT&fiat=NGN
2025-09-01 15:50:04 - INFO - Screenshot saved as 'pb2b/screenshots/bybit_page_20250901_155004.png'
2025-09-01 15:50:05 - INFO - Fetching BUY listings for USDT/EUR
2025-09-01 15:50:05 - INFO - Data successfully saved to SQLite database. New listings - Bybit: 4, Binance: 6
2025-09-01 15:50:05 - INFO - Browser session closed
2025-09-01 15:50:05 - INFO - SQLite database connection closed
2025-09-01 16:01:06 - INFO - Logging initialized. Log file: pb2b/logs/bybit_scraper_20250901.log
2025-09-01 16:01:06 - INFO - DataSaver logging initialized. Log file: pb2b/logs/data_saver_20250901.log
2025-09-01 16:01:06 - INFO - Connected to SQLite database: pb2b/p2p_listings.db
2025-09-01 16:01:06 - INFO - Database tables created successfully
2025-09-01 16:01:06 - INFO - Attempt 1/10: Loading https://www.bybit.com/fiat/trade/otc?actionType=1&token=USDT&fiat=NGN
2025-09-01 16:01:20 - INFO - Screenshot saved as 'pb2b/screenshots/bybit_page_20250901_160120.png'
2025-09-01 16:01:21 - INFO - Fetching BUY listings for USDT/EUR
2025-09-01 16:01:22 - INFO - Data successfully saved to SQLite database. New listings - Bybit: 4, Binance: 6
2025-09-01 16:01:22 - INFO - Browser session closed
2025-09-01 16:01:22 - INFO - SQLite database connection closed
2025-09-01 16:35:38 - INFO - Logging initialized. Log file: pb2b/logs/bybit_scraper_20250901.log
2025-09-01 16:35:40 - INFO - DataSaver logging initialized. Log file: pb2b/logs/data_saver_20250901.log
2025-09-01 16:35:40 - INFO - Connected to SQLite database: pb2b/p2p_listings.db
2025-09-01 16:35:40 - INFO - Database tables created successfully
2025-09-01 16:35:40 - INFO - Attempt 1/10: Loading https://www.bybit.com/fiat/trade/otc?actionType=1&token=USDT&fiat=NGN
2025-09-01 16:35:51 - INFO - Screenshot saved as 'pb2b/screenshots/bybit_page_20250901_163550.png'
2025-09-01 16:35:51 - INFO - Fetching BUY listings for USDT/EUR
2025-09-01 16:35:52 - INFO - Data successfully saved to SQLite database. New listings - Bybit: 4, Binance: 6
2025-09-01 16:35:52 - INFO - Browser session closed
2025-09-01 16:35:52 - INFO - SQLite database connection closed
2025-09-01 16:53:29 - INFO - Logging initialized. Log file: pb2b/logs/bybit_scraper_20250901.log
2025-09-01 16:53:31 - INFO - DataSaver logging initialized. Log file: pb2b/logs/data_saver_20250901.log
2025-09-01 16:53:31 - INFO - Connected to SQLite database: pb2b/p2p_listings.db
2025-09-01 16:53:31 - INFO - Database tables created successfully
2025-09-01 16:53:31 - INFO - Attempt 1/10: Loading https://www.bybit.com/fiat/trade/otc?actionType=1&token=USDT&fiat=NGN
2025-09-01 16:53:42 - INFO - Screenshot saved as 'pb2b/screenshots/bybit_page_20250901_165342.png'
2025-09-01 16:53:42 - INFO - Fetching BUY listings for USDT/EUR
2025-09-01 16:53:43 - INFO - Data successfully saved to SQLite database. New listings - Bybit: 4, Binance: 6
2025-09-01 16:53:43 - INFO - Browser session closed
2025-09-01 16:53:43 - INFO - SQLite database connection closed
2025-09-01 17:13:15 - INFO - Logging initialized. Log file: pb2b/logs/bybit_scraper_20250901.log
2025-09-01 17:13:17 - INFO - DataSaver logging initialized. Log file: pb2b/logs/data_saver_20250901.log
2025-09-01 17:13:17 - INFO - Connected to SQLite database: pb2b/p2p_listings.db
2025-09-01 17:13:17 - INFO - Database tables created successfully
2025-09-01 17:13:17 - INFO - Attempt 1/10: Loading https://www.bybit.com/fiat/trade/otc?actionType=1&token=USDT&fiat=NGN
2025-09-01 17:13:27 - INFO - Screenshot saved as 'pb2b/screenshots/bybit_page_20250901_171327.png'
2025-09-01 17:13:27 - INFO - Fetching BUY listings for USDT/EUR
2025-09-01 17:13:28 - INFO - Data successfully saved to SQLite database. New listings - Bybit: 4, Binance: 6
2025-09-01 17:13:28 - INFO - Browser session closed
2025-09-01 17:13:28 - INFO - SQLite database connection closed
2025-09-01 17:33:23 - INFO - Logging initialized. Log file: pb2b/logs/bybit_scraper_20250901.log
2025-09-01 17:33:24 - INFO - DataSaver logging initialized. Log file: pb2b/logs/data_saver_20250901.log
2025-09-01 17:33:24 - INFO - Connected to SQLite database: pb2b/p2p_listings.db
2025-09-01 17:33:24 - INFO - Database tables created successfully
2025-09-01 17:33:24 - INFO - Attempt 1/10: Loading https://www.bybit.com/fiat/trade/otc?actionType=1&token=USDT&fiat=NGN
2025-09-01 17:33:35 - INFO - Screenshot saved as 'pb2b/screenshots/bybit_page_20250901_173334.png'
2025-09-01 17:33:35 - INFO - Fetching BUY listings for USDT/EUR
2025-09-01 17:33:36 - INFO - Data successfully saved to SQLite database. New listings - Bybit: 4, Binance: 6
2025-09-01 17:33:36 - INFO - Browser session closed
2025-09-01 17:33:36 - INFO - SQLite database connection closed
2025-09-01 17:46:47 - INFO - Logging initialized. Log file: pb2b/logs/bybit_scraper_20250901.log
2025-09-01 17:46:48 - INFO - DataSaver logging initialized. Log file: pb2b/logs/data_saver_20250901.log
2025-09-01 17:46:48 - INFO - Connected to SQLite database: pb2b/p2p_listings.db
2025-09-01 17:46:48 - INFO - Database tables created successfully
2025-09-01 17:46:48 - INFO - Attempt 1/10: Loading https://www.bybit.com/fiat/trade/otc?actionType=1&token=USDT&fiat=NGN
2025-09-01 17:46:58 - INFO - Screenshot saved as 'pb2b/screenshots/bybit_page_20250901_174658.png'
2025-09-01 17:46:58 - INFO - Fetching BUY listings for USDT/EUR
2025-09-01 17:46:59 - INFO - Data successfully saved to SQLite database. New listings - Bybit: 4, Binance: 6
2025-09-01 17:47:00 - INFO - Browser session closed
2025-09-01 17:47:00 - INFO - SQLite database connection closed
2025-09-01 17:58:56 - INFO - Logging initialized. Log file: pb2b/logs/bybit_scraper_20250901.log
2025-09-01 17:58:57 - INFO - DataSaver logging initialized. Log file: pb2b/logs/data_saver_20250901.log
2025-09-01 17:58:57 - INFO - Connected to SQLite database: pb2b/p2p_listings.db
2025-09-01 17:58:57 - INFO - Database tables created successfully
2025-09-01 17:58:57 - INFO - Attempt 1/10: Loading https://www.bybit.com/fiat/trade/otc?actionType=1&token=USDT&fiat=NGN
2025-09-01 17:59:08 - INFO - Screenshot saved as 'pb2b/screenshots/bybit_page_20250901_175907.png'
2025-09-01 17:59:08 - INFO - Fetching BUY listings for USDT/EUR
2025-09-01 17:59:09 - INFO - Data successfully saved to SQLite database. New listings - Bybit: 4, Binance: 6
2025-09-01 17:59:09 - INFO - Browser session closed
2025-09-01 17:59:09 - INFO - SQLite database connection closed
2025-09-01 18:37:29 - INFO - Logging initialized. Log file: pb2b/logs/bybit_scraper_20250901.log
2025-09-01 18:37:30 - INFO - DataSaver logging initialized. Log file: pb2b/logs/data_saver_20250901.log
2025-09-01 18:37:30 - INFO - Connected to SQLite database: pb2b/p2p_listings.db
2025-09-01 18:37:30 - INFO - Database tables created successfully
2025-09-01 18:37:30 - INFO - Attempt 1/10: Loading https://www.bybit.com/fiat/trade/otc?actionType=1&token=USDT&fiat=NGN
2025-09-01 18:37:41 - INFO - Screenshot saved as 'pb2b/screenshots/bybit_page_20250901_183741.png'
2025-09-01 18:37:42 - INFO - Fetching BUY listings for USDT/EUR
2025-09-01 18:37:43 - INFO - Data successfully saved to SQLite database. New listings - Bybit: 4, Binance: 6
2025-09-01 18:37:43 - INFO - Browser session closed
2025-09-01 18:37:43 - INFO - SQLite database connection closed
2025-09-01 18:55:08 - INFO - Logging initialized. Log file: pb2b/logs/bybit_scraper_20250901.log
2025-09-01 18:55:09 - INFO - DataSaver logging initialized. Log file: pb2b/logs/data_saver_20250901.log
2025-09-01 18:55:09 - INFO - Connected to SQLite database: pb2b/p2p_listings.db
2025-09-01 18:55:09 - INFO - Database tables created successfully
2025-09-01 18:55:09 - INFO - Attempt 1/10: Loading https://www.bybit.com/fiat/trade/otc?actionType=1&token=USDT&fiat=NGN
2025-09-01 18:55:20 - INFO - Screenshot saved as 'pb2b/screenshots/bybit_page_20250901_185520.png'
2025-09-01 18:55:21 - INFO - Fetching BUY listings for USDT/EUR
2025-09-01 18:55:21 - INFO - Data successfully saved to SQLite database. New listings - Bybit: 4, Binance: 6
2025-09-01 18:55:22 - INFO - Browser session closed
2025-09-01 18:55:22 - INFO - SQLite database connection closed
2025-09-01 19:16:35 - INFO - Logging initialized. Log file: pb2b/logs/bybit_scraper_20250901.log
2025-09-01 19:16:35 - INFO - DataSaver logging initialized. Log file: pb2b/logs/data_saver_20250901.log
2025-09-01 19:16:35 - INFO - Connected to SQLite database: pb2b/p2p_listings.db
2025-09-01 19:16:35 - INFO - Database tables created successfully
2025-09-01 19:16:35 - INFO - Attempt 1/10: Loading https://www.bybit.com/fiat/trade/otc?actionType=1&token=USDT&fiat=NGN
2025-09-01 19:16:47 - INFO - Screenshot saved as 'pb2b/screenshots/bybit_page_20250901_191647.png'
2025-09-01 19:16:47 - INFO - Fetching BUY listings for USDT/EUR
2025-09-01 19:16:48 - INFO - Data successfully saved to SQLite database. New listings - Bybit: 4, Binance: 6
2025-09-01 19:16:48 - INFO - Browser session closed
2025-09-01 19:16:48 - INFO - SQLite database connection closed
2025-09-01 19:29:38 - INFO - Logging initialized. Log file: pb2b/logs/bybit_scraper_20250901.log
2025-09-01 19:29:39 - INFO - DataSaver logging initialized. Log file: pb2b/logs/data_saver_20250901.log
2025-09-01 19:29:39 - INFO - Connected to SQLite database: pb2b/p2p_listings.db
2025-09-01 19:29:39 - INFO - Database tables created successfully
2025-09-01 19:29:39 - INFO - Attempt 1/10: Loading https://www.bybit.com/fiat/trade/otc?actionType=1&token=USDT&fiat=NGN
2025-09-01 19:29:50 - INFO - Screenshot saved as 'pb2b/screenshots/bybit_page_20250901_192950.png'
2025-09-01 19:29:50 - INFO - Fetching BUY listings for USDT/EUR
2025-09-01 19:29:51 - INFO - Data successfully saved to SQLite database. New listings - Bybit: 4, Binance: 6
2025-09-01 19:29:51 - INFO - Browser session closed
2025-09-01 19:29:51 - INFO - SQLite database connection closed
2025-09-01 19:44:27 - INFO - Logging initialized. Log file: pb2b/logs/bybit_scraper_20250901.log
2025-09-01 19:44:29 - INFO - DataSaver logging initialized. Log file: pb2b/logs/data_saver_20250901.log
2025-09-01 19:44:29 - INFO - Connected to SQLite database: pb2b/p2p_listings.db
2025-09-01 19:44:29 - INFO - Database tables created successfully
2025-09-01 19:44:29 - INFO - Attempt 1/10: Loading https://www.bybit.com/fiat/trade/otc?actionType=1&token=USDT&fiat=NGN
2025-09-01 19:44:39 - INFO - Screenshot saved as 'pb2b/screenshots/bybit_page_20250901_194439.png'
2025-09-01 19:44:39 - INFO - Fetching BUY listings for USDT/EUR
2025-09-01 19:44:40 - INFO - Data successfully saved to SQLite database. New listings - Bybit: 4, Binance: 6
2025-09-01 19:44:40 - INFO - Browser session closed
2025-09-01 19:44:40 - INFO - SQLite database connection closed
2025-09-01 19:56:37 - INFO - Logging initialized. Log file: pb2b/logs/bybit_scraper_20250901.log
2025-09-01 19:56:38 - INFO - DataSaver logging initialized. Log file: pb2b/logs/data_saver_20250901.log
2025-09-01 19:56:38 - INFO - Connected to SQLite database: pb2b/p2p_listings.db
2025-09-01 19:56:38 - INFO - Database tables created successfully
2025-09-01 19:56:38 - INFO - Attempt 1/10: Loading https://www.bybit.com/fiat/trade/otc?actionType=1&token=USDT&fiat=NGN
2025-09-01 19:56:49 - INFO - Screenshot saved as 'pb2b/screenshots/bybit_page_20250901_195648.png'
2025-09-01 19:56:49 - INFO - Fetching BUY listings for USDT/EUR
2025-09-01 19:56:50 - INFO - Data successfully saved to SQLite database. New listings - Bybit: 4, Binance: 6
2025-09-01 19:56:50 - INFO - Browser session closed
2025-09-01 19:56:50 - INFO - SQLite database connection closed
2025-09-01 20:25:43 - INFO - Logging initialized. Log file: pb2b/logs/bybit_scraper_20250901.log
2025-09-01 20:25:45 - INFO - DataSaver logging initialized. Log file: pb2b/logs/data_saver_20250901.log
2025-09-01 20:25:45 - INFO - Connected to SQLite database: pb2b/p2p_listings.db
2025-09-01 20:25:45 - INFO - Database tables created successfully
2025-09-01 20:25:45 - INFO - Attempt 1/10: Loading https://www.bybit.com/fiat/trade/otc?actionType=1&token=USDT&fiat=NGN
2025-09-01 20:25:55 - INFO - Screenshot saved as 'pb2b/screenshots/bybit_page_20250901_202555.png'
2025-09-01 20:25:56 - INFO - Fetching BUY listings for USDT/EUR
2025-09-01 20:25:57 - INFO - Data successfully saved to SQLite database. New listings - Bybit: 4, Binance: 6
2025-09-01 20:25:57 - INFO - Browser session closed
2025-09-01 20:25:57 - INFO - SQLite database connection closed
