2025-12-31 01:07:10 - INFO - Logging initialized. Log file: pb2b/logs/bybit_scraper_20251231.log
2025-12-31 01:07:12 - INFO - DataSaver logging initialized. Log file: pb2b/logs/data_saver_20251231.log
2025-12-31 01:07:12 - INFO - Connected to SQLite database: pb2b/p2p_listings.db
2025-12-31 01:07:12 - INFO - Database tables created successfully
2025-12-31 01:07:12 - INFO - Attempt 1/10: Loading https://www.bybit.com/fiat/trade/otc?actionType=1&token=USDT&fiat=NGN
2025-12-31 01:07:22 - INFO - Screenshot saved as 'pb2b/screenshots/bybit_page_20251231_010721.png'
2025-12-31 01:07:22 - WARNING - Error parsing row: Message: no such element: Unable to locate element: {"method":"css selector","selector":"td:nth-child(2)"}
  (Session info: chrome=143.0.7499.169); For documentation on this error, please visit: https://www.selenium.dev/documentation/webdriver/troubleshooting/errors#nosuchelementexception
Stacktrace:
#0 0x55d5fee1c19a <unknown>
#1 0x55d5fe899c4b <unknown>
#2 0x55d5fe8eb318 <unknown>
#3 0x55d5fe8eb551 <unknown>
#4 0x55d5fe8df586 <unknown>
#5 0x55d5fe8df477 <unknown>
#6 0x55d5fe936bee <unknown>
#7 0x55d5fe8ddc42 <unknown>
#8 0x55d5fe8de8f1 <unknown>
#9 0x55d5fede4f39 <unknown>
#10 0x55d5fede7e7d <unknown>
#11 0x55d5fedcdc81 <unknown>
#12 0x55d5fede8a5b <unknown>
#13 0x55d5fedb4a50 <unknown>
#14 0x55d5fee09aa8 <unknown>
#15 0x55d5fee09c79 <unknown>
#16 0x55d5fee1b4f3 <unknown>
#17 0x7f9f32c9caa4 <unknown>
#18 0x7f9f32d29c6c <unknown>

2025-12-31 01:07:22 - INFO - Fetching BUY listings for USDT/EUR
2025-12-31 01:07:23 - INFO - Data successfully saved to SQLite database. New listings - Bybit: 5, Binance: 6
2025-12-31 01:07:23 - INFO - Browser session closed
2025-12-31 01:07:23 - INFO - SQLite database connection closed
2025-12-31 03:06:41 - INFO - Logging initialized. Log file: pb2b/logs/bybit_scraper_20251231.log
2025-12-31 03:06:42 - INFO - DataSaver logging initialized. Log file: pb2b/logs/data_saver_20251231.log
2025-12-31 03:06:42 - INFO - Connected to SQLite database: pb2b/p2p_listings.db
2025-12-31 03:06:42 - INFO - Database tables created successfully
2025-12-31 03:06:42 - INFO - Attempt 1/10: Loading https://www.bybit.com/fiat/trade/otc?actionType=1&token=USDT&fiat=NGN
2025-12-31 03:06:50 - INFO - Screenshot saved as 'pb2b/screenshots/bybit_page_20251231_030650.png'
2025-12-31 03:06:50 - WARNING - Error parsing row: Message: no such element: Unable to locate element: {"method":"css selector","selector":"td:nth-child(2)"}
  (Session info: chrome=143.0.7499.169); For documentation on this error, please visit: https://www.selenium.dev/documentation/webdriver/troubleshooting/errors#nosuchelementexception
Stacktrace:
#0 0x5618ccd1619a <unknown>
#1 0x5618cc793c4b <unknown>
#2 0x5618cc7e5318 <unknown>
#3 0x5618cc7e5551 <unknown>
#4 0x5618cc7d9586 <unknown>
#5 0x5618cc7d9477 <unknown>
#6 0x5618cc830bee <unknown>
#7 0x5618cc7d7c42 <unknown>
#8 0x5618cc7d88f1 <unknown>
#9 0x5618cccdef39 <unknown>
#10 0x5618ccce1e7d <unknown>
#11 0x5618cccc7c81 <unknown>
#12 0x5618ccce2a5b <unknown>
#13 0x5618cccaea50 <unknown>
#14 0x5618ccd03aa8 <unknown>
#15 0x5618ccd03c79 <unknown>
#16 0x5618ccd154f3 <unknown>
#17 0x7fb062a9caa4 <unknown>
#18 0x7fb062b29c6c <unknown>

2025-12-31 03:06:50 - INFO - Fetching BUY listings for USDT/EUR
2025-12-31 03:06:51 - INFO - Data successfully saved to SQLite database. New listings - Bybit: 5, Binance: 6
2025-12-31 03:06:51 - INFO - Browser session closed
2025-12-31 03:06:51 - INFO - SQLite database connection closed
