2025-03-26 01:37:27 - INFO - Logging initialized. Log file: pb2b/logs/bybit_scraper_20250326.log
2025-03-26 01:37:28 - INFO - DataSaver logging initialized. Log file: pb2b/logs/data_saver_20250326.log
2025-03-26 01:37:28 - INFO - Connected to SQLite database: pb2b/p2p_listings.db
2025-03-26 01:37:28 - INFO - Database tables created successfully
2025-03-26 01:37:28 - INFO - Attempt 1/10: Loading https://www.bybit.com/fiat/trade/otc?actionType=1&token=USDT&fiat=NGN
2025-03-26 01:37:37 - INFO - Screenshot saved as 'pb2b/screenshots/bybit_page_20250326_013737.png'
2025-03-26 01:37:38 - INFO - Fetching BUY listings for USDT/EUR
2025-03-26 01:37:38 - INFO - Data successfully saved to SQLite database. New listings - Bybit: 4, Binance: 6
2025-03-26 01:37:39 - INFO - Browser session closed
2025-03-26 01:37:39 - INFO - SQLite database connection closed
2025-03-26 02:50:13 - INFO - Logging initialized. Log file: pb2b/logs/bybit_scraper_20250326.log
2025-03-26 02:50:13 - INFO - DataSaver logging initialized. Log file: pb2b/logs/data_saver_20250326.log
2025-03-26 02:50:13 - INFO - Connected to SQLite database: pb2b/p2p_listings.db
2025-03-26 02:50:13 - INFO - Database tables created successfully
2025-03-26 02:50:13 - INFO - Attempt 1/10: Loading https://www.bybit.com/fiat/trade/otc?actionType=1&token=USDT&fiat=NGN
2025-03-26 02:50:24 - INFO - Screenshot saved as 'pb2b/screenshots/bybit_page_20250326_025023.png'
2025-03-26 02:50:24 - INFO - Fetching BUY listings for USDT/EUR
2025-03-26 02:50:25 - INFO - Data successfully saved to SQLite database. New listings - Bybit: 4, Binance: 6
2025-03-26 02:50:25 - INFO - Browser session closed
2025-03-26 02:50:25 - INFO - SQLite database connection closed
