2025-01-06 01:02:27 - INFO - Logging initialized. Log file: pb2b/logs/bybit_scraper_20250106.log
2025-01-06 01:02:28 - INFO - DataSaver logging initialized. Log file: pb2b/logs/data_saver_20250106.log
2025-01-06 01:02:28 - INFO - Connected to SQLite database: pb2b/p2p_listings.db
2025-01-06 01:02:28 - INFO - Database tables created successfully
2025-01-06 01:02:28 - INFO - Attempt 1/10: Loading https://www.bybit.com/fiat/trade/otc?actionType=1&token=USDT&fiat=NGN
2025-01-06 01:02:39 - INFO - Screenshot saved as 'pb2b/screenshots/bybit_page_20250106_010239.png'
2025-01-06 01:02:39 - INFO - Fetching BUY listings for USDT/EUR
2025-01-06 01:02:40 - INFO - Data successfully saved to SQLite database. New listings - Bybit: 4, Binance: 6
2025-01-06 01:02:40 - INFO - Browser session closed
2025-01-06 01:02:40 - INFO - SQLite database connection closed
2025-01-06 02:33:39 - INFO - Logging initialized. Log file: pb2b/logs/bybit_scraper_20250106.log
2025-01-06 02:33:41 - INFO - DataSaver logging initialized. Log file: pb2b/logs/data_saver_20250106.log
2025-01-06 02:33:41 - INFO - Connected to SQLite database: pb2b/p2p_listings.db
2025-01-06 02:33:41 - INFO - Database tables created successfully
2025-01-06 02:33:41 - INFO - Attempt 1/10: Loading https://www.bybit.com/fiat/trade/otc?actionType=1&token=USDT&fiat=NGN
2025-01-06 02:33:52 - INFO - Screenshot saved as 'pb2b/screenshots/bybit_page_20250106_023352.png'
2025-01-06 02:33:52 - INFO - Fetching BUY listings for USDT/EUR
2025-01-06 02:33:53 - INFO - Data successfully saved to SQLite database. New listings - Bybit: 4, Binance: 6
2025-01-06 02:33:53 - INFO - Browser session closed
2025-01-06 02:33:53 - INFO - SQLite database connection closed
2025-01-06 03:07:50 - INFO - Logging initialized. Log file: pb2b/logs/bybit_scraper_20250106.log
2025-01-06 03:07:51 - INFO - DataSaver logging initialized. Log file: pb2b/logs/data_saver_20250106.log
2025-01-06 03:07:51 - INFO - Connected to SQLite database: pb2b/p2p_listings.db
2025-01-06 03:07:51 - INFO - Database tables created successfully
2025-01-06 03:07:51 - INFO - Attempt 1/10: Loading https://www.bybit.com/fiat/trade/otc?actionType=1&token=USDT&fiat=NGN
2025-01-06 03:08:00 - INFO - Screenshot saved as 'pb2b/screenshots/bybit_page_20250106_030800.png'
2025-01-06 03:08:01 - INFO - Fetching BUY listings for USDT/EUR
2025-01-06 03:08:01 - INFO - Data successfully saved to SQLite database. New listings - Bybit: 4, Binance: 6
2025-01-06 03:08:02 - INFO - Browser session closed
2025-01-06 03:08:02 - INFO - SQLite database connection closed
2025-01-06 03:37:59 - INFO - Logging initialized. Log file: pb2b/logs/bybit_scraper_20250106.log
2025-01-06 03:38:00 - INFO - DataSaver logging initialized. Log file: pb2b/logs/data_saver_20250106.log
2025-01-06 03:38:00 - INFO - Connected to SQLite database: pb2b/p2p_listings.db
2025-01-06 03:38:00 - INFO - Database tables created successfully
2025-01-06 03:38:00 - INFO - Attempt 1/10: Loading https://www.bybit.com/fiat/trade/otc?actionType=1&token=USDT&fiat=NGN
2025-01-06 03:38:10 - INFO - Screenshot saved as 'pb2b/screenshots/bybit_page_20250106_033810.png'
2025-01-06 03:38:11 - INFO - Fetching BUY listings for USDT/EUR
2025-01-06 03:38:11 - INFO - Data successfully saved to SQLite database. New listings - Bybit: 4, Binance: 6
2025-01-06 03:38:11 - INFO - Browser session closed
2025-01-06 03:38:11 - INFO - SQLite database connection closed
2025-01-06 03:52:12 - INFO - Logging initialized. Log file: pb2b/logs/bybit_scraper_20250106.log
2025-01-06 03:52:12 - INFO - DataSaver logging initialized. Log file: pb2b/logs/data_saver_20250106.log
2025-01-06 03:52:12 - INFO - Connected to SQLite database: pb2b/p2p_listings.db
2025-01-06 03:52:12 - INFO - Database tables created successfully
2025-01-06 03:52:12 - INFO - Attempt 1/10: Loading https://www.bybit.com/fiat/trade/otc?actionType=1&token=USDT&fiat=NGN
2025-01-06 03:52:22 - INFO - Screenshot saved as 'pb2b/screenshots/bybit_page_20250106_035222.png'
2025-01-06 03:52:23 - INFO - Fetching BUY listings for USDT/EUR
2025-01-06 03:52:24 - INFO - Data successfully saved to SQLite database. New listings - Bybit: 4, Binance: 6
2025-01-06 03:52:24 - INFO - Browser session closed
2025-01-06 03:52:24 - INFO - SQLite database connection closed
2025-01-06 04:18:57 - INFO - Logging initialized. Log file: pb2b/logs/bybit_scraper_20250106.log
2025-01-06 04:18:57 - INFO - DataSaver logging initialized. Log file: pb2b/logs/data_saver_20250106.log
2025-01-06 04:18:57 - INFO - Connected to SQLite database: pb2b/p2p_listings.db
2025-01-06 04:18:57 - INFO - Database tables created successfully
2025-01-06 04:18:57 - INFO - Attempt 1/10: Loading https://www.bybit.com/fiat/trade/otc?actionType=1&token=USDT&fiat=NGN
2025-01-06 04:19:07 - INFO - Screenshot saved as 'pb2b/screenshots/bybit_page_20250106_041907.png'
2025-01-06 04:19:08 - INFO - Fetching BUY listings for USDT/EUR
2025-01-06 04:19:08 - INFO - Data successfully saved to SQLite database. New listings - Bybit: 4, Binance: 6
2025-01-06 04:19:08 - INFO - Browser session closed
2025-01-06 04:19:08 - INFO - SQLite database connection closed
2025-01-06 04:40:07 - INFO - Logging initialized. Log file: pb2b/logs/bybit_scraper_20250106.log
2025-01-06 04:40:07 - INFO - DataSaver logging initialized. Log file: pb2b/logs/data_saver_20250106.log
2025-01-06 04:40:07 - INFO - Connected to SQLite database: pb2b/p2p_listings.db
2025-01-06 04:40:07 - INFO - Database tables created successfully
2025-01-06 04:40:07 - INFO - Attempt 1/10: Loading https://www.bybit.com/fiat/trade/otc?actionType=1&token=USDT&fiat=NGN
2025-01-06 04:40:30 - INFO - Screenshot saved as 'pb2b/screenshots/bybit_page_20250106_044030.png'
2025-01-06 04:40:31 - INFO - Fetching BUY listings for USDT/EUR
2025-01-06 04:40:31 - INFO - Data successfully saved to SQLite database. New listings - Bybit: 4, Binance: 6
2025-01-06 04:40:31 - INFO - Browser session closed
2025-01-06 04:40:31 - INFO - SQLite database connection closed
2025-01-06 04:53:37 - INFO - Logging initialized. Log file: pb2b/logs/bybit_scraper_20250106.log
2025-01-06 04:53:38 - INFO - DataSaver logging initialized. Log file: pb2b/logs/data_saver_20250106.log
2025-01-06 04:53:38 - INFO - Connected to SQLite database: pb2b/p2p_listings.db
2025-01-06 04:53:38 - INFO - Database tables created successfully
2025-01-06 04:53:38 - INFO - Attempt 1/10: Loading https://www.bybit.com/fiat/trade/otc?actionType=1&token=USDT&fiat=NGN
2025-01-06 04:53:49 - INFO - Screenshot saved as 'pb2b/screenshots/bybit_page_20250106_045349.png'
2025-01-06 04:53:49 - INFO - Fetching BUY listings for USDT/EUR
2025-01-06 04:53:50 - INFO - Data successfully saved to SQLite database. New listings - Bybit: 4, Binance: 6
2025-01-06 04:53:50 - INFO - Browser session closed
2025-01-06 04:53:50 - INFO - SQLite database connection closed
2025-01-06 05:18:47 - INFO - Logging initialized. Log file: pb2b/logs/bybit_scraper_20250106.log
2025-01-06 05:18:48 - INFO - DataSaver logging initialized. Log file: pb2b/logs/data_saver_20250106.log
2025-01-06 05:18:48 - INFO - Connected to SQLite database: pb2b/p2p_listings.db
2025-01-06 05:18:48 - INFO - Database tables created successfully
2025-01-06 05:18:48 - INFO - Attempt 1/10: Loading https://www.bybit.com/fiat/trade/otc?actionType=1&token=USDT&fiat=NGN
2025-01-06 05:18:58 - INFO - Screenshot saved as 'pb2b/screenshots/bybit_page_20250106_051858.png'
2025-01-06 05:18:58 - INFO - Fetching BUY listings for USDT/EUR
2025-01-06 05:18:59 - INFO - Data successfully saved to SQLite database. New listings - Bybit: 4, Binance: 6
2025-01-06 05:18:59 - INFO - Browser session closed
2025-01-06 05:18:59 - INFO - SQLite database connection closed
2025-01-06 05:37:26 - INFO - Logging initialized. Log file: pb2b/logs/bybit_scraper_20250106.log
2025-01-06 05:37:27 - INFO - DataSaver logging initialized. Log file: pb2b/logs/data_saver_20250106.log
2025-01-06 05:37:27 - INFO - Connected to SQLite database: pb2b/p2p_listings.db
2025-01-06 05:37:27 - INFO - Database tables created successfully
2025-01-06 05:37:27 - INFO - Attempt 1/10: Loading https://www.bybit.com/fiat/trade/otc?actionType=1&token=USDT&fiat=NGN
2025-01-06 05:37:38 - INFO - Screenshot saved as 'pb2b/screenshots/bybit_page_20250106_053738.png'
2025-01-06 05:37:39 - INFO - Fetching BUY listings for USDT/EUR
2025-01-06 05:37:39 - INFO - Data successfully saved to SQLite database. New listings - Bybit: 4, Binance: 6
2025-01-06 05:37:40 - INFO - Browser session closed
2025-01-06 05:37:40 - INFO - SQLite database connection closed
2025-01-06 05:50:29 - INFO - Logging initialized. Log file: pb2b/logs/bybit_scraper_20250106.log
2025-01-06 05:50:30 - INFO - DataSaver logging initialized. Log file: pb2b/logs/data_saver_20250106.log
2025-01-06 05:50:30 - INFO - Connected to SQLite database: pb2b/p2p_listings.db
2025-01-06 05:50:30 - INFO - Database tables created successfully
2025-01-06 05:50:30 - INFO - Attempt 1/10: Loading https://www.bybit.com/fiat/trade/otc?actionType=1&token=USDT&fiat=NGN
2025-01-06 05:50:40 - INFO - Screenshot saved as 'pb2b/screenshots/bybit_page_20250106_055039.png'
2025-01-06 05:50:40 - INFO - Fetching BUY listings for USDT/EUR
2025-01-06 05:50:41 - INFO - Data successfully saved to SQLite database. New listings - Bybit: 4, Binance: 6
2025-01-06 05:50:41 - INFO - Browser session closed
2025-01-06 05:50:41 - INFO - SQLite database connection closed
2025-01-06 06:18:19 - INFO - Logging initialized. Log file: pb2b/logs/bybit_scraper_20250106.log
2025-01-06 06:18:20 - INFO - DataSaver logging initialized. Log file: pb2b/logs/data_saver_20250106.log
2025-01-06 06:18:20 - INFO - Connected to SQLite database: pb2b/p2p_listings.db
2025-01-06 06:18:20 - INFO - Database tables created successfully
2025-01-06 06:18:20 - INFO - Attempt 1/10: Loading https://www.bybit.com/fiat/trade/otc?actionType=1&token=USDT&fiat=NGN
2025-01-06 06:18:31 - INFO - Screenshot saved as 'pb2b/screenshots/bybit_page_20250106_061831.png'
2025-01-06 06:18:32 - INFO - Fetching BUY listings for USDT/EUR
2025-01-06 06:18:32 - INFO - Data successfully saved to SQLite database. New listings - Bybit: 4, Binance: 6
2025-01-06 06:18:32 - INFO - Browser session closed
2025-01-06 06:18:32 - INFO - SQLite database connection closed
2025-01-06 06:43:26 - INFO - Logging initialized. Log file: pb2b/logs/bybit_scraper_20250106.log
2025-01-06 06:43:27 - INFO - DataSaver logging initialized. Log file: pb2b/logs/data_saver_20250106.log
2025-01-06 06:43:27 - INFO - Connected to SQLite database: pb2b/p2p_listings.db
2025-01-06 06:43:27 - INFO - Database tables created successfully
2025-01-06 06:43:27 - INFO - Attempt 1/10: Loading https://www.bybit.com/fiat/trade/otc?actionType=1&token=USDT&fiat=NGN
2025-01-06 06:43:36 - INFO - Screenshot saved as 'pb2b/screenshots/bybit_page_20250106_064336.png'
2025-01-06 06:43:37 - INFO - Fetching BUY listings for USDT/EUR
2025-01-06 06:43:37 - INFO - Data successfully saved to SQLite database. New listings - Bybit: 4, Binance: 6
2025-01-06 06:43:37 - INFO - Browser session closed
2025-01-06 06:43:37 - INFO - SQLite database connection closed
2025-01-06 06:56:47 - INFO - Logging initialized. Log file: pb2b/logs/bybit_scraper_20250106.log
2025-01-06 06:56:47 - INFO - DataSaver logging initialized. Log file: pb2b/logs/data_saver_20250106.log
2025-01-06 06:56:47 - INFO - Connected to SQLite database: pb2b/p2p_listings.db
2025-01-06 06:56:47 - INFO - Database tables created successfully
2025-01-06 06:56:47 - INFO - Attempt 1/10: Loading https://www.bybit.com/fiat/trade/otc?actionType=1&token=USDT&fiat=NGN
2025-01-06 06:56:59 - INFO - Screenshot saved as 'pb2b/screenshots/bybit_page_20250106_065659.png'
2025-01-06 06:56:59 - INFO - Fetching BUY listings for USDT/EUR
2025-01-06 06:57:00 - INFO - Data successfully saved to SQLite database. New listings - Bybit: 4, Binance: 6
2025-01-06 06:57:00 - INFO - Browser session closed
2025-01-06 06:57:00 - INFO - SQLite database connection closed
2025-01-06 07:26:18 - INFO - Logging initialized. Log file: pb2b/logs/bybit_scraper_20250106.log
2025-01-06 07:26:20 - INFO - DataSaver logging initialized. Log file: pb2b/logs/data_saver_20250106.log
2025-01-06 07:26:20 - INFO - Connected to SQLite database: pb2b/p2p_listings.db
2025-01-06 07:26:20 - INFO - Database tables created successfully
2025-01-06 07:26:20 - INFO - Attempt 1/10: Loading https://www.bybit.com/fiat/trade/otc?actionType=1&token=USDT&fiat=NGN
2025-01-06 07:26:31 - INFO - Screenshot saved as 'pb2b/screenshots/bybit_page_20250106_072631.png'
2025-01-06 07:26:32 - INFO - Fetching BUY listings for USDT/EUR
2025-01-06 07:26:32 - INFO - Data successfully saved to SQLite database. New listings - Bybit: 4, Binance: 6
2025-01-06 07:26:32 - INFO - Browser session closed
2025-01-06 07:26:32 - INFO - SQLite database connection closed
2025-01-06 07:37:38 - INFO - Logging initialized. Log file: pb2b/logs/bybit_scraper_20250106.log
2025-01-06 07:37:38 - INFO - DataSaver logging initialized. Log file: pb2b/logs/data_saver_20250106.log
2025-01-06 07:37:38 - INFO - Connected to SQLite database: pb2b/p2p_listings.db
2025-01-06 07:37:38 - INFO - Database tables created successfully
2025-01-06 07:37:38 - INFO - Attempt 1/10: Loading https://www.bybit.com/fiat/trade/otc?actionType=1&token=USDT&fiat=NGN
2025-01-06 07:37:48 - INFO - Screenshot saved as 'pb2b/screenshots/bybit_page_20250106_073748.png'
2025-01-06 07:37:48 - INFO - Fetching BUY listings for USDT/EUR
2025-01-06 07:37:49 - INFO - Data successfully saved to SQLite database. New listings - Bybit: 4, Binance: 6
2025-01-06 07:37:49 - INFO - Browser session closed
2025-01-06 07:37:49 - INFO - SQLite database connection closed
2025-01-06 07:50:39 - INFO - Logging initialized. Log file: pb2b/logs/bybit_scraper_20250106.log
2025-01-06 07:50:40 - INFO - DataSaver logging initialized. Log file: pb2b/logs/data_saver_20250106.log
2025-01-06 07:50:40 - INFO - Connected to SQLite database: pb2b/p2p_listings.db
2025-01-06 07:50:40 - INFO - Database tables created successfully
2025-01-06 07:50:40 - INFO - Attempt 1/10: Loading https://www.bybit.com/fiat/trade/otc?actionType=1&token=USDT&fiat=NGN
2025-01-06 07:50:51 - INFO - Screenshot saved as 'pb2b/screenshots/bybit_page_20250106_075051.png'
2025-01-06 07:50:51 - INFO - Fetching BUY listings for USDT/EUR
2025-01-06 07:50:52 - INFO - Data successfully saved to SQLite database. New listings - Bybit: 4, Binance: 6
2025-01-06 07:50:52 - INFO - Browser session closed
2025-01-06 07:50:52 - INFO - SQLite database connection closed
2025-01-06 08:17:17 - INFO - Logging initialized. Log file: pb2b/logs/bybit_scraper_20250106.log
2025-01-06 08:17:18 - INFO - DataSaver logging initialized. Log file: pb2b/logs/data_saver_20250106.log
2025-01-06 08:17:18 - INFO - Connected to SQLite database: pb2b/p2p_listings.db
2025-01-06 08:17:18 - INFO - Database tables created successfully
2025-01-06 08:17:18 - INFO - Attempt 1/10: Loading https://www.bybit.com/fiat/trade/otc?actionType=1&token=USDT&fiat=NGN
2025-01-06 08:17:29 - INFO - Screenshot saved as 'pb2b/screenshots/bybit_page_20250106_081729.png'
2025-01-06 08:17:29 - INFO - Fetching BUY listings for USDT/EUR
2025-01-06 08:17:30 - INFO - Data successfully saved to SQLite database. New listings - Bybit: 4, Binance: 6
2025-01-06 08:17:30 - INFO - Browser session closed
2025-01-06 08:17:30 - INFO - SQLite database connection closed
2025-01-06 08:40:00 - INFO - Logging initialized. Log file: pb2b/logs/bybit_scraper_20250106.log
2025-01-06 08:40:00 - INFO - DataSaver logging initialized. Log file: pb2b/logs/data_saver_20250106.log
2025-01-06 08:40:00 - INFO - Connected to SQLite database: pb2b/p2p_listings.db
2025-01-06 08:40:00 - INFO - Database tables created successfully
2025-01-06 08:40:00 - INFO - Attempt 1/10: Loading https://www.bybit.com/fiat/trade/otc?actionType=1&token=USDT&fiat=NGN
2025-01-06 08:40:10 - INFO - Screenshot saved as 'pb2b/screenshots/bybit_page_20250106_084009.png'
2025-01-06 08:40:10 - INFO - Fetching BUY listings for USDT/EUR
2025-01-06 08:40:10 - INFO - Data successfully saved to SQLite database. New listings - Bybit: 4, Binance: 6
2025-01-06 08:40:11 - INFO - Browser session closed
2025-01-06 08:40:11 - INFO - SQLite database connection closed
2025-01-06 08:52:57 - INFO - Logging initialized. Log file: pb2b/logs/bybit_scraper_20250106.log
2025-01-06 08:52:58 - INFO - DataSaver logging initialized. Log file: pb2b/logs/data_saver_20250106.log
2025-01-06 08:52:58 - INFO - Connected to SQLite database: pb2b/p2p_listings.db
2025-01-06 08:52:58 - INFO - Database tables created successfully
2025-01-06 08:52:58 - INFO - Attempt 1/10: Loading https://www.bybit.com/fiat/trade/otc?actionType=1&token=USDT&fiat=NGN
2025-01-06 08:53:08 - INFO - Screenshot saved as 'pb2b/screenshots/bybit_page_20250106_085307.png'
2025-01-06 08:53:08 - INFO - Fetching BUY listings for USDT/EUR
2025-01-06 08:53:09 - INFO - Data successfully saved to SQLite database. New listings - Bybit: 4, Binance: 6
2025-01-06 08:53:09 - INFO - Browser session closed
2025-01-06 08:53:09 - INFO - SQLite database connection closed
2025-01-06 09:19:44 - INFO - Logging initialized. Log file: pb2b/logs/bybit_scraper_20250106.log
2025-01-06 09:19:45 - INFO - DataSaver logging initialized. Log file: pb2b/logs/data_saver_20250106.log
2025-01-06 09:19:45 - INFO - Connected to SQLite database: pb2b/p2p_listings.db
2025-01-06 09:19:45 - INFO - Database tables created successfully
2025-01-06 09:19:45 - INFO - Attempt 1/10: Loading https://www.bybit.com/fiat/trade/otc?actionType=1&token=USDT&fiat=NGN
2025-01-06 09:19:56 - INFO - Screenshot saved as 'pb2b/screenshots/bybit_page_20250106_091955.png'
2025-01-06 09:19:56 - INFO - Fetching BUY listings for USDT/EUR
2025-01-06 09:19:57 - INFO - Data successfully saved to SQLite database. New listings - Bybit: 4, Binance: 6
2025-01-06 09:19:57 - INFO - Browser session closed
2025-01-06 09:19:57 - INFO - SQLite database connection closed
2025-01-06 09:36:15 - INFO - Logging initialized. Log file: pb2b/logs/bybit_scraper_20250106.log
2025-01-06 09:36:16 - INFO - DataSaver logging initialized. Log file: pb2b/logs/data_saver_20250106.log
2025-01-06 09:36:16 - INFO - Connected to SQLite database: pb2b/p2p_listings.db
2025-01-06 09:36:16 - INFO - Database tables created successfully
2025-01-06 09:36:16 - INFO - Attempt 1/10: Loading https://www.bybit.com/fiat/trade/otc?actionType=1&token=USDT&fiat=NGN
2025-01-06 09:36:28 - INFO - Screenshot saved as 'pb2b/screenshots/bybit_page_20250106_093627.png'
2025-01-06 09:36:28 - INFO - Fetching BUY listings for USDT/EUR
2025-01-06 09:36:29 - INFO - Data successfully saved to SQLite database. New listings - Bybit: 4, Binance: 6
2025-01-06 09:36:29 - INFO - Browser session closed
2025-01-06 09:36:29 - INFO - SQLite database connection closed
2025-01-06 09:50:46 - INFO - Logging initialized. Log file: pb2b/logs/bybit_scraper_20250106.log
2025-01-06 09:50:46 - INFO - DataSaver logging initialized. Log file: pb2b/logs/data_saver_20250106.log
2025-01-06 09:50:46 - INFO - Connected to SQLite database: pb2b/p2p_listings.db
2025-01-06 09:50:46 - INFO - Database tables created successfully
2025-01-06 09:50:46 - INFO - Attempt 1/10: Loading https://www.bybit.com/fiat/trade/otc?actionType=1&token=USDT&fiat=NGN
2025-01-06 09:50:56 - INFO - Screenshot saved as 'pb2b/screenshots/bybit_page_20250106_095056.png'
2025-01-06 09:50:57 - INFO - Fetching BUY listings for USDT/EUR
2025-01-06 09:50:57 - INFO - Data successfully saved to SQLite database. New listings - Bybit: 4, Binance: 6
2025-01-06 09:50:57 - INFO - Browser session closed
2025-01-06 09:50:57 - INFO - SQLite database connection closed
2025-01-06 10:11:53 - INFO - Logging initialized. Log file: pb2b/logs/bybit_scraper_20250106.log
2025-01-06 10:11:54 - INFO - DataSaver logging initialized. Log file: pb2b/logs/data_saver_20250106.log
2025-01-06 10:11:54 - INFO - Connected to SQLite database: pb2b/p2p_listings.db
2025-01-06 10:11:54 - INFO - Database tables created successfully
2025-01-06 10:11:54 - INFO - Attempt 1/10: Loading https://www.bybit.com/fiat/trade/otc?actionType=1&token=USDT&fiat=NGN
2025-01-06 10:12:05 - INFO - Screenshot saved as 'pb2b/screenshots/bybit_page_20250106_101205.png'
2025-01-06 10:12:06 - INFO - Fetching BUY listings for USDT/EUR
2025-01-06 10:12:06 - INFO - Data successfully saved to SQLite database. New listings - Bybit: 4, Binance: 6
2025-01-06 10:12:06 - INFO - Browser session closed
2025-01-06 10:12:06 - INFO - SQLite database connection closed
2025-01-06 10:37:25 - INFO - Logging initialized. Log file: pb2b/logs/bybit_scraper_20250106.log
2025-01-06 10:37:26 - INFO - DataSaver logging initialized. Log file: pb2b/logs/data_saver_20250106.log
2025-01-06 10:37:26 - INFO - Connected to SQLite database: pb2b/p2p_listings.db
2025-01-06 10:37:26 - INFO - Database tables created successfully
2025-01-06 10:37:26 - INFO - Attempt 1/10: Loading https://www.bybit.com/fiat/trade/otc?actionType=1&token=USDT&fiat=NGN
2025-01-06 10:37:38 - INFO - Screenshot saved as 'pb2b/screenshots/bybit_page_20250106_103738.png'
2025-01-06 10:37:39 - INFO - Fetching BUY listings for USDT/EUR
2025-01-06 10:37:39 - INFO - Data successfully saved to SQLite database. New listings - Bybit: 4, Binance: 6
2025-01-06 10:37:39 - INFO - Browser session closed
2025-01-06 10:37:39 - INFO - SQLite database connection closed
2025-01-06 10:50:17 - INFO - Logging initialized. Log file: pb2b/logs/bybit_scraper_20250106.log
2025-01-06 10:50:17 - INFO - DataSaver logging initialized. Log file: pb2b/logs/data_saver_20250106.log
2025-01-06 10:50:17 - INFO - Connected to SQLite database: pb2b/p2p_listings.db
2025-01-06 10:50:17 - INFO - Database tables created successfully
2025-01-06 10:50:17 - INFO - Attempt 1/10: Loading https://www.bybit.com/fiat/trade/otc?actionType=1&token=USDT&fiat=NGN
2025-01-06 10:50:27 - INFO - Screenshot saved as 'pb2b/screenshots/bybit_page_20250106_105026.png'
2025-01-06 10:50:27 - INFO - Fetching BUY listings for USDT/EUR
2025-01-06 10:50:27 - INFO - Data successfully saved to SQLite database. New listings - Bybit: 4, Binance: 6
2025-01-06 10:50:28 - INFO - Browser session closed
2025-01-06 10:50:28 - INFO - SQLite database connection closed
2025-01-06 11:10:23 - INFO - Logging initialized. Log file: pb2b/logs/bybit_scraper_20250106.log
2025-01-06 11:10:24 - INFO - DataSaver logging initialized. Log file: pb2b/logs/data_saver_20250106.log
2025-01-06 11:10:24 - INFO - Connected to SQLite database: pb2b/p2p_listings.db
2025-01-06 11:10:24 - INFO - Database tables created successfully
2025-01-06 11:10:24 - INFO - Attempt 1/10: Loading https://www.bybit.com/fiat/trade/otc?actionType=1&token=USDT&fiat=NGN
2025-01-06 11:10:35 - INFO - Screenshot saved as 'pb2b/screenshots/bybit_page_20250106_111035.png'
2025-01-06 11:10:35 - INFO - Fetching BUY listings for USDT/EUR
2025-01-06 11:10:36 - INFO - Data successfully saved to SQLite database. New listings - Bybit: 4, Binance: 6
2025-01-06 11:10:36 - INFO - Browser session closed
2025-01-06 11:10:36 - INFO - SQLite database connection closed
2025-01-06 11:26:37 - INFO - Logging initialized. Log file: pb2b/logs/bybit_scraper_20250106.log
2025-01-06 11:26:38 - INFO - DataSaver logging initialized. Log file: pb2b/logs/data_saver_20250106.log
2025-01-06 11:26:38 - INFO - Connected to SQLite database: pb2b/p2p_listings.db
2025-01-06 11:26:38 - INFO - Database tables created successfully
2025-01-06 11:26:38 - INFO - Attempt 1/10: Loading https://www.bybit.com/fiat/trade/otc?actionType=1&token=USDT&fiat=NGN
2025-01-06 11:26:50 - INFO - Screenshot saved as 'pb2b/screenshots/bybit_page_20250106_112650.png'
2025-01-06 11:26:50 - INFO - Fetching BUY listings for USDT/EUR
2025-01-06 11:26:51 - INFO - Data successfully saved to SQLite database. New listings - Bybit: 4, Binance: 6
2025-01-06 11:26:51 - INFO - Browser session closed
2025-01-06 11:26:51 - INFO - SQLite database connection closed
2025-01-06 11:39:46 - INFO - Logging initialized. Log file: pb2b/logs/bybit_scraper_20250106.log
2025-01-06 11:39:47 - INFO - DataSaver logging initialized. Log file: pb2b/logs/data_saver_20250106.log
2025-01-06 11:39:47 - INFO - Connected to SQLite database: pb2b/p2p_listings.db
2025-01-06 11:39:47 - INFO - Database tables created successfully
2025-01-06 11:39:47 - INFO - Attempt 1/10: Loading https://www.bybit.com/fiat/trade/otc?actionType=1&token=USDT&fiat=NGN
2025-01-06 11:39:57 - INFO - Screenshot saved as 'pb2b/screenshots/bybit_page_20250106_113957.png'
2025-01-06 11:39:57 - INFO - Fetching BUY listings for USDT/EUR
2025-01-06 11:39:58 - INFO - Data successfully saved to SQLite database. New listings - Bybit: 4, Binance: 6
2025-01-06 11:39:58 - INFO - Browser session closed
2025-01-06 11:39:58 - INFO - SQLite database connection closed
2025-01-06 11:53:25 - INFO - Logging initialized. Log file: pb2b/logs/bybit_scraper_20250106.log
2025-01-06 11:53:26 - INFO - DataSaver logging initialized. Log file: pb2b/logs/data_saver_20250106.log
2025-01-06 11:53:26 - INFO - Connected to SQLite database: pb2b/p2p_listings.db
2025-01-06 11:53:26 - INFO - Database tables created successfully
2025-01-06 11:53:26 - INFO - Attempt 1/10: Loading https://www.bybit.com/fiat/trade/otc?actionType=1&token=USDT&fiat=NGN
2025-01-06 11:53:37 - INFO - Screenshot saved as 'pb2b/screenshots/bybit_page_20250106_115337.png'
2025-01-06 11:53:38 - INFO - Fetching BUY listings for USDT/EUR
2025-01-06 11:53:38 - INFO - Data successfully saved to SQLite database. New listings - Bybit: 4, Binance: 6
2025-01-06 11:53:38 - INFO - Browser session closed
2025-01-06 11:53:38 - INFO - SQLite database connection closed
2025-01-06 12:35:22 - INFO - Logging initialized. Log file: pb2b/logs/bybit_scraper_20250106.log
2025-01-06 12:35:23 - INFO - DataSaver logging initialized. Log file: pb2b/logs/data_saver_20250106.log
2025-01-06 12:35:23 - INFO - Connected to SQLite database: pb2b/p2p_listings.db
2025-01-06 12:35:23 - INFO - Database tables created successfully
2025-01-06 12:35:23 - INFO - Attempt 1/10: Loading https://www.bybit.com/fiat/trade/otc?actionType=1&token=USDT&fiat=NGN
2025-01-06 12:35:33 - INFO - Screenshot saved as 'pb2b/screenshots/bybit_page_20250106_123533.png'
2025-01-06 12:35:33 - INFO - Fetching BUY listings for USDT/EUR
2025-01-06 12:35:34 - INFO - Data successfully saved to SQLite database. New listings - Bybit: 4, Binance: 6
2025-01-06 12:35:34 - INFO - Browser session closed
2025-01-06 12:35:34 - INFO - SQLite database connection closed
2025-01-06 13:04:56 - INFO - Logging initialized. Log file: pb2b/logs/bybit_scraper_20250106.log
2025-01-06 13:04:56 - INFO - DataSaver logging initialized. Log file: pb2b/logs/data_saver_20250106.log
2025-01-06 13:04:56 - INFO - Connected to SQLite database: pb2b/p2p_listings.db
2025-01-06 13:04:56 - INFO - Database tables created successfully
2025-01-06 13:04:56 - INFO - Attempt 1/10: Loading https://www.bybit.com/fiat/trade/otc?actionType=1&token=USDT&fiat=NGN
2025-01-06 13:05:07 - INFO - Screenshot saved as 'pb2b/screenshots/bybit_page_20250106_130507.png'
2025-01-06 13:05:07 - INFO - Fetching BUY listings for USDT/EUR
2025-01-06 13:05:08 - INFO - Data successfully saved to SQLite database. New listings - Bybit: 4, Binance: 6
2025-01-06 13:05:08 - INFO - Browser session closed
2025-01-06 13:05:08 - INFO - SQLite database connection closed
2025-01-06 13:32:26 - INFO - Logging initialized. Log file: pb2b/logs/bybit_scraper_20250106.log
2025-01-06 13:32:26 - INFO - DataSaver logging initialized. Log file: pb2b/logs/data_saver_20250106.log
2025-01-06 13:32:26 - INFO - Connected to SQLite database: pb2b/p2p_listings.db
2025-01-06 13:32:26 - INFO - Database tables created successfully
2025-01-06 13:32:26 - INFO - Attempt 1/10: Loading https://www.bybit.com/fiat/trade/otc?actionType=1&token=USDT&fiat=NGN
2025-01-06 13:32:36 - INFO - Screenshot saved as 'pb2b/screenshots/bybit_page_20250106_133236.png'
2025-01-06 13:32:37 - INFO - Fetching BUY listings for USDT/EUR
2025-01-06 13:32:37 - INFO - Data successfully saved to SQLite database. New listings - Bybit: 4, Binance: 6
2025-01-06 13:32:38 - INFO - Browser session closed
2025-01-06 13:32:38 - INFO - SQLite database connection closed
2025-01-06 13:45:38 - INFO - Logging initialized. Log file: pb2b/logs/bybit_scraper_20250106.log
2025-01-06 13:45:38 - INFO - DataSaver logging initialized. Log file: pb2b/logs/data_saver_20250106.log
2025-01-06 13:45:38 - INFO - Connected to SQLite database: pb2b/p2p_listings.db
2025-01-06 13:45:38 - INFO - Database tables created successfully
2025-01-06 13:45:38 - INFO - Attempt 1/10: Loading https://www.bybit.com/fiat/trade/otc?actionType=1&token=USDT&fiat=NGN
2025-01-06 13:45:49 - INFO - Screenshot saved as 'pb2b/screenshots/bybit_page_20250106_134549.png'
2025-01-06 13:45:50 - INFO - Fetching BUY listings for USDT/EUR
2025-01-06 13:45:50 - INFO - Data successfully saved to SQLite database. New listings - Bybit: 4, Binance: 6
2025-01-06 13:45:50 - INFO - Browser session closed
2025-01-06 13:45:50 - INFO - SQLite database connection closed
2025-01-06 13:58:59 - INFO - Logging initialized. Log file: pb2b/logs/bybit_scraper_20250106.log
2025-01-06 13:58:59 - INFO - DataSaver logging initialized. Log file: pb2b/logs/data_saver_20250106.log
2025-01-06 13:58:59 - INFO - Connected to SQLite database: pb2b/p2p_listings.db
2025-01-06 13:58:59 - INFO - Database tables created successfully
2025-01-06 13:58:59 - INFO - Attempt 1/10: Loading https://www.bybit.com/fiat/trade/otc?actionType=1&token=USDT&fiat=NGN
2025-01-06 13:59:09 - INFO - Screenshot saved as 'pb2b/screenshots/bybit_page_20250106_135909.png'
2025-01-06 13:59:10 - INFO - Fetching BUY listings for USDT/EUR
2025-01-06 13:59:10 - INFO - Data successfully saved to SQLite database. New listings - Bybit: 4, Binance: 6
2025-01-06 13:59:10 - INFO - Browser session closed
2025-01-06 13:59:10 - INFO - SQLite database connection closed
2025-01-06 14:26:06 - INFO - Logging initialized. Log file: pb2b/logs/bybit_scraper_20250106.log
2025-01-06 14:26:07 - INFO - DataSaver logging initialized. Log file: pb2b/logs/data_saver_20250106.log
2025-01-06 14:26:07 - INFO - Connected to SQLite database: pb2b/p2p_listings.db
2025-01-06 14:26:07 - INFO - Database tables created successfully
2025-01-06 14:26:07 - INFO - Attempt 1/10: Loading https://www.bybit.com/fiat/trade/otc?actionType=1&token=USDT&fiat=NGN
2025-01-06 14:26:19 - INFO - Screenshot saved as 'pb2b/screenshots/bybit_page_20250106_142619.png'
2025-01-06 14:26:19 - INFO - Fetching BUY listings for USDT/EUR
2025-01-06 14:26:20 - INFO - Data successfully saved to SQLite database. New listings - Bybit: 4, Binance: 6
2025-01-06 14:26:20 - INFO - Browser session closed
2025-01-06 14:26:20 - INFO - SQLite database connection closed
2025-01-06 14:43:25 - INFO - Logging initialized. Log file: pb2b/logs/bybit_scraper_20250106.log
2025-01-06 14:43:26 - INFO - DataSaver logging initialized. Log file: pb2b/logs/data_saver_20250106.log
2025-01-06 14:43:26 - INFO - Connected to SQLite database: pb2b/p2p_listings.db
2025-01-06 14:43:26 - INFO - Database tables created successfully
2025-01-06 14:43:26 - INFO - Attempt 1/10: Loading https://www.bybit.com/fiat/trade/otc?actionType=1&token=USDT&fiat=NGN
2025-01-06 14:43:36 - INFO - Screenshot saved as 'pb2b/screenshots/bybit_page_20250106_144336.png'
2025-01-06 14:43:37 - INFO - Fetching BUY listings for USDT/EUR
2025-01-06 14:43:37 - INFO - Data successfully saved to SQLite database. New listings - Bybit: 4, Binance: 6
2025-01-06 14:43:37 - INFO - Browser session closed
2025-01-06 14:43:37 - INFO - SQLite database connection closed
2025-01-06 14:56:19 - INFO - Logging initialized. Log file: pb2b/logs/bybit_scraper_20250106.log
2025-01-06 14:56:20 - INFO - DataSaver logging initialized. Log file: pb2b/logs/data_saver_20250106.log
2025-01-06 14:56:20 - INFO - Connected to SQLite database: pb2b/p2p_listings.db
2025-01-06 14:56:20 - INFO - Database tables created successfully
2025-01-06 14:56:20 - INFO - Attempt 1/10: Loading https://www.bybit.com/fiat/trade/otc?actionType=1&token=USDT&fiat=NGN
2025-01-06 14:56:30 - INFO - Screenshot saved as 'pb2b/screenshots/bybit_page_20250106_145630.png'
2025-01-06 14:56:30 - INFO - Fetching BUY listings for USDT/EUR
2025-01-06 14:56:31 - INFO - Data successfully saved to SQLite database. New listings - Bybit: 4, Binance: 6
2025-01-06 14:56:31 - INFO - Browser session closed
2025-01-06 14:56:31 - INFO - SQLite database connection closed
2025-01-06 15:26:46 - INFO - Logging initialized. Log file: pb2b/logs/bybit_scraper_20250106.log
2025-01-06 15:26:48 - INFO - DataSaver logging initialized. Log file: pb2b/logs/data_saver_20250106.log
2025-01-06 15:26:48 - INFO - Connected to SQLite database: pb2b/p2p_listings.db
2025-01-06 15:26:48 - INFO - Database tables created successfully
2025-01-06 15:26:48 - INFO - Attempt 1/10: Loading https://www.bybit.com/fiat/trade/otc?actionType=1&token=USDT&fiat=NGN
2025-01-06 15:26:58 - INFO - Screenshot saved as 'pb2b/screenshots/bybit_page_20250106_152658.png'
2025-01-06 15:26:59 - INFO - Fetching BUY listings for USDT/EUR
2025-01-06 15:26:59 - INFO - Data successfully saved to SQLite database. New listings - Bybit: 4, Binance: 6
2025-01-06 15:26:59 - INFO - Browser session closed
2025-01-06 15:26:59 - INFO - SQLite database connection closed
2025-01-06 15:40:18 - INFO - Logging initialized. Log file: pb2b/logs/bybit_scraper_20250106.log
2025-01-06 15:40:19 - INFO - DataSaver logging initialized. Log file: pb2b/logs/data_saver_20250106.log
2025-01-06 15:40:19 - INFO - Connected to SQLite database: pb2b/p2p_listings.db
2025-01-06 15:40:19 - INFO - Database tables created successfully
2025-01-06 15:40:19 - INFO - Attempt 1/10: Loading https://www.bybit.com/fiat/trade/otc?actionType=1&token=USDT&fiat=NGN
2025-01-06 15:40:29 - INFO - Screenshot saved as 'pb2b/screenshots/bybit_page_20250106_154028.png'
2025-01-06 15:40:29 - INFO - Fetching BUY listings for USDT/EUR
2025-01-06 15:40:30 - INFO - Data successfully saved to SQLite database. New listings - Bybit: 4, Binance: 6
2025-01-06 15:40:30 - INFO - Browser session closed
2025-01-06 15:40:30 - INFO - SQLite database connection closed
2025-01-06 15:53:41 - INFO - Logging initialized. Log file: pb2b/logs/bybit_scraper_20250106.log
2025-01-06 15:53:41 - INFO - DataSaver logging initialized. Log file: pb2b/logs/data_saver_20250106.log
2025-01-06 15:53:41 - INFO - Connected to SQLite database: pb2b/p2p_listings.db
2025-01-06 15:53:41 - INFO - Database tables created successfully
2025-01-06 15:53:41 - INFO - Attempt 1/10: Loading https://www.bybit.com/fiat/trade/otc?actionType=1&token=USDT&fiat=NGN
2025-01-06 15:53:52 - INFO - Screenshot saved as 'pb2b/screenshots/bybit_page_20250106_155352.png'
2025-01-06 15:53:52 - INFO - Fetching BUY listings for USDT/EUR
2025-01-06 15:53:53 - INFO - Data successfully saved to SQLite database. New listings - Bybit: 4, Binance: 6
2025-01-06 15:53:53 - INFO - Browser session closed
2025-01-06 15:53:53 - INFO - SQLite database connection closed
2025-01-06 16:23:01 - INFO - Logging initialized. Log file: pb2b/logs/bybit_scraper_20250106.log
2025-01-06 16:23:03 - INFO - DataSaver logging initialized. Log file: pb2b/logs/data_saver_20250106.log
2025-01-06 16:23:03 - INFO - Connected to SQLite database: pb2b/p2p_listings.db
2025-01-06 16:23:03 - INFO - Database tables created successfully
2025-01-06 16:23:03 - INFO - Attempt 1/10: Loading https://www.bybit.com/fiat/trade/otc?actionType=1&token=USDT&fiat=NGN
2025-01-06 16:23:14 - INFO - Screenshot saved as 'pb2b/screenshots/bybit_page_20250106_162314.png'
2025-01-06 16:23:15 - INFO - Fetching BUY listings for USDT/EUR
2025-01-06 16:23:15 - INFO - Data successfully saved to SQLite database. New listings - Bybit: 4, Binance: 6
2025-01-06 16:23:15 - INFO - Browser session closed
2025-01-06 16:23:15 - INFO - SQLite database connection closed
2025-01-06 16:45:18 - INFO - Logging initialized. Log file: pb2b/logs/bybit_scraper_20250106.log
2025-01-06 16:45:19 - INFO - DataSaver logging initialized. Log file: pb2b/logs/data_saver_20250106.log
2025-01-06 16:45:19 - INFO - Connected to SQLite database: pb2b/p2p_listings.db
2025-01-06 16:45:19 - INFO - Database tables created successfully
2025-01-06 16:45:19 - INFO - Attempt 1/10: Loading https://www.bybit.com/fiat/trade/otc?actionType=1&token=USDT&fiat=NGN
2025-01-06 16:45:29 - INFO - Screenshot saved as 'pb2b/screenshots/bybit_page_20250106_164529.png'
2025-01-06 16:45:29 - INFO - Fetching BUY listings for USDT/EUR
2025-01-06 16:45:30 - INFO - Data successfully saved to SQLite database. New listings - Bybit: 4, Binance: 6
2025-01-06 16:45:30 - INFO - Browser session closed
2025-01-06 16:45:30 - INFO - SQLite database connection closed
2025-01-06 16:58:30 - INFO - Logging initialized. Log file: pb2b/logs/bybit_scraper_20250106.log
2025-01-06 16:58:30 - INFO - DataSaver logging initialized. Log file: pb2b/logs/data_saver_20250106.log
2025-01-06 16:58:30 - INFO - Connected to SQLite database: pb2b/p2p_listings.db
2025-01-06 16:58:30 - INFO - Database tables created successfully
2025-01-06 16:58:30 - INFO - Attempt 1/10: Loading https://www.bybit.com/fiat/trade/otc?actionType=1&token=USDT&fiat=NGN
2025-01-06 16:58:40 - INFO - Screenshot saved as 'pb2b/screenshots/bybit_page_20250106_165840.png'
2025-01-06 16:58:41 - INFO - Fetching BUY listings for USDT/EUR
2025-01-06 16:58:41 - INFO - Data successfully saved to SQLite database. New listings - Bybit: 4, Binance: 6
2025-01-06 16:58:41 - INFO - Browser session closed
2025-01-06 16:58:41 - INFO - SQLite database connection closed
2025-01-06 17:23:15 - INFO - Logging initialized. Log file: pb2b/logs/bybit_scraper_20250106.log
2025-01-06 17:23:16 - INFO - DataSaver logging initialized. Log file: pb2b/logs/data_saver_20250106.log
2025-01-06 17:23:16 - INFO - Connected to SQLite database: pb2b/p2p_listings.db
2025-01-06 17:23:16 - INFO - Database tables created successfully
2025-01-06 17:23:16 - INFO - Attempt 1/10: Loading https://www.bybit.com/fiat/trade/otc?actionType=1&token=USDT&fiat=NGN
2025-01-06 17:23:27 - INFO - Screenshot saved as 'pb2b/screenshots/bybit_page_20250106_172326.png'
2025-01-06 17:23:27 - INFO - Fetching BUY listings for USDT/EUR
2025-01-06 17:23:27 - INFO - Data successfully saved to SQLite database. New listings - Bybit: 4, Binance: 6
2025-01-06 17:23:27 - INFO - Browser session closed
2025-01-06 17:23:27 - INFO - SQLite database connection closed
2025-01-06 17:38:34 - INFO - Logging initialized. Log file: pb2b/logs/bybit_scraper_20250106.log
2025-01-06 17:38:35 - INFO - DataSaver logging initialized. Log file: pb2b/logs/data_saver_20250106.log
2025-01-06 17:38:35 - INFO - Connected to SQLite database: pb2b/p2p_listings.db
2025-01-06 17:38:35 - INFO - Database tables created successfully
2025-01-06 17:38:35 - INFO - Attempt 1/10: Loading https://www.bybit.com/fiat/trade/otc?actionType=1&token=USDT&fiat=NGN
2025-01-06 17:38:46 - INFO - Screenshot saved as 'pb2b/screenshots/bybit_page_20250106_173846.png'
2025-01-06 17:38:46 - INFO - Fetching BUY listings for USDT/EUR
2025-01-06 17:38:47 - INFO - Data successfully saved to SQLite database. New listings - Bybit: 4, Binance: 6
2025-01-06 17:38:47 - INFO - Browser session closed
2025-01-06 17:38:47 - INFO - SQLite database connection closed
2025-01-06 17:51:42 - INFO - Logging initialized. Log file: pb2b/logs/bybit_scraper_20250106.log
2025-01-06 17:51:43 - INFO - DataSaver logging initialized. Log file: pb2b/logs/data_saver_20250106.log
2025-01-06 17:51:43 - INFO - Connected to SQLite database: pb2b/p2p_listings.db
2025-01-06 17:51:43 - INFO - Database tables created successfully
2025-01-06 17:51:43 - INFO - Attempt 1/10: Loading https://www.bybit.com/fiat/trade/otc?actionType=1&token=USDT&fiat=NGN
2025-01-06 17:51:52 - INFO - Screenshot saved as 'pb2b/screenshots/bybit_page_20250106_175152.png'
2025-01-06 17:51:53 - INFO - Fetching BUY listings for USDT/EUR
2025-01-06 17:51:53 - INFO - Data successfully saved to SQLite database. New listings - Bybit: 4, Binance: 6
2025-01-06 17:51:53 - INFO - Browser session closed
2025-01-06 17:51:53 - INFO - SQLite database connection closed
2025-01-06 18:19:40 - INFO - Logging initialized. Log file: pb2b/logs/bybit_scraper_20250106.log
2025-01-06 18:19:41 - INFO - DataSaver logging initialized. Log file: pb2b/logs/data_saver_20250106.log
2025-01-06 18:19:41 - INFO - Connected to SQLite database: pb2b/p2p_listings.db
2025-01-06 18:19:41 - INFO - Database tables created successfully
2025-01-06 18:19:41 - INFO - Attempt 1/10: Loading https://www.bybit.com/fiat/trade/otc?actionType=1&token=USDT&fiat=NGN
2025-01-06 18:19:50 - INFO - Screenshot saved as 'pb2b/screenshots/bybit_page_20250106_181950.png'
2025-01-06 18:19:51 - INFO - Fetching BUY listings for USDT/EUR
2025-01-06 18:19:51 - INFO - Data successfully saved to SQLite database. New listings - Bybit: 4, Binance: 6
2025-01-06 18:19:51 - INFO - Browser session closed
2025-01-06 18:19:51 - INFO - SQLite database connection closed
2025-01-06 18:42:15 - INFO - Logging initialized. Log file: pb2b/logs/bybit_scraper_20250106.log
2025-01-06 18:42:29 - INFO - DataSaver logging initialized. Log file: pb2b/logs/data_saver_20250106.log
2025-01-06 18:42:29 - INFO - Connected to SQLite database: pb2b/p2p_listings.db
2025-01-06 18:42:29 - INFO - Database tables created successfully
2025-01-06 18:42:29 - INFO - Attempt 1/10: Loading https://www.bybit.com/fiat/trade/otc?actionType=1&token=USDT&fiat=NGN
2025-01-06 18:42:42 - INFO - Screenshot saved as 'pb2b/screenshots/bybit_page_20250106_184241.png'
2025-01-06 18:42:42 - INFO - Fetching BUY listings for USDT/EUR
2025-01-06 18:42:42 - INFO - Data successfully saved to SQLite database. New listings - Bybit: 4, Binance: 6
2025-01-06 18:42:43 - INFO - Browser session closed
2025-01-06 18:42:43 - INFO - SQLite database connection closed
2025-01-06 18:55:37 - INFO - Logging initialized. Log file: pb2b/logs/bybit_scraper_20250106.log
2025-01-06 18:55:37 - INFO - DataSaver logging initialized. Log file: pb2b/logs/data_saver_20250106.log
2025-01-06 18:55:37 - INFO - Connected to SQLite database: pb2b/p2p_listings.db
2025-01-06 18:55:37 - INFO - Database tables created successfully
2025-01-06 18:55:37 - INFO - Attempt 1/10: Loading https://www.bybit.com/fiat/trade/otc?actionType=1&token=USDT&fiat=NGN
2025-01-06 18:55:47 - INFO - Screenshot saved as 'pb2b/screenshots/bybit_page_20250106_185546.png'
2025-01-06 18:55:47 - INFO - Fetching BUY listings for USDT/EUR
2025-01-06 18:55:47 - INFO - Data successfully saved to SQLite database. New listings - Bybit: 4, Binance: 6
2025-01-06 18:55:47 - INFO - Browser session closed
2025-01-06 18:55:47 - INFO - SQLite database connection closed
2025-01-06 19:17:53 - INFO - Logging initialized. Log file: pb2b/logs/bybit_scraper_20250106.log
2025-01-06 19:17:54 - INFO - DataSaver logging initialized. Log file: pb2b/logs/data_saver_20250106.log
2025-01-06 19:17:54 - INFO - Connected to SQLite database: pb2b/p2p_listings.db
2025-01-06 19:17:54 - INFO - Database tables created successfully
2025-01-06 19:17:54 - INFO - Attempt 1/10: Loading https://www.bybit.com/fiat/trade/otc?actionType=1&token=USDT&fiat=NGN
2025-01-06 19:18:05 - INFO - Screenshot saved as 'pb2b/screenshots/bybit_page_20250106_191805.png'
2025-01-06 19:18:05 - INFO - Fetching BUY listings for USDT/EUR
2025-01-06 19:18:06 - INFO - Data successfully saved to SQLite database. New listings - Bybit: 4, Binance: 6
2025-01-06 19:18:06 - INFO - Browser session closed
2025-01-06 19:18:06 - INFO - SQLite database connection closed
2025-01-06 19:30:56 - INFO - Logging initialized. Log file: pb2b/logs/bybit_scraper_20250106.log
2025-01-06 19:31:05 - INFO - DataSaver logging initialized. Log file: pb2b/logs/data_saver_20250106.log
2025-01-06 19:31:05 - INFO - Connected to SQLite database: pb2b/p2p_listings.db
2025-01-06 19:31:05 - INFO - Database tables created successfully
2025-01-06 19:31:05 - INFO - Attempt 1/10: Loading https://www.bybit.com/fiat/trade/otc?actionType=1&token=USDT&fiat=NGN
2025-01-06 19:31:19 - INFO - Screenshot saved as 'pb2b/screenshots/bybit_page_20250106_193118.png'
2025-01-06 19:31:19 - INFO - Fetching BUY listings for USDT/EUR
2025-01-06 19:31:20 - INFO - Data successfully saved to SQLite database. New listings - Bybit: 4, Binance: 6
2025-01-06 19:31:20 - INFO - Browser session closed
2025-01-06 19:31:20 - INFO - SQLite database connection closed
2025-01-06 19:44:13 - INFO - Logging initialized. Log file: pb2b/logs/bybit_scraper_20250106.log
2025-01-06 19:44:13 - INFO - DataSaver logging initialized. Log file: pb2b/logs/data_saver_20250106.log
2025-01-06 19:44:13 - INFO - Connected to SQLite database: pb2b/p2p_listings.db
2025-01-06 19:44:13 - INFO - Database tables created successfully
2025-01-06 19:44:13 - INFO - Attempt 1/10: Loading https://www.bybit.com/fiat/trade/otc?actionType=1&token=USDT&fiat=NGN
2025-01-06 19:44:23 - INFO - Screenshot saved as 'pb2b/screenshots/bybit_page_20250106_194423.png'
2025-01-06 19:44:23 - INFO - Fetching BUY listings for USDT/EUR
2025-01-06 19:44:24 - INFO - Data successfully saved to SQLite database. New listings - Bybit: 4, Binance: 6
2025-01-06 19:44:24 - INFO - Browser session closed
2025-01-06 19:44:24 - INFO - SQLite database connection closed
2025-01-06 19:57:26 - INFO - Logging initialized. Log file: pb2b/logs/bybit_scraper_20250106.log
2025-01-06 19:57:38 - INFO - DataSaver logging initialized. Log file: pb2b/logs/data_saver_20250106.log
2025-01-06 19:57:38 - INFO - Connected to SQLite database: pb2b/p2p_listings.db
2025-01-06 19:57:38 - INFO - Database tables created successfully
2025-01-06 19:57:38 - INFO - Attempt 1/10: Loading https://www.bybit.com/fiat/trade/otc?actionType=1&token=USDT&fiat=NGN
2025-01-06 19:57:51 - INFO - Screenshot saved as 'pb2b/screenshots/bybit_page_20250106_195750.png'
2025-01-06 19:57:51 - INFO - Fetching BUY listings for USDT/EUR
2025-01-06 19:57:51 - INFO - Data successfully saved to SQLite database. New listings - Bybit: 4, Binance: 6
2025-01-06 19:57:52 - INFO - Browser session closed
2025-01-06 19:57:52 - INFO - SQLite database connection closed
2025-01-06 20:24:35 - INFO - Logging initialized. Log file: pb2b/logs/bybit_scraper_20250106.log
2025-01-06 20:24:35 - INFO - DataSaver logging initialized. Log file: pb2b/logs/data_saver_20250106.log
2025-01-06 20:24:35 - INFO - Connected to SQLite database: pb2b/p2p_listings.db
2025-01-06 20:24:35 - INFO - Database tables created successfully
2025-01-06 20:24:35 - INFO - Attempt 1/10: Loading https://www.bybit.com/fiat/trade/otc?actionType=1&token=USDT&fiat=NGN
2025-01-06 20:24:47 - INFO - Screenshot saved as 'pb2b/screenshots/bybit_page_20250106_202446.png'
2025-01-06 20:24:47 - INFO - Fetching BUY listings for USDT/EUR
2025-01-06 20:24:48 - INFO - Data successfully saved to SQLite database. New listings - Bybit: 4, Binance: 6
2025-01-06 20:24:48 - INFO - Browser session closed
2025-01-06 20:24:48 - INFO - SQLite database connection closed
2025-01-06 20:39:08 - INFO - Logging initialized. Log file: pb2b/logs/bybit_scraper_20250106.log
2025-01-06 20:39:08 - INFO - DataSaver logging initialized. Log file: pb2b/logs/data_saver_20250106.log
2025-01-06 20:39:08 - INFO - Connected to SQLite database: pb2b/p2p_listings.db
2025-01-06 20:39:08 - INFO - Database tables created successfully
2025-01-06 20:39:08 - INFO - Attempt 1/10: Loading https://www.bybit.com/fiat/trade/otc?actionType=1&token=USDT&fiat=NGN
2025-01-06 20:39:19 - INFO - Screenshot saved as 'pb2b/screenshots/bybit_page_20250106_203919.png'
2025-01-06 20:39:19 - INFO - Fetching BUY listings for USDT/EUR
2025-01-06 20:39:20 - INFO - Data successfully saved to SQLite database. New listings - Bybit: 4, Binance: 6
2025-01-06 20:39:20 - INFO - Browser session closed
2025-01-06 20:39:20 - INFO - SQLite database connection closed
2025-01-06 20:52:44 - INFO - Logging initialized. Log file: pb2b/logs/bybit_scraper_20250106.log
2025-01-06 20:52:45 - INFO - DataSaver logging initialized. Log file: pb2b/logs/data_saver_20250106.log
2025-01-06 20:52:45 - INFO - Connected to SQLite database: pb2b/p2p_listings.db
2025-01-06 20:52:45 - INFO - Database tables created successfully
2025-01-06 20:52:45 - INFO - Attempt 1/10: Loading https://www.bybit.com/fiat/trade/otc?actionType=1&token=USDT&fiat=NGN
2025-01-06 20:52:56 - INFO - Screenshot saved as 'pb2b/screenshots/bybit_page_20250106_205256.png'
2025-01-06 20:52:56 - INFO - Fetching BUY listings for USDT/EUR
2025-01-06 20:52:57 - INFO - Data successfully saved to SQLite database. New listings - Bybit: 4, Binance: 6
2025-01-06 20:52:57 - INFO - Browser session closed
2025-01-06 20:52:57 - INFO - SQLite database connection closed
2025-01-06 21:15:06 - INFO - Logging initialized. Log file: pb2b/logs/bybit_scraper_20250106.log
2025-01-06 21:15:18 - INFO - DataSaver logging initialized. Log file: pb2b/logs/data_saver_20250106.log
2025-01-06 21:15:18 - INFO - Connected to SQLite database: pb2b/p2p_listings.db
2025-01-06 21:15:18 - INFO - Database tables created successfully
2025-01-06 21:15:18 - INFO - Attempt 1/10: Loading https://www.bybit.com/fiat/trade/otc?actionType=1&token=USDT&fiat=NGN
2025-01-06 21:15:31 - INFO - Screenshot saved as 'pb2b/screenshots/bybit_page_20250106_211530.png'
2025-01-06 21:15:31 - INFO - Fetching BUY listings for USDT/EUR
2025-01-06 21:15:31 - INFO - Data successfully saved to SQLite database. New listings - Bybit: 4, Binance: 6
2025-01-06 21:15:32 - INFO - Browser session closed
2025-01-06 21:15:32 - INFO - SQLite database connection closed
2025-01-06 21:30:27 - INFO - Logging initialized. Log file: pb2b/logs/bybit_scraper_20250106.log
2025-01-06 21:30:28 - INFO - DataSaver logging initialized. Log file: pb2b/logs/data_saver_20250106.log
2025-01-06 21:30:28 - INFO - Connected to SQLite database: pb2b/p2p_listings.db
2025-01-06 21:30:28 - INFO - Database tables created successfully
2025-01-06 21:30:28 - INFO - Attempt 1/10: Loading https://www.bybit.com/fiat/trade/otc?actionType=1&token=USDT&fiat=NGN
2025-01-06 21:30:40 - INFO - Screenshot saved as 'pb2b/screenshots/bybit_page_20250106_213040.png'
2025-01-06 21:30:40 - INFO - Fetching BUY listings for USDT/EUR
2025-01-06 21:30:41 - INFO - Data successfully saved to SQLite database. New listings - Bybit: 4, Binance: 6
2025-01-06 21:30:41 - INFO - Browser session closed
2025-01-06 21:30:41 - INFO - SQLite database connection closed
2025-01-06 21:44:03 - INFO - Logging initialized. Log file: pb2b/logs/bybit_scraper_20250106.log
2025-01-06 21:44:03 - INFO - DataSaver logging initialized. Log file: pb2b/logs/data_saver_20250106.log
2025-01-06 21:44:03 - INFO - Connected to SQLite database: pb2b/p2p_listings.db
2025-01-06 21:44:03 - INFO - Database tables created successfully
2025-01-06 21:44:03 - INFO - Attempt 1/10: Loading https://www.bybit.com/fiat/trade/otc?actionType=1&token=USDT&fiat=NGN
2025-01-06 21:44:14 - INFO - Screenshot saved as 'pb2b/screenshots/bybit_page_20250106_214414.png'
2025-01-06 21:44:15 - INFO - Fetching BUY listings for USDT/EUR
2025-01-06 21:44:15 - INFO - Data successfully saved to SQLite database. New listings - Bybit: 4, Binance: 6
2025-01-06 21:44:15 - INFO - Browser session closed
2025-01-06 21:44:15 - INFO - SQLite database connection closed
2025-01-06 21:57:15 - INFO - Logging initialized. Log file: pb2b/logs/bybit_scraper_20250106.log
2025-01-06 21:57:16 - INFO - DataSaver logging initialized. Log file: pb2b/logs/data_saver_20250106.log
2025-01-06 21:57:16 - INFO - Connected to SQLite database: pb2b/p2p_listings.db
2025-01-06 21:57:16 - INFO - Database tables created successfully
2025-01-06 21:57:16 - INFO - Attempt 1/10: Loading https://www.bybit.com/fiat/trade/otc?actionType=1&token=USDT&fiat=NGN
2025-01-06 21:57:27 - INFO - Screenshot saved as 'pb2b/screenshots/bybit_page_20250106_215726.png'
2025-01-06 21:57:27 - INFO - Fetching BUY listings for USDT/EUR
2025-01-06 21:57:27 - INFO - Data successfully saved to SQLite database. New listings - Bybit: 4, Binance: 6
2025-01-06 21:57:27 - INFO - Browser session closed
2025-01-06 21:57:27 - INFO - SQLite database connection closed
2025-01-06 22:23:59 - INFO - Logging initialized. Log file: pb2b/logs/bybit_scraper_20250106.log
2025-01-06 22:23:59 - INFO - DataSaver logging initialized. Log file: pb2b/logs/data_saver_20250106.log
2025-01-06 22:23:59 - INFO - Connected to SQLite database: pb2b/p2p_listings.db
2025-01-06 22:23:59 - INFO - Database tables created successfully
2025-01-06 22:23:59 - INFO - Attempt 1/10: Loading https://www.bybit.com/fiat/trade/otc?actionType=1&token=USDT&fiat=NGN
2025-01-06 22:24:11 - INFO - Screenshot saved as 'pb2b/screenshots/bybit_page_20250106_222411.png'
2025-01-06 22:24:11 - INFO - Fetching BUY listings for USDT/EUR
2025-01-06 22:24:12 - INFO - Data successfully saved to SQLite database. New listings - Bybit: 4, Binance: 6
2025-01-06 22:24:12 - INFO - Browser session closed
2025-01-06 22:24:12 - INFO - SQLite database connection closed
2025-01-06 22:40:22 - INFO - Logging initialized. Log file: pb2b/logs/bybit_scraper_20250106.log
2025-01-06 22:40:23 - INFO - DataSaver logging initialized. Log file: pb2b/logs/data_saver_20250106.log
2025-01-06 22:40:23 - INFO - Connected to SQLite database: pb2b/p2p_listings.db
2025-01-06 22:40:23 - INFO - Database tables created successfully
2025-01-06 22:40:23 - INFO - Attempt 1/10: Loading https://www.bybit.com/fiat/trade/otc?actionType=1&token=USDT&fiat=NGN
2025-01-06 22:40:33 - INFO - Screenshot saved as 'pb2b/screenshots/bybit_page_20250106_224032.png'
2025-01-06 22:40:33 - INFO - Fetching BUY listings for USDT/EUR
2025-01-06 22:40:33 - INFO - Data successfully saved to SQLite database. New listings - Bybit: 4, Binance: 6
2025-01-06 22:40:34 - INFO - Browser session closed
2025-01-06 22:40:34 - INFO - SQLite database connection closed
2025-01-06 22:53:35 - INFO - Logging initialized. Log file: pb2b/logs/bybit_scraper_20250106.log
2025-01-06 22:53:36 - INFO - DataSaver logging initialized. Log file: pb2b/logs/data_saver_20250106.log
2025-01-06 22:53:36 - INFO - Connected to SQLite database: pb2b/p2p_listings.db
2025-01-06 22:53:36 - INFO - Database tables created successfully
2025-01-06 22:53:36 - INFO - Attempt 1/10: Loading https://www.bybit.com/fiat/trade/otc?actionType=1&token=USDT&fiat=NGN
2025-01-06 22:53:47 - INFO - Screenshot saved as 'pb2b/screenshots/bybit_page_20250106_225347.png'
2025-01-06 22:53:48 - INFO - Fetching BUY listings for USDT/EUR
2025-01-06 22:53:48 - INFO - Data successfully saved to SQLite database. New listings - Bybit: 4, Binance: 6
2025-01-06 22:53:48 - INFO - Browser session closed
2025-01-06 22:53:48 - INFO - SQLite database connection closed
2025-01-06 23:17:50 - INFO - Logging initialized. Log file: pb2b/logs/bybit_scraper_20250106.log
2025-01-06 23:17:50 - INFO - DataSaver logging initialized. Log file: pb2b/logs/data_saver_20250106.log
2025-01-06 23:17:50 - INFO - Connected to SQLite database: pb2b/p2p_listings.db
2025-01-06 23:17:50 - INFO - Database tables created successfully
2025-01-06 23:17:50 - INFO - Attempt 1/10: Loading https://www.bybit.com/fiat/trade/otc?actionType=1&token=USDT&fiat=NGN
2025-01-06 23:18:01 - INFO - Screenshot saved as 'pb2b/screenshots/bybit_page_20250106_231801.png'
2025-01-06 23:18:01 - INFO - Fetching BUY listings for USDT/EUR
2025-01-06 23:18:02 - INFO - Data successfully saved to SQLite database. New listings - Bybit: 4, Binance: 6
2025-01-06 23:18:02 - INFO - Browser session closed
2025-01-06 23:18:02 - INFO - SQLite database connection closed
