2025-09-22 01:16:22 - INFO - Logging initialized. Log file: pb2b/logs/bybit_scraper_20250922.log
2025-09-22 01:16:23 - INFO - DataSaver logging initialized. Log file: pb2b/logs/data_saver_20250922.log
2025-09-22 01:16:23 - INFO - Connected to SQLite database: pb2b/p2p_listings.db
2025-09-22 01:16:23 - INFO - Database tables created successfully
2025-09-22 01:16:23 - INFO - Attempt 1/10: Loading https://www.bybit.com/fiat/trade/otc?actionType=1&token=USDT&fiat=NGN
2025-09-22 01:16:32 - INFO - Screenshot saved as 'pb2b/screenshots/bybit_page_20250922_011632.png'
2025-09-22 01:16:32 - INFO - Fetching BUY listings for USDT/EUR
2025-09-22 01:16:33 - INFO - Data successfully saved to SQLite database. New listings - Bybit: 4, Binance: 6
2025-09-22 01:16:34 - INFO - Browser session closed
2025-09-22 01:16:34 - INFO - SQLite database connection closed
2025-09-22 02:50:31 - INFO - Logging initialized. Log file: pb2b/logs/bybit_scraper_20250922.log
2025-09-22 02:50:32 - INFO - DataSaver logging initialized. Log file: pb2b/logs/data_saver_20250922.log
2025-09-22 02:50:32 - INFO - Connected to SQLite database: pb2b/p2p_listings.db
2025-09-22 02:50:32 - INFO - Database tables created successfully
2025-09-22 02:50:32 - INFO - Attempt 1/10: Loading https://www.bybit.com/fiat/trade/otc?actionType=1&token=USDT&fiat=NGN
2025-09-22 02:50:41 - INFO - Screenshot saved as 'pb2b/screenshots/bybit_page_20250922_025041.png'
2025-09-22 02:50:41 - INFO - Fetching BUY listings for USDT/EUR
2025-09-22 02:50:42 - INFO - Data successfully saved to SQLite database. New listings - Bybit: 4, Binance: 6
2025-09-22 02:50:42 - INFO - Browser session closed
2025-09-22 02:50:42 - INFO - SQLite database connection closed
2025-09-22 03:34:39 - INFO - Logging initialized. Log file: pb2b/logs/bybit_scraper_20250922.log
2025-09-22 03:34:40 - INFO - DataSaver logging initialized. Log file: pb2b/logs/data_saver_20250922.log
2025-09-22 03:34:40 - INFO - Connected to SQLite database: pb2b/p2p_listings.db
2025-09-22 03:34:40 - INFO - Database tables created successfully
2025-09-22 03:34:40 - INFO - Attempt 1/10: Loading https://www.bybit.com/fiat/trade/otc?actionType=1&token=USDT&fiat=NGN
2025-09-22 03:34:49 - INFO - Screenshot saved as 'pb2b/screenshots/bybit_page_20250922_033449.png'
2025-09-22 03:34:49 - INFO - Fetching BUY listings for USDT/EUR
2025-09-22 03:34:50 - INFO - Data successfully saved to SQLite database. New listings - Bybit: 4, Binance: 6
2025-09-22 03:34:51 - INFO - Browser session closed
2025-09-22 03:34:51 - INFO - SQLite database connection closed
2025-09-22 03:57:50 - INFO - Logging initialized. Log file: pb2b/logs/bybit_scraper_20250922.log
2025-09-22 03:57:51 - INFO - DataSaver logging initialized. Log file: pb2b/logs/data_saver_20250922.log
2025-09-22 03:57:51 - INFO - Connected to SQLite database: pb2b/p2p_listings.db
2025-09-22 03:57:51 - INFO - Database tables created successfully
2025-09-22 03:57:51 - INFO - Attempt 1/10: Loading https://www.bybit.com/fiat/trade/otc?actionType=1&token=USDT&fiat=NGN
2025-09-22 03:58:00 - INFO - Screenshot saved as 'pb2b/screenshots/bybit_page_20250922_035800.png'
2025-09-22 03:58:00 - INFO - Fetching BUY listings for USDT/EUR
2025-09-22 03:58:01 - INFO - Data successfully saved to SQLite database. New listings - Bybit: 4, Binance: 6
2025-09-22 03:58:01 - INFO - Browser session closed
2025-09-22 03:58:01 - INFO - SQLite database connection closed
2025-09-22 04:32:09 - INFO - Logging initialized. Log file: pb2b/logs/bybit_scraper_20250922.log
2025-09-22 04:32:10 - INFO - DataSaver logging initialized. Log file: pb2b/logs/data_saver_20250922.log
2025-09-22 04:32:10 - INFO - Connected to SQLite database: pb2b/p2p_listings.db
2025-09-22 04:32:10 - INFO - Database tables created successfully
2025-09-22 04:32:10 - INFO - Attempt 1/10: Loading https://www.bybit.com/fiat/trade/otc?actionType=1&token=USDT&fiat=NGN
2025-09-22 04:32:19 - INFO - Screenshot saved as 'pb2b/screenshots/bybit_page_20250922_043219.png'
2025-09-22 04:32:20 - INFO - Fetching BUY listings for USDT/EUR
2025-09-22 04:32:20 - INFO - Data successfully saved to SQLite database. New listings - Bybit: 4, Binance: 6
2025-09-22 04:32:20 - INFO - Browser session closed
2025-09-22 04:32:20 - INFO - SQLite database connection closed
2025-09-22 04:50:01 - INFO - Logging initialized. Log file: pb2b/logs/bybit_scraper_20250922.log
2025-09-22 04:50:02 - INFO - DataSaver logging initialized. Log file: pb2b/logs/data_saver_20250922.log
2025-09-22 04:50:02 - INFO - Connected to SQLite database: pb2b/p2p_listings.db
2025-09-22 04:50:02 - INFO - Database tables created successfully
2025-09-22 04:50:02 - INFO - Attempt 1/10: Loading https://www.bybit.com/fiat/trade/otc?actionType=1&token=USDT&fiat=NGN
2025-09-22 04:50:11 - INFO - Screenshot saved as 'pb2b/screenshots/bybit_page_20250922_045011.png'
2025-09-22 04:50:11 - INFO - Fetching BUY listings for USDT/EUR
2025-09-22 04:50:12 - INFO - Data successfully saved to SQLite database. New listings - Bybit: 4, Binance: 6
2025-09-22 04:50:12 - INFO - Browser session closed
2025-09-22 04:50:12 - INFO - SQLite database connection closed
2025-09-22 05:02:54 - INFO - Logging initialized. Log file: pb2b/logs/bybit_scraper_20250922.log
2025-09-22 05:02:57 - INFO - DataSaver logging initialized. Log file: pb2b/logs/data_saver_20250922.log
2025-09-22 05:02:57 - INFO - Connected to SQLite database: pb2b/p2p_listings.db
2025-09-22 05:02:57 - INFO - Database tables created successfully
2025-09-22 05:02:57 - INFO - Attempt 1/10: Loading https://www.bybit.com/fiat/trade/otc?actionType=1&token=USDT&fiat=NGN
2025-09-22 05:03:06 - INFO - Screenshot saved as 'pb2b/screenshots/bybit_page_20250922_050305.png'
2025-09-22 05:03:07 - INFO - Fetching BUY listings for USDT/EUR
2025-09-22 05:03:07 - INFO - Data successfully saved to SQLite database. New listings - Bybit: 4, Binance: 6
2025-09-22 05:03:07 - INFO - Browser session closed
2025-09-22 05:03:07 - INFO - SQLite database connection closed
