2025-03-19 01:22:17 - INFO - Logging initialized. Log file: pb2b/logs/bybit_scraper_20250319.log
2025-03-19 01:22:19 - INFO - DataSaver logging initialized. Log file: pb2b/logs/data_saver_20250319.log
2025-03-19 01:22:19 - INFO - Connected to SQLite database: pb2b/p2p_listings.db
2025-03-19 01:22:19 - INFO - Database tables created successfully
2025-03-19 01:22:19 - INFO - Attempt 1/10: Loading https://www.bybit.com/fiat/trade/otc?actionType=1&token=USDT&fiat=NGN
2025-03-19 01:22:28 - INFO - Screenshot saved as 'pb2b/screenshots/bybit_page_20250319_012228.png'
2025-03-19 01:22:28 - INFO - Fetching BUY listings for USDT/EUR
2025-03-19 01:22:29 - INFO - Data successfully saved to SQLite database. New listings - Bybit: 4, Binance: 6
2025-03-19 01:22:29 - INFO - Browser session closed
2025-03-19 01:22:29 - INFO - SQLite database connection closed
2025-03-19 02:44:02 - INFO - Logging initialized. Log file: pb2b/logs/bybit_scraper_20250319.log
2025-03-19 02:44:02 - INFO - DataSaver logging initialized. Log file: pb2b/logs/data_saver_20250319.log
2025-03-19 02:44:02 - INFO - Connected to SQLite database: pb2b/p2p_listings.db
2025-03-19 02:44:02 - INFO - Database tables created successfully
2025-03-19 02:44:02 - INFO - Attempt 1/10: Loading https://www.bybit.com/fiat/trade/otc?actionType=1&token=USDT&fiat=NGN
2025-03-19 02:44:12 - INFO - Screenshot saved as 'pb2b/screenshots/bybit_page_20250319_024412.png'
2025-03-19 02:44:12 - INFO - Fetching BUY listings for USDT/EUR
2025-03-19 02:44:13 - INFO - Data successfully saved to SQLite database. New listings - Bybit: 4, Binance: 6
2025-03-19 02:44:13 - INFO - Browser session closed
2025-03-19 02:44:13 - INFO - SQLite database connection closed
2025-03-19 03:21:41 - INFO - Logging initialized. Log file: pb2b/logs/bybit_scraper_20250319.log
2025-03-19 03:21:41 - INFO - DataSaver logging initialized. Log file: pb2b/logs/data_saver_20250319.log
2025-03-19 03:21:41 - INFO - Connected to SQLite database: pb2b/p2p_listings.db
2025-03-19 03:21:41 - INFO - Database tables created successfully
2025-03-19 03:21:41 - INFO - Attempt 1/10: Loading https://www.bybit.com/fiat/trade/otc?actionType=1&token=USDT&fiat=NGN
2025-03-19 03:21:50 - INFO - Screenshot saved as 'pb2b/screenshots/bybit_page_20250319_032150.png'
2025-03-19 03:21:51 - INFO - Fetching BUY listings for USDT/EUR
2025-03-19 03:21:52 - INFO - Data successfully saved to SQLite database. New listings - Bybit: 4, Binance: 6
2025-03-19 03:21:53 - INFO - Browser session closed
2025-03-19 03:21:53 - INFO - SQLite database connection closed
2025-03-19 03:47:11 - INFO - Logging initialized. Log file: pb2b/logs/bybit_scraper_20250319.log
2025-03-19 03:47:12 - INFO - DataSaver logging initialized. Log file: pb2b/logs/data_saver_20250319.log
2025-03-19 03:47:12 - INFO - Connected to SQLite database: pb2b/p2p_listings.db
2025-03-19 03:47:12 - INFO - Database tables created successfully
2025-03-19 03:47:12 - INFO - Attempt 1/10: Loading https://www.bybit.com/fiat/trade/otc?actionType=1&token=USDT&fiat=NGN
2025-03-19 03:47:20 - INFO - Screenshot saved as 'pb2b/screenshots/bybit_page_20250319_034720.png'
2025-03-19 03:47:21 - INFO - Fetching BUY listings for USDT/EUR
2025-03-19 03:47:21 - INFO - Data successfully saved to SQLite database. New listings - Bybit: 4, Binance: 6
2025-03-19 03:47:21 - INFO - Browser session closed
2025-03-19 03:47:21 - INFO - SQLite database connection closed
2025-03-19 04:00:27 - INFO - Logging initialized. Log file: pb2b/logs/bybit_scraper_20250319.log
2025-03-19 04:00:27 - INFO - DataSaver logging initialized. Log file: pb2b/logs/data_saver_20250319.log
2025-03-19 04:00:27 - INFO - Connected to SQLite database: pb2b/p2p_listings.db
2025-03-19 04:00:27 - INFO - Database tables created successfully
2025-03-19 04:00:27 - INFO - Attempt 1/10: Loading https://www.bybit.com/fiat/trade/otc?actionType=1&token=USDT&fiat=NGN
2025-03-19 04:00:37 - INFO - Screenshot saved as 'pb2b/screenshots/bybit_page_20250319_040036.png'
2025-03-19 04:00:37 - INFO - Fetching BUY listings for USDT/EUR
2025-03-19 04:00:38 - INFO - Data successfully saved to SQLite database. New listings - Bybit: 4, Binance: 6
2025-03-19 04:00:38 - INFO - Browser session closed
2025-03-19 04:00:38 - INFO - SQLite database connection closed
2025-03-19 04:31:19 - INFO - Logging initialized. Log file: pb2b/logs/bybit_scraper_20250319.log
2025-03-19 04:31:20 - INFO - DataSaver logging initialized. Log file: pb2b/logs/data_saver_20250319.log
2025-03-19 04:31:20 - INFO - Connected to SQLite database: pb2b/p2p_listings.db
2025-03-19 04:31:20 - INFO - Database tables created successfully
2025-03-19 04:31:20 - INFO - Attempt 1/10: Loading https://www.bybit.com/fiat/trade/otc?actionType=1&token=USDT&fiat=NGN
2025-03-19 04:31:30 - INFO - Screenshot saved as 'pb2b/screenshots/bybit_page_20250319_043130.png'
2025-03-19 04:31:30 - INFO - Fetching BUY listings for USDT/EUR
2025-03-19 04:31:31 - INFO - Data successfully saved to SQLite database. New listings - Bybit: 4, Binance: 6
2025-03-19 04:31:31 - INFO - Browser session closed
2025-03-19 04:31:31 - INFO - SQLite database connection closed
2025-03-19 04:48:59 - INFO - Logging initialized. Log file: pb2b/logs/bybit_scraper_20250319.log
2025-03-19 04:49:00 - INFO - DataSaver logging initialized. Log file: pb2b/logs/data_saver_20250319.log
2025-03-19 04:49:00 - INFO - Connected to SQLite database: pb2b/p2p_listings.db
2025-03-19 04:49:00 - INFO - Database tables created successfully
2025-03-19 04:49:00 - INFO - Attempt 1/10: Loading https://www.bybit.com/fiat/trade/otc?actionType=1&token=USDT&fiat=NGN
2025-03-19 04:49:09 - INFO - Screenshot saved as 'pb2b/screenshots/bybit_page_20250319_044909.png'
2025-03-19 04:49:09 - INFO - Fetching BUY listings for USDT/EUR
2025-03-19 04:49:10 - INFO - Data successfully saved to SQLite database. New listings - Bybit: 4, Binance: 6
2025-03-19 04:49:10 - INFO - Browser session closed
2025-03-19 04:49:10 - INFO - SQLite database connection closed
2025-03-19 05:10:24 - INFO - Logging initialized. Log file: pb2b/logs/bybit_scraper_20250319.log
2025-03-19 05:10:25 - INFO - DataSaver logging initialized. Log file: pb2b/logs/data_saver_20250319.log
2025-03-19 05:10:25 - INFO - Connected to SQLite database: pb2b/p2p_listings.db
2025-03-19 05:10:25 - INFO - Database tables created successfully
2025-03-19 05:10:25 - INFO - Attempt 1/10: Loading https://www.bybit.com/fiat/trade/otc?actionType=1&token=USDT&fiat=NGN
2025-03-19 05:10:34 - INFO - Screenshot saved as 'pb2b/screenshots/bybit_page_20250319_051034.png'
2025-03-19 05:10:35 - INFO - Fetching BUY listings for USDT/EUR
2025-03-19 05:10:35 - INFO - Data successfully saved to SQLite database. New listings - Bybit: 4, Binance: 6
2025-03-19 05:10:35 - INFO - Browser session closed
2025-03-19 05:10:35 - INFO - SQLite database connection closed
2025-03-19 05:33:24 - INFO - Logging initialized. Log file: pb2b/logs/bybit_scraper_20250319.log
2025-03-19 05:33:25 - INFO - DataSaver logging initialized. Log file: pb2b/logs/data_saver_20250319.log
2025-03-19 05:33:25 - INFO - Connected to SQLite database: pb2b/p2p_listings.db
2025-03-19 05:33:25 - INFO - Database tables created successfully
2025-03-19 05:33:25 - INFO - Attempt 1/10: Loading https://www.bybit.com/fiat/trade/otc?actionType=1&token=USDT&fiat=NGN
2025-03-19 05:33:34 - INFO - Screenshot saved as 'pb2b/screenshots/bybit_page_20250319_053334.png'
2025-03-19 05:33:35 - INFO - Fetching BUY listings for USDT/EUR
2025-03-19 05:33:35 - INFO - Data successfully saved to SQLite database. New listings - Bybit: 4, Binance: 6
2025-03-19 05:33:36 - INFO - Browser session closed
2025-03-19 05:33:36 - INFO - SQLite database connection closed
2025-03-19 05:46:26 - INFO - Logging initialized. Log file: pb2b/logs/bybit_scraper_20250319.log
2025-03-19 05:46:26 - INFO - DataSaver logging initialized. Log file: pb2b/logs/data_saver_20250319.log
2025-03-19 05:46:26 - INFO - Connected to SQLite database: pb2b/p2p_listings.db
2025-03-19 05:46:26 - INFO - Database tables created successfully
2025-03-19 05:46:26 - INFO - Attempt 1/10: Loading https://www.bybit.com/fiat/trade/otc?actionType=1&token=USDT&fiat=NGN
2025-03-19 05:46:35 - INFO - Screenshot saved as 'pb2b/screenshots/bybit_page_20250319_054635.png'
2025-03-19 05:46:36 - INFO - Fetching BUY listings for USDT/EUR
2025-03-19 05:46:36 - INFO - Data successfully saved to SQLite database. New listings - Bybit: 4, Binance: 6
2025-03-19 05:46:37 - INFO - Browser session closed
2025-03-19 05:46:37 - INFO - SQLite database connection closed
2025-03-19 05:59:28 - INFO - Logging initialized. Log file: pb2b/logs/bybit_scraper_20250319.log
2025-03-19 05:59:29 - INFO - DataSaver logging initialized. Log file: pb2b/logs/data_saver_20250319.log
2025-03-19 05:59:29 - INFO - Connected to SQLite database: pb2b/p2p_listings.db
2025-03-19 05:59:29 - INFO - Database tables created successfully
2025-03-19 05:59:29 - INFO - Attempt 1/10: Loading https://www.bybit.com/fiat/trade/otc?actionType=1&token=USDT&fiat=NGN
2025-03-19 05:59:41 - INFO - Screenshot saved as 'pb2b/screenshots/bybit_page_20250319_055940.png'
2025-03-19 05:59:41 - INFO - Fetching BUY listings for USDT/EUR
2025-03-19 05:59:42 - INFO - Data successfully saved to SQLite database. New listings - Bybit: 4, Binance: 6
2025-03-19 05:59:42 - INFO - Browser session closed
2025-03-19 05:59:42 - INFO - SQLite database connection closed
2025-03-19 06:37:30 - INFO - Logging initialized. Log file: pb2b/logs/bybit_scraper_20250319.log
2025-03-19 06:37:31 - INFO - DataSaver logging initialized. Log file: pb2b/logs/data_saver_20250319.log
2025-03-19 06:37:31 - INFO - Connected to SQLite database: pb2b/p2p_listings.db
2025-03-19 06:37:31 - INFO - Database tables created successfully
2025-03-19 06:37:31 - INFO - Attempt 1/10: Loading https://www.bybit.com/fiat/trade/otc?actionType=1&token=USDT&fiat=NGN
2025-03-19 06:37:40 - INFO - Screenshot saved as 'pb2b/screenshots/bybit_page_20250319_063740.png'
2025-03-19 06:37:41 - INFO - Fetching BUY listings for USDT/EUR
2025-03-19 06:37:42 - INFO - Data successfully saved to SQLite database. New listings - Bybit: 4, Binance: 6
2025-03-19 06:37:42 - INFO - Browser session closed
2025-03-19 06:37:42 - INFO - SQLite database connection closed
2025-03-19 06:54:01 - INFO - Logging initialized. Log file: pb2b/logs/bybit_scraper_20250319.log
2025-03-19 06:54:03 - INFO - DataSaver logging initialized. Log file: pb2b/logs/data_saver_20250319.log
2025-03-19 06:54:03 - INFO - Connected to SQLite database: pb2b/p2p_listings.db
2025-03-19 06:54:03 - INFO - Database tables created successfully
2025-03-19 06:54:03 - INFO - Attempt 1/10: Loading https://www.bybit.com/fiat/trade/otc?actionType=1&token=USDT&fiat=NGN
2025-03-19 06:54:14 - INFO - Screenshot saved as 'pb2b/screenshots/bybit_page_20250319_065414.png'
2025-03-19 06:54:15 - INFO - Fetching BUY listings for USDT/EUR
2025-03-19 06:54:15 - INFO - Data successfully saved to SQLite database. New listings - Bybit: 4, Binance: 6
2025-03-19 06:54:15 - INFO - Browser session closed
2025-03-19 06:54:15 - INFO - SQLite database connection closed
2025-03-19 07:21:09 - INFO - Logging initialized. Log file: pb2b/logs/bybit_scraper_20250319.log
2025-03-19 07:21:11 - INFO - DataSaver logging initialized. Log file: pb2b/logs/data_saver_20250319.log
2025-03-19 07:21:11 - INFO - Connected to SQLite database: pb2b/p2p_listings.db
2025-03-19 07:21:11 - INFO - Database tables created successfully
2025-03-19 07:21:11 - INFO - Attempt 1/10: Loading https://www.bybit.com/fiat/trade/otc?actionType=1&token=USDT&fiat=NGN
2025-03-19 07:21:21 - INFO - Screenshot saved as 'pb2b/screenshots/bybit_page_20250319_072120.png'
2025-03-19 07:21:21 - INFO - Fetching BUY listings for USDT/EUR
2025-03-19 07:21:21 - INFO - Data successfully saved to SQLite database. New listings - Bybit: 4, Binance: 6
2025-03-19 07:21:22 - INFO - Browser session closed
2025-03-19 07:21:22 - INFO - SQLite database connection closed
2025-03-19 07:37:46 - INFO - Logging initialized. Log file: pb2b/logs/bybit_scraper_20250319.log
2025-03-19 07:37:47 - INFO - DataSaver logging initialized. Log file: pb2b/logs/data_saver_20250319.log
2025-03-19 07:37:47 - INFO - Connected to SQLite database: pb2b/p2p_listings.db
2025-03-19 07:37:47 - INFO - Database tables created successfully
2025-03-19 07:37:47 - INFO - Attempt 1/10: Loading https://www.bybit.com/fiat/trade/otc?actionType=1&token=USDT&fiat=NGN
2025-03-19 07:37:57 - INFO - Screenshot saved as 'pb2b/screenshots/bybit_page_20250319_073757.png'
2025-03-19 07:37:58 - INFO - Fetching BUY listings for USDT/EUR
2025-03-19 07:37:58 - INFO - Data successfully saved to SQLite database. New listings - Bybit: 4, Binance: 6
2025-03-19 07:37:58 - INFO - Browser session closed
2025-03-19 07:37:58 - INFO - SQLite database connection closed
2025-03-19 07:49:53 - INFO - Logging initialized. Log file: pb2b/logs/bybit_scraper_20250319.log
2025-03-19 07:49:54 - INFO - DataSaver logging initialized. Log file: pb2b/logs/data_saver_20250319.log
2025-03-19 07:49:54 - INFO - Connected to SQLite database: pb2b/p2p_listings.db
2025-03-19 07:49:54 - INFO - Database tables created successfully
2025-03-19 07:49:54 - INFO - Attempt 1/10: Loading https://www.bybit.com/fiat/trade/otc?actionType=1&token=USDT&fiat=NGN
2025-03-19 07:50:03 - INFO - Screenshot saved as 'pb2b/screenshots/bybit_page_20250319_075003.png'
2025-03-19 07:50:03 - INFO - Fetching BUY listings for USDT/EUR
2025-03-19 07:50:04 - INFO - Data successfully saved to SQLite database. New listings - Bybit: 4, Binance: 6
2025-03-19 07:50:04 - INFO - Browser session closed
2025-03-19 07:50:04 - INFO - SQLite database connection closed
2025-03-19 08:15:02 - INFO - Logging initialized. Log file: pb2b/logs/bybit_scraper_20250319.log
2025-03-19 08:15:03 - INFO - DataSaver logging initialized. Log file: pb2b/logs/data_saver_20250319.log
2025-03-19 08:15:03 - INFO - Connected to SQLite database: pb2b/p2p_listings.db
2025-03-19 08:15:03 - INFO - Database tables created successfully
2025-03-19 08:15:03 - INFO - Attempt 1/10: Loading https://www.bybit.com/fiat/trade/otc?actionType=1&token=USDT&fiat=NGN
2025-03-19 08:15:13 - INFO - Screenshot saved as 'pb2b/screenshots/bybit_page_20250319_081512.png'
2025-03-19 08:15:13 - INFO - Fetching BUY listings for USDT/EUR
2025-03-19 08:15:13 - INFO - Data successfully saved to SQLite database. New listings - Bybit: 4, Binance: 6
2025-03-19 08:15:14 - INFO - Browser session closed
2025-03-19 08:15:14 - INFO - SQLite database connection closed
2025-03-19 08:43:02 - INFO - Logging initialized. Log file: pb2b/logs/bybit_scraper_20250319.log
2025-03-19 08:43:02 - INFO - DataSaver logging initialized. Log file: pb2b/logs/data_saver_20250319.log
2025-03-19 08:43:02 - INFO - Connected to SQLite database: pb2b/p2p_listings.db
2025-03-19 08:43:02 - INFO - Database tables created successfully
2025-03-19 08:43:02 - INFO - Attempt 1/10: Loading https://www.bybit.com/fiat/trade/otc?actionType=1&token=USDT&fiat=NGN
2025-03-19 08:43:11 - INFO - Screenshot saved as 'pb2b/screenshots/bybit_page_20250319_084311.png'
2025-03-19 08:43:12 - INFO - Fetching BUY listings for USDT/EUR
2025-03-19 08:43:12 - INFO - Data successfully saved to SQLite database. New listings - Bybit: 4, Binance: 6
2025-03-19 08:43:12 - INFO - Browser session closed
2025-03-19 08:43:12 - INFO - SQLite database connection closed
2025-03-19 08:56:57 - INFO - Logging initialized. Log file: pb2b/logs/bybit_scraper_20250319.log
2025-03-19 08:56:58 - INFO - DataSaver logging initialized. Log file: pb2b/logs/data_saver_20250319.log
2025-03-19 08:56:58 - INFO - Connected to SQLite database: pb2b/p2p_listings.db
2025-03-19 08:56:58 - INFO - Database tables created successfully
2025-03-19 08:56:58 - INFO - Attempt 1/10: Loading https://www.bybit.com/fiat/trade/otc?actionType=1&token=USDT&fiat=NGN
2025-03-19 08:57:07 - INFO - Screenshot saved as 'pb2b/screenshots/bybit_page_20250319_085707.png'
2025-03-19 08:57:07 - INFO - Fetching BUY listings for USDT/EUR
2025-03-19 08:57:08 - INFO - Data successfully saved to SQLite database. New listings - Bybit: 4, Binance: 6
2025-03-19 08:57:08 - INFO - Browser session closed
2025-03-19 08:57:08 - INFO - SQLite database connection closed
2025-03-19 09:29:16 - INFO - Logging initialized. Log file: pb2b/logs/bybit_scraper_20250319.log
2025-03-19 09:29:16 - INFO - DataSaver logging initialized. Log file: pb2b/logs/data_saver_20250319.log
2025-03-19 09:29:16 - INFO - Connected to SQLite database: pb2b/p2p_listings.db
2025-03-19 09:29:16 - INFO - Database tables created successfully
2025-03-19 09:29:16 - INFO - Attempt 1/10: Loading https://www.bybit.com/fiat/trade/otc?actionType=1&token=USDT&fiat=NGN
2025-03-19 09:29:26 - INFO - Screenshot saved as 'pb2b/screenshots/bybit_page_20250319_092925.png'
2025-03-19 09:29:26 - INFO - Fetching BUY listings for USDT/EUR
2025-03-19 09:29:27 - INFO - Data successfully saved to SQLite database. New listings - Bybit: 4, Binance: 6
2025-03-19 09:29:27 - INFO - Browser session closed
2025-03-19 09:29:27 - INFO - SQLite database connection closed
2025-03-19 09:46:55 - INFO - Logging initialized. Log file: pb2b/logs/bybit_scraper_20250319.log
2025-03-19 09:46:56 - INFO - DataSaver logging initialized. Log file: pb2b/logs/data_saver_20250319.log
2025-03-19 09:46:56 - INFO - Connected to SQLite database: pb2b/p2p_listings.db
2025-03-19 09:46:56 - INFO - Database tables created successfully
2025-03-19 09:46:56 - INFO - Attempt 1/10: Loading https://www.bybit.com/fiat/trade/otc?actionType=1&token=USDT&fiat=NGN
2025-03-19 09:47:06 - INFO - Screenshot saved as 'pb2b/screenshots/bybit_page_20250319_094705.png'
2025-03-19 09:47:06 - INFO - Fetching BUY listings for USDT/EUR
2025-03-19 09:47:07 - INFO - Data successfully saved to SQLite database. New listings - Bybit: 4, Binance: 6
2025-03-19 09:47:07 - INFO - Browser session closed
2025-03-19 09:47:07 - INFO - SQLite database connection closed
2025-03-19 09:59:53 - INFO - Logging initialized. Log file: pb2b/logs/bybit_scraper_20250319.log
2025-03-19 09:59:54 - INFO - DataSaver logging initialized. Log file: pb2b/logs/data_saver_20250319.log
2025-03-19 09:59:54 - INFO - Connected to SQLite database: pb2b/p2p_listings.db
2025-03-19 09:59:54 - INFO - Database tables created successfully
2025-03-19 09:59:54 - INFO - Attempt 1/10: Loading https://www.bybit.com/fiat/trade/otc?actionType=1&token=USDT&fiat=NGN
2025-03-19 10:00:03 - INFO - Screenshot saved as 'pb2b/screenshots/bybit_page_20250319_100002.png'
2025-03-19 10:00:03 - INFO - Fetching BUY listings for USDT/EUR
2025-03-19 10:00:04 - INFO - Data successfully saved to SQLite database. New listings - Bybit: 4, Binance: 6
2025-03-19 10:00:04 - INFO - Browser session closed
2025-03-19 10:00:04 - INFO - SQLite database connection closed
2025-03-19 10:31:29 - INFO - Logging initialized. Log file: pb2b/logs/bybit_scraper_20250319.log
2025-03-19 10:31:29 - INFO - DataSaver logging initialized. Log file: pb2b/logs/data_saver_20250319.log
2025-03-19 10:31:29 - INFO - Connected to SQLite database: pb2b/p2p_listings.db
2025-03-19 10:31:29 - INFO - Database tables created successfully
2025-03-19 10:31:29 - INFO - Attempt 1/10: Loading https://www.bybit.com/fiat/trade/otc?actionType=1&token=USDT&fiat=NGN
2025-03-19 10:31:38 - INFO - Screenshot saved as 'pb2b/screenshots/bybit_page_20250319_103138.png'
2025-03-19 10:31:38 - INFO - Fetching BUY listings for USDT/EUR
2025-03-19 10:31:39 - INFO - Data successfully saved to SQLite database. New listings - Bybit: 4, Binance: 6
2025-03-19 10:31:39 - INFO - Browser session closed
2025-03-19 10:31:39 - INFO - SQLite database connection closed
2025-03-19 10:47:21 - INFO - Logging initialized. Log file: pb2b/logs/bybit_scraper_20250319.log
2025-03-19 10:47:21 - INFO - DataSaver logging initialized. Log file: pb2b/logs/data_saver_20250319.log
2025-03-19 10:47:21 - INFO - Connected to SQLite database: pb2b/p2p_listings.db
2025-03-19 10:47:21 - INFO - Database tables created successfully
2025-03-19 10:47:21 - INFO - Attempt 1/10: Loading https://www.bybit.com/fiat/trade/otc?actionType=1&token=USDT&fiat=NGN
2025-03-19 10:47:30 - INFO - Screenshot saved as 'pb2b/screenshots/bybit_page_20250319_104730.png'
2025-03-19 10:47:31 - INFO - Fetching BUY listings for USDT/EUR
2025-03-19 10:47:32 - INFO - Data successfully saved to SQLite database. New listings - Bybit: 4, Binance: 6
2025-03-19 10:47:32 - INFO - Browser session closed
2025-03-19 10:47:32 - INFO - SQLite database connection closed
2025-03-19 11:01:00 - INFO - Logging initialized. Log file: pb2b/logs/bybit_scraper_20250319.log
2025-03-19 11:01:01 - INFO - DataSaver logging initialized. Log file: pb2b/logs/data_saver_20250319.log
2025-03-19 11:01:01 - INFO - Connected to SQLite database: pb2b/p2p_listings.db
2025-03-19 11:01:01 - INFO - Database tables created successfully
2025-03-19 11:01:01 - INFO - Attempt 1/10: Loading https://www.bybit.com/fiat/trade/otc?actionType=1&token=USDT&fiat=NGN
2025-03-19 11:01:11 - INFO - Screenshot saved as 'pb2b/screenshots/bybit_page_20250319_110111.png'
2025-03-19 11:01:12 - INFO - Fetching BUY listings for USDT/EUR
2025-03-19 11:01:12 - INFO - Data successfully saved to SQLite database. New listings - Bybit: 4, Binance: 6
2025-03-19 11:01:12 - INFO - Browser session closed
2025-03-19 11:01:12 - INFO - SQLite database connection closed
2025-03-19 11:23:31 - INFO - Logging initialized. Log file: pb2b/logs/bybit_scraper_20250319.log
2025-03-19 11:23:33 - INFO - DataSaver logging initialized. Log file: pb2b/logs/data_saver_20250319.log
2025-03-19 11:23:33 - INFO - Connected to SQLite database: pb2b/p2p_listings.db
2025-03-19 11:23:33 - INFO - Database tables created successfully
2025-03-19 11:23:33 - INFO - Attempt 1/10: Loading https://www.bybit.com/fiat/trade/otc?actionType=1&token=USDT&fiat=NGN
2025-03-19 11:23:43 - INFO - Screenshot saved as 'pb2b/screenshots/bybit_page_20250319_112343.png'
2025-03-19 11:23:43 - INFO - Fetching BUY listings for USDT/EUR
2025-03-19 11:23:44 - INFO - Data successfully saved to SQLite database. New listings - Bybit: 4, Binance: 6
2025-03-19 11:23:44 - INFO - Browser session closed
2025-03-19 11:23:44 - INFO - SQLite database connection closed
2025-03-19 11:37:51 - INFO - Logging initialized. Log file: pb2b/logs/bybit_scraper_20250319.log
2025-03-19 11:37:52 - INFO - DataSaver logging initialized. Log file: pb2b/logs/data_saver_20250319.log
2025-03-19 11:37:52 - INFO - Connected to SQLite database: pb2b/p2p_listings.db
2025-03-19 11:37:52 - INFO - Database tables created successfully
2025-03-19 11:37:52 - INFO - Attempt 1/10: Loading https://www.bybit.com/fiat/trade/otc?actionType=1&token=USDT&fiat=NGN
2025-03-19 11:38:02 - INFO - Screenshot saved as 'pb2b/screenshots/bybit_page_20250319_113802.png'
2025-03-19 11:38:02 - INFO - Fetching BUY listings for USDT/EUR
2025-03-19 11:38:03 - INFO - Data successfully saved to SQLite database. New listings - Bybit: 4, Binance: 6
2025-03-19 11:38:03 - INFO - Browser session closed
2025-03-19 11:38:03 - INFO - SQLite database connection closed
2025-03-19 11:51:07 - INFO - Logging initialized. Log file: pb2b/logs/bybit_scraper_20250319.log
2025-03-19 11:51:08 - INFO - DataSaver logging initialized. Log file: pb2b/logs/data_saver_20250319.log
2025-03-19 11:51:08 - INFO - Connected to SQLite database: pb2b/p2p_listings.db
2025-03-19 11:51:08 - INFO - Database tables created successfully
2025-03-19 11:51:08 - INFO - Attempt 1/10: Loading https://www.bybit.com/fiat/trade/otc?actionType=1&token=USDT&fiat=NGN
2025-03-19 11:51:17 - INFO - Screenshot saved as 'pb2b/screenshots/bybit_page_20250319_115117.png'
2025-03-19 11:51:18 - INFO - Fetching BUY listings for USDT/EUR
2025-03-19 11:51:18 - INFO - Data successfully saved to SQLite database. New listings - Bybit: 4, Binance: 6
2025-03-19 11:51:18 - INFO - Browser session closed
2025-03-19 11:51:18 - INFO - SQLite database connection closed
2025-03-19 12:26:42 - INFO - Logging initialized. Log file: pb2b/logs/bybit_scraper_20250319.log
2025-03-19 12:26:43 - INFO - DataSaver logging initialized. Log file: pb2b/logs/data_saver_20250319.log
2025-03-19 12:26:43 - INFO - Connected to SQLite database: pb2b/p2p_listings.db
2025-03-19 12:26:43 - INFO - Database tables created successfully
2025-03-19 12:26:43 - INFO - Attempt 1/10: Loading https://www.bybit.com/fiat/trade/otc?actionType=1&token=USDT&fiat=NGN
2025-03-19 12:26:53 - INFO - Screenshot saved as 'pb2b/screenshots/bybit_page_20250319_122653.png'
2025-03-19 12:26:53 - INFO - Fetching BUY listings for USDT/EUR
2025-03-19 12:26:54 - INFO - Data successfully saved to SQLite database. New listings - Bybit: 4, Binance: 6
2025-03-19 12:26:54 - INFO - Browser session closed
2025-03-19 12:26:54 - INFO - SQLite database connection closed
2025-03-19 13:03:53 - INFO - Logging initialized. Log file: pb2b/logs/bybit_scraper_20250319.log
2025-03-19 13:04:23 - INFO - DataSaver logging initialized. Log file: pb2b/logs/data_saver_20250319.log
2025-03-19 13:04:23 - INFO - Connected to SQLite database: pb2b/p2p_listings.db
2025-03-19 13:04:23 - INFO - Database tables created successfully
2025-03-19 13:04:23 - INFO - Attempt 1/10: Loading https://www.bybit.com/fiat/trade/otc?actionType=1&token=USDT&fiat=NGN
2025-03-19 13:04:39 - INFO - Screenshot saved as 'pb2b/screenshots/bybit_page_20250319_130438.png'
2025-03-19 13:04:39 - INFO - Fetching BUY listings for USDT/EUR
2025-03-19 13:04:40 - INFO - Data successfully saved to SQLite database. New listings - Bybit: 4, Binance: 6
2025-03-19 13:04:40 - INFO - Browser session closed
2025-03-19 13:04:40 - INFO - SQLite database connection closed
2025-03-19 13:36:01 - INFO - Logging initialized. Log file: pb2b/logs/bybit_scraper_20250319.log
2025-03-19 13:36:07 - INFO - DataSaver logging initialized. Log file: pb2b/logs/data_saver_20250319.log
2025-03-19 13:36:07 - INFO - Connected to SQLite database: pb2b/p2p_listings.db
2025-03-19 13:36:07 - INFO - Database tables created successfully
2025-03-19 13:36:07 - INFO - Attempt 1/10: Loading https://www.bybit.com/fiat/trade/otc?actionType=1&token=USDT&fiat=NGN
2025-03-19 13:36:23 - INFO - Screenshot saved as 'pb2b/screenshots/bybit_page_20250319_133623.png'
2025-03-19 13:36:23 - INFO - Fetching BUY listings for USDT/EUR
2025-03-19 13:36:24 - INFO - Data successfully saved to SQLite database. New listings - Bybit: 4, Binance: 6
2025-03-19 13:36:24 - INFO - Browser session closed
2025-03-19 13:36:24 - INFO - SQLite database connection closed
