2026-04-06 00:09:58 - INFO - Logging initialized. Log file: pb2b/logs/bybit_scraper_20260406.log
2026-04-06 00:09:59 - INFO - DataSaver logging initialized. Log file: pb2b/logs/data_saver_20260406.log
2026-04-06 00:09:59 - INFO - Connected to SQLite database: pb2b/p2p_listings.db
2026-04-06 00:09:59 - INFO - Database tables created successfully
2026-04-06 00:09:59 - INFO - Attempt 1/10: Loading https://www.bybit.com/fiat/trade/otc?actionType=1&token=USDT&fiat=NGN
2026-04-06 00:10:06 - INFO - Screenshot saved as 'pb2b/screenshots/bybit_page_20260406_001006.png'
2026-04-06 00:10:07 - WARNING - Error parsing row: Message: no such element: Unable to locate element: {"method":"css selector","selector":"td:nth-child(2)"}
  (Session info: chrome=146.0.7680.177); For documentation on this error, please visit: https://www.selenium.dev/documentation/webdriver/troubleshooting/errors#nosuchelementexception
Stacktrace:
#0 0x56498888fa6a <unknown>
#1 0x56498829eab5 <unknown>
#2 0x5649882f1676 <unknown>
#3 0x5649882f18b1 <unknown>
#4 0x5649882e6616 <unknown>
#5 0x5649882e64f7 <unknown>
#6 0x5649883397b6 <unknown>
#7 0x5649882e4cbf <unknown>
#8 0x5649882e5a81 <unknown>
#9 0x564988855a64 <unknown>
#10 0x564988858951 <unknown>
#11 0x56498884221e <unknown>
#12 0x56498885951e <unknown>
#13 0x564988828be0 <unknown>
#14 0x56498887c9b8 <unknown>
#15 0x56498887cb88 <unknown>
#16 0x56498888e4de <unknown>
#17 0x7f545ec9caa4 <unknown>
#18 0x7f545ed29c6c <unknown>

2026-04-06 00:10:07 - WARNING - Error parsing row: Message: no such element: Unable to locate element: {"method":"css selector","selector":"td:nth-child(2)"}
  (Session info: chrome=146.0.7680.177); For documentation on this error, please visit: https://www.selenium.dev/documentation/webdriver/troubleshooting/errors#nosuchelementexception
Stacktrace:
#0 0x56498888fa6a <unknown>
#1 0x56498829eab5 <unknown>
#2 0x5649882f1676 <unknown>
#3 0x5649882f18b1 <unknown>
#4 0x5649882e6616 <unknown>
#5 0x5649882e64f7 <unknown>
#6 0x5649883397b6 <unknown>
#7 0x5649882e4cbf <unknown>
#8 0x5649882e5a81 <unknown>
#9 0x564988855a64 <unknown>
#10 0x564988858951 <unknown>
#11 0x56498884221e <unknown>
#12 0x56498885951e <unknown>
#13 0x564988828be0 <unknown>
#14 0x56498887c9b8 <unknown>
#15 0x56498887cb88 <unknown>
#16 0x56498888e4de <unknown>
#17 0x7f545ec9caa4 <unknown>
#18 0x7f545ed29c6c <unknown>

2026-04-06 00:10:07 - INFO - Fetching BUY listings for USDT/EUR
2026-04-06 00:10:08 - INFO - Data successfully saved to SQLite database. New listings - Bybit: 4, Binance: 6
2026-04-06 00:10:08 - INFO - Browser session closed
2026-04-06 00:10:08 - INFO - SQLite database connection closed
