2025-07-09 00:02:23 - INFO - Logging initialized. Log file: pb2b/logs/bybit_scraper_20250709.log
2025-07-09 00:02:25 - INFO - DataSaver logging initialized. Log file: pb2b/logs/data_saver_20250709.log
2025-07-09 00:02:25 - INFO - Connected to SQLite database: pb2b/p2p_listings.db
2025-07-09 00:02:25 - INFO - Database tables created successfully
2025-07-09 00:02:25 - INFO - Attempt 1/10: Loading https://www.bybit.com/fiat/trade/otc?actionType=1&token=USDT&fiat=NGN
2025-07-09 00:02:33 - INFO - Screenshot saved as 'pb2b/screenshots/bybit_page_20250709_000232.png'
2025-07-09 00:02:33 - INFO - Fetching BUY listings for USDT/EUR
2025-07-09 00:02:34 - INFO - Data successfully saved to SQLite database. New listings - Bybit: 4, Binance: 6
2025-07-09 00:02:34 - INFO - Browser session closed
2025-07-09 00:02:34 - INFO - SQLite database connection closed
2025-07-09 02:24:02 - INFO - Logging initialized. Log file: pb2b/logs/bybit_scraper_20250709.log
2025-07-09 02:24:03 - INFO - DataSaver logging initialized. Log file: pb2b/logs/data_saver_20250709.log
2025-07-09 02:24:03 - INFO - Connected to SQLite database: pb2b/p2p_listings.db
2025-07-09 02:24:03 - INFO - Database tables created successfully
2025-07-09 02:24:03 - INFO - Attempt 1/10: Loading https://www.bybit.com/fiat/trade/otc?actionType=1&token=USDT&fiat=NGN
2025-07-09 02:24:15 - INFO - Screenshot saved as 'pb2b/screenshots/bybit_page_20250709_022415.png'
2025-07-09 02:24:15 - INFO - Fetching BUY listings for USDT/EUR
2025-07-09 02:24:17 - INFO - Data successfully saved to SQLite database. New listings - Bybit: 4, Binance: 6
2025-07-09 02:24:17 - INFO - Browser session closed
2025-07-09 02:24:17 - INFO - SQLite database connection closed
2025-07-09 03:42:48 - INFO - Logging initialized. Log file: pb2b/logs/bybit_scraper_20250709.log
2025-07-09 03:42:49 - INFO - DataSaver logging initialized. Log file: pb2b/logs/data_saver_20250709.log
2025-07-09 03:42:49 - INFO - Connected to SQLite database: pb2b/p2p_listings.db
2025-07-09 03:42:49 - INFO - Database tables created successfully
2025-07-09 03:42:49 - INFO - Attempt 1/10: Loading https://www.bybit.com/fiat/trade/otc?actionType=1&token=USDT&fiat=NGN
2025-07-09 03:42:59 - INFO - Screenshot saved as 'pb2b/screenshots/bybit_page_20250709_034259.png'
2025-07-09 03:42:59 - INFO - Fetching BUY listings for USDT/EUR
2025-07-09 03:43:00 - INFO - Data successfully saved to SQLite database. New listings - Bybit: 4, Binance: 6
2025-07-09 03:43:00 - INFO - Browser session closed
2025-07-09 03:43:00 - INFO - SQLite database connection closed
2025-07-09 04:23:39 - INFO - Logging initialized. Log file: pb2b/logs/bybit_scraper_20250709.log
2025-07-09 04:23:41 - INFO - DataSaver logging initialized. Log file: pb2b/logs/data_saver_20250709.log
2025-07-09 04:23:41 - INFO - Connected to SQLite database: pb2b/p2p_listings.db
2025-07-09 04:23:41 - INFO - Database tables created successfully
2025-07-09 04:23:41 - INFO - Attempt 1/10: Loading https://www.bybit.com/fiat/trade/otc?actionType=1&token=USDT&fiat=NGN
2025-07-09 04:23:49 - INFO - Screenshot saved as 'pb2b/screenshots/bybit_page_20250709_042348.png'
2025-07-09 04:23:49 - INFO - Fetching BUY listings for USDT/EUR
2025-07-09 04:23:50 - INFO - Data successfully saved to SQLite database. New listings - Bybit: 4, Binance: 6
2025-07-09 04:23:50 - INFO - Browser session closed
2025-07-09 04:23:50 - INFO - SQLite database connection closed
2025-07-09 04:57:28 - INFO - Logging initialized. Log file: pb2b/logs/bybit_scraper_20250709.log
2025-07-09 04:57:29 - INFO - DataSaver logging initialized. Log file: pb2b/logs/data_saver_20250709.log
2025-07-09 04:57:29 - INFO - Connected to SQLite database: pb2b/p2p_listings.db
2025-07-09 04:57:29 - INFO - Database tables created successfully
2025-07-09 04:57:29 - INFO - Attempt 1/10: Loading https://www.bybit.com/fiat/trade/otc?actionType=1&token=USDT&fiat=NGN
2025-07-09 04:57:41 - INFO - Screenshot saved as 'pb2b/screenshots/bybit_page_20250709_045741.png'
2025-07-09 04:57:41 - INFO - Fetching BUY listings for USDT/EUR
2025-07-09 04:57:42 - INFO - Data successfully saved to SQLite database. New listings - Bybit: 4, Binance: 6
2025-07-09 04:57:42 - INFO - Browser session closed
2025-07-09 04:57:42 - INFO - SQLite database connection closed
2025-07-09 05:34:13 - INFO - Logging initialized. Log file: pb2b/logs/bybit_scraper_20250709.log
2025-07-09 05:34:14 - INFO - DataSaver logging initialized. Log file: pb2b/logs/data_saver_20250709.log
2025-07-09 05:34:14 - INFO - Connected to SQLite database: pb2b/p2p_listings.db
2025-07-09 05:34:14 - INFO - Database tables created successfully
2025-07-09 05:34:14 - INFO - Attempt 1/10: Loading https://www.bybit.com/fiat/trade/otc?actionType=1&token=USDT&fiat=NGN
2025-07-09 05:34:22 - INFO - Screenshot saved as 'pb2b/screenshots/bybit_page_20250709_053422.png'
2025-07-09 05:34:23 - INFO - Fetching BUY listings for USDT/EUR
2025-07-09 05:34:23 - INFO - Data successfully saved to SQLite database. New listings - Bybit: 4, Binance: 6
2025-07-09 05:34:24 - INFO - Browser session closed
2025-07-09 05:34:24 - INFO - SQLite database connection closed
2025-07-09 05:54:18 - INFO - Logging initialized. Log file: pb2b/logs/bybit_scraper_20250709.log
2025-07-09 05:54:19 - INFO - DataSaver logging initialized. Log file: pb2b/logs/data_saver_20250709.log
2025-07-09 05:54:19 - INFO - Connected to SQLite database: pb2b/p2p_listings.db
2025-07-09 05:54:19 - INFO - Database tables created successfully
2025-07-09 05:54:19 - INFO - Attempt 1/10: Loading https://www.bybit.com/fiat/trade/otc?actionType=1&token=USDT&fiat=NGN
2025-07-09 05:54:30 - INFO - Screenshot saved as 'pb2b/screenshots/bybit_page_20250709_055430.png'
2025-07-09 05:54:31 - INFO - Fetching BUY listings for USDT/EUR
2025-07-09 05:54:31 - INFO - Data successfully saved to SQLite database. New listings - Bybit: 4, Binance: 6
2025-07-09 05:54:31 - INFO - Browser session closed
2025-07-09 05:54:31 - INFO - SQLite database connection closed
2025-07-09 06:31:37 - INFO - Logging initialized. Log file: pb2b/logs/bybit_scraper_20250709.log
2025-07-09 06:31:39 - INFO - DataSaver logging initialized. Log file: pb2b/logs/data_saver_20250709.log
2025-07-09 06:31:39 - INFO - Connected to SQLite database: pb2b/p2p_listings.db
2025-07-09 06:31:39 - INFO - Database tables created successfully
2025-07-09 06:31:39 - INFO - Attempt 1/10: Loading https://www.bybit.com/fiat/trade/otc?actionType=1&token=USDT&fiat=NGN
2025-07-09 06:31:49 - INFO - Screenshot saved as 'pb2b/screenshots/bybit_page_20250709_063149.png'
2025-07-09 06:31:49 - INFO - Fetching BUY listings for USDT/EUR
2025-07-09 06:31:50 - INFO - Data successfully saved to SQLite database. New listings - Bybit: 4, Binance: 6
2025-07-09 06:31:50 - INFO - Browser session closed
2025-07-09 06:31:50 - INFO - SQLite database connection closed
2025-07-09 06:58:29 - INFO - Logging initialized. Log file: pb2b/logs/bybit_scraper_20250709.log
2025-07-09 06:58:31 - INFO - DataSaver logging initialized. Log file: pb2b/logs/data_saver_20250709.log
2025-07-09 06:58:31 - INFO - Connected to SQLite database: pb2b/p2p_listings.db
2025-07-09 06:58:31 - INFO - Database tables created successfully
2025-07-09 06:58:31 - INFO - Attempt 1/10: Loading https://www.bybit.com/fiat/trade/otc?actionType=1&token=USDT&fiat=NGN
2025-07-09 06:58:39 - INFO - Screenshot saved as 'pb2b/screenshots/bybit_page_20250709_065839.png'
2025-07-09 06:58:40 - INFO - Fetching BUY listings for USDT/EUR
2025-07-09 06:58:40 - INFO - Data successfully saved to SQLite database. New listings - Bybit: 4, Binance: 6
2025-07-09 06:58:40 - INFO - Browser session closed
2025-07-09 06:58:40 - INFO - SQLite database connection closed
