2024-12-16 01:08:22 - INFO - Logging initialized. Log file: pb2b/logs/bybit_scraper_20241216.log
2024-12-16 01:08:25 - INFO - DataSaver logging initialized. Log file: pb2b/logs/data_saver_20241216.log
2024-12-16 01:08:25 - INFO - Connected to SQLite database: pb2b/p2p_listings.db
2024-12-16 01:08:25 - INFO - Database tables created successfully
2024-12-16 01:08:25 - INFO - Attempt 1/10: Loading https://www.bybit.com/fiat/trade/otc?actionType=1&token=USDT&fiat=NGN
2024-12-16 01:08:35 - INFO - Screenshot saved as 'pb2b/screenshots/bybit_page_20241216_010835.png'
2024-12-16 01:08:36 - INFO - Fetching BUY listings for USDT/EUR
2024-12-16 01:08:36 - INFO - Data successfully saved to SQLite database. New listings - Bybit: 5, Binance: 6
2024-12-16 01:08:36 - INFO - Browser session closed
2024-12-16 01:08:36 - INFO - SQLite database connection closed
2024-12-16 02:46:11 - INFO - Logging initialized. Log file: pb2b/logs/bybit_scraper_20241216.log
2024-12-16 02:46:13 - INFO - DataSaver logging initialized. Log file: pb2b/logs/data_saver_20241216.log
2024-12-16 02:46:13 - INFO - Connected to SQLite database: pb2b/p2p_listings.db
2024-12-16 02:46:13 - INFO - Database tables created successfully
2024-12-16 02:46:13 - INFO - Attempt 1/10: Loading https://www.bybit.com/fiat/trade/otc?actionType=1&token=USDT&fiat=NGN
2024-12-16 02:46:24 - INFO - Screenshot saved as 'pb2b/screenshots/bybit_page_20241216_024624.png'
2024-12-16 02:46:24 - INFO - Fetching BUY listings for USDT/EUR
2024-12-16 02:46:25 - INFO - Data successfully saved to SQLite database. New listings - Bybit: 5, Binance: 6
2024-12-16 02:46:25 - INFO - Browser session closed
2024-12-16 02:46:25 - INFO - SQLite database connection closed
2024-12-16 03:30:25 - INFO - Logging initialized. Log file: pb2b/logs/bybit_scraper_20241216.log
2024-12-16 03:30:26 - INFO - DataSaver logging initialized. Log file: pb2b/logs/data_saver_20241216.log
2024-12-16 03:30:26 - INFO - Connected to SQLite database: pb2b/p2p_listings.db
2024-12-16 03:30:26 - INFO - Database tables created successfully
2024-12-16 03:30:26 - INFO - Attempt 1/10: Loading https://www.bybit.com/fiat/trade/otc?actionType=1&token=USDT&fiat=NGN
2024-12-16 03:30:37 - INFO - Screenshot saved as 'pb2b/screenshots/bybit_page_20241216_033037.png'
2024-12-16 03:30:38 - INFO - Fetching BUY listings for USDT/EUR
2024-12-16 03:30:38 - INFO - Data successfully saved to SQLite database. New listings - Bybit: 5, Binance: 6
2024-12-16 03:30:38 - INFO - Browser session closed
2024-12-16 03:30:38 - INFO - SQLite database connection closed
