2025-08-26 01:45:30 - INFO - Logging initialized. Log file: pb2b/logs/bybit_scraper_20250826.log
2025-08-26 01:45:30 - INFO - DataSaver logging initialized. Log file: pb2b/logs/data_saver_20250826.log
2025-08-26 01:45:30 - INFO - Connected to SQLite database: pb2b/p2p_listings.db
2025-08-26 01:45:30 - INFO - Database tables created successfully
2025-08-26 01:45:30 - INFO - Attempt 1/10: Loading https://www.bybit.com/fiat/trade/otc?actionType=1&token=USDT&fiat=NGN
2025-08-26 01:45:42 - INFO - Screenshot saved as 'pb2b/screenshots/bybit_page_20250826_014542.png'
2025-08-26 01:45:42 - INFO - Fetching BUY listings for USDT/EUR
2025-08-26 01:45:43 - INFO - Data successfully saved to SQLite database. New listings - Bybit: 4, Binance: 6
2025-08-26 01:45:43 - INFO - Browser session closed
2025-08-26 01:45:43 - INFO - SQLite database connection closed
2025-08-26 03:05:47 - INFO - Logging initialized. Log file: pb2b/logs/bybit_scraper_20250826.log
2025-08-26 03:05:48 - INFO - DataSaver logging initialized. Log file: pb2b/logs/data_saver_20250826.log
2025-08-26 03:05:48 - INFO - Connected to SQLite database: pb2b/p2p_listings.db
2025-08-26 03:05:48 - INFO - Database tables created successfully
2025-08-26 03:05:48 - INFO - Attempt 1/10: Loading https://www.bybit.com/fiat/trade/otc?actionType=1&token=USDT&fiat=NGN
2025-08-26 03:05:59 - INFO - Screenshot saved as 'pb2b/screenshots/bybit_page_20250826_030559.png'
2025-08-26 03:05:59 - INFO - Fetching BUY listings for USDT/EUR
2025-08-26 03:06:00 - INFO - Data successfully saved to SQLite database. New listings - Bybit: 4, Binance: 6
2025-08-26 03:06:00 - INFO - Browser session closed
2025-08-26 03:06:00 - INFO - SQLite database connection closed
2025-08-26 03:50:21 - INFO - Logging initialized. Log file: pb2b/logs/bybit_scraper_20250826.log
2025-08-26 03:50:22 - INFO - DataSaver logging initialized. Log file: pb2b/logs/data_saver_20250826.log
2025-08-26 03:50:22 - INFO - Connected to SQLite database: pb2b/p2p_listings.db
2025-08-26 03:50:22 - INFO - Database tables created successfully
2025-08-26 03:50:22 - INFO - Attempt 1/10: Loading https://www.bybit.com/fiat/trade/otc?actionType=1&token=USDT&fiat=NGN
2025-08-26 03:50:32 - INFO - Screenshot saved as 'pb2b/screenshots/bybit_page_20250826_035032.png'
2025-08-26 03:50:32 - INFO - Fetching BUY listings for USDT/EUR
2025-08-26 03:50:33 - INFO - Data successfully saved to SQLite database. New listings - Bybit: 4, Binance: 6
2025-08-26 03:50:33 - INFO - Browser session closed
2025-08-26 03:50:33 - INFO - SQLite database connection closed
2025-08-26 04:13:59 - INFO - Logging initialized. Log file: pb2b/logs/bybit_scraper_20250826.log
2025-08-26 04:14:00 - INFO - DataSaver logging initialized. Log file: pb2b/logs/data_saver_20250826.log
2025-08-26 04:14:00 - INFO - Connected to SQLite database: pb2b/p2p_listings.db
2025-08-26 04:14:00 - INFO - Database tables created successfully
2025-08-26 04:14:00 - INFO - Attempt 1/10: Loading https://www.bybit.com/fiat/trade/otc?actionType=1&token=USDT&fiat=NGN
2025-08-26 04:14:10 - INFO - Screenshot saved as 'pb2b/screenshots/bybit_page_20250826_041410.png'
2025-08-26 04:14:11 - INFO - Fetching BUY listings for USDT/EUR
2025-08-26 04:14:11 - INFO - Data successfully saved to SQLite database. New listings - Bybit: 4, Binance: 6
2025-08-26 04:14:11 - INFO - Browser session closed
2025-08-26 04:14:11 - INFO - SQLite database connection closed
2025-08-26 04:41:53 - INFO - Logging initialized. Log file: pb2b/logs/bybit_scraper_20250826.log
2025-08-26 04:41:54 - INFO - DataSaver logging initialized. Log file: pb2b/logs/data_saver_20250826.log
2025-08-26 04:41:54 - INFO - Connected to SQLite database: pb2b/p2p_listings.db
2025-08-26 04:41:54 - INFO - Database tables created successfully
2025-08-26 04:41:54 - INFO - Attempt 1/10: Loading https://www.bybit.com/fiat/trade/otc?actionType=1&token=USDT&fiat=NGN
2025-08-26 04:42:04 - INFO - Screenshot saved as 'pb2b/screenshots/bybit_page_20250826_044204.png'
2025-08-26 04:42:04 - INFO - Fetching BUY listings for USDT/EUR
2025-08-26 04:42:05 - INFO - Data successfully saved to SQLite database. New listings - Bybit: 4, Binance: 6
2025-08-26 04:42:05 - INFO - Browser session closed
2025-08-26 04:42:05 - INFO - SQLite database connection closed
2025-08-26 04:57:06 - INFO - Logging initialized. Log file: pb2b/logs/bybit_scraper_20250826.log
2025-08-26 04:57:07 - INFO - DataSaver logging initialized. Log file: pb2b/logs/data_saver_20250826.log
2025-08-26 04:57:07 - INFO - Connected to SQLite database: pb2b/p2p_listings.db
2025-08-26 04:57:07 - INFO - Database tables created successfully
2025-08-26 04:57:07 - INFO - Attempt 1/10: Loading https://www.bybit.com/fiat/trade/otc?actionType=1&token=USDT&fiat=NGN
2025-08-26 04:57:17 - INFO - Screenshot saved as 'pb2b/screenshots/bybit_page_20250826_045717.png'
2025-08-26 04:57:18 - INFO - Fetching BUY listings for USDT/EUR
2025-08-26 04:57:19 - INFO - Data successfully saved to SQLite database. New listings - Bybit: 4, Binance: 6
2025-08-26 04:57:19 - INFO - Browser session closed
2025-08-26 04:57:19 - INFO - SQLite database connection closed
2025-08-26 05:24:42 - INFO - Logging initialized. Log file: pb2b/logs/bybit_scraper_20250826.log
2025-08-26 05:24:43 - INFO - DataSaver logging initialized. Log file: pb2b/logs/data_saver_20250826.log
2025-08-26 05:24:43 - INFO - Connected to SQLite database: pb2b/p2p_listings.db
2025-08-26 05:24:43 - INFO - Database tables created successfully
2025-08-26 05:24:43 - INFO - Attempt 1/10: Loading https://www.bybit.com/fiat/trade/otc?actionType=1&token=USDT&fiat=NGN
2025-08-26 05:24:54 - INFO - Screenshot saved as 'pb2b/screenshots/bybit_page_20250826_052454.png'
2025-08-26 05:24:54 - INFO - Fetching BUY listings for USDT/EUR
2025-08-26 05:24:55 - INFO - Data successfully saved to SQLite database. New listings - Bybit: 4, Binance: 6
2025-08-26 05:24:55 - INFO - Browser session closed
2025-08-26 05:24:55 - INFO - SQLite database connection closed
2025-08-26 05:45:28 - INFO - Logging initialized. Log file: pb2b/logs/bybit_scraper_20250826.log
2025-08-26 05:45:29 - INFO - DataSaver logging initialized. Log file: pb2b/logs/data_saver_20250826.log
2025-08-26 05:45:29 - INFO - Connected to SQLite database: pb2b/p2p_listings.db
2025-08-26 05:45:29 - INFO - Database tables created successfully
2025-08-26 05:45:29 - INFO - Attempt 1/10: Loading https://www.bybit.com/fiat/trade/otc?actionType=1&token=USDT&fiat=NGN
2025-08-26 05:45:37 - INFO - Screenshot saved as 'pb2b/screenshots/bybit_page_20250826_054537.png'
2025-08-26 05:45:37 - INFO - Fetching BUY listings for USDT/EUR
2025-08-26 05:45:38 - INFO - Data successfully saved to SQLite database. New listings - Bybit: 4, Binance: 6
2025-08-26 05:45:38 - INFO - Browser session closed
2025-08-26 05:45:38 - INFO - SQLite database connection closed
2025-08-26 05:58:29 - INFO - Logging initialized. Log file: pb2b/logs/bybit_scraper_20250826.log
2025-08-26 05:58:30 - INFO - DataSaver logging initialized. Log file: pb2b/logs/data_saver_20250826.log
2025-08-26 05:58:30 - INFO - Connected to SQLite database: pb2b/p2p_listings.db
2025-08-26 05:58:30 - INFO - Database tables created successfully
2025-08-26 05:58:30 - INFO - Attempt 1/10: Loading https://www.bybit.com/fiat/trade/otc?actionType=1&token=USDT&fiat=NGN
2025-08-26 05:58:40 - INFO - Screenshot saved as 'pb2b/screenshots/bybit_page_20250826_055840.png'
2025-08-26 05:58:40 - INFO - Fetching BUY listings for USDT/EUR
2025-08-26 05:58:42 - INFO - Data successfully saved to SQLite database. New listings - Bybit: 0, Binance: 6
2025-08-26 05:58:42 - INFO - Browser session closed
2025-08-26 05:58:42 - INFO - SQLite database connection closed
2025-08-26 06:42:23 - INFO - Logging initialized. Log file: pb2b/logs/bybit_scraper_20250826.log
2025-08-26 06:42:24 - INFO - DataSaver logging initialized. Log file: pb2b/logs/data_saver_20250826.log
2025-08-26 06:42:24 - INFO - Connected to SQLite database: pb2b/p2p_listings.db
2025-08-26 06:42:24 - INFO - Database tables created successfully
2025-08-26 06:42:24 - INFO - Attempt 1/10: Loading https://www.bybit.com/fiat/trade/otc?actionType=1&token=USDT&fiat=NGN
2025-08-26 06:42:34 - INFO - Screenshot saved as 'pb2b/screenshots/bybit_page_20250826_064234.png'
2025-08-26 06:42:35 - INFO - Fetching BUY listings for USDT/EUR
2025-08-26 06:42:36 - INFO - Data successfully saved to SQLite database. New listings - Bybit: 4, Binance: 6
2025-08-26 06:42:36 - INFO - Browser session closed
2025-08-26 06:42:36 - INFO - SQLite database connection closed
2025-08-26 07:00:54 - INFO - Logging initialized. Log file: pb2b/logs/bybit_scraper_20250826.log
2025-08-26 07:00:55 - INFO - DataSaver logging initialized. Log file: pb2b/logs/data_saver_20250826.log
2025-08-26 07:00:55 - INFO - Connected to SQLite database: pb2b/p2p_listings.db
2025-08-26 07:00:55 - INFO - Database tables created successfully
2025-08-26 07:00:55 - INFO - Attempt 1/10: Loading https://www.bybit.com/fiat/trade/otc?actionType=1&token=USDT&fiat=NGN
2025-08-26 07:01:06 - INFO - Screenshot saved as 'pb2b/screenshots/bybit_page_20250826_070106.png'
2025-08-26 07:01:07 - INFO - Fetching BUY listings for USDT/EUR
2025-08-26 07:01:07 - INFO - Data successfully saved to SQLite database. New listings - Bybit: 4, Binance: 6
2025-08-26 07:01:07 - INFO - Browser session closed
2025-08-26 07:01:07 - INFO - SQLite database connection closed
