2025-02-17 00:50:54 - INFO - Logging initialized. Log file: pb2b/logs/bybit_scraper_20250217.log
2025-02-17 00:50:56 - INFO - DataSaver logging initialized. Log file: pb2b/logs/data_saver_20250217.log
2025-02-17 00:50:56 - INFO - Connected to SQLite database: pb2b/p2p_listings.db
2025-02-17 00:50:56 - INFO - Database tables created successfully
2025-02-17 00:50:56 - INFO - Attempt 1/10: Loading https://www.bybit.com/fiat/trade/otc?actionType=1&token=USDT&fiat=NGN
2025-02-17 00:51:08 - INFO - Screenshot saved as 'pb2b/screenshots/bybit_page_20250217_005108.png'
2025-02-17 00:51:09 - INFO - Fetching BUY listings for USDT/EUR
2025-02-17 00:51:10 - INFO - Data successfully saved to SQLite database. New listings - Bybit: 4, Binance: 6
2025-02-17 00:51:10 - INFO - Browser session closed
2025-02-17 00:51:10 - INFO - SQLite database connection closed
2025-02-17 02:13:21 - INFO - Logging initialized. Log file: pb2b/logs/bybit_scraper_20250217.log
2025-02-17 02:13:22 - INFO - DataSaver logging initialized. Log file: pb2b/logs/data_saver_20250217.log
2025-02-17 02:13:22 - INFO - Connected to SQLite database: pb2b/p2p_listings.db
2025-02-17 02:13:22 - INFO - Database tables created successfully
2025-02-17 02:13:22 - INFO - Attempt 1/10: Loading https://www.bybit.com/fiat/trade/otc?actionType=1&token=USDT&fiat=NGN
2025-02-17 02:13:32 - INFO - Screenshot saved as 'pb2b/screenshots/bybit_page_20250217_021331.png'
2025-02-17 02:13:32 - INFO - Fetching BUY listings for USDT/EUR
2025-02-17 02:13:33 - INFO - Data successfully saved to SQLite database. New listings - Bybit: 4, Binance: 6
2025-02-17 02:13:33 - INFO - Browser session closed
2025-02-17 02:13:33 - INFO - SQLite database connection closed
2025-02-17 03:01:48 - INFO - Logging initialized. Log file: pb2b/logs/bybit_scraper_20250217.log
2025-02-17 03:01:49 - INFO - DataSaver logging initialized. Log file: pb2b/logs/data_saver_20250217.log
2025-02-17 03:01:49 - INFO - Connected to SQLite database: pb2b/p2p_listings.db
2025-02-17 03:01:49 - INFO - Database tables created successfully
2025-02-17 03:01:49 - INFO - Attempt 1/10: Loading https://www.bybit.com/fiat/trade/otc?actionType=1&token=USDT&fiat=NGN
2025-02-17 03:01:59 - INFO - Screenshot saved as 'pb2b/screenshots/bybit_page_20250217_030159.png'
2025-02-17 03:02:00 - INFO - Fetching BUY listings for USDT/EUR
2025-02-17 03:02:01 - INFO - Data successfully saved to SQLite database. New listings - Bybit: 4, Binance: 6
2025-02-17 03:02:01 - INFO - Browser session closed
2025-02-17 03:02:01 - INFO - SQLite database connection closed
2025-02-17 03:33:14 - INFO - Logging initialized. Log file: pb2b/logs/bybit_scraper_20250217.log
2025-02-17 03:33:15 - INFO - DataSaver logging initialized. Log file: pb2b/logs/data_saver_20250217.log
2025-02-17 03:33:15 - INFO - Connected to SQLite database: pb2b/p2p_listings.db
2025-02-17 03:33:15 - INFO - Database tables created successfully
2025-02-17 03:33:15 - INFO - Attempt 1/10: Loading https://www.bybit.com/fiat/trade/otc?actionType=1&token=USDT&fiat=NGN
2025-02-17 03:33:27 - INFO - Screenshot saved as 'pb2b/screenshots/bybit_page_20250217_033327.png'
2025-02-17 03:33:27 - INFO - Fetching BUY listings for USDT/EUR
2025-02-17 03:33:28 - INFO - Data successfully saved to SQLite database. New listings - Bybit: 4, Binance: 6
2025-02-17 03:33:28 - INFO - Browser session closed
2025-02-17 03:33:28 - INFO - SQLite database connection closed
2025-02-17 03:47:44 - INFO - Logging initialized. Log file: pb2b/logs/bybit_scraper_20250217.log
2025-02-17 03:47:44 - INFO - DataSaver logging initialized. Log file: pb2b/logs/data_saver_20250217.log
2025-02-17 03:47:44 - INFO - Connected to SQLite database: pb2b/p2p_listings.db
2025-02-17 03:47:44 - INFO - Database tables created successfully
2025-02-17 03:47:44 - INFO - Attempt 1/10: Loading https://www.bybit.com/fiat/trade/otc?actionType=1&token=USDT&fiat=NGN
2025-02-17 03:47:54 - INFO - Screenshot saved as 'pb2b/screenshots/bybit_page_20250217_034754.png'
2025-02-17 03:47:55 - INFO - Fetching BUY listings for USDT/EUR
2025-02-17 03:47:55 - INFO - Data successfully saved to SQLite database. New listings - Bybit: 4, Binance: 6
2025-02-17 03:47:55 - INFO - Browser session closed
2025-02-17 03:47:55 - INFO - SQLite database connection closed
2025-02-17 04:00:51 - INFO - Logging initialized. Log file: pb2b/logs/bybit_scraper_20250217.log
2025-02-17 04:00:52 - INFO - DataSaver logging initialized. Log file: pb2b/logs/data_saver_20250217.log
2025-02-17 04:00:52 - INFO - Connected to SQLite database: pb2b/p2p_listings.db
2025-02-17 04:00:52 - INFO - Database tables created successfully
2025-02-17 04:00:52 - INFO - Attempt 1/10: Loading https://www.bybit.com/fiat/trade/otc?actionType=1&token=USDT&fiat=NGN
2025-02-17 04:01:02 - INFO - Screenshot saved as 'pb2b/screenshots/bybit_page_20250217_040102.png'
2025-02-17 04:01:02 - INFO - Fetching BUY listings for USDT/EUR
2025-02-17 04:01:03 - INFO - Data successfully saved to SQLite database. New listings - Bybit: 4, Binance: 6
2025-02-17 04:01:03 - INFO - Browser session closed
2025-02-17 04:01:03 - INFO - SQLite database connection closed
2025-02-17 04:31:06 - INFO - Logging initialized. Log file: pb2b/logs/bybit_scraper_20250217.log
2025-02-17 04:31:06 - INFO - DataSaver logging initialized. Log file: pb2b/logs/data_saver_20250217.log
2025-02-17 04:31:06 - INFO - Connected to SQLite database: pb2b/p2p_listings.db
2025-02-17 04:31:06 - INFO - Database tables created successfully
2025-02-17 04:31:06 - INFO - Attempt 1/10: Loading https://www.bybit.com/fiat/trade/otc?actionType=1&token=USDT&fiat=NGN
2025-02-17 04:31:18 - INFO - Screenshot saved as 'pb2b/screenshots/bybit_page_20250217_043118.png'
2025-02-17 04:31:18 - INFO - Fetching BUY listings for USDT/EUR
2025-02-17 04:31:19 - INFO - Data successfully saved to SQLite database. New listings - Bybit: 4, Binance: 6
2025-02-17 04:31:19 - INFO - Browser session closed
2025-02-17 04:31:19 - INFO - SQLite database connection closed
2025-02-17 04:46:11 - INFO - Logging initialized. Log file: pb2b/logs/bybit_scraper_20250217.log
2025-02-17 04:46:12 - INFO - DataSaver logging initialized. Log file: pb2b/logs/data_saver_20250217.log
2025-02-17 04:46:12 - INFO - Connected to SQLite database: pb2b/p2p_listings.db
2025-02-17 04:46:12 - INFO - Database tables created successfully
2025-02-17 04:46:12 - INFO - Attempt 1/10: Loading https://www.bybit.com/fiat/trade/otc?actionType=1&token=USDT&fiat=NGN
2025-02-17 04:46:23 - INFO - Screenshot saved as 'pb2b/screenshots/bybit_page_20250217_044622.png'
2025-02-17 04:46:23 - INFO - Fetching BUY listings for USDT/EUR
2025-02-17 04:46:23 - INFO - Data successfully saved to SQLite database. New listings - Bybit: 4, Binance: 6
2025-02-17 04:46:23 - INFO - Browser session closed
2025-02-17 04:46:23 - INFO - SQLite database connection closed
2025-02-17 04:59:20 - INFO - Logging initialized. Log file: pb2b/logs/bybit_scraper_20250217.log
2025-02-17 04:59:21 - INFO - DataSaver logging initialized. Log file: pb2b/logs/data_saver_20250217.log
2025-02-17 04:59:21 - INFO - Connected to SQLite database: pb2b/p2p_listings.db
2025-02-17 04:59:21 - INFO - Database tables created successfully
2025-02-17 04:59:21 - INFO - Attempt 1/10: Loading https://www.bybit.com/fiat/trade/otc?actionType=1&token=USDT&fiat=NGN
2025-02-17 04:59:31 - INFO - Screenshot saved as 'pb2b/screenshots/bybit_page_20250217_045931.png'
2025-02-17 04:59:32 - INFO - Fetching BUY listings for USDT/EUR
2025-02-17 04:59:32 - INFO - Data successfully saved to SQLite database. New listings - Bybit: 4, Binance: 6
2025-02-17 04:59:32 - INFO - Browser session closed
2025-02-17 04:59:32 - INFO - SQLite database connection closed
2025-02-17 05:28:24 - INFO - Logging initialized. Log file: pb2b/logs/bybit_scraper_20250217.log
2025-02-17 05:28:24 - INFO - DataSaver logging initialized. Log file: pb2b/logs/data_saver_20250217.log
2025-02-17 05:28:24 - INFO - Connected to SQLite database: pb2b/p2p_listings.db
2025-02-17 05:28:24 - INFO - Database tables created successfully
2025-02-17 05:28:24 - INFO - Attempt 1/10: Loading https://www.bybit.com/fiat/trade/otc?actionType=1&token=USDT&fiat=NGN
2025-02-17 05:28:35 - INFO - Screenshot saved as 'pb2b/screenshots/bybit_page_20250217_052835.png'
2025-02-17 05:28:36 - INFO - Fetching BUY listings for USDT/EUR
2025-02-17 05:28:36 - INFO - Data successfully saved to SQLite database. New listings - Bybit: 4, Binance: 6
2025-02-17 05:28:36 - INFO - Browser session closed
2025-02-17 05:28:36 - INFO - SQLite database connection closed
2025-02-17 05:43:46 - INFO - Logging initialized. Log file: pb2b/logs/bybit_scraper_20250217.log
2025-02-17 05:43:47 - INFO - DataSaver logging initialized. Log file: pb2b/logs/data_saver_20250217.log
2025-02-17 05:43:47 - INFO - Connected to SQLite database: pb2b/p2p_listings.db
2025-02-17 05:43:47 - INFO - Database tables created successfully
2025-02-17 05:43:47 - INFO - Attempt 1/10: Loading https://www.bybit.com/fiat/trade/otc?actionType=1&token=USDT&fiat=NGN
2025-02-17 05:43:57 - INFO - Screenshot saved as 'pb2b/screenshots/bybit_page_20250217_054357.png'
2025-02-17 05:43:57 - INFO - Fetching BUY listings for USDT/EUR
2025-02-17 05:43:58 - INFO - Data successfully saved to SQLite database. New listings - Bybit: 4, Binance: 6
2025-02-17 05:43:58 - INFO - Browser session closed
2025-02-17 05:43:58 - INFO - SQLite database connection closed
2025-02-17 05:57:08 - INFO - Logging initialized. Log file: pb2b/logs/bybit_scraper_20250217.log
2025-02-17 05:57:09 - INFO - DataSaver logging initialized. Log file: pb2b/logs/data_saver_20250217.log
2025-02-17 05:57:09 - INFO - Connected to SQLite database: pb2b/p2p_listings.db
2025-02-17 05:57:09 - INFO - Database tables created successfully
2025-02-17 05:57:09 - INFO - Attempt 1/10: Loading https://www.bybit.com/fiat/trade/otc?actionType=1&token=USDT&fiat=NGN
2025-02-17 05:57:19 - INFO - Screenshot saved as 'pb2b/screenshots/bybit_page_20250217_055719.png'
2025-02-17 05:57:19 - INFO - Fetching BUY listings for USDT/EUR
2025-02-17 05:57:20 - INFO - Data successfully saved to SQLite database. New listings - Bybit: 4, Binance: 6
2025-02-17 05:57:20 - INFO - Browser session closed
2025-02-17 05:57:20 - INFO - SQLite database connection closed
2025-02-17 06:34:29 - INFO - Logging initialized. Log file: pb2b/logs/bybit_scraper_20250217.log
2025-02-17 06:34:30 - INFO - DataSaver logging initialized. Log file: pb2b/logs/data_saver_20250217.log
2025-02-17 06:34:30 - INFO - Connected to SQLite database: pb2b/p2p_listings.db
2025-02-17 06:34:30 - INFO - Database tables created successfully
2025-02-17 06:34:30 - INFO - Attempt 1/10: Loading https://www.bybit.com/fiat/trade/otc?actionType=1&token=USDT&fiat=NGN
2025-02-17 06:34:39 - INFO - Screenshot saved as 'pb2b/screenshots/bybit_page_20250217_063439.png'
2025-02-17 06:34:39 - INFO - Fetching BUY listings for USDT/EUR
2025-02-17 06:34:40 - INFO - Data successfully saved to SQLite database. New listings - Bybit: 4, Binance: 6
2025-02-17 06:34:40 - INFO - Browser session closed
2025-02-17 06:34:40 - INFO - SQLite database connection closed
2025-02-17 06:50:44 - INFO - Logging initialized. Log file: pb2b/logs/bybit_scraper_20250217.log
2025-02-17 06:50:45 - INFO - DataSaver logging initialized. Log file: pb2b/logs/data_saver_20250217.log
2025-02-17 06:50:45 - INFO - Connected to SQLite database: pb2b/p2p_listings.db
2025-02-17 06:50:45 - INFO - Database tables created successfully
2025-02-17 06:50:45 - INFO - Attempt 1/10: Loading https://www.bybit.com/fiat/trade/otc?actionType=1&token=USDT&fiat=NGN
2025-02-17 06:50:56 - INFO - Screenshot saved as 'pb2b/screenshots/bybit_page_20250217_065055.png'
2025-02-17 06:50:56 - INFO - Fetching BUY listings for USDT/EUR
2025-02-17 06:50:57 - INFO - Data successfully saved to SQLite database. New listings - Bybit: 4, Binance: 6
2025-02-17 06:50:57 - INFO - Browser session closed
2025-02-17 06:50:57 - INFO - SQLite database connection closed
2025-02-17 07:13:21 - INFO - Logging initialized. Log file: pb2b/logs/bybit_scraper_20250217.log
2025-02-17 07:13:22 - INFO - DataSaver logging initialized. Log file: pb2b/logs/data_saver_20250217.log
2025-02-17 07:13:22 - INFO - Connected to SQLite database: pb2b/p2p_listings.db
2025-02-17 07:13:22 - INFO - Database tables created successfully
2025-02-17 07:13:22 - INFO - Attempt 1/10: Loading https://www.bybit.com/fiat/trade/otc?actionType=1&token=USDT&fiat=NGN
2025-02-17 07:13:33 - INFO - Screenshot saved as 'pb2b/screenshots/bybit_page_20250217_071333.png'
2025-02-17 07:13:34 - INFO - Fetching BUY listings for USDT/EUR
2025-02-17 07:13:34 - INFO - Data successfully saved to SQLite database. New listings - Bybit: 4, Binance: 6
2025-02-17 07:13:34 - INFO - Browser session closed
2025-02-17 07:13:34 - INFO - SQLite database connection closed
2025-02-17 07:29:57 - INFO - Logging initialized. Log file: pb2b/logs/bybit_scraper_20250217.log
2025-02-17 07:29:58 - INFO - DataSaver logging initialized. Log file: pb2b/logs/data_saver_20250217.log
2025-02-17 07:29:58 - INFO - Connected to SQLite database: pb2b/p2p_listings.db
2025-02-17 07:29:58 - INFO - Database tables created successfully
2025-02-17 07:29:58 - INFO - Attempt 1/10: Loading https://www.bybit.com/fiat/trade/otc?actionType=1&token=USDT&fiat=NGN
2025-02-17 07:30:09 - INFO - Screenshot saved as 'pb2b/screenshots/bybit_page_20250217_073009.png'
2025-02-17 07:30:09 - INFO - Fetching BUY listings for USDT/EUR
2025-02-17 07:30:10 - INFO - Data successfully saved to SQLite database. New listings - Bybit: 4, Binance: 6
2025-02-17 07:30:10 - INFO - Browser session closed
2025-02-17 07:30:10 - INFO - SQLite database connection closed
2025-02-17 07:43:03 - INFO - Logging initialized. Log file: pb2b/logs/bybit_scraper_20250217.log
2025-02-17 07:43:04 - INFO - DataSaver logging initialized. Log file: pb2b/logs/data_saver_20250217.log
2025-02-17 07:43:04 - INFO - Connected to SQLite database: pb2b/p2p_listings.db
2025-02-17 07:43:04 - INFO - Database tables created successfully
2025-02-17 07:43:04 - INFO - Attempt 1/10: Loading https://www.bybit.com/fiat/trade/otc?actionType=1&token=USDT&fiat=NGN
2025-02-17 07:43:14 - INFO - Screenshot saved as 'pb2b/screenshots/bybit_page_20250217_074314.png'
2025-02-17 07:43:14 - INFO - Fetching BUY listings for USDT/EUR
2025-02-17 07:43:15 - INFO - Data successfully saved to SQLite database. New listings - Bybit: 4, Binance: 6
2025-02-17 07:43:15 - INFO - Browser session closed
2025-02-17 07:43:15 - INFO - SQLite database connection closed
2025-02-17 07:57:07 - INFO - Logging initialized. Log file: pb2b/logs/bybit_scraper_20250217.log
2025-02-17 07:57:08 - INFO - DataSaver logging initialized. Log file: pb2b/logs/data_saver_20250217.log
2025-02-17 07:57:08 - INFO - Connected to SQLite database: pb2b/p2p_listings.db
2025-02-17 07:57:08 - INFO - Database tables created successfully
2025-02-17 07:57:08 - INFO - Attempt 1/10: Loading https://www.bybit.com/fiat/trade/otc?actionType=1&token=USDT&fiat=NGN
2025-02-17 07:57:20 - INFO - Screenshot saved as 'pb2b/screenshots/bybit_page_20250217_075720.png'
2025-02-17 07:57:21 - INFO - Fetching BUY listings for USDT/EUR
2025-02-17 07:57:21 - INFO - Data successfully saved to SQLite database. New listings - Bybit: 4, Binance: 6
2025-02-17 07:57:21 - INFO - Browser session closed
2025-02-17 07:57:21 - INFO - SQLite database connection closed
2025-02-17 08:32:21 - INFO - Logging initialized. Log file: pb2b/logs/bybit_scraper_20250217.log
2025-02-17 08:32:22 - INFO - DataSaver logging initialized. Log file: pb2b/logs/data_saver_20250217.log
2025-02-17 08:32:22 - INFO - Connected to SQLite database: pb2b/p2p_listings.db
2025-02-17 08:32:22 - INFO - Database tables created successfully
2025-02-17 08:32:22 - INFO - Attempt 1/10: Loading https://www.bybit.com/fiat/trade/otc?actionType=1&token=USDT&fiat=NGN
2025-02-17 08:32:32 - INFO - Screenshot saved as 'pb2b/screenshots/bybit_page_20250217_083231.png'
2025-02-17 08:32:32 - INFO - Fetching BUY listings for USDT/EUR
2025-02-17 08:32:32 - INFO - Data successfully saved to SQLite database. New listings - Bybit: 4, Binance: 6
2025-02-17 08:32:33 - INFO - Browser session closed
2025-02-17 08:32:33 - INFO - SQLite database connection closed
2025-02-17 08:48:52 - INFO - Logging initialized. Log file: pb2b/logs/bybit_scraper_20250217.log
2025-02-17 08:48:53 - INFO - DataSaver logging initialized. Log file: pb2b/logs/data_saver_20250217.log
2025-02-17 08:48:53 - INFO - Connected to SQLite database: pb2b/p2p_listings.db
2025-02-17 08:48:53 - INFO - Database tables created successfully
2025-02-17 08:48:53 - INFO - Attempt 1/10: Loading https://www.bybit.com/fiat/trade/otc?actionType=1&token=USDT&fiat=NGN
2025-02-17 08:49:03 - INFO - Screenshot saved as 'pb2b/screenshots/bybit_page_20250217_084903.png'
2025-02-17 08:49:04 - INFO - Fetching BUY listings for USDT/EUR
2025-02-17 08:49:04 - INFO - Data successfully saved to SQLite database. New listings - Bybit: 4, Binance: 6
2025-02-17 08:49:04 - INFO - Browser session closed
2025-02-17 08:49:04 - INFO - SQLite database connection closed
2025-02-17 09:10:38 - INFO - Logging initialized. Log file: pb2b/logs/bybit_scraper_20250217.log
2025-02-17 09:10:39 - INFO - DataSaver logging initialized. Log file: pb2b/logs/data_saver_20250217.log
2025-02-17 09:10:39 - INFO - Connected to SQLite database: pb2b/p2p_listings.db
2025-02-17 09:10:39 - INFO - Database tables created successfully
2025-02-17 09:10:39 - INFO - Attempt 1/10: Loading https://www.bybit.com/fiat/trade/otc?actionType=1&token=USDT&fiat=NGN
2025-02-17 09:10:49 - INFO - Screenshot saved as 'pb2b/screenshots/bybit_page_20250217_091049.png'
2025-02-17 09:10:49 - INFO - Fetching BUY listings for USDT/EUR
2025-02-17 09:10:50 - INFO - Data successfully saved to SQLite database. New listings - Bybit: 4, Binance: 6
2025-02-17 09:10:50 - INFO - Browser session closed
2025-02-17 09:10:50 - INFO - SQLite database connection closed
2025-02-17 09:32:19 - INFO - Logging initialized. Log file: pb2b/logs/bybit_scraper_20250217.log
2025-02-17 09:32:21 - INFO - DataSaver logging initialized. Log file: pb2b/logs/data_saver_20250217.log
2025-02-17 09:32:21 - INFO - Connected to SQLite database: pb2b/p2p_listings.db
2025-02-17 09:32:21 - INFO - Database tables created successfully
2025-02-17 09:32:21 - INFO - Attempt 1/10: Loading https://www.bybit.com/fiat/trade/otc?actionType=1&token=USDT&fiat=NGN
2025-02-17 09:32:31 - INFO - Screenshot saved as 'pb2b/screenshots/bybit_page_20250217_093231.png'
2025-02-17 09:32:31 - INFO - Fetching BUY listings for USDT/EUR
2025-02-17 09:32:32 - INFO - Data successfully saved to SQLite database. New listings - Bybit: 4, Binance: 6
2025-02-17 09:32:33 - INFO - Browser session closed
2025-02-17 09:32:33 - INFO - SQLite database connection closed
2025-02-17 09:45:34 - INFO - Logging initialized. Log file: pb2b/logs/bybit_scraper_20250217.log
2025-02-17 09:45:35 - INFO - DataSaver logging initialized. Log file: pb2b/logs/data_saver_20250217.log
2025-02-17 09:45:35 - INFO - Connected to SQLite database: pb2b/p2p_listings.db
2025-02-17 09:45:35 - INFO - Database tables created successfully
2025-02-17 09:45:35 - INFO - Attempt 1/10: Loading https://www.bybit.com/fiat/trade/otc?actionType=1&token=USDT&fiat=NGN
2025-02-17 09:45:44 - INFO - Screenshot saved as 'pb2b/screenshots/bybit_page_20250217_094544.png'
2025-02-17 09:45:44 - INFO - Fetching BUY listings for USDT/EUR
2025-02-17 09:45:45 - INFO - Data successfully saved to SQLite database. New listings - Bybit: 4, Binance: 6
2025-02-17 09:45:45 - INFO - Browser session closed
2025-02-17 09:45:45 - INFO - SQLite database connection closed
2025-02-17 09:58:39 - INFO - Logging initialized. Log file: pb2b/logs/bybit_scraper_20250217.log
2025-02-17 09:58:39 - INFO - DataSaver logging initialized. Log file: pb2b/logs/data_saver_20250217.log
2025-02-17 09:58:39 - INFO - Connected to SQLite database: pb2b/p2p_listings.db
2025-02-17 09:58:39 - INFO - Database tables created successfully
2025-02-17 09:58:39 - INFO - Attempt 1/10: Loading https://www.bybit.com/fiat/trade/otc?actionType=1&token=USDT&fiat=NGN
2025-02-17 09:58:51 - INFO - Screenshot saved as 'pb2b/screenshots/bybit_page_20250217_095851.png'
2025-02-17 09:58:52 - INFO - Fetching BUY listings for USDT/EUR
2025-02-17 09:58:53 - INFO - Data successfully saved to SQLite database. New listings - Bybit: 4, Binance: 6
2025-02-17 09:58:53 - INFO - Browser session closed
2025-02-17 09:58:53 - INFO - SQLite database connection closed
2025-02-17 10:29:31 - INFO - Logging initialized. Log file: pb2b/logs/bybit_scraper_20250217.log
2025-02-17 10:29:31 - INFO - DataSaver logging initialized. Log file: pb2b/logs/data_saver_20250217.log
2025-02-17 10:29:31 - INFO - Connected to SQLite database: pb2b/p2p_listings.db
2025-02-17 10:29:31 - INFO - Database tables created successfully
2025-02-17 10:29:31 - INFO - Attempt 1/10: Loading https://www.bybit.com/fiat/trade/otc?actionType=1&token=USDT&fiat=NGN
2025-02-17 10:29:41 - INFO - Screenshot saved as 'pb2b/screenshots/bybit_page_20250217_102941.png'
2025-02-17 10:29:42 - INFO - Fetching BUY listings for USDT/EUR
2025-02-17 10:29:42 - INFO - Data successfully saved to SQLite database. New listings - Bybit: 4, Binance: 6
2025-02-17 10:29:42 - INFO - Browser session closed
2025-02-17 10:29:42 - INFO - SQLite database connection closed
