2025-08-05 02:13:04 - INFO - Logging initialized. Log file: pb2b/logs/bybit_scraper_20250805.log
2025-08-05 02:13:05 - INFO - DataSaver logging initialized. Log file: pb2b/logs/data_saver_20250805.log
2025-08-05 02:13:05 - INFO - Connected to SQLite database: pb2b/p2p_listings.db
2025-08-05 02:13:05 - INFO - Database tables created successfully
2025-08-05 02:13:05 - INFO - Attempt 1/10: Loading https://www.bybit.com/fiat/trade/otc?actionType=1&token=USDT&fiat=NGN
2025-08-05 02:13:14 - INFO - Screenshot saved as 'pb2b/screenshots/bybit_page_20250805_021313.png'
2025-08-05 02:13:14 - INFO - Fetching BUY listings for USDT/EUR
2025-08-05 02:13:15 - INFO - Data successfully saved to SQLite database. New listings - Bybit: 4, Binance: 6
2025-08-05 02:13:16 - INFO - Browser session closed
2025-08-05 02:13:16 - INFO - SQLite database connection closed
2025-08-05 03:57:12 - INFO - Logging initialized. Log file: pb2b/logs/bybit_scraper_20250805.log
2025-08-05 03:57:13 - INFO - DataSaver logging initialized. Log file: pb2b/logs/data_saver_20250805.log
2025-08-05 03:57:13 - INFO - Connected to SQLite database: pb2b/p2p_listings.db
2025-08-05 03:57:13 - INFO - Database tables created successfully
2025-08-05 03:57:13 - INFO - Attempt 1/10: Loading https://www.bybit.com/fiat/trade/otc?actionType=1&token=USDT&fiat=NGN
2025-08-05 03:57:22 - INFO - Screenshot saved as 'pb2b/screenshots/bybit_page_20250805_035722.png'
2025-08-05 03:57:22 - INFO - Fetching BUY listings for USDT/EUR
2025-08-05 03:57:23 - INFO - Data successfully saved to SQLite database. New listings - Bybit: 4, Binance: 6
2025-08-05 03:57:23 - INFO - Browser session closed
2025-08-05 03:57:23 - INFO - SQLite database connection closed
2025-08-05 04:55:29 - INFO - Logging initialized. Log file: pb2b/logs/bybit_scraper_20250805.log
2025-08-05 04:55:30 - INFO - DataSaver logging initialized. Log file: pb2b/logs/data_saver_20250805.log
2025-08-05 04:55:30 - INFO - Connected to SQLite database: pb2b/p2p_listings.db
2025-08-05 04:55:30 - INFO - Database tables created successfully
2025-08-05 04:55:30 - INFO - Attempt 1/10: Loading https://www.bybit.com/fiat/trade/otc?actionType=1&token=USDT&fiat=NGN
2025-08-05 04:55:40 - INFO - Screenshot saved as 'pb2b/screenshots/bybit_page_20250805_045540.png'
2025-08-05 04:55:40 - INFO - Fetching BUY listings for USDT/EUR
2025-08-05 04:55:41 - INFO - Data successfully saved to SQLite database. New listings - Bybit: 4, Binance: 6
2025-08-05 04:55:41 - INFO - Browser session closed
2025-08-05 04:55:41 - INFO - SQLite database connection closed
