2025-01-27 01:20:31 - INFO - Logging initialized. Log file: pb2b/logs/bybit_scraper_20250127.log
2025-01-27 01:20:32 - INFO - DataSaver logging initialized. Log file: pb2b/logs/data_saver_20250127.log
2025-01-27 01:20:32 - INFO - Connected to SQLite database: pb2b/p2p_listings.db
2025-01-27 01:20:32 - INFO - Database tables created successfully
2025-01-27 01:20:32 - INFO - Attempt 1/10: Loading https://www.bybit.com/fiat/trade/otc?actionType=1&token=USDT&fiat=NGN
2025-01-27 01:20:43 - INFO - Screenshot saved as 'pb2b/screenshots/bybit_page_20250127_012043.png'
2025-01-27 01:20:44 - INFO - Fetching BUY listings for USDT/EUR
2025-01-27 01:20:44 - INFO - Data successfully saved to SQLite database. New listings - Bybit: 4, Binance: 6
2025-01-27 01:20:44 - INFO - Browser session closed
2025-01-27 01:20:44 - INFO - SQLite database connection closed
2025-01-27 02:32:19 - INFO - Logging initialized. Log file: pb2b/logs/bybit_scraper_20250127.log
2025-01-27 02:32:20 - INFO - DataSaver logging initialized. Log file: pb2b/logs/data_saver_20250127.log
2025-01-27 02:32:20 - INFO - Connected to SQLite database: pb2b/p2p_listings.db
2025-01-27 02:32:20 - INFO - Database tables created successfully
2025-01-27 02:32:20 - INFO - Attempt 1/10: Loading https://www.bybit.com/fiat/trade/otc?actionType=1&token=USDT&fiat=NGN
2025-01-27 02:32:30 - INFO - Screenshot saved as 'pb2b/screenshots/bybit_page_20250127_023230.png'
2025-01-27 02:32:31 - INFO - Fetching BUY listings for USDT/EUR
2025-01-27 02:32:31 - INFO - Data successfully saved to SQLite database. New listings - Bybit: 4, Binance: 6
2025-01-27 02:32:31 - INFO - Browser session closed
2025-01-27 02:32:31 - INFO - SQLite database connection closed
