2025-02-23 00:53:14 - INFO - Logging initialized. Log file: pb2b/logs/bybit_scraper_20250223.log
2025-02-23 00:53:15 - INFO - DataSaver logging initialized. Log file: pb2b/logs/data_saver_20250223.log
2025-02-23 00:53:15 - INFO - Connected to SQLite database: pb2b/p2p_listings.db
2025-02-23 00:53:15 - INFO - Database tables created successfully
2025-02-23 00:53:15 - INFO - Attempt 1/10: Loading https://www.bybit.com/fiat/trade/otc?actionType=1&token=USDT&fiat=NGN
2025-02-23 00:53:26 - INFO - Screenshot saved as 'pb2b/screenshots/bybit_page_20250223_005326.png'
2025-02-23 00:53:27 - INFO - Fetching BUY listings for USDT/EUR
2025-02-23 00:53:27 - INFO - Data successfully saved to SQLite database. New listings - Bybit: 4, Binance: 6
2025-02-23 00:53:27 - INFO - Browser session closed
2025-02-23 00:53:27 - INFO - SQLite database connection closed
2025-02-23 02:21:08 - INFO - Logging initialized. Log file: pb2b/logs/bybit_scraper_20250223.log
2025-02-23 02:21:08 - INFO - DataSaver logging initialized. Log file: pb2b/logs/data_saver_20250223.log
2025-02-23 02:21:08 - INFO - Connected to SQLite database: pb2b/p2p_listings.db
2025-02-23 02:21:08 - INFO - Database tables created successfully
2025-02-23 02:21:08 - INFO - Attempt 1/10: Loading https://www.bybit.com/fiat/trade/otc?actionType=1&token=USDT&fiat=NGN
2025-02-23 02:21:18 - INFO - Screenshot saved as 'pb2b/screenshots/bybit_page_20250223_022118.png'
2025-02-23 02:21:19 - INFO - Fetching BUY listings for USDT/EUR
2025-02-23 02:21:19 - INFO - Data successfully saved to SQLite database. New listings - Bybit: 4, Binance: 6
2025-02-23 02:21:19 - INFO - Browser session closed
2025-02-23 02:21:19 - INFO - SQLite database connection closed
2025-02-23 03:06:17 - INFO - Logging initialized. Log file: pb2b/logs/bybit_scraper_20250223.log
2025-02-23 03:06:19 - INFO - DataSaver logging initialized. Log file: pb2b/logs/data_saver_20250223.log
2025-02-23 03:06:19 - INFO - Connected to SQLite database: pb2b/p2p_listings.db
2025-02-23 03:06:19 - INFO - Database tables created successfully
2025-02-23 03:06:19 - INFO - Attempt 1/10: Loading https://www.bybit.com/fiat/trade/otc?actionType=1&token=USDT&fiat=NGN
2025-02-23 03:06:29 - INFO - Screenshot saved as 'pb2b/screenshots/bybit_page_20250223_030628.png'
2025-02-23 03:06:29 - INFO - Fetching BUY listings for USDT/EUR
2025-02-23 03:06:29 - INFO - Data successfully saved to SQLite database. New listings - Bybit: 4, Binance: 6
2025-02-23 03:06:29 - INFO - Browser session closed
2025-02-23 03:06:29 - INFO - SQLite database connection closed
2025-02-23 03:35:05 - INFO - Logging initialized. Log file: pb2b/logs/bybit_scraper_20250223.log
2025-02-23 03:35:07 - INFO - DataSaver logging initialized. Log file: pb2b/logs/data_saver_20250223.log
2025-02-23 03:35:07 - INFO - Connected to SQLite database: pb2b/p2p_listings.db
2025-02-23 03:35:07 - INFO - Database tables created successfully
2025-02-23 03:35:07 - INFO - Attempt 1/10: Loading https://www.bybit.com/fiat/trade/otc?actionType=1&token=USDT&fiat=NGN
2025-02-23 03:35:17 - INFO - Screenshot saved as 'pb2b/screenshots/bybit_page_20250223_033516.png'
2025-02-23 03:35:17 - INFO - Fetching BUY listings for USDT/EUR
2025-02-23 03:35:17 - INFO - Data successfully saved to SQLite database. New listings - Bybit: 4, Binance: 6
2025-02-23 03:35:18 - INFO - Browser session closed
2025-02-23 03:35:18 - INFO - SQLite database connection closed
2025-02-23 03:48:02 - INFO - Logging initialized. Log file: pb2b/logs/bybit_scraper_20250223.log
2025-02-23 03:48:03 - INFO - DataSaver logging initialized. Log file: pb2b/logs/data_saver_20250223.log
2025-02-23 03:48:03 - INFO - Connected to SQLite database: pb2b/p2p_listings.db
2025-02-23 03:48:03 - INFO - Database tables created successfully
2025-02-23 03:48:03 - INFO - Attempt 1/10: Loading https://www.bybit.com/fiat/trade/otc?actionType=1&token=USDT&fiat=NGN
2025-02-23 03:48:14 - INFO - Screenshot saved as 'pb2b/screenshots/bybit_page_20250223_034814.png'
2025-02-23 03:48:14 - INFO - Fetching BUY listings for USDT/EUR
2025-02-23 03:48:15 - INFO - Data successfully saved to SQLite database. New listings - Bybit: 4, Binance: 6
2025-02-23 03:48:15 - INFO - Browser session closed
2025-02-23 03:48:15 - INFO - SQLite database connection closed
2025-02-23 04:00:50 - INFO - Logging initialized. Log file: pb2b/logs/bybit_scraper_20250223.log
2025-02-23 04:00:51 - INFO - DataSaver logging initialized. Log file: pb2b/logs/data_saver_20250223.log
2025-02-23 04:00:51 - INFO - Connected to SQLite database: pb2b/p2p_listings.db
2025-02-23 04:00:51 - INFO - Database tables created successfully
2025-02-23 04:00:51 - INFO - Attempt 1/10: Loading https://www.bybit.com/fiat/trade/otc?actionType=1&token=USDT&fiat=NGN
2025-02-23 04:01:01 - INFO - Screenshot saved as 'pb2b/screenshots/bybit_page_20250223_040101.png'
2025-02-23 04:01:01 - INFO - Fetching BUY listings for USDT/EUR
2025-02-23 04:01:02 - INFO - Data successfully saved to SQLite database. New listings - Bybit: 4, Binance: 6
2025-02-23 04:01:02 - INFO - Browser session closed
2025-02-23 04:01:02 - INFO - SQLite database connection closed
2025-02-23 04:30:34 - INFO - Logging initialized. Log file: pb2b/logs/bybit_scraper_20250223.log
2025-02-23 04:30:35 - INFO - DataSaver logging initialized. Log file: pb2b/logs/data_saver_20250223.log
2025-02-23 04:30:35 - INFO - Connected to SQLite database: pb2b/p2p_listings.db
2025-02-23 04:30:35 - INFO - Database tables created successfully
2025-02-23 04:30:35 - INFO - Attempt 1/10: Loading https://www.bybit.com/fiat/trade/otc?actionType=1&token=USDT&fiat=NGN
2025-02-23 04:30:45 - INFO - Screenshot saved as 'pb2b/screenshots/bybit_page_20250223_043045.png'
2025-02-23 04:30:46 - INFO - Fetching BUY listings for USDT/EUR
2025-02-23 04:30:46 - INFO - Data successfully saved to SQLite database. New listings - Bybit: 4, Binance: 6
2025-02-23 04:30:46 - INFO - Browser session closed
2025-02-23 04:30:46 - INFO - SQLite database connection closed
2025-02-23 04:47:01 - INFO - Logging initialized. Log file: pb2b/logs/bybit_scraper_20250223.log
2025-02-23 04:47:06 - INFO - DataSaver logging initialized. Log file: pb2b/logs/data_saver_20250223.log
2025-02-23 04:47:06 - INFO - Connected to SQLite database: pb2b/p2p_listings.db
2025-02-23 04:47:06 - INFO - Database tables created successfully
2025-02-23 04:47:06 - INFO - Attempt 1/10: Loading https://www.bybit.com/fiat/trade/otc?actionType=1&token=USDT&fiat=NGN
2025-02-23 04:47:17 - INFO - Screenshot saved as 'pb2b/screenshots/bybit_page_20250223_044717.png'
2025-02-23 04:47:18 - INFO - Fetching BUY listings for USDT/EUR
2025-02-23 04:47:18 - INFO - Data successfully saved to SQLite database. New listings - Bybit: 4, Binance: 6
2025-02-23 04:47:18 - INFO - Browser session closed
2025-02-23 04:47:18 - INFO - SQLite database connection closed
2025-02-23 04:59:42 - INFO - Logging initialized. Log file: pb2b/logs/bybit_scraper_20250223.log
2025-02-23 04:59:43 - INFO - DataSaver logging initialized. Log file: pb2b/logs/data_saver_20250223.log
2025-02-23 04:59:43 - INFO - Connected to SQLite database: pb2b/p2p_listings.db
2025-02-23 04:59:43 - INFO - Database tables created successfully
2025-02-23 04:59:43 - INFO - Attempt 1/10: Loading https://www.bybit.com/fiat/trade/otc?actionType=1&token=USDT&fiat=NGN
2025-02-23 04:59:52 - INFO - Screenshot saved as 'pb2b/screenshots/bybit_page_20250223_045952.png'
2025-02-23 04:59:53 - INFO - Fetching BUY listings for USDT/EUR
2025-02-23 04:59:53 - INFO - Data successfully saved to SQLite database. New listings - Bybit: 4, Binance: 6
2025-02-23 04:59:53 - INFO - Browser session closed
2025-02-23 04:59:53 - INFO - SQLite database connection closed
2025-02-23 05:25:36 - INFO - Logging initialized. Log file: pb2b/logs/bybit_scraper_20250223.log
2025-02-23 05:25:36 - INFO - DataSaver logging initialized. Log file: pb2b/logs/data_saver_20250223.log
2025-02-23 05:25:36 - INFO - Connected to SQLite database: pb2b/p2p_listings.db
2025-02-23 05:25:36 - INFO - Database tables created successfully
2025-02-23 05:25:36 - INFO - Attempt 1/10: Loading https://www.bybit.com/fiat/trade/otc?actionType=1&token=USDT&fiat=NGN
2025-02-23 05:25:46 - INFO - Screenshot saved as 'pb2b/screenshots/bybit_page_20250223_052546.png'
2025-02-23 05:25:46 - INFO - Fetching BUY listings for USDT/EUR
2025-02-23 05:25:47 - INFO - Data successfully saved to SQLite database. New listings - Bybit: 4, Binance: 6
2025-02-23 05:25:47 - INFO - Browser session closed
2025-02-23 05:25:47 - INFO - SQLite database connection closed
2025-02-23 05:40:36 - INFO - Logging initialized. Log file: pb2b/logs/bybit_scraper_20250223.log
2025-02-23 05:40:37 - INFO - DataSaver logging initialized. Log file: pb2b/logs/data_saver_20250223.log
2025-02-23 05:40:37 - INFO - Connected to SQLite database: pb2b/p2p_listings.db
2025-02-23 05:40:37 - INFO - Database tables created successfully
2025-02-23 05:40:37 - INFO - Attempt 1/10: Loading https://www.bybit.com/fiat/trade/otc?actionType=1&token=USDT&fiat=NGN
2025-02-23 05:40:46 - INFO - Screenshot saved as 'pb2b/screenshots/bybit_page_20250223_054046.png'
2025-02-23 05:40:47 - INFO - Fetching BUY listings for USDT/EUR
2025-02-23 05:40:47 - INFO - Data successfully saved to SQLite database. New listings - Bybit: 4, Binance: 6
2025-02-23 05:40:47 - INFO - Browser session closed
2025-02-23 05:40:47 - INFO - SQLite database connection closed
2025-02-23 05:53:52 - INFO - Logging initialized. Log file: pb2b/logs/bybit_scraper_20250223.log
2025-02-23 05:53:53 - INFO - DataSaver logging initialized. Log file: pb2b/logs/data_saver_20250223.log
2025-02-23 05:53:53 - INFO - Connected to SQLite database: pb2b/p2p_listings.db
2025-02-23 05:53:53 - INFO - Database tables created successfully
2025-02-23 05:53:53 - INFO - Attempt 1/10: Loading https://www.bybit.com/fiat/trade/otc?actionType=1&token=USDT&fiat=NGN
2025-02-23 05:54:03 - INFO - Screenshot saved as 'pb2b/screenshots/bybit_page_20250223_055403.png'
2025-02-23 05:54:04 - INFO - Fetching BUY listings for USDT/EUR
2025-02-23 05:54:04 - INFO - Data successfully saved to SQLite database. New listings - Bybit: 4, Binance: 6
2025-02-23 05:54:04 - INFO - Browser session closed
2025-02-23 05:54:04 - INFO - SQLite database connection closed
2025-02-23 06:24:05 - INFO - Logging initialized. Log file: pb2b/logs/bybit_scraper_20250223.log
2025-02-23 06:24:06 - INFO - DataSaver logging initialized. Log file: pb2b/logs/data_saver_20250223.log
2025-02-23 06:24:06 - INFO - Connected to SQLite database: pb2b/p2p_listings.db
2025-02-23 06:24:06 - INFO - Database tables created successfully
2025-02-23 06:24:06 - INFO - Attempt 1/10: Loading https://www.bybit.com/fiat/trade/otc?actionType=1&token=USDT&fiat=NGN
2025-02-23 06:24:15 - INFO - Screenshot saved as 'pb2b/screenshots/bybit_page_20250223_062415.png'
2025-02-23 06:24:16 - INFO - Fetching BUY listings for USDT/EUR
2025-02-23 06:24:16 - INFO - Data successfully saved to SQLite database. New listings - Bybit: 4, Binance: 6
2025-02-23 06:24:16 - INFO - Browser session closed
2025-02-23 06:24:16 - INFO - SQLite database connection closed
2025-02-23 06:43:26 - INFO - Logging initialized. Log file: pb2b/logs/bybit_scraper_20250223.log
2025-02-23 06:43:26 - INFO - DataSaver logging initialized. Log file: pb2b/logs/data_saver_20250223.log
2025-02-23 06:43:26 - INFO - Connected to SQLite database: pb2b/p2p_listings.db
2025-02-23 06:43:26 - INFO - Database tables created successfully
2025-02-23 06:43:26 - INFO - Attempt 1/10: Loading https://www.bybit.com/fiat/trade/otc?actionType=1&token=USDT&fiat=NGN
2025-02-23 06:43:36 - INFO - Screenshot saved as 'pb2b/screenshots/bybit_page_20250223_064336.png'
2025-02-23 06:43:36 - INFO - Fetching BUY listings for USDT/EUR
2025-02-23 06:43:37 - INFO - Data successfully saved to SQLite database. New listings - Bybit: 4, Binance: 6
2025-02-23 06:43:37 - INFO - Browser session closed
2025-02-23 06:43:37 - INFO - SQLite database connection closed
