2025-06-10 05:42:02 - INFO - Logging initialized. Log file: pb2b/logs/bybit_scraper_20250610.log
2025-06-10 05:42:03 - INFO - DataSaver logging initialized. Log file: pb2b/logs/data_saver_20250610.log
2025-06-10 05:42:03 - INFO - Connected to SQLite database: pb2b/p2p_listings.db
2025-06-10 05:42:03 - INFO - Database tables created successfully
2025-06-10 05:42:03 - INFO - Attempt 1/10: Loading https://www.bybit.com/fiat/trade/otc?actionType=1&token=USDT&fiat=NGN
2025-06-10 05:42:12 - INFO - Screenshot saved as 'pb2b/screenshots/bybit_page_20250610_054212.png'
2025-06-10 05:42:13 - INFO - Fetching BUY listings for USDT/EUR
2025-06-10 05:42:13 - INFO - Data successfully saved to SQLite database. New listings - Bybit: 4, Binance: 6
2025-06-10 05:42:13 - INFO - Browser session closed
2025-06-10 05:42:13 - INFO - SQLite database connection closed
2025-06-10 09:49:21 - INFO - Logging initialized. Log file: pb2b/logs/bybit_scraper_20250610.log
2025-06-10 09:49:22 - INFO - DataSaver logging initialized. Log file: pb2b/logs/data_saver_20250610.log
2025-06-10 09:49:22 - INFO - Connected to SQLite database: pb2b/p2p_listings.db
2025-06-10 09:49:22 - INFO - Database tables created successfully
2025-06-10 09:49:22 - INFO - Attempt 1/10: Loading https://www.bybit.com/fiat/trade/otc?actionType=1&token=USDT&fiat=NGN
2025-06-10 09:49:32 - INFO - Screenshot saved as 'pb2b/screenshots/bybit_page_20250610_094932.png'
2025-06-10 09:49:32 - INFO - Fetching BUY listings for USDT/EUR
2025-06-10 09:49:33 - INFO - Data successfully saved to SQLite database. New listings - Bybit: 4, Binance: 6
2025-06-10 09:49:33 - INFO - Browser session closed
2025-06-10 09:49:33 - INFO - SQLite database connection closed
2025-06-10 13:41:46 - INFO - Logging initialized. Log file: pb2b/logs/bybit_scraper_20250610.log
2025-06-10 13:41:46 - INFO - DataSaver logging initialized. Log file: pb2b/logs/data_saver_20250610.log
2025-06-10 13:41:46 - INFO - Connected to SQLite database: pb2b/p2p_listings.db
2025-06-10 13:41:46 - INFO - Database tables created successfully
2025-06-10 13:41:46 - INFO - Attempt 1/10: Loading https://www.bybit.com/fiat/trade/otc?actionType=1&token=USDT&fiat=NGN
2025-06-10 13:41:55 - INFO - Screenshot saved as 'pb2b/screenshots/bybit_page_20250610_134155.png'
2025-06-10 13:41:55 - INFO - Fetching BUY listings for USDT/EUR
2025-06-10 13:41:56 - INFO - Data successfully saved to SQLite database. New listings - Bybit: 4, Binance: 6
2025-06-10 13:41:56 - INFO - Browser session closed
2025-06-10 13:41:56 - INFO - SQLite database connection closed
2025-06-10 14:50:57 - INFO - Logging initialized. Log file: pb2b/logs/bybit_scraper_20250610.log
2025-06-10 14:50:58 - INFO - DataSaver logging initialized. Log file: pb2b/logs/data_saver_20250610.log
2025-06-10 14:50:58 - INFO - Connected to SQLite database: pb2b/p2p_listings.db
2025-06-10 14:50:58 - INFO - Database tables created successfully
2025-06-10 14:50:58 - INFO - Attempt 1/10: Loading https://www.bybit.com/fiat/trade/otc?actionType=1&token=USDT&fiat=NGN
2025-06-10 14:51:40 - INFO - Screenshot saved as 'pb2b/screenshots/bybit_page_20250610_145140.png'
2025-06-10 14:51:40 - INFO - Fetching BUY listings for USDT/EUR
2025-06-10 14:51:41 - INFO - Data successfully saved to SQLite database. New listings - Bybit: 4, Binance: 6
2025-06-10 14:51:41 - INFO - Browser session closed
2025-06-10 14:51:41 - INFO - SQLite database connection closed
2025-06-10 15:15:34 - INFO - Logging initialized. Log file: pb2b/logs/bybit_scraper_20250610.log
2025-06-10 15:15:35 - INFO - DataSaver logging initialized. Log file: pb2b/logs/data_saver_20250610.log
2025-06-10 15:15:35 - INFO - Connected to SQLite database: pb2b/p2p_listings.db
2025-06-10 15:15:35 - INFO - Database tables created successfully
2025-06-10 15:15:35 - INFO - Attempt 1/10: Loading https://www.bybit.com/fiat/trade/otc?actionType=1&token=USDT&fiat=NGN
2025-06-10 15:15:44 - INFO - Screenshot saved as 'pb2b/screenshots/bybit_page_20250610_151543.png'
2025-06-10 15:15:44 - INFO - Fetching BUY listings for USDT/EUR
2025-06-10 15:15:45 - INFO - Data successfully saved to SQLite database. New listings - Bybit: 4, Binance: 6
2025-06-10 15:15:45 - INFO - Browser session closed
2025-06-10 15:15:45 - INFO - SQLite database connection closed
2025-06-10 15:37:45 - INFO - Logging initialized. Log file: pb2b/logs/bybit_scraper_20250610.log
2025-06-10 15:37:46 - INFO - DataSaver logging initialized. Log file: pb2b/logs/data_saver_20250610.log
2025-06-10 15:37:46 - INFO - Connected to SQLite database: pb2b/p2p_listings.db
2025-06-10 15:37:46 - INFO - Database tables created successfully
2025-06-10 15:37:46 - INFO - Attempt 1/10: Loading https://www.bybit.com/fiat/trade/otc?actionType=1&token=USDT&fiat=NGN
2025-06-10 15:38:24 - INFO - Screenshot saved as 'pb2b/screenshots/bybit_page_20250610_153824.png'
2025-06-10 15:38:25 - INFO - Fetching BUY listings for USDT/EUR
2025-06-10 15:38:25 - INFO - Data successfully saved to SQLite database. New listings - Bybit: 4, Binance: 6
2025-06-10 15:38:25 - INFO - Browser session closed
2025-06-10 15:38:25 - INFO - SQLite database connection closed
2025-06-10 15:53:00 - INFO - Logging initialized. Log file: pb2b/logs/bybit_scraper_20250610.log
2025-06-10 15:53:01 - INFO - DataSaver logging initialized. Log file: pb2b/logs/data_saver_20250610.log
2025-06-10 15:53:01 - INFO - Connected to SQLite database: pb2b/p2p_listings.db
2025-06-10 15:53:01 - INFO - Database tables created successfully
2025-06-10 15:53:01 - INFO - Attempt 1/10: Loading https://www.bybit.com/fiat/trade/otc?actionType=1&token=USDT&fiat=NGN
2025-06-10 15:53:11 - INFO - Screenshot saved as 'pb2b/screenshots/bybit_page_20250610_155311.png'
2025-06-10 15:53:11 - INFO - Fetching BUY listings for USDT/EUR
2025-06-10 15:53:12 - INFO - Data successfully saved to SQLite database. New listings - Bybit: 4, Binance: 6
2025-06-10 15:53:12 - INFO - Browser session closed
2025-06-10 15:53:12 - INFO - SQLite database connection closed
2025-06-10 16:52:44 - INFO - Logging initialized. Log file: pb2b/logs/bybit_scraper_20250610.log
2025-06-10 16:52:46 - INFO - DataSaver logging initialized. Log file: pb2b/logs/data_saver_20250610.log
2025-06-10 16:52:46 - INFO - Connected to SQLite database: pb2b/p2p_listings.db
2025-06-10 16:52:46 - INFO - Database tables created successfully
2025-06-10 16:52:46 - INFO - Attempt 1/10: Loading https://www.bybit.com/fiat/trade/otc?actionType=1&token=USDT&fiat=NGN
2025-06-10 16:52:55 - INFO - Screenshot saved as 'pb2b/screenshots/bybit_page_20250610_165255.png'
2025-06-10 16:52:55 - INFO - Fetching BUY listings for USDT/EUR
2025-06-10 16:52:56 - INFO - Data successfully saved to SQLite database. New listings - Bybit: 4, Binance: 6
2025-06-10 16:52:56 - INFO - Browser session closed
2025-06-10 16:52:56 - INFO - SQLite database connection closed
