2026-05-03 00:02:08 - INFO - Logging initialized. Log file: pb2b/logs/bybit_scraper_20260503.log
2026-05-03 00:02:09 - INFO - DataSaver logging initialized. Log file: pb2b/logs/data_saver_20260503.log
2026-05-03 00:02:09 - INFO - Connected to SQLite database: pb2b/p2p_listings.db
2026-05-03 00:02:09 - INFO - Database tables created successfully
2026-05-03 00:02:09 - INFO - Attempt 1/10: Loading https://www.bybit.com/fiat/trade/otc?actionType=1&token=USDT&fiat=NGN
2026-05-03 00:02:18 - INFO - Screenshot saved as 'pb2b/screenshots/bybit_page_20260503_000218.png'
2026-05-03 00:02:18 - WARNING - Error parsing row: Message: no such element: Unable to locate element: {"method":"css selector","selector":"td:nth-child(2)"}
  (Session info: chrome=147.0.7727.137); For documentation on this error, please visit: https://www.selenium.dev/documentation/webdriver/troubleshooting/errors#nosuchelementexception
Stacktrace:
#0 0x562912ea8b6a <unknown>
#1 0x5629128aa265 <unknown>
#2 0x5629128fcf76 <unknown>
#3 0x5629128fd1b1 <unknown>
#4 0x5629128f1f26 <unknown>
#5 0x5629128f1e07 <unknown>
#6 0x562912945969 <unknown>
#7 0x5629128f05cf <unknown>
#8 0x5629128f1391 <unknown>
#9 0x562912e6e04b <unknown>
#10 0x562912e7100d <unknown>
#11 0x562912e5a808 <unknown>
#12 0x562912e71ba0 <unknown>
#13 0x562912e41280 <unknown>
#14 0x562912e95db8 <unknown>
#15 0x562912e95f88 <unknown>
#16 0x562912ea75de <unknown>
#17 0x7f459d89caa4 <unknown>
#18 0x7f459d929c6c <unknown>

2026-05-03 00:02:18 - WARNING - Error parsing row: Message: no such element: Unable to locate element: {"method":"css selector","selector":"td:nth-child(2)"}
  (Session info: chrome=147.0.7727.137); For documentation on this error, please visit: https://www.selenium.dev/documentation/webdriver/troubleshooting/errors#nosuchelementexception
Stacktrace:
#0 0x562912ea8b6a <unknown>
#1 0x5629128aa265 <unknown>
#2 0x5629128fcf76 <unknown>
#3 0x5629128fd1b1 <unknown>
#4 0x5629128f1f26 <unknown>
#5 0x5629128f1e07 <unknown>
#6 0x562912945969 <unknown>
#7 0x5629128f05cf <unknown>
#8 0x5629128f1391 <unknown>
#9 0x562912e6e04b <unknown>
#10 0x562912e7100d <unknown>
#11 0x562912e5a808 <unknown>
#12 0x562912e71ba0 <unknown>
#13 0x562912e41280 <unknown>
#14 0x562912e95db8 <unknown>
#15 0x562912e95f88 <unknown>
#16 0x562912ea75de <unknown>
#17 0x7f459d89caa4 <unknown>
#18 0x7f459d929c6c <unknown>

2026-05-03 00:02:18 - INFO - Fetching BUY listings for USDT/EUR
2026-05-03 00:02:19 - INFO - Data successfully saved to SQLite database. New listings - Bybit: 3, Binance: 6
2026-05-03 00:02:19 - INFO - Browser session closed
2026-05-03 00:02:19 - INFO - SQLite database connection closed
