2025-10-18 00:57:41 - INFO - Logging initialized. Log file: pb2b/logs/bybit_scraper_20251018.log
2025-10-18 00:57:48 - INFO - DataSaver logging initialized. Log file: pb2b/logs/data_saver_20251018.log
2025-10-18 00:57:48 - INFO - Connected to SQLite database: pb2b/p2p_listings.db
2025-10-18 00:57:48 - INFO - Database tables created successfully
2025-10-18 00:57:48 - INFO - Attempt 1/10: Loading https://www.bybit.com/fiat/trade/otc?actionType=1&token=USDT&fiat=NGN
2025-10-18 00:58:00 - INFO - Screenshot saved as 'pb2b/screenshots/bybit_page_20251018_005800.png'
2025-10-18 00:58:00 - INFO - Fetching BUY listings for USDT/EUR
2025-10-18 00:58:01 - INFO - Data successfully saved to SQLite database. New listings - Bybit: 4, Binance: 6
2025-10-18 00:58:01 - INFO - Browser session closed
2025-10-18 00:58:01 - INFO - SQLite database connection closed
2025-10-18 02:22:52 - INFO - Logging initialized. Log file: pb2b/logs/bybit_scraper_20251018.log
2025-10-18 02:22:57 - INFO - DataSaver logging initialized. Log file: pb2b/logs/data_saver_20251018.log
2025-10-18 02:22:57 - INFO - Connected to SQLite database: pb2b/p2p_listings.db
2025-10-18 02:22:57 - INFO - Database tables created successfully
2025-10-18 02:22:57 - INFO - Attempt 1/10: Loading https://www.bybit.com/fiat/trade/otc?actionType=1&token=USDT&fiat=NGN
2025-10-18 02:23:08 - INFO - Screenshot saved as 'pb2b/screenshots/bybit_page_20251018_022308.png'
2025-10-18 02:23:08 - INFO - Fetching BUY listings for USDT/EUR
2025-10-18 02:23:09 - INFO - Data successfully saved to SQLite database. New listings - Bybit: 4, Binance: 6
2025-10-18 02:23:09 - INFO - Browser session closed
2025-10-18 02:23:09 - INFO - SQLite database connection closed
