2025-02-18 01:49:46 - INFO - Logging initialized. Log file: pb2b/logs/bybit_scraper_20250218.log
2025-02-18 01:49:47 - INFO - DataSaver logging initialized. Log file: pb2b/logs/data_saver_20250218.log
2025-02-18 01:49:47 - INFO - Connected to SQLite database: pb2b/p2p_listings.db
2025-02-18 01:49:47 - INFO - Database tables created successfully
2025-02-18 01:49:47 - INFO - Attempt 1/10: Loading https://www.bybit.com/fiat/trade/otc?actionType=1&token=USDT&fiat=NGN
2025-02-18 01:49:57 - INFO - Screenshot saved as 'pb2b/screenshots/bybit_page_20250218_014957.png'
2025-02-18 01:49:58 - INFO - Fetching BUY listings for USDT/EUR
2025-02-18 01:49:58 - INFO - Data successfully saved to SQLite database. New listings - Bybit: 4, Binance: 6
2025-02-18 01:49:58 - INFO - Browser session closed
2025-02-18 01:49:58 - INFO - SQLite database connection closed
2025-02-18 02:41:46 - INFO - Logging initialized. Log file: pb2b/logs/bybit_scraper_20250218.log
2025-02-18 02:41:46 - INFO - DataSaver logging initialized. Log file: pb2b/logs/data_saver_20250218.log
2025-02-18 02:41:46 - INFO - Connected to SQLite database: pb2b/p2p_listings.db
2025-02-18 02:41:46 - INFO - Database tables created successfully
2025-02-18 02:41:46 - INFO - Attempt 1/10: Loading https://www.bybit.com/fiat/trade/otc?actionType=1&token=USDT&fiat=NGN
2025-02-18 02:41:56 - INFO - Screenshot saved as 'pb2b/screenshots/bybit_page_20250218_024156.png'
2025-02-18 02:41:56 - INFO - Fetching BUY listings for USDT/EUR
2025-02-18 02:41:57 - INFO - Data successfully saved to SQLite database. New listings - Bybit: 4, Binance: 6
2025-02-18 02:41:57 - INFO - Browser session closed
2025-02-18 02:41:57 - INFO - SQLite database connection closed
