2026-03-29 00:04:52 - INFO - Logging initialized. Log file: pb2b/logs/bybit_scraper_20260329.log
2026-03-29 00:04:55 - INFO - DataSaver logging initialized. Log file: pb2b/logs/data_saver_20260329.log
2026-03-29 00:04:55 - INFO - Connected to SQLite database: pb2b/p2p_listings.db
2026-03-29 00:04:55 - INFO - Database tables created successfully
2026-03-29 00:04:55 - INFO - Attempt 1/10: Loading https://www.bybit.com/fiat/trade/otc?actionType=1&token=USDT&fiat=NGN
2026-03-29 00:05:03 - INFO - Screenshot saved as 'pb2b/screenshots/bybit_page_20260329_000503.png'
2026-03-29 00:05:04 - WARNING - Error parsing row: Message: no such element: Unable to locate element: {"method":"css selector","selector":"td:nth-child(2)"}
  (Session info: chrome=146.0.7680.164); For documentation on this error, please visit: https://www.selenium.dev/documentation/webdriver/troubleshooting/errors#nosuchelementexception
Stacktrace:
#0 0x557dc417fa6a <unknown>
#1 0x557dc3b8eab5 <unknown>
#2 0x557dc3be1676 <unknown>
#3 0x557dc3be18b1 <unknown>
#4 0x557dc3bd6616 <unknown>
#5 0x557dc3bd64f7 <unknown>
#6 0x557dc3c297b6 <unknown>
#7 0x557dc3bd4cbf <unknown>
#8 0x557dc3bd5a81 <unknown>
#9 0x557dc4145a64 <unknown>
#10 0x557dc4148951 <unknown>
#11 0x557dc413221e <unknown>
#12 0x557dc414951e <unknown>
#13 0x557dc4118be0 <unknown>
#14 0x557dc416c9b8 <unknown>
#15 0x557dc416cb88 <unknown>
#16 0x557dc417e4de <unknown>
#17 0x7fadd4e9caa4 <unknown>
#18 0x7fadd4f29c6c <unknown>

2026-03-29 00:05:04 - WARNING - Error parsing row: Message: no such element: Unable to locate element: {"method":"css selector","selector":"td:nth-child(2)"}
  (Session info: chrome=146.0.7680.164); For documentation on this error, please visit: https://www.selenium.dev/documentation/webdriver/troubleshooting/errors#nosuchelementexception
Stacktrace:
#0 0x557dc417fa6a <unknown>
#1 0x557dc3b8eab5 <unknown>
#2 0x557dc3be1676 <unknown>
#3 0x557dc3be18b1 <unknown>
#4 0x557dc3bd6616 <unknown>
#5 0x557dc3bd64f7 <unknown>
#6 0x557dc3c297b6 <unknown>
#7 0x557dc3bd4cbf <unknown>
#8 0x557dc3bd5a81 <unknown>
#9 0x557dc4145a64 <unknown>
#10 0x557dc4148951 <unknown>
#11 0x557dc413221e <unknown>
#12 0x557dc414951e <unknown>
#13 0x557dc4118be0 <unknown>
#14 0x557dc416c9b8 <unknown>
#15 0x557dc416cb88 <unknown>
#16 0x557dc417e4de <unknown>
#17 0x7fadd4e9caa4 <unknown>
#18 0x7fadd4f29c6c <unknown>

2026-03-29 00:05:04 - INFO - Fetching BUY listings for USDT/EUR
2026-03-29 00:05:05 - INFO - Data successfully saved to SQLite database. New listings - Bybit: 4, Binance: 6
2026-03-29 00:05:05 - INFO - Browser session closed
2026-03-29 00:05:05 - INFO - SQLite database connection closed
2026-03-29 03:37:18 - INFO - Logging initialized. Log file: pb2b/logs/bybit_scraper_20260329.log
2026-03-29 03:37:22 - INFO - DataSaver logging initialized. Log file: pb2b/logs/data_saver_20260329.log
2026-03-29 03:37:22 - INFO - Connected to SQLite database: pb2b/p2p_listings.db
2026-03-29 03:37:22 - INFO - Database tables created successfully
2026-03-29 03:37:22 - INFO - Attempt 1/10: Loading https://www.bybit.com/fiat/trade/otc?actionType=1&token=USDT&fiat=NGN
2026-03-29 03:37:31 - INFO - Screenshot saved as 'pb2b/screenshots/bybit_page_20260329_033731.png'
2026-03-29 03:37:31 - WARNING - Error parsing row: Message: no such element: Unable to locate element: {"method":"css selector","selector":"td:nth-child(2)"}
  (Session info: chrome=146.0.7680.164); For documentation on this error, please visit: https://www.selenium.dev/documentation/webdriver/troubleshooting/errors#nosuchelementexception
Stacktrace:
#0 0x563236e2fa6a <unknown>
#1 0x56323683eab5 <unknown>
#2 0x563236891676 <unknown>
#3 0x5632368918b1 <unknown>
#4 0x563236886616 <unknown>
#5 0x5632368864f7 <unknown>
#6 0x5632368d97b6 <unknown>
#7 0x563236884cbf <unknown>
#8 0x563236885a81 <unknown>
#9 0x563236df5a64 <unknown>
#10 0x563236df8951 <unknown>
#11 0x563236de221e <unknown>
#12 0x563236df951e <unknown>
#13 0x563236dc8be0 <unknown>
#14 0x563236e1c9b8 <unknown>
#15 0x563236e1cb88 <unknown>
#16 0x563236e2e4de <unknown>
#17 0x7f512269caa4 <unknown>
#18 0x7f5122729c6c <unknown>

2026-03-29 03:37:31 - WARNING - Error parsing row: Message: no such element: Unable to locate element: {"method":"css selector","selector":"td:nth-child(2)"}
  (Session info: chrome=146.0.7680.164); For documentation on this error, please visit: https://www.selenium.dev/documentation/webdriver/troubleshooting/errors#nosuchelementexception
Stacktrace:
#0 0x563236e2fa6a <unknown>
#1 0x56323683eab5 <unknown>
#2 0x563236891676 <unknown>
#3 0x5632368918b1 <unknown>
#4 0x563236886616 <unknown>
#5 0x5632368864f7 <unknown>
#6 0x5632368d97b6 <unknown>
#7 0x563236884cbf <unknown>
#8 0x563236885a81 <unknown>
#9 0x563236df5a64 <unknown>
#10 0x563236df8951 <unknown>
#11 0x563236de221e <unknown>
#12 0x563236df951e <unknown>
#13 0x563236dc8be0 <unknown>
#14 0x563236e1c9b8 <unknown>
#15 0x563236e1cb88 <unknown>
#16 0x563236e2e4de <unknown>
#17 0x7f512269caa4 <unknown>
#18 0x7f5122729c6c <unknown>

2026-03-29 03:37:31 - INFO - Fetching BUY listings for USDT/EUR
2026-03-29 03:37:32 - INFO - Data successfully saved to SQLite database. New listings - Bybit: 4, Binance: 6
2026-03-29 03:37:32 - INFO - Browser session closed
2026-03-29 03:37:32 - INFO - SQLite database connection closed
2026-03-29 05:32:50 - INFO - Logging initialized. Log file: pb2b/logs/bybit_scraper_20260329.log
2026-03-29 05:32:55 - INFO - DataSaver logging initialized. Log file: pb2b/logs/data_saver_20260329.log
2026-03-29 05:32:55 - INFO - Connected to SQLite database: pb2b/p2p_listings.db
2026-03-29 05:32:55 - INFO - Database tables created successfully
2026-03-29 05:32:55 - INFO - Attempt 1/10: Loading https://www.bybit.com/fiat/trade/otc?actionType=1&token=USDT&fiat=NGN
2026-03-29 05:33:03 - INFO - Screenshot saved as 'pb2b/screenshots/bybit_page_20260329_053302.png'
2026-03-29 05:33:03 - WARNING - Error parsing row: Message: no such element: Unable to locate element: {"method":"css selector","selector":"td:nth-child(2)"}
  (Session info: chrome=146.0.7680.164); For documentation on this error, please visit: https://www.selenium.dev/documentation/webdriver/troubleshooting/errors#nosuchelementexception
Stacktrace:
#0 0x564bb6d82a6a <unknown>
#1 0x564bb6791ab5 <unknown>
#2 0x564bb67e4676 <unknown>
#3 0x564bb67e48b1 <unknown>
#4 0x564bb67d9616 <unknown>
#5 0x564bb67d94f7 <unknown>
#6 0x564bb682c7b6 <unknown>
#7 0x564bb67d7cbf <unknown>
#8 0x564bb67d8a81 <unknown>
#9 0x564bb6d48a64 <unknown>
#10 0x564bb6d4b951 <unknown>
#11 0x564bb6d3521e <unknown>
#12 0x564bb6d4c51e <unknown>
#13 0x564bb6d1bbe0 <unknown>
#14 0x564bb6d6f9b8 <unknown>
#15 0x564bb6d6fb88 <unknown>
#16 0x564bb6d814de <unknown>
#17 0x7ff27d69caa4 <unknown>
#18 0x7ff27d729c6c <unknown>

2026-03-29 05:33:03 - WARNING - Error parsing row: Message: no such element: Unable to locate element: {"method":"css selector","selector":"td:nth-child(2)"}
  (Session info: chrome=146.0.7680.164); For documentation on this error, please visit: https://www.selenium.dev/documentation/webdriver/troubleshooting/errors#nosuchelementexception
Stacktrace:
#0 0x564bb6d82a6a <unknown>
#1 0x564bb6791ab5 <unknown>
#2 0x564bb67e4676 <unknown>
#3 0x564bb67e48b1 <unknown>
#4 0x564bb67d9616 <unknown>
#5 0x564bb67d94f7 <unknown>
#6 0x564bb682c7b6 <unknown>
#7 0x564bb67d7cbf <unknown>
#8 0x564bb67d8a81 <unknown>
#9 0x564bb6d48a64 <unknown>
#10 0x564bb6d4b951 <unknown>
#11 0x564bb6d3521e <unknown>
#12 0x564bb6d4c51e <unknown>
#13 0x564bb6d1bbe0 <unknown>
#14 0x564bb6d6f9b8 <unknown>
#15 0x564bb6d6fb88 <unknown>
#16 0x564bb6d814de <unknown>
#17 0x7ff27d69caa4 <unknown>
#18 0x7ff27d729c6c <unknown>

2026-03-29 05:33:03 - INFO - Fetching BUY listings for USDT/EUR
2026-03-29 05:33:03 - INFO - Data successfully saved to SQLite database. New listings - Bybit: 4, Binance: 6
2026-03-29 05:33:03 - INFO - Browser session closed
2026-03-29 05:33:03 - INFO - SQLite database connection closed
2026-03-29 06:49:45 - INFO - Logging initialized. Log file: pb2b/logs/bybit_scraper_20260329.log
2026-03-29 06:49:48 - INFO - DataSaver logging initialized. Log file: pb2b/logs/data_saver_20260329.log
2026-03-29 06:49:48 - INFO - Connected to SQLite database: pb2b/p2p_listings.db
2026-03-29 06:49:48 - INFO - Database tables created successfully
2026-03-29 06:49:48 - INFO - Attempt 1/10: Loading https://www.bybit.com/fiat/trade/otc?actionType=1&token=USDT&fiat=NGN
2026-03-29 06:49:56 - INFO - Screenshot saved as 'pb2b/screenshots/bybit_page_20260329_064956.png'
2026-03-29 06:49:56 - WARNING - Error parsing row: Message: no such element: Unable to locate element: {"method":"css selector","selector":"td:nth-child(2)"}
  (Session info: chrome=146.0.7680.164); For documentation on this error, please visit: https://www.selenium.dev/documentation/webdriver/troubleshooting/errors#nosuchelementexception
Stacktrace:
#0 0x564ca8ce1a6a <unknown>
#1 0x564ca86f0ab5 <unknown>
#2 0x564ca8743676 <unknown>
#3 0x564ca87438b1 <unknown>
#4 0x564ca8738616 <unknown>
#5 0x564ca87384f7 <unknown>
#6 0x564ca878b7b6 <unknown>
#7 0x564ca8736cbf <unknown>
#8 0x564ca8737a81 <unknown>
#9 0x564ca8ca7a64 <unknown>
#10 0x564ca8caa951 <unknown>
#11 0x564ca8c9421e <unknown>
#12 0x564ca8cab51e <unknown>
#13 0x564ca8c7abe0 <unknown>
#14 0x564ca8cce9b8 <unknown>
#15 0x564ca8cceb88 <unknown>
#16 0x564ca8ce04de <unknown>
#17 0x7f4fc989caa4 <unknown>
#18 0x7f4fc9929c6c <unknown>

2026-03-29 06:49:56 - WARNING - Error parsing row: Message: no such element: Unable to locate element: {"method":"css selector","selector":"td:nth-child(2)"}
  (Session info: chrome=146.0.7680.164); For documentation on this error, please visit: https://www.selenium.dev/documentation/webdriver/troubleshooting/errors#nosuchelementexception
Stacktrace:
#0 0x564ca8ce1a6a <unknown>
#1 0x564ca86f0ab5 <unknown>
#2 0x564ca8743676 <unknown>
#3 0x564ca87438b1 <unknown>
#4 0x564ca8738616 <unknown>
#5 0x564ca87384f7 <unknown>
#6 0x564ca878b7b6 <unknown>
#7 0x564ca8736cbf <unknown>
#8 0x564ca8737a81 <unknown>
#9 0x564ca8ca7a64 <unknown>
#10 0x564ca8caa951 <unknown>
#11 0x564ca8c9421e <unknown>
#12 0x564ca8cab51e <unknown>
#13 0x564ca8c7abe0 <unknown>
#14 0x564ca8cce9b8 <unknown>
#15 0x564ca8cceb88 <unknown>
#16 0x564ca8ce04de <unknown>
#17 0x7f4fc989caa4 <unknown>
#18 0x7f4fc9929c6c <unknown>

2026-03-29 06:49:56 - INFO - Fetching BUY listings for USDT/EUR
2026-03-29 06:49:57 - INFO - Data successfully saved to SQLite database. New listings - Bybit: 4, Binance: 6
2026-03-29 06:49:57 - INFO - Browser session closed
2026-03-29 06:49:57 - INFO - SQLite database connection closed
2026-03-29 07:46:57 - INFO - Logging initialized. Log file: pb2b/logs/bybit_scraper_20260329.log
2026-03-29 07:46:58 - INFO - DataSaver logging initialized. Log file: pb2b/logs/data_saver_20260329.log
2026-03-29 07:46:58 - INFO - Connected to SQLite database: pb2b/p2p_listings.db
2026-03-29 07:46:58 - INFO - Database tables created successfully
2026-03-29 07:46:58 - INFO - Attempt 1/10: Loading https://www.bybit.com/fiat/trade/otc?actionType=1&token=USDT&fiat=NGN
2026-03-29 07:47:06 - INFO - Screenshot saved as 'pb2b/screenshots/bybit_page_20260329_074706.png'
2026-03-29 07:47:06 - WARNING - Error parsing row: Message: no such element: Unable to locate element: {"method":"css selector","selector":"td:nth-child(2)"}
  (Session info: chrome=146.0.7680.164); For documentation on this error, please visit: https://www.selenium.dev/documentation/webdriver/troubleshooting/errors#nosuchelementexception
Stacktrace:
#0 0x55a6dc3daa6a <unknown>
#1 0x55a6dbde9ab5 <unknown>
#2 0x55a6dbe3c676 <unknown>
#3 0x55a6dbe3c8b1 <unknown>
#4 0x55a6dbe31616 <unknown>
#5 0x55a6dbe314f7 <unknown>
#6 0x55a6dbe847b6 <unknown>
#7 0x55a6dbe2fcbf <unknown>
#8 0x55a6dbe30a81 <unknown>
#9 0x55a6dc3a0a64 <unknown>
#10 0x55a6dc3a3951 <unknown>
#11 0x55a6dc38d21e <unknown>
#12 0x55a6dc3a451e <unknown>
#13 0x55a6dc373be0 <unknown>
#14 0x55a6dc3c79b8 <unknown>
#15 0x55a6dc3c7b88 <unknown>
#16 0x55a6dc3d94de <unknown>
#17 0x7f2aa689caa4 <unknown>
#18 0x7f2aa6929c6c <unknown>

2026-03-29 07:47:06 - WARNING - Error parsing row: Message: no such element: Unable to locate element: {"method":"css selector","selector":"td:nth-child(2)"}
  (Session info: chrome=146.0.7680.164); For documentation on this error, please visit: https://www.selenium.dev/documentation/webdriver/troubleshooting/errors#nosuchelementexception
Stacktrace:
#0 0x55a6dc3daa6a <unknown>
#1 0x55a6dbde9ab5 <unknown>
#2 0x55a6dbe3c676 <unknown>
#3 0x55a6dbe3c8b1 <unknown>
#4 0x55a6dbe31616 <unknown>
#5 0x55a6dbe314f7 <unknown>
#6 0x55a6dbe847b6 <unknown>
#7 0x55a6dbe2fcbf <unknown>
#8 0x55a6dbe30a81 <unknown>
#9 0x55a6dc3a0a64 <unknown>
#10 0x55a6dc3a3951 <unknown>
#11 0x55a6dc38d21e <unknown>
#12 0x55a6dc3a451e <unknown>
#13 0x55a6dc373be0 <unknown>
#14 0x55a6dc3c79b8 <unknown>
#15 0x55a6dc3c7b88 <unknown>
#16 0x55a6dc3d94de <unknown>
#17 0x7f2aa689caa4 <unknown>
#18 0x7f2aa6929c6c <unknown>

2026-03-29 07:47:06 - INFO - Fetching BUY listings for USDT/EUR
2026-03-29 07:47:07 - INFO - Data successfully saved to SQLite database. New listings - Bybit: 4, Binance: 6
2026-03-29 07:47:07 - INFO - Browser session closed
2026-03-29 07:47:07 - INFO - SQLite database connection closed
2026-03-29 08:29:15 - INFO - Logging initialized. Log file: pb2b/logs/bybit_scraper_20260329.log
2026-03-29 08:29:18 - INFO - DataSaver logging initialized. Log file: pb2b/logs/data_saver_20260329.log
2026-03-29 08:29:18 - INFO - Connected to SQLite database: pb2b/p2p_listings.db
2026-03-29 08:29:18 - INFO - Database tables created successfully
2026-03-29 08:29:18 - INFO - Attempt 1/10: Loading https://www.bybit.com/fiat/trade/otc?actionType=1&token=USDT&fiat=NGN
2026-03-29 08:29:25 - INFO - Screenshot saved as 'pb2b/screenshots/bybit_page_20260329_082925.png'
2026-03-29 08:29:25 - WARNING - Error parsing row: Message: no such element: Unable to locate element: {"method":"css selector","selector":"td:nth-child(2)"}
  (Session info: chrome=146.0.7680.164); For documentation on this error, please visit: https://www.selenium.dev/documentation/webdriver/troubleshooting/errors#nosuchelementexception
Stacktrace:
#0 0x5636c2e40a6a <unknown>
#1 0x5636c284fab5 <unknown>
#2 0x5636c28a2676 <unknown>
#3 0x5636c28a28b1 <unknown>
#4 0x5636c2897616 <unknown>
#5 0x5636c28974f7 <unknown>
#6 0x5636c28ea7b6 <unknown>
#7 0x5636c2895cbf <unknown>
#8 0x5636c2896a81 <unknown>
#9 0x5636c2e06a64 <unknown>
#10 0x5636c2e09951 <unknown>
#11 0x5636c2df321e <unknown>
#12 0x5636c2e0a51e <unknown>
#13 0x5636c2dd9be0 <unknown>
#14 0x5636c2e2d9b8 <unknown>
#15 0x5636c2e2db88 <unknown>
#16 0x5636c2e3f4de <unknown>
#17 0x7f4b8c69caa4 <unknown>
#18 0x7f4b8c729c6c <unknown>

2026-03-29 08:29:25 - WARNING - Error parsing row: Message: no such element: Unable to locate element: {"method":"css selector","selector":"td:nth-child(2)"}
  (Session info: chrome=146.0.7680.164); For documentation on this error, please visit: https://www.selenium.dev/documentation/webdriver/troubleshooting/errors#nosuchelementexception
Stacktrace:
#0 0x5636c2e40a6a <unknown>
#1 0x5636c284fab5 <unknown>
#2 0x5636c28a2676 <unknown>
#3 0x5636c28a28b1 <unknown>
#4 0x5636c2897616 <unknown>
#5 0x5636c28974f7 <unknown>
#6 0x5636c28ea7b6 <unknown>
#7 0x5636c2895cbf <unknown>
#8 0x5636c2896a81 <unknown>
#9 0x5636c2e06a64 <unknown>
#10 0x5636c2e09951 <unknown>
#11 0x5636c2df321e <unknown>
#12 0x5636c2e0a51e <unknown>
#13 0x5636c2dd9be0 <unknown>
#14 0x5636c2e2d9b8 <unknown>
#15 0x5636c2e2db88 <unknown>
#16 0x5636c2e3f4de <unknown>
#17 0x7f4b8c69caa4 <unknown>
#18 0x7f4b8c729c6c <unknown>

2026-03-29 08:29:26 - INFO - Fetching BUY listings for USDT/EUR
2026-03-29 08:29:26 - INFO - Data successfully saved to SQLite database. New listings - Bybit: 4, Binance: 6
2026-03-29 08:29:27 - INFO - Browser session closed
2026-03-29 08:29:27 - INFO - SQLite database connection closed
2026-03-29 09:11:49 - INFO - Logging initialized. Log file: pb2b/logs/bybit_scraper_20260329.log
2026-03-29 09:11:55 - INFO - DataSaver logging initialized. Log file: pb2b/logs/data_saver_20260329.log
2026-03-29 09:11:55 - INFO - Connected to SQLite database: pb2b/p2p_listings.db
2026-03-29 09:11:55 - INFO - Database tables created successfully
2026-03-29 09:11:55 - INFO - Attempt 1/10: Loading https://www.bybit.com/fiat/trade/otc?actionType=1&token=USDT&fiat=NGN
2026-03-29 09:12:03 - INFO - Screenshot saved as 'pb2b/screenshots/bybit_page_20260329_091202.png'
2026-03-29 09:12:03 - WARNING - Error parsing row: Message: no such element: Unable to locate element: {"method":"css selector","selector":"td:nth-child(2)"}
  (Session info: chrome=146.0.7680.164); For documentation on this error, please visit: https://www.selenium.dev/documentation/webdriver/troubleshooting/errors#nosuchelementexception
Stacktrace:
#0 0x55f642768a6a <unknown>
#1 0x55f642177ab5 <unknown>
#2 0x55f6421ca676 <unknown>
#3 0x55f6421ca8b1 <unknown>
#4 0x55f6421bf616 <unknown>
#5 0x55f6421bf4f7 <unknown>
#6 0x55f6422127b6 <unknown>
#7 0x55f6421bdcbf <unknown>
#8 0x55f6421bea81 <unknown>
#9 0x55f64272ea64 <unknown>
#10 0x55f642731951 <unknown>
#11 0x55f64271b21e <unknown>
#12 0x55f64273251e <unknown>
#13 0x55f642701be0 <unknown>
#14 0x55f6427559b8 <unknown>
#15 0x55f642755b88 <unknown>
#16 0x55f6427674de <unknown>
#17 0x7f7e3ec9caa4 <unknown>
#18 0x7f7e3ed29c6c <unknown>

2026-03-29 09:12:03 - WARNING - Error parsing row: Message: no such element: Unable to locate element: {"method":"css selector","selector":"td:nth-child(2)"}
  (Session info: chrome=146.0.7680.164); For documentation on this error, please visit: https://www.selenium.dev/documentation/webdriver/troubleshooting/errors#nosuchelementexception
Stacktrace:
#0 0x55f642768a6a <unknown>
#1 0x55f642177ab5 <unknown>
#2 0x55f6421ca676 <unknown>
#3 0x55f6421ca8b1 <unknown>
#4 0x55f6421bf616 <unknown>
#5 0x55f6421bf4f7 <unknown>
#6 0x55f6422127b6 <unknown>
#7 0x55f6421bdcbf <unknown>
#8 0x55f6421bea81 <unknown>
#9 0x55f64272ea64 <unknown>
#10 0x55f642731951 <unknown>
#11 0x55f64271b21e <unknown>
#12 0x55f64273251e <unknown>
#13 0x55f642701be0 <unknown>
#14 0x55f6427559b8 <unknown>
#15 0x55f642755b88 <unknown>
#16 0x55f6427674de <unknown>
#17 0x7f7e3ec9caa4 <unknown>
#18 0x7f7e3ed29c6c <unknown>

2026-03-29 09:12:03 - INFO - Fetching BUY listings for USDT/EUR
2026-03-29 09:12:03 - INFO - Data successfully saved to SQLite database. New listings - Bybit: 4, Binance: 6
2026-03-29 09:12:04 - INFO - Browser session closed
2026-03-29 09:12:04 - INFO - SQLite database connection closed
2026-03-29 09:57:41 - INFO - Logging initialized. Log file: pb2b/logs/bybit_scraper_20260329.log
2026-03-29 09:57:44 - INFO - DataSaver logging initialized. Log file: pb2b/logs/data_saver_20260329.log
2026-03-29 09:57:44 - INFO - Connected to SQLite database: pb2b/p2p_listings.db
2026-03-29 09:57:44 - INFO - Database tables created successfully
2026-03-29 09:57:44 - INFO - Attempt 1/10: Loading https://www.bybit.com/fiat/trade/otc?actionType=1&token=USDT&fiat=NGN
2026-03-29 09:57:52 - INFO - Screenshot saved as 'pb2b/screenshots/bybit_page_20260329_095752.png'
2026-03-29 09:57:52 - WARNING - Error parsing row: Message: no such element: Unable to locate element: {"method":"css selector","selector":"td:nth-child(2)"}
  (Session info: chrome=146.0.7680.164); For documentation on this error, please visit: https://www.selenium.dev/documentation/webdriver/troubleshooting/errors#nosuchelementexception
Stacktrace:
#0 0x55f9a4594a6a <unknown>
#1 0x55f9a3fa3ab5 <unknown>
#2 0x55f9a3ff6676 <unknown>
#3 0x55f9a3ff68b1 <unknown>
#4 0x55f9a3feb616 <unknown>
#5 0x55f9a3feb4f7 <unknown>
#6 0x55f9a403e7b6 <unknown>
#7 0x55f9a3fe9cbf <unknown>
#8 0x55f9a3feaa81 <unknown>
#9 0x55f9a455aa64 <unknown>
#10 0x55f9a455d951 <unknown>
#11 0x55f9a454721e <unknown>
#12 0x55f9a455e51e <unknown>
#13 0x55f9a452dbe0 <unknown>
#14 0x55f9a45819b8 <unknown>
#15 0x55f9a4581b88 <unknown>
#16 0x55f9a45934de <unknown>
#17 0x7f01bf09caa4 <unknown>
#18 0x7f01bf129c6c <unknown>

2026-03-29 09:57:52 - WARNING - Error parsing row: Message: no such element: Unable to locate element: {"method":"css selector","selector":"td:nth-child(2)"}
  (Session info: chrome=146.0.7680.164); For documentation on this error, please visit: https://www.selenium.dev/documentation/webdriver/troubleshooting/errors#nosuchelementexception
Stacktrace:
#0 0x55f9a4594a6a <unknown>
#1 0x55f9a3fa3ab5 <unknown>
#2 0x55f9a3ff6676 <unknown>
#3 0x55f9a3ff68b1 <unknown>
#4 0x55f9a3feb616 <unknown>
#5 0x55f9a3feb4f7 <unknown>
#6 0x55f9a403e7b6 <unknown>
#7 0x55f9a3fe9cbf <unknown>
#8 0x55f9a3feaa81 <unknown>
#9 0x55f9a455aa64 <unknown>
#10 0x55f9a455d951 <unknown>
#11 0x55f9a454721e <unknown>
#12 0x55f9a455e51e <unknown>
#13 0x55f9a452dbe0 <unknown>
#14 0x55f9a45819b8 <unknown>
#15 0x55f9a4581b88 <unknown>
#16 0x55f9a45934de <unknown>
#17 0x7f01bf09caa4 <unknown>
#18 0x7f01bf129c6c <unknown>

2026-03-29 09:57:52 - INFO - Fetching BUY listings for USDT/EUR
2026-03-29 09:57:53 - INFO - Data successfully saved to SQLite database. New listings - Bybit: 4, Binance: 6
2026-03-29 09:57:53 - INFO - Browser session closed
2026-03-29 09:57:53 - INFO - SQLite database connection closed
2026-03-29 10:38:27 - INFO - Logging initialized. Log file: pb2b/logs/bybit_scraper_20260329.log
2026-03-29 10:38:31 - INFO - DataSaver logging initialized. Log file: pb2b/logs/data_saver_20260329.log
2026-03-29 10:38:31 - INFO - Connected to SQLite database: pb2b/p2p_listings.db
2026-03-29 10:38:31 - INFO - Database tables created successfully
2026-03-29 10:38:31 - INFO - Attempt 1/10: Loading https://www.bybit.com/fiat/trade/otc?actionType=1&token=USDT&fiat=NGN
2026-03-29 10:38:39 - INFO - Screenshot saved as 'pb2b/screenshots/bybit_page_20260329_103839.png'
2026-03-29 10:38:39 - WARNING - Error parsing row: Message: no such element: Unable to locate element: {"method":"css selector","selector":"td:nth-child(2)"}
  (Session info: chrome=146.0.7680.164); For documentation on this error, please visit: https://www.selenium.dev/documentation/webdriver/troubleshooting/errors#nosuchelementexception
Stacktrace:
#0 0x55a660af5a6a <unknown>
#1 0x55a660504ab5 <unknown>
#2 0x55a660557676 <unknown>
#3 0x55a6605578b1 <unknown>
#4 0x55a66054c616 <unknown>
#5 0x55a66054c4f7 <unknown>
#6 0x55a66059f7b6 <unknown>
#7 0x55a66054acbf <unknown>
#8 0x55a66054ba81 <unknown>
#9 0x55a660abba64 <unknown>
#10 0x55a660abe951 <unknown>
#11 0x55a660aa821e <unknown>
#12 0x55a660abf51e <unknown>
#13 0x55a660a8ebe0 <unknown>
#14 0x55a660ae29b8 <unknown>
#15 0x55a660ae2b88 <unknown>
#16 0x55a660af44de <unknown>
#17 0x7f415b09caa4 <unknown>
#18 0x7f415b129c6c <unknown>

2026-03-29 10:38:39 - WARNING - Error parsing row: Message: no such element: Unable to locate element: {"method":"css selector","selector":"td:nth-child(2)"}
  (Session info: chrome=146.0.7680.164); For documentation on this error, please visit: https://www.selenium.dev/documentation/webdriver/troubleshooting/errors#nosuchelementexception
Stacktrace:
#0 0x55a660af5a6a <unknown>
#1 0x55a660504ab5 <unknown>
#2 0x55a660557676 <unknown>
#3 0x55a6605578b1 <unknown>
#4 0x55a66054c616 <unknown>
#5 0x55a66054c4f7 <unknown>
#6 0x55a66059f7b6 <unknown>
#7 0x55a66054acbf <unknown>
#8 0x55a66054ba81 <unknown>
#9 0x55a660abba64 <unknown>
#10 0x55a660abe951 <unknown>
#11 0x55a660aa821e <unknown>
#12 0x55a660abf51e <unknown>
#13 0x55a660a8ebe0 <unknown>
#14 0x55a660ae29b8 <unknown>
#15 0x55a660ae2b88 <unknown>
#16 0x55a660af44de <unknown>
#17 0x7f415b09caa4 <unknown>
#18 0x7f415b129c6c <unknown>

2026-03-29 10:38:39 - INFO - Fetching BUY listings for USDT/EUR
2026-03-29 10:38:40 - INFO - Data successfully saved to SQLite database. New listings - Bybit: 4, Binance: 6
2026-03-29 10:38:40 - INFO - Browser session closed
2026-03-29 10:38:40 - INFO - SQLite database connection closed
2026-03-29 11:09:01 - INFO - Logging initialized. Log file: pb2b/logs/bybit_scraper_20260329.log
2026-03-29 11:09:05 - INFO - DataSaver logging initialized. Log file: pb2b/logs/data_saver_20260329.log
2026-03-29 11:09:05 - INFO - Connected to SQLite database: pb2b/p2p_listings.db
2026-03-29 11:09:05 - INFO - Database tables created successfully
2026-03-29 11:09:05 - INFO - Attempt 1/10: Loading https://www.bybit.com/fiat/trade/otc?actionType=1&token=USDT&fiat=NGN
2026-03-29 11:09:13 - INFO - Screenshot saved as 'pb2b/screenshots/bybit_page_20260329_110913.png'
2026-03-29 11:09:13 - WARNING - Error parsing row: Message: no such element: Unable to locate element: {"method":"css selector","selector":"td:nth-child(2)"}
  (Session info: chrome=146.0.7680.164); For documentation on this error, please visit: https://www.selenium.dev/documentation/webdriver/troubleshooting/errors#nosuchelementexception
Stacktrace:
#0 0x55fe1ac8ca6a <unknown>
#1 0x55fe1a69bab5 <unknown>
#2 0x55fe1a6ee676 <unknown>
#3 0x55fe1a6ee8b1 <unknown>
#4 0x55fe1a6e3616 <unknown>
#5 0x55fe1a6e34f7 <unknown>
#6 0x55fe1a7367b6 <unknown>
#7 0x55fe1a6e1cbf <unknown>
#8 0x55fe1a6e2a81 <unknown>
#9 0x55fe1ac52a64 <unknown>
#10 0x55fe1ac55951 <unknown>
#11 0x55fe1ac3f21e <unknown>
#12 0x55fe1ac5651e <unknown>
#13 0x55fe1ac25be0 <unknown>
#14 0x55fe1ac799b8 <unknown>
#15 0x55fe1ac79b88 <unknown>
#16 0x55fe1ac8b4de <unknown>
#17 0x7f71a489caa4 <unknown>
#18 0x7f71a4929c6c <unknown>

2026-03-29 11:09:13 - WARNING - Error parsing row: Message: no such element: Unable to locate element: {"method":"css selector","selector":"td:nth-child(2)"}
  (Session info: chrome=146.0.7680.164); For documentation on this error, please visit: https://www.selenium.dev/documentation/webdriver/troubleshooting/errors#nosuchelementexception
Stacktrace:
#0 0x55fe1ac8ca6a <unknown>
#1 0x55fe1a69bab5 <unknown>
#2 0x55fe1a6ee676 <unknown>
#3 0x55fe1a6ee8b1 <unknown>
#4 0x55fe1a6e3616 <unknown>
#5 0x55fe1a6e34f7 <unknown>
#6 0x55fe1a7367b6 <unknown>
#7 0x55fe1a6e1cbf <unknown>
#8 0x55fe1a6e2a81 <unknown>
#9 0x55fe1ac52a64 <unknown>
#10 0x55fe1ac55951 <unknown>
#11 0x55fe1ac3f21e <unknown>
#12 0x55fe1ac5651e <unknown>
#13 0x55fe1ac25be0 <unknown>
#14 0x55fe1ac799b8 <unknown>
#15 0x55fe1ac79b88 <unknown>
#16 0x55fe1ac8b4de <unknown>
#17 0x7f71a489caa4 <unknown>
#18 0x7f71a4929c6c <unknown>

2026-03-29 11:09:13 - INFO - Fetching BUY listings for USDT/EUR
2026-03-29 11:09:14 - INFO - Data successfully saved to SQLite database. New listings - Bybit: 4, Binance: 6
2026-03-29 11:09:14 - INFO - Browser session closed
2026-03-29 11:09:14 - INFO - SQLite database connection closed
2026-03-29 11:46:25 - INFO - Logging initialized. Log file: pb2b/logs/bybit_scraper_20260329.log
2026-03-29 11:46:28 - INFO - DataSaver logging initialized. Log file: pb2b/logs/data_saver_20260329.log
2026-03-29 11:46:28 - INFO - Connected to SQLite database: pb2b/p2p_listings.db
2026-03-29 11:46:28 - INFO - Database tables created successfully
2026-03-29 11:46:28 - INFO - Attempt 1/10: Loading https://www.bybit.com/fiat/trade/otc?actionType=1&token=USDT&fiat=NGN
2026-03-29 11:46:36 - INFO - Screenshot saved as 'pb2b/screenshots/bybit_page_20260329_114636.png'
2026-03-29 11:46:36 - WARNING - Error parsing row: Message: no such element: Unable to locate element: {"method":"css selector","selector":"td:nth-child(2)"}
  (Session info: chrome=146.0.7680.164); For documentation on this error, please visit: https://www.selenium.dev/documentation/webdriver/troubleshooting/errors#nosuchelementexception
Stacktrace:
#0 0x561b68f10a6a <unknown>
#1 0x561b6891fab5 <unknown>
#2 0x561b68972676 <unknown>
#3 0x561b689728b1 <unknown>
#4 0x561b68967616 <unknown>
#5 0x561b689674f7 <unknown>
#6 0x561b689ba7b6 <unknown>
#7 0x561b68965cbf <unknown>
#8 0x561b68966a81 <unknown>
#9 0x561b68ed6a64 <unknown>
#10 0x561b68ed9951 <unknown>
#11 0x561b68ec321e <unknown>
#12 0x561b68eda51e <unknown>
#13 0x561b68ea9be0 <unknown>
#14 0x561b68efd9b8 <unknown>
#15 0x561b68efdb88 <unknown>
#16 0x561b68f0f4de <unknown>
#17 0x7fca9d69caa4 <unknown>
#18 0x7fca9d729c6c <unknown>

2026-03-29 11:46:36 - WARNING - Error parsing row: Message: no such element: Unable to locate element: {"method":"css selector","selector":"td:nth-child(2)"}
  (Session info: chrome=146.0.7680.164); For documentation on this error, please visit: https://www.selenium.dev/documentation/webdriver/troubleshooting/errors#nosuchelementexception
Stacktrace:
#0 0x561b68f10a6a <unknown>
#1 0x561b6891fab5 <unknown>
#2 0x561b68972676 <unknown>
#3 0x561b689728b1 <unknown>
#4 0x561b68967616 <unknown>
#5 0x561b689674f7 <unknown>
#6 0x561b689ba7b6 <unknown>
#7 0x561b68965cbf <unknown>
#8 0x561b68966a81 <unknown>
#9 0x561b68ed6a64 <unknown>
#10 0x561b68ed9951 <unknown>
#11 0x561b68ec321e <unknown>
#12 0x561b68eda51e <unknown>
#13 0x561b68ea9be0 <unknown>
#14 0x561b68efd9b8 <unknown>
#15 0x561b68efdb88 <unknown>
#16 0x561b68f0f4de <unknown>
#17 0x7fca9d69caa4 <unknown>
#18 0x7fca9d729c6c <unknown>

2026-03-29 11:46:37 - INFO - Fetching BUY listings for USDT/EUR
2026-03-29 11:46:37 - INFO - Data successfully saved to SQLite database. New listings - Bybit: 4, Binance: 6
2026-03-29 11:46:37 - INFO - Browser session closed
2026-03-29 11:46:37 - INFO - SQLite database connection closed
2026-03-29 12:07:12 - INFO - Logging initialized. Log file: pb2b/logs/bybit_scraper_20260329.log
2026-03-29 12:07:17 - INFO - DataSaver logging initialized. Log file: pb2b/logs/data_saver_20260329.log
2026-03-29 12:07:17 - INFO - Connected to SQLite database: pb2b/p2p_listings.db
2026-03-29 12:07:17 - INFO - Database tables created successfully
2026-03-29 12:07:17 - INFO - Attempt 1/10: Loading https://www.bybit.com/fiat/trade/otc?actionType=1&token=USDT&fiat=NGN
2026-03-29 12:07:25 - INFO - Screenshot saved as 'pb2b/screenshots/bybit_page_20260329_120725.png'
2026-03-29 12:07:25 - WARNING - Error parsing row: Message: no such element: Unable to locate element: {"method":"css selector","selector":"td:nth-child(2)"}
  (Session info: chrome=146.0.7680.164); For documentation on this error, please visit: https://www.selenium.dev/documentation/webdriver/troubleshooting/errors#nosuchelementexception
Stacktrace:
#0 0x55aae6037a6a <unknown>
#1 0x55aae5a46ab5 <unknown>
#2 0x55aae5a99676 <unknown>
#3 0x55aae5a998b1 <unknown>
#4 0x55aae5a8e616 <unknown>
#5 0x55aae5a8e4f7 <unknown>
#6 0x55aae5ae17b6 <unknown>
#7 0x55aae5a8ccbf <unknown>
#8 0x55aae5a8da81 <unknown>
#9 0x55aae5ffda64 <unknown>
#10 0x55aae6000951 <unknown>
#11 0x55aae5fea21e <unknown>
#12 0x55aae600151e <unknown>
#13 0x55aae5fd0be0 <unknown>
#14 0x55aae60249b8 <unknown>
#15 0x55aae6024b88 <unknown>
#16 0x55aae60364de <unknown>
#17 0x7f6748c9caa4 <unknown>
#18 0x7f6748d29c6c <unknown>

2026-03-29 12:07:25 - WARNING - Error parsing row: Message: no such element: Unable to locate element: {"method":"css selector","selector":"td:nth-child(2)"}
  (Session info: chrome=146.0.7680.164); For documentation on this error, please visit: https://www.selenium.dev/documentation/webdriver/troubleshooting/errors#nosuchelementexception
Stacktrace:
#0 0x55aae6037a6a <unknown>
#1 0x55aae5a46ab5 <unknown>
#2 0x55aae5a99676 <unknown>
#3 0x55aae5a998b1 <unknown>
#4 0x55aae5a8e616 <unknown>
#5 0x55aae5a8e4f7 <unknown>
#6 0x55aae5ae17b6 <unknown>
#7 0x55aae5a8ccbf <unknown>
#8 0x55aae5a8da81 <unknown>
#9 0x55aae5ffda64 <unknown>
#10 0x55aae6000951 <unknown>
#11 0x55aae5fea21e <unknown>
#12 0x55aae600151e <unknown>
#13 0x55aae5fd0be0 <unknown>
#14 0x55aae60249b8 <unknown>
#15 0x55aae6024b88 <unknown>
#16 0x55aae60364de <unknown>
#17 0x7f6748c9caa4 <unknown>
#18 0x7f6748d29c6c <unknown>

2026-03-29 12:07:25 - INFO - Fetching BUY listings for USDT/EUR
2026-03-29 12:07:26 - INFO - Data successfully saved to SQLite database. New listings - Bybit: 4, Binance: 6
2026-03-29 12:07:26 - INFO - Browser session closed
2026-03-29 12:07:26 - INFO - SQLite database connection closed
2026-03-29 13:24:19 - INFO - Logging initialized. Log file: pb2b/logs/bybit_scraper_20260329.log
2026-03-29 13:24:23 - INFO - DataSaver logging initialized. Log file: pb2b/logs/data_saver_20260329.log
2026-03-29 13:24:23 - INFO - Connected to SQLite database: pb2b/p2p_listings.db
2026-03-29 13:24:23 - INFO - Database tables created successfully
2026-03-29 13:24:23 - INFO - Attempt 1/10: Loading https://www.bybit.com/fiat/trade/otc?actionType=1&token=USDT&fiat=NGN
2026-03-29 13:24:30 - INFO - Screenshot saved as 'pb2b/screenshots/bybit_page_20260329_132430.png'
2026-03-29 13:24:30 - WARNING - Error parsing row: Message: no such element: Unable to locate element: {"method":"css selector","selector":"td:nth-child(2)"}
  (Session info: chrome=146.0.7680.164); For documentation on this error, please visit: https://www.selenium.dev/documentation/webdriver/troubleshooting/errors#nosuchelementexception
Stacktrace:
#0 0x5604f4542a6a <unknown>
#1 0x5604f3f51ab5 <unknown>
#2 0x5604f3fa4676 <unknown>
#3 0x5604f3fa48b1 <unknown>
#4 0x5604f3f99616 <unknown>
#5 0x5604f3f994f7 <unknown>
#6 0x5604f3fec7b6 <unknown>
#7 0x5604f3f97cbf <unknown>
#8 0x5604f3f98a81 <unknown>
#9 0x5604f4508a64 <unknown>
#10 0x5604f450b951 <unknown>
#11 0x5604f44f521e <unknown>
#12 0x5604f450c51e <unknown>
#13 0x5604f44dbbe0 <unknown>
#14 0x5604f452f9b8 <unknown>
#15 0x5604f452fb88 <unknown>
#16 0x5604f45414de <unknown>
#17 0x7fd8d309caa4 <unknown>
#18 0x7fd8d3129c6c <unknown>

2026-03-29 13:24:30 - WARNING - Error parsing row: Message: no such element: Unable to locate element: {"method":"css selector","selector":"td:nth-child(2)"}
  (Session info: chrome=146.0.7680.164); For documentation on this error, please visit: https://www.selenium.dev/documentation/webdriver/troubleshooting/errors#nosuchelementexception
Stacktrace:
#0 0x5604f4542a6a <unknown>
#1 0x5604f3f51ab5 <unknown>
#2 0x5604f3fa4676 <unknown>
#3 0x5604f3fa48b1 <unknown>
#4 0x5604f3f99616 <unknown>
#5 0x5604f3f994f7 <unknown>
#6 0x5604f3fec7b6 <unknown>
#7 0x5604f3f97cbf <unknown>
#8 0x5604f3f98a81 <unknown>
#9 0x5604f4508a64 <unknown>
#10 0x5604f450b951 <unknown>
#11 0x5604f44f521e <unknown>
#12 0x5604f450c51e <unknown>
#13 0x5604f44dbbe0 <unknown>
#14 0x5604f452f9b8 <unknown>
#15 0x5604f452fb88 <unknown>
#16 0x5604f45414de <unknown>
#17 0x7fd8d309caa4 <unknown>
#18 0x7fd8d3129c6c <unknown>

2026-03-29 13:24:31 - INFO - Fetching BUY listings for USDT/EUR
2026-03-29 13:24:31 - INFO - Data successfully saved to SQLite database. New listings - Bybit: 4, Binance: 6
2026-03-29 13:24:32 - INFO - Browser session closed
2026-03-29 13:24:32 - INFO - SQLite database connection closed
2026-03-29 14:08:26 - INFO - Logging initialized. Log file: pb2b/logs/bybit_scraper_20260329.log
2026-03-29 14:08:30 - INFO - DataSaver logging initialized. Log file: pb2b/logs/data_saver_20260329.log
2026-03-29 14:08:30 - INFO - Connected to SQLite database: pb2b/p2p_listings.db
2026-03-29 14:08:30 - INFO - Database tables created successfully
2026-03-29 14:08:30 - INFO - Attempt 1/10: Loading https://www.bybit.com/fiat/trade/otc?actionType=1&token=USDT&fiat=NGN
2026-03-29 14:08:38 - INFO - Screenshot saved as 'pb2b/screenshots/bybit_page_20260329_140838.png'
2026-03-29 14:08:38 - WARNING - Error parsing row: Message: no such element: Unable to locate element: {"method":"css selector","selector":"td:nth-child(2)"}
  (Session info: chrome=146.0.7680.164); For documentation on this error, please visit: https://www.selenium.dev/documentation/webdriver/troubleshooting/errors#nosuchelementexception
Stacktrace:
#0 0x55ffda64aa6a <unknown>
#1 0x55ffda059ab5 <unknown>
#2 0x55ffda0ac676 <unknown>
#3 0x55ffda0ac8b1 <unknown>
#4 0x55ffda0a1616 <unknown>
#5 0x55ffda0a14f7 <unknown>
#6 0x55ffda0f47b6 <unknown>
#7 0x55ffda09fcbf <unknown>
#8 0x55ffda0a0a81 <unknown>
#9 0x55ffda610a64 <unknown>
#10 0x55ffda613951 <unknown>
#11 0x55ffda5fd21e <unknown>
#12 0x55ffda61451e <unknown>
#13 0x55ffda5e3be0 <unknown>
#14 0x55ffda6379b8 <unknown>
#15 0x55ffda637b88 <unknown>
#16 0x55ffda6494de <unknown>
#17 0x7fb94fc9caa4 <unknown>
#18 0x7fb94fd29c6c <unknown>

2026-03-29 14:08:38 - WARNING - Error parsing row: Message: no such element: Unable to locate element: {"method":"css selector","selector":"td:nth-child(2)"}
  (Session info: chrome=146.0.7680.164); For documentation on this error, please visit: https://www.selenium.dev/documentation/webdriver/troubleshooting/errors#nosuchelementexception
Stacktrace:
#0 0x55ffda64aa6a <unknown>
#1 0x55ffda059ab5 <unknown>
#2 0x55ffda0ac676 <unknown>
#3 0x55ffda0ac8b1 <unknown>
#4 0x55ffda0a1616 <unknown>
#5 0x55ffda0a14f7 <unknown>
#6 0x55ffda0f47b6 <unknown>
#7 0x55ffda09fcbf <unknown>
#8 0x55ffda0a0a81 <unknown>
#9 0x55ffda610a64 <unknown>
#10 0x55ffda613951 <unknown>
#11 0x55ffda5fd21e <unknown>
#12 0x55ffda61451e <unknown>
#13 0x55ffda5e3be0 <unknown>
#14 0x55ffda6379b8 <unknown>
#15 0x55ffda637b88 <unknown>
#16 0x55ffda6494de <unknown>
#17 0x7fb94fc9caa4 <unknown>
#18 0x7fb94fd29c6c <unknown>

2026-03-29 14:08:39 - INFO - Fetching BUY listings for USDT/EUR
2026-03-29 14:08:39 - INFO - Data successfully saved to SQLite database. New listings - Bybit: 4, Binance: 6
2026-03-29 14:08:39 - INFO - Browser session closed
2026-03-29 14:08:39 - INFO - SQLite database connection closed
2026-03-29 14:56:20 - INFO - Logging initialized. Log file: pb2b/logs/bybit_scraper_20260329.log
2026-03-29 14:56:24 - INFO - DataSaver logging initialized. Log file: pb2b/logs/data_saver_20260329.log
2026-03-29 14:56:24 - INFO - Connected to SQLite database: pb2b/p2p_listings.db
2026-03-29 14:56:24 - INFO - Database tables created successfully
2026-03-29 14:56:24 - INFO - Attempt 1/10: Loading https://www.bybit.com/fiat/trade/otc?actionType=1&token=USDT&fiat=NGN
2026-03-29 14:56:32 - INFO - Screenshot saved as 'pb2b/screenshots/bybit_page_20260329_145632.png'
2026-03-29 14:56:32 - WARNING - Error parsing row: Message: no such element: Unable to locate element: {"method":"css selector","selector":"td:nth-child(2)"}
  (Session info: chrome=146.0.7680.164); For documentation on this error, please visit: https://www.selenium.dev/documentation/webdriver/troubleshooting/errors#nosuchelementexception
Stacktrace:
#0 0x5611500a8a6a <unknown>
#1 0x56114fab7ab5 <unknown>
#2 0x56114fb0a676 <unknown>
#3 0x56114fb0a8b1 <unknown>
#4 0x56114faff616 <unknown>
#5 0x56114faff4f7 <unknown>
#6 0x56114fb527b6 <unknown>
#7 0x56114fafdcbf <unknown>
#8 0x56114fafea81 <unknown>
#9 0x56115006ea64 <unknown>
#10 0x561150071951 <unknown>
#11 0x56115005b21e <unknown>
#12 0x56115007251e <unknown>
#13 0x561150041be0 <unknown>
#14 0x5611500959b8 <unknown>
#15 0x561150095b88 <unknown>
#16 0x5611500a74de <unknown>
#17 0x7fac2ee9caa4 <unknown>
#18 0x7fac2ef29c6c <unknown>

2026-03-29 14:56:32 - WARNING - Error parsing row: Message: no such element: Unable to locate element: {"method":"css selector","selector":"td:nth-child(2)"}
  (Session info: chrome=146.0.7680.164); For documentation on this error, please visit: https://www.selenium.dev/documentation/webdriver/troubleshooting/errors#nosuchelementexception
Stacktrace:
#0 0x5611500a8a6a <unknown>
#1 0x56114fab7ab5 <unknown>
#2 0x56114fb0a676 <unknown>
#3 0x56114fb0a8b1 <unknown>
#4 0x56114faff616 <unknown>
#5 0x56114faff4f7 <unknown>
#6 0x56114fb527b6 <unknown>
#7 0x56114fafdcbf <unknown>
#8 0x56114fafea81 <unknown>
#9 0x56115006ea64 <unknown>
#10 0x561150071951 <unknown>
#11 0x56115005b21e <unknown>
#12 0x56115007251e <unknown>
#13 0x561150041be0 <unknown>
#14 0x5611500959b8 <unknown>
#15 0x561150095b88 <unknown>
#16 0x5611500a74de <unknown>
#17 0x7fac2ee9caa4 <unknown>
#18 0x7fac2ef29c6c <unknown>

2026-03-29 14:56:32 - INFO - Fetching BUY listings for USDT/EUR
2026-03-29 14:56:33 - INFO - Data successfully saved to SQLite database. New listings - Bybit: 4, Binance: 6
2026-03-29 14:56:33 - INFO - Browser session closed
2026-03-29 14:56:33 - INFO - SQLite database connection closed
2026-03-29 15:32:12 - INFO - Logging initialized. Log file: pb2b/logs/bybit_scraper_20260329.log
2026-03-29 15:32:16 - INFO - DataSaver logging initialized. Log file: pb2b/logs/data_saver_20260329.log
2026-03-29 15:32:16 - INFO - Connected to SQLite database: pb2b/p2p_listings.db
2026-03-29 15:32:16 - INFO - Database tables created successfully
2026-03-29 15:32:16 - INFO - Attempt 1/10: Loading https://www.bybit.com/fiat/trade/otc?actionType=1&token=USDT&fiat=NGN
2026-03-29 15:32:25 - INFO - Screenshot saved as 'pb2b/screenshots/bybit_page_20260329_153225.png'
2026-03-29 15:32:25 - WARNING - Error parsing row: Message: no such element: Unable to locate element: {"method":"css selector","selector":"td:nth-child(2)"}
  (Session info: chrome=146.0.7680.164); For documentation on this error, please visit: https://www.selenium.dev/documentation/webdriver/troubleshooting/errors#nosuchelementexception
Stacktrace:
#0 0x556f13e40a6a <unknown>
#1 0x556f1384fab5 <unknown>
#2 0x556f138a2676 <unknown>
#3 0x556f138a28b1 <unknown>
#4 0x556f13897616 <unknown>
#5 0x556f138974f7 <unknown>
#6 0x556f138ea7b6 <unknown>
#7 0x556f13895cbf <unknown>
#8 0x556f13896a81 <unknown>
#9 0x556f13e06a64 <unknown>
#10 0x556f13e09951 <unknown>
#11 0x556f13df321e <unknown>
#12 0x556f13e0a51e <unknown>
#13 0x556f13dd9be0 <unknown>
#14 0x556f13e2d9b8 <unknown>
#15 0x556f13e2db88 <unknown>
#16 0x556f13e3f4de <unknown>
#17 0x7ff46e89caa4 <unknown>
#18 0x7ff46e929c6c <unknown>

2026-03-29 15:32:25 - WARNING - Error parsing row: Message: no such element: Unable to locate element: {"method":"css selector","selector":"td:nth-child(2)"}
  (Session info: chrome=146.0.7680.164); For documentation on this error, please visit: https://www.selenium.dev/documentation/webdriver/troubleshooting/errors#nosuchelementexception
Stacktrace:
#0 0x556f13e40a6a <unknown>
#1 0x556f1384fab5 <unknown>
#2 0x556f138a2676 <unknown>
#3 0x556f138a28b1 <unknown>
#4 0x556f13897616 <unknown>
#5 0x556f138974f7 <unknown>
#6 0x556f138ea7b6 <unknown>
#7 0x556f13895cbf <unknown>
#8 0x556f13896a81 <unknown>
#9 0x556f13e06a64 <unknown>
#10 0x556f13e09951 <unknown>
#11 0x556f13df321e <unknown>
#12 0x556f13e0a51e <unknown>
#13 0x556f13dd9be0 <unknown>
#14 0x556f13e2d9b8 <unknown>
#15 0x556f13e2db88 <unknown>
#16 0x556f13e3f4de <unknown>
#17 0x7ff46e89caa4 <unknown>
#18 0x7ff46e929c6c <unknown>

2026-03-29 15:32:25 - INFO - Fetching BUY listings for USDT/EUR
2026-03-29 15:32:26 - INFO - Data successfully saved to SQLite database. New listings - Bybit: 4, Binance: 6
2026-03-29 15:32:26 - INFO - Browser session closed
2026-03-29 15:32:26 - INFO - SQLite database connection closed
2026-03-29 16:02:35 - INFO - Logging initialized. Log file: pb2b/logs/bybit_scraper_20260329.log
2026-03-29 16:02:39 - INFO - DataSaver logging initialized. Log file: pb2b/logs/data_saver_20260329.log
2026-03-29 16:02:39 - INFO - Connected to SQLite database: pb2b/p2p_listings.db
2026-03-29 16:02:39 - INFO - Database tables created successfully
2026-03-29 16:02:39 - INFO - Attempt 1/10: Loading https://www.bybit.com/fiat/trade/otc?actionType=1&token=USDT&fiat=NGN
2026-03-29 16:02:47 - INFO - Screenshot saved as 'pb2b/screenshots/bybit_page_20260329_160246.png'
2026-03-29 16:02:47 - WARNING - Error parsing row: Message: no such element: Unable to locate element: {"method":"css selector","selector":"td:nth-child(2)"}
  (Session info: chrome=146.0.7680.164); For documentation on this error, please visit: https://www.selenium.dev/documentation/webdriver/troubleshooting/errors#nosuchelementexception
Stacktrace:
#0 0x55f8b0937a6a <unknown>
#1 0x55f8b0346ab5 <unknown>
#2 0x55f8b0399676 <unknown>
#3 0x55f8b03998b1 <unknown>
#4 0x55f8b038e616 <unknown>
#5 0x55f8b038e4f7 <unknown>
#6 0x55f8b03e17b6 <unknown>
#7 0x55f8b038ccbf <unknown>
#8 0x55f8b038da81 <unknown>
#9 0x55f8b08fda64 <unknown>
#10 0x55f8b0900951 <unknown>
#11 0x55f8b08ea21e <unknown>
#12 0x55f8b090151e <unknown>
#13 0x55f8b08d0be0 <unknown>
#14 0x55f8b09249b8 <unknown>
#15 0x55f8b0924b88 <unknown>
#16 0x55f8b09364de <unknown>
#17 0x7f126d09caa4 <unknown>
#18 0x7f126d129c6c <unknown>

2026-03-29 16:02:47 - WARNING - Error parsing row: Message: no such element: Unable to locate element: {"method":"css selector","selector":"td:nth-child(2)"}
  (Session info: chrome=146.0.7680.164); For documentation on this error, please visit: https://www.selenium.dev/documentation/webdriver/troubleshooting/errors#nosuchelementexception
Stacktrace:
#0 0x55f8b0937a6a <unknown>
#1 0x55f8b0346ab5 <unknown>
#2 0x55f8b0399676 <unknown>
#3 0x55f8b03998b1 <unknown>
#4 0x55f8b038e616 <unknown>
#5 0x55f8b038e4f7 <unknown>
#6 0x55f8b03e17b6 <unknown>
#7 0x55f8b038ccbf <unknown>
#8 0x55f8b038da81 <unknown>
#9 0x55f8b08fda64 <unknown>
#10 0x55f8b0900951 <unknown>
#11 0x55f8b08ea21e <unknown>
#12 0x55f8b090151e <unknown>
#13 0x55f8b08d0be0 <unknown>
#14 0x55f8b09249b8 <unknown>
#15 0x55f8b0924b88 <unknown>
#16 0x55f8b09364de <unknown>
#17 0x7f126d09caa4 <unknown>
#18 0x7f126d129c6c <unknown>

2026-03-29 16:02:47 - INFO - Fetching BUY listings for USDT/EUR
2026-03-29 16:02:48 - INFO - Data successfully saved to SQLite database. New listings - Bybit: 4, Binance: 6
2026-03-29 16:02:48 - INFO - Browser session closed
2026-03-29 16:02:48 - INFO - SQLite database connection closed
2026-03-29 16:52:55 - INFO - Logging initialized. Log file: pb2b/logs/bybit_scraper_20260329.log
2026-03-29 16:52:56 - INFO - DataSaver logging initialized. Log file: pb2b/logs/data_saver_20260329.log
2026-03-29 16:52:56 - INFO - Connected to SQLite database: pb2b/p2p_listings.db
2026-03-29 16:52:56 - INFO - Database tables created successfully
2026-03-29 16:52:56 - INFO - Attempt 1/10: Loading https://www.bybit.com/fiat/trade/otc?actionType=1&token=USDT&fiat=NGN
2026-03-29 16:53:04 - INFO - Screenshot saved as 'pb2b/screenshots/bybit_page_20260329_165304.png'
2026-03-29 16:53:04 - WARNING - Error parsing row: Message: no such element: Unable to locate element: {"method":"css selector","selector":"td:nth-child(2)"}
  (Session info: chrome=146.0.7680.164); For documentation on this error, please visit: https://www.selenium.dev/documentation/webdriver/troubleshooting/errors#nosuchelementexception
Stacktrace:
#0 0x563c16582a6a <unknown>
#1 0x563c15f91ab5 <unknown>
#2 0x563c15fe4676 <unknown>
#3 0x563c15fe48b1 <unknown>
#4 0x563c15fd9616 <unknown>
#5 0x563c15fd94f7 <unknown>
#6 0x563c1602c7b6 <unknown>
#7 0x563c15fd7cbf <unknown>
#8 0x563c15fd8a81 <unknown>
#9 0x563c16548a64 <unknown>
#10 0x563c1654b951 <unknown>
#11 0x563c1653521e <unknown>
#12 0x563c1654c51e <unknown>
#13 0x563c1651bbe0 <unknown>
#14 0x563c1656f9b8 <unknown>
#15 0x563c1656fb88 <unknown>
#16 0x563c165814de <unknown>
#17 0x7f38c6a9caa4 <unknown>
#18 0x7f38c6b29c6c <unknown>

2026-03-29 16:53:04 - WARNING - Error parsing row: Message: no such element: Unable to locate element: {"method":"css selector","selector":"td:nth-child(2)"}
  (Session info: chrome=146.0.7680.164); For documentation on this error, please visit: https://www.selenium.dev/documentation/webdriver/troubleshooting/errors#nosuchelementexception
Stacktrace:
#0 0x563c16582a6a <unknown>
#1 0x563c15f91ab5 <unknown>
#2 0x563c15fe4676 <unknown>
#3 0x563c15fe48b1 <unknown>
#4 0x563c15fd9616 <unknown>
#5 0x563c15fd94f7 <unknown>
#6 0x563c1602c7b6 <unknown>
#7 0x563c15fd7cbf <unknown>
#8 0x563c15fd8a81 <unknown>
#9 0x563c16548a64 <unknown>
#10 0x563c1654b951 <unknown>
#11 0x563c1653521e <unknown>
#12 0x563c1654c51e <unknown>
#13 0x563c1651bbe0 <unknown>
#14 0x563c1656f9b8 <unknown>
#15 0x563c1656fb88 <unknown>
#16 0x563c165814de <unknown>
#17 0x7f38c6a9caa4 <unknown>
#18 0x7f38c6b29c6c <unknown>

2026-03-29 16:53:04 - INFO - Fetching BUY listings for USDT/EUR
2026-03-29 16:53:05 - INFO - Data successfully saved to SQLite database. New listings - Bybit: 4, Binance: 6
2026-03-29 16:53:05 - INFO - Browser session closed
2026-03-29 16:53:05 - INFO - SQLite database connection closed
2026-03-29 17:24:47 - INFO - Logging initialized. Log file: pb2b/logs/bybit_scraper_20260329.log
2026-03-29 17:24:51 - INFO - DataSaver logging initialized. Log file: pb2b/logs/data_saver_20260329.log
2026-03-29 17:24:51 - INFO - Connected to SQLite database: pb2b/p2p_listings.db
2026-03-29 17:24:51 - INFO - Database tables created successfully
2026-03-29 17:24:51 - INFO - Attempt 1/10: Loading https://www.bybit.com/fiat/trade/otc?actionType=1&token=USDT&fiat=NGN
2026-03-29 17:25:00 - INFO - Screenshot saved as 'pb2b/screenshots/bybit_page_20260329_172500.png'
2026-03-29 17:25:00 - WARNING - Error parsing row: Message: no such element: Unable to locate element: {"method":"css selector","selector":"td:nth-child(2)"}
  (Session info: chrome=146.0.7680.164); For documentation on this error, please visit: https://www.selenium.dev/documentation/webdriver/troubleshooting/errors#nosuchelementexception
Stacktrace:
#0 0x55e4f50dda6a <unknown>
#1 0x55e4f4aecab5 <unknown>
#2 0x55e4f4b3f676 <unknown>
#3 0x55e4f4b3f8b1 <unknown>
#4 0x55e4f4b34616 <unknown>
#5 0x55e4f4b344f7 <unknown>
#6 0x55e4f4b877b6 <unknown>
#7 0x55e4f4b32cbf <unknown>
#8 0x55e4f4b33a81 <unknown>
#9 0x55e4f50a3a64 <unknown>
#10 0x55e4f50a6951 <unknown>
#11 0x55e4f509021e <unknown>
#12 0x55e4f50a751e <unknown>
#13 0x55e4f5076be0 <unknown>
#14 0x55e4f50ca9b8 <unknown>
#15 0x55e4f50cab88 <unknown>
#16 0x55e4f50dc4de <unknown>
#17 0x7f85c289caa4 <unknown>
#18 0x7f85c2929c6c <unknown>

2026-03-29 17:25:00 - WARNING - Error parsing row: Message: no such element: Unable to locate element: {"method":"css selector","selector":"td:nth-child(2)"}
  (Session info: chrome=146.0.7680.164); For documentation on this error, please visit: https://www.selenium.dev/documentation/webdriver/troubleshooting/errors#nosuchelementexception
Stacktrace:
#0 0x55e4f50dda6a <unknown>
#1 0x55e4f4aecab5 <unknown>
#2 0x55e4f4b3f676 <unknown>
#3 0x55e4f4b3f8b1 <unknown>
#4 0x55e4f4b34616 <unknown>
#5 0x55e4f4b344f7 <unknown>
#6 0x55e4f4b877b6 <unknown>
#7 0x55e4f4b32cbf <unknown>
#8 0x55e4f4b33a81 <unknown>
#9 0x55e4f50a3a64 <unknown>
#10 0x55e4f50a6951 <unknown>
#11 0x55e4f509021e <unknown>
#12 0x55e4f50a751e <unknown>
#13 0x55e4f5076be0 <unknown>
#14 0x55e4f50ca9b8 <unknown>
#15 0x55e4f50cab88 <unknown>
#16 0x55e4f50dc4de <unknown>
#17 0x7f85c289caa4 <unknown>
#18 0x7f85c2929c6c <unknown>

2026-03-29 17:25:00 - INFO - Fetching BUY listings for USDT/EUR
2026-03-29 17:25:01 - INFO - Data successfully saved to SQLite database. New listings - Bybit: 4, Binance: 6
2026-03-29 17:25:01 - INFO - Browser session closed
2026-03-29 17:25:01 - INFO - SQLite database connection closed
2026-03-29 17:59:31 - INFO - Logging initialized. Log file: pb2b/logs/bybit_scraper_20260329.log
2026-03-29 17:59:31 - INFO - DataSaver logging initialized. Log file: pb2b/logs/data_saver_20260329.log
2026-03-29 17:59:31 - INFO - Connected to SQLite database: pb2b/p2p_listings.db
2026-03-29 17:59:31 - INFO - Database tables created successfully
2026-03-29 17:59:31 - INFO - Attempt 1/10: Loading https://www.bybit.com/fiat/trade/otc?actionType=1&token=USDT&fiat=NGN
2026-03-29 17:59:39 - INFO - Screenshot saved as 'pb2b/screenshots/bybit_page_20260329_175938.png'
2026-03-29 17:59:39 - WARNING - Error parsing row: Message: no such element: Unable to locate element: {"method":"css selector","selector":"td:nth-child(2)"}
  (Session info: chrome=146.0.7680.164); For documentation on this error, please visit: https://www.selenium.dev/documentation/webdriver/troubleshooting/errors#nosuchelementexception
Stacktrace:
#0 0x55a5af6e7a6a <unknown>
#1 0x55a5af0f6ab5 <unknown>
#2 0x55a5af149676 <unknown>
#3 0x55a5af1498b1 <unknown>
#4 0x55a5af13e616 <unknown>
#5 0x55a5af13e4f7 <unknown>
#6 0x55a5af1917b6 <unknown>
#7 0x55a5af13ccbf <unknown>
#8 0x55a5af13da81 <unknown>
#9 0x55a5af6ada64 <unknown>
#10 0x55a5af6b0951 <unknown>
#11 0x55a5af69a21e <unknown>
#12 0x55a5af6b151e <unknown>
#13 0x55a5af680be0 <unknown>
#14 0x55a5af6d49b8 <unknown>
#15 0x55a5af6d4b88 <unknown>
#16 0x55a5af6e64de <unknown>
#17 0x7f352369caa4 <unknown>
#18 0x7f3523729c6c <unknown>

2026-03-29 17:59:39 - WARNING - Error parsing row: Message: no such element: Unable to locate element: {"method":"css selector","selector":"td:nth-child(2)"}
  (Session info: chrome=146.0.7680.164); For documentation on this error, please visit: https://www.selenium.dev/documentation/webdriver/troubleshooting/errors#nosuchelementexception
Stacktrace:
#0 0x55a5af6e7a6a <unknown>
#1 0x55a5af0f6ab5 <unknown>
#2 0x55a5af149676 <unknown>
#3 0x55a5af1498b1 <unknown>
#4 0x55a5af13e616 <unknown>
#5 0x55a5af13e4f7 <unknown>
#6 0x55a5af1917b6 <unknown>
#7 0x55a5af13ccbf <unknown>
#8 0x55a5af13da81 <unknown>
#9 0x55a5af6ada64 <unknown>
#10 0x55a5af6b0951 <unknown>
#11 0x55a5af69a21e <unknown>
#12 0x55a5af6b151e <unknown>
#13 0x55a5af680be0 <unknown>
#14 0x55a5af6d49b8 <unknown>
#15 0x55a5af6d4b88 <unknown>
#16 0x55a5af6e64de <unknown>
#17 0x7f352369caa4 <unknown>
#18 0x7f3523729c6c <unknown>

2026-03-29 17:59:39 - INFO - Fetching BUY listings for USDT/EUR
2026-03-29 17:59:40 - INFO - Data successfully saved to SQLite database. New listings - Bybit: 4, Binance: 6
2026-03-29 17:59:40 - INFO - Browser session closed
2026-03-29 17:59:40 - INFO - SQLite database connection closed
2026-03-29 18:55:50 - INFO - Logging initialized. Log file: pb2b/logs/bybit_scraper_20260329.log
2026-03-29 18:55:54 - INFO - DataSaver logging initialized. Log file: pb2b/logs/data_saver_20260329.log
2026-03-29 18:55:54 - INFO - Connected to SQLite database: pb2b/p2p_listings.db
2026-03-29 18:55:54 - INFO - Database tables created successfully
2026-03-29 18:55:54 - INFO - Attempt 1/10: Loading https://www.bybit.com/fiat/trade/otc?actionType=1&token=USDT&fiat=NGN
2026-03-29 18:56:01 - INFO - Screenshot saved as 'pb2b/screenshots/bybit_page_20260329_185601.png'
2026-03-29 18:56:01 - WARNING - Error parsing row: Message: no such element: Unable to locate element: {"method":"css selector","selector":"td:nth-child(2)"}
  (Session info: chrome=146.0.7680.164); For documentation on this error, please visit: https://www.selenium.dev/documentation/webdriver/troubleshooting/errors#nosuchelementexception
Stacktrace:
#0 0x55bbc04aaa6a <unknown>
#1 0x55bbbfeb9ab5 <unknown>
#2 0x55bbbff0c676 <unknown>
#3 0x55bbbff0c8b1 <unknown>
#4 0x55bbbff01616 <unknown>
#5 0x55bbbff014f7 <unknown>
#6 0x55bbbff547b6 <unknown>
#7 0x55bbbfeffcbf <unknown>
#8 0x55bbbff00a81 <unknown>
#9 0x55bbc0470a64 <unknown>
#10 0x55bbc0473951 <unknown>
#11 0x55bbc045d21e <unknown>
#12 0x55bbc047451e <unknown>
#13 0x55bbc0443be0 <unknown>
#14 0x55bbc04979b8 <unknown>
#15 0x55bbc0497b88 <unknown>
#16 0x55bbc04a94de <unknown>
#17 0x7f18a269caa4 <unknown>
#18 0x7f18a2729c6c <unknown>

2026-03-29 18:56:01 - WARNING - Error parsing row: Message: no such element: Unable to locate element: {"method":"css selector","selector":"td:nth-child(2)"}
  (Session info: chrome=146.0.7680.164); For documentation on this error, please visit: https://www.selenium.dev/documentation/webdriver/troubleshooting/errors#nosuchelementexception
Stacktrace:
#0 0x55bbc04aaa6a <unknown>
#1 0x55bbbfeb9ab5 <unknown>
#2 0x55bbbff0c676 <unknown>
#3 0x55bbbff0c8b1 <unknown>
#4 0x55bbbff01616 <unknown>
#5 0x55bbbff014f7 <unknown>
#6 0x55bbbff547b6 <unknown>
#7 0x55bbbfeffcbf <unknown>
#8 0x55bbbff00a81 <unknown>
#9 0x55bbc0470a64 <unknown>
#10 0x55bbc0473951 <unknown>
#11 0x55bbc045d21e <unknown>
#12 0x55bbc047451e <unknown>
#13 0x55bbc0443be0 <unknown>
#14 0x55bbc04979b8 <unknown>
#15 0x55bbc0497b88 <unknown>
#16 0x55bbc04a94de <unknown>
#17 0x7f18a269caa4 <unknown>
#18 0x7f18a2729c6c <unknown>

2026-03-29 18:56:02 - INFO - Fetching BUY listings for USDT/EUR
2026-03-29 18:56:03 - INFO - Data successfully saved to SQLite database. New listings - Bybit: 4, Binance: 6
2026-03-29 18:56:03 - INFO - Browser session closed
2026-03-29 18:56:03 - INFO - SQLite database connection closed
2026-03-29 19:34:48 - INFO - Logging initialized. Log file: pb2b/logs/bybit_scraper_20260329.log
2026-03-29 19:34:53 - INFO - DataSaver logging initialized. Log file: pb2b/logs/data_saver_20260329.log
2026-03-29 19:34:53 - INFO - Connected to SQLite database: pb2b/p2p_listings.db
2026-03-29 19:34:53 - INFO - Database tables created successfully
2026-03-29 19:34:53 - INFO - Attempt 1/10: Loading https://www.bybit.com/fiat/trade/otc?actionType=1&token=USDT&fiat=NGN
2026-03-29 19:35:01 - INFO - Screenshot saved as 'pb2b/screenshots/bybit_page_20260329_193501.png'
2026-03-29 19:35:01 - WARNING - Error parsing row: Message: no such element: Unable to locate element: {"method":"css selector","selector":"td:nth-child(2)"}
  (Session info: chrome=146.0.7680.164); For documentation on this error, please visit: https://www.selenium.dev/documentation/webdriver/troubleshooting/errors#nosuchelementexception
Stacktrace:
#0 0x5584132c9a6a <unknown>
#1 0x558412cd8ab5 <unknown>
#2 0x558412d2b676 <unknown>
#3 0x558412d2b8b1 <unknown>
#4 0x558412d20616 <unknown>
#5 0x558412d204f7 <unknown>
#6 0x558412d737b6 <unknown>
#7 0x558412d1ecbf <unknown>
#8 0x558412d1fa81 <unknown>
#9 0x55841328fa64 <unknown>
#10 0x558413292951 <unknown>
#11 0x55841327c21e <unknown>
#12 0x55841329351e <unknown>
#13 0x558413262be0 <unknown>
#14 0x5584132b69b8 <unknown>
#15 0x5584132b6b88 <unknown>
#16 0x5584132c84de <unknown>
#17 0x7f221d09caa4 <unknown>
#18 0x7f221d129c6c <unknown>

2026-03-29 19:35:01 - WARNING - Error parsing row: Message: no such element: Unable to locate element: {"method":"css selector","selector":"td:nth-child(2)"}
  (Session info: chrome=146.0.7680.164); For documentation on this error, please visit: https://www.selenium.dev/documentation/webdriver/troubleshooting/errors#nosuchelementexception
Stacktrace:
#0 0x5584132c9a6a <unknown>
#1 0x558412cd8ab5 <unknown>
#2 0x558412d2b676 <unknown>
#3 0x558412d2b8b1 <unknown>
#4 0x558412d20616 <unknown>
#5 0x558412d204f7 <unknown>
#6 0x558412d737b6 <unknown>
#7 0x558412d1ecbf <unknown>
#8 0x558412d1fa81 <unknown>
#9 0x55841328fa64 <unknown>
#10 0x558413292951 <unknown>
#11 0x55841327c21e <unknown>
#12 0x55841329351e <unknown>
#13 0x558413262be0 <unknown>
#14 0x5584132b69b8 <unknown>
#15 0x5584132b6b88 <unknown>
#16 0x5584132c84de <unknown>
#17 0x7f221d09caa4 <unknown>
#18 0x7f221d129c6c <unknown>

2026-03-29 19:35:02 - INFO - Fetching BUY listings for USDT/EUR
2026-03-29 19:35:03 - INFO - Data successfully saved to SQLite database. New listings - Bybit: 4, Binance: 6
2026-03-29 19:35:03 - INFO - Browser session closed
2026-03-29 19:35:03 - INFO - SQLite database connection closed
2026-03-29 20:02:14 - INFO - Logging initialized. Log file: pb2b/logs/bybit_scraper_20260329.log
2026-03-29 20:02:15 - INFO - DataSaver logging initialized. Log file: pb2b/logs/data_saver_20260329.log
2026-03-29 20:02:15 - INFO - Connected to SQLite database: pb2b/p2p_listings.db
2026-03-29 20:02:15 - INFO - Database tables created successfully
2026-03-29 20:02:15 - INFO - Attempt 1/10: Loading https://www.bybit.com/fiat/trade/otc?actionType=1&token=USDT&fiat=NGN
2026-03-29 20:02:22 - INFO - Screenshot saved as 'pb2b/screenshots/bybit_page_20260329_200222.png'
2026-03-29 20:02:22 - WARNING - Error parsing row: Message: no such element: Unable to locate element: {"method":"css selector","selector":"td:nth-child(2)"}
  (Session info: chrome=146.0.7680.164); For documentation on this error, please visit: https://www.selenium.dev/documentation/webdriver/troubleshooting/errors#nosuchelementexception
Stacktrace:
#0 0x563ff6fcba6a <unknown>
#1 0x563ff69daab5 <unknown>
#2 0x563ff6a2d676 <unknown>
#3 0x563ff6a2d8b1 <unknown>
#4 0x563ff6a22616 <unknown>
#5 0x563ff6a224f7 <unknown>
#6 0x563ff6a757b6 <unknown>
#7 0x563ff6a20cbf <unknown>
#8 0x563ff6a21a81 <unknown>
#9 0x563ff6f91a64 <unknown>
#10 0x563ff6f94951 <unknown>
#11 0x563ff6f7e21e <unknown>
#12 0x563ff6f9551e <unknown>
#13 0x563ff6f64be0 <unknown>
#14 0x563ff6fb89b8 <unknown>
#15 0x563ff6fb8b88 <unknown>
#16 0x563ff6fca4de <unknown>
#17 0x7fb70da9caa4 <unknown>
#18 0x7fb70db29c6c <unknown>

2026-03-29 20:02:22 - WARNING - Error parsing row: Message: no such element: Unable to locate element: {"method":"css selector","selector":"td:nth-child(2)"}
  (Session info: chrome=146.0.7680.164); For documentation on this error, please visit: https://www.selenium.dev/documentation/webdriver/troubleshooting/errors#nosuchelementexception
Stacktrace:
#0 0x563ff6fcba6a <unknown>
#1 0x563ff69daab5 <unknown>
#2 0x563ff6a2d676 <unknown>
#3 0x563ff6a2d8b1 <unknown>
#4 0x563ff6a22616 <unknown>
#5 0x563ff6a224f7 <unknown>
#6 0x563ff6a757b6 <unknown>
#7 0x563ff6a20cbf <unknown>
#8 0x563ff6a21a81 <unknown>
#9 0x563ff6f91a64 <unknown>
#10 0x563ff6f94951 <unknown>
#11 0x563ff6f7e21e <unknown>
#12 0x563ff6f9551e <unknown>
#13 0x563ff6f64be0 <unknown>
#14 0x563ff6fb89b8 <unknown>
#15 0x563ff6fb8b88 <unknown>
#16 0x563ff6fca4de <unknown>
#17 0x7fb70da9caa4 <unknown>
#18 0x7fb70db29c6c <unknown>

2026-03-29 20:02:22 - INFO - Fetching BUY listings for USDT/EUR
2026-03-29 20:02:23 - INFO - Data successfully saved to SQLite database. New listings - Bybit: 4, Binance: 6
2026-03-29 20:02:23 - INFO - Browser session closed
2026-03-29 20:02:23 - INFO - SQLite database connection closed
2026-03-29 20:50:56 - INFO - Logging initialized. Log file: pb2b/logs/bybit_scraper_20260329.log
2026-03-29 20:51:00 - INFO - DataSaver logging initialized. Log file: pb2b/logs/data_saver_20260329.log
2026-03-29 20:51:00 - INFO - Connected to SQLite database: pb2b/p2p_listings.db
2026-03-29 20:51:00 - INFO - Database tables created successfully
2026-03-29 20:51:00 - INFO - Attempt 1/10: Loading https://www.bybit.com/fiat/trade/otc?actionType=1&token=USDT&fiat=NGN
2026-03-29 20:51:07 - INFO - Screenshot saved as 'pb2b/screenshots/bybit_page_20260329_205107.png'
2026-03-29 20:51:07 - WARNING - Error parsing row: Message: no such element: Unable to locate element: {"method":"css selector","selector":"td:nth-child(2)"}
  (Session info: chrome=146.0.7680.164); For documentation on this error, please visit: https://www.selenium.dev/documentation/webdriver/troubleshooting/errors#nosuchelementexception
Stacktrace:
#0 0x55c0b557da6a <unknown>
#1 0x55c0b4f8cab5 <unknown>
#2 0x55c0b4fdf676 <unknown>
#3 0x55c0b4fdf8b1 <unknown>
#4 0x55c0b4fd4616 <unknown>
#5 0x55c0b4fd44f7 <unknown>
#6 0x55c0b50277b6 <unknown>
#7 0x55c0b4fd2cbf <unknown>
#8 0x55c0b4fd3a81 <unknown>
#9 0x55c0b5543a64 <unknown>
#10 0x55c0b5546951 <unknown>
#11 0x55c0b553021e <unknown>
#12 0x55c0b554751e <unknown>
#13 0x55c0b5516be0 <unknown>
#14 0x55c0b556a9b8 <unknown>
#15 0x55c0b556ab88 <unknown>
#16 0x55c0b557c4de <unknown>
#17 0x7f5bd629caa4 <unknown>
#18 0x7f5bd6329c6c <unknown>

2026-03-29 20:51:07 - WARNING - Error parsing row: Message: no such element: Unable to locate element: {"method":"css selector","selector":"td:nth-child(2)"}
  (Session info: chrome=146.0.7680.164); For documentation on this error, please visit: https://www.selenium.dev/documentation/webdriver/troubleshooting/errors#nosuchelementexception
Stacktrace:
#0 0x55c0b557da6a <unknown>
#1 0x55c0b4f8cab5 <unknown>
#2 0x55c0b4fdf676 <unknown>
#3 0x55c0b4fdf8b1 <unknown>
#4 0x55c0b4fd4616 <unknown>
#5 0x55c0b4fd44f7 <unknown>
#6 0x55c0b50277b6 <unknown>
#7 0x55c0b4fd2cbf <unknown>
#8 0x55c0b4fd3a81 <unknown>
#9 0x55c0b5543a64 <unknown>
#10 0x55c0b5546951 <unknown>
#11 0x55c0b553021e <unknown>
#12 0x55c0b554751e <unknown>
#13 0x55c0b5516be0 <unknown>
#14 0x55c0b556a9b8 <unknown>
#15 0x55c0b556ab88 <unknown>
#16 0x55c0b557c4de <unknown>
#17 0x7f5bd629caa4 <unknown>
#18 0x7f5bd6329c6c <unknown>

2026-03-29 20:51:08 - INFO - Fetching BUY listings for USDT/EUR
2026-03-29 20:51:08 - INFO - Data successfully saved to SQLite database. New listings - Bybit: 4, Binance: 6
2026-03-29 20:51:08 - INFO - Browser session closed
2026-03-29 20:51:08 - INFO - SQLite database connection closed
2026-03-29 21:24:14 - INFO - Logging initialized. Log file: pb2b/logs/bybit_scraper_20260329.log
2026-03-29 21:24:17 - INFO - DataSaver logging initialized. Log file: pb2b/logs/data_saver_20260329.log
2026-03-29 21:24:17 - INFO - Connected to SQLite database: pb2b/p2p_listings.db
2026-03-29 21:24:17 - INFO - Database tables created successfully
2026-03-29 21:24:17 - INFO - Attempt 1/10: Loading https://www.bybit.com/fiat/trade/otc?actionType=1&token=USDT&fiat=NGN
2026-03-29 21:24:26 - INFO - Screenshot saved as 'pb2b/screenshots/bybit_page_20260329_212426.png'
2026-03-29 21:24:26 - WARNING - Error parsing row: Message: no such element: Unable to locate element: {"method":"css selector","selector":"td:nth-child(2)"}
  (Session info: chrome=146.0.7680.164); For documentation on this error, please visit: https://www.selenium.dev/documentation/webdriver/troubleshooting/errors#nosuchelementexception
Stacktrace:
#0 0x55d48ca7fa6a <unknown>
#1 0x55d48c48eab5 <unknown>
#2 0x55d48c4e1676 <unknown>
#3 0x55d48c4e18b1 <unknown>
#4 0x55d48c4d6616 <unknown>
#5 0x55d48c4d64f7 <unknown>
#6 0x55d48c5297b6 <unknown>
#7 0x55d48c4d4cbf <unknown>
#8 0x55d48c4d5a81 <unknown>
#9 0x55d48ca45a64 <unknown>
#10 0x55d48ca48951 <unknown>
#11 0x55d48ca3221e <unknown>
#12 0x55d48ca4951e <unknown>
#13 0x55d48ca18be0 <unknown>
#14 0x55d48ca6c9b8 <unknown>
#15 0x55d48ca6cb88 <unknown>
#16 0x55d48ca7e4de <unknown>
#17 0x7f0bb4e9caa4 <unknown>
#18 0x7f0bb4f29c6c <unknown>

2026-03-29 21:24:26 - WARNING - Error parsing row: Message: no such element: Unable to locate element: {"method":"css selector","selector":"td:nth-child(2)"}
  (Session info: chrome=146.0.7680.164); For documentation on this error, please visit: https://www.selenium.dev/documentation/webdriver/troubleshooting/errors#nosuchelementexception
Stacktrace:
#0 0x55d48ca7fa6a <unknown>
#1 0x55d48c48eab5 <unknown>
#2 0x55d48c4e1676 <unknown>
#3 0x55d48c4e18b1 <unknown>
#4 0x55d48c4d6616 <unknown>
#5 0x55d48c4d64f7 <unknown>
#6 0x55d48c5297b6 <unknown>
#7 0x55d48c4d4cbf <unknown>
#8 0x55d48c4d5a81 <unknown>
#9 0x55d48ca45a64 <unknown>
#10 0x55d48ca48951 <unknown>
#11 0x55d48ca3221e <unknown>
#12 0x55d48ca4951e <unknown>
#13 0x55d48ca18be0 <unknown>
#14 0x55d48ca6c9b8 <unknown>
#15 0x55d48ca6cb88 <unknown>
#16 0x55d48ca7e4de <unknown>
#17 0x7f0bb4e9caa4 <unknown>
#18 0x7f0bb4f29c6c <unknown>

2026-03-29 21:24:26 - INFO - Fetching BUY listings for USDT/EUR
2026-03-29 21:24:27 - INFO - Data successfully saved to SQLite database. New listings - Bybit: 4, Binance: 6
2026-03-29 21:24:27 - INFO - Browser session closed
2026-03-29 21:24:27 - INFO - SQLite database connection closed
