2025-05-10 00:00:23 - INFO - Logging initialized. Log file: pb2b/logs/bybit_scraper_20250510.log
2025-05-10 00:00:25 - INFO - DataSaver logging initialized. Log file: pb2b/logs/data_saver_20250510.log
2025-05-10 00:00:25 - INFO - Connected to SQLite database: pb2b/p2p_listings.db
2025-05-10 00:00:25 - INFO - Database tables created successfully
2025-05-10 00:00:25 - INFO - Attempt 1/10: Loading https://www.bybit.com/fiat/trade/otc?actionType=1&token=USDT&fiat=NGN
2025-05-10 00:00:35 - INFO - Screenshot saved as 'pb2b/screenshots/bybit_page_20250510_000035.png'
2025-05-10 00:00:35 - INFO - Fetching BUY listings for USDT/EUR
2025-05-10 00:00:36 - INFO - Data successfully saved to SQLite database. New listings - Bybit: 4, Binance: 6
2025-05-10 00:00:36 - INFO - Browser session closed
2025-05-10 00:00:36 - INFO - SQLite database connection closed
2025-05-10 02:03:10 - INFO - Logging initialized. Log file: pb2b/logs/bybit_scraper_20250510.log
2025-05-10 02:03:11 - INFO - DataSaver logging initialized. Log file: pb2b/logs/data_saver_20250510.log
2025-05-10 02:03:11 - INFO - Connected to SQLite database: pb2b/p2p_listings.db
2025-05-10 02:03:11 - INFO - Database tables created successfully
2025-05-10 02:03:11 - INFO - Attempt 1/10: Loading https://www.bybit.com/fiat/trade/otc?actionType=1&token=USDT&fiat=NGN
2025-05-10 02:03:22 - INFO - Screenshot saved as 'pb2b/screenshots/bybit_page_20250510_020322.png'
2025-05-10 02:03:22 - INFO - Fetching BUY listings for USDT/EUR
2025-05-10 02:03:23 - INFO - Data successfully saved to SQLite database. New listings - Bybit: 4, Binance: 6
2025-05-10 02:03:23 - INFO - Browser session closed
2025-05-10 02:03:23 - INFO - SQLite database connection closed
2025-05-10 03:12:05 - INFO - Logging initialized. Log file: pb2b/logs/bybit_scraper_20250510.log
2025-05-10 03:12:06 - INFO - DataSaver logging initialized. Log file: pb2b/logs/data_saver_20250510.log
2025-05-10 03:12:06 - INFO - Connected to SQLite database: pb2b/p2p_listings.db
2025-05-10 03:12:06 - INFO - Database tables created successfully
2025-05-10 03:12:06 - INFO - Attempt 1/10: Loading https://www.bybit.com/fiat/trade/otc?actionType=1&token=USDT&fiat=NGN
2025-05-10 03:12:19 - INFO - Screenshot saved as 'pb2b/screenshots/bybit_page_20250510_031219.png'
2025-05-10 03:12:20 - INFO - Fetching BUY listings for USDT/EUR
2025-05-10 03:12:20 - INFO - Data successfully saved to SQLite database. New listings - Bybit: 4, Binance: 6
2025-05-10 03:12:20 - INFO - Browser session closed
2025-05-10 03:12:20 - INFO - SQLite database connection closed
