2025-05-26 02:03:35 - INFO - Logging initialized. Log file: pb2b/logs/bybit_scraper_20250526.log
2025-05-26 02:03:36 - INFO - DataSaver logging initialized. Log file: pb2b/logs/data_saver_20250526.log
2025-05-26 02:03:36 - INFO - Connected to SQLite database: pb2b/p2p_listings.db
2025-05-26 02:03:36 - INFO - Database tables created successfully
2025-05-26 02:03:36 - INFO - Attempt 1/10: Loading https://www.bybit.com/fiat/trade/otc?actionType=1&token=USDT&fiat=NGN
2025-05-26 02:03:47 - INFO - Screenshot saved as 'pb2b/screenshots/bybit_page_20250526_020347.png'
2025-05-26 02:03:48 - INFO - Fetching BUY listings for USDT/EUR
2025-05-26 02:03:49 - INFO - Data successfully saved to SQLite database. New listings - Bybit: 4, Binance: 6
2025-05-26 02:03:49 - INFO - Browser session closed
2025-05-26 02:03:49 - INFO - SQLite database connection closed
2025-05-26 03:22:38 - INFO - Logging initialized. Log file: pb2b/logs/bybit_scraper_20250526.log
2025-05-26 03:22:38 - INFO - DataSaver logging initialized. Log file: pb2b/logs/data_saver_20250526.log
2025-05-26 03:22:38 - INFO - Connected to SQLite database: pb2b/p2p_listings.db
2025-05-26 03:22:38 - INFO - Database tables created successfully
2025-05-26 03:22:38 - INFO - Attempt 1/10: Loading https://www.bybit.com/fiat/trade/otc?actionType=1&token=USDT&fiat=NGN
2025-05-26 03:22:49 - INFO - Screenshot saved as 'pb2b/screenshots/bybit_page_20250526_032249.png'
2025-05-26 03:22:50 - INFO - Fetching BUY listings for USDT/EUR
2025-05-26 03:22:50 - INFO - Data successfully saved to SQLite database. New listings - Bybit: 4, Binance: 6
2025-05-26 03:22:51 - INFO - Browser session closed
2025-05-26 03:22:51 - INFO - SQLite database connection closed
2025-05-26 04:00:45 - INFO - Logging initialized. Log file: pb2b/logs/bybit_scraper_20250526.log
2025-05-26 04:00:46 - INFO - DataSaver logging initialized. Log file: pb2b/logs/data_saver_20250526.log
2025-05-26 04:00:46 - INFO - Connected to SQLite database: pb2b/p2p_listings.db
2025-05-26 04:00:46 - INFO - Database tables created successfully
2025-05-26 04:00:46 - INFO - Attempt 1/10: Loading https://www.bybit.com/fiat/trade/otc?actionType=1&token=USDT&fiat=NGN
2025-05-26 04:00:58 - INFO - Screenshot saved as 'pb2b/screenshots/bybit_page_20250526_040057.png'
2025-05-26 04:00:58 - INFO - Fetching BUY listings for USDT/EUR
2025-05-26 04:00:59 - INFO - Data successfully saved to SQLite database. New listings - Bybit: 4, Binance: 6
2025-05-26 04:00:59 - INFO - Browser session closed
2025-05-26 04:00:59 - INFO - SQLite database connection closed
2025-05-26 04:37:17 - INFO - Logging initialized. Log file: pb2b/logs/bybit_scraper_20250526.log
2025-05-26 04:37:18 - INFO - DataSaver logging initialized. Log file: pb2b/logs/data_saver_20250526.log
2025-05-26 04:37:18 - INFO - Connected to SQLite database: pb2b/p2p_listings.db
2025-05-26 04:37:18 - INFO - Database tables created successfully
2025-05-26 04:37:18 - INFO - Attempt 1/10: Loading https://www.bybit.com/fiat/trade/otc?actionType=1&token=USDT&fiat=NGN
2025-05-26 04:37:27 - INFO - Screenshot saved as 'pb2b/screenshots/bybit_page_20250526_043727.png'
2025-05-26 04:37:28 - INFO - Fetching BUY listings for USDT/EUR
2025-05-26 04:37:28 - INFO - Data successfully saved to SQLite database. New listings - Bybit: 4, Binance: 6
2025-05-26 04:37:28 - INFO - Browser session closed
2025-05-26 04:37:28 - INFO - SQLite database connection closed
2025-05-26 04:55:34 - INFO - Logging initialized. Log file: pb2b/logs/bybit_scraper_20250526.log
2025-05-26 04:55:35 - INFO - DataSaver logging initialized. Log file: pb2b/logs/data_saver_20250526.log
2025-05-26 04:55:35 - INFO - Connected to SQLite database: pb2b/p2p_listings.db
2025-05-26 04:55:35 - INFO - Database tables created successfully
2025-05-26 04:55:35 - INFO - Attempt 1/10: Loading https://www.bybit.com/fiat/trade/otc?actionType=1&token=USDT&fiat=NGN
2025-05-26 04:55:44 - INFO - Screenshot saved as 'pb2b/screenshots/bybit_page_20250526_045544.png'
2025-05-26 04:55:44 - INFO - Fetching BUY listings for USDT/EUR
2025-05-26 04:55:45 - INFO - Data successfully saved to SQLite database. New listings - Bybit: 4, Binance: 6
2025-05-26 04:55:45 - INFO - Browser session closed
2025-05-26 04:55:45 - INFO - SQLite database connection closed
2025-05-26 05:23:48 - INFO - Logging initialized. Log file: pb2b/logs/bybit_scraper_20250526.log
2025-05-26 05:23:49 - INFO - DataSaver logging initialized. Log file: pb2b/logs/data_saver_20250526.log
2025-05-26 05:23:49 - INFO - Connected to SQLite database: pb2b/p2p_listings.db
2025-05-26 05:23:49 - INFO - Database tables created successfully
2025-05-26 05:23:49 - INFO - Attempt 1/10: Loading https://www.bybit.com/fiat/trade/otc?actionType=1&token=USDT&fiat=NGN
2025-05-26 05:24:00 - INFO - Screenshot saved as 'pb2b/screenshots/bybit_page_20250526_052400.png'
2025-05-26 05:24:00 - INFO - Fetching BUY listings for USDT/EUR
2025-05-26 05:24:01 - INFO - Data successfully saved to SQLite database. New listings - Bybit: 4, Binance: 6
2025-05-26 05:24:01 - INFO - Browser session closed
2025-05-26 05:24:01 - INFO - SQLite database connection closed
2025-05-26 05:45:14 - INFO - Logging initialized. Log file: pb2b/logs/bybit_scraper_20250526.log
2025-05-26 05:45:15 - INFO - DataSaver logging initialized. Log file: pb2b/logs/data_saver_20250526.log
2025-05-26 05:45:15 - INFO - Connected to SQLite database: pb2b/p2p_listings.db
2025-05-26 05:45:15 - INFO - Database tables created successfully
2025-05-26 05:45:15 - INFO - Attempt 1/10: Loading https://www.bybit.com/fiat/trade/otc?actionType=1&token=USDT&fiat=NGN
2025-05-26 05:45:26 - INFO - Screenshot saved as 'pb2b/screenshots/bybit_page_20250526_054525.png'
2025-05-26 05:45:26 - INFO - Fetching BUY listings for USDT/EUR
2025-05-26 05:45:27 - INFO - Data successfully saved to SQLite database. New listings - Bybit: 4, Binance: 6
2025-05-26 05:45:27 - INFO - Browser session closed
2025-05-26 05:45:27 - INFO - SQLite database connection closed
2025-05-26 05:58:25 - INFO - Logging initialized. Log file: pb2b/logs/bybit_scraper_20250526.log
2025-05-26 05:58:25 - INFO - DataSaver logging initialized. Log file: pb2b/logs/data_saver_20250526.log
2025-05-26 05:58:25 - INFO - Connected to SQLite database: pb2b/p2p_listings.db
2025-05-26 05:58:25 - INFO - Database tables created successfully
2025-05-26 05:58:25 - INFO - Attempt 1/10: Loading https://www.bybit.com/fiat/trade/otc?actionType=1&token=USDT&fiat=NGN
2025-05-26 05:58:35 - INFO - Screenshot saved as 'pb2b/screenshots/bybit_page_20250526_055835.png'
2025-05-26 05:58:35 - INFO - Fetching BUY listings for USDT/EUR
2025-05-26 05:58:36 - INFO - Data successfully saved to SQLite database. New listings - Bybit: 4, Binance: 6
2025-05-26 05:58:36 - INFO - Browser session closed
2025-05-26 05:58:36 - INFO - SQLite database connection closed
2025-05-26 06:40:49 - INFO - Logging initialized. Log file: pb2b/logs/bybit_scraper_20250526.log
2025-05-26 06:40:50 - INFO - DataSaver logging initialized. Log file: pb2b/logs/data_saver_20250526.log
2025-05-26 06:40:50 - INFO - Connected to SQLite database: pb2b/p2p_listings.db
2025-05-26 06:40:50 - INFO - Database tables created successfully
2025-05-26 06:40:50 - INFO - Attempt 1/10: Loading https://www.bybit.com/fiat/trade/otc?actionType=1&token=USDT&fiat=NGN
2025-05-26 06:40:59 - INFO - Screenshot saved as 'pb2b/screenshots/bybit_page_20250526_064059.png'
2025-05-26 06:41:00 - INFO - Fetching BUY listings for USDT/EUR
2025-05-26 06:41:00 - INFO - Data successfully saved to SQLite database. New listings - Bybit: 4, Binance: 6
2025-05-26 06:41:00 - INFO - Browser session closed
2025-05-26 06:41:00 - INFO - SQLite database connection closed
2025-05-26 07:00:29 - INFO - Logging initialized. Log file: pb2b/logs/bybit_scraper_20250526.log
2025-05-26 07:00:31 - INFO - DataSaver logging initialized. Log file: pb2b/logs/data_saver_20250526.log
2025-05-26 07:00:31 - INFO - Connected to SQLite database: pb2b/p2p_listings.db
2025-05-26 07:00:31 - INFO - Database tables created successfully
2025-05-26 07:00:31 - INFO - Attempt 1/10: Loading https://www.bybit.com/fiat/trade/otc?actionType=1&token=USDT&fiat=NGN
2025-05-26 07:00:41 - INFO - Screenshot saved as 'pb2b/screenshots/bybit_page_20250526_070041.png'
2025-05-26 07:00:41 - INFO - Fetching BUY listings for USDT/EUR
2025-05-26 07:00:42 - INFO - Data successfully saved to SQLite database. New listings - Bybit: 4, Binance: 6
2025-05-26 07:00:42 - INFO - Browser session closed
2025-05-26 07:00:42 - INFO - SQLite database connection closed
2025-05-26 07:39:42 - INFO - Logging initialized. Log file: pb2b/logs/bybit_scraper_20250526.log
2025-05-26 07:39:43 - INFO - DataSaver logging initialized. Log file: pb2b/logs/data_saver_20250526.log
2025-05-26 07:39:43 - INFO - Connected to SQLite database: pb2b/p2p_listings.db
2025-05-26 07:39:43 - INFO - Database tables created successfully
2025-05-26 07:39:43 - INFO - Attempt 1/10: Loading https://www.bybit.com/fiat/trade/otc?actionType=1&token=USDT&fiat=NGN
2025-05-26 07:39:52 - INFO - Screenshot saved as 'pb2b/screenshots/bybit_page_20250526_073952.png'
2025-05-26 07:39:52 - INFO - Fetching BUY listings for USDT/EUR
2025-05-26 07:39:53 - INFO - Data successfully saved to SQLite database. New listings - Bybit: 4, Binance: 6
2025-05-26 07:39:53 - INFO - Browser session closed
2025-05-26 07:39:53 - INFO - SQLite database connection closed
