2026-01-03 00:51:31 - INFO - Logging initialized. Log file: pb2b/logs/bybit_scraper_20260103.log
2026-01-03 00:51:32 - INFO - DataSaver logging initialized. Log file: pb2b/logs/data_saver_20260103.log
2026-01-03 00:51:32 - INFO - Connected to SQLite database: pb2b/p2p_listings.db
2026-01-03 00:51:32 - INFO - Database tables created successfully
2026-01-03 00:51:32 - INFO - Attempt 1/10: Loading https://www.bybit.com/fiat/trade/otc?actionType=1&token=USDT&fiat=NGN
2026-01-03 00:51:43 - INFO - Screenshot saved as 'pb2b/screenshots/bybit_page_20260103_005143.png'
2026-01-03 00:51:43 - WARNING - Error parsing row: Message: no such element: Unable to locate element: {"method":"css selector","selector":"td:nth-child(2)"}
  (Session info: chrome=143.0.7499.169); For documentation on this error, please visit: https://www.selenium.dev/documentation/webdriver/troubleshooting/errors#nosuchelementexception
Stacktrace:
#0 0x55c0a194d19a <unknown>
#1 0x55c0a13cac4b <unknown>
#2 0x55c0a141c318 <unknown>
#3 0x55c0a141c551 <unknown>
#4 0x55c0a1410586 <unknown>
#5 0x55c0a1410477 <unknown>
#6 0x55c0a1467bee <unknown>
#7 0x55c0a140ec42 <unknown>
#8 0x55c0a140f8f1 <unknown>
#9 0x55c0a1915f39 <unknown>
#10 0x55c0a1918e7d <unknown>
#11 0x55c0a18fec81 <unknown>
#12 0x55c0a1919a5b <unknown>
#13 0x55c0a18e5a50 <unknown>
#14 0x55c0a193aaa8 <unknown>
#15 0x55c0a193ac79 <unknown>
#16 0x55c0a194c4f3 <unknown>
#17 0x7f701029caa4 <unknown>
#18 0x7f7010329c6c <unknown>

2026-01-03 00:51:43 - INFO - Fetching BUY listings for USDT/EUR
2026-01-03 00:51:44 - INFO - Data successfully saved to SQLite database. New listings - Bybit: 5, Binance: 6
2026-01-03 00:51:44 - INFO - Browser session closed
2026-01-03 00:51:44 - INFO - SQLite database connection closed
