2025-04-09 05:55:58 - INFO - Logging initialized. Log file: pb2b/logs/bybit_scraper_20250409.log
2025-04-09 05:55:58 - INFO - DataSaver logging initialized. Log file: pb2b/logs/data_saver_20250409.log
2025-04-09 05:55:58 - INFO - Connected to SQLite database: pb2b/p2p_listings.db
2025-04-09 05:55:58 - INFO - Database tables created successfully
2025-04-09 05:55:58 - INFO - Attempt 1/10: Loading https://www.bybit.com/fiat/trade/otc?actionType=1&token=USDT&fiat=NGN
2025-04-09 05:56:08 - INFO - Screenshot saved as 'pb2b/screenshots/bybit_page_20250409_055608.png'
2025-04-09 05:56:09 - INFO - Fetching BUY listings for USDT/EUR
2025-04-09 05:56:10 - INFO - Data successfully saved to SQLite database. New listings - Bybit: 4, Binance: 6
2025-04-09 05:56:10 - INFO - Browser session closed
2025-04-09 05:56:10 - INFO - SQLite database connection closed
2025-04-09 07:36:00 - INFO - Logging initialized. Log file: pb2b/logs/bybit_scraper_20250409.log
2025-04-09 07:36:01 - INFO - DataSaver logging initialized. Log file: pb2b/logs/data_saver_20250409.log
2025-04-09 07:36:01 - INFO - Connected to SQLite database: pb2b/p2p_listings.db
2025-04-09 07:36:01 - INFO - Database tables created successfully
2025-04-09 07:36:01 - INFO - Attempt 1/10: Loading https://www.bybit.com/fiat/trade/otc?actionType=1&token=USDT&fiat=NGN
2025-04-09 07:36:11 - INFO - Screenshot saved as 'pb2b/screenshots/bybit_page_20250409_073611.png'
2025-04-09 07:36:11 - INFO - Fetching BUY listings for USDT/EUR
2025-04-09 07:36:12 - INFO - Data successfully saved to SQLite database. New listings - Bybit: 4, Binance: 6
2025-04-09 07:36:12 - INFO - Browser session closed
2025-04-09 07:36:12 - INFO - SQLite database connection closed
2025-04-09 08:01:58 - INFO - Logging initialized. Log file: pb2b/logs/bybit_scraper_20250409.log
2025-04-09 08:01:59 - INFO - DataSaver logging initialized. Log file: pb2b/logs/data_saver_20250409.log
2025-04-09 08:01:59 - INFO - Connected to SQLite database: pb2b/p2p_listings.db
2025-04-09 08:01:59 - INFO - Database tables created successfully
2025-04-09 08:01:59 - INFO - Attempt 1/10: Loading https://www.bybit.com/fiat/trade/otc?actionType=1&token=USDT&fiat=NGN
2025-04-09 08:02:10 - INFO - Screenshot saved as 'pb2b/screenshots/bybit_page_20250409_080209.png'
2025-04-09 08:02:10 - INFO - Fetching BUY listings for USDT/EUR
2025-04-09 08:02:11 - INFO - Data successfully saved to SQLite database. New listings - Bybit: 4, Binance: 6
2025-04-09 08:02:11 - INFO - Browser session closed
2025-04-09 08:02:11 - INFO - SQLite database connection closed
