2026-01-05 01:03:08 - INFO - Logging initialized. Log file: pb2b/logs/bybit_scraper_20260105.log
2026-01-05 01:03:09 - INFO - DataSaver logging initialized. Log file: pb2b/logs/data_saver_20260105.log
2026-01-05 01:03:09 - INFO - Connected to SQLite database: pb2b/p2p_listings.db
2026-01-05 01:03:09 - INFO - Database tables created successfully
2026-01-05 01:03:09 - INFO - Attempt 1/10: Loading https://www.bybit.com/fiat/trade/otc?actionType=1&token=USDT&fiat=NGN
2026-01-05 01:03:18 - INFO - Screenshot saved as 'pb2b/screenshots/bybit_page_20260105_010317.png'
2026-01-05 01:03:18 - WARNING - Error parsing row: Message: no such element: Unable to locate element: {"method":"css selector","selector":"td:nth-child(2)"}
  (Session info: chrome=143.0.7499.169); For documentation on this error, please visit: https://www.selenium.dev/documentation/webdriver/troubleshooting/errors#nosuchelementexception
Stacktrace:
#0 0x55cb4f43719a <unknown>
#1 0x55cb4eeb4c4b <unknown>
#2 0x55cb4ef06318 <unknown>
#3 0x55cb4ef06551 <unknown>
#4 0x55cb4eefa586 <unknown>
#5 0x55cb4eefa477 <unknown>
#6 0x55cb4ef51bee <unknown>
#7 0x55cb4eef8c42 <unknown>
#8 0x55cb4eef98f1 <unknown>
#9 0x55cb4f3fff39 <unknown>
#10 0x55cb4f402e7d <unknown>
#11 0x55cb4f3e8c81 <unknown>
#12 0x55cb4f403a5b <unknown>
#13 0x55cb4f3cfa50 <unknown>
#14 0x55cb4f424aa8 <unknown>
#15 0x55cb4f424c79 <unknown>
#16 0x55cb4f4364f3 <unknown>
#17 0x7ff97189caa4 <unknown>
#18 0x7ff971929c6c <unknown>

2026-01-05 01:03:18 - INFO - Fetching BUY listings for USDT/EUR
2026-01-05 01:03:19 - INFO - Data successfully saved to SQLite database. New listings - Bybit: 5, Binance: 6
2026-01-05 01:03:19 - INFO - Browser session closed
2026-01-05 01:03:19 - INFO - SQLite database connection closed
2026-01-05 03:23:51 - INFO - Logging initialized. Log file: pb2b/logs/bybit_scraper_20260105.log
2026-01-05 03:23:53 - INFO - DataSaver logging initialized. Log file: pb2b/logs/data_saver_20260105.log
2026-01-05 03:23:53 - INFO - Connected to SQLite database: pb2b/p2p_listings.db
2026-01-05 03:23:53 - INFO - Database tables created successfully
2026-01-05 03:23:53 - INFO - Attempt 1/10: Loading https://www.bybit.com/fiat/trade/otc?actionType=1&token=USDT&fiat=NGN
2026-01-05 03:24:02 - INFO - Screenshot saved as 'pb2b/screenshots/bybit_page_20260105_032402.png'
2026-01-05 03:24:02 - WARNING - Error parsing row: Message: no such element: Unable to locate element: {"method":"css selector","selector":"td:nth-child(2)"}
  (Session info: chrome=143.0.7499.169); For documentation on this error, please visit: https://www.selenium.dev/documentation/webdriver/troubleshooting/errors#nosuchelementexception
Stacktrace:
#0 0x55de1b9c719a <unknown>
#1 0x55de1b444c4b <unknown>
#2 0x55de1b496318 <unknown>
#3 0x55de1b496551 <unknown>
#4 0x55de1b48a586 <unknown>
#5 0x55de1b48a477 <unknown>
#6 0x55de1b4e1bee <unknown>
#7 0x55de1b488c42 <unknown>
#8 0x55de1b4898f1 <unknown>
#9 0x55de1b98ff39 <unknown>
#10 0x55de1b992e7d <unknown>
#11 0x55de1b978c81 <unknown>
#12 0x55de1b993a5b <unknown>
#13 0x55de1b95fa50 <unknown>
#14 0x55de1b9b4aa8 <unknown>
#15 0x55de1b9b4c79 <unknown>
#16 0x55de1b9c64f3 <unknown>
#17 0x7ff68d49caa4 <unknown>
#18 0x7ff68d529c6c <unknown>

2026-01-05 03:24:02 - INFO - Fetching BUY listings for USDT/EUR
2026-01-05 03:24:03 - INFO - Data successfully saved to SQLite database. New listings - Bybit: 5, Binance: 6
2026-01-05 03:24:03 - INFO - Browser session closed
2026-01-05 03:24:03 - INFO - SQLite database connection closed
