2024-12-26 01:26:52 - INFO - Logging initialized. Log file: pb2b/logs/bybit_scraper_20241226.log
2024-12-26 01:26:53 - INFO - DataSaver logging initialized. Log file: pb2b/logs/data_saver_20241226.log
2024-12-26 01:26:53 - INFO - Connected to SQLite database: pb2b/p2p_listings.db
2024-12-26 01:26:53 - INFO - Database tables created successfully
2024-12-26 01:26:53 - INFO - Attempt 1/10: Loading https://www.bybit.com/fiat/trade/otc?actionType=1&token=USDT&fiat=NGN
2024-12-26 01:27:04 - INFO - Screenshot saved as 'pb2b/screenshots/bybit_page_20241226_012704.png'
2024-12-26 01:27:05 - INFO - Fetching BUY listings for USDT/EUR
2024-12-26 01:27:05 - INFO - Data successfully saved to SQLite database. New listings - Bybit: 4, Binance: 6
2024-12-26 01:27:06 - INFO - Browser session closed
2024-12-26 01:27:06 - INFO - SQLite database connection closed
2024-12-26 02:39:15 - INFO - Logging initialized. Log file: pb2b/logs/bybit_scraper_20241226.log
2024-12-26 02:39:16 - INFO - DataSaver logging initialized. Log file: pb2b/logs/data_saver_20241226.log
2024-12-26 02:39:16 - INFO - Connected to SQLite database: pb2b/p2p_listings.db
2024-12-26 02:39:16 - INFO - Database tables created successfully
2024-12-26 02:39:16 - INFO - Attempt 1/10: Loading https://www.bybit.com/fiat/trade/otc?actionType=1&token=USDT&fiat=NGN
2024-12-26 02:39:29 - INFO - Screenshot saved as 'pb2b/screenshots/bybit_page_20241226_023929.png'
2024-12-26 02:39:29 - INFO - Fetching BUY listings for USDT/EUR
2024-12-26 02:39:30 - INFO - Data successfully saved to SQLite database. New listings - Bybit: 4, Binance: 6
2024-12-26 02:39:30 - INFO - Browser session closed
2024-12-26 02:39:30 - INFO - SQLite database connection closed
2024-12-26 03:04:28 - INFO - Logging initialized. Log file: pb2b/logs/bybit_scraper_20241226.log
2024-12-26 03:04:28 - INFO - DataSaver logging initialized. Log file: pb2b/logs/data_saver_20241226.log
2024-12-26 03:04:28 - INFO - Connected to SQLite database: pb2b/p2p_listings.db
2024-12-26 03:04:28 - INFO - Database tables created successfully
2024-12-26 03:04:28 - INFO - Attempt 1/10: Loading https://www.bybit.com/fiat/trade/otc?actionType=1&token=USDT&fiat=NGN
2024-12-26 03:04:39 - INFO - Screenshot saved as 'pb2b/screenshots/bybit_page_20241226_030439.png'
2024-12-26 03:04:40 - INFO - Fetching BUY listings for USDT/EUR
2024-12-26 03:04:40 - INFO - Data successfully saved to SQLite database. New listings - Bybit: 4, Binance: 6
2024-12-26 03:04:40 - INFO - Browser session closed
2024-12-26 03:04:40 - INFO - SQLite database connection closed
