2025-12-02 00:04:18 - INFO - Logging initialized. Log file: pb2b/logs/bybit_scraper_20251202.log
2025-12-02 00:04:20 - INFO - DataSaver logging initialized. Log file: pb2b/logs/data_saver_20251202.log
2025-12-02 00:04:20 - INFO - Connected to SQLite database: pb2b/p2p_listings.db
2025-12-02 00:04:20 - INFO - Database tables created successfully
2025-12-02 00:04:20 - INFO - Attempt 1/10: Loading https://www.bybit.com/fiat/trade/otc?actionType=1&token=USDT&fiat=NGN
2025-12-02 00:04:31 - INFO - Screenshot saved as 'pb2b/screenshots/bybit_page_20251202_000431.png'
2025-12-02 00:04:31 - INFO - Fetching BUY listings for USDT/EUR
2025-12-02 00:04:31 - INFO - Data successfully saved to SQLite database. New listings - Bybit: 4, Binance: 6
2025-12-02 00:04:31 - INFO - Browser session closed
2025-12-02 00:04:31 - INFO - SQLite database connection closed
2025-12-02 02:28:48 - INFO - Logging initialized. Log file: pb2b/logs/bybit_scraper_20251202.log
2025-12-02 02:28:49 - INFO - DataSaver logging initialized. Log file: pb2b/logs/data_saver_20251202.log
2025-12-02 02:28:49 - INFO - Connected to SQLite database: pb2b/p2p_listings.db
2025-12-02 02:28:49 - INFO - Database tables created successfully
2025-12-02 02:28:49 - INFO - Attempt 1/10: Loading https://www.bybit.com/fiat/trade/otc?actionType=1&token=USDT&fiat=NGN
2025-12-02 02:28:59 - INFO - Screenshot saved as 'pb2b/screenshots/bybit_page_20251202_022859.png'
2025-12-02 02:28:59 - INFO - Fetching BUY listings for USDT/EUR
2025-12-02 02:29:00 - INFO - Data successfully saved to SQLite database. New listings - Bybit: 4, Binance: 6
2025-12-02 02:29:00 - INFO - Browser session closed
2025-12-02 02:29:00 - INFO - SQLite database connection closed
2025-12-02 03:41:58 - INFO - Logging initialized. Log file: pb2b/logs/bybit_scraper_20251202.log
2025-12-02 03:41:59 - INFO - DataSaver logging initialized. Log file: pb2b/logs/data_saver_20251202.log
2025-12-02 03:41:59 - INFO - Connected to SQLite database: pb2b/p2p_listings.db
2025-12-02 03:41:59 - INFO - Database tables created successfully
2025-12-02 03:41:59 - INFO - Attempt 1/10: Loading https://www.bybit.com/fiat/trade/otc?actionType=1&token=USDT&fiat=NGN
2025-12-02 03:42:10 - INFO - Screenshot saved as 'pb2b/screenshots/bybit_page_20251202_034210.png'
2025-12-02 03:42:10 - INFO - Fetching BUY listings for USDT/EUR
2025-12-02 03:42:11 - INFO - Data successfully saved to SQLite database. New listings - Bybit: 4, Binance: 6
2025-12-02 03:42:11 - INFO - Browser session closed
2025-12-02 03:42:11 - INFO - SQLite database connection closed
2025-12-02 04:21:09 - INFO - Logging initialized. Log file: pb2b/logs/bybit_scraper_20251202.log
2025-12-02 04:21:11 - INFO - DataSaver logging initialized. Log file: pb2b/logs/data_saver_20251202.log
2025-12-02 04:21:11 - INFO - Connected to SQLite database: pb2b/p2p_listings.db
2025-12-02 04:21:11 - INFO - Database tables created successfully
2025-12-02 04:21:11 - INFO - Attempt 1/10: Loading https://www.bybit.com/fiat/trade/otc?actionType=1&token=USDT&fiat=NGN
2025-12-02 04:21:19 - INFO - Screenshot saved as 'pb2b/screenshots/bybit_page_20251202_042118.png'
2025-12-02 04:21:19 - INFO - Fetching BUY listings for USDT/EUR
2025-12-02 04:21:20 - INFO - Data successfully saved to SQLite database. New listings - Bybit: 4, Binance: 6
2025-12-02 04:21:20 - INFO - Browser session closed
2025-12-02 04:21:20 - INFO - SQLite database connection closed
