2025-08-17 01:24:00 - INFO - Logging initialized. Log file: pb2b/logs/bybit_scraper_20250817.log
2025-08-17 01:24:01 - INFO - DataSaver logging initialized. Log file: pb2b/logs/data_saver_20250817.log
2025-08-17 01:24:01 - INFO - Connected to SQLite database: pb2b/p2p_listings.db
2025-08-17 01:24:01 - INFO - Database tables created successfully
2025-08-17 01:24:01 - INFO - Attempt 1/10: Loading https://www.bybit.com/fiat/trade/otc?actionType=1&token=USDT&fiat=NGN
2025-08-17 01:24:12 - INFO - Screenshot saved as 'pb2b/screenshots/bybit_page_20250817_012412.png'
2025-08-17 01:24:13 - INFO - Fetching BUY listings for USDT/EUR
2025-08-17 01:24:13 - INFO - Data successfully saved to SQLite database. New listings - Bybit: 4, Binance: 6
2025-08-17 01:24:13 - INFO - Browser session closed
2025-08-17 01:24:13 - INFO - SQLite database connection closed
2025-08-17 03:14:20 - INFO - Logging initialized. Log file: pb2b/logs/bybit_scraper_20250817.log
2025-08-17 03:14:22 - INFO - DataSaver logging initialized. Log file: pb2b/logs/data_saver_20250817.log
2025-08-17 03:14:22 - INFO - Connected to SQLite database: pb2b/p2p_listings.db
2025-08-17 03:14:22 - INFO - Database tables created successfully
2025-08-17 03:14:22 - INFO - Attempt 1/10: Loading https://www.bybit.com/fiat/trade/otc?actionType=1&token=USDT&fiat=NGN
2025-08-17 03:14:32 - INFO - Screenshot saved as 'pb2b/screenshots/bybit_page_20250817_031432.png'
2025-08-17 03:14:32 - INFO - Fetching BUY listings for USDT/EUR
2025-08-17 03:14:33 - INFO - Data successfully saved to SQLite database. New listings - Bybit: 4, Binance: 6
2025-08-17 03:14:33 - INFO - Browser session closed
2025-08-17 03:14:33 - INFO - SQLite database connection closed
2025-08-17 04:06:53 - INFO - Logging initialized. Log file: pb2b/logs/bybit_scraper_20250817.log
2025-08-17 04:06:54 - INFO - DataSaver logging initialized. Log file: pb2b/logs/data_saver_20250817.log
2025-08-17 04:06:54 - INFO - Connected to SQLite database: pb2b/p2p_listings.db
2025-08-17 04:06:54 - INFO - Database tables created successfully
2025-08-17 04:06:54 - INFO - Attempt 1/10: Loading https://www.bybit.com/fiat/trade/otc?actionType=1&token=USDT&fiat=NGN
2025-08-17 04:07:03 - INFO - Screenshot saved as 'pb2b/screenshots/bybit_page_20250817_040703.png'
2025-08-17 04:07:03 - INFO - Fetching BUY listings for USDT/EUR
2025-08-17 04:07:04 - INFO - Data successfully saved to SQLite database. New listings - Bybit: 4, Binance: 6
2025-08-17 04:07:04 - INFO - Browser session closed
2025-08-17 04:07:04 - INFO - SQLite database connection closed
2025-08-17 04:47:08 - INFO - Logging initialized. Log file: pb2b/logs/bybit_scraper_20250817.log
2025-08-17 04:47:09 - INFO - DataSaver logging initialized. Log file: pb2b/logs/data_saver_20250817.log
2025-08-17 04:47:09 - INFO - Connected to SQLite database: pb2b/p2p_listings.db
2025-08-17 04:47:09 - INFO - Database tables created successfully
2025-08-17 04:47:09 - INFO - Attempt 1/10: Loading https://www.bybit.com/fiat/trade/otc?actionType=1&token=USDT&fiat=NGN
2025-08-17 04:47:18 - INFO - Screenshot saved as 'pb2b/screenshots/bybit_page_20250817_044718.png'
2025-08-17 04:47:18 - INFO - Fetching BUY listings for USDT/EUR
2025-08-17 04:47:19 - INFO - Data successfully saved to SQLite database. New listings - Bybit: 4, Binance: 6
2025-08-17 04:47:19 - INFO - Browser session closed
2025-08-17 04:47:19 - INFO - SQLite database connection closed
2025-08-17 05:03:42 - INFO - Logging initialized. Log file: pb2b/logs/bybit_scraper_20250817.log
2025-08-17 05:03:44 - INFO - DataSaver logging initialized. Log file: pb2b/logs/data_saver_20250817.log
2025-08-17 05:03:44 - INFO - Connected to SQLite database: pb2b/p2p_listings.db
2025-08-17 05:03:44 - INFO - Database tables created successfully
2025-08-17 05:03:44 - INFO - Attempt 1/10: Loading https://www.bybit.com/fiat/trade/otc?actionType=1&token=USDT&fiat=NGN
2025-08-17 05:03:54 - INFO - Screenshot saved as 'pb2b/screenshots/bybit_page_20250817_050353.png'
2025-08-17 05:03:54 - INFO - Fetching BUY listings for USDT/EUR
2025-08-17 05:03:55 - INFO - Data successfully saved to SQLite database. New listings - Bybit: 4, Binance: 6
2025-08-17 05:03:55 - INFO - Browser session closed
2025-08-17 05:03:55 - INFO - SQLite database connection closed
2025-08-17 05:34:14 - INFO - Logging initialized. Log file: pb2b/logs/bybit_scraper_20250817.log
2025-08-17 05:34:15 - INFO - DataSaver logging initialized. Log file: pb2b/logs/data_saver_20250817.log
2025-08-17 05:34:15 - INFO - Connected to SQLite database: pb2b/p2p_listings.db
2025-08-17 05:34:15 - INFO - Database tables created successfully
2025-08-17 05:34:15 - INFO - Attempt 1/10: Loading https://www.bybit.com/fiat/trade/otc?actionType=1&token=USDT&fiat=NGN
2025-08-17 05:34:25 - INFO - Screenshot saved as 'pb2b/screenshots/bybit_page_20250817_053425.png'
2025-08-17 05:34:25 - INFO - Fetching BUY listings for USDT/EUR
2025-08-17 05:34:26 - INFO - Data successfully saved to SQLite database. New listings - Bybit: 4, Binance: 6
2025-08-17 05:34:26 - INFO - Browser session closed
2025-08-17 05:34:26 - INFO - SQLite database connection closed
2025-08-17 05:51:35 - INFO - Logging initialized. Log file: pb2b/logs/bybit_scraper_20250817.log
2025-08-17 05:51:36 - INFO - DataSaver logging initialized. Log file: pb2b/logs/data_saver_20250817.log
2025-08-17 05:51:36 - INFO - Connected to SQLite database: pb2b/p2p_listings.db
2025-08-17 05:51:36 - INFO - Database tables created successfully
2025-08-17 05:51:36 - INFO - Attempt 1/10: Loading https://www.bybit.com/fiat/trade/otc?actionType=1&token=USDT&fiat=NGN
2025-08-17 05:51:45 - INFO - Screenshot saved as 'pb2b/screenshots/bybit_page_20250817_055145.png'
2025-08-17 05:51:46 - INFO - Fetching BUY listings for USDT/EUR
2025-08-17 05:51:46 - INFO - Data successfully saved to SQLite database. New listings - Bybit: 4, Binance: 6
2025-08-17 05:51:47 - INFO - Browser session closed
2025-08-17 05:51:47 - INFO - SQLite database connection closed
