2025-07-10 00:52:53 - INFO - Logging initialized. Log file: pb2b/logs/bybit_scraper_20250710.log
2025-07-10 00:52:53 - INFO - DataSaver logging initialized. Log file: pb2b/logs/data_saver_20250710.log
2025-07-10 00:52:53 - INFO - Connected to SQLite database: pb2b/p2p_listings.db
2025-07-10 00:52:53 - INFO - Database tables created successfully
2025-07-10 00:52:53 - INFO - Attempt 1/10: Loading https://www.bybit.com/fiat/trade/otc?actionType=1&token=USDT&fiat=NGN
2025-07-10 00:53:03 - INFO - Screenshot saved as 'pb2b/screenshots/bybit_page_20250710_005303.png'
2025-07-10 00:53:03 - INFO - Fetching BUY listings for USDT/EUR
2025-07-10 00:53:04 - INFO - Data successfully saved to SQLite database. New listings - Bybit: 4, Binance: 6
2025-07-10 00:53:04 - INFO - Browser session closed
2025-07-10 00:53:04 - INFO - SQLite database connection closed
2025-07-10 02:49:57 - INFO - Logging initialized. Log file: pb2b/logs/bybit_scraper_20250710.log
2025-07-10 02:49:59 - INFO - DataSaver logging initialized. Log file: pb2b/logs/data_saver_20250710.log
2025-07-10 02:49:59 - INFO - Connected to SQLite database: pb2b/p2p_listings.db
2025-07-10 02:49:59 - INFO - Database tables created successfully
2025-07-10 02:49:59 - INFO - Attempt 1/10: Loading https://www.bybit.com/fiat/trade/otc?actionType=1&token=USDT&fiat=NGN
2025-07-10 02:50:09 - INFO - Screenshot saved as 'pb2b/screenshots/bybit_page_20250710_025009.png'
2025-07-10 02:50:09 - INFO - Fetching BUY listings for USDT/EUR
2025-07-10 02:50:10 - INFO - Data successfully saved to SQLite database. New listings - Bybit: 4, Binance: 6
2025-07-10 02:50:10 - INFO - Browser session closed
2025-07-10 02:50:10 - INFO - SQLite database connection closed
2025-07-10 03:48:08 - INFO - Logging initialized. Log file: pb2b/logs/bybit_scraper_20250710.log
2025-07-10 03:48:09 - INFO - DataSaver logging initialized. Log file: pb2b/logs/data_saver_20250710.log
2025-07-10 03:48:09 - INFO - Connected to SQLite database: pb2b/p2p_listings.db
2025-07-10 03:48:09 - INFO - Database tables created successfully
2025-07-10 03:48:09 - INFO - Attempt 1/10: Loading https://www.bybit.com/fiat/trade/otc?actionType=1&token=USDT&fiat=NGN
2025-07-10 03:48:19 - INFO - Screenshot saved as 'pb2b/screenshots/bybit_page_20250710_034819.png'
2025-07-10 03:48:19 - INFO - Fetching BUY listings for USDT/EUR
2025-07-10 03:48:20 - INFO - Data successfully saved to SQLite database. New listings - Bybit: 4, Binance: 6
2025-07-10 03:48:20 - INFO - Browser session closed
2025-07-10 03:48:20 - INFO - SQLite database connection closed
2025-07-10 04:23:21 - INFO - Logging initialized. Log file: pb2b/logs/bybit_scraper_20250710.log
2025-07-10 04:23:21 - INFO - DataSaver logging initialized. Log file: pb2b/logs/data_saver_20250710.log
2025-07-10 04:23:21 - INFO - Connected to SQLite database: pb2b/p2p_listings.db
2025-07-10 04:23:21 - INFO - Database tables created successfully
2025-07-10 04:23:21 - INFO - Attempt 1/10: Loading https://www.bybit.com/fiat/trade/otc?actionType=1&token=USDT&fiat=NGN
2025-07-10 04:23:31 - INFO - Screenshot saved as 'pb2b/screenshots/bybit_page_20250710_042331.png'
2025-07-10 04:23:31 - INFO - Fetching BUY listings for USDT/EUR
2025-07-10 04:23:32 - INFO - Data successfully saved to SQLite database. New listings - Bybit: 4, Binance: 6
2025-07-10 04:23:32 - INFO - Browser session closed
2025-07-10 04:23:32 - INFO - SQLite database connection closed
2025-07-10 04:55:40 - INFO - Logging initialized. Log file: pb2b/logs/bybit_scraper_20250710.log
2025-07-10 04:55:40 - INFO - DataSaver logging initialized. Log file: pb2b/logs/data_saver_20250710.log
2025-07-10 04:55:40 - INFO - Connected to SQLite database: pb2b/p2p_listings.db
2025-07-10 04:55:40 - INFO - Database tables created successfully
2025-07-10 04:55:40 - INFO - Attempt 1/10: Loading https://www.bybit.com/fiat/trade/otc?actionType=1&token=USDT&fiat=NGN
2025-07-10 04:55:49 - INFO - Screenshot saved as 'pb2b/screenshots/bybit_page_20250710_045549.png'
2025-07-10 04:55:49 - INFO - Fetching BUY listings for USDT/EUR
2025-07-10 04:55:50 - INFO - Data successfully saved to SQLite database. New listings - Bybit: 4, Binance: 6
2025-07-10 04:55:50 - INFO - Browser session closed
2025-07-10 04:55:50 - INFO - SQLite database connection closed
2025-07-10 05:25:54 - INFO - Logging initialized. Log file: pb2b/logs/bybit_scraper_20250710.log
2025-07-10 05:25:55 - INFO - DataSaver logging initialized. Log file: pb2b/logs/data_saver_20250710.log
2025-07-10 05:25:55 - INFO - Connected to SQLite database: pb2b/p2p_listings.db
2025-07-10 05:25:55 - INFO - Database tables created successfully
2025-07-10 05:25:55 - INFO - Attempt 1/10: Loading https://www.bybit.com/fiat/trade/otc?actionType=1&token=USDT&fiat=NGN
2025-07-10 05:26:03 - INFO - Screenshot saved as 'pb2b/screenshots/bybit_page_20250710_052602.png'
2025-07-10 05:26:03 - INFO - Fetching BUY listings for USDT/EUR
2025-07-10 05:26:04 - INFO - Data successfully saved to SQLite database. New listings - Bybit: 4, Binance: 6
2025-07-10 05:26:04 - INFO - Browser session closed
2025-07-10 05:26:04 - INFO - SQLite database connection closed
2025-07-10 05:49:42 - INFO - Logging initialized. Log file: pb2b/logs/bybit_scraper_20250710.log
2025-07-10 05:49:43 - INFO - DataSaver logging initialized. Log file: pb2b/logs/data_saver_20250710.log
2025-07-10 05:49:43 - INFO - Connected to SQLite database: pb2b/p2p_listings.db
2025-07-10 05:49:43 - INFO - Database tables created successfully
2025-07-10 05:49:43 - INFO - Attempt 1/10: Loading https://www.bybit.com/fiat/trade/otc?actionType=1&token=USDT&fiat=NGN
2025-07-10 05:49:52 - INFO - Screenshot saved as 'pb2b/screenshots/bybit_page_20250710_054952.png'
2025-07-10 05:49:52 - INFO - Fetching BUY listings for USDT/EUR
2025-07-10 05:49:53 - INFO - Data successfully saved to SQLite database. New listings - Bybit: 4, Binance: 6
2025-07-10 05:49:53 - INFO - Browser session closed
2025-07-10 05:49:53 - INFO - SQLite database connection closed
