2025-11-08 01:47:54 - INFO - Logging initialized. Log file: pb2b/logs/bybit_scraper_20251108.log
2025-11-08 01:47:56 - INFO - DataSaver logging initialized. Log file: pb2b/logs/data_saver_20251108.log
2025-11-08 01:47:56 - INFO - Connected to SQLite database: pb2b/p2p_listings.db
2025-11-08 01:47:56 - INFO - Database tables created successfully
2025-11-08 01:47:56 - INFO - Attempt 1/10: Loading https://www.bybit.com/fiat/trade/otc?actionType=1&token=USDT&fiat=NGN
2025-11-08 01:48:06 - INFO - Screenshot saved as 'pb2b/screenshots/bybit_page_20251108_014806.png'
2025-11-08 01:48:07 - INFO - Fetching BUY listings for USDT/EUR
2025-11-08 01:48:08 - INFO - Data successfully saved to SQLite database. New listings - Bybit: 4, Binance: 6
2025-11-08 01:48:08 - INFO - Browser session closed
2025-11-08 01:48:08 - INFO - SQLite database connection closed
2025-11-08 02:58:37 - INFO - Logging initialized. Log file: pb2b/logs/bybit_scraper_20251108.log
2025-11-08 02:58:40 - INFO - DataSaver logging initialized. Log file: pb2b/logs/data_saver_20251108.log
2025-11-08 02:58:40 - INFO - Connected to SQLite database: pb2b/p2p_listings.db
2025-11-08 02:58:40 - INFO - Database tables created successfully
2025-11-08 02:58:40 - INFO - Attempt 1/10: Loading https://www.bybit.com/fiat/trade/otc?actionType=1&token=USDT&fiat=NGN
2025-11-08 02:58:49 - INFO - Screenshot saved as 'pb2b/screenshots/bybit_page_20251108_025849.png'
2025-11-08 02:58:50 - INFO - Fetching BUY listings for USDT/EUR
2025-11-08 02:58:50 - INFO - Data successfully saved to SQLite database. New listings - Bybit: 4, Binance: 6
2025-11-08 02:58:51 - INFO - Browser session closed
2025-11-08 02:58:51 - INFO - SQLite database connection closed
2025-11-08 03:41:20 - INFO - Logging initialized. Log file: pb2b/logs/bybit_scraper_20251108.log
2025-11-08 03:41:22 - INFO - DataSaver logging initialized. Log file: pb2b/logs/data_saver_20251108.log
2025-11-08 03:41:22 - INFO - Connected to SQLite database: pb2b/p2p_listings.db
2025-11-08 03:41:22 - INFO - Database tables created successfully
2025-11-08 03:41:22 - INFO - Attempt 1/10: Loading https://www.bybit.com/fiat/trade/otc?actionType=1&token=USDT&fiat=NGN
2025-11-08 03:41:32 - INFO - Screenshot saved as 'pb2b/screenshots/bybit_page_20251108_034132.png'
2025-11-08 03:41:32 - INFO - Fetching BUY listings for USDT/EUR
2025-11-08 03:41:33 - INFO - Data successfully saved to SQLite database. New listings - Bybit: 4, Binance: 6
2025-11-08 03:41:33 - INFO - Browser session closed
2025-11-08 03:41:33 - INFO - SQLite database connection closed
2025-11-08 03:57:53 - INFO - Logging initialized. Log file: pb2b/logs/bybit_scraper_20251108.log
2025-11-08 03:57:55 - INFO - DataSaver logging initialized. Log file: pb2b/logs/data_saver_20251108.log
2025-11-08 03:57:55 - INFO - Connected to SQLite database: pb2b/p2p_listings.db
2025-11-08 03:57:55 - INFO - Database tables created successfully
2025-11-08 03:57:55 - INFO - Attempt 1/10: Loading https://www.bybit.com/fiat/trade/otc?actionType=1&token=USDT&fiat=NGN
2025-11-08 03:58:05 - INFO - Screenshot saved as 'pb2b/screenshots/bybit_page_20251108_035805.png'
2025-11-08 03:58:05 - INFO - Fetching BUY listings for USDT/EUR
2025-11-08 03:58:06 - INFO - Data successfully saved to SQLite database. New listings - Bybit: 4, Binance: 6
2025-11-08 03:58:06 - INFO - Browser session closed
2025-11-08 03:58:06 - INFO - SQLite database connection closed
2025-11-08 04:31:42 - INFO - Logging initialized. Log file: pb2b/logs/bybit_scraper_20251108.log
2025-11-08 04:31:45 - INFO - DataSaver logging initialized. Log file: pb2b/logs/data_saver_20251108.log
2025-11-08 04:31:45 - INFO - Connected to SQLite database: pb2b/p2p_listings.db
2025-11-08 04:31:45 - INFO - Database tables created successfully
2025-11-08 04:31:45 - INFO - Attempt 1/10: Loading https://www.bybit.com/fiat/trade/otc?actionType=1&token=USDT&fiat=NGN
2025-11-08 04:31:54 - INFO - Screenshot saved as 'pb2b/screenshots/bybit_page_20251108_043154.png'
2025-11-08 04:31:55 - INFO - Fetching BUY listings for USDT/EUR
2025-11-08 04:31:56 - INFO - Data successfully saved to SQLite database. New listings - Bybit: 4, Binance: 6
2025-11-08 04:31:56 - INFO - Browser session closed
2025-11-08 04:31:56 - INFO - SQLite database connection closed
2025-11-08 04:48:50 - INFO - Logging initialized. Log file: pb2b/logs/bybit_scraper_20251108.log
2025-11-08 04:48:51 - INFO - DataSaver logging initialized. Log file: pb2b/logs/data_saver_20251108.log
2025-11-08 04:48:51 - INFO - Connected to SQLite database: pb2b/p2p_listings.db
2025-11-08 04:48:51 - INFO - Database tables created successfully
2025-11-08 04:48:51 - INFO - Attempt 1/10: Loading https://www.bybit.com/fiat/trade/otc?actionType=1&token=USDT&fiat=NGN
2025-11-08 04:49:00 - INFO - Screenshot saved as 'pb2b/screenshots/bybit_page_20251108_044900.png'
2025-11-08 04:49:01 - INFO - Fetching BUY listings for USDT/EUR
2025-11-08 04:49:01 - INFO - Data successfully saved to SQLite database. New listings - Bybit: 4, Binance: 6
2025-11-08 04:49:01 - INFO - Browser session closed
2025-11-08 04:49:01 - INFO - SQLite database connection closed
