2025-05-21 02:06:08 - INFO - Logging initialized. Log file: pb2b/logs/bybit_scraper_20250521.log
2025-05-21 02:06:08 - INFO - DataSaver logging initialized. Log file: pb2b/logs/data_saver_20250521.log
2025-05-21 02:06:08 - INFO - Connected to SQLite database: pb2b/p2p_listings.db
2025-05-21 02:06:08 - INFO - Database tables created successfully
2025-05-21 02:06:08 - INFO - Attempt 1/10: Loading https://www.bybit.com/fiat/trade/otc?actionType=1&token=USDT&fiat=NGN
2025-05-21 02:06:21 - INFO - Screenshot saved as 'pb2b/screenshots/bybit_page_20250521_020621.png'
2025-05-21 02:06:22 - INFO - Fetching BUY listings for USDT/EUR
2025-05-21 02:06:22 - INFO - Data successfully saved to SQLite database. New listings - Bybit: 4, Binance: 6
2025-05-21 02:06:22 - INFO - Browser session closed
2025-05-21 02:06:22 - INFO - SQLite database connection closed
2025-05-21 03:20:02 - INFO - Logging initialized. Log file: pb2b/logs/bybit_scraper_20250521.log
2025-05-21 03:20:03 - INFO - DataSaver logging initialized. Log file: pb2b/logs/data_saver_20250521.log
2025-05-21 03:20:03 - INFO - Connected to SQLite database: pb2b/p2p_listings.db
2025-05-21 03:20:03 - INFO - Database tables created successfully
2025-05-21 03:20:03 - INFO - Attempt 1/10: Loading https://www.bybit.com/fiat/trade/otc?actionType=1&token=USDT&fiat=NGN
2025-05-21 03:20:16 - INFO - Screenshot saved as 'pb2b/screenshots/bybit_page_20250521_032016.png'
2025-05-21 03:20:16 - INFO - Fetching BUY listings for USDT/EUR
2025-05-21 03:20:17 - INFO - Data successfully saved to SQLite database. New listings - Bybit: 4, Binance: 6
2025-05-21 03:20:17 - INFO - Browser session closed
2025-05-21 03:20:17 - INFO - SQLite database connection closed
2025-05-21 03:55:23 - INFO - Logging initialized. Log file: pb2b/logs/bybit_scraper_20250521.log
2025-05-21 03:55:24 - INFO - DataSaver logging initialized. Log file: pb2b/logs/data_saver_20250521.log
2025-05-21 03:55:24 - INFO - Connected to SQLite database: pb2b/p2p_listings.db
2025-05-21 03:55:24 - INFO - Database tables created successfully
2025-05-21 03:55:24 - INFO - Attempt 1/10: Loading https://www.bybit.com/fiat/trade/otc?actionType=1&token=USDT&fiat=NGN
2025-05-21 03:55:35 - INFO - Screenshot saved as 'pb2b/screenshots/bybit_page_20250521_035535.png'
2025-05-21 03:55:36 - INFO - Fetching BUY listings for USDT/EUR
2025-05-21 03:55:36 - INFO - Data successfully saved to SQLite database. New listings - Bybit: 4, Binance: 6
2025-05-21 03:55:36 - INFO - Browser session closed
2025-05-21 03:55:36 - INFO - SQLite database connection closed
2025-05-21 04:25:52 - INFO - Logging initialized. Log file: pb2b/logs/bybit_scraper_20250521.log
2025-05-21 04:25:53 - INFO - DataSaver logging initialized. Log file: pb2b/logs/data_saver_20250521.log
2025-05-21 04:25:53 - INFO - Connected to SQLite database: pb2b/p2p_listings.db
2025-05-21 04:25:53 - INFO - Database tables created successfully
2025-05-21 04:25:53 - INFO - Attempt 1/10: Loading https://www.bybit.com/fiat/trade/otc?actionType=1&token=USDT&fiat=NGN
2025-05-21 04:26:04 - INFO - Screenshot saved as 'pb2b/screenshots/bybit_page_20250521_042603.png'
2025-05-21 04:26:04 - INFO - Fetching BUY listings for USDT/EUR
2025-05-21 04:26:05 - INFO - Data successfully saved to SQLite database. New listings - Bybit: 4, Binance: 6
2025-05-21 04:26:05 - INFO - Browser session closed
2025-05-21 04:26:05 - INFO - SQLite database connection closed
2025-05-21 04:47:51 - INFO - Logging initialized. Log file: pb2b/logs/bybit_scraper_20250521.log
2025-05-21 04:47:52 - INFO - DataSaver logging initialized. Log file: pb2b/logs/data_saver_20250521.log
2025-05-21 04:47:52 - INFO - Connected to SQLite database: pb2b/p2p_listings.db
2025-05-21 04:47:52 - INFO - Database tables created successfully
2025-05-21 04:47:52 - INFO - Attempt 1/10: Loading https://www.bybit.com/fiat/trade/otc?actionType=1&token=USDT&fiat=NGN
2025-05-21 04:48:03 - INFO - Screenshot saved as 'pb2b/screenshots/bybit_page_20250521_044802.png'
2025-05-21 04:48:03 - INFO - Fetching BUY listings for USDT/EUR
2025-05-21 04:48:04 - INFO - Data successfully saved to SQLite database. New listings - Bybit: 4, Binance: 6
2025-05-21 04:48:04 - INFO - Browser session closed
2025-05-21 04:48:04 - INFO - SQLite database connection closed
2025-05-21 05:01:56 - INFO - Logging initialized. Log file: pb2b/logs/bybit_scraper_20250521.log
2025-05-21 05:01:57 - INFO - DataSaver logging initialized. Log file: pb2b/logs/data_saver_20250521.log
2025-05-21 05:01:57 - INFO - Connected to SQLite database: pb2b/p2p_listings.db
2025-05-21 05:01:57 - INFO - Database tables created successfully
2025-05-21 05:01:57 - INFO - Attempt 1/10: Loading https://www.bybit.com/fiat/trade/otc?actionType=1&token=USDT&fiat=NGN
2025-05-21 05:02:11 - INFO - Screenshot saved as 'pb2b/screenshots/bybit_page_20250521_050211.png'
2025-05-21 05:02:11 - INFO - Fetching BUY listings for USDT/EUR
2025-05-21 05:02:12 - INFO - Data successfully saved to SQLite database. New listings - Bybit: 4, Binance: 6
2025-05-21 05:02:12 - INFO - Browser session closed
2025-05-21 05:02:12 - INFO - SQLite database connection closed
2025-05-21 05:31:58 - INFO - Logging initialized. Log file: pb2b/logs/bybit_scraper_20250521.log
2025-05-21 05:31:59 - INFO - DataSaver logging initialized. Log file: pb2b/logs/data_saver_20250521.log
2025-05-21 05:31:59 - INFO - Connected to SQLite database: pb2b/p2p_listings.db
2025-05-21 05:31:59 - INFO - Database tables created successfully
2025-05-21 05:31:59 - INFO - Attempt 1/10: Loading https://www.bybit.com/fiat/trade/otc?actionType=1&token=USDT&fiat=NGN
2025-05-21 05:32:12 - INFO - Screenshot saved as 'pb2b/screenshots/bybit_page_20250521_053212.png'
2025-05-21 05:32:12 - INFO - Fetching BUY listings for USDT/EUR
2025-05-21 05:32:13 - INFO - Data successfully saved to SQLite database. New listings - Bybit: 4, Binance: 6
2025-05-21 05:32:13 - INFO - Browser session closed
2025-05-21 05:32:13 - INFO - SQLite database connection closed
