2025-03-12 04:48:26 - INFO - Logging initialized. Log file: pb2b/logs/bybit_scraper_20250312.log
2025-03-12 04:48:26 - INFO - DataSaver logging initialized. Log file: pb2b/logs/data_saver_20250312.log
2025-03-12 04:48:26 - INFO - Connected to SQLite database: pb2b/p2p_listings.db
2025-03-12 04:48:26 - INFO - Database tables created successfully
2025-03-12 04:48:26 - INFO - Attempt 1/10: Loading https://www.bybit.com/fiat/trade/otc?actionType=1&token=USDT&fiat=NGN
2025-03-12 04:48:37 - INFO - Screenshot saved as 'pb2b/screenshots/bybit_page_20250312_044836.png'
2025-03-12 04:48:37 - INFO - Fetching BUY listings for USDT/EUR
2025-03-12 04:48:38 - INFO - Data successfully saved to SQLite database. New listings - Bybit: 5, Binance: 6
2025-03-12 04:48:38 - INFO - Browser session closed
2025-03-12 04:48:38 - INFO - SQLite database connection closed
2025-03-12 06:36:17 - INFO - Logging initialized. Log file: pb2b/logs/bybit_scraper_20250312.log
2025-03-12 06:36:18 - INFO - DataSaver logging initialized. Log file: pb2b/logs/data_saver_20250312.log
2025-03-12 06:36:18 - INFO - Connected to SQLite database: pb2b/p2p_listings.db
2025-03-12 06:36:18 - INFO - Database tables created successfully
2025-03-12 06:36:18 - INFO - Attempt 1/10: Loading https://www.bybit.com/fiat/trade/otc?actionType=1&token=USDT&fiat=NGN
2025-03-12 06:36:27 - INFO - Screenshot saved as 'pb2b/screenshots/bybit_page_20250312_063627.png'
2025-03-12 06:36:28 - INFO - Fetching BUY listings for USDT/EUR
2025-03-12 06:36:28 - INFO - Data successfully saved to SQLite database. New listings - Bybit: 5, Binance: 6
2025-03-12 06:36:29 - INFO - Browser session closed
2025-03-12 06:36:29 - INFO - SQLite database connection closed
2025-03-12 06:54:19 - INFO - Logging initialized. Log file: pb2b/logs/bybit_scraper_20250312.log
2025-03-12 06:54:21 - INFO - DataSaver logging initialized. Log file: pb2b/logs/data_saver_20250312.log
2025-03-12 06:54:21 - INFO - Connected to SQLite database: pb2b/p2p_listings.db
2025-03-12 06:54:21 - INFO - Database tables created successfully
2025-03-12 06:54:21 - INFO - Attempt 1/10: Loading https://www.bybit.com/fiat/trade/otc?actionType=1&token=USDT&fiat=NGN
2025-03-12 06:54:31 - INFO - Screenshot saved as 'pb2b/screenshots/bybit_page_20250312_065431.png'
2025-03-12 06:54:32 - INFO - Fetching BUY listings for USDT/EUR
2025-03-12 06:54:33 - INFO - Data successfully saved to SQLite database. New listings - Bybit: 5, Binance: 6
2025-03-12 06:54:33 - INFO - Browser session closed
2025-03-12 06:54:33 - INFO - SQLite database connection closed
2025-03-12 08:34:00 - INFO - Logging initialized. Log file: pb2b/logs/bybit_scraper_20250312.log
2025-03-12 08:34:00 - INFO - DataSaver logging initialized. Log file: pb2b/logs/data_saver_20250312.log
2025-03-12 08:34:00 - INFO - Connected to SQLite database: pb2b/p2p_listings.db
2025-03-12 08:34:00 - INFO - Database tables created successfully
2025-03-12 08:34:00 - INFO - Attempt 1/10: Loading https://www.bybit.com/fiat/trade/otc?actionType=1&token=USDT&fiat=NGN
2025-03-12 08:34:09 - INFO - Screenshot saved as 'pb2b/screenshots/bybit_page_20250312_083409.png'
2025-03-12 08:34:10 - INFO - Fetching BUY listings for USDT/EUR
2025-03-12 08:34:10 - INFO - Data successfully saved to SQLite database. New listings - Bybit: 5, Binance: 6
2025-03-12 08:34:10 - INFO - Browser session closed
2025-03-12 08:34:10 - INFO - SQLite database connection closed
2025-03-12 09:49:30 - INFO - Logging initialized. Log file: pb2b/logs/bybit_scraper_20250312.log
2025-03-12 09:49:30 - INFO - DataSaver logging initialized. Log file: pb2b/logs/data_saver_20250312.log
2025-03-12 09:49:30 - INFO - Connected to SQLite database: pb2b/p2p_listings.db
2025-03-12 09:49:30 - INFO - Database tables created successfully
2025-03-12 09:49:30 - INFO - Attempt 1/10: Loading https://www.bybit.com/fiat/trade/otc?actionType=1&token=USDT&fiat=NGN
2025-03-12 09:49:39 - INFO - Screenshot saved as 'pb2b/screenshots/bybit_page_20250312_094939.png'
2025-03-12 09:49:39 - INFO - Fetching BUY listings for USDT/EUR
2025-03-12 09:49:40 - INFO - Data successfully saved to SQLite database. New listings - Bybit: 4, Binance: 6
2025-03-12 09:49:40 - INFO - Browser session closed
2025-03-12 09:49:40 - INFO - SQLite database connection closed
2025-03-12 10:11:38 - INFO - Logging initialized. Log file: pb2b/logs/bybit_scraper_20250312.log
2025-03-12 10:11:39 - INFO - DataSaver logging initialized. Log file: pb2b/logs/data_saver_20250312.log
2025-03-12 10:11:39 - INFO - Connected to SQLite database: pb2b/p2p_listings.db
2025-03-12 10:11:39 - INFO - Database tables created successfully
2025-03-12 10:11:39 - INFO - Attempt 1/10: Loading https://www.bybit.com/fiat/trade/otc?actionType=1&token=USDT&fiat=NGN
2025-03-12 10:11:48 - INFO - Screenshot saved as 'pb2b/screenshots/bybit_page_20250312_101148.png'
2025-03-12 10:11:49 - INFO - Fetching BUY listings for USDT/EUR
2025-03-12 10:11:49 - INFO - Data successfully saved to SQLite database. New listings - Bybit: 4, Binance: 6
2025-03-12 10:11:49 - INFO - Browser session closed
2025-03-12 10:11:49 - INFO - SQLite database connection closed
2025-03-12 10:50:30 - INFO - Logging initialized. Log file: pb2b/logs/bybit_scraper_20250312.log
2025-03-12 10:50:31 - INFO - DataSaver logging initialized. Log file: pb2b/logs/data_saver_20250312.log
2025-03-12 10:50:31 - INFO - Connected to SQLite database: pb2b/p2p_listings.db
2025-03-12 10:50:31 - INFO - Database tables created successfully
2025-03-12 10:50:31 - INFO - Attempt 1/10: Loading https://www.bybit.com/fiat/trade/otc?actionType=1&token=USDT&fiat=NGN
2025-03-12 10:50:40 - INFO - Screenshot saved as 'pb2b/screenshots/bybit_page_20250312_105040.png'
2025-03-12 10:50:40 - INFO - Fetching BUY listings for USDT/EUR
2025-03-12 10:50:41 - INFO - Data successfully saved to SQLite database. New listings - Bybit: 4, Binance: 6
2025-03-12 10:50:41 - INFO - Browser session closed
2025-03-12 10:50:41 - INFO - SQLite database connection closed
2025-03-12 11:43:12 - INFO - Logging initialized. Log file: pb2b/logs/bybit_scraper_20250312.log
2025-03-12 11:43:14 - INFO - DataSaver logging initialized. Log file: pb2b/logs/data_saver_20250312.log
2025-03-12 11:43:14 - INFO - Connected to SQLite database: pb2b/p2p_listings.db
2025-03-12 11:43:14 - INFO - Database tables created successfully
2025-03-12 11:43:14 - INFO - Attempt 1/10: Loading https://www.bybit.com/fiat/trade/otc?actionType=1&token=USDT&fiat=NGN
2025-03-12 11:43:24 - INFO - Screenshot saved as 'pb2b/screenshots/bybit_page_20250312_114323.png'
2025-03-12 11:43:24 - INFO - Fetching BUY listings for USDT/EUR
2025-03-12 11:43:25 - INFO - Data successfully saved to SQLite database. New listings - Bybit: 4, Binance: 6
2025-03-12 11:43:25 - INFO - Browser session closed
2025-03-12 11:43:25 - INFO - SQLite database connection closed
2025-03-12 11:54:15 - INFO - Logging initialized. Log file: pb2b/logs/bybit_scraper_20250312.log
2025-03-12 11:54:17 - INFO - DataSaver logging initialized. Log file: pb2b/logs/data_saver_20250312.log
2025-03-12 11:54:17 - INFO - Connected to SQLite database: pb2b/p2p_listings.db
2025-03-12 11:54:17 - INFO - Database tables created successfully
2025-03-12 11:54:17 - INFO - Attempt 1/10: Loading https://www.bybit.com/fiat/trade/otc?actionType=1&token=USDT&fiat=NGN
2025-03-12 11:54:27 - INFO - Screenshot saved as 'pb2b/screenshots/bybit_page_20250312_115426.png'
2025-03-12 11:54:27 - INFO - Fetching BUY listings for USDT/EUR
2025-03-12 11:54:28 - INFO - Data successfully saved to SQLite database. New listings - Bybit: 4, Binance: 6
2025-03-12 11:54:28 - INFO - Browser session closed
2025-03-12 11:54:28 - INFO - SQLite database connection closed
2025-03-12 12:39:27 - INFO - Logging initialized. Log file: pb2b/logs/bybit_scraper_20250312.log
2025-03-12 12:39:29 - INFO - DataSaver logging initialized. Log file: pb2b/logs/data_saver_20250312.log
2025-03-12 12:39:29 - INFO - Connected to SQLite database: pb2b/p2p_listings.db
2025-03-12 12:39:29 - INFO - Database tables created successfully
2025-03-12 12:39:29 - INFO - Attempt 1/10: Loading https://www.bybit.com/fiat/trade/otc?actionType=1&token=USDT&fiat=NGN
2025-03-12 12:39:38 - INFO - Screenshot saved as 'pb2b/screenshots/bybit_page_20250312_123938.png'
2025-03-12 12:39:39 - INFO - Fetching BUY listings for USDT/EUR
2025-03-12 12:39:40 - INFO - Data successfully saved to SQLite database. New listings - Bybit: 4, Binance: 6
2025-03-12 12:39:40 - INFO - Browser session closed
2025-03-12 12:39:40 - INFO - SQLite database connection closed
2025-03-12 13:15:44 - INFO - Logging initialized. Log file: pb2b/logs/bybit_scraper_20250312.log
2025-03-12 13:15:46 - INFO - DataSaver logging initialized. Log file: pb2b/logs/data_saver_20250312.log
2025-03-12 13:15:46 - INFO - Connected to SQLite database: pb2b/p2p_listings.db
2025-03-12 13:15:46 - INFO - Database tables created successfully
2025-03-12 13:15:46 - INFO - Attempt 1/10: Loading https://www.bybit.com/fiat/trade/otc?actionType=1&token=USDT&fiat=NGN
2025-03-12 13:15:56 - INFO - Screenshot saved as 'pb2b/screenshots/bybit_page_20250312_131556.png'
2025-03-12 13:15:57 - INFO - Fetching BUY listings for USDT/EUR
2025-03-12 13:15:57 - INFO - Data successfully saved to SQLite database. New listings - Bybit: 4, Binance: 6
2025-03-12 13:15:57 - INFO - Browser session closed
2025-03-12 13:15:57 - INFO - SQLite database connection closed
2025-03-12 13:39:58 - INFO - Logging initialized. Log file: pb2b/logs/bybit_scraper_20250312.log
2025-03-12 13:39:59 - INFO - DataSaver logging initialized. Log file: pb2b/logs/data_saver_20250312.log
2025-03-12 13:39:59 - INFO - Connected to SQLite database: pb2b/p2p_listings.db
2025-03-12 13:39:59 - INFO - Database tables created successfully
2025-03-12 13:39:59 - INFO - Attempt 1/10: Loading https://www.bybit.com/fiat/trade/otc?actionType=1&token=USDT&fiat=NGN
2025-03-12 13:40:11 - INFO - Screenshot saved as 'pb2b/screenshots/bybit_page_20250312_134011.png'
2025-03-12 13:40:12 - INFO - Fetching BUY listings for USDT/EUR
2025-03-12 13:40:12 - INFO - Data successfully saved to SQLite database. New listings - Bybit: 4, Binance: 6
2025-03-12 13:40:13 - INFO - Browser session closed
2025-03-12 13:40:13 - INFO - SQLite database connection closed
2025-03-12 13:53:17 - INFO - Logging initialized. Log file: pb2b/logs/bybit_scraper_20250312.log
2025-03-12 13:53:18 - INFO - DataSaver logging initialized. Log file: pb2b/logs/data_saver_20250312.log
2025-03-12 13:53:18 - INFO - Connected to SQLite database: pb2b/p2p_listings.db
2025-03-12 13:53:18 - INFO - Database tables created successfully
2025-03-12 13:53:18 - INFO - Attempt 1/10: Loading https://www.bybit.com/fiat/trade/otc?actionType=1&token=USDT&fiat=NGN
2025-03-12 13:53:27 - INFO - Screenshot saved as 'pb2b/screenshots/bybit_page_20250312_135327.png'
2025-03-12 13:53:27 - INFO - Fetching BUY listings for USDT/EUR
2025-03-12 13:53:28 - INFO - Data successfully saved to SQLite database. New listings - Bybit: 4, Binance: 6
2025-03-12 13:53:28 - INFO - Browser session closed
2025-03-12 13:53:28 - INFO - SQLite database connection closed
2025-03-12 14:18:01 - INFO - Logging initialized. Log file: pb2b/logs/bybit_scraper_20250312.log
2025-03-12 14:18:03 - INFO - DataSaver logging initialized. Log file: pb2b/logs/data_saver_20250312.log
2025-03-12 14:18:03 - INFO - Connected to SQLite database: pb2b/p2p_listings.db
2025-03-12 14:18:03 - INFO - Database tables created successfully
2025-03-12 14:18:03 - INFO - Attempt 1/10: Loading https://www.bybit.com/fiat/trade/otc?actionType=1&token=USDT&fiat=NGN
2025-03-12 14:18:12 - INFO - Screenshot saved as 'pb2b/screenshots/bybit_page_20250312_141812.png'
2025-03-12 14:18:13 - INFO - Fetching BUY listings for USDT/EUR
2025-03-12 14:18:13 - INFO - Data successfully saved to SQLite database. New listings - Bybit: 4, Binance: 6
2025-03-12 14:18:13 - INFO - Browser session closed
2025-03-12 14:18:13 - INFO - SQLite database connection closed
2025-03-12 14:39:56 - INFO - Logging initialized. Log file: pb2b/logs/bybit_scraper_20250312.log
2025-03-12 14:39:57 - INFO - DataSaver logging initialized. Log file: pb2b/logs/data_saver_20250312.log
2025-03-12 14:39:57 - INFO - Connected to SQLite database: pb2b/p2p_listings.db
2025-03-12 14:39:57 - INFO - Database tables created successfully
2025-03-12 14:39:57 - INFO - Attempt 1/10: Loading https://www.bybit.com/fiat/trade/otc?actionType=1&token=USDT&fiat=NGN
2025-03-12 14:40:06 - INFO - Screenshot saved as 'pb2b/screenshots/bybit_page_20250312_144005.png'
2025-03-12 14:40:06 - INFO - Fetching BUY listings for USDT/EUR
2025-03-12 14:40:06 - INFO - Data successfully saved to SQLite database. New listings - Bybit: 4, Binance: 6
2025-03-12 14:40:06 - INFO - Browser session closed
2025-03-12 14:40:06 - INFO - SQLite database connection closed
2025-03-12 14:53:10 - INFO - Logging initialized. Log file: pb2b/logs/bybit_scraper_20250312.log
2025-03-12 14:53:11 - INFO - DataSaver logging initialized. Log file: pb2b/logs/data_saver_20250312.log
2025-03-12 14:53:11 - INFO - Connected to SQLite database: pb2b/p2p_listings.db
2025-03-12 14:53:11 - INFO - Database tables created successfully
2025-03-12 14:53:11 - INFO - Attempt 1/10: Loading https://www.bybit.com/fiat/trade/otc?actionType=1&token=USDT&fiat=NGN
2025-03-12 14:53:21 - INFO - Screenshot saved as 'pb2b/screenshots/bybit_page_20250312_145321.png'
2025-03-12 14:53:22 - INFO - Fetching BUY listings for USDT/EUR
2025-03-12 14:53:22 - INFO - Data successfully saved to SQLite database. New listings - Bybit: 4, Binance: 6
2025-03-12 14:53:22 - INFO - Browser session closed
2025-03-12 14:53:22 - INFO - SQLite database connection closed
2025-03-12 15:19:54 - INFO - Logging initialized. Log file: pb2b/logs/bybit_scraper_20250312.log
2025-03-12 15:19:55 - INFO - DataSaver logging initialized. Log file: pb2b/logs/data_saver_20250312.log
2025-03-12 15:19:55 - INFO - Connected to SQLite database: pb2b/p2p_listings.db
2025-03-12 15:19:55 - INFO - Database tables created successfully
2025-03-12 15:19:55 - INFO - Attempt 1/10: Loading https://www.bybit.com/fiat/trade/otc?actionType=1&token=USDT&fiat=NGN
2025-03-12 15:20:05 - INFO - Screenshot saved as 'pb2b/screenshots/bybit_page_20250312_152004.png'
2025-03-12 15:20:05 - INFO - Fetching BUY listings for USDT/EUR
2025-03-12 15:20:05 - INFO - Data successfully saved to SQLite database. New listings - Bybit: 4, Binance: 6
2025-03-12 15:20:06 - INFO - Browser session closed
2025-03-12 15:20:06 - INFO - SQLite database connection closed
2025-03-12 15:39:38 - INFO - Logging initialized. Log file: pb2b/logs/bybit_scraper_20250312.log
2025-03-12 15:39:38 - INFO - DataSaver logging initialized. Log file: pb2b/logs/data_saver_20250312.log
2025-03-12 15:39:38 - INFO - Connected to SQLite database: pb2b/p2p_listings.db
2025-03-12 15:39:38 - INFO - Database tables created successfully
2025-03-12 15:39:38 - INFO - Attempt 1/10: Loading https://www.bybit.com/fiat/trade/otc?actionType=1&token=USDT&fiat=NGN
2025-03-12 15:39:47 - INFO - Screenshot saved as 'pb2b/screenshots/bybit_page_20250312_153947.png'
2025-03-12 15:39:48 - INFO - Fetching BUY listings for USDT/EUR
2025-03-12 15:39:48 - INFO - Data successfully saved to SQLite database. New listings - Bybit: 4, Binance: 6
2025-03-12 15:39:49 - INFO - Browser session closed
2025-03-12 15:39:49 - INFO - SQLite database connection closed
2025-03-12 15:52:46 - INFO - Logging initialized. Log file: pb2b/logs/bybit_scraper_20250312.log
2025-03-12 15:52:47 - INFO - DataSaver logging initialized. Log file: pb2b/logs/data_saver_20250312.log
2025-03-12 15:52:47 - INFO - Connected to SQLite database: pb2b/p2p_listings.db
2025-03-12 15:52:47 - INFO - Database tables created successfully
2025-03-12 15:52:47 - INFO - Attempt 1/10: Loading https://www.bybit.com/fiat/trade/otc?actionType=1&token=USDT&fiat=NGN
2025-03-12 15:52:56 - INFO - Screenshot saved as 'pb2b/screenshots/bybit_page_20250312_155256.png'
2025-03-12 15:52:57 - INFO - Fetching BUY listings for USDT/EUR
2025-03-12 15:52:57 - INFO - Data successfully saved to SQLite database. New listings - Bybit: 4, Binance: 6
2025-03-12 15:52:57 - INFO - Browser session closed
2025-03-12 15:52:57 - INFO - SQLite database connection closed
2025-03-12 16:21:08 - INFO - Logging initialized. Log file: pb2b/logs/bybit_scraper_20250312.log
2025-03-12 16:21:10 - INFO - DataSaver logging initialized. Log file: pb2b/logs/data_saver_20250312.log
2025-03-12 16:21:10 - INFO - Connected to SQLite database: pb2b/p2p_listings.db
2025-03-12 16:21:10 - INFO - Database tables created successfully
2025-03-12 16:21:10 - INFO - Attempt 1/10: Loading https://www.bybit.com/fiat/trade/otc?actionType=1&token=USDT&fiat=NGN
2025-03-12 16:21:19 - INFO - Screenshot saved as 'pb2b/screenshots/bybit_page_20250312_162118.png'
2025-03-12 16:21:19 - INFO - Fetching BUY listings for USDT/EUR
2025-03-12 16:21:20 - INFO - Data successfully saved to SQLite database. New listings - Bybit: 4, Binance: 6
2025-03-12 16:21:20 - INFO - Browser session closed
2025-03-12 16:21:20 - INFO - SQLite database connection closed
2025-03-12 16:45:53 - INFO - Logging initialized. Log file: pb2b/logs/bybit_scraper_20250312.log
2025-03-12 16:45:54 - INFO - DataSaver logging initialized. Log file: pb2b/logs/data_saver_20250312.log
2025-03-12 16:45:54 - INFO - Connected to SQLite database: pb2b/p2p_listings.db
2025-03-12 16:45:54 - INFO - Database tables created successfully
2025-03-12 16:45:54 - INFO - Attempt 1/10: Loading https://www.bybit.com/fiat/trade/otc?actionType=1&token=USDT&fiat=NGN
2025-03-12 16:46:03 - INFO - Screenshot saved as 'pb2b/screenshots/bybit_page_20250312_164603.png'
2025-03-12 16:46:04 - INFO - Fetching BUY listings for USDT/EUR
2025-03-12 16:46:04 - INFO - Data successfully saved to SQLite database. New listings - Bybit: 4, Binance: 6
2025-03-12 16:46:04 - INFO - Browser session closed
2025-03-12 16:46:04 - INFO - SQLite database connection closed
2025-03-12 16:58:57 - INFO - Logging initialized. Log file: pb2b/logs/bybit_scraper_20250312.log
2025-03-12 16:58:59 - INFO - DataSaver logging initialized. Log file: pb2b/logs/data_saver_20250312.log
2025-03-12 16:58:59 - INFO - Connected to SQLite database: pb2b/p2p_listings.db
2025-03-12 16:58:59 - INFO - Database tables created successfully
2025-03-12 16:58:59 - INFO - Attempt 1/10: Loading https://www.bybit.com/fiat/trade/otc?actionType=1&token=USDT&fiat=NGN
2025-03-12 16:59:08 - INFO - Screenshot saved as 'pb2b/screenshots/bybit_page_20250312_165908.png'
2025-03-12 16:59:09 - INFO - Fetching BUY listings for USDT/EUR
2025-03-12 16:59:09 - INFO - Data successfully saved to SQLite database. New listings - Bybit: 4, Binance: 6
2025-03-12 16:59:10 - INFO - Browser session closed
2025-03-12 16:59:10 - INFO - SQLite database connection closed
2025-03-12 17:25:28 - INFO - Logging initialized. Log file: pb2b/logs/bybit_scraper_20250312.log
2025-03-12 17:25:29 - INFO - DataSaver logging initialized. Log file: pb2b/logs/data_saver_20250312.log
2025-03-12 17:25:29 - INFO - Connected to SQLite database: pb2b/p2p_listings.db
2025-03-12 17:25:29 - INFO - Database tables created successfully
2025-03-12 17:25:29 - INFO - Attempt 1/10: Loading https://www.bybit.com/fiat/trade/otc?actionType=1&token=USDT&fiat=NGN
2025-03-12 17:25:39 - INFO - Screenshot saved as 'pb2b/screenshots/bybit_page_20250312_172539.png'
2025-03-12 17:25:40 - INFO - Fetching BUY listings for USDT/EUR
2025-03-12 17:25:40 - INFO - Data successfully saved to SQLite database. New listings - Bybit: 4, Binance: 6
2025-03-12 17:25:40 - INFO - Browser session closed
2025-03-12 17:25:40 - INFO - SQLite database connection closed
2025-03-12 17:41:50 - INFO - Logging initialized. Log file: pb2b/logs/bybit_scraper_20250312.log
2025-03-12 17:41:51 - INFO - DataSaver logging initialized. Log file: pb2b/logs/data_saver_20250312.log
2025-03-12 17:41:51 - INFO - Connected to SQLite database: pb2b/p2p_listings.db
2025-03-12 17:41:51 - INFO - Database tables created successfully
2025-03-12 17:41:51 - INFO - Attempt 1/10: Loading https://www.bybit.com/fiat/trade/otc?actionType=1&token=USDT&fiat=NGN
2025-03-12 17:42:00 - INFO - Screenshot saved as 'pb2b/screenshots/bybit_page_20250312_174200.png'
2025-03-12 17:42:01 - INFO - Fetching BUY listings for USDT/EUR
2025-03-12 17:42:01 - INFO - Data successfully saved to SQLite database. New listings - Bybit: 4, Binance: 6
2025-03-12 17:42:01 - INFO - Browser session closed
2025-03-12 17:42:01 - INFO - SQLite database connection closed
2025-03-12 17:54:58 - INFO - Logging initialized. Log file: pb2b/logs/bybit_scraper_20250312.log
2025-03-12 17:54:59 - INFO - DataSaver logging initialized. Log file: pb2b/logs/data_saver_20250312.log
2025-03-12 17:54:59 - INFO - Connected to SQLite database: pb2b/p2p_listings.db
2025-03-12 17:54:59 - INFO - Database tables created successfully
2025-03-12 17:54:59 - INFO - Attempt 1/10: Loading https://www.bybit.com/fiat/trade/otc?actionType=1&token=USDT&fiat=NGN
2025-03-12 17:55:08 - INFO - Screenshot saved as 'pb2b/screenshots/bybit_page_20250312_175508.png'
2025-03-12 17:55:09 - INFO - Fetching BUY listings for USDT/EUR
2025-03-12 17:55:09 - INFO - Data successfully saved to SQLite database. New listings - Bybit: 4, Binance: 6
2025-03-12 17:55:09 - INFO - Browser session closed
2025-03-12 17:55:09 - INFO - SQLite database connection closed
2025-03-12 18:30:16 - INFO - Logging initialized. Log file: pb2b/logs/bybit_scraper_20250312.log
2025-03-12 18:30:17 - INFO - DataSaver logging initialized. Log file: pb2b/logs/data_saver_20250312.log
2025-03-12 18:30:17 - INFO - Connected to SQLite database: pb2b/p2p_listings.db
2025-03-12 18:30:17 - INFO - Database tables created successfully
2025-03-12 18:30:17 - INFO - Attempt 1/10: Loading https://www.bybit.com/fiat/trade/otc?actionType=1&token=USDT&fiat=NGN
2025-03-12 18:30:26 - INFO - Screenshot saved as 'pb2b/screenshots/bybit_page_20250312_183026.png'
2025-03-12 18:30:27 - INFO - Fetching BUY listings for USDT/EUR
2025-03-12 18:30:28 - INFO - Data successfully saved to SQLite database. New listings - Bybit: 4, Binance: 6
2025-03-12 18:30:28 - INFO - Browser session closed
2025-03-12 18:30:28 - INFO - SQLite database connection closed
2025-03-12 18:50:30 - INFO - Logging initialized. Log file: pb2b/logs/bybit_scraper_20250312.log
2025-03-12 18:50:31 - INFO - DataSaver logging initialized. Log file: pb2b/logs/data_saver_20250312.log
2025-03-12 18:50:31 - INFO - Connected to SQLite database: pb2b/p2p_listings.db
2025-03-12 18:50:31 - INFO - Database tables created successfully
2025-03-12 18:50:31 - INFO - Attempt 1/10: Loading https://www.bybit.com/fiat/trade/otc?actionType=1&token=USDT&fiat=NGN
2025-03-12 18:50:40 - INFO - Screenshot saved as 'pb2b/screenshots/bybit_page_20250312_185040.png'
2025-03-12 18:50:40 - INFO - Fetching BUY listings for USDT/EUR
2025-03-12 18:50:41 - INFO - Data successfully saved to SQLite database. New listings - Bybit: 4, Binance: 6
2025-03-12 18:50:41 - INFO - Browser session closed
2025-03-12 18:50:41 - INFO - SQLite database connection closed
2025-03-12 19:10:06 - INFO - Logging initialized. Log file: pb2b/logs/bybit_scraper_20250312.log
2025-03-12 19:10:06 - INFO - DataSaver logging initialized. Log file: pb2b/logs/data_saver_20250312.log
2025-03-12 19:10:06 - INFO - Connected to SQLite database: pb2b/p2p_listings.db
2025-03-12 19:10:06 - INFO - Database tables created successfully
2025-03-12 19:10:06 - INFO - Attempt 1/10: Loading https://www.bybit.com/fiat/trade/otc?actionType=1&token=USDT&fiat=NGN
2025-03-12 19:10:16 - INFO - Screenshot saved as 'pb2b/screenshots/bybit_page_20250312_191016.png'
2025-03-12 19:10:16 - INFO - Fetching BUY listings for USDT/EUR
2025-03-12 19:10:17 - INFO - Data successfully saved to SQLite database. New listings - Bybit: 4, Binance: 6
2025-03-12 19:10:17 - INFO - Browser session closed
2025-03-12 19:10:17 - INFO - SQLite database connection closed
2025-03-12 19:30:19 - INFO - Logging initialized. Log file: pb2b/logs/bybit_scraper_20250312.log
2025-03-12 19:30:19 - INFO - DataSaver logging initialized. Log file: pb2b/logs/data_saver_20250312.log
2025-03-12 19:30:19 - INFO - Connected to SQLite database: pb2b/p2p_listings.db
2025-03-12 19:30:19 - INFO - Database tables created successfully
2025-03-12 19:30:19 - INFO - Attempt 1/10: Loading https://www.bybit.com/fiat/trade/otc?actionType=1&token=USDT&fiat=NGN
2025-03-12 19:30:28 - INFO - Screenshot saved as 'pb2b/screenshots/bybit_page_20250312_193028.png'
2025-03-12 19:30:29 - INFO - Fetching BUY listings for USDT/EUR
2025-03-12 19:30:29 - INFO - Data successfully saved to SQLite database. New listings - Bybit: 4, Binance: 6
2025-03-12 19:30:29 - INFO - Browser session closed
2025-03-12 19:30:29 - INFO - SQLite database connection closed
2025-03-12 19:39:59 - INFO - Logging initialized. Log file: pb2b/logs/bybit_scraper_20250312.log
2025-03-12 19:39:59 - INFO - DataSaver logging initialized. Log file: pb2b/logs/data_saver_20250312.log
2025-03-12 19:39:59 - INFO - Connected to SQLite database: pb2b/p2p_listings.db
2025-03-12 19:39:59 - INFO - Database tables created successfully
2025-03-12 19:39:59 - INFO - Attempt 1/10: Loading https://www.bybit.com/fiat/trade/otc?actionType=1&token=USDT&fiat=NGN
2025-03-12 19:40:09 - INFO - Screenshot saved as 'pb2b/screenshots/bybit_page_20250312_194009.png'
2025-03-12 19:40:09 - INFO - Fetching BUY listings for USDT/EUR
2025-03-12 19:40:10 - INFO - Data successfully saved to SQLite database. New listings - Bybit: 4, Binance: 6
2025-03-12 19:40:10 - INFO - Browser session closed
2025-03-12 19:40:10 - INFO - SQLite database connection closed
2025-03-12 19:53:19 - INFO - Logging initialized. Log file: pb2b/logs/bybit_scraper_20250312.log
2025-03-12 19:53:20 - INFO - DataSaver logging initialized. Log file: pb2b/logs/data_saver_20250312.log
2025-03-12 19:53:20 - INFO - Connected to SQLite database: pb2b/p2p_listings.db
2025-03-12 19:53:20 - INFO - Database tables created successfully
2025-03-12 19:53:20 - INFO - Attempt 1/10: Loading https://www.bybit.com/fiat/trade/otc?actionType=1&token=USDT&fiat=NGN
2025-03-12 19:53:29 - INFO - Screenshot saved as 'pb2b/screenshots/bybit_page_20250312_195329.png'
2025-03-12 19:53:30 - INFO - Fetching BUY listings for USDT/EUR
2025-03-12 19:53:30 - INFO - Data successfully saved to SQLite database. New listings - Bybit: 4, Binance: 6
2025-03-12 19:53:30 - INFO - Browser session closed
2025-03-12 19:53:30 - INFO - SQLite database connection closed
2025-03-12 20:20:04 - INFO - Logging initialized. Log file: pb2b/logs/bybit_scraper_20250312.log
2025-03-12 20:20:05 - INFO - DataSaver logging initialized. Log file: pb2b/logs/data_saver_20250312.log
2025-03-12 20:20:05 - INFO - Connected to SQLite database: pb2b/p2p_listings.db
2025-03-12 20:20:05 - INFO - Database tables created successfully
2025-03-12 20:20:05 - INFO - Attempt 1/10: Loading https://www.bybit.com/fiat/trade/otc?actionType=1&token=USDT&fiat=NGN
2025-03-12 20:20:15 - INFO - Screenshot saved as 'pb2b/screenshots/bybit_page_20250312_202015.png'
2025-03-12 20:20:15 - INFO - Fetching BUY listings for USDT/EUR
2025-03-12 20:20:16 - INFO - Data successfully saved to SQLite database. New listings - Bybit: 4, Binance: 6
2025-03-12 20:20:16 - INFO - Browser session closed
2025-03-12 20:20:16 - INFO - SQLite database connection closed
2025-03-12 20:37:55 - INFO - Logging initialized. Log file: pb2b/logs/bybit_scraper_20250312.log
2025-03-12 20:37:56 - INFO - DataSaver logging initialized. Log file: pb2b/logs/data_saver_20250312.log
2025-03-12 20:37:56 - INFO - Connected to SQLite database: pb2b/p2p_listings.db
2025-03-12 20:37:56 - INFO - Database tables created successfully
2025-03-12 20:37:56 - INFO - Attempt 1/10: Loading https://www.bybit.com/fiat/trade/otc?actionType=1&token=USDT&fiat=NGN
2025-03-12 20:38:06 - INFO - Screenshot saved as 'pb2b/screenshots/bybit_page_20250312_203806.png'
2025-03-12 20:38:06 - INFO - Fetching BUY listings for USDT/EUR
2025-03-12 20:38:07 - INFO - Data successfully saved to SQLite database. New listings - Bybit: 4, Binance: 6
2025-03-12 20:38:07 - INFO - Browser session closed
2025-03-12 20:38:07 - INFO - SQLite database connection closed
2025-03-12 20:50:56 - INFO - Logging initialized. Log file: pb2b/logs/bybit_scraper_20250312.log
2025-03-12 20:50:58 - INFO - DataSaver logging initialized. Log file: pb2b/logs/data_saver_20250312.log
2025-03-12 20:50:58 - INFO - Connected to SQLite database: pb2b/p2p_listings.db
2025-03-12 20:50:58 - INFO - Database tables created successfully
2025-03-12 20:50:58 - INFO - Attempt 1/10: Loading https://www.bybit.com/fiat/trade/otc?actionType=1&token=USDT&fiat=NGN
2025-03-12 20:51:08 - INFO - Screenshot saved as 'pb2b/screenshots/bybit_page_20250312_205108.png'
2025-03-12 20:51:08 - INFO - Fetching BUY listings for USDT/EUR
2025-03-12 20:51:09 - INFO - Data successfully saved to SQLite database. New listings - Bybit: 4, Binance: 6
2025-03-12 20:51:09 - INFO - Browser session closed
2025-03-12 20:51:09 - INFO - SQLite database connection closed
2025-03-12 21:12:27 - INFO - Logging initialized. Log file: pb2b/logs/bybit_scraper_20250312.log
2025-03-12 21:12:27 - INFO - DataSaver logging initialized. Log file: pb2b/logs/data_saver_20250312.log
2025-03-12 21:12:27 - INFO - Connected to SQLite database: pb2b/p2p_listings.db
2025-03-12 21:12:27 - INFO - Database tables created successfully
2025-03-12 21:12:27 - INFO - Attempt 1/10: Loading https://www.bybit.com/fiat/trade/otc?actionType=1&token=USDT&fiat=NGN
2025-03-12 21:12:37 - INFO - Screenshot saved as 'pb2b/screenshots/bybit_page_20250312_211237.png'
2025-03-12 21:12:37 - INFO - Fetching BUY listings for USDT/EUR
2025-03-12 21:12:38 - INFO - Data successfully saved to SQLite database. New listings - Bybit: 4, Binance: 6
2025-03-12 21:12:38 - INFO - Browser session closed
2025-03-12 21:12:38 - INFO - SQLite database connection closed
2025-03-12 21:31:53 - INFO - Logging initialized. Log file: pb2b/logs/bybit_scraper_20250312.log
2025-03-12 21:31:53 - INFO - DataSaver logging initialized. Log file: pb2b/logs/data_saver_20250312.log
2025-03-12 21:31:53 - INFO - Connected to SQLite database: pb2b/p2p_listings.db
2025-03-12 21:31:53 - INFO - Database tables created successfully
2025-03-12 21:31:53 - INFO - Attempt 1/10: Loading https://www.bybit.com/fiat/trade/otc?actionType=1&token=USDT&fiat=NGN
2025-03-12 21:32:05 - INFO - Screenshot saved as 'pb2b/screenshots/bybit_page_20250312_213204.png'
2025-03-12 21:32:05 - INFO - Fetching BUY listings for USDT/EUR
2025-03-12 21:32:06 - INFO - Data successfully saved to SQLite database. New listings - Bybit: 4, Binance: 6
2025-03-12 21:32:06 - INFO - Browser session closed
2025-03-12 21:32:06 - INFO - SQLite database connection closed
2025-03-12 21:44:45 - INFO - Logging initialized. Log file: pb2b/logs/bybit_scraper_20250312.log
2025-03-12 21:44:45 - INFO - DataSaver logging initialized. Log file: pb2b/logs/data_saver_20250312.log
2025-03-12 21:44:45 - INFO - Connected to SQLite database: pb2b/p2p_listings.db
2025-03-12 21:44:45 - INFO - Database tables created successfully
2025-03-12 21:44:45 - INFO - Attempt 1/10: Loading https://www.bybit.com/fiat/trade/otc?actionType=1&token=USDT&fiat=NGN
2025-03-12 21:44:54 - INFO - Screenshot saved as 'pb2b/screenshots/bybit_page_20250312_214454.png'
2025-03-12 21:44:55 - INFO - Fetching BUY listings for USDT/EUR
2025-03-12 21:44:55 - INFO - Data successfully saved to SQLite database. New listings - Bybit: 4, Binance: 6
2025-03-12 21:44:55 - INFO - Browser session closed
2025-03-12 21:44:55 - INFO - SQLite database connection closed
2025-03-12 21:57:59 - INFO - Logging initialized. Log file: pb2b/logs/bybit_scraper_20250312.log
2025-03-12 21:58:01 - INFO - DataSaver logging initialized. Log file: pb2b/logs/data_saver_20250312.log
2025-03-12 21:58:01 - INFO - Connected to SQLite database: pb2b/p2p_listings.db
2025-03-12 21:58:01 - INFO - Database tables created successfully
2025-03-12 21:58:01 - INFO - Attempt 1/10: Loading https://www.bybit.com/fiat/trade/otc?actionType=1&token=USDT&fiat=NGN
2025-03-12 21:58:11 - INFO - Screenshot saved as 'pb2b/screenshots/bybit_page_20250312_215810.png'
2025-03-12 21:58:11 - INFO - Fetching BUY listings for USDT/EUR
2025-03-12 21:58:12 - INFO - Data successfully saved to SQLite database. New listings - Bybit: 4, Binance: 6
2025-03-12 21:58:12 - INFO - Browser session closed
2025-03-12 21:58:12 - INFO - SQLite database connection closed
