2025-03-31 01:40:49 - INFO - Logging initialized. Log file: pb2b/logs/bybit_scraper_20250331.log
2025-03-31 01:41:05 - INFO - DataSaver logging initialized. Log file: pb2b/logs/data_saver_20250331.log
2025-03-31 01:41:05 - INFO - Connected to SQLite database: pb2b/p2p_listings.db
2025-03-31 01:41:05 - INFO - Database tables created successfully
2025-03-31 01:41:05 - INFO - Attempt 1/10: Loading https://www.bybit.com/fiat/trade/otc?actionType=1&token=USDT&fiat=NGN
2025-03-31 01:41:17 - INFO - Screenshot saved as 'pb2b/screenshots/bybit_page_20250331_014117.png'
2025-03-31 01:41:17 - INFO - Fetching BUY listings for USDT/EUR
2025-03-31 01:41:18 - INFO - Data successfully saved to SQLite database. New listings - Bybit: 4, Binance: 6
2025-03-31 01:41:18 - INFO - Browser session closed
2025-03-31 01:41:18 - INFO - SQLite database connection closed
2025-03-31 03:00:35 - INFO - Logging initialized. Log file: pb2b/logs/bybit_scraper_20250331.log
2025-03-31 03:00:36 - INFO - DataSaver logging initialized. Log file: pb2b/logs/data_saver_20250331.log
2025-03-31 03:00:36 - INFO - Connected to SQLite database: pb2b/p2p_listings.db
2025-03-31 03:00:36 - INFO - Database tables created successfully
2025-03-31 03:00:36 - INFO - Attempt 1/10: Loading https://www.bybit.com/fiat/trade/otc?actionType=1&token=USDT&fiat=NGN
2025-03-31 03:00:45 - INFO - Screenshot saved as 'pb2b/screenshots/bybit_page_20250331_030045.png'
2025-03-31 03:00:45 - INFO - Fetching BUY listings for USDT/EUR
2025-03-31 03:00:46 - INFO - Data successfully saved to SQLite database. New listings - Bybit: 4, Binance: 6
2025-03-31 03:00:46 - INFO - Browser session closed
2025-03-31 03:00:46 - INFO - SQLite database connection closed
2025-03-31 03:41:03 - INFO - Logging initialized. Log file: pb2b/logs/bybit_scraper_20250331.log
2025-03-31 03:41:04 - INFO - DataSaver logging initialized. Log file: pb2b/logs/data_saver_20250331.log
2025-03-31 03:41:04 - INFO - Connected to SQLite database: pb2b/p2p_listings.db
2025-03-31 03:41:04 - INFO - Database tables created successfully
2025-03-31 03:41:04 - INFO - Attempt 1/10: Loading https://www.bybit.com/fiat/trade/otc?actionType=1&token=USDT&fiat=NGN
2025-03-31 03:41:14 - INFO - Screenshot saved as 'pb2b/screenshots/bybit_page_20250331_034114.png'
2025-03-31 03:41:14 - INFO - Fetching BUY listings for USDT/EUR
2025-03-31 03:41:15 - INFO - Data successfully saved to SQLite database. New listings - Bybit: 4, Binance: 6
2025-03-31 03:41:15 - INFO - Browser session closed
2025-03-31 03:41:15 - INFO - SQLite database connection closed
2025-03-31 03:57:48 - INFO - Logging initialized. Log file: pb2b/logs/bybit_scraper_20250331.log
2025-03-31 03:57:49 - INFO - DataSaver logging initialized. Log file: pb2b/logs/data_saver_20250331.log
2025-03-31 03:57:49 - INFO - Connected to SQLite database: pb2b/p2p_listings.db
2025-03-31 03:57:49 - INFO - Database tables created successfully
2025-03-31 03:57:49 - INFO - Attempt 1/10: Loading https://www.bybit.com/fiat/trade/otc?actionType=1&token=USDT&fiat=NGN
2025-03-31 03:57:59 - INFO - Screenshot saved as 'pb2b/screenshots/bybit_page_20250331_035758.png'
2025-03-31 03:57:59 - INFO - Fetching BUY listings for USDT/EUR
2025-03-31 03:57:59 - INFO - Data successfully saved to SQLite database. New listings - Bybit: 4, Binance: 6
2025-03-31 03:58:00 - INFO - Browser session closed
2025-03-31 03:58:00 - INFO - SQLite database connection closed
