2025-07-26 00:02:07 - INFO - Logging initialized. Log file: pb2b/logs/bybit_scraper_20250726.log
2025-07-26 00:02:08 - INFO - DataSaver logging initialized. Log file: pb2b/logs/data_saver_20250726.log
2025-07-26 00:02:08 - INFO - Connected to SQLite database: pb2b/p2p_listings.db
2025-07-26 00:02:08 - INFO - Database tables created successfully
2025-07-26 00:02:08 - INFO - Attempt 1/10: Loading https://www.bybit.com/fiat/trade/otc?actionType=1&token=USDT&fiat=NGN
2025-07-26 00:02:20 - INFO - Screenshot saved as 'pb2b/screenshots/bybit_page_20250726_000220.png'
2025-07-26 00:02:21 - INFO - Fetching BUY listings for USDT/EUR
2025-07-26 00:02:22 - INFO - Data successfully saved to SQLite database. New listings - Bybit: 4, Binance: 6
2025-07-26 00:02:22 - INFO - Browser session closed
2025-07-26 00:02:22 - INFO - SQLite database connection closed
2025-07-26 02:25:40 - INFO - Logging initialized. Log file: pb2b/logs/bybit_scraper_20250726.log
2025-07-26 02:25:42 - INFO - DataSaver logging initialized. Log file: pb2b/logs/data_saver_20250726.log
2025-07-26 02:25:42 - INFO - Connected to SQLite database: pb2b/p2p_listings.db
2025-07-26 02:25:42 - INFO - Database tables created successfully
2025-07-26 02:25:42 - INFO - Attempt 1/10: Loading https://www.bybit.com/fiat/trade/otc?actionType=1&token=USDT&fiat=NGN
2025-07-26 02:25:53 - INFO - Screenshot saved as 'pb2b/screenshots/bybit_page_20250726_022553.png'
2025-07-26 02:25:53 - INFO - Fetching BUY listings for USDT/EUR
2025-07-26 02:25:54 - INFO - Data successfully saved to SQLite database. New listings - Bybit: 4, Binance: 6
2025-07-26 02:25:54 - INFO - Browser session closed
2025-07-26 02:25:54 - INFO - SQLite database connection closed
2025-07-26 03:47:09 - INFO - Logging initialized. Log file: pb2b/logs/bybit_scraper_20250726.log
2025-07-26 03:47:10 - INFO - DataSaver logging initialized. Log file: pb2b/logs/data_saver_20250726.log
2025-07-26 03:47:10 - INFO - Connected to SQLite database: pb2b/p2p_listings.db
2025-07-26 03:47:10 - INFO - Database tables created successfully
2025-07-26 03:47:10 - INFO - Attempt 1/10: Loading https://www.bybit.com/fiat/trade/otc?actionType=1&token=USDT&fiat=NGN
2025-07-26 03:47:19 - INFO - Screenshot saved as 'pb2b/screenshots/bybit_page_20250726_034719.png'
2025-07-26 03:47:19 - INFO - Fetching BUY listings for USDT/EUR
2025-07-26 03:47:20 - INFO - Data successfully saved to SQLite database. New listings - Bybit: 4, Binance: 6
2025-07-26 03:47:20 - INFO - Browser session closed
2025-07-26 03:47:20 - INFO - SQLite database connection closed
2025-07-26 04:27:22 - INFO - Logging initialized. Log file: pb2b/logs/bybit_scraper_20250726.log
2025-07-26 04:27:23 - INFO - DataSaver logging initialized. Log file: pb2b/logs/data_saver_20250726.log
2025-07-26 04:27:23 - INFO - Connected to SQLite database: pb2b/p2p_listings.db
2025-07-26 04:27:23 - INFO - Database tables created successfully
2025-07-26 04:27:23 - INFO - Attempt 1/10: Loading https://www.bybit.com/fiat/trade/otc?actionType=1&token=USDT&fiat=NGN
2025-07-26 04:27:32 - INFO - Screenshot saved as 'pb2b/screenshots/bybit_page_20250726_042732.png'
2025-07-26 04:27:33 - INFO - Fetching BUY listings for USDT/EUR
2025-07-26 04:27:34 - INFO - Data successfully saved to SQLite database. New listings - Bybit: 4, Binance: 6
2025-07-26 04:27:34 - INFO - Browser session closed
2025-07-26 04:27:34 - INFO - SQLite database connection closed
2025-07-26 05:01:15 - INFO - Logging initialized. Log file: pb2b/logs/bybit_scraper_20250726.log
2025-07-26 05:01:15 - INFO - DataSaver logging initialized. Log file: pb2b/logs/data_saver_20250726.log
2025-07-26 05:01:15 - INFO - Connected to SQLite database: pb2b/p2p_listings.db
2025-07-26 05:01:15 - INFO - Database tables created successfully
2025-07-26 05:01:15 - INFO - Attempt 1/10: Loading https://www.bybit.com/fiat/trade/otc?actionType=1&token=USDT&fiat=NGN
2025-07-26 05:01:25 - INFO - Screenshot saved as 'pb2b/screenshots/bybit_page_20250726_050125.png'
2025-07-26 05:01:25 - INFO - Fetching BUY listings for USDT/EUR
2025-07-26 05:01:26 - INFO - Data successfully saved to SQLite database. New listings - Bybit: 4, Binance: 6
2025-07-26 05:01:26 - INFO - Browser session closed
2025-07-26 05:01:26 - INFO - SQLite database connection closed
