2025-03-11 13:48:34 - INFO - Logging initialized. Log file: pb2b/logs/bybit_scraper_20250311.log
2025-03-11 13:48:35 - INFO - DataSaver logging initialized. Log file: pb2b/logs/data_saver_20250311.log
2025-03-11 13:48:35 - INFO - Connected to SQLite database: pb2b/p2p_listings.db
2025-03-11 13:48:35 - INFO - Database tables created successfully
2025-03-11 13:48:35 - INFO - Attempt 1/10: Loading https://www.bybit.com/fiat/trade/otc?actionType=1&token=USDT&fiat=NGN
2025-03-11 13:48:44 - INFO - Screenshot saved as 'pb2b/screenshots/bybit_page_20250311_134844.png'
2025-03-11 13:48:44 - INFO - Fetching BUY listings for USDT/EUR
2025-03-11 13:48:45 - INFO - Data successfully saved to SQLite database. New listings - Bybit: 5, Binance: 6
2025-03-11 13:48:45 - INFO - Browser session closed
2025-03-11 13:48:45 - INFO - SQLite database connection closed
2025-03-11 14:01:34 - INFO - Logging initialized. Log file: pb2b/logs/bybit_scraper_20250311.log
2025-03-11 14:01:35 - INFO - DataSaver logging initialized. Log file: pb2b/logs/data_saver_20250311.log
2025-03-11 14:01:35 - INFO - Connected to SQLite database: pb2b/p2p_listings.db
2025-03-11 14:01:35 - INFO - Database tables created successfully
2025-03-11 14:01:35 - INFO - Attempt 1/10: Loading https://www.bybit.com/fiat/trade/otc?actionType=1&token=USDT&fiat=NGN
2025-03-11 14:01:44 - INFO - Screenshot saved as 'pb2b/screenshots/bybit_page_20250311_140144.png'
2025-03-11 14:01:44 - INFO - Fetching BUY listings for USDT/EUR
2025-03-11 14:01:45 - INFO - Data successfully saved to SQLite database. New listings - Bybit: 5, Binance: 6
2025-03-11 14:01:45 - INFO - Browser session closed
2025-03-11 14:01:45 - INFO - SQLite database connection closed
