2026-03-06 00:06:05 - INFO - Logging initialized. Log file: pb2b/logs/bybit_scraper_20260306.log
2026-03-06 00:06:07 - INFO - DataSaver logging initialized. Log file: pb2b/logs/data_saver_20260306.log
2026-03-06 00:06:07 - INFO - Connected to SQLite database: pb2b/p2p_listings.db
2026-03-06 00:06:07 - INFO - Database tables created successfully
2026-03-06 00:06:07 - INFO - Attempt 1/10: Loading https://www.bybit.com/fiat/trade/otc?actionType=1&token=USDT&fiat=NGN
2026-03-06 00:06:14 - INFO - Screenshot saved as 'pb2b/screenshots/bybit_page_20260306_000614.png'
2026-03-06 00:06:14 - WARNING - Error parsing row: Message: no such element: Unable to locate element: {"method":"css selector","selector":"td:nth-child(2)"}
  (Session info: chrome=145.0.7632.159); For documentation on this error, please visit: https://www.selenium.dev/documentation/webdriver/troubleshooting/errors#nosuchelementexception
Stacktrace:
#0 0x56285b8b3b6a <unknown>
#1 0x56285b2c6a32 <unknown>
#2 0x56285b31bd66 <unknown>
#3 0x56285b31bfa1 <unknown>
#4 0x56285b30f736 <unknown>
#5 0x56285b30f617 <unknown>
#6 0x56285b364369 <unknown>
#7 0x56285b30dc0f <unknown>
#8 0x56285b30e9d1 <unknown>
#9 0x56285b8786b9 <unknown>
#10 0x56285b87b5c1 <unknown>
#11 0x56285b864e29 <unknown>
#12 0x56285b87c17e <unknown>
#13 0x56285b84b4b0 <unknown>
#14 0x56285b8a0578 <unknown>
#15 0x56285b8a074b <unknown>
#16 0x56285b8b21a3 <unknown>
#17 0x7eff9809caa4 <unknown>
#18 0x7eff98129c6c <unknown>

2026-03-06 00:06:14 - WARNING - Error parsing row: Message: no such element: Unable to locate element: {"method":"css selector","selector":"td:nth-child(2)"}
  (Session info: chrome=145.0.7632.159); For documentation on this error, please visit: https://www.selenium.dev/documentation/webdriver/troubleshooting/errors#nosuchelementexception
Stacktrace:
#0 0x56285b8b3b6a <unknown>
#1 0x56285b2c6a32 <unknown>
#2 0x56285b31bd66 <unknown>
#3 0x56285b31bfa1 <unknown>
#4 0x56285b30f736 <unknown>
#5 0x56285b30f617 <unknown>
#6 0x56285b364369 <unknown>
#7 0x56285b30dc0f <unknown>
#8 0x56285b30e9d1 <unknown>
#9 0x56285b8786b9 <unknown>
#10 0x56285b87b5c1 <unknown>
#11 0x56285b864e29 <unknown>
#12 0x56285b87c17e <unknown>
#13 0x56285b84b4b0 <unknown>
#14 0x56285b8a0578 <unknown>
#15 0x56285b8a074b <unknown>
#16 0x56285b8b21a3 <unknown>
#17 0x7eff9809caa4 <unknown>
#18 0x7eff98129c6c <unknown>

2026-03-06 00:06:14 - INFO - Fetching BUY listings for USDT/EUR
2026-03-06 00:06:15 - INFO - Data successfully saved to SQLite database. New listings - Bybit: 4, Binance: 6
2026-03-06 00:06:15 - INFO - Browser session closed
2026-03-06 00:06:15 - INFO - SQLite database connection closed
2026-03-06 02:53:28 - INFO - Logging initialized. Log file: pb2b/logs/bybit_scraper_20260306.log
2026-03-06 02:53:29 - INFO - DataSaver logging initialized. Log file: pb2b/logs/data_saver_20260306.log
2026-03-06 02:53:29 - INFO - Connected to SQLite database: pb2b/p2p_listings.db
2026-03-06 02:53:29 - INFO - Database tables created successfully
2026-03-06 02:53:29 - INFO - Attempt 1/10: Loading https://www.bybit.com/fiat/trade/otc?actionType=1&token=USDT&fiat=NGN
2026-03-06 02:53:37 - INFO - Screenshot saved as 'pb2b/screenshots/bybit_page_20260306_025337.png'
2026-03-06 02:53:37 - WARNING - Error parsing row: Message: no such element: Unable to locate element: {"method":"css selector","selector":"td:nth-child(2)"}
  (Session info: chrome=145.0.7632.159); For documentation on this error, please visit: https://www.selenium.dev/documentation/webdriver/troubleshooting/errors#nosuchelementexception
Stacktrace:
#0 0x55d994657b6a <unknown>
#1 0x55d99406aa32 <unknown>
#2 0x55d9940bfd66 <unknown>
#3 0x55d9940bffa1 <unknown>
#4 0x55d9940b3736 <unknown>
#5 0x55d9940b3617 <unknown>
#6 0x55d994108369 <unknown>
#7 0x55d9940b1c0f <unknown>
#8 0x55d9940b29d1 <unknown>
#9 0x55d99461c6b9 <unknown>
#10 0x55d99461f5c1 <unknown>
#11 0x55d994608e29 <unknown>
#12 0x55d99462017e <unknown>
#13 0x55d9945ef4b0 <unknown>
#14 0x55d994644578 <unknown>
#15 0x55d99464474b <unknown>
#16 0x55d9946561a3 <unknown>
#17 0x7fb0ba29caa4 <unknown>
#18 0x7fb0ba329c6c <unknown>

2026-03-06 02:53:37 - WARNING - Error parsing row: Message: no such element: Unable to locate element: {"method":"css selector","selector":"td:nth-child(2)"}
  (Session info: chrome=145.0.7632.159); For documentation on this error, please visit: https://www.selenium.dev/documentation/webdriver/troubleshooting/errors#nosuchelementexception
Stacktrace:
#0 0x55d994657b6a <unknown>
#1 0x55d99406aa32 <unknown>
#2 0x55d9940bfd66 <unknown>
#3 0x55d9940bffa1 <unknown>
#4 0x55d9940b3736 <unknown>
#5 0x55d9940b3617 <unknown>
#6 0x55d994108369 <unknown>
#7 0x55d9940b1c0f <unknown>
#8 0x55d9940b29d1 <unknown>
#9 0x55d99461c6b9 <unknown>
#10 0x55d99461f5c1 <unknown>
#11 0x55d994608e29 <unknown>
#12 0x55d99462017e <unknown>
#13 0x55d9945ef4b0 <unknown>
#14 0x55d994644578 <unknown>
#15 0x55d99464474b <unknown>
#16 0x55d9946561a3 <unknown>
#17 0x7fb0ba29caa4 <unknown>
#18 0x7fb0ba329c6c <unknown>

2026-03-06 02:53:37 - INFO - Fetching BUY listings for USDT/EUR
2026-03-06 02:53:38 - INFO - Data successfully saved to SQLite database. New listings - Bybit: 4, Binance: 6
2026-03-06 02:53:38 - INFO - Browser session closed
2026-03-06 02:53:38 - INFO - SQLite database connection closed
