2025-08-23 00:00:40 - INFO - Logging initialized. Log file: pb2b/logs/bybit_scraper_20250823.log
2025-08-23 00:00:41 - INFO - DataSaver logging initialized. Log file: pb2b/logs/data_saver_20250823.log
2025-08-23 00:00:41 - INFO - Connected to SQLite database: pb2b/p2p_listings.db
2025-08-23 00:00:41 - INFO - Database tables created successfully
2025-08-23 00:00:41 - INFO - Attempt 1/10: Loading https://www.bybit.com/fiat/trade/otc?actionType=1&token=USDT&fiat=NGN
2025-08-23 00:00:52 - INFO - Screenshot saved as 'pb2b/screenshots/bybit_page_20250823_000052.png'
2025-08-23 00:00:53 - INFO - Fetching BUY listings for USDT/EUR
2025-08-23 00:00:54 - INFO - Data successfully saved to SQLite database. New listings - Bybit: 4, Binance: 6
2025-08-23 00:00:54 - INFO - Browser session closed
2025-08-23 00:00:54 - INFO - SQLite database connection closed
2025-08-23 02:03:22 - INFO - Logging initialized. Log file: pb2b/logs/bybit_scraper_20250823.log
2025-08-23 02:03:23 - INFO - DataSaver logging initialized. Log file: pb2b/logs/data_saver_20250823.log
2025-08-23 02:03:23 - INFO - Connected to SQLite database: pb2b/p2p_listings.db
2025-08-23 02:03:23 - INFO - Database tables created successfully
2025-08-23 02:03:23 - INFO - Attempt 1/10: Loading https://www.bybit.com/fiat/trade/otc?actionType=1&token=USDT&fiat=NGN
2025-08-23 02:03:34 - INFO - Screenshot saved as 'pb2b/screenshots/bybit_page_20250823_020334.png'
2025-08-23 02:03:35 - INFO - Fetching BUY listings for USDT/EUR
2025-08-23 02:03:36 - INFO - Data successfully saved to SQLite database. New listings - Bybit: 4, Binance: 6
2025-08-23 02:03:36 - INFO - Browser session closed
2025-08-23 02:03:36 - INFO - SQLite database connection closed
2025-08-23 03:13:39 - INFO - Logging initialized. Log file: pb2b/logs/bybit_scraper_20250823.log
2025-08-23 03:13:40 - INFO - DataSaver logging initialized. Log file: pb2b/logs/data_saver_20250823.log
2025-08-23 03:13:40 - INFO - Connected to SQLite database: pb2b/p2p_listings.db
2025-08-23 03:13:40 - INFO - Database tables created successfully
2025-08-23 03:13:40 - INFO - Attempt 1/10: Loading https://www.bybit.com/fiat/trade/otc?actionType=1&token=USDT&fiat=NGN
2025-08-23 03:13:51 - INFO - Screenshot saved as 'pb2b/screenshots/bybit_page_20250823_031351.png'
2025-08-23 03:13:51 - INFO - Fetching BUY listings for USDT/EUR
2025-08-23 03:13:52 - INFO - Data successfully saved to SQLite database. New listings - Bybit: 4, Binance: 6
2025-08-23 03:13:52 - INFO - Browser session closed
2025-08-23 03:13:52 - INFO - SQLite database connection closed
