2026-01-08 00:02:56 - INFO - Logging initialized. Log file: pb2b/logs/bybit_scraper_20260108.log
2026-01-08 00:02:57 - INFO - DataSaver logging initialized. Log file: pb2b/logs/data_saver_20260108.log
2026-01-08 00:02:57 - INFO - Connected to SQLite database: pb2b/p2p_listings.db
2026-01-08 00:02:57 - INFO - Database tables created successfully
2026-01-08 00:02:57 - INFO - Attempt 1/10: Loading https://www.bybit.com/fiat/trade/otc?actionType=1&token=USDT&fiat=NGN
2026-01-08 00:03:08 - INFO - Screenshot saved as 'pb2b/screenshots/bybit_page_20260108_000308.png'
2026-01-08 00:03:08 - WARNING - Error parsing row: Message: no such element: Unable to locate element: {"method":"css selector","selector":"td:nth-child(2)"}
  (Session info: chrome=143.0.7499.192); For documentation on this error, please visit: https://www.selenium.dev/documentation/webdriver/troubleshooting/errors#nosuchelementexception
Stacktrace:
#0 0x563b67b2919a <unknown>
#1 0x563b675a6c4b <unknown>
#2 0x563b675f8318 <unknown>
#3 0x563b675f8551 <unknown>
#4 0x563b675ec586 <unknown>
#5 0x563b675ec477 <unknown>
#6 0x563b67643bee <unknown>
#7 0x563b675eac42 <unknown>
#8 0x563b675eb8f1 <unknown>
#9 0x563b67af1f39 <unknown>
#10 0x563b67af4e7d <unknown>
#11 0x563b67adac81 <unknown>
#12 0x563b67af5a5b <unknown>
#13 0x563b67ac1a50 <unknown>
#14 0x563b67b16aa8 <unknown>
#15 0x563b67b16c79 <unknown>
#16 0x563b67b284f3 <unknown>
#17 0x7f391389caa4 <unknown>
#18 0x7f3913929c6c <unknown>

2026-01-08 00:03:09 - INFO - Fetching BUY listings for USDT/EUR
2026-01-08 00:03:09 - INFO - Data successfully saved to SQLite database. New listings - Bybit: 5, Binance: 6
2026-01-08 00:03:10 - INFO - Browser session closed
2026-01-08 00:03:10 - INFO - SQLite database connection closed
2026-01-08 02:29:14 - INFO - Logging initialized. Log file: pb2b/logs/bybit_scraper_20260108.log
2026-01-08 02:29:15 - INFO - DataSaver logging initialized. Log file: pb2b/logs/data_saver_20260108.log
2026-01-08 02:29:15 - INFO - Connected to SQLite database: pb2b/p2p_listings.db
2026-01-08 02:29:15 - INFO - Database tables created successfully
2026-01-08 02:29:15 - INFO - Attempt 1/10: Loading https://www.bybit.com/fiat/trade/otc?actionType=1&token=USDT&fiat=NGN
2026-01-08 02:29:25 - INFO - Screenshot saved as 'pb2b/screenshots/bybit_page_20260108_022925.png'
2026-01-08 02:29:25 - WARNING - Error parsing row: Message: no such element: Unable to locate element: {"method":"css selector","selector":"td:nth-child(2)"}
  (Session info: chrome=143.0.7499.192); For documentation on this error, please visit: https://www.selenium.dev/documentation/webdriver/troubleshooting/errors#nosuchelementexception
Stacktrace:
#0 0x5616ff25b19a <unknown>
#1 0x5616fecd8c4b <unknown>
#2 0x5616fed2a318 <unknown>
#3 0x5616fed2a551 <unknown>
#4 0x5616fed1e586 <unknown>
#5 0x5616fed1e477 <unknown>
#6 0x5616fed75bee <unknown>
#7 0x5616fed1cc42 <unknown>
#8 0x5616fed1d8f1 <unknown>
#9 0x5616ff223f39 <unknown>
#10 0x5616ff226e7d <unknown>
#11 0x5616ff20cc81 <unknown>
#12 0x5616ff227a5b <unknown>
#13 0x5616ff1f3a50 <unknown>
#14 0x5616ff248aa8 <unknown>
#15 0x5616ff248c79 <unknown>
#16 0x5616ff25a4f3 <unknown>
#17 0x7f927c49caa4 <unknown>
#18 0x7f927c529c6c <unknown>

2026-01-08 02:29:26 - INFO - Fetching BUY listings for USDT/EUR
2026-01-08 02:29:26 - INFO - Data successfully saved to SQLite database. New listings - Bybit: 5, Binance: 6
2026-01-08 02:29:26 - INFO - Browser session closed
2026-01-08 02:29:26 - INFO - SQLite database connection closed
2026-01-08 03:55:31 - INFO - Logging initialized. Log file: pb2b/logs/bybit_scraper_20260108.log
2026-01-08 03:55:32 - INFO - DataSaver logging initialized. Log file: pb2b/logs/data_saver_20260108.log
2026-01-08 03:55:32 - INFO - Connected to SQLite database: pb2b/p2p_listings.db
2026-01-08 03:55:32 - INFO - Database tables created successfully
2026-01-08 03:55:32 - INFO - Attempt 1/10: Loading https://www.bybit.com/fiat/trade/otc?actionType=1&token=USDT&fiat=NGN
2026-01-08 03:55:42 - INFO - Screenshot saved as 'pb2b/screenshots/bybit_page_20260108_035542.png'
2026-01-08 03:55:42 - WARNING - Error parsing row: Message: no such element: Unable to locate element: {"method":"css selector","selector":"td:nth-child(2)"}
  (Session info: chrome=143.0.7499.192); For documentation on this error, please visit: https://www.selenium.dev/documentation/webdriver/troubleshooting/errors#nosuchelementexception
Stacktrace:
#0 0x5561f85eb19a <unknown>
#1 0x5561f8068c4b <unknown>
#2 0x5561f80ba318 <unknown>
#3 0x5561f80ba551 <unknown>
#4 0x5561f80ae586 <unknown>
#5 0x5561f80ae477 <unknown>
#6 0x5561f8105bee <unknown>
#7 0x5561f80acc42 <unknown>
#8 0x5561f80ad8f1 <unknown>
#9 0x5561f85b3f39 <unknown>
#10 0x5561f85b6e7d <unknown>
#11 0x5561f859cc81 <unknown>
#12 0x5561f85b7a5b <unknown>
#13 0x5561f8583a50 <unknown>
#14 0x5561f85d8aa8 <unknown>
#15 0x5561f85d8c79 <unknown>
#16 0x5561f85ea4f3 <unknown>
#17 0x7f09cc89caa4 <unknown>
#18 0x7f09cc929c6c <unknown>

2026-01-08 03:55:43 - INFO - Fetching BUY listings for USDT/EUR
2026-01-08 03:55:43 - INFO - Data successfully saved to SQLite database. New listings - Bybit: 5, Binance: 6
2026-01-08 03:55:43 - INFO - Browser session closed
2026-01-08 03:55:43 - INFO - SQLite database connection closed
2026-01-08 04:39:44 - INFO - Logging initialized. Log file: pb2b/logs/bybit_scraper_20260108.log
2026-01-08 04:39:44 - INFO - DataSaver logging initialized. Log file: pb2b/logs/data_saver_20260108.log
2026-01-08 04:39:44 - INFO - Connected to SQLite database: pb2b/p2p_listings.db
2026-01-08 04:39:44 - INFO - Database tables created successfully
2026-01-08 04:39:44 - INFO - Attempt 1/10: Loading https://www.bybit.com/fiat/trade/otc?actionType=1&token=USDT&fiat=NGN
2026-01-08 04:39:54 - INFO - Screenshot saved as 'pb2b/screenshots/bybit_page_20260108_043954.png'
2026-01-08 04:39:54 - WARNING - Error parsing row: Message: no such element: Unable to locate element: {"method":"css selector","selector":"td:nth-child(2)"}
  (Session info: chrome=143.0.7499.192); For documentation on this error, please visit: https://www.selenium.dev/documentation/webdriver/troubleshooting/errors#nosuchelementexception
Stacktrace:
#0 0x5587f693719a <unknown>
#1 0x5587f63b4c4b <unknown>
#2 0x5587f6406318 <unknown>
#3 0x5587f6406551 <unknown>
#4 0x5587f63fa586 <unknown>
#5 0x5587f63fa477 <unknown>
#6 0x5587f6451bee <unknown>
#7 0x5587f63f8c42 <unknown>
#8 0x5587f63f98f1 <unknown>
#9 0x5587f68fff39 <unknown>
#10 0x5587f6902e7d <unknown>
#11 0x5587f68e8c81 <unknown>
#12 0x5587f6903a5b <unknown>
#13 0x5587f68cfa50 <unknown>
#14 0x5587f6924aa8 <unknown>
#15 0x5587f6924c79 <unknown>
#16 0x5587f69364f3 <unknown>
#17 0x7f622e29caa4 <unknown>
#18 0x7f622e329c6c <unknown>

2026-01-08 04:39:55 - INFO - Fetching BUY listings for USDT/EUR
2026-01-08 04:39:55 - INFO - Data successfully saved to SQLite database. New listings - Bybit: 5, Binance: 6
2026-01-08 04:39:56 - INFO - Browser session closed
2026-01-08 04:39:56 - INFO - SQLite database connection closed
