2025-11-30 00:03:50 - INFO - Logging initialized. Log file: pb2b/logs/bybit_scraper_20251130.log
2025-11-30 00:03:51 - INFO - DataSaver logging initialized. Log file: pb2b/logs/data_saver_20251130.log
2025-11-30 00:03:51 - INFO - Connected to SQLite database: pb2b/p2p_listings.db
2025-11-30 00:03:51 - INFO - Database tables created successfully
2025-11-30 00:03:51 - INFO - Attempt 1/10: Loading https://www.bybit.com/fiat/trade/otc?actionType=1&token=USDT&fiat=NGN
2025-11-30 00:04:01 - INFO - Screenshot saved as 'pb2b/screenshots/bybit_page_20251130_000401.png'
2025-11-30 00:04:02 - INFO - Fetching BUY listings for USDT/EUR
2025-11-30 00:04:03 - INFO - Data successfully saved to SQLite database. New listings - Bybit: 4, Binance: 6
2025-11-30 00:04:03 - INFO - Browser session closed
2025-11-30 00:04:03 - INFO - SQLite database connection closed
2025-11-30 02:30:40 - INFO - Logging initialized. Log file: pb2b/logs/bybit_scraper_20251130.log
2025-11-30 02:30:41 - INFO - DataSaver logging initialized. Log file: pb2b/logs/data_saver_20251130.log
2025-11-30 02:30:41 - INFO - Connected to SQLite database: pb2b/p2p_listings.db
2025-11-30 02:30:41 - INFO - Database tables created successfully
2025-11-30 02:30:41 - INFO - Attempt 1/10: Loading https://www.bybit.com/fiat/trade/otc?actionType=1&token=USDT&fiat=NGN
2025-11-30 02:30:52 - INFO - Screenshot saved as 'pb2b/screenshots/bybit_page_20251130_023052.png'
2025-11-30 02:30:52 - INFO - Fetching BUY listings for USDT/EUR
2025-11-30 02:30:53 - INFO - Data successfully saved to SQLite database. New listings - Bybit: 4, Binance: 6
2025-11-30 02:30:53 - INFO - Browser session closed
2025-11-30 02:30:53 - INFO - SQLite database connection closed
2025-11-30 03:50:58 - INFO - Logging initialized. Log file: pb2b/logs/bybit_scraper_20251130.log
2025-11-30 03:51:00 - INFO - DataSaver logging initialized. Log file: pb2b/logs/data_saver_20251130.log
2025-11-30 03:51:00 - INFO - Connected to SQLite database: pb2b/p2p_listings.db
2025-11-30 03:51:00 - INFO - Database tables created successfully
2025-11-30 03:51:00 - INFO - Attempt 1/10: Loading https://www.bybit.com/fiat/trade/otc?actionType=1&token=USDT&fiat=NGN
2025-11-30 03:51:10 - INFO - Screenshot saved as 'pb2b/screenshots/bybit_page_20251130_035110.png'
2025-11-30 03:51:11 - INFO - Fetching BUY listings for USDT/EUR
2025-11-30 03:51:11 - INFO - Data successfully saved to SQLite database. New listings - Bybit: 4, Binance: 6
2025-11-30 03:51:11 - INFO - Browser session closed
2025-11-30 03:51:11 - INFO - SQLite database connection closed
2025-11-30 04:27:14 - INFO - Logging initialized. Log file: pb2b/logs/bybit_scraper_20251130.log
2025-11-30 04:27:15 - INFO - DataSaver logging initialized. Log file: pb2b/logs/data_saver_20251130.log
2025-11-30 04:27:15 - INFO - Connected to SQLite database: pb2b/p2p_listings.db
2025-11-30 04:27:15 - INFO - Database tables created successfully
2025-11-30 04:27:15 - INFO - Attempt 1/10: Loading https://www.bybit.com/fiat/trade/otc?actionType=1&token=USDT&fiat=NGN
2025-11-30 04:27:27 - INFO - Screenshot saved as 'pb2b/screenshots/bybit_page_20251130_042726.png'
2025-11-30 04:27:27 - INFO - Fetching BUY listings for USDT/EUR
2025-11-30 04:27:28 - INFO - Data successfully saved to SQLite database. New listings - Bybit: 4, Binance: 6
2025-11-30 04:27:28 - INFO - Browser session closed
2025-11-30 04:27:28 - INFO - SQLite database connection closed
2025-11-30 04:57:17 - INFO - Logging initialized. Log file: pb2b/logs/bybit_scraper_20251130.log
2025-11-30 04:57:19 - INFO - DataSaver logging initialized. Log file: pb2b/logs/data_saver_20251130.log
2025-11-30 04:57:19 - INFO - Connected to SQLite database: pb2b/p2p_listings.db
2025-11-30 04:57:19 - INFO - Database tables created successfully
2025-11-30 04:57:19 - INFO - Attempt 1/10: Loading https://www.bybit.com/fiat/trade/otc?actionType=1&token=USDT&fiat=NGN
2025-11-30 04:57:27 - INFO - Screenshot saved as 'pb2b/screenshots/bybit_page_20251130_045727.png'
2025-11-30 04:57:27 - INFO - Fetching BUY listings for USDT/EUR
2025-11-30 04:57:28 - INFO - Data successfully saved to SQLite database. New listings - Bybit: 4, Binance: 6
2025-11-30 04:57:28 - INFO - Browser session closed
2025-11-30 04:57:28 - INFO - SQLite database connection closed
2025-11-30 05:24:43 - INFO - Logging initialized. Log file: pb2b/logs/bybit_scraper_20251130.log
2025-11-30 05:24:44 - INFO - DataSaver logging initialized. Log file: pb2b/logs/data_saver_20251130.log
2025-11-30 05:24:44 - INFO - Connected to SQLite database: pb2b/p2p_listings.db
2025-11-30 05:24:44 - INFO - Database tables created successfully
2025-11-30 05:24:44 - INFO - Attempt 1/10: Loading https://www.bybit.com/fiat/trade/otc?actionType=1&token=USDT&fiat=NGN
2025-11-30 05:24:57 - INFO - Screenshot saved as 'pb2b/screenshots/bybit_page_20251130_052457.png'
2025-11-30 05:24:57 - INFO - Fetching BUY listings for USDT/EUR
2025-11-30 05:25:02 - INFO - Data successfully saved to SQLite database. New listings - Bybit: 4, Binance: 6
2025-11-30 05:25:02 - INFO - Browser session closed
2025-11-30 05:25:02 - INFO - SQLite database connection closed
2025-11-30 05:45:32 - INFO - Logging initialized. Log file: pb2b/logs/bybit_scraper_20251130.log
2025-11-30 05:45:34 - INFO - DataSaver logging initialized. Log file: pb2b/logs/data_saver_20251130.log
2025-11-30 05:45:34 - INFO - Connected to SQLite database: pb2b/p2p_listings.db
2025-11-30 05:45:34 - INFO - Database tables created successfully
2025-11-30 05:45:34 - INFO - Attempt 1/10: Loading https://www.bybit.com/fiat/trade/otc?actionType=1&token=USDT&fiat=NGN
2025-11-30 05:45:43 - INFO - Screenshot saved as 'pb2b/screenshots/bybit_page_20251130_054542.png'
2025-11-30 05:45:43 - INFO - Fetching BUY listings for USDT/EUR
2025-11-30 05:45:43 - INFO - Data successfully saved to SQLite database. New listings - Bybit: 4, Binance: 6
2025-11-30 05:45:44 - INFO - Browser session closed
2025-11-30 05:45:44 - INFO - SQLite database connection closed
2025-11-30 05:58:54 - INFO - Logging initialized. Log file: pb2b/logs/bybit_scraper_20251130.log
2025-11-30 05:58:55 - INFO - DataSaver logging initialized. Log file: pb2b/logs/data_saver_20251130.log
2025-11-30 05:58:55 - INFO - Connected to SQLite database: pb2b/p2p_listings.db
2025-11-30 05:58:55 - INFO - Database tables created successfully
2025-11-30 05:58:55 - INFO - Attempt 1/10: Loading https://www.bybit.com/fiat/trade/otc?actionType=1&token=USDT&fiat=NGN
2025-11-30 05:59:04 - INFO - Screenshot saved as 'pb2b/screenshots/bybit_page_20251130_055904.png'
2025-11-30 05:59:04 - INFO - Fetching BUY listings for USDT/EUR
2025-11-30 05:59:05 - INFO - Data successfully saved to SQLite database. New listings - Bybit: 4, Binance: 6
2025-11-30 05:59:05 - INFO - Browser session closed
2025-11-30 05:59:05 - INFO - SQLite database connection closed
