2025-04-20 01:56:55 - INFO - Logging initialized. Log file: pb2b/logs/bybit_scraper_20250420.log
2025-04-20 01:56:57 - INFO - DataSaver logging initialized. Log file: pb2b/logs/data_saver_20250420.log
2025-04-20 01:56:57 - INFO - Connected to SQLite database: pb2b/p2p_listings.db
2025-04-20 01:56:57 - INFO - Database tables created successfully
2025-04-20 01:56:57 - INFO - Attempt 1/10: Loading https://www.bybit.com/fiat/trade/otc?actionType=1&token=USDT&fiat=NGN
2025-04-20 01:57:07 - INFO - Screenshot saved as 'pb2b/screenshots/bybit_page_20250420_015707.png'
2025-04-20 01:57:07 - INFO - Fetching BUY listings for USDT/EUR
2025-04-20 01:57:07 - INFO - Data successfully saved to SQLite database. New listings - Bybit: 4, Binance: 6
2025-04-20 01:57:08 - INFO - Browser session closed
2025-04-20 01:57:08 - INFO - SQLite database connection closed
2025-04-20 03:12:53 - INFO - Logging initialized. Log file: pb2b/logs/bybit_scraper_20250420.log
2025-04-20 03:12:53 - INFO - DataSaver logging initialized. Log file: pb2b/logs/data_saver_20250420.log
2025-04-20 03:12:53 - INFO - Connected to SQLite database: pb2b/p2p_listings.db
2025-04-20 03:12:53 - INFO - Database tables created successfully
2025-04-20 03:12:53 - INFO - Attempt 1/10: Loading https://www.bybit.com/fiat/trade/otc?actionType=1&token=USDT&fiat=NGN
2025-04-20 03:13:03 - INFO - Screenshot saved as 'pb2b/screenshots/bybit_page_20250420_031303.png'
2025-04-20 03:13:03 - INFO - Fetching BUY listings for USDT/EUR
2025-04-20 03:13:04 - INFO - Data successfully saved to SQLite database. New listings - Bybit: 4, Binance: 6
2025-04-20 03:13:04 - INFO - Browser session closed
2025-04-20 03:13:04 - INFO - SQLite database connection closed
2025-04-20 03:48:51 - INFO - Logging initialized. Log file: pb2b/logs/bybit_scraper_20250420.log
2025-04-20 03:48:53 - INFO - DataSaver logging initialized. Log file: pb2b/logs/data_saver_20250420.log
2025-04-20 03:48:53 - INFO - Connected to SQLite database: pb2b/p2p_listings.db
2025-04-20 03:48:53 - INFO - Database tables created successfully
2025-04-20 03:48:53 - INFO - Attempt 1/10: Loading https://www.bybit.com/fiat/trade/otc?actionType=1&token=USDT&fiat=NGN
2025-04-20 03:49:03 - INFO - Screenshot saved as 'pb2b/screenshots/bybit_page_20250420_034902.png'
2025-04-20 03:49:03 - INFO - Fetching BUY listings for USDT/EUR
2025-04-20 03:49:03 - INFO - Data successfully saved to SQLite database. New listings - Bybit: 4, Binance: 6
2025-04-20 03:49:03 - INFO - Browser session closed
2025-04-20 03:49:03 - INFO - SQLite database connection closed
2025-04-20 04:01:59 - INFO - Logging initialized. Log file: pb2b/logs/bybit_scraper_20250420.log
2025-04-20 04:01:59 - INFO - DataSaver logging initialized. Log file: pb2b/logs/data_saver_20250420.log
2025-04-20 04:01:59 - INFO - Connected to SQLite database: pb2b/p2p_listings.db
2025-04-20 04:01:59 - INFO - Database tables created successfully
2025-04-20 04:01:59 - INFO - Attempt 1/10: Loading https://www.bybit.com/fiat/trade/otc?actionType=1&token=USDT&fiat=NGN
2025-04-20 04:02:09 - INFO - Screenshot saved as 'pb2b/screenshots/bybit_page_20250420_040209.png'
2025-04-20 04:02:09 - INFO - Fetching BUY listings for USDT/EUR
2025-04-20 04:02:10 - INFO - Data successfully saved to SQLite database. New listings - Bybit: 4, Binance: 6
2025-04-20 04:02:10 - INFO - Browser session closed
2025-04-20 04:02:10 - INFO - SQLite database connection closed
2025-04-20 04:31:58 - INFO - Logging initialized. Log file: pb2b/logs/bybit_scraper_20250420.log
2025-04-20 04:31:59 - INFO - DataSaver logging initialized. Log file: pb2b/logs/data_saver_20250420.log
2025-04-20 04:31:59 - INFO - Connected to SQLite database: pb2b/p2p_listings.db
2025-04-20 04:31:59 - INFO - Database tables created successfully
2025-04-20 04:31:59 - INFO - Attempt 1/10: Loading https://www.bybit.com/fiat/trade/otc?actionType=1&token=USDT&fiat=NGN
2025-04-20 04:32:08 - INFO - Screenshot saved as 'pb2b/screenshots/bybit_page_20250420_043208.png'
2025-04-20 04:32:09 - INFO - Fetching BUY listings for USDT/EUR
2025-04-20 04:32:09 - INFO - Data successfully saved to SQLite database. New listings - Bybit: 4, Binance: 6
2025-04-20 04:32:09 - INFO - Browser session closed
2025-04-20 04:32:09 - INFO - SQLite database connection closed
2025-04-20 04:48:28 - INFO - Logging initialized. Log file: pb2b/logs/bybit_scraper_20250420.log
2025-04-20 04:48:29 - INFO - DataSaver logging initialized. Log file: pb2b/logs/data_saver_20250420.log
2025-04-20 04:48:29 - INFO - Connected to SQLite database: pb2b/p2p_listings.db
2025-04-20 04:48:29 - INFO - Database tables created successfully
2025-04-20 04:48:29 - INFO - Attempt 1/10: Loading https://www.bybit.com/fiat/trade/otc?actionType=1&token=USDT&fiat=NGN
2025-04-20 04:48:39 - INFO - Screenshot saved as 'pb2b/screenshots/bybit_page_20250420_044839.png'
2025-04-20 04:48:39 - INFO - Fetching BUY listings for USDT/EUR
2025-04-20 04:48:40 - INFO - Data successfully saved to SQLite database. New listings - Bybit: 4, Binance: 6
2025-04-20 04:48:40 - INFO - Browser session closed
2025-04-20 04:48:40 - INFO - SQLite database connection closed
