2025-09-28 02:04:08 - INFO - Logging initialized. Log file: pb2b/logs/bybit_scraper_20250928.log
2025-09-28 02:04:10 - INFO - DataSaver logging initialized. Log file: pb2b/logs/data_saver_20250928.log
2025-09-28 02:04:10 - INFO - Connected to SQLite database: pb2b/p2p_listings.db
2025-09-28 02:04:10 - INFO - Database tables created successfully
2025-09-28 02:04:10 - INFO - Attempt 1/10: Loading https://www.bybit.com/fiat/trade/otc?actionType=1&token=USDT&fiat=NGN
2025-09-28 02:04:19 - INFO - Screenshot saved as 'pb2b/screenshots/bybit_page_20250928_020419.png'
2025-09-28 02:04:19 - INFO - Fetching BUY listings for USDT/EUR
2025-09-28 02:04:20 - INFO - Data successfully saved to SQLite database. New listings - Bybit: 4, Binance: 6
2025-09-28 02:04:21 - INFO - Browser session closed
2025-09-28 02:04:21 - INFO - SQLite database connection closed
2025-09-28 03:18:29 - INFO - Logging initialized. Log file: pb2b/logs/bybit_scraper_20250928.log
2025-09-28 03:18:30 - INFO - DataSaver logging initialized. Log file: pb2b/logs/data_saver_20250928.log
2025-09-28 03:18:30 - INFO - Connected to SQLite database: pb2b/p2p_listings.db
2025-09-28 03:18:30 - INFO - Database tables created successfully
2025-09-28 03:18:30 - INFO - Attempt 1/10: Loading https://www.bybit.com/fiat/trade/otc?actionType=1&token=USDT&fiat=NGN
2025-09-28 03:18:40 - INFO - Screenshot saved as 'pb2b/screenshots/bybit_page_20250928_031840.png'
2025-09-28 03:18:41 - INFO - Fetching BUY listings for USDT/EUR
2025-09-28 03:18:41 - INFO - Data successfully saved to SQLite database. New listings - Bybit: 4, Binance: 6
2025-09-28 03:18:41 - INFO - Browser session closed
2025-09-28 03:18:41 - INFO - SQLite database connection closed
2025-09-28 03:49:53 - INFO - Logging initialized. Log file: pb2b/logs/bybit_scraper_20250928.log
2025-09-28 03:49:54 - INFO - DataSaver logging initialized. Log file: pb2b/logs/data_saver_20250928.log
2025-09-28 03:49:54 - INFO - Connected to SQLite database: pb2b/p2p_listings.db
2025-09-28 03:49:54 - INFO - Database tables created successfully
2025-09-28 03:49:54 - INFO - Attempt 1/10: Loading https://www.bybit.com/fiat/trade/otc?actionType=1&token=USDT&fiat=NGN
2025-09-28 03:50:02 - INFO - Screenshot saved as 'pb2b/screenshots/bybit_page_20250928_035002.png'
2025-09-28 03:50:02 - INFO - Fetching BUY listings for USDT/EUR
2025-09-28 03:50:06 - INFO - Data successfully saved to SQLite database. New listings - Bybit: 4, Binance: 6
2025-09-28 03:50:06 - INFO - Browser session closed
2025-09-28 03:50:06 - INFO - SQLite database connection closed
2025-09-28 04:03:18 - INFO - Logging initialized. Log file: pb2b/logs/bybit_scraper_20250928.log
2025-09-28 04:03:20 - INFO - DataSaver logging initialized. Log file: pb2b/logs/data_saver_20250928.log
2025-09-28 04:03:20 - INFO - Connected to SQLite database: pb2b/p2p_listings.db
2025-09-28 04:03:20 - INFO - Database tables created successfully
2025-09-28 04:03:20 - INFO - Attempt 1/10: Loading https://www.bybit.com/fiat/trade/otc?actionType=1&token=USDT&fiat=NGN
2025-09-28 04:03:28 - INFO - Screenshot saved as 'pb2b/screenshots/bybit_page_20250928_040328.png'
2025-09-28 04:03:29 - INFO - Fetching BUY listings for USDT/EUR
2025-09-28 04:03:29 - INFO - Data successfully saved to SQLite database. New listings - Bybit: 4, Binance: 6
2025-09-28 04:03:30 - INFO - Browser session closed
2025-09-28 04:03:30 - INFO - SQLite database connection closed
