2025-05-12 00:02:41 - INFO - Logging initialized. Log file: pb2b/logs/bybit_scraper_20250512.log
2025-05-12 00:02:42 - INFO - DataSaver logging initialized. Log file: pb2b/logs/data_saver_20250512.log
2025-05-12 00:02:42 - INFO - Connected to SQLite database: pb2b/p2p_listings.db
2025-05-12 00:02:42 - INFO - Database tables created successfully
2025-05-12 00:02:42 - INFO - Attempt 1/10: Loading https://www.bybit.com/fiat/trade/otc?actionType=1&token=USDT&fiat=NGN
2025-05-12 00:02:52 - INFO - Screenshot saved as 'pb2b/screenshots/bybit_page_20250512_000252.png'
2025-05-12 00:02:53 - INFO - Fetching BUY listings for USDT/EUR
2025-05-12 00:02:54 - INFO - Data successfully saved to SQLite database. New listings - Bybit: 4, Binance: 6
2025-05-12 00:02:54 - INFO - Browser session closed
2025-05-12 00:02:54 - INFO - SQLite database connection closed
2025-05-12 02:16:00 - INFO - Logging initialized. Log file: pb2b/logs/bybit_scraper_20250512.log
2025-05-12 02:16:01 - INFO - DataSaver logging initialized. Log file: pb2b/logs/data_saver_20250512.log
2025-05-12 02:16:01 - INFO - Connected to SQLite database: pb2b/p2p_listings.db
2025-05-12 02:16:01 - INFO - Database tables created successfully
2025-05-12 02:16:01 - INFO - Attempt 1/10: Loading https://www.bybit.com/fiat/trade/otc?actionType=1&token=USDT&fiat=NGN
2025-05-12 02:16:11 - INFO - Screenshot saved as 'pb2b/screenshots/bybit_page_20250512_021611.png'
2025-05-12 02:16:12 - INFO - Fetching BUY listings for USDT/EUR
2025-05-12 02:16:12 - INFO - Data successfully saved to SQLite database. New listings - Bybit: 4, Binance: 6
2025-05-12 02:16:12 - INFO - Browser session closed
2025-05-12 02:16:12 - INFO - SQLite database connection closed
2025-05-12 03:30:08 - INFO - Logging initialized. Log file: pb2b/logs/bybit_scraper_20250512.log
2025-05-12 03:30:09 - INFO - DataSaver logging initialized. Log file: pb2b/logs/data_saver_20250512.log
2025-05-12 03:30:09 - INFO - Connected to SQLite database: pb2b/p2p_listings.db
2025-05-12 03:30:09 - INFO - Database tables created successfully
2025-05-12 03:30:09 - INFO - Attempt 1/10: Loading https://www.bybit.com/fiat/trade/otc?actionType=1&token=USDT&fiat=NGN
2025-05-12 03:30:18 - INFO - Screenshot saved as 'pb2b/screenshots/bybit_page_20250512_033018.png'
2025-05-12 03:30:19 - INFO - Fetching BUY listings for USDT/EUR
2025-05-12 03:30:20 - INFO - Data successfully saved to SQLite database. New listings - Bybit: 4, Binance: 6
2025-05-12 03:30:20 - INFO - Browser session closed
2025-05-12 03:30:20 - INFO - SQLite database connection closed
2025-05-12 04:00:53 - INFO - Logging initialized. Log file: pb2b/logs/bybit_scraper_20250512.log
2025-05-12 04:00:54 - INFO - DataSaver logging initialized. Log file: pb2b/logs/data_saver_20250512.log
2025-05-12 04:00:54 - INFO - Connected to SQLite database: pb2b/p2p_listings.db
2025-05-12 04:00:54 - INFO - Database tables created successfully
2025-05-12 04:00:54 - INFO - Attempt 1/10: Loading https://www.bybit.com/fiat/trade/otc?actionType=1&token=USDT&fiat=NGN
2025-05-12 04:01:04 - INFO - Screenshot saved as 'pb2b/screenshots/bybit_page_20250512_040103.png'
2025-05-12 04:01:04 - INFO - Fetching BUY listings for USDT/EUR
2025-05-12 04:01:05 - INFO - Data successfully saved to SQLite database. New listings - Bybit: 4, Binance: 6
2025-05-12 04:01:05 - INFO - Browser session closed
2025-05-12 04:01:05 - INFO - SQLite database connection closed
2025-05-12 04:35:40 - INFO - Logging initialized. Log file: pb2b/logs/bybit_scraper_20250512.log
2025-05-12 04:35:40 - INFO - DataSaver logging initialized. Log file: pb2b/logs/data_saver_20250512.log
2025-05-12 04:35:40 - INFO - Connected to SQLite database: pb2b/p2p_listings.db
2025-05-12 04:35:40 - INFO - Database tables created successfully
2025-05-12 04:35:40 - INFO - Attempt 1/10: Loading https://www.bybit.com/fiat/trade/otc?actionType=1&token=USDT&fiat=NGN
2025-05-12 04:35:53 - INFO - Screenshot saved as 'pb2b/screenshots/bybit_page_20250512_043553.png'
2025-05-12 04:35:54 - INFO - Fetching BUY listings for USDT/EUR
2025-05-12 04:35:55 - INFO - Data successfully saved to SQLite database. New listings - Bybit: 4, Binance: 6
2025-05-12 04:35:55 - INFO - Browser session closed
2025-05-12 04:35:55 - INFO - SQLite database connection closed
2025-05-12 04:53:14 - INFO - Logging initialized. Log file: pb2b/logs/bybit_scraper_20250512.log
2025-05-12 04:53:15 - INFO - DataSaver logging initialized. Log file: pb2b/logs/data_saver_20250512.log
2025-05-12 04:53:15 - INFO - Connected to SQLite database: pb2b/p2p_listings.db
2025-05-12 04:53:15 - INFO - Database tables created successfully
2025-05-12 04:53:15 - INFO - Attempt 1/10: Loading https://www.bybit.com/fiat/trade/otc?actionType=1&token=USDT&fiat=NGN
2025-05-12 04:53:24 - INFO - Screenshot saved as 'pb2b/screenshots/bybit_page_20250512_045324.png'
2025-05-12 04:53:25 - INFO - Fetching BUY listings for USDT/EUR
2025-05-12 04:53:25 - INFO - Data successfully saved to SQLite database. New listings - Bybit: 4, Binance: 6
2025-05-12 04:53:26 - INFO - Browser session closed
2025-05-12 04:53:26 - INFO - SQLite database connection closed
2025-05-12 05:19:03 - INFO - Logging initialized. Log file: pb2b/logs/bybit_scraper_20250512.log
2025-05-12 05:19:04 - INFO - DataSaver logging initialized. Log file: pb2b/logs/data_saver_20250512.log
2025-05-12 05:19:04 - INFO - Connected to SQLite database: pb2b/p2p_listings.db
2025-05-12 05:19:04 - INFO - Database tables created successfully
2025-05-12 05:19:04 - INFO - Attempt 1/10: Loading https://www.bybit.com/fiat/trade/otc?actionType=1&token=USDT&fiat=NGN
2025-05-12 05:19:15 - INFO - Screenshot saved as 'pb2b/screenshots/bybit_page_20250512_051915.png'
2025-05-12 05:19:15 - INFO - Fetching BUY listings for USDT/EUR
2025-05-12 05:19:16 - INFO - Data successfully saved to SQLite database. New listings - Bybit: 4, Binance: 6
2025-05-12 05:19:16 - INFO - Browser session closed
2025-05-12 05:19:16 - INFO - SQLite database connection closed
2025-05-12 05:41:27 - INFO - Logging initialized. Log file: pb2b/logs/bybit_scraper_20250512.log
2025-05-12 05:41:28 - INFO - DataSaver logging initialized. Log file: pb2b/logs/data_saver_20250512.log
2025-05-12 05:41:28 - INFO - Connected to SQLite database: pb2b/p2p_listings.db
2025-05-12 05:41:28 - INFO - Database tables created successfully
2025-05-12 05:41:28 - INFO - Attempt 1/10: Loading https://www.bybit.com/fiat/trade/otc?actionType=1&token=USDT&fiat=NGN
2025-05-12 05:41:38 - INFO - Screenshot saved as 'pb2b/screenshots/bybit_page_20250512_054137.png'
2025-05-12 05:41:38 - INFO - Fetching BUY listings for USDT/EUR
2025-05-12 05:41:39 - INFO - Data successfully saved to SQLite database. New listings - Bybit: 4, Binance: 6
2025-05-12 05:41:39 - INFO - Browser session closed
2025-05-12 05:41:39 - INFO - SQLite database connection closed
2025-05-12 05:54:41 - INFO - Logging initialized. Log file: pb2b/logs/bybit_scraper_20250512.log
2025-05-12 05:54:41 - INFO - DataSaver logging initialized. Log file: pb2b/logs/data_saver_20250512.log
2025-05-12 05:54:41 - INFO - Connected to SQLite database: pb2b/p2p_listings.db
2025-05-12 05:54:41 - INFO - Database tables created successfully
2025-05-12 05:54:41 - INFO - Attempt 1/10: Loading https://www.bybit.com/fiat/trade/otc?actionType=1&token=USDT&fiat=NGN
2025-05-12 05:54:52 - INFO - Screenshot saved as 'pb2b/screenshots/bybit_page_20250512_055451.png'
2025-05-12 05:54:52 - INFO - Fetching BUY listings for USDT/EUR
2025-05-12 05:54:53 - INFO - Data successfully saved to SQLite database. New listings - Bybit: 4, Binance: 6
2025-05-12 05:54:53 - INFO - Browser session closed
2025-05-12 05:54:53 - INFO - SQLite database connection closed
