2025-01-02 00:56:31 - INFO - Logging initialized. Log file: pb2b/logs/bybit_scraper_20250102.log
2025-01-02 00:56:33 - INFO - DataSaver logging initialized. Log file: pb2b/logs/data_saver_20250102.log
2025-01-02 00:56:33 - INFO - Connected to SQLite database: pb2b/p2p_listings.db
2025-01-02 00:56:33 - INFO - Database tables created successfully
2025-01-02 00:56:33 - INFO - Attempt 1/10: Loading https://www.bybit.com/fiat/trade/otc?actionType=1&token=USDT&fiat=NGN
2025-01-02 00:56:43 - INFO - Screenshot saved as 'pb2b/screenshots/bybit_page_20250102_005643.png'
2025-01-02 00:56:44 - INFO - Fetching BUY listings for USDT/EUR
2025-01-02 00:56:44 - INFO - Data successfully saved to SQLite database. New listings - Bybit: 4, Binance: 6
2025-01-02 00:56:44 - INFO - Browser session closed
2025-01-02 00:56:44 - INFO - SQLite database connection closed
2025-01-02 02:18:59 - INFO - Logging initialized. Log file: pb2b/logs/bybit_scraper_20250102.log
2025-01-02 02:19:00 - INFO - DataSaver logging initialized. Log file: pb2b/logs/data_saver_20250102.log
2025-01-02 02:19:00 - INFO - Connected to SQLite database: pb2b/p2p_listings.db
2025-01-02 02:19:00 - INFO - Database tables created successfully
2025-01-02 02:19:00 - INFO - Attempt 1/10: Loading https://www.bybit.com/fiat/trade/otc?actionType=1&token=USDT&fiat=NGN
2025-01-02 02:19:12 - INFO - Screenshot saved as 'pb2b/screenshots/bybit_page_20250102_021911.png'
2025-01-02 02:19:12 - INFO - Fetching BUY listings for USDT/EUR
2025-01-02 02:19:12 - INFO - Data successfully saved to SQLite database. New listings - Bybit: 4, Binance: 6
2025-01-02 02:19:13 - INFO - Browser session closed
2025-01-02 02:19:13 - INFO - SQLite database connection closed
