2025-11-22 01:52:52 - INFO - Logging initialized. Log file: pb2b/logs/bybit_scraper_20251122.log
2025-11-22 01:52:54 - INFO - DataSaver logging initialized. Log file: pb2b/logs/data_saver_20251122.log
2025-11-22 01:52:54 - INFO - Connected to SQLite database: pb2b/p2p_listings.db
2025-11-22 01:52:54 - INFO - Database tables created successfully
2025-11-22 01:52:54 - INFO - Attempt 1/10: Loading https://www.bybit.com/fiat/trade/otc?actionType=1&token=USDT&fiat=NGN
2025-11-22 01:53:04 - INFO - Screenshot saved as 'pb2b/screenshots/bybit_page_20251122_015304.png'
2025-11-22 01:53:04 - INFO - Fetching BUY listings for USDT/EUR
2025-11-22 01:53:05 - INFO - Data successfully saved to SQLite database. New listings - Bybit: 4, Binance: 6
2025-11-22 01:53:05 - INFO - Browser session closed
2025-11-22 01:53:05 - INFO - SQLite database connection closed
2025-11-22 03:02:36 - INFO - Logging initialized. Log file: pb2b/logs/bybit_scraper_20251122.log
2025-11-22 03:02:37 - INFO - DataSaver logging initialized. Log file: pb2b/logs/data_saver_20251122.log
2025-11-22 03:02:37 - INFO - Connected to SQLite database: pb2b/p2p_listings.db
2025-11-22 03:02:37 - INFO - Database tables created successfully
2025-11-22 03:02:37 - INFO - Attempt 1/10: Loading https://www.bybit.com/fiat/trade/otc?actionType=1&token=USDT&fiat=NGN
2025-11-22 03:02:46 - INFO - Screenshot saved as 'pb2b/screenshots/bybit_page_20251122_030246.png'
2025-11-22 03:02:46 - INFO - Fetching BUY listings for USDT/EUR
2025-11-22 03:02:47 - INFO - Data successfully saved to SQLite database. New listings - Bybit: 4, Binance: 6
2025-11-22 03:02:47 - INFO - Browser session closed
2025-11-22 03:02:47 - INFO - SQLite database connection closed
2025-11-22 03:44:44 - INFO - Logging initialized. Log file: pb2b/logs/bybit_scraper_20251122.log
2025-11-22 03:44:45 - INFO - DataSaver logging initialized. Log file: pb2b/logs/data_saver_20251122.log
2025-11-22 03:44:45 - INFO - Connected to SQLite database: pb2b/p2p_listings.db
2025-11-22 03:44:45 - INFO - Database tables created successfully
2025-11-22 03:44:45 - INFO - Attempt 1/10: Loading https://www.bybit.com/fiat/trade/otc?actionType=1&token=USDT&fiat=NGN
2025-11-22 03:44:55 - INFO - Screenshot saved as 'pb2b/screenshots/bybit_page_20251122_034455.png'
2025-11-22 03:44:55 - INFO - Fetching BUY listings for USDT/EUR
2025-11-22 03:44:56 - INFO - Data successfully saved to SQLite database. New listings - Bybit: 4, Binance: 6
2025-11-22 03:44:56 - INFO - Browser session closed
2025-11-22 03:44:56 - INFO - SQLite database connection closed
2025-11-22 04:00:27 - INFO - Logging initialized. Log file: pb2b/logs/bybit_scraper_20251122.log
2025-11-22 04:00:28 - INFO - DataSaver logging initialized. Log file: pb2b/logs/data_saver_20251122.log
2025-11-22 04:00:28 - INFO - Connected to SQLite database: pb2b/p2p_listings.db
2025-11-22 04:00:28 - INFO - Database tables created successfully
2025-11-22 04:00:28 - INFO - Attempt 1/10: Loading https://www.bybit.com/fiat/trade/otc?actionType=1&token=USDT&fiat=NGN
2025-11-22 04:00:37 - INFO - Screenshot saved as 'pb2b/screenshots/bybit_page_20251122_040037.png'
2025-11-22 04:00:38 - INFO - Fetching BUY listings for USDT/EUR
2025-11-22 04:00:38 - INFO - Data successfully saved to SQLite database. New listings - Bybit: 4, Binance: 6
2025-11-22 04:00:38 - INFO - Browser session closed
2025-11-22 04:00:38 - INFO - SQLite database connection closed
2025-11-22 04:33:55 - INFO - Logging initialized. Log file: pb2b/logs/bybit_scraper_20251122.log
2025-11-22 04:33:57 - INFO - DataSaver logging initialized. Log file: pb2b/logs/data_saver_20251122.log
2025-11-22 04:33:57 - INFO - Connected to SQLite database: pb2b/p2p_listings.db
2025-11-22 04:33:57 - INFO - Database tables created successfully
2025-11-22 04:33:57 - INFO - Attempt 1/10: Loading https://www.bybit.com/fiat/trade/otc?actionType=1&token=USDT&fiat=NGN
2025-11-22 04:34:09 - INFO - Screenshot saved as 'pb2b/screenshots/bybit_page_20251122_043409.png'
2025-11-22 04:34:10 - INFO - Fetching BUY listings for USDT/EUR
2025-11-22 04:34:10 - INFO - Data successfully saved to SQLite database. New listings - Bybit: 4, Binance: 6
2025-11-22 04:34:11 - INFO - Browser session closed
2025-11-22 04:34:11 - INFO - SQLite database connection closed
2025-11-22 04:50:48 - INFO - Logging initialized. Log file: pb2b/logs/bybit_scraper_20251122.log
2025-11-22 04:50:50 - INFO - DataSaver logging initialized. Log file: pb2b/logs/data_saver_20251122.log
2025-11-22 04:50:50 - INFO - Connected to SQLite database: pb2b/p2p_listings.db
2025-11-22 04:50:50 - INFO - Database tables created successfully
2025-11-22 04:50:50 - INFO - Attempt 1/10: Loading https://www.bybit.com/fiat/trade/otc?actionType=1&token=USDT&fiat=NGN
2025-11-22 04:50:59 - INFO - Screenshot saved as 'pb2b/screenshots/bybit_page_20251122_045058.png'
2025-11-22 04:50:59 - INFO - Fetching BUY listings for USDT/EUR
2025-11-22 04:50:59 - INFO - Data successfully saved to SQLite database. New listings - Bybit: 4, Binance: 6
2025-11-22 04:50:59 - INFO - Browser session closed
2025-11-22 04:50:59 - INFO - SQLite database connection closed
2025-11-22 05:03:49 - INFO - Logging initialized. Log file: pb2b/logs/bybit_scraper_20251122.log
2025-11-22 05:03:50 - INFO - DataSaver logging initialized. Log file: pb2b/logs/data_saver_20251122.log
2025-11-22 05:03:50 - INFO - Connected to SQLite database: pb2b/p2p_listings.db
2025-11-22 05:03:50 - INFO - Database tables created successfully
2025-11-22 05:03:50 - INFO - Attempt 1/10: Loading https://www.bybit.com/fiat/trade/otc?actionType=1&token=USDT&fiat=NGN
2025-11-22 05:04:00 - INFO - Screenshot saved as 'pb2b/screenshots/bybit_page_20251122_050359.png'
2025-11-22 05:04:00 - INFO - Fetching BUY listings for USDT/EUR
2025-11-22 05:04:01 - INFO - Data successfully saved to SQLite database. New listings - Bybit: 4, Binance: 6
2025-11-22 05:04:01 - INFO - Browser session closed
2025-11-22 05:04:01 - INFO - SQLite database connection closed
2025-11-22 05:33:01 - INFO - Logging initialized. Log file: pb2b/logs/bybit_scraper_20251122.log
2025-11-22 05:33:03 - INFO - DataSaver logging initialized. Log file: pb2b/logs/data_saver_20251122.log
2025-11-22 05:33:03 - INFO - Connected to SQLite database: pb2b/p2p_listings.db
2025-11-22 05:33:03 - INFO - Database tables created successfully
2025-11-22 05:33:03 - INFO - Attempt 1/10: Loading https://www.bybit.com/fiat/trade/otc?actionType=1&token=USDT&fiat=NGN
2025-11-22 05:33:14 - INFO - Screenshot saved as 'pb2b/screenshots/bybit_page_20251122_053314.png'
2025-11-22 05:33:15 - INFO - Fetching BUY listings for USDT/EUR
2025-11-22 05:33:16 - INFO - Data successfully saved to SQLite database. New listings - Bybit: 4, Binance: 6
2025-11-22 05:33:16 - INFO - Browser session closed
2025-11-22 05:33:16 - INFO - SQLite database connection closed
