2025-11-07 00:02:08 - INFO - Logging initialized. Log file: pb2b/logs/bybit_scraper_20251107.log
2025-11-07 00:02:09 - INFO - DataSaver logging initialized. Log file: pb2b/logs/data_saver_20251107.log
2025-11-07 00:02:09 - INFO - Connected to SQLite database: pb2b/p2p_listings.db
2025-11-07 00:02:09 - INFO - Database tables created successfully
2025-11-07 00:02:09 - INFO - Attempt 1/10: Loading https://www.bybit.com/fiat/trade/otc?actionType=1&token=USDT&fiat=NGN
2025-11-07 00:02:18 - INFO - Screenshot saved as 'pb2b/screenshots/bybit_page_20251107_000218.png'
2025-11-07 00:02:18 - INFO - Fetching BUY listings for USDT/EUR
2025-11-07 00:02:19 - INFO - Data successfully saved to SQLite database. New listings - Bybit: 4, Binance: 6
2025-11-07 00:02:19 - INFO - Browser session closed
2025-11-07 00:02:19 - INFO - SQLite database connection closed
2025-11-07 02:09:37 - INFO - Logging initialized. Log file: pb2b/logs/bybit_scraper_20251107.log
2025-11-07 02:09:39 - INFO - DataSaver logging initialized. Log file: pb2b/logs/data_saver_20251107.log
2025-11-07 02:09:39 - INFO - Connected to SQLite database: pb2b/p2p_listings.db
2025-11-07 02:09:39 - INFO - Database tables created successfully
2025-11-07 02:09:39 - INFO - Attempt 1/10: Loading https://www.bybit.com/fiat/trade/otc?actionType=1&token=USDT&fiat=NGN
2025-11-07 02:09:49 - INFO - Screenshot saved as 'pb2b/screenshots/bybit_page_20251107_020949.png'
2025-11-07 02:09:50 - INFO - Fetching BUY listings for USDT/EUR
2025-11-07 02:09:50 - INFO - Data successfully saved to SQLite database. New listings - Bybit: 4, Binance: 6
2025-11-07 02:09:50 - INFO - Browser session closed
2025-11-07 02:09:50 - INFO - SQLite database connection closed
2025-11-07 03:21:49 - INFO - Logging initialized. Log file: pb2b/logs/bybit_scraper_20251107.log
2025-11-07 03:21:51 - INFO - DataSaver logging initialized. Log file: pb2b/logs/data_saver_20251107.log
2025-11-07 03:21:51 - INFO - Connected to SQLite database: pb2b/p2p_listings.db
2025-11-07 03:21:51 - INFO - Database tables created successfully
2025-11-07 03:21:51 - INFO - Attempt 1/10: Loading https://www.bybit.com/fiat/trade/otc?actionType=1&token=USDT&fiat=NGN
2025-11-07 03:22:02 - INFO - Screenshot saved as 'pb2b/screenshots/bybit_page_20251107_032201.png'
2025-11-07 03:22:02 - INFO - Fetching BUY listings for USDT/EUR
2025-11-07 03:22:03 - INFO - Data successfully saved to SQLite database. New listings - Bybit: 4, Binance: 6
2025-11-07 03:22:03 - INFO - Browser session closed
2025-11-07 03:22:03 - INFO - SQLite database connection closed
2025-11-07 03:56:42 - INFO - Logging initialized. Log file: pb2b/logs/bybit_scraper_20251107.log
2025-11-07 03:56:44 - INFO - DataSaver logging initialized. Log file: pb2b/logs/data_saver_20251107.log
2025-11-07 03:56:44 - INFO - Connected to SQLite database: pb2b/p2p_listings.db
2025-11-07 03:56:44 - INFO - Database tables created successfully
2025-11-07 03:56:44 - INFO - Attempt 1/10: Loading https://www.bybit.com/fiat/trade/otc?actionType=1&token=USDT&fiat=NGN
2025-11-07 03:56:54 - INFO - Screenshot saved as 'pb2b/screenshots/bybit_page_20251107_035654.png'
2025-11-07 03:56:54 - INFO - Fetching BUY listings for USDT/EUR
2025-11-07 03:56:55 - INFO - Data successfully saved to SQLite database. New listings - Bybit: 4, Binance: 6
2025-11-07 03:56:55 - INFO - Browser session closed
2025-11-07 03:56:55 - INFO - SQLite database connection closed
2025-11-07 04:26:18 - INFO - Logging initialized. Log file: pb2b/logs/bybit_scraper_20251107.log
2025-11-07 04:26:19 - INFO - DataSaver logging initialized. Log file: pb2b/logs/data_saver_20251107.log
2025-11-07 04:26:19 - INFO - Connected to SQLite database: pb2b/p2p_listings.db
2025-11-07 04:26:19 - INFO - Database tables created successfully
2025-11-07 04:26:19 - INFO - Attempt 1/10: Loading https://www.bybit.com/fiat/trade/otc?actionType=1&token=USDT&fiat=NGN
2025-11-07 04:26:29 - INFO - Screenshot saved as 'pb2b/screenshots/bybit_page_20251107_042628.png'
2025-11-07 04:26:29 - INFO - Fetching BUY listings for USDT/EUR
2025-11-07 04:26:30 - INFO - Data successfully saved to SQLite database. New listings - Bybit: 4, Binance: 6
2025-11-07 04:26:30 - INFO - Browser session closed
2025-11-07 04:26:30 - INFO - SQLite database connection closed
