2025-07-31 00:57:45 - INFO - Logging initialized. Log file: pb2b/logs/bybit_scraper_20250731.log
2025-07-31 00:57:46 - INFO - DataSaver logging initialized. Log file: pb2b/logs/data_saver_20250731.log
2025-07-31 00:57:46 - INFO - Connected to SQLite database: pb2b/p2p_listings.db
2025-07-31 00:57:46 - INFO - Database tables created successfully
2025-07-31 00:57:46 - INFO - Attempt 1/10: Loading https://www.bybit.com/fiat/trade/otc?actionType=1&token=USDT&fiat=NGN
2025-07-31 00:57:56 - INFO - Screenshot saved as 'pb2b/screenshots/bybit_page_20250731_005756.png'
2025-07-31 00:57:57 - INFO - Fetching BUY listings for USDT/EUR
2025-07-31 00:57:58 - INFO - Data successfully saved to SQLite database. New listings - Bybit: 4, Binance: 6
2025-07-31 00:57:58 - INFO - Browser session closed
2025-07-31 00:57:58 - INFO - SQLite database connection closed
2025-07-31 03:06:59 - INFO - Logging initialized. Log file: pb2b/logs/bybit_scraper_20250731.log
2025-07-31 03:07:01 - INFO - DataSaver logging initialized. Log file: pb2b/logs/data_saver_20250731.log
2025-07-31 03:07:01 - INFO - Connected to SQLite database: pb2b/p2p_listings.db
2025-07-31 03:07:01 - INFO - Database tables created successfully
2025-07-31 03:07:01 - INFO - Attempt 1/10: Loading https://www.bybit.com/fiat/trade/otc?actionType=1&token=USDT&fiat=NGN
2025-07-31 03:07:12 - INFO - Screenshot saved as 'pb2b/screenshots/bybit_page_20250731_030711.png'
2025-07-31 03:07:12 - INFO - Fetching BUY listings for USDT/EUR
2025-07-31 03:07:13 - INFO - Data successfully saved to SQLite database. New listings - Bybit: 4, Binance: 6
2025-07-31 03:07:13 - INFO - Browser session closed
2025-07-31 03:07:13 - INFO - SQLite database connection closed
2025-07-31 04:12:58 - INFO - Logging initialized. Log file: pb2b/logs/bybit_scraper_20250731.log
2025-07-31 04:12:59 - INFO - DataSaver logging initialized. Log file: pb2b/logs/data_saver_20250731.log
2025-07-31 04:12:59 - INFO - Connected to SQLite database: pb2b/p2p_listings.db
2025-07-31 04:12:59 - INFO - Database tables created successfully
2025-07-31 04:12:59 - INFO - Attempt 1/10: Loading https://www.bybit.com/fiat/trade/otc?actionType=1&token=USDT&fiat=NGN
2025-07-31 04:13:09 - INFO - Screenshot saved as 'pb2b/screenshots/bybit_page_20250731_041308.png'
2025-07-31 04:13:09 - INFO - Fetching BUY listings for USDT/EUR
2025-07-31 04:13:10 - INFO - Data successfully saved to SQLite database. New listings - Bybit: 4, Binance: 6
2025-07-31 04:13:10 - INFO - Browser session closed
2025-07-31 04:13:10 - INFO - SQLite database connection closed
2025-07-31 04:58:51 - INFO - Logging initialized. Log file: pb2b/logs/bybit_scraper_20250731.log
2025-07-31 04:58:52 - INFO - DataSaver logging initialized. Log file: pb2b/logs/data_saver_20250731.log
2025-07-31 04:58:52 - INFO - Connected to SQLite database: pb2b/p2p_listings.db
2025-07-31 04:58:52 - INFO - Database tables created successfully
2025-07-31 04:58:52 - INFO - Attempt 1/10: Loading https://www.bybit.com/fiat/trade/otc?actionType=1&token=USDT&fiat=NGN
2025-07-31 04:59:02 - INFO - Screenshot saved as 'pb2b/screenshots/bybit_page_20250731_045902.png'
2025-07-31 04:59:02 - INFO - Fetching BUY listings for USDT/EUR
2025-07-31 04:59:03 - INFO - Data successfully saved to SQLite database. New listings - Bybit: 4, Binance: 6
2025-07-31 04:59:03 - INFO - Browser session closed
2025-07-31 04:59:03 - INFO - SQLite database connection closed
2025-07-31 05:37:39 - INFO - Logging initialized. Log file: pb2b/logs/bybit_scraper_20250731.log
2025-07-31 05:37:40 - INFO - DataSaver logging initialized. Log file: pb2b/logs/data_saver_20250731.log
2025-07-31 05:37:40 - INFO - Connected to SQLite database: pb2b/p2p_listings.db
2025-07-31 05:37:40 - INFO - Database tables created successfully
2025-07-31 05:37:40 - INFO - Attempt 1/10: Loading https://www.bybit.com/fiat/trade/otc?actionType=1&token=USDT&fiat=NGN
2025-07-31 05:37:48 - INFO - Screenshot saved as 'pb2b/screenshots/bybit_page_20250731_053748.png'
2025-07-31 05:37:48 - INFO - Fetching BUY listings for USDT/EUR
2025-07-31 05:37:49 - INFO - Data successfully saved to SQLite database. New listings - Bybit: 4, Binance: 6
2025-07-31 05:37:49 - INFO - Browser session closed
2025-07-31 05:37:49 - INFO - SQLite database connection closed
2025-07-31 05:58:06 - INFO - Logging initialized. Log file: pb2b/logs/bybit_scraper_20250731.log
2025-07-31 05:58:07 - INFO - DataSaver logging initialized. Log file: pb2b/logs/data_saver_20250731.log
2025-07-31 05:58:07 - INFO - Connected to SQLite database: pb2b/p2p_listings.db
2025-07-31 05:58:07 - INFO - Database tables created successfully
2025-07-31 05:58:07 - INFO - Attempt 1/10: Loading https://www.bybit.com/fiat/trade/otc?actionType=1&token=USDT&fiat=NGN
2025-07-31 05:58:17 - INFO - Screenshot saved as 'pb2b/screenshots/bybit_page_20250731_055816.png'
2025-07-31 05:58:17 - INFO - Fetching BUY listings for USDT/EUR
2025-07-31 05:58:18 - INFO - Data successfully saved to SQLite database. New listings - Bybit: 4, Binance: 6
2025-07-31 05:58:18 - INFO - Browser session closed
2025-07-31 05:58:18 - INFO - SQLite database connection closed
2025-07-31 06:46:47 - INFO - Logging initialized. Log file: pb2b/logs/bybit_scraper_20250731.log
2025-07-31 06:46:49 - INFO - DataSaver logging initialized. Log file: pb2b/logs/data_saver_20250731.log
2025-07-31 06:46:49 - INFO - Connected to SQLite database: pb2b/p2p_listings.db
2025-07-31 06:46:49 - INFO - Database tables created successfully
2025-07-31 06:46:49 - INFO - Attempt 1/10: Loading https://www.bybit.com/fiat/trade/otc?actionType=1&token=USDT&fiat=NGN
2025-07-31 06:46:58 - INFO - Screenshot saved as 'pb2b/screenshots/bybit_page_20250731_064658.png'
2025-07-31 06:46:58 - INFO - Fetching BUY listings for USDT/EUR
2025-07-31 06:46:59 - INFO - Data successfully saved to SQLite database. New listings - Bybit: 4, Binance: 6
2025-07-31 06:46:59 - INFO - Browser session closed
2025-07-31 06:46:59 - INFO - SQLite database connection closed
2025-07-31 07:14:50 - INFO - Logging initialized. Log file: pb2b/logs/bybit_scraper_20250731.log
2025-07-31 07:14:52 - INFO - DataSaver logging initialized. Log file: pb2b/logs/data_saver_20250731.log
2025-07-31 07:14:52 - INFO - Connected to SQLite database: pb2b/p2p_listings.db
2025-07-31 07:14:52 - INFO - Database tables created successfully
2025-07-31 07:14:52 - INFO - Attempt 1/10: Loading https://www.bybit.com/fiat/trade/otc?actionType=1&token=USDT&fiat=NGN
2025-07-31 07:15:03 - INFO - Screenshot saved as 'pb2b/screenshots/bybit_page_20250731_071503.png'
2025-07-31 07:15:03 - INFO - Fetching BUY listings for USDT/EUR
2025-07-31 07:15:04 - INFO - Data successfully saved to SQLite database. New listings - Bybit: 4, Binance: 6
2025-07-31 07:15:04 - INFO - Browser session closed
2025-07-31 07:15:04 - INFO - SQLite database connection closed
2025-07-31 07:43:36 - INFO - Logging initialized. Log file: pb2b/logs/bybit_scraper_20250731.log
2025-07-31 07:43:37 - INFO - DataSaver logging initialized. Log file: pb2b/logs/data_saver_20250731.log
2025-07-31 07:43:37 - INFO - Connected to SQLite database: pb2b/p2p_listings.db
2025-07-31 07:43:37 - INFO - Database tables created successfully
2025-07-31 07:43:37 - INFO - Attempt 1/10: Loading https://www.bybit.com/fiat/trade/otc?actionType=1&token=USDT&fiat=NGN
2025-07-31 07:43:47 - INFO - Screenshot saved as 'pb2b/screenshots/bybit_page_20250731_074347.png'
2025-07-31 07:43:48 - INFO - Fetching BUY listings for USDT/EUR
2025-07-31 07:43:48 - INFO - Data successfully saved to SQLite database. New listings - Bybit: 4, Binance: 6
2025-07-31 07:43:48 - INFO - Browser session closed
2025-07-31 07:43:48 - INFO - SQLite database connection closed
2025-07-31 07:57:52 - INFO - Logging initialized. Log file: pb2b/logs/bybit_scraper_20250731.log
2025-07-31 07:57:53 - INFO - DataSaver logging initialized. Log file: pb2b/logs/data_saver_20250731.log
2025-07-31 07:57:53 - INFO - Connected to SQLite database: pb2b/p2p_listings.db
2025-07-31 07:57:53 - INFO - Database tables created successfully
2025-07-31 07:57:53 - INFO - Attempt 1/10: Loading https://www.bybit.com/fiat/trade/otc?actionType=1&token=USDT&fiat=NGN
2025-07-31 07:58:03 - INFO - Screenshot saved as 'pb2b/screenshots/bybit_page_20250731_075803.png'
2025-07-31 07:58:04 - INFO - Fetching BUY listings for USDT/EUR
2025-07-31 07:58:04 - INFO - Data successfully saved to SQLite database. New listings - Bybit: 4, Binance: 6
2025-07-31 07:58:04 - INFO - Browser session closed
2025-07-31 07:58:04 - INFO - SQLite database connection closed
2025-07-31 08:39:51 - INFO - Logging initialized. Log file: pb2b/logs/bybit_scraper_20250731.log
2025-07-31 08:39:51 - INFO - DataSaver logging initialized. Log file: pb2b/logs/data_saver_20250731.log
2025-07-31 08:39:51 - INFO - Connected to SQLite database: pb2b/p2p_listings.db
2025-07-31 08:39:51 - INFO - Database tables created successfully
2025-07-31 08:39:51 - INFO - Attempt 1/10: Loading https://www.bybit.com/fiat/trade/otc?actionType=1&token=USDT&fiat=NGN
2025-07-31 08:40:01 - INFO - Screenshot saved as 'pb2b/screenshots/bybit_page_20250731_084001.png'
2025-07-31 08:40:01 - INFO - Fetching BUY listings for USDT/EUR
2025-07-31 08:40:02 - INFO - Data successfully saved to SQLite database. New listings - Bybit: 4, Binance: 6
2025-07-31 08:40:02 - INFO - Browser session closed
2025-07-31 08:40:02 - INFO - SQLite database connection closed
2025-07-31 09:03:38 - INFO - Logging initialized. Log file: pb2b/logs/bybit_scraper_20250731.log
2025-07-31 09:03:39 - INFO - DataSaver logging initialized. Log file: pb2b/logs/data_saver_20250731.log
2025-07-31 09:03:39 - INFO - Connected to SQLite database: pb2b/p2p_listings.db
2025-07-31 09:03:39 - INFO - Database tables created successfully
2025-07-31 09:03:39 - INFO - Attempt 1/10: Loading https://www.bybit.com/fiat/trade/otc?actionType=1&token=USDT&fiat=NGN
2025-07-31 09:03:49 - INFO - Screenshot saved as 'pb2b/screenshots/bybit_page_20250731_090349.png'
2025-07-31 09:03:50 - INFO - Fetching BUY listings for USDT/EUR
2025-07-31 09:03:50 - INFO - Data successfully saved to SQLite database. New listings - Bybit: 4, Binance: 6
2025-07-31 09:03:50 - INFO - Browser session closed
2025-07-31 09:03:50 - INFO - SQLite database connection closed
2025-07-31 09:39:39 - INFO - Logging initialized. Log file: pb2b/logs/bybit_scraper_20250731.log
2025-07-31 09:39:41 - INFO - DataSaver logging initialized. Log file: pb2b/logs/data_saver_20250731.log
2025-07-31 09:39:41 - INFO - Connected to SQLite database: pb2b/p2p_listings.db
2025-07-31 09:39:41 - INFO - Database tables created successfully
2025-07-31 09:39:41 - INFO - Attempt 1/10: Loading https://www.bybit.com/fiat/trade/otc?actionType=1&token=USDT&fiat=NGN
2025-07-31 09:39:50 - INFO - Screenshot saved as 'pb2b/screenshots/bybit_page_20250731_093950.png'
2025-07-31 09:39:50 - INFO - Fetching BUY listings for USDT/EUR
2025-07-31 09:39:51 - INFO - Data successfully saved to SQLite database. New listings - Bybit: 4, Binance: 6
2025-07-31 09:39:51 - INFO - Browser session closed
2025-07-31 09:39:51 - INFO - SQLite database connection closed
2025-07-31 09:57:56 - INFO - Logging initialized. Log file: pb2b/logs/bybit_scraper_20250731.log
2025-07-31 09:57:56 - INFO - DataSaver logging initialized. Log file: pb2b/logs/data_saver_20250731.log
2025-07-31 09:57:56 - INFO - Connected to SQLite database: pb2b/p2p_listings.db
2025-07-31 09:57:56 - INFO - Database tables created successfully
2025-07-31 09:57:56 - INFO - Attempt 1/10: Loading https://www.bybit.com/fiat/trade/otc?actionType=1&token=USDT&fiat=NGN
2025-07-31 09:58:06 - INFO - Screenshot saved as 'pb2b/screenshots/bybit_page_20250731_095806.png'
2025-07-31 09:58:06 - INFO - Fetching BUY listings for USDT/EUR
2025-07-31 09:58:07 - INFO - Data successfully saved to SQLite database. New listings - Bybit: 4, Binance: 6
2025-07-31 09:58:07 - INFO - Browser session closed
2025-07-31 09:58:07 - INFO - SQLite database connection closed
2025-07-31 10:35:24 - INFO - Logging initialized. Log file: pb2b/logs/bybit_scraper_20250731.log
2025-07-31 10:35:27 - INFO - DataSaver logging initialized. Log file: pb2b/logs/data_saver_20250731.log
2025-07-31 10:35:27 - INFO - Connected to SQLite database: pb2b/p2p_listings.db
2025-07-31 10:35:27 - INFO - Database tables created successfully
2025-07-31 10:35:27 - INFO - Attempt 1/10: Loading https://www.bybit.com/fiat/trade/otc?actionType=1&token=USDT&fiat=NGN
2025-07-31 10:35:37 - INFO - Screenshot saved as 'pb2b/screenshots/bybit_page_20250731_103537.png'
2025-07-31 10:35:38 - INFO - Fetching BUY listings for USDT/EUR
2025-07-31 10:35:38 - INFO - Data successfully saved to SQLite database. New listings - Bybit: 4, Binance: 6
2025-07-31 10:35:39 - INFO - Browser session closed
2025-07-31 10:35:39 - INFO - SQLite database connection closed
2025-07-31 10:56:35 - INFO - Logging initialized. Log file: pb2b/logs/bybit_scraper_20250731.log
2025-07-31 10:56:36 - INFO - DataSaver logging initialized. Log file: pb2b/logs/data_saver_20250731.log
2025-07-31 10:56:36 - INFO - Connected to SQLite database: pb2b/p2p_listings.db
2025-07-31 10:56:36 - INFO - Database tables created successfully
2025-07-31 10:56:36 - INFO - Attempt 1/10: Loading https://www.bybit.com/fiat/trade/otc?actionType=1&token=USDT&fiat=NGN
2025-07-31 10:56:46 - INFO - Screenshot saved as 'pb2b/screenshots/bybit_page_20250731_105646.png'
2025-07-31 10:56:46 - INFO - Fetching BUY listings for USDT/EUR
2025-07-31 10:56:47 - INFO - Data successfully saved to SQLite database. New listings - Bybit: 4, Binance: 6
2025-07-31 10:56:47 - INFO - Browser session closed
2025-07-31 10:56:47 - INFO - SQLite database connection closed
2025-07-31 11:25:13 - INFO - Logging initialized. Log file: pb2b/logs/bybit_scraper_20250731.log
2025-07-31 11:25:14 - INFO - DataSaver logging initialized. Log file: pb2b/logs/data_saver_20250731.log
2025-07-31 11:25:14 - INFO - Connected to SQLite database: pb2b/p2p_listings.db
2025-07-31 11:25:14 - INFO - Database tables created successfully
2025-07-31 11:25:14 - INFO - Attempt 1/10: Loading https://www.bybit.com/fiat/trade/otc?actionType=1&token=USDT&fiat=NGN
2025-07-31 11:25:23 - INFO - Screenshot saved as 'pb2b/screenshots/bybit_page_20250731_112522.png'
2025-07-31 11:25:23 - INFO - Fetching BUY listings for USDT/EUR
2025-07-31 11:25:24 - INFO - Data successfully saved to SQLite database. New listings - Bybit: 4, Binance: 6
2025-07-31 11:25:24 - INFO - Browser session closed
2025-07-31 11:25:24 - INFO - SQLite database connection closed
2025-07-31 11:44:51 - INFO - Logging initialized. Log file: pb2b/logs/bybit_scraper_20250731.log
2025-07-31 11:44:51 - INFO - DataSaver logging initialized. Log file: pb2b/logs/data_saver_20250731.log
2025-07-31 11:44:51 - INFO - Connected to SQLite database: pb2b/p2p_listings.db
2025-07-31 11:44:51 - INFO - Database tables created successfully
2025-07-31 11:44:51 - INFO - Attempt 1/10: Loading https://www.bybit.com/fiat/trade/otc?actionType=1&token=USDT&fiat=NGN
2025-07-31 11:45:07 - INFO - Screenshot saved as 'pb2b/screenshots/bybit_page_20250731_114506.png'
2025-07-31 11:45:07 - INFO - Fetching BUY listings for USDT/EUR
2025-07-31 11:45:08 - INFO - Data successfully saved to SQLite database. New listings - Bybit: 4, Binance: 6
2025-07-31 11:45:08 - INFO - Browser session closed
2025-07-31 11:45:08 - INFO - SQLite database connection closed
2025-07-31 11:57:47 - INFO - Logging initialized. Log file: pb2b/logs/bybit_scraper_20250731.log
2025-07-31 11:57:48 - INFO - DataSaver logging initialized. Log file: pb2b/logs/data_saver_20250731.log
2025-07-31 11:57:48 - INFO - Connected to SQLite database: pb2b/p2p_listings.db
2025-07-31 11:57:48 - INFO - Database tables created successfully
2025-07-31 11:57:48 - INFO - Attempt 1/10: Loading https://www.bybit.com/fiat/trade/otc?actionType=1&token=USDT&fiat=NGN
2025-07-31 11:57:57 - INFO - Screenshot saved as 'pb2b/screenshots/bybit_page_20250731_115757.png'
2025-07-31 11:57:57 - INFO - Fetching BUY listings for USDT/EUR
2025-07-31 11:57:58 - INFO - Data successfully saved to SQLite database. New listings - Bybit: 4, Binance: 6
2025-07-31 11:57:58 - INFO - Browser session closed
2025-07-31 11:57:58 - INFO - SQLite database connection closed
2025-07-31 12:57:33 - INFO - Logging initialized. Log file: pb2b/logs/bybit_scraper_20250731.log
2025-07-31 12:57:34 - INFO - DataSaver logging initialized. Log file: pb2b/logs/data_saver_20250731.log
2025-07-31 12:57:34 - INFO - Connected to SQLite database: pb2b/p2p_listings.db
2025-07-31 12:57:34 - INFO - Database tables created successfully
2025-07-31 12:57:34 - INFO - Attempt 1/10: Loading https://www.bybit.com/fiat/trade/otc?actionType=1&token=USDT&fiat=NGN
2025-07-31 12:57:43 - INFO - Screenshot saved as 'pb2b/screenshots/bybit_page_20250731_125743.png'
2025-07-31 12:57:44 - INFO - Fetching BUY listings for USDT/EUR
2025-07-31 12:57:45 - INFO - Data successfully saved to SQLite database. New listings - Bybit: 4, Binance: 6
2025-07-31 12:57:45 - INFO - Browser session closed
2025-07-31 12:57:45 - INFO - SQLite database connection closed
2025-07-31 13:45:18 - INFO - Logging initialized. Log file: pb2b/logs/bybit_scraper_20250731.log
2025-07-31 13:45:19 - INFO - DataSaver logging initialized. Log file: pb2b/logs/data_saver_20250731.log
2025-07-31 13:45:19 - INFO - Connected to SQLite database: pb2b/p2p_listings.db
2025-07-31 13:45:19 - INFO - Database tables created successfully
2025-07-31 13:45:19 - INFO - Attempt 1/10: Loading https://www.bybit.com/fiat/trade/otc?actionType=1&token=USDT&fiat=NGN
2025-07-31 13:45:32 - INFO - Screenshot saved as 'pb2b/screenshots/bybit_page_20250731_134532.png'
2025-07-31 13:45:33 - INFO - Fetching BUY listings for USDT/EUR
2025-07-31 13:45:33 - INFO - Data successfully saved to SQLite database. New listings - Bybit: 4, Binance: 6
2025-07-31 13:45:34 - INFO - Browser session closed
2025-07-31 13:45:34 - INFO - SQLite database connection closed
2025-07-31 14:04:47 - INFO - Logging initialized. Log file: pb2b/logs/bybit_scraper_20250731.log
2025-07-31 14:04:49 - INFO - DataSaver logging initialized. Log file: pb2b/logs/data_saver_20250731.log
2025-07-31 14:04:49 - INFO - Connected to SQLite database: pb2b/p2p_listings.db
2025-07-31 14:04:49 - INFO - Database tables created successfully
2025-07-31 14:04:49 - INFO - Attempt 1/10: Loading https://www.bybit.com/fiat/trade/otc?actionType=1&token=USDT&fiat=NGN
2025-07-31 14:04:59 - INFO - Screenshot saved as 'pb2b/screenshots/bybit_page_20250731_140459.png'
2025-07-31 14:04:59 - INFO - Fetching BUY listings for USDT/EUR
2025-07-31 14:05:00 - INFO - Data successfully saved to SQLite database. New listings - Bybit: 4, Binance: 6
2025-07-31 14:05:00 - INFO - Browser session closed
2025-07-31 14:05:00 - INFO - SQLite database connection closed
2025-07-31 14:38:51 - INFO - Logging initialized. Log file: pb2b/logs/bybit_scraper_20250731.log
2025-07-31 14:38:51 - INFO - DataSaver logging initialized. Log file: pb2b/logs/data_saver_20250731.log
2025-07-31 14:38:51 - INFO - Connected to SQLite database: pb2b/p2p_listings.db
2025-07-31 14:38:51 - INFO - Database tables created successfully
2025-07-31 14:38:51 - INFO - Attempt 1/10: Loading https://www.bybit.com/fiat/trade/otc?actionType=1&token=USDT&fiat=NGN
2025-07-31 14:39:01 - INFO - Screenshot saved as 'pb2b/screenshots/bybit_page_20250731_143901.png'
2025-07-31 14:39:02 - INFO - Fetching BUY listings for USDT/EUR
2025-07-31 14:39:02 - INFO - Data successfully saved to SQLite database. New listings - Bybit: 4, Binance: 6
2025-07-31 14:39:03 - INFO - Browser session closed
2025-07-31 14:39:03 - INFO - SQLite database connection closed
2025-07-31 14:59:10 - INFO - Logging initialized. Log file: pb2b/logs/bybit_scraper_20250731.log
2025-07-31 14:59:11 - INFO - DataSaver logging initialized. Log file: pb2b/logs/data_saver_20250731.log
2025-07-31 14:59:11 - INFO - Connected to SQLite database: pb2b/p2p_listings.db
2025-07-31 14:59:11 - INFO - Database tables created successfully
2025-07-31 14:59:11 - INFO - Attempt 1/10: Loading https://www.bybit.com/fiat/trade/otc?actionType=1&token=USDT&fiat=NGN
2025-07-31 14:59:21 - INFO - Screenshot saved as 'pb2b/screenshots/bybit_page_20250731_145921.png'
2025-07-31 14:59:22 - INFO - Fetching BUY listings for USDT/EUR
2025-07-31 14:59:23 - INFO - Data successfully saved to SQLite database. New listings - Bybit: 4, Binance: 6
2025-07-31 14:59:23 - INFO - Browser session closed
2025-07-31 14:59:23 - INFO - SQLite database connection closed
2025-07-31 15:35:21 - INFO - Logging initialized. Log file: pb2b/logs/bybit_scraper_20250731.log
2025-07-31 15:35:21 - INFO - DataSaver logging initialized. Log file: pb2b/logs/data_saver_20250731.log
2025-07-31 15:35:21 - INFO - Connected to SQLite database: pb2b/p2p_listings.db
2025-07-31 15:35:21 - INFO - Database tables created successfully
2025-07-31 15:35:21 - INFO - Attempt 1/10: Loading https://www.bybit.com/fiat/trade/otc?actionType=1&token=USDT&fiat=NGN
2025-07-31 15:35:31 - INFO - Screenshot saved as 'pb2b/screenshots/bybit_page_20250731_153531.png'
2025-07-31 15:35:31 - INFO - Fetching BUY listings for USDT/EUR
2025-07-31 15:35:32 - INFO - Data successfully saved to SQLite database. New listings - Bybit: 4, Binance: 6
2025-07-31 15:35:32 - INFO - Browser session closed
2025-07-31 15:35:32 - INFO - SQLite database connection closed
2025-07-31 15:56:16 - INFO - Logging initialized. Log file: pb2b/logs/bybit_scraper_20250731.log
2025-07-31 15:56:16 - INFO - DataSaver logging initialized. Log file: pb2b/logs/data_saver_20250731.log
2025-07-31 15:56:16 - INFO - Connected to SQLite database: pb2b/p2p_listings.db
2025-07-31 15:56:16 - INFO - Database tables created successfully
2025-07-31 15:56:16 - INFO - Attempt 1/10: Loading https://www.bybit.com/fiat/trade/otc?actionType=1&token=USDT&fiat=NGN
2025-07-31 15:58:16 - ERROR - Unexpected error: HTTPConnectionPool(host='localhost', port=45709): Read timed out. (read timeout=120)
2025-07-31 15:58:16 - INFO - Fetching BUY listings for USDT/EUR
2025-07-31 15:58:17 - INFO - Data successfully saved to SQLite database. New listings - Bybit: 0, Binance: 6
2025-07-31 16:00:17 - WARNING - Retrying (Retry(total=2, connect=None, read=None, redirect=None, status=None)) after connection broken by 'ReadTimeoutError("HTTPConnectionPool(host='localhost', port=45709): Read timed out. (read timeout=120)")': /session/e7ac0a2c020911f639a8d5df9e79a737
2025-07-31 16:00:17 - INFO - Browser session closed
2025-07-31 16:00:17 - INFO - SQLite database connection closed
2025-07-31 16:31:55 - INFO - Logging initialized. Log file: pb2b/logs/bybit_scraper_20250731.log
2025-07-31 16:31:56 - INFO - DataSaver logging initialized. Log file: pb2b/logs/data_saver_20250731.log
2025-07-31 16:31:56 - INFO - Connected to SQLite database: pb2b/p2p_listings.db
2025-07-31 16:31:56 - INFO - Database tables created successfully
2025-07-31 16:31:56 - INFO - Attempt 1/10: Loading https://www.bybit.com/fiat/trade/otc?actionType=1&token=USDT&fiat=NGN
2025-07-31 16:32:06 - INFO - Screenshot saved as 'pb2b/screenshots/bybit_page_20250731_163205.png'
2025-07-31 16:32:06 - INFO - Fetching BUY listings for USDT/EUR
2025-07-31 16:32:07 - INFO - Data successfully saved to SQLite database. New listings - Bybit: 4, Binance: 6
2025-07-31 16:32:07 - INFO - Browser session closed
2025-07-31 16:32:07 - INFO - SQLite database connection closed
2025-07-31 16:58:41 - INFO - Logging initialized. Log file: pb2b/logs/bybit_scraper_20250731.log
2025-07-31 16:58:42 - INFO - DataSaver logging initialized. Log file: pb2b/logs/data_saver_20250731.log
2025-07-31 16:58:42 - INFO - Connected to SQLite database: pb2b/p2p_listings.db
2025-07-31 16:58:42 - INFO - Database tables created successfully
2025-07-31 16:58:42 - INFO - Attempt 1/10: Loading https://www.bybit.com/fiat/trade/otc?actionType=1&token=USDT&fiat=NGN
2025-07-31 16:58:54 - INFO - Screenshot saved as 'pb2b/screenshots/bybit_page_20250731_165854.png'
2025-07-31 16:58:54 - INFO - Fetching BUY listings for USDT/EUR
2025-07-31 16:58:55 - INFO - Data successfully saved to SQLite database. New listings - Bybit: 4, Binance: 6
2025-07-31 16:58:55 - INFO - Browser session closed
2025-07-31 16:58:55 - INFO - SQLite database connection closed
2025-07-31 17:31:45 - INFO - Logging initialized. Log file: pb2b/logs/bybit_scraper_20250731.log
2025-07-31 17:31:46 - INFO - DataSaver logging initialized. Log file: pb2b/logs/data_saver_20250731.log
2025-07-31 17:31:46 - INFO - Connected to SQLite database: pb2b/p2p_listings.db
2025-07-31 17:31:46 - INFO - Database tables created successfully
2025-07-31 17:31:46 - INFO - Attempt 1/10: Loading https://www.bybit.com/fiat/trade/otc?actionType=1&token=USDT&fiat=NGN
2025-07-31 17:31:55 - INFO - Screenshot saved as 'pb2b/screenshots/bybit_page_20250731_173155.png'
2025-07-31 17:31:55 - INFO - Fetching BUY listings for USDT/EUR
2025-07-31 17:31:56 - INFO - Data successfully saved to SQLite database. New listings - Bybit: 4, Binance: 6
2025-07-31 17:31:56 - INFO - Browser session closed
2025-07-31 17:31:56 - INFO - SQLite database connection closed
2025-07-31 17:52:27 - INFO - Logging initialized. Log file: pb2b/logs/bybit_scraper_20250731.log
2025-07-31 17:52:28 - INFO - DataSaver logging initialized. Log file: pb2b/logs/data_saver_20250731.log
2025-07-31 17:52:28 - INFO - Connected to SQLite database: pb2b/p2p_listings.db
2025-07-31 17:52:28 - INFO - Database tables created successfully
2025-07-31 17:52:28 - INFO - Attempt 1/10: Loading https://www.bybit.com/fiat/trade/otc?actionType=1&token=USDT&fiat=NGN
2025-07-31 17:52:38 - INFO - Screenshot saved as 'pb2b/screenshots/bybit_page_20250731_175238.png'
2025-07-31 17:52:39 - INFO - Fetching BUY listings for USDT/EUR
2025-07-31 17:52:40 - INFO - Data successfully saved to SQLite database. New listings - Bybit: 4, Binance: 6
2025-07-31 17:52:40 - INFO - Browser session closed
2025-07-31 17:52:40 - INFO - SQLite database connection closed
2025-07-31 18:22:00 - INFO - Logging initialized. Log file: pb2b/logs/bybit_scraper_20250731.log
2025-07-31 18:22:01 - INFO - DataSaver logging initialized. Log file: pb2b/logs/data_saver_20250731.log
2025-07-31 18:22:01 - INFO - Connected to SQLite database: pb2b/p2p_listings.db
2025-07-31 18:22:01 - INFO - Database tables created successfully
2025-07-31 18:22:01 - INFO - Attempt 1/10: Loading https://www.bybit.com/fiat/trade/otc?actionType=1&token=USDT&fiat=NGN
2025-07-31 18:22:09 - INFO - Screenshot saved as 'pb2b/screenshots/bybit_page_20250731_182209.png'
2025-07-31 18:22:09 - INFO - Fetching BUY listings for USDT/EUR
2025-07-31 18:22:10 - INFO - Data successfully saved to SQLite database. New listings - Bybit: 4, Binance: 6
2025-07-31 18:22:10 - INFO - Browser session closed
2025-07-31 18:22:10 - INFO - SQLite database connection closed
2025-07-31 18:54:46 - INFO - Logging initialized. Log file: pb2b/logs/bybit_scraper_20250731.log
2025-07-31 18:54:47 - INFO - DataSaver logging initialized. Log file: pb2b/logs/data_saver_20250731.log
2025-07-31 18:54:47 - INFO - Connected to SQLite database: pb2b/p2p_listings.db
2025-07-31 18:54:47 - INFO - Database tables created successfully
2025-07-31 18:54:47 - INFO - Attempt 1/10: Loading https://www.bybit.com/fiat/trade/otc?actionType=1&token=USDT&fiat=NGN
2025-07-31 18:54:57 - INFO - Screenshot saved as 'pb2b/screenshots/bybit_page_20250731_185456.png'
2025-07-31 18:54:57 - INFO - Fetching BUY listings for USDT/EUR
2025-07-31 18:54:58 - INFO - Data successfully saved to SQLite database. New listings - Bybit: 4, Binance: 6
2025-07-31 18:54:58 - INFO - Browser session closed
2025-07-31 18:54:58 - INFO - SQLite database connection closed
