2026-02-25 18:00:02 - INFO - Logging initialized. Log file: pb2b/logs/bybit_scraper_20260225.log
2026-02-25 18:00:04 - INFO - DataSaver logging initialized. Log file: pb2b/logs/data_saver_20260225.log
2026-02-25 18:00:04 - INFO - Connected to SQLite database: pb2b/p2p_listings.db
2026-02-25 18:00:04 - INFO - Database tables created successfully
2026-02-25 18:00:04 - INFO - Attempt 1/10: Loading https://www.bybit.com/fiat/trade/otc?actionType=1&token=USDT&fiat=NGN
2026-02-25 18:00:12 - INFO - Screenshot saved as 'pb2b/screenshots/bybit_page_20260225_180012.png'
2026-02-25 18:00:12 - WARNING - Error parsing row: Message: no such element: Unable to locate element: {"method":"css selector","selector":"td:nth-child(2)"}
  (Session info: chrome=145.0.7632.116); For documentation on this error, please visit: https://www.selenium.dev/documentation/webdriver/troubleshooting/errors#nosuchelementexception
Stacktrace:
#0 0x5652f1805b6a <unknown>
#1 0x5652f1218a32 <unknown>
#2 0x5652f126dd66 <unknown>
#3 0x5652f126dfa1 <unknown>
#4 0x5652f1261736 <unknown>
#5 0x5652f1261617 <unknown>
#6 0x5652f12b6369 <unknown>
#7 0x5652f125fc0f <unknown>
#8 0x5652f12609d1 <unknown>
#9 0x5652f17ca6b9 <unknown>
#10 0x5652f17cd5c1 <unknown>
#11 0x5652f17b6e29 <unknown>
#12 0x5652f17ce17e <unknown>
#13 0x5652f179d4b0 <unknown>
#14 0x5652f17f2578 <unknown>
#15 0x5652f17f274b <unknown>
#16 0x5652f18041a3 <unknown>
#17 0x7f1be0e9caa4 <unknown>
#18 0x7f1be0f29c6c <unknown>

2026-02-25 18:00:12 - INFO - Fetching BUY listings for USDT/EUR
2026-02-25 18:00:13 - INFO - Data successfully saved to SQLite database. New listings - Bybit: 4, Binance: 6
2026-02-25 18:00:13 - INFO - Browser session closed
2026-02-25 18:00:13 - INFO - SQLite database connection closed
2026-02-25 19:18:46 - INFO - Logging initialized. Log file: pb2b/logs/bybit_scraper_20260225.log
2026-02-25 19:18:58 - INFO - DataSaver logging initialized. Log file: pb2b/logs/data_saver_20260225.log
2026-02-25 19:18:58 - INFO - Connected to SQLite database: pb2b/p2p_listings.db
2026-02-25 19:18:58 - INFO - Database tables created successfully
2026-02-25 19:18:58 - INFO - Attempt 1/10: Loading https://www.bybit.com/fiat/trade/otc?actionType=1&token=USDT&fiat=NGN
2026-02-25 19:19:08 - INFO - Screenshot saved as 'pb2b/screenshots/bybit_page_20260225_191908.png'
2026-02-25 19:19:08 - WARNING - Error parsing row: Message: no such element: Unable to locate element: {"method":"css selector","selector":"td:nth-child(2)"}
  (Session info: chrome=145.0.7632.116); For documentation on this error, please visit: https://www.selenium.dev/documentation/webdriver/troubleshooting/errors#nosuchelementexception
Stacktrace:
#0 0x564fa1c7db6a <unknown>
#1 0x564fa1690a32 <unknown>
#2 0x564fa16e5d66 <unknown>
#3 0x564fa16e5fa1 <unknown>
#4 0x564fa16d9736 <unknown>
#5 0x564fa16d9617 <unknown>
#6 0x564fa172e369 <unknown>
#7 0x564fa16d7c0f <unknown>
#8 0x564fa16d89d1 <unknown>
#9 0x564fa1c426b9 <unknown>
#10 0x564fa1c455c1 <unknown>
#11 0x564fa1c2ee29 <unknown>
#12 0x564fa1c4617e <unknown>
#13 0x564fa1c154b0 <unknown>
#14 0x564fa1c6a578 <unknown>
#15 0x564fa1c6a74b <unknown>
#16 0x564fa1c7c1a3 <unknown>
#17 0x7fbd2509caa4 <unknown>
#18 0x7fbd25129c6c <unknown>

2026-02-25 19:19:09 - INFO - Fetching BUY listings for USDT/EUR
2026-02-25 19:19:09 - INFO - Data successfully saved to SQLite database. New listings - Bybit: 4, Binance: 6
2026-02-25 19:19:09 - INFO - Browser session closed
2026-02-25 19:19:09 - INFO - SQLite database connection closed
2026-02-25 20:01:15 - INFO - Logging initialized. Log file: pb2b/logs/bybit_scraper_20260225.log
2026-02-25 20:01:21 - INFO - DataSaver logging initialized. Log file: pb2b/logs/data_saver_20260225.log
2026-02-25 20:01:21 - INFO - Connected to SQLite database: pb2b/p2p_listings.db
2026-02-25 20:01:21 - INFO - Database tables created successfully
2026-02-25 20:01:21 - INFO - Attempt 1/10: Loading https://www.bybit.com/fiat/trade/otc?actionType=1&token=USDT&fiat=NGN
2026-02-25 20:01:29 - INFO - Screenshot saved as 'pb2b/screenshots/bybit_page_20260225_200129.png'
2026-02-25 20:01:29 - WARNING - Error parsing row: Message: no such element: Unable to locate element: {"method":"css selector","selector":"td:nth-child(2)"}
  (Session info: chrome=145.0.7632.116); For documentation on this error, please visit: https://www.selenium.dev/documentation/webdriver/troubleshooting/errors#nosuchelementexception
Stacktrace:
#0 0x558524d98b6a <unknown>
#1 0x5585247aba32 <unknown>
#2 0x558524800d66 <unknown>
#3 0x558524800fa1 <unknown>
#4 0x5585247f4736 <unknown>
#5 0x5585247f4617 <unknown>
#6 0x558524849369 <unknown>
#7 0x5585247f2c0f <unknown>
#8 0x5585247f39d1 <unknown>
#9 0x558524d5d6b9 <unknown>
#10 0x558524d605c1 <unknown>
#11 0x558524d49e29 <unknown>
#12 0x558524d6117e <unknown>
#13 0x558524d304b0 <unknown>
#14 0x558524d85578 <unknown>
#15 0x558524d8574b <unknown>
#16 0x558524d971a3 <unknown>
#17 0x7f34c489caa4 <unknown>
#18 0x7f34c4929c6c <unknown>

2026-02-25 20:01:29 - INFO - Fetching BUY listings for USDT/EUR
2026-02-25 20:01:30 - INFO - Data successfully saved to SQLite database. New listings - Bybit: 4, Binance: 6
2026-02-25 20:01:30 - INFO - Browser session closed
2026-02-25 20:01:30 - INFO - SQLite database connection closed
2026-02-25 20:49:48 - INFO - Logging initialized. Log file: pb2b/logs/bybit_scraper_20260225.log
2026-02-25 20:49:55 - INFO - DataSaver logging initialized. Log file: pb2b/logs/data_saver_20260225.log
2026-02-25 20:49:55 - INFO - Connected to SQLite database: pb2b/p2p_listings.db
2026-02-25 20:49:55 - INFO - Database tables created successfully
2026-02-25 20:49:55 - INFO - Attempt 1/10: Loading https://www.bybit.com/fiat/trade/otc?actionType=1&token=USDT&fiat=NGN
2026-02-25 20:50:03 - INFO - Screenshot saved as 'pb2b/screenshots/bybit_page_20260225_205003.png'
2026-02-25 20:50:03 - WARNING - Error parsing row: Message: no such element: Unable to locate element: {"method":"css selector","selector":"td:nth-child(2)"}
  (Session info: chrome=145.0.7632.116); For documentation on this error, please visit: https://www.selenium.dev/documentation/webdriver/troubleshooting/errors#nosuchelementexception
Stacktrace:
#0 0x556fb1d91b6a <unknown>
#1 0x556fb17a4a32 <unknown>
#2 0x556fb17f9d66 <unknown>
#3 0x556fb17f9fa1 <unknown>
#4 0x556fb17ed736 <unknown>
#5 0x556fb17ed617 <unknown>
#6 0x556fb1842369 <unknown>
#7 0x556fb17ebc0f <unknown>
#8 0x556fb17ec9d1 <unknown>
#9 0x556fb1d566b9 <unknown>
#10 0x556fb1d595c1 <unknown>
#11 0x556fb1d42e29 <unknown>
#12 0x556fb1d5a17e <unknown>
#13 0x556fb1d294b0 <unknown>
#14 0x556fb1d7e578 <unknown>
#15 0x556fb1d7e74b <unknown>
#16 0x556fb1d901a3 <unknown>
#17 0x7fd9f5e9caa4 <unknown>
#18 0x7fd9f5f29c6c <unknown>

2026-02-25 20:50:04 - INFO - Fetching BUY listings for USDT/EUR
2026-02-25 20:50:04 - INFO - Data successfully saved to SQLite database. New listings - Bybit: 4, Binance: 6
2026-02-25 20:50:04 - INFO - Browser session closed
2026-02-25 20:50:04 - INFO - SQLite database connection closed
2026-02-25 21:27:24 - INFO - Logging initialized. Log file: pb2b/logs/bybit_scraper_20260225.log
2026-02-25 21:27:36 - INFO - DataSaver logging initialized. Log file: pb2b/logs/data_saver_20260225.log
2026-02-25 21:27:36 - INFO - Connected to SQLite database: pb2b/p2p_listings.db
2026-02-25 21:27:36 - INFO - Database tables created successfully
2026-02-25 21:27:36 - INFO - Attempt 1/10: Loading https://www.bybit.com/fiat/trade/otc?actionType=1&token=USDT&fiat=NGN
2026-02-25 21:27:45 - INFO - Screenshot saved as 'pb2b/screenshots/bybit_page_20260225_212745.png'
2026-02-25 21:27:45 - WARNING - Error parsing row: Message: no such element: Unable to locate element: {"method":"css selector","selector":"td:nth-child(2)"}
  (Session info: chrome=145.0.7632.116); For documentation on this error, please visit: https://www.selenium.dev/documentation/webdriver/troubleshooting/errors#nosuchelementexception
Stacktrace:
#0 0x55633c9bfb6a <unknown>
#1 0x55633c3d2a32 <unknown>
#2 0x55633c427d66 <unknown>
#3 0x55633c427fa1 <unknown>
#4 0x55633c41b736 <unknown>
#5 0x55633c41b617 <unknown>
#6 0x55633c470369 <unknown>
#7 0x55633c419c0f <unknown>
#8 0x55633c41a9d1 <unknown>
#9 0x55633c9846b9 <unknown>
#10 0x55633c9875c1 <unknown>
#11 0x55633c970e29 <unknown>
#12 0x55633c98817e <unknown>
#13 0x55633c9574b0 <unknown>
#14 0x55633c9ac578 <unknown>
#15 0x55633c9ac74b <unknown>
#16 0x55633c9be1a3 <unknown>
#17 0x7f833549caa4 <unknown>
#18 0x7f8335529c6c <unknown>

2026-02-25 21:27:46 - INFO - Fetching BUY listings for USDT/EUR
2026-02-25 21:27:46 - INFO - Data successfully saved to SQLite database. New listings - Bybit: 4, Binance: 6
2026-02-25 21:27:46 - INFO - Browser session closed
2026-02-25 21:27:46 - INFO - SQLite database connection closed
2026-02-25 22:01:52 - INFO - Logging initialized. Log file: pb2b/logs/bybit_scraper_20260225.log
2026-02-25 22:02:06 - INFO - DataSaver logging initialized. Log file: pb2b/logs/data_saver_20260225.log
2026-02-25 22:02:06 - INFO - Connected to SQLite database: pb2b/p2p_listings.db
2026-02-25 22:02:06 - INFO - Database tables created successfully
2026-02-25 22:02:06 - INFO - Attempt 1/10: Loading https://www.bybit.com/fiat/trade/otc?actionType=1&token=USDT&fiat=NGN
2026-02-25 22:02:16 - INFO - Screenshot saved as 'pb2b/screenshots/bybit_page_20260225_220216.png'
2026-02-25 22:02:16 - WARNING - Error parsing row: Message: no such element: Unable to locate element: {"method":"css selector","selector":"td:nth-child(2)"}
  (Session info: chrome=145.0.7632.116); For documentation on this error, please visit: https://www.selenium.dev/documentation/webdriver/troubleshooting/errors#nosuchelementexception
Stacktrace:
#0 0x55b4482d9b6a <unknown>
#1 0x55b447ceca32 <unknown>
#2 0x55b447d41d66 <unknown>
#3 0x55b447d41fa1 <unknown>
#4 0x55b447d35736 <unknown>
#5 0x55b447d35617 <unknown>
#6 0x55b447d8a369 <unknown>
#7 0x55b447d33c0f <unknown>
#8 0x55b447d349d1 <unknown>
#9 0x55b44829e6b9 <unknown>
#10 0x55b4482a15c1 <unknown>
#11 0x55b44828ae29 <unknown>
#12 0x55b4482a217e <unknown>
#13 0x55b4482714b0 <unknown>
#14 0x55b4482c6578 <unknown>
#15 0x55b4482c674b <unknown>
#16 0x55b4482d81a3 <unknown>
#17 0x7f0c8e49caa4 <unknown>
#18 0x7f0c8e529c6c <unknown>

2026-02-25 22:02:17 - INFO - Fetching BUY listings for USDT/EUR
2026-02-25 22:02:17 - INFO - Data successfully saved to SQLite database. New listings - Bybit: 4, Binance: 6
2026-02-25 22:02:18 - INFO - Browser session closed
2026-02-25 22:02:18 - INFO - SQLite database connection closed
2026-02-25 22:49:38 - INFO - Logging initialized. Log file: pb2b/logs/bybit_scraper_20260225.log
2026-02-25 22:49:45 - INFO - DataSaver logging initialized. Log file: pb2b/logs/data_saver_20260225.log
2026-02-25 22:49:45 - INFO - Connected to SQLite database: pb2b/p2p_listings.db
2026-02-25 22:49:45 - INFO - Database tables created successfully
2026-02-25 22:49:45 - INFO - Attempt 1/10: Loading https://www.bybit.com/fiat/trade/otc?actionType=1&token=USDT&fiat=NGN
2026-02-25 22:49:56 - INFO - Screenshot saved as 'pb2b/screenshots/bybit_page_20260225_224956.png'
2026-02-25 22:49:56 - WARNING - Error parsing row: Message: no such element: Unable to locate element: {"method":"css selector","selector":"td:nth-child(2)"}
  (Session info: chrome=145.0.7632.116); For documentation on this error, please visit: https://www.selenium.dev/documentation/webdriver/troubleshooting/errors#nosuchelementexception
Stacktrace:
#0 0x5591b2bd0b6a <unknown>
#1 0x5591b25e3a32 <unknown>
#2 0x5591b2638d66 <unknown>
#3 0x5591b2638fa1 <unknown>
#4 0x5591b262c736 <unknown>
#5 0x5591b262c617 <unknown>
#6 0x5591b2681369 <unknown>
#7 0x5591b262ac0f <unknown>
#8 0x5591b262b9d1 <unknown>
#9 0x5591b2b956b9 <unknown>
#10 0x5591b2b985c1 <unknown>
#11 0x5591b2b81e29 <unknown>
#12 0x5591b2b9917e <unknown>
#13 0x5591b2b684b0 <unknown>
#14 0x5591b2bbd578 <unknown>
#15 0x5591b2bbd74b <unknown>
#16 0x5591b2bcf1a3 <unknown>
#17 0x7ff33b49caa4 <unknown>
#18 0x7ff33b529c6c <unknown>

2026-02-25 22:49:56 - INFO - Fetching BUY listings for USDT/EUR
2026-02-25 22:49:57 - INFO - Data successfully saved to SQLite database. New listings - Bybit: 4, Binance: 6
2026-02-25 22:49:57 - INFO - Browser session closed
2026-02-25 22:49:57 - INFO - SQLite database connection closed
