2025-05-11 00:44:50 - INFO - Logging initialized. Log file: pb2b/logs/bybit_scraper_20250511.log
2025-05-11 00:44:51 - INFO - DataSaver logging initialized. Log file: pb2b/logs/data_saver_20250511.log
2025-05-11 00:44:51 - INFO - Connected to SQLite database: pb2b/p2p_listings.db
2025-05-11 00:44:51 - INFO - Database tables created successfully
2025-05-11 00:44:51 - INFO - Attempt 1/10: Loading https://www.bybit.com/fiat/trade/otc?actionType=1&token=USDT&fiat=NGN
2025-05-11 00:45:00 - INFO - Screenshot saved as 'pb2b/screenshots/bybit_page_20250511_004500.png'
2025-05-11 00:45:01 - INFO - Fetching BUY listings for USDT/EUR
2025-05-11 00:45:02 - INFO - Data successfully saved to SQLite database. New listings - Bybit: 4, Binance: 6
2025-05-11 00:45:02 - INFO - Browser session closed
2025-05-11 00:45:02 - INFO - SQLite database connection closed
2025-05-11 02:31:58 - INFO - Logging initialized. Log file: pb2b/logs/bybit_scraper_20250511.log
2025-05-11 02:31:59 - INFO - DataSaver logging initialized. Log file: pb2b/logs/data_saver_20250511.log
2025-05-11 02:31:59 - INFO - Connected to SQLite database: pb2b/p2p_listings.db
2025-05-11 02:31:59 - INFO - Database tables created successfully
2025-05-11 02:31:59 - INFO - Attempt 1/10: Loading https://www.bybit.com/fiat/trade/otc?actionType=1&token=USDT&fiat=NGN
2025-05-11 02:32:08 - INFO - Screenshot saved as 'pb2b/screenshots/bybit_page_20250511_023208.png'
2025-05-11 02:32:08 - INFO - Fetching BUY listings for USDT/EUR
2025-05-11 02:32:09 - INFO - Data successfully saved to SQLite database. New listings - Bybit: 4, Binance: 6
2025-05-11 02:32:09 - INFO - Browser session closed
2025-05-11 02:32:09 - INFO - SQLite database connection closed
