2025-09-21 01:08:52 - INFO - Logging initialized. Log file: pb2b/logs/bybit_scraper_20250921.log
2025-09-21 01:08:53 - INFO - DataSaver logging initialized. Log file: pb2b/logs/data_saver_20250921.log
2025-09-21 01:08:53 - INFO - Connected to SQLite database: pb2b/p2p_listings.db
2025-09-21 01:08:53 - INFO - Database tables created successfully
2025-09-21 01:08:53 - INFO - Attempt 1/10: Loading https://www.bybit.com/fiat/trade/otc?actionType=1&token=USDT&fiat=NGN
2025-09-21 01:09:02 - INFO - Screenshot saved as 'pb2b/screenshots/bybit_page_20250921_010902.png'
2025-09-21 01:09:02 - INFO - Fetching BUY listings for USDT/EUR
2025-09-21 01:09:03 - INFO - Data successfully saved to SQLite database. New listings - Bybit: 4, Binance: 6
2025-09-21 01:09:03 - INFO - Browser session closed
2025-09-21 01:09:03 - INFO - SQLite database connection closed
2025-09-21 02:50:20 - INFO - Logging initialized. Log file: pb2b/logs/bybit_scraper_20250921.log
2025-09-21 02:50:21 - INFO - DataSaver logging initialized. Log file: pb2b/logs/data_saver_20250921.log
2025-09-21 02:50:21 - INFO - Connected to SQLite database: pb2b/p2p_listings.db
2025-09-21 02:50:21 - INFO - Database tables created successfully
2025-09-21 02:50:21 - INFO - Attempt 1/10: Loading https://www.bybit.com/fiat/trade/otc?actionType=1&token=USDT&fiat=NGN
2025-09-21 02:50:30 - INFO - Screenshot saved as 'pb2b/screenshots/bybit_page_20250921_025030.png'
2025-09-21 02:50:30 - INFO - Fetching BUY listings for USDT/EUR
2025-09-21 02:50:31 - INFO - Data successfully saved to SQLite database. New listings - Bybit: 4, Binance: 6
2025-09-21 02:50:31 - INFO - Browser session closed
2025-09-21 02:50:31 - INFO - SQLite database connection closed
2025-09-21 03:33:54 - INFO - Logging initialized. Log file: pb2b/logs/bybit_scraper_20250921.log
2025-09-21 03:33:55 - INFO - DataSaver logging initialized. Log file: pb2b/logs/data_saver_20250921.log
2025-09-21 03:33:55 - INFO - Connected to SQLite database: pb2b/p2p_listings.db
2025-09-21 03:33:55 - INFO - Database tables created successfully
2025-09-21 03:33:55 - INFO - Attempt 1/10: Loading https://www.bybit.com/fiat/trade/otc?actionType=1&token=USDT&fiat=NGN
2025-09-21 03:34:05 - INFO - Screenshot saved as 'pb2b/screenshots/bybit_page_20250921_033405.png'
2025-09-21 03:34:06 - INFO - Fetching BUY listings for USDT/EUR
2025-09-21 03:34:07 - INFO - Data successfully saved to SQLite database. New listings - Bybit: 4, Binance: 6
2025-09-21 03:34:07 - INFO - Browser session closed
2025-09-21 03:34:07 - INFO - SQLite database connection closed
2025-09-21 03:58:01 - INFO - Logging initialized. Log file: pb2b/logs/bybit_scraper_20250921.log
2025-09-21 03:58:02 - INFO - DataSaver logging initialized. Log file: pb2b/logs/data_saver_20250921.log
2025-09-21 03:58:02 - INFO - Connected to SQLite database: pb2b/p2p_listings.db
2025-09-21 03:58:02 - INFO - Database tables created successfully
2025-09-21 03:58:02 - INFO - Attempt 1/10: Loading https://www.bybit.com/fiat/trade/otc?actionType=1&token=USDT&fiat=NGN
2025-09-21 03:58:12 - INFO - Screenshot saved as 'pb2b/screenshots/bybit_page_20250921_035812.png'
2025-09-21 03:58:12 - INFO - Fetching BUY listings for USDT/EUR
2025-09-21 03:58:13 - INFO - Data successfully saved to SQLite database. New listings - Bybit: 4, Binance: 6
2025-09-21 03:58:13 - INFO - Browser session closed
2025-09-21 03:58:13 - INFO - SQLite database connection closed
