2025-08-16 01:06:58 - INFO - Logging initialized. Log file: pb2b/logs/bybit_scraper_20250816.log
2025-08-16 01:06:58 - INFO - DataSaver logging initialized. Log file: pb2b/logs/data_saver_20250816.log
2025-08-16 01:06:58 - INFO - Connected to SQLite database: pb2b/p2p_listings.db
2025-08-16 01:06:58 - INFO - Database tables created successfully
2025-08-16 01:06:58 - INFO - Attempt 1/10: Loading https://www.bybit.com/fiat/trade/otc?actionType=1&token=USDT&fiat=NGN
2025-08-16 01:07:10 - INFO - Screenshot saved as 'pb2b/screenshots/bybit_page_20250816_010709.png'
2025-08-16 01:07:10 - INFO - Fetching BUY listings for USDT/EUR
2025-08-16 01:07:11 - INFO - Data successfully saved to SQLite database. New listings - Bybit: 4, Binance: 6
2025-08-16 01:07:11 - INFO - Browser session closed
2025-08-16 01:07:11 - INFO - SQLite database connection closed
2025-08-16 02:55:35 - INFO - Logging initialized. Log file: pb2b/logs/bybit_scraper_20250816.log
2025-08-16 02:55:35 - INFO - DataSaver logging initialized. Log file: pb2b/logs/data_saver_20250816.log
2025-08-16 02:55:35 - INFO - Connected to SQLite database: pb2b/p2p_listings.db
2025-08-16 02:55:35 - INFO - Database tables created successfully
2025-08-16 02:55:35 - INFO - Attempt 1/10: Loading https://www.bybit.com/fiat/trade/otc?actionType=1&token=USDT&fiat=NGN
2025-08-16 02:55:45 - INFO - Screenshot saved as 'pb2b/screenshots/bybit_page_20250816_025544.png'
2025-08-16 02:55:45 - INFO - Fetching BUY listings for USDT/EUR
2025-08-16 02:55:45 - INFO - Data successfully saved to SQLite database. New listings - Bybit: 4, Binance: 6
2025-08-16 02:55:45 - INFO - Browser session closed
2025-08-16 02:55:45 - INFO - SQLite database connection closed
2025-08-16 03:46:15 - INFO - Logging initialized. Log file: pb2b/logs/bybit_scraper_20250816.log
2025-08-16 03:46:16 - INFO - DataSaver logging initialized. Log file: pb2b/logs/data_saver_20250816.log
2025-08-16 03:46:16 - INFO - Connected to SQLite database: pb2b/p2p_listings.db
2025-08-16 03:46:16 - INFO - Database tables created successfully
2025-08-16 03:46:16 - INFO - Attempt 1/10: Loading https://www.bybit.com/fiat/trade/otc?actionType=1&token=USDT&fiat=NGN
2025-08-16 03:46:25 - INFO - Screenshot saved as 'pb2b/screenshots/bybit_page_20250816_034625.png'
2025-08-16 03:46:26 - INFO - Fetching BUY listings for USDT/EUR
2025-08-16 03:46:27 - INFO - Data successfully saved to SQLite database. New listings - Bybit: 4, Binance: 6
2025-08-16 03:46:27 - INFO - Browser session closed
2025-08-16 03:46:27 - INFO - SQLite database connection closed
2025-08-16 04:15:10 - INFO - Logging initialized. Log file: pb2b/logs/bybit_scraper_20250816.log
2025-08-16 04:15:11 - INFO - DataSaver logging initialized. Log file: pb2b/logs/data_saver_20250816.log
2025-08-16 04:15:11 - INFO - Connected to SQLite database: pb2b/p2p_listings.db
2025-08-16 04:15:11 - INFO - Database tables created successfully
2025-08-16 04:15:11 - INFO - Attempt 1/10: Loading https://www.bybit.com/fiat/trade/otc?actionType=1&token=USDT&fiat=NGN
2025-08-16 04:15:21 - INFO - Screenshot saved as 'pb2b/screenshots/bybit_page_20250816_041521.png'
2025-08-16 04:15:21 - INFO - Fetching BUY listings for USDT/EUR
2025-08-16 04:15:21 - INFO - Data successfully saved to SQLite database. New listings - Bybit: 4, Binance: 6
2025-08-16 04:15:22 - INFO - Browser session closed
2025-08-16 04:15:22 - INFO - SQLite database connection closed
