2025-02-01 00:45:44 - INFO - Logging initialized. Log file: pb2b/logs/bybit_scraper_20250201.log
2025-02-01 00:45:45 - INFO - DataSaver logging initialized. Log file: pb2b/logs/data_saver_20250201.log
2025-02-01 00:45:45 - INFO - Connected to SQLite database: pb2b/p2p_listings.db
2025-02-01 00:45:45 - INFO - Database tables created successfully
2025-02-01 00:45:45 - INFO - Attempt 1/10: Loading https://www.bybit.com/fiat/trade/otc?actionType=1&token=USDT&fiat=NGN
2025-02-01 00:45:55 - INFO - Screenshot saved as 'pb2b/screenshots/bybit_page_20250201_004555.png'
2025-02-01 00:45:56 - INFO - Fetching BUY listings for USDT/EUR
2025-02-01 00:45:57 - INFO - Data successfully saved to SQLite database. New listings - Bybit: 4, Binance: 6
2025-02-01 00:45:57 - INFO - Browser session closed
2025-02-01 00:45:57 - INFO - SQLite database connection closed
2025-02-01 02:10:59 - INFO - Logging initialized. Log file: pb2b/logs/bybit_scraper_20250201.log
2025-02-01 02:11:00 - INFO - DataSaver logging initialized. Log file: pb2b/logs/data_saver_20250201.log
2025-02-01 02:11:00 - INFO - Connected to SQLite database: pb2b/p2p_listings.db
2025-02-01 02:11:00 - INFO - Database tables created successfully
2025-02-01 02:11:00 - INFO - Attempt 1/10: Loading https://www.bybit.com/fiat/trade/otc?actionType=1&token=USDT&fiat=NGN
2025-02-01 02:11:10 - INFO - Screenshot saved as 'pb2b/screenshots/bybit_page_20250201_021109.png'
2025-02-01 02:11:10 - INFO - Fetching BUY listings for USDT/EUR
2025-02-01 02:11:10 - INFO - Data successfully saved to SQLite database. New listings - Bybit: 4, Binance: 6
2025-02-01 02:11:11 - INFO - Browser session closed
2025-02-01 02:11:11 - INFO - SQLite database connection closed
