2025-01-10 01:08:34 - INFO - Logging initialized. Log file: pb2b/logs/bybit_scraper_20250110.log
2025-01-10 01:08:35 - INFO - DataSaver logging initialized. Log file: pb2b/logs/data_saver_20250110.log
2025-01-10 01:08:35 - INFO - Connected to SQLite database: pb2b/p2p_listings.db
2025-01-10 01:08:35 - INFO - Database tables created successfully
2025-01-10 01:08:35 - INFO - Attempt 1/10: Loading https://www.bybit.com/fiat/trade/otc?actionType=1&token=USDT&fiat=NGN
2025-01-10 01:08:46 - INFO - Screenshot saved as 'pb2b/screenshots/bybit_page_20250110_010846.png'
2025-01-10 01:08:46 - INFO - Fetching BUY listings for USDT/EUR
2025-01-10 01:08:47 - INFO - Data successfully saved to SQLite database. New listings - Bybit: 4, Binance: 6
2025-01-10 01:08:47 - INFO - Browser session closed
2025-01-10 01:08:47 - INFO - SQLite database connection closed
2025-01-10 02:34:22 - INFO - Logging initialized. Log file: pb2b/logs/bybit_scraper_20250110.log
2025-01-10 02:34:23 - INFO - DataSaver logging initialized. Log file: pb2b/logs/data_saver_20250110.log
2025-01-10 02:34:23 - INFO - Connected to SQLite database: pb2b/p2p_listings.db
2025-01-10 02:34:23 - INFO - Database tables created successfully
2025-01-10 02:34:23 - INFO - Attempt 1/10: Loading https://www.bybit.com/fiat/trade/otc?actionType=1&token=USDT&fiat=NGN
2025-01-10 02:34:33 - INFO - Screenshot saved as 'pb2b/screenshots/bybit_page_20250110_023433.png'
2025-01-10 02:34:34 - INFO - Fetching BUY listings for USDT/EUR
2025-01-10 02:34:34 - INFO - Data successfully saved to SQLite database. New listings - Bybit: 4, Binance: 6
2025-01-10 02:34:34 - INFO - Browser session closed
2025-01-10 02:34:34 - INFO - SQLite database connection closed
2025-01-10 03:07:20 - INFO - Logging initialized. Log file: pb2b/logs/bybit_scraper_20250110.log
2025-01-10 03:07:21 - INFO - DataSaver logging initialized. Log file: pb2b/logs/data_saver_20250110.log
2025-01-10 03:07:21 - INFO - Connected to SQLite database: pb2b/p2p_listings.db
2025-01-10 03:07:21 - INFO - Database tables created successfully
2025-01-10 03:07:21 - INFO - Attempt 1/10: Loading https://www.bybit.com/fiat/trade/otc?actionType=1&token=USDT&fiat=NGN
2025-01-10 03:07:32 - INFO - Screenshot saved as 'pb2b/screenshots/bybit_page_20250110_030732.png'
2025-01-10 03:07:33 - INFO - Fetching BUY listings for USDT/EUR
2025-01-10 03:07:34 - INFO - Data successfully saved to SQLite database. New listings - Bybit: 4, Binance: 6
2025-01-10 03:07:34 - INFO - Browser session closed
2025-01-10 03:07:34 - INFO - SQLite database connection closed
2025-01-10 03:35:52 - INFO - Logging initialized. Log file: pb2b/logs/bybit_scraper_20250110.log
2025-01-10 03:35:53 - INFO - DataSaver logging initialized. Log file: pb2b/logs/data_saver_20250110.log
2025-01-10 03:35:53 - INFO - Connected to SQLite database: pb2b/p2p_listings.db
2025-01-10 03:35:53 - INFO - Database tables created successfully
2025-01-10 03:35:53 - INFO - Attempt 1/10: Loading https://www.bybit.com/fiat/trade/otc?actionType=1&token=USDT&fiat=NGN
2025-01-10 03:36:03 - INFO - Screenshot saved as 'pb2b/screenshots/bybit_page_20250110_033603.png'
2025-01-10 03:36:04 - INFO - Fetching BUY listings for USDT/EUR
2025-01-10 03:36:04 - INFO - Data successfully saved to SQLite database. New listings - Bybit: 4, Binance: 6
2025-01-10 03:36:04 - INFO - Browser session closed
2025-01-10 03:36:04 - INFO - SQLite database connection closed
2025-01-10 03:49:59 - INFO - Logging initialized. Log file: pb2b/logs/bybit_scraper_20250110.log
2025-01-10 03:50:00 - INFO - DataSaver logging initialized. Log file: pb2b/logs/data_saver_20250110.log
2025-01-10 03:50:00 - INFO - Connected to SQLite database: pb2b/p2p_listings.db
2025-01-10 03:50:00 - INFO - Database tables created successfully
2025-01-10 03:50:00 - INFO - Attempt 1/10: Loading https://www.bybit.com/fiat/trade/otc?actionType=1&token=USDT&fiat=NGN
2025-01-10 03:50:10 - INFO - Screenshot saved as 'pb2b/screenshots/bybit_page_20250110_035009.png'
2025-01-10 03:50:10 - INFO - Fetching BUY listings for USDT/EUR
2025-01-10 03:50:11 - INFO - Data successfully saved to SQLite database. New listings - Bybit: 4, Binance: 6
2025-01-10 03:50:11 - INFO - Browser session closed
2025-01-10 03:50:11 - INFO - SQLite database connection closed
2025-01-10 04:13:58 - INFO - Logging initialized. Log file: pb2b/logs/bybit_scraper_20250110.log
2025-01-10 04:13:59 - INFO - DataSaver logging initialized. Log file: pb2b/logs/data_saver_20250110.log
2025-01-10 04:13:59 - INFO - Connected to SQLite database: pb2b/p2p_listings.db
2025-01-10 04:13:59 - INFO - Database tables created successfully
2025-01-10 04:13:59 - INFO - Attempt 1/10: Loading https://www.bybit.com/fiat/trade/otc?actionType=1&token=USDT&fiat=NGN
2025-01-10 04:14:09 - INFO - Screenshot saved as 'pb2b/screenshots/bybit_page_20250110_041409.png'
2025-01-10 04:14:09 - INFO - Fetching BUY listings for USDT/EUR
2025-01-10 04:14:10 - INFO - Data successfully saved to SQLite database. New listings - Bybit: 4, Binance: 6
2025-01-10 04:14:10 - INFO - Browser session closed
2025-01-10 04:14:10 - INFO - SQLite database connection closed
