2025-01-26 00:54:38 - INFO - Logging initialized. Log file: pb2b/logs/bybit_scraper_20250126.log
2025-01-26 00:54:39 - INFO - DataSaver logging initialized. Log file: pb2b/logs/data_saver_20250126.log
2025-01-26 00:54:39 - INFO - Connected to SQLite database: pb2b/p2p_listings.db
2025-01-26 00:54:39 - INFO - Database tables created successfully
2025-01-26 00:54:39 - INFO - Attempt 1/10: Loading https://www.bybit.com/fiat/trade/otc?actionType=1&token=USDT&fiat=NGN
2025-01-26 00:54:49 - INFO - Screenshot saved as 'pb2b/screenshots/bybit_page_20250126_005449.png'
2025-01-26 00:54:49 - INFO - Fetching BUY listings for USDT/EUR
2025-01-26 00:54:50 - INFO - Data successfully saved to SQLite database. New listings - Bybit: 4, Binance: 6
2025-01-26 00:54:50 - INFO - Browser session closed
2025-01-26 00:54:50 - INFO - SQLite database connection closed
2025-01-26 02:17:39 - INFO - Logging initialized. Log file: pb2b/logs/bybit_scraper_20250126.log
2025-01-26 02:17:40 - INFO - DataSaver logging initialized. Log file: pb2b/logs/data_saver_20250126.log
2025-01-26 02:17:40 - INFO - Connected to SQLite database: pb2b/p2p_listings.db
2025-01-26 02:17:40 - INFO - Database tables created successfully
2025-01-26 02:17:40 - INFO - Attempt 1/10: Loading https://www.bybit.com/fiat/trade/otc?actionType=1&token=USDT&fiat=NGN
2025-01-26 02:17:50 - INFO - Screenshot saved as 'pb2b/screenshots/bybit_page_20250126_021750.png'
2025-01-26 02:17:50 - INFO - Fetching BUY listings for USDT/EUR
2025-01-26 02:17:51 - INFO - Data successfully saved to SQLite database. New listings - Bybit: 4, Binance: 6
2025-01-26 02:17:51 - INFO - Browser session closed
2025-01-26 02:17:51 - INFO - SQLite database connection closed
2025-01-26 02:57:26 - INFO - Logging initialized. Log file: pb2b/logs/bybit_scraper_20250126.log
2025-01-26 02:57:27 - INFO - DataSaver logging initialized. Log file: pb2b/logs/data_saver_20250126.log
2025-01-26 02:57:27 - INFO - Connected to SQLite database: pb2b/p2p_listings.db
2025-01-26 02:57:27 - INFO - Database tables created successfully
2025-01-26 02:57:27 - INFO - Attempt 1/10: Loading https://www.bybit.com/fiat/trade/otc?actionType=1&token=USDT&fiat=NGN
2025-01-26 02:57:38 - INFO - Screenshot saved as 'pb2b/screenshots/bybit_page_20250126_025738.png'
2025-01-26 02:57:39 - INFO - Fetching BUY listings for USDT/EUR
2025-01-26 02:57:39 - INFO - Data successfully saved to SQLite database. New listings - Bybit: 4, Binance: 6
2025-01-26 02:57:39 - INFO - Browser session closed
2025-01-26 02:57:39 - INFO - SQLite database connection closed
2025-01-26 03:26:06 - INFO - Logging initialized. Log file: pb2b/logs/bybit_scraper_20250126.log
2025-01-26 03:26:06 - INFO - DataSaver logging initialized. Log file: pb2b/logs/data_saver_20250126.log
2025-01-26 03:26:06 - INFO - Connected to SQLite database: pb2b/p2p_listings.db
2025-01-26 03:26:06 - INFO - Database tables created successfully
2025-01-26 03:26:06 - INFO - Attempt 1/10: Loading https://www.bybit.com/fiat/trade/otc?actionType=1&token=USDT&fiat=NGN
2025-01-26 03:26:17 - INFO - Screenshot saved as 'pb2b/screenshots/bybit_page_20250126_032617.png'
2025-01-26 03:26:17 - INFO - Fetching BUY listings for USDT/EUR
2025-01-26 03:26:18 - INFO - Data successfully saved to SQLite database. New listings - Bybit: 4, Binance: 6
2025-01-26 03:26:18 - INFO - Browser session closed
2025-01-26 03:26:18 - INFO - SQLite database connection closed
2025-01-26 03:43:19 - INFO - Logging initialized. Log file: pb2b/logs/bybit_scraper_20250126.log
2025-01-26 03:43:20 - INFO - DataSaver logging initialized. Log file: pb2b/logs/data_saver_20250126.log
2025-01-26 03:43:20 - INFO - Connected to SQLite database: pb2b/p2p_listings.db
2025-01-26 03:43:20 - INFO - Database tables created successfully
2025-01-26 03:43:20 - INFO - Attempt 1/10: Loading https://www.bybit.com/fiat/trade/otc?actionType=1&token=USDT&fiat=NGN
2025-01-26 03:43:31 - INFO - Screenshot saved as 'pb2b/screenshots/bybit_page_20250126_034331.png'
2025-01-26 03:43:31 - INFO - Fetching BUY listings for USDT/EUR
2025-01-26 03:43:32 - INFO - Data successfully saved to SQLite database. New listings - Bybit: 4, Binance: 6
2025-01-26 03:43:32 - INFO - Browser session closed
2025-01-26 03:43:32 - INFO - SQLite database connection closed
2025-01-26 03:55:43 - INFO - Logging initialized. Log file: pb2b/logs/bybit_scraper_20250126.log
2025-01-26 03:55:44 - INFO - DataSaver logging initialized. Log file: pb2b/logs/data_saver_20250126.log
2025-01-26 03:55:44 - INFO - Connected to SQLite database: pb2b/p2p_listings.db
2025-01-26 03:55:44 - INFO - Database tables created successfully
2025-01-26 03:55:44 - INFO - Attempt 1/10: Loading https://www.bybit.com/fiat/trade/otc?actionType=1&token=USDT&fiat=NGN
2025-01-26 03:55:55 - INFO - Screenshot saved as 'pb2b/screenshots/bybit_page_20250126_035554.png'
2025-01-26 03:55:55 - INFO - Fetching BUY listings for USDT/EUR
2025-01-26 03:55:56 - INFO - Data successfully saved to SQLite database. New listings - Bybit: 4, Binance: 6
2025-01-26 03:55:56 - INFO - Browser session closed
2025-01-26 03:55:56 - INFO - SQLite database connection closed
2025-01-26 04:24:52 - INFO - Logging initialized. Log file: pb2b/logs/bybit_scraper_20250126.log
2025-01-26 04:24:53 - INFO - DataSaver logging initialized. Log file: pb2b/logs/data_saver_20250126.log
2025-01-26 04:24:53 - INFO - Connected to SQLite database: pb2b/p2p_listings.db
2025-01-26 04:24:53 - INFO - Database tables created successfully
2025-01-26 04:24:53 - INFO - Attempt 1/10: Loading https://www.bybit.com/fiat/trade/otc?actionType=1&token=USDT&fiat=NGN
2025-01-26 04:25:04 - INFO - Screenshot saved as 'pb2b/screenshots/bybit_page_20250126_042504.png'
2025-01-26 04:25:05 - INFO - Fetching BUY listings for USDT/EUR
2025-01-26 04:25:05 - INFO - Data successfully saved to SQLite database. New listings - Bybit: 4, Binance: 6
2025-01-26 04:25:05 - INFO - Browser session closed
2025-01-26 04:25:05 - INFO - SQLite database connection closed
