2025-12-12 00:04:46 - INFO - Logging initialized. Log file: pb2b/logs/bybit_scraper_20251212.log
2025-12-12 00:04:47 - INFO - DataSaver logging initialized. Log file: pb2b/logs/data_saver_20251212.log
2025-12-12 00:04:47 - INFO - Connected to SQLite database: pb2b/p2p_listings.db
2025-12-12 00:04:47 - INFO - Database tables created successfully
2025-12-12 00:04:47 - INFO - Attempt 1/10: Loading https://www.bybit.com/fiat/trade/otc?actionType=1&token=USDT&fiat=NGN
2025-12-12 00:04:56 - INFO - Screenshot saved as 'pb2b/screenshots/bybit_page_20251212_000456.png'
2025-12-12 00:04:56 - WARNING - Error parsing row: Message: no such element: Unable to locate element: {"method":"css selector","selector":"td:nth-child(2)"}
  (Session info: chrome=143.0.7499.109); For documentation on this error, please visit: https://www.selenium.dev/documentation/webdriver/troubleshooting/errors#nosuchelementexception
Stacktrace:
#0 0x561b869e416a <unknown>
#1 0x561b86461c4b <unknown>
#2 0x561b864b3318 <unknown>
#3 0x561b864b3551 <unknown>
#4 0x561b864a7586 <unknown>
#5 0x561b864a7477 <unknown>
#6 0x561b864febee <unknown>
#7 0x561b864a5c42 <unknown>
#8 0x561b864a68f1 <unknown>
#9 0x561b869acf09 <unknown>
#10 0x561b869afe4d <unknown>
#11 0x561b86995c51 <unknown>
#12 0x561b869b0a2b <unknown>
#13 0x561b8697ca20 <unknown>
#14 0x561b869d1a78 <unknown>
#15 0x561b869d1c49 <unknown>
#16 0x561b869e34c3 <unknown>
#17 0x7fa14089caa4 <unknown>
#18 0x7fa140929c6c <unknown>

2025-12-12 00:04:57 - INFO - Fetching BUY listings for USDT/EUR
2025-12-12 00:04:57 - INFO - Data successfully saved to SQLite database. New listings - Bybit: 4, Binance: 6
2025-12-12 00:04:57 - INFO - Browser session closed
2025-12-12 00:04:57 - INFO - SQLite database connection closed
