2025-07-27 01:11:24 - INFO - Logging initialized. Log file: pb2b/logs/bybit_scraper_20250727.log
2025-07-27 01:11:26 - INFO - DataSaver logging initialized. Log file: pb2b/logs/data_saver_20250727.log
2025-07-27 01:11:26 - INFO - Connected to SQLite database: pb2b/p2p_listings.db
2025-07-27 01:11:26 - INFO - Database tables created successfully
2025-07-27 01:11:26 - INFO - Attempt 1/10: Loading https://www.bybit.com/fiat/trade/otc?actionType=1&token=USDT&fiat=NGN
2025-07-27 01:11:34 - INFO - Screenshot saved as 'pb2b/screenshots/bybit_page_20250727_011134.png'
2025-07-27 01:11:35 - INFO - Fetching BUY listings for USDT/EUR
2025-07-27 01:11:37 - INFO - Data successfully saved to SQLite database. New listings - Bybit: 4, Binance: 6
2025-07-27 01:11:37 - INFO - Browser session closed
2025-07-27 01:11:37 - INFO - SQLite database connection closed
2025-07-27 03:22:07 - INFO - Logging initialized. Log file: pb2b/logs/bybit_scraper_20250727.log
2025-07-27 03:22:08 - INFO - DataSaver logging initialized. Log file: pb2b/logs/data_saver_20250727.log
2025-07-27 03:22:08 - INFO - Connected to SQLite database: pb2b/p2p_listings.db
2025-07-27 03:22:08 - INFO - Database tables created successfully
2025-07-27 03:22:08 - INFO - Attempt 1/10: Loading https://www.bybit.com/fiat/trade/otc?actionType=1&token=USDT&fiat=NGN
2025-07-27 03:22:17 - INFO - Screenshot saved as 'pb2b/screenshots/bybit_page_20250727_032217.png'
2025-07-27 03:22:17 - INFO - Fetching BUY listings for USDT/EUR
2025-07-27 03:22:18 - INFO - Data successfully saved to SQLite database. New listings - Bybit: 4, Binance: 6
2025-07-27 03:22:18 - INFO - Browser session closed
2025-07-27 03:22:18 - INFO - SQLite database connection closed
2025-07-27 04:29:28 - INFO - Logging initialized. Log file: pb2b/logs/bybit_scraper_20250727.log
2025-07-27 04:29:30 - INFO - DataSaver logging initialized. Log file: pb2b/logs/data_saver_20250727.log
2025-07-27 04:29:30 - INFO - Connected to SQLite database: pb2b/p2p_listings.db
2025-07-27 04:29:30 - INFO - Database tables created successfully
2025-07-27 04:29:30 - INFO - Attempt 1/10: Loading https://www.bybit.com/fiat/trade/otc?actionType=1&token=USDT&fiat=NGN
2025-07-27 04:29:39 - INFO - Screenshot saved as 'pb2b/screenshots/bybit_page_20250727_042939.png'
2025-07-27 04:29:40 - INFO - Fetching BUY listings for USDT/EUR
2025-07-27 04:29:40 - INFO - Data successfully saved to SQLite database. New listings - Bybit: 4, Binance: 6
2025-07-27 04:29:41 - INFO - Browser session closed
2025-07-27 04:29:41 - INFO - SQLite database connection closed
