2025-06-23 02:27:18 - INFO - Logging initialized. Log file: pb2b/logs/bybit_scraper_20250623.log
2025-06-23 02:27:20 - INFO - DataSaver logging initialized. Log file: pb2b/logs/data_saver_20250623.log
2025-06-23 02:27:20 - INFO - Connected to SQLite database: pb2b/p2p_listings.db
2025-06-23 02:27:20 - INFO - Database tables created successfully
2025-06-23 02:27:20 - INFO - Attempt 1/10: Loading https://www.bybit.com/fiat/trade/otc?actionType=1&token=USDT&fiat=NGN
2025-06-23 02:27:30 - INFO - Screenshot saved as 'pb2b/screenshots/bybit_page_20250623_022730.png'
2025-06-23 02:27:30 - INFO - Fetching BUY listings for USDT/EUR
2025-06-23 02:27:35 - INFO - Data successfully saved to SQLite database. New listings - Bybit: 4, Binance: 6
2025-06-23 02:27:35 - INFO - Browser session closed
2025-06-23 02:27:35 - INFO - SQLite database connection closed
2025-06-23 03:45:22 - INFO - Logging initialized. Log file: pb2b/logs/bybit_scraper_20250623.log
2025-06-23 03:45:24 - INFO - DataSaver logging initialized. Log file: pb2b/logs/data_saver_20250623.log
2025-06-23 03:45:24 - INFO - Connected to SQLite database: pb2b/p2p_listings.db
2025-06-23 03:45:24 - INFO - Database tables created successfully
2025-06-23 03:45:24 - INFO - Attempt 1/10: Loading https://www.bybit.com/fiat/trade/otc?actionType=1&token=USDT&fiat=NGN
2025-06-23 03:45:34 - INFO - Screenshot saved as 'pb2b/screenshots/bybit_page_20250623_034534.png'
2025-06-23 03:45:35 - INFO - Fetching BUY listings for USDT/EUR
2025-06-23 03:45:35 - INFO - Data successfully saved to SQLite database. New listings - Bybit: 4, Binance: 6
2025-06-23 03:45:35 - INFO - Browser session closed
2025-06-23 03:45:35 - INFO - SQLite database connection closed
2025-06-23 04:24:52 - INFO - Logging initialized. Log file: pb2b/logs/bybit_scraper_20250623.log
2025-06-23 04:24:53 - INFO - DataSaver logging initialized. Log file: pb2b/logs/data_saver_20250623.log
2025-06-23 04:24:53 - INFO - Connected to SQLite database: pb2b/p2p_listings.db
2025-06-23 04:24:53 - INFO - Database tables created successfully
2025-06-23 04:24:53 - INFO - Attempt 1/10: Loading https://www.bybit.com/fiat/trade/otc?actionType=1&token=USDT&fiat=NGN
2025-06-23 04:25:03 - INFO - Screenshot saved as 'pb2b/screenshots/bybit_page_20250623_042503.png'
2025-06-23 04:25:03 - INFO - Fetching BUY listings for USDT/EUR
2025-06-23 04:25:03 - INFO - Data successfully saved to SQLite database. New listings - Bybit: 4, Binance: 6
2025-06-23 04:25:04 - INFO - Browser session closed
2025-06-23 04:25:04 - INFO - SQLite database connection closed
2025-06-23 04:56:46 - INFO - Logging initialized. Log file: pb2b/logs/bybit_scraper_20250623.log
2025-06-23 04:56:48 - INFO - DataSaver logging initialized. Log file: pb2b/logs/data_saver_20250623.log
2025-06-23 04:56:48 - INFO - Connected to SQLite database: pb2b/p2p_listings.db
2025-06-23 04:56:48 - INFO - Database tables created successfully
2025-06-23 04:56:48 - INFO - Attempt 1/10: Loading https://www.bybit.com/fiat/trade/otc?actionType=1&token=USDT&fiat=NGN
2025-06-23 04:56:58 - INFO - Screenshot saved as 'pb2b/screenshots/bybit_page_20250623_045657.png'
2025-06-23 04:56:58 - INFO - Fetching BUY listings for USDT/EUR
2025-06-23 04:56:59 - INFO - Data successfully saved to SQLite database. New listings - Bybit: 4, Binance: 6
2025-06-23 04:56:59 - INFO - Browser session closed
2025-06-23 04:56:59 - INFO - SQLite database connection closed
2025-06-23 05:29:36 - INFO - Logging initialized. Log file: pb2b/logs/bybit_scraper_20250623.log
2025-06-23 05:29:37 - INFO - DataSaver logging initialized. Log file: pb2b/logs/data_saver_20250623.log
2025-06-23 05:29:37 - INFO - Connected to SQLite database: pb2b/p2p_listings.db
2025-06-23 05:29:37 - INFO - Database tables created successfully
2025-06-23 05:29:37 - INFO - Attempt 1/10: Loading https://www.bybit.com/fiat/trade/otc?actionType=1&token=USDT&fiat=NGN
2025-06-23 05:29:49 - INFO - Screenshot saved as 'pb2b/screenshots/bybit_page_20250623_052948.png'
2025-06-23 05:29:49 - INFO - Fetching BUY listings for USDT/EUR
2025-06-23 05:29:50 - INFO - Data successfully saved to SQLite database. New listings - Bybit: 4, Binance: 6
2025-06-23 05:29:50 - INFO - Browser session closed
2025-06-23 05:29:50 - INFO - SQLite database connection closed
