2025-10-17 00:59:52 - INFO - Logging initialized. Log file: pb2b/logs/bybit_scraper_20251017.log
2025-10-17 01:00:27 - INFO - DataSaver logging initialized. Log file: pb2b/logs/data_saver_20251017.log
2025-10-17 01:00:27 - INFO - Connected to SQLite database: pb2b/p2p_listings.db
2025-10-17 01:00:27 - INFO - Database tables created successfully
2025-10-17 01:00:27 - INFO - Attempt 1/10: Loading https://www.bybit.com/fiat/trade/otc?actionType=1&token=USDT&fiat=NGN
2025-10-17 01:00:43 - INFO - Screenshot saved as 'pb2b/screenshots/bybit_page_20251017_010043.png'
2025-10-17 01:00:44 - INFO - Fetching BUY listings for USDT/EUR
2025-10-17 01:00:44 - INFO - Data successfully saved to SQLite database. New listings - Bybit: 4, Binance: 6
2025-10-17 01:00:45 - INFO - Browser session closed
2025-10-17 01:00:45 - INFO - SQLite database connection closed
2025-10-17 02:35:29 - INFO - Logging initialized. Log file: pb2b/logs/bybit_scraper_20251017.log
2025-10-17 02:35:43 - INFO - DataSaver logging initialized. Log file: pb2b/logs/data_saver_20251017.log
2025-10-17 02:35:43 - INFO - Connected to SQLite database: pb2b/p2p_listings.db
2025-10-17 02:35:43 - INFO - Database tables created successfully
2025-10-17 02:35:43 - INFO - Attempt 1/10: Loading https://www.bybit.com/fiat/trade/otc?actionType=1&token=USDT&fiat=NGN
2025-10-17 02:35:54 - INFO - Screenshot saved as 'pb2b/screenshots/bybit_page_20251017_023554.png'
2025-10-17 02:35:55 - INFO - Fetching BUY listings for USDT/EUR
2025-10-17 02:35:56 - INFO - Data successfully saved to SQLite database. New listings - Bybit: 4, Binance: 6
2025-10-17 02:35:56 - INFO - Browser session closed
2025-10-17 02:35:56 - INFO - SQLite database connection closed
2025-10-17 03:26:01 - INFO - Logging initialized. Log file: pb2b/logs/bybit_scraper_20251017.log
2025-10-17 03:26:12 - INFO - DataSaver logging initialized. Log file: pb2b/logs/data_saver_20251017.log
2025-10-17 03:26:12 - INFO - Connected to SQLite database: pb2b/p2p_listings.db
2025-10-17 03:26:12 - INFO - Database tables created successfully
2025-10-17 03:26:12 - INFO - Attempt 1/10: Loading https://www.bybit.com/fiat/trade/otc?actionType=1&token=USDT&fiat=NGN
2025-10-17 03:26:24 - INFO - Screenshot saved as 'pb2b/screenshots/bybit_page_20251017_032623.png'
2025-10-17 03:26:24 - INFO - Fetching BUY listings for USDT/EUR
2025-10-17 03:26:25 - INFO - Data successfully saved to SQLite database. New listings - Bybit: 4, Binance: 6
2025-10-17 03:26:25 - INFO - Browser session closed
2025-10-17 03:26:25 - INFO - SQLite database connection closed
2025-10-17 03:51:47 - INFO - Logging initialized. Log file: pb2b/logs/bybit_scraper_20251017.log
2025-10-17 03:51:58 - INFO - DataSaver logging initialized. Log file: pb2b/logs/data_saver_20251017.log
2025-10-17 03:51:58 - INFO - Connected to SQLite database: pb2b/p2p_listings.db
2025-10-17 03:51:58 - INFO - Database tables created successfully
2025-10-17 03:51:58 - INFO - Attempt 1/10: Loading https://www.bybit.com/fiat/trade/otc?actionType=1&token=USDT&fiat=NGN
2025-10-17 03:52:09 - INFO - Screenshot saved as 'pb2b/screenshots/bybit_page_20251017_035209.png'
2025-10-17 03:52:10 - INFO - Fetching BUY listings for USDT/EUR
2025-10-17 03:52:11 - INFO - Data successfully saved to SQLite database. New listings - Bybit: 4, Binance: 6
2025-10-17 03:52:11 - INFO - Browser session closed
2025-10-17 03:52:11 - INFO - SQLite database connection closed
2025-10-17 04:15:25 - INFO - Logging initialized. Log file: pb2b/logs/bybit_scraper_20251017.log
2025-10-17 04:15:37 - INFO - DataSaver logging initialized. Log file: pb2b/logs/data_saver_20251017.log
2025-10-17 04:15:37 - INFO - Connected to SQLite database: pb2b/p2p_listings.db
2025-10-17 04:15:37 - INFO - Database tables created successfully
2025-10-17 04:15:37 - INFO - Attempt 1/10: Loading https://www.bybit.com/fiat/trade/otc?actionType=1&token=USDT&fiat=NGN
2025-10-17 04:15:48 - INFO - Screenshot saved as 'pb2b/screenshots/bybit_page_20251017_041548.png'
2025-10-17 04:15:48 - INFO - Fetching BUY listings for USDT/EUR
2025-10-17 04:15:49 - INFO - Data successfully saved to SQLite database. New listings - Bybit: 4, Binance: 6
2025-10-17 04:15:49 - INFO - Browser session closed
2025-10-17 04:15:49 - INFO - SQLite database connection closed
2025-10-17 05:18:11 - INFO - Logging initialized. Log file: pb2b/logs/bybit_scraper_20251017.log
2025-10-17 05:18:19 - INFO - DataSaver logging initialized. Log file: pb2b/logs/data_saver_20251017.log
2025-10-17 05:18:19 - INFO - Connected to SQLite database: pb2b/p2p_listings.db
2025-10-17 05:18:19 - INFO - Database tables created successfully
2025-10-17 05:18:19 - INFO - Attempt 1/10: Loading https://www.bybit.com/fiat/trade/otc?actionType=1&token=USDT&fiat=NGN
2025-10-17 05:18:30 - INFO - Screenshot saved as 'pb2b/screenshots/bybit_page_20251017_051830.png'
2025-10-17 05:18:30 - INFO - Fetching BUY listings for USDT/EUR
2025-10-17 05:18:31 - INFO - Data successfully saved to SQLite database. New listings - Bybit: 4, Binance: 6
2025-10-17 05:18:32 - INFO - Browser session closed
2025-10-17 05:18:32 - INFO - SQLite database connection closed
2025-10-17 05:51:39 - INFO - Logging initialized. Log file: pb2b/logs/bybit_scraper_20251017.log
2025-10-17 05:51:48 - INFO - DataSaver logging initialized. Log file: pb2b/logs/data_saver_20251017.log
2025-10-17 05:51:48 - INFO - Connected to SQLite database: pb2b/p2p_listings.db
2025-10-17 05:51:48 - INFO - Database tables created successfully
2025-10-17 05:51:48 - INFO - Attempt 1/10: Loading https://www.bybit.com/fiat/trade/otc?actionType=1&token=USDT&fiat=NGN
2025-10-17 05:52:00 - INFO - Screenshot saved as 'pb2b/screenshots/bybit_page_20251017_055200.png'
2025-10-17 05:52:00 - INFO - Fetching BUY listings for USDT/EUR
2025-10-17 05:52:01 - INFO - Data successfully saved to SQLite database. New listings - Bybit: 4, Binance: 6
2025-10-17 05:52:01 - INFO - Browser session closed
2025-10-17 05:52:01 - INFO - SQLite database connection closed
2025-10-17 06:17:40 - INFO - Logging initialized. Log file: pb2b/logs/bybit_scraper_20251017.log
2025-10-17 06:17:49 - INFO - DataSaver logging initialized. Log file: pb2b/logs/data_saver_20251017.log
2025-10-17 06:17:49 - INFO - Connected to SQLite database: pb2b/p2p_listings.db
2025-10-17 06:17:49 - INFO - Database tables created successfully
2025-10-17 06:17:49 - INFO - Attempt 1/10: Loading https://www.bybit.com/fiat/trade/otc?actionType=1&token=USDT&fiat=NGN
2025-10-17 06:18:00 - INFO - Screenshot saved as 'pb2b/screenshots/bybit_page_20251017_061800.png'
2025-10-17 06:18:00 - INFO - Fetching BUY listings for USDT/EUR
2025-10-17 06:18:01 - INFO - Data successfully saved to SQLite database. New listings - Bybit: 4, Binance: 6
2025-10-17 06:18:01 - INFO - Browser session closed
2025-10-17 06:18:01 - INFO - SQLite database connection closed
2025-10-17 07:44:38 - INFO - Logging initialized. Log file: pb2b/logs/bybit_scraper_20251017.log
2025-10-17 07:44:45 - INFO - DataSaver logging initialized. Log file: pb2b/logs/data_saver_20251017.log
2025-10-17 07:44:45 - INFO - Connected to SQLite database: pb2b/p2p_listings.db
2025-10-17 07:44:45 - INFO - Database tables created successfully
2025-10-17 07:44:45 - INFO - Attempt 1/10: Loading https://www.bybit.com/fiat/trade/otc?actionType=1&token=USDT&fiat=NGN
2025-10-17 07:44:56 - INFO - Screenshot saved as 'pb2b/screenshots/bybit_page_20251017_074456.png'
2025-10-17 07:44:56 - INFO - Fetching BUY listings for USDT/EUR
2025-10-17 07:44:57 - INFO - Data successfully saved to SQLite database. New listings - Bybit: 4, Binance: 6
2025-10-17 07:44:57 - INFO - Browser session closed
2025-10-17 07:44:57 - INFO - SQLite database connection closed
2025-10-17 07:57:49 - INFO - Logging initialized. Log file: pb2b/logs/bybit_scraper_20251017.log
2025-10-17 07:57:55 - INFO - DataSaver logging initialized. Log file: pb2b/logs/data_saver_20251017.log
2025-10-17 07:57:55 - INFO - Connected to SQLite database: pb2b/p2p_listings.db
2025-10-17 07:57:55 - INFO - Database tables created successfully
2025-10-17 07:57:55 - INFO - Attempt 1/10: Loading https://www.bybit.com/fiat/trade/otc?actionType=1&token=USDT&fiat=NGN
2025-10-17 07:58:06 - INFO - Screenshot saved as 'pb2b/screenshots/bybit_page_20251017_075806.png'
2025-10-17 07:58:06 - INFO - Fetching BUY listings for USDT/EUR
2025-10-17 07:58:07 - INFO - Data successfully saved to SQLite database. New listings - Bybit: 4, Binance: 6
2025-10-17 07:58:07 - INFO - Browser session closed
2025-10-17 07:58:07 - INFO - SQLite database connection closed
2025-10-17 08:34:59 - INFO - Logging initialized. Log file: pb2b/logs/bybit_scraper_20251017.log
2025-10-17 08:35:04 - INFO - DataSaver logging initialized. Log file: pb2b/logs/data_saver_20251017.log
2025-10-17 08:35:04 - INFO - Connected to SQLite database: pb2b/p2p_listings.db
2025-10-17 08:35:04 - INFO - Database tables created successfully
2025-10-17 08:35:04 - INFO - Attempt 1/10: Loading https://www.bybit.com/fiat/trade/otc?actionType=1&token=USDT&fiat=NGN
2025-10-17 08:35:14 - INFO - Screenshot saved as 'pb2b/screenshots/bybit_page_20251017_083514.png'
2025-10-17 08:35:15 - INFO - Fetching BUY listings for USDT/EUR
2025-10-17 08:35:15 - INFO - Data successfully saved to SQLite database. New listings - Bybit: 4, Binance: 6
2025-10-17 08:35:16 - INFO - Browser session closed
2025-10-17 08:35:16 - INFO - SQLite database connection closed
2025-10-17 10:42:33 - INFO - Logging initialized. Log file: pb2b/logs/bybit_scraper_20251017.log
2025-10-17 10:42:38 - INFO - DataSaver logging initialized. Log file: pb2b/logs/data_saver_20251017.log
2025-10-17 10:42:38 - INFO - Connected to SQLite database: pb2b/p2p_listings.db
2025-10-17 10:42:38 - INFO - Database tables created successfully
2025-10-17 10:42:38 - INFO - Attempt 1/10: Loading https://www.bybit.com/fiat/trade/otc?actionType=1&token=USDT&fiat=NGN
2025-10-17 10:42:48 - INFO - Screenshot saved as 'pb2b/screenshots/bybit_page_20251017_104247.png'
2025-10-17 10:42:48 - INFO - Fetching BUY listings for USDT/EUR
2025-10-17 10:42:49 - INFO - Data successfully saved to SQLite database. New listings - Bybit: 4, Binance: 6
2025-10-17 10:42:49 - INFO - Browser session closed
2025-10-17 10:42:49 - INFO - SQLite database connection closed
2025-10-17 10:55:55 - INFO - Logging initialized. Log file: pb2b/logs/bybit_scraper_20251017.log
2025-10-17 10:56:03 - INFO - DataSaver logging initialized. Log file: pb2b/logs/data_saver_20251017.log
2025-10-17 10:56:03 - INFO - Connected to SQLite database: pb2b/p2p_listings.db
2025-10-17 10:56:03 - INFO - Database tables created successfully
2025-10-17 10:56:03 - INFO - Attempt 1/10: Loading https://www.bybit.com/fiat/trade/otc?actionType=1&token=USDT&fiat=NGN
2025-10-17 10:56:14 - INFO - Screenshot saved as 'pb2b/screenshots/bybit_page_20251017_105613.png'
2025-10-17 10:56:14 - INFO - Fetching BUY listings for USDT/EUR
2025-10-17 10:56:14 - INFO - Data successfully saved to SQLite database. New listings - Bybit: 4, Binance: 6
2025-10-17 10:56:15 - INFO - Browser session closed
2025-10-17 10:56:15 - INFO - SQLite database connection closed
2025-10-17 11:32:35 - INFO - Logging initialized. Log file: pb2b/logs/bybit_scraper_20251017.log
2025-10-17 11:32:44 - INFO - DataSaver logging initialized. Log file: pb2b/logs/data_saver_20251017.log
2025-10-17 11:32:44 - INFO - Connected to SQLite database: pb2b/p2p_listings.db
2025-10-17 11:32:44 - INFO - Database tables created successfully
2025-10-17 11:32:44 - INFO - Attempt 1/10: Loading https://www.bybit.com/fiat/trade/otc?actionType=1&token=USDT&fiat=NGN
2025-10-17 11:32:55 - INFO - Screenshot saved as 'pb2b/screenshots/bybit_page_20251017_113255.png'
2025-10-17 11:32:55 - INFO - Fetching BUY listings for USDT/EUR
2025-10-17 11:32:56 - INFO - Data successfully saved to SQLite database. New listings - Bybit: 4, Binance: 6
2025-10-17 11:32:56 - INFO - Browser session closed
2025-10-17 11:32:56 - INFO - SQLite database connection closed
2025-10-17 11:58:40 - INFO - Logging initialized. Log file: pb2b/logs/bybit_scraper_20251017.log
2025-10-17 11:58:48 - INFO - DataSaver logging initialized. Log file: pb2b/logs/data_saver_20251017.log
2025-10-17 11:58:48 - INFO - Connected to SQLite database: pb2b/p2p_listings.db
2025-10-17 11:58:48 - INFO - Database tables created successfully
2025-10-17 11:58:48 - INFO - Attempt 1/10: Loading https://www.bybit.com/fiat/trade/otc?actionType=1&token=USDT&fiat=NGN
2025-10-17 11:58:59 - INFO - Screenshot saved as 'pb2b/screenshots/bybit_page_20251017_115858.png'
2025-10-17 11:58:59 - INFO - Fetching BUY listings for USDT/EUR
2025-10-17 11:59:00 - INFO - Data successfully saved to SQLite database. New listings - Bybit: 4, Binance: 6
2025-10-17 11:59:00 - INFO - Browser session closed
2025-10-17 11:59:00 - INFO - SQLite database connection closed
