2025-09-19 00:02:56 - INFO - Logging initialized. Log file: pb2b/logs/bybit_scraper_20250919.log
2025-09-19 00:02:56 - INFO - DataSaver logging initialized. Log file: pb2b/logs/data_saver_20250919.log
2025-09-19 00:02:56 - INFO - Connected to SQLite database: pb2b/p2p_listings.db
2025-09-19 00:02:56 - INFO - Database tables created successfully
2025-09-19 00:02:56 - INFO - Attempt 1/10: Loading https://www.bybit.com/fiat/trade/otc?actionType=1&token=USDT&fiat=NGN
2025-09-19 00:03:05 - INFO - Screenshot saved as 'pb2b/screenshots/bybit_page_20250919_000305.png'
2025-09-19 00:03:05 - INFO - Fetching BUY listings for USDT/EUR
2025-09-19 00:03:06 - INFO - Data successfully saved to SQLite database. New listings - Bybit: 4, Binance: 6
2025-09-19 00:03:08 - INFO - Browser session closed
2025-09-19 00:03:08 - INFO - SQLite database connection closed
2025-09-19 02:03:45 - INFO - Logging initialized. Log file: pb2b/logs/bybit_scraper_20250919.log
2025-09-19 02:03:46 - INFO - DataSaver logging initialized. Log file: pb2b/logs/data_saver_20250919.log
2025-09-19 02:03:46 - INFO - Connected to SQLite database: pb2b/p2p_listings.db
2025-09-19 02:03:46 - INFO - Database tables created successfully
2025-09-19 02:03:46 - INFO - Attempt 1/10: Loading https://www.bybit.com/fiat/trade/otc?actionType=1&token=USDT&fiat=NGN
2025-09-19 02:03:55 - INFO - Screenshot saved as 'pb2b/screenshots/bybit_page_20250919_020355.png'
2025-09-19 02:03:56 - INFO - Fetching BUY listings for USDT/EUR
2025-09-19 02:03:56 - INFO - Data successfully saved to SQLite database. New listings - Bybit: 4, Binance: 6
2025-09-19 02:03:56 - INFO - Browser session closed
2025-09-19 02:03:56 - INFO - SQLite database connection closed
2025-09-19 03:10:38 - INFO - Logging initialized. Log file: pb2b/logs/bybit_scraper_20250919.log
2025-09-19 03:10:40 - INFO - DataSaver logging initialized. Log file: pb2b/logs/data_saver_20250919.log
2025-09-19 03:10:40 - INFO - Connected to SQLite database: pb2b/p2p_listings.db
2025-09-19 03:10:40 - INFO - Database tables created successfully
2025-09-19 03:10:40 - INFO - Attempt 1/10: Loading https://www.bybit.com/fiat/trade/otc?actionType=1&token=USDT&fiat=NGN
2025-09-19 03:10:49 - INFO - Screenshot saved as 'pb2b/screenshots/bybit_page_20250919_031049.png'
2025-09-19 03:10:49 - INFO - Fetching BUY listings for USDT/EUR
2025-09-19 03:10:50 - INFO - Data successfully saved to SQLite database. New listings - Bybit: 4, Binance: 6
2025-09-19 03:10:50 - INFO - Browser session closed
2025-09-19 03:10:50 - INFO - SQLite database connection closed
2025-09-19 03:46:09 - INFO - Logging initialized. Log file: pb2b/logs/bybit_scraper_20250919.log
2025-09-19 03:46:10 - INFO - DataSaver logging initialized. Log file: pb2b/logs/data_saver_20250919.log
2025-09-19 03:46:10 - INFO - Connected to SQLite database: pb2b/p2p_listings.db
2025-09-19 03:46:10 - INFO - Database tables created successfully
2025-09-19 03:46:10 - INFO - Attempt 1/10: Loading https://www.bybit.com/fiat/trade/otc?actionType=1&token=USDT&fiat=NGN
2025-09-19 03:46:20 - INFO - Screenshot saved as 'pb2b/screenshots/bybit_page_20250919_034619.png'
2025-09-19 03:46:20 - INFO - Fetching BUY listings for USDT/EUR
2025-09-19 03:46:21 - INFO - Data successfully saved to SQLite database. New listings - Bybit: 4, Binance: 6
2025-09-19 03:46:21 - INFO - Browser session closed
2025-09-19 03:46:21 - INFO - SQLite database connection closed
2025-09-19 03:59:02 - INFO - Logging initialized. Log file: pb2b/logs/bybit_scraper_20250919.log
2025-09-19 03:59:03 - INFO - DataSaver logging initialized. Log file: pb2b/logs/data_saver_20250919.log
2025-09-19 03:59:03 - INFO - Connected to SQLite database: pb2b/p2p_listings.db
2025-09-19 03:59:03 - INFO - Database tables created successfully
2025-09-19 03:59:03 - INFO - Attempt 1/10: Loading https://www.bybit.com/fiat/trade/otc?actionType=1&token=USDT&fiat=NGN
2025-09-19 03:59:13 - INFO - Screenshot saved as 'pb2b/screenshots/bybit_page_20250919_035913.png'
2025-09-19 03:59:13 - INFO - Fetching BUY listings for USDT/EUR
2025-09-19 03:59:14 - INFO - Data successfully saved to SQLite database. New listings - Bybit: 4, Binance: 6
2025-09-19 03:59:14 - INFO - Browser session closed
2025-09-19 03:59:14 - INFO - SQLite database connection closed
2025-09-19 04:30:47 - INFO - Logging initialized. Log file: pb2b/logs/bybit_scraper_20250919.log
2025-09-19 04:30:47 - INFO - DataSaver logging initialized. Log file: pb2b/logs/data_saver_20250919.log
2025-09-19 04:30:47 - INFO - Connected to SQLite database: pb2b/p2p_listings.db
2025-09-19 04:30:47 - INFO - Database tables created successfully
2025-09-19 04:30:47 - INFO - Attempt 1/10: Loading https://www.bybit.com/fiat/trade/otc?actionType=1&token=USDT&fiat=NGN
2025-09-19 04:30:57 - INFO - Screenshot saved as 'pb2b/screenshots/bybit_page_20250919_043056.png'
2025-09-19 04:30:57 - INFO - Fetching BUY listings for USDT/EUR
2025-09-19 04:30:58 - INFO - Data successfully saved to SQLite database. New listings - Bybit: 4, Binance: 6
2025-09-19 04:30:58 - INFO - Browser session closed
2025-09-19 04:30:58 - INFO - SQLite database connection closed
2025-09-19 04:50:12 - INFO - Logging initialized. Log file: pb2b/logs/bybit_scraper_20250919.log
2025-09-19 04:50:13 - INFO - DataSaver logging initialized. Log file: pb2b/logs/data_saver_20250919.log
2025-09-19 04:50:13 - INFO - Connected to SQLite database: pb2b/p2p_listings.db
2025-09-19 04:50:13 - INFO - Database tables created successfully
2025-09-19 04:50:13 - INFO - Attempt 1/10: Loading https://www.bybit.com/fiat/trade/otc?actionType=1&token=USDT&fiat=NGN
2025-09-19 04:50:22 - INFO - Screenshot saved as 'pb2b/screenshots/bybit_page_20250919_045022.png'
2025-09-19 04:50:22 - INFO - Fetching BUY listings for USDT/EUR
2025-09-19 04:50:23 - INFO - Data successfully saved to SQLite database. New listings - Bybit: 4, Binance: 6
2025-09-19 04:50:23 - INFO - Browser session closed
2025-09-19 04:50:23 - INFO - SQLite database connection closed
2025-09-19 05:01:28 - INFO - Logging initialized. Log file: pb2b/logs/bybit_scraper_20250919.log
2025-09-19 05:01:28 - INFO - DataSaver logging initialized. Log file: pb2b/logs/data_saver_20250919.log
2025-09-19 05:01:28 - INFO - Connected to SQLite database: pb2b/p2p_listings.db
2025-09-19 05:01:28 - INFO - Database tables created successfully
2025-09-19 05:01:28 - INFO - Attempt 1/10: Loading https://www.bybit.com/fiat/trade/otc?actionType=1&token=USDT&fiat=NGN
2025-09-19 05:01:39 - INFO - Screenshot saved as 'pb2b/screenshots/bybit_page_20250919_050139.png'
2025-09-19 05:01:39 - INFO - Fetching BUY listings for USDT/EUR
2025-09-19 05:01:40 - INFO - Data successfully saved to SQLite database. New listings - Bybit: 4, Binance: 6
2025-09-19 05:01:40 - INFO - Browser session closed
2025-09-19 05:01:40 - INFO - SQLite database connection closed
