2026-02-03 00:06:33 - INFO - Logging initialized. Log file: pb2b/logs/bybit_scraper_20260203.log
2026-02-03 00:06:34 - INFO - DataSaver logging initialized. Log file: pb2b/logs/data_saver_20260203.log
2026-02-03 00:06:34 - INFO - Connected to SQLite database: pb2b/p2p_listings.db
2026-02-03 00:06:34 - INFO - Database tables created successfully
2026-02-03 00:06:34 - INFO - Attempt 1/10: Loading https://www.bybit.com/fiat/trade/otc?actionType=1&token=USDT&fiat=NGN
2026-02-03 00:06:44 - INFO - Screenshot saved as 'pb2b/screenshots/bybit_page_20260203_000643.png'
2026-02-03 00:06:44 - WARNING - Error parsing row: Message: no such element: Unable to locate element: {"method":"css selector","selector":"td:nth-child(2)"}
  (Session info: chrome=144.0.7559.109); For documentation on this error, please visit: https://www.selenium.dev/documentation/webdriver/troubleshooting/errors#nosuchelementexception
Stacktrace:
#0 0x556e1d5d7afa <unknown>
#1 0x556e1cff160f <unknown>
#2 0x556e1d046a16 <unknown>
#3 0x556e1d046c51 <unknown>
#4 0x556e1d03a386 <unknown>
#5 0x556e1d03a267 <unknown>
#6 0x556e1d08f62b <unknown>
#7 0x556e1d038842 <unknown>
#8 0x556e1d039631 <unknown>
#9 0x556e1d59d689 <unknown>
#10 0x556e1d5a0581 <unknown>
#11 0x556e1d589ca9 <unknown>
#12 0x556e1d5a113e <unknown>
#13 0x556e1d5703a0 <unknown>
#14 0x556e1d5c4fc8 <unknown>
#15 0x556e1d5c519b <unknown>
#16 0x556e1d5d6e68 <unknown>
#17 0x7f6b1709caa4 <unknown>
#18 0x7f6b17129c6c <unknown>

2026-02-03 00:06:44 - INFO - Fetching BUY listings for USDT/EUR
2026-02-03 00:06:45 - INFO - Data successfully saved to SQLite database. New listings - Bybit: 5, Binance: 6
2026-02-03 00:06:45 - INFO - Browser session closed
2026-02-03 00:06:45 - INFO - SQLite database connection closed
2026-02-03 03:15:29 - INFO - Logging initialized. Log file: pb2b/logs/bybit_scraper_20260203.log
2026-02-03 03:15:30 - INFO - DataSaver logging initialized. Log file: pb2b/logs/data_saver_20260203.log
2026-02-03 03:15:30 - INFO - Connected to SQLite database: pb2b/p2p_listings.db
2026-02-03 03:15:30 - INFO - Database tables created successfully
2026-02-03 03:15:30 - INFO - Attempt 1/10: Loading https://www.bybit.com/fiat/trade/otc?actionType=1&token=USDT&fiat=NGN
2026-02-03 03:15:40 - INFO - Screenshot saved as 'pb2b/screenshots/bybit_page_20260203_031540.png'
2026-02-03 03:15:40 - WARNING - Error parsing row: Message: no such element: Unable to locate element: {"method":"css selector","selector":"td:nth-child(2)"}
  (Session info: chrome=144.0.7559.109); For documentation on this error, please visit: https://www.selenium.dev/documentation/webdriver/troubleshooting/errors#nosuchelementexception
Stacktrace:
#0 0x563b921ecafa <unknown>
#1 0x563b91c0660f <unknown>
#2 0x563b91c5ba16 <unknown>
#3 0x563b91c5bc51 <unknown>
#4 0x563b91c4f386 <unknown>
#5 0x563b91c4f267 <unknown>
#6 0x563b91ca462b <unknown>
#7 0x563b91c4d842 <unknown>
#8 0x563b91c4e631 <unknown>
#9 0x563b921b2689 <unknown>
#10 0x563b921b5581 <unknown>
#11 0x563b9219eca9 <unknown>
#12 0x563b921b613e <unknown>
#13 0x563b921853a0 <unknown>
#14 0x563b921d9fc8 <unknown>
#15 0x563b921da19b <unknown>
#16 0x563b921ebe68 <unknown>
#17 0x7fa322c9caa4 <unknown>
#18 0x7fa322d29c6c <unknown>

2026-02-03 03:15:41 - INFO - Fetching BUY listings for USDT/EUR
2026-02-03 03:15:42 - INFO - Data successfully saved to SQLite database. New listings - Bybit: 5, Binance: 6
2026-02-03 03:15:42 - INFO - Browser session closed
2026-02-03 03:15:42 - INFO - SQLite database connection closed
2026-02-03 05:03:51 - INFO - Logging initialized. Log file: pb2b/logs/bybit_scraper_20260203.log
2026-02-03 05:03:52 - INFO - DataSaver logging initialized. Log file: pb2b/logs/data_saver_20260203.log
2026-02-03 05:03:52 - INFO - Connected to SQLite database: pb2b/p2p_listings.db
2026-02-03 05:03:52 - INFO - Database tables created successfully
2026-02-03 05:03:52 - INFO - Attempt 1/10: Loading https://www.bybit.com/fiat/trade/otc?actionType=1&token=USDT&fiat=NGN
2026-02-03 05:04:00 - INFO - Screenshot saved as 'pb2b/screenshots/bybit_page_20260203_050400.png'
2026-02-03 05:04:00 - WARNING - Error parsing row: Message: no such element: Unable to locate element: {"method":"css selector","selector":"td:nth-child(2)"}
  (Session info: chrome=144.0.7559.109); For documentation on this error, please visit: https://www.selenium.dev/documentation/webdriver/troubleshooting/errors#nosuchelementexception
Stacktrace:
#0 0x55ec81ff7afa <unknown>
#1 0x55ec81a1160f <unknown>
#2 0x55ec81a66a16 <unknown>
#3 0x55ec81a66c51 <unknown>
#4 0x55ec81a5a386 <unknown>
#5 0x55ec81a5a267 <unknown>
#6 0x55ec81aaf62b <unknown>
#7 0x55ec81a58842 <unknown>
#8 0x55ec81a59631 <unknown>
#9 0x55ec81fbd689 <unknown>
#10 0x55ec81fc0581 <unknown>
#11 0x55ec81fa9ca9 <unknown>
#12 0x55ec81fc113e <unknown>
#13 0x55ec81f903a0 <unknown>
#14 0x55ec81fe4fc8 <unknown>
#15 0x55ec81fe519b <unknown>
#16 0x55ec81ff6e68 <unknown>
#17 0x7f193289caa4 <unknown>
#18 0x7f1932929c6c <unknown>

2026-02-03 05:04:01 - INFO - Fetching BUY listings for USDT/EUR
2026-02-03 05:04:02 - INFO - Data successfully saved to SQLite database. New listings - Bybit: 5, Binance: 6
2026-02-03 05:04:03 - INFO - Browser session closed
2026-02-03 05:04:03 - INFO - SQLite database connection closed
