2025-05-08 02:08:15 - INFO - Logging initialized. Log file: pb2b/logs/bybit_scraper_20250508.log
2025-05-08 02:08:16 - INFO - DataSaver logging initialized. Log file: pb2b/logs/data_saver_20250508.log
2025-05-08 02:08:16 - INFO - Connected to SQLite database: pb2b/p2p_listings.db
2025-05-08 02:08:16 - INFO - Database tables created successfully
2025-05-08 02:08:16 - INFO - Attempt 1/10: Loading https://www.bybit.com/fiat/trade/otc?actionType=1&token=USDT&fiat=NGN
2025-05-08 02:08:25 - INFO - Screenshot saved as 'pb2b/screenshots/bybit_page_20250508_020825.png'
2025-05-08 02:08:26 - INFO - Fetching BUY listings for USDT/EUR
2025-05-08 02:08:27 - INFO - Data successfully saved to SQLite database. New listings - Bybit: 4, Binance: 6
2025-05-08 02:08:27 - INFO - Browser session closed
2025-05-08 02:08:27 - INFO - SQLite database connection closed
2025-05-08 03:20:03 - INFO - Logging initialized. Log file: pb2b/logs/bybit_scraper_20250508.log
2025-05-08 03:20:04 - INFO - DataSaver logging initialized. Log file: pb2b/logs/data_saver_20250508.log
2025-05-08 03:20:04 - INFO - Connected to SQLite database: pb2b/p2p_listings.db
2025-05-08 03:20:04 - INFO - Database tables created successfully
2025-05-08 03:20:04 - INFO - Attempt 1/10: Loading https://www.bybit.com/fiat/trade/otc?actionType=1&token=USDT&fiat=NGN
2025-05-08 03:20:16 - INFO - Screenshot saved as 'pb2b/screenshots/bybit_page_20250508_032015.png'
2025-05-08 03:20:16 - INFO - Fetching BUY listings for USDT/EUR
2025-05-08 03:20:17 - INFO - Data successfully saved to SQLite database. New listings - Bybit: 4, Binance: 6
2025-05-08 03:20:17 - INFO - Browser session closed
2025-05-08 03:20:17 - INFO - SQLite database connection closed
2025-05-08 03:53:39 - INFO - Logging initialized. Log file: pb2b/logs/bybit_scraper_20250508.log
2025-05-08 03:53:40 - INFO - DataSaver logging initialized. Log file: pb2b/logs/data_saver_20250508.log
2025-05-08 03:53:40 - INFO - Connected to SQLite database: pb2b/p2p_listings.db
2025-05-08 03:53:40 - INFO - Database tables created successfully
2025-05-08 03:53:40 - INFO - Attempt 1/10: Loading https://www.bybit.com/fiat/trade/otc?actionType=1&token=USDT&fiat=NGN
2025-05-08 03:53:51 - INFO - Screenshot saved as 'pb2b/screenshots/bybit_page_20250508_035350.png'
2025-05-08 03:53:51 - INFO - Fetching BUY listings for USDT/EUR
2025-05-08 03:53:52 - INFO - Data successfully saved to SQLite database. New listings - Bybit: 4, Binance: 6
2025-05-08 03:53:52 - INFO - Browser session closed
2025-05-08 03:53:52 - INFO - SQLite database connection closed
2025-05-08 04:23:47 - INFO - Logging initialized. Log file: pb2b/logs/bybit_scraper_20250508.log
2025-05-08 04:23:49 - INFO - DataSaver logging initialized. Log file: pb2b/logs/data_saver_20250508.log
2025-05-08 04:23:49 - INFO - Connected to SQLite database: pb2b/p2p_listings.db
2025-05-08 04:23:49 - INFO - Database tables created successfully
2025-05-08 04:23:49 - INFO - Attempt 1/10: Loading https://www.bybit.com/fiat/trade/otc?actionType=1&token=USDT&fiat=NGN
2025-05-08 04:23:58 - INFO - Screenshot saved as 'pb2b/screenshots/bybit_page_20250508_042358.png'
2025-05-08 04:23:59 - INFO - Fetching BUY listings for USDT/EUR
2025-05-08 04:23:59 - INFO - Data successfully saved to SQLite database. New listings - Bybit: 4, Binance: 6
2025-05-08 04:23:59 - INFO - Browser session closed
2025-05-08 04:23:59 - INFO - SQLite database connection closed
2025-05-08 04:47:16 - INFO - Logging initialized. Log file: pb2b/logs/bybit_scraper_20250508.log
2025-05-08 04:47:16 - INFO - DataSaver logging initialized. Log file: pb2b/logs/data_saver_20250508.log
2025-05-08 04:47:16 - INFO - Connected to SQLite database: pb2b/p2p_listings.db
2025-05-08 04:47:16 - INFO - Database tables created successfully
2025-05-08 04:47:16 - INFO - Attempt 1/10: Loading https://www.bybit.com/fiat/trade/otc?actionType=1&token=USDT&fiat=NGN
2025-05-08 04:47:28 - INFO - Screenshot saved as 'pb2b/screenshots/bybit_page_20250508_044727.png'
2025-05-08 04:47:28 - INFO - Fetching BUY listings for USDT/EUR
2025-05-08 04:47:29 - INFO - Data successfully saved to SQLite database. New listings - Bybit: 4, Binance: 6
2025-05-08 04:47:29 - INFO - Browser session closed
2025-05-08 04:47:29 - INFO - SQLite database connection closed
2025-05-08 04:59:47 - INFO - Logging initialized. Log file: pb2b/logs/bybit_scraper_20250508.log
2025-05-08 04:59:49 - INFO - DataSaver logging initialized. Log file: pb2b/logs/data_saver_20250508.log
2025-05-08 04:59:49 - INFO - Connected to SQLite database: pb2b/p2p_listings.db
2025-05-08 04:59:49 - INFO - Database tables created successfully
2025-05-08 04:59:49 - INFO - Attempt 1/10: Loading https://www.bybit.com/fiat/trade/otc?actionType=1&token=USDT&fiat=NGN
2025-05-08 04:59:58 - INFO - Screenshot saved as 'pb2b/screenshots/bybit_page_20250508_045958.png'
2025-05-08 04:59:58 - INFO - Fetching BUY listings for USDT/EUR
2025-05-08 04:59:59 - INFO - Data successfully saved to SQLite database. New listings - Bybit: 4, Binance: 6
2025-05-08 04:59:59 - INFO - Browser session closed
2025-05-08 04:59:59 - INFO - SQLite database connection closed
2025-05-08 05:30:55 - INFO - Logging initialized. Log file: pb2b/logs/bybit_scraper_20250508.log
2025-05-08 05:30:56 - INFO - DataSaver logging initialized. Log file: pb2b/logs/data_saver_20250508.log
2025-05-08 05:30:56 - INFO - Connected to SQLite database: pb2b/p2p_listings.db
2025-05-08 05:30:56 - INFO - Database tables created successfully
2025-05-08 05:30:56 - INFO - Attempt 1/10: Loading https://www.bybit.com/fiat/trade/otc?actionType=1&token=USDT&fiat=NGN
2025-05-08 05:31:06 - INFO - Screenshot saved as 'pb2b/screenshots/bybit_page_20250508_053106.png'
2025-05-08 05:31:06 - INFO - Fetching BUY listings for USDT/EUR
2025-05-08 05:31:07 - INFO - Data successfully saved to SQLite database. New listings - Bybit: 4, Binance: 6
2025-05-08 05:31:07 - INFO - Browser session closed
2025-05-08 05:31:07 - INFO - SQLite database connection closed
2025-05-08 05:48:10 - INFO - Logging initialized. Log file: pb2b/logs/bybit_scraper_20250508.log
2025-05-08 05:48:11 - INFO - DataSaver logging initialized. Log file: pb2b/logs/data_saver_20250508.log
2025-05-08 05:48:11 - INFO - Connected to SQLite database: pb2b/p2p_listings.db
2025-05-08 05:48:11 - INFO - Database tables created successfully
2025-05-08 05:48:11 - INFO - Attempt 1/10: Loading https://www.bybit.com/fiat/trade/otc?actionType=1&token=USDT&fiat=NGN
2025-05-08 05:48:21 - INFO - Screenshot saved as 'pb2b/screenshots/bybit_page_20250508_054821.png'
2025-05-08 05:48:21 - INFO - Fetching BUY listings for USDT/EUR
2025-05-08 05:48:22 - INFO - Data successfully saved to SQLite database. New listings - Bybit: 4, Binance: 6
2025-05-08 05:48:22 - INFO - Browser session closed
2025-05-08 05:48:22 - INFO - SQLite database connection closed
2025-05-08 06:01:08 - INFO - Logging initialized. Log file: pb2b/logs/bybit_scraper_20250508.log
2025-05-08 06:01:08 - INFO - DataSaver logging initialized. Log file: pb2b/logs/data_saver_20250508.log
2025-05-08 06:01:08 - INFO - Connected to SQLite database: pb2b/p2p_listings.db
2025-05-08 06:01:08 - INFO - Database tables created successfully
2025-05-08 06:01:08 - INFO - Attempt 1/10: Loading https://www.bybit.com/fiat/trade/otc?actionType=1&token=USDT&fiat=NGN
2025-05-08 06:01:18 - INFO - Screenshot saved as 'pb2b/screenshots/bybit_page_20250508_060118.png'
2025-05-08 06:01:18 - INFO - Fetching BUY listings for USDT/EUR
2025-05-08 06:01:19 - INFO - Data successfully saved to SQLite database. New listings - Bybit: 4, Binance: 6
2025-05-08 06:01:19 - INFO - Browser session closed
2025-05-08 06:01:19 - INFO - SQLite database connection closed
