2025-09-30 01:01:43 - INFO - Logging initialized. Log file: pb2b/logs/bybit_scraper_20250930.log
2025-09-30 01:01:44 - INFO - DataSaver logging initialized. Log file: pb2b/logs/data_saver_20250930.log
2025-09-30 01:01:44 - INFO - Connected to SQLite database: pb2b/p2p_listings.db
2025-09-30 01:01:44 - INFO - Database tables created successfully
2025-09-30 01:01:44 - INFO - Attempt 1/10: Loading https://www.bybit.com/fiat/trade/otc?actionType=1&token=USDT&fiat=NGN
2025-09-30 01:01:52 - INFO - Screenshot saved as 'pb2b/screenshots/bybit_page_20250930_010152.png'
2025-09-30 01:01:53 - INFO - Fetching BUY listings for USDT/EUR
2025-09-30 01:01:54 - INFO - Data successfully saved to SQLite database. New listings - Bybit: 4, Binance: 6
2025-09-30 01:01:54 - INFO - Browser session closed
2025-09-30 01:01:54 - INFO - SQLite database connection closed
2025-09-30 02:28:14 - INFO - Logging initialized. Log file: pb2b/logs/bybit_scraper_20250930.log
2025-09-30 02:28:15 - INFO - DataSaver logging initialized. Log file: pb2b/logs/data_saver_20250930.log
2025-09-30 02:28:15 - INFO - Connected to SQLite database: pb2b/p2p_listings.db
2025-09-30 02:28:15 - INFO - Database tables created successfully
2025-09-30 02:28:15 - INFO - Attempt 1/10: Loading https://www.bybit.com/fiat/trade/otc?actionType=1&token=USDT&fiat=NGN
2025-09-30 02:28:23 - INFO - Screenshot saved as 'pb2b/screenshots/bybit_page_20250930_022823.png'
2025-09-30 02:28:24 - INFO - Fetching BUY listings for USDT/EUR
2025-09-30 02:28:24 - INFO - Data successfully saved to SQLite database. New listings - Bybit: 4, Binance: 6
2025-09-30 02:28:24 - INFO - Browser session closed
2025-09-30 02:28:24 - INFO - SQLite database connection closed
2025-09-30 03:16:34 - INFO - Logging initialized. Log file: pb2b/logs/bybit_scraper_20250930.log
2025-09-30 03:16:35 - INFO - DataSaver logging initialized. Log file: pb2b/logs/data_saver_20250930.log
2025-09-30 03:16:35 - INFO - Connected to SQLite database: pb2b/p2p_listings.db
2025-09-30 03:16:35 - INFO - Database tables created successfully
2025-09-30 03:16:35 - INFO - Attempt 1/10: Loading https://www.bybit.com/fiat/trade/otc?actionType=1&token=USDT&fiat=NGN
2025-09-30 03:16:45 - INFO - Screenshot saved as 'pb2b/screenshots/bybit_page_20250930_031645.png'
2025-09-30 03:16:45 - INFO - Fetching BUY listings for USDT/EUR
2025-09-30 03:16:46 - INFO - Data successfully saved to SQLite database. New listings - Bybit: 4, Binance: 6
2025-09-30 03:16:46 - INFO - Browser session closed
2025-09-30 03:16:46 - INFO - SQLite database connection closed
