2025-11-19 00:54:09 - INFO - Logging initialized. Log file: pb2b/logs/bybit_scraper_20251119.log
2025-11-19 00:54:11 - INFO - DataSaver logging initialized. Log file: pb2b/logs/data_saver_20251119.log
2025-11-19 00:54:11 - INFO - Connected to SQLite database: pb2b/p2p_listings.db
2025-11-19 00:54:11 - INFO - Database tables created successfully
2025-11-19 00:54:11 - INFO - Attempt 1/10: Loading https://www.bybit.com/fiat/trade/otc?actionType=1&token=USDT&fiat=NGN
2025-11-19 00:54:20 - INFO - Screenshot saved as 'pb2b/screenshots/bybit_page_20251119_005420.png'
2025-11-19 00:54:20 - INFO - Fetching BUY listings for USDT/EUR
2025-11-19 00:54:22 - INFO - Data successfully saved to SQLite database. New listings - Bybit: 4, Binance: 6
2025-11-19 00:54:22 - INFO - Browser session closed
2025-11-19 00:54:22 - INFO - SQLite database connection closed
2025-11-19 02:31:39 - INFO - Logging initialized. Log file: pb2b/logs/bybit_scraper_20251119.log
2025-11-19 02:31:40 - INFO - DataSaver logging initialized. Log file: pb2b/logs/data_saver_20251119.log
2025-11-19 02:31:40 - INFO - Connected to SQLite database: pb2b/p2p_listings.db
2025-11-19 02:31:40 - INFO - Database tables created successfully
2025-11-19 02:31:40 - INFO - Attempt 1/10: Loading https://www.bybit.com/fiat/trade/otc?actionType=1&token=USDT&fiat=NGN
2025-11-19 02:31:50 - INFO - Screenshot saved as 'pb2b/screenshots/bybit_page_20251119_023150.png'
2025-11-19 02:31:51 - INFO - Fetching BUY listings for USDT/EUR
2025-11-19 02:31:51 - INFO - Data successfully saved to SQLite database. New listings - Bybit: 4, Binance: 6
2025-11-19 02:31:52 - INFO - Browser session closed
2025-11-19 02:31:52 - INFO - SQLite database connection closed
