2025-01-22 06:27:15 - INFO - Logging initialized. Log file: pb2b/logs/bybit_scraper_20250122.log
2025-01-22 06:27:26 - INFO - DataSaver logging initialized. Log file: pb2b/logs/data_saver_20250122.log
2025-01-22 06:27:26 - INFO - Connected to SQLite database: pb2b/p2p_listings.db
2025-01-22 06:27:26 - INFO - Database tables created successfully
2025-01-22 06:27:26 - INFO - Attempt 1/10: Loading https://www.bybit.com/fiat/trade/otc?actionType=1&token=USDT&fiat=NGN
2025-01-22 06:27:40 - INFO - Screenshot saved as 'pb2b/screenshots/bybit_page_20250122_062740.png'
2025-01-22 06:27:40 - INFO - Fetching BUY listings for USDT/EUR
2025-01-22 06:27:41 - INFO - Data successfully saved to SQLite database. New listings - Bybit: 4, Binance: 6
2025-01-22 06:27:41 - INFO - Browser session closed
2025-01-22 06:27:41 - INFO - SQLite database connection closed
2025-01-22 08:39:33 - INFO - Logging initialized. Log file: pb2b/logs/bybit_scraper_20250122.log
2025-01-22 08:39:41 - INFO - DataSaver logging initialized. Log file: pb2b/logs/data_saver_20250122.log
2025-01-22 08:39:41 - INFO - Connected to SQLite database: pb2b/p2p_listings.db
2025-01-22 08:39:41 - INFO - Database tables created successfully
2025-01-22 08:39:41 - INFO - Attempt 1/10: Loading https://www.bybit.com/fiat/trade/otc?actionType=1&token=USDT&fiat=NGN
2025-01-22 08:39:55 - INFO - Screenshot saved as 'pb2b/screenshots/bybit_page_20250122_083955.png'
2025-01-22 08:39:55 - INFO - Fetching BUY listings for USDT/EUR
2025-01-22 08:39:56 - INFO - Data successfully saved to SQLite database. New listings - Bybit: 4, Binance: 6
2025-01-22 08:39:56 - INFO - Browser session closed
2025-01-22 08:39:56 - INFO - SQLite database connection closed
2025-01-22 11:32:07 - INFO - Logging initialized. Log file: pb2b/logs/bybit_scraper_20250122.log
2025-01-22 11:32:08 - INFO - DataSaver logging initialized. Log file: pb2b/logs/data_saver_20250122.log
2025-01-22 11:32:08 - INFO - Connected to SQLite database: pb2b/p2p_listings.db
2025-01-22 11:32:08 - INFO - Database tables created successfully
2025-01-22 11:32:08 - INFO - Attempt 1/10: Loading https://www.bybit.com/fiat/trade/otc?actionType=1&token=USDT&fiat=NGN
2025-01-22 11:32:21 - INFO - Screenshot saved as 'pb2b/screenshots/bybit_page_20250122_113220.png'
2025-01-22 11:32:21 - INFO - Fetching BUY listings for USDT/EUR
2025-01-22 11:32:22 - INFO - Data successfully saved to SQLite database. New listings - Bybit: 4, Binance: 6
2025-01-22 11:32:22 - INFO - Browser session closed
2025-01-22 11:32:22 - INFO - SQLite database connection closed
2025-01-22 15:54:44 - INFO - Logging initialized. Log file: pb2b/logs/bybit_scraper_20250122.log
2025-01-22 15:54:56 - INFO - DataSaver logging initialized. Log file: pb2b/logs/data_saver_20250122.log
2025-01-22 15:54:56 - INFO - Connected to SQLite database: pb2b/p2p_listings.db
2025-01-22 15:54:56 - INFO - Database tables created successfully
2025-01-22 15:54:56 - INFO - Attempt 1/10: Loading https://www.bybit.com/fiat/trade/otc?actionType=1&token=USDT&fiat=NGN
2025-01-22 15:55:09 - INFO - Screenshot saved as 'pb2b/screenshots/bybit_page_20250122_155509.png'
2025-01-22 15:55:10 - INFO - Fetching BUY listings for USDT/EUR
2025-01-22 15:55:10 - INFO - Data successfully saved to SQLite database. New listings - Bybit: 4, Binance: 6
2025-01-22 15:55:10 - INFO - Browser session closed
2025-01-22 15:55:10 - INFO - SQLite database connection closed
2025-01-22 17:24:28 - INFO - Logging initialized. Log file: pb2b/logs/bybit_scraper_20250122.log
2025-01-22 17:24:35 - INFO - DataSaver logging initialized. Log file: pb2b/logs/data_saver_20250122.log
2025-01-22 17:24:35 - INFO - Connected to SQLite database: pb2b/p2p_listings.db
2025-01-22 17:24:35 - INFO - Database tables created successfully
2025-01-22 17:24:35 - INFO - Attempt 1/10: Loading https://www.bybit.com/fiat/trade/otc?actionType=1&token=USDT&fiat=NGN
2025-01-22 17:24:49 - INFO - Screenshot saved as 'pb2b/screenshots/bybit_page_20250122_172449.png'
2025-01-22 17:24:50 - INFO - Fetching BUY listings for USDT/EUR
2025-01-22 17:24:51 - INFO - Data successfully saved to SQLite database. New listings - Bybit: 4, Binance: 6
2025-01-22 17:24:51 - INFO - Browser session closed
2025-01-22 17:24:51 - INFO - SQLite database connection closed
2025-01-22 21:39:48 - INFO - Logging initialized. Log file: pb2b/logs/bybit_scraper_20250122.log
2025-01-22 21:39:49 - INFO - DataSaver logging initialized. Log file: pb2b/logs/data_saver_20250122.log
2025-01-22 21:39:49 - INFO - Connected to SQLite database: pb2b/p2p_listings.db
2025-01-22 21:39:49 - INFO - Database tables created successfully
2025-01-22 21:39:49 - INFO - Attempt 1/10: Loading https://www.bybit.com/fiat/trade/otc?actionType=1&token=USDT&fiat=NGN
2025-01-22 21:39:59 - INFO - Screenshot saved as 'pb2b/screenshots/bybit_page_20250122_213959.png'
2025-01-22 21:40:00 - INFO - Fetching BUY listings for USDT/EUR
2025-01-22 21:40:00 - INFO - Data successfully saved to SQLite database. New listings - Bybit: 4, Binance: 6
2025-01-22 21:40:00 - INFO - Browser session closed
2025-01-22 21:40:00 - INFO - SQLite database connection closed
2025-01-22 21:53:10 - INFO - Logging initialized. Log file: pb2b/logs/bybit_scraper_20250122.log
2025-01-22 21:53:11 - INFO - DataSaver logging initialized. Log file: pb2b/logs/data_saver_20250122.log
2025-01-22 21:53:11 - INFO - Connected to SQLite database: pb2b/p2p_listings.db
2025-01-22 21:53:11 - INFO - Database tables created successfully
2025-01-22 21:53:11 - INFO - Attempt 1/10: Loading https://www.bybit.com/fiat/trade/otc?actionType=1&token=USDT&fiat=NGN
2025-01-22 21:53:22 - INFO - Screenshot saved as 'pb2b/screenshots/bybit_page_20250122_215322.png'
2025-01-22 21:53:22 - INFO - Fetching BUY listings for USDT/EUR
2025-01-22 21:53:23 - INFO - Data successfully saved to SQLite database. New listings - Bybit: 4, Binance: 6
2025-01-22 21:53:23 - INFO - Browser session closed
2025-01-22 21:53:23 - INFO - SQLite database connection closed
2025-01-22 22:34:54 - INFO - Logging initialized. Log file: pb2b/logs/bybit_scraper_20250122.log
2025-01-22 22:34:55 - INFO - DataSaver logging initialized. Log file: pb2b/logs/data_saver_20250122.log
2025-01-22 22:34:55 - INFO - Connected to SQLite database: pb2b/p2p_listings.db
2025-01-22 22:34:55 - INFO - Database tables created successfully
2025-01-22 22:34:55 - INFO - Attempt 1/10: Loading https://www.bybit.com/fiat/trade/otc?actionType=1&token=USDT&fiat=NGN
2025-01-22 22:35:05 - INFO - Screenshot saved as 'pb2b/screenshots/bybit_page_20250122_223505.png'
2025-01-22 22:35:06 - INFO - Fetching BUY listings for USDT/EUR
2025-01-22 22:35:06 - INFO - Data successfully saved to SQLite database. New listings - Bybit: 4, Binance: 6
2025-01-22 22:35:06 - INFO - Browser session closed
2025-01-22 22:35:06 - INFO - SQLite database connection closed
