2025-12-22 00:02:18 - INFO - Logging initialized. Log file: pb2b/logs/bybit_scraper_20251222.log
2025-12-22 00:02:18 - INFO - DataSaver logging initialized. Log file: pb2b/logs/data_saver_20251222.log
2025-12-22 00:02:18 - INFO - Connected to SQLite database: pb2b/p2p_listings.db
2025-12-22 00:02:18 - INFO - Database tables created successfully
2025-12-22 00:02:18 - INFO - Attempt 1/10: Loading https://www.bybit.com/fiat/trade/otc?actionType=1&token=USDT&fiat=NGN
2025-12-22 00:02:28 - INFO - Screenshot saved as 'pb2b/screenshots/bybit_page_20251222_000228.png'
2025-12-22 00:02:28 - WARNING - Error parsing row: Message: no such element: Unable to locate element: {"method":"css selector","selector":"td:nth-child(2)"}
  (Session info: chrome=143.0.7499.169); For documentation on this error, please visit: https://www.selenium.dev/documentation/webdriver/troubleshooting/errors#nosuchelementexception
Stacktrace:
#0 0x560c99b2f19a <unknown>
#1 0x560c995acc4b <unknown>
#2 0x560c995fe318 <unknown>
#3 0x560c995fe551 <unknown>
#4 0x560c995f2586 <unknown>
#5 0x560c995f2477 <unknown>
#6 0x560c99649bee <unknown>
#7 0x560c995f0c42 <unknown>
#8 0x560c995f18f1 <unknown>
#9 0x560c99af7f39 <unknown>
#10 0x560c99afae7d <unknown>
#11 0x560c99ae0c81 <unknown>
#12 0x560c99afba5b <unknown>
#13 0x560c99ac7a50 <unknown>
#14 0x560c99b1caa8 <unknown>
#15 0x560c99b1cc79 <unknown>
#16 0x560c99b2e4f3 <unknown>
#17 0x7effbfc9caa4 <unknown>
#18 0x7effbfd29c6c <unknown>

2025-12-22 00:02:28 - INFO - Fetching BUY listings for USDT/EUR
2025-12-22 00:02:29 - INFO - Data successfully saved to SQLite database. New listings - Bybit: 4, Binance: 6
2025-12-22 00:02:29 - INFO - Browser session closed
2025-12-22 00:02:29 - INFO - SQLite database connection closed
