2025-11-14 02:10:11 - INFO - Logging initialized. Log file: pb2b/logs/bybit_scraper_20251114.log
2025-11-14 02:10:13 - INFO - DataSaver logging initialized. Log file: pb2b/logs/data_saver_20251114.log
2025-11-14 02:10:13 - INFO - Connected to SQLite database: pb2b/p2p_listings.db
2025-11-14 02:10:13 - INFO - Database tables created successfully
2025-11-14 02:10:13 - INFO - Attempt 1/10: Loading https://www.bybit.com/fiat/trade/otc?actionType=1&token=USDT&fiat=NGN
2025-11-14 02:10:23 - INFO - Screenshot saved as 'pb2b/screenshots/bybit_page_20251114_021023.png'
2025-11-14 02:10:24 - INFO - Fetching BUY listings for USDT/EUR
2025-11-14 02:10:25 - INFO - Data successfully saved to SQLite database. New listings - Bybit: 4, Binance: 6
2025-11-14 02:10:25 - INFO - Browser session closed
2025-11-14 02:10:25 - INFO - SQLite database connection closed
2025-11-14 03:23:42 - INFO - Logging initialized. Log file: pb2b/logs/bybit_scraper_20251114.log
2025-11-14 03:23:48 - INFO - DataSaver logging initialized. Log file: pb2b/logs/data_saver_20251114.log
2025-11-14 03:23:48 - INFO - Connected to SQLite database: pb2b/p2p_listings.db
2025-11-14 03:23:48 - INFO - Database tables created successfully
2025-11-14 03:23:48 - INFO - Attempt 1/10: Loading https://www.bybit.com/fiat/trade/otc?actionType=1&token=USDT&fiat=NGN
2025-11-14 03:24:07 - INFO - Screenshot saved as 'pb2b/screenshots/bybit_page_20251114_032407.png'
2025-11-14 03:24:08 - INFO - Fetching BUY listings for USDT/EUR
2025-11-14 03:24:08 - INFO - Data successfully saved to SQLite database. New listings - Bybit: 4, Binance: 6
2025-11-14 03:24:09 - INFO - Browser session closed
2025-11-14 03:24:09 - INFO - SQLite database connection closed
2025-11-14 03:59:14 - INFO - Logging initialized. Log file: pb2b/logs/bybit_scraper_20251114.log
2025-11-14 03:59:19 - INFO - DataSaver logging initialized. Log file: pb2b/logs/data_saver_20251114.log
2025-11-14 03:59:19 - INFO - Connected to SQLite database: pb2b/p2p_listings.db
2025-11-14 03:59:19 - INFO - Database tables created successfully
2025-11-14 03:59:19 - INFO - Attempt 1/10: Loading https://www.bybit.com/fiat/trade/otc?actionType=1&token=USDT&fiat=NGN
2025-11-14 03:59:31 - INFO - Screenshot saved as 'pb2b/screenshots/bybit_page_20251114_035931.png'
2025-11-14 03:59:31 - INFO - Fetching BUY listings for USDT/EUR
2025-11-14 03:59:32 - INFO - Data successfully saved to SQLite database. New listings - Bybit: 4, Binance: 6
2025-11-14 03:59:32 - INFO - Browser session closed
2025-11-14 03:59:32 - INFO - SQLite database connection closed
2025-11-14 04:34:47 - INFO - Logging initialized. Log file: pb2b/logs/bybit_scraper_20251114.log
2025-11-14 04:34:49 - INFO - DataSaver logging initialized. Log file: pb2b/logs/data_saver_20251114.log
2025-11-14 04:34:49 - INFO - Connected to SQLite database: pb2b/p2p_listings.db
2025-11-14 04:34:49 - INFO - Database tables created successfully
2025-11-14 04:34:49 - INFO - Attempt 1/10: Loading https://www.bybit.com/fiat/trade/otc?actionType=1&token=USDT&fiat=NGN
2025-11-14 04:34:59 - INFO - Screenshot saved as 'pb2b/screenshots/bybit_page_20251114_043459.png'
2025-11-14 04:35:00 - INFO - Fetching BUY listings for USDT/EUR
2025-11-14 04:35:00 - INFO - Data successfully saved to SQLite database. New listings - Bybit: 4, Binance: 6
2025-11-14 04:35:00 - INFO - Browser session closed
2025-11-14 04:35:00 - INFO - SQLite database connection closed
