2025-11-09 01:26:29 - INFO - Logging initialized. Log file: pb2b/logs/bybit_scraper_20251109.log
2025-11-09 01:26:30 - INFO - DataSaver logging initialized. Log file: pb2b/logs/data_saver_20251109.log
2025-11-09 01:26:30 - INFO - Connected to SQLite database: pb2b/p2p_listings.db
2025-11-09 01:26:30 - INFO - Database tables created successfully
2025-11-09 01:26:30 - INFO - Attempt 1/10: Loading https://www.bybit.com/fiat/trade/otc?actionType=1&token=USDT&fiat=NGN
2025-11-09 01:26:40 - INFO - Screenshot saved as 'pb2b/screenshots/bybit_page_20251109_012640.png'
2025-11-09 01:26:41 - INFO - Fetching BUY listings for USDT/EUR
2025-11-09 01:26:41 - INFO - Data successfully saved to SQLite database. New listings - Bybit: 4, Binance: 6
2025-11-09 01:26:41 - INFO - Browser session closed
2025-11-09 01:26:41 - INFO - SQLite database connection closed
2025-11-09 03:01:16 - INFO - Logging initialized. Log file: pb2b/logs/bybit_scraper_20251109.log
2025-11-09 03:01:18 - INFO - DataSaver logging initialized. Log file: pb2b/logs/data_saver_20251109.log
2025-11-09 03:01:18 - INFO - Connected to SQLite database: pb2b/p2p_listings.db
2025-11-09 03:01:18 - INFO - Database tables created successfully
2025-11-09 03:01:18 - INFO - Attempt 1/10: Loading https://www.bybit.com/fiat/trade/otc?actionType=1&token=USDT&fiat=NGN
2025-11-09 03:01:29 - INFO - Screenshot saved as 'pb2b/screenshots/bybit_page_20251109_030129.png'
2025-11-09 03:01:29 - INFO - Fetching BUY listings for USDT/EUR
2025-11-09 03:01:30 - INFO - Data successfully saved to SQLite database. New listings - Bybit: 4, Binance: 6
2025-11-09 03:01:30 - INFO - Browser session closed
2025-11-09 03:01:30 - INFO - SQLite database connection closed
2025-11-09 03:52:09 - INFO - Logging initialized. Log file: pb2b/logs/bybit_scraper_20251109.log
2025-11-09 03:52:10 - INFO - DataSaver logging initialized. Log file: pb2b/logs/data_saver_20251109.log
2025-11-09 03:52:10 - INFO - Connected to SQLite database: pb2b/p2p_listings.db
2025-11-09 03:52:10 - INFO - Database tables created successfully
2025-11-09 03:52:10 - INFO - Attempt 1/10: Loading https://www.bybit.com/fiat/trade/otc?actionType=1&token=USDT&fiat=NGN
2025-11-09 03:52:21 - INFO - Screenshot saved as 'pb2b/screenshots/bybit_page_20251109_035221.png'
2025-11-09 03:52:22 - INFO - Fetching BUY listings for USDT/EUR
2025-11-09 03:52:23 - INFO - Data successfully saved to SQLite database. New listings - Bybit: 4, Binance: 6
2025-11-09 03:52:23 - INFO - Browser session closed
2025-11-09 03:52:23 - INFO - SQLite database connection closed
