2025-01-30 01:47:11 - INFO - Logging initialized. Log file: pb2b/logs/bybit_scraper_20250130.log
2025-01-30 01:47:12 - INFO - DataSaver logging initialized. Log file: pb2b/logs/data_saver_20250130.log
2025-01-30 01:47:12 - INFO - Connected to SQLite database: pb2b/p2p_listings.db
2025-01-30 01:47:12 - INFO - Database tables created successfully
2025-01-30 01:47:12 - INFO - Attempt 1/10: Loading https://www.bybit.com/fiat/trade/otc?actionType=1&token=USDT&fiat=NGN
2025-01-30 01:47:23 - INFO - Screenshot saved as 'pb2b/screenshots/bybit_page_20250130_014723.png'
2025-01-30 01:47:23 - INFO - Fetching BUY listings for USDT/EUR
2025-01-30 01:47:24 - INFO - Data successfully saved to SQLite database. New listings - Bybit: 4, Binance: 6
2025-01-30 01:47:24 - INFO - Browser session closed
2025-01-30 01:47:24 - INFO - SQLite database connection closed
2025-01-30 02:36:55 - INFO - Logging initialized. Log file: pb2b/logs/bybit_scraper_20250130.log
2025-01-30 02:36:56 - INFO - DataSaver logging initialized. Log file: pb2b/logs/data_saver_20250130.log
2025-01-30 02:36:56 - INFO - Connected to SQLite database: pb2b/p2p_listings.db
2025-01-30 02:36:56 - INFO - Database tables created successfully
2025-01-30 02:36:56 - INFO - Attempt 1/10: Loading https://www.bybit.com/fiat/trade/otc?actionType=1&token=USDT&fiat=NGN
2025-01-30 02:37:06 - INFO - Screenshot saved as 'pb2b/screenshots/bybit_page_20250130_023706.png'
2025-01-30 02:37:06 - INFO - Fetching BUY listings for USDT/EUR
2025-01-30 02:37:07 - INFO - Data successfully saved to SQLite database. New listings - Bybit: 4, Binance: 6
2025-01-30 02:37:07 - INFO - Browser session closed
2025-01-30 02:37:07 - INFO - SQLite database connection closed
