2025-08-22 01:08:35 - INFO - Logging initialized. Log file: pb2b/logs/bybit_scraper_20250822.log
2025-08-22 01:08:37 - INFO - DataSaver logging initialized. Log file: pb2b/logs/data_saver_20250822.log
2025-08-22 01:08:37 - INFO - Connected to SQLite database: pb2b/p2p_listings.db
2025-08-22 01:08:37 - INFO - Database tables created successfully
2025-08-22 01:08:37 - INFO - Attempt 1/10: Loading https://www.bybit.com/fiat/trade/otc?actionType=1&token=USDT&fiat=NGN
2025-08-22 01:08:47 - INFO - Screenshot saved as 'pb2b/screenshots/bybit_page_20250822_010846.png'
2025-08-22 01:08:47 - INFO - Fetching BUY listings for USDT/EUR
2025-08-22 01:08:48 - INFO - Data successfully saved to SQLite database. New listings - Bybit: 4, Binance: 6
2025-08-22 01:08:48 - INFO - Browser session closed
2025-08-22 01:08:48 - INFO - SQLite database connection closed
2025-08-22 02:48:25 - INFO - Logging initialized. Log file: pb2b/logs/bybit_scraper_20250822.log
2025-08-22 02:48:27 - INFO - DataSaver logging initialized. Log file: pb2b/logs/data_saver_20250822.log
2025-08-22 02:48:27 - INFO - Connected to SQLite database: pb2b/p2p_listings.db
2025-08-22 02:48:27 - INFO - Database tables created successfully
2025-08-22 02:48:27 - INFO - Attempt 1/10: Loading https://www.bybit.com/fiat/trade/otc?actionType=1&token=USDT&fiat=NGN
2025-08-22 02:48:38 - INFO - Screenshot saved as 'pb2b/screenshots/bybit_page_20250822_024838.png'
2025-08-22 02:48:38 - INFO - Fetching BUY listings for USDT/EUR
2025-08-22 02:48:39 - INFO - Data successfully saved to SQLite database. New listings - Bybit: 4, Binance: 6
2025-08-22 02:48:39 - INFO - Browser session closed
2025-08-22 02:48:39 - INFO - SQLite database connection closed
2025-08-22 03:35:39 - INFO - Logging initialized. Log file: pb2b/logs/bybit_scraper_20250822.log
2025-08-22 03:35:40 - INFO - DataSaver logging initialized. Log file: pb2b/logs/data_saver_20250822.log
2025-08-22 03:35:40 - INFO - Connected to SQLite database: pb2b/p2p_listings.db
2025-08-22 03:35:40 - INFO - Database tables created successfully
2025-08-22 03:35:40 - INFO - Attempt 1/10: Loading https://www.bybit.com/fiat/trade/otc?actionType=1&token=USDT&fiat=NGN
2025-08-22 03:35:50 - INFO - Screenshot saved as 'pb2b/screenshots/bybit_page_20250822_033550.png'
2025-08-22 03:35:51 - INFO - Fetching BUY listings for USDT/EUR
2025-08-22 03:35:51 - INFO - Data successfully saved to SQLite database. New listings - Bybit: 4, Binance: 6
2025-08-22 03:35:51 - INFO - Browser session closed
2025-08-22 03:35:51 - INFO - SQLite database connection closed
2025-08-22 03:59:32 - INFO - Logging initialized. Log file: pb2b/logs/bybit_scraper_20250822.log
2025-08-22 03:59:33 - INFO - DataSaver logging initialized. Log file: pb2b/logs/data_saver_20250822.log
2025-08-22 03:59:33 - INFO - Connected to SQLite database: pb2b/p2p_listings.db
2025-08-22 03:59:33 - INFO - Database tables created successfully
2025-08-22 03:59:33 - INFO - Attempt 1/10: Loading https://www.bybit.com/fiat/trade/otc?actionType=1&token=USDT&fiat=NGN
2025-08-22 03:59:45 - INFO - Screenshot saved as 'pb2b/screenshots/bybit_page_20250822_035945.png'
2025-08-22 03:59:45 - INFO - Fetching BUY listings for USDT/EUR
2025-08-22 03:59:46 - INFO - Data successfully saved to SQLite database. New listings - Bybit: 4, Binance: 6
2025-08-22 03:59:46 - INFO - Browser session closed
2025-08-22 03:59:46 - INFO - SQLite database connection closed
2025-08-22 04:33:23 - INFO - Logging initialized. Log file: pb2b/logs/bybit_scraper_20250822.log
2025-08-22 04:33:24 - INFO - DataSaver logging initialized. Log file: pb2b/logs/data_saver_20250822.log
2025-08-22 04:33:24 - INFO - Connected to SQLite database: pb2b/p2p_listings.db
2025-08-22 04:33:24 - INFO - Database tables created successfully
2025-08-22 04:33:24 - INFO - Attempt 1/10: Loading https://www.bybit.com/fiat/trade/otc?actionType=1&token=USDT&fiat=NGN
2025-08-22 04:33:35 - INFO - Screenshot saved as 'pb2b/screenshots/bybit_page_20250822_043335.png'
2025-08-22 04:33:35 - INFO - Fetching BUY listings for USDT/EUR
2025-08-22 04:33:36 - INFO - Data successfully saved to SQLite database. New listings - Bybit: 4, Binance: 6
2025-08-22 04:33:36 - INFO - Browser session closed
2025-08-22 04:33:36 - INFO - SQLite database connection closed
2025-08-22 04:51:41 - INFO - Logging initialized. Log file: pb2b/logs/bybit_scraper_20250822.log
2025-08-22 04:51:42 - INFO - DataSaver logging initialized. Log file: pb2b/logs/data_saver_20250822.log
2025-08-22 04:51:42 - INFO - Connected to SQLite database: pb2b/p2p_listings.db
2025-08-22 04:51:42 - INFO - Database tables created successfully
2025-08-22 04:51:42 - INFO - Attempt 1/10: Loading https://www.bybit.com/fiat/trade/otc?actionType=1&token=USDT&fiat=NGN
2025-08-22 04:51:52 - INFO - Screenshot saved as 'pb2b/screenshots/bybit_page_20250822_045152.png'
2025-08-22 04:51:52 - INFO - Fetching BUY listings for USDT/EUR
2025-08-22 04:51:53 - INFO - Data successfully saved to SQLite database. New listings - Bybit: 4, Binance: 6
2025-08-22 04:51:53 - INFO - Browser session closed
2025-08-22 04:51:53 - INFO - SQLite database connection closed
2025-08-22 05:14:35 - INFO - Logging initialized. Log file: pb2b/logs/bybit_scraper_20250822.log
2025-08-22 05:14:35 - INFO - DataSaver logging initialized. Log file: pb2b/logs/data_saver_20250822.log
2025-08-22 05:14:35 - INFO - Connected to SQLite database: pb2b/p2p_listings.db
2025-08-22 05:14:35 - INFO - Database tables created successfully
2025-08-22 05:14:35 - INFO - Attempt 1/10: Loading https://www.bybit.com/fiat/trade/otc?actionType=1&token=USDT&fiat=NGN
2025-08-22 05:14:46 - INFO - Screenshot saved as 'pb2b/screenshots/bybit_page_20250822_051446.png'
2025-08-22 05:14:46 - INFO - Fetching BUY listings for USDT/EUR
2025-08-22 05:14:47 - INFO - Data successfully saved to SQLite database. New listings - Bybit: 4, Binance: 6
2025-08-22 05:14:47 - INFO - Browser session closed
2025-08-22 05:14:47 - INFO - SQLite database connection closed
2025-08-22 05:39:28 - INFO - Logging initialized. Log file: pb2b/logs/bybit_scraper_20250822.log
2025-08-22 05:39:29 - INFO - DataSaver logging initialized. Log file: pb2b/logs/data_saver_20250822.log
2025-08-22 05:39:29 - INFO - Connected to SQLite database: pb2b/p2p_listings.db
2025-08-22 05:39:29 - INFO - Database tables created successfully
2025-08-22 05:39:29 - INFO - Attempt 1/10: Loading https://www.bybit.com/fiat/trade/otc?actionType=1&token=USDT&fiat=NGN
2025-08-22 05:39:40 - INFO - Screenshot saved as 'pb2b/screenshots/bybit_page_20250822_053940.png'
2025-08-22 05:39:40 - INFO - Fetching BUY listings for USDT/EUR
2025-08-22 05:39:41 - INFO - Data successfully saved to SQLite database. New listings - Bybit: 4, Binance: 6
2025-08-22 05:39:41 - INFO - Browser session closed
2025-08-22 05:39:41 - INFO - SQLite database connection closed
