2026-04-02 01:06:30 - INFO - Logging initialized. Log file: pb2b/logs/bybit_scraper_20260402.log
2026-04-02 01:06:30 - INFO - DataSaver logging initialized. Log file: pb2b/logs/data_saver_20260402.log
2026-04-02 01:06:30 - INFO - Connected to SQLite database: pb2b/p2p_listings.db
2026-04-02 01:06:30 - INFO - Database tables created successfully
2026-04-02 01:06:30 - INFO - Attempt 1/10: Loading https://www.bybit.com/fiat/trade/otc?actionType=1&token=USDT&fiat=NGN
2026-04-02 01:06:39 - INFO - Screenshot saved as 'pb2b/screenshots/bybit_page_20260402_010639.png'
2026-04-02 01:06:39 - WARNING - Error parsing row: Message: no such element: Unable to locate element: {"method":"css selector","selector":"td:nth-child(2)"}
  (Session info: chrome=146.0.7680.177); For documentation on this error, please visit: https://www.selenium.dev/documentation/webdriver/troubleshooting/errors#nosuchelementexception
Stacktrace:
#0 0x55d15fb6da6a <unknown>
#1 0x55d15f57cab5 <unknown>
#2 0x55d15f5cf676 <unknown>
#3 0x55d15f5cf8b1 <unknown>
#4 0x55d15f5c4616 <unknown>
#5 0x55d15f5c44f7 <unknown>
#6 0x55d15f6177b6 <unknown>
#7 0x55d15f5c2cbf <unknown>
#8 0x55d15f5c3a81 <unknown>
#9 0x55d15fb33a64 <unknown>
#10 0x55d15fb36951 <unknown>
#11 0x55d15fb2021e <unknown>
#12 0x55d15fb3751e <unknown>
#13 0x55d15fb06be0 <unknown>
#14 0x55d15fb5a9b8 <unknown>
#15 0x55d15fb5ab88 <unknown>
#16 0x55d15fb6c4de <unknown>
#17 0x7fe63349caa4 <unknown>
#18 0x7fe633529c6c <unknown>

2026-04-02 01:06:39 - WARNING - Error parsing row: Message: no such element: Unable to locate element: {"method":"css selector","selector":"td:nth-child(2)"}
  (Session info: chrome=146.0.7680.177); For documentation on this error, please visit: https://www.selenium.dev/documentation/webdriver/troubleshooting/errors#nosuchelementexception
Stacktrace:
#0 0x55d15fb6da6a <unknown>
#1 0x55d15f57cab5 <unknown>
#2 0x55d15f5cf676 <unknown>
#3 0x55d15f5cf8b1 <unknown>
#4 0x55d15f5c4616 <unknown>
#5 0x55d15f5c44f7 <unknown>
#6 0x55d15f6177b6 <unknown>
#7 0x55d15f5c2cbf <unknown>
#8 0x55d15f5c3a81 <unknown>
#9 0x55d15fb33a64 <unknown>
#10 0x55d15fb36951 <unknown>
#11 0x55d15fb2021e <unknown>
#12 0x55d15fb3751e <unknown>
#13 0x55d15fb06be0 <unknown>
#14 0x55d15fb5a9b8 <unknown>
#15 0x55d15fb5ab88 <unknown>
#16 0x55d15fb6c4de <unknown>
#17 0x7fe63349caa4 <unknown>
#18 0x7fe633529c6c <unknown>

2026-04-02 01:06:40 - INFO - Fetching BUY listings for USDT/EUR
2026-04-02 01:06:40 - INFO - Data successfully saved to SQLite database. New listings - Bybit: 4, Binance: 6
2026-04-02 01:06:40 - INFO - Browser session closed
2026-04-02 01:06:40 - INFO - SQLite database connection closed
