2025-01-23 02:19:39 - INFO - Logging initialized. Log file: pb2b/logs/bybit_scraper_20250123.log
2025-01-23 02:19:41 - INFO - DataSaver logging initialized. Log file: pb2b/logs/data_saver_20250123.log
2025-01-23 02:19:41 - INFO - Connected to SQLite database: pb2b/p2p_listings.db
2025-01-23 02:19:41 - INFO - Database tables created successfully
2025-01-23 02:19:41 - INFO - Attempt 1/10: Loading https://www.bybit.com/fiat/trade/otc?actionType=1&token=USDT&fiat=NGN
2025-01-23 02:19:52 - INFO - Screenshot saved as 'pb2b/screenshots/bybit_page_20250123_021951.png'
2025-01-23 02:19:52 - INFO - Fetching BUY listings for USDT/EUR
2025-01-23 02:19:53 - INFO - Data successfully saved to SQLite database. New listings - Bybit: 4, Binance: 6
2025-01-23 02:19:53 - INFO - Browser session closed
2025-01-23 02:19:53 - INFO - SQLite database connection closed
2025-01-23 03:43:15 - INFO - Logging initialized. Log file: pb2b/logs/bybit_scraper_20250123.log
2025-01-23 03:43:15 - INFO - DataSaver logging initialized. Log file: pb2b/logs/data_saver_20250123.log
2025-01-23 03:43:15 - INFO - Connected to SQLite database: pb2b/p2p_listings.db
2025-01-23 03:43:15 - INFO - Database tables created successfully
2025-01-23 03:43:15 - INFO - Attempt 1/10: Loading https://www.bybit.com/fiat/trade/otc?actionType=1&token=USDT&fiat=NGN
2025-01-23 03:43:25 - INFO - Screenshot saved as 'pb2b/screenshots/bybit_page_20250123_034325.png'
2025-01-23 03:43:26 - INFO - Fetching BUY listings for USDT/EUR
2025-01-23 03:43:26 - INFO - Data successfully saved to SQLite database. New listings - Bybit: 4, Binance: 6
2025-01-23 03:43:26 - INFO - Browser session closed
2025-01-23 03:43:26 - INFO - SQLite database connection closed
2025-01-23 03:56:32 - INFO - Logging initialized. Log file: pb2b/logs/bybit_scraper_20250123.log
2025-01-23 03:56:33 - INFO - DataSaver logging initialized. Log file: pb2b/logs/data_saver_20250123.log
2025-01-23 03:56:33 - INFO - Connected to SQLite database: pb2b/p2p_listings.db
2025-01-23 03:56:33 - INFO - Database tables created successfully
2025-01-23 03:56:33 - INFO - Attempt 1/10: Loading https://www.bybit.com/fiat/trade/otc?actionType=1&token=USDT&fiat=NGN
2025-01-23 03:56:42 - INFO - Screenshot saved as 'pb2b/screenshots/bybit_page_20250123_035642.png'
2025-01-23 03:56:43 - INFO - Fetching BUY listings for USDT/EUR
2025-01-23 03:56:43 - INFO - Data successfully saved to SQLite database. New listings - Bybit: 4, Binance: 6
2025-01-23 03:56:44 - INFO - Browser session closed
2025-01-23 03:56:44 - INFO - SQLite database connection closed
2025-01-23 06:42:38 - INFO - Logging initialized. Log file: pb2b/logs/bybit_scraper_20250123.log
2025-01-23 06:42:38 - INFO - DataSaver logging initialized. Log file: pb2b/logs/data_saver_20250123.log
2025-01-23 06:42:38 - INFO - Connected to SQLite database: pb2b/p2p_listings.db
2025-01-23 06:42:38 - INFO - Database tables created successfully
2025-01-23 06:42:38 - INFO - Attempt 1/10: Loading https://www.bybit.com/fiat/trade/otc?actionType=1&token=USDT&fiat=NGN
2025-01-23 06:42:49 - INFO - Screenshot saved as 'pb2b/screenshots/bybit_page_20250123_064249.png'
2025-01-23 06:42:50 - INFO - Fetching BUY listings for USDT/EUR
2025-01-23 06:42:50 - INFO - Data successfully saved to SQLite database. New listings - Bybit: 4, Binance: 6
2025-01-23 06:42:50 - INFO - Browser session closed
2025-01-23 06:42:50 - INFO - SQLite database connection closed
