2025-07-30 02:12:09 - INFO - Logging initialized. Log file: pb2b/logs/bybit_scraper_20250730.log
2025-07-30 02:12:10 - INFO - DataSaver logging initialized. Log file: pb2b/logs/data_saver_20250730.log
2025-07-30 02:12:10 - INFO - Connected to SQLite database: pb2b/p2p_listings.db
2025-07-30 02:12:10 - INFO - Database tables created successfully
2025-07-30 02:12:10 - INFO - Attempt 1/10: Loading https://www.bybit.com/fiat/trade/otc?actionType=1&token=USDT&fiat=NGN
2025-07-30 02:12:20 - INFO - Screenshot saved as 'pb2b/screenshots/bybit_page_20250730_021220.png'
2025-07-30 02:12:21 - INFO - Fetching BUY listings for USDT/EUR
2025-07-30 02:12:22 - INFO - Data successfully saved to SQLite database. New listings - Bybit: 4, Binance: 6
2025-07-30 02:12:22 - INFO - Browser session closed
2025-07-30 02:12:22 - INFO - SQLite database connection closed
2025-07-30 03:51:58 - INFO - Logging initialized. Log file: pb2b/logs/bybit_scraper_20250730.log
2025-07-30 03:51:59 - INFO - DataSaver logging initialized. Log file: pb2b/logs/data_saver_20250730.log
2025-07-30 03:51:59 - INFO - Connected to SQLite database: pb2b/p2p_listings.db
2025-07-30 03:51:59 - INFO - Database tables created successfully
2025-07-30 03:51:59 - INFO - Attempt 1/10: Loading https://www.bybit.com/fiat/trade/otc?actionType=1&token=USDT&fiat=NGN
2025-07-30 03:52:08 - INFO - Screenshot saved as 'pb2b/screenshots/bybit_page_20250730_035208.png'
2025-07-30 03:52:08 - INFO - Fetching BUY listings for USDT/EUR
2025-07-30 03:52:09 - INFO - Data successfully saved to SQLite database. New listings - Bybit: 4, Binance: 6
2025-07-30 03:52:09 - INFO - Browser session closed
2025-07-30 03:52:09 - INFO - SQLite database connection closed
2025-07-30 04:38:56 - INFO - Logging initialized. Log file: pb2b/logs/bybit_scraper_20250730.log
2025-07-30 04:38:57 - INFO - DataSaver logging initialized. Log file: pb2b/logs/data_saver_20250730.log
2025-07-30 04:38:57 - INFO - Connected to SQLite database: pb2b/p2p_listings.db
2025-07-30 04:38:57 - INFO - Database tables created successfully
2025-07-30 04:38:57 - INFO - Attempt 1/10: Loading https://www.bybit.com/fiat/trade/otc?actionType=1&token=USDT&fiat=NGN
2025-07-30 04:39:09 - INFO - Screenshot saved as 'pb2b/screenshots/bybit_page_20250730_043909.png'
2025-07-30 04:39:09 - INFO - Fetching BUY listings for USDT/EUR
2025-07-30 04:39:10 - INFO - Data successfully saved to SQLite database. New listings - Bybit: 4, Binance: 6
2025-07-30 04:39:10 - INFO - Browser session closed
2025-07-30 04:39:10 - INFO - SQLite database connection closed
2025-07-30 05:18:15 - INFO - Logging initialized. Log file: pb2b/logs/bybit_scraper_20250730.log
2025-07-30 05:18:16 - INFO - DataSaver logging initialized. Log file: pb2b/logs/data_saver_20250730.log
2025-07-30 05:18:16 - INFO - Connected to SQLite database: pb2b/p2p_listings.db
2025-07-30 05:18:16 - INFO - Database tables created successfully
2025-07-30 05:18:16 - INFO - Attempt 1/10: Loading https://www.bybit.com/fiat/trade/otc?actionType=1&token=USDT&fiat=NGN
2025-07-30 05:18:25 - INFO - Screenshot saved as 'pb2b/screenshots/bybit_page_20250730_051825.png'
2025-07-30 05:18:25 - INFO - Fetching BUY listings for USDT/EUR
2025-07-30 05:18:26 - INFO - Data successfully saved to SQLite database. New listings - Bybit: 4, Binance: 6
2025-07-30 05:18:26 - INFO - Browser session closed
2025-07-30 05:18:26 - INFO - SQLite database connection closed
2025-07-30 05:52:48 - INFO - Logging initialized. Log file: pb2b/logs/bybit_scraper_20250730.log
2025-07-30 05:52:49 - INFO - DataSaver logging initialized. Log file: pb2b/logs/data_saver_20250730.log
2025-07-30 05:52:49 - INFO - Connected to SQLite database: pb2b/p2p_listings.db
2025-07-30 05:52:49 - INFO - Database tables created successfully
2025-07-30 05:52:49 - INFO - Attempt 1/10: Loading https://www.bybit.com/fiat/trade/otc?actionType=1&token=USDT&fiat=NGN
2025-07-30 05:52:58 - INFO - Screenshot saved as 'pb2b/screenshots/bybit_page_20250730_055258.png'
2025-07-30 05:52:58 - INFO - Fetching BUY listings for USDT/EUR
2025-07-30 05:52:59 - INFO - Data successfully saved to SQLite database. New listings - Bybit: 4, Binance: 6
2025-07-30 05:52:59 - INFO - Browser session closed
2025-07-30 05:52:59 - INFO - SQLite database connection closed
