2026-01-01 00:58:07 - INFO - Logging initialized. Log file: pb2b/logs/bybit_scraper_20260101.log
2026-01-01 00:58:08 - INFO - DataSaver logging initialized. Log file: pb2b/logs/data_saver_20260101.log
2026-01-01 00:58:08 - INFO - Connected to SQLite database: pb2b/p2p_listings.db
2026-01-01 00:58:08 - INFO - Database tables created successfully
2026-01-01 00:58:08 - INFO - Attempt 1/10: Loading https://www.bybit.com/fiat/trade/otc?actionType=1&token=USDT&fiat=NGN
2026-01-01 00:58:19 - INFO - Screenshot saved as 'pb2b/screenshots/bybit_page_20260101_005818.png'
2026-01-01 00:58:19 - WARNING - Error parsing row: Message: no such element: Unable to locate element: {"method":"css selector","selector":"td:nth-child(2)"}
  (Session info: chrome=143.0.7499.169); For documentation on this error, please visit: https://www.selenium.dev/documentation/webdriver/troubleshooting/errors#nosuchelementexception
Stacktrace:
#0 0x55665049219a <unknown>
#1 0x55664ff0fc4b <unknown>
#2 0x55664ff61318 <unknown>
#3 0x55664ff61551 <unknown>
#4 0x55664ff55586 <unknown>
#5 0x55664ff55477 <unknown>
#6 0x55664ffacbee <unknown>
#7 0x55664ff53c42 <unknown>
#8 0x55664ff548f1 <unknown>
#9 0x55665045af39 <unknown>
#10 0x55665045de7d <unknown>
#11 0x556650443c81 <unknown>
#12 0x55665045ea5b <unknown>
#13 0x55665042aa50 <unknown>
#14 0x55665047faa8 <unknown>
#15 0x55665047fc79 <unknown>
#16 0x5566504914f3 <unknown>
#17 0x7fd55269caa4 <unknown>
#18 0x7fd552729c6c <unknown>

2026-01-01 00:58:19 - INFO - Fetching BUY listings for USDT/EUR
2026-01-01 00:58:19 - INFO - Data successfully saved to SQLite database. New listings - Bybit: 5, Binance: 6
2026-01-01 00:58:20 - INFO - Browser session closed
2026-01-01 00:58:20 - INFO - SQLite database connection closed
2026-01-01 03:12:42 - INFO - Logging initialized. Log file: pb2b/logs/bybit_scraper_20260101.log
2026-01-01 03:12:43 - INFO - DataSaver logging initialized. Log file: pb2b/logs/data_saver_20260101.log
2026-01-01 03:12:43 - INFO - Connected to SQLite database: pb2b/p2p_listings.db
2026-01-01 03:12:43 - INFO - Database tables created successfully
2026-01-01 03:12:43 - INFO - Attempt 1/10: Loading https://www.bybit.com/fiat/trade/otc?actionType=1&token=USDT&fiat=NGN
2026-01-01 03:12:52 - INFO - Screenshot saved as 'pb2b/screenshots/bybit_page_20260101_031252.png'
2026-01-01 03:12:52 - WARNING - Error parsing row: Message: no such element: Unable to locate element: {"method":"css selector","selector":"td:nth-child(2)"}
  (Session info: chrome=143.0.7499.169); For documentation on this error, please visit: https://www.selenium.dev/documentation/webdriver/troubleshooting/errors#nosuchelementexception
Stacktrace:
#0 0x56056f23a19a <unknown>
#1 0x56056ecb7c4b <unknown>
#2 0x56056ed09318 <unknown>
#3 0x56056ed09551 <unknown>
#4 0x56056ecfd586 <unknown>
#5 0x56056ecfd477 <unknown>
#6 0x56056ed54bee <unknown>
#7 0x56056ecfbc42 <unknown>
#8 0x56056ecfc8f1 <unknown>
#9 0x56056f202f39 <unknown>
#10 0x56056f205e7d <unknown>
#11 0x56056f1ebc81 <unknown>
#12 0x56056f206a5b <unknown>
#13 0x56056f1d2a50 <unknown>
#14 0x56056f227aa8 <unknown>
#15 0x56056f227c79 <unknown>
#16 0x56056f2394f3 <unknown>
#17 0x7f0c03a9caa4 <unknown>
#18 0x7f0c03b29c6c <unknown>

2026-01-01 03:12:53 - INFO - Fetching BUY listings for USDT/EUR
2026-01-01 03:12:53 - INFO - Data successfully saved to SQLite database. New listings - Bybit: 5, Binance: 6
2026-01-01 03:12:53 - INFO - Browser session closed
2026-01-01 03:12:53 - INFO - SQLite database connection closed
2026-01-01 04:22:17 - INFO - Logging initialized. Log file: pb2b/logs/bybit_scraper_20260101.log
2026-01-01 04:22:18 - INFO - DataSaver logging initialized. Log file: pb2b/logs/data_saver_20260101.log
2026-01-01 04:22:18 - INFO - Connected to SQLite database: pb2b/p2p_listings.db
2026-01-01 04:22:18 - INFO - Database tables created successfully
2026-01-01 04:22:18 - INFO - Attempt 1/10: Loading https://www.bybit.com/fiat/trade/otc?actionType=1&token=USDT&fiat=NGN
2026-01-01 04:22:26 - INFO - Screenshot saved as 'pb2b/screenshots/bybit_page_20260101_042226.png'
2026-01-01 04:22:26 - WARNING - Error parsing row: Message: no such element: Unable to locate element: {"method":"css selector","selector":"td:nth-child(2)"}
  (Session info: chrome=143.0.7499.169); For documentation on this error, please visit: https://www.selenium.dev/documentation/webdriver/troubleshooting/errors#nosuchelementexception
Stacktrace:
#0 0x55f6220bf19a <unknown>
#1 0x55f621b3cc4b <unknown>
#2 0x55f621b8e318 <unknown>
#3 0x55f621b8e551 <unknown>
#4 0x55f621b82586 <unknown>
#5 0x55f621b82477 <unknown>
#6 0x55f621bd9bee <unknown>
#7 0x55f621b80c42 <unknown>
#8 0x55f621b818f1 <unknown>
#9 0x55f622087f39 <unknown>
#10 0x55f62208ae7d <unknown>
#11 0x55f622070c81 <unknown>
#12 0x55f62208ba5b <unknown>
#13 0x55f622057a50 <unknown>
#14 0x55f6220acaa8 <unknown>
#15 0x55f6220acc79 <unknown>
#16 0x55f6220be4f3 <unknown>
#17 0x7f2d9a09caa4 <unknown>
#18 0x7f2d9a129c6c <unknown>

2026-01-01 04:22:27 - INFO - Fetching BUY listings for USDT/EUR
2026-01-01 04:22:28 - INFO - Data successfully saved to SQLite database. New listings - Bybit: 5, Binance: 6
2026-01-01 04:22:28 - INFO - Browser session closed
2026-01-01 04:22:28 - INFO - SQLite database connection closed
2026-01-01 05:04:46 - INFO - Logging initialized. Log file: pb2b/logs/bybit_scraper_20260101.log
2026-01-01 05:04:48 - INFO - DataSaver logging initialized. Log file: pb2b/logs/data_saver_20260101.log
2026-01-01 05:04:48 - INFO - Connected to SQLite database: pb2b/p2p_listings.db
2026-01-01 05:04:48 - INFO - Database tables created successfully
2026-01-01 05:04:48 - INFO - Attempt 1/10: Loading https://www.bybit.com/fiat/trade/otc?actionType=1&token=USDT&fiat=NGN
2026-01-01 05:04:58 - INFO - Screenshot saved as 'pb2b/screenshots/bybit_page_20260101_050458.png'
2026-01-01 05:04:58 - WARNING - Error parsing row: Message: no such element: Unable to locate element: {"method":"css selector","selector":"td:nth-child(2)"}
  (Session info: chrome=143.0.7499.169); For documentation on this error, please visit: https://www.selenium.dev/documentation/webdriver/troubleshooting/errors#nosuchelementexception
Stacktrace:
#0 0x55d4e3f7619a <unknown>
#1 0x55d4e39f3c4b <unknown>
#2 0x55d4e3a45318 <unknown>
#3 0x55d4e3a45551 <unknown>
#4 0x55d4e3a39586 <unknown>
#5 0x55d4e3a39477 <unknown>
#6 0x55d4e3a90bee <unknown>
#7 0x55d4e3a37c42 <unknown>
#8 0x55d4e3a388f1 <unknown>
#9 0x55d4e3f3ef39 <unknown>
#10 0x55d4e3f41e7d <unknown>
#11 0x55d4e3f27c81 <unknown>
#12 0x55d4e3f42a5b <unknown>
#13 0x55d4e3f0ea50 <unknown>
#14 0x55d4e3f63aa8 <unknown>
#15 0x55d4e3f63c79 <unknown>
#16 0x55d4e3f754f3 <unknown>
#17 0x7f4f1589caa4 <unknown>
#18 0x7f4f15929c6c <unknown>

2026-01-01 05:04:59 - INFO - Fetching BUY listings for USDT/EUR
2026-01-01 05:04:59 - INFO - Data successfully saved to SQLite database. New listings - Bybit: 5, Binance: 6
2026-01-01 05:04:59 - INFO - Browser session closed
2026-01-01 05:04:59 - INFO - SQLite database connection closed
