2024-12-22 01:49:39 - INFO - Logging initialized. Log file: pb2b/logs/bybit_scraper_20241222.log
2024-12-22 01:49:40 - INFO - DataSaver logging initialized. Log file: pb2b/logs/data_saver_20241222.log
2024-12-22 01:49:40 - INFO - Connected to SQLite database: pb2b/p2p_listings.db
2024-12-22 01:49:40 - INFO - Database tables created successfully
2024-12-22 01:49:40 - INFO - Attempt 1/10: Loading https://www.bybit.com/fiat/trade/otc?actionType=1&token=USDT&fiat=NGN
2024-12-22 01:49:50 - INFO - Screenshot saved as 'pb2b/screenshots/bybit_page_20241222_014950.png'
2024-12-22 01:49:50 - INFO - Fetching BUY listings for USDT/EUR
2024-12-22 01:49:51 - INFO - Data successfully saved to SQLite database. New listings - Bybit: 5, Binance: 6
2024-12-22 01:49:51 - INFO - Browser session closed
2024-12-22 01:49:51 - INFO - SQLite database connection closed
2024-12-22 02:48:55 - INFO - Logging initialized. Log file: pb2b/logs/bybit_scraper_20241222.log
2024-12-22 02:48:56 - INFO - DataSaver logging initialized. Log file: pb2b/logs/data_saver_20241222.log
2024-12-22 02:48:56 - INFO - Connected to SQLite database: pb2b/p2p_listings.db
2024-12-22 02:48:56 - INFO - Database tables created successfully
2024-12-22 02:48:56 - INFO - Attempt 1/10: Loading https://www.bybit.com/fiat/trade/otc?actionType=1&token=USDT&fiat=NGN
2024-12-22 02:49:08 - INFO - Screenshot saved as 'pb2b/screenshots/bybit_page_20241222_024907.png'
2024-12-22 02:49:08 - INFO - Fetching BUY listings for USDT/EUR
2024-12-22 02:49:09 - INFO - Data successfully saved to SQLite database. New listings - Bybit: 5, Binance: 6
2024-12-22 02:49:09 - INFO - Browser session closed
2024-12-22 02:49:09 - INFO - SQLite database connection closed
2024-12-22 03:18:26 - INFO - Logging initialized. Log file: pb2b/logs/bybit_scraper_20241222.log
2024-12-22 03:18:27 - INFO - DataSaver logging initialized. Log file: pb2b/logs/data_saver_20241222.log
2024-12-22 03:18:27 - INFO - Connected to SQLite database: pb2b/p2p_listings.db
2024-12-22 03:18:27 - INFO - Database tables created successfully
2024-12-22 03:18:27 - INFO - Attempt 1/10: Loading https://www.bybit.com/fiat/trade/otc?actionType=1&token=USDT&fiat=NGN
2024-12-22 03:18:39 - INFO - Screenshot saved as 'pb2b/screenshots/bybit_page_20241222_031839.png'
2024-12-22 03:18:39 - INFO - Fetching BUY listings for USDT/EUR
2024-12-22 03:18:40 - INFO - Data successfully saved to SQLite database. New listings - Bybit: 5, Binance: 6
2024-12-22 03:18:40 - INFO - Browser session closed
2024-12-22 03:18:40 - INFO - SQLite database connection closed
2024-12-22 03:40:55 - INFO - Logging initialized. Log file: pb2b/logs/bybit_scraper_20241222.log
2024-12-22 03:40:55 - INFO - DataSaver logging initialized. Log file: pb2b/logs/data_saver_20241222.log
2024-12-22 03:40:55 - INFO - Connected to SQLite database: pb2b/p2p_listings.db
2024-12-22 03:40:55 - INFO - Database tables created successfully
2024-12-22 03:40:55 - INFO - Attempt 1/10: Loading https://www.bybit.com/fiat/trade/otc?actionType=1&token=USDT&fiat=NGN
2024-12-22 03:41:05 - INFO - Screenshot saved as 'pb2b/screenshots/bybit_page_20241222_034105.png'
2024-12-22 03:41:06 - INFO - Fetching BUY listings for USDT/EUR
2024-12-22 03:41:06 - INFO - Data successfully saved to SQLite database. New listings - Bybit: 5, Binance: 6
2024-12-22 03:41:06 - INFO - Browser session closed
2024-12-22 03:41:06 - INFO - SQLite database connection closed
2024-12-22 03:54:04 - INFO - Logging initialized. Log file: pb2b/logs/bybit_scraper_20241222.log
2024-12-22 03:54:05 - INFO - DataSaver logging initialized. Log file: pb2b/logs/data_saver_20241222.log
2024-12-22 03:54:05 - INFO - Connected to SQLite database: pb2b/p2p_listings.db
2024-12-22 03:54:05 - INFO - Database tables created successfully
2024-12-22 03:54:05 - INFO - Attempt 1/10: Loading https://www.bybit.com/fiat/trade/otc?actionType=1&token=USDT&fiat=NGN
2024-12-22 03:54:17 - INFO - Screenshot saved as 'pb2b/screenshots/bybit_page_20241222_035417.png'
2024-12-22 03:54:17 - INFO - Fetching BUY listings for USDT/EUR
2024-12-22 03:54:18 - INFO - Data successfully saved to SQLite database. New listings - Bybit: 5, Binance: 6
2024-12-22 03:54:18 - INFO - Browser session closed
2024-12-22 03:54:18 - INFO - SQLite database connection closed
