2025-02-26 01:05:58 - INFO - Logging initialized. Log file: pb2b/logs/bybit_scraper_20250226.log
2025-02-26 01:05:59 - INFO - DataSaver logging initialized. Log file: pb2b/logs/data_saver_20250226.log
2025-02-26 01:05:59 - INFO - Connected to SQLite database: pb2b/p2p_listings.db
2025-02-26 01:05:59 - INFO - Database tables created successfully
2025-02-26 01:05:59 - INFO - Attempt 1/10: Loading https://www.bybit.com/fiat/trade/otc?actionType=1&token=USDT&fiat=NGN
2025-02-26 01:06:08 - INFO - Screenshot saved as 'pb2b/screenshots/bybit_page_20250226_010608.png'
2025-02-26 01:06:08 - INFO - Fetching BUY listings for USDT/EUR
2025-02-26 01:06:09 - INFO - Data successfully saved to SQLite database. New listings - Bybit: 4, Binance: 6
2025-02-26 01:06:09 - INFO - Browser session closed
2025-02-26 01:06:09 - INFO - SQLite database connection closed
2025-02-26 02:33:00 - INFO - Logging initialized. Log file: pb2b/logs/bybit_scraper_20250226.log
2025-02-26 02:33:01 - INFO - DataSaver logging initialized. Log file: pb2b/logs/data_saver_20250226.log
2025-02-26 02:33:01 - INFO - Connected to SQLite database: pb2b/p2p_listings.db
2025-02-26 02:33:01 - INFO - Database tables created successfully
2025-02-26 02:33:01 - INFO - Attempt 1/10: Loading https://www.bybit.com/fiat/trade/otc?actionType=1&token=USDT&fiat=NGN
2025-02-26 02:33:12 - INFO - Screenshot saved as 'pb2b/screenshots/bybit_page_20250226_023312.png'
2025-02-26 02:33:12 - INFO - Fetching BUY listings for USDT/EUR
2025-02-26 02:33:13 - INFO - Data successfully saved to SQLite database. New listings - Bybit: 4, Binance: 6
2025-02-26 02:33:13 - INFO - Browser session closed
2025-02-26 02:33:13 - INFO - SQLite database connection closed
2025-02-26 03:07:16 - INFO - Logging initialized. Log file: pb2b/logs/bybit_scraper_20250226.log
2025-02-26 03:07:17 - INFO - DataSaver logging initialized. Log file: pb2b/logs/data_saver_20250226.log
2025-02-26 03:07:17 - INFO - Connected to SQLite database: pb2b/p2p_listings.db
2025-02-26 03:07:17 - INFO - Database tables created successfully
2025-02-26 03:07:17 - INFO - Attempt 1/10: Loading https://www.bybit.com/fiat/trade/otc?actionType=1&token=USDT&fiat=NGN
2025-02-26 03:07:28 - INFO - Screenshot saved as 'pb2b/screenshots/bybit_page_20250226_030728.png'
2025-02-26 03:07:28 - INFO - Fetching BUY listings for USDT/EUR
2025-02-26 03:07:29 - INFO - Data successfully saved to SQLite database. New listings - Bybit: 4, Binance: 6
2025-02-26 03:07:29 - INFO - Browser session closed
2025-02-26 03:07:29 - INFO - SQLite database connection closed
