2025-06-15 02:29:07 - INFO - Logging initialized. Log file: pb2b/logs/bybit_scraper_20250615.log
2025-06-15 02:29:08 - INFO - DataSaver logging initialized. Log file: pb2b/logs/data_saver_20250615.log
2025-06-15 02:29:08 - INFO - Connected to SQLite database: pb2b/p2p_listings.db
2025-06-15 02:29:08 - INFO - Database tables created successfully
2025-06-15 02:29:08 - INFO - Attempt 1/10: Loading https://www.bybit.com/fiat/trade/otc?actionType=1&token=USDT&fiat=NGN
2025-06-15 02:29:17 - INFO - Screenshot saved as 'pb2b/screenshots/bybit_page_20250615_022917.png'
2025-06-15 02:29:18 - INFO - Fetching BUY listings for USDT/EUR
2025-06-15 02:29:18 - INFO - Data successfully saved to SQLite database. New listings - Bybit: 4, Binance: 6
2025-06-15 02:29:19 - INFO - Browser session closed
2025-06-15 02:29:19 - INFO - SQLite database connection closed
2025-06-15 03:43:32 - INFO - Logging initialized. Log file: pb2b/logs/bybit_scraper_20250615.log
2025-06-15 03:43:33 - INFO - DataSaver logging initialized. Log file: pb2b/logs/data_saver_20250615.log
2025-06-15 03:43:33 - INFO - Connected to SQLite database: pb2b/p2p_listings.db
2025-06-15 03:43:33 - INFO - Database tables created successfully
2025-06-15 03:43:33 - INFO - Attempt 1/10: Loading https://www.bybit.com/fiat/trade/otc?actionType=1&token=USDT&fiat=NGN
2025-06-15 03:43:41 - INFO - Screenshot saved as 'pb2b/screenshots/bybit_page_20250615_034341.png'
2025-06-15 03:43:41 - INFO - Fetching BUY listings for USDT/EUR
2025-06-15 03:43:42 - INFO - Data successfully saved to SQLite database. New listings - Bybit: 4, Binance: 6
2025-06-15 03:43:42 - INFO - Browser session closed
2025-06-15 03:43:42 - INFO - SQLite database connection closed
2025-06-15 04:21:03 - INFO - Logging initialized. Log file: pb2b/logs/bybit_scraper_20250615.log
2025-06-15 04:21:04 - INFO - DataSaver logging initialized. Log file: pb2b/logs/data_saver_20250615.log
2025-06-15 04:21:04 - INFO - Connected to SQLite database: pb2b/p2p_listings.db
2025-06-15 04:21:04 - INFO - Database tables created successfully
2025-06-15 04:21:04 - INFO - Attempt 1/10: Loading https://www.bybit.com/fiat/trade/otc?actionType=1&token=USDT&fiat=NGN
2025-06-15 04:21:15 - INFO - Screenshot saved as 'pb2b/screenshots/bybit_page_20250615_042115.png'
2025-06-15 04:21:16 - INFO - Fetching BUY listings for USDT/EUR
2025-06-15 04:21:17 - INFO - Data successfully saved to SQLite database. New listings - Bybit: 4, Binance: 6
2025-06-15 04:21:17 - INFO - Browser session closed
2025-06-15 04:21:17 - INFO - SQLite database connection closed
2025-06-15 04:50:04 - INFO - Logging initialized. Log file: pb2b/logs/bybit_scraper_20250615.log
2025-06-15 04:50:05 - INFO - DataSaver logging initialized. Log file: pb2b/logs/data_saver_20250615.log
2025-06-15 04:50:05 - INFO - Connected to SQLite database: pb2b/p2p_listings.db
2025-06-15 04:50:05 - INFO - Database tables created successfully
2025-06-15 04:50:05 - INFO - Attempt 1/10: Loading https://www.bybit.com/fiat/trade/otc?actionType=1&token=USDT&fiat=NGN
2025-06-15 04:50:15 - INFO - Screenshot saved as 'pb2b/screenshots/bybit_page_20250615_045015.png'
2025-06-15 04:50:15 - INFO - Fetching BUY listings for USDT/EUR
2025-06-15 04:50:16 - INFO - Data successfully saved to SQLite database. New listings - Bybit: 4, Binance: 6
2025-06-15 04:50:16 - INFO - Browser session closed
2025-06-15 04:50:16 - INFO - SQLite database connection closed
2025-06-15 05:11:25 - INFO - Logging initialized. Log file: pb2b/logs/bybit_scraper_20250615.log
2025-06-15 05:11:26 - INFO - DataSaver logging initialized. Log file: pb2b/logs/data_saver_20250615.log
2025-06-15 05:11:26 - INFO - Connected to SQLite database: pb2b/p2p_listings.db
2025-06-15 05:11:26 - INFO - Database tables created successfully
2025-06-15 05:11:26 - INFO - Attempt 1/10: Loading https://www.bybit.com/fiat/trade/otc?actionType=1&token=USDT&fiat=NGN
2025-06-15 05:11:36 - INFO - Screenshot saved as 'pb2b/screenshots/bybit_page_20250615_051136.png'
2025-06-15 05:11:36 - INFO - Fetching BUY listings for USDT/EUR
2025-06-15 05:11:37 - INFO - Data successfully saved to SQLite database. New listings - Bybit: 4, Binance: 6
2025-06-15 05:11:37 - INFO - Browser session closed
2025-06-15 05:11:37 - INFO - SQLite database connection closed
2025-06-15 05:36:56 - INFO - Logging initialized. Log file: pb2b/logs/bybit_scraper_20250615.log
2025-06-15 05:36:57 - INFO - DataSaver logging initialized. Log file: pb2b/logs/data_saver_20250615.log
2025-06-15 05:36:57 - INFO - Connected to SQLite database: pb2b/p2p_listings.db
2025-06-15 05:36:57 - INFO - Database tables created successfully
2025-06-15 05:36:57 - INFO - Attempt 1/10: Loading https://www.bybit.com/fiat/trade/otc?actionType=1&token=USDT&fiat=NGN
2025-06-15 05:37:07 - INFO - Screenshot saved as 'pb2b/screenshots/bybit_page_20250615_053707.png'
2025-06-15 05:37:08 - INFO - Fetching BUY listings for USDT/EUR
2025-06-15 05:37:09 - INFO - Data successfully saved to SQLite database. New listings - Bybit: 4, Binance: 6
2025-06-15 05:37:09 - INFO - Browser session closed
2025-06-15 05:37:09 - INFO - SQLite database connection closed
