2026-01-25 01:02:49 - INFO - Logging initialized. Log file: pb2b/logs/bybit_scraper_20260125.log
2026-01-25 01:02:50 - INFO - DataSaver logging initialized. Log file: pb2b/logs/data_saver_20260125.log
2026-01-25 01:02:50 - INFO - Connected to SQLite database: pb2b/p2p_listings.db
2026-01-25 01:02:50 - INFO - Database tables created successfully
2026-01-25 01:02:50 - INFO - Attempt 1/10: Loading https://www.bybit.com/fiat/trade/otc?actionType=1&token=USDT&fiat=NGN
2026-01-25 01:02:59 - INFO - Screenshot saved as 'pb2b/screenshots/bybit_page_20260125_010259.png'
2026-01-25 01:02:59 - WARNING - Error parsing row: Message: no such element: Unable to locate element: {"method":"css selector","selector":"td:nth-child(2)"}
  (Session info: chrome=144.0.7559.96); For documentation on this error, please visit: https://www.selenium.dev/documentation/webdriver/troubleshooting/errors#nosuchelementexception
Stacktrace:
#0 0x5591df657c3a <unknown>
#1 0x5591df071969 <unknown>
#2 0x5591df0c6ead <unknown>
#3 0x5591df0c70f1 <unknown>
#4 0x5591df0ba6e6 <unknown>
#5 0x5591df0ba5c7 <unknown>
#6 0x5591df10fa20 <unknown>
#7 0x5591df0b8be2 <unknown>
#8 0x5591df0b9991 <unknown>
#9 0x5591df61da99 <unknown>
#10 0x5591df6209b1 <unknown>
#11 0x5591df60a0a9 <unknown>
#12 0x5591df62156e <unknown>
#13 0x5591df5f05e0 <unknown>
#14 0x5591df645358 <unknown>
#15 0x5591df645528 <unknown>
#16 0x5591df656fa8 <unknown>
#17 0x7f431489caa4 <unknown>
#18 0x7f4314929c6c <unknown>

2026-01-25 01:03:00 - INFO - Fetching BUY listings for USDT/EUR
2026-01-25 01:03:00 - INFO - Data successfully saved to SQLite database. New listings - Bybit: 5, Binance: 6
2026-01-25 01:03:00 - INFO - Browser session closed
2026-01-25 01:03:00 - INFO - SQLite database connection closed
2026-01-25 03:23:47 - INFO - Logging initialized. Log file: pb2b/logs/bybit_scraper_20260125.log
2026-01-25 03:23:48 - INFO - DataSaver logging initialized. Log file: pb2b/logs/data_saver_20260125.log
2026-01-25 03:23:48 - INFO - Connected to SQLite database: pb2b/p2p_listings.db
2026-01-25 03:23:48 - INFO - Database tables created successfully
2026-01-25 03:23:48 - INFO - Attempt 1/10: Loading https://www.bybit.com/fiat/trade/otc?actionType=1&token=USDT&fiat=NGN
2026-01-25 03:23:56 - INFO - Screenshot saved as 'pb2b/screenshots/bybit_page_20260125_032356.png'
2026-01-25 03:23:56 - WARNING - Error parsing row: Message: no such element: Unable to locate element: {"method":"css selector","selector":"td:nth-child(2)"}
  (Session info: chrome=144.0.7559.96); For documentation on this error, please visit: https://www.selenium.dev/documentation/webdriver/troubleshooting/errors#nosuchelementexception
Stacktrace:
#0 0x558253a11c3a <unknown>
#1 0x55825342b969 <unknown>
#2 0x558253480ead <unknown>
#3 0x5582534810f1 <unknown>
#4 0x5582534746e6 <unknown>
#5 0x5582534745c7 <unknown>
#6 0x5582534c9a20 <unknown>
#7 0x558253472be2 <unknown>
#8 0x558253473991 <unknown>
#9 0x5582539d7a99 <unknown>
#10 0x5582539da9b1 <unknown>
#11 0x5582539c40a9 <unknown>
#12 0x5582539db56e <unknown>
#13 0x5582539aa5e0 <unknown>
#14 0x5582539ff358 <unknown>
#15 0x5582539ff528 <unknown>
#16 0x558253a10fa8 <unknown>
#17 0x7f61b849caa4 <unknown>
#18 0x7f61b8529c6c <unknown>

2026-01-25 03:23:56 - INFO - Fetching BUY listings for USDT/EUR
2026-01-25 03:23:57 - INFO - Data successfully saved to SQLite database. New listings - Bybit: 5, Binance: 6
2026-01-25 03:23:57 - INFO - Browser session closed
2026-01-25 03:23:57 - INFO - SQLite database connection closed
2026-01-25 04:39:16 - INFO - Logging initialized. Log file: pb2b/logs/bybit_scraper_20260125.log
2026-01-25 04:39:17 - INFO - DataSaver logging initialized. Log file: pb2b/logs/data_saver_20260125.log
2026-01-25 04:39:17 - INFO - Connected to SQLite database: pb2b/p2p_listings.db
2026-01-25 04:39:17 - INFO - Database tables created successfully
2026-01-25 04:39:17 - INFO - Attempt 1/10: Loading https://www.bybit.com/fiat/trade/otc?actionType=1&token=USDT&fiat=NGN
2026-01-25 04:39:27 - INFO - Screenshot saved as 'pb2b/screenshots/bybit_page_20260125_043927.png'
2026-01-25 04:39:27 - WARNING - Error parsing row: Message: no such element: Unable to locate element: {"method":"css selector","selector":"td:nth-child(2)"}
  (Session info: chrome=144.0.7559.96); For documentation on this error, please visit: https://www.selenium.dev/documentation/webdriver/troubleshooting/errors#nosuchelementexception
Stacktrace:
#0 0x5617d1adbc3a <unknown>
#1 0x5617d14f5969 <unknown>
#2 0x5617d154aead <unknown>
#3 0x5617d154b0f1 <unknown>
#4 0x5617d153e6e6 <unknown>
#5 0x5617d153e5c7 <unknown>
#6 0x5617d1593a20 <unknown>
#7 0x5617d153cbe2 <unknown>
#8 0x5617d153d991 <unknown>
#9 0x5617d1aa1a99 <unknown>
#10 0x5617d1aa49b1 <unknown>
#11 0x5617d1a8e0a9 <unknown>
#12 0x5617d1aa556e <unknown>
#13 0x5617d1a745e0 <unknown>
#14 0x5617d1ac9358 <unknown>
#15 0x5617d1ac9528 <unknown>
#16 0x5617d1adafa8 <unknown>
#17 0x7fd77ba9caa4 <unknown>
#18 0x7fd77bb29c6c <unknown>

2026-01-25 04:39:27 - INFO - Fetching BUY listings for USDT/EUR
2026-01-25 04:39:28 - INFO - Data successfully saved to SQLite database. New listings - Bybit: 5, Binance: 6
2026-01-25 04:39:28 - INFO - Browser session closed
2026-01-25 04:39:28 - INFO - SQLite database connection closed
2026-01-25 05:12:58 - INFO - Logging initialized. Log file: pb2b/logs/bybit_scraper_20260125.log
2026-01-25 05:13:00 - INFO - DataSaver logging initialized. Log file: pb2b/logs/data_saver_20260125.log
2026-01-25 05:13:00 - INFO - Connected to SQLite database: pb2b/p2p_listings.db
2026-01-25 05:13:00 - INFO - Database tables created successfully
2026-01-25 05:13:00 - INFO - Attempt 1/10: Loading https://www.bybit.com/fiat/trade/otc?actionType=1&token=USDT&fiat=NGN
2026-01-25 05:13:09 - INFO - Screenshot saved as 'pb2b/screenshots/bybit_page_20260125_051309.png'
2026-01-25 05:13:09 - WARNING - Error parsing row: Message: no such element: Unable to locate element: {"method":"css selector","selector":"td:nth-child(2)"}
  (Session info: chrome=144.0.7559.96); For documentation on this error, please visit: https://www.selenium.dev/documentation/webdriver/troubleshooting/errors#nosuchelementexception
Stacktrace:
#0 0x564368a0ec3a <unknown>
#1 0x564368428969 <unknown>
#2 0x56436847dead <unknown>
#3 0x56436847e0f1 <unknown>
#4 0x5643684716e6 <unknown>
#5 0x5643684715c7 <unknown>
#6 0x5643684c6a20 <unknown>
#7 0x56436846fbe2 <unknown>
#8 0x564368470991 <unknown>
#9 0x5643689d4a99 <unknown>
#10 0x5643689d79b1 <unknown>
#11 0x5643689c10a9 <unknown>
#12 0x5643689d856e <unknown>
#13 0x5643689a75e0 <unknown>
#14 0x5643689fc358 <unknown>
#15 0x5643689fc528 <unknown>
#16 0x564368a0dfa8 <unknown>
#17 0x7f3f70a9caa4 <unknown>
#18 0x7f3f70b29c6c <unknown>

2026-01-25 05:13:10 - INFO - Fetching BUY listings for USDT/EUR
2026-01-25 05:13:11 - INFO - Data successfully saved to SQLite database. New listings - Bybit: 5, Binance: 6
2026-01-25 05:13:11 - INFO - Browser session closed
2026-01-25 05:13:11 - INFO - SQLite database connection closed
2026-01-25 05:49:22 - INFO - Logging initialized. Log file: pb2b/logs/bybit_scraper_20260125.log
2026-01-25 05:49:23 - INFO - DataSaver logging initialized. Log file: pb2b/logs/data_saver_20260125.log
2026-01-25 05:49:23 - INFO - Connected to SQLite database: pb2b/p2p_listings.db
2026-01-25 05:49:23 - INFO - Database tables created successfully
2026-01-25 05:49:23 - INFO - Attempt 1/10: Loading https://www.bybit.com/fiat/trade/otc?actionType=1&token=USDT&fiat=NGN
2026-01-25 05:49:36 - INFO - Screenshot saved as 'pb2b/screenshots/bybit_page_20260125_054936.png'
2026-01-25 05:49:36 - WARNING - Error parsing row: Message: no such element: Unable to locate element: {"method":"css selector","selector":"td:nth-child(2)"}
  (Session info: chrome=144.0.7559.96); For documentation on this error, please visit: https://www.selenium.dev/documentation/webdriver/troubleshooting/errors#nosuchelementexception
Stacktrace:
#0 0x555ffbb65c3a <unknown>
#1 0x555ffb57f969 <unknown>
#2 0x555ffb5d4ead <unknown>
#3 0x555ffb5d50f1 <unknown>
#4 0x555ffb5c86e6 <unknown>
#5 0x555ffb5c85c7 <unknown>
#6 0x555ffb61da20 <unknown>
#7 0x555ffb5c6be2 <unknown>
#8 0x555ffb5c7991 <unknown>
#9 0x555ffbb2ba99 <unknown>
#10 0x555ffbb2e9b1 <unknown>
#11 0x555ffbb180a9 <unknown>
#12 0x555ffbb2f56e <unknown>
#13 0x555ffbafe5e0 <unknown>
#14 0x555ffbb53358 <unknown>
#15 0x555ffbb53528 <unknown>
#16 0x555ffbb64fa8 <unknown>
#17 0x7faf3d29caa4 <unknown>
#18 0x7faf3d329c6c <unknown>

2026-01-25 05:49:37 - INFO - Fetching BUY listings for USDT/EUR
2026-01-25 05:49:37 - INFO - Data successfully saved to SQLite database. New listings - Bybit: 5, Binance: 6
2026-01-25 05:49:38 - INFO - Browser session closed
2026-01-25 05:49:38 - INFO - SQLite database connection closed
2026-01-25 06:08:10 - INFO - Logging initialized. Log file: pb2b/logs/bybit_scraper_20260125.log
2026-01-25 06:08:11 - INFO - DataSaver logging initialized. Log file: pb2b/logs/data_saver_20260125.log
2026-01-25 06:08:11 - INFO - Connected to SQLite database: pb2b/p2p_listings.db
2026-01-25 06:08:11 - INFO - Database tables created successfully
2026-01-25 06:08:11 - INFO - Attempt 1/10: Loading https://www.bybit.com/fiat/trade/otc?actionType=1&token=USDT&fiat=NGN
2026-01-25 06:08:22 - INFO - Screenshot saved as 'pb2b/screenshots/bybit_page_20260125_060821.png'
2026-01-25 06:08:22 - WARNING - Error parsing row: Message: no such element: Unable to locate element: {"method":"css selector","selector":"td:nth-child(2)"}
  (Session info: chrome=144.0.7559.96); For documentation on this error, please visit: https://www.selenium.dev/documentation/webdriver/troubleshooting/errors#nosuchelementexception
Stacktrace:
#0 0x55c6fdf6ec3a <unknown>
#1 0x55c6fd988969 <unknown>
#2 0x55c6fd9ddead <unknown>
#3 0x55c6fd9de0f1 <unknown>
#4 0x55c6fd9d16e6 <unknown>
#5 0x55c6fd9d15c7 <unknown>
#6 0x55c6fda26a20 <unknown>
#7 0x55c6fd9cfbe2 <unknown>
#8 0x55c6fd9d0991 <unknown>
#9 0x55c6fdf34a99 <unknown>
#10 0x55c6fdf379b1 <unknown>
#11 0x55c6fdf210a9 <unknown>
#12 0x55c6fdf3856e <unknown>
#13 0x55c6fdf075e0 <unknown>
#14 0x55c6fdf5c358 <unknown>
#15 0x55c6fdf5c528 <unknown>
#16 0x55c6fdf6dfa8 <unknown>
#17 0x7f46f5e9caa4 <unknown>
#18 0x7f46f5f29c6c <unknown>

2026-01-25 06:08:22 - INFO - Fetching BUY listings for USDT/EUR
2026-01-25 06:08:22 - INFO - Data successfully saved to SQLite database. New listings - Bybit: 5, Binance: 6
2026-01-25 06:08:22 - INFO - Browser session closed
2026-01-25 06:08:22 - INFO - SQLite database connection closed
2026-01-25 06:52:45 - INFO - Logging initialized. Log file: pb2b/logs/bybit_scraper_20260125.log
2026-01-25 06:52:46 - INFO - DataSaver logging initialized. Log file: pb2b/logs/data_saver_20260125.log
2026-01-25 06:52:46 - INFO - Connected to SQLite database: pb2b/p2p_listings.db
2026-01-25 06:52:46 - INFO - Database tables created successfully
2026-01-25 06:52:46 - INFO - Attempt 1/10: Loading https://www.bybit.com/fiat/trade/otc?actionType=1&token=USDT&fiat=NGN
2026-01-25 06:52:55 - INFO - Screenshot saved as 'pb2b/screenshots/bybit_page_20260125_065255.png'
2026-01-25 06:52:55 - WARNING - Error parsing row: Message: no such element: Unable to locate element: {"method":"css selector","selector":"td:nth-child(2)"}
  (Session info: chrome=144.0.7559.96); For documentation on this error, please visit: https://www.selenium.dev/documentation/webdriver/troubleshooting/errors#nosuchelementexception
Stacktrace:
#0 0x55e45c0ebc3a <unknown>
#1 0x55e45bb05969 <unknown>
#2 0x55e45bb5aead <unknown>
#3 0x55e45bb5b0f1 <unknown>
#4 0x55e45bb4e6e6 <unknown>
#5 0x55e45bb4e5c7 <unknown>
#6 0x55e45bba3a20 <unknown>
#7 0x55e45bb4cbe2 <unknown>
#8 0x55e45bb4d991 <unknown>
#9 0x55e45c0b1a99 <unknown>
#10 0x55e45c0b49b1 <unknown>
#11 0x55e45c09e0a9 <unknown>
#12 0x55e45c0b556e <unknown>
#13 0x55e45c0845e0 <unknown>
#14 0x55e45c0d9358 <unknown>
#15 0x55e45c0d9528 <unknown>
#16 0x55e45c0eafa8 <unknown>
#17 0x7f8ab509caa4 <unknown>
#18 0x7f8ab5129c6c <unknown>

2026-01-25 06:52:56 - INFO - Fetching BUY listings for USDT/EUR
2026-01-25 06:52:56 - INFO - Data successfully saved to SQLite database. New listings - Bybit: 5, Binance: 6
2026-01-25 06:52:56 - INFO - Browser session closed
2026-01-25 06:52:56 - INFO - SQLite database connection closed
2026-01-25 07:20:24 - INFO - Logging initialized. Log file: pb2b/logs/bybit_scraper_20260125.log
2026-01-25 07:20:25 - INFO - DataSaver logging initialized. Log file: pb2b/logs/data_saver_20260125.log
2026-01-25 07:20:25 - INFO - Connected to SQLite database: pb2b/p2p_listings.db
2026-01-25 07:20:25 - INFO - Database tables created successfully
2026-01-25 07:20:25 - INFO - Attempt 1/10: Loading https://www.bybit.com/fiat/trade/otc?actionType=1&token=USDT&fiat=NGN
2026-01-25 07:20:34 - INFO - Screenshot saved as 'pb2b/screenshots/bybit_page_20260125_072034.png'
2026-01-25 07:20:34 - WARNING - Error parsing row: Message: no such element: Unable to locate element: {"method":"css selector","selector":"td:nth-child(2)"}
  (Session info: chrome=144.0.7559.96); For documentation on this error, please visit: https://www.selenium.dev/documentation/webdriver/troubleshooting/errors#nosuchelementexception
Stacktrace:
#0 0x565088f0dc3a <unknown>
#1 0x565088927969 <unknown>
#2 0x56508897cead <unknown>
#3 0x56508897d0f1 <unknown>
#4 0x5650889706e6 <unknown>
#5 0x5650889705c7 <unknown>
#6 0x5650889c5a20 <unknown>
#7 0x56508896ebe2 <unknown>
#8 0x56508896f991 <unknown>
#9 0x565088ed3a99 <unknown>
#10 0x565088ed69b1 <unknown>
#11 0x565088ec00a9 <unknown>
#12 0x565088ed756e <unknown>
#13 0x565088ea65e0 <unknown>
#14 0x565088efb358 <unknown>
#15 0x565088efb528 <unknown>
#16 0x565088f0cfa8 <unknown>
#17 0x7f122049caa4 <unknown>
#18 0x7f1220529c6c <unknown>

2026-01-25 07:20:34 - INFO - Fetching BUY listings for USDT/EUR
2026-01-25 07:20:35 - INFO - Data successfully saved to SQLite database. New listings - Bybit: 5, Binance: 6
2026-01-25 07:20:35 - INFO - Browser session closed
2026-01-25 07:20:35 - INFO - SQLite database connection closed
2026-01-25 07:40:26 - INFO - Logging initialized. Log file: pb2b/logs/bybit_scraper_20260125.log
2026-01-25 07:40:27 - INFO - DataSaver logging initialized. Log file: pb2b/logs/data_saver_20260125.log
2026-01-25 07:40:27 - INFO - Connected to SQLite database: pb2b/p2p_listings.db
2026-01-25 07:40:27 - INFO - Database tables created successfully
2026-01-25 07:40:27 - INFO - Attempt 1/10: Loading https://www.bybit.com/fiat/trade/otc?actionType=1&token=USDT&fiat=NGN
2026-01-25 07:40:36 - INFO - Screenshot saved as 'pb2b/screenshots/bybit_page_20260125_074036.png'
2026-01-25 07:40:36 - WARNING - Error parsing row: Message: no such element: Unable to locate element: {"method":"css selector","selector":"td:nth-child(2)"}
  (Session info: chrome=144.0.7559.96); For documentation on this error, please visit: https://www.selenium.dev/documentation/webdriver/troubleshooting/errors#nosuchelementexception
Stacktrace:
#0 0x55c607523c3a <unknown>
#1 0x55c606f3d969 <unknown>
#2 0x55c606f92ead <unknown>
#3 0x55c606f930f1 <unknown>
#4 0x55c606f866e6 <unknown>
#5 0x55c606f865c7 <unknown>
#6 0x55c606fdba20 <unknown>
#7 0x55c606f84be2 <unknown>
#8 0x55c606f85991 <unknown>
#9 0x55c6074e9a99 <unknown>
#10 0x55c6074ec9b1 <unknown>
#11 0x55c6074d60a9 <unknown>
#12 0x55c6074ed56e <unknown>
#13 0x55c6074bc5e0 <unknown>
#14 0x55c607511358 <unknown>
#15 0x55c607511528 <unknown>
#16 0x55c607522fa8 <unknown>
#17 0x7f384ea9caa4 <unknown>
#18 0x7f384eb29c6c <unknown>

2026-01-25 07:40:37 - INFO - Fetching BUY listings for USDT/EUR
2026-01-25 07:40:38 - INFO - Data successfully saved to SQLite database. New listings - Bybit: 5, Binance: 6
2026-01-25 07:40:38 - INFO - Browser session closed
2026-01-25 07:40:38 - INFO - SQLite database connection closed
2026-01-25 07:54:59 - INFO - Logging initialized. Log file: pb2b/logs/bybit_scraper_20260125.log
2026-01-25 07:55:00 - INFO - DataSaver logging initialized. Log file: pb2b/logs/data_saver_20260125.log
2026-01-25 07:55:00 - INFO - Connected to SQLite database: pb2b/p2p_listings.db
2026-01-25 07:55:00 - INFO - Database tables created successfully
2026-01-25 07:55:00 - INFO - Attempt 1/10: Loading https://www.bybit.com/fiat/trade/otc?actionType=1&token=USDT&fiat=NGN
2026-01-25 07:55:10 - INFO - Screenshot saved as 'pb2b/screenshots/bybit_page_20260125_075509.png'
2026-01-25 07:55:10 - WARNING - Error parsing row: Message: no such element: Unable to locate element: {"method":"css selector","selector":"td:nth-child(2)"}
  (Session info: chrome=144.0.7559.96); For documentation on this error, please visit: https://www.selenium.dev/documentation/webdriver/troubleshooting/errors#nosuchelementexception
Stacktrace:
#0 0x5639e3c89c3a <unknown>
#1 0x5639e36a3969 <unknown>
#2 0x5639e36f8ead <unknown>
#3 0x5639e36f90f1 <unknown>
#4 0x5639e36ec6e6 <unknown>
#5 0x5639e36ec5c7 <unknown>
#6 0x5639e3741a20 <unknown>
#7 0x5639e36eabe2 <unknown>
#8 0x5639e36eb991 <unknown>
#9 0x5639e3c4fa99 <unknown>
#10 0x5639e3c529b1 <unknown>
#11 0x5639e3c3c0a9 <unknown>
#12 0x5639e3c5356e <unknown>
#13 0x5639e3c225e0 <unknown>
#14 0x5639e3c77358 <unknown>
#15 0x5639e3c77528 <unknown>
#16 0x5639e3c88fa8 <unknown>
#17 0x7faa9349caa4 <unknown>
#18 0x7faa93529c6c <unknown>

2026-01-25 07:55:10 - INFO - Fetching BUY listings for USDT/EUR
2026-01-25 07:55:11 - INFO - Data successfully saved to SQLite database. New listings - Bybit: 5, Binance: 6
2026-01-25 07:55:11 - INFO - Browser session closed
2026-01-25 07:55:11 - INFO - SQLite database connection closed
2026-01-25 08:24:11 - INFO - Logging initialized. Log file: pb2b/logs/bybit_scraper_20260125.log
2026-01-25 08:24:12 - INFO - DataSaver logging initialized. Log file: pb2b/logs/data_saver_20260125.log
2026-01-25 08:24:12 - INFO - Connected to SQLite database: pb2b/p2p_listings.db
2026-01-25 08:24:12 - INFO - Database tables created successfully
2026-01-25 08:24:12 - INFO - Attempt 1/10: Loading https://www.bybit.com/fiat/trade/otc?actionType=1&token=USDT&fiat=NGN
2026-01-25 08:24:20 - INFO - Screenshot saved as 'pb2b/screenshots/bybit_page_20260125_082420.png'
2026-01-25 08:24:20 - WARNING - Error parsing row: Message: no such element: Unable to locate element: {"method":"css selector","selector":"td:nth-child(2)"}
  (Session info: chrome=144.0.7559.96); For documentation on this error, please visit: https://www.selenium.dev/documentation/webdriver/troubleshooting/errors#nosuchelementexception
Stacktrace:
#0 0x5623c4522c3a <unknown>
#1 0x5623c3f3c969 <unknown>
#2 0x5623c3f91ead <unknown>
#3 0x5623c3f920f1 <unknown>
#4 0x5623c3f856e6 <unknown>
#5 0x5623c3f855c7 <unknown>
#6 0x5623c3fdaa20 <unknown>
#7 0x5623c3f83be2 <unknown>
#8 0x5623c3f84991 <unknown>
#9 0x5623c44e8a99 <unknown>
#10 0x5623c44eb9b1 <unknown>
#11 0x5623c44d50a9 <unknown>
#12 0x5623c44ec56e <unknown>
#13 0x5623c44bb5e0 <unknown>
#14 0x5623c4510358 <unknown>
#15 0x5623c4510528 <unknown>
#16 0x5623c4521fa8 <unknown>
#17 0x7f65b349caa4 <unknown>
#18 0x7f65b3529c6c <unknown>

2026-01-25 08:24:20 - INFO - Fetching BUY listings for USDT/EUR
2026-01-25 08:24:21 - INFO - Data successfully saved to SQLite database. New listings - Bybit: 5, Binance: 6
2026-01-25 08:24:21 - INFO - Browser session closed
2026-01-25 08:24:21 - INFO - SQLite database connection closed
2026-01-25 08:52:34 - INFO - Logging initialized. Log file: pb2b/logs/bybit_scraper_20260125.log
2026-01-25 08:52:36 - INFO - DataSaver logging initialized. Log file: pb2b/logs/data_saver_20260125.log
2026-01-25 08:52:36 - INFO - Connected to SQLite database: pb2b/p2p_listings.db
2026-01-25 08:52:36 - INFO - Database tables created successfully
2026-01-25 08:52:36 - INFO - Attempt 1/10: Loading https://www.bybit.com/fiat/trade/otc?actionType=1&token=USDT&fiat=NGN
2026-01-25 08:52:53 - INFO - Screenshot saved as 'pb2b/screenshots/bybit_page_20260125_085253.png'
2026-01-25 08:52:54 - WARNING - Error parsing row: Message: no such element: Unable to locate element: {"method":"css selector","selector":"td:nth-child(2)"}
  (Session info: chrome=144.0.7559.96); For documentation on this error, please visit: https://www.selenium.dev/documentation/webdriver/troubleshooting/errors#nosuchelementexception
Stacktrace:
#0 0x5623529efc3a <unknown>
#1 0x562352409969 <unknown>
#2 0x56235245eead <unknown>
#3 0x56235245f0f1 <unknown>
#4 0x5623524526e6 <unknown>
#5 0x5623524525c7 <unknown>
#6 0x5623524a7a20 <unknown>
#7 0x562352450be2 <unknown>
#8 0x562352451991 <unknown>
#9 0x5623529b5a99 <unknown>
#10 0x5623529b89b1 <unknown>
#11 0x5623529a20a9 <unknown>
#12 0x5623529b956e <unknown>
#13 0x5623529885e0 <unknown>
#14 0x5623529dd358 <unknown>
#15 0x5623529dd528 <unknown>
#16 0x5623529eefa8 <unknown>
#17 0x7f209d29caa4 <unknown>
#18 0x7f209d329c6c <unknown>

2026-01-25 08:52:54 - INFO - Fetching BUY listings for USDT/EUR
2026-01-25 08:52:54 - INFO - Data successfully saved to SQLite database. New listings - Bybit: 5, Binance: 6
2026-01-25 08:52:55 - INFO - Browser session closed
2026-01-25 08:52:55 - INFO - SQLite database connection closed
