2025-10-16 19:19:04 - INFO - Logging initialized. Log file: pb2b/logs/bybit_scraper_20251016.log
2025-10-16 19:19:09 - INFO - DataSaver logging initialized. Log file: pb2b/logs/data_saver_20251016.log
2025-10-16 19:19:09 - INFO - Connected to SQLite database: pb2b/p2p_listings.db
2025-10-16 19:19:09 - INFO - Database tables created successfully
2025-10-16 19:19:09 - INFO - Attempt 1/10: Loading https://www.bybit.com/fiat/trade/otc?actionType=1&token=USDT&fiat=NGN
2025-10-16 19:19:19 - INFO - Screenshot saved as 'pb2b/screenshots/bybit_page_20251016_191918.png'
2025-10-16 19:19:19 - INFO - Fetching BUY listings for USDT/EUR
2025-10-16 19:19:20 - INFO - Data successfully saved to SQLite database. New listings - Bybit: 4, Binance: 6
2025-10-16 19:19:20 - INFO - Browser session closed
2025-10-16 19:19:20 - INFO - SQLite database connection closed
2025-10-16 20:59:48 - INFO - Logging initialized. Log file: pb2b/logs/bybit_scraper_20251016.log
2025-10-16 20:59:53 - INFO - DataSaver logging initialized. Log file: pb2b/logs/data_saver_20251016.log
2025-10-16 20:59:53 - INFO - Connected to SQLite database: pb2b/p2p_listings.db
2025-10-16 20:59:53 - INFO - Database tables created successfully
2025-10-16 20:59:53 - INFO - Attempt 1/10: Loading https://www.bybit.com/fiat/trade/otc?actionType=1&token=USDT&fiat=NGN
2025-10-16 21:00:04 - INFO - Screenshot saved as 'pb2b/screenshots/bybit_page_20251016_210004.png'
2025-10-16 21:00:04 - INFO - Fetching BUY listings for USDT/EUR
2025-10-16 21:00:05 - INFO - Data successfully saved to SQLite database. New listings - Bybit: 4, Binance: 6
2025-10-16 21:00:06 - INFO - Browser session closed
2025-10-16 21:00:06 - INFO - SQLite database connection closed
2025-10-16 22:33:00 - INFO - Logging initialized. Log file: pb2b/logs/bybit_scraper_20251016.log
2025-10-16 22:33:10 - INFO - DataSaver logging initialized. Log file: pb2b/logs/data_saver_20251016.log
2025-10-16 22:33:10 - INFO - Connected to SQLite database: pb2b/p2p_listings.db
2025-10-16 22:33:10 - INFO - Database tables created successfully
2025-10-16 22:33:10 - INFO - Attempt 1/10: Loading https://www.bybit.com/fiat/trade/otc?actionType=1&token=USDT&fiat=NGN
2025-10-16 22:33:20 - INFO - Screenshot saved as 'pb2b/screenshots/bybit_page_20251016_223320.png'
2025-10-16 22:33:20 - INFO - Fetching BUY listings for USDT/EUR
2025-10-16 22:33:21 - INFO - Data successfully saved to SQLite database. New listings - Bybit: 4, Binance: 6
2025-10-16 22:33:21 - INFO - Browser session closed
2025-10-16 22:33:21 - INFO - SQLite database connection closed
2025-10-16 22:46:02 - INFO - Logging initialized. Log file: pb2b/logs/bybit_scraper_20251016.log
2025-10-16 22:46:21 - INFO - DataSaver logging initialized. Log file: pb2b/logs/data_saver_20251016.log
2025-10-16 22:46:21 - INFO - Connected to SQLite database: pb2b/p2p_listings.db
2025-10-16 22:46:21 - INFO - Database tables created successfully
2025-10-16 22:46:21 - INFO - Attempt 1/10: Loading https://www.bybit.com/fiat/trade/otc?actionType=1&token=USDT&fiat=NGN
2025-10-16 22:46:34 - INFO - Screenshot saved as 'pb2b/screenshots/bybit_page_20251016_224634.png'
2025-10-16 22:46:34 - INFO - Fetching BUY listings for USDT/EUR
2025-10-16 22:46:35 - INFO - Data successfully saved to SQLite database. New listings - Bybit: 4, Binance: 6
2025-10-16 22:46:35 - INFO - Browser session closed
2025-10-16 22:46:35 - INFO - SQLite database connection closed
2025-10-16 23:52:29 - INFO - Logging initialized. Log file: pb2b/logs/bybit_scraper_20251016.log
2025-10-16 23:52:40 - INFO - DataSaver logging initialized. Log file: pb2b/logs/data_saver_20251016.log
2025-10-16 23:52:40 - INFO - Connected to SQLite database: pb2b/p2p_listings.db
2025-10-16 23:52:40 - INFO - Database tables created successfully
2025-10-16 23:52:40 - INFO - Attempt 1/10: Loading https://www.bybit.com/fiat/trade/otc?actionType=1&token=USDT&fiat=NGN
2025-10-16 23:52:51 - INFO - Screenshot saved as 'pb2b/screenshots/bybit_page_20251016_235251.png'
2025-10-16 23:52:51 - INFO - Fetching BUY listings for USDT/EUR
2025-10-16 23:52:52 - INFO - Data successfully saved to SQLite database. New listings - Bybit: 4, Binance: 6
2025-10-16 23:52:52 - INFO - Browser session closed
2025-10-16 23:52:52 - INFO - SQLite database connection closed
