2026-01-24 00:05:34 - INFO - Logging initialized. Log file: pb2b/logs/bybit_scraper_20260124.log
2026-01-24 00:05:35 - INFO - DataSaver logging initialized. Log file: pb2b/logs/data_saver_20260124.log
2026-01-24 00:05:35 - INFO - Connected to SQLite database: pb2b/p2p_listings.db
2026-01-24 00:05:35 - INFO - Database tables created successfully
2026-01-24 00:05:35 - INFO - Attempt 1/10: Loading https://www.bybit.com/fiat/trade/otc?actionType=1&token=USDT&fiat=NGN
2026-01-24 00:05:47 - INFO - Screenshot saved as 'pb2b/screenshots/bybit_page_20260124_000547.png'
2026-01-24 00:05:47 - WARNING - Error parsing row: Message: no such element: Unable to locate element: {"method":"css selector","selector":"td:nth-child(2)"}
  (Session info: chrome=144.0.7559.96); For documentation on this error, please visit: https://www.selenium.dev/documentation/webdriver/troubleshooting/errors#nosuchelementexception
Stacktrace:
#0 0x562a1fe61c3a <unknown>
#1 0x562a1f87b969 <unknown>
#2 0x562a1f8d0ead <unknown>
#3 0x562a1f8d10f1 <unknown>
#4 0x562a1f8c46e6 <unknown>
#5 0x562a1f8c45c7 <unknown>
#6 0x562a1f919a20 <unknown>
#7 0x562a1f8c2be2 <unknown>
#8 0x562a1f8c3991 <unknown>
#9 0x562a1fe27a99 <unknown>
#10 0x562a1fe2a9b1 <unknown>
#11 0x562a1fe140a9 <unknown>
#12 0x562a1fe2b56e <unknown>
#13 0x562a1fdfa5e0 <unknown>
#14 0x562a1fe4f358 <unknown>
#15 0x562a1fe4f528 <unknown>
#16 0x562a1fe60fa8 <unknown>
#17 0x7f2007a9caa4 <unknown>
#18 0x7f2007b29c6c <unknown>

2026-01-24 00:05:47 - INFO - Fetching BUY listings for USDT/EUR
2026-01-24 00:05:48 - INFO - Data successfully saved to SQLite database. New listings - Bybit: 5, Binance: 6
2026-01-24 00:05:48 - INFO - Browser session closed
2026-01-24 00:05:48 - INFO - SQLite database connection closed
