2025-12-19 01:58:17 - INFO - Logging initialized. Log file: pb2b/logs/bybit_scraper_20251219.log
2025-12-19 01:58:18 - INFO - DataSaver logging initialized. Log file: pb2b/logs/data_saver_20251219.log
2025-12-19 01:58:18 - INFO - Connected to SQLite database: pb2b/p2p_listings.db
2025-12-19 01:58:18 - INFO - Database tables created successfully
2025-12-19 01:58:18 - INFO - Attempt 1/10: Loading https://www.bybit.com/fiat/trade/otc?actionType=1&token=USDT&fiat=NGN
2025-12-19 01:58:28 - INFO - Screenshot saved as 'pb2b/screenshots/bybit_page_20251219_015828.png'
2025-12-19 01:58:28 - WARNING - Error parsing row: Message: no such element: Unable to locate element: {"method":"css selector","selector":"td:nth-child(2)"}
  (Session info: chrome=143.0.7499.169); For documentation on this error, please visit: https://www.selenium.dev/documentation/webdriver/troubleshooting/errors#nosuchelementexception
Stacktrace:
#0 0x55a25169319a <unknown>
#1 0x55a251110c4b <unknown>
#2 0x55a251162318 <unknown>
#3 0x55a251162551 <unknown>
#4 0x55a251156586 <unknown>
#5 0x55a251156477 <unknown>
#6 0x55a2511adbee <unknown>
#7 0x55a251154c42 <unknown>
#8 0x55a2511558f1 <unknown>
#9 0x55a25165bf39 <unknown>
#10 0x55a25165ee7d <unknown>
#11 0x55a251644c81 <unknown>
#12 0x55a25165fa5b <unknown>
#13 0x55a25162ba50 <unknown>
#14 0x55a251680aa8 <unknown>
#15 0x55a251680c79 <unknown>
#16 0x55a2516924f3 <unknown>
#17 0x7f155189caa4 <unknown>
#18 0x7f1551929c6c <unknown>

2025-12-19 01:58:29 - INFO - Fetching BUY listings for USDT/EUR
2025-12-19 01:58:30 - INFO - Data successfully saved to SQLite database. New listings - Bybit: 4, Binance: 6
2025-12-19 01:58:30 - INFO - Browser session closed
2025-12-19 01:58:30 - INFO - SQLite database connection closed
2025-12-19 03:31:11 - INFO - Logging initialized. Log file: pb2b/logs/bybit_scraper_20251219.log
2025-12-19 03:31:12 - INFO - DataSaver logging initialized. Log file: pb2b/logs/data_saver_20251219.log
2025-12-19 03:31:12 - INFO - Connected to SQLite database: pb2b/p2p_listings.db
2025-12-19 03:31:12 - INFO - Database tables created successfully
2025-12-19 03:31:12 - INFO - Attempt 1/10: Loading https://www.bybit.com/fiat/trade/otc?actionType=1&token=USDT&fiat=NGN
2025-12-19 03:31:20 - INFO - Screenshot saved as 'pb2b/screenshots/bybit_page_20251219_033120.png'
2025-12-19 03:31:20 - WARNING - Error parsing row: Message: no such element: Unable to locate element: {"method":"css selector","selector":"td:nth-child(2)"}
  (Session info: chrome=143.0.7499.169); For documentation on this error, please visit: https://www.selenium.dev/documentation/webdriver/troubleshooting/errors#nosuchelementexception
Stacktrace:
#0 0x555e916a419a <unknown>
#1 0x555e91121c4b <unknown>
#2 0x555e91173318 <unknown>
#3 0x555e91173551 <unknown>
#4 0x555e91167586 <unknown>
#5 0x555e91167477 <unknown>
#6 0x555e911bebee <unknown>
#7 0x555e91165c42 <unknown>
#8 0x555e911668f1 <unknown>
#9 0x555e9166cf39 <unknown>
#10 0x555e9166fe7d <unknown>
#11 0x555e91655c81 <unknown>
#12 0x555e91670a5b <unknown>
#13 0x555e9163ca50 <unknown>
#14 0x555e91691aa8 <unknown>
#15 0x555e91691c79 <unknown>
#16 0x555e916a34f3 <unknown>
#17 0x7fce05e9caa4 <unknown>
#18 0x7fce05f29c6c <unknown>

2025-12-19 03:31:20 - INFO - Fetching BUY listings for USDT/EUR
2025-12-19 03:31:21 - INFO - Data successfully saved to SQLite database. New listings - Bybit: 4, Binance: 6
2025-12-19 03:31:21 - INFO - Browser session closed
2025-12-19 03:31:21 - INFO - SQLite database connection closed
2025-12-19 04:14:45 - INFO - Logging initialized. Log file: pb2b/logs/bybit_scraper_20251219.log
2025-12-19 04:14:46 - INFO - DataSaver logging initialized. Log file: pb2b/logs/data_saver_20251219.log
2025-12-19 04:14:46 - INFO - Connected to SQLite database: pb2b/p2p_listings.db
2025-12-19 04:14:46 - INFO - Database tables created successfully
2025-12-19 04:14:46 - INFO - Attempt 1/10: Loading https://www.bybit.com/fiat/trade/otc?actionType=1&token=USDT&fiat=NGN
2025-12-19 04:14:55 - INFO - Screenshot saved as 'pb2b/screenshots/bybit_page_20251219_041455.png'
2025-12-19 04:14:55 - WARNING - Error parsing row: Message: no such element: Unable to locate element: {"method":"css selector","selector":"td:nth-child(2)"}
  (Session info: chrome=143.0.7499.169); For documentation on this error, please visit: https://www.selenium.dev/documentation/webdriver/troubleshooting/errors#nosuchelementexception
Stacktrace:
#0 0x556c27fd919a <unknown>
#1 0x556c27a56c4b <unknown>
#2 0x556c27aa8318 <unknown>
#3 0x556c27aa8551 <unknown>
#4 0x556c27a9c586 <unknown>
#5 0x556c27a9c477 <unknown>
#6 0x556c27af3bee <unknown>
#7 0x556c27a9ac42 <unknown>
#8 0x556c27a9b8f1 <unknown>
#9 0x556c27fa1f39 <unknown>
#10 0x556c27fa4e7d <unknown>
#11 0x556c27f8ac81 <unknown>
#12 0x556c27fa5a5b <unknown>
#13 0x556c27f71a50 <unknown>
#14 0x556c27fc6aa8 <unknown>
#15 0x556c27fc6c79 <unknown>
#16 0x556c27fd84f3 <unknown>
#17 0x7f03e149caa4 <unknown>
#18 0x7f03e1529c6c <unknown>

2025-12-19 04:14:56 - INFO - Fetching BUY listings for USDT/EUR
2025-12-19 04:14:56 - INFO - Data successfully saved to SQLite database. New listings - Bybit: 4, Binance: 6
2025-12-19 04:14:56 - INFO - Browser session closed
2025-12-19 04:14:56 - INFO - SQLite database connection closed
