2026-04-20 01:17:19 - INFO - Logging initialized. Log file: pb2b/logs/bybit_scraper_20260420.log
2026-04-20 01:17:20 - INFO - DataSaver logging initialized. Log file: pb2b/logs/data_saver_20260420.log
2026-04-20 01:17:20 - INFO - Connected to SQLite database: pb2b/p2p_listings.db
2026-04-20 01:17:20 - INFO - Database tables created successfully
2026-04-20 01:17:20 - INFO - Attempt 1/10: Loading https://www.bybit.com/fiat/trade/otc?actionType=1&token=USDT&fiat=NGN
2026-04-20 01:17:28 - INFO - Screenshot saved as 'pb2b/screenshots/bybit_page_20260420_011727.png'
2026-04-20 01:17:28 - WARNING - Error parsing row: Message: no such element: Unable to locate element: {"method":"css selector","selector":"td:nth-child(2)"}
  (Session info: chrome=147.0.7727.101); For documentation on this error, please visit: https://www.selenium.dev/documentation/webdriver/troubleshooting/errors#nosuchelementexception
Stacktrace:
#0 0x55d99243db6a <unknown>
#1 0x55d991e3f265 <unknown>
#2 0x55d991e91f76 <unknown>
#3 0x55d991e921b1 <unknown>
#4 0x55d991e86f26 <unknown>
#5 0x55d991e86e07 <unknown>
#6 0x55d991eda969 <unknown>
#7 0x55d991e855cf <unknown>
#8 0x55d991e86391 <unknown>
#9 0x55d99240304b <unknown>
#10 0x55d99240600d <unknown>
#11 0x55d9923ef808 <unknown>
#12 0x55d992406ba0 <unknown>
#13 0x55d9923d6280 <unknown>
#14 0x55d99242adb8 <unknown>
#15 0x55d99242af88 <unknown>
#16 0x55d99243c5de <unknown>
#17 0x7fc00de9caa4 <unknown>
#18 0x7fc00df29c6c <unknown>

2026-04-20 01:17:28 - WARNING - Error parsing row: Message: no such element: Unable to locate element: {"method":"css selector","selector":"td:nth-child(2)"}
  (Session info: chrome=147.0.7727.101); For documentation on this error, please visit: https://www.selenium.dev/documentation/webdriver/troubleshooting/errors#nosuchelementexception
Stacktrace:
#0 0x55d99243db6a <unknown>
#1 0x55d991e3f265 <unknown>
#2 0x55d991e91f76 <unknown>
#3 0x55d991e921b1 <unknown>
#4 0x55d991e86f26 <unknown>
#5 0x55d991e86e07 <unknown>
#6 0x55d991eda969 <unknown>
#7 0x55d991e855cf <unknown>
#8 0x55d991e86391 <unknown>
#9 0x55d99240304b <unknown>
#10 0x55d99240600d <unknown>
#11 0x55d9923ef808 <unknown>
#12 0x55d992406ba0 <unknown>
#13 0x55d9923d6280 <unknown>
#14 0x55d99242adb8 <unknown>
#15 0x55d99242af88 <unknown>
#16 0x55d99243c5de <unknown>
#17 0x7fc00de9caa4 <unknown>
#18 0x7fc00df29c6c <unknown>

2026-04-20 01:17:28 - INFO - Fetching BUY listings for USDT/EUR
2026-04-20 01:17:29 - INFO - Data successfully saved to SQLite database. New listings - Bybit: 3, Binance: 6
2026-04-20 01:17:29 - INFO - Browser session closed
2026-04-20 01:17:29 - INFO - SQLite database connection closed
2026-04-20 04:37:12 - INFO - Logging initialized. Log file: pb2b/logs/bybit_scraper_20260420.log
2026-04-20 04:37:13 - INFO - DataSaver logging initialized. Log file: pb2b/logs/data_saver_20260420.log
2026-04-20 04:37:13 - INFO - Connected to SQLite database: pb2b/p2p_listings.db
2026-04-20 04:37:13 - INFO - Database tables created successfully
2026-04-20 04:37:13 - INFO - Attempt 1/10: Loading https://www.bybit.com/fiat/trade/otc?actionType=1&token=USDT&fiat=NGN
2026-04-20 04:37:21 - INFO - Screenshot saved as 'pb2b/screenshots/bybit_page_20260420_043721.png'
2026-04-20 04:37:21 - WARNING - Error parsing row: Message: no such element: Unable to locate element: {"method":"css selector","selector":"td:nth-child(2)"}
  (Session info: chrome=147.0.7727.101); For documentation on this error, please visit: https://www.selenium.dev/documentation/webdriver/troubleshooting/errors#nosuchelementexception
Stacktrace:
#0 0x55fc4ed5eb6a <unknown>
#1 0x55fc4e760265 <unknown>
#2 0x55fc4e7b2f76 <unknown>
#3 0x55fc4e7b31b1 <unknown>
#4 0x55fc4e7a7f26 <unknown>
#5 0x55fc4e7a7e07 <unknown>
#6 0x55fc4e7fb969 <unknown>
#7 0x55fc4e7a65cf <unknown>
#8 0x55fc4e7a7391 <unknown>
#9 0x55fc4ed2404b <unknown>
#10 0x55fc4ed2700d <unknown>
#11 0x55fc4ed10808 <unknown>
#12 0x55fc4ed27ba0 <unknown>
#13 0x55fc4ecf7280 <unknown>
#14 0x55fc4ed4bdb8 <unknown>
#15 0x55fc4ed4bf88 <unknown>
#16 0x55fc4ed5d5de <unknown>
#17 0x7f13ed89caa4 <unknown>
#18 0x7f13ed929c6c <unknown>

2026-04-20 04:37:21 - WARNING - Error parsing row: Message: no such element: Unable to locate element: {"method":"css selector","selector":"td:nth-child(2)"}
  (Session info: chrome=147.0.7727.101); For documentation on this error, please visit: https://www.selenium.dev/documentation/webdriver/troubleshooting/errors#nosuchelementexception
Stacktrace:
#0 0x55fc4ed5eb6a <unknown>
#1 0x55fc4e760265 <unknown>
#2 0x55fc4e7b2f76 <unknown>
#3 0x55fc4e7b31b1 <unknown>
#4 0x55fc4e7a7f26 <unknown>
#5 0x55fc4e7a7e07 <unknown>
#6 0x55fc4e7fb969 <unknown>
#7 0x55fc4e7a65cf <unknown>
#8 0x55fc4e7a7391 <unknown>
#9 0x55fc4ed2404b <unknown>
#10 0x55fc4ed2700d <unknown>
#11 0x55fc4ed10808 <unknown>
#12 0x55fc4ed27ba0 <unknown>
#13 0x55fc4ecf7280 <unknown>
#14 0x55fc4ed4bdb8 <unknown>
#15 0x55fc4ed4bf88 <unknown>
#16 0x55fc4ed5d5de <unknown>
#17 0x7f13ed89caa4 <unknown>
#18 0x7f13ed929c6c <unknown>

2026-04-20 04:37:21 - INFO - Fetching BUY listings for USDT/EUR
2026-04-20 04:37:22 - INFO - Data successfully saved to SQLite database. New listings - Bybit: 3, Binance: 6
2026-04-20 04:37:22 - INFO - Browser session closed
2026-04-20 04:37:22 - INFO - SQLite database connection closed
