2025-11-15 01:54:49 - INFO - Logging initialized. Log file: pb2b/logs/bybit_scraper_20251115.log
2025-11-15 01:55:18 - INFO - DataSaver logging initialized. Log file: pb2b/logs/data_saver_20251115.log
2025-11-15 01:55:18 - INFO - Connected to SQLite database: pb2b/p2p_listings.db
2025-11-15 01:55:18 - INFO - Database tables created successfully
2025-11-15 01:55:18 - INFO - Attempt 1/10: Loading https://www.bybit.com/fiat/trade/otc?actionType=1&token=USDT&fiat=NGN
2025-11-15 01:55:35 - INFO - Screenshot saved as 'pb2b/screenshots/bybit_page_20251115_015535.png'
2025-11-15 01:55:35 - INFO - Fetching BUY listings for USDT/EUR
2025-11-15 01:55:36 - INFO - Data successfully saved to SQLite database. New listings - Bybit: 4, Binance: 6
2025-11-15 01:55:36 - INFO - Browser session closed
2025-11-15 01:55:36 - INFO - SQLite database connection closed
2025-11-15 03:07:29 - INFO - Logging initialized. Log file: pb2b/logs/bybit_scraper_20251115.log
2025-11-15 03:07:35 - INFO - DataSaver logging initialized. Log file: pb2b/logs/data_saver_20251115.log
2025-11-15 03:07:35 - INFO - Connected to SQLite database: pb2b/p2p_listings.db
2025-11-15 03:07:35 - INFO - Database tables created successfully
2025-11-15 03:07:35 - INFO - Attempt 1/10: Loading https://www.bybit.com/fiat/trade/otc?actionType=1&token=USDT&fiat=NGN
2025-11-15 03:07:46 - INFO - Screenshot saved as 'pb2b/screenshots/bybit_page_20251115_030746.png'
2025-11-15 03:07:46 - INFO - Fetching BUY listings for USDT/EUR
2025-11-15 03:07:47 - INFO - Data successfully saved to SQLite database. New listings - Bybit: 4, Binance: 6
2025-11-15 03:07:47 - INFO - Browser session closed
2025-11-15 03:07:47 - INFO - SQLite database connection closed
2025-11-15 03:48:56 - INFO - Logging initialized. Log file: pb2b/logs/bybit_scraper_20251115.log
2025-11-15 03:49:07 - INFO - DataSaver logging initialized. Log file: pb2b/logs/data_saver_20251115.log
2025-11-15 03:49:07 - INFO - Connected to SQLite database: pb2b/p2p_listings.db
2025-11-15 03:49:07 - INFO - Database tables created successfully
2025-11-15 03:49:07 - INFO - Attempt 1/10: Loading https://www.bybit.com/fiat/trade/otc?actionType=1&token=USDT&fiat=NGN
2025-11-15 03:49:20 - INFO - Screenshot saved as 'pb2b/screenshots/bybit_page_20251115_034919.png'
2025-11-15 03:49:20 - INFO - Fetching BUY listings for USDT/EUR
2025-11-15 03:49:21 - INFO - Data successfully saved to SQLite database. New listings - Bybit: 4, Binance: 6
2025-11-15 03:49:22 - INFO - Browser session closed
2025-11-15 03:49:22 - INFO - SQLite database connection closed
