2026-02-19 14:19:09 - INFO - Logging initialized. Log file: pb2b/logs/bybit_scraper_20260219.log
2026-02-19 14:19:11 - INFO - DataSaver logging initialized. Log file: pb2b/logs/data_saver_20260219.log
2026-02-19 14:19:11 - INFO - Connected to SQLite database: pb2b/p2p_listings.db
2026-02-19 14:19:11 - INFO - Database tables created successfully
2026-02-19 14:19:11 - INFO - Attempt 1/10: Loading https://www.bybit.com/fiat/trade/otc?actionType=1&token=USDT&fiat=NGN
2026-02-19 14:19:18 - INFO - Screenshot saved as 'pb2b/screenshots/bybit_page_20260219_141918.png'
2026-02-19 14:19:18 - WARNING - Error parsing row: Message: no such element: Unable to locate element: {"method":"css selector","selector":"td:nth-child(2)"}
  (Session info: chrome=145.0.7632.109); For documentation on this error, please visit: https://www.selenium.dev/documentation/webdriver/troubleshooting/errors#nosuchelementexception
Stacktrace:
#0 0x5556ae6b5dba <unknown>
#1 0x5556ae0c5682 <unknown>
#2 0x5556ae11aa06 <unknown>
#3 0x5556ae11ac41 <unknown>
#4 0x5556ae10e3c6 <unknown>
#5 0x5556ae10e2a7 <unknown>
#6 0x5556ae16304b <unknown>
#7 0x5556ae10c88f <unknown>
#8 0x5556ae10d651 <unknown>
#9 0x5556ae67a209 <unknown>
#10 0x5556ae67d111 <unknown>
#11 0x5556ae6669c9 <unknown>
#12 0x5556ae67dcde <unknown>
#13 0x5556ae64cd40 <unknown>
#14 0x5556ae6a2408 <unknown>
#15 0x5556ae6a25d8 <unknown>
#16 0x5556ae6b4403 <unknown>
#17 0x7f3f65c9caa4 <unknown>
#18 0x7f3f65d29c6c <unknown>

2026-02-19 14:19:18 - INFO - Fetching BUY listings for USDT/EUR
2026-02-19 14:19:19 - INFO - Data successfully saved to SQLite database. New listings - Bybit: 4, Binance: 6
2026-02-19 14:19:19 - INFO - Browser session closed
2026-02-19 14:19:19 - INFO - SQLite database connection closed
2026-02-19 15:15:11 - INFO - Logging initialized. Log file: pb2b/logs/bybit_scraper_20260219.log
2026-02-19 15:15:13 - INFO - DataSaver logging initialized. Log file: pb2b/logs/data_saver_20260219.log
2026-02-19 15:15:13 - INFO - Connected to SQLite database: pb2b/p2p_listings.db
2026-02-19 15:15:13 - INFO - Database tables created successfully
2026-02-19 15:15:13 - INFO - Attempt 1/10: Loading https://www.bybit.com/fiat/trade/otc?actionType=1&token=USDT&fiat=NGN
2026-02-19 15:15:19 - INFO - Screenshot saved as 'pb2b/screenshots/bybit_page_20260219_151519.png'
2026-02-19 15:15:19 - WARNING - Error parsing row: Message: no such element: Unable to locate element: {"method":"css selector","selector":"td:nth-child(2)"}
  (Session info: chrome=145.0.7632.109); For documentation on this error, please visit: https://www.selenium.dev/documentation/webdriver/troubleshooting/errors#nosuchelementexception
Stacktrace:
#0 0x564230bd4dba <unknown>
#1 0x5642305e4682 <unknown>
#2 0x564230639a06 <unknown>
#3 0x564230639c41 <unknown>
#4 0x56423062d3c6 <unknown>
#5 0x56423062d2a7 <unknown>
#6 0x56423068204b <unknown>
#7 0x56423062b88f <unknown>
#8 0x56423062c651 <unknown>
#9 0x564230b99209 <unknown>
#10 0x564230b9c111 <unknown>
#11 0x564230b859c9 <unknown>
#12 0x564230b9ccde <unknown>
#13 0x564230b6bd40 <unknown>
#14 0x564230bc1408 <unknown>
#15 0x564230bc15d8 <unknown>
#16 0x564230bd3403 <unknown>
#17 0x7f8ae129caa4 <unknown>
#18 0x7f8ae1329c6c <unknown>

2026-02-19 15:15:20 - INFO - Fetching BUY listings for USDT/EUR
2026-02-19 15:15:20 - INFO - Data successfully saved to SQLite database. New listings - Bybit: 4, Binance: 6
2026-02-19 15:15:21 - INFO - Browser session closed
2026-02-19 15:15:21 - INFO - SQLite database connection closed
2026-02-19 16:10:16 - INFO - Logging initialized. Log file: pb2b/logs/bybit_scraper_20260219.log
2026-02-19 16:10:18 - INFO - DataSaver logging initialized. Log file: pb2b/logs/data_saver_20260219.log
2026-02-19 16:10:18 - INFO - Connected to SQLite database: pb2b/p2p_listings.db
2026-02-19 16:10:18 - INFO - Database tables created successfully
2026-02-19 16:10:18 - INFO - Attempt 1/10: Loading https://www.bybit.com/fiat/trade/otc?actionType=1&token=USDT&fiat=NGN
2026-02-19 16:10:25 - INFO - Screenshot saved as 'pb2b/screenshots/bybit_page_20260219_161025.png'
2026-02-19 16:10:25 - WARNING - Error parsing row: Message: no such element: Unable to locate element: {"method":"css selector","selector":"td:nth-child(2)"}
  (Session info: chrome=145.0.7632.109); For documentation on this error, please visit: https://www.selenium.dev/documentation/webdriver/troubleshooting/errors#nosuchelementexception
Stacktrace:
#0 0x556616136dba <unknown>
#1 0x556615b46682 <unknown>
#2 0x556615b9ba06 <unknown>
#3 0x556615b9bc41 <unknown>
#4 0x556615b8f3c6 <unknown>
#5 0x556615b8f2a7 <unknown>
#6 0x556615be404b <unknown>
#7 0x556615b8d88f <unknown>
#8 0x556615b8e651 <unknown>
#9 0x5566160fb209 <unknown>
#10 0x5566160fe111 <unknown>
#11 0x5566160e79c9 <unknown>
#12 0x5566160fecde <unknown>
#13 0x5566160cdd40 <unknown>
#14 0x556616123408 <unknown>
#15 0x5566161235d8 <unknown>
#16 0x556616135403 <unknown>
#17 0x7fcd5629caa4 <unknown>
#18 0x7fcd56329c6c <unknown>

2026-02-19 16:10:25 - INFO - Fetching BUY listings for USDT/EUR
2026-02-19 16:10:26 - INFO - Data successfully saved to SQLite database. New listings - Bybit: 4, Binance: 6
2026-02-19 16:10:26 - INFO - Browser session closed
2026-02-19 16:10:26 - INFO - SQLite database connection closed
2026-02-19 19:14:32 - INFO - Logging initialized. Log file: pb2b/logs/bybit_scraper_20260219.log
2026-02-19 19:14:33 - INFO - DataSaver logging initialized. Log file: pb2b/logs/data_saver_20260219.log
2026-02-19 19:14:33 - INFO - Connected to SQLite database: pb2b/p2p_listings.db
2026-02-19 19:14:33 - INFO - Database tables created successfully
2026-02-19 19:14:33 - INFO - Attempt 1/10: Loading https://www.bybit.com/fiat/trade/otc?actionType=1&token=USDT&fiat=NGN
2026-02-19 19:14:41 - INFO - Screenshot saved as 'pb2b/screenshots/bybit_page_20260219_191441.png'
2026-02-19 19:14:41 - WARNING - Error parsing row: Message: no such element: Unable to locate element: {"method":"css selector","selector":"td:nth-child(2)"}
  (Session info: chrome=145.0.7632.109); For documentation on this error, please visit: https://www.selenium.dev/documentation/webdriver/troubleshooting/errors#nosuchelementexception
Stacktrace:
#0 0x564216d69dba <unknown>
#1 0x564216779682 <unknown>
#2 0x5642167cea06 <unknown>
#3 0x5642167cec41 <unknown>
#4 0x5642167c23c6 <unknown>
#5 0x5642167c22a7 <unknown>
#6 0x56421681704b <unknown>
#7 0x5642167c088f <unknown>
#8 0x5642167c1651 <unknown>
#9 0x564216d2e209 <unknown>
#10 0x564216d31111 <unknown>
#11 0x564216d1a9c9 <unknown>
#12 0x564216d31cde <unknown>
#13 0x564216d00d40 <unknown>
#14 0x564216d56408 <unknown>
#15 0x564216d565d8 <unknown>
#16 0x564216d68403 <unknown>
#17 0x7f095809caa4 <unknown>
#18 0x7f0958129c6c <unknown>

2026-02-19 19:14:41 - INFO - Fetching BUY listings for USDT/EUR
2026-02-19 19:14:42 - INFO - Data successfully saved to SQLite database. New listings - Bybit: 4, Binance: 6
2026-02-19 19:14:42 - INFO - Browser session closed
2026-02-19 19:14:42 - INFO - SQLite database connection closed
2026-02-19 19:55:58 - INFO - Logging initialized. Log file: pb2b/logs/bybit_scraper_20260219.log
2026-02-19 19:56:01 - INFO - DataSaver logging initialized. Log file: pb2b/logs/data_saver_20260219.log
2026-02-19 19:56:01 - INFO - Connected to SQLite database: pb2b/p2p_listings.db
2026-02-19 19:56:01 - INFO - Database tables created successfully
2026-02-19 19:56:01 - INFO - Attempt 1/10: Loading https://www.bybit.com/fiat/trade/otc?actionType=1&token=USDT&fiat=NGN
2026-02-19 19:56:09 - INFO - Screenshot saved as 'pb2b/screenshots/bybit_page_20260219_195609.png'
2026-02-19 19:56:09 - WARNING - Error parsing row: Message: no such element: Unable to locate element: {"method":"css selector","selector":"td:nth-child(2)"}
  (Session info: chrome=145.0.7632.109); For documentation on this error, please visit: https://www.selenium.dev/documentation/webdriver/troubleshooting/errors#nosuchelementexception
Stacktrace:
#0 0x563cec2fcdba <unknown>
#1 0x563cebd0c682 <unknown>
#2 0x563cebd61a06 <unknown>
#3 0x563cebd61c41 <unknown>
#4 0x563cebd553c6 <unknown>
#5 0x563cebd552a7 <unknown>
#6 0x563cebdaa04b <unknown>
#7 0x563cebd5388f <unknown>
#8 0x563cebd54651 <unknown>
#9 0x563cec2c1209 <unknown>
#10 0x563cec2c4111 <unknown>
#11 0x563cec2ad9c9 <unknown>
#12 0x563cec2c4cde <unknown>
#13 0x563cec293d40 <unknown>
#14 0x563cec2e9408 <unknown>
#15 0x563cec2e95d8 <unknown>
#16 0x563cec2fb403 <unknown>
#17 0x7fc42909caa4 <unknown>
#18 0x7fc429129c6c <unknown>

2026-02-19 19:56:10 - INFO - Fetching BUY listings for USDT/EUR
2026-02-19 19:56:11 - INFO - Data successfully saved to SQLite database. New listings - Bybit: 4, Binance: 6
2026-02-19 19:56:11 - INFO - Browser session closed
2026-02-19 19:56:11 - INFO - SQLite database connection closed
