2025-03-24 01:17:10 - INFO - Logging initialized. Log file: pb2b/logs/bybit_scraper_20250324.log
2025-03-24 01:17:11 - INFO - DataSaver logging initialized. Log file: pb2b/logs/data_saver_20250324.log
2025-03-24 01:17:11 - INFO - Connected to SQLite database: pb2b/p2p_listings.db
2025-03-24 01:17:11 - INFO - Database tables created successfully
2025-03-24 01:17:11 - INFO - Attempt 1/10: Loading https://www.bybit.com/fiat/trade/otc?actionType=1&token=USDT&fiat=NGN
2025-03-24 01:17:22 - INFO - Screenshot saved as 'pb2b/screenshots/bybit_page_20250324_011722.png'
2025-03-24 01:17:22 - INFO - Fetching BUY listings for USDT/EUR
2025-03-24 01:17:23 - INFO - Data successfully saved to SQLite database. New listings - Bybit: 4, Binance: 6
2025-03-24 01:17:23 - INFO - Browser session closed
2025-03-24 01:17:23 - INFO - SQLite database connection closed
2025-03-24 02:45:37 - INFO - Logging initialized. Log file: pb2b/logs/bybit_scraper_20250324.log
2025-03-24 02:45:38 - INFO - DataSaver logging initialized. Log file: pb2b/logs/data_saver_20250324.log
2025-03-24 02:45:38 - INFO - Connected to SQLite database: pb2b/p2p_listings.db
2025-03-24 02:45:38 - INFO - Database tables created successfully
2025-03-24 02:45:38 - INFO - Attempt 1/10: Loading https://www.bybit.com/fiat/trade/otc?actionType=1&token=USDT&fiat=NGN
2025-03-24 02:45:47 - INFO - Screenshot saved as 'pb2b/screenshots/bybit_page_20250324_024546.png'
2025-03-24 02:45:47 - INFO - Fetching BUY listings for USDT/EUR
2025-03-24 02:45:48 - INFO - Data successfully saved to SQLite database. New listings - Bybit: 4, Binance: 6
2025-03-24 02:45:48 - INFO - Browser session closed
2025-03-24 02:45:48 - INFO - SQLite database connection closed
2025-03-24 03:27:48 - INFO - Logging initialized. Log file: pb2b/logs/bybit_scraper_20250324.log
2025-03-24 03:27:49 - INFO - DataSaver logging initialized. Log file: pb2b/logs/data_saver_20250324.log
2025-03-24 03:27:49 - INFO - Connected to SQLite database: pb2b/p2p_listings.db
2025-03-24 03:27:49 - INFO - Database tables created successfully
2025-03-24 03:27:49 - INFO - Attempt 1/10: Loading https://www.bybit.com/fiat/trade/otc?actionType=1&token=USDT&fiat=NGN
2025-03-24 03:27:58 - INFO - Screenshot saved as 'pb2b/screenshots/bybit_page_20250324_032758.png'
2025-03-24 03:27:59 - INFO - Fetching BUY listings for USDT/EUR
2025-03-24 03:27:59 - INFO - Data successfully saved to SQLite database. New listings - Bybit: 4, Binance: 6
2025-03-24 03:27:59 - INFO - Browser session closed
2025-03-24 03:27:59 - INFO - SQLite database connection closed
2025-03-24 03:52:32 - INFO - Logging initialized. Log file: pb2b/logs/bybit_scraper_20250324.log
2025-03-24 03:52:32 - INFO - DataSaver logging initialized. Log file: pb2b/logs/data_saver_20250324.log
2025-03-24 03:52:32 - INFO - Connected to SQLite database: pb2b/p2p_listings.db
2025-03-24 03:52:32 - INFO - Database tables created successfully
2025-03-24 03:52:32 - INFO - Attempt 1/10: Loading https://www.bybit.com/fiat/trade/otc?actionType=1&token=USDT&fiat=NGN
2025-03-24 03:52:41 - INFO - Screenshot saved as 'pb2b/screenshots/bybit_page_20250324_035241.png'
2025-03-24 03:52:42 - INFO - Fetching BUY listings for USDT/EUR
2025-03-24 03:52:42 - INFO - Data successfully saved to SQLite database. New listings - Bybit: 4, Binance: 6
2025-03-24 03:52:42 - INFO - Browser session closed
2025-03-24 03:52:42 - INFO - SQLite database connection closed
2025-03-24 04:20:05 - INFO - Logging initialized. Log file: pb2b/logs/bybit_scraper_20250324.log
2025-03-24 04:20:06 - INFO - DataSaver logging initialized. Log file: pb2b/logs/data_saver_20250324.log
2025-03-24 04:20:06 - INFO - Connected to SQLite database: pb2b/p2p_listings.db
2025-03-24 04:20:06 - INFO - Database tables created successfully
2025-03-24 04:20:06 - INFO - Attempt 1/10: Loading https://www.bybit.com/fiat/trade/otc?actionType=1&token=USDT&fiat=NGN
2025-03-24 04:20:15 - INFO - Screenshot saved as 'pb2b/screenshots/bybit_page_20250324_042015.png'
2025-03-24 04:20:15 - INFO - Fetching BUY listings for USDT/EUR
2025-03-24 04:20:16 - INFO - Data successfully saved to SQLite database. New listings - Bybit: 4, Binance: 6
2025-03-24 04:20:16 - INFO - Browser session closed
2025-03-24 04:20:16 - INFO - SQLite database connection closed
2025-03-24 04:42:32 - INFO - Logging initialized. Log file: pb2b/logs/bybit_scraper_20250324.log
2025-03-24 04:42:33 - INFO - DataSaver logging initialized. Log file: pb2b/logs/data_saver_20250324.log
2025-03-24 04:42:33 - INFO - Connected to SQLite database: pb2b/p2p_listings.db
2025-03-24 04:42:33 - INFO - Database tables created successfully
2025-03-24 04:42:33 - INFO - Attempt 1/10: Loading https://www.bybit.com/fiat/trade/otc?actionType=1&token=USDT&fiat=NGN
2025-03-24 04:42:42 - INFO - Screenshot saved as 'pb2b/screenshots/bybit_page_20250324_044241.png'
2025-03-24 04:42:42 - INFO - Fetching BUY listings for USDT/EUR
2025-03-24 04:42:43 - INFO - Data successfully saved to SQLite database. New listings - Bybit: 4, Binance: 6
2025-03-24 04:42:43 - INFO - Browser session closed
2025-03-24 04:42:43 - INFO - SQLite database connection closed
2025-03-24 04:55:28 - INFO - Logging initialized. Log file: pb2b/logs/bybit_scraper_20250324.log
2025-03-24 04:55:29 - INFO - DataSaver logging initialized. Log file: pb2b/logs/data_saver_20250324.log
2025-03-24 04:55:29 - INFO - Connected to SQLite database: pb2b/p2p_listings.db
2025-03-24 04:55:29 - INFO - Database tables created successfully
2025-03-24 04:55:29 - INFO - Attempt 1/10: Loading https://www.bybit.com/fiat/trade/otc?actionType=1&token=USDT&fiat=NGN
2025-03-24 04:55:38 - INFO - Screenshot saved as 'pb2b/screenshots/bybit_page_20250324_045538.png'
2025-03-24 04:55:39 - INFO - Fetching BUY listings for USDT/EUR
2025-03-24 04:55:39 - INFO - Data successfully saved to SQLite database. New listings - Bybit: 4, Binance: 6
2025-03-24 04:55:40 - INFO - Browser session closed
2025-03-24 04:55:40 - INFO - SQLite database connection closed
2025-03-24 05:22:39 - INFO - Logging initialized. Log file: pb2b/logs/bybit_scraper_20250324.log
2025-03-24 05:22:40 - INFO - DataSaver logging initialized. Log file: pb2b/logs/data_saver_20250324.log
2025-03-24 05:22:40 - INFO - Connected to SQLite database: pb2b/p2p_listings.db
2025-03-24 05:22:40 - INFO - Database tables created successfully
2025-03-24 05:22:40 - INFO - Attempt 1/10: Loading https://www.bybit.com/fiat/trade/otc?actionType=1&token=USDT&fiat=NGN
2025-03-24 05:22:50 - INFO - Screenshot saved as 'pb2b/screenshots/bybit_page_20250324_052250.png'
2025-03-24 05:22:50 - INFO - Fetching BUY listings for USDT/EUR
2025-03-24 05:22:51 - INFO - Data successfully saved to SQLite database. New listings - Bybit: 4, Binance: 6
2025-03-24 05:22:51 - INFO - Browser session closed
2025-03-24 05:22:51 - INFO - SQLite database connection closed
2025-03-24 05:40:53 - INFO - Logging initialized. Log file: pb2b/logs/bybit_scraper_20250324.log
2025-03-24 05:40:54 - INFO - DataSaver logging initialized. Log file: pb2b/logs/data_saver_20250324.log
2025-03-24 05:40:54 - INFO - Connected to SQLite database: pb2b/p2p_listings.db
2025-03-24 05:40:54 - INFO - Database tables created successfully
2025-03-24 05:40:54 - INFO - Attempt 1/10: Loading https://www.bybit.com/fiat/trade/otc?actionType=1&token=USDT&fiat=NGN
2025-03-24 05:41:03 - INFO - Screenshot saved as 'pb2b/screenshots/bybit_page_20250324_054103.png'
2025-03-24 05:41:04 - INFO - Fetching BUY listings for USDT/EUR
2025-03-24 05:41:04 - INFO - Data successfully saved to SQLite database. New listings - Bybit: 4, Binance: 6
2025-03-24 05:41:04 - INFO - Browser session closed
2025-03-24 05:41:04 - INFO - SQLite database connection closed
2025-03-24 05:53:55 - INFO - Logging initialized. Log file: pb2b/logs/bybit_scraper_20250324.log
2025-03-24 05:53:56 - INFO - DataSaver logging initialized. Log file: pb2b/logs/data_saver_20250324.log
2025-03-24 05:53:56 - INFO - Connected to SQLite database: pb2b/p2p_listings.db
2025-03-24 05:53:56 - INFO - Database tables created successfully
2025-03-24 05:53:56 - INFO - Attempt 1/10: Loading https://www.bybit.com/fiat/trade/otc?actionType=1&token=USDT&fiat=NGN
2025-03-24 05:54:06 - INFO - Screenshot saved as 'pb2b/screenshots/bybit_page_20250324_055405.png'
2025-03-24 05:54:06 - INFO - Fetching BUY listings for USDT/EUR
2025-03-24 05:54:06 - INFO - Data successfully saved to SQLite database. New listings - Bybit: 4, Binance: 6
2025-03-24 05:54:07 - INFO - Browser session closed
2025-03-24 05:54:07 - INFO - SQLite database connection closed
2025-03-24 06:28:43 - INFO - Logging initialized. Log file: pb2b/logs/bybit_scraper_20250324.log
2025-03-24 06:28:43 - INFO - DataSaver logging initialized. Log file: pb2b/logs/data_saver_20250324.log
2025-03-24 06:28:43 - INFO - Connected to SQLite database: pb2b/p2p_listings.db
2025-03-24 06:28:43 - INFO - Database tables created successfully
2025-03-24 06:28:43 - INFO - Attempt 1/10: Loading https://www.bybit.com/fiat/trade/otc?actionType=1&token=USDT&fiat=NGN
2025-03-24 06:28:53 - INFO - Screenshot saved as 'pb2b/screenshots/bybit_page_20250324_062853.png'
2025-03-24 06:28:54 - INFO - Fetching BUY listings for USDT/EUR
2025-03-24 06:28:55 - INFO - Data successfully saved to SQLite database. New listings - Bybit: 4, Binance: 6
2025-03-24 06:28:55 - INFO - Browser session closed
2025-03-24 06:28:55 - INFO - SQLite database connection closed
2025-03-24 06:50:50 - INFO - Logging initialized. Log file: pb2b/logs/bybit_scraper_20250324.log
2025-03-24 06:50:51 - INFO - DataSaver logging initialized. Log file: pb2b/logs/data_saver_20250324.log
2025-03-24 06:50:51 - INFO - Connected to SQLite database: pb2b/p2p_listings.db
2025-03-24 06:50:51 - INFO - Database tables created successfully
2025-03-24 06:50:51 - INFO - Attempt 1/10: Loading https://www.bybit.com/fiat/trade/otc?actionType=1&token=USDT&fiat=NGN
2025-03-24 06:51:01 - INFO - Screenshot saved as 'pb2b/screenshots/bybit_page_20250324_065101.png'
2025-03-24 06:51:02 - INFO - Fetching BUY listings for USDT/EUR
2025-03-24 06:51:02 - INFO - Data successfully saved to SQLite database. New listings - Bybit: 4, Binance: 6
2025-03-24 06:51:02 - INFO - Browser session closed
2025-03-24 06:51:02 - INFO - SQLite database connection closed
2025-03-24 07:13:52 - INFO - Logging initialized. Log file: pb2b/logs/bybit_scraper_20250324.log
2025-03-24 07:13:53 - INFO - DataSaver logging initialized. Log file: pb2b/logs/data_saver_20250324.log
2025-03-24 07:13:53 - INFO - Connected to SQLite database: pb2b/p2p_listings.db
2025-03-24 07:13:53 - INFO - Database tables created successfully
2025-03-24 07:13:53 - INFO - Attempt 1/10: Loading https://www.bybit.com/fiat/trade/otc?actionType=1&token=USDT&fiat=NGN
2025-03-24 07:14:02 - INFO - Screenshot saved as 'pb2b/screenshots/bybit_page_20250324_071401.png'
2025-03-24 07:14:02 - INFO - Fetching BUY listings for USDT/EUR
2025-03-24 07:14:03 - INFO - Data successfully saved to SQLite database. New listings - Bybit: 4, Binance: 6
2025-03-24 07:14:03 - INFO - Browser session closed
2025-03-24 07:14:03 - INFO - SQLite database connection closed
2025-03-24 07:33:28 - INFO - Logging initialized. Log file: pb2b/logs/bybit_scraper_20250324.log
2025-03-24 07:33:28 - INFO - DataSaver logging initialized. Log file: pb2b/logs/data_saver_20250324.log
2025-03-24 07:33:28 - INFO - Connected to SQLite database: pb2b/p2p_listings.db
2025-03-24 07:33:28 - INFO - Database tables created successfully
2025-03-24 07:33:28 - INFO - Attempt 1/10: Loading https://www.bybit.com/fiat/trade/otc?actionType=1&token=USDT&fiat=NGN
2025-03-24 07:33:37 - INFO - Screenshot saved as 'pb2b/screenshots/bybit_page_20250324_073337.png'
2025-03-24 07:33:38 - INFO - Fetching BUY listings for USDT/EUR
2025-03-24 07:33:38 - INFO - Data successfully saved to SQLite database. New listings - Bybit: 4, Binance: 6
2025-03-24 07:33:38 - INFO - Browser session closed
2025-03-24 07:33:38 - INFO - SQLite database connection closed
2025-03-24 07:46:22 - INFO - Logging initialized. Log file: pb2b/logs/bybit_scraper_20250324.log
2025-03-24 07:46:23 - INFO - DataSaver logging initialized. Log file: pb2b/logs/data_saver_20250324.log
2025-03-24 07:46:23 - INFO - Connected to SQLite database: pb2b/p2p_listings.db
2025-03-24 07:46:23 - INFO - Database tables created successfully
2025-03-24 07:46:23 - INFO - Attempt 1/10: Loading https://www.bybit.com/fiat/trade/otc?actionType=1&token=USDT&fiat=NGN
2025-03-24 07:46:33 - INFO - Screenshot saved as 'pb2b/screenshots/bybit_page_20250324_074633.png'
2025-03-24 07:46:34 - INFO - Fetching BUY listings for USDT/EUR
2025-03-24 07:46:34 - INFO - Data successfully saved to SQLite database. New listings - Bybit: 4, Binance: 6
2025-03-24 07:46:35 - INFO - Browser session closed
2025-03-24 07:46:35 - INFO - SQLite database connection closed
2025-03-24 07:59:28 - INFO - Logging initialized. Log file: pb2b/logs/bybit_scraper_20250324.log
2025-03-24 07:59:28 - INFO - DataSaver logging initialized. Log file: pb2b/logs/data_saver_20250324.log
2025-03-24 07:59:28 - INFO - Connected to SQLite database: pb2b/p2p_listings.db
2025-03-24 07:59:28 - INFO - Database tables created successfully
2025-03-24 07:59:28 - INFO - Attempt 1/10: Loading https://www.bybit.com/fiat/trade/otc?actionType=1&token=USDT&fiat=NGN
2025-03-24 07:59:37 - INFO - Screenshot saved as 'pb2b/screenshots/bybit_page_20250324_075937.png'
2025-03-24 07:59:38 - INFO - Fetching BUY listings for USDT/EUR
2025-03-24 07:59:39 - INFO - Data successfully saved to SQLite database. New listings - Bybit: 4, Binance: 6
2025-03-24 07:59:39 - INFO - Browser session closed
2025-03-24 07:59:39 - INFO - SQLite database connection closed
2025-03-24 08:35:33 - INFO - Logging initialized. Log file: pb2b/logs/bybit_scraper_20250324.log
2025-03-24 08:35:34 - INFO - DataSaver logging initialized. Log file: pb2b/logs/data_saver_20250324.log
2025-03-24 08:35:34 - INFO - Connected to SQLite database: pb2b/p2p_listings.db
2025-03-24 08:35:34 - INFO - Database tables created successfully
2025-03-24 08:35:34 - INFO - Attempt 1/10: Loading https://www.bybit.com/fiat/trade/otc?actionType=1&token=USDT&fiat=NGN
2025-03-24 08:35:44 - INFO - Screenshot saved as 'pb2b/screenshots/bybit_page_20250324_083544.png'
2025-03-24 08:35:45 - INFO - Fetching BUY listings for USDT/EUR
2025-03-24 08:35:45 - INFO - Data successfully saved to SQLite database. New listings - Bybit: 4, Binance: 6
2025-03-24 08:35:45 - INFO - Browser session closed
2025-03-24 08:35:45 - INFO - SQLite database connection closed
2025-03-24 08:53:17 - INFO - Logging initialized. Log file: pb2b/logs/bybit_scraper_20250324.log
2025-03-24 08:53:19 - INFO - DataSaver logging initialized. Log file: pb2b/logs/data_saver_20250324.log
2025-03-24 08:53:19 - INFO - Connected to SQLite database: pb2b/p2p_listings.db
2025-03-24 08:53:19 - INFO - Database tables created successfully
2025-03-24 08:53:19 - INFO - Attempt 1/10: Loading https://www.bybit.com/fiat/trade/otc?actionType=1&token=USDT&fiat=NGN
2025-03-24 08:53:28 - INFO - Screenshot saved as 'pb2b/screenshots/bybit_page_20250324_085328.png'
2025-03-24 08:53:29 - INFO - Fetching BUY listings for USDT/EUR
2025-03-24 08:53:29 - INFO - Data successfully saved to SQLite database. New listings - Bybit: 4, Binance: 6
2025-03-24 08:53:29 - INFO - Browser session closed
2025-03-24 08:53:29 - INFO - SQLite database connection closed
2025-03-24 09:20:21 - INFO - Logging initialized. Log file: pb2b/logs/bybit_scraper_20250324.log
2025-03-24 09:20:22 - INFO - DataSaver logging initialized. Log file: pb2b/logs/data_saver_20250324.log
2025-03-24 09:20:22 - INFO - Connected to SQLite database: pb2b/p2p_listings.db
2025-03-24 09:20:22 - INFO - Database tables created successfully
2025-03-24 09:20:22 - INFO - Attempt 1/10: Loading https://www.bybit.com/fiat/trade/otc?actionType=1&token=USDT&fiat=NGN
2025-03-24 09:20:31 - INFO - Screenshot saved as 'pb2b/screenshots/bybit_page_20250324_092031.png'
2025-03-24 09:20:32 - INFO - Fetching BUY listings for USDT/EUR
2025-03-24 09:20:32 - INFO - Data successfully saved to SQLite database. New listings - Bybit: 4, Binance: 6
2025-03-24 09:20:32 - INFO - Browser session closed
2025-03-24 09:20:32 - INFO - SQLite database connection closed
2025-03-24 09:39:25 - INFO - Logging initialized. Log file: pb2b/logs/bybit_scraper_20250324.log
2025-03-24 09:39:26 - INFO - DataSaver logging initialized. Log file: pb2b/logs/data_saver_20250324.log
2025-03-24 09:39:26 - INFO - Connected to SQLite database: pb2b/p2p_listings.db
2025-03-24 09:39:26 - INFO - Database tables created successfully
2025-03-24 09:39:26 - INFO - Attempt 1/10: Loading https://www.bybit.com/fiat/trade/otc?actionType=1&token=USDT&fiat=NGN
2025-03-24 09:39:36 - INFO - Screenshot saved as 'pb2b/screenshots/bybit_page_20250324_093935.png'
2025-03-24 09:39:36 - INFO - Fetching BUY listings for USDT/EUR
2025-03-24 09:39:37 - INFO - Data successfully saved to SQLite database. New listings - Bybit: 4, Binance: 6
2025-03-24 09:39:37 - INFO - Browser session closed
2025-03-24 09:39:37 - INFO - SQLite database connection closed
2025-03-24 09:53:45 - INFO - Logging initialized. Log file: pb2b/logs/bybit_scraper_20250324.log
2025-03-24 09:53:46 - INFO - DataSaver logging initialized. Log file: pb2b/logs/data_saver_20250324.log
2025-03-24 09:53:46 - INFO - Connected to SQLite database: pb2b/p2p_listings.db
2025-03-24 09:53:46 - INFO - Database tables created successfully
2025-03-24 09:53:46 - INFO - Attempt 1/10: Loading https://www.bybit.com/fiat/trade/otc?actionType=1&token=USDT&fiat=NGN
2025-03-24 09:53:58 - INFO - Screenshot saved as 'pb2b/screenshots/bybit_page_20250324_095357.png'
2025-03-24 09:53:58 - INFO - Fetching BUY listings for USDT/EUR
2025-03-24 09:53:59 - INFO - Data successfully saved to SQLite database. New listings - Bybit: 4, Binance: 6
2025-03-24 09:53:59 - INFO - Browser session closed
2025-03-24 09:53:59 - INFO - SQLite database connection closed
2025-03-24 10:18:18 - INFO - Logging initialized. Log file: pb2b/logs/bybit_scraper_20250324.log
2025-03-24 10:18:19 - INFO - DataSaver logging initialized. Log file: pb2b/logs/data_saver_20250324.log
2025-03-24 10:18:19 - INFO - Connected to SQLite database: pb2b/p2p_listings.db
2025-03-24 10:18:19 - INFO - Database tables created successfully
2025-03-24 10:18:19 - INFO - Attempt 1/10: Loading https://www.bybit.com/fiat/trade/otc?actionType=1&token=USDT&fiat=NGN
2025-03-24 10:18:29 - INFO - Screenshot saved as 'pb2b/screenshots/bybit_page_20250324_101829.png'
2025-03-24 10:18:30 - INFO - Fetching BUY listings for USDT/EUR
2025-03-24 10:18:31 - INFO - Data successfully saved to SQLite database. New listings - Bybit: 4, Binance: 6
2025-03-24 10:18:31 - INFO - Browser session closed
2025-03-24 10:18:31 - INFO - SQLite database connection closed
2025-03-24 10:42:07 - INFO - Logging initialized. Log file: pb2b/logs/bybit_scraper_20250324.log
2025-03-24 10:42:08 - INFO - DataSaver logging initialized. Log file: pb2b/logs/data_saver_20250324.log
2025-03-24 10:42:08 - INFO - Connected to SQLite database: pb2b/p2p_listings.db
2025-03-24 10:42:08 - INFO - Database tables created successfully
2025-03-24 10:42:08 - INFO - Attempt 1/10: Loading https://www.bybit.com/fiat/trade/otc?actionType=1&token=USDT&fiat=NGN
2025-03-24 10:42:17 - INFO - Screenshot saved as 'pb2b/screenshots/bybit_page_20250324_104217.png'
2025-03-24 10:42:17 - INFO - Fetching BUY listings for USDT/EUR
2025-03-24 10:42:18 - INFO - Data successfully saved to SQLite database. New listings - Bybit: 4, Binance: 6
2025-03-24 10:42:18 - INFO - Browser session closed
2025-03-24 10:42:18 - INFO - SQLite database connection closed
2025-03-24 10:55:28 - INFO - Logging initialized. Log file: pb2b/logs/bybit_scraper_20250324.log
2025-03-24 10:55:28 - INFO - DataSaver logging initialized. Log file: pb2b/logs/data_saver_20250324.log
2025-03-24 10:55:28 - INFO - Connected to SQLite database: pb2b/p2p_listings.db
2025-03-24 10:55:28 - INFO - Database tables created successfully
2025-03-24 10:55:28 - INFO - Attempt 1/10: Loading https://www.bybit.com/fiat/trade/otc?actionType=1&token=USDT&fiat=NGN
2025-03-24 10:55:37 - INFO - Screenshot saved as 'pb2b/screenshots/bybit_page_20250324_105537.png'
2025-03-24 10:55:38 - INFO - Fetching BUY listings for USDT/EUR
2025-03-24 10:55:38 - INFO - Data successfully saved to SQLite database. New listings - Bybit: 4, Binance: 6
2025-03-24 10:55:38 - INFO - Browser session closed
2025-03-24 10:55:38 - INFO - SQLite database connection closed
2025-03-24 11:19:33 - INFO - Logging initialized. Log file: pb2b/logs/bybit_scraper_20250324.log
2025-03-24 11:19:33 - INFO - DataSaver logging initialized. Log file: pb2b/logs/data_saver_20250324.log
2025-03-24 11:19:33 - INFO - Connected to SQLite database: pb2b/p2p_listings.db
2025-03-24 11:19:33 - INFO - Database tables created successfully
2025-03-24 11:19:33 - INFO - Attempt 1/10: Loading https://www.bybit.com/fiat/trade/otc?actionType=1&token=USDT&fiat=NGN
2025-03-24 11:19:44 - INFO - Screenshot saved as 'pb2b/screenshots/bybit_page_20250324_111943.png'
2025-03-24 11:19:44 - INFO - Fetching BUY listings for USDT/EUR
2025-03-24 11:19:45 - INFO - Data successfully saved to SQLite database. New listings - Bybit: 4, Binance: 6
2025-03-24 11:19:45 - INFO - Browser session closed
2025-03-24 11:19:45 - INFO - SQLite database connection closed
2025-03-24 11:33:24 - INFO - Logging initialized. Log file: pb2b/logs/bybit_scraper_20250324.log
2025-03-24 11:33:24 - INFO - DataSaver logging initialized. Log file: pb2b/logs/data_saver_20250324.log
2025-03-24 11:33:24 - INFO - Connected to SQLite database: pb2b/p2p_listings.db
2025-03-24 11:33:24 - INFO - Database tables created successfully
2025-03-24 11:33:24 - INFO - Attempt 1/10: Loading https://www.bybit.com/fiat/trade/otc?actionType=1&token=USDT&fiat=NGN
2025-03-24 11:33:34 - INFO - Screenshot saved as 'pb2b/screenshots/bybit_page_20250324_113333.png'
2025-03-24 11:33:34 - INFO - Fetching BUY listings for USDT/EUR
2025-03-24 11:33:35 - INFO - Data successfully saved to SQLite database. New listings - Bybit: 4, Binance: 6
2025-03-24 11:33:35 - INFO - Browser session closed
2025-03-24 11:33:35 - INFO - SQLite database connection closed
2025-03-24 11:46:32 - INFO - Logging initialized. Log file: pb2b/logs/bybit_scraper_20250324.log
2025-03-24 11:46:33 - INFO - DataSaver logging initialized. Log file: pb2b/logs/data_saver_20250324.log
2025-03-24 11:46:33 - INFO - Connected to SQLite database: pb2b/p2p_listings.db
2025-03-24 11:46:33 - INFO - Database tables created successfully
2025-03-24 11:46:33 - INFO - Attempt 1/10: Loading https://www.bybit.com/fiat/trade/otc?actionType=1&token=USDT&fiat=NGN
2025-03-24 11:46:43 - INFO - Screenshot saved as 'pb2b/screenshots/bybit_page_20250324_114643.png'
2025-03-24 11:46:44 - INFO - Fetching BUY listings for USDT/EUR
2025-03-24 11:46:44 - INFO - Data successfully saved to SQLite database. New listings - Bybit: 4, Binance: 6
2025-03-24 11:46:45 - INFO - Browser session closed
2025-03-24 11:46:45 - INFO - SQLite database connection closed
2025-03-24 12:00:49 - INFO - Logging initialized. Log file: pb2b/logs/bybit_scraper_20250324.log
2025-03-24 12:00:49 - INFO - DataSaver logging initialized. Log file: pb2b/logs/data_saver_20250324.log
2025-03-24 12:00:49 - INFO - Connected to SQLite database: pb2b/p2p_listings.db
2025-03-24 12:00:49 - INFO - Database tables created successfully
2025-03-24 12:00:49 - INFO - Attempt 1/10: Loading https://www.bybit.com/fiat/trade/otc?actionType=1&token=USDT&fiat=NGN
2025-03-24 12:01:00 - INFO - Screenshot saved as 'pb2b/screenshots/bybit_page_20250324_120059.png'
2025-03-24 12:01:00 - INFO - Fetching BUY listings for USDT/EUR
2025-03-24 12:01:00 - INFO - Data successfully saved to SQLite database. New listings - Bybit: 4, Binance: 6
2025-03-24 12:01:00 - INFO - Browser session closed
2025-03-24 12:01:00 - INFO - SQLite database connection closed
2025-03-24 12:54:41 - INFO - Logging initialized. Log file: pb2b/logs/bybit_scraper_20250324.log
2025-03-24 12:54:42 - INFO - DataSaver logging initialized. Log file: pb2b/logs/data_saver_20250324.log
2025-03-24 12:54:42 - INFO - Connected to SQLite database: pb2b/p2p_listings.db
2025-03-24 12:54:42 - INFO - Database tables created successfully
2025-03-24 12:54:42 - INFO - Attempt 1/10: Loading https://www.bybit.com/fiat/trade/otc?actionType=1&token=USDT&fiat=NGN
2025-03-24 12:54:52 - INFO - Screenshot saved as 'pb2b/screenshots/bybit_page_20250324_125452.png'
2025-03-24 12:54:52 - INFO - Fetching BUY listings for USDT/EUR
2025-03-24 12:54:53 - INFO - Data successfully saved to SQLite database. New listings - Bybit: 4, Binance: 6
2025-03-24 12:54:53 - INFO - Browser session closed
2025-03-24 12:54:53 - INFO - SQLite database connection closed
2025-03-24 13:29:07 - INFO - Logging initialized. Log file: pb2b/logs/bybit_scraper_20250324.log
2025-03-24 13:29:08 - INFO - DataSaver logging initialized. Log file: pb2b/logs/data_saver_20250324.log
2025-03-24 13:29:08 - INFO - Connected to SQLite database: pb2b/p2p_listings.db
2025-03-24 13:29:08 - INFO - Database tables created successfully
2025-03-24 13:29:08 - INFO - Attempt 1/10: Loading https://www.bybit.com/fiat/trade/otc?actionType=1&token=USDT&fiat=NGN
2025-03-24 13:29:17 - INFO - Screenshot saved as 'pb2b/screenshots/bybit_page_20250324_132917.png'
2025-03-24 13:29:17 - INFO - Fetching BUY listings for USDT/EUR
2025-03-24 13:29:18 - INFO - Data successfully saved to SQLite database. New listings - Bybit: 4, Binance: 6
2025-03-24 13:29:18 - INFO - Browser session closed
2025-03-24 13:29:18 - INFO - SQLite database connection closed
2025-03-24 13:47:14 - INFO - Logging initialized. Log file: pb2b/logs/bybit_scraper_20250324.log
2025-03-24 13:47:15 - INFO - DataSaver logging initialized. Log file: pb2b/logs/data_saver_20250324.log
2025-03-24 13:47:15 - INFO - Connected to SQLite database: pb2b/p2p_listings.db
2025-03-24 13:47:15 - INFO - Database tables created successfully
2025-03-24 13:47:15 - INFO - Attempt 1/10: Loading https://www.bybit.com/fiat/trade/otc?actionType=1&token=USDT&fiat=NGN
2025-03-24 13:47:26 - INFO - Screenshot saved as 'pb2b/screenshots/bybit_page_20250324_134725.png'
2025-03-24 13:47:26 - INFO - Fetching BUY listings for USDT/EUR
2025-03-24 13:47:27 - INFO - Data successfully saved to SQLite database. New listings - Bybit: 4, Binance: 6
2025-03-24 13:47:27 - INFO - Browser session closed
2025-03-24 13:47:27 - INFO - SQLite database connection closed
2025-03-24 14:00:30 - INFO - Logging initialized. Log file: pb2b/logs/bybit_scraper_20250324.log
2025-03-24 14:00:30 - INFO - DataSaver logging initialized. Log file: pb2b/logs/data_saver_20250324.log
2025-03-24 14:00:30 - INFO - Connected to SQLite database: pb2b/p2p_listings.db
2025-03-24 14:00:30 - INFO - Database tables created successfully
2025-03-24 14:00:30 - INFO - Attempt 1/10: Loading https://www.bybit.com/fiat/trade/otc?actionType=1&token=USDT&fiat=NGN
2025-03-24 14:00:39 - INFO - Screenshot saved as 'pb2b/screenshots/bybit_page_20250324_140039.png'
2025-03-24 14:00:40 - INFO - Fetching BUY listings for USDT/EUR
2025-03-24 14:00:40 - INFO - Data successfully saved to SQLite database. New listings - Bybit: 4, Binance: 6
2025-03-24 14:00:41 - INFO - Browser session closed
2025-03-24 14:00:41 - INFO - SQLite database connection closed
2025-03-24 14:30:06 - INFO - Logging initialized. Log file: pb2b/logs/bybit_scraper_20250324.log
2025-03-24 14:30:07 - INFO - DataSaver logging initialized. Log file: pb2b/logs/data_saver_20250324.log
2025-03-24 14:30:07 - INFO - Connected to SQLite database: pb2b/p2p_listings.db
2025-03-24 14:30:07 - INFO - Database tables created successfully
2025-03-24 14:30:07 - INFO - Attempt 1/10: Loading https://www.bybit.com/fiat/trade/otc?actionType=1&token=USDT&fiat=NGN
2025-03-24 14:30:16 - INFO - Screenshot saved as 'pb2b/screenshots/bybit_page_20250324_143016.png'
2025-03-24 14:30:17 - INFO - Fetching BUY listings for USDT/EUR
2025-03-24 14:30:17 - INFO - Data successfully saved to SQLite database. New listings - Bybit: 4, Binance: 6
2025-03-24 14:30:17 - INFO - Browser session closed
2025-03-24 14:30:17 - INFO - SQLite database connection closed
2025-03-24 14:48:13 - INFO - Logging initialized. Log file: pb2b/logs/bybit_scraper_20250324.log
2025-03-24 14:48:15 - INFO - DataSaver logging initialized. Log file: pb2b/logs/data_saver_20250324.log
2025-03-24 14:48:15 - INFO - Connected to SQLite database: pb2b/p2p_listings.db
2025-03-24 14:48:15 - INFO - Database tables created successfully
2025-03-24 14:48:15 - INFO - Attempt 1/10: Loading https://www.bybit.com/fiat/trade/otc?actionType=1&token=USDT&fiat=NGN
2025-03-24 14:48:24 - INFO - Screenshot saved as 'pb2b/screenshots/bybit_page_20250324_144824.png'
2025-03-24 14:48:24 - INFO - Fetching BUY listings for USDT/EUR
2025-03-24 14:48:25 - INFO - Data successfully saved to SQLite database. New listings - Bybit: 4, Binance: 6
2025-03-24 14:48:25 - INFO - Browser session closed
2025-03-24 14:48:25 - INFO - SQLite database connection closed
2025-03-24 15:03:00 - INFO - Logging initialized. Log file: pb2b/logs/bybit_scraper_20250324.log
2025-03-24 15:03:01 - INFO - DataSaver logging initialized. Log file: pb2b/logs/data_saver_20250324.log
2025-03-24 15:03:01 - INFO - Connected to SQLite database: pb2b/p2p_listings.db
2025-03-24 15:03:01 - INFO - Database tables created successfully
2025-03-24 15:03:01 - INFO - Attempt 1/10: Loading https://www.bybit.com/fiat/trade/otc?actionType=1&token=USDT&fiat=NGN
2025-03-24 15:03:11 - INFO - Screenshot saved as 'pb2b/screenshots/bybit_page_20250324_150311.png'
2025-03-24 15:03:11 - INFO - Fetching BUY listings for USDT/EUR
2025-03-24 15:03:12 - INFO - Data successfully saved to SQLite database. New listings - Bybit: 4, Binance: 6
2025-03-24 15:03:12 - INFO - Browser session closed
2025-03-24 15:03:12 - INFO - SQLite database connection closed
2025-03-24 15:30:49 - INFO - Logging initialized. Log file: pb2b/logs/bybit_scraper_20250324.log
2025-03-24 15:30:49 - INFO - DataSaver logging initialized. Log file: pb2b/logs/data_saver_20250324.log
2025-03-24 15:30:49 - INFO - Connected to SQLite database: pb2b/p2p_listings.db
2025-03-24 15:30:49 - INFO - Database tables created successfully
2025-03-24 15:30:49 - INFO - Attempt 1/10: Loading https://www.bybit.com/fiat/trade/otc?actionType=1&token=USDT&fiat=NGN
2025-03-24 15:30:59 - INFO - Screenshot saved as 'pb2b/screenshots/bybit_page_20250324_153059.png'
2025-03-24 15:31:00 - INFO - Fetching BUY listings for USDT/EUR
2025-03-24 15:31:01 - INFO - Data successfully saved to SQLite database. New listings - Bybit: 4, Binance: 6
2025-03-24 15:31:01 - INFO - Browser session closed
2025-03-24 15:31:01 - INFO - SQLite database connection closed
2025-03-24 15:46:48 - INFO - Logging initialized. Log file: pb2b/logs/bybit_scraper_20250324.log
2025-03-24 15:46:49 - INFO - DataSaver logging initialized. Log file: pb2b/logs/data_saver_20250324.log
2025-03-24 15:46:49 - INFO - Connected to SQLite database: pb2b/p2p_listings.db
2025-03-24 15:46:49 - INFO - Database tables created successfully
2025-03-24 15:46:49 - INFO - Attempt 1/10: Loading https://www.bybit.com/fiat/trade/otc?actionType=1&token=USDT&fiat=NGN
2025-03-24 15:47:00 - INFO - Screenshot saved as 'pb2b/screenshots/bybit_page_20250324_154700.png'
2025-03-24 15:47:00 - INFO - Fetching BUY listings for USDT/EUR
2025-03-24 15:47:01 - INFO - Data successfully saved to SQLite database. New listings - Bybit: 4, Binance: 6
2025-03-24 15:47:01 - INFO - Browser session closed
2025-03-24 15:47:01 - INFO - SQLite database connection closed
2025-03-24 16:00:38 - INFO - Logging initialized. Log file: pb2b/logs/bybit_scraper_20250324.log
2025-03-24 16:00:39 - INFO - DataSaver logging initialized. Log file: pb2b/logs/data_saver_20250324.log
2025-03-24 16:00:39 - INFO - Connected to SQLite database: pb2b/p2p_listings.db
2025-03-24 16:00:39 - INFO - Database tables created successfully
2025-03-24 16:00:39 - INFO - Attempt 1/10: Loading https://www.bybit.com/fiat/trade/otc?actionType=1&token=USDT&fiat=NGN
2025-03-24 16:00:50 - INFO - Screenshot saved as 'pb2b/screenshots/bybit_page_20250324_160050.png'
2025-03-24 16:00:51 - INFO - Fetching BUY listings for USDT/EUR
2025-03-24 16:00:51 - INFO - Data successfully saved to SQLite database. New listings - Bybit: 4, Binance: 6
2025-03-24 16:00:51 - INFO - Browser session closed
2025-03-24 16:00:51 - INFO - SQLite database connection closed
2025-03-24 16:35:27 - INFO - Logging initialized. Log file: pb2b/logs/bybit_scraper_20250324.log
2025-03-24 16:35:27 - INFO - DataSaver logging initialized. Log file: pb2b/logs/data_saver_20250324.log
2025-03-24 16:35:27 - INFO - Connected to SQLite database: pb2b/p2p_listings.db
2025-03-24 16:35:27 - INFO - Database tables created successfully
2025-03-24 16:35:27 - INFO - Attempt 1/10: Loading https://www.bybit.com/fiat/trade/otc?actionType=1&token=USDT&fiat=NGN
2025-03-24 16:35:37 - INFO - Screenshot saved as 'pb2b/screenshots/bybit_page_20250324_163537.png'
2025-03-24 16:35:38 - INFO - Fetching BUY listings for USDT/EUR
2025-03-24 16:35:38 - INFO - Data successfully saved to SQLite database. New listings - Bybit: 4, Binance: 6
2025-03-24 16:35:38 - INFO - Browser session closed
2025-03-24 16:35:38 - INFO - SQLite database connection closed
2025-03-24 16:53:49 - INFO - Logging initialized. Log file: pb2b/logs/bybit_scraper_20250324.log
2025-03-24 16:53:49 - INFO - DataSaver logging initialized. Log file: pb2b/logs/data_saver_20250324.log
2025-03-24 16:53:49 - INFO - Connected to SQLite database: pb2b/p2p_listings.db
2025-03-24 16:53:49 - INFO - Database tables created successfully
2025-03-24 16:53:49 - INFO - Attempt 1/10: Loading https://www.bybit.com/fiat/trade/otc?actionType=1&token=USDT&fiat=NGN
2025-03-24 16:53:58 - INFO - Screenshot saved as 'pb2b/screenshots/bybit_page_20250324_165358.png'
2025-03-24 16:53:59 - INFO - Fetching BUY listings for USDT/EUR
2025-03-24 16:54:00 - INFO - Data successfully saved to SQLite database. New listings - Bybit: 4, Binance: 6
2025-03-24 16:54:00 - INFO - Browser session closed
2025-03-24 16:54:00 - INFO - SQLite database connection closed
2025-03-24 17:17:49 - INFO - Logging initialized. Log file: pb2b/logs/bybit_scraper_20250324.log
2025-03-24 17:17:49 - INFO - DataSaver logging initialized. Log file: pb2b/logs/data_saver_20250324.log
2025-03-24 17:17:49 - INFO - Connected to SQLite database: pb2b/p2p_listings.db
2025-03-24 17:17:49 - INFO - Database tables created successfully
2025-03-24 17:17:49 - INFO - Attempt 1/10: Loading https://www.bybit.com/fiat/trade/otc?actionType=1&token=USDT&fiat=NGN
2025-03-24 17:17:59 - INFO - Screenshot saved as 'pb2b/screenshots/bybit_page_20250324_171758.png'
2025-03-24 17:17:59 - INFO - Fetching BUY listings for USDT/EUR
2025-03-24 17:18:00 - INFO - Data successfully saved to SQLite database. New listings - Bybit: 4, Binance: 6
2025-03-24 17:18:00 - INFO - Browser session closed
2025-03-24 17:18:00 - INFO - SQLite database connection closed
2025-03-24 17:37:30 - INFO - Logging initialized. Log file: pb2b/logs/bybit_scraper_20250324.log
2025-03-24 17:37:31 - INFO - DataSaver logging initialized. Log file: pb2b/logs/data_saver_20250324.log
2025-03-24 17:37:31 - INFO - Connected to SQLite database: pb2b/p2p_listings.db
2025-03-24 17:37:31 - INFO - Database tables created successfully
2025-03-24 17:37:31 - INFO - Attempt 1/10: Loading https://www.bybit.com/fiat/trade/otc?actionType=1&token=USDT&fiat=NGN
2025-03-24 17:37:40 - INFO - Screenshot saved as 'pb2b/screenshots/bybit_page_20250324_173740.png'
2025-03-24 17:37:40 - INFO - Fetching BUY listings for USDT/EUR
2025-03-24 17:37:41 - INFO - Data successfully saved to SQLite database. New listings - Bybit: 4, Binance: 6
2025-03-24 17:37:41 - INFO - Browser session closed
2025-03-24 17:37:41 - INFO - SQLite database connection closed
2025-03-24 17:51:03 - INFO - Logging initialized. Log file: pb2b/logs/bybit_scraper_20250324.log
2025-03-24 17:51:03 - INFO - DataSaver logging initialized. Log file: pb2b/logs/data_saver_20250324.log
2025-03-24 17:51:03 - INFO - Connected to SQLite database: pb2b/p2p_listings.db
2025-03-24 17:51:03 - INFO - Database tables created successfully
2025-03-24 17:51:03 - INFO - Attempt 1/10: Loading https://www.bybit.com/fiat/trade/otc?actionType=1&token=USDT&fiat=NGN
2025-03-24 17:51:13 - INFO - Screenshot saved as 'pb2b/screenshots/bybit_page_20250324_175113.png'
2025-03-24 17:51:13 - INFO - Fetching BUY listings for USDT/EUR
2025-03-24 17:51:14 - INFO - Data successfully saved to SQLite database. New listings - Bybit: 4, Binance: 6
2025-03-24 17:51:14 - INFO - Browser session closed
2025-03-24 17:51:14 - INFO - SQLite database connection closed
2025-03-24 18:18:20 - INFO - Logging initialized. Log file: pb2b/logs/bybit_scraper_20250324.log
2025-03-24 18:18:20 - INFO - DataSaver logging initialized. Log file: pb2b/logs/data_saver_20250324.log
2025-03-24 18:18:20 - INFO - Connected to SQLite database: pb2b/p2p_listings.db
2025-03-24 18:18:20 - INFO - Database tables created successfully
2025-03-24 18:18:20 - INFO - Attempt 1/10: Loading https://www.bybit.com/fiat/trade/otc?actionType=1&token=USDT&fiat=NGN
2025-03-24 18:18:30 - INFO - Screenshot saved as 'pb2b/screenshots/bybit_page_20250324_181830.png'
2025-03-24 18:18:30 - INFO - Fetching BUY listings for USDT/EUR
2025-03-24 18:18:31 - INFO - Data successfully saved to SQLite database. New listings - Bybit: 4, Binance: 6
2025-03-24 18:18:31 - INFO - Browser session closed
2025-03-24 18:18:31 - INFO - SQLite database connection closed
2025-03-24 18:44:57 - INFO - Logging initialized. Log file: pb2b/logs/bybit_scraper_20250324.log
2025-03-24 18:44:58 - INFO - DataSaver logging initialized. Log file: pb2b/logs/data_saver_20250324.log
2025-03-24 18:44:58 - INFO - Connected to SQLite database: pb2b/p2p_listings.db
2025-03-24 18:44:58 - INFO - Database tables created successfully
2025-03-24 18:44:58 - INFO - Attempt 1/10: Loading https://www.bybit.com/fiat/trade/otc?actionType=1&token=USDT&fiat=NGN
2025-03-24 18:45:08 - INFO - Screenshot saved as 'pb2b/screenshots/bybit_page_20250324_184507.png'
2025-03-24 18:45:08 - INFO - Fetching BUY listings for USDT/EUR
2025-03-24 18:45:09 - INFO - Data successfully saved to SQLite database. New listings - Bybit: 4, Binance: 6
2025-03-24 18:45:09 - INFO - Browser session closed
2025-03-24 18:45:09 - INFO - SQLite database connection closed
2025-03-24 18:57:54 - INFO - Logging initialized. Log file: pb2b/logs/bybit_scraper_20250324.log
2025-03-24 18:57:55 - INFO - DataSaver logging initialized. Log file: pb2b/logs/data_saver_20250324.log
2025-03-24 18:57:55 - INFO - Connected to SQLite database: pb2b/p2p_listings.db
2025-03-24 18:57:55 - INFO - Database tables created successfully
2025-03-24 18:57:55 - INFO - Attempt 1/10: Loading https://www.bybit.com/fiat/trade/otc?actionType=1&token=USDT&fiat=NGN
2025-03-24 18:58:05 - INFO - Screenshot saved as 'pb2b/screenshots/bybit_page_20250324_185805.png'
2025-03-24 18:58:05 - INFO - Fetching BUY listings for USDT/EUR
2025-03-24 18:58:06 - INFO - Data successfully saved to SQLite database. New listings - Bybit: 4, Binance: 6
2025-03-24 18:58:06 - INFO - Browser session closed
2025-03-24 18:58:06 - INFO - SQLite database connection closed
2025-03-24 19:20:58 - INFO - Logging initialized. Log file: pb2b/logs/bybit_scraper_20250324.log
2025-03-24 19:20:59 - INFO - DataSaver logging initialized. Log file: pb2b/logs/data_saver_20250324.log
2025-03-24 19:20:59 - INFO - Connected to SQLite database: pb2b/p2p_listings.db
2025-03-24 19:20:59 - INFO - Database tables created successfully
2025-03-24 19:20:59 - INFO - Attempt 1/10: Loading https://www.bybit.com/fiat/trade/otc?actionType=1&token=USDT&fiat=NGN
2025-03-24 19:21:08 - INFO - Screenshot saved as 'pb2b/screenshots/bybit_page_20250324_192108.png'
2025-03-24 19:21:09 - INFO - Fetching BUY listings for USDT/EUR
2025-03-24 19:21:09 - INFO - Data successfully saved to SQLite database. New listings - Bybit: 4, Binance: 6
2025-03-24 19:21:10 - INFO - Browser session closed
2025-03-24 19:21:10 - INFO - SQLite database connection closed
2025-03-24 19:35:45 - INFO - Logging initialized. Log file: pb2b/logs/bybit_scraper_20250324.log
2025-03-24 19:35:45 - INFO - DataSaver logging initialized. Log file: pb2b/logs/data_saver_20250324.log
2025-03-24 19:35:45 - INFO - Connected to SQLite database: pb2b/p2p_listings.db
2025-03-24 19:35:45 - INFO - Database tables created successfully
2025-03-24 19:35:45 - INFO - Attempt 1/10: Loading https://www.bybit.com/fiat/trade/otc?actionType=1&token=USDT&fiat=NGN
2025-03-24 19:35:56 - INFO - Screenshot saved as 'pb2b/screenshots/bybit_page_20250324_193555.png'
2025-03-24 19:35:56 - INFO - Fetching BUY listings for USDT/EUR
2025-03-24 19:35:57 - INFO - Data successfully saved to SQLite database. New listings - Bybit: 4, Binance: 6
2025-03-24 19:35:57 - INFO - Browser session closed
2025-03-24 19:35:57 - INFO - SQLite database connection closed
2025-03-24 19:49:03 - INFO - Logging initialized. Log file: pb2b/logs/bybit_scraper_20250324.log
2025-03-24 19:49:03 - INFO - DataSaver logging initialized. Log file: pb2b/logs/data_saver_20250324.log
2025-03-24 19:49:03 - INFO - Connected to SQLite database: pb2b/p2p_listings.db
2025-03-24 19:49:03 - INFO - Database tables created successfully
2025-03-24 19:49:03 - INFO - Attempt 1/10: Loading https://www.bybit.com/fiat/trade/otc?actionType=1&token=USDT&fiat=NGN
2025-03-24 19:49:12 - INFO - Screenshot saved as 'pb2b/screenshots/bybit_page_20250324_194912.png'
2025-03-24 19:49:13 - INFO - Fetching BUY listings for USDT/EUR
2025-03-24 19:49:13 - INFO - Data successfully saved to SQLite database. New listings - Bybit: 4, Binance: 6
2025-03-24 19:49:13 - INFO - Browser session closed
2025-03-24 19:49:13 - INFO - SQLite database connection closed
2025-03-24 20:09:47 - INFO - Logging initialized. Log file: pb2b/logs/bybit_scraper_20250324.log
2025-03-24 20:09:48 - INFO - DataSaver logging initialized. Log file: pb2b/logs/data_saver_20250324.log
2025-03-24 20:09:48 - INFO - Connected to SQLite database: pb2b/p2p_listings.db
2025-03-24 20:09:48 - INFO - Database tables created successfully
2025-03-24 20:09:48 - INFO - Attempt 1/10: Loading https://www.bybit.com/fiat/trade/otc?actionType=1&token=USDT&fiat=NGN
2025-03-24 20:09:59 - INFO - Screenshot saved as 'pb2b/screenshots/bybit_page_20250324_200959.png'
2025-03-24 20:10:00 - INFO - Fetching BUY listings for USDT/EUR
2025-03-24 20:10:00 - INFO - Data successfully saved to SQLite database. New listings - Bybit: 4, Binance: 6
2025-03-24 20:10:00 - INFO - Browser session closed
2025-03-24 20:10:00 - INFO - SQLite database connection closed
2025-03-24 20:30:53 - INFO - Logging initialized. Log file: pb2b/logs/bybit_scraper_20250324.log
2025-03-24 20:30:53 - INFO - DataSaver logging initialized. Log file: pb2b/logs/data_saver_20250324.log
2025-03-24 20:30:53 - INFO - Connected to SQLite database: pb2b/p2p_listings.db
2025-03-24 20:30:53 - INFO - Database tables created successfully
2025-03-24 20:30:53 - INFO - Attempt 1/10: Loading https://www.bybit.com/fiat/trade/otc?actionType=1&token=USDT&fiat=NGN
2025-03-24 20:31:03 - INFO - Screenshot saved as 'pb2b/screenshots/bybit_page_20250324_203103.png'
2025-03-24 20:31:04 - INFO - Fetching BUY listings for USDT/EUR
2025-03-24 20:31:04 - INFO - Data successfully saved to SQLite database. New listings - Bybit: 4, Binance: 6
2025-03-24 20:31:04 - INFO - Browser session closed
2025-03-24 20:31:04 - INFO - SQLite database connection closed
2025-03-24 20:45:16 - INFO - Logging initialized. Log file: pb2b/logs/bybit_scraper_20250324.log
2025-03-24 20:45:17 - INFO - DataSaver logging initialized. Log file: pb2b/logs/data_saver_20250324.log
2025-03-24 20:45:17 - INFO - Connected to SQLite database: pb2b/p2p_listings.db
2025-03-24 20:45:17 - INFO - Database tables created successfully
2025-03-24 20:45:17 - INFO - Attempt 1/10: Loading https://www.bybit.com/fiat/trade/otc?actionType=1&token=USDT&fiat=NGN
2025-03-24 20:45:26 - INFO - Screenshot saved as 'pb2b/screenshots/bybit_page_20250324_204526.png'
2025-03-24 20:45:26 - INFO - Fetching BUY listings for USDT/EUR
2025-03-24 20:45:27 - INFO - Data successfully saved to SQLite database. New listings - Bybit: 4, Binance: 6
2025-03-24 20:45:27 - INFO - Browser session closed
2025-03-24 20:45:27 - INFO - SQLite database connection closed
