2025-01-11 01:51:01 - INFO - Logging initialized. Log file: pb2b/logs/bybit_scraper_20250111.log
2025-01-11 01:51:03 - INFO - DataSaver logging initialized. Log file: pb2b/logs/data_saver_20250111.log
2025-01-11 01:51:03 - INFO - Connected to SQLite database: pb2b/p2p_listings.db
2025-01-11 01:51:03 - INFO - Database tables created successfully
2025-01-11 01:51:03 - INFO - Attempt 1/10: Loading https://www.bybit.com/fiat/trade/otc?actionType=1&token=USDT&fiat=NGN
2025-01-11 01:51:14 - INFO - Screenshot saved as 'pb2b/screenshots/bybit_page_20250111_015114.png'
2025-01-11 01:51:14 - INFO - Fetching BUY listings for USDT/EUR
2025-01-11 01:51:14 - INFO - Data successfully saved to SQLite database. New listings - Bybit: 4, Binance: 6
2025-01-11 01:51:15 - INFO - Browser session closed
2025-01-11 01:51:15 - INFO - SQLite database connection closed
2025-01-11 02:44:26 - INFO - Logging initialized. Log file: pb2b/logs/bybit_scraper_20250111.log
2025-01-11 02:44:28 - INFO - DataSaver logging initialized. Log file: pb2b/logs/data_saver_20250111.log
2025-01-11 02:44:28 - INFO - Connected to SQLite database: pb2b/p2p_listings.db
2025-01-11 02:44:28 - INFO - Database tables created successfully
2025-01-11 02:44:28 - INFO - Attempt 1/10: Loading https://www.bybit.com/fiat/trade/otc?actionType=1&token=USDT&fiat=NGN
2025-01-11 02:44:38 - INFO - Screenshot saved as 'pb2b/screenshots/bybit_page_20250111_024438.png'
2025-01-11 02:44:39 - INFO - Fetching BUY listings for USDT/EUR
2025-01-11 02:44:39 - INFO - Data successfully saved to SQLite database. New listings - Bybit: 4, Binance: 6
2025-01-11 02:44:39 - INFO - Browser session closed
2025-01-11 02:44:39 - INFO - SQLite database connection closed
