2025-09-23 00:56:11 - INFO - Logging initialized. Log file: pb2b/logs/bybit_scraper_20250923.log
2025-09-23 00:56:12 - INFO - DataSaver logging initialized. Log file: pb2b/logs/data_saver_20250923.log
2025-09-23 00:56:12 - INFO - Connected to SQLite database: pb2b/p2p_listings.db
2025-09-23 00:56:12 - INFO - Database tables created successfully
2025-09-23 00:56:12 - INFO - Attempt 1/10: Loading https://www.bybit.com/fiat/trade/otc?actionType=1&token=USDT&fiat=NGN
2025-09-23 00:56:21 - INFO - Screenshot saved as 'pb2b/screenshots/bybit_page_20250923_005621.png'
2025-09-23 00:56:22 - INFO - Fetching BUY listings for USDT/EUR
2025-09-23 00:56:23 - INFO - Data successfully saved to SQLite database. New listings - Bybit: 4, Binance: 6
2025-09-23 00:56:23 - INFO - Browser session closed
2025-09-23 00:56:23 - INFO - SQLite database connection closed
2025-09-23 02:24:25 - INFO - Logging initialized. Log file: pb2b/logs/bybit_scraper_20250923.log
2025-09-23 02:24:26 - INFO - DataSaver logging initialized. Log file: pb2b/logs/data_saver_20250923.log
2025-09-23 02:24:26 - INFO - Connected to SQLite database: pb2b/p2p_listings.db
2025-09-23 02:24:26 - INFO - Database tables created successfully
2025-09-23 02:24:26 - INFO - Attempt 1/10: Loading https://www.bybit.com/fiat/trade/otc?actionType=1&token=USDT&fiat=NGN
2025-09-23 02:24:34 - INFO - Screenshot saved as 'pb2b/screenshots/bybit_page_20250923_022434.png'
2025-09-23 02:24:35 - INFO - Fetching BUY listings for USDT/EUR
2025-09-23 02:24:35 - INFO - Data successfully saved to SQLite database. New listings - Bybit: 4, Binance: 6
2025-09-23 02:24:36 - INFO - Browser session closed
2025-09-23 02:24:36 - INFO - SQLite database connection closed
2025-09-23 03:15:19 - INFO - Logging initialized. Log file: pb2b/logs/bybit_scraper_20250923.log
2025-09-23 03:15:21 - INFO - DataSaver logging initialized. Log file: pb2b/logs/data_saver_20250923.log
2025-09-23 03:15:21 - INFO - Connected to SQLite database: pb2b/p2p_listings.db
2025-09-23 03:15:21 - INFO - Database tables created successfully
2025-09-23 03:15:21 - INFO - Attempt 1/10: Loading https://www.bybit.com/fiat/trade/otc?actionType=1&token=USDT&fiat=NGN
2025-09-23 03:15:29 - INFO - Screenshot saved as 'pb2b/screenshots/bybit_page_20250923_031529.png'
2025-09-23 03:15:30 - INFO - Fetching BUY listings for USDT/EUR
2025-09-23 03:15:31 - INFO - Data successfully saved to SQLite database. New listings - Bybit: 4, Binance: 6
2025-09-23 03:15:32 - INFO - Browser session closed
2025-09-23 03:15:32 - INFO - SQLite database connection closed
2025-09-23 03:45:03 - INFO - Logging initialized. Log file: pb2b/logs/bybit_scraper_20250923.log
2025-09-23 03:45:06 - INFO - DataSaver logging initialized. Log file: pb2b/logs/data_saver_20250923.log
2025-09-23 03:45:06 - INFO - Connected to SQLite database: pb2b/p2p_listings.db
2025-09-23 03:45:06 - INFO - Database tables created successfully
2025-09-23 03:45:06 - INFO - Attempt 1/10: Loading https://www.bybit.com/fiat/trade/otc?actionType=1&token=USDT&fiat=NGN
2025-09-23 03:45:14 - INFO - Screenshot saved as 'pb2b/screenshots/bybit_page_20250923_034514.png'
2025-09-23 03:45:15 - INFO - Fetching BUY listings for USDT/EUR
2025-09-23 03:45:16 - INFO - Data successfully saved to SQLite database. New listings - Bybit: 4, Binance: 6
2025-09-23 03:45:17 - INFO - Browser session closed
2025-09-23 03:45:17 - INFO - SQLite database connection closed
2025-09-23 03:57:58 - INFO - Logging initialized. Log file: pb2b/logs/bybit_scraper_20250923.log
2025-09-23 03:57:59 - INFO - DataSaver logging initialized. Log file: pb2b/logs/data_saver_20250923.log
2025-09-23 03:57:59 - INFO - Connected to SQLite database: pb2b/p2p_listings.db
2025-09-23 03:57:59 - INFO - Database tables created successfully
2025-09-23 03:57:59 - INFO - Attempt 1/10: Loading https://www.bybit.com/fiat/trade/otc?actionType=1&token=USDT&fiat=NGN
2025-09-23 03:58:07 - INFO - Screenshot saved as 'pb2b/screenshots/bybit_page_20250923_035807.png'
2025-09-23 03:58:08 - INFO - Fetching BUY listings for USDT/EUR
2025-09-23 03:58:09 - INFO - Data successfully saved to SQLite database. New listings - Bybit: 4, Binance: 6
2025-09-23 03:58:09 - INFO - Browser session closed
2025-09-23 03:58:09 - INFO - SQLite database connection closed
2025-09-23 04:33:02 - INFO - Logging initialized. Log file: pb2b/logs/bybit_scraper_20250923.log
2025-09-23 04:33:04 - INFO - DataSaver logging initialized. Log file: pb2b/logs/data_saver_20250923.log
2025-09-23 04:33:04 - INFO - Connected to SQLite database: pb2b/p2p_listings.db
2025-09-23 04:33:04 - INFO - Database tables created successfully
2025-09-23 04:33:04 - INFO - Attempt 1/10: Loading https://www.bybit.com/fiat/trade/otc?actionType=1&token=USDT&fiat=NGN
2025-09-23 04:33:13 - INFO - Screenshot saved as 'pb2b/screenshots/bybit_page_20250923_043313.png'
2025-09-23 04:33:14 - INFO - Fetching BUY listings for USDT/EUR
2025-09-23 04:33:14 - INFO - Data successfully saved to SQLite database. New listings - Bybit: 4, Binance: 6
2025-09-23 04:33:14 - INFO - Browser session closed
2025-09-23 04:33:14 - INFO - SQLite database connection closed
2025-09-23 04:48:22 - INFO - Logging initialized. Log file: pb2b/logs/bybit_scraper_20250923.log
2025-09-23 04:48:23 - INFO - DataSaver logging initialized. Log file: pb2b/logs/data_saver_20250923.log
2025-09-23 04:48:23 - INFO - Connected to SQLite database: pb2b/p2p_listings.db
2025-09-23 04:48:23 - INFO - Database tables created successfully
2025-09-23 04:48:23 - INFO - Attempt 1/10: Loading https://www.bybit.com/fiat/trade/otc?actionType=1&token=USDT&fiat=NGN
2025-09-23 04:48:32 - INFO - Screenshot saved as 'pb2b/screenshots/bybit_page_20250923_044832.png'
2025-09-23 04:48:33 - INFO - Fetching BUY listings for USDT/EUR
2025-09-23 04:48:35 - INFO - Data successfully saved to SQLite database. New listings - Bybit: 4, Binance: 6
2025-09-23 04:48:35 - INFO - Browser session closed
2025-09-23 04:48:35 - INFO - SQLite database connection closed
2025-09-23 05:01:32 - INFO - Logging initialized. Log file: pb2b/logs/bybit_scraper_20250923.log
2025-09-23 05:01:33 - INFO - DataSaver logging initialized. Log file: pb2b/logs/data_saver_20250923.log
2025-09-23 05:01:33 - INFO - Connected to SQLite database: pb2b/p2p_listings.db
2025-09-23 05:01:33 - INFO - Database tables created successfully
2025-09-23 05:01:33 - INFO - Attempt 1/10: Loading https://www.bybit.com/fiat/trade/otc?actionType=1&token=USDT&fiat=NGN
2025-09-23 05:01:43 - INFO - Screenshot saved as 'pb2b/screenshots/bybit_page_20250923_050143.png'
2025-09-23 05:01:43 - INFO - Fetching BUY listings for USDT/EUR
2025-09-23 05:01:44 - INFO - Data successfully saved to SQLite database. New listings - Bybit: 4, Binance: 6
2025-09-23 05:01:44 - INFO - Browser session closed
2025-09-23 05:01:44 - INFO - SQLite database connection closed
2025-09-23 05:30:14 - INFO - Logging initialized. Log file: pb2b/logs/bybit_scraper_20250923.log
2025-09-23 05:30:17 - INFO - DataSaver logging initialized. Log file: pb2b/logs/data_saver_20250923.log
2025-09-23 05:30:17 - INFO - Connected to SQLite database: pb2b/p2p_listings.db
2025-09-23 05:30:17 - INFO - Database tables created successfully
2025-09-23 05:30:17 - INFO - Attempt 1/10: Loading https://www.bybit.com/fiat/trade/otc?actionType=1&token=USDT&fiat=NGN
2025-09-23 05:30:26 - INFO - Screenshot saved as 'pb2b/screenshots/bybit_page_20250923_053026.png'
2025-09-23 05:30:27 - INFO - Fetching BUY listings for USDT/EUR
2025-09-23 05:30:28 - INFO - Data successfully saved to SQLite database. New listings - Bybit: 4, Binance: 6
2025-09-23 05:30:28 - INFO - Browser session closed
2025-09-23 05:30:28 - INFO - SQLite database connection closed
2025-09-23 05:46:18 - INFO - Logging initialized. Log file: pb2b/logs/bybit_scraper_20250923.log
2025-09-23 05:46:19 - INFO - DataSaver logging initialized. Log file: pb2b/logs/data_saver_20250923.log
2025-09-23 05:46:19 - INFO - Connected to SQLite database: pb2b/p2p_listings.db
2025-09-23 05:46:19 - INFO - Database tables created successfully
2025-09-23 05:46:19 - INFO - Attempt 1/10: Loading https://www.bybit.com/fiat/trade/otc?actionType=1&token=USDT&fiat=NGN
2025-09-23 05:46:29 - INFO - Screenshot saved as 'pb2b/screenshots/bybit_page_20250923_054629.png'
2025-09-23 05:46:30 - INFO - Fetching BUY listings for USDT/EUR
2025-09-23 05:46:31 - INFO - Data successfully saved to SQLite database. New listings - Bybit: 4, Binance: 6
2025-09-23 05:46:32 - INFO - Browser session closed
2025-09-23 05:46:32 - INFO - SQLite database connection closed
2025-09-23 05:59:32 - INFO - Logging initialized. Log file: pb2b/logs/bybit_scraper_20250923.log
2025-09-23 05:59:33 - INFO - DataSaver logging initialized. Log file: pb2b/logs/data_saver_20250923.log
2025-09-23 05:59:33 - INFO - Connected to SQLite database: pb2b/p2p_listings.db
2025-09-23 05:59:33 - INFO - Database tables created successfully
2025-09-23 05:59:33 - INFO - Attempt 1/10: Loading https://www.bybit.com/fiat/trade/otc?actionType=1&token=USDT&fiat=NGN
2025-09-23 05:59:42 - INFO - Screenshot saved as 'pb2b/screenshots/bybit_page_20250923_055942.png'
2025-09-23 05:59:42 - INFO - Fetching BUY listings for USDT/EUR
2025-09-23 05:59:43 - INFO - Data successfully saved to SQLite database. New listings - Bybit: 4, Binance: 6
2025-09-23 05:59:43 - INFO - Browser session closed
2025-09-23 05:59:43 - INFO - SQLite database connection closed
2025-09-23 06:41:28 - INFO - Logging initialized. Log file: pb2b/logs/bybit_scraper_20250923.log
2025-09-23 06:41:28 - INFO - DataSaver logging initialized. Log file: pb2b/logs/data_saver_20250923.log
2025-09-23 06:41:28 - INFO - Connected to SQLite database: pb2b/p2p_listings.db
2025-09-23 06:41:28 - INFO - Database tables created successfully
2025-09-23 06:41:28 - INFO - Attempt 1/10: Loading https://www.bybit.com/fiat/trade/otc?actionType=1&token=USDT&fiat=NGN
2025-09-23 06:41:38 - INFO - Screenshot saved as 'pb2b/screenshots/bybit_page_20250923_064137.png'
2025-09-23 06:41:38 - INFO - Fetching BUY listings for USDT/EUR
2025-09-23 06:41:39 - INFO - Data successfully saved to SQLite database. New listings - Bybit: 4, Binance: 6
2025-09-23 06:41:39 - INFO - Browser session closed
2025-09-23 06:41:39 - INFO - SQLite database connection closed
2025-09-23 06:59:05 - INFO - Logging initialized. Log file: pb2b/logs/bybit_scraper_20250923.log
2025-09-23 06:59:06 - INFO - DataSaver logging initialized. Log file: pb2b/logs/data_saver_20250923.log
2025-09-23 06:59:06 - INFO - Connected to SQLite database: pb2b/p2p_listings.db
2025-09-23 06:59:06 - INFO - Database tables created successfully
2025-09-23 06:59:06 - INFO - Attempt 1/10: Loading https://www.bybit.com/fiat/trade/otc?actionType=1&token=USDT&fiat=NGN
2025-09-23 06:59:14 - INFO - Screenshot saved as 'pb2b/screenshots/bybit_page_20250923_065914.png'
2025-09-23 06:59:15 - INFO - Fetching BUY listings for USDT/EUR
2025-09-23 06:59:16 - INFO - Data successfully saved to SQLite database. New listings - Bybit: 4, Binance: 6
2025-09-23 06:59:16 - INFO - Browser session closed
2025-09-23 06:59:16 - INFO - SQLite database connection closed
2025-09-23 07:27:30 - INFO - Logging initialized. Log file: pb2b/logs/bybit_scraper_20250923.log
2025-09-23 07:27:31 - INFO - DataSaver logging initialized. Log file: pb2b/logs/data_saver_20250923.log
2025-09-23 07:27:31 - INFO - Connected to SQLite database: pb2b/p2p_listings.db
2025-09-23 07:27:31 - INFO - Database tables created successfully
2025-09-23 07:27:31 - INFO - Attempt 1/10: Loading https://www.bybit.com/fiat/trade/otc?actionType=1&token=USDT&fiat=NGN
2025-09-23 07:27:41 - INFO - Screenshot saved as 'pb2b/screenshots/bybit_page_20250923_072740.png'
2025-09-23 07:27:41 - INFO - Fetching BUY listings for USDT/EUR
2025-09-23 07:27:42 - INFO - Data successfully saved to SQLite database. New listings - Bybit: 4, Binance: 6
2025-09-23 07:27:42 - INFO - Browser session closed
2025-09-23 07:27:42 - INFO - SQLite database connection closed
2025-09-23 07:43:56 - INFO - Logging initialized. Log file: pb2b/logs/bybit_scraper_20250923.log
2025-09-23 07:43:57 - INFO - DataSaver logging initialized. Log file: pb2b/logs/data_saver_20250923.log
2025-09-23 07:43:57 - INFO - Connected to SQLite database: pb2b/p2p_listings.db
2025-09-23 07:43:57 - INFO - Database tables created successfully
2025-09-23 07:43:57 - INFO - Attempt 1/10: Loading https://www.bybit.com/fiat/trade/otc?actionType=1&token=USDT&fiat=NGN
2025-09-23 07:44:05 - INFO - Screenshot saved as 'pb2b/screenshots/bybit_page_20250923_074405.png'
2025-09-23 07:44:06 - INFO - Fetching BUY listings for USDT/EUR
2025-09-23 07:44:06 - INFO - Data successfully saved to SQLite database. New listings - Bybit: 4, Binance: 6
2025-09-23 07:44:07 - INFO - Browser session closed
2025-09-23 07:44:07 - INFO - SQLite database connection closed
