2025-09-11 01:02:39 - INFO - Logging initialized. Log file: pb2b/logs/bybit_scraper_20250911.log
2025-09-11 01:02:40 - INFO - DataSaver logging initialized. Log file: pb2b/logs/data_saver_20250911.log
2025-09-11 01:02:40 - INFO - Connected to SQLite database: pb2b/p2p_listings.db
2025-09-11 01:02:40 - INFO - Database tables created successfully
2025-09-11 01:02:40 - INFO - Attempt 1/10: Loading https://www.bybit.com/fiat/trade/otc?actionType=1&token=USDT&fiat=NGN
2025-09-11 01:02:50 - INFO - Screenshot saved as 'pb2b/screenshots/bybit_page_20250911_010250.png'
2025-09-11 01:02:50 - INFO - Fetching BUY listings for USDT/EUR
2025-09-11 01:02:51 - INFO - Data successfully saved to SQLite database. New listings - Bybit: 4, Binance: 6
2025-09-11 01:02:51 - INFO - Browser session closed
2025-09-11 01:02:51 - INFO - SQLite database connection closed
2025-09-11 02:39:13 - INFO - Logging initialized. Log file: pb2b/logs/bybit_scraper_20250911.log
2025-09-11 02:39:15 - INFO - DataSaver logging initialized. Log file: pb2b/logs/data_saver_20250911.log
2025-09-11 02:39:15 - INFO - Connected to SQLite database: pb2b/p2p_listings.db
2025-09-11 02:39:15 - INFO - Database tables created successfully
2025-09-11 02:39:15 - INFO - Attempt 1/10: Loading https://www.bybit.com/fiat/trade/otc?actionType=1&token=USDT&fiat=NGN
2025-09-11 02:39:25 - INFO - Screenshot saved as 'pb2b/screenshots/bybit_page_20250911_023925.png'
2025-09-11 02:39:25 - INFO - Fetching BUY listings for USDT/EUR
2025-09-11 02:39:27 - INFO - Data successfully saved to SQLite database. New listings - Bybit: 4, Binance: 6
2025-09-11 02:39:27 - INFO - Browser session closed
2025-09-11 02:39:27 - INFO - SQLite database connection closed
2025-09-11 03:26:11 - INFO - Logging initialized. Log file: pb2b/logs/bybit_scraper_20250911.log
2025-09-11 03:26:12 - INFO - DataSaver logging initialized. Log file: pb2b/logs/data_saver_20250911.log
2025-09-11 03:26:12 - INFO - Connected to SQLite database: pb2b/p2p_listings.db
2025-09-11 03:26:12 - INFO - Database tables created successfully
2025-09-11 03:26:12 - INFO - Attempt 1/10: Loading https://www.bybit.com/fiat/trade/otc?actionType=1&token=USDT&fiat=NGN
2025-09-11 03:26:21 - INFO - Screenshot saved as 'pb2b/screenshots/bybit_page_20250911_032621.png'
2025-09-11 03:26:21 - INFO - Fetching BUY listings for USDT/EUR
2025-09-11 03:26:22 - INFO - Data successfully saved to SQLite database. New listings - Bybit: 4, Binance: 6
2025-09-11 03:26:22 - INFO - Browser session closed
2025-09-11 03:26:22 - INFO - SQLite database connection closed
2025-09-11 03:50:42 - INFO - Logging initialized. Log file: pb2b/logs/bybit_scraper_20250911.log
2025-09-11 03:50:43 - INFO - DataSaver logging initialized. Log file: pb2b/logs/data_saver_20250911.log
2025-09-11 03:50:43 - INFO - Connected to SQLite database: pb2b/p2p_listings.db
2025-09-11 03:50:43 - INFO - Database tables created successfully
2025-09-11 03:50:43 - INFO - Attempt 1/10: Loading https://www.bybit.com/fiat/trade/otc?actionType=1&token=USDT&fiat=NGN
2025-09-11 03:50:53 - INFO - Screenshot saved as 'pb2b/screenshots/bybit_page_20250911_035053.png'
2025-09-11 03:50:54 - INFO - Fetching BUY listings for USDT/EUR
2025-09-11 03:50:54 - INFO - Data successfully saved to SQLite database. New listings - Bybit: 4, Binance: 6
2025-09-11 03:50:55 - INFO - Browser session closed
2025-09-11 03:50:55 - INFO - SQLite database connection closed
2025-09-11 04:07:25 - INFO - Logging initialized. Log file: pb2b/logs/bybit_scraper_20250911.log
2025-09-11 04:07:26 - INFO - DataSaver logging initialized. Log file: pb2b/logs/data_saver_20250911.log
2025-09-11 04:07:26 - INFO - Connected to SQLite database: pb2b/p2p_listings.db
2025-09-11 04:07:26 - INFO - Database tables created successfully
2025-09-11 04:07:26 - INFO - Attempt 1/10: Loading https://www.bybit.com/fiat/trade/otc?actionType=1&token=USDT&fiat=NGN
2025-09-11 04:07:37 - INFO - Screenshot saved as 'pb2b/screenshots/bybit_page_20250911_040737.png'
2025-09-11 04:07:37 - INFO - Fetching BUY listings for USDT/EUR
2025-09-11 04:07:38 - INFO - Data successfully saved to SQLite database. New listings - Bybit: 4, Binance: 6
2025-09-11 04:07:38 - INFO - Browser session closed
2025-09-11 04:07:38 - INFO - SQLite database connection closed
2025-09-11 04:36:32 - INFO - Logging initialized. Log file: pb2b/logs/bybit_scraper_20250911.log
2025-09-11 04:36:33 - INFO - DataSaver logging initialized. Log file: pb2b/logs/data_saver_20250911.log
2025-09-11 04:36:33 - INFO - Connected to SQLite database: pb2b/p2p_listings.db
2025-09-11 04:36:33 - INFO - Database tables created successfully
2025-09-11 04:36:33 - INFO - Attempt 1/10: Loading https://www.bybit.com/fiat/trade/otc?actionType=1&token=USDT&fiat=NGN
2025-09-11 04:36:42 - INFO - Screenshot saved as 'pb2b/screenshots/bybit_page_20250911_043642.png'
2025-09-11 04:36:43 - INFO - Fetching BUY listings for USDT/EUR
2025-09-11 04:36:43 - INFO - Data successfully saved to SQLite database. New listings - Bybit: 4, Binance: 6
2025-09-11 04:36:43 - INFO - Browser session closed
2025-09-11 04:36:43 - INFO - SQLite database connection closed
2025-09-11 04:50:14 - INFO - Logging initialized. Log file: pb2b/logs/bybit_scraper_20250911.log
2025-09-11 04:50:15 - INFO - DataSaver logging initialized. Log file: pb2b/logs/data_saver_20250911.log
2025-09-11 04:50:15 - INFO - Connected to SQLite database: pb2b/p2p_listings.db
2025-09-11 04:50:15 - INFO - Database tables created successfully
2025-09-11 04:50:15 - INFO - Attempt 1/10: Loading https://www.bybit.com/fiat/trade/otc?actionType=1&token=USDT&fiat=NGN
2025-09-11 04:50:24 - INFO - Screenshot saved as 'pb2b/screenshots/bybit_page_20250911_045024.png'
2025-09-11 04:50:24 - INFO - Fetching BUY listings for USDT/EUR
2025-09-11 04:50:25 - INFO - Data successfully saved to SQLite database. New listings - Bybit: 4, Binance: 6
2025-09-11 04:50:25 - INFO - Browser session closed
2025-09-11 04:50:25 - INFO - SQLite database connection closed
2025-09-11 05:04:32 - INFO - Logging initialized. Log file: pb2b/logs/bybit_scraper_20250911.log
2025-09-11 05:04:33 - INFO - DataSaver logging initialized. Log file: pb2b/logs/data_saver_20250911.log
2025-09-11 05:04:33 - INFO - Connected to SQLite database: pb2b/p2p_listings.db
2025-09-11 05:04:33 - INFO - Database tables created successfully
2025-09-11 05:04:33 - INFO - Attempt 1/10: Loading https://www.bybit.com/fiat/trade/otc?actionType=1&token=USDT&fiat=NGN
2025-09-11 05:04:43 - INFO - Screenshot saved as 'pb2b/screenshots/bybit_page_20250911_050443.png'
2025-09-11 05:04:43 - INFO - Fetching BUY listings for USDT/EUR
2025-09-11 05:04:44 - INFO - Data successfully saved to SQLite database. New listings - Bybit: 4, Binance: 6
2025-09-11 05:04:44 - INFO - Browser session closed
2025-09-11 05:04:44 - INFO - SQLite database connection closed
2025-09-11 05:33:05 - INFO - Logging initialized. Log file: pb2b/logs/bybit_scraper_20250911.log
2025-09-11 05:33:07 - INFO - DataSaver logging initialized. Log file: pb2b/logs/data_saver_20250911.log
2025-09-11 05:33:07 - INFO - Connected to SQLite database: pb2b/p2p_listings.db
2025-09-11 05:33:07 - INFO - Database tables created successfully
2025-09-11 05:33:07 - INFO - Attempt 1/10: Loading https://www.bybit.com/fiat/trade/otc?actionType=1&token=USDT&fiat=NGN
2025-09-11 05:33:16 - INFO - Screenshot saved as 'pb2b/screenshots/bybit_page_20250911_053316.png'
2025-09-11 05:33:16 - INFO - Fetching BUY listings for USDT/EUR
2025-09-11 05:33:17 - INFO - Data successfully saved to SQLite database. New listings - Bybit: 4, Binance: 6
2025-09-11 05:33:17 - INFO - Browser session closed
2025-09-11 05:33:17 - INFO - SQLite database connection closed
2025-09-11 05:47:07 - INFO - Logging initialized. Log file: pb2b/logs/bybit_scraper_20250911.log
2025-09-11 05:47:08 - INFO - DataSaver logging initialized. Log file: pb2b/logs/data_saver_20250911.log
2025-09-11 05:47:08 - INFO - Connected to SQLite database: pb2b/p2p_listings.db
2025-09-11 05:47:08 - INFO - Database tables created successfully
2025-09-11 05:47:08 - INFO - Attempt 1/10: Loading https://www.bybit.com/fiat/trade/otc?actionType=1&token=USDT&fiat=NGN
2025-09-11 05:47:17 - INFO - Screenshot saved as 'pb2b/screenshots/bybit_page_20250911_054717.png'
2025-09-11 05:47:17 - INFO - Fetching BUY listings for USDT/EUR
2025-09-11 05:47:18 - INFO - Data successfully saved to SQLite database. New listings - Bybit: 4, Binance: 6
2025-09-11 05:47:18 - INFO - Browser session closed
2025-09-11 05:47:18 - INFO - SQLite database connection closed
2025-09-11 06:00:05 - INFO - Logging initialized. Log file: pb2b/logs/bybit_scraper_20250911.log
2025-09-11 06:00:06 - INFO - DataSaver logging initialized. Log file: pb2b/logs/data_saver_20250911.log
2025-09-11 06:00:06 - INFO - Connected to SQLite database: pb2b/p2p_listings.db
2025-09-11 06:00:06 - INFO - Database tables created successfully
2025-09-11 06:00:06 - INFO - Attempt 1/10: Loading https://www.bybit.com/fiat/trade/otc?actionType=1&token=USDT&fiat=NGN
2025-09-11 06:00:16 - INFO - Screenshot saved as 'pb2b/screenshots/bybit_page_20250911_060016.png'
2025-09-11 06:00:16 - INFO - Fetching BUY listings for USDT/EUR
2025-09-11 06:00:18 - INFO - Data successfully saved to SQLite database. New listings - Bybit: 4, Binance: 6
2025-09-11 06:00:19 - INFO - Browser session closed
2025-09-11 06:00:19 - INFO - SQLite database connection closed
2025-09-11 06:42:09 - INFO - Logging initialized. Log file: pb2b/logs/bybit_scraper_20250911.log
2025-09-11 06:42:10 - INFO - DataSaver logging initialized. Log file: pb2b/logs/data_saver_20250911.log
2025-09-11 06:42:10 - INFO - Connected to SQLite database: pb2b/p2p_listings.db
2025-09-11 06:42:10 - INFO - Database tables created successfully
2025-09-11 06:42:10 - INFO - Attempt 1/10: Loading https://www.bybit.com/fiat/trade/otc?actionType=1&token=USDT&fiat=NGN
2025-09-11 06:42:20 - INFO - Screenshot saved as 'pb2b/screenshots/bybit_page_20250911_064220.png'
2025-09-11 06:42:20 - INFO - Fetching BUY listings for USDT/EUR
2025-09-11 06:42:21 - INFO - Data successfully saved to SQLite database. New listings - Bybit: 4, Binance: 6
2025-09-11 06:42:21 - INFO - Browser session closed
2025-09-11 06:42:21 - INFO - SQLite database connection closed
2025-09-11 06:57:16 - INFO - Logging initialized. Log file: pb2b/logs/bybit_scraper_20250911.log
2025-09-11 06:57:18 - INFO - DataSaver logging initialized. Log file: pb2b/logs/data_saver_20250911.log
2025-09-11 06:57:18 - INFO - Connected to SQLite database: pb2b/p2p_listings.db
2025-09-11 06:57:18 - INFO - Database tables created successfully
2025-09-11 06:57:18 - INFO - Attempt 1/10: Loading https://www.bybit.com/fiat/trade/otc?actionType=1&token=USDT&fiat=NGN
2025-09-11 06:57:26 - INFO - Screenshot saved as 'pb2b/screenshots/bybit_page_20250911_065726.png'
2025-09-11 06:57:27 - INFO - Fetching BUY listings for USDT/EUR
2025-09-11 06:57:28 - INFO - Data successfully saved to SQLite database. New listings - Bybit: 4, Binance: 6
2025-09-11 06:57:28 - INFO - Browser session closed
2025-09-11 06:57:28 - INFO - SQLite database connection closed
2025-09-11 07:24:01 - INFO - Logging initialized. Log file: pb2b/logs/bybit_scraper_20250911.log
2025-09-11 07:24:03 - INFO - DataSaver logging initialized. Log file: pb2b/logs/data_saver_20250911.log
2025-09-11 07:24:03 - INFO - Connected to SQLite database: pb2b/p2p_listings.db
2025-09-11 07:24:03 - INFO - Database tables created successfully
2025-09-11 07:24:03 - INFO - Attempt 1/10: Loading https://www.bybit.com/fiat/trade/otc?actionType=1&token=USDT&fiat=NGN
2025-09-11 07:24:13 - INFO - Screenshot saved as 'pb2b/screenshots/bybit_page_20250911_072412.png'
2025-09-11 07:24:13 - INFO - Fetching BUY listings for USDT/EUR
2025-09-11 07:24:14 - INFO - Data successfully saved to SQLite database. New listings - Bybit: 4, Binance: 6
2025-09-11 07:24:14 - INFO - Browser session closed
2025-09-11 07:24:14 - INFO - SQLite database connection closed
2025-09-11 07:40:24 - INFO - Logging initialized. Log file: pb2b/logs/bybit_scraper_20250911.log
2025-09-11 07:40:26 - INFO - DataSaver logging initialized. Log file: pb2b/logs/data_saver_20250911.log
2025-09-11 07:40:26 - INFO - Connected to SQLite database: pb2b/p2p_listings.db
2025-09-11 07:40:26 - INFO - Database tables created successfully
2025-09-11 07:40:26 - INFO - Attempt 1/10: Loading https://www.bybit.com/fiat/trade/otc?actionType=1&token=USDT&fiat=NGN
2025-09-11 07:40:34 - INFO - Screenshot saved as 'pb2b/screenshots/bybit_page_20250911_074034.png'
2025-09-11 07:40:34 - INFO - Fetching BUY listings for USDT/EUR
2025-09-11 07:40:35 - INFO - Data successfully saved to SQLite database. New listings - Bybit: 4, Binance: 6
2025-09-11 07:40:35 - INFO - Browser session closed
2025-09-11 07:40:35 - INFO - SQLite database connection closed
2025-09-11 07:52:25 - INFO - Logging initialized. Log file: pb2b/logs/bybit_scraper_20250911.log
2025-09-11 07:52:26 - INFO - DataSaver logging initialized. Log file: pb2b/logs/data_saver_20250911.log
2025-09-11 07:52:26 - INFO - Connected to SQLite database: pb2b/p2p_listings.db
2025-09-11 07:52:26 - INFO - Database tables created successfully
2025-09-11 07:52:26 - INFO - Attempt 1/10: Loading https://www.bybit.com/fiat/trade/otc?actionType=1&token=USDT&fiat=NGN
2025-09-11 07:52:36 - INFO - Screenshot saved as 'pb2b/screenshots/bybit_page_20250911_075235.png'
2025-09-11 07:52:36 - INFO - Fetching BUY listings for USDT/EUR
2025-09-11 07:52:37 - INFO - Data successfully saved to SQLite database. New listings - Bybit: 4, Binance: 6
2025-09-11 07:52:37 - INFO - Browser session closed
2025-09-11 07:52:37 - INFO - SQLite database connection closed
2025-09-11 08:18:55 - INFO - Logging initialized. Log file: pb2b/logs/bybit_scraper_20250911.log
2025-09-11 08:18:57 - INFO - DataSaver logging initialized. Log file: pb2b/logs/data_saver_20250911.log
2025-09-11 08:18:57 - INFO - Connected to SQLite database: pb2b/p2p_listings.db
2025-09-11 08:18:57 - INFO - Database tables created successfully
2025-09-11 08:18:57 - INFO - Attempt 1/10: Loading https://www.bybit.com/fiat/trade/otc?actionType=1&token=USDT&fiat=NGN
2025-09-11 08:19:07 - INFO - Screenshot saved as 'pb2b/screenshots/bybit_page_20250911_081907.png'
2025-09-11 08:19:07 - INFO - Fetching BUY listings for USDT/EUR
2025-09-11 08:19:08 - INFO - Data successfully saved to SQLite database. New listings - Bybit: 4, Binance: 6
2025-09-11 08:19:08 - INFO - Browser session closed
2025-09-11 08:19:08 - INFO - SQLite database connection closed
2025-09-11 08:43:35 - INFO - Logging initialized. Log file: pb2b/logs/bybit_scraper_20250911.log
2025-09-11 08:43:37 - INFO - DataSaver logging initialized. Log file: pb2b/logs/data_saver_20250911.log
2025-09-11 08:43:37 - INFO - Connected to SQLite database: pb2b/p2p_listings.db
2025-09-11 08:43:37 - INFO - Database tables created successfully
2025-09-11 08:43:37 - INFO - Attempt 1/10: Loading https://www.bybit.com/fiat/trade/otc?actionType=1&token=USDT&fiat=NGN
2025-09-11 08:43:47 - INFO - Screenshot saved as 'pb2b/screenshots/bybit_page_20250911_084346.png'
2025-09-11 08:43:47 - INFO - Fetching BUY listings for USDT/EUR
2025-09-11 08:43:48 - INFO - Data successfully saved to SQLite database. New listings - Bybit: 4, Binance: 6
2025-09-11 08:43:48 - INFO - Browser session closed
2025-09-11 08:43:48 - INFO - SQLite database connection closed
2025-09-11 08:57:46 - INFO - Logging initialized. Log file: pb2b/logs/bybit_scraper_20250911.log
2025-09-11 08:57:48 - INFO - DataSaver logging initialized. Log file: pb2b/logs/data_saver_20250911.log
2025-09-11 08:57:48 - INFO - Connected to SQLite database: pb2b/p2p_listings.db
2025-09-11 08:57:48 - INFO - Database tables created successfully
2025-09-11 08:57:48 - INFO - Attempt 1/10: Loading https://www.bybit.com/fiat/trade/otc?actionType=1&token=USDT&fiat=NGN
2025-09-11 08:57:57 - INFO - Screenshot saved as 'pb2b/screenshots/bybit_page_20250911_085757.png'
2025-09-11 08:57:58 - INFO - Fetching BUY listings for USDT/EUR
2025-09-11 08:57:58 - INFO - Data successfully saved to SQLite database. New listings - Bybit: 4, Binance: 6
2025-09-11 08:57:58 - INFO - Browser session closed
2025-09-11 08:57:58 - INFO - SQLite database connection closed
2025-09-11 09:32:20 - INFO - Logging initialized. Log file: pb2b/logs/bybit_scraper_20250911.log
2025-09-11 09:32:23 - INFO - DataSaver logging initialized. Log file: pb2b/logs/data_saver_20250911.log
2025-09-11 09:32:23 - INFO - Connected to SQLite database: pb2b/p2p_listings.db
2025-09-11 09:32:23 - INFO - Database tables created successfully
2025-09-11 09:32:23 - INFO - Attempt 1/10: Loading https://www.bybit.com/fiat/trade/otc?actionType=1&token=USDT&fiat=NGN
2025-09-11 09:32:33 - INFO - Screenshot saved as 'pb2b/screenshots/bybit_page_20250911_093233.png'
2025-09-11 09:32:33 - INFO - Fetching BUY listings for USDT/EUR
2025-09-11 09:32:34 - INFO - Data successfully saved to SQLite database. New listings - Bybit: 4, Binance: 6
2025-09-11 09:32:34 - INFO - Browser session closed
2025-09-11 09:32:34 - INFO - SQLite database connection closed
2025-09-11 09:43:31 - INFO - Logging initialized. Log file: pb2b/logs/bybit_scraper_20250911.log
2025-09-11 09:43:32 - INFO - DataSaver logging initialized. Log file: pb2b/logs/data_saver_20250911.log
2025-09-11 09:43:32 - INFO - Connected to SQLite database: pb2b/p2p_listings.db
2025-09-11 09:43:32 - INFO - Database tables created successfully
2025-09-11 09:43:32 - INFO - Attempt 1/10: Loading https://www.bybit.com/fiat/trade/otc?actionType=1&token=USDT&fiat=NGN
2025-09-11 09:43:41 - INFO - Screenshot saved as 'pb2b/screenshots/bybit_page_20250911_094341.png'
2025-09-11 09:43:41 - INFO - Fetching BUY listings for USDT/EUR
2025-09-11 09:43:42 - INFO - Data successfully saved to SQLite database. New listings - Bybit: 4, Binance: 6
2025-09-11 09:43:42 - INFO - Browser session closed
2025-09-11 09:43:42 - INFO - SQLite database connection closed
2025-09-11 09:56:37 - INFO - Logging initialized. Log file: pb2b/logs/bybit_scraper_20250911.log
2025-09-11 09:56:38 - INFO - DataSaver logging initialized. Log file: pb2b/logs/data_saver_20250911.log
2025-09-11 09:56:38 - INFO - Connected to SQLite database: pb2b/p2p_listings.db
2025-09-11 09:56:38 - INFO - Database tables created successfully
2025-09-11 09:56:38 - INFO - Attempt 1/10: Loading https://www.bybit.com/fiat/trade/otc?actionType=1&token=USDT&fiat=NGN
2025-09-11 09:56:48 - INFO - Screenshot saved as 'pb2b/screenshots/bybit_page_20250911_095648.png'
2025-09-11 09:56:49 - INFO - Fetching BUY listings for USDT/EUR
2025-09-11 09:56:49 - INFO - Data successfully saved to SQLite database. New listings - Bybit: 4, Binance: 6
2025-09-11 09:56:49 - INFO - Browser session closed
2025-09-11 09:56:49 - INFO - SQLite database connection closed
2025-09-11 10:23:27 - INFO - Logging initialized. Log file: pb2b/logs/bybit_scraper_20250911.log
2025-09-11 10:23:28 - INFO - DataSaver logging initialized. Log file: pb2b/logs/data_saver_20250911.log
2025-09-11 10:23:28 - INFO - Connected to SQLite database: pb2b/p2p_listings.db
2025-09-11 10:23:28 - INFO - Database tables created successfully
2025-09-11 10:23:28 - INFO - Attempt 1/10: Loading https://www.bybit.com/fiat/trade/otc?actionType=1&token=USDT&fiat=NGN
2025-09-11 10:23:38 - INFO - Screenshot saved as 'pb2b/screenshots/bybit_page_20250911_102338.png'
2025-09-11 10:23:39 - INFO - Fetching BUY listings for USDT/EUR
2025-09-11 10:23:40 - INFO - Data successfully saved to SQLite database. New listings - Bybit: 4, Binance: 6
2025-09-11 10:23:40 - INFO - Browser session closed
2025-09-11 10:23:40 - INFO - SQLite database connection closed
2025-09-11 10:42:31 - INFO - Logging initialized. Log file: pb2b/logs/bybit_scraper_20250911.log
2025-09-11 10:42:33 - INFO - DataSaver logging initialized. Log file: pb2b/logs/data_saver_20250911.log
2025-09-11 10:42:33 - INFO - Connected to SQLite database: pb2b/p2p_listings.db
2025-09-11 10:42:33 - INFO - Database tables created successfully
2025-09-11 10:42:33 - INFO - Attempt 1/10: Loading https://www.bybit.com/fiat/trade/otc?actionType=1&token=USDT&fiat=NGN
2025-09-11 10:42:43 - INFO - Screenshot saved as 'pb2b/screenshots/bybit_page_20250911_104243.png'
2025-09-11 10:42:43 - INFO - Fetching BUY listings for USDT/EUR
2025-09-11 10:42:44 - INFO - Data successfully saved to SQLite database. New listings - Bybit: 4, Binance: 6
2025-09-11 10:42:44 - INFO - Browser session closed
2025-09-11 10:42:44 - INFO - SQLite database connection closed
2025-09-11 10:55:28 - INFO - Logging initialized. Log file: pb2b/logs/bybit_scraper_20250911.log
2025-09-11 10:55:30 - INFO - DataSaver logging initialized. Log file: pb2b/logs/data_saver_20250911.log
2025-09-11 10:55:30 - INFO - Connected to SQLite database: pb2b/p2p_listings.db
2025-09-11 10:55:30 - INFO - Database tables created successfully
2025-09-11 10:55:30 - INFO - Attempt 1/10: Loading https://www.bybit.com/fiat/trade/otc?actionType=1&token=USDT&fiat=NGN
2025-09-11 10:55:39 - INFO - Screenshot saved as 'pb2b/screenshots/bybit_page_20250911_105539.png'
2025-09-11 10:55:40 - INFO - Fetching BUY listings for USDT/EUR
2025-09-11 10:55:41 - INFO - Data successfully saved to SQLite database. New listings - Bybit: 4, Binance: 6
2025-09-11 10:55:42 - INFO - Browser session closed
2025-09-11 10:55:42 - INFO - SQLite database connection closed
2025-09-11 11:18:45 - INFO - Logging initialized. Log file: pb2b/logs/bybit_scraper_20250911.log
2025-09-11 11:18:47 - INFO - DataSaver logging initialized. Log file: pb2b/logs/data_saver_20250911.log
2025-09-11 11:18:47 - INFO - Connected to SQLite database: pb2b/p2p_listings.db
2025-09-11 11:18:47 - INFO - Database tables created successfully
2025-09-11 11:18:47 - INFO - Attempt 1/10: Loading https://www.bybit.com/fiat/trade/otc?actionType=1&token=USDT&fiat=NGN
2025-09-11 11:18:56 - INFO - Screenshot saved as 'pb2b/screenshots/bybit_page_20250911_111856.png'
2025-09-11 11:18:56 - INFO - Fetching BUY listings for USDT/EUR
2025-09-11 11:18:57 - INFO - Data successfully saved to SQLite database. New listings - Bybit: 4, Binance: 6
2025-09-11 11:18:57 - INFO - Browser session closed
2025-09-11 11:18:57 - INFO - SQLite database connection closed
2025-09-11 11:31:34 - INFO - Logging initialized. Log file: pb2b/logs/bybit_scraper_20250911.log
2025-09-11 11:31:36 - INFO - DataSaver logging initialized. Log file: pb2b/logs/data_saver_20250911.log
2025-09-11 11:31:36 - INFO - Connected to SQLite database: pb2b/p2p_listings.db
2025-09-11 11:31:36 - INFO - Database tables created successfully
2025-09-11 11:31:36 - INFO - Attempt 1/10: Loading https://www.bybit.com/fiat/trade/otc?actionType=1&token=USDT&fiat=NGN
2025-09-11 11:31:47 - INFO - Screenshot saved as 'pb2b/screenshots/bybit_page_20250911_113147.png'
2025-09-11 11:31:48 - INFO - Fetching BUY listings for USDT/EUR
2025-09-11 11:31:48 - INFO - Data successfully saved to SQLite database. New listings - Bybit: 4, Binance: 6
2025-09-11 11:31:49 - INFO - Browser session closed
2025-09-11 11:31:49 - INFO - SQLite database connection closed
2025-09-11 11:44:25 - INFO - Logging initialized. Log file: pb2b/logs/bybit_scraper_20250911.log
2025-09-11 11:44:26 - INFO - DataSaver logging initialized. Log file: pb2b/logs/data_saver_20250911.log
2025-09-11 11:44:26 - INFO - Connected to SQLite database: pb2b/p2p_listings.db
2025-09-11 11:44:26 - INFO - Database tables created successfully
2025-09-11 11:44:26 - INFO - Attempt 1/10: Loading https://www.bybit.com/fiat/trade/otc?actionType=1&token=USDT&fiat=NGN
2025-09-11 11:44:35 - INFO - Screenshot saved as 'pb2b/screenshots/bybit_page_20250911_114435.png'
2025-09-11 11:44:35 - INFO - Fetching BUY listings for USDT/EUR
2025-09-11 11:44:36 - INFO - Data successfully saved to SQLite database. New listings - Bybit: 4, Binance: 6
2025-09-11 11:44:36 - INFO - Browser session closed
2025-09-11 11:44:36 - INFO - SQLite database connection closed
