2025-07-18 00:01:48 - INFO - Logging initialized. Log file: pb2b/logs/bybit_scraper_20250718.log
2025-07-18 00:01:49 - INFO - DataSaver logging initialized. Log file: pb2b/logs/data_saver_20250718.log
2025-07-18 00:01:49 - INFO - Connected to SQLite database: pb2b/p2p_listings.db
2025-07-18 00:01:49 - INFO - Database tables created successfully
2025-07-18 00:01:49 - INFO - Attempt 1/10: Loading https://www.bybit.com/fiat/trade/otc?actionType=1&token=USDT&fiat=NGN
2025-07-18 00:01:59 - INFO - Screenshot saved as 'pb2b/screenshots/bybit_page_20250718_000159.png'
2025-07-18 00:02:00 - INFO - Fetching BUY listings for USDT/EUR
2025-07-18 00:02:01 - INFO - Data successfully saved to SQLite database. New listings - Bybit: 4, Binance: 6
2025-07-18 00:02:01 - INFO - Browser session closed
2025-07-18 00:02:01 - INFO - SQLite database connection closed
2025-07-18 02:29:35 - INFO - Logging initialized. Log file: pb2b/logs/bybit_scraper_20250718.log
2025-07-18 02:29:35 - INFO - DataSaver logging initialized. Log file: pb2b/logs/data_saver_20250718.log
2025-07-18 02:29:35 - INFO - Connected to SQLite database: pb2b/p2p_listings.db
2025-07-18 02:29:35 - INFO - Database tables created successfully
2025-07-18 02:29:35 - INFO - Attempt 1/10: Loading https://www.bybit.com/fiat/trade/otc?actionType=1&token=USDT&fiat=NGN
2025-07-18 02:29:44 - INFO - Screenshot saved as 'pb2b/screenshots/bybit_page_20250718_022944.png'
2025-07-18 02:29:45 - INFO - Fetching BUY listings for USDT/EUR
2025-07-18 02:29:46 - INFO - Data successfully saved to SQLite database. New listings - Bybit: 4, Binance: 6
2025-07-18 02:29:46 - INFO - Browser session closed
2025-07-18 02:29:46 - INFO - SQLite database connection closed
2025-07-18 03:51:23 - INFO - Logging initialized. Log file: pb2b/logs/bybit_scraper_20250718.log
2025-07-18 03:51:24 - INFO - DataSaver logging initialized. Log file: pb2b/logs/data_saver_20250718.log
2025-07-18 03:51:24 - INFO - Connected to SQLite database: pb2b/p2p_listings.db
2025-07-18 03:51:24 - INFO - Database tables created successfully
2025-07-18 03:51:24 - INFO - Attempt 1/10: Loading https://www.bybit.com/fiat/trade/otc?actionType=1&token=USDT&fiat=NGN
2025-07-18 03:51:33 - INFO - Screenshot saved as 'pb2b/screenshots/bybit_page_20250718_035133.png'
2025-07-18 03:51:34 - INFO - Fetching BUY listings for USDT/EUR
2025-07-18 03:51:34 - INFO - Data successfully saved to SQLite database. New listings - Bybit: 4, Binance: 6
2025-07-18 03:51:35 - INFO - Browser session closed
2025-07-18 03:51:35 - INFO - SQLite database connection closed
2025-07-18 04:34:51 - INFO - Logging initialized. Log file: pb2b/logs/bybit_scraper_20250718.log
2025-07-18 04:34:52 - INFO - DataSaver logging initialized. Log file: pb2b/logs/data_saver_20250718.log
2025-07-18 04:34:52 - INFO - Connected to SQLite database: pb2b/p2p_listings.db
2025-07-18 04:34:52 - INFO - Database tables created successfully
2025-07-18 04:34:52 - INFO - Attempt 1/10: Loading https://www.bybit.com/fiat/trade/otc?actionType=1&token=USDT&fiat=NGN
2025-07-18 04:35:00 - INFO - Screenshot saved as 'pb2b/screenshots/bybit_page_20250718_043500.png'
2025-07-18 04:35:01 - INFO - Fetching BUY listings for USDT/EUR
2025-07-18 04:35:02 - INFO - Data successfully saved to SQLite database. New listings - Bybit: 4, Binance: 6
2025-07-18 04:35:02 - INFO - Browser session closed
2025-07-18 04:35:02 - INFO - SQLite database connection closed
2025-07-18 05:05:58 - INFO - Logging initialized. Log file: pb2b/logs/bybit_scraper_20250718.log
2025-07-18 05:05:59 - INFO - DataSaver logging initialized. Log file: pb2b/logs/data_saver_20250718.log
2025-07-18 05:05:59 - INFO - Connected to SQLite database: pb2b/p2p_listings.db
2025-07-18 05:05:59 - INFO - Database tables created successfully
2025-07-18 05:05:59 - INFO - Attempt 1/10: Loading https://www.bybit.com/fiat/trade/otc?actionType=1&token=USDT&fiat=NGN
2025-07-18 05:06:09 - INFO - Screenshot saved as 'pb2b/screenshots/bybit_page_20250718_050609.png'
2025-07-18 05:06:09 - INFO - Fetching BUY listings for USDT/EUR
2025-07-18 05:06:10 - INFO - Data successfully saved to SQLite database. New listings - Bybit: 4, Binance: 6
2025-07-18 05:06:10 - INFO - Browser session closed
2025-07-18 05:06:10 - INFO - SQLite database connection closed
2025-07-18 05:41:49 - INFO - Logging initialized. Log file: pb2b/logs/bybit_scraper_20250718.log
2025-07-18 05:41:50 - INFO - DataSaver logging initialized. Log file: pb2b/logs/data_saver_20250718.log
2025-07-18 05:41:50 - INFO - Connected to SQLite database: pb2b/p2p_listings.db
2025-07-18 05:41:50 - INFO - Database tables created successfully
2025-07-18 05:41:50 - INFO - Attempt 1/10: Loading https://www.bybit.com/fiat/trade/otc?actionType=1&token=USDT&fiat=NGN
2025-07-18 05:41:58 - INFO - Screenshot saved as 'pb2b/screenshots/bybit_page_20250718_054158.png'
2025-07-18 05:41:59 - INFO - Fetching BUY listings for USDT/EUR
2025-07-18 05:41:59 - INFO - Data successfully saved to SQLite database. New listings - Bybit: 4, Binance: 6
2025-07-18 05:41:59 - INFO - Browser session closed
2025-07-18 05:41:59 - INFO - SQLite database connection closed
2025-07-18 05:59:58 - INFO - Logging initialized. Log file: pb2b/logs/bybit_scraper_20250718.log
2025-07-18 05:59:59 - INFO - DataSaver logging initialized. Log file: pb2b/logs/data_saver_20250718.log
2025-07-18 05:59:59 - INFO - Connected to SQLite database: pb2b/p2p_listings.db
2025-07-18 05:59:59 - INFO - Database tables created successfully
2025-07-18 05:59:59 - INFO - Attempt 1/10: Loading https://www.bybit.com/fiat/trade/otc?actionType=1&token=USDT&fiat=NGN
2025-07-18 06:00:08 - INFO - Screenshot saved as 'pb2b/screenshots/bybit_page_20250718_060008.png'
2025-07-18 06:00:08 - INFO - Fetching BUY listings for USDT/EUR
2025-07-18 06:00:09 - INFO - Data successfully saved to SQLite database. New listings - Bybit: 4, Binance: 6
2025-07-18 06:00:09 - INFO - Browser session closed
2025-07-18 06:00:09 - INFO - SQLite database connection closed
2025-07-18 06:47:50 - INFO - Logging initialized. Log file: pb2b/logs/bybit_scraper_20250718.log
2025-07-18 06:47:51 - INFO - DataSaver logging initialized. Log file: pb2b/logs/data_saver_20250718.log
2025-07-18 06:47:51 - INFO - Connected to SQLite database: pb2b/p2p_listings.db
2025-07-18 06:47:51 - INFO - Database tables created successfully
2025-07-18 06:47:51 - INFO - Attempt 1/10: Loading https://www.bybit.com/fiat/trade/otc?actionType=1&token=USDT&fiat=NGN
2025-07-18 06:48:01 - INFO - Screenshot saved as 'pb2b/screenshots/bybit_page_20250718_064801.png'
2025-07-18 06:48:02 - INFO - Fetching BUY listings for USDT/EUR
2025-07-18 06:48:02 - INFO - Data successfully saved to SQLite database. New listings - Bybit: 4, Binance: 6
2025-07-18 06:48:03 - INFO - Browser session closed
2025-07-18 06:48:03 - INFO - SQLite database connection closed
2025-07-18 07:15:49 - INFO - Logging initialized. Log file: pb2b/logs/bybit_scraper_20250718.log
2025-07-18 07:15:49 - INFO - DataSaver logging initialized. Log file: pb2b/logs/data_saver_20250718.log
2025-07-18 07:15:49 - INFO - Connected to SQLite database: pb2b/p2p_listings.db
2025-07-18 07:15:49 - INFO - Database tables created successfully
2025-07-18 07:15:49 - INFO - Attempt 1/10: Loading https://www.bybit.com/fiat/trade/otc?actionType=1&token=USDT&fiat=NGN
2025-07-18 07:15:57 - INFO - Screenshot saved as 'pb2b/screenshots/bybit_page_20250718_071557.png'
2025-07-18 07:15:58 - INFO - Fetching BUY listings for USDT/EUR
2025-07-18 07:15:58 - INFO - Data successfully saved to SQLite database. New listings - Bybit: 4, Binance: 6
2025-07-18 07:15:59 - INFO - Browser session closed
2025-07-18 07:15:59 - INFO - SQLite database connection closed
2025-07-18 07:41:37 - INFO - Logging initialized. Log file: pb2b/logs/bybit_scraper_20250718.log
2025-07-18 07:41:39 - INFO - DataSaver logging initialized. Log file: pb2b/logs/data_saver_20250718.log
2025-07-18 07:41:39 - INFO - Connected to SQLite database: pb2b/p2p_listings.db
2025-07-18 07:41:39 - INFO - Database tables created successfully
2025-07-18 07:41:39 - INFO - Attempt 1/10: Loading https://www.bybit.com/fiat/trade/otc?actionType=1&token=USDT&fiat=NGN
2025-07-18 07:41:47 - INFO - Screenshot saved as 'pb2b/screenshots/bybit_page_20250718_074147.png'
2025-07-18 07:41:48 - INFO - Fetching BUY listings for USDT/EUR
2025-07-18 07:41:48 - INFO - Data successfully saved to SQLite database. New listings - Bybit: 4, Binance: 6
2025-07-18 07:41:49 - INFO - Browser session closed
2025-07-18 07:41:49 - INFO - SQLite database connection closed
2025-07-18 07:57:03 - INFO - Logging initialized. Log file: pb2b/logs/bybit_scraper_20250718.log
2025-07-18 07:57:04 - INFO - DataSaver logging initialized. Log file: pb2b/logs/data_saver_20250718.log
2025-07-18 07:57:04 - INFO - Connected to SQLite database: pb2b/p2p_listings.db
2025-07-18 07:57:04 - INFO - Database tables created successfully
2025-07-18 07:57:04 - INFO - Attempt 1/10: Loading https://www.bybit.com/fiat/trade/otc?actionType=1&token=USDT&fiat=NGN
2025-07-18 07:57:14 - INFO - Screenshot saved as 'pb2b/screenshots/bybit_page_20250718_075714.png'
2025-07-18 07:57:15 - INFO - Fetching BUY listings for USDT/EUR
2025-07-18 07:57:16 - INFO - Data successfully saved to SQLite database. New listings - Bybit: 4, Binance: 6
2025-07-18 07:57:16 - INFO - Browser session closed
2025-07-18 07:57:16 - INFO - SQLite database connection closed
2025-07-18 08:37:00 - INFO - Logging initialized. Log file: pb2b/logs/bybit_scraper_20250718.log
2025-07-18 08:37:01 - INFO - DataSaver logging initialized. Log file: pb2b/logs/data_saver_20250718.log
2025-07-18 08:37:01 - INFO - Connected to SQLite database: pb2b/p2p_listings.db
2025-07-18 08:37:01 - INFO - Database tables created successfully
2025-07-18 08:37:01 - INFO - Attempt 1/10: Loading https://www.bybit.com/fiat/trade/otc?actionType=1&token=USDT&fiat=NGN
2025-07-18 08:37:09 - INFO - Screenshot saved as 'pb2b/screenshots/bybit_page_20250718_083709.png'
2025-07-18 08:37:09 - INFO - Fetching BUY listings for USDT/EUR
2025-07-18 08:37:10 - INFO - Data successfully saved to SQLite database. New listings - Bybit: 4, Binance: 6
2025-07-18 08:37:10 - INFO - Browser session closed
2025-07-18 08:37:10 - INFO - SQLite database connection closed
2025-07-18 09:01:10 - INFO - Logging initialized. Log file: pb2b/logs/bybit_scraper_20250718.log
2025-07-18 09:01:11 - INFO - DataSaver logging initialized. Log file: pb2b/logs/data_saver_20250718.log
2025-07-18 09:01:11 - INFO - Connected to SQLite database: pb2b/p2p_listings.db
2025-07-18 09:01:11 - INFO - Database tables created successfully
2025-07-18 09:01:11 - INFO - Attempt 1/10: Loading https://www.bybit.com/fiat/trade/otc?actionType=1&token=USDT&fiat=NGN
2025-07-18 09:01:20 - INFO - Screenshot saved as 'pb2b/screenshots/bybit_page_20250718_090119.png'
2025-07-18 09:01:20 - INFO - Fetching BUY listings for USDT/EUR
2025-07-18 09:01:21 - INFO - Data successfully saved to SQLite database. New listings - Bybit: 4, Binance: 6
2025-07-18 09:01:21 - INFO - Browser session closed
2025-07-18 09:01:21 - INFO - SQLite database connection closed
2025-07-18 09:36:06 - INFO - Logging initialized. Log file: pb2b/logs/bybit_scraper_20250718.log
2025-07-18 09:36:07 - INFO - DataSaver logging initialized. Log file: pb2b/logs/data_saver_20250718.log
2025-07-18 09:36:07 - INFO - Connected to SQLite database: pb2b/p2p_listings.db
2025-07-18 09:36:07 - INFO - Database tables created successfully
2025-07-18 09:36:07 - INFO - Attempt 1/10: Loading https://www.bybit.com/fiat/trade/otc?actionType=1&token=USDT&fiat=NGN
2025-07-18 09:36:16 - INFO - Screenshot saved as 'pb2b/screenshots/bybit_page_20250718_093616.png'
2025-07-18 09:36:16 - INFO - Fetching BUY listings for USDT/EUR
2025-07-18 09:36:17 - INFO - Data successfully saved to SQLite database. New listings - Bybit: 4, Binance: 6
2025-07-18 09:36:17 - INFO - Browser session closed
2025-07-18 09:36:17 - INFO - SQLite database connection closed
2025-07-18 09:55:30 - INFO - Logging initialized. Log file: pb2b/logs/bybit_scraper_20250718.log
2025-07-18 09:55:31 - INFO - DataSaver logging initialized. Log file: pb2b/logs/data_saver_20250718.log
2025-07-18 09:55:31 - INFO - Connected to SQLite database: pb2b/p2p_listings.db
2025-07-18 09:55:31 - INFO - Database tables created successfully
2025-07-18 09:55:31 - INFO - Attempt 1/10: Loading https://www.bybit.com/fiat/trade/otc?actionType=1&token=USDT&fiat=NGN
2025-07-18 09:55:40 - INFO - Screenshot saved as 'pb2b/screenshots/bybit_page_20250718_095540.png'
2025-07-18 09:55:41 - INFO - Fetching BUY listings for USDT/EUR
2025-07-18 09:55:41 - INFO - Data successfully saved to SQLite database. New listings - Bybit: 4, Binance: 6
2025-07-18 09:55:41 - INFO - Browser session closed
2025-07-18 09:55:41 - INFO - SQLite database connection closed
2025-07-18 10:26:50 - INFO - Logging initialized. Log file: pb2b/logs/bybit_scraper_20250718.log
2025-07-18 10:26:51 - INFO - DataSaver logging initialized. Log file: pb2b/logs/data_saver_20250718.log
2025-07-18 10:26:51 - INFO - Connected to SQLite database: pb2b/p2p_listings.db
2025-07-18 10:26:51 - INFO - Database tables created successfully
2025-07-18 10:26:51 - INFO - Attempt 1/10: Loading https://www.bybit.com/fiat/trade/otc?actionType=1&token=USDT&fiat=NGN
2025-07-18 10:28:20 - INFO - Screenshot saved as 'pb2b/screenshots/bybit_page_20250718_102820.png'
2025-07-18 10:28:20 - INFO - Fetching BUY listings for USDT/EUR
2025-07-18 10:28:21 - INFO - Data successfully saved to SQLite database. New listings - Bybit: 4, Binance: 6
2025-07-18 10:28:21 - INFO - Browser session closed
2025-07-18 10:28:21 - INFO - SQLite database connection closed
2025-07-18 10:52:38 - INFO - Logging initialized. Log file: pb2b/logs/bybit_scraper_20250718.log
2025-07-18 10:52:40 - INFO - DataSaver logging initialized. Log file: pb2b/logs/data_saver_20250718.log
2025-07-18 10:52:40 - INFO - Connected to SQLite database: pb2b/p2p_listings.db
2025-07-18 10:52:40 - INFO - Database tables created successfully
2025-07-18 10:52:40 - INFO - Attempt 1/10: Loading https://www.bybit.com/fiat/trade/otc?actionType=1&token=USDT&fiat=NGN
2025-07-18 10:52:49 - INFO - Screenshot saved as 'pb2b/screenshots/bybit_page_20250718_105249.png'
2025-07-18 10:52:49 - INFO - Fetching BUY listings for USDT/EUR
2025-07-18 10:52:50 - INFO - Data successfully saved to SQLite database. New listings - Bybit: 4, Binance: 6
2025-07-18 10:52:50 - INFO - Browser session closed
2025-07-18 10:52:50 - INFO - SQLite database connection closed
2025-07-18 11:15:49 - INFO - Logging initialized. Log file: pb2b/logs/bybit_scraper_20250718.log
2025-07-18 11:15:50 - INFO - DataSaver logging initialized. Log file: pb2b/logs/data_saver_20250718.log
2025-07-18 11:15:50 - INFO - Connected to SQLite database: pb2b/p2p_listings.db
2025-07-18 11:15:50 - INFO - Database tables created successfully
2025-07-18 11:15:50 - INFO - Attempt 1/10: Loading https://www.bybit.com/fiat/trade/otc?actionType=1&token=USDT&fiat=NGN
2025-07-18 11:15:59 - INFO - Screenshot saved as 'pb2b/screenshots/bybit_page_20250718_111559.png'
2025-07-18 11:15:59 - INFO - Fetching BUY listings for USDT/EUR
2025-07-18 11:16:00 - INFO - Data successfully saved to SQLite database. New listings - Bybit: 4, Binance: 6
2025-07-18 11:16:00 - INFO - Browser session closed
2025-07-18 11:16:00 - INFO - SQLite database connection closed
2025-07-18 11:34:44 - INFO - Logging initialized. Log file: pb2b/logs/bybit_scraper_20250718.log
2025-07-18 11:34:45 - INFO - DataSaver logging initialized. Log file: pb2b/logs/data_saver_20250718.log
2025-07-18 11:34:45 - INFO - Connected to SQLite database: pb2b/p2p_listings.db
2025-07-18 11:34:45 - INFO - Database tables created successfully
2025-07-18 11:34:45 - INFO - Attempt 1/10: Loading https://www.bybit.com/fiat/trade/otc?actionType=1&token=USDT&fiat=NGN
2025-07-18 11:34:55 - INFO - Screenshot saved as 'pb2b/screenshots/bybit_page_20250718_113455.png'
2025-07-18 11:34:55 - INFO - Fetching BUY listings for USDT/EUR
2025-07-18 11:34:56 - INFO - Data successfully saved to SQLite database. New listings - Bybit: 4, Binance: 6
2025-07-18 11:34:56 - INFO - Browser session closed
2025-07-18 11:34:56 - INFO - SQLite database connection closed
2025-07-18 11:51:37 - INFO - Logging initialized. Log file: pb2b/logs/bybit_scraper_20250718.log
2025-07-18 11:51:38 - INFO - DataSaver logging initialized. Log file: pb2b/logs/data_saver_20250718.log
2025-07-18 11:51:38 - INFO - Connected to SQLite database: pb2b/p2p_listings.db
2025-07-18 11:51:38 - INFO - Database tables created successfully
2025-07-18 11:51:38 - INFO - Attempt 1/10: Loading https://www.bybit.com/fiat/trade/otc?actionType=1&token=USDT&fiat=NGN
2025-07-18 11:51:46 - INFO - Screenshot saved as 'pb2b/screenshots/bybit_page_20250718_115146.png'
2025-07-18 11:51:46 - INFO - Fetching BUY listings for USDT/EUR
2025-07-18 11:51:47 - INFO - Data successfully saved to SQLite database. New listings - Bybit: 4, Binance: 6
2025-07-18 11:51:47 - INFO - Browser session closed
2025-07-18 11:51:47 - INFO - SQLite database connection closed
2025-07-18 12:27:46 - INFO - Logging initialized. Log file: pb2b/logs/bybit_scraper_20250718.log
2025-07-18 12:27:47 - INFO - DataSaver logging initialized. Log file: pb2b/logs/data_saver_20250718.log
2025-07-18 12:27:47 - INFO - Connected to SQLite database: pb2b/p2p_listings.db
2025-07-18 12:27:47 - INFO - Database tables created successfully
2025-07-18 12:27:47 - INFO - Attempt 1/10: Loading https://www.bybit.com/fiat/trade/otc?actionType=1&token=USDT&fiat=NGN
2025-07-18 12:27:57 - INFO - Screenshot saved as 'pb2b/screenshots/bybit_page_20250718_122757.png'
2025-07-18 12:27:58 - INFO - Fetching BUY listings for USDT/EUR
2025-07-18 12:27:59 - INFO - Data successfully saved to SQLite database. New listings - Bybit: 4, Binance: 6
2025-07-18 12:27:59 - INFO - Browser session closed
2025-07-18 12:27:59 - INFO - SQLite database connection closed
2025-07-18 13:21:57 - INFO - Logging initialized. Log file: pb2b/logs/bybit_scraper_20250718.log
2025-07-18 13:21:58 - INFO - DataSaver logging initialized. Log file: pb2b/logs/data_saver_20250718.log
2025-07-18 13:21:58 - INFO - Connected to SQLite database: pb2b/p2p_listings.db
2025-07-18 13:21:58 - INFO - Database tables created successfully
2025-07-18 13:21:58 - INFO - Attempt 1/10: Loading https://www.bybit.com/fiat/trade/otc?actionType=1&token=USDT&fiat=NGN
2025-07-18 13:22:21 - INFO - Screenshot saved as 'pb2b/screenshots/bybit_page_20250718_132221.png'
2025-07-18 13:22:21 - INFO - Fetching BUY listings for USDT/EUR
2025-07-18 13:22:22 - INFO - Data successfully saved to SQLite database. New listings - Bybit: 4, Binance: 6
2025-07-18 13:22:22 - INFO - Browser session closed
2025-07-18 13:22:22 - INFO - SQLite database connection closed
