2025-12-26 00:03:27 - INFO - Logging initialized. Log file: pb2b/logs/bybit_scraper_20251226.log
2025-12-26 00:03:28 - INFO - DataSaver logging initialized. Log file: pb2b/logs/data_saver_20251226.log
2025-12-26 00:03:28 - INFO - Connected to SQLite database: pb2b/p2p_listings.db
2025-12-26 00:03:28 - INFO - Database tables created successfully
2025-12-26 00:03:28 - INFO - Attempt 1/10: Loading https://www.bybit.com/fiat/trade/otc?actionType=1&token=USDT&fiat=NGN
2025-12-26 00:03:36 - INFO - Screenshot saved as 'pb2b/screenshots/bybit_page_20251226_000335.png'
2025-12-26 00:03:36 - WARNING - Error parsing row: Message: no such element: Unable to locate element: {"method":"css selector","selector":"td:nth-child(2)"}
  (Session info: chrome=143.0.7499.169); For documentation on this error, please visit: https://www.selenium.dev/documentation/webdriver/troubleshooting/errors#nosuchelementexception
Stacktrace:
#0 0x55758b55919a <unknown>
#1 0x55758afd6c4b <unknown>
#2 0x55758b028318 <unknown>
#3 0x55758b028551 <unknown>
#4 0x55758b01c586 <unknown>
#5 0x55758b01c477 <unknown>
#6 0x55758b073bee <unknown>
#7 0x55758b01ac42 <unknown>
#8 0x55758b01b8f1 <unknown>
#9 0x55758b521f39 <unknown>
#10 0x55758b524e7d <unknown>
#11 0x55758b50ac81 <unknown>
#12 0x55758b525a5b <unknown>
#13 0x55758b4f1a50 <unknown>
#14 0x55758b546aa8 <unknown>
#15 0x55758b546c79 <unknown>
#16 0x55758b5584f3 <unknown>
#17 0x7f704229caa4 <unknown>
#18 0x7f7042329c6c <unknown>

2025-12-26 00:03:36 - INFO - Fetching BUY listings for USDT/EUR
2025-12-26 00:03:37 - INFO - Data successfully saved to SQLite database. New listings - Bybit: 4, Binance: 6
2025-12-26 00:03:37 - INFO - Browser session closed
2025-12-26 00:03:37 - INFO - SQLite database connection closed
