2025-02-19 00:59:35 - INFO - Logging initialized. Log file: pb2b/logs/bybit_scraper_20250219.log
2025-02-19 00:59:36 - INFO - DataSaver logging initialized. Log file: pb2b/logs/data_saver_20250219.log
2025-02-19 00:59:36 - INFO - Connected to SQLite database: pb2b/p2p_listings.db
2025-02-19 00:59:36 - INFO - Database tables created successfully
2025-02-19 00:59:36 - INFO - Attempt 1/10: Loading https://www.bybit.com/fiat/trade/otc?actionType=1&token=USDT&fiat=NGN
2025-02-19 00:59:46 - INFO - Screenshot saved as 'pb2b/screenshots/bybit_page_20250219_005946.png'
2025-02-19 00:59:46 - INFO - Fetching BUY listings for USDT/EUR
2025-02-19 00:59:47 - INFO - Data successfully saved to SQLite database. New listings - Bybit: 4, Binance: 6
2025-02-19 00:59:47 - INFO - Browser session closed
2025-02-19 00:59:47 - INFO - SQLite database connection closed
2025-02-19 02:21:19 - INFO - Logging initialized. Log file: pb2b/logs/bybit_scraper_20250219.log
2025-02-19 02:21:20 - INFO - DataSaver logging initialized. Log file: pb2b/logs/data_saver_20250219.log
2025-02-19 02:21:20 - INFO - Connected to SQLite database: pb2b/p2p_listings.db
2025-02-19 02:21:20 - INFO - Database tables created successfully
2025-02-19 02:21:20 - INFO - Attempt 1/10: Loading https://www.bybit.com/fiat/trade/otc?actionType=1&token=USDT&fiat=NGN
2025-02-19 02:21:29 - INFO - Screenshot saved as 'pb2b/screenshots/bybit_page_20250219_022129.png'
2025-02-19 02:21:29 - INFO - Fetching BUY listings for USDT/EUR
2025-02-19 02:21:30 - INFO - Data successfully saved to SQLite database. New listings - Bybit: 4, Binance: 6
2025-02-19 02:21:30 - INFO - Browser session closed
2025-02-19 02:21:30 - INFO - SQLite database connection closed
2025-02-19 03:01:34 - INFO - Logging initialized. Log file: pb2b/logs/bybit_scraper_20250219.log
2025-02-19 03:01:35 - INFO - DataSaver logging initialized. Log file: pb2b/logs/data_saver_20250219.log
2025-02-19 03:01:35 - INFO - Connected to SQLite database: pb2b/p2p_listings.db
2025-02-19 03:01:35 - INFO - Database tables created successfully
2025-02-19 03:01:35 - INFO - Attempt 1/10: Loading https://www.bybit.com/fiat/trade/otc?actionType=1&token=USDT&fiat=NGN
2025-02-19 03:01:46 - INFO - Screenshot saved as 'pb2b/screenshots/bybit_page_20250219_030146.png'
2025-02-19 03:01:46 - INFO - Fetching BUY listings for USDT/EUR
2025-02-19 03:01:47 - INFO - Data successfully saved to SQLite database. New listings - Bybit: 4, Binance: 6
2025-02-19 03:01:47 - INFO - Browser session closed
2025-02-19 03:01:47 - INFO - SQLite database connection closed
2025-02-19 03:34:09 - INFO - Logging initialized. Log file: pb2b/logs/bybit_scraper_20250219.log
2025-02-19 03:34:11 - INFO - DataSaver logging initialized. Log file: pb2b/logs/data_saver_20250219.log
2025-02-19 03:34:11 - INFO - Connected to SQLite database: pb2b/p2p_listings.db
2025-02-19 03:34:11 - INFO - Database tables created successfully
2025-02-19 03:34:11 - INFO - Attempt 1/10: Loading https://www.bybit.com/fiat/trade/otc?actionType=1&token=USDT&fiat=NGN
2025-02-19 03:34:21 - INFO - Screenshot saved as 'pb2b/screenshots/bybit_page_20250219_033421.png'
2025-02-19 03:34:21 - INFO - Fetching BUY listings for USDT/EUR
2025-02-19 03:34:22 - INFO - Data successfully saved to SQLite database. New listings - Bybit: 4, Binance: 6
2025-02-19 03:34:22 - INFO - Browser session closed
2025-02-19 03:34:22 - INFO - SQLite database connection closed
2025-02-19 03:49:56 - INFO - Logging initialized. Log file: pb2b/logs/bybit_scraper_20250219.log
2025-02-19 03:49:56 - INFO - DataSaver logging initialized. Log file: pb2b/logs/data_saver_20250219.log
2025-02-19 03:49:56 - INFO - Connected to SQLite database: pb2b/p2p_listings.db
2025-02-19 03:49:56 - INFO - Database tables created successfully
2025-02-19 03:49:56 - INFO - Attempt 1/10: Loading https://www.bybit.com/fiat/trade/otc?actionType=1&token=USDT&fiat=NGN
2025-02-19 03:50:06 - INFO - Screenshot saved as 'pb2b/screenshots/bybit_page_20250219_035005.png'
2025-02-19 03:50:06 - INFO - Fetching BUY listings for USDT/EUR
2025-02-19 03:50:07 - INFO - Data successfully saved to SQLite database. New listings - Bybit: 4, Binance: 6
2025-02-19 03:50:07 - INFO - Browser session closed
2025-02-19 03:50:07 - INFO - SQLite database connection closed
2025-02-19 04:13:38 - INFO - Logging initialized. Log file: pb2b/logs/bybit_scraper_20250219.log
2025-02-19 04:13:39 - INFO - DataSaver logging initialized. Log file: pb2b/logs/data_saver_20250219.log
2025-02-19 04:13:39 - INFO - Connected to SQLite database: pb2b/p2p_listings.db
2025-02-19 04:13:39 - INFO - Database tables created successfully
2025-02-19 04:13:39 - INFO - Attempt 1/10: Loading https://www.bybit.com/fiat/trade/otc?actionType=1&token=USDT&fiat=NGN
2025-02-19 04:13:50 - INFO - Screenshot saved as 'pb2b/screenshots/bybit_page_20250219_041350.png'
2025-02-19 04:13:50 - INFO - Fetching BUY listings for USDT/EUR
2025-02-19 04:13:51 - INFO - Data successfully saved to SQLite database. New listings - Bybit: 4, Binance: 6
2025-02-19 04:13:51 - INFO - Browser session closed
2025-02-19 04:13:51 - INFO - SQLite database connection closed
2025-02-19 04:36:54 - INFO - Logging initialized. Log file: pb2b/logs/bybit_scraper_20250219.log
2025-02-19 04:36:54 - INFO - DataSaver logging initialized. Log file: pb2b/logs/data_saver_20250219.log
2025-02-19 04:36:54 - INFO - Connected to SQLite database: pb2b/p2p_listings.db
2025-02-19 04:36:54 - INFO - Database tables created successfully
2025-02-19 04:36:54 - INFO - Attempt 1/10: Loading https://www.bybit.com/fiat/trade/otc?actionType=1&token=USDT&fiat=NGN
2025-02-19 04:37:04 - INFO - Screenshot saved as 'pb2b/screenshots/bybit_page_20250219_043704.png'
2025-02-19 04:37:05 - INFO - Fetching BUY listings for USDT/EUR
2025-02-19 04:37:05 - INFO - Data successfully saved to SQLite database. New listings - Bybit: 4, Binance: 6
2025-02-19 04:37:05 - INFO - Browser session closed
2025-02-19 04:37:05 - INFO - SQLite database connection closed
2025-02-19 04:50:41 - INFO - Logging initialized. Log file: pb2b/logs/bybit_scraper_20250219.log
2025-02-19 04:50:42 - INFO - DataSaver logging initialized. Log file: pb2b/logs/data_saver_20250219.log
2025-02-19 04:50:42 - INFO - Connected to SQLite database: pb2b/p2p_listings.db
2025-02-19 04:50:42 - INFO - Database tables created successfully
2025-02-19 04:50:42 - INFO - Attempt 1/10: Loading https://www.bybit.com/fiat/trade/otc?actionType=1&token=USDT&fiat=NGN
2025-02-19 04:50:51 - INFO - Screenshot saved as 'pb2b/screenshots/bybit_page_20250219_045051.png'
2025-02-19 04:50:52 - INFO - Fetching BUY listings for USDT/EUR
2025-02-19 04:50:52 - INFO - Data successfully saved to SQLite database. New listings - Bybit: 4, Binance: 6
2025-02-19 04:50:52 - INFO - Browser session closed
2025-02-19 04:50:52 - INFO - SQLite database connection closed
2025-02-19 05:12:32 - INFO - Logging initialized. Log file: pb2b/logs/bybit_scraper_20250219.log
2025-02-19 05:12:33 - INFO - DataSaver logging initialized. Log file: pb2b/logs/data_saver_20250219.log
2025-02-19 05:12:33 - INFO - Connected to SQLite database: pb2b/p2p_listings.db
2025-02-19 05:12:33 - INFO - Database tables created successfully
2025-02-19 05:12:33 - INFO - Attempt 1/10: Loading https://www.bybit.com/fiat/trade/otc?actionType=1&token=USDT&fiat=NGN
2025-02-19 05:12:42 - INFO - Screenshot saved as 'pb2b/screenshots/bybit_page_20250219_051242.png'
2025-02-19 05:12:43 - INFO - Fetching BUY listings for USDT/EUR
2025-02-19 05:12:43 - INFO - Data successfully saved to SQLite database. New listings - Bybit: 4, Binance: 6
2025-02-19 05:12:44 - INFO - Browser session closed
2025-02-19 05:12:44 - INFO - SQLite database connection closed
2025-02-19 05:33:41 - INFO - Logging initialized. Log file: pb2b/logs/bybit_scraper_20250219.log
2025-02-19 05:33:41 - INFO - DataSaver logging initialized. Log file: pb2b/logs/data_saver_20250219.log
2025-02-19 05:33:41 - INFO - Connected to SQLite database: pb2b/p2p_listings.db
2025-02-19 05:33:41 - INFO - Database tables created successfully
2025-02-19 05:33:41 - INFO - Attempt 1/10: Loading https://www.bybit.com/fiat/trade/otc?actionType=1&token=USDT&fiat=NGN
2025-02-19 05:33:52 - INFO - Screenshot saved as 'pb2b/screenshots/bybit_page_20250219_053352.png'
2025-02-19 05:33:52 - INFO - Fetching BUY listings for USDT/EUR
2025-02-19 05:33:53 - INFO - Data successfully saved to SQLite database. New listings - Bybit: 4, Binance: 6
2025-02-19 05:33:53 - INFO - Browser session closed
2025-02-19 05:33:53 - INFO - SQLite database connection closed
2025-02-19 05:46:26 - INFO - Logging initialized. Log file: pb2b/logs/bybit_scraper_20250219.log
2025-02-19 05:46:27 - INFO - DataSaver logging initialized. Log file: pb2b/logs/data_saver_20250219.log
2025-02-19 05:46:27 - INFO - Connected to SQLite database: pb2b/p2p_listings.db
2025-02-19 05:46:27 - INFO - Database tables created successfully
2025-02-19 05:46:27 - INFO - Attempt 1/10: Loading https://www.bybit.com/fiat/trade/otc?actionType=1&token=USDT&fiat=NGN
2025-02-19 05:46:38 - INFO - Screenshot saved as 'pb2b/screenshots/bybit_page_20250219_054638.png'
2025-02-19 05:46:38 - INFO - Fetching BUY listings for USDT/EUR
2025-02-19 05:46:39 - INFO - Data successfully saved to SQLite database. New listings - Bybit: 4, Binance: 6
2025-02-19 05:46:39 - INFO - Browser session closed
2025-02-19 05:46:39 - INFO - SQLite database connection closed
2025-02-19 05:59:21 - INFO - Logging initialized. Log file: pb2b/logs/bybit_scraper_20250219.log
2025-02-19 05:59:22 - INFO - DataSaver logging initialized. Log file: pb2b/logs/data_saver_20250219.log
2025-02-19 05:59:22 - INFO - Connected to SQLite database: pb2b/p2p_listings.db
2025-02-19 05:59:22 - INFO - Database tables created successfully
2025-02-19 05:59:22 - INFO - Attempt 1/10: Loading https://www.bybit.com/fiat/trade/otc?actionType=1&token=USDT&fiat=NGN
2025-02-19 05:59:33 - INFO - Screenshot saved as 'pb2b/screenshots/bybit_page_20250219_055933.png'
2025-02-19 05:59:33 - INFO - Fetching BUY listings for USDT/EUR
2025-02-19 05:59:34 - INFO - Data successfully saved to SQLite database. New listings - Bybit: 4, Binance: 6
2025-02-19 05:59:34 - INFO - Browser session closed
2025-02-19 05:59:34 - INFO - SQLite database connection closed
2025-02-19 06:35:17 - INFO - Logging initialized. Log file: pb2b/logs/bybit_scraper_20250219.log
2025-02-19 06:35:17 - INFO - DataSaver logging initialized. Log file: pb2b/logs/data_saver_20250219.log
2025-02-19 06:35:17 - INFO - Connected to SQLite database: pb2b/p2p_listings.db
2025-02-19 06:35:17 - INFO - Database tables created successfully
2025-02-19 06:35:17 - INFO - Attempt 1/10: Loading https://www.bybit.com/fiat/trade/otc?actionType=1&token=USDT&fiat=NGN
2025-02-19 06:35:27 - INFO - Screenshot saved as 'pb2b/screenshots/bybit_page_20250219_063527.png'
2025-02-19 06:35:27 - INFO - Fetching BUY listings for USDT/EUR
2025-02-19 06:35:28 - INFO - Data successfully saved to SQLite database. New listings - Bybit: 4, Binance: 6
2025-02-19 06:35:28 - INFO - Browser session closed
2025-02-19 06:35:28 - INFO - SQLite database connection closed
