2026-01-28 00:01:09 - INFO - Logging initialized. Log file: pb2b/logs/bybit_scraper_20260128.log
2026-01-28 00:01:11 - INFO - DataSaver logging initialized. Log file: pb2b/logs/data_saver_20260128.log
2026-01-28 00:01:11 - INFO - Connected to SQLite database: pb2b/p2p_listings.db
2026-01-28 00:01:11 - INFO - Database tables created successfully
2026-01-28 00:01:11 - INFO - Attempt 1/10: Loading https://www.bybit.com/fiat/trade/otc?actionType=1&token=USDT&fiat=NGN
2026-01-28 00:01:21 - INFO - Screenshot saved as 'pb2b/screenshots/bybit_page_20260128_000121.png'
2026-01-28 00:01:21 - WARNING - Error parsing row: Message: no such element: Unable to locate element: {"method":"css selector","selector":"td:nth-child(2)"}
  (Session info: chrome=144.0.7559.109); For documentation on this error, please visit: https://www.selenium.dev/documentation/webdriver/troubleshooting/errors#nosuchelementexception
Stacktrace:
#0 0x56071f3cfc3a <unknown>
#1 0x56071ede9969 <unknown>
#2 0x56071ee3eead <unknown>
#3 0x56071ee3f0f1 <unknown>
#4 0x56071ee326e6 <unknown>
#5 0x56071ee325c7 <unknown>
#6 0x56071ee87a20 <unknown>
#7 0x56071ee30be2 <unknown>
#8 0x56071ee31991 <unknown>
#9 0x56071f395a99 <unknown>
#10 0x56071f3989b1 <unknown>
#11 0x56071f3820a9 <unknown>
#12 0x56071f39956e <unknown>
#13 0x56071f3685e0 <unknown>
#14 0x56071f3bd358 <unknown>
#15 0x56071f3bd528 <unknown>
#16 0x56071f3cefa8 <unknown>
#17 0x7fc4c3a9caa4 <unknown>
#18 0x7fc4c3b29c6c <unknown>

2026-01-28 00:01:22 - INFO - Fetching BUY listings for USDT/EUR
2026-01-28 00:01:22 - INFO - Data successfully saved to SQLite database. New listings - Bybit: 5, Binance: 6
2026-01-28 00:01:22 - INFO - Browser session closed
2026-01-28 00:01:22 - INFO - SQLite database connection closed
2026-01-28 02:32:10 - INFO - Logging initialized. Log file: pb2b/logs/bybit_scraper_20260128.log
2026-01-28 02:32:11 - INFO - DataSaver logging initialized. Log file: pb2b/logs/data_saver_20260128.log
2026-01-28 02:32:11 - INFO - Connected to SQLite database: pb2b/p2p_listings.db
2026-01-28 02:32:11 - INFO - Database tables created successfully
2026-01-28 02:32:11 - INFO - Attempt 1/10: Loading https://www.bybit.com/fiat/trade/otc?actionType=1&token=USDT&fiat=NGN
2026-01-28 02:32:21 - INFO - Screenshot saved as 'pb2b/screenshots/bybit_page_20260128_023221.png'
2026-01-28 02:32:21 - WARNING - Error parsing row: Message: no such element: Unable to locate element: {"method":"css selector","selector":"td:nth-child(2)"}
  (Session info: chrome=144.0.7559.109); For documentation on this error, please visit: https://www.selenium.dev/documentation/webdriver/troubleshooting/errors#nosuchelementexception
Stacktrace:
#0 0x56197d04cc3a <unknown>
#1 0x56197ca66969 <unknown>
#2 0x56197cabbead <unknown>
#3 0x56197cabc0f1 <unknown>
#4 0x56197caaf6e6 <unknown>
#5 0x56197caaf5c7 <unknown>
#6 0x56197cb04a20 <unknown>
#7 0x56197caadbe2 <unknown>
#8 0x56197caae991 <unknown>
#9 0x56197d012a99 <unknown>
#10 0x56197d0159b1 <unknown>
#11 0x56197cfff0a9 <unknown>
#12 0x56197d01656e <unknown>
#13 0x56197cfe55e0 <unknown>
#14 0x56197d03a358 <unknown>
#15 0x56197d03a528 <unknown>
#16 0x56197d04bfa8 <unknown>
#17 0x7f6dcb49caa4 <unknown>
#18 0x7f6dcb529c6c <unknown>

2026-01-28 02:32:21 - INFO - Fetching BUY listings for USDT/EUR
2026-01-28 02:32:27 - INFO - Data successfully saved to SQLite database. New listings - Bybit: 5, Binance: 6
2026-01-28 02:32:27 - INFO - Browser session closed
2026-01-28 02:32:27 - INFO - SQLite database connection closed
