2026-04-30 01:29:38 - INFO - Logging initialized. Log file: pb2b/logs/bybit_scraper_20260430.log
2026-04-30 01:29:39 - INFO - DataSaver logging initialized. Log file: pb2b/logs/data_saver_20260430.log
2026-04-30 01:29:39 - INFO - Connected to SQLite database: pb2b/p2p_listings.db
2026-04-30 01:29:39 - INFO - Database tables created successfully
2026-04-30 01:29:39 - INFO - Attempt 1/10: Loading https://www.bybit.com/fiat/trade/otc?actionType=1&token=USDT&fiat=NGN
2026-04-30 01:29:47 - INFO - Screenshot saved as 'pb2b/screenshots/bybit_page_20260430_012946.png'
2026-04-30 01:29:47 - WARNING - Error parsing row: Message: no such element: Unable to locate element: {"method":"css selector","selector":"td:nth-child(2)"}
  (Session info: chrome=147.0.7727.137); For documentation on this error, please visit: https://www.selenium.dev/documentation/webdriver/troubleshooting/errors#nosuchelementexception
Stacktrace:
#0 0x565333bc8b6a <unknown>
#1 0x5653335ca265 <unknown>
#2 0x56533361cf76 <unknown>
#3 0x56533361d1b1 <unknown>
#4 0x565333611f26 <unknown>
#5 0x565333611e07 <unknown>
#6 0x565333665969 <unknown>
#7 0x5653336105cf <unknown>
#8 0x565333611391 <unknown>
#9 0x565333b8e04b <unknown>
#10 0x565333b9100d <unknown>
#11 0x565333b7a808 <unknown>
#12 0x565333b91ba0 <unknown>
#13 0x565333b61280 <unknown>
#14 0x565333bb5db8 <unknown>
#15 0x565333bb5f88 <unknown>
#16 0x565333bc75de <unknown>
#17 0x7f010389caa4 <unknown>
#18 0x7f0103929c6c <unknown>

2026-04-30 01:29:47 - WARNING - Error parsing row: Message: no such element: Unable to locate element: {"method":"css selector","selector":"td:nth-child(2)"}
  (Session info: chrome=147.0.7727.137); For documentation on this error, please visit: https://www.selenium.dev/documentation/webdriver/troubleshooting/errors#nosuchelementexception
Stacktrace:
#0 0x565333bc8b6a <unknown>
#1 0x5653335ca265 <unknown>
#2 0x56533361cf76 <unknown>
#3 0x56533361d1b1 <unknown>
#4 0x565333611f26 <unknown>
#5 0x565333611e07 <unknown>
#6 0x565333665969 <unknown>
#7 0x5653336105cf <unknown>
#8 0x565333611391 <unknown>
#9 0x565333b8e04b <unknown>
#10 0x565333b9100d <unknown>
#11 0x565333b7a808 <unknown>
#12 0x565333b91ba0 <unknown>
#13 0x565333b61280 <unknown>
#14 0x565333bb5db8 <unknown>
#15 0x565333bb5f88 <unknown>
#16 0x565333bc75de <unknown>
#17 0x7f010389caa4 <unknown>
#18 0x7f0103929c6c <unknown>

2026-04-30 01:29:48 - INFO - Fetching BUY listings for USDT/EUR
2026-04-30 01:29:48 - INFO - Data successfully saved to SQLite database. New listings - Bybit: 3, Binance: 6
2026-04-30 01:29:48 - INFO - Browser session closed
2026-04-30 01:29:48 - INFO - SQLite database connection closed
2026-04-30 05:03:23 - INFO - Logging initialized. Log file: pb2b/logs/bybit_scraper_20260430.log
2026-04-30 05:03:24 - INFO - DataSaver logging initialized. Log file: pb2b/logs/data_saver_20260430.log
2026-04-30 05:03:24 - INFO - Connected to SQLite database: pb2b/p2p_listings.db
2026-04-30 05:03:24 - INFO - Database tables created successfully
2026-04-30 05:03:24 - INFO - Attempt 1/10: Loading https://www.bybit.com/fiat/trade/otc?actionType=1&token=USDT&fiat=NGN
2026-04-30 05:03:32 - INFO - Screenshot saved as 'pb2b/screenshots/bybit_page_20260430_050332.png'
2026-04-30 05:03:32 - WARNING - Error parsing row: Message: no such element: Unable to locate element: {"method":"css selector","selector":"td:nth-child(2)"}
  (Session info: chrome=147.0.7727.137); For documentation on this error, please visit: https://www.selenium.dev/documentation/webdriver/troubleshooting/errors#nosuchelementexception
Stacktrace:
#0 0x55b571a50b6a <unknown>
#1 0x55b571452265 <unknown>
#2 0x55b5714a4f76 <unknown>
#3 0x55b5714a51b1 <unknown>
#4 0x55b571499f26 <unknown>
#5 0x55b571499e07 <unknown>
#6 0x55b5714ed969 <unknown>
#7 0x55b5714985cf <unknown>
#8 0x55b571499391 <unknown>
#9 0x55b571a1604b <unknown>
#10 0x55b571a1900d <unknown>
#11 0x55b571a02808 <unknown>
#12 0x55b571a19ba0 <unknown>
#13 0x55b5719e9280 <unknown>
#14 0x55b571a3ddb8 <unknown>
#15 0x55b571a3df88 <unknown>
#16 0x55b571a4f5de <unknown>
#17 0x7fe50be9caa4 <unknown>
#18 0x7fe50bf29c6c <unknown>

2026-04-30 05:03:32 - WARNING - Error parsing row: Message: no such element: Unable to locate element: {"method":"css selector","selector":"td:nth-child(2)"}
  (Session info: chrome=147.0.7727.137); For documentation on this error, please visit: https://www.selenium.dev/documentation/webdriver/troubleshooting/errors#nosuchelementexception
Stacktrace:
#0 0x55b571a50b6a <unknown>
#1 0x55b571452265 <unknown>
#2 0x55b5714a4f76 <unknown>
#3 0x55b5714a51b1 <unknown>
#4 0x55b571499f26 <unknown>
#5 0x55b571499e07 <unknown>
#6 0x55b5714ed969 <unknown>
#7 0x55b5714985cf <unknown>
#8 0x55b571499391 <unknown>
#9 0x55b571a1604b <unknown>
#10 0x55b571a1900d <unknown>
#11 0x55b571a02808 <unknown>
#12 0x55b571a19ba0 <unknown>
#13 0x55b5719e9280 <unknown>
#14 0x55b571a3ddb8 <unknown>
#15 0x55b571a3df88 <unknown>
#16 0x55b571a4f5de <unknown>
#17 0x7fe50be9caa4 <unknown>
#18 0x7fe50bf29c6c <unknown>

2026-04-30 05:03:32 - INFO - Fetching BUY listings for USDT/EUR
2026-04-30 05:03:33 - INFO - Data successfully saved to SQLite database. New listings - Bybit: 3, Binance: 6
2026-04-30 05:03:33 - INFO - Browser session closed
2026-04-30 05:03:33 - INFO - SQLite database connection closed
