2025-09-27 01:44:56 - INFO - Logging initialized. Log file: pb2b/logs/bybit_scraper_20250927.log
2025-09-27 01:44:57 - INFO - DataSaver logging initialized. Log file: pb2b/logs/data_saver_20250927.log
2025-09-27 01:44:57 - INFO - Connected to SQLite database: pb2b/p2p_listings.db
2025-09-27 01:44:57 - INFO - Database tables created successfully
2025-09-27 01:44:57 - INFO - Attempt 1/10: Loading https://www.bybit.com/fiat/trade/otc?actionType=1&token=USDT&fiat=NGN
2025-09-27 01:45:06 - INFO - Screenshot saved as 'pb2b/screenshots/bybit_page_20250927_014505.png'
2025-09-27 01:45:06 - INFO - Fetching BUY listings for USDT/EUR
2025-09-27 01:45:08 - INFO - Data successfully saved to SQLite database. New listings - Bybit: 4, Binance: 6
2025-09-27 01:45:09 - INFO - Browser session closed
2025-09-27 01:45:09 - INFO - SQLite database connection closed
2025-09-27 02:47:25 - INFO - Logging initialized. Log file: pb2b/logs/bybit_scraper_20250927.log
2025-09-27 02:47:26 - INFO - DataSaver logging initialized. Log file: pb2b/logs/data_saver_20250927.log
2025-09-27 02:47:26 - INFO - Connected to SQLite database: pb2b/p2p_listings.db
2025-09-27 02:47:26 - INFO - Database tables created successfully
2025-09-27 02:47:26 - INFO - Attempt 1/10: Loading https://www.bybit.com/fiat/trade/otc?actionType=1&token=USDT&fiat=NGN
2025-09-27 02:47:35 - INFO - Screenshot saved as 'pb2b/screenshots/bybit_page_20250927_024734.png'
2025-09-27 02:47:35 - INFO - Fetching BUY listings for USDT/EUR
2025-09-27 02:47:36 - INFO - Data successfully saved to SQLite database. New listings - Bybit: 4, Binance: 6
2025-09-27 02:47:37 - INFO - Browser session closed
2025-09-27 02:47:37 - INFO - SQLite database connection closed
2025-09-27 03:21:56 - INFO - Logging initialized. Log file: pb2b/logs/bybit_scraper_20250927.log
2025-09-27 03:21:57 - INFO - DataSaver logging initialized. Log file: pb2b/logs/data_saver_20250927.log
2025-09-27 03:21:57 - INFO - Connected to SQLite database: pb2b/p2p_listings.db
2025-09-27 03:21:57 - INFO - Database tables created successfully
2025-09-27 03:21:57 - INFO - Attempt 1/10: Loading https://www.bybit.com/fiat/trade/otc?actionType=1&token=USDT&fiat=NGN
2025-09-27 03:22:05 - INFO - Screenshot saved as 'pb2b/screenshots/bybit_page_20250927_032205.png'
2025-09-27 03:22:06 - INFO - Fetching BUY listings for USDT/EUR
2025-09-27 03:22:07 - INFO - Data successfully saved to SQLite database. New listings - Bybit: 4, Binance: 6
2025-09-27 03:22:07 - INFO - Browser session closed
2025-09-27 03:22:07 - INFO - SQLite database connection closed
