2025-03-01 01:59:32 - INFO - Logging initialized. Log file: pb2b/logs/bybit_scraper_20250301.log
2025-03-01 01:59:33 - INFO - DataSaver logging initialized. Log file: pb2b/logs/data_saver_20250301.log
2025-03-01 01:59:33 - INFO - Connected to SQLite database: pb2b/p2p_listings.db
2025-03-01 01:59:33 - INFO - Database tables created successfully
2025-03-01 01:59:33 - INFO - Attempt 1/10: Loading https://www.bybit.com/fiat/trade/otc?actionType=1&token=USDT&fiat=NGN
2025-03-01 01:59:42 - INFO - Screenshot saved as 'pb2b/screenshots/bybit_page_20250301_015942.png'
2025-03-01 01:59:43 - INFO - Fetching BUY listings for USDT/EUR
2025-03-01 01:59:43 - INFO - Data successfully saved to SQLite database. New listings - Bybit: 4, Binance: 6
2025-03-01 01:59:43 - INFO - Browser session closed
2025-03-01 01:59:43 - INFO - SQLite database connection closed
2025-03-01 03:03:33 - INFO - Logging initialized. Log file: pb2b/logs/bybit_scraper_20250301.log
2025-03-01 03:03:34 - INFO - DataSaver logging initialized. Log file: pb2b/logs/data_saver_20250301.log
2025-03-01 03:03:34 - INFO - Connected to SQLite database: pb2b/p2p_listings.db
2025-03-01 03:03:34 - INFO - Database tables created successfully
2025-03-01 03:03:34 - INFO - Attempt 1/10: Loading https://www.bybit.com/fiat/trade/otc?actionType=1&token=USDT&fiat=NGN
2025-03-01 03:03:44 - INFO - Screenshot saved as 'pb2b/screenshots/bybit_page_20250301_030344.png'
2025-03-01 03:03:44 - INFO - Fetching BUY listings for USDT/EUR
2025-03-01 03:03:45 - INFO - Data successfully saved to SQLite database. New listings - Bybit: 4, Binance: 6
2025-03-01 03:03:45 - INFO - Browser session closed
2025-03-01 03:03:45 - INFO - SQLite database connection closed
2025-03-01 03:38:56 - INFO - Logging initialized. Log file: pb2b/logs/bybit_scraper_20250301.log
2025-03-01 03:38:57 - INFO - DataSaver logging initialized. Log file: pb2b/logs/data_saver_20250301.log
2025-03-01 03:38:57 - INFO - Connected to SQLite database: pb2b/p2p_listings.db
2025-03-01 03:38:57 - INFO - Database tables created successfully
2025-03-01 03:38:57 - INFO - Attempt 1/10: Loading https://www.bybit.com/fiat/trade/otc?actionType=1&token=USDT&fiat=NGN
2025-03-01 03:39:07 - INFO - Screenshot saved as 'pb2b/screenshots/bybit_page_20250301_033907.png'
2025-03-01 03:39:08 - INFO - Fetching BUY listings for USDT/EUR
2025-03-01 03:39:08 - INFO - Data successfully saved to SQLite database. New listings - Bybit: 4, Binance: 6
2025-03-01 03:39:08 - INFO - Browser session closed
2025-03-01 03:39:08 - INFO - SQLite database connection closed
2025-03-01 03:53:13 - INFO - Logging initialized. Log file: pb2b/logs/bybit_scraper_20250301.log
2025-03-01 03:53:13 - INFO - DataSaver logging initialized. Log file: pb2b/logs/data_saver_20250301.log
2025-03-01 03:53:13 - INFO - Connected to SQLite database: pb2b/p2p_listings.db
2025-03-01 03:53:13 - INFO - Database tables created successfully
2025-03-01 03:53:13 - INFO - Attempt 1/10: Loading https://www.bybit.com/fiat/trade/otc?actionType=1&token=USDT&fiat=NGN
2025-03-01 03:53:22 - INFO - Screenshot saved as 'pb2b/screenshots/bybit_page_20250301_035322.png'
2025-03-01 03:53:23 - INFO - Fetching BUY listings for USDT/EUR
2025-03-01 03:53:23 - INFO - Data successfully saved to SQLite database. New listings - Bybit: 4, Binance: 6
2025-03-01 03:53:23 - INFO - Browser session closed
2025-03-01 03:53:23 - INFO - SQLite database connection closed
2025-03-01 04:20:20 - INFO - Logging initialized. Log file: pb2b/logs/bybit_scraper_20250301.log
2025-03-01 04:20:22 - INFO - DataSaver logging initialized. Log file: pb2b/logs/data_saver_20250301.log
2025-03-01 04:20:22 - INFO - Connected to SQLite database: pb2b/p2p_listings.db
2025-03-01 04:20:22 - INFO - Database tables created successfully
2025-03-01 04:20:22 - INFO - Attempt 1/10: Loading https://www.bybit.com/fiat/trade/otc?actionType=1&token=USDT&fiat=NGN
2025-03-01 04:20:31 - INFO - Screenshot saved as 'pb2b/screenshots/bybit_page_20250301_042031.png'
2025-03-01 04:20:32 - INFO - Fetching BUY listings for USDT/EUR
2025-03-01 04:20:32 - INFO - Data successfully saved to SQLite database. New listings - Bybit: 4, Binance: 6
2025-03-01 04:20:32 - INFO - Browser session closed
2025-03-01 04:20:32 - INFO - SQLite database connection closed
2025-03-01 04:39:41 - INFO - Logging initialized. Log file: pb2b/logs/bybit_scraper_20250301.log
2025-03-01 04:39:42 - INFO - DataSaver logging initialized. Log file: pb2b/logs/data_saver_20250301.log
2025-03-01 04:39:42 - INFO - Connected to SQLite database: pb2b/p2p_listings.db
2025-03-01 04:39:42 - INFO - Database tables created successfully
2025-03-01 04:39:42 - INFO - Attempt 1/10: Loading https://www.bybit.com/fiat/trade/otc?actionType=1&token=USDT&fiat=NGN
2025-03-01 04:39:52 - INFO - Screenshot saved as 'pb2b/screenshots/bybit_page_20250301_043952.png'
2025-03-01 04:39:53 - INFO - Fetching BUY listings for USDT/EUR
2025-03-01 04:39:53 - INFO - Data successfully saved to SQLite database. New listings - Bybit: 4, Binance: 6
2025-03-01 04:39:54 - INFO - Browser session closed
2025-03-01 04:39:54 - INFO - SQLite database connection closed
2025-03-01 04:52:57 - INFO - Logging initialized. Log file: pb2b/logs/bybit_scraper_20250301.log
2025-03-01 04:52:58 - INFO - DataSaver logging initialized. Log file: pb2b/logs/data_saver_20250301.log
2025-03-01 04:52:58 - INFO - Connected to SQLite database: pb2b/p2p_listings.db
2025-03-01 04:52:58 - INFO - Database tables created successfully
2025-03-01 04:52:58 - INFO - Attempt 1/10: Loading https://www.bybit.com/fiat/trade/otc?actionType=1&token=USDT&fiat=NGN
2025-03-01 04:53:07 - INFO - Screenshot saved as 'pb2b/screenshots/bybit_page_20250301_045307.png'
2025-03-01 04:53:07 - INFO - Fetching BUY listings for USDT/EUR
2025-03-01 04:53:08 - INFO - Data successfully saved to SQLite database. New listings - Bybit: 4, Binance: 6
2025-03-01 04:53:08 - INFO - Browser session closed
2025-03-01 04:53:08 - INFO - SQLite database connection closed
2025-03-01 05:15:58 - INFO - Logging initialized. Log file: pb2b/logs/bybit_scraper_20250301.log
2025-03-01 05:15:58 - INFO - DataSaver logging initialized. Log file: pb2b/logs/data_saver_20250301.log
2025-03-01 05:15:58 - INFO - Connected to SQLite database: pb2b/p2p_listings.db
2025-03-01 05:15:58 - INFO - Database tables created successfully
2025-03-01 05:15:58 - INFO - Attempt 1/10: Loading https://www.bybit.com/fiat/trade/otc?actionType=1&token=USDT&fiat=NGN
2025-03-01 05:16:07 - INFO - Screenshot saved as 'pb2b/screenshots/bybit_page_20250301_051607.png'
2025-03-01 05:16:08 - INFO - Fetching BUY listings for USDT/EUR
2025-03-01 05:16:08 - INFO - Data successfully saved to SQLite database. New listings - Bybit: 4, Binance: 6
2025-03-01 05:16:08 - INFO - Browser session closed
2025-03-01 05:16:08 - INFO - SQLite database connection closed
2025-03-01 05:33:58 - INFO - Logging initialized. Log file: pb2b/logs/bybit_scraper_20250301.log
2025-03-01 05:33:59 - INFO - DataSaver logging initialized. Log file: pb2b/logs/data_saver_20250301.log
2025-03-01 05:33:59 - INFO - Connected to SQLite database: pb2b/p2p_listings.db
2025-03-01 05:33:59 - INFO - Database tables created successfully
2025-03-01 05:33:59 - INFO - Attempt 1/10: Loading https://www.bybit.com/fiat/trade/otc?actionType=1&token=USDT&fiat=NGN
2025-03-01 05:34:09 - INFO - Screenshot saved as 'pb2b/screenshots/bybit_page_20250301_053409.png'
2025-03-01 05:34:09 - INFO - Fetching BUY listings for USDT/EUR
2025-03-01 05:34:10 - INFO - Data successfully saved to SQLite database. New listings - Bybit: 4, Binance: 6
2025-03-01 05:34:10 - INFO - Browser session closed
2025-03-01 05:34:10 - INFO - SQLite database connection closed
2025-03-01 05:47:08 - INFO - Logging initialized. Log file: pb2b/logs/bybit_scraper_20250301.log
2025-03-01 05:47:08 - INFO - DataSaver logging initialized. Log file: pb2b/logs/data_saver_20250301.log
2025-03-01 05:47:08 - INFO - Connected to SQLite database: pb2b/p2p_listings.db
2025-03-01 05:47:08 - INFO - Database tables created successfully
2025-03-01 05:47:08 - INFO - Attempt 1/10: Loading https://www.bybit.com/fiat/trade/otc?actionType=1&token=USDT&fiat=NGN
2025-03-01 05:47:17 - INFO - Screenshot saved as 'pb2b/screenshots/bybit_page_20250301_054717.png'
2025-03-01 05:47:18 - INFO - Fetching BUY listings for USDT/EUR
2025-03-01 05:47:18 - INFO - Data successfully saved to SQLite database. New listings - Bybit: 4, Binance: 6
2025-03-01 05:47:18 - INFO - Browser session closed
2025-03-01 05:47:18 - INFO - SQLite database connection closed
2025-03-01 06:00:03 - INFO - Logging initialized. Log file: pb2b/logs/bybit_scraper_20250301.log
2025-03-01 06:00:04 - INFO - DataSaver logging initialized. Log file: pb2b/logs/data_saver_20250301.log
2025-03-01 06:00:04 - INFO - Connected to SQLite database: pb2b/p2p_listings.db
2025-03-01 06:00:04 - INFO - Database tables created successfully
2025-03-01 06:00:04 - INFO - Attempt 1/10: Loading https://www.bybit.com/fiat/trade/otc?actionType=1&token=USDT&fiat=NGN
2025-03-01 06:00:14 - INFO - Screenshot saved as 'pb2b/screenshots/bybit_page_20250301_060013.png'
2025-03-01 06:00:14 - INFO - Fetching BUY listings for USDT/EUR
2025-03-01 06:00:15 - INFO - Data successfully saved to SQLite database. New listings - Bybit: 4, Binance: 6
2025-03-01 06:00:15 - INFO - Browser session closed
2025-03-01 06:00:15 - INFO - SQLite database connection closed
2025-03-01 06:34:32 - INFO - Logging initialized. Log file: pb2b/logs/bybit_scraper_20250301.log
2025-03-01 06:34:33 - INFO - DataSaver logging initialized. Log file: pb2b/logs/data_saver_20250301.log
2025-03-01 06:34:33 - INFO - Connected to SQLite database: pb2b/p2p_listings.db
2025-03-01 06:34:33 - INFO - Database tables created successfully
2025-03-01 06:34:33 - INFO - Attempt 1/10: Loading https://www.bybit.com/fiat/trade/otc?actionType=1&token=USDT&fiat=NGN
2025-03-01 06:34:43 - INFO - Screenshot saved as 'pb2b/screenshots/bybit_page_20250301_063443.png'
2025-03-01 06:34:43 - INFO - Fetching BUY listings for USDT/EUR
2025-03-01 06:34:44 - INFO - Data successfully saved to SQLite database. New listings - Bybit: 4, Binance: 6
2025-03-01 06:34:44 - INFO - Browser session closed
2025-03-01 06:34:44 - INFO - SQLite database connection closed
