2025-08-28 01:21:44 - INFO - Logging initialized. Log file: pb2b/logs/bybit_scraper_20250828.log
2025-08-28 01:21:45 - INFO - DataSaver logging initialized. Log file: pb2b/logs/data_saver_20250828.log
2025-08-28 01:21:45 - INFO - Connected to SQLite database: pb2b/p2p_listings.db
2025-08-28 01:21:45 - INFO - Database tables created successfully
2025-08-28 01:21:45 - INFO - Attempt 1/10: Loading https://www.bybit.com/fiat/trade/otc?actionType=1&token=USDT&fiat=NGN
2025-08-28 01:21:56 - INFO - Screenshot saved as 'pb2b/screenshots/bybit_page_20250828_012156.png'
2025-08-28 01:21:56 - INFO - Fetching BUY listings for USDT/EUR
2025-08-28 01:21:57 - INFO - Data successfully saved to SQLite database. New listings - Bybit: 4, Binance: 6
2025-08-28 01:21:58 - INFO - Browser session closed
2025-08-28 01:21:58 - INFO - SQLite database connection closed
2025-08-28 02:47:36 - INFO - Logging initialized. Log file: pb2b/logs/bybit_scraper_20250828.log
2025-08-28 02:47:37 - INFO - DataSaver logging initialized. Log file: pb2b/logs/data_saver_20250828.log
2025-08-28 02:47:37 - INFO - Connected to SQLite database: pb2b/p2p_listings.db
2025-08-28 02:47:37 - INFO - Database tables created successfully
2025-08-28 02:47:37 - INFO - Attempt 1/10: Loading https://www.bybit.com/fiat/trade/otc?actionType=1&token=USDT&fiat=NGN
2025-08-28 02:47:47 - INFO - Screenshot saved as 'pb2b/screenshots/bybit_page_20250828_024747.png'
2025-08-28 02:47:47 - INFO - Fetching BUY listings for USDT/EUR
2025-08-28 02:47:48 - INFO - Data successfully saved to SQLite database. New listings - Bybit: 4, Binance: 6
2025-08-28 02:47:48 - INFO - Browser session closed
2025-08-28 02:47:48 - INFO - SQLite database connection closed
2025-08-28 03:30:33 - INFO - Logging initialized. Log file: pb2b/logs/bybit_scraper_20250828.log
2025-08-28 03:30:34 - INFO - DataSaver logging initialized. Log file: pb2b/logs/data_saver_20250828.log
2025-08-28 03:30:34 - INFO - Connected to SQLite database: pb2b/p2p_listings.db
2025-08-28 03:30:34 - INFO - Database tables created successfully
2025-08-28 03:30:34 - INFO - Attempt 1/10: Loading https://www.bybit.com/fiat/trade/otc?actionType=1&token=USDT&fiat=NGN
2025-08-28 03:30:45 - INFO - Screenshot saved as 'pb2b/screenshots/bybit_page_20250828_033045.png'
2025-08-28 03:30:46 - INFO - Fetching BUY listings for USDT/EUR
2025-08-28 03:30:47 - INFO - Data successfully saved to SQLite database. New listings - Bybit: 4, Binance: 6
2025-08-28 03:30:47 - INFO - Browser session closed
2025-08-28 03:30:47 - INFO - SQLite database connection closed
2025-08-28 03:55:09 - INFO - Logging initialized. Log file: pb2b/logs/bybit_scraper_20250828.log
2025-08-28 03:55:10 - INFO - DataSaver logging initialized. Log file: pb2b/logs/data_saver_20250828.log
2025-08-28 03:55:10 - INFO - Connected to SQLite database: pb2b/p2p_listings.db
2025-08-28 03:55:10 - INFO - Database tables created successfully
2025-08-28 03:55:10 - INFO - Attempt 1/10: Loading https://www.bybit.com/fiat/trade/otc?actionType=1&token=USDT&fiat=NGN
2025-08-28 03:55:20 - INFO - Screenshot saved as 'pb2b/screenshots/bybit_page_20250828_035520.png'
2025-08-28 03:55:21 - INFO - Fetching BUY listings for USDT/EUR
2025-08-28 03:55:22 - INFO - Data successfully saved to SQLite database. New listings - Bybit: 4, Binance: 6
2025-08-28 03:55:22 - INFO - Browser session closed
2025-08-28 03:55:22 - INFO - SQLite database connection closed
2025-08-28 04:22:32 - INFO - Logging initialized. Log file: pb2b/logs/bybit_scraper_20250828.log
2025-08-28 04:22:34 - INFO - DataSaver logging initialized. Log file: pb2b/logs/data_saver_20250828.log
2025-08-28 04:22:34 - INFO - Connected to SQLite database: pb2b/p2p_listings.db
2025-08-28 04:22:34 - INFO - Database tables created successfully
2025-08-28 04:22:34 - INFO - Attempt 1/10: Loading https://www.bybit.com/fiat/trade/otc?actionType=1&token=USDT&fiat=NGN
2025-08-28 04:22:44 - INFO - Screenshot saved as 'pb2b/screenshots/bybit_page_20250828_042244.png'
2025-08-28 04:22:44 - INFO - Fetching BUY listings for USDT/EUR
2025-08-28 04:22:45 - INFO - Data successfully saved to SQLite database. New listings - Bybit: 4, Binance: 6
2025-08-28 04:22:45 - INFO - Browser session closed
2025-08-28 04:22:45 - INFO - SQLite database connection closed
2025-08-28 04:44:09 - INFO - Logging initialized. Log file: pb2b/logs/bybit_scraper_20250828.log
2025-08-28 04:44:11 - INFO - DataSaver logging initialized. Log file: pb2b/logs/data_saver_20250828.log
2025-08-28 04:44:11 - INFO - Connected to SQLite database: pb2b/p2p_listings.db
2025-08-28 04:44:11 - INFO - Database tables created successfully
2025-08-28 04:44:11 - INFO - Attempt 1/10: Loading https://www.bybit.com/fiat/trade/otc?actionType=1&token=USDT&fiat=NGN
2025-08-28 04:44:21 - INFO - Screenshot saved as 'pb2b/screenshots/bybit_page_20250828_044421.png'
2025-08-28 04:44:22 - INFO - Fetching BUY listings for USDT/EUR
2025-08-28 04:44:23 - INFO - Data successfully saved to SQLite database. New listings - Bybit: 4, Binance: 6
2025-08-28 04:44:23 - INFO - Browser session closed
2025-08-28 04:44:23 - INFO - SQLite database connection closed
