2025-12-16 02:08:14 - INFO - Logging initialized. Log file: pb2b/logs/bybit_scraper_20251216.log
2025-12-16 02:08:16 - INFO - DataSaver logging initialized. Log file: pb2b/logs/data_saver_20251216.log
2025-12-16 02:08:16 - INFO - Connected to SQLite database: pb2b/p2p_listings.db
2025-12-16 02:08:16 - INFO - Database tables created successfully
2025-12-16 02:08:16 - INFO - Attempt 1/10: Loading https://www.bybit.com/fiat/trade/otc?actionType=1&token=USDT&fiat=NGN
2025-12-16 02:08:26 - INFO - Screenshot saved as 'pb2b/screenshots/bybit_page_20251216_020825.png'
2025-12-16 02:08:26 - WARNING - Error parsing row: Message: no such element: Unable to locate element: {"method":"css selector","selector":"td:nth-child(2)"}
  (Session info: chrome=143.0.7499.109); For documentation on this error, please visit: https://www.selenium.dev/documentation/webdriver/troubleshooting/errors#nosuchelementexception
Stacktrace:
#0 0x555c7cd5816a <unknown>
#1 0x555c7c7d5c4b <unknown>
#2 0x555c7c827318 <unknown>
#3 0x555c7c827551 <unknown>
#4 0x555c7c81b586 <unknown>
#5 0x555c7c81b477 <unknown>
#6 0x555c7c872bee <unknown>
#7 0x555c7c819c42 <unknown>
#8 0x555c7c81a8f1 <unknown>
#9 0x555c7cd20f09 <unknown>
#10 0x555c7cd23e4d <unknown>
#11 0x555c7cd09c51 <unknown>
#12 0x555c7cd24a2b <unknown>
#13 0x555c7ccf0a20 <unknown>
#14 0x555c7cd45a78 <unknown>
#15 0x555c7cd45c49 <unknown>
#16 0x555c7cd574c3 <unknown>
#17 0x7fd94fa9caa4 <unknown>
#18 0x7fd94fb29c6c <unknown>

2025-12-16 02:08:26 - INFO - Fetching BUY listings for USDT/EUR
2025-12-16 02:08:27 - INFO - Data successfully saved to SQLite database. New listings - Bybit: 4, Binance: 6
2025-12-16 02:08:27 - INFO - Browser session closed
2025-12-16 02:08:27 - INFO - SQLite database connection closed
2025-12-16 03:45:21 - INFO - Logging initialized. Log file: pb2b/logs/bybit_scraper_20251216.log
2025-12-16 03:45:22 - INFO - DataSaver logging initialized. Log file: pb2b/logs/data_saver_20251216.log
2025-12-16 03:45:22 - INFO - Connected to SQLite database: pb2b/p2p_listings.db
2025-12-16 03:45:22 - INFO - Database tables created successfully
2025-12-16 03:45:22 - INFO - Attempt 1/10: Loading https://www.bybit.com/fiat/trade/otc?actionType=1&token=USDT&fiat=NGN
2025-12-16 03:45:31 - INFO - Screenshot saved as 'pb2b/screenshots/bybit_page_20251216_034531.png'
2025-12-16 03:45:31 - WARNING - Error parsing row: Message: no such element: Unable to locate element: {"method":"css selector","selector":"td:nth-child(2)"}
  (Session info: chrome=143.0.7499.109); For documentation on this error, please visit: https://www.selenium.dev/documentation/webdriver/troubleshooting/errors#nosuchelementexception
Stacktrace:
#0 0x55d0f857616a <unknown>
#1 0x55d0f7ff3c4b <unknown>
#2 0x55d0f8045318 <unknown>
#3 0x55d0f8045551 <unknown>
#4 0x55d0f8039586 <unknown>
#5 0x55d0f8039477 <unknown>
#6 0x55d0f8090bee <unknown>
#7 0x55d0f8037c42 <unknown>
#8 0x55d0f80388f1 <unknown>
#9 0x55d0f853ef09 <unknown>
#10 0x55d0f8541e4d <unknown>
#11 0x55d0f8527c51 <unknown>
#12 0x55d0f8542a2b <unknown>
#13 0x55d0f850ea20 <unknown>
#14 0x55d0f8563a78 <unknown>
#15 0x55d0f8563c49 <unknown>
#16 0x55d0f85754c3 <unknown>
#17 0x7f950849caa4 <unknown>
#18 0x7f9508529c6c <unknown>

2025-12-16 03:45:32 - INFO - Fetching BUY listings for USDT/EUR
2025-12-16 03:45:32 - INFO - Data successfully saved to SQLite database. New listings - Bybit: 4, Binance: 6
2025-12-16 03:45:32 - INFO - Browser session closed
2025-12-16 03:45:32 - INFO - SQLite database connection closed
2025-12-16 04:27:02 - INFO - Logging initialized. Log file: pb2b/logs/bybit_scraper_20251216.log
2025-12-16 04:27:05 - INFO - DataSaver logging initialized. Log file: pb2b/logs/data_saver_20251216.log
2025-12-16 04:27:05 - INFO - Connected to SQLite database: pb2b/p2p_listings.db
2025-12-16 04:27:05 - INFO - Database tables created successfully
2025-12-16 04:27:05 - INFO - Attempt 1/10: Loading https://www.bybit.com/fiat/trade/otc?actionType=1&token=USDT&fiat=NGN
2025-12-16 04:27:13 - INFO - Screenshot saved as 'pb2b/screenshots/bybit_page_20251216_042713.png'
2025-12-16 04:27:13 - WARNING - Error parsing row: Message: no such element: Unable to locate element: {"method":"css selector","selector":"td:nth-child(2)"}
  (Session info: chrome=143.0.7499.109); For documentation on this error, please visit: https://www.selenium.dev/documentation/webdriver/troubleshooting/errors#nosuchelementexception
Stacktrace:
#0 0x55bac02e616a <unknown>
#1 0x55babfd63c4b <unknown>
#2 0x55babfdb5318 <unknown>
#3 0x55babfdb5551 <unknown>
#4 0x55babfda9586 <unknown>
#5 0x55babfda9477 <unknown>
#6 0x55babfe00bee <unknown>
#7 0x55babfda7c42 <unknown>
#8 0x55babfda88f1 <unknown>
#9 0x55bac02aef09 <unknown>
#10 0x55bac02b1e4d <unknown>
#11 0x55bac0297c51 <unknown>
#12 0x55bac02b2a2b <unknown>
#13 0x55bac027ea20 <unknown>
#14 0x55bac02d3a78 <unknown>
#15 0x55bac02d3c49 <unknown>
#16 0x55bac02e54c3 <unknown>
#17 0x7f931569caa4 <unknown>
#18 0x7f9315729c6c <unknown>

2025-12-16 04:27:14 - INFO - Fetching BUY listings for USDT/EUR
2025-12-16 04:27:15 - INFO - Data successfully saved to SQLite database. New listings - Bybit: 4, Binance: 6
2025-12-16 04:27:15 - INFO - Browser session closed
2025-12-16 04:27:15 - INFO - SQLite database connection closed
