2025-12-20 00:01:36 - INFO - Logging initialized. Log file: pb2b/logs/bybit_scraper_20251220.log
2025-12-20 00:01:37 - INFO - DataSaver logging initialized. Log file: pb2b/logs/data_saver_20251220.log
2025-12-20 00:01:37 - INFO - Connected to SQLite database: pb2b/p2p_listings.db
2025-12-20 00:01:37 - INFO - Database tables created successfully
2025-12-20 00:01:37 - INFO - Attempt 1/10: Loading https://www.bybit.com/fiat/trade/otc?actionType=1&token=USDT&fiat=NGN
2025-12-20 00:01:47 - INFO - Screenshot saved as 'pb2b/screenshots/bybit_page_20251220_000147.png'
2025-12-20 00:01:47 - WARNING - Error parsing row: Message: no such element: Unable to locate element: {"method":"css selector","selector":"td:nth-child(2)"}
  (Session info: chrome=143.0.7499.169); For documentation on this error, please visit: https://www.selenium.dev/documentation/webdriver/troubleshooting/errors#nosuchelementexception
Stacktrace:
#0 0x56102aa3519a <unknown>
#1 0x56102a4b2c4b <unknown>
#2 0x56102a504318 <unknown>
#3 0x56102a504551 <unknown>
#4 0x56102a4f8586 <unknown>
#5 0x56102a4f8477 <unknown>
#6 0x56102a54fbee <unknown>
#7 0x56102a4f6c42 <unknown>
#8 0x56102a4f78f1 <unknown>
#9 0x56102a9fdf39 <unknown>
#10 0x56102aa00e7d <unknown>
#11 0x56102a9e6c81 <unknown>
#12 0x56102aa01a5b <unknown>
#13 0x56102a9cda50 <unknown>
#14 0x56102aa22aa8 <unknown>
#15 0x56102aa22c79 <unknown>
#16 0x56102aa344f3 <unknown>
#17 0x7fcbd849caa4 <unknown>
#18 0x7fcbd8529c6c <unknown>

2025-12-20 00:01:47 - INFO - Fetching BUY listings for USDT/EUR
2025-12-20 00:01:48 - INFO - Data successfully saved to SQLite database. New listings - Bybit: 4, Binance: 6
2025-12-20 00:01:48 - INFO - Browser session closed
2025-12-20 00:01:48 - INFO - SQLite database connection closed
