2024-12-14 00:00:59 - INFO - Logging initialized. Log file: pb2b/logs/bybit_scraper_20241214.log
2024-12-14 00:01:00 - INFO - DataSaver logging initialized. Log file: pb2b/logs/data_saver_20241214.log
2024-12-14 00:01:00 - INFO - Connected to SQLite database: pb2b/p2p_listings.db
2024-12-14 00:01:00 - INFO - Database tables created successfully
2024-12-14 00:01:00 - INFO - Attempt 1/10: Loading https://www.bybit.com/fiat/trade/otc?actionType=1&token=USDT&fiat=NGN
2024-12-14 00:01:10 - INFO - Screenshot saved as 'pb2b/screenshots/bybit_page_20241214_000110.png'
2024-12-14 00:01:11 - INFO - Fetching BUY listings for USDT/EUR
2024-12-14 00:01:11 - INFO - Data successfully saved to SQLite database. New listings - Bybit: 5, Binance: 6
2024-12-14 00:01:11 - INFO - Browser session closed
2024-12-14 00:01:11 - INFO - SQLite database connection closed
2024-12-14 01:53:55 - INFO - Logging initialized. Log file: pb2b/logs/bybit_scraper_20241214.log
2024-12-14 01:53:56 - INFO - DataSaver logging initialized. Log file: pb2b/logs/data_saver_20241214.log
2024-12-14 01:53:56 - INFO - Connected to SQLite database: pb2b/p2p_listings.db
2024-12-14 01:53:56 - INFO - Database tables created successfully
2024-12-14 01:53:56 - INFO - Attempt 1/10: Loading https://www.bybit.com/fiat/trade/otc?actionType=1&token=USDT&fiat=NGN
2024-12-14 01:54:07 - INFO - Screenshot saved as 'pb2b/screenshots/bybit_page_20241214_015407.png'
2024-12-14 01:54:08 - INFO - Fetching BUY listings for USDT/EUR
2024-12-14 01:54:08 - INFO - Data successfully saved to SQLite database. New listings - Bybit: 5, Binance: 6
2024-12-14 01:54:08 - INFO - Browser session closed
2024-12-14 01:54:08 - INFO - SQLite database connection closed
2024-12-14 02:52:53 - INFO - Logging initialized. Log file: pb2b/logs/bybit_scraper_20241214.log
2024-12-14 02:52:54 - INFO - DataSaver logging initialized. Log file: pb2b/logs/data_saver_20241214.log
2024-12-14 02:52:54 - INFO - Connected to SQLite database: pb2b/p2p_listings.db
2024-12-14 02:52:54 - INFO - Database tables created successfully
2024-12-14 02:52:54 - INFO - Attempt 1/10: Loading https://www.bybit.com/fiat/trade/otc?actionType=1&token=USDT&fiat=NGN
2024-12-14 02:53:04 - INFO - Screenshot saved as 'pb2b/screenshots/bybit_page_20241214_025303.png'
2024-12-14 02:53:04 - INFO - Fetching BUY listings for USDT/EUR
2024-12-14 02:53:05 - INFO - Data successfully saved to SQLite database. New listings - Bybit: 5, Binance: 6
2024-12-14 02:53:05 - INFO - Browser session closed
2024-12-14 02:53:05 - INFO - SQLite database connection closed
2024-12-14 03:22:26 - INFO - Logging initialized. Log file: pb2b/logs/bybit_scraper_20241214.log
2024-12-14 03:22:27 - INFO - DataSaver logging initialized. Log file: pb2b/logs/data_saver_20241214.log
2024-12-14 03:22:27 - INFO - Connected to SQLite database: pb2b/p2p_listings.db
2024-12-14 03:22:27 - INFO - Database tables created successfully
2024-12-14 03:22:27 - INFO - Attempt 1/10: Loading https://www.bybit.com/fiat/trade/otc?actionType=1&token=USDT&fiat=NGN
2024-12-14 03:22:38 - INFO - Screenshot saved as 'pb2b/screenshots/bybit_page_20241214_032238.png'
2024-12-14 03:22:38 - INFO - Fetching BUY listings for USDT/EUR
2024-12-14 03:22:39 - INFO - Data successfully saved to SQLite database. New listings - Bybit: 5, Binance: 6
2024-12-14 03:22:39 - INFO - Browser session closed
2024-12-14 03:22:39 - INFO - SQLite database connection closed
2024-12-14 03:46:06 - INFO - Logging initialized. Log file: pb2b/logs/bybit_scraper_20241214.log
2024-12-14 03:46:07 - INFO - DataSaver logging initialized. Log file: pb2b/logs/data_saver_20241214.log
2024-12-14 03:46:07 - INFO - Connected to SQLite database: pb2b/p2p_listings.db
2024-12-14 03:46:07 - INFO - Database tables created successfully
2024-12-14 03:46:07 - INFO - Attempt 1/10: Loading https://www.bybit.com/fiat/trade/otc?actionType=1&token=USDT&fiat=NGN
2024-12-14 03:46:18 - INFO - Screenshot saved as 'pb2b/screenshots/bybit_page_20241214_034618.png'
2024-12-14 03:46:19 - INFO - Fetching BUY listings for USDT/EUR
2024-12-14 03:46:19 - INFO - Data successfully saved to SQLite database. New listings - Bybit: 5, Binance: 6
2024-12-14 03:46:19 - INFO - Browser session closed
2024-12-14 03:46:19 - INFO - SQLite database connection closed
2024-12-14 03:55:28 - INFO - Logging initialized. Log file: pb2b/logs/bybit_scraper_20241214.log
2024-12-14 03:55:28 - INFO - DataSaver logging initialized. Log file: pb2b/logs/data_saver_20241214.log
2024-12-14 03:55:28 - INFO - Connected to SQLite database: pb2b/p2p_listings.db
2024-12-14 03:55:28 - INFO - Database tables created successfully
2024-12-14 03:55:28 - INFO - Attempt 1/10: Loading https://www.bybit.com/fiat/trade/otc?actionType=1&token=USDT&fiat=NGN
2024-12-14 03:55:40 - INFO - Screenshot saved as 'pb2b/screenshots/bybit_page_20241214_035540.png'
2024-12-14 03:55:40 - INFO - Fetching BUY listings for USDT/EUR
2024-12-14 03:55:41 - INFO - Data successfully saved to SQLite database. New listings - Bybit: 5, Binance: 6
2024-12-14 03:55:41 - INFO - Browser session closed
2024-12-14 03:55:41 - INFO - SQLite database connection closed
2024-12-14 04:15:04 - INFO - Logging initialized. Log file: pb2b/logs/bybit_scraper_20241214.log
2024-12-14 04:15:04 - INFO - DataSaver logging initialized. Log file: pb2b/logs/data_saver_20241214.log
2024-12-14 04:15:04 - INFO - Connected to SQLite database: pb2b/p2p_listings.db
2024-12-14 04:15:04 - INFO - Database tables created successfully
2024-12-14 04:15:04 - INFO - Attempt 1/10: Loading https://www.bybit.com/fiat/trade/otc?actionType=1&token=USDT&fiat=NGN
2024-12-14 04:15:15 - INFO - Screenshot saved as 'pb2b/screenshots/bybit_page_20241214_041515.png'
2024-12-14 04:15:16 - INFO - Fetching BUY listings for USDT/EUR
2024-12-14 04:15:16 - INFO - Data successfully saved to SQLite database. New listings - Bybit: 5, Binance: 6
2024-12-14 04:15:16 - INFO - Browser session closed
2024-12-14 04:15:16 - INFO - SQLite database connection closed
2024-12-14 04:35:20 - INFO - Logging initialized. Log file: pb2b/logs/bybit_scraper_20241214.log
2024-12-14 04:35:20 - INFO - DataSaver logging initialized. Log file: pb2b/logs/data_saver_20241214.log
2024-12-14 04:35:20 - INFO - Connected to SQLite database: pb2b/p2p_listings.db
2024-12-14 04:35:20 - INFO - Database tables created successfully
2024-12-14 04:35:20 - INFO - Attempt 1/10: Loading https://www.bybit.com/fiat/trade/otc?actionType=1&token=USDT&fiat=NGN
2024-12-14 04:35:30 - INFO - Screenshot saved as 'pb2b/screenshots/bybit_page_20241214_043530.png'
2024-12-14 04:35:30 - INFO - Fetching BUY listings for USDT/EUR
2024-12-14 04:35:31 - INFO - Data successfully saved to SQLite database. New listings - Bybit: 5, Binance: 6
2024-12-14 04:35:31 - INFO - Browser session closed
2024-12-14 04:35:31 - INFO - SQLite database connection closed
2024-12-14 04:47:09 - INFO - Logging initialized. Log file: pb2b/logs/bybit_scraper_20241214.log
2024-12-14 04:47:10 - INFO - DataSaver logging initialized. Log file: pb2b/logs/data_saver_20241214.log
2024-12-14 04:47:10 - INFO - Connected to SQLite database: pb2b/p2p_listings.db
2024-12-14 04:47:10 - INFO - Database tables created successfully
2024-12-14 04:47:10 - INFO - Attempt 1/10: Loading https://www.bybit.com/fiat/trade/otc?actionType=1&token=USDT&fiat=NGN
2024-12-14 04:47:20 - INFO - Screenshot saved as 'pb2b/screenshots/bybit_page_20241214_044720.png'
2024-12-14 04:47:21 - INFO - Fetching BUY listings for USDT/EUR
2024-12-14 04:47:21 - INFO - Data successfully saved to SQLite database. New listings - Bybit: 5, Binance: 6
2024-12-14 04:47:21 - INFO - Browser session closed
2024-12-14 04:47:21 - INFO - SQLite database connection closed
