2025-11-28 00:43:34 - INFO - Logging initialized. Log file: pb2b/logs/bybit_scraper_20251128.log
2025-11-28 00:43:35 - INFO - DataSaver logging initialized. Log file: pb2b/logs/data_saver_20251128.log
2025-11-28 00:43:35 - INFO - Connected to SQLite database: pb2b/p2p_listings.db
2025-11-28 00:43:35 - INFO - Database tables created successfully
2025-11-28 00:43:35 - INFO - Attempt 1/10: Loading https://www.bybit.com/fiat/trade/otc?actionType=1&token=USDT&fiat=NGN
2025-11-28 00:43:46 - INFO - Screenshot saved as 'pb2b/screenshots/bybit_page_20251128_004346.png'
2025-11-28 00:43:46 - INFO - Fetching BUY listings for USDT/EUR
2025-11-28 00:43:47 - INFO - Data successfully saved to SQLite database. New listings - Bybit: 4, Binance: 6
2025-11-28 00:43:47 - INFO - Browser session closed
2025-11-28 00:43:47 - INFO - SQLite database connection closed
2025-11-28 02:26:17 - INFO - Logging initialized. Log file: pb2b/logs/bybit_scraper_20251128.log
2025-11-28 02:26:19 - INFO - DataSaver logging initialized. Log file: pb2b/logs/data_saver_20251128.log
2025-11-28 02:26:19 - INFO - Connected to SQLite database: pb2b/p2p_listings.db
2025-11-28 02:26:19 - INFO - Database tables created successfully
2025-11-28 02:26:19 - INFO - Attempt 1/10: Loading https://www.bybit.com/fiat/trade/otc?actionType=1&token=USDT&fiat=NGN
2025-11-28 02:26:28 - INFO - Screenshot saved as 'pb2b/screenshots/bybit_page_20251128_022628.png'
2025-11-28 02:26:28 - INFO - Fetching BUY listings for USDT/EUR
2025-11-28 02:26:29 - INFO - Data successfully saved to SQLite database. New listings - Bybit: 4, Binance: 6
2025-11-28 02:26:29 - INFO - Browser session closed
2025-11-28 02:26:29 - INFO - SQLite database connection closed
2025-11-28 03:37:17 - INFO - Logging initialized. Log file: pb2b/logs/bybit_scraper_20251128.log
2025-11-28 03:37:19 - INFO - DataSaver logging initialized. Log file: pb2b/logs/data_saver_20251128.log
2025-11-28 03:37:19 - INFO - Connected to SQLite database: pb2b/p2p_listings.db
2025-11-28 03:37:19 - INFO - Database tables created successfully
2025-11-28 03:37:19 - INFO - Attempt 1/10: Loading https://www.bybit.com/fiat/trade/otc?actionType=1&token=USDT&fiat=NGN
2025-11-28 03:37:30 - INFO - Screenshot saved as 'pb2b/screenshots/bybit_page_20251128_033730.png'
2025-11-28 03:37:31 - INFO - Fetching BUY listings for USDT/EUR
2025-11-28 03:37:32 - INFO - Data successfully saved to SQLite database. New listings - Bybit: 4, Binance: 6
2025-11-28 03:37:32 - INFO - Browser session closed
2025-11-28 03:37:32 - INFO - SQLite database connection closed
2025-11-28 04:02:25 - INFO - Logging initialized. Log file: pb2b/logs/bybit_scraper_20251128.log
2025-11-28 04:02:26 - INFO - DataSaver logging initialized. Log file: pb2b/logs/data_saver_20251128.log
2025-11-28 04:02:26 - INFO - Connected to SQLite database: pb2b/p2p_listings.db
2025-11-28 04:02:26 - INFO - Database tables created successfully
2025-11-28 04:02:26 - INFO - Attempt 1/10: Loading https://www.bybit.com/fiat/trade/otc?actionType=1&token=USDT&fiat=NGN
2025-11-28 04:02:37 - INFO - Screenshot saved as 'pb2b/screenshots/bybit_page_20251128_040237.png'
2025-11-28 04:02:37 - INFO - Fetching BUY listings for USDT/EUR
2025-11-28 04:02:38 - INFO - Data successfully saved to SQLite database. New listings - Bybit: 4, Binance: 6
2025-11-28 04:02:38 - INFO - Browser session closed
2025-11-28 04:02:38 - INFO - SQLite database connection closed
2025-11-28 04:38:26 - INFO - Logging initialized. Log file: pb2b/logs/bybit_scraper_20251128.log
2025-11-28 04:38:27 - INFO - DataSaver logging initialized. Log file: pb2b/logs/data_saver_20251128.log
2025-11-28 04:38:27 - INFO - Connected to SQLite database: pb2b/p2p_listings.db
2025-11-28 04:38:27 - INFO - Database tables created successfully
2025-11-28 04:38:27 - INFO - Attempt 1/10: Loading https://www.bybit.com/fiat/trade/otc?actionType=1&token=USDT&fiat=NGN
2025-11-28 04:38:38 - INFO - Screenshot saved as 'pb2b/screenshots/bybit_page_20251128_043838.png'
2025-11-28 04:38:38 - INFO - Fetching BUY listings for USDT/EUR
2025-11-28 04:38:39 - INFO - Data successfully saved to SQLite database. New listings - Bybit: 4, Binance: 6
2025-11-28 04:38:39 - INFO - Browser session closed
2025-11-28 04:38:39 - INFO - SQLite database connection closed
2025-11-28 04:55:40 - INFO - Logging initialized. Log file: pb2b/logs/bybit_scraper_20251128.log
2025-11-28 04:55:41 - INFO - DataSaver logging initialized. Log file: pb2b/logs/data_saver_20251128.log
2025-11-28 04:55:41 - INFO - Connected to SQLite database: pb2b/p2p_listings.db
2025-11-28 04:55:41 - INFO - Database tables created successfully
2025-11-28 04:55:41 - INFO - Attempt 1/10: Loading https://www.bybit.com/fiat/trade/otc?actionType=1&token=USDT&fiat=NGN
2025-11-28 04:55:53 - INFO - Screenshot saved as 'pb2b/screenshots/bybit_page_20251128_045552.png'
2025-11-28 04:55:53 - INFO - Fetching BUY listings for USDT/EUR
2025-11-28 04:55:54 - INFO - Data successfully saved to SQLite database. New listings - Bybit: 4, Binance: 6
2025-11-28 04:55:54 - INFO - Browser session closed
2025-11-28 04:55:54 - INFO - SQLite database connection closed
2025-11-28 05:22:47 - INFO - Logging initialized. Log file: pb2b/logs/bybit_scraper_20251128.log
2025-11-28 05:22:48 - INFO - DataSaver logging initialized. Log file: pb2b/logs/data_saver_20251128.log
2025-11-28 05:22:48 - INFO - Connected to SQLite database: pb2b/p2p_listings.db
2025-11-28 05:22:48 - INFO - Database tables created successfully
2025-11-28 05:22:48 - INFO - Attempt 1/10: Loading https://www.bybit.com/fiat/trade/otc?actionType=1&token=USDT&fiat=NGN
2025-11-28 05:22:58 - INFO - Screenshot saved as 'pb2b/screenshots/bybit_page_20251128_052258.png'
2025-11-28 05:22:58 - INFO - Fetching BUY listings for USDT/EUR
2025-11-28 05:22:59 - INFO - Data successfully saved to SQLite database. New listings - Bybit: 4, Binance: 6
2025-11-28 05:22:59 - INFO - Browser session closed
2025-11-28 05:22:59 - INFO - SQLite database connection closed
2025-11-28 05:45:27 - INFO - Logging initialized. Log file: pb2b/logs/bybit_scraper_20251128.log
2025-11-28 05:45:29 - INFO - DataSaver logging initialized. Log file: pb2b/logs/data_saver_20251128.log
2025-11-28 05:45:29 - INFO - Connected to SQLite database: pb2b/p2p_listings.db
2025-11-28 05:45:29 - INFO - Database tables created successfully
2025-11-28 05:45:29 - INFO - Attempt 1/10: Loading https://www.bybit.com/fiat/trade/otc?actionType=1&token=USDT&fiat=NGN
2025-11-28 05:45:40 - INFO - Screenshot saved as 'pb2b/screenshots/bybit_page_20251128_054540.png'
2025-11-28 05:45:41 - INFO - Fetching BUY listings for USDT/EUR
2025-11-28 05:45:41 - INFO - Data successfully saved to SQLite database. New listings - Bybit: 4, Binance: 6
2025-11-28 05:45:41 - INFO - Browser session closed
2025-11-28 05:45:41 - INFO - SQLite database connection closed
2025-11-28 05:58:16 - INFO - Logging initialized. Log file: pb2b/logs/bybit_scraper_20251128.log
2025-11-28 05:58:18 - INFO - DataSaver logging initialized. Log file: pb2b/logs/data_saver_20251128.log
2025-11-28 05:58:18 - INFO - Connected to SQLite database: pb2b/p2p_listings.db
2025-11-28 05:58:18 - INFO - Database tables created successfully
2025-11-28 05:58:18 - INFO - Attempt 1/10: Loading https://www.bybit.com/fiat/trade/otc?actionType=1&token=USDT&fiat=NGN
2025-11-28 05:58:26 - INFO - Screenshot saved as 'pb2b/screenshots/bybit_page_20251128_055826.png'
2025-11-28 05:58:27 - INFO - Fetching BUY listings for USDT/EUR
2025-11-28 05:58:27 - INFO - Data successfully saved to SQLite database. New listings - Bybit: 4, Binance: 6
2025-11-28 05:58:28 - INFO - Browser session closed
2025-11-28 05:58:28 - INFO - SQLite database connection closed
2025-11-28 06:40:40 - INFO - Logging initialized. Log file: pb2b/logs/bybit_scraper_20251128.log
2025-11-28 06:40:41 - INFO - DataSaver logging initialized. Log file: pb2b/logs/data_saver_20251128.log
2025-11-28 06:40:41 - INFO - Connected to SQLite database: pb2b/p2p_listings.db
2025-11-28 06:40:41 - INFO - Database tables created successfully
2025-11-28 06:40:41 - INFO - Attempt 1/10: Loading https://www.bybit.com/fiat/trade/otc?actionType=1&token=USDT&fiat=NGN
2025-11-28 06:40:51 - INFO - Screenshot saved as 'pb2b/screenshots/bybit_page_20251128_064051.png'
2025-11-28 06:40:51 - INFO - Fetching BUY listings for USDT/EUR
2025-11-28 06:40:52 - INFO - Data successfully saved to SQLite database. New listings - Bybit: 4, Binance: 6
2025-11-28 06:40:52 - INFO - Browser session closed
2025-11-28 06:40:52 - INFO - SQLite database connection closed
2025-11-28 07:01:33 - INFO - Logging initialized. Log file: pb2b/logs/bybit_scraper_20251128.log
2025-11-28 07:01:34 - INFO - DataSaver logging initialized. Log file: pb2b/logs/data_saver_20251128.log
2025-11-28 07:01:34 - INFO - Connected to SQLite database: pb2b/p2p_listings.db
2025-11-28 07:01:34 - INFO - Database tables created successfully
2025-11-28 07:01:34 - INFO - Attempt 1/10: Loading https://www.bybit.com/fiat/trade/otc?actionType=1&token=USDT&fiat=NGN
2025-11-28 07:01:45 - INFO - Screenshot saved as 'pb2b/screenshots/bybit_page_20251128_070145.png'
2025-11-28 07:01:45 - INFO - Fetching BUY listings for USDT/EUR
2025-11-28 07:01:46 - INFO - Data successfully saved to SQLite database. New listings - Bybit: 4, Binance: 6
2025-11-28 07:01:46 - INFO - Browser session closed
2025-11-28 07:01:46 - INFO - SQLite database connection closed
2025-11-28 07:32:01 - INFO - Logging initialized. Log file: pb2b/logs/bybit_scraper_20251128.log
2025-11-28 07:32:02 - INFO - DataSaver logging initialized. Log file: pb2b/logs/data_saver_20251128.log
2025-11-28 07:32:02 - INFO - Connected to SQLite database: pb2b/p2p_listings.db
2025-11-28 07:32:02 - INFO - Database tables created successfully
2025-11-28 07:32:02 - INFO - Attempt 1/10: Loading https://www.bybit.com/fiat/trade/otc?actionType=1&token=USDT&fiat=NGN
2025-11-28 07:32:09 - INFO - Screenshot saved as 'pb2b/screenshots/bybit_page_20251128_073209.png'
2025-11-28 07:32:10 - INFO - Fetching BUY listings for USDT/EUR
2025-11-28 07:32:10 - INFO - Data successfully saved to SQLite database. New listings - Bybit: 4, Binance: 6
2025-11-28 07:32:10 - INFO - Browser session closed
2025-11-28 07:32:10 - INFO - SQLite database connection closed
2025-11-28 07:50:57 - INFO - Logging initialized. Log file: pb2b/logs/bybit_scraper_20251128.log
2025-11-28 07:50:58 - INFO - DataSaver logging initialized. Log file: pb2b/logs/data_saver_20251128.log
2025-11-28 07:50:58 - INFO - Connected to SQLite database: pb2b/p2p_listings.db
2025-11-28 07:50:58 - INFO - Database tables created successfully
2025-11-28 07:50:58 - INFO - Attempt 1/10: Loading https://www.bybit.com/fiat/trade/otc?actionType=1&token=USDT&fiat=NGN
2025-11-28 07:51:07 - INFO - Screenshot saved as 'pb2b/screenshots/bybit_page_20251128_075107.png'
2025-11-28 07:51:07 - INFO - Fetching BUY listings for USDT/EUR
2025-11-28 07:51:08 - INFO - Data successfully saved to SQLite database. New listings - Bybit: 4, Binance: 6
2025-11-28 07:51:08 - INFO - Browser session closed
2025-11-28 07:51:08 - INFO - SQLite database connection closed
2025-11-28 08:03:20 - INFO - Logging initialized. Log file: pb2b/logs/bybit_scraper_20251128.log
2025-11-28 08:03:23 - INFO - DataSaver logging initialized. Log file: pb2b/logs/data_saver_20251128.log
2025-11-28 08:03:23 - INFO - Connected to SQLite database: pb2b/p2p_listings.db
2025-11-28 08:03:23 - INFO - Database tables created successfully
2025-11-28 08:03:23 - INFO - Attempt 1/10: Loading https://www.bybit.com/fiat/trade/otc?actionType=1&token=USDT&fiat=NGN
2025-11-28 08:03:32 - INFO - Screenshot saved as 'pb2b/screenshots/bybit_page_20251128_080332.png'
2025-11-28 08:03:32 - INFO - Fetching BUY listings for USDT/EUR
2025-11-28 08:03:33 - INFO - Data successfully saved to SQLite database. New listings - Bybit: 4, Binance: 6
2025-11-28 08:03:33 - INFO - Browser session closed
2025-11-28 08:03:33 - INFO - SQLite database connection closed
2025-11-28 08:41:52 - INFO - Logging initialized. Log file: pb2b/logs/bybit_scraper_20251128.log
2025-11-28 08:41:54 - INFO - DataSaver logging initialized. Log file: pb2b/logs/data_saver_20251128.log
2025-11-28 08:41:54 - INFO - Connected to SQLite database: pb2b/p2p_listings.db
2025-11-28 08:41:54 - INFO - Database tables created successfully
2025-11-28 08:41:54 - INFO - Attempt 1/10: Loading https://www.bybit.com/fiat/trade/otc?actionType=1&token=USDT&fiat=NGN
2025-11-28 08:42:03 - INFO - Screenshot saved as 'pb2b/screenshots/bybit_page_20251128_084203.png'
2025-11-28 08:42:03 - INFO - Fetching BUY listings for USDT/EUR
2025-11-28 08:42:04 - INFO - Data successfully saved to SQLite database. New listings - Bybit: 4, Binance: 6
2025-11-28 08:42:04 - INFO - Browser session closed
2025-11-28 08:42:04 - INFO - SQLite database connection closed
2025-11-28 09:01:51 - INFO - Logging initialized. Log file: pb2b/logs/bybit_scraper_20251128.log
2025-11-28 09:01:52 - INFO - DataSaver logging initialized. Log file: pb2b/logs/data_saver_20251128.log
2025-11-28 09:01:52 - INFO - Connected to SQLite database: pb2b/p2p_listings.db
2025-11-28 09:01:52 - INFO - Database tables created successfully
2025-11-28 09:01:52 - INFO - Attempt 1/10: Loading https://www.bybit.com/fiat/trade/otc?actionType=1&token=USDT&fiat=NGN
2025-11-28 09:02:01 - INFO - Screenshot saved as 'pb2b/screenshots/bybit_page_20251128_090201.png'
2025-11-28 09:02:02 - INFO - Fetching BUY listings for USDT/EUR
2025-11-28 09:02:02 - INFO - Data successfully saved to SQLite database. New listings - Bybit: 4, Binance: 6
2025-11-28 09:02:02 - INFO - Browser session closed
2025-11-28 09:02:02 - INFO - SQLite database connection closed
2025-11-28 09:34:08 - INFO - Logging initialized. Log file: pb2b/logs/bybit_scraper_20251128.log
2025-11-28 09:34:10 - INFO - DataSaver logging initialized. Log file: pb2b/logs/data_saver_20251128.log
2025-11-28 09:34:10 - INFO - Connected to SQLite database: pb2b/p2p_listings.db
2025-11-28 09:34:10 - INFO - Database tables created successfully
2025-11-28 09:34:10 - INFO - Attempt 1/10: Loading https://www.bybit.com/fiat/trade/otc?actionType=1&token=USDT&fiat=NGN
2025-11-28 09:34:20 - INFO - Screenshot saved as 'pb2b/screenshots/bybit_page_20251128_093419.png'
2025-11-28 09:34:20 - INFO - Fetching BUY listings for USDT/EUR
2025-11-28 09:34:21 - INFO - Data successfully saved to SQLite database. New listings - Bybit: 4, Binance: 6
2025-11-28 09:34:21 - INFO - Browser session closed
2025-11-28 09:34:21 - INFO - SQLite database connection closed
2025-11-28 09:50:24 - INFO - Logging initialized. Log file: pb2b/logs/bybit_scraper_20251128.log
2025-11-28 09:50:25 - INFO - DataSaver logging initialized. Log file: pb2b/logs/data_saver_20251128.log
2025-11-28 09:50:25 - INFO - Connected to SQLite database: pb2b/p2p_listings.db
2025-11-28 09:50:25 - INFO - Database tables created successfully
2025-11-28 09:50:25 - INFO - Attempt 1/10: Loading https://www.bybit.com/fiat/trade/otc?actionType=1&token=USDT&fiat=NGN
2025-11-28 09:50:34 - INFO - Screenshot saved as 'pb2b/screenshots/bybit_page_20251128_095034.png'
2025-11-28 09:50:35 - INFO - Fetching BUY listings for USDT/EUR
2025-11-28 09:50:35 - INFO - Data successfully saved to SQLite database. New listings - Bybit: 4, Binance: 6
2025-11-28 09:50:36 - INFO - Browser session closed
2025-11-28 09:50:36 - INFO - SQLite database connection closed
2025-11-28 10:07:15 - INFO - Logging initialized. Log file: pb2b/logs/bybit_scraper_20251128.log
2025-11-28 10:07:16 - INFO - DataSaver logging initialized. Log file: pb2b/logs/data_saver_20251128.log
2025-11-28 10:07:16 - INFO - Connected to SQLite database: pb2b/p2p_listings.db
2025-11-28 10:07:16 - INFO - Database tables created successfully
2025-11-28 10:07:16 - INFO - Attempt 1/10: Loading https://www.bybit.com/fiat/trade/otc?actionType=1&token=USDT&fiat=NGN
2025-11-28 10:07:26 - INFO - Screenshot saved as 'pb2b/screenshots/bybit_page_20251128_100726.png'
2025-11-28 10:07:27 - INFO - Fetching BUY listings for USDT/EUR
2025-11-28 10:07:27 - INFO - Data successfully saved to SQLite database. New listings - Bybit: 4, Binance: 6
2025-11-28 10:07:27 - INFO - Browser session closed
2025-11-28 10:07:27 - INFO - SQLite database connection closed
2025-11-28 10:37:53 - INFO - Logging initialized. Log file: pb2b/logs/bybit_scraper_20251128.log
2025-11-28 10:37:54 - INFO - DataSaver logging initialized. Log file: pb2b/logs/data_saver_20251128.log
2025-11-28 10:37:54 - INFO - Connected to SQLite database: pb2b/p2p_listings.db
2025-11-28 10:37:54 - INFO - Database tables created successfully
2025-11-28 10:37:54 - INFO - Attempt 1/10: Loading https://www.bybit.com/fiat/trade/otc?actionType=1&token=USDT&fiat=NGN
2025-11-28 10:38:06 - INFO - Screenshot saved as 'pb2b/screenshots/bybit_page_20251128_103806.png'
2025-11-28 10:38:06 - INFO - Fetching BUY listings for USDT/EUR
2025-11-28 10:38:07 - INFO - Data successfully saved to SQLite database. New listings - Bybit: 4, Binance: 6
2025-11-28 10:38:07 - INFO - Browser session closed
2025-11-28 10:38:07 - INFO - SQLite database connection closed
2025-11-28 10:54:38 - INFO - Logging initialized. Log file: pb2b/logs/bybit_scraper_20251128.log
2025-11-28 10:54:40 - INFO - DataSaver logging initialized. Log file: pb2b/logs/data_saver_20251128.log
2025-11-28 10:54:40 - INFO - Connected to SQLite database: pb2b/p2p_listings.db
2025-11-28 10:54:40 - INFO - Database tables created successfully
2025-11-28 10:54:40 - INFO - Attempt 1/10: Loading https://www.bybit.com/fiat/trade/otc?actionType=1&token=USDT&fiat=NGN
2025-11-28 10:54:48 - INFO - Screenshot saved as 'pb2b/screenshots/bybit_page_20251128_105448.png'
2025-11-28 10:54:49 - INFO - Fetching BUY listings for USDT/EUR
2025-11-28 10:54:50 - INFO - Data successfully saved to SQLite database. New listings - Bybit: 4, Binance: 6
2025-11-28 10:54:50 - INFO - Browser session closed
2025-11-28 10:54:50 - INFO - SQLite database connection closed
2025-11-28 11:17:49 - INFO - Logging initialized. Log file: pb2b/logs/bybit_scraper_20251128.log
2025-11-28 11:17:51 - INFO - DataSaver logging initialized. Log file: pb2b/logs/data_saver_20251128.log
2025-11-28 11:17:51 - INFO - Connected to SQLite database: pb2b/p2p_listings.db
2025-11-28 11:17:51 - INFO - Database tables created successfully
2025-11-28 11:17:51 - INFO - Attempt 1/10: Loading https://www.bybit.com/fiat/trade/otc?actionType=1&token=USDT&fiat=NGN
2025-11-28 11:18:01 - INFO - Screenshot saved as 'pb2b/screenshots/bybit_page_20251128_111801.png'
2025-11-28 11:18:02 - INFO - Fetching BUY listings for USDT/EUR
2025-11-28 11:18:02 - INFO - Data successfully saved to SQLite database. New listings - Bybit: 4, Binance: 6
2025-11-28 11:18:02 - INFO - Browser session closed
2025-11-28 11:18:02 - INFO - SQLite database connection closed
2025-11-28 11:34:52 - INFO - Logging initialized. Log file: pb2b/logs/bybit_scraper_20251128.log
2025-11-28 11:34:53 - INFO - DataSaver logging initialized. Log file: pb2b/logs/data_saver_20251128.log
2025-11-28 11:34:53 - INFO - Connected to SQLite database: pb2b/p2p_listings.db
2025-11-28 11:34:53 - INFO - Database tables created successfully
2025-11-28 11:34:53 - INFO - Attempt 1/10: Loading https://www.bybit.com/fiat/trade/otc?actionType=1&token=USDT&fiat=NGN
2025-11-28 11:35:02 - INFO - Screenshot saved as 'pb2b/screenshots/bybit_page_20251128_113502.png'
2025-11-28 11:35:02 - INFO - Fetching BUY listings for USDT/EUR
2025-11-28 11:35:03 - INFO - Data successfully saved to SQLite database. New listings - Bybit: 4, Binance: 6
2025-11-28 11:35:03 - INFO - Browser session closed
2025-11-28 11:35:03 - INFO - SQLite database connection closed
2025-11-28 11:50:30 - INFO - Logging initialized. Log file: pb2b/logs/bybit_scraper_20251128.log
2025-11-28 11:50:32 - INFO - DataSaver logging initialized. Log file: pb2b/logs/data_saver_20251128.log
2025-11-28 11:50:32 - INFO - Connected to SQLite database: pb2b/p2p_listings.db
2025-11-28 11:50:32 - INFO - Database tables created successfully
2025-11-28 11:50:32 - INFO - Attempt 1/10: Loading https://www.bybit.com/fiat/trade/otc?actionType=1&token=USDT&fiat=NGN
2025-11-28 11:50:43 - INFO - Screenshot saved as 'pb2b/screenshots/bybit_page_20251128_115042.png'
2025-11-28 11:50:43 - INFO - Fetching BUY listings for USDT/EUR
2025-11-28 11:50:44 - INFO - Data successfully saved to SQLite database. New listings - Bybit: 4, Binance: 6
2025-11-28 11:50:44 - INFO - Browser session closed
2025-11-28 11:50:44 - INFO - SQLite database connection closed
2025-11-28 12:01:18 - INFO - Logging initialized. Log file: pb2b/logs/bybit_scraper_20251128.log
2025-11-28 12:01:19 - INFO - DataSaver logging initialized. Log file: pb2b/logs/data_saver_20251128.log
2025-11-28 12:01:19 - INFO - Connected to SQLite database: pb2b/p2p_listings.db
2025-11-28 12:01:19 - INFO - Database tables created successfully
2025-11-28 12:01:19 - INFO - Attempt 1/10: Loading https://www.bybit.com/fiat/trade/otc?actionType=1&token=USDT&fiat=NGN
2025-11-28 12:01:28 - INFO - Screenshot saved as 'pb2b/screenshots/bybit_page_20251128_120128.png'
2025-11-28 12:01:28 - INFO - Fetching BUY listings for USDT/EUR
2025-11-28 12:01:29 - INFO - Data successfully saved to SQLite database. New listings - Bybit: 4, Binance: 6
2025-11-28 12:01:29 - INFO - Browser session closed
2025-11-28 12:01:29 - INFO - SQLite database connection closed
2025-11-28 13:00:51 - INFO - Logging initialized. Log file: pb2b/logs/bybit_scraper_20251128.log
2025-11-28 13:00:52 - INFO - DataSaver logging initialized. Log file: pb2b/logs/data_saver_20251128.log
2025-11-28 13:00:52 - INFO - Connected to SQLite database: pb2b/p2p_listings.db
2025-11-28 13:00:52 - INFO - Database tables created successfully
2025-11-28 13:00:52 - INFO - Attempt 1/10: Loading https://www.bybit.com/fiat/trade/otc?actionType=1&token=USDT&fiat=NGN
2025-11-28 13:01:04 - INFO - Screenshot saved as 'pb2b/screenshots/bybit_page_20251128_130104.png'
2025-11-28 13:01:05 - INFO - Fetching BUY listings for USDT/EUR
2025-11-28 13:01:05 - INFO - Data successfully saved to SQLite database. New listings - Bybit: 4, Binance: 6
2025-11-28 13:01:05 - INFO - Browser session closed
2025-11-28 13:01:05 - INFO - SQLite database connection closed
2025-11-28 13:40:36 - INFO - Logging initialized. Log file: pb2b/logs/bybit_scraper_20251128.log
2025-11-28 13:40:39 - INFO - DataSaver logging initialized. Log file: pb2b/logs/data_saver_20251128.log
2025-11-28 13:40:39 - INFO - Connected to SQLite database: pb2b/p2p_listings.db
2025-11-28 13:40:39 - INFO - Database tables created successfully
2025-11-28 13:40:39 - INFO - Attempt 1/10: Loading https://www.bybit.com/fiat/trade/otc?actionType=1&token=USDT&fiat=NGN
2025-11-28 13:40:49 - INFO - Screenshot saved as 'pb2b/screenshots/bybit_page_20251128_134049.png'
2025-11-28 13:40:50 - INFO - Fetching BUY listings for USDT/EUR
2025-11-28 13:40:50 - INFO - Data successfully saved to SQLite database. New listings - Bybit: 4, Binance: 6
2025-11-28 13:40:50 - INFO - Browser session closed
2025-11-28 13:40:50 - INFO - SQLite database connection closed
2025-11-28 13:55:31 - INFO - Logging initialized. Log file: pb2b/logs/bybit_scraper_20251128.log
2025-11-28 13:55:32 - INFO - DataSaver logging initialized. Log file: pb2b/logs/data_saver_20251128.log
2025-11-28 13:55:32 - INFO - Connected to SQLite database: pb2b/p2p_listings.db
2025-11-28 13:55:32 - INFO - Database tables created successfully
2025-11-28 13:55:32 - INFO - Attempt 1/10: Loading https://www.bybit.com/fiat/trade/otc?actionType=1&token=USDT&fiat=NGN
2025-11-28 13:55:43 - INFO - Screenshot saved as 'pb2b/screenshots/bybit_page_20251128_135543.png'
2025-11-28 13:55:43 - INFO - Fetching BUY listings for USDT/EUR
2025-11-28 13:55:44 - INFO - Data successfully saved to SQLite database. New listings - Bybit: 4, Binance: 6
2025-11-28 13:55:44 - INFO - Browser session closed
2025-11-28 13:55:44 - INFO - SQLite database connection closed
2025-11-28 14:22:31 - INFO - Logging initialized. Log file: pb2b/logs/bybit_scraper_20251128.log
2025-11-28 14:22:35 - INFO - DataSaver logging initialized. Log file: pb2b/logs/data_saver_20251128.log
2025-11-28 14:22:35 - INFO - Connected to SQLite database: pb2b/p2p_listings.db
2025-11-28 14:22:35 - INFO - Database tables created successfully
2025-11-28 14:22:35 - INFO - Attempt 1/10: Loading https://www.bybit.com/fiat/trade/otc?actionType=1&token=USDT&fiat=NGN
2025-11-28 14:22:44 - INFO - Screenshot saved as 'pb2b/screenshots/bybit_page_20251128_142244.png'
2025-11-28 14:22:44 - INFO - Fetching BUY listings for USDT/EUR
2025-11-28 14:22:45 - INFO - Data successfully saved to SQLite database. New listings - Bybit: 4, Binance: 6
2025-11-28 14:22:45 - INFO - Browser session closed
2025-11-28 14:22:45 - INFO - SQLite database connection closed
2025-11-28 14:43:43 - INFO - Logging initialized. Log file: pb2b/logs/bybit_scraper_20251128.log
2025-11-28 14:43:45 - INFO - DataSaver logging initialized. Log file: pb2b/logs/data_saver_20251128.log
2025-11-28 14:43:45 - INFO - Connected to SQLite database: pb2b/p2p_listings.db
2025-11-28 14:43:45 - INFO - Database tables created successfully
2025-11-28 14:43:45 - INFO - Attempt 1/10: Loading https://www.bybit.com/fiat/trade/otc?actionType=1&token=USDT&fiat=NGN
2025-11-28 14:43:52 - INFO - Screenshot saved as 'pb2b/screenshots/bybit_page_20251128_144352.png'
2025-11-28 14:43:53 - INFO - Fetching BUY listings for USDT/EUR
2025-11-28 14:43:54 - INFO - Data successfully saved to SQLite database. New listings - Bybit: 4, Binance: 6
2025-11-28 14:43:54 - INFO - Browser session closed
2025-11-28 14:43:54 - INFO - SQLite database connection closed
