2025-03-10 13:53:51 - INFO - Logging initialized. Log file: pb2b/logs/bybit_scraper_20250310.log
2025-03-10 13:54:05 - INFO - DataSaver logging initialized. Log file: pb2b/logs/data_saver_20250310.log
2025-03-10 13:54:05 - INFO - Connected to SQLite database: pb2b/p2p_listings.db
2025-03-10 13:54:05 - INFO - Database tables created successfully
2025-03-10 13:54:05 - INFO - Attempt 1/10: Loading https://www.bybit.com/fiat/trade/otc?actionType=1&token=USDT&fiat=NGN
2025-03-10 13:54:46 - INFO - Screenshot saved as 'pb2b/screenshots/bybit_page_20250310_135445.png'
2025-03-10 13:54:46 - INFO - Fetching BUY listings for USDT/EUR
2025-03-10 13:54:47 - INFO - Data successfully saved to SQLite database. New listings - Bybit: 5, Binance: 6
2025-03-10 13:54:47 - INFO - Browser session closed
2025-03-10 13:54:47 - INFO - SQLite database connection closed
2025-03-10 14:53:45 - INFO - Logging initialized. Log file: pb2b/logs/bybit_scraper_20250310.log
2025-03-10 14:53:55 - INFO - DataSaver logging initialized. Log file: pb2b/logs/data_saver_20250310.log
2025-03-10 14:53:55 - INFO - Connected to SQLite database: pb2b/p2p_listings.db
2025-03-10 14:53:55 - INFO - Database tables created successfully
2025-03-10 14:53:55 - INFO - Attempt 1/10: Loading https://www.bybit.com/fiat/trade/otc?actionType=1&token=USDT&fiat=NGN
2025-03-10 14:54:07 - INFO - Screenshot saved as 'pb2b/screenshots/bybit_page_20250310_145407.png'
2025-03-10 14:54:08 - INFO - Fetching BUY listings for USDT/EUR
2025-03-10 14:54:09 - INFO - Data successfully saved to SQLite database. New listings - Bybit: 5, Binance: 6
2025-03-10 14:54:09 - INFO - Browser session closed
2025-03-10 14:54:09 - INFO - SQLite database connection closed
2025-03-10 16:56:10 - INFO - Logging initialized. Log file: pb2b/logs/bybit_scraper_20250310.log
2025-03-10 16:56:18 - INFO - DataSaver logging initialized. Log file: pb2b/logs/data_saver_20250310.log
2025-03-10 16:56:18 - INFO - Connected to SQLite database: pb2b/p2p_listings.db
2025-03-10 16:56:18 - INFO - Database tables created successfully
2025-03-10 16:56:18 - INFO - Attempt 1/10: Loading https://www.bybit.com/fiat/trade/otc?actionType=1&token=USDT&fiat=NGN
2025-03-10 16:58:06 - INFO - Screenshot saved as 'pb2b/screenshots/bybit_page_20250310_165806.png'
2025-03-10 16:58:07 - INFO - Fetching BUY listings for USDT/EUR
2025-03-10 16:58:07 - INFO - Data successfully saved to SQLite database. New listings - Bybit: 5, Binance: 6
2025-03-10 16:58:07 - INFO - Browser session closed
2025-03-10 16:58:07 - INFO - SQLite database connection closed
2025-03-10 20:57:50 - INFO - Logging initialized. Log file: pb2b/logs/bybit_scraper_20250310.log
2025-03-10 20:57:51 - INFO - DataSaver logging initialized. Log file: pb2b/logs/data_saver_20250310.log
2025-03-10 20:57:51 - INFO - Connected to SQLite database: pb2b/p2p_listings.db
2025-03-10 20:57:51 - INFO - Database tables created successfully
2025-03-10 20:57:51 - INFO - Attempt 1/10: Loading https://www.bybit.com/fiat/trade/otc?actionType=1&token=USDT&fiat=NGN
2025-03-10 20:58:00 - INFO - Screenshot saved as 'pb2b/screenshots/bybit_page_20250310_205800.png'
2025-03-10 20:58:00 - INFO - Fetching BUY listings for USDT/EUR
2025-03-10 20:58:01 - INFO - Data successfully saved to SQLite database. New listings - Bybit: 5, Binance: 6
2025-03-10 20:58:01 - INFO - Browser session closed
2025-03-10 20:58:01 - INFO - SQLite database connection closed
2025-03-10 23:41:57 - INFO - Logging initialized. Log file: pb2b/logs/bybit_scraper_20250310.log
2025-03-10 23:41:57 - INFO - DataSaver logging initialized. Log file: pb2b/logs/data_saver_20250310.log
2025-03-10 23:41:57 - INFO - Connected to SQLite database: pb2b/p2p_listings.db
2025-03-10 23:41:57 - INFO - Database tables created successfully
2025-03-10 23:41:57 - INFO - Attempt 1/10: Loading https://www.bybit.com/fiat/trade/otc?actionType=1&token=USDT&fiat=NGN
2025-03-10 23:42:07 - INFO - Screenshot saved as 'pb2b/screenshots/bybit_page_20250310_234207.png'
2025-03-10 23:42:07 - INFO - Fetching BUY listings for USDT/EUR
2025-03-10 23:42:08 - INFO - Data successfully saved to SQLite database. New listings - Bybit: 5, Binance: 6
2025-03-10 23:42:08 - INFO - Browser session closed
2025-03-10 23:42:08 - INFO - SQLite database connection closed
