2025-09-18 01:49:05 - INFO - Logging initialized. Log file: pb2b/logs/bybit_scraper_20250918.log
2025-09-18 01:49:06 - INFO - DataSaver logging initialized. Log file: pb2b/logs/data_saver_20250918.log
2025-09-18 01:49:06 - INFO - Connected to SQLite database: pb2b/p2p_listings.db
2025-09-18 01:49:06 - INFO - Database tables created successfully
2025-09-18 01:49:06 - INFO - Attempt 1/10: Loading https://www.bybit.com/fiat/trade/otc?actionType=1&token=USDT&fiat=NGN
2025-09-18 01:49:15 - INFO - Screenshot saved as 'pb2b/screenshots/bybit_page_20250918_014915.png'
2025-09-18 01:49:16 - INFO - Fetching BUY listings for USDT/EUR
2025-09-18 01:49:16 - INFO - Data successfully saved to SQLite database. New listings - Bybit: 4, Binance: 6
2025-09-18 01:49:16 - INFO - Browser session closed
2025-09-18 01:49:16 - INFO - SQLite database connection closed
2025-09-18 02:52:47 - INFO - Logging initialized. Log file: pb2b/logs/bybit_scraper_20250918.log
2025-09-18 02:52:49 - INFO - DataSaver logging initialized. Log file: pb2b/logs/data_saver_20250918.log
2025-09-18 02:52:49 - INFO - Connected to SQLite database: pb2b/p2p_listings.db
2025-09-18 02:52:49 - INFO - Database tables created successfully
2025-09-18 02:52:49 - INFO - Attempt 1/10: Loading https://www.bybit.com/fiat/trade/otc?actionType=1&token=USDT&fiat=NGN
2025-09-18 02:52:58 - INFO - Screenshot saved as 'pb2b/screenshots/bybit_page_20250918_025258.png'
2025-09-18 02:52:59 - INFO - Fetching BUY listings for USDT/EUR
2025-09-18 02:52:59 - INFO - Data successfully saved to SQLite database. New listings - Bybit: 4, Binance: 6
2025-09-18 02:52:59 - INFO - Browser session closed
2025-09-18 02:52:59 - INFO - SQLite database connection closed
2025-09-18 03:26:28 - INFO - Logging initialized. Log file: pb2b/logs/bybit_scraper_20250918.log
2025-09-18 03:26:29 - INFO - DataSaver logging initialized. Log file: pb2b/logs/data_saver_20250918.log
2025-09-18 03:26:29 - INFO - Connected to SQLite database: pb2b/p2p_listings.db
2025-09-18 03:26:29 - INFO - Database tables created successfully
2025-09-18 03:26:29 - INFO - Attempt 1/10: Loading https://www.bybit.com/fiat/trade/otc?actionType=1&token=USDT&fiat=NGN
2025-09-18 03:26:38 - INFO - Screenshot saved as 'pb2b/screenshots/bybit_page_20250918_032638.png'
2025-09-18 03:26:38 - INFO - Fetching BUY listings for USDT/EUR
2025-09-18 03:26:39 - INFO - Data successfully saved to SQLite database. New listings - Bybit: 4, Binance: 6
2025-09-18 03:26:39 - INFO - Browser session closed
2025-09-18 03:26:39 - INFO - SQLite database connection closed
2025-09-18 03:50:47 - INFO - Logging initialized. Log file: pb2b/logs/bybit_scraper_20250918.log
2025-09-18 03:50:47 - INFO - DataSaver logging initialized. Log file: pb2b/logs/data_saver_20250918.log
2025-09-18 03:50:47 - INFO - Connected to SQLite database: pb2b/p2p_listings.db
2025-09-18 03:50:47 - INFO - Database tables created successfully
2025-09-18 03:50:47 - INFO - Attempt 1/10: Loading https://www.bybit.com/fiat/trade/otc?actionType=1&token=USDT&fiat=NGN
2025-09-18 03:50:56 - INFO - Screenshot saved as 'pb2b/screenshots/bybit_page_20250918_035056.png'
2025-09-18 03:50:56 - INFO - Fetching BUY listings for USDT/EUR
2025-09-18 03:50:57 - INFO - Data successfully saved to SQLite database. New listings - Bybit: 4, Binance: 6
2025-09-18 03:50:57 - INFO - Browser session closed
2025-09-18 03:50:57 - INFO - SQLite database connection closed
2025-09-18 04:04:13 - INFO - Logging initialized. Log file: pb2b/logs/bybit_scraper_20250918.log
2025-09-18 04:04:14 - INFO - DataSaver logging initialized. Log file: pb2b/logs/data_saver_20250918.log
2025-09-18 04:04:14 - INFO - Connected to SQLite database: pb2b/p2p_listings.db
2025-09-18 04:04:14 - INFO - Database tables created successfully
2025-09-18 04:04:14 - INFO - Attempt 1/10: Loading https://www.bybit.com/fiat/trade/otc?actionType=1&token=USDT&fiat=NGN
2025-09-18 04:04:22 - INFO - Screenshot saved as 'pb2b/screenshots/bybit_page_20250918_040422.png'
2025-09-18 04:04:23 - INFO - Fetching BUY listings for USDT/EUR
2025-09-18 04:04:23 - INFO - Data successfully saved to SQLite database. New listings - Bybit: 4, Binance: 6
2025-09-18 04:04:23 - INFO - Browser session closed
2025-09-18 04:04:23 - INFO - SQLite database connection closed
2025-09-18 04:35:05 - INFO - Logging initialized. Log file: pb2b/logs/bybit_scraper_20250918.log
2025-09-18 04:35:07 - INFO - DataSaver logging initialized. Log file: pb2b/logs/data_saver_20250918.log
2025-09-18 04:35:07 - INFO - Connected to SQLite database: pb2b/p2p_listings.db
2025-09-18 04:35:07 - INFO - Database tables created successfully
2025-09-18 04:35:07 - INFO - Attempt 1/10: Loading https://www.bybit.com/fiat/trade/otc?actionType=1&token=USDT&fiat=NGN
2025-09-18 04:35:16 - INFO - Screenshot saved as 'pb2b/screenshots/bybit_page_20250918_043516.png'
2025-09-18 04:35:16 - INFO - Fetching BUY listings for USDT/EUR
2025-09-18 04:35:17 - INFO - Data successfully saved to SQLite database. New listings - Bybit: 4, Binance: 6
2025-09-18 04:35:17 - INFO - Browser session closed
2025-09-18 04:35:17 - INFO - SQLite database connection closed
2025-09-18 04:50:56 - INFO - Logging initialized. Log file: pb2b/logs/bybit_scraper_20250918.log
2025-09-18 04:50:57 - INFO - DataSaver logging initialized. Log file: pb2b/logs/data_saver_20250918.log
2025-09-18 04:50:57 - INFO - Connected to SQLite database: pb2b/p2p_listings.db
2025-09-18 04:50:57 - INFO - Database tables created successfully
2025-09-18 04:50:57 - INFO - Attempt 1/10: Loading https://www.bybit.com/fiat/trade/otc?actionType=1&token=USDT&fiat=NGN
2025-09-18 04:51:06 - INFO - Screenshot saved as 'pb2b/screenshots/bybit_page_20250918_045106.png'
2025-09-18 04:51:07 - INFO - Fetching BUY listings for USDT/EUR
2025-09-18 04:51:07 - INFO - Data successfully saved to SQLite database. New listings - Bybit: 4, Binance: 6
2025-09-18 04:51:08 - INFO - Browser session closed
2025-09-18 04:51:08 - INFO - SQLite database connection closed
2025-09-18 05:03:36 - INFO - Logging initialized. Log file: pb2b/logs/bybit_scraper_20250918.log
2025-09-18 05:03:37 - INFO - DataSaver logging initialized. Log file: pb2b/logs/data_saver_20250918.log
2025-09-18 05:03:37 - INFO - Connected to SQLite database: pb2b/p2p_listings.db
2025-09-18 05:03:37 - INFO - Database tables created successfully
2025-09-18 05:03:37 - INFO - Attempt 1/10: Loading https://www.bybit.com/fiat/trade/otc?actionType=1&token=USDT&fiat=NGN
2025-09-18 05:03:46 - INFO - Screenshot saved as 'pb2b/screenshots/bybit_page_20250918_050346.png'
2025-09-18 05:03:47 - INFO - Fetching BUY listings for USDT/EUR
2025-09-18 05:03:48 - INFO - Data successfully saved to SQLite database. New listings - Bybit: 4, Binance: 6
2025-09-18 05:03:48 - INFO - Browser session closed
2025-09-18 05:03:48 - INFO - SQLite database connection closed
2025-09-18 05:38:54 - INFO - Logging initialized. Log file: pb2b/logs/bybit_scraper_20250918.log
2025-09-18 05:38:55 - INFO - DataSaver logging initialized. Log file: pb2b/logs/data_saver_20250918.log
2025-09-18 05:38:55 - INFO - Connected to SQLite database: pb2b/p2p_listings.db
2025-09-18 05:38:55 - INFO - Database tables created successfully
2025-09-18 05:38:55 - INFO - Attempt 1/10: Loading https://www.bybit.com/fiat/trade/otc?actionType=1&token=USDT&fiat=NGN
2025-09-18 05:39:04 - INFO - Screenshot saved as 'pb2b/screenshots/bybit_page_20250918_053904.png'
2025-09-18 05:39:05 - INFO - Fetching BUY listings for USDT/EUR
2025-09-18 05:39:05 - INFO - Data successfully saved to SQLite database. New listings - Bybit: 4, Binance: 6
2025-09-18 05:39:05 - INFO - Browser session closed
2025-09-18 05:39:05 - INFO - SQLite database connection closed
2025-09-18 05:45:52 - INFO - Logging initialized. Log file: pb2b/logs/bybit_scraper_20250918.log
2025-09-18 05:45:53 - INFO - DataSaver logging initialized. Log file: pb2b/logs/data_saver_20250918.log
2025-09-18 05:45:53 - INFO - Connected to SQLite database: pb2b/p2p_listings.db
2025-09-18 05:45:53 - INFO - Database tables created successfully
2025-09-18 05:45:53 - INFO - Attempt 1/10: Loading https://www.bybit.com/fiat/trade/otc?actionType=1&token=USDT&fiat=NGN
2025-09-18 05:46:04 - INFO - Screenshot saved as 'pb2b/screenshots/bybit_page_20250918_054604.png'
2025-09-18 05:46:05 - INFO - Fetching BUY listings for USDT/EUR
2025-09-18 05:46:05 - INFO - Data successfully saved to SQLite database. New listings - Bybit: 4, Binance: 6
2025-09-18 05:46:05 - INFO - Browser session closed
2025-09-18 05:46:05 - INFO - SQLite database connection closed
2025-09-18 06:00:41 - INFO - Logging initialized. Log file: pb2b/logs/bybit_scraper_20250918.log
2025-09-18 06:00:42 - INFO - DataSaver logging initialized. Log file: pb2b/logs/data_saver_20250918.log
2025-09-18 06:00:42 - INFO - Connected to SQLite database: pb2b/p2p_listings.db
2025-09-18 06:00:42 - INFO - Database tables created successfully
2025-09-18 06:00:42 - INFO - Attempt 1/10: Loading https://www.bybit.com/fiat/trade/otc?actionType=1&token=USDT&fiat=NGN
2025-09-18 06:00:52 - INFO - Screenshot saved as 'pb2b/screenshots/bybit_page_20250918_060051.png'
2025-09-18 06:00:52 - INFO - Fetching BUY listings for USDT/EUR
2025-09-18 06:00:53 - INFO - Data successfully saved to SQLite database. New listings - Bybit: 4, Binance: 6
2025-09-18 06:00:53 - INFO - Browser session closed
2025-09-18 06:00:53 - INFO - SQLite database connection closed
2025-09-18 06:42:12 - INFO - Logging initialized. Log file: pb2b/logs/bybit_scraper_20250918.log
2025-09-18 06:42:14 - INFO - DataSaver logging initialized. Log file: pb2b/logs/data_saver_20250918.log
2025-09-18 06:42:14 - INFO - Connected to SQLite database: pb2b/p2p_listings.db
2025-09-18 06:42:14 - INFO - Database tables created successfully
2025-09-18 06:42:14 - INFO - Attempt 1/10: Loading https://www.bybit.com/fiat/trade/otc?actionType=1&token=USDT&fiat=NGN
2025-09-18 06:42:23 - INFO - Screenshot saved as 'pb2b/screenshots/bybit_page_20250918_064223.png'
2025-09-18 06:42:24 - INFO - Fetching BUY listings for USDT/EUR
2025-09-18 06:42:24 - INFO - Data successfully saved to SQLite database. New listings - Bybit: 4, Binance: 6
2025-09-18 06:42:25 - INFO - Browser session closed
2025-09-18 06:42:25 - INFO - SQLite database connection closed
2025-09-18 06:57:48 - INFO - Logging initialized. Log file: pb2b/logs/bybit_scraper_20250918.log
2025-09-18 06:57:50 - INFO - DataSaver logging initialized. Log file: pb2b/logs/data_saver_20250918.log
2025-09-18 06:57:50 - INFO - Connected to SQLite database: pb2b/p2p_listings.db
2025-09-18 06:57:50 - INFO - Database tables created successfully
2025-09-18 06:57:50 - INFO - Attempt 1/10: Loading https://www.bybit.com/fiat/trade/otc?actionType=1&token=USDT&fiat=NGN
2025-09-18 06:58:00 - INFO - Screenshot saved as 'pb2b/screenshots/bybit_page_20250918_065800.png'
2025-09-18 06:58:01 - INFO - Fetching BUY listings for USDT/EUR
2025-09-18 06:58:01 - INFO - Data successfully saved to SQLite database. New listings - Bybit: 4, Binance: 6
2025-09-18 06:58:01 - INFO - Browser session closed
2025-09-18 06:58:01 - INFO - SQLite database connection closed
2025-09-18 07:31:30 - INFO - Logging initialized. Log file: pb2b/logs/bybit_scraper_20250918.log
2025-09-18 07:31:31 - INFO - DataSaver logging initialized. Log file: pb2b/logs/data_saver_20250918.log
2025-09-18 07:31:31 - INFO - Connected to SQLite database: pb2b/p2p_listings.db
2025-09-18 07:31:31 - INFO - Database tables created successfully
2025-09-18 07:31:31 - INFO - Attempt 1/10: Loading https://www.bybit.com/fiat/trade/otc?actionType=1&token=USDT&fiat=NGN
2025-09-18 07:31:39 - INFO - Screenshot saved as 'pb2b/screenshots/bybit_page_20250918_073139.png'
2025-09-18 07:31:40 - INFO - Fetching BUY listings for USDT/EUR
2025-09-18 07:31:41 - INFO - Data successfully saved to SQLite database. New listings - Bybit: 4, Binance: 6
2025-09-18 07:31:41 - INFO - Browser session closed
2025-09-18 07:31:41 - INFO - SQLite database connection closed
2025-09-18 07:46:45 - INFO - Logging initialized. Log file: pb2b/logs/bybit_scraper_20250918.log
2025-09-18 07:46:45 - INFO - DataSaver logging initialized. Log file: pb2b/logs/data_saver_20250918.log
2025-09-18 07:46:45 - INFO - Connected to SQLite database: pb2b/p2p_listings.db
2025-09-18 07:46:45 - INFO - Database tables created successfully
2025-09-18 07:46:45 - INFO - Attempt 1/10: Loading https://www.bybit.com/fiat/trade/otc?actionType=1&token=USDT&fiat=NGN
2025-09-18 07:46:54 - INFO - Screenshot saved as 'pb2b/screenshots/bybit_page_20250918_074654.png'
2025-09-18 07:46:55 - INFO - Fetching BUY listings for USDT/EUR
2025-09-18 07:46:55 - INFO - Data successfully saved to SQLite database. New listings - Bybit: 4, Binance: 6
2025-09-18 07:46:56 - INFO - Browser session closed
2025-09-18 07:46:56 - INFO - SQLite database connection closed
2025-09-18 08:03:18 - INFO - Logging initialized. Log file: pb2b/logs/bybit_scraper_20250918.log
2025-09-18 08:03:19 - INFO - DataSaver logging initialized. Log file: pb2b/logs/data_saver_20250918.log
2025-09-18 08:03:19 - INFO - Connected to SQLite database: pb2b/p2p_listings.db
2025-09-18 08:03:19 - INFO - Database tables created successfully
2025-09-18 08:03:19 - INFO - Attempt 1/10: Loading https://www.bybit.com/fiat/trade/otc?actionType=1&token=USDT&fiat=NGN
2025-09-18 08:03:29 - INFO - Screenshot saved as 'pb2b/screenshots/bybit_page_20250918_080329.png'
2025-09-18 08:03:30 - INFO - Fetching BUY listings for USDT/EUR
2025-09-18 08:03:30 - INFO - Data successfully saved to SQLite database. New listings - Bybit: 4, Binance: 6
2025-09-18 08:03:31 - INFO - Browser session closed
2025-09-18 08:03:31 - INFO - SQLite database connection closed
2025-09-18 08:37:23 - INFO - Logging initialized. Log file: pb2b/logs/bybit_scraper_20250918.log
2025-09-18 08:37:24 - INFO - DataSaver logging initialized. Log file: pb2b/logs/data_saver_20250918.log
2025-09-18 08:37:24 - INFO - Connected to SQLite database: pb2b/p2p_listings.db
2025-09-18 08:37:24 - INFO - Database tables created successfully
2025-09-18 08:37:24 - INFO - Attempt 1/10: Loading https://www.bybit.com/fiat/trade/otc?actionType=1&token=USDT&fiat=NGN
2025-09-18 08:37:33 - INFO - Screenshot saved as 'pb2b/screenshots/bybit_page_20250918_083733.png'
2025-09-18 08:37:34 - INFO - Fetching BUY listings for USDT/EUR
2025-09-18 08:37:34 - INFO - Data successfully saved to SQLite database. New listings - Bybit: 4, Binance: 6
2025-09-18 08:37:34 - INFO - Browser session closed
2025-09-18 08:37:34 - INFO - SQLite database connection closed
2025-09-18 09:07:25 - INFO - Logging initialized. Log file: pb2b/logs/bybit_scraper_20250918.log
2025-09-18 09:07:25 - INFO - DataSaver logging initialized. Log file: pb2b/logs/data_saver_20250918.log
2025-09-18 09:07:25 - INFO - Connected to SQLite database: pb2b/p2p_listings.db
2025-09-18 09:07:25 - INFO - Database tables created successfully
2025-09-18 09:07:25 - INFO - Attempt 1/10: Loading https://www.bybit.com/fiat/trade/otc?actionType=1&token=USDT&fiat=NGN
2025-09-18 09:07:34 - INFO - Screenshot saved as 'pb2b/screenshots/bybit_page_20250918_090733.png'
2025-09-18 09:07:34 - INFO - Fetching BUY listings for USDT/EUR
2025-09-18 09:07:34 - INFO - Data successfully saved to SQLite database. New listings - Bybit: 4, Binance: 6
2025-09-18 09:07:35 - INFO - Browser session closed
2025-09-18 09:07:35 - INFO - SQLite database connection closed
2025-09-18 09:32:33 - INFO - Logging initialized. Log file: pb2b/logs/bybit_scraper_20250918.log
2025-09-18 09:32:34 - INFO - DataSaver logging initialized. Log file: pb2b/logs/data_saver_20250918.log
2025-09-18 09:32:34 - INFO - Connected to SQLite database: pb2b/p2p_listings.db
2025-09-18 09:32:34 - INFO - Database tables created successfully
2025-09-18 09:32:34 - INFO - Attempt 1/10: Loading https://www.bybit.com/fiat/trade/otc?actionType=1&token=USDT&fiat=NGN
2025-09-18 09:32:43 - INFO - Screenshot saved as 'pb2b/screenshots/bybit_page_20250918_093243.png'
2025-09-18 09:32:44 - INFO - Fetching BUY listings for USDT/EUR
2025-09-18 09:32:44 - INFO - Data successfully saved to SQLite database. New listings - Bybit: 4, Binance: 6
2025-09-18 09:32:44 - INFO - Browser session closed
2025-09-18 09:32:44 - INFO - SQLite database connection closed
2025-09-18 09:41:47 - INFO - Logging initialized. Log file: pb2b/logs/bybit_scraper_20250918.log
2025-09-18 09:41:48 - INFO - DataSaver logging initialized. Log file: pb2b/logs/data_saver_20250918.log
2025-09-18 09:41:48 - INFO - Connected to SQLite database: pb2b/p2p_listings.db
2025-09-18 09:41:48 - INFO - Database tables created successfully
2025-09-18 09:41:48 - INFO - Attempt 1/10: Loading https://www.bybit.com/fiat/trade/otc?actionType=1&token=USDT&fiat=NGN
2025-09-18 09:41:57 - INFO - Screenshot saved as 'pb2b/screenshots/bybit_page_20250918_094157.png'
2025-09-18 09:41:57 - INFO - Fetching BUY listings for USDT/EUR
2025-09-18 09:41:58 - INFO - Data successfully saved to SQLite database. New listings - Bybit: 4, Binance: 6
2025-09-18 09:41:58 - INFO - Browser session closed
2025-09-18 09:41:58 - INFO - SQLite database connection closed
2025-09-18 09:53:27 - INFO - Logging initialized. Log file: pb2b/logs/bybit_scraper_20250918.log
2025-09-18 09:53:28 - INFO - DataSaver logging initialized. Log file: pb2b/logs/data_saver_20250918.log
2025-09-18 09:53:28 - INFO - Connected to SQLite database: pb2b/p2p_listings.db
2025-09-18 09:53:28 - INFO - Database tables created successfully
2025-09-18 09:53:28 - INFO - Attempt 1/10: Loading https://www.bybit.com/fiat/trade/otc?actionType=1&token=USDT&fiat=NGN
2025-09-18 09:53:36 - INFO - Screenshot saved as 'pb2b/screenshots/bybit_page_20250918_095336.png'
2025-09-18 09:53:36 - INFO - Fetching BUY listings for USDT/EUR
2025-09-18 09:53:37 - INFO - Data successfully saved to SQLite database. New listings - Bybit: 4, Binance: 6
2025-09-18 09:53:37 - INFO - Browser session closed
2025-09-18 09:53:37 - INFO - SQLite database connection closed
2025-09-18 10:17:47 - INFO - Logging initialized. Log file: pb2b/logs/bybit_scraper_20250918.log
2025-09-18 10:17:49 - INFO - DataSaver logging initialized. Log file: pb2b/logs/data_saver_20250918.log
2025-09-18 10:17:49 - INFO - Connected to SQLite database: pb2b/p2p_listings.db
2025-09-18 10:17:49 - INFO - Database tables created successfully
2025-09-18 10:17:49 - INFO - Attempt 1/10: Loading https://www.bybit.com/fiat/trade/otc?actionType=1&token=USDT&fiat=NGN
2025-09-18 10:17:57 - INFO - Screenshot saved as 'pb2b/screenshots/bybit_page_20250918_101757.png'
2025-09-18 10:17:58 - INFO - Fetching BUY listings for USDT/EUR
2025-09-18 10:17:58 - INFO - Data successfully saved to SQLite database. New listings - Bybit: 4, Binance: 6
2025-09-18 10:17:59 - INFO - Browser session closed
2025-09-18 10:17:59 - INFO - SQLite database connection closed
2025-09-18 10:40:49 - INFO - Logging initialized. Log file: pb2b/logs/bybit_scraper_20250918.log
2025-09-18 10:40:49 - INFO - DataSaver logging initialized. Log file: pb2b/logs/data_saver_20250918.log
2025-09-18 10:40:49 - INFO - Connected to SQLite database: pb2b/p2p_listings.db
2025-09-18 10:40:49 - INFO - Database tables created successfully
2025-09-18 10:40:49 - INFO - Attempt 1/10: Loading https://www.bybit.com/fiat/trade/otc?actionType=1&token=USDT&fiat=NGN
2025-09-18 10:40:58 - INFO - Screenshot saved as 'pb2b/screenshots/bybit_page_20250918_104058.png'
2025-09-18 10:40:59 - INFO - Fetching BUY listings for USDT/EUR
2025-09-18 10:41:00 - INFO - Data successfully saved to SQLite database. New listings - Bybit: 4, Binance: 6
2025-09-18 10:41:00 - INFO - Browser session closed
2025-09-18 10:41:00 - INFO - SQLite database connection closed
2025-09-18 10:53:16 - INFO - Logging initialized. Log file: pb2b/logs/bybit_scraper_20250918.log
2025-09-18 10:53:17 - INFO - DataSaver logging initialized. Log file: pb2b/logs/data_saver_20250918.log
2025-09-18 10:53:17 - INFO - Connected to SQLite database: pb2b/p2p_listings.db
2025-09-18 10:53:17 - INFO - Database tables created successfully
2025-09-18 10:53:17 - INFO - Attempt 1/10: Loading https://www.bybit.com/fiat/trade/otc?actionType=1&token=USDT&fiat=NGN
2025-09-18 10:53:26 - INFO - Screenshot saved as 'pb2b/screenshots/bybit_page_20250918_105326.png'
2025-09-18 10:53:27 - INFO - Fetching BUY listings for USDT/EUR
2025-09-18 10:53:28 - INFO - Data successfully saved to SQLite database. New listings - Bybit: 4, Binance: 6
2025-09-18 10:53:28 - INFO - Browser session closed
2025-09-18 10:53:28 - INFO - SQLite database connection closed
2025-09-18 11:14:36 - INFO - Logging initialized. Log file: pb2b/logs/bybit_scraper_20250918.log
2025-09-18 11:14:37 - INFO - DataSaver logging initialized. Log file: pb2b/logs/data_saver_20250918.log
2025-09-18 11:14:37 - INFO - Connected to SQLite database: pb2b/p2p_listings.db
2025-09-18 11:14:37 - INFO - Database tables created successfully
2025-09-18 11:14:37 - INFO - Attempt 1/10: Loading https://www.bybit.com/fiat/trade/otc?actionType=1&token=USDT&fiat=NGN
2025-09-18 11:14:45 - INFO - Screenshot saved as 'pb2b/screenshots/bybit_page_20250918_111445.png'
2025-09-18 11:14:46 - INFO - Fetching BUY listings for USDT/EUR
2025-09-18 11:14:47 - INFO - Data successfully saved to SQLite database. New listings - Bybit: 4, Binance: 6
2025-09-18 11:14:47 - INFO - Browser session closed
2025-09-18 11:14:47 - INFO - SQLite database connection closed
2025-09-18 11:29:53 - INFO - Logging initialized. Log file: pb2b/logs/bybit_scraper_20250918.log
2025-09-18 11:29:53 - INFO - DataSaver logging initialized. Log file: pb2b/logs/data_saver_20250918.log
2025-09-18 11:29:53 - INFO - Connected to SQLite database: pb2b/p2p_listings.db
2025-09-18 11:29:53 - INFO - Database tables created successfully
2025-09-18 11:29:53 - INFO - Attempt 1/10: Loading https://www.bybit.com/fiat/trade/otc?actionType=1&token=USDT&fiat=NGN
2025-09-18 11:31:53 - ERROR - Unexpected error: HTTPConnectionPool(host='localhost', port=56101): Read timed out. (read timeout=120)
2025-09-18 11:31:53 - INFO - Fetching BUY listings for USDT/EUR
2025-09-18 11:31:56 - INFO - Data successfully saved to SQLite database. New listings - Bybit: 0, Binance: 6
2025-09-18 11:33:54 - INFO - Browser session closed
2025-09-18 11:33:54 - INFO - SQLite database connection closed
2025-09-18 11:43:55 - INFO - Logging initialized. Log file: pb2b/logs/bybit_scraper_20250918.log
2025-09-18 11:43:56 - INFO - DataSaver logging initialized. Log file: pb2b/logs/data_saver_20250918.log
2025-09-18 11:43:56 - INFO - Connected to SQLite database: pb2b/p2p_listings.db
2025-09-18 11:43:56 - INFO - Database tables created successfully
2025-09-18 11:43:56 - INFO - Attempt 1/10: Loading https://www.bybit.com/fiat/trade/otc?actionType=1&token=USDT&fiat=NGN
2025-09-18 11:44:04 - INFO - Screenshot saved as 'pb2b/screenshots/bybit_page_20250918_114404.png'
2025-09-18 11:44:05 - INFO - Fetching BUY listings for USDT/EUR
2025-09-18 11:44:05 - INFO - Data successfully saved to SQLite database. New listings - Bybit: 4, Binance: 6
2025-09-18 11:44:07 - INFO - Browser session closed
2025-09-18 11:44:07 - INFO - SQLite database connection closed
2025-09-18 11:58:36 - INFO - Logging initialized. Log file: pb2b/logs/bybit_scraper_20250918.log
2025-09-18 11:58:37 - INFO - DataSaver logging initialized. Log file: pb2b/logs/data_saver_20250918.log
2025-09-18 11:58:37 - INFO - Connected to SQLite database: pb2b/p2p_listings.db
2025-09-18 11:58:37 - INFO - Database tables created successfully
2025-09-18 11:58:37 - INFO - Attempt 1/10: Loading https://www.bybit.com/fiat/trade/otc?actionType=1&token=USDT&fiat=NGN
2025-09-18 11:58:48 - INFO - Screenshot saved as 'pb2b/screenshots/bybit_page_20250918_115848.png'
2025-09-18 11:58:48 - INFO - Fetching BUY listings for USDT/EUR
2025-09-18 11:58:49 - INFO - Data successfully saved to SQLite database. New listings - Bybit: 4, Binance: 6
2025-09-18 11:58:49 - INFO - Browser session closed
2025-09-18 11:58:49 - INFO - SQLite database connection closed
2025-09-18 12:47:22 - INFO - Logging initialized. Log file: pb2b/logs/bybit_scraper_20250918.log
2025-09-18 12:47:23 - INFO - DataSaver logging initialized. Log file: pb2b/logs/data_saver_20250918.log
2025-09-18 12:47:23 - INFO - Connected to SQLite database: pb2b/p2p_listings.db
2025-09-18 12:47:23 - INFO - Database tables created successfully
2025-09-18 12:47:23 - INFO - Attempt 1/10: Loading https://www.bybit.com/fiat/trade/otc?actionType=1&token=USDT&fiat=NGN
2025-09-18 12:47:33 - INFO - Screenshot saved as 'pb2b/screenshots/bybit_page_20250918_124732.png'
2025-09-18 12:47:33 - INFO - Fetching BUY listings for USDT/EUR
2025-09-18 12:47:34 - INFO - Data successfully saved to SQLite database. New listings - Bybit: 4, Binance: 6
2025-09-18 12:47:34 - INFO - Browser session closed
2025-09-18 12:47:34 - INFO - SQLite database connection closed
2025-09-18 13:21:21 - INFO - Logging initialized. Log file: pb2b/logs/bybit_scraper_20250918.log
2025-09-18 13:21:21 - INFO - DataSaver logging initialized. Log file: pb2b/logs/data_saver_20250918.log
2025-09-18 13:21:21 - INFO - Connected to SQLite database: pb2b/p2p_listings.db
2025-09-18 13:21:21 - INFO - Database tables created successfully
2025-09-18 13:21:21 - INFO - Attempt 1/10: Loading https://www.bybit.com/fiat/trade/otc?actionType=1&token=USDT&fiat=NGN
2025-09-18 13:21:31 - INFO - Screenshot saved as 'pb2b/screenshots/bybit_page_20250918_132130.png'
2025-09-18 13:21:31 - INFO - Fetching BUY listings for USDT/EUR
2025-09-18 13:21:32 - INFO - Data successfully saved to SQLite database. New listings - Bybit: 4, Binance: 6
2025-09-18 13:21:32 - INFO - Browser session closed
2025-09-18 13:21:32 - INFO - SQLite database connection closed
2025-09-18 13:43:33 - INFO - Logging initialized. Log file: pb2b/logs/bybit_scraper_20250918.log
2025-09-18 13:43:34 - INFO - DataSaver logging initialized. Log file: pb2b/logs/data_saver_20250918.log
2025-09-18 13:43:34 - INFO - Connected to SQLite database: pb2b/p2p_listings.db
2025-09-18 13:43:34 - INFO - Database tables created successfully
2025-09-18 13:43:34 - INFO - Attempt 1/10: Loading https://www.bybit.com/fiat/trade/otc?actionType=1&token=USDT&fiat=NGN
2025-09-18 13:43:44 - INFO - Screenshot saved as 'pb2b/screenshots/bybit_page_20250918_134343.png'
2025-09-18 13:43:44 - INFO - Fetching BUY listings for USDT/EUR
2025-09-18 13:43:45 - INFO - Data successfully saved to SQLite database. New listings - Bybit: 4, Binance: 6
2025-09-18 13:43:46 - INFO - Browser session closed
2025-09-18 13:43:46 - INFO - SQLite database connection closed
2025-09-18 13:58:05 - INFO - Logging initialized. Log file: pb2b/logs/bybit_scraper_20250918.log
2025-09-18 13:58:06 - INFO - DataSaver logging initialized. Log file: pb2b/logs/data_saver_20250918.log
2025-09-18 13:58:06 - INFO - Connected to SQLite database: pb2b/p2p_listings.db
2025-09-18 13:58:06 - INFO - Database tables created successfully
2025-09-18 13:58:06 - INFO - Attempt 1/10: Loading https://www.bybit.com/fiat/trade/otc?actionType=1&token=USDT&fiat=NGN
2025-09-18 13:58:15 - INFO - Screenshot saved as 'pb2b/screenshots/bybit_page_20250918_135815.png'
2025-09-18 13:58:16 - INFO - Fetching BUY listings for USDT/EUR
2025-09-18 13:58:16 - INFO - Data successfully saved to SQLite database. New listings - Bybit: 4, Binance: 6
2025-09-18 13:58:16 - INFO - Browser session closed
2025-09-18 13:58:16 - INFO - SQLite database connection closed
2025-09-18 14:24:43 - INFO - Logging initialized. Log file: pb2b/logs/bybit_scraper_20250918.log
2025-09-18 14:24:43 - INFO - DataSaver logging initialized. Log file: pb2b/logs/data_saver_20250918.log
2025-09-18 14:24:43 - INFO - Connected to SQLite database: pb2b/p2p_listings.db
2025-09-18 14:24:43 - INFO - Database tables created successfully
2025-09-18 14:24:43 - INFO - Attempt 1/10: Loading https://www.bybit.com/fiat/trade/otc?actionType=1&token=USDT&fiat=NGN
2025-09-18 14:24:53 - INFO - Screenshot saved as 'pb2b/screenshots/bybit_page_20250918_142453.png'
2025-09-18 14:24:53 - INFO - Fetching BUY listings for USDT/EUR
2025-09-18 14:24:54 - INFO - Data successfully saved to SQLite database. New listings - Bybit: 4, Binance: 6
2025-09-18 14:24:54 - INFO - Browser session closed
2025-09-18 14:24:54 - INFO - SQLite database connection closed
2025-09-18 14:45:29 - INFO - Logging initialized. Log file: pb2b/logs/bybit_scraper_20250918.log
2025-09-18 14:45:31 - INFO - DataSaver logging initialized. Log file: pb2b/logs/data_saver_20250918.log
2025-09-18 14:45:31 - INFO - Connected to SQLite database: pb2b/p2p_listings.db
2025-09-18 14:45:31 - INFO - Database tables created successfully
2025-09-18 14:45:31 - INFO - Attempt 1/10: Loading https://www.bybit.com/fiat/trade/otc?actionType=1&token=USDT&fiat=NGN
2025-09-18 14:45:47 - INFO - Screenshot saved as 'pb2b/screenshots/bybit_page_20250918_144547.png'
2025-09-18 14:45:48 - INFO - Fetching BUY listings for USDT/EUR
2025-09-18 14:45:48 - INFO - Data successfully saved to SQLite database. New listings - Bybit: 4, Binance: 6
2025-09-18 14:45:48 - INFO - Browser session closed
2025-09-18 14:45:48 - INFO - SQLite database connection closed
2025-09-18 14:57:02 - INFO - Logging initialized. Log file: pb2b/logs/bybit_scraper_20250918.log
2025-09-18 14:57:03 - INFO - DataSaver logging initialized. Log file: pb2b/logs/data_saver_20250918.log
2025-09-18 14:57:03 - INFO - Connected to SQLite database: pb2b/p2p_listings.db
2025-09-18 14:57:03 - INFO - Database tables created successfully
2025-09-18 14:57:03 - INFO - Attempt 1/10: Loading https://www.bybit.com/fiat/trade/otc?actionType=1&token=USDT&fiat=NGN
2025-09-18 14:57:11 - INFO - Screenshot saved as 'pb2b/screenshots/bybit_page_20250918_145711.png'
2025-09-18 14:57:11 - INFO - Fetching BUY listings for USDT/EUR
2025-09-18 14:57:12 - INFO - Data successfully saved to SQLite database. New listings - Bybit: 4, Binance: 6
2025-09-18 14:57:12 - INFO - Browser session closed
2025-09-18 14:57:12 - INFO - SQLite database connection closed
2025-09-18 15:27:06 - INFO - Logging initialized. Log file: pb2b/logs/bybit_scraper_20250918.log
2025-09-18 15:27:07 - INFO - DataSaver logging initialized. Log file: pb2b/logs/data_saver_20250918.log
2025-09-18 15:27:07 - INFO - Connected to SQLite database: pb2b/p2p_listings.db
2025-09-18 15:27:07 - INFO - Database tables created successfully
2025-09-18 15:27:07 - INFO - Attempt 1/10: Loading https://www.bybit.com/fiat/trade/otc?actionType=1&token=USDT&fiat=NGN
2025-09-18 15:27:17 - INFO - Screenshot saved as 'pb2b/screenshots/bybit_page_20250918_152716.png'
2025-09-18 15:27:17 - INFO - Fetching BUY listings for USDT/EUR
2025-09-18 15:27:17 - INFO - Data successfully saved to SQLite database. New listings - Bybit: 4, Binance: 6
2025-09-18 15:27:17 - INFO - Browser session closed
2025-09-18 15:27:17 - INFO - SQLite database connection closed
2025-09-18 15:54:19 - INFO - Logging initialized. Log file: pb2b/logs/bybit_scraper_20250918.log
2025-09-18 15:54:20 - INFO - DataSaver logging initialized. Log file: pb2b/logs/data_saver_20250918.log
2025-09-18 15:54:20 - INFO - Connected to SQLite database: pb2b/p2p_listings.db
2025-09-18 15:54:20 - INFO - Database tables created successfully
2025-09-18 15:54:20 - INFO - Attempt 1/10: Loading https://www.bybit.com/fiat/trade/otc?actionType=1&token=USDT&fiat=NGN
2025-09-18 15:54:29 - INFO - Screenshot saved as 'pb2b/screenshots/bybit_page_20250918_155429.png'
2025-09-18 15:54:30 - INFO - Fetching BUY listings for USDT/EUR
2025-09-18 15:54:30 - INFO - Data successfully saved to SQLite database. New listings - Bybit: 4, Binance: 6
2025-09-18 15:54:30 - INFO - Browser session closed
2025-09-18 15:54:30 - INFO - SQLite database connection closed
