2026-01-22 20:53:27 - INFO - Logging initialized. Log file: pb2b/logs/bybit_scraper_20260122.log
2026-01-22 20:53:30 - INFO - DataSaver logging initialized. Log file: pb2b/logs/data_saver_20260122.log
2026-01-22 20:53:30 - INFO - Connected to SQLite database: pb2b/p2p_listings.db
2026-01-22 20:53:30 - INFO - Database tables created successfully
2026-01-22 20:53:30 - INFO - Attempt 1/10: Loading https://www.bybit.com/fiat/trade/otc?actionType=1&token=USDT&fiat=NGN
2026-01-22 20:53:40 - INFO - Screenshot saved as 'pb2b/screenshots/bybit_page_20260122_205340.png'
2026-01-22 20:53:40 - WARNING - Error parsing row: Message: no such element: Unable to locate element: {"method":"css selector","selector":"td:nth-child(2)"}
  (Session info: chrome=144.0.7559.96); For documentation on this error, please visit: https://www.selenium.dev/documentation/webdriver/troubleshooting/errors#nosuchelementexception
Stacktrace:
#0 0x557c30b05c3a <unknown>
#1 0x557c3051f969 <unknown>
#2 0x557c30574ead <unknown>
#3 0x557c305750f1 <unknown>
#4 0x557c305686e6 <unknown>
#5 0x557c305685c7 <unknown>
#6 0x557c305bda20 <unknown>
#7 0x557c30566be2 <unknown>
#8 0x557c30567991 <unknown>
#9 0x557c30acba99 <unknown>
#10 0x557c30ace9b1 <unknown>
#11 0x557c30ab80a9 <unknown>
#12 0x557c30acf56e <unknown>
#13 0x557c30a9e5e0 <unknown>
#14 0x557c30af3358 <unknown>
#15 0x557c30af3528 <unknown>
#16 0x557c30b04fa8 <unknown>
#17 0x7f070c89caa4 <unknown>
#18 0x7f070c929c6c <unknown>

2026-01-22 20:53:41 - INFO - Fetching BUY listings for USDT/EUR
2026-01-22 20:53:53 - INFO - Data successfully saved to SQLite database. New listings - Bybit: 5, Binance: 6
2026-01-22 20:53:53 - INFO - Browser session closed
2026-01-22 20:53:53 - INFO - SQLite database connection closed
