2025-10-31 03:21:22 - INFO - Logging initialized. Log file: pb2b/logs/bybit_scraper_20251031.log
2025-10-31 03:21:28 - INFO - DataSaver logging initialized. Log file: pb2b/logs/data_saver_20251031.log
2025-10-31 03:21:28 - INFO - Connected to SQLite database: pb2b/p2p_listings.db
2025-10-31 03:21:28 - INFO - Database tables created successfully
2025-10-31 03:21:28 - INFO - Attempt 1/10: Loading https://www.bybit.com/fiat/trade/otc?actionType=1&token=USDT&fiat=NGN
2025-10-31 03:21:39 - INFO - Screenshot saved as 'pb2b/screenshots/bybit_page_20251031_032139.png'
2025-10-31 03:21:40 - INFO - Fetching BUY listings for USDT/EUR
2025-10-31 03:21:40 - INFO - Data successfully saved to SQLite database. New listings - Bybit: 4, Binance: 6
2025-10-31 03:21:41 - INFO - Browser session closed
2025-10-31 03:21:41 - INFO - SQLite database connection closed
2025-10-31 05:49:00 - INFO - Logging initialized. Log file: pb2b/logs/bybit_scraper_20251031.log
2025-10-31 05:49:07 - INFO - DataSaver logging initialized. Log file: pb2b/logs/data_saver_20251031.log
2025-10-31 05:49:07 - INFO - Connected to SQLite database: pb2b/p2p_listings.db
2025-10-31 05:49:07 - INFO - Database tables created successfully
2025-10-31 05:49:07 - INFO - Attempt 1/10: Loading https://www.bybit.com/fiat/trade/otc?actionType=1&token=USDT&fiat=NGN
2025-10-31 05:49:17 - INFO - Screenshot saved as 'pb2b/screenshots/bybit_page_20251031_054917.png'
2025-10-31 05:49:18 - INFO - Fetching BUY listings for USDT/EUR
2025-10-31 05:49:18 - INFO - Data successfully saved to SQLite database. New listings - Bybit: 4, Binance: 6
2025-10-31 05:49:18 - INFO - Browser session closed
2025-10-31 05:49:18 - INFO - SQLite database connection closed
2025-10-31 06:02:10 - INFO - Logging initialized. Log file: pb2b/logs/bybit_scraper_20251031.log
2025-10-31 06:02:16 - INFO - DataSaver logging initialized. Log file: pb2b/logs/data_saver_20251031.log
2025-10-31 06:02:16 - INFO - Connected to SQLite database: pb2b/p2p_listings.db
2025-10-31 06:02:16 - INFO - Database tables created successfully
2025-10-31 06:02:16 - INFO - Attempt 1/10: Loading https://www.bybit.com/fiat/trade/otc?actionType=1&token=USDT&fiat=NGN
2025-10-31 06:02:25 - INFO - Screenshot saved as 'pb2b/screenshots/bybit_page_20251031_060225.png'
2025-10-31 06:02:26 - INFO - Fetching BUY listings for USDT/EUR
2025-10-31 06:02:27 - INFO - Data successfully saved to SQLite database. New listings - Bybit: 4, Binance: 6
2025-10-31 06:02:27 - INFO - Browser session closed
2025-10-31 06:02:27 - INFO - SQLite database connection closed
