2025-04-27 02:10:19 - INFO - Logging initialized. Log file: pb2b/logs/bybit_scraper_20250427.log
2025-04-27 02:10:19 - INFO - DataSaver logging initialized. Log file: pb2b/logs/data_saver_20250427.log
2025-04-27 02:10:19 - INFO - Connected to SQLite database: pb2b/p2p_listings.db
2025-04-27 02:10:19 - INFO - Database tables created successfully
2025-04-27 02:10:19 - INFO - Attempt 1/10: Loading https://www.bybit.com/fiat/trade/otc?actionType=1&token=USDT&fiat=NGN
2025-04-27 02:10:31 - INFO - Screenshot saved as 'pb2b/screenshots/bybit_page_20250427_021030.png'
2025-04-27 02:10:31 - INFO - Fetching BUY listings for USDT/EUR
2025-04-27 02:10:32 - INFO - Data successfully saved to SQLite database. New listings - Bybit: 4, Binance: 6
2025-04-27 02:10:32 - INFO - Browser session closed
2025-04-27 02:10:32 - INFO - SQLite database connection closed
2025-04-27 03:15:53 - INFO - Logging initialized. Log file: pb2b/logs/bybit_scraper_20250427.log
2025-04-27 03:15:53 - INFO - DataSaver logging initialized. Log file: pb2b/logs/data_saver_20250427.log
2025-04-27 03:15:53 - INFO - Connected to SQLite database: pb2b/p2p_listings.db
2025-04-27 03:15:53 - INFO - Database tables created successfully
2025-04-27 03:15:53 - INFO - Attempt 1/10: Loading https://www.bybit.com/fiat/trade/otc?actionType=1&token=USDT&fiat=NGN
2025-04-27 03:16:04 - INFO - Screenshot saved as 'pb2b/screenshots/bybit_page_20250427_031604.png'
2025-04-27 03:16:05 - INFO - Fetching BUY listings for USDT/EUR
2025-04-27 03:16:05 - INFO - Data successfully saved to SQLite database. New listings - Bybit: 4, Binance: 6
2025-04-27 03:16:05 - INFO - Browser session closed
2025-04-27 03:16:05 - INFO - SQLite database connection closed
2025-04-27 03:49:27 - INFO - Logging initialized. Log file: pb2b/logs/bybit_scraper_20250427.log
2025-04-27 03:49:27 - INFO - DataSaver logging initialized. Log file: pb2b/logs/data_saver_20250427.log
2025-04-27 03:49:27 - INFO - Connected to SQLite database: pb2b/p2p_listings.db
2025-04-27 03:49:27 - INFO - Database tables created successfully
2025-04-27 03:49:27 - INFO - Attempt 1/10: Loading https://www.bybit.com/fiat/trade/otc?actionType=1&token=USDT&fiat=NGN
2025-04-27 03:49:37 - INFO - Screenshot saved as 'pb2b/screenshots/bybit_page_20250427_034937.png'
2025-04-27 03:49:38 - INFO - Fetching BUY listings for USDT/EUR
2025-04-27 03:49:38 - INFO - Data successfully saved to SQLite database. New listings - Bybit: 4, Binance: 6
2025-04-27 03:49:38 - INFO - Browser session closed
2025-04-27 03:49:38 - INFO - SQLite database connection closed
2025-04-27 04:12:28 - INFO - Logging initialized. Log file: pb2b/logs/bybit_scraper_20250427.log
2025-04-27 04:12:30 - INFO - DataSaver logging initialized. Log file: pb2b/logs/data_saver_20250427.log
2025-04-27 04:12:30 - INFO - Connected to SQLite database: pb2b/p2p_listings.db
2025-04-27 04:12:30 - INFO - Database tables created successfully
2025-04-27 04:12:30 - INFO - Attempt 1/10: Loading https://www.bybit.com/fiat/trade/otc?actionType=1&token=USDT&fiat=NGN
2025-04-27 04:12:43 - INFO - Screenshot saved as 'pb2b/screenshots/bybit_page_20250427_041243.png'
2025-04-27 04:12:44 - INFO - Fetching BUY listings for USDT/EUR
2025-04-27 04:12:45 - INFO - Data successfully saved to SQLite database. New listings - Bybit: 4, Binance: 6
2025-04-27 04:12:45 - INFO - Browser session closed
2025-04-27 04:12:45 - INFO - SQLite database connection closed
2025-04-27 04:38:30 - INFO - Logging initialized. Log file: pb2b/logs/bybit_scraper_20250427.log
2025-04-27 04:38:32 - INFO - DataSaver logging initialized. Log file: pb2b/logs/data_saver_20250427.log
2025-04-27 04:38:32 - INFO - Connected to SQLite database: pb2b/p2p_listings.db
2025-04-27 04:38:32 - INFO - Database tables created successfully
2025-04-27 04:38:32 - INFO - Attempt 1/10: Loading https://www.bybit.com/fiat/trade/otc?actionType=1&token=USDT&fiat=NGN
2025-04-27 04:38:43 - INFO - Screenshot saved as 'pb2b/screenshots/bybit_page_20250427_043843.png'
2025-04-27 04:38:43 - INFO - Fetching BUY listings for USDT/EUR
2025-04-27 04:38:44 - INFO - Data successfully saved to SQLite database. New listings - Bybit: 4, Binance: 6
2025-04-27 04:38:44 - INFO - Browser session closed
2025-04-27 04:38:44 - INFO - SQLite database connection closed
2025-04-27 04:51:21 - INFO - Logging initialized. Log file: pb2b/logs/bybit_scraper_20250427.log
2025-04-27 04:51:23 - INFO - DataSaver logging initialized. Log file: pb2b/logs/data_saver_20250427.log
2025-04-27 04:51:23 - INFO - Connected to SQLite database: pb2b/p2p_listings.db
2025-04-27 04:51:23 - INFO - Database tables created successfully
2025-04-27 04:51:23 - INFO - Attempt 1/10: Loading https://www.bybit.com/fiat/trade/otc?actionType=1&token=USDT&fiat=NGN
2025-04-27 04:51:33 - INFO - Screenshot saved as 'pb2b/screenshots/bybit_page_20250427_045133.png'
2025-04-27 04:51:33 - INFO - Fetching BUY listings for USDT/EUR
2025-04-27 04:51:34 - INFO - Data successfully saved to SQLite database. New listings - Bybit: 4, Binance: 6
2025-04-27 04:51:34 - INFO - Browser session closed
2025-04-27 04:51:34 - INFO - SQLite database connection closed
