2026-03-04 00:07:17 - INFO - Logging initialized. Log file: pb2b/logs/bybit_scraper_20260304.log
2026-03-04 00:07:18 - INFO - DataSaver logging initialized. Log file: pb2b/logs/data_saver_20260304.log
2026-03-04 00:07:18 - INFO - Connected to SQLite database: pb2b/p2p_listings.db
2026-03-04 00:07:18 - INFO - Database tables created successfully
2026-03-04 00:07:18 - INFO - Attempt 1/10: Loading https://www.bybit.com/fiat/trade/otc?actionType=1&token=USDT&fiat=NGN
2026-03-04 00:07:25 - INFO - Screenshot saved as 'pb2b/screenshots/bybit_page_20260304_000725.png'
2026-03-04 00:07:25 - WARNING - Error parsing row: Message: no such element: Unable to locate element: {"method":"css selector","selector":"td:nth-child(2)"}
  (Session info: chrome=145.0.7632.159); For documentation on this error, please visit: https://www.selenium.dev/documentation/webdriver/troubleshooting/errors#nosuchelementexception
Stacktrace:
#0 0x556ce1711b6a <unknown>
#1 0x556ce1124a32 <unknown>
#2 0x556ce1179d66 <unknown>
#3 0x556ce1179fa1 <unknown>
#4 0x556ce116d736 <unknown>
#5 0x556ce116d617 <unknown>
#6 0x556ce11c2369 <unknown>
#7 0x556ce116bc0f <unknown>
#8 0x556ce116c9d1 <unknown>
#9 0x556ce16d66b9 <unknown>
#10 0x556ce16d95c1 <unknown>
#11 0x556ce16c2e29 <unknown>
#12 0x556ce16da17e <unknown>
#13 0x556ce16a94b0 <unknown>
#14 0x556ce16fe578 <unknown>
#15 0x556ce16fe74b <unknown>
#16 0x556ce17101a3 <unknown>
#17 0x7f751ac9caa4 <unknown>
#18 0x7f751ad29c6c <unknown>

2026-03-04 00:07:25 - WARNING - Error parsing row: Message: no such element: Unable to locate element: {"method":"css selector","selector":"td:nth-child(2)"}
  (Session info: chrome=145.0.7632.159); For documentation on this error, please visit: https://www.selenium.dev/documentation/webdriver/troubleshooting/errors#nosuchelementexception
Stacktrace:
#0 0x556ce1711b6a <unknown>
#1 0x556ce1124a32 <unknown>
#2 0x556ce1179d66 <unknown>
#3 0x556ce1179fa1 <unknown>
#4 0x556ce116d736 <unknown>
#5 0x556ce116d617 <unknown>
#6 0x556ce11c2369 <unknown>
#7 0x556ce116bc0f <unknown>
#8 0x556ce116c9d1 <unknown>
#9 0x556ce16d66b9 <unknown>
#10 0x556ce16d95c1 <unknown>
#11 0x556ce16c2e29 <unknown>
#12 0x556ce16da17e <unknown>
#13 0x556ce16a94b0 <unknown>
#14 0x556ce16fe578 <unknown>
#15 0x556ce16fe74b <unknown>
#16 0x556ce17101a3 <unknown>
#17 0x7f751ac9caa4 <unknown>
#18 0x7f751ad29c6c <unknown>

2026-03-04 00:07:25 - INFO - Fetching BUY listings for USDT/EUR
2026-03-04 00:07:26 - INFO - Data successfully saved to SQLite database. New listings - Bybit: 4, Binance: 6
2026-03-04 00:07:26 - INFO - Browser session closed
2026-03-04 00:07:26 - INFO - SQLite database connection closed
2026-03-04 02:53:49 - INFO - Logging initialized. Log file: pb2b/logs/bybit_scraper_20260304.log
2026-03-04 02:53:50 - INFO - DataSaver logging initialized. Log file: pb2b/logs/data_saver_20260304.log
2026-03-04 02:53:50 - INFO - Connected to SQLite database: pb2b/p2p_listings.db
2026-03-04 02:53:50 - INFO - Database tables created successfully
2026-03-04 02:53:50 - INFO - Attempt 1/10: Loading https://www.bybit.com/fiat/trade/otc?actionType=1&token=USDT&fiat=NGN
2026-03-04 02:53:58 - INFO - Screenshot saved as 'pb2b/screenshots/bybit_page_20260304_025357.png'
2026-03-04 02:53:58 - WARNING - Error parsing row: Message: no such element: Unable to locate element: {"method":"css selector","selector":"td:nth-child(2)"}
  (Session info: chrome=145.0.7632.159); For documentation on this error, please visit: https://www.selenium.dev/documentation/webdriver/troubleshooting/errors#nosuchelementexception
Stacktrace:
#0 0x55562beedb6a <unknown>
#1 0x55562b900a32 <unknown>
#2 0x55562b955d66 <unknown>
#3 0x55562b955fa1 <unknown>
#4 0x55562b949736 <unknown>
#5 0x55562b949617 <unknown>
#6 0x55562b99e369 <unknown>
#7 0x55562b947c0f <unknown>
#8 0x55562b9489d1 <unknown>
#9 0x55562beb26b9 <unknown>
#10 0x55562beb55c1 <unknown>
#11 0x55562be9ee29 <unknown>
#12 0x55562beb617e <unknown>
#13 0x55562be854b0 <unknown>
#14 0x55562beda578 <unknown>
#15 0x55562beda74b <unknown>
#16 0x55562beec1a3 <unknown>
#17 0x7f5f42e9caa4 <unknown>
#18 0x7f5f42f29c6c <unknown>

2026-03-04 02:53:58 - WARNING - Error parsing row: Message: no such element: Unable to locate element: {"method":"css selector","selector":"td:nth-child(2)"}
  (Session info: chrome=145.0.7632.159); For documentation on this error, please visit: https://www.selenium.dev/documentation/webdriver/troubleshooting/errors#nosuchelementexception
Stacktrace:
#0 0x55562beedb6a <unknown>
#1 0x55562b900a32 <unknown>
#2 0x55562b955d66 <unknown>
#3 0x55562b955fa1 <unknown>
#4 0x55562b949736 <unknown>
#5 0x55562b949617 <unknown>
#6 0x55562b99e369 <unknown>
#7 0x55562b947c0f <unknown>
#8 0x55562b9489d1 <unknown>
#9 0x55562beb26b9 <unknown>
#10 0x55562beb55c1 <unknown>
#11 0x55562be9ee29 <unknown>
#12 0x55562beb617e <unknown>
#13 0x55562be854b0 <unknown>
#14 0x55562beda578 <unknown>
#15 0x55562beda74b <unknown>
#16 0x55562beec1a3 <unknown>
#17 0x7f5f42e9caa4 <unknown>
#18 0x7f5f42f29c6c <unknown>

2026-03-04 02:53:58 - INFO - Fetching BUY listings for USDT/EUR
2026-03-04 02:53:59 - INFO - Data successfully saved to SQLite database. New listings - Bybit: 4, Binance: 6
2026-03-04 02:53:59 - INFO - Browser session closed
2026-03-04 02:53:59 - INFO - SQLite database connection closed
