2025-04-19 01:41:02 - INFO - Logging initialized. Log file: pb2b/logs/bybit_scraper_20250419.log
2025-04-19 01:41:02 - INFO - DataSaver logging initialized. Log file: pb2b/logs/data_saver_20250419.log
2025-04-19 01:41:02 - INFO - Connected to SQLite database: pb2b/p2p_listings.db
2025-04-19 01:41:02 - INFO - Database tables created successfully
2025-04-19 01:41:02 - INFO - Attempt 1/10: Loading https://www.bybit.com/fiat/trade/otc?actionType=1&token=USDT&fiat=NGN
2025-04-19 01:41:12 - INFO - Screenshot saved as 'pb2b/screenshots/bybit_page_20250419_014112.png'
2025-04-19 01:41:13 - INFO - Fetching BUY listings for USDT/EUR
2025-04-19 01:41:14 - INFO - Data successfully saved to SQLite database. New listings - Bybit: 4, Binance: 6
2025-04-19 01:41:14 - INFO - Browser session closed
2025-04-19 01:41:14 - INFO - SQLite database connection closed
2025-04-19 02:49:27 - INFO - Logging initialized. Log file: pb2b/logs/bybit_scraper_20250419.log
2025-04-19 02:49:28 - INFO - DataSaver logging initialized. Log file: pb2b/logs/data_saver_20250419.log
2025-04-19 02:49:28 - INFO - Connected to SQLite database: pb2b/p2p_listings.db
2025-04-19 02:49:28 - INFO - Database tables created successfully
2025-04-19 02:49:28 - INFO - Attempt 1/10: Loading https://www.bybit.com/fiat/trade/otc?actionType=1&token=USDT&fiat=NGN
2025-04-19 02:49:37 - INFO - Screenshot saved as 'pb2b/screenshots/bybit_page_20250419_024937.png'
2025-04-19 02:49:38 - INFO - Fetching BUY listings for USDT/EUR
2025-04-19 02:49:38 - INFO - Data successfully saved to SQLite database. New listings - Bybit: 4, Binance: 6
2025-04-19 02:49:38 - INFO - Browser session closed
2025-04-19 02:49:38 - INFO - SQLite database connection closed
2025-04-19 03:23:17 - INFO - Logging initialized. Log file: pb2b/logs/bybit_scraper_20250419.log
2025-04-19 03:23:18 - INFO - DataSaver logging initialized. Log file: pb2b/logs/data_saver_20250419.log
2025-04-19 03:23:18 - INFO - Connected to SQLite database: pb2b/p2p_listings.db
2025-04-19 03:23:18 - INFO - Database tables created successfully
2025-04-19 03:23:18 - INFO - Attempt 1/10: Loading https://www.bybit.com/fiat/trade/otc?actionType=1&token=USDT&fiat=NGN
2025-04-19 03:23:28 - INFO - Screenshot saved as 'pb2b/screenshots/bybit_page_20250419_032327.png'
2025-04-19 03:23:28 - INFO - Fetching BUY listings for USDT/EUR
2025-04-19 03:23:29 - INFO - Data successfully saved to SQLite database. New listings - Bybit: 4, Binance: 6
2025-04-19 03:23:29 - INFO - Browser session closed
2025-04-19 03:23:29 - INFO - SQLite database connection closed
2025-04-19 03:48:04 - INFO - Logging initialized. Log file: pb2b/logs/bybit_scraper_20250419.log
2025-04-19 03:48:05 - INFO - DataSaver logging initialized. Log file: pb2b/logs/data_saver_20250419.log
2025-04-19 03:48:05 - INFO - Connected to SQLite database: pb2b/p2p_listings.db
2025-04-19 03:48:05 - INFO - Database tables created successfully
2025-04-19 03:48:05 - INFO - Attempt 1/10: Loading https://www.bybit.com/fiat/trade/otc?actionType=1&token=USDT&fiat=NGN
2025-04-19 03:48:16 - INFO - Screenshot saved as 'pb2b/screenshots/bybit_page_20250419_034816.png'
2025-04-19 03:48:17 - INFO - Fetching BUY listings for USDT/EUR
2025-04-19 03:48:17 - INFO - Data successfully saved to SQLite database. New listings - Bybit: 4, Binance: 6
2025-04-19 03:48:17 - INFO - Browser session closed
2025-04-19 03:48:17 - INFO - SQLite database connection closed
2025-04-19 04:01:13 - INFO - Logging initialized. Log file: pb2b/logs/bybit_scraper_20250419.log
2025-04-19 04:01:14 - INFO - DataSaver logging initialized. Log file: pb2b/logs/data_saver_20250419.log
2025-04-19 04:01:14 - INFO - Connected to SQLite database: pb2b/p2p_listings.db
2025-04-19 04:01:14 - INFO - Database tables created successfully
2025-04-19 04:01:14 - INFO - Attempt 1/10: Loading https://www.bybit.com/fiat/trade/otc?actionType=1&token=USDT&fiat=NGN
2025-04-19 04:01:24 - INFO - Screenshot saved as 'pb2b/screenshots/bybit_page_20250419_040124.png'
2025-04-19 04:01:25 - INFO - Fetching BUY listings for USDT/EUR
2025-04-19 04:01:25 - INFO - Data successfully saved to SQLite database. New listings - Bybit: 4, Binance: 6
2025-04-19 04:01:25 - INFO - Browser session closed
2025-04-19 04:01:25 - INFO - SQLite database connection closed
2025-04-19 04:32:45 - INFO - Logging initialized. Log file: pb2b/logs/bybit_scraper_20250419.log
2025-04-19 04:32:46 - INFO - DataSaver logging initialized. Log file: pb2b/logs/data_saver_20250419.log
2025-04-19 04:32:46 - INFO - Connected to SQLite database: pb2b/p2p_listings.db
2025-04-19 04:32:46 - INFO - Database tables created successfully
2025-04-19 04:32:46 - INFO - Attempt 1/10: Loading https://www.bybit.com/fiat/trade/otc?actionType=1&token=USDT&fiat=NGN
2025-04-19 04:32:56 - INFO - Screenshot saved as 'pb2b/screenshots/bybit_page_20250419_043255.png'
2025-04-19 04:32:56 - INFO - Fetching BUY listings for USDT/EUR
2025-04-19 04:32:57 - INFO - Data successfully saved to SQLite database. New listings - Bybit: 4, Binance: 6
2025-04-19 04:32:57 - INFO - Browser session closed
2025-04-19 04:32:57 - INFO - SQLite database connection closed
2025-04-19 04:48:26 - INFO - Logging initialized. Log file: pb2b/logs/bybit_scraper_20250419.log
2025-04-19 04:48:26 - INFO - DataSaver logging initialized. Log file: pb2b/logs/data_saver_20250419.log
2025-04-19 04:48:26 - INFO - Connected to SQLite database: pb2b/p2p_listings.db
2025-04-19 04:48:26 - INFO - Database tables created successfully
2025-04-19 04:48:26 - INFO - Attempt 1/10: Loading https://www.bybit.com/fiat/trade/otc?actionType=1&token=USDT&fiat=NGN
2025-04-19 04:48:36 - INFO - Screenshot saved as 'pb2b/screenshots/bybit_page_20250419_044836.png'
2025-04-19 04:48:37 - INFO - Fetching BUY listings for USDT/EUR
2025-04-19 04:48:37 - INFO - Data successfully saved to SQLite database. New listings - Bybit: 4, Binance: 6
2025-04-19 04:48:38 - INFO - Browser session closed
2025-04-19 04:48:38 - INFO - SQLite database connection closed
2025-04-19 05:01:22 - INFO - Logging initialized. Log file: pb2b/logs/bybit_scraper_20250419.log
2025-04-19 05:01:23 - INFO - DataSaver logging initialized. Log file: pb2b/logs/data_saver_20250419.log
2025-04-19 05:01:23 - INFO - Connected to SQLite database: pb2b/p2p_listings.db
2025-04-19 05:01:23 - INFO - Database tables created successfully
2025-04-19 05:01:23 - INFO - Attempt 1/10: Loading https://www.bybit.com/fiat/trade/otc?actionType=1&token=USDT&fiat=NGN
2025-04-19 05:01:32 - INFO - Screenshot saved as 'pb2b/screenshots/bybit_page_20250419_050132.png'
2025-04-19 05:01:33 - INFO - Fetching BUY listings for USDT/EUR
2025-04-19 05:01:33 - INFO - Data successfully saved to SQLite database. New listings - Bybit: 4, Binance: 6
2025-04-19 05:01:33 - INFO - Browser session closed
2025-04-19 05:01:33 - INFO - SQLite database connection closed
2025-04-19 05:29:50 - INFO - Logging initialized. Log file: pb2b/logs/bybit_scraper_20250419.log
2025-04-19 05:29:51 - INFO - DataSaver logging initialized. Log file: pb2b/logs/data_saver_20250419.log
2025-04-19 05:29:51 - INFO - Connected to SQLite database: pb2b/p2p_listings.db
2025-04-19 05:29:51 - INFO - Database tables created successfully
2025-04-19 05:29:51 - INFO - Attempt 1/10: Loading https://www.bybit.com/fiat/trade/otc?actionType=1&token=USDT&fiat=NGN
2025-04-19 05:30:01 - INFO - Screenshot saved as 'pb2b/screenshots/bybit_page_20250419_053001.png'
2025-04-19 05:30:01 - INFO - Fetching BUY listings for USDT/EUR
2025-04-19 05:30:02 - INFO - Data successfully saved to SQLite database. New listings - Bybit: 4, Binance: 6
2025-04-19 05:30:02 - INFO - Browser session closed
2025-04-19 05:30:02 - INFO - SQLite database connection closed
2025-04-19 05:44:58 - INFO - Logging initialized. Log file: pb2b/logs/bybit_scraper_20250419.log
2025-04-19 05:44:58 - INFO - DataSaver logging initialized. Log file: pb2b/logs/data_saver_20250419.log
2025-04-19 05:44:58 - INFO - Connected to SQLite database: pb2b/p2p_listings.db
2025-04-19 05:44:58 - INFO - Database tables created successfully
2025-04-19 05:44:58 - INFO - Attempt 1/10: Loading https://www.bybit.com/fiat/trade/otc?actionType=1&token=USDT&fiat=NGN
2025-04-19 05:45:07 - INFO - Screenshot saved as 'pb2b/screenshots/bybit_page_20250419_054507.png'
2025-04-19 05:45:08 - INFO - Fetching BUY listings for USDT/EUR
2025-04-19 05:45:09 - INFO - Data successfully saved to SQLite database. New listings - Bybit: 4, Binance: 6
2025-04-19 05:45:09 - INFO - Browser session closed
2025-04-19 05:45:09 - INFO - SQLite database connection closed
2025-04-19 05:58:25 - INFO - Logging initialized. Log file: pb2b/logs/bybit_scraper_20250419.log
2025-04-19 05:58:26 - INFO - DataSaver logging initialized. Log file: pb2b/logs/data_saver_20250419.log
2025-04-19 05:58:26 - INFO - Connected to SQLite database: pb2b/p2p_listings.db
2025-04-19 05:58:26 - INFO - Database tables created successfully
2025-04-19 05:58:26 - INFO - Attempt 1/10: Loading https://www.bybit.com/fiat/trade/otc?actionType=1&token=USDT&fiat=NGN
2025-04-19 05:58:35 - INFO - Screenshot saved as 'pb2b/screenshots/bybit_page_20250419_055835.png'
2025-04-19 05:58:36 - INFO - Fetching BUY listings for USDT/EUR
2025-04-19 05:58:37 - INFO - Data successfully saved to SQLite database. New listings - Bybit: 4, Binance: 6
2025-04-19 05:58:37 - INFO - Browser session closed
2025-04-19 05:58:37 - INFO - SQLite database connection closed
2025-04-19 06:34:49 - INFO - Logging initialized. Log file: pb2b/logs/bybit_scraper_20250419.log
2025-04-19 06:34:50 - INFO - DataSaver logging initialized. Log file: pb2b/logs/data_saver_20250419.log
2025-04-19 06:34:50 - INFO - Connected to SQLite database: pb2b/p2p_listings.db
2025-04-19 06:34:50 - INFO - Database tables created successfully
2025-04-19 06:34:50 - INFO - Attempt 1/10: Loading https://www.bybit.com/fiat/trade/otc?actionType=1&token=USDT&fiat=NGN
2025-04-19 06:35:00 - INFO - Screenshot saved as 'pb2b/screenshots/bybit_page_20250419_063500.png'
2025-04-19 06:35:01 - INFO - Fetching BUY listings for USDT/EUR
2025-04-19 06:35:01 - INFO - Data successfully saved to SQLite database. New listings - Bybit: 4, Binance: 6
2025-04-19 06:35:02 - INFO - Browser session closed
2025-04-19 06:35:02 - INFO - SQLite database connection closed
2025-04-19 06:51:53 - INFO - Logging initialized. Log file: pb2b/logs/bybit_scraper_20250419.log
2025-04-19 06:51:54 - INFO - DataSaver logging initialized. Log file: pb2b/logs/data_saver_20250419.log
2025-04-19 06:51:54 - INFO - Connected to SQLite database: pb2b/p2p_listings.db
2025-04-19 06:51:54 - INFO - Database tables created successfully
2025-04-19 06:51:54 - INFO - Attempt 1/10: Loading https://www.bybit.com/fiat/trade/otc?actionType=1&token=USDT&fiat=NGN
2025-04-19 06:52:04 - INFO - Screenshot saved as 'pb2b/screenshots/bybit_page_20250419_065204.png'
2025-04-19 06:52:04 - INFO - Fetching BUY listings for USDT/EUR
2025-04-19 06:52:05 - INFO - Data successfully saved to SQLite database. New listings - Bybit: 4, Binance: 6
2025-04-19 06:52:05 - INFO - Browser session closed
2025-04-19 06:52:05 - INFO - SQLite database connection closed
2025-04-19 07:13:09 - INFO - Logging initialized. Log file: pb2b/logs/bybit_scraper_20250419.log
2025-04-19 07:13:10 - INFO - DataSaver logging initialized. Log file: pb2b/logs/data_saver_20250419.log
2025-04-19 07:13:10 - INFO - Connected to SQLite database: pb2b/p2p_listings.db
2025-04-19 07:13:10 - INFO - Database tables created successfully
2025-04-19 07:13:10 - INFO - Attempt 1/10: Loading https://www.bybit.com/fiat/trade/otc?actionType=1&token=USDT&fiat=NGN
2025-04-19 07:13:19 - INFO - Screenshot saved as 'pb2b/screenshots/bybit_page_20250419_071319.png'
2025-04-19 07:13:19 - INFO - Fetching BUY listings for USDT/EUR
2025-04-19 07:13:20 - INFO - Data successfully saved to SQLite database. New listings - Bybit: 4, Binance: 6
2025-04-19 07:13:20 - INFO - Browser session closed
2025-04-19 07:13:20 - INFO - SQLite database connection closed
2025-04-19 07:29:26 - INFO - Logging initialized. Log file: pb2b/logs/bybit_scraper_20250419.log
2025-04-19 07:29:27 - INFO - DataSaver logging initialized. Log file: pb2b/logs/data_saver_20250419.log
2025-04-19 07:29:27 - INFO - Connected to SQLite database: pb2b/p2p_listings.db
2025-04-19 07:29:27 - INFO - Database tables created successfully
2025-04-19 07:29:27 - INFO - Attempt 1/10: Loading https://www.bybit.com/fiat/trade/otc?actionType=1&token=USDT&fiat=NGN
2025-04-19 07:29:37 - INFO - Screenshot saved as 'pb2b/screenshots/bybit_page_20250419_072937.png'
2025-04-19 07:29:37 - INFO - Fetching BUY listings for USDT/EUR
2025-04-19 07:29:38 - INFO - Data successfully saved to SQLite database. New listings - Bybit: 4, Binance: 6
2025-04-19 07:29:38 - INFO - Browser session closed
2025-04-19 07:29:38 - INFO - SQLite database connection closed
2025-04-19 07:42:49 - INFO - Logging initialized. Log file: pb2b/logs/bybit_scraper_20250419.log
2025-04-19 07:42:50 - INFO - DataSaver logging initialized. Log file: pb2b/logs/data_saver_20250419.log
2025-04-19 07:42:50 - INFO - Connected to SQLite database: pb2b/p2p_listings.db
2025-04-19 07:42:50 - INFO - Database tables created successfully
2025-04-19 07:42:50 - INFO - Attempt 1/10: Loading https://www.bybit.com/fiat/trade/otc?actionType=1&token=USDT&fiat=NGN
2025-04-19 07:42:59 - INFO - Screenshot saved as 'pb2b/screenshots/bybit_page_20250419_074259.png'
2025-04-19 07:42:59 - INFO - Fetching BUY listings for USDT/EUR
2025-04-19 07:43:00 - INFO - Data successfully saved to SQLite database. New listings - Bybit: 4, Binance: 6
2025-04-19 07:43:00 - INFO - Browser session closed
2025-04-19 07:43:00 - INFO - SQLite database connection closed
2025-04-19 07:56:14 - INFO - Logging initialized. Log file: pb2b/logs/bybit_scraper_20250419.log
2025-04-19 07:56:14 - INFO - DataSaver logging initialized. Log file: pb2b/logs/data_saver_20250419.log
2025-04-19 07:56:14 - INFO - Connected to SQLite database: pb2b/p2p_listings.db
2025-04-19 07:56:14 - INFO - Database tables created successfully
2025-04-19 07:56:14 - INFO - Attempt 1/10: Loading https://www.bybit.com/fiat/trade/otc?actionType=1&token=USDT&fiat=NGN
2025-04-19 07:56:24 - INFO - Screenshot saved as 'pb2b/screenshots/bybit_page_20250419_075623.png'
2025-04-19 07:56:24 - INFO - Fetching BUY listings for USDT/EUR
2025-04-19 07:56:25 - INFO - Data successfully saved to SQLite database. New listings - Bybit: 4, Binance: 6
2025-04-19 07:56:25 - INFO - Browser session closed
2025-04-19 07:56:25 - INFO - SQLite database connection closed
2025-04-19 08:28:52 - INFO - Logging initialized. Log file: pb2b/logs/bybit_scraper_20250419.log
2025-04-19 08:28:53 - INFO - DataSaver logging initialized. Log file: pb2b/logs/data_saver_20250419.log
2025-04-19 08:28:53 - INFO - Connected to SQLite database: pb2b/p2p_listings.db
2025-04-19 08:28:53 - INFO - Database tables created successfully
2025-04-19 08:28:53 - INFO - Attempt 1/10: Loading https://www.bybit.com/fiat/trade/otc?actionType=1&token=USDT&fiat=NGN
2025-04-19 08:29:02 - INFO - Screenshot saved as 'pb2b/screenshots/bybit_page_20250419_082902.png'
2025-04-19 08:29:03 - INFO - Fetching BUY listings for USDT/EUR
2025-04-19 08:29:03 - INFO - Data successfully saved to SQLite database. New listings - Bybit: 4, Binance: 6
2025-04-19 08:29:03 - INFO - Browser session closed
2025-04-19 08:29:03 - INFO - SQLite database connection closed
2025-04-19 08:46:04 - INFO - Logging initialized. Log file: pb2b/logs/bybit_scraper_20250419.log
2025-04-19 08:46:05 - INFO - DataSaver logging initialized. Log file: pb2b/logs/data_saver_20250419.log
2025-04-19 08:46:05 - INFO - Connected to SQLite database: pb2b/p2p_listings.db
2025-04-19 08:46:05 - INFO - Database tables created successfully
2025-04-19 08:46:05 - INFO - Attempt 1/10: Loading https://www.bybit.com/fiat/trade/otc?actionType=1&token=USDT&fiat=NGN
2025-04-19 08:46:15 - INFO - Screenshot saved as 'pb2b/screenshots/bybit_page_20250419_084614.png'
2025-04-19 08:46:15 - INFO - Fetching BUY listings for USDT/EUR
2025-04-19 08:46:16 - INFO - Data successfully saved to SQLite database. New listings - Bybit: 4, Binance: 6
2025-04-19 08:46:16 - INFO - Browser session closed
2025-04-19 08:46:16 - INFO - SQLite database connection closed
2025-04-19 08:59:22 - INFO - Logging initialized. Log file: pb2b/logs/bybit_scraper_20250419.log
2025-04-19 08:59:24 - INFO - DataSaver logging initialized. Log file: pb2b/logs/data_saver_20250419.log
2025-04-19 08:59:24 - INFO - Connected to SQLite database: pb2b/p2p_listings.db
2025-04-19 08:59:24 - INFO - Database tables created successfully
2025-04-19 08:59:24 - INFO - Attempt 1/10: Loading https://www.bybit.com/fiat/trade/otc?actionType=1&token=USDT&fiat=NGN
2025-04-19 08:59:33 - INFO - Screenshot saved as 'pb2b/screenshots/bybit_page_20250419_085933.png'
2025-04-19 08:59:33 - INFO - Fetching BUY listings for USDT/EUR
2025-04-19 08:59:34 - INFO - Data successfully saved to SQLite database. New listings - Bybit: 4, Binance: 6
2025-04-19 08:59:34 - INFO - Browser session closed
2025-04-19 08:59:34 - INFO - SQLite database connection closed
2025-04-19 09:26:33 - INFO - Logging initialized. Log file: pb2b/logs/bybit_scraper_20250419.log
2025-04-19 09:26:34 - INFO - DataSaver logging initialized. Log file: pb2b/logs/data_saver_20250419.log
2025-04-19 09:26:34 - INFO - Connected to SQLite database: pb2b/p2p_listings.db
2025-04-19 09:26:34 - INFO - Database tables created successfully
2025-04-19 09:26:34 - INFO - Attempt 1/10: Loading https://www.bybit.com/fiat/trade/otc?actionType=1&token=USDT&fiat=NGN
2025-04-19 09:26:44 - INFO - Screenshot saved as 'pb2b/screenshots/bybit_page_20250419_092643.png'
2025-04-19 09:26:44 - INFO - Fetching BUY listings for USDT/EUR
2025-04-19 09:26:45 - INFO - Data successfully saved to SQLite database. New listings - Bybit: 4, Binance: 6
2025-04-19 09:26:45 - INFO - Browser session closed
2025-04-19 09:26:45 - INFO - SQLite database connection closed
2025-04-19 09:41:04 - INFO - Logging initialized. Log file: pb2b/logs/bybit_scraper_20250419.log
2025-04-19 09:41:05 - INFO - DataSaver logging initialized. Log file: pb2b/logs/data_saver_20250419.log
2025-04-19 09:41:05 - INFO - Connected to SQLite database: pb2b/p2p_listings.db
2025-04-19 09:41:05 - INFO - Database tables created successfully
2025-04-19 09:41:05 - INFO - Attempt 1/10: Loading https://www.bybit.com/fiat/trade/otc?actionType=1&token=USDT&fiat=NGN
2025-04-19 09:41:15 - INFO - Screenshot saved as 'pb2b/screenshots/bybit_page_20250419_094115.png'
2025-04-19 09:41:15 - INFO - Fetching BUY listings for USDT/EUR
2025-04-19 09:41:16 - INFO - Data successfully saved to SQLite database. New listings - Bybit: 4, Binance: 6
2025-04-19 09:41:16 - INFO - Browser session closed
2025-04-19 09:41:16 - INFO - SQLite database connection closed
2025-04-19 09:54:25 - INFO - Logging initialized. Log file: pb2b/logs/bybit_scraper_20250419.log
2025-04-19 09:54:26 - INFO - DataSaver logging initialized. Log file: pb2b/logs/data_saver_20250419.log
2025-04-19 09:54:26 - INFO - Connected to SQLite database: pb2b/p2p_listings.db
2025-04-19 09:54:26 - INFO - Database tables created successfully
2025-04-19 09:54:26 - INFO - Attempt 1/10: Loading https://www.bybit.com/fiat/trade/otc?actionType=1&token=USDT&fiat=NGN
2025-04-19 09:54:35 - INFO - Screenshot saved as 'pb2b/screenshots/bybit_page_20250419_095435.png'
2025-04-19 09:54:35 - INFO - Fetching BUY listings for USDT/EUR
2025-04-19 09:54:36 - INFO - Data successfully saved to SQLite database. New listings - Bybit: 4, Binance: 6
2025-04-19 09:54:36 - INFO - Browser session closed
2025-04-19 09:54:36 - INFO - SQLite database connection closed
2025-04-19 10:19:25 - INFO - Logging initialized. Log file: pb2b/logs/bybit_scraper_20250419.log
2025-04-19 10:19:26 - INFO - DataSaver logging initialized. Log file: pb2b/logs/data_saver_20250419.log
2025-04-19 10:19:26 - INFO - Connected to SQLite database: pb2b/p2p_listings.db
2025-04-19 10:19:26 - INFO - Database tables created successfully
2025-04-19 10:19:26 - INFO - Attempt 1/10: Loading https://www.bybit.com/fiat/trade/otc?actionType=1&token=USDT&fiat=NGN
2025-04-19 10:19:35 - INFO - Screenshot saved as 'pb2b/screenshots/bybit_page_20250419_101935.png'
2025-04-19 10:19:36 - INFO - Fetching BUY listings for USDT/EUR
2025-04-19 10:19:36 - INFO - Data successfully saved to SQLite database. New listings - Bybit: 4, Binance: 6
2025-04-19 10:19:36 - INFO - Browser session closed
2025-04-19 10:19:36 - INFO - SQLite database connection closed
2025-04-19 10:39:12 - INFO - Logging initialized. Log file: pb2b/logs/bybit_scraper_20250419.log
2025-04-19 10:39:13 - INFO - DataSaver logging initialized. Log file: pb2b/logs/data_saver_20250419.log
2025-04-19 10:39:13 - INFO - Connected to SQLite database: pb2b/p2p_listings.db
2025-04-19 10:39:13 - INFO - Database tables created successfully
2025-04-19 10:39:13 - INFO - Attempt 1/10: Loading https://www.bybit.com/fiat/trade/otc?actionType=1&token=USDT&fiat=NGN
2025-04-19 10:39:22 - INFO - Screenshot saved as 'pb2b/screenshots/bybit_page_20250419_103922.png'
2025-04-19 10:39:22 - INFO - Fetching BUY listings for USDT/EUR
2025-04-19 10:39:23 - INFO - Data successfully saved to SQLite database. New listings - Bybit: 4, Binance: 6
2025-04-19 10:39:23 - INFO - Browser session closed
2025-04-19 10:39:23 - INFO - SQLite database connection closed
2025-04-19 10:52:30 - INFO - Logging initialized. Log file: pb2b/logs/bybit_scraper_20250419.log
2025-04-19 10:52:31 - INFO - DataSaver logging initialized. Log file: pb2b/logs/data_saver_20250419.log
2025-04-19 10:52:31 - INFO - Connected to SQLite database: pb2b/p2p_listings.db
2025-04-19 10:52:31 - INFO - Database tables created successfully
2025-04-19 10:52:31 - INFO - Attempt 1/10: Loading https://www.bybit.com/fiat/trade/otc?actionType=1&token=USDT&fiat=NGN
2025-04-19 10:52:41 - INFO - Screenshot saved as 'pb2b/screenshots/bybit_page_20250419_105240.png'
2025-04-19 10:52:41 - INFO - Fetching BUY listings for USDT/EUR
2025-04-19 10:52:42 - INFO - Data successfully saved to SQLite database. New listings - Bybit: 4, Binance: 6
2025-04-19 10:52:42 - INFO - Browser session closed
2025-04-19 10:52:42 - INFO - SQLite database connection closed
2025-04-19 11:13:34 - INFO - Logging initialized. Log file: pb2b/logs/bybit_scraper_20250419.log
2025-04-19 11:13:36 - INFO - DataSaver logging initialized. Log file: pb2b/logs/data_saver_20250419.log
2025-04-19 11:13:36 - INFO - Connected to SQLite database: pb2b/p2p_listings.db
2025-04-19 11:13:36 - INFO - Database tables created successfully
2025-04-19 11:13:36 - INFO - Attempt 1/10: Loading https://www.bybit.com/fiat/trade/otc?actionType=1&token=USDT&fiat=NGN
2025-04-19 11:13:45 - INFO - Screenshot saved as 'pb2b/screenshots/bybit_page_20250419_111345.png'
2025-04-19 11:13:45 - INFO - Fetching BUY listings for USDT/EUR
2025-04-19 11:13:46 - INFO - Data successfully saved to SQLite database. New listings - Bybit: 4, Binance: 6
2025-04-19 11:13:46 - INFO - Browser session closed
2025-04-19 11:13:46 - INFO - SQLite database connection closed
