2025-08-14 22:50:12 - INFO - Logging initialized. Log file: pb2b/logs/bybit_scraper_20250814.log
2025-08-14 22:50:13 - INFO - DataSaver logging initialized. Log file: pb2b/logs/data_saver_20250814.log
2025-08-14 22:50:13 - INFO - Connected to SQLite database: pb2b/p2p_listings.db
2025-08-14 22:50:13 - INFO - Database tables created successfully
2025-08-14 22:50:13 - INFO - Attempt 1/10: Loading https://www.bybit.com/fiat/trade/otc?actionType=1&token=USDT&fiat=NGN
2025-08-14 22:50:24 - INFO - Screenshot saved as 'pb2b/screenshots/bybit_page_20250814_225023.png'
2025-08-14 22:50:24 - INFO - Fetching BUY listings for USDT/EUR
2025-08-14 22:50:26 - INFO - Data successfully saved to SQLite database. New listings - Bybit: 4, Binance: 6
2025-08-14 22:50:26 - INFO - Browser session closed
2025-08-14 22:50:26 - INFO - SQLite database connection closed
2025-08-14 23:47:30 - INFO - Logging initialized. Log file: pb2b/logs/bybit_scraper_20250814.log
2025-08-14 23:47:32 - INFO - DataSaver logging initialized. Log file: pb2b/logs/data_saver_20250814.log
2025-08-14 23:47:32 - INFO - Connected to SQLite database: pb2b/p2p_listings.db
2025-08-14 23:47:32 - INFO - Database tables created successfully
2025-08-14 23:47:32 - INFO - Attempt 1/10: Loading https://www.bybit.com/fiat/trade/otc?actionType=1&token=USDT&fiat=NGN
2025-08-14 23:47:42 - INFO - Screenshot saved as 'pb2b/screenshots/bybit_page_20250814_234742.png'
2025-08-14 23:47:42 - INFO - Fetching BUY listings for USDT/EUR
2025-08-14 23:47:43 - INFO - Data successfully saved to SQLite database. New listings - Bybit: 4, Binance: 6
2025-08-14 23:47:43 - INFO - Browser session closed
2025-08-14 23:47:43 - INFO - SQLite database connection closed
