2024-12-10 00:59:44 - INFO - Logging initialized. Log file: pb2b/logs/bybit_scraper_20241210.log
2024-12-10 00:59:44 - INFO - DataSaver logging initialized. Log file: pb2b/logs/data_saver_20241210.log
2024-12-10 00:59:44 - INFO - Connected to SQLite database: pb2b/p2p_listings.db
2024-12-10 00:59:44 - INFO - Database tables created successfully
2024-12-10 00:59:44 - INFO - Attempt 1/10: Loading https://www.bybit.com/fiat/trade/otc?actionType=1&token=USDT&fiat=NGN
2024-12-10 00:59:55 - INFO - Screenshot saved as 'pb2b/screenshots/bybit_page_20241210_005955.png'
2024-12-10 00:59:56 - INFO - Fetching BUY listings for USDT/EUR
2024-12-10 00:59:56 - INFO - Data successfully saved to SQLite database. New listings - Bybit: 3, Binance: 6
2024-12-10 00:59:56 - INFO - Browser session closed
2024-12-10 00:59:56 - INFO - SQLite database connection closed
2024-12-10 08:11:51 - INFO - Logging initialized. Log file: pb2b/logs/bybit_scraper_20241210.log
2024-12-10 08:11:51 - INFO - DataSaver logging initialized. Log file: pb2b/logs/data_saver_20241210.log
2024-12-10 08:11:51 - INFO - Connected to SQLite database: pb2b/p2p_listings.db
2024-12-10 08:11:51 - INFO - Database tables created successfully
2024-12-10 08:11:51 - INFO - Attempt 1/10: Loading https://www.bybit.com/fiat/trade/otc?actionType=1&token=USDT&fiat=NGN
2024-12-10 08:12:02 - INFO - Screenshot saved as 'pb2b/screenshots/bybit_page_20241210_081202.png'
2024-12-10 08:12:03 - INFO - Fetching BUY listings for USDT/EUR
2024-12-10 08:12:03 - INFO - Data successfully saved to SQLite database. New listings - Bybit: 5, Binance: 6
2024-12-10 08:12:03 - INFO - Browser session closed
2024-12-10 08:12:03 - INFO - SQLite database connection closed
2024-12-10 08:14:43 - INFO - Logging initialized. Log file: pb2b/logs/bybit_scraper_20241210.log
2024-12-10 08:14:44 - INFO - DataSaver logging initialized. Log file: pb2b/logs/data_saver_20241210.log
2024-12-10 08:14:44 - INFO - Connected to SQLite database: pb2b/p2p_listings.db
2024-12-10 08:14:44 - INFO - Database tables created successfully
2024-12-10 08:14:44 - INFO - Attempt 1/10: Loading https://www.bybit.com/fiat/trade/otc?actionType=1&token=USDT&fiat=NGN
2024-12-10 08:14:54 - INFO - Screenshot saved as 'pb2b/screenshots/bybit_page_20241210_081454.png'
2024-12-10 08:14:54 - INFO - Fetching BUY listings for USDT/EUR
2024-12-10 08:14:55 - INFO - Data successfully saved to SQLite database. New listings - Bybit: 5, Binance: 6
2024-12-10 08:14:55 - INFO - Browser session closed
2024-12-10 08:14:55 - INFO - SQLite database connection closed
2024-12-10 08:22:37 - INFO - Logging initialized. Log file: pb2b/logs/bybit_scraper_20241210.log
2024-12-10 08:22:38 - INFO - DataSaver logging initialized. Log file: pb2b/logs/data_saver_20241210.log
2024-12-10 08:22:38 - INFO - Connected to SQLite database: pb2b/p2p_listings.db
2024-12-10 08:22:38 - INFO - Database tables created successfully
2024-12-10 08:22:38 - INFO - Attempt 1/10: Loading https://www.bybit.com/fiat/trade/otc?actionType=1&token=USDT&fiat=NGN
2024-12-10 08:22:48 - INFO - Screenshot saved as 'pb2b/screenshots/bybit_page_20241210_082248.png'
2024-12-10 08:22:49 - INFO - Fetching BUY listings for USDT/EUR
2024-12-10 08:22:49 - INFO - Data successfully saved to SQLite database. New listings - Bybit: 5, Binance: 6
2024-12-10 08:22:49 - INFO - Browser session closed
2024-12-10 08:22:49 - INFO - SQLite database connection closed
2024-12-10 08:43:06 - INFO - Logging initialized. Log file: pb2b/logs/bybit_scraper_20241210.log
2024-12-10 08:43:07 - INFO - DataSaver logging initialized. Log file: pb2b/logs/data_saver_20241210.log
2024-12-10 08:43:07 - INFO - Connected to SQLite database: pb2b/p2p_listings.db
2024-12-10 08:43:07 - INFO - Database tables created successfully
2024-12-10 08:43:07 - INFO - Attempt 1/10: Loading https://www.bybit.com/fiat/trade/otc?actionType=1&token=USDT&fiat=NGN
2024-12-10 08:43:17 - INFO - Screenshot saved as 'pb2b/screenshots/bybit_page_20241210_084317.png'
2024-12-10 08:43:18 - INFO - Fetching BUY listings for USDT/EUR
2024-12-10 08:43:18 - INFO - Data successfully saved to SQLite database. New listings - Bybit: 5, Binance: 6
2024-12-10 08:43:18 - INFO - Browser session closed
2024-12-10 08:43:18 - INFO - SQLite database connection closed
