2024-12-12 00:42:55 - INFO - Logging initialized. Log file: pb2b/logs/bybit_scraper_20241212.log
2024-12-12 00:42:55 - INFO - DataSaver logging initialized. Log file: pb2b/logs/data_saver_20241212.log
2024-12-12 00:42:55 - INFO - Connected to SQLite database: pb2b/p2p_listings.db
2024-12-12 00:42:55 - INFO - Database tables created successfully
2024-12-12 00:42:55 - INFO - Attempt 1/10: Loading https://www.bybit.com/fiat/trade/otc?actionType=1&token=USDT&fiat=NGN
2024-12-12 00:43:06 - INFO - Screenshot saved as 'pb2b/screenshots/bybit_page_20241212_004306.png'
2024-12-12 00:43:07 - INFO - Fetching BUY listings for USDT/EUR
2024-12-12 00:43:08 - INFO - Data successfully saved to SQLite database. New listings - Bybit: 5, Binance: 6
2024-12-12 00:43:08 - INFO - Browser session closed
2024-12-12 00:43:08 - INFO - SQLite database connection closed
2024-12-12 02:18:26 - INFO - Logging initialized. Log file: pb2b/logs/bybit_scraper_20241212.log
2024-12-12 02:18:26 - INFO - DataSaver logging initialized. Log file: pb2b/logs/data_saver_20241212.log
2024-12-12 02:18:26 - INFO - Connected to SQLite database: pb2b/p2p_listings.db
2024-12-12 02:18:26 - INFO - Database tables created successfully
2024-12-12 02:18:26 - INFO - Attempt 1/10: Loading https://www.bybit.com/fiat/trade/otc?actionType=1&token=USDT&fiat=NGN
2024-12-12 02:18:38 - INFO - Screenshot saved as 'pb2b/screenshots/bybit_page_20241212_021838.png'
2024-12-12 02:18:38 - INFO - Fetching BUY listings for USDT/EUR
2024-12-12 02:18:39 - INFO - Data successfully saved to SQLite database. New listings - Bybit: 5, Binance: 6
2024-12-12 02:18:39 - INFO - Browser session closed
2024-12-12 02:18:39 - INFO - SQLite database connection closed
2024-12-12 03:11:50 - INFO - Logging initialized. Log file: pb2b/logs/bybit_scraper_20241212.log
2024-12-12 03:11:51 - INFO - DataSaver logging initialized. Log file: pb2b/logs/data_saver_20241212.log
2024-12-12 03:11:51 - INFO - Connected to SQLite database: pb2b/p2p_listings.db
2024-12-12 03:11:51 - INFO - Database tables created successfully
2024-12-12 03:11:51 - INFO - Attempt 1/10: Loading https://www.bybit.com/fiat/trade/otc?actionType=1&token=USDT&fiat=NGN
2024-12-12 03:12:01 - INFO - Screenshot saved as 'pb2b/screenshots/bybit_page_20241212_031201.png'
2024-12-12 03:12:02 - INFO - Fetching BUY listings for USDT/EUR
2024-12-12 03:12:02 - INFO - Data successfully saved to SQLite database. New listings - Bybit: 5, Binance: 6
2024-12-12 03:12:02 - INFO - Browser session closed
2024-12-12 03:12:02 - INFO - SQLite database connection closed
2024-12-12 03:44:44 - INFO - Logging initialized. Log file: pb2b/logs/bybit_scraper_20241212.log
2024-12-12 03:44:46 - INFO - DataSaver logging initialized. Log file: pb2b/logs/data_saver_20241212.log
2024-12-12 03:44:46 - INFO - Connected to SQLite database: pb2b/p2p_listings.db
2024-12-12 03:44:46 - INFO - Database tables created successfully
2024-12-12 03:44:46 - INFO - Attempt 1/10: Loading https://www.bybit.com/fiat/trade/otc?actionType=1&token=USDT&fiat=NGN
2024-12-12 03:44:57 - INFO - Screenshot saved as 'pb2b/screenshots/bybit_page_20241212_034456.png'
2024-12-12 03:44:57 - INFO - Fetching BUY listings for USDT/EUR
2024-12-12 03:44:58 - INFO - Data successfully saved to SQLite database. New listings - Bybit: 5, Binance: 6
2024-12-12 03:44:58 - INFO - Browser session closed
2024-12-12 03:44:58 - INFO - SQLite database connection closed
2024-12-12 03:57:06 - INFO - Logging initialized. Log file: pb2b/logs/bybit_scraper_20241212.log
2024-12-12 03:57:07 - INFO - DataSaver logging initialized. Log file: pb2b/logs/data_saver_20241212.log
2024-12-12 03:57:07 - INFO - Connected to SQLite database: pb2b/p2p_listings.db
2024-12-12 03:57:07 - INFO - Database tables created successfully
2024-12-12 03:57:07 - INFO - Attempt 1/10: Loading https://www.bybit.com/fiat/trade/otc?actionType=1&token=USDT&fiat=NGN
2024-12-12 03:57:18 - INFO - Screenshot saved as 'pb2b/screenshots/bybit_page_20241212_035717.png'
2024-12-12 03:57:18 - INFO - Fetching BUY listings for USDT/EUR
2024-12-12 03:57:18 - INFO - Data successfully saved to SQLite database. New listings - Bybit: 5, Binance: 6
2024-12-12 03:57:19 - INFO - Browser session closed
2024-12-12 03:57:19 - INFO - SQLite database connection closed
