2025-09-02 00:47:32 - INFO - Logging initialized. Log file: pb2b/logs/bybit_scraper_20250902.log
2025-09-02 00:47:33 - INFO - DataSaver logging initialized. Log file: pb2b/logs/data_saver_20250902.log
2025-09-02 00:47:33 - INFO - Connected to SQLite database: pb2b/p2p_listings.db
2025-09-02 00:47:33 - INFO - Database tables created successfully
2025-09-02 00:47:33 - INFO - Attempt 1/10: Loading https://www.bybit.com/fiat/trade/otc?actionType=1&token=USDT&fiat=NGN
2025-09-02 00:47:43 - INFO - Screenshot saved as 'pb2b/screenshots/bybit_page_20250902_004743.png'
2025-09-02 00:47:43 - INFO - Fetching BUY listings for USDT/EUR
2025-09-02 00:47:44 - INFO - Data successfully saved to SQLite database. New listings - Bybit: 4, Binance: 6
2025-09-02 00:47:44 - INFO - Browser session closed
2025-09-02 00:47:44 - INFO - SQLite database connection closed
2025-09-02 02:23:28 - INFO - Logging initialized. Log file: pb2b/logs/bybit_scraper_20250902.log
2025-09-02 02:23:30 - INFO - DataSaver logging initialized. Log file: pb2b/logs/data_saver_20250902.log
2025-09-02 02:23:30 - INFO - Connected to SQLite database: pb2b/p2p_listings.db
2025-09-02 02:23:30 - INFO - Database tables created successfully
2025-09-02 02:23:30 - INFO - Attempt 1/10: Loading https://www.bybit.com/fiat/trade/otc?actionType=1&token=USDT&fiat=NGN
2025-09-02 02:23:40 - INFO - Screenshot saved as 'pb2b/screenshots/bybit_page_20250902_022340.png'
2025-09-02 02:23:41 - INFO - Fetching BUY listings for USDT/EUR
2025-09-02 02:23:42 - INFO - Data successfully saved to SQLite database. New listings - Bybit: 4, Binance: 6
2025-09-02 02:23:42 - INFO - Browser session closed
2025-09-02 02:23:42 - INFO - SQLite database connection closed
2025-09-02 03:30:39 - INFO - Logging initialized. Log file: pb2b/logs/bybit_scraper_20250902.log
2025-09-02 03:30:39 - INFO - DataSaver logging initialized. Log file: pb2b/logs/data_saver_20250902.log
2025-09-02 03:30:39 - INFO - Connected to SQLite database: pb2b/p2p_listings.db
2025-09-02 03:30:39 - INFO - Database tables created successfully
2025-09-02 03:30:39 - INFO - Attempt 1/10: Loading https://www.bybit.com/fiat/trade/otc?actionType=1&token=USDT&fiat=NGN
2025-09-02 03:30:49 - INFO - Screenshot saved as 'pb2b/screenshots/bybit_page_20250902_033049.png'
2025-09-02 03:30:50 - INFO - Fetching BUY listings for USDT/EUR
2025-09-02 03:30:51 - INFO - Data successfully saved to SQLite database. New listings - Bybit: 4, Binance: 6
2025-09-02 03:30:51 - INFO - Browser session closed
2025-09-02 03:30:51 - INFO - SQLite database connection closed
2025-09-02 03:56:12 - INFO - Logging initialized. Log file: pb2b/logs/bybit_scraper_20250902.log
2025-09-02 03:56:13 - INFO - DataSaver logging initialized. Log file: pb2b/logs/data_saver_20250902.log
2025-09-02 03:56:13 - INFO - Connected to SQLite database: pb2b/p2p_listings.db
2025-09-02 03:56:13 - INFO - Database tables created successfully
2025-09-02 03:56:13 - INFO - Attempt 1/10: Loading https://www.bybit.com/fiat/trade/otc?actionType=1&token=USDT&fiat=NGN
2025-09-02 03:56:24 - INFO - Screenshot saved as 'pb2b/screenshots/bybit_page_20250902_035624.png'
2025-09-02 03:56:25 - INFO - Fetching BUY listings for USDT/EUR
2025-09-02 03:56:26 - INFO - Data successfully saved to SQLite database. New listings - Bybit: 11, Binance: 6
2025-09-02 03:56:26 - INFO - Browser session closed
2025-09-02 03:56:26 - INFO - SQLite database connection closed
