2025-02-16 01:21:43 - INFO - Logging initialized. Log file: pb2b/logs/bybit_scraper_20250216.log
2025-02-16 01:21:45 - INFO - DataSaver logging initialized. Log file: pb2b/logs/data_saver_20250216.log
2025-02-16 01:21:45 - INFO - Connected to SQLite database: pb2b/p2p_listings.db
2025-02-16 01:21:45 - INFO - Database tables created successfully
2025-02-16 01:21:45 - INFO - Attempt 1/10: Loading https://www.bybit.com/fiat/trade/otc?actionType=1&token=USDT&fiat=NGN
2025-02-16 01:21:55 - INFO - Screenshot saved as 'pb2b/screenshots/bybit_page_20250216_012155.png'
2025-02-16 01:21:56 - INFO - Fetching BUY listings for USDT/EUR
2025-02-16 01:21:56 - INFO - Data successfully saved to SQLite database. New listings - Bybit: 4, Binance: 6
2025-02-16 01:21:56 - INFO - Browser session closed
2025-02-16 01:21:56 - INFO - SQLite database connection closed
2025-02-16 02:37:17 - INFO - Logging initialized. Log file: pb2b/logs/bybit_scraper_20250216.log
2025-02-16 02:37:18 - INFO - DataSaver logging initialized. Log file: pb2b/logs/data_saver_20250216.log
2025-02-16 02:37:18 - INFO - Connected to SQLite database: pb2b/p2p_listings.db
2025-02-16 02:37:18 - INFO - Database tables created successfully
2025-02-16 02:37:18 - INFO - Attempt 1/10: Loading https://www.bybit.com/fiat/trade/otc?actionType=1&token=USDT&fiat=NGN
2025-02-16 02:37:28 - INFO - Screenshot saved as 'pb2b/screenshots/bybit_page_20250216_023728.png'
2025-02-16 02:37:29 - INFO - Fetching BUY listings for USDT/EUR
2025-02-16 02:37:29 - INFO - Data successfully saved to SQLite database. New listings - Bybit: 4, Binance: 6
2025-02-16 02:37:29 - INFO - Browser session closed
2025-02-16 02:37:29 - INFO - SQLite database connection closed
2025-02-16 03:14:16 - INFO - Logging initialized. Log file: pb2b/logs/bybit_scraper_20250216.log
2025-02-16 03:14:17 - INFO - DataSaver logging initialized. Log file: pb2b/logs/data_saver_20250216.log
2025-02-16 03:14:17 - INFO - Connected to SQLite database: pb2b/p2p_listings.db
2025-02-16 03:14:17 - INFO - Database tables created successfully
2025-02-16 03:14:17 - INFO - Attempt 1/10: Loading https://www.bybit.com/fiat/trade/otc?actionType=1&token=USDT&fiat=NGN
2025-02-16 03:14:27 - INFO - Screenshot saved as 'pb2b/screenshots/bybit_page_20250216_031427.png'
2025-02-16 03:14:28 - INFO - Fetching BUY listings for USDT/EUR
2025-02-16 03:14:28 - INFO - Data successfully saved to SQLite database. New listings - Bybit: 4, Binance: 6
2025-02-16 03:14:29 - INFO - Browser session closed
2025-02-16 03:14:29 - INFO - SQLite database connection closed
2025-02-16 03:38:14 - INFO - Logging initialized. Log file: pb2b/logs/bybit_scraper_20250216.log
2025-02-16 03:38:15 - INFO - DataSaver logging initialized. Log file: pb2b/logs/data_saver_20250216.log
2025-02-16 03:38:15 - INFO - Connected to SQLite database: pb2b/p2p_listings.db
2025-02-16 03:38:15 - INFO - Database tables created successfully
2025-02-16 03:38:15 - INFO - Attempt 1/10: Loading https://www.bybit.com/fiat/trade/otc?actionType=1&token=USDT&fiat=NGN
2025-02-16 03:38:25 - INFO - Screenshot saved as 'pb2b/screenshots/bybit_page_20250216_033825.png'
2025-02-16 03:38:26 - INFO - Fetching BUY listings for USDT/EUR
2025-02-16 03:38:26 - INFO - Data successfully saved to SQLite database. New listings - Bybit: 4, Binance: 6
2025-02-16 03:38:26 - INFO - Browser session closed
2025-02-16 03:38:26 - INFO - SQLite database connection closed
2025-02-16 03:51:47 - INFO - Logging initialized. Log file: pb2b/logs/bybit_scraper_20250216.log
2025-02-16 03:51:48 - INFO - DataSaver logging initialized. Log file: pb2b/logs/data_saver_20250216.log
2025-02-16 03:51:48 - INFO - Connected to SQLite database: pb2b/p2p_listings.db
2025-02-16 03:51:48 - INFO - Database tables created successfully
2025-02-16 03:51:48 - INFO - Attempt 1/10: Loading https://www.bybit.com/fiat/trade/otc?actionType=1&token=USDT&fiat=NGN
2025-02-16 03:52:00 - INFO - Screenshot saved as 'pb2b/screenshots/bybit_page_20250216_035200.png'
2025-02-16 03:52:01 - INFO - Fetching BUY listings for USDT/EUR
2025-02-16 03:52:01 - INFO - Data successfully saved to SQLite database. New listings - Bybit: 4, Binance: 6
2025-02-16 03:52:01 - INFO - Browser session closed
2025-02-16 03:52:01 - INFO - SQLite database connection closed
2025-02-16 04:16:59 - INFO - Logging initialized. Log file: pb2b/logs/bybit_scraper_20250216.log
2025-02-16 04:17:00 - INFO - DataSaver logging initialized. Log file: pb2b/logs/data_saver_20250216.log
2025-02-16 04:17:00 - INFO - Connected to SQLite database: pb2b/p2p_listings.db
2025-02-16 04:17:00 - INFO - Database tables created successfully
2025-02-16 04:17:00 - INFO - Attempt 1/10: Loading https://www.bybit.com/fiat/trade/otc?actionType=1&token=USDT&fiat=NGN
2025-02-16 04:17:10 - INFO - Screenshot saved as 'pb2b/screenshots/bybit_page_20250216_041710.png'
2025-02-16 04:17:10 - INFO - Fetching BUY listings for USDT/EUR
2025-02-16 04:17:11 - INFO - Data successfully saved to SQLite database. New listings - Bybit: 4, Binance: 6
2025-02-16 04:17:11 - INFO - Browser session closed
2025-02-16 04:17:11 - INFO - SQLite database connection closed
2025-02-16 04:35:44 - INFO - Logging initialized. Log file: pb2b/logs/bybit_scraper_20250216.log
2025-02-16 04:35:45 - INFO - DataSaver logging initialized. Log file: pb2b/logs/data_saver_20250216.log
2025-02-16 04:35:45 - INFO - Connected to SQLite database: pb2b/p2p_listings.db
2025-02-16 04:35:45 - INFO - Database tables created successfully
2025-02-16 04:35:45 - INFO - Attempt 1/10: Loading https://www.bybit.com/fiat/trade/otc?actionType=1&token=USDT&fiat=NGN
2025-02-16 04:35:56 - INFO - Screenshot saved as 'pb2b/screenshots/bybit_page_20250216_043556.png'
2025-02-16 04:35:56 - INFO - Fetching BUY listings for USDT/EUR
2025-02-16 04:35:57 - INFO - Data successfully saved to SQLite database. New listings - Bybit: 4, Binance: 6
2025-02-16 04:35:57 - INFO - Browser session closed
2025-02-16 04:35:57 - INFO - SQLite database connection closed
2025-02-16 04:48:54 - INFO - Logging initialized. Log file: pb2b/logs/bybit_scraper_20250216.log
2025-02-16 04:48:55 - INFO - DataSaver logging initialized. Log file: pb2b/logs/data_saver_20250216.log
2025-02-16 04:48:55 - INFO - Connected to SQLite database: pb2b/p2p_listings.db
2025-02-16 04:48:55 - INFO - Database tables created successfully
2025-02-16 04:48:55 - INFO - Attempt 1/10: Loading https://www.bybit.com/fiat/trade/otc?actionType=1&token=USDT&fiat=NGN
2025-02-16 04:49:06 - INFO - Screenshot saved as 'pb2b/screenshots/bybit_page_20250216_044906.png'
2025-02-16 04:49:07 - INFO - Fetching BUY listings for USDT/EUR
2025-02-16 04:49:07 - INFO - Data successfully saved to SQLite database. New listings - Bybit: 4, Binance: 6
2025-02-16 04:49:07 - INFO - Browser session closed
2025-02-16 04:49:07 - INFO - SQLite database connection closed
2025-02-16 05:08:29 - INFO - Logging initialized. Log file: pb2b/logs/bybit_scraper_20250216.log
2025-02-16 05:08:30 - INFO - DataSaver logging initialized. Log file: pb2b/logs/data_saver_20250216.log
2025-02-16 05:08:30 - INFO - Connected to SQLite database: pb2b/p2p_listings.db
2025-02-16 05:08:30 - INFO - Database tables created successfully
2025-02-16 05:08:30 - INFO - Attempt 1/10: Loading https://www.bybit.com/fiat/trade/otc?actionType=1&token=USDT&fiat=NGN
2025-02-16 05:08:39 - INFO - Screenshot saved as 'pb2b/screenshots/bybit_page_20250216_050838.png'
2025-02-16 05:08:39 - INFO - Fetching BUY listings for USDT/EUR
2025-02-16 05:08:40 - INFO - Data successfully saved to SQLite database. New listings - Bybit: 4, Binance: 6
2025-02-16 05:08:41 - INFO - Browser session closed
2025-02-16 05:08:41 - INFO - SQLite database connection closed
2025-02-16 05:30:51 - INFO - Logging initialized. Log file: pb2b/logs/bybit_scraper_20250216.log
2025-02-16 05:30:52 - INFO - DataSaver logging initialized. Log file: pb2b/logs/data_saver_20250216.log
2025-02-16 05:30:52 - INFO - Connected to SQLite database: pb2b/p2p_listings.db
2025-02-16 05:30:52 - INFO - Database tables created successfully
2025-02-16 05:30:52 - INFO - Attempt 1/10: Loading https://www.bybit.com/fiat/trade/otc?actionType=1&token=USDT&fiat=NGN
2025-02-16 05:31:03 - INFO - Screenshot saved as 'pb2b/screenshots/bybit_page_20250216_053103.png'
2025-02-16 05:31:03 - INFO - Fetching BUY listings for USDT/EUR
2025-02-16 05:31:04 - INFO - Data successfully saved to SQLite database. New listings - Bybit: 4, Binance: 6
2025-02-16 05:31:04 - INFO - Browser session closed
2025-02-16 05:31:04 - INFO - SQLite database connection closed
2025-02-16 05:44:02 - INFO - Logging initialized. Log file: pb2b/logs/bybit_scraper_20250216.log
2025-02-16 05:44:03 - INFO - DataSaver logging initialized. Log file: pb2b/logs/data_saver_20250216.log
2025-02-16 05:44:03 - INFO - Connected to SQLite database: pb2b/p2p_listings.db
2025-02-16 05:44:03 - INFO - Database tables created successfully
2025-02-16 05:44:03 - INFO - Attempt 1/10: Loading https://www.bybit.com/fiat/trade/otc?actionType=1&token=USDT&fiat=NGN
2025-02-16 05:44:14 - INFO - Screenshot saved as 'pb2b/screenshots/bybit_page_20250216_054414.png'
2025-02-16 05:44:14 - INFO - Fetching BUY listings for USDT/EUR
2025-02-16 05:44:15 - INFO - Data successfully saved to SQLite database. New listings - Bybit: 4, Binance: 6
2025-02-16 05:44:15 - INFO - Browser session closed
2025-02-16 05:44:15 - INFO - SQLite database connection closed
2025-02-16 05:57:18 - INFO - Logging initialized. Log file: pb2b/logs/bybit_scraper_20250216.log
2025-02-16 05:57:19 - INFO - DataSaver logging initialized. Log file: pb2b/logs/data_saver_20250216.log
2025-02-16 05:57:19 - INFO - Connected to SQLite database: pb2b/p2p_listings.db
2025-02-16 05:57:19 - INFO - Database tables created successfully
2025-02-16 05:57:19 - INFO - Attempt 1/10: Loading https://www.bybit.com/fiat/trade/otc?actionType=1&token=USDT&fiat=NGN
2025-02-16 05:57:30 - INFO - Screenshot saved as 'pb2b/screenshots/bybit_page_20250216_055730.png'
2025-02-16 05:57:30 - INFO - Fetching BUY listings for USDT/EUR
2025-02-16 05:57:31 - INFO - Data successfully saved to SQLite database. New listings - Bybit: 4, Binance: 6
2025-02-16 05:57:31 - INFO - Browser session closed
2025-02-16 05:57:31 - INFO - SQLite database connection closed
2025-02-16 06:31:09 - INFO - Logging initialized. Log file: pb2b/logs/bybit_scraper_20250216.log
2025-02-16 06:31:09 - INFO - DataSaver logging initialized. Log file: pb2b/logs/data_saver_20250216.log
2025-02-16 06:31:09 - INFO - Connected to SQLite database: pb2b/p2p_listings.db
2025-02-16 06:31:09 - INFO - Database tables created successfully
2025-02-16 06:31:09 - INFO - Attempt 1/10: Loading https://www.bybit.com/fiat/trade/otc?actionType=1&token=USDT&fiat=NGN
2025-02-16 06:31:20 - INFO - Screenshot saved as 'pb2b/screenshots/bybit_page_20250216_063119.png'
2025-02-16 06:31:20 - INFO - Fetching BUY listings for USDT/EUR
2025-02-16 06:31:21 - INFO - Data successfully saved to SQLite database. New listings - Bybit: 4, Binance: 6
2025-02-16 06:31:21 - INFO - Browser session closed
2025-02-16 06:31:21 - INFO - SQLite database connection closed
