2026-03-09 00:00:00 - INFO - Logging initialized. Log file: pb2b/logs/bybit_scraper_20260309.log
2026-03-09 00:00:02 - INFO - DataSaver logging initialized. Log file: pb2b/logs/data_saver_20260309.log
2026-03-09 00:00:02 - INFO - Connected to SQLite database: pb2b/p2p_listings.db
2026-03-09 00:00:02 - INFO - Database tables created successfully
2026-03-09 00:00:02 - INFO - Attempt 1/10: Loading https://www.bybit.com/fiat/trade/otc?actionType=1&token=USDT&fiat=NGN
2026-03-09 00:00:09 - INFO - Screenshot saved as 'pb2b/screenshots/bybit_page_20260309_000009.png'
2026-03-09 00:00:09 - WARNING - Error parsing row: Message: no such element: Unable to locate element: {"method":"css selector","selector":"td:nth-child(2)"}
  (Session info: chrome=145.0.7632.159); For documentation on this error, please visit: https://www.selenium.dev/documentation/webdriver/troubleshooting/errors#nosuchelementexception
Stacktrace:
#0 0x5562e2f15b6a <unknown>
#1 0x5562e2928a32 <unknown>
#2 0x5562e297dd66 <unknown>
#3 0x5562e297dfa1 <unknown>
#4 0x5562e2971736 <unknown>
#5 0x5562e2971617 <unknown>
#6 0x5562e29c6369 <unknown>
#7 0x5562e296fc0f <unknown>
#8 0x5562e29709d1 <unknown>
#9 0x5562e2eda6b9 <unknown>
#10 0x5562e2edd5c1 <unknown>
#11 0x5562e2ec6e29 <unknown>
#12 0x5562e2ede17e <unknown>
#13 0x5562e2ead4b0 <unknown>
#14 0x5562e2f02578 <unknown>
#15 0x5562e2f0274b <unknown>
#16 0x5562e2f141a3 <unknown>
#17 0x7fd4dc69caa4 <unknown>
#18 0x7fd4dc729c6c <unknown>

2026-03-09 00:00:09 - WARNING - Error parsing row: Message: no such element: Unable to locate element: {"method":"css selector","selector":"td:nth-child(2)"}
  (Session info: chrome=145.0.7632.159); For documentation on this error, please visit: https://www.selenium.dev/documentation/webdriver/troubleshooting/errors#nosuchelementexception
Stacktrace:
#0 0x5562e2f15b6a <unknown>
#1 0x5562e2928a32 <unknown>
#2 0x5562e297dd66 <unknown>
#3 0x5562e297dfa1 <unknown>
#4 0x5562e2971736 <unknown>
#5 0x5562e2971617 <unknown>
#6 0x5562e29c6369 <unknown>
#7 0x5562e296fc0f <unknown>
#8 0x5562e29709d1 <unknown>
#9 0x5562e2eda6b9 <unknown>
#10 0x5562e2edd5c1 <unknown>
#11 0x5562e2ec6e29 <unknown>
#12 0x5562e2ede17e <unknown>
#13 0x5562e2ead4b0 <unknown>
#14 0x5562e2f02578 <unknown>
#15 0x5562e2f0274b <unknown>
#16 0x5562e2f141a3 <unknown>
#17 0x7fd4dc69caa4 <unknown>
#18 0x7fd4dc729c6c <unknown>

2026-03-09 00:00:09 - INFO - Fetching BUY listings for USDT/EUR
2026-03-09 00:00:10 - INFO - Data successfully saved to SQLite database. New listings - Bybit: 4, Binance: 6
2026-03-09 00:00:10 - INFO - Browser session closed
2026-03-09 00:00:10 - INFO - SQLite database connection closed
