2025-09-29 02:04:07 - INFO - Logging initialized. Log file: pb2b/logs/bybit_scraper_20250929.log
2025-09-29 02:04:09 - INFO - DataSaver logging initialized. Log file: pb2b/logs/data_saver_20250929.log
2025-09-29 02:04:09 - INFO - Connected to SQLite database: pb2b/p2p_listings.db
2025-09-29 02:04:09 - INFO - Database tables created successfully
2025-09-29 02:04:09 - INFO - Attempt 1/10: Loading https://www.bybit.com/fiat/trade/otc?actionType=1&token=USDT&fiat=NGN
2025-09-29 02:04:20 - INFO - Screenshot saved as 'pb2b/screenshots/bybit_page_20250929_020419.png'
2025-09-29 02:04:20 - INFO - Fetching BUY listings for USDT/EUR
2025-09-29 02:04:21 - INFO - Data successfully saved to SQLite database. New listings - Bybit: 4, Binance: 6
2025-09-29 02:04:21 - INFO - Browser session closed
2025-09-29 02:04:21 - INFO - SQLite database connection closed
2025-09-29 03:16:07 - INFO - Logging initialized. Log file: pb2b/logs/bybit_scraper_20250929.log
2025-09-29 03:16:11 - INFO - DataSaver logging initialized. Log file: pb2b/logs/data_saver_20250929.log
2025-09-29 03:16:11 - INFO - Connected to SQLite database: pb2b/p2p_listings.db
2025-09-29 03:16:11 - INFO - Database tables created successfully
2025-09-29 03:16:11 - INFO - Attempt 1/10: Loading https://www.bybit.com/fiat/trade/otc?actionType=1&token=USDT&fiat=NGN
2025-09-29 03:16:20 - INFO - Screenshot saved as 'pb2b/screenshots/bybit_page_20250929_031620.png'
2025-09-29 03:16:20 - INFO - Fetching BUY listings for USDT/EUR
2025-09-29 03:16:21 - INFO - Data successfully saved to SQLite database. New listings - Bybit: 4, Binance: 6
2025-09-29 03:16:21 - INFO - Browser session closed
2025-09-29 03:16:21 - INFO - SQLite database connection closed
2025-09-29 03:50:11 - INFO - Logging initialized. Log file: pb2b/logs/bybit_scraper_20250929.log
2025-09-29 03:50:13 - INFO - DataSaver logging initialized. Log file: pb2b/logs/data_saver_20250929.log
2025-09-29 03:50:13 - INFO - Connected to SQLite database: pb2b/p2p_listings.db
2025-09-29 03:50:13 - INFO - Database tables created successfully
2025-09-29 03:50:13 - INFO - Attempt 1/10: Loading https://www.bybit.com/fiat/trade/otc?actionType=1&token=USDT&fiat=NGN
2025-09-29 03:50:23 - INFO - Screenshot saved as 'pb2b/screenshots/bybit_page_20250929_035023.png'
2025-09-29 03:50:23 - INFO - Fetching BUY listings for USDT/EUR
2025-09-29 03:50:24 - INFO - Data successfully saved to SQLite database. New listings - Bybit: 4, Binance: 6
2025-09-29 03:50:24 - INFO - Browser session closed
2025-09-29 03:50:24 - INFO - SQLite database connection closed
2025-09-29 04:03:58 - INFO - Logging initialized. Log file: pb2b/logs/bybit_scraper_20250929.log
2025-09-29 04:04:00 - INFO - DataSaver logging initialized. Log file: pb2b/logs/data_saver_20250929.log
2025-09-29 04:04:00 - INFO - Connected to SQLite database: pb2b/p2p_listings.db
2025-09-29 04:04:00 - INFO - Database tables created successfully
2025-09-29 04:04:00 - INFO - Attempt 1/10: Loading https://www.bybit.com/fiat/trade/otc?actionType=1&token=USDT&fiat=NGN
2025-09-29 04:04:09 - INFO - Screenshot saved as 'pb2b/screenshots/bybit_page_20250929_040409.png'
2025-09-29 04:04:09 - INFO - Fetching BUY listings for USDT/EUR
2025-09-29 04:04:10 - INFO - Data successfully saved to SQLite database. New listings - Bybit: 4, Binance: 6
2025-09-29 04:04:10 - INFO - Browser session closed
2025-09-29 04:04:10 - INFO - SQLite database connection closed
2025-09-29 04:39:48 - INFO - Logging initialized. Log file: pb2b/logs/bybit_scraper_20250929.log
2025-09-29 04:39:50 - INFO - DataSaver logging initialized. Log file: pb2b/logs/data_saver_20250929.log
2025-09-29 04:39:50 - INFO - Connected to SQLite database: pb2b/p2p_listings.db
2025-09-29 04:39:50 - INFO - Database tables created successfully
2025-09-29 04:39:50 - INFO - Attempt 1/10: Loading https://www.bybit.com/fiat/trade/otc?actionType=1&token=USDT&fiat=NGN
2025-09-29 04:39:59 - INFO - Screenshot saved as 'pb2b/screenshots/bybit_page_20250929_043959.png'
2025-09-29 04:39:59 - INFO - Fetching BUY listings for USDT/EUR
2025-09-29 04:40:00 - INFO - Data successfully saved to SQLite database. New listings - Bybit: 4, Binance: 6
2025-09-29 04:40:00 - INFO - Browser session closed
2025-09-29 04:40:00 - INFO - SQLite database connection closed
2025-09-29 04:51:56 - INFO - Logging initialized. Log file: pb2b/logs/bybit_scraper_20250929.log
2025-09-29 04:51:57 - INFO - DataSaver logging initialized. Log file: pb2b/logs/data_saver_20250929.log
2025-09-29 04:51:57 - INFO - Connected to SQLite database: pb2b/p2p_listings.db
2025-09-29 04:51:57 - INFO - Database tables created successfully
2025-09-29 04:51:57 - INFO - Attempt 1/10: Loading https://www.bybit.com/fiat/trade/otc?actionType=1&token=USDT&fiat=NGN
2025-09-29 04:52:06 - INFO - Screenshot saved as 'pb2b/screenshots/bybit_page_20250929_045206.png'
2025-09-29 04:52:07 - INFO - Fetching BUY listings for USDT/EUR
2025-09-29 04:52:07 - INFO - Data successfully saved to SQLite database. New listings - Bybit: 4, Binance: 6
2025-09-29 04:52:07 - INFO - Browser session closed
2025-09-29 04:52:07 - INFO - SQLite database connection closed
2025-09-29 05:14:44 - INFO - Logging initialized. Log file: pb2b/logs/bybit_scraper_20250929.log
2025-09-29 05:14:45 - INFO - DataSaver logging initialized. Log file: pb2b/logs/data_saver_20250929.log
2025-09-29 05:14:45 - INFO - Connected to SQLite database: pb2b/p2p_listings.db
2025-09-29 05:14:45 - INFO - Database tables created successfully
2025-09-29 05:14:45 - INFO - Attempt 1/10: Loading https://www.bybit.com/fiat/trade/otc?actionType=1&token=USDT&fiat=NGN
2025-09-29 05:14:54 - INFO - Screenshot saved as 'pb2b/screenshots/bybit_page_20250929_051454.png'
2025-09-29 05:14:54 - INFO - Fetching BUY listings for USDT/EUR
2025-09-29 05:14:55 - INFO - Data successfully saved to SQLite database. New listings - Bybit: 4, Binance: 6
2025-09-29 05:14:55 - INFO - Browser session closed
2025-09-29 05:14:55 - INFO - SQLite database connection closed
2025-09-29 05:38:01 - INFO - Logging initialized. Log file: pb2b/logs/bybit_scraper_20250929.log
2025-09-29 05:38:02 - INFO - DataSaver logging initialized. Log file: pb2b/logs/data_saver_20250929.log
2025-09-29 05:38:02 - INFO - Connected to SQLite database: pb2b/p2p_listings.db
2025-09-29 05:38:02 - INFO - Database tables created successfully
2025-09-29 05:38:02 - INFO - Attempt 1/10: Loading https://www.bybit.com/fiat/trade/otc?actionType=1&token=USDT&fiat=NGN
2025-09-29 05:38:11 - INFO - Screenshot saved as 'pb2b/screenshots/bybit_page_20250929_053811.png'
2025-09-29 05:38:12 - INFO - Fetching BUY listings for USDT/EUR
2025-09-29 05:38:12 - INFO - Data successfully saved to SQLite database. New listings - Bybit: 4, Binance: 6
2025-09-29 05:38:13 - INFO - Browser session closed
2025-09-29 05:38:13 - INFO - SQLite database connection closed
2025-09-29 05:52:02 - INFO - Logging initialized. Log file: pb2b/logs/bybit_scraper_20250929.log
2025-09-29 05:52:04 - INFO - DataSaver logging initialized. Log file: pb2b/logs/data_saver_20250929.log
2025-09-29 05:52:04 - INFO - Connected to SQLite database: pb2b/p2p_listings.db
2025-09-29 05:52:04 - INFO - Database tables created successfully
2025-09-29 05:52:04 - INFO - Attempt 1/10: Loading https://www.bybit.com/fiat/trade/otc?actionType=1&token=USDT&fiat=NGN
2025-09-29 05:52:13 - INFO - Screenshot saved as 'pb2b/screenshots/bybit_page_20250929_055213.png'
2025-09-29 05:52:14 - INFO - Fetching BUY listings for USDT/EUR
2025-09-29 05:52:14 - INFO - Data successfully saved to SQLite database. New listings - Bybit: 4, Binance: 6
2025-09-29 05:52:15 - INFO - Browser session closed
2025-09-29 05:52:15 - INFO - SQLite database connection closed
2025-09-29 06:04:46 - INFO - Logging initialized. Log file: pb2b/logs/bybit_scraper_20250929.log
2025-09-29 06:04:47 - INFO - DataSaver logging initialized. Log file: pb2b/logs/data_saver_20250929.log
2025-09-29 06:04:47 - INFO - Connected to SQLite database: pb2b/p2p_listings.db
2025-09-29 06:04:47 - INFO - Database tables created successfully
2025-09-29 06:04:47 - INFO - Attempt 1/10: Loading https://www.bybit.com/fiat/trade/otc?actionType=1&token=USDT&fiat=NGN
2025-09-29 06:04:56 - INFO - Screenshot saved as 'pb2b/screenshots/bybit_page_20250929_060456.png'
2025-09-29 06:04:56 - INFO - Fetching BUY listings for USDT/EUR
2025-09-29 06:04:57 - INFO - Data successfully saved to SQLite database. New listings - Bybit: 4, Binance: 6
2025-09-29 06:04:57 - INFO - Browser session closed
2025-09-29 06:04:57 - INFO - SQLite database connection closed
