2024-12-30 01:51:43 - INFO - Logging initialized. Log file: pb2b/logs/bybit_scraper_20241230.log
2024-12-30 01:51:44 - INFO - DataSaver logging initialized. Log file: pb2b/logs/data_saver_20241230.log
2024-12-30 01:51:44 - INFO - Connected to SQLite database: pb2b/p2p_listings.db
2024-12-30 01:51:44 - INFO - Database tables created successfully
2024-12-30 01:51:44 - INFO - Attempt 1/10: Loading https://www.bybit.com/fiat/trade/otc?actionType=1&token=USDT&fiat=NGN
2024-12-30 01:51:53 - INFO - Screenshot saved as 'pb2b/screenshots/bybit_page_20241230_015153.png'
2024-12-30 01:51:54 - INFO - Fetching BUY listings for USDT/EUR
2024-12-30 01:51:54 - INFO - Data successfully saved to SQLite database. New listings - Bybit: 4, Binance: 6
2024-12-30 01:51:55 - INFO - Browser session closed
2024-12-30 01:51:55 - INFO - SQLite database connection closed
2024-12-30 02:49:31 - INFO - Logging initialized. Log file: pb2b/logs/bybit_scraper_20241230.log
2024-12-30 02:49:32 - INFO - DataSaver logging initialized. Log file: pb2b/logs/data_saver_20241230.log
2024-12-30 02:49:32 - INFO - Connected to SQLite database: pb2b/p2p_listings.db
2024-12-30 02:49:32 - INFO - Database tables created successfully
2024-12-30 02:49:32 - INFO - Attempt 1/10: Loading https://www.bybit.com/fiat/trade/otc?actionType=1&token=USDT&fiat=NGN
2024-12-30 02:49:43 - INFO - Screenshot saved as 'pb2b/screenshots/bybit_page_20241230_024942.png'
2024-12-30 02:49:43 - INFO - Fetching BUY listings for USDT/EUR
2024-12-30 02:49:43 - INFO - Data successfully saved to SQLite database. New listings - Bybit: 4, Binance: 6
2024-12-30 02:49:43 - INFO - Browser session closed
2024-12-30 02:49:43 - INFO - SQLite database connection closed
2024-12-30 03:17:24 - INFO - Logging initialized. Log file: pb2b/logs/bybit_scraper_20241230.log
2024-12-30 03:17:26 - INFO - DataSaver logging initialized. Log file: pb2b/logs/data_saver_20241230.log
2024-12-30 03:17:26 - INFO - Connected to SQLite database: pb2b/p2p_listings.db
2024-12-30 03:17:26 - INFO - Database tables created successfully
2024-12-30 03:17:26 - INFO - Attempt 1/10: Loading https://www.bybit.com/fiat/trade/otc?actionType=1&token=USDT&fiat=NGN
2024-12-30 03:17:37 - INFO - Screenshot saved as 'pb2b/screenshots/bybit_page_20241230_031736.png'
2024-12-30 03:17:37 - INFO - Fetching BUY listings for USDT/EUR
2024-12-30 03:17:37 - INFO - Data successfully saved to SQLite database. New listings - Bybit: 4, Binance: 6
2024-12-30 03:17:37 - INFO - Browser session closed
2024-12-30 03:17:37 - INFO - SQLite database connection closed
