2025-11-01 01:29:17 - INFO - Logging initialized. Log file: pb2b/logs/bybit_scraper_20251101.log
2025-11-01 01:29:22 - INFO - DataSaver logging initialized. Log file: pb2b/logs/data_saver_20251101.log
2025-11-01 01:29:22 - INFO - Connected to SQLite database: pb2b/p2p_listings.db
2025-11-01 01:29:22 - INFO - Database tables created successfully
2025-11-01 01:29:22 - INFO - Attempt 1/10: Loading https://www.bybit.com/fiat/trade/otc?actionType=1&token=USDT&fiat=NGN
2025-11-01 01:29:33 - INFO - Screenshot saved as 'pb2b/screenshots/bybit_page_20251101_012933.png'
2025-11-01 01:29:33 - INFO - Fetching BUY listings for USDT/EUR
2025-11-01 01:29:34 - INFO - Data successfully saved to SQLite database. New listings - Bybit: 4, Binance: 6
2025-11-01 01:29:34 - INFO - Browser session closed
2025-11-01 01:29:34 - INFO - SQLite database connection closed
2025-11-01 03:03:14 - INFO - Logging initialized. Log file: pb2b/logs/bybit_scraper_20251101.log
2025-11-01 03:03:26 - INFO - DataSaver logging initialized. Log file: pb2b/logs/data_saver_20251101.log
2025-11-01 03:03:26 - INFO - Connected to SQLite database: pb2b/p2p_listings.db
2025-11-01 03:03:26 - INFO - Database tables created successfully
2025-11-01 03:03:26 - INFO - Attempt 1/10: Loading https://www.bybit.com/fiat/trade/otc?actionType=1&token=USDT&fiat=NGN
2025-11-01 03:03:37 - INFO - Screenshot saved as 'pb2b/screenshots/bybit_page_20251101_030337.png'
2025-11-01 03:03:37 - INFO - Fetching BUY listings for USDT/EUR
2025-11-01 03:03:38 - INFO - Data successfully saved to SQLite database. New listings - Bybit: 4, Binance: 6
2025-11-01 03:03:38 - INFO - Browser session closed
2025-11-01 03:03:38 - INFO - SQLite database connection closed
2025-11-01 03:51:07 - INFO - Logging initialized. Log file: pb2b/logs/bybit_scraper_20251101.log
2025-11-01 03:51:20 - INFO - DataSaver logging initialized. Log file: pb2b/logs/data_saver_20251101.log
2025-11-01 03:51:20 - INFO - Connected to SQLite database: pb2b/p2p_listings.db
2025-11-01 03:51:20 - INFO - Database tables created successfully
2025-11-01 03:51:20 - INFO - Attempt 1/10: Loading https://www.bybit.com/fiat/trade/otc?actionType=1&token=USDT&fiat=NGN
2025-11-01 03:51:33 - INFO - Screenshot saved as 'pb2b/screenshots/bybit_page_20251101_035133.png'
2025-11-01 03:51:33 - INFO - Fetching BUY listings for USDT/EUR
2025-11-01 03:51:34 - INFO - Data successfully saved to SQLite database. New listings - Bybit: 4, Binance: 6
2025-11-01 03:51:34 - INFO - Browser session closed
2025-11-01 03:51:34 - INFO - SQLite database connection closed
2025-11-01 04:04:40 - INFO - Logging initialized. Log file: pb2b/logs/bybit_scraper_20251101.log
2025-11-01 04:04:42 - INFO - DataSaver logging initialized. Log file: pb2b/logs/data_saver_20251101.log
2025-11-01 04:04:42 - INFO - Connected to SQLite database: pb2b/p2p_listings.db
2025-11-01 04:04:42 - INFO - Database tables created successfully
2025-11-01 04:04:42 - INFO - Attempt 1/10: Loading https://www.bybit.com/fiat/trade/otc?actionType=1&token=USDT&fiat=NGN
2025-11-01 04:04:52 - INFO - Screenshot saved as 'pb2b/screenshots/bybit_page_20251101_040452.png'
2025-11-01 04:04:53 - INFO - Fetching BUY listings for USDT/EUR
2025-11-01 04:04:53 - INFO - Data successfully saved to SQLite database. New listings - Bybit: 4, Binance: 6
2025-11-01 04:04:53 - INFO - Browser session closed
2025-11-01 04:04:53 - INFO - SQLite database connection closed
2025-11-01 04:34:16 - INFO - Logging initialized. Log file: pb2b/logs/bybit_scraper_20251101.log
2025-11-01 04:34:25 - INFO - DataSaver logging initialized. Log file: pb2b/logs/data_saver_20251101.log
2025-11-01 04:34:25 - INFO - Connected to SQLite database: pb2b/p2p_listings.db
2025-11-01 04:34:25 - INFO - Database tables created successfully
2025-11-01 04:34:25 - INFO - Attempt 1/10: Loading https://www.bybit.com/fiat/trade/otc?actionType=1&token=USDT&fiat=NGN
2025-11-01 04:34:35 - INFO - Screenshot saved as 'pb2b/screenshots/bybit_page_20251101_043435.png'
2025-11-01 04:34:36 - INFO - Fetching BUY listings for USDT/EUR
2025-11-01 04:34:36 - INFO - Data successfully saved to SQLite database. New listings - Bybit: 4, Binance: 6
2025-11-01 04:34:37 - INFO - Browser session closed
2025-11-01 04:34:37 - INFO - SQLite database connection closed
2025-11-01 04:49:34 - INFO - Logging initialized. Log file: pb2b/logs/bybit_scraper_20251101.log
2025-11-01 04:49:39 - INFO - DataSaver logging initialized. Log file: pb2b/logs/data_saver_20251101.log
2025-11-01 04:49:39 - INFO - Connected to SQLite database: pb2b/p2p_listings.db
2025-11-01 04:49:39 - INFO - Database tables created successfully
2025-11-01 04:49:39 - INFO - Attempt 1/10: Loading https://www.bybit.com/fiat/trade/otc?actionType=1&token=USDT&fiat=NGN
2025-11-01 04:49:49 - INFO - Screenshot saved as 'pb2b/screenshots/bybit_page_20251101_044949.png'
2025-11-01 04:49:50 - INFO - Fetching BUY listings for USDT/EUR
2025-11-01 04:49:50 - INFO - Data successfully saved to SQLite database. New listings - Bybit: 4, Binance: 6
2025-11-01 04:49:51 - INFO - Browser session closed
2025-11-01 04:49:51 - INFO - SQLite database connection closed
2025-11-01 05:02:19 - INFO - Logging initialized. Log file: pb2b/logs/bybit_scraper_20251101.log
2025-11-01 05:02:28 - INFO - DataSaver logging initialized. Log file: pb2b/logs/data_saver_20251101.log
2025-11-01 05:02:28 - INFO - Connected to SQLite database: pb2b/p2p_listings.db
2025-11-01 05:02:28 - INFO - Database tables created successfully
2025-11-01 05:02:28 - INFO - Attempt 1/10: Loading https://www.bybit.com/fiat/trade/otc?actionType=1&token=USDT&fiat=NGN
2025-11-01 05:02:39 - INFO - Screenshot saved as 'pb2b/screenshots/bybit_page_20251101_050239.png'
2025-11-01 05:02:40 - INFO - Fetching BUY listings for USDT/EUR
2025-11-01 05:02:40 - INFO - Data successfully saved to SQLite database. New listings - Bybit: 4, Binance: 6
2025-11-01 05:02:40 - INFO - Browser session closed
2025-11-01 05:02:40 - INFO - SQLite database connection closed
