2026-04-18 02:15:12 - INFO - Logging initialized. Log file: pb2b/logs/bybit_scraper_20260418.log
2026-04-18 02:15:13 - INFO - DataSaver logging initialized. Log file: pb2b/logs/data_saver_20260418.log
2026-04-18 02:15:13 - INFO - Connected to SQLite database: pb2b/p2p_listings.db
2026-04-18 02:15:13 - INFO - Database tables created successfully
2026-04-18 02:15:13 - INFO - Attempt 1/10: Loading https://www.bybit.com/fiat/trade/otc?actionType=1&token=USDT&fiat=NGN
2026-04-18 02:15:20 - INFO - Screenshot saved as 'pb2b/screenshots/bybit_page_20260418_021520.png'
2026-04-18 02:15:20 - WARNING - Error parsing row: Message: no such element: Unable to locate element: {"method":"css selector","selector":"td:nth-child(2)"}
  (Session info: chrome=147.0.7727.101); For documentation on this error, please visit: https://www.selenium.dev/documentation/webdriver/troubleshooting/errors#nosuchelementexception
Stacktrace:
#0 0x56443b628b6a <unknown>
#1 0x56443b02a265 <unknown>
#2 0x56443b07cf76 <unknown>
#3 0x56443b07d1b1 <unknown>
#4 0x56443b071f26 <unknown>
#5 0x56443b071e07 <unknown>
#6 0x56443b0c5969 <unknown>
#7 0x56443b0705cf <unknown>
#8 0x56443b071391 <unknown>
#9 0x56443b5ee04b <unknown>
#10 0x56443b5f100d <unknown>
#11 0x56443b5da808 <unknown>
#12 0x56443b5f1ba0 <unknown>
#13 0x56443b5c1280 <unknown>
#14 0x56443b615db8 <unknown>
#15 0x56443b615f88 <unknown>
#16 0x56443b6275de <unknown>
#17 0x7fe97229caa4 <unknown>
#18 0x7fe972329c6c <unknown>

2026-04-18 02:15:20 - WARNING - Error parsing row: Message: no such element: Unable to locate element: {"method":"css selector","selector":"td:nth-child(2)"}
  (Session info: chrome=147.0.7727.101); For documentation on this error, please visit: https://www.selenium.dev/documentation/webdriver/troubleshooting/errors#nosuchelementexception
Stacktrace:
#0 0x56443b628b6a <unknown>
#1 0x56443b02a265 <unknown>
#2 0x56443b07cf76 <unknown>
#3 0x56443b07d1b1 <unknown>
#4 0x56443b071f26 <unknown>
#5 0x56443b071e07 <unknown>
#6 0x56443b0c5969 <unknown>
#7 0x56443b0705cf <unknown>
#8 0x56443b071391 <unknown>
#9 0x56443b5ee04b <unknown>
#10 0x56443b5f100d <unknown>
#11 0x56443b5da808 <unknown>
#12 0x56443b5f1ba0 <unknown>
#13 0x56443b5c1280 <unknown>
#14 0x56443b615db8 <unknown>
#15 0x56443b615f88 <unknown>
#16 0x56443b6275de <unknown>
#17 0x7fe97229caa4 <unknown>
#18 0x7fe972329c6c <unknown>

2026-04-18 02:15:21 - INFO - Fetching BUY listings for USDT/EUR
2026-04-18 02:15:21 - INFO - Data successfully saved to SQLite database. New listings - Bybit: 3, Binance: 6
2026-04-18 02:15:21 - INFO - Browser session closed
2026-04-18 02:15:21 - INFO - SQLite database connection closed
2026-04-18 04:47:22 - INFO - Logging initialized. Log file: pb2b/logs/bybit_scraper_20260418.log
2026-04-18 04:47:22 - INFO - DataSaver logging initialized. Log file: pb2b/logs/data_saver_20260418.log
2026-04-18 04:47:22 - INFO - Connected to SQLite database: pb2b/p2p_listings.db
2026-04-18 04:47:22 - INFO - Database tables created successfully
2026-04-18 04:47:22 - INFO - Attempt 1/10: Loading https://www.bybit.com/fiat/trade/otc?actionType=1&token=USDT&fiat=NGN
2026-04-18 04:47:30 - INFO - Screenshot saved as 'pb2b/screenshots/bybit_page_20260418_044730.png'
2026-04-18 04:47:31 - WARNING - Error parsing row: Message: no such element: Unable to locate element: {"method":"css selector","selector":"td:nth-child(2)"}
  (Session info: chrome=147.0.7727.101); For documentation on this error, please visit: https://www.selenium.dev/documentation/webdriver/troubleshooting/errors#nosuchelementexception
Stacktrace:
#0 0x55fbd2ac9b6a <unknown>
#1 0x55fbd24cb265 <unknown>
#2 0x55fbd251df76 <unknown>
#3 0x55fbd251e1b1 <unknown>
#4 0x55fbd2512f26 <unknown>
#5 0x55fbd2512e07 <unknown>
#6 0x55fbd2566969 <unknown>
#7 0x55fbd25115cf <unknown>
#8 0x55fbd2512391 <unknown>
#9 0x55fbd2a8f04b <unknown>
#10 0x55fbd2a9200d <unknown>
#11 0x55fbd2a7b808 <unknown>
#12 0x55fbd2a92ba0 <unknown>
#13 0x55fbd2a62280 <unknown>
#14 0x55fbd2ab6db8 <unknown>
#15 0x55fbd2ab6f88 <unknown>
#16 0x55fbd2ac85de <unknown>
#17 0x7fb296c9caa4 <unknown>
#18 0x7fb296d29c6c <unknown>

2026-04-18 04:47:31 - WARNING - Error parsing row: Message: no such element: Unable to locate element: {"method":"css selector","selector":"td:nth-child(2)"}
  (Session info: chrome=147.0.7727.101); For documentation on this error, please visit: https://www.selenium.dev/documentation/webdriver/troubleshooting/errors#nosuchelementexception
Stacktrace:
#0 0x55fbd2ac9b6a <unknown>
#1 0x55fbd24cb265 <unknown>
#2 0x55fbd251df76 <unknown>
#3 0x55fbd251e1b1 <unknown>
#4 0x55fbd2512f26 <unknown>
#5 0x55fbd2512e07 <unknown>
#6 0x55fbd2566969 <unknown>
#7 0x55fbd25115cf <unknown>
#8 0x55fbd2512391 <unknown>
#9 0x55fbd2a8f04b <unknown>
#10 0x55fbd2a9200d <unknown>
#11 0x55fbd2a7b808 <unknown>
#12 0x55fbd2a92ba0 <unknown>
#13 0x55fbd2a62280 <unknown>
#14 0x55fbd2ab6db8 <unknown>
#15 0x55fbd2ab6f88 <unknown>
#16 0x55fbd2ac85de <unknown>
#17 0x7fb296c9caa4 <unknown>
#18 0x7fb296d29c6c <unknown>

2026-04-18 04:47:31 - INFO - Fetching BUY listings for USDT/EUR
2026-04-18 04:47:33 - INFO - Data successfully saved to SQLite database. New listings - Bybit: 3, Binance: 6
2026-04-18 04:47:33 - INFO - Browser session closed
2026-04-18 04:47:33 - INFO - SQLite database connection closed
