2025-11-24 02:11:53 - INFO - Logging initialized. Log file: pb2b/logs/bybit_scraper_20251124.log
2025-11-24 02:11:55 - INFO - DataSaver logging initialized. Log file: pb2b/logs/data_saver_20251124.log
2025-11-24 02:11:55 - INFO - Connected to SQLite database: pb2b/p2p_listings.db
2025-11-24 02:11:55 - INFO - Database tables created successfully
2025-11-24 02:11:55 - INFO - Attempt 1/10: Loading https://www.bybit.com/fiat/trade/otc?actionType=1&token=USDT&fiat=NGN
2025-11-24 02:12:05 - INFO - Screenshot saved as 'pb2b/screenshots/bybit_page_20251124_021205.png'
2025-11-24 02:12:05 - INFO - Fetching BUY listings for USDT/EUR
2025-11-24 02:12:06 - INFO - Data successfully saved to SQLite database. New listings - Bybit: 4, Binance: 6
2025-11-24 02:12:06 - INFO - Browser session closed
2025-11-24 02:12:06 - INFO - SQLite database connection closed
2025-11-24 03:44:07 - INFO - Logging initialized. Log file: pb2b/logs/bybit_scraper_20251124.log
2025-11-24 03:44:08 - INFO - DataSaver logging initialized. Log file: pb2b/logs/data_saver_20251124.log
2025-11-24 03:44:08 - INFO - Connected to SQLite database: pb2b/p2p_listings.db
2025-11-24 03:44:08 - INFO - Database tables created successfully
2025-11-24 03:44:08 - INFO - Attempt 1/10: Loading https://www.bybit.com/fiat/trade/otc?actionType=1&token=USDT&fiat=NGN
2025-11-24 03:44:18 - INFO - Screenshot saved as 'pb2b/screenshots/bybit_page_20251124_034418.png'
2025-11-24 03:44:18 - INFO - Fetching BUY listings for USDT/EUR
2025-11-24 03:44:19 - INFO - Data successfully saved to SQLite database. New listings - Bybit: 4, Binance: 6
2025-11-24 03:44:19 - INFO - Browser session closed
2025-11-24 03:44:19 - INFO - SQLite database connection closed
2025-11-24 04:25:03 - INFO - Logging initialized. Log file: pb2b/logs/bybit_scraper_20251124.log
2025-11-24 04:25:05 - INFO - DataSaver logging initialized. Log file: pb2b/logs/data_saver_20251124.log
2025-11-24 04:25:05 - INFO - Connected to SQLite database: pb2b/p2p_listings.db
2025-11-24 04:25:05 - INFO - Database tables created successfully
2025-11-24 04:25:05 - INFO - Attempt 1/10: Loading https://www.bybit.com/fiat/trade/otc?actionType=1&token=USDT&fiat=NGN
2025-11-24 04:25:14 - INFO - Screenshot saved as 'pb2b/screenshots/bybit_page_20251124_042514.png'
2025-11-24 04:25:15 - INFO - Fetching BUY listings for USDT/EUR
2025-11-24 04:25:15 - INFO - Data successfully saved to SQLite database. New listings - Bybit: 4, Binance: 6
2025-11-24 04:25:15 - INFO - Browser session closed
2025-11-24 04:25:15 - INFO - SQLite database connection closed
