2026-04-21 00:00:26 - INFO - Logging initialized. Log file: pb2b/logs/bybit_scraper_20260421.log
2026-04-21 00:00:27 - INFO - DataSaver logging initialized. Log file: pb2b/logs/data_saver_20260421.log
2026-04-21 00:00:27 - INFO - Connected to SQLite database: pb2b/p2p_listings.db
2026-04-21 00:00:27 - INFO - Database tables created successfully
2026-04-21 00:00:27 - INFO - Attempt 1/10: Loading https://www.bybit.com/fiat/trade/otc?actionType=1&token=USDT&fiat=NGN
2026-04-21 00:00:58 - ERROR - Timeout waiting for content on attempt 1
2026-04-21 00:01:03 - INFO - Attempt 2/10: Loading https://www.bybit.com/fiat/trade/otc?actionType=1&token=USDT&fiat=NGN
2026-04-21 00:01:33 - ERROR - Timeout waiting for content on attempt 2
2026-04-21 00:01:38 - INFO - Attempt 3/10: Loading https://www.bybit.com/fiat/trade/otc?actionType=1&token=USDT&fiat=NGN
2026-04-21 00:02:08 - ERROR - Timeout waiting for content on attempt 3
2026-04-21 00:02:13 - INFO - Attempt 4/10: Loading https://www.bybit.com/fiat/trade/otc?actionType=1&token=USDT&fiat=NGN
2026-04-21 00:02:43 - ERROR - Timeout waiting for content on attempt 4
2026-04-21 00:02:48 - INFO - Attempt 5/10: Loading https://www.bybit.com/fiat/trade/otc?actionType=1&token=USDT&fiat=NGN
2026-04-21 00:03:18 - ERROR - Timeout waiting for content on attempt 5
2026-04-21 00:03:23 - INFO - Attempt 6/10: Loading https://www.bybit.com/fiat/trade/otc?actionType=1&token=USDT&fiat=NGN
2026-04-21 00:03:53 - ERROR - Timeout waiting for content on attempt 6
2026-04-21 00:03:58 - INFO - Attempt 7/10: Loading https://www.bybit.com/fiat/trade/otc?actionType=1&token=USDT&fiat=NGN
2026-04-21 00:04:29 - ERROR - Timeout waiting for content on attempt 7
2026-04-21 00:04:34 - INFO - Attempt 8/10: Loading https://www.bybit.com/fiat/trade/otc?actionType=1&token=USDT&fiat=NGN
2026-04-21 00:05:04 - ERROR - Timeout waiting for content on attempt 8
2026-04-21 00:05:09 - INFO - Attempt 9/10: Loading https://www.bybit.com/fiat/trade/otc?actionType=1&token=USDT&fiat=NGN
2026-04-21 00:05:39 - ERROR - Timeout waiting for content on attempt 9
2026-04-21 00:05:44 - INFO - Attempt 10/10: Loading https://www.bybit.com/fiat/trade/otc?actionType=1&token=USDT&fiat=NGN
2026-04-21 00:06:14 - ERROR - Timeout waiting for content on attempt 10
2026-04-21 00:06:14 - INFO - Fetching BUY listings for USDT/EUR
2026-04-21 00:06:15 - INFO - Data successfully saved to SQLite database. New listings - Bybit: 0, Binance: 6
2026-04-21 00:06:15 - INFO - Browser session closed
2026-04-21 00:06:15 - INFO - SQLite database connection closed
