2025-12-29 00:59:19 - INFO - Logging initialized. Log file: pb2b/logs/bybit_scraper_20251229.log
2025-12-29 00:59:20 - INFO - DataSaver logging initialized. Log file: pb2b/logs/data_saver_20251229.log
2025-12-29 00:59:20 - INFO - Connected to SQLite database: pb2b/p2p_listings.db
2025-12-29 00:59:20 - INFO - Database tables created successfully
2025-12-29 00:59:20 - INFO - Attempt 1/10: Loading https://www.bybit.com/fiat/trade/otc?actionType=1&token=USDT&fiat=NGN
2025-12-29 00:59:29 - INFO - Screenshot saved as 'pb2b/screenshots/bybit_page_20251229_005929.png'
2025-12-29 00:59:29 - WARNING - Error parsing row: Message: no such element: Unable to locate element: {"method":"css selector","selector":"td:nth-child(2)"}
  (Session info: chrome=143.0.7499.169); For documentation on this error, please visit: https://www.selenium.dev/documentation/webdriver/troubleshooting/errors#nosuchelementexception
Stacktrace:
#0 0x556be090319a <unknown>
#1 0x556be0380c4b <unknown>
#2 0x556be03d2318 <unknown>
#3 0x556be03d2551 <unknown>
#4 0x556be03c6586 <unknown>
#5 0x556be03c6477 <unknown>
#6 0x556be041dbee <unknown>
#7 0x556be03c4c42 <unknown>
#8 0x556be03c58f1 <unknown>
#9 0x556be08cbf39 <unknown>
#10 0x556be08cee7d <unknown>
#11 0x556be08b4c81 <unknown>
#12 0x556be08cfa5b <unknown>
#13 0x556be089ba50 <unknown>
#14 0x556be08f0aa8 <unknown>
#15 0x556be08f0c79 <unknown>
#16 0x556be09024f3 <unknown>
#17 0x7fb1e549caa4 <unknown>
#18 0x7fb1e5529c6c <unknown>

2025-12-29 00:59:29 - INFO - Fetching BUY listings for USDT/EUR
2025-12-29 00:59:30 - INFO - Data successfully saved to SQLite database. New listings - Bybit: 4, Binance: 6
2025-12-29 00:59:30 - INFO - Browser session closed
2025-12-29 00:59:30 - INFO - SQLite database connection closed
