2024-12-31 01:42:38 - INFO - Logging initialized. Log file: pb2b/logs/bybit_scraper_20241231.log
2024-12-31 01:42:38 - INFO - DataSaver logging initialized. Log file: pb2b/logs/data_saver_20241231.log
2024-12-31 01:42:38 - INFO - Connected to SQLite database: pb2b/p2p_listings.db
2024-12-31 01:42:38 - INFO - Database tables created successfully
2024-12-31 01:42:38 - INFO - Attempt 1/10: Loading https://www.bybit.com/fiat/trade/otc?actionType=1&token=USDT&fiat=NGN
2024-12-31 01:42:49 - INFO - Screenshot saved as 'pb2b/screenshots/bybit_page_20241231_014249.png'
2024-12-31 01:42:49 - INFO - Fetching BUY listings for USDT/EUR
2024-12-31 01:42:50 - INFO - Data successfully saved to SQLite database. New listings - Bybit: 4, Binance: 6
2024-12-31 01:42:50 - INFO - Browser session closed
2024-12-31 01:42:50 - INFO - SQLite database connection closed
2024-12-31 02:40:27 - INFO - Logging initialized. Log file: pb2b/logs/bybit_scraper_20241231.log
2024-12-31 02:40:27 - INFO - DataSaver logging initialized. Log file: pb2b/logs/data_saver_20241231.log
2024-12-31 02:40:27 - INFO - Connected to SQLite database: pb2b/p2p_listings.db
2024-12-31 02:40:27 - INFO - Database tables created successfully
2024-12-31 02:40:27 - INFO - Attempt 1/10: Loading https://www.bybit.com/fiat/trade/otc?actionType=1&token=USDT&fiat=NGN
2024-12-31 02:40:38 - INFO - Screenshot saved as 'pb2b/screenshots/bybit_page_20241231_024038.png'
2024-12-31 02:40:38 - INFO - Fetching BUY listings for USDT/EUR
2024-12-31 02:40:39 - INFO - Data successfully saved to SQLite database. New listings - Bybit: 4, Binance: 6
2024-12-31 02:40:40 - INFO - Browser session closed
2024-12-31 02:40:40 - INFO - SQLite database connection closed
