2025-05-09 02:06:48 - INFO - Logging initialized. Log file: pb2b/logs/bybit_scraper_20250509.log
2025-05-09 02:06:49 - INFO - DataSaver logging initialized. Log file: pb2b/logs/data_saver_20250509.log
2025-05-09 02:06:49 - INFO - Connected to SQLite database: pb2b/p2p_listings.db
2025-05-09 02:06:49 - INFO - Database tables created successfully
2025-05-09 02:06:49 - INFO - Attempt 1/10: Loading https://www.bybit.com/fiat/trade/otc?actionType=1&token=USDT&fiat=NGN
2025-05-09 02:06:59 - INFO - Screenshot saved as 'pb2b/screenshots/bybit_page_20250509_020659.png'
2025-05-09 02:06:59 - INFO - Fetching BUY listings for USDT/EUR
2025-05-09 02:07:00 - INFO - Data successfully saved to SQLite database. New listings - Bybit: 4, Binance: 6
2025-05-09 02:07:00 - INFO - Browser session closed
2025-05-09 02:07:00 - INFO - SQLite database connection closed
2025-05-09 03:17:29 - INFO - Logging initialized. Log file: pb2b/logs/bybit_scraper_20250509.log
2025-05-09 03:17:30 - INFO - DataSaver logging initialized. Log file: pb2b/logs/data_saver_20250509.log
2025-05-09 03:17:30 - INFO - Connected to SQLite database: pb2b/p2p_listings.db
2025-05-09 03:17:30 - INFO - Database tables created successfully
2025-05-09 03:17:30 - INFO - Attempt 1/10: Loading https://www.bybit.com/fiat/trade/otc?actionType=1&token=USDT&fiat=NGN
2025-05-09 03:17:40 - INFO - Screenshot saved as 'pb2b/screenshots/bybit_page_20250509_031740.png'
2025-05-09 03:17:40 - INFO - Fetching BUY listings for USDT/EUR
2025-05-09 03:17:41 - INFO - Data successfully saved to SQLite database. New listings - Bybit: 4, Binance: 6
2025-05-09 03:17:41 - INFO - Browser session closed
2025-05-09 03:17:41 - INFO - SQLite database connection closed
2025-05-09 03:52:30 - INFO - Logging initialized. Log file: pb2b/logs/bybit_scraper_20250509.log
2025-05-09 03:52:30 - INFO - DataSaver logging initialized. Log file: pb2b/logs/data_saver_20250509.log
2025-05-09 03:52:30 - INFO - Connected to SQLite database: pb2b/p2p_listings.db
2025-05-09 03:52:30 - INFO - Database tables created successfully
2025-05-09 03:52:30 - INFO - Attempt 1/10: Loading https://www.bybit.com/fiat/trade/otc?actionType=1&token=USDT&fiat=NGN
2025-05-09 03:52:40 - INFO - Screenshot saved as 'pb2b/screenshots/bybit_page_20250509_035239.png'
2025-05-09 03:52:40 - INFO - Fetching BUY listings for USDT/EUR
2025-05-09 03:52:41 - INFO - Data successfully saved to SQLite database. New listings - Bybit: 4, Binance: 6
2025-05-09 03:52:41 - INFO - Browser session closed
2025-05-09 03:52:41 - INFO - SQLite database connection closed
2025-05-09 04:21:20 - INFO - Logging initialized. Log file: pb2b/logs/bybit_scraper_20250509.log
2025-05-09 04:21:21 - INFO - DataSaver logging initialized. Log file: pb2b/logs/data_saver_20250509.log
2025-05-09 04:21:21 - INFO - Connected to SQLite database: pb2b/p2p_listings.db
2025-05-09 04:21:21 - INFO - Database tables created successfully
2025-05-09 04:21:21 - INFO - Attempt 1/10: Loading https://www.bybit.com/fiat/trade/otc?actionType=1&token=USDT&fiat=NGN
2025-05-09 04:21:30 - INFO - Screenshot saved as 'pb2b/screenshots/bybit_page_20250509_042130.png'
2025-05-09 04:21:31 - INFO - Fetching BUY listings for USDT/EUR
2025-05-09 04:21:32 - INFO - Data successfully saved to SQLite database. New listings - Bybit: 4, Binance: 6
2025-05-09 04:21:32 - INFO - Browser session closed
2025-05-09 04:21:32 - INFO - SQLite database connection closed
2025-05-09 04:44:32 - INFO - Logging initialized. Log file: pb2b/logs/bybit_scraper_20250509.log
2025-05-09 04:44:33 - INFO - DataSaver logging initialized. Log file: pb2b/logs/data_saver_20250509.log
2025-05-09 04:44:33 - INFO - Connected to SQLite database: pb2b/p2p_listings.db
2025-05-09 04:44:33 - INFO - Database tables created successfully
2025-05-09 04:44:33 - INFO - Attempt 1/10: Loading https://www.bybit.com/fiat/trade/otc?actionType=1&token=USDT&fiat=NGN
2025-05-09 04:44:43 - INFO - Screenshot saved as 'pb2b/screenshots/bybit_page_20250509_044442.png'
2025-05-09 04:44:43 - INFO - Fetching BUY listings for USDT/EUR
2025-05-09 04:44:44 - INFO - Data successfully saved to SQLite database. New listings - Bybit: 4, Binance: 6
2025-05-09 04:44:44 - INFO - Browser session closed
2025-05-09 04:44:44 - INFO - SQLite database connection closed
2025-05-09 04:57:51 - INFO - Logging initialized. Log file: pb2b/logs/bybit_scraper_20250509.log
2025-05-09 04:57:51 - INFO - DataSaver logging initialized. Log file: pb2b/logs/data_saver_20250509.log
2025-05-09 04:57:51 - INFO - Connected to SQLite database: pb2b/p2p_listings.db
2025-05-09 04:57:51 - INFO - Database tables created successfully
2025-05-09 04:57:51 - INFO - Attempt 1/10: Loading https://www.bybit.com/fiat/trade/otc?actionType=1&token=USDT&fiat=NGN
2025-05-09 04:58:01 - INFO - Screenshot saved as 'pb2b/screenshots/bybit_page_20250509_045801.png'
2025-05-09 04:58:02 - INFO - Fetching BUY listings for USDT/EUR
2025-05-09 04:58:02 - INFO - Data successfully saved to SQLite database. New listings - Bybit: 4, Binance: 6
2025-05-09 04:58:03 - INFO - Browser session closed
2025-05-09 04:58:03 - INFO - SQLite database connection closed
2025-05-09 05:28:35 - INFO - Logging initialized. Log file: pb2b/logs/bybit_scraper_20250509.log
2025-05-09 05:28:37 - INFO - DataSaver logging initialized. Log file: pb2b/logs/data_saver_20250509.log
2025-05-09 05:28:37 - INFO - Connected to SQLite database: pb2b/p2p_listings.db
2025-05-09 05:28:37 - INFO - Database tables created successfully
2025-05-09 05:28:37 - INFO - Attempt 1/10: Loading https://www.bybit.com/fiat/trade/otc?actionType=1&token=USDT&fiat=NGN
2025-05-09 05:28:47 - INFO - Screenshot saved as 'pb2b/screenshots/bybit_page_20250509_052847.png'
2025-05-09 05:28:48 - INFO - Fetching BUY listings for USDT/EUR
2025-05-09 05:28:49 - INFO - Data successfully saved to SQLite database. New listings - Bybit: 4, Binance: 6
2025-05-09 05:28:49 - INFO - Browser session closed
2025-05-09 05:28:49 - INFO - SQLite database connection closed
2025-05-09 05:47:29 - INFO - Logging initialized. Log file: pb2b/logs/bybit_scraper_20250509.log
2025-05-09 05:47:30 - INFO - DataSaver logging initialized. Log file: pb2b/logs/data_saver_20250509.log
2025-05-09 05:47:30 - INFO - Connected to SQLite database: pb2b/p2p_listings.db
2025-05-09 05:47:30 - INFO - Database tables created successfully
2025-05-09 05:47:30 - INFO - Attempt 1/10: Loading https://www.bybit.com/fiat/trade/otc?actionType=1&token=USDT&fiat=NGN
2025-05-09 05:47:40 - INFO - Screenshot saved as 'pb2b/screenshots/bybit_page_20250509_054740.png'
2025-05-09 05:47:41 - INFO - Fetching BUY listings for USDT/EUR
2025-05-09 05:47:41 - INFO - Data successfully saved to SQLite database. New listings - Bybit: 4, Binance: 6
2025-05-09 05:47:41 - INFO - Browser session closed
2025-05-09 05:47:41 - INFO - SQLite database connection closed
2025-05-09 05:59:36 - INFO - Logging initialized. Log file: pb2b/logs/bybit_scraper_20250509.log
2025-05-09 05:59:37 - INFO - DataSaver logging initialized. Log file: pb2b/logs/data_saver_20250509.log
2025-05-09 05:59:37 - INFO - Connected to SQLite database: pb2b/p2p_listings.db
2025-05-09 05:59:37 - INFO - Database tables created successfully
2025-05-09 05:59:37 - INFO - Attempt 1/10: Loading https://www.bybit.com/fiat/trade/otc?actionType=1&token=USDT&fiat=NGN
2025-05-09 05:59:47 - INFO - Screenshot saved as 'pb2b/screenshots/bybit_page_20250509_055947.png'
2025-05-09 05:59:47 - INFO - Fetching BUY listings for USDT/EUR
2025-05-09 05:59:48 - INFO - Data successfully saved to SQLite database. New listings - Bybit: 4, Binance: 6
2025-05-09 05:59:48 - INFO - Browser session closed
2025-05-09 05:59:48 - INFO - SQLite database connection closed
2025-05-09 06:40:43 - INFO - Logging initialized. Log file: pb2b/logs/bybit_scraper_20250509.log
2025-05-09 06:40:44 - INFO - DataSaver logging initialized. Log file: pb2b/logs/data_saver_20250509.log
2025-05-09 06:40:44 - INFO - Connected to SQLite database: pb2b/p2p_listings.db
2025-05-09 06:40:44 - INFO - Database tables created successfully
2025-05-09 06:40:44 - INFO - Attempt 1/10: Loading https://www.bybit.com/fiat/trade/otc?actionType=1&token=USDT&fiat=NGN
2025-05-09 06:40:53 - INFO - Screenshot saved as 'pb2b/screenshots/bybit_page_20250509_064053.png'
2025-05-09 06:40:54 - INFO - Fetching BUY listings for USDT/EUR
2025-05-09 06:40:54 - INFO - Data successfully saved to SQLite database. New listings - Bybit: 4, Binance: 6
2025-05-09 06:40:54 - INFO - Browser session closed
2025-05-09 06:40:54 - INFO - SQLite database connection closed
2025-05-09 06:57:25 - INFO - Logging initialized. Log file: pb2b/logs/bybit_scraper_20250509.log
2025-05-09 06:57:26 - INFO - DataSaver logging initialized. Log file: pb2b/logs/data_saver_20250509.log
2025-05-09 06:57:26 - INFO - Connected to SQLite database: pb2b/p2p_listings.db
2025-05-09 06:57:26 - INFO - Database tables created successfully
2025-05-09 06:57:26 - INFO - Attempt 1/10: Loading https://www.bybit.com/fiat/trade/otc?actionType=1&token=USDT&fiat=NGN
2025-05-09 06:57:37 - INFO - Screenshot saved as 'pb2b/screenshots/bybit_page_20250509_065737.png'
2025-05-09 06:57:37 - INFO - Fetching BUY listings for USDT/EUR
2025-05-09 06:57:38 - INFO - Data successfully saved to SQLite database. New listings - Bybit: 4, Binance: 6
2025-05-09 06:57:38 - INFO - Browser session closed
2025-05-09 06:57:38 - INFO - SQLite database connection closed
2025-05-09 07:27:17 - INFO - Logging initialized. Log file: pb2b/logs/bybit_scraper_20250509.log
2025-05-09 07:27:17 - INFO - DataSaver logging initialized. Log file: pb2b/logs/data_saver_20250509.log
2025-05-09 07:27:17 - INFO - Connected to SQLite database: pb2b/p2p_listings.db
2025-05-09 07:27:17 - INFO - Database tables created successfully
2025-05-09 07:27:17 - INFO - Attempt 1/10: Loading https://www.bybit.com/fiat/trade/otc?actionType=1&token=USDT&fiat=NGN
2025-05-09 07:27:27 - INFO - Screenshot saved as 'pb2b/screenshots/bybit_page_20250509_072727.png'
2025-05-09 07:27:27 - INFO - Fetching BUY listings for USDT/EUR
2025-05-09 07:27:28 - INFO - Data successfully saved to SQLite database. New listings - Bybit: 4, Binance: 6
2025-05-09 07:27:28 - INFO - Browser session closed
2025-05-09 07:27:28 - INFO - SQLite database connection closed
2025-05-09 07:43:20 - INFO - Logging initialized. Log file: pb2b/logs/bybit_scraper_20250509.log
2025-05-09 07:43:21 - INFO - DataSaver logging initialized. Log file: pb2b/logs/data_saver_20250509.log
2025-05-09 07:43:21 - INFO - Connected to SQLite database: pb2b/p2p_listings.db
2025-05-09 07:43:21 - INFO - Database tables created successfully
2025-05-09 07:43:21 - INFO - Attempt 1/10: Loading https://www.bybit.com/fiat/trade/otc?actionType=1&token=USDT&fiat=NGN
2025-05-09 07:43:30 - INFO - Screenshot saved as 'pb2b/screenshots/bybit_page_20250509_074330.png'
2025-05-09 07:43:31 - INFO - Fetching BUY listings for USDT/EUR
2025-05-09 07:43:32 - INFO - Data successfully saved to SQLite database. New listings - Bybit: 4, Binance: 6
2025-05-09 07:43:32 - INFO - Browser session closed
2025-05-09 07:43:32 - INFO - SQLite database connection closed
2025-05-09 07:57:21 - INFO - Logging initialized. Log file: pb2b/logs/bybit_scraper_20250509.log
2025-05-09 07:57:22 - INFO - DataSaver logging initialized. Log file: pb2b/logs/data_saver_20250509.log
2025-05-09 07:57:22 - INFO - Connected to SQLite database: pb2b/p2p_listings.db
2025-05-09 07:57:22 - INFO - Database tables created successfully
2025-05-09 07:57:22 - INFO - Attempt 1/10: Loading https://www.bybit.com/fiat/trade/otc?actionType=1&token=USDT&fiat=NGN
2025-05-09 07:57:32 - INFO - Screenshot saved as 'pb2b/screenshots/bybit_page_20250509_075731.png'
2025-05-09 07:57:32 - INFO - Fetching BUY listings for USDT/EUR
2025-05-09 07:57:33 - INFO - Data successfully saved to SQLite database. New listings - Bybit: 4, Binance: 6
2025-05-09 07:57:33 - INFO - Browser session closed
2025-05-09 07:57:33 - INFO - SQLite database connection closed
2025-05-09 08:35:16 - INFO - Logging initialized. Log file: pb2b/logs/bybit_scraper_20250509.log
2025-05-09 08:35:17 - INFO - DataSaver logging initialized. Log file: pb2b/logs/data_saver_20250509.log
2025-05-09 08:35:17 - INFO - Connected to SQLite database: pb2b/p2p_listings.db
2025-05-09 08:35:17 - INFO - Database tables created successfully
2025-05-09 08:35:17 - INFO - Attempt 1/10: Loading https://www.bybit.com/fiat/trade/otc?actionType=1&token=USDT&fiat=NGN
2025-05-09 08:35:28 - INFO - Screenshot saved as 'pb2b/screenshots/bybit_page_20250509_083528.png'
2025-05-09 08:35:28 - INFO - Fetching BUY listings for USDT/EUR
2025-05-09 08:35:29 - INFO - Data successfully saved to SQLite database. New listings - Bybit: 4, Binance: 6
2025-05-09 08:35:29 - INFO - Browser session closed
2025-05-09 08:35:29 - INFO - SQLite database connection closed
2025-05-09 08:53:45 - INFO - Logging initialized. Log file: pb2b/logs/bybit_scraper_20250509.log
2025-05-09 08:53:46 - INFO - DataSaver logging initialized. Log file: pb2b/logs/data_saver_20250509.log
2025-05-09 08:53:46 - INFO - Connected to SQLite database: pb2b/p2p_listings.db
2025-05-09 08:53:46 - INFO - Database tables created successfully
2025-05-09 08:53:46 - INFO - Attempt 1/10: Loading https://www.bybit.com/fiat/trade/otc?actionType=1&token=USDT&fiat=NGN
2025-05-09 08:53:56 - INFO - Screenshot saved as 'pb2b/screenshots/bybit_page_20250509_085356.png'
2025-05-09 08:53:56 - INFO - Fetching BUY listings for USDT/EUR
2025-05-09 08:53:57 - INFO - Data successfully saved to SQLite database. New listings - Bybit: 4, Binance: 6
2025-05-09 08:53:57 - INFO - Browser session closed
2025-05-09 08:53:57 - INFO - SQLite database connection closed
2025-05-09 09:20:42 - INFO - Logging initialized. Log file: pb2b/logs/bybit_scraper_20250509.log
2025-05-09 09:20:43 - INFO - DataSaver logging initialized. Log file: pb2b/logs/data_saver_20250509.log
2025-05-09 09:20:43 - INFO - Connected to SQLite database: pb2b/p2p_listings.db
2025-05-09 09:20:43 - INFO - Database tables created successfully
2025-05-09 09:20:43 - INFO - Attempt 1/10: Loading https://www.bybit.com/fiat/trade/otc?actionType=1&token=USDT&fiat=NGN
2025-05-09 09:20:54 - INFO - Screenshot saved as 'pb2b/screenshots/bybit_page_20250509_092054.png'
2025-05-09 09:20:55 - INFO - Fetching BUY listings for USDT/EUR
2025-05-09 09:20:55 - INFO - Data successfully saved to SQLite database. New listings - Bybit: 4, Binance: 6
2025-05-09 09:20:55 - INFO - Browser session closed
2025-05-09 09:20:55 - INFO - SQLite database connection closed
2025-05-09 09:40:20 - INFO - Logging initialized. Log file: pb2b/logs/bybit_scraper_20250509.log
2025-05-09 09:40:20 - INFO - DataSaver logging initialized. Log file: pb2b/logs/data_saver_20250509.log
2025-05-09 09:40:20 - INFO - Connected to SQLite database: pb2b/p2p_listings.db
2025-05-09 09:40:20 - INFO - Database tables created successfully
2025-05-09 09:40:20 - INFO - Attempt 1/10: Loading https://www.bybit.com/fiat/trade/otc?actionType=1&token=USDT&fiat=NGN
2025-05-09 09:40:31 - INFO - Screenshot saved as 'pb2b/screenshots/bybit_page_20250509_094031.png'
2025-05-09 09:40:31 - INFO - Fetching BUY listings for USDT/EUR
2025-05-09 09:40:32 - INFO - Data successfully saved to SQLite database. New listings - Bybit: 4, Binance: 6
2025-05-09 09:40:32 - INFO - Browser session closed
2025-05-09 09:40:32 - INFO - SQLite database connection closed
2025-05-09 09:53:31 - INFO - Logging initialized. Log file: pb2b/logs/bybit_scraper_20250509.log
2025-05-09 09:53:32 - INFO - DataSaver logging initialized. Log file: pb2b/logs/data_saver_20250509.log
2025-05-09 09:53:32 - INFO - Connected to SQLite database: pb2b/p2p_listings.db
2025-05-09 09:53:32 - INFO - Database tables created successfully
2025-05-09 09:53:32 - INFO - Attempt 1/10: Loading https://www.bybit.com/fiat/trade/otc?actionType=1&token=USDT&fiat=NGN
2025-05-09 09:53:42 - INFO - Screenshot saved as 'pb2b/screenshots/bybit_page_20250509_095342.png'
2025-05-09 09:53:42 - INFO - Fetching BUY listings for USDT/EUR
2025-05-09 09:53:43 - INFO - Data successfully saved to SQLite database. New listings - Bybit: 4, Binance: 6
2025-05-09 09:53:43 - INFO - Browser session closed
2025-05-09 09:53:43 - INFO - SQLite database connection closed
2025-05-09 10:21:04 - INFO - Logging initialized. Log file: pb2b/logs/bybit_scraper_20250509.log
2025-05-09 10:21:05 - INFO - DataSaver logging initialized. Log file: pb2b/logs/data_saver_20250509.log
2025-05-09 10:21:05 - INFO - Connected to SQLite database: pb2b/p2p_listings.db
2025-05-09 10:21:05 - INFO - Database tables created successfully
2025-05-09 10:21:05 - INFO - Attempt 1/10: Loading https://www.bybit.com/fiat/trade/otc?actionType=1&token=USDT&fiat=NGN
2025-05-09 10:21:16 - INFO - Screenshot saved as 'pb2b/screenshots/bybit_page_20250509_102116.png'
2025-05-09 10:21:16 - INFO - Fetching BUY listings for USDT/EUR
2025-05-09 10:21:17 - INFO - Data successfully saved to SQLite database. New listings - Bybit: 4, Binance: 6
2025-05-09 10:21:17 - INFO - Browser session closed
2025-05-09 10:21:17 - INFO - SQLite database connection closed
2025-05-09 10:43:09 - INFO - Logging initialized. Log file: pb2b/logs/bybit_scraper_20250509.log
2025-05-09 10:43:10 - INFO - DataSaver logging initialized. Log file: pb2b/logs/data_saver_20250509.log
2025-05-09 10:43:10 - INFO - Connected to SQLite database: pb2b/p2p_listings.db
2025-05-09 10:43:10 - INFO - Database tables created successfully
2025-05-09 10:43:10 - INFO - Attempt 1/10: Loading https://www.bybit.com/fiat/trade/otc?actionType=1&token=USDT&fiat=NGN
2025-05-09 10:43:19 - INFO - Screenshot saved as 'pb2b/screenshots/bybit_page_20250509_104319.png'
2025-05-09 10:43:19 - INFO - Fetching BUY listings for USDT/EUR
2025-05-09 10:43:20 - INFO - Data successfully saved to SQLite database. New listings - Bybit: 4, Binance: 6
2025-05-09 10:43:20 - INFO - Browser session closed
2025-05-09 10:43:20 - INFO - SQLite database connection closed
2025-05-09 10:56:17 - INFO - Logging initialized. Log file: pb2b/logs/bybit_scraper_20250509.log
2025-05-09 10:56:18 - INFO - DataSaver logging initialized. Log file: pb2b/logs/data_saver_20250509.log
2025-05-09 10:56:18 - INFO - Connected to SQLite database: pb2b/p2p_listings.db
2025-05-09 10:56:18 - INFO - Database tables created successfully
2025-05-09 10:56:18 - INFO - Attempt 1/10: Loading https://www.bybit.com/fiat/trade/otc?actionType=1&token=USDT&fiat=NGN
2025-05-09 10:56:31 - INFO - Screenshot saved as 'pb2b/screenshots/bybit_page_20250509_105631.png'
2025-05-09 10:56:31 - INFO - Fetching BUY listings for USDT/EUR
2025-05-09 10:56:32 - INFO - Data successfully saved to SQLite database. New listings - Bybit: 4, Binance: 6
2025-05-09 10:56:32 - INFO - Browser session closed
2025-05-09 10:56:32 - INFO - SQLite database connection closed
