2025-11-17 02:05:19 - INFO - Logging initialized. Log file: pb2b/logs/bybit_scraper_20251117.log
2025-11-17 02:05:31 - INFO - DataSaver logging initialized. Log file: pb2b/logs/data_saver_20251117.log
2025-11-17 02:05:31 - INFO - Connected to SQLite database: pb2b/p2p_listings.db
2025-11-17 02:05:31 - INFO - Database tables created successfully
2025-11-17 02:05:31 - INFO - Attempt 1/10: Loading https://www.bybit.com/fiat/trade/otc?actionType=1&token=USDT&fiat=NGN
2025-11-17 02:05:41 - INFO - Screenshot saved as 'pb2b/screenshots/bybit_page_20251117_020541.png'
2025-11-17 02:05:41 - INFO - Fetching BUY listings for USDT/EUR
2025-11-17 02:05:43 - INFO - Data successfully saved to SQLite database. New listings - Bybit: 4, Binance: 6
2025-11-17 02:05:43 - INFO - Browser session closed
2025-11-17 02:05:43 - INFO - SQLite database connection closed
2025-11-17 03:15:56 - INFO - Logging initialized. Log file: pb2b/logs/bybit_scraper_20251117.log
2025-11-17 03:16:02 - INFO - DataSaver logging initialized. Log file: pb2b/logs/data_saver_20251117.log
2025-11-17 03:16:02 - INFO - Connected to SQLite database: pb2b/p2p_listings.db
2025-11-17 03:16:02 - INFO - Database tables created successfully
2025-11-17 03:16:02 - INFO - Attempt 1/10: Loading https://www.bybit.com/fiat/trade/otc?actionType=1&token=USDT&fiat=NGN
2025-11-17 03:16:14 - INFO - Screenshot saved as 'pb2b/screenshots/bybit_page_20251117_031614.png'
2025-11-17 03:16:14 - INFO - Fetching BUY listings for USDT/EUR
2025-11-17 03:16:15 - INFO - Data successfully saved to SQLite database. New listings - Bybit: 4, Binance: 6
2025-11-17 03:16:15 - INFO - Browser session closed
2025-11-17 03:16:15 - INFO - SQLite database connection closed
