2026-04-27 02:43:16 - INFO - Logging initialized. Log file: pb2b/logs/bybit_scraper_20260427.log
2026-04-27 02:43:17 - INFO - DataSaver logging initialized. Log file: pb2b/logs/data_saver_20260427.log
2026-04-27 02:43:17 - INFO - Connected to SQLite database: pb2b/p2p_listings.db
2026-04-27 02:43:17 - INFO - Database tables created successfully
2026-04-27 02:43:17 - INFO - Attempt 1/10: Loading https://www.bybit.com/fiat/trade/otc?actionType=1&token=USDT&fiat=NGN
2026-04-27 02:43:25 - INFO - Screenshot saved as 'pb2b/screenshots/bybit_page_20260427_024324.png'
2026-04-27 02:43:25 - WARNING - Error parsing row: Message: no such element: Unable to locate element: {"method":"css selector","selector":"td:nth-child(2)"}
  (Session info: chrome=147.0.7727.116); For documentation on this error, please visit: https://www.selenium.dev/documentation/webdriver/troubleshooting/errors#nosuchelementexception
Stacktrace:
#0 0x55e686d8db6a <unknown>
#1 0x55e68678f265 <unknown>
#2 0x55e6867e1f76 <unknown>
#3 0x55e6867e21b1 <unknown>
#4 0x55e6867d6f26 <unknown>
#5 0x55e6867d6e07 <unknown>
#6 0x55e68682a969 <unknown>
#7 0x55e6867d55cf <unknown>
#8 0x55e6867d6391 <unknown>
#9 0x55e686d5304b <unknown>
#10 0x55e686d5600d <unknown>
#11 0x55e686d3f808 <unknown>
#12 0x55e686d56ba0 <unknown>
#13 0x55e686d26280 <unknown>
#14 0x55e686d7adb8 <unknown>
#15 0x55e686d7af88 <unknown>
#16 0x55e686d8c5de <unknown>
#17 0x7fd54e29caa4 <unknown>
#18 0x7fd54e329c6c <unknown>

2026-04-27 02:43:25 - WARNING - Error parsing row: Message: no such element: Unable to locate element: {"method":"css selector","selector":"td:nth-child(2)"}
  (Session info: chrome=147.0.7727.116); For documentation on this error, please visit: https://www.selenium.dev/documentation/webdriver/troubleshooting/errors#nosuchelementexception
Stacktrace:
#0 0x55e686d8db6a <unknown>
#1 0x55e68678f265 <unknown>
#2 0x55e6867e1f76 <unknown>
#3 0x55e6867e21b1 <unknown>
#4 0x55e6867d6f26 <unknown>
#5 0x55e6867d6e07 <unknown>
#6 0x55e68682a969 <unknown>
#7 0x55e6867d55cf <unknown>
#8 0x55e6867d6391 <unknown>
#9 0x55e686d5304b <unknown>
#10 0x55e686d5600d <unknown>
#11 0x55e686d3f808 <unknown>
#12 0x55e686d56ba0 <unknown>
#13 0x55e686d26280 <unknown>
#14 0x55e686d7adb8 <unknown>
#15 0x55e686d7af88 <unknown>
#16 0x55e686d8c5de <unknown>
#17 0x7fd54e29caa4 <unknown>
#18 0x7fd54e329c6c <unknown>

2026-04-27 02:43:25 - INFO - Fetching BUY listings for USDT/EUR
2026-04-27 02:43:26 - INFO - Data successfully saved to SQLite database. New listings - Bybit: 3, Binance: 6
2026-04-27 02:43:26 - INFO - Browser session closed
2026-04-27 02:43:26 - INFO - SQLite database connection closed
