2025-11-21 00:02:23 - INFO - Logging initialized. Log file: pb2b/logs/bybit_scraper_20251121.log
2025-11-21 00:02:25 - INFO - DataSaver logging initialized. Log file: pb2b/logs/data_saver_20251121.log
2025-11-21 00:02:25 - INFO - Connected to SQLite database: pb2b/p2p_listings.db
2025-11-21 00:02:25 - INFO - Database tables created successfully
2025-11-21 00:02:25 - INFO - Attempt 1/10: Loading https://www.bybit.com/fiat/trade/otc?actionType=1&token=USDT&fiat=NGN
2025-11-21 00:02:33 - INFO - Screenshot saved as 'pb2b/screenshots/bybit_page_20251121_000233.png'
2025-11-21 00:02:34 - INFO - Fetching BUY listings for USDT/EUR
2025-11-21 00:02:34 - INFO - Data successfully saved to SQLite database. New listings - Bybit: 4, Binance: 6
2025-11-21 00:02:34 - INFO - Browser session closed
2025-11-21 00:02:34 - INFO - SQLite database connection closed
2025-11-21 02:09:35 - INFO - Logging initialized. Log file: pb2b/logs/bybit_scraper_20251121.log
2025-11-21 02:09:36 - INFO - DataSaver logging initialized. Log file: pb2b/logs/data_saver_20251121.log
2025-11-21 02:09:36 - INFO - Connected to SQLite database: pb2b/p2p_listings.db
2025-11-21 02:09:36 - INFO - Database tables created successfully
2025-11-21 02:09:36 - INFO - Attempt 1/10: Loading https://www.bybit.com/fiat/trade/otc?actionType=1&token=USDT&fiat=NGN
2025-11-21 02:09:46 - INFO - Screenshot saved as 'pb2b/screenshots/bybit_page_20251121_020946.png'
2025-11-21 02:09:46 - INFO - Fetching BUY listings for USDT/EUR
2025-11-21 02:09:47 - INFO - Data successfully saved to SQLite database. New listings - Bybit: 4, Binance: 6
2025-11-21 02:09:47 - INFO - Browser session closed
2025-11-21 02:09:47 - INFO - SQLite database connection closed
2025-11-21 03:22:01 - INFO - Logging initialized. Log file: pb2b/logs/bybit_scraper_20251121.log
2025-11-21 03:22:02 - INFO - DataSaver logging initialized. Log file: pb2b/logs/data_saver_20251121.log
2025-11-21 03:22:02 - INFO - Connected to SQLite database: pb2b/p2p_listings.db
2025-11-21 03:22:02 - INFO - Database tables created successfully
2025-11-21 03:22:02 - INFO - Attempt 1/10: Loading https://www.bybit.com/fiat/trade/otc?actionType=1&token=USDT&fiat=NGN
2025-11-21 03:22:13 - INFO - Screenshot saved as 'pb2b/screenshots/bybit_page_20251121_032213.png'
2025-11-21 03:22:13 - INFO - Fetching BUY listings for USDT/EUR
2025-11-21 03:22:14 - INFO - Data successfully saved to SQLite database. New listings - Bybit: 4, Binance: 6
2025-11-21 03:22:14 - INFO - Browser session closed
2025-11-21 03:22:14 - INFO - SQLite database connection closed
2025-11-21 03:56:40 - INFO - Logging initialized. Log file: pb2b/logs/bybit_scraper_20251121.log
2025-11-21 03:56:41 - INFO - DataSaver logging initialized. Log file: pb2b/logs/data_saver_20251121.log
2025-11-21 03:56:41 - INFO - Connected to SQLite database: pb2b/p2p_listings.db
2025-11-21 03:56:41 - INFO - Database tables created successfully
2025-11-21 03:56:41 - INFO - Attempt 1/10: Loading https://www.bybit.com/fiat/trade/otc?actionType=1&token=USDT&fiat=NGN
2025-11-21 03:56:53 - INFO - Screenshot saved as 'pb2b/screenshots/bybit_page_20251121_035653.png'
2025-11-21 03:56:53 - INFO - Fetching BUY listings for USDT/EUR
2025-11-21 03:56:54 - INFO - Data successfully saved to SQLite database. New listings - Bybit: 4, Binance: 6
2025-11-21 03:56:54 - INFO - Browser session closed
2025-11-21 03:56:54 - INFO - SQLite database connection closed
2025-11-21 04:26:47 - INFO - Logging initialized. Log file: pb2b/logs/bybit_scraper_20251121.log
2025-11-21 04:26:48 - INFO - DataSaver logging initialized. Log file: pb2b/logs/data_saver_20251121.log
2025-11-21 04:26:48 - INFO - Connected to SQLite database: pb2b/p2p_listings.db
2025-11-21 04:26:48 - INFO - Database tables created successfully
2025-11-21 04:26:48 - INFO - Attempt 1/10: Loading https://www.bybit.com/fiat/trade/otc?actionType=1&token=USDT&fiat=NGN
2025-11-21 04:26:59 - INFO - Screenshot saved as 'pb2b/screenshots/bybit_page_20251121_042658.png'
2025-11-21 04:26:59 - INFO - Fetching BUY listings for USDT/EUR
2025-11-21 04:27:00 - INFO - Data successfully saved to SQLite database. New listings - Bybit: 4, Binance: 6
2025-11-21 04:27:00 - INFO - Browser session closed
2025-11-21 04:27:00 - INFO - SQLite database connection closed
2025-11-21 04:48:57 - INFO - Logging initialized. Log file: pb2b/logs/bybit_scraper_20251121.log
2025-11-21 04:48:59 - INFO - DataSaver logging initialized. Log file: pb2b/logs/data_saver_20251121.log
2025-11-21 04:48:59 - INFO - Connected to SQLite database: pb2b/p2p_listings.db
2025-11-21 04:48:59 - INFO - Database tables created successfully
2025-11-21 04:48:59 - INFO - Attempt 1/10: Loading https://www.bybit.com/fiat/trade/otc?actionType=1&token=USDT&fiat=NGN
2025-11-21 04:49:09 - INFO - Screenshot saved as 'pb2b/screenshots/bybit_page_20251121_044909.png'
2025-11-21 04:49:09 - INFO - Fetching BUY listings for USDT/EUR
2025-11-21 04:49:15 - INFO - Data successfully saved to SQLite database. New listings - Bybit: 4, Binance: 6
2025-11-21 04:49:15 - INFO - Browser session closed
2025-11-21 04:49:15 - INFO - SQLite database connection closed
