2025-07-13 02:00:29 - INFO - Logging initialized. Log file: pb2b/logs/bybit_scraper_20250713.log
2025-07-13 02:00:35 - INFO - DataSaver logging initialized. Log file: pb2b/logs/data_saver_20250713.log
2025-07-13 02:00:35 - INFO - Connected to SQLite database: pb2b/p2p_listings.db
2025-07-13 02:00:35 - INFO - Database tables created successfully
2025-07-13 02:00:35 - INFO - Attempt 1/10: Loading https://www.bybit.com/fiat/trade/otc?actionType=1&token=USDT&fiat=NGN
2025-07-13 02:00:45 - INFO - Screenshot saved as 'pb2b/screenshots/bybit_page_20250713_020044.png'
2025-07-13 02:00:45 - INFO - Fetching BUY listings for USDT/EUR
2025-07-13 02:00:46 - INFO - Data successfully saved to SQLite database. New listings - Bybit: 4, Binance: 6
2025-07-13 02:00:46 - INFO - Browser session closed
2025-07-13 02:00:46 - INFO - SQLite database connection closed
2025-07-13 03:46:03 - INFO - Logging initialized. Log file: pb2b/logs/bybit_scraper_20250713.log
2025-07-13 03:46:13 - INFO - DataSaver logging initialized. Log file: pb2b/logs/data_saver_20250713.log
2025-07-13 03:46:13 - INFO - Connected to SQLite database: pb2b/p2p_listings.db
2025-07-13 03:46:13 - INFO - Database tables created successfully
2025-07-13 03:46:13 - INFO - Attempt 1/10: Loading https://www.bybit.com/fiat/trade/otc?actionType=1&token=USDT&fiat=NGN
2025-07-13 03:46:23 - INFO - Screenshot saved as 'pb2b/screenshots/bybit_page_20250713_034623.png'
2025-07-13 03:46:23 - INFO - Fetching BUY listings for USDT/EUR
2025-07-13 03:46:24 - INFO - Data successfully saved to SQLite database. New listings - Bybit: 4, Binance: 6
2025-07-13 03:46:24 - INFO - Browser session closed
2025-07-13 03:46:24 - INFO - SQLite database connection closed
2025-07-13 04:28:05 - INFO - Logging initialized. Log file: pb2b/logs/bybit_scraper_20250713.log
2025-07-13 04:28:13 - INFO - DataSaver logging initialized. Log file: pb2b/logs/data_saver_20250713.log
2025-07-13 04:28:13 - INFO - Connected to SQLite database: pb2b/p2p_listings.db
2025-07-13 04:28:13 - INFO - Database tables created successfully
2025-07-13 04:28:13 - INFO - Attempt 1/10: Loading https://www.bybit.com/fiat/trade/otc?actionType=1&token=USDT&fiat=NGN
2025-07-13 04:28:25 - INFO - Screenshot saved as 'pb2b/screenshots/bybit_page_20250713_042825.png'
2025-07-13 04:28:26 - INFO - Fetching BUY listings for USDT/EUR
2025-07-13 04:28:26 - INFO - Data successfully saved to SQLite database. New listings - Bybit: 4, Binance: 6
2025-07-13 04:28:26 - INFO - Browser session closed
2025-07-13 04:28:26 - INFO - SQLite database connection closed
2025-07-13 04:59:02 - INFO - Logging initialized. Log file: pb2b/logs/bybit_scraper_20250713.log
2025-07-13 04:59:03 - INFO - DataSaver logging initialized. Log file: pb2b/logs/data_saver_20250713.log
2025-07-13 04:59:03 - INFO - Connected to SQLite database: pb2b/p2p_listings.db
2025-07-13 04:59:03 - INFO - Database tables created successfully
2025-07-13 04:59:03 - INFO - Attempt 1/10: Loading https://www.bybit.com/fiat/trade/otc?actionType=1&token=USDT&fiat=NGN
2025-07-13 04:59:14 - INFO - Screenshot saved as 'pb2b/screenshots/bybit_page_20250713_045914.png'
2025-07-13 04:59:14 - INFO - Fetching BUY listings for USDT/EUR
2025-07-13 04:59:15 - INFO - Data successfully saved to SQLite database. New listings - Bybit: 4, Binance: 6
2025-07-13 04:59:15 - INFO - Browser session closed
2025-07-13 04:59:15 - INFO - SQLite database connection closed
2025-07-13 05:32:11 - INFO - Logging initialized. Log file: pb2b/logs/bybit_scraper_20250713.log
2025-07-13 05:32:17 - INFO - DataSaver logging initialized. Log file: pb2b/logs/data_saver_20250713.log
2025-07-13 05:32:17 - INFO - Connected to SQLite database: pb2b/p2p_listings.db
2025-07-13 05:32:17 - INFO - Database tables created successfully
2025-07-13 05:32:17 - INFO - Attempt 1/10: Loading https://www.bybit.com/fiat/trade/otc?actionType=1&token=USDT&fiat=NGN
2025-07-13 05:32:26 - INFO - Screenshot saved as 'pb2b/screenshots/bybit_page_20250713_053225.png'
2025-07-13 05:32:26 - INFO - Fetching BUY listings for USDT/EUR
2025-07-13 05:32:27 - INFO - Data successfully saved to SQLite database. New listings - Bybit: 4, Binance: 6
2025-07-13 05:32:27 - INFO - Browser session closed
2025-07-13 05:32:27 - INFO - SQLite database connection closed
2025-07-13 05:50:47 - INFO - Logging initialized. Log file: pb2b/logs/bybit_scraper_20250713.log
2025-07-13 05:50:49 - INFO - DataSaver logging initialized. Log file: pb2b/logs/data_saver_20250713.log
2025-07-13 05:50:49 - INFO - Connected to SQLite database: pb2b/p2p_listings.db
2025-07-13 05:50:49 - INFO - Database tables created successfully
2025-07-13 05:50:49 - INFO - Attempt 1/10: Loading https://www.bybit.com/fiat/trade/otc?actionType=1&token=USDT&fiat=NGN
2025-07-13 05:51:00 - INFO - Screenshot saved as 'pb2b/screenshots/bybit_page_20250713_055100.png'
2025-07-13 05:51:00 - INFO - Fetching BUY listings for USDT/EUR
2025-07-13 05:51:01 - INFO - Data successfully saved to SQLite database. New listings - Bybit: 4, Binance: 6
2025-07-13 05:51:01 - INFO - Browser session closed
2025-07-13 05:51:01 - INFO - SQLite database connection closed
