2025-05-22 02:04:01 - INFO - Logging initialized. Log file: pb2b/logs/bybit_scraper_20250522.log
2025-05-22 02:04:02 - INFO - DataSaver logging initialized. Log file: pb2b/logs/data_saver_20250522.log
2025-05-22 02:04:02 - INFO - Connected to SQLite database: pb2b/p2p_listings.db
2025-05-22 02:04:02 - INFO - Database tables created successfully
2025-05-22 02:04:02 - INFO - Attempt 1/10: Loading https://www.bybit.com/fiat/trade/otc?actionType=1&token=USDT&fiat=NGN
2025-05-22 02:04:14 - INFO - Screenshot saved as 'pb2b/screenshots/bybit_page_20250522_020414.png'
2025-05-22 02:04:14 - INFO - Fetching BUY listings for USDT/EUR
2025-05-22 02:04:15 - INFO - Data successfully saved to SQLite database. New listings - Bybit: 4, Binance: 6
2025-05-22 02:04:15 - INFO - Browser session closed
2025-05-22 02:04:15 - INFO - SQLite database connection closed
2025-05-22 03:19:09 - INFO - Logging initialized. Log file: pb2b/logs/bybit_scraper_20250522.log
2025-05-22 03:19:10 - INFO - DataSaver logging initialized. Log file: pb2b/logs/data_saver_20250522.log
2025-05-22 03:19:10 - INFO - Connected to SQLite database: pb2b/p2p_listings.db
2025-05-22 03:19:10 - INFO - Database tables created successfully
2025-05-22 03:19:10 - INFO - Attempt 1/10: Loading https://www.bybit.com/fiat/trade/otc?actionType=1&token=USDT&fiat=NGN
2025-05-22 03:19:20 - INFO - Screenshot saved as 'pb2b/screenshots/bybit_page_20250522_031920.png'
2025-05-22 03:19:20 - INFO - Fetching BUY listings for USDT/EUR
2025-05-22 03:19:21 - INFO - Data successfully saved to SQLite database. New listings - Bybit: 4, Binance: 6
2025-05-22 03:19:21 - INFO - Browser session closed
2025-05-22 03:19:21 - INFO - SQLite database connection closed
2025-05-22 03:53:56 - INFO - Logging initialized. Log file: pb2b/logs/bybit_scraper_20250522.log
2025-05-22 03:53:57 - INFO - DataSaver logging initialized. Log file: pb2b/logs/data_saver_20250522.log
2025-05-22 03:53:57 - INFO - Connected to SQLite database: pb2b/p2p_listings.db
2025-05-22 03:53:57 - INFO - Database tables created successfully
2025-05-22 03:53:57 - INFO - Attempt 1/10: Loading https://www.bybit.com/fiat/trade/otc?actionType=1&token=USDT&fiat=NGN
2025-05-22 03:54:06 - INFO - Screenshot saved as 'pb2b/screenshots/bybit_page_20250522_035406.png'
2025-05-22 03:54:07 - INFO - Fetching BUY listings for USDT/EUR
2025-05-22 03:54:07 - INFO - Data successfully saved to SQLite database. New listings - Bybit: 4, Binance: 6
2025-05-22 03:54:08 - INFO - Browser session closed
2025-05-22 03:54:08 - INFO - SQLite database connection closed
2025-05-22 04:24:54 - INFO - Logging initialized. Log file: pb2b/logs/bybit_scraper_20250522.log
2025-05-22 04:24:55 - INFO - DataSaver logging initialized. Log file: pb2b/logs/data_saver_20250522.log
2025-05-22 04:24:55 - INFO - Connected to SQLite database: pb2b/p2p_listings.db
2025-05-22 04:24:55 - INFO - Database tables created successfully
2025-05-22 04:24:55 - INFO - Attempt 1/10: Loading https://www.bybit.com/fiat/trade/otc?actionType=1&token=USDT&fiat=NGN
2025-05-22 04:25:04 - INFO - Screenshot saved as 'pb2b/screenshots/bybit_page_20250522_042504.png'
2025-05-22 04:25:04 - INFO - Fetching BUY listings for USDT/EUR
2025-05-22 04:25:05 - INFO - Data successfully saved to SQLite database. New listings - Bybit: 4, Binance: 6
2025-05-22 04:25:05 - INFO - Browser session closed
2025-05-22 04:25:05 - INFO - SQLite database connection closed
2025-05-22 04:48:18 - INFO - Logging initialized. Log file: pb2b/logs/bybit_scraper_20250522.log
2025-05-22 04:48:19 - INFO - DataSaver logging initialized. Log file: pb2b/logs/data_saver_20250522.log
2025-05-22 04:48:19 - INFO - Connected to SQLite database: pb2b/p2p_listings.db
2025-05-22 04:48:19 - INFO - Database tables created successfully
2025-05-22 04:48:19 - INFO - Attempt 1/10: Loading https://www.bybit.com/fiat/trade/otc?actionType=1&token=USDT&fiat=NGN
2025-05-22 04:48:29 - INFO - Screenshot saved as 'pb2b/screenshots/bybit_page_20250522_044829.png'
2025-05-22 04:48:29 - INFO - Fetching BUY listings for USDT/EUR
2025-05-22 04:48:30 - INFO - Data successfully saved to SQLite database. New listings - Bybit: 4, Binance: 6
2025-05-22 04:48:30 - INFO - Browser session closed
2025-05-22 04:48:30 - INFO - SQLite database connection closed
2025-05-22 05:01:33 - INFO - Logging initialized. Log file: pb2b/logs/bybit_scraper_20250522.log
2025-05-22 05:01:34 - INFO - DataSaver logging initialized. Log file: pb2b/logs/data_saver_20250522.log
2025-05-22 05:01:34 - INFO - Connected to SQLite database: pb2b/p2p_listings.db
2025-05-22 05:01:34 - INFO - Database tables created successfully
2025-05-22 05:01:34 - INFO - Attempt 1/10: Loading https://www.bybit.com/fiat/trade/otc?actionType=1&token=USDT&fiat=NGN
2025-05-22 05:01:44 - INFO - Screenshot saved as 'pb2b/screenshots/bybit_page_20250522_050144.png'
2025-05-22 05:01:44 - INFO - Fetching BUY listings for USDT/EUR
2025-05-22 05:01:45 - INFO - Data successfully saved to SQLite database. New listings - Bybit: 4, Binance: 6
2025-05-22 05:01:45 - INFO - Browser session closed
2025-05-22 05:01:45 - INFO - SQLite database connection closed
2025-05-22 05:33:05 - INFO - Logging initialized. Log file: pb2b/logs/bybit_scraper_20250522.log
2025-05-22 05:33:06 - INFO - DataSaver logging initialized. Log file: pb2b/logs/data_saver_20250522.log
2025-05-22 05:33:06 - INFO - Connected to SQLite database: pb2b/p2p_listings.db
2025-05-22 05:33:06 - INFO - Database tables created successfully
2025-05-22 05:33:06 - INFO - Attempt 1/10: Loading https://www.bybit.com/fiat/trade/otc?actionType=1&token=USDT&fiat=NGN
2025-05-22 05:33:18 - INFO - Screenshot saved as 'pb2b/screenshots/bybit_page_20250522_053318.png'
2025-05-22 05:33:19 - INFO - Fetching BUY listings for USDT/EUR
2025-05-22 05:33:20 - INFO - Data successfully saved to SQLite database. New listings - Bybit: 4, Binance: 6
2025-05-22 05:33:20 - INFO - Browser session closed
2025-05-22 05:33:20 - INFO - SQLite database connection closed
2025-05-22 05:49:19 - INFO - Logging initialized. Log file: pb2b/logs/bybit_scraper_20250522.log
2025-05-22 05:49:20 - INFO - DataSaver logging initialized. Log file: pb2b/logs/data_saver_20250522.log
2025-05-22 05:49:20 - INFO - Connected to SQLite database: pb2b/p2p_listings.db
2025-05-22 05:49:20 - INFO - Database tables created successfully
2025-05-22 05:49:20 - INFO - Attempt 1/10: Loading https://www.bybit.com/fiat/trade/otc?actionType=1&token=USDT&fiat=NGN
2025-05-22 05:49:30 - INFO - Screenshot saved as 'pb2b/screenshots/bybit_page_20250522_054930.png'
2025-05-22 05:49:31 - INFO - Fetching BUY listings for USDT/EUR
2025-05-22 05:49:31 - INFO - Data successfully saved to SQLite database. New listings - Bybit: 4, Binance: 6
2025-05-22 05:49:31 - INFO - Browser session closed
2025-05-22 05:49:31 - INFO - SQLite database connection closed
2025-05-22 06:02:30 - INFO - Logging initialized. Log file: pb2b/logs/bybit_scraper_20250522.log
2025-05-22 06:02:30 - INFO - DataSaver logging initialized. Log file: pb2b/logs/data_saver_20250522.log
2025-05-22 06:02:30 - INFO - Connected to SQLite database: pb2b/p2p_listings.db
2025-05-22 06:02:30 - INFO - Database tables created successfully
2025-05-22 06:02:30 - INFO - Attempt 1/10: Loading https://www.bybit.com/fiat/trade/otc?actionType=1&token=USDT&fiat=NGN
2025-05-22 06:02:42 - INFO - Screenshot saved as 'pb2b/screenshots/bybit_page_20250522_060242.png'
2025-05-22 06:02:42 - INFO - Fetching BUY listings for USDT/EUR
2025-05-22 06:02:43 - INFO - Data successfully saved to SQLite database. New listings - Bybit: 4, Binance: 6
2025-05-22 06:02:43 - INFO - Browser session closed
2025-05-22 06:02:43 - INFO - SQLite database connection closed
2025-05-22 06:42:11 - INFO - Logging initialized. Log file: pb2b/logs/bybit_scraper_20250522.log
2025-05-22 06:42:12 - INFO - DataSaver logging initialized. Log file: pb2b/logs/data_saver_20250522.log
2025-05-22 06:42:12 - INFO - Connected to SQLite database: pb2b/p2p_listings.db
2025-05-22 06:42:12 - INFO - Database tables created successfully
2025-05-22 06:42:12 - INFO - Attempt 1/10: Loading https://www.bybit.com/fiat/trade/otc?actionType=1&token=USDT&fiat=NGN
2025-05-22 06:42:22 - INFO - Screenshot saved as 'pb2b/screenshots/bybit_page_20250522_064222.png'
2025-05-22 06:42:22 - INFO - Fetching BUY listings for USDT/EUR
2025-05-22 06:42:23 - INFO - Data successfully saved to SQLite database. New listings - Bybit: 4, Binance: 6
2025-05-22 06:42:23 - INFO - Browser session closed
2025-05-22 06:42:23 - INFO - SQLite database connection closed
2025-05-22 06:59:29 - INFO - Logging initialized. Log file: pb2b/logs/bybit_scraper_20250522.log
2025-05-22 06:59:30 - INFO - DataSaver logging initialized. Log file: pb2b/logs/data_saver_20250522.log
2025-05-22 06:59:30 - INFO - Connected to SQLite database: pb2b/p2p_listings.db
2025-05-22 06:59:30 - INFO - Database tables created successfully
2025-05-22 06:59:30 - INFO - Attempt 1/10: Loading https://www.bybit.com/fiat/trade/otc?actionType=1&token=USDT&fiat=NGN
2025-05-22 06:59:41 - INFO - Screenshot saved as 'pb2b/screenshots/bybit_page_20250522_065941.png'
2025-05-22 06:59:41 - INFO - Fetching BUY listings for USDT/EUR
2025-05-22 06:59:42 - INFO - Data successfully saved to SQLite database. New listings - Bybit: 4, Binance: 6
2025-05-22 06:59:42 - INFO - Browser session closed
2025-05-22 06:59:42 - INFO - SQLite database connection closed
2025-05-22 07:28:05 - INFO - Logging initialized. Log file: pb2b/logs/bybit_scraper_20250522.log
2025-05-22 07:28:07 - INFO - DataSaver logging initialized. Log file: pb2b/logs/data_saver_20250522.log
2025-05-22 07:28:07 - INFO - Connected to SQLite database: pb2b/p2p_listings.db
2025-05-22 07:28:07 - INFO - Database tables created successfully
2025-05-22 07:28:07 - INFO - Attempt 1/10: Loading https://www.bybit.com/fiat/trade/otc?actionType=1&token=USDT&fiat=NGN
2025-05-22 07:28:16 - INFO - Screenshot saved as 'pb2b/screenshots/bybit_page_20250522_072815.png'
2025-05-22 07:28:16 - INFO - Fetching BUY listings for USDT/EUR
2025-05-22 07:28:17 - INFO - Data successfully saved to SQLite database. New listings - Bybit: 4, Binance: 6
2025-05-22 07:28:17 - INFO - Browser session closed
2025-05-22 07:28:17 - INFO - SQLite database connection closed
2025-05-22 07:45:29 - INFO - Logging initialized. Log file: pb2b/logs/bybit_scraper_20250522.log
2025-05-22 07:45:29 - INFO - DataSaver logging initialized. Log file: pb2b/logs/data_saver_20250522.log
2025-05-22 07:45:29 - INFO - Connected to SQLite database: pb2b/p2p_listings.db
2025-05-22 07:45:29 - INFO - Database tables created successfully
2025-05-22 07:45:29 - INFO - Attempt 1/10: Loading https://www.bybit.com/fiat/trade/otc?actionType=1&token=USDT&fiat=NGN
2025-05-22 07:45:39 - INFO - Screenshot saved as 'pb2b/screenshots/bybit_page_20250522_074539.png'
2025-05-22 07:45:40 - INFO - Fetching BUY listings for USDT/EUR
2025-05-22 07:45:41 - INFO - Data successfully saved to SQLite database. New listings - Bybit: 4, Binance: 6
2025-05-22 07:45:41 - INFO - Browser session closed
2025-05-22 07:45:41 - INFO - SQLite database connection closed
2025-05-22 07:58:31 - INFO - Logging initialized. Log file: pb2b/logs/bybit_scraper_20250522.log
2025-05-22 07:58:33 - INFO - DataSaver logging initialized. Log file: pb2b/logs/data_saver_20250522.log
2025-05-22 07:58:33 - INFO - Connected to SQLite database: pb2b/p2p_listings.db
2025-05-22 07:58:33 - INFO - Database tables created successfully
2025-05-22 07:58:33 - INFO - Attempt 1/10: Loading https://www.bybit.com/fiat/trade/otc?actionType=1&token=USDT&fiat=NGN
2025-05-22 07:58:42 - INFO - Screenshot saved as 'pb2b/screenshots/bybit_page_20250522_075842.png'
2025-05-22 07:58:43 - INFO - Fetching BUY listings for USDT/EUR
2025-05-22 07:58:44 - INFO - Data successfully saved to SQLite database. New listings - Bybit: 4, Binance: 6
2025-05-22 07:58:44 - INFO - Browser session closed
2025-05-22 07:58:44 - INFO - SQLite database connection closed
2025-05-22 08:36:47 - INFO - Logging initialized. Log file: pb2b/logs/bybit_scraper_20250522.log
2025-05-22 08:36:48 - INFO - DataSaver logging initialized. Log file: pb2b/logs/data_saver_20250522.log
2025-05-22 08:36:48 - INFO - Connected to SQLite database: pb2b/p2p_listings.db
2025-05-22 08:36:48 - INFO - Database tables created successfully
2025-05-22 08:36:48 - INFO - Attempt 1/10: Loading https://www.bybit.com/fiat/trade/otc?actionType=1&token=USDT&fiat=NGN
2025-05-22 08:37:01 - INFO - Screenshot saved as 'pb2b/screenshots/bybit_page_20250522_083701.png'
2025-05-22 08:37:02 - INFO - Fetching BUY listings for USDT/EUR
2025-05-22 08:37:02 - INFO - Data successfully saved to SQLite database. New listings - Bybit: 4, Binance: 6
2025-05-22 08:37:02 - INFO - Browser session closed
2025-05-22 08:37:02 - INFO - SQLite database connection closed
2025-05-22 08:56:28 - INFO - Logging initialized. Log file: pb2b/logs/bybit_scraper_20250522.log
2025-05-22 08:56:28 - INFO - DataSaver logging initialized. Log file: pb2b/logs/data_saver_20250522.log
2025-05-22 08:56:28 - INFO - Connected to SQLite database: pb2b/p2p_listings.db
2025-05-22 08:56:28 - INFO - Database tables created successfully
2025-05-22 08:56:28 - INFO - Attempt 1/10: Loading https://www.bybit.com/fiat/trade/otc?actionType=1&token=USDT&fiat=NGN
2025-05-22 08:56:38 - INFO - Screenshot saved as 'pb2b/screenshots/bybit_page_20250522_085638.png'
2025-05-22 08:56:38 - INFO - Fetching BUY listings for USDT/EUR
2025-05-22 08:56:39 - INFO - Data successfully saved to SQLite database. New listings - Bybit: 4, Binance: 6
2025-05-22 08:56:39 - INFO - Browser session closed
2025-05-22 08:56:39 - INFO - SQLite database connection closed
2025-05-22 09:28:56 - INFO - Logging initialized. Log file: pb2b/logs/bybit_scraper_20250522.log
2025-05-22 09:28:58 - INFO - DataSaver logging initialized. Log file: pb2b/logs/data_saver_20250522.log
2025-05-22 09:28:58 - INFO - Connected to SQLite database: pb2b/p2p_listings.db
2025-05-22 09:28:58 - INFO - Database tables created successfully
2025-05-22 09:28:58 - INFO - Attempt 1/10: Loading https://www.bybit.com/fiat/trade/otc?actionType=1&token=USDT&fiat=NGN
2025-05-22 09:30:01 - INFO - Screenshot saved as 'pb2b/screenshots/bybit_page_20250522_093001.png'
2025-05-22 09:30:01 - INFO - Fetching BUY listings for USDT/EUR
2025-05-22 09:30:02 - INFO - Data successfully saved to SQLite database. New listings - Bybit: 4, Binance: 6
2025-05-22 09:30:02 - INFO - Browser session closed
2025-05-22 09:30:02 - INFO - SQLite database connection closed
2025-05-22 09:46:34 - INFO - Logging initialized. Log file: pb2b/logs/bybit_scraper_20250522.log
2025-05-22 09:46:35 - INFO - DataSaver logging initialized. Log file: pb2b/logs/data_saver_20250522.log
2025-05-22 09:46:35 - INFO - Connected to SQLite database: pb2b/p2p_listings.db
2025-05-22 09:46:35 - INFO - Database tables created successfully
2025-05-22 09:46:35 - INFO - Attempt 1/10: Loading https://www.bybit.com/fiat/trade/otc?actionType=1&token=USDT&fiat=NGN
2025-05-22 09:46:44 - INFO - Screenshot saved as 'pb2b/screenshots/bybit_page_20250522_094644.png'
2025-05-22 09:46:45 - INFO - Fetching BUY listings for USDT/EUR
2025-05-22 09:46:46 - INFO - Data successfully saved to SQLite database. New listings - Bybit: 4, Binance: 6
2025-05-22 09:46:46 - INFO - Browser session closed
2025-05-22 09:46:46 - INFO - SQLite database connection closed
2025-05-22 09:59:57 - INFO - Logging initialized. Log file: pb2b/logs/bybit_scraper_20250522.log
2025-05-22 09:59:58 - INFO - DataSaver logging initialized. Log file: pb2b/logs/data_saver_20250522.log
2025-05-22 09:59:58 - INFO - Connected to SQLite database: pb2b/p2p_listings.db
2025-05-22 09:59:58 - INFO - Database tables created successfully
2025-05-22 09:59:58 - INFO - Attempt 1/10: Loading https://www.bybit.com/fiat/trade/otc?actionType=1&token=USDT&fiat=NGN
2025-05-22 10:00:07 - INFO - Screenshot saved as 'pb2b/screenshots/bybit_page_20250522_100007.png'
2025-05-22 10:00:07 - INFO - Fetching BUY listings for USDT/EUR
2025-05-22 10:00:08 - INFO - Data successfully saved to SQLite database. New listings - Bybit: 4, Binance: 6
2025-05-22 10:00:08 - INFO - Browser session closed
2025-05-22 10:00:08 - INFO - SQLite database connection closed
2025-05-22 10:33:36 - INFO - Logging initialized. Log file: pb2b/logs/bybit_scraper_20250522.log
2025-05-22 10:33:38 - INFO - DataSaver logging initialized. Log file: pb2b/logs/data_saver_20250522.log
2025-05-22 10:33:38 - INFO - Connected to SQLite database: pb2b/p2p_listings.db
2025-05-22 10:33:38 - INFO - Database tables created successfully
2025-05-22 10:33:38 - INFO - Attempt 1/10: Loading https://www.bybit.com/fiat/trade/otc?actionType=1&token=USDT&fiat=NGN
2025-05-22 10:33:47 - INFO - Screenshot saved as 'pb2b/screenshots/bybit_page_20250522_103347.png'
2025-05-22 10:33:48 - INFO - Fetching BUY listings for USDT/EUR
2025-05-22 10:33:48 - INFO - Data successfully saved to SQLite database. New listings - Bybit: 4, Binance: 6
2025-05-22 10:33:49 - INFO - Browser session closed
2025-05-22 10:33:49 - INFO - SQLite database connection closed
2025-05-22 10:53:43 - INFO - Logging initialized. Log file: pb2b/logs/bybit_scraper_20250522.log
2025-05-22 10:53:44 - INFO - DataSaver logging initialized. Log file: pb2b/logs/data_saver_20250522.log
2025-05-22 10:53:44 - INFO - Connected to SQLite database: pb2b/p2p_listings.db
2025-05-22 10:53:44 - INFO - Database tables created successfully
2025-05-22 10:53:44 - INFO - Attempt 1/10: Loading https://www.bybit.com/fiat/trade/otc?actionType=1&token=USDT&fiat=NGN
2025-05-22 10:53:54 - INFO - Screenshot saved as 'pb2b/screenshots/bybit_page_20250522_105353.png'
2025-05-22 10:53:54 - INFO - Fetching BUY listings for USDT/EUR
2025-05-22 10:53:55 - INFO - Data successfully saved to SQLite database. New listings - Bybit: 4, Binance: 6
2025-05-22 10:53:55 - INFO - Browser session closed
2025-05-22 10:53:55 - INFO - SQLite database connection closed
2025-05-22 11:14:18 - INFO - Logging initialized. Log file: pb2b/logs/bybit_scraper_20250522.log
2025-05-22 11:14:19 - INFO - DataSaver logging initialized. Log file: pb2b/logs/data_saver_20250522.log
2025-05-22 11:14:19 - INFO - Connected to SQLite database: pb2b/p2p_listings.db
2025-05-22 11:14:19 - INFO - Database tables created successfully
2025-05-22 11:14:19 - INFO - Attempt 1/10: Loading https://www.bybit.com/fiat/trade/otc?actionType=1&token=USDT&fiat=NGN
2025-05-22 11:15:43 - INFO - Screenshot saved as 'pb2b/screenshots/bybit_page_20250522_111543.png'
2025-05-22 11:15:43 - INFO - Fetching BUY listings for USDT/EUR
2025-05-22 11:15:44 - INFO - Data successfully saved to SQLite database. New listings - Bybit: 4, Binance: 6
2025-05-22 11:15:44 - INFO - Browser session closed
2025-05-22 11:15:44 - INFO - SQLite database connection closed
2025-05-22 11:32:19 - INFO - Logging initialized. Log file: pb2b/logs/bybit_scraper_20250522.log
2025-05-22 11:32:21 - INFO - DataSaver logging initialized. Log file: pb2b/logs/data_saver_20250522.log
2025-05-22 11:32:21 - INFO - Connected to SQLite database: pb2b/p2p_listings.db
2025-05-22 11:32:21 - INFO - Database tables created successfully
2025-05-22 11:32:21 - INFO - Attempt 1/10: Loading https://www.bybit.com/fiat/trade/otc?actionType=1&token=USDT&fiat=NGN
2025-05-22 11:34:21 - ERROR - Unexpected error: HTTPConnectionPool(host='localhost', port=57121): Read timed out. (read timeout=120)
2025-05-22 11:34:21 - INFO - Fetching BUY listings for USDT/EUR
2025-05-22 11:34:22 - INFO - Data successfully saved to SQLite database. New listings - Bybit: 0, Binance: 6
2025-05-22 11:36:22 - WARNING - Retrying (Retry(total=2, connect=None, read=None, redirect=None, status=None)) after connection broken by 'ReadTimeoutError("HTTPConnectionPool(host='localhost', port=57121): Read timed out. (read timeout=120)")': /session/40a283885e5630758dbfe0d9db8e312e
2025-05-22 11:37:21 - INFO - Browser session closed
2025-05-22 11:37:21 - INFO - SQLite database connection closed
2025-05-22 11:45:13 - INFO - Logging initialized. Log file: pb2b/logs/bybit_scraper_20250522.log
2025-05-22 11:45:14 - INFO - DataSaver logging initialized. Log file: pb2b/logs/data_saver_20250522.log
2025-05-22 11:45:14 - INFO - Connected to SQLite database: pb2b/p2p_listings.db
2025-05-22 11:45:14 - INFO - Database tables created successfully
2025-05-22 11:45:14 - INFO - Attempt 1/10: Loading https://www.bybit.com/fiat/trade/otc?actionType=1&token=USDT&fiat=NGN
2025-05-22 11:45:24 - INFO - Screenshot saved as 'pb2b/screenshots/bybit_page_20250522_114523.png'
2025-05-22 11:45:24 - INFO - Fetching BUY listings for USDT/EUR
2025-05-22 11:45:25 - INFO - Data successfully saved to SQLite database. New listings - Bybit: 4, Binance: 6
2025-05-22 11:45:25 - INFO - Browser session closed
2025-05-22 11:45:25 - INFO - SQLite database connection closed
2025-05-22 11:59:30 - INFO - Logging initialized. Log file: pb2b/logs/bybit_scraper_20250522.log
2025-05-22 11:59:32 - INFO - DataSaver logging initialized. Log file: pb2b/logs/data_saver_20250522.log
2025-05-22 11:59:32 - INFO - Connected to SQLite database: pb2b/p2p_listings.db
2025-05-22 11:59:32 - INFO - Database tables created successfully
2025-05-22 11:59:32 - INFO - Attempt 1/10: Loading https://www.bybit.com/fiat/trade/otc?actionType=1&token=USDT&fiat=NGN
2025-05-22 11:59:41 - INFO - Screenshot saved as 'pb2b/screenshots/bybit_page_20250522_115941.png'
2025-05-22 11:59:42 - INFO - Fetching BUY listings for USDT/EUR
2025-05-22 11:59:42 - INFO - Data successfully saved to SQLite database. New listings - Bybit: 4, Binance: 6
2025-05-22 11:59:42 - INFO - Browser session closed
2025-05-22 11:59:42 - INFO - SQLite database connection closed
2025-05-22 12:57:09 - INFO - Logging initialized. Log file: pb2b/logs/bybit_scraper_20250522.log
2025-05-22 12:57:09 - INFO - DataSaver logging initialized. Log file: pb2b/logs/data_saver_20250522.log
2025-05-22 12:57:09 - INFO - Connected to SQLite database: pb2b/p2p_listings.db
2025-05-22 12:57:09 - INFO - Database tables created successfully
2025-05-22 12:57:09 - INFO - Attempt 1/10: Loading https://www.bybit.com/fiat/trade/otc?actionType=1&token=USDT&fiat=NGN
2025-05-22 12:57:20 - INFO - Screenshot saved as 'pb2b/screenshots/bybit_page_20250522_125719.png'
2025-05-22 12:57:20 - INFO - Fetching BUY listings for USDT/EUR
2025-05-22 12:57:21 - INFO - Data successfully saved to SQLite database. New listings - Bybit: 4, Binance: 6
2025-05-22 12:57:21 - INFO - Browser session closed
2025-05-22 12:57:21 - INFO - SQLite database connection closed
2025-05-22 13:38:08 - INFO - Logging initialized. Log file: pb2b/logs/bybit_scraper_20250522.log
2025-05-22 13:38:09 - INFO - DataSaver logging initialized. Log file: pb2b/logs/data_saver_20250522.log
2025-05-22 13:38:09 - INFO - Connected to SQLite database: pb2b/p2p_listings.db
2025-05-22 13:38:09 - INFO - Database tables created successfully
2025-05-22 13:38:09 - INFO - Attempt 1/10: Loading https://www.bybit.com/fiat/trade/otc?actionType=1&token=USDT&fiat=NGN
2025-05-22 13:39:56 - INFO - Screenshot saved as 'pb2b/screenshots/bybit_page_20250522_133956.png'
2025-05-22 13:39:56 - INFO - Fetching BUY listings for USDT/EUR
2025-05-22 13:39:57 - INFO - Data successfully saved to SQLite database. New listings - Bybit: 4, Binance: 6
2025-05-22 13:39:57 - INFO - Browser session closed
2025-05-22 13:39:57 - INFO - SQLite database connection closed
2025-05-22 13:55:09 - INFO - Logging initialized. Log file: pb2b/logs/bybit_scraper_20250522.log
2025-05-22 13:55:09 - INFO - DataSaver logging initialized. Log file: pb2b/logs/data_saver_20250522.log
2025-05-22 13:55:09 - INFO - Connected to SQLite database: pb2b/p2p_listings.db
2025-05-22 13:55:09 - INFO - Database tables created successfully
2025-05-22 13:55:09 - INFO - Attempt 1/10: Loading https://www.bybit.com/fiat/trade/otc?actionType=1&token=USDT&fiat=NGN
2025-05-22 13:55:19 - INFO - Screenshot saved as 'pb2b/screenshots/bybit_page_20250522_135519.png'
2025-05-22 13:55:19 - INFO - Fetching BUY listings for USDT/EUR
2025-05-22 13:55:20 - INFO - Data successfully saved to SQLite database. New listings - Bybit: 4, Binance: 6
2025-05-22 13:55:20 - INFO - Browser session closed
2025-05-22 13:55:20 - INFO - SQLite database connection closed
2025-05-22 14:24:41 - INFO - Logging initialized. Log file: pb2b/logs/bybit_scraper_20250522.log
2025-05-22 14:24:43 - INFO - DataSaver logging initialized. Log file: pb2b/logs/data_saver_20250522.log
2025-05-22 14:24:43 - INFO - Connected to SQLite database: pb2b/p2p_listings.db
2025-05-22 14:24:43 - INFO - Database tables created successfully
2025-05-22 14:24:43 - INFO - Attempt 1/10: Loading https://www.bybit.com/fiat/trade/otc?actionType=1&token=USDT&fiat=NGN
2025-05-22 14:26:35 - INFO - Screenshot saved as 'pb2b/screenshots/bybit_page_20250522_142635.png'
2025-05-22 14:26:35 - INFO - Fetching BUY listings for USDT/EUR
2025-05-22 14:26:36 - INFO - Data successfully saved to SQLite database. New listings - Bybit: 4, Binance: 6
2025-05-22 14:26:36 - INFO - Browser session closed
2025-05-22 14:26:36 - INFO - SQLite database connection closed
2025-05-22 14:45:09 - INFO - Logging initialized. Log file: pb2b/logs/bybit_scraper_20250522.log
2025-05-22 14:45:10 - INFO - DataSaver logging initialized. Log file: pb2b/logs/data_saver_20250522.log
2025-05-22 14:45:10 - INFO - Connected to SQLite database: pb2b/p2p_listings.db
2025-05-22 14:45:10 - INFO - Database tables created successfully
2025-05-22 14:45:10 - INFO - Attempt 1/10: Loading https://www.bybit.com/fiat/trade/otc?actionType=1&token=USDT&fiat=NGN
2025-05-22 14:46:40 - INFO - Screenshot saved as 'pb2b/screenshots/bybit_page_20250522_144640.png'
2025-05-22 14:46:40 - INFO - Fetching BUY listings for USDT/EUR
2025-05-22 14:46:41 - INFO - Data successfully saved to SQLite database. New listings - Bybit: 4, Binance: 6
2025-05-22 14:46:41 - INFO - Browser session closed
2025-05-22 14:46:41 - INFO - SQLite database connection closed
2025-05-22 14:58:15 - INFO - Logging initialized. Log file: pb2b/logs/bybit_scraper_20250522.log
2025-05-22 14:58:15 - INFO - DataSaver logging initialized. Log file: pb2b/logs/data_saver_20250522.log
2025-05-22 14:58:15 - INFO - Connected to SQLite database: pb2b/p2p_listings.db
2025-05-22 14:58:15 - INFO - Database tables created successfully
2025-05-22 14:58:15 - INFO - Attempt 1/10: Loading https://www.bybit.com/fiat/trade/otc?actionType=1&token=USDT&fiat=NGN
2025-05-22 14:58:39 - INFO - Screenshot saved as 'pb2b/screenshots/bybit_page_20250522_145839.png'
2025-05-22 14:58:39 - INFO - Fetching BUY listings for USDT/EUR
2025-05-22 14:58:40 - INFO - Data successfully saved to SQLite database. New listings - Bybit: 4, Binance: 6
2025-05-22 14:58:40 - INFO - Browser session closed
2025-05-22 14:58:40 - INFO - SQLite database connection closed
2025-05-22 15:30:47 - INFO - Logging initialized. Log file: pb2b/logs/bybit_scraper_20250522.log
2025-05-22 15:30:49 - INFO - DataSaver logging initialized. Log file: pb2b/logs/data_saver_20250522.log
2025-05-22 15:30:49 - INFO - Connected to SQLite database: pb2b/p2p_listings.db
2025-05-22 15:30:49 - INFO - Database tables created successfully
2025-05-22 15:30:49 - INFO - Attempt 1/10: Loading https://www.bybit.com/fiat/trade/otc?actionType=1&token=USDT&fiat=NGN
2025-05-22 15:32:49 - ERROR - Unexpected error: HTTPConnectionPool(host='localhost', port=32915): Read timed out. (read timeout=120)
2025-05-22 15:32:49 - INFO - Fetching BUY listings for USDT/EUR
2025-05-22 15:32:49 - INFO - Data successfully saved to SQLite database. New listings - Bybit: 0, Binance: 6
2025-05-22 15:34:49 - WARNING - Retrying (Retry(total=2, connect=None, read=None, redirect=None, status=None)) after connection broken by 'ReadTimeoutError("HTTPConnectionPool(host='localhost', port=32915): Read timed out. (read timeout=120)")': /session/172f0e30f84f515f727d20d275d999a5
2025-05-22 15:35:49 - INFO - Browser session closed
2025-05-22 15:35:49 - INFO - SQLite database connection closed
2025-05-22 15:48:26 - INFO - Logging initialized. Log file: pb2b/logs/bybit_scraper_20250522.log
2025-05-22 15:48:27 - INFO - DataSaver logging initialized. Log file: pb2b/logs/data_saver_20250522.log
2025-05-22 15:48:27 - INFO - Connected to SQLite database: pb2b/p2p_listings.db
2025-05-22 15:48:27 - INFO - Database tables created successfully
2025-05-22 15:48:27 - INFO - Attempt 1/10: Loading https://www.bybit.com/fiat/trade/otc?actionType=1&token=USDT&fiat=NGN
2025-05-22 15:48:38 - INFO - Screenshot saved as 'pb2b/screenshots/bybit_page_20250522_154837.png'
2025-05-22 15:48:38 - INFO - Fetching BUY listings for USDT/EUR
2025-05-22 15:48:38 - INFO - Data successfully saved to SQLite database. New listings - Bybit: 4, Binance: 6
2025-05-22 15:48:39 - INFO - Browser session closed
2025-05-22 15:48:39 - INFO - SQLite database connection closed
2025-05-22 16:01:37 - INFO - Logging initialized. Log file: pb2b/logs/bybit_scraper_20250522.log
2025-05-22 16:01:37 - INFO - DataSaver logging initialized. Log file: pb2b/logs/data_saver_20250522.log
2025-05-22 16:01:37 - INFO - Connected to SQLite database: pb2b/p2p_listings.db
2025-05-22 16:01:37 - INFO - Database tables created successfully
2025-05-22 16:01:37 - INFO - Attempt 1/10: Loading https://www.bybit.com/fiat/trade/otc?actionType=1&token=USDT&fiat=NGN
2025-05-22 16:01:46 - INFO - Screenshot saved as 'pb2b/screenshots/bybit_page_20250522_160146.png'
2025-05-22 16:01:46 - INFO - Fetching BUY listings for USDT/EUR
2025-05-22 16:01:48 - INFO - Data successfully saved to SQLite database. New listings - Bybit: 4, Binance: 6
2025-05-22 16:01:48 - INFO - Browser session closed
2025-05-22 16:01:48 - INFO - SQLite database connection closed
2025-05-22 16:37:37 - INFO - Logging initialized. Log file: pb2b/logs/bybit_scraper_20250522.log
2025-05-22 16:37:37 - INFO - DataSaver logging initialized. Log file: pb2b/logs/data_saver_20250522.log
2025-05-22 16:37:37 - INFO - Connected to SQLite database: pb2b/p2p_listings.db
2025-05-22 16:37:37 - INFO - Database tables created successfully
2025-05-22 16:37:37 - INFO - Attempt 1/10: Loading https://www.bybit.com/fiat/trade/otc?actionType=1&token=USDT&fiat=NGN
2025-05-22 16:39:25 - INFO - Screenshot saved as 'pb2b/screenshots/bybit_page_20250522_163925.png'
2025-05-22 16:39:25 - INFO - Fetching BUY listings for USDT/EUR
2025-05-22 16:39:26 - INFO - Data successfully saved to SQLite database. New listings - Bybit: 4, Binance: 6
2025-05-22 16:39:26 - INFO - Browser session closed
2025-05-22 16:39:26 - INFO - SQLite database connection closed
2025-05-22 16:58:18 - INFO - Logging initialized. Log file: pb2b/logs/bybit_scraper_20250522.log
2025-05-22 16:58:19 - INFO - DataSaver logging initialized. Log file: pb2b/logs/data_saver_20250522.log
2025-05-22 16:58:19 - INFO - Connected to SQLite database: pb2b/p2p_listings.db
2025-05-22 16:58:19 - INFO - Database tables created successfully
2025-05-22 16:58:19 - INFO - Attempt 1/10: Loading https://www.bybit.com/fiat/trade/otc?actionType=1&token=USDT&fiat=NGN
2025-05-22 16:58:29 - INFO - Screenshot saved as 'pb2b/screenshots/bybit_page_20250522_165829.png'
2025-05-22 16:58:30 - INFO - Fetching BUY listings for USDT/EUR
2025-05-22 16:58:31 - INFO - Data successfully saved to SQLite database. New listings - Bybit: 4, Binance: 6
2025-05-22 16:58:31 - INFO - Browser session closed
2025-05-22 16:58:31 - INFO - SQLite database connection closed
2025-05-22 17:24:41 - INFO - Logging initialized. Log file: pb2b/logs/bybit_scraper_20250522.log
2025-05-22 17:24:42 - INFO - DataSaver logging initialized. Log file: pb2b/logs/data_saver_20250522.log
2025-05-22 17:24:42 - INFO - Connected to SQLite database: pb2b/p2p_listings.db
2025-05-22 17:24:42 - INFO - Database tables created successfully
2025-05-22 17:24:42 - INFO - Attempt 1/10: Loading https://www.bybit.com/fiat/trade/otc?actionType=1&token=USDT&fiat=NGN
2025-05-22 17:26:42 - ERROR - Unexpected error: HTTPConnectionPool(host='localhost', port=49367): Read timed out. (read timeout=120)
2025-05-22 17:26:42 - INFO - Fetching BUY listings for USDT/EUR
2025-05-22 17:26:43 - INFO - Data successfully saved to SQLite database. New listings - Bybit: 0, Binance: 6
2025-05-22 17:28:43 - WARNING - Retrying (Retry(total=2, connect=None, read=None, redirect=None, status=None)) after connection broken by 'ReadTimeoutError("HTTPConnectionPool(host='localhost', port=49367): Read timed out. (read timeout=120)")': /session/7949ac2dd89504614186413136b27704
2025-05-22 17:29:42 - INFO - Browser session closed
2025-05-22 17:29:42 - INFO - SQLite database connection closed
2025-05-22 17:43:03 - INFO - Logging initialized. Log file: pb2b/logs/bybit_scraper_20250522.log
2025-05-22 17:43:04 - INFO - DataSaver logging initialized. Log file: pb2b/logs/data_saver_20250522.log
2025-05-22 17:43:04 - INFO - Connected to SQLite database: pb2b/p2p_listings.db
2025-05-22 17:43:04 - INFO - Database tables created successfully
2025-05-22 17:43:04 - INFO - Attempt 1/10: Loading https://www.bybit.com/fiat/trade/otc?actionType=1&token=USDT&fiat=NGN
2025-05-22 17:43:14 - INFO - Screenshot saved as 'pb2b/screenshots/bybit_page_20250522_174314.png'
2025-05-22 17:43:14 - INFO - Fetching BUY listings for USDT/EUR
2025-05-22 17:43:15 - INFO - Data successfully saved to SQLite database. New listings - Bybit: 4, Binance: 6
2025-05-22 17:43:15 - INFO - Browser session closed
2025-05-22 17:43:15 - INFO - SQLite database connection closed
2025-05-22 17:56:13 - INFO - Logging initialized. Log file: pb2b/logs/bybit_scraper_20250522.log
2025-05-22 17:56:14 - INFO - DataSaver logging initialized. Log file: pb2b/logs/data_saver_20250522.log
2025-05-22 17:56:14 - INFO - Connected to SQLite database: pb2b/p2p_listings.db
2025-05-22 17:56:14 - INFO - Database tables created successfully
2025-05-22 17:56:14 - INFO - Attempt 1/10: Loading https://www.bybit.com/fiat/trade/otc?actionType=1&token=USDT&fiat=NGN
2025-05-22 17:56:26 - INFO - Screenshot saved as 'pb2b/screenshots/bybit_page_20250522_175626.png'
2025-05-22 17:56:26 - INFO - Fetching BUY listings for USDT/EUR
2025-05-22 17:56:27 - INFO - Data successfully saved to SQLite database. New listings - Bybit: 4, Binance: 6
2025-05-22 17:56:27 - INFO - Browser session closed
2025-05-22 17:56:27 - INFO - SQLite database connection closed
2025-05-22 18:34:28 - INFO - Logging initialized. Log file: pb2b/logs/bybit_scraper_20250522.log
2025-05-22 18:34:28 - INFO - DataSaver logging initialized. Log file: pb2b/logs/data_saver_20250522.log
2025-05-22 18:34:28 - INFO - Connected to SQLite database: pb2b/p2p_listings.db
2025-05-22 18:34:28 - INFO - Database tables created successfully
2025-05-22 18:34:28 - INFO - Attempt 1/10: Loading https://www.bybit.com/fiat/trade/otc?actionType=1&token=USDT&fiat=NGN
2025-05-22 18:34:38 - INFO - Screenshot saved as 'pb2b/screenshots/bybit_page_20250522_183437.png'
2025-05-22 18:34:38 - INFO - Fetching BUY listings for USDT/EUR
2025-05-22 18:34:38 - INFO - Data successfully saved to SQLite database. New listings - Bybit: 4, Binance: 6
2025-05-22 18:34:38 - INFO - Browser session closed
2025-05-22 18:34:38 - INFO - SQLite database connection closed
2025-05-22 18:54:42 - INFO - Logging initialized. Log file: pb2b/logs/bybit_scraper_20250522.log
2025-05-22 18:54:43 - INFO - DataSaver logging initialized. Log file: pb2b/logs/data_saver_20250522.log
2025-05-22 18:54:43 - INFO - Connected to SQLite database: pb2b/p2p_listings.db
2025-05-22 18:54:43 - INFO - Database tables created successfully
2025-05-22 18:54:43 - INFO - Attempt 1/10: Loading https://www.bybit.com/fiat/trade/otc?actionType=1&token=USDT&fiat=NGN
2025-05-22 18:55:16 - INFO - Screenshot saved as 'pb2b/screenshots/bybit_page_20250522_185516.png'
2025-05-22 18:55:17 - INFO - Fetching BUY listings for USDT/EUR
2025-05-22 18:55:17 - INFO - Data successfully saved to SQLite database. New listings - Bybit: 4, Binance: 6
2025-05-22 18:55:17 - INFO - Browser session closed
2025-05-22 18:55:17 - INFO - SQLite database connection closed
2025-05-22 19:18:09 - INFO - Logging initialized. Log file: pb2b/logs/bybit_scraper_20250522.log
2025-05-22 19:18:10 - INFO - DataSaver logging initialized. Log file: pb2b/logs/data_saver_20250522.log
2025-05-22 19:18:10 - INFO - Connected to SQLite database: pb2b/p2p_listings.db
2025-05-22 19:18:10 - INFO - Database tables created successfully
2025-05-22 19:18:10 - INFO - Attempt 1/10: Loading https://www.bybit.com/fiat/trade/otc?actionType=1&token=USDT&fiat=NGN
2025-05-22 19:18:19 - INFO - Screenshot saved as 'pb2b/screenshots/bybit_page_20250522_191819.png'
2025-05-22 19:18:19 - INFO - Fetching BUY listings for USDT/EUR
2025-05-22 19:18:20 - INFO - Data successfully saved to SQLite database. New listings - Bybit: 4, Binance: 6
2025-05-22 19:18:20 - INFO - Browser session closed
2025-05-22 19:18:20 - INFO - SQLite database connection closed
2025-05-22 19:31:38 - INFO - Logging initialized. Log file: pb2b/logs/bybit_scraper_20250522.log
2025-05-22 19:31:39 - INFO - DataSaver logging initialized. Log file: pb2b/logs/data_saver_20250522.log
2025-05-22 19:31:39 - INFO - Connected to SQLite database: pb2b/p2p_listings.db
2025-05-22 19:31:39 - INFO - Database tables created successfully
2025-05-22 19:31:39 - INFO - Attempt 1/10: Loading https://www.bybit.com/fiat/trade/otc?actionType=1&token=USDT&fiat=NGN
2025-05-22 19:31:51 - INFO - Screenshot saved as 'pb2b/screenshots/bybit_page_20250522_193150.png'
2025-05-22 19:31:51 - INFO - Fetching BUY listings for USDT/EUR
2025-05-22 19:31:52 - INFO - Data successfully saved to SQLite database. New listings - Bybit: 4, Binance: 6
2025-05-22 19:31:52 - INFO - Browser session closed
2025-05-22 19:31:52 - INFO - SQLite database connection closed
2025-05-22 19:44:49 - INFO - Logging initialized. Log file: pb2b/logs/bybit_scraper_20250522.log
2025-05-22 19:44:50 - INFO - DataSaver logging initialized. Log file: pb2b/logs/data_saver_20250522.log
2025-05-22 19:44:50 - INFO - Connected to SQLite database: pb2b/p2p_listings.db
2025-05-22 19:44:50 - INFO - Database tables created successfully
2025-05-22 19:44:50 - INFO - Attempt 1/10: Loading https://www.bybit.com/fiat/trade/otc?actionType=1&token=USDT&fiat=NGN
2025-05-22 19:45:00 - INFO - Screenshot saved as 'pb2b/screenshots/bybit_page_20250522_194500.png'
2025-05-22 19:45:00 - INFO - Fetching BUY listings for USDT/EUR
2025-05-22 19:45:01 - INFO - Data successfully saved to SQLite database. New listings - Bybit: 4, Binance: 6
2025-05-22 19:45:01 - INFO - Browser session closed
2025-05-22 19:45:01 - INFO - SQLite database connection closed
2025-05-22 19:57:48 - INFO - Logging initialized. Log file: pb2b/logs/bybit_scraper_20250522.log
2025-05-22 19:57:49 - INFO - DataSaver logging initialized. Log file: pb2b/logs/data_saver_20250522.log
2025-05-22 19:57:49 - INFO - Connected to SQLite database: pb2b/p2p_listings.db
2025-05-22 19:57:49 - INFO - Database tables created successfully
2025-05-22 19:57:49 - INFO - Attempt 1/10: Loading https://www.bybit.com/fiat/trade/otc?actionType=1&token=USDT&fiat=NGN
2025-05-22 19:58:49 - INFO - Screenshot saved as 'pb2b/screenshots/bybit_page_20250522_195849.png'
2025-05-22 19:58:49 - INFO - Fetching BUY listings for USDT/EUR
2025-05-22 19:58:50 - INFO - Data successfully saved to SQLite database. New listings - Bybit: 4, Binance: 6
2025-05-22 19:58:50 - INFO - Browser session closed
2025-05-22 19:58:50 - INFO - SQLite database connection closed
2025-05-22 20:31:58 - INFO - Logging initialized. Log file: pb2b/logs/bybit_scraper_20250522.log
2025-05-22 20:31:58 - INFO - DataSaver logging initialized. Log file: pb2b/logs/data_saver_20250522.log
2025-05-22 20:31:58 - INFO - Connected to SQLite database: pb2b/p2p_listings.db
2025-05-22 20:31:58 - INFO - Database tables created successfully
2025-05-22 20:31:58 - INFO - Attempt 1/10: Loading https://www.bybit.com/fiat/trade/otc?actionType=1&token=USDT&fiat=NGN
2025-05-22 20:32:10 - INFO - Screenshot saved as 'pb2b/screenshots/bybit_page_20250522_203210.png'
2025-05-22 20:32:10 - INFO - Fetching BUY listings for USDT/EUR
2025-05-22 20:32:11 - INFO - Data successfully saved to SQLite database. New listings - Bybit: 4, Binance: 6
2025-05-22 20:32:11 - INFO - Browser session closed
2025-05-22 20:32:11 - INFO - SQLite database connection closed
2025-05-22 20:48:54 - INFO - Logging initialized. Log file: pb2b/logs/bybit_scraper_20250522.log
2025-05-22 20:48:55 - INFO - DataSaver logging initialized. Log file: pb2b/logs/data_saver_20250522.log
2025-05-22 20:48:55 - INFO - Connected to SQLite database: pb2b/p2p_listings.db
2025-05-22 20:48:55 - INFO - Database tables created successfully
2025-05-22 20:48:55 - INFO - Attempt 1/10: Loading https://www.bybit.com/fiat/trade/otc?actionType=1&token=USDT&fiat=NGN
2025-05-22 20:49:05 - INFO - Screenshot saved as 'pb2b/screenshots/bybit_page_20250522_204905.png'
2025-05-22 20:49:06 - INFO - Fetching BUY listings for USDT/EUR
2025-05-22 20:49:06 - INFO - Data successfully saved to SQLite database. New listings - Bybit: 4, Binance: 6
2025-05-22 20:49:06 - INFO - Browser session closed
2025-05-22 20:49:06 - INFO - SQLite database connection closed
2025-05-22 21:01:57 - INFO - Logging initialized. Log file: pb2b/logs/bybit_scraper_20250522.log
2025-05-22 21:01:58 - INFO - DataSaver logging initialized. Log file: pb2b/logs/data_saver_20250522.log
2025-05-22 21:01:58 - INFO - Connected to SQLite database: pb2b/p2p_listings.db
2025-05-22 21:01:58 - INFO - Database tables created successfully
2025-05-22 21:01:58 - INFO - Attempt 1/10: Loading https://www.bybit.com/fiat/trade/otc?actionType=1&token=USDT&fiat=NGN
2025-05-22 21:02:07 - INFO - Screenshot saved as 'pb2b/screenshots/bybit_page_20250522_210207.png'
2025-05-22 21:02:08 - INFO - Fetching BUY listings for USDT/EUR
2025-05-22 21:02:08 - INFO - Data successfully saved to SQLite database. New listings - Bybit: 4, Binance: 6
2025-05-22 21:02:09 - INFO - Browser session closed
2025-05-22 21:02:09 - INFO - SQLite database connection closed
2025-05-22 21:27:58 - INFO - Logging initialized. Log file: pb2b/logs/bybit_scraper_20250522.log
2025-05-22 21:27:58 - INFO - DataSaver logging initialized. Log file: pb2b/logs/data_saver_20250522.log
2025-05-22 21:27:58 - INFO - Connected to SQLite database: pb2b/p2p_listings.db
2025-05-22 21:27:58 - INFO - Database tables created successfully
2025-05-22 21:27:58 - INFO - Attempt 1/10: Loading https://www.bybit.com/fiat/trade/otc?actionType=1&token=USDT&fiat=NGN
2025-05-22 21:28:09 - INFO - Screenshot saved as 'pb2b/screenshots/bybit_page_20250522_212809.png'
2025-05-22 21:28:10 - INFO - Fetching BUY listings for USDT/EUR
2025-05-22 21:28:10 - INFO - Data successfully saved to SQLite database. New listings - Bybit: 4, Binance: 6
2025-05-22 21:28:10 - INFO - Browser session closed
2025-05-22 21:28:10 - INFO - SQLite database connection closed
2025-05-22 21:43:48 - INFO - Logging initialized. Log file: pb2b/logs/bybit_scraper_20250522.log
2025-05-22 21:43:48 - INFO - DataSaver logging initialized. Log file: pb2b/logs/data_saver_20250522.log
2025-05-22 21:43:48 - INFO - Connected to SQLite database: pb2b/p2p_listings.db
2025-05-22 21:43:48 - INFO - Database tables created successfully
2025-05-22 21:43:48 - INFO - Attempt 1/10: Loading https://www.bybit.com/fiat/trade/otc?actionType=1&token=USDT&fiat=NGN
2025-05-22 21:43:59 - INFO - Screenshot saved as 'pb2b/screenshots/bybit_page_20250522_214359.png'
2025-05-22 21:43:59 - INFO - Fetching BUY listings for USDT/EUR
2025-05-22 21:44:00 - INFO - Data successfully saved to SQLite database. New listings - Bybit: 4, Binance: 6
2025-05-22 21:44:00 - INFO - Browser session closed
2025-05-22 21:44:00 - INFO - SQLite database connection closed
2025-05-22 21:57:51 - INFO - Logging initialized. Log file: pb2b/logs/bybit_scraper_20250522.log
2025-05-22 21:57:52 - INFO - DataSaver logging initialized. Log file: pb2b/logs/data_saver_20250522.log
2025-05-22 21:57:52 - INFO - Connected to SQLite database: pb2b/p2p_listings.db
2025-05-22 21:57:52 - INFO - Database tables created successfully
2025-05-22 21:57:52 - INFO - Attempt 1/10: Loading https://www.bybit.com/fiat/trade/otc?actionType=1&token=USDT&fiat=NGN
2025-05-22 21:58:01 - INFO - Screenshot saved as 'pb2b/screenshots/bybit_page_20250522_215801.png'
2025-05-22 21:58:02 - INFO - Fetching BUY listings for USDT/EUR
2025-05-22 21:58:02 - INFO - Data successfully saved to SQLite database. New listings - Bybit: 4, Binance: 6
2025-05-22 21:58:03 - INFO - Browser session closed
2025-05-22 21:58:03 - INFO - SQLite database connection closed
2025-05-22 22:27:00 - INFO - Logging initialized. Log file: pb2b/logs/bybit_scraper_20250522.log
2025-05-22 22:27:01 - INFO - DataSaver logging initialized. Log file: pb2b/logs/data_saver_20250522.log
2025-05-22 22:27:01 - INFO - Connected to SQLite database: pb2b/p2p_listings.db
2025-05-22 22:27:01 - INFO - Database tables created successfully
2025-05-22 22:27:01 - INFO - Attempt 1/10: Loading https://www.bybit.com/fiat/trade/otc?actionType=1&token=USDT&fiat=NGN
2025-05-22 22:27:11 - INFO - Screenshot saved as 'pb2b/screenshots/bybit_page_20250522_222711.png'
2025-05-22 22:27:12 - INFO - Fetching BUY listings for USDT/EUR
2025-05-22 22:27:12 - INFO - Data successfully saved to SQLite database. New listings - Bybit: 4, Binance: 6
2025-05-22 22:27:12 - INFO - Browser session closed
2025-05-22 22:27:12 - INFO - SQLite database connection closed
2025-05-22 22:46:13 - INFO - Logging initialized. Log file: pb2b/logs/bybit_scraper_20250522.log
2025-05-22 22:46:13 - INFO - DataSaver logging initialized. Log file: pb2b/logs/data_saver_20250522.log
2025-05-22 22:46:13 - INFO - Connected to SQLite database: pb2b/p2p_listings.db
2025-05-22 22:46:13 - INFO - Database tables created successfully
2025-05-22 22:46:13 - INFO - Attempt 1/10: Loading https://www.bybit.com/fiat/trade/otc?actionType=1&token=USDT&fiat=NGN
2025-05-22 22:46:23 - INFO - Screenshot saved as 'pb2b/screenshots/bybit_page_20250522_224623.png'
2025-05-22 22:46:23 - INFO - Fetching BUY listings for USDT/EUR
2025-05-22 22:46:24 - INFO - Data successfully saved to SQLite database. New listings - Bybit: 4, Binance: 6
2025-05-22 22:46:24 - INFO - Browser session closed
2025-05-22 22:46:24 - INFO - SQLite database connection closed
2025-05-22 22:59:24 - INFO - Logging initialized. Log file: pb2b/logs/bybit_scraper_20250522.log
2025-05-22 22:59:24 - INFO - DataSaver logging initialized. Log file: pb2b/logs/data_saver_20250522.log
2025-05-22 22:59:24 - INFO - Connected to SQLite database: pb2b/p2p_listings.db
2025-05-22 22:59:24 - INFO - Database tables created successfully
2025-05-22 22:59:24 - INFO - Attempt 1/10: Loading https://www.bybit.com/fiat/trade/otc?actionType=1&token=USDT&fiat=NGN
2025-05-22 22:59:33 - INFO - Screenshot saved as 'pb2b/screenshots/bybit_page_20250522_225933.png'
2025-05-22 22:59:34 - INFO - Fetching BUY listings for USDT/EUR
2025-05-22 22:59:35 - INFO - Data successfully saved to SQLite database. New listings - Bybit: 4, Binance: 6
2025-05-22 22:59:35 - INFO - Browser session closed
2025-05-22 22:59:35 - INFO - SQLite database connection closed
