2025-09-14 01:51:43 - INFO - Logging initialized. Log file: pb2b/logs/bybit_scraper_20250914.log
2025-09-14 01:51:44 - INFO - DataSaver logging initialized. Log file: pb2b/logs/data_saver_20250914.log
2025-09-14 01:51:44 - INFO - Connected to SQLite database: pb2b/p2p_listings.db
2025-09-14 01:51:44 - INFO - Database tables created successfully
2025-09-14 01:51:44 - INFO - Attempt 1/10: Loading https://www.bybit.com/fiat/trade/otc?actionType=1&token=USDT&fiat=NGN
2025-09-14 01:51:53 - INFO - Screenshot saved as 'pb2b/screenshots/bybit_page_20250914_015153.png'
2025-09-14 01:51:54 - INFO - Fetching BUY listings for USDT/EUR
2025-09-14 01:51:54 - INFO - Data successfully saved to SQLite database. New listings - Bybit: 4, Binance: 6
2025-09-14 01:51:54 - INFO - Browser session closed
2025-09-14 01:51:54 - INFO - SQLite database connection closed
2025-09-14 02:59:34 - INFO - Logging initialized. Log file: pb2b/logs/bybit_scraper_20250914.log
2025-09-14 02:59:35 - INFO - DataSaver logging initialized. Log file: pb2b/logs/data_saver_20250914.log
2025-09-14 02:59:35 - INFO - Connected to SQLite database: pb2b/p2p_listings.db
2025-09-14 02:59:35 - INFO - Database tables created successfully
2025-09-14 02:59:35 - INFO - Attempt 1/10: Loading https://www.bybit.com/fiat/trade/otc?actionType=1&token=USDT&fiat=NGN
2025-09-14 02:59:44 - INFO - Screenshot saved as 'pb2b/screenshots/bybit_page_20250914_025944.png'
2025-09-14 02:59:44 - INFO - Fetching BUY listings for USDT/EUR
2025-09-14 02:59:45 - INFO - Data successfully saved to SQLite database. New listings - Bybit: 4, Binance: 6
2025-09-14 02:59:45 - INFO - Browser session closed
2025-09-14 02:59:45 - INFO - SQLite database connection closed
