2025-03-27 01:58:34 - INFO - Logging initialized. Log file: pb2b/logs/bybit_scraper_20250327.log
2025-03-27 01:58:34 - INFO - DataSaver logging initialized. Log file: pb2b/logs/data_saver_20250327.log
2025-03-27 01:58:34 - INFO - Connected to SQLite database: pb2b/p2p_listings.db
2025-03-27 01:58:34 - INFO - Database tables created successfully
2025-03-27 01:58:34 - INFO - Attempt 1/10: Loading https://www.bybit.com/fiat/trade/otc?actionType=1&token=USDT&fiat=NGN
2025-03-27 01:58:44 - INFO - Screenshot saved as 'pb2b/screenshots/bybit_page_20250327_015844.png'
2025-03-27 01:58:44 - INFO - Fetching BUY listings for USDT/EUR
2025-03-27 01:58:45 - INFO - Data successfully saved to SQLite database. New listings - Bybit: 4, Binance: 6
2025-03-27 01:58:45 - INFO - Browser session closed
2025-03-27 01:58:45 - INFO - SQLite database connection closed
2025-03-27 03:05:03 - INFO - Logging initialized. Log file: pb2b/logs/bybit_scraper_20250327.log
2025-03-27 03:05:03 - INFO - DataSaver logging initialized. Log file: pb2b/logs/data_saver_20250327.log
2025-03-27 03:05:03 - INFO - Connected to SQLite database: pb2b/p2p_listings.db
2025-03-27 03:05:03 - INFO - Database tables created successfully
2025-03-27 03:05:03 - INFO - Attempt 1/10: Loading https://www.bybit.com/fiat/trade/otc?actionType=1&token=USDT&fiat=NGN
2025-03-27 03:05:13 - INFO - Screenshot saved as 'pb2b/screenshots/bybit_page_20250327_030513.png'
2025-03-27 03:05:14 - INFO - Fetching BUY listings for USDT/EUR
2025-03-27 03:05:14 - INFO - Data successfully saved to SQLite database. New listings - Bybit: 4, Binance: 6
2025-03-27 03:05:14 - INFO - Browser session closed
2025-03-27 03:05:14 - INFO - SQLite database connection closed
2025-03-27 03:45:05 - INFO - Logging initialized. Log file: pb2b/logs/bybit_scraper_20250327.log
2025-03-27 03:45:06 - INFO - DataSaver logging initialized. Log file: pb2b/logs/data_saver_20250327.log
2025-03-27 03:45:06 - INFO - Connected to SQLite database: pb2b/p2p_listings.db
2025-03-27 03:45:06 - INFO - Database tables created successfully
2025-03-27 03:45:06 - INFO - Attempt 1/10: Loading https://www.bybit.com/fiat/trade/otc?actionType=1&token=USDT&fiat=NGN
2025-03-27 03:45:15 - INFO - Screenshot saved as 'pb2b/screenshots/bybit_page_20250327_034515.png'
2025-03-27 03:45:16 - INFO - Fetching BUY listings for USDT/EUR
2025-03-27 03:45:16 - INFO - Data successfully saved to SQLite database. New listings - Bybit: 4, Binance: 6
2025-03-27 03:45:16 - INFO - Browser session closed
2025-03-27 03:45:16 - INFO - SQLite database connection closed
2025-03-27 03:58:27 - INFO - Logging initialized. Log file: pb2b/logs/bybit_scraper_20250327.log
2025-03-27 03:58:28 - INFO - DataSaver logging initialized. Log file: pb2b/logs/data_saver_20250327.log
2025-03-27 03:58:28 - INFO - Connected to SQLite database: pb2b/p2p_listings.db
2025-03-27 03:58:28 - INFO - Database tables created successfully
2025-03-27 03:58:28 - INFO - Attempt 1/10: Loading https://www.bybit.com/fiat/trade/otc?actionType=1&token=USDT&fiat=NGN
2025-03-27 03:58:38 - INFO - Screenshot saved as 'pb2b/screenshots/bybit_page_20250327_035838.png'
2025-03-27 03:58:39 - INFO - Fetching BUY listings for USDT/EUR
2025-03-27 03:58:39 - INFO - Data successfully saved to SQLite database. New listings - Bybit: 4, Binance: 6
2025-03-27 03:58:39 - INFO - Browser session closed
2025-03-27 03:58:39 - INFO - SQLite database connection closed
2025-03-27 04:30:46 - INFO - Logging initialized. Log file: pb2b/logs/bybit_scraper_20250327.log
2025-03-27 04:30:50 - INFO - DataSaver logging initialized. Log file: pb2b/logs/data_saver_20250327.log
2025-03-27 04:30:50 - INFO - Connected to SQLite database: pb2b/p2p_listings.db
2025-03-27 04:30:50 - INFO - Database tables created successfully
2025-03-27 04:30:50 - INFO - Attempt 1/10: Loading https://www.bybit.com/fiat/trade/otc?actionType=1&token=USDT&fiat=NGN
2025-03-27 04:31:01 - INFO - Screenshot saved as 'pb2b/screenshots/bybit_page_20250327_043101.png'
2025-03-27 04:31:01 - INFO - Fetching BUY listings for USDT/EUR
2025-03-27 04:31:02 - INFO - Data successfully saved to SQLite database. New listings - Bybit: 4, Binance: 6
2025-03-27 04:31:02 - INFO - Browser session closed
2025-03-27 04:31:02 - INFO - SQLite database connection closed
2025-03-27 04:50:04 - INFO - Logging initialized. Log file: pb2b/logs/bybit_scraper_20250327.log
2025-03-27 04:50:06 - INFO - DataSaver logging initialized. Log file: pb2b/logs/data_saver_20250327.log
2025-03-27 04:50:06 - INFO - Connected to SQLite database: pb2b/p2p_listings.db
2025-03-27 04:50:06 - INFO - Database tables created successfully
2025-03-27 04:50:06 - INFO - Attempt 1/10: Loading https://www.bybit.com/fiat/trade/otc?actionType=1&token=USDT&fiat=NGN
2025-03-27 04:50:16 - INFO - Screenshot saved as 'pb2b/screenshots/bybit_page_20250327_045016.png'
2025-03-27 04:50:17 - INFO - Fetching BUY listings for USDT/EUR
2025-03-27 04:50:17 - INFO - Data successfully saved to SQLite database. New listings - Bybit: 4, Binance: 6
2025-03-27 04:50:17 - INFO - Browser session closed
2025-03-27 04:50:17 - INFO - SQLite database connection closed
2025-03-27 05:11:51 - INFO - Logging initialized. Log file: pb2b/logs/bybit_scraper_20250327.log
2025-03-27 05:11:52 - INFO - DataSaver logging initialized. Log file: pb2b/logs/data_saver_20250327.log
2025-03-27 05:11:52 - INFO - Connected to SQLite database: pb2b/p2p_listings.db
2025-03-27 05:11:52 - INFO - Database tables created successfully
2025-03-27 05:11:52 - INFO - Attempt 1/10: Loading https://www.bybit.com/fiat/trade/otc?actionType=1&token=USDT&fiat=NGN
2025-03-27 05:12:02 - INFO - Screenshot saved as 'pb2b/screenshots/bybit_page_20250327_051201.png'
2025-03-27 05:12:02 - INFO - Fetching BUY listings for USDT/EUR
2025-03-27 05:12:03 - INFO - Data successfully saved to SQLite database. New listings - Bybit: 4, Binance: 6
2025-03-27 05:12:03 - INFO - Browser session closed
2025-03-27 05:12:03 - INFO - SQLite database connection closed
2025-03-27 05:34:33 - INFO - Logging initialized. Log file: pb2b/logs/bybit_scraper_20250327.log
2025-03-27 05:35:05 - INFO - DataSaver logging initialized. Log file: pb2b/logs/data_saver_20250327.log
2025-03-27 05:35:05 - INFO - Connected to SQLite database: pb2b/p2p_listings.db
2025-03-27 05:35:05 - INFO - Database tables created successfully
2025-03-27 05:35:05 - INFO - Attempt 1/10: Loading https://www.bybit.com/fiat/trade/otc?actionType=1&token=USDT&fiat=NGN
2025-03-27 05:35:21 - INFO - Screenshot saved as 'pb2b/screenshots/bybit_page_20250327_053521.png'
2025-03-27 05:35:21 - INFO - Fetching BUY listings for USDT/EUR
2025-03-27 05:35:22 - INFO - Data successfully saved to SQLite database. New listings - Bybit: 4, Binance: 6
2025-03-27 05:35:22 - INFO - Browser session closed
2025-03-27 05:35:22 - INFO - SQLite database connection closed
2025-03-27 05:47:36 - INFO - Logging initialized. Log file: pb2b/logs/bybit_scraper_20250327.log
2025-03-27 05:47:37 - INFO - DataSaver logging initialized. Log file: pb2b/logs/data_saver_20250327.log
2025-03-27 05:47:37 - INFO - Connected to SQLite database: pb2b/p2p_listings.db
2025-03-27 05:47:37 - INFO - Database tables created successfully
2025-03-27 05:47:37 - INFO - Attempt 1/10: Loading https://www.bybit.com/fiat/trade/otc?actionType=1&token=USDT&fiat=NGN
2025-03-27 05:47:48 - INFO - Screenshot saved as 'pb2b/screenshots/bybit_page_20250327_054748.png'
2025-03-27 05:47:49 - INFO - Fetching BUY listings for USDT/EUR
2025-03-27 05:47:49 - INFO - Data successfully saved to SQLite database. New listings - Bybit: 4, Binance: 6
2025-03-27 05:47:50 - INFO - Browser session closed
2025-03-27 05:47:50 - INFO - SQLite database connection closed
2025-03-27 06:00:47 - INFO - Logging initialized. Log file: pb2b/logs/bybit_scraper_20250327.log
2025-03-27 06:00:47 - INFO - DataSaver logging initialized. Log file: pb2b/logs/data_saver_20250327.log
2025-03-27 06:00:47 - INFO - Connected to SQLite database: pb2b/p2p_listings.db
2025-03-27 06:00:47 - INFO - Database tables created successfully
2025-03-27 06:00:47 - INFO - Attempt 1/10: Loading https://www.bybit.com/fiat/trade/otc?actionType=1&token=USDT&fiat=NGN
2025-03-27 06:00:57 - INFO - Screenshot saved as 'pb2b/screenshots/bybit_page_20250327_060056.png'
2025-03-27 06:00:57 - INFO - Fetching BUY listings for USDT/EUR
2025-03-27 06:00:58 - INFO - Data successfully saved to SQLite database. New listings - Bybit: 4, Binance: 6
2025-03-27 06:00:58 - INFO - Browser session closed
2025-03-27 06:00:58 - INFO - SQLite database connection closed
2025-03-27 06:37:42 - INFO - Logging initialized. Log file: pb2b/logs/bybit_scraper_20250327.log
2025-03-27 06:37:44 - INFO - DataSaver logging initialized. Log file: pb2b/logs/data_saver_20250327.log
2025-03-27 06:37:44 - INFO - Connected to SQLite database: pb2b/p2p_listings.db
2025-03-27 06:37:44 - INFO - Database tables created successfully
2025-03-27 06:37:44 - INFO - Attempt 1/10: Loading https://www.bybit.com/fiat/trade/otc?actionType=1&token=USDT&fiat=NGN
2025-03-27 06:37:53 - INFO - Screenshot saved as 'pb2b/screenshots/bybit_page_20250327_063753.png'
2025-03-27 06:37:53 - INFO - Fetching BUY listings for USDT/EUR
2025-03-27 06:37:54 - INFO - Data successfully saved to SQLite database. New listings - Bybit: 4, Binance: 6
2025-03-27 06:37:54 - INFO - Browser session closed
2025-03-27 06:37:54 - INFO - SQLite database connection closed
2025-03-27 06:54:39 - INFO - Logging initialized. Log file: pb2b/logs/bybit_scraper_20250327.log
2025-03-27 06:54:40 - INFO - DataSaver logging initialized. Log file: pb2b/logs/data_saver_20250327.log
2025-03-27 06:54:40 - INFO - Connected to SQLite database: pb2b/p2p_listings.db
2025-03-27 06:54:40 - INFO - Database tables created successfully
2025-03-27 06:54:40 - INFO - Attempt 1/10: Loading https://www.bybit.com/fiat/trade/otc?actionType=1&token=USDT&fiat=NGN
2025-03-27 06:54:49 - INFO - Screenshot saved as 'pb2b/screenshots/bybit_page_20250327_065449.png'
2025-03-27 06:54:49 - INFO - Fetching BUY listings for USDT/EUR
2025-03-27 06:54:50 - INFO - Data successfully saved to SQLite database. New listings - Bybit: 4, Binance: 6
2025-03-27 06:54:50 - INFO - Browser session closed
2025-03-27 06:54:50 - INFO - SQLite database connection closed
