2025-09-12 00:00:58 - INFO - Logging initialized. Log file: pb2b/logs/bybit_scraper_20250912.log
2025-09-12 00:00:58 - INFO - DataSaver logging initialized. Log file: pb2b/logs/data_saver_20250912.log
2025-09-12 00:00:58 - INFO - Connected to SQLite database: pb2b/p2p_listings.db
2025-09-12 00:00:58 - INFO - Database tables created successfully
2025-09-12 00:00:58 - INFO - Attempt 1/10: Loading https://www.bybit.com/fiat/trade/otc?actionType=1&token=USDT&fiat=NGN
2025-09-12 00:01:07 - INFO - Screenshot saved as 'pb2b/screenshots/bybit_page_20250912_000107.png'
2025-09-12 00:01:08 - INFO - Fetching BUY listings for USDT/EUR
2025-09-12 00:01:08 - INFO - Data successfully saved to SQLite database. New listings - Bybit: 4, Binance: 6
2025-09-12 00:01:09 - INFO - Browser session closed
2025-09-12 00:01:09 - INFO - SQLite database connection closed
2025-09-12 02:02:16 - INFO - Logging initialized. Log file: pb2b/logs/bybit_scraper_20250912.log
2025-09-12 02:02:17 - INFO - DataSaver logging initialized. Log file: pb2b/logs/data_saver_20250912.log
2025-09-12 02:02:17 - INFO - Connected to SQLite database: pb2b/p2p_listings.db
2025-09-12 02:02:17 - INFO - Database tables created successfully
2025-09-12 02:02:17 - INFO - Attempt 1/10: Loading https://www.bybit.com/fiat/trade/otc?actionType=1&token=USDT&fiat=NGN
2025-09-12 02:02:26 - INFO - Screenshot saved as 'pb2b/screenshots/bybit_page_20250912_020226.png'
2025-09-12 02:02:26 - INFO - Fetching BUY listings for USDT/EUR
2025-09-12 02:02:27 - INFO - Data successfully saved to SQLite database. New listings - Bybit: 4, Binance: 6
2025-09-12 02:02:27 - INFO - Browser session closed
2025-09-12 02:02:27 - INFO - SQLite database connection closed
2025-09-12 02:59:44 - INFO - Logging initialized. Log file: pb2b/logs/bybit_scraper_20250912.log
2025-09-12 02:59:45 - INFO - DataSaver logging initialized. Log file: pb2b/logs/data_saver_20250912.log
2025-09-12 02:59:45 - INFO - Connected to SQLite database: pb2b/p2p_listings.db
2025-09-12 02:59:45 - INFO - Database tables created successfully
2025-09-12 02:59:45 - INFO - Attempt 1/10: Loading https://www.bybit.com/fiat/trade/otc?actionType=1&token=USDT&fiat=NGN
2025-09-12 02:59:54 - INFO - Screenshot saved as 'pb2b/screenshots/bybit_page_20250912_025954.png'
2025-09-12 02:59:54 - INFO - Fetching BUY listings for USDT/EUR
2025-09-12 02:59:55 - INFO - Data successfully saved to SQLite database. New listings - Bybit: 4, Binance: 6
2025-09-12 02:59:55 - INFO - Browser session closed
2025-09-12 02:59:55 - INFO - SQLite database connection closed
2025-09-12 03:35:34 - INFO - Logging initialized. Log file: pb2b/logs/bybit_scraper_20250912.log
2025-09-12 03:35:35 - INFO - DataSaver logging initialized. Log file: pb2b/logs/data_saver_20250912.log
2025-09-12 03:35:35 - INFO - Connected to SQLite database: pb2b/p2p_listings.db
2025-09-12 03:35:35 - INFO - Database tables created successfully
2025-09-12 03:35:35 - INFO - Attempt 1/10: Loading https://www.bybit.com/fiat/trade/otc?actionType=1&token=USDT&fiat=NGN
2025-09-12 03:35:44 - INFO - Screenshot saved as 'pb2b/screenshots/bybit_page_20250912_033544.png'
2025-09-12 03:35:45 - INFO - Fetching BUY listings for USDT/EUR
2025-09-12 03:35:45 - INFO - Data successfully saved to SQLite database. New listings - Bybit: 4, Binance: 6
2025-09-12 03:35:46 - INFO - Browser session closed
2025-09-12 03:35:46 - INFO - SQLite database connection closed
2025-09-12 03:51:11 - INFO - Logging initialized. Log file: pb2b/logs/bybit_scraper_20250912.log
2025-09-12 03:51:12 - INFO - DataSaver logging initialized. Log file: pb2b/logs/data_saver_20250912.log
2025-09-12 03:51:12 - INFO - Connected to SQLite database: pb2b/p2p_listings.db
2025-09-12 03:51:12 - INFO - Database tables created successfully
2025-09-12 03:51:12 - INFO - Attempt 1/10: Loading https://www.bybit.com/fiat/trade/otc?actionType=1&token=USDT&fiat=NGN
2025-09-12 03:51:21 - INFO - Screenshot saved as 'pb2b/screenshots/bybit_page_20250912_035121.png'
2025-09-12 03:51:22 - INFO - Fetching BUY listings for USDT/EUR
2025-09-12 03:51:23 - INFO - Data successfully saved to SQLite database. New listings - Bybit: 4, Binance: 6
2025-09-12 03:51:23 - INFO - Browser session closed
2025-09-12 03:51:23 - INFO - SQLite database connection closed
2025-09-12 04:03:45 - INFO - Logging initialized. Log file: pb2b/logs/bybit_scraper_20250912.log
2025-09-12 04:03:46 - INFO - DataSaver logging initialized. Log file: pb2b/logs/data_saver_20250912.log
2025-09-12 04:03:46 - INFO - Connected to SQLite database: pb2b/p2p_listings.db
2025-09-12 04:03:46 - INFO - Database tables created successfully
2025-09-12 04:03:46 - INFO - Attempt 1/10: Loading https://www.bybit.com/fiat/trade/otc?actionType=1&token=USDT&fiat=NGN
2025-09-12 04:03:55 - INFO - Screenshot saved as 'pb2b/screenshots/bybit_page_20250912_040355.png'
2025-09-12 04:03:56 - INFO - Fetching BUY listings for USDT/EUR
2025-09-12 04:03:57 - INFO - Data successfully saved to SQLite database. New listings - Bybit: 4, Binance: 6
2025-09-12 04:03:58 - INFO - Browser session closed
2025-09-12 04:03:58 - INFO - SQLite database connection closed
2025-09-12 04:33:04 - INFO - Logging initialized. Log file: pb2b/logs/bybit_scraper_20250912.log
2025-09-12 04:33:04 - INFO - DataSaver logging initialized. Log file: pb2b/logs/data_saver_20250912.log
2025-09-12 04:33:04 - INFO - Connected to SQLite database: pb2b/p2p_listings.db
2025-09-12 04:33:04 - INFO - Database tables created successfully
2025-09-12 04:33:04 - INFO - Attempt 1/10: Loading https://www.bybit.com/fiat/trade/otc?actionType=1&token=USDT&fiat=NGN
2025-09-12 04:33:15 - INFO - Screenshot saved as 'pb2b/screenshots/bybit_page_20250912_043315.png'
2025-09-12 04:33:15 - INFO - Fetching BUY listings for USDT/EUR
2025-09-12 04:33:16 - INFO - Data successfully saved to SQLite database. New listings - Bybit: 4, Binance: 6
2025-09-12 04:33:16 - INFO - Browser session closed
2025-09-12 04:33:16 - INFO - SQLite database connection closed
2025-09-12 04:49:01 - INFO - Logging initialized. Log file: pb2b/logs/bybit_scraper_20250912.log
2025-09-12 04:49:02 - INFO - DataSaver logging initialized. Log file: pb2b/logs/data_saver_20250912.log
2025-09-12 04:49:02 - INFO - Connected to SQLite database: pb2b/p2p_listings.db
2025-09-12 04:49:02 - INFO - Database tables created successfully
2025-09-12 04:49:02 - INFO - Attempt 1/10: Loading https://www.bybit.com/fiat/trade/otc?actionType=1&token=USDT&fiat=NGN
2025-09-12 04:49:13 - INFO - Screenshot saved as 'pb2b/screenshots/bybit_page_20250912_044913.png'
2025-09-12 04:49:14 - INFO - Fetching BUY listings for USDT/EUR
2025-09-12 04:49:15 - INFO - Data successfully saved to SQLite database. New listings - Bybit: 4, Binance: 6
2025-09-12 04:49:15 - INFO - Browser session closed
2025-09-12 04:49:15 - INFO - SQLite database connection closed
2025-09-12 05:00:44 - INFO - Logging initialized. Log file: pb2b/logs/bybit_scraper_20250912.log
2025-09-12 05:00:45 - INFO - DataSaver logging initialized. Log file: pb2b/logs/data_saver_20250912.log
2025-09-12 05:00:45 - INFO - Connected to SQLite database: pb2b/p2p_listings.db
2025-09-12 05:00:45 - INFO - Database tables created successfully
2025-09-12 05:00:45 - INFO - Attempt 1/10: Loading https://www.bybit.com/fiat/trade/otc?actionType=1&token=USDT&fiat=NGN
2025-09-12 05:00:54 - INFO - Screenshot saved as 'pb2b/screenshots/bybit_page_20250912_050054.png'
2025-09-12 05:00:55 - INFO - Fetching BUY listings for USDT/EUR
2025-09-12 05:00:55 - INFO - Data successfully saved to SQLite database. New listings - Bybit: 4, Binance: 6
2025-09-12 05:00:56 - INFO - Browser session closed
2025-09-12 05:00:56 - INFO - SQLite database connection closed
2025-09-12 05:30:41 - INFO - Logging initialized. Log file: pb2b/logs/bybit_scraper_20250912.log
2025-09-12 05:30:43 - INFO - DataSaver logging initialized. Log file: pb2b/logs/data_saver_20250912.log
2025-09-12 05:30:43 - INFO - Connected to SQLite database: pb2b/p2p_listings.db
2025-09-12 05:30:43 - INFO - Database tables created successfully
2025-09-12 05:30:43 - INFO - Attempt 1/10: Loading https://www.bybit.com/fiat/trade/otc?actionType=1&token=USDT&fiat=NGN
2025-09-12 05:30:53 - INFO - Screenshot saved as 'pb2b/screenshots/bybit_page_20250912_053052.png'
2025-09-12 05:30:53 - INFO - Fetching BUY listings for USDT/EUR
2025-09-12 05:30:54 - INFO - Data successfully saved to SQLite database. New listings - Bybit: 4, Binance: 6
2025-09-12 05:30:54 - INFO - Browser session closed
2025-09-12 05:30:54 - INFO - SQLite database connection closed
2025-09-12 05:45:37 - INFO - Logging initialized. Log file: pb2b/logs/bybit_scraper_20250912.log
2025-09-12 05:45:38 - INFO - DataSaver logging initialized. Log file: pb2b/logs/data_saver_20250912.log
2025-09-12 05:45:38 - INFO - Connected to SQLite database: pb2b/p2p_listings.db
2025-09-12 05:45:38 - INFO - Database tables created successfully
2025-09-12 05:45:38 - INFO - Attempt 1/10: Loading https://www.bybit.com/fiat/trade/otc?actionType=1&token=USDT&fiat=NGN
2025-09-12 05:45:48 - INFO - Screenshot saved as 'pb2b/screenshots/bybit_page_20250912_054548.png'
2025-09-12 05:45:48 - INFO - Fetching BUY listings for USDT/EUR
2025-09-12 05:45:49 - INFO - Data successfully saved to SQLite database. New listings - Bybit: 4, Binance: 6
2025-09-12 05:45:49 - INFO - Browser session closed
2025-09-12 05:45:49 - INFO - SQLite database connection closed
2025-09-12 06:00:04 - INFO - Logging initialized. Log file: pb2b/logs/bybit_scraper_20250912.log
2025-09-12 06:00:06 - INFO - DataSaver logging initialized. Log file: pb2b/logs/data_saver_20250912.log
2025-09-12 06:00:06 - INFO - Connected to SQLite database: pb2b/p2p_listings.db
2025-09-12 06:00:06 - INFO - Database tables created successfully
2025-09-12 06:00:06 - INFO - Attempt 1/10: Loading https://www.bybit.com/fiat/trade/otc?actionType=1&token=USDT&fiat=NGN
2025-09-12 06:00:15 - INFO - Screenshot saved as 'pb2b/screenshots/bybit_page_20250912_060015.png'
2025-09-12 06:00:15 - INFO - Fetching BUY listings for USDT/EUR
2025-09-12 06:00:15 - INFO - Data successfully saved to SQLite database. New listings - Bybit: 4, Binance: 6
2025-09-12 06:00:16 - INFO - Browser session closed
2025-09-12 06:00:16 - INFO - SQLite database connection closed
2025-09-12 06:38:16 - INFO - Logging initialized. Log file: pb2b/logs/bybit_scraper_20250912.log
2025-09-12 06:38:16 - INFO - DataSaver logging initialized. Log file: pb2b/logs/data_saver_20250912.log
2025-09-12 06:38:16 - INFO - Connected to SQLite database: pb2b/p2p_listings.db
2025-09-12 06:38:16 - INFO - Database tables created successfully
2025-09-12 06:38:16 - INFO - Attempt 1/10: Loading https://www.bybit.com/fiat/trade/otc?actionType=1&token=USDT&fiat=NGN
2025-09-12 06:38:25 - INFO - Screenshot saved as 'pb2b/screenshots/bybit_page_20250912_063825.png'
2025-09-12 06:38:25 - INFO - Fetching BUY listings for USDT/EUR
2025-09-12 06:38:26 - INFO - Data successfully saved to SQLite database. New listings - Bybit: 4, Binance: 6
2025-09-12 06:38:26 - INFO - Browser session closed
2025-09-12 06:38:26 - INFO - SQLite database connection closed
2025-09-12 06:56:12 - INFO - Logging initialized. Log file: pb2b/logs/bybit_scraper_20250912.log
2025-09-12 06:56:12 - INFO - DataSaver logging initialized. Log file: pb2b/logs/data_saver_20250912.log
2025-09-12 06:56:12 - INFO - Connected to SQLite database: pb2b/p2p_listings.db
2025-09-12 06:56:12 - INFO - Database tables created successfully
2025-09-12 06:56:12 - INFO - Attempt 1/10: Loading https://www.bybit.com/fiat/trade/otc?actionType=1&token=USDT&fiat=NGN
2025-09-12 06:56:22 - INFO - Screenshot saved as 'pb2b/screenshots/bybit_page_20250912_065622.png'
2025-09-12 06:56:22 - INFO - Fetching BUY listings for USDT/EUR
2025-09-12 06:56:23 - INFO - Data successfully saved to SQLite database. New listings - Bybit: 4, Binance: 6
2025-09-12 06:56:23 - INFO - Browser session closed
2025-09-12 06:56:23 - INFO - SQLite database connection closed
2025-09-12 07:19:07 - INFO - Logging initialized. Log file: pb2b/logs/bybit_scraper_20250912.log
2025-09-12 07:19:08 - INFO - DataSaver logging initialized. Log file: pb2b/logs/data_saver_20250912.log
2025-09-12 07:19:08 - INFO - Connected to SQLite database: pb2b/p2p_listings.db
2025-09-12 07:19:08 - INFO - Database tables created successfully
2025-09-12 07:19:08 - INFO - Attempt 1/10: Loading https://www.bybit.com/fiat/trade/otc?actionType=1&token=USDT&fiat=NGN
2025-09-12 07:19:17 - INFO - Screenshot saved as 'pb2b/screenshots/bybit_page_20250912_071917.png'
2025-09-12 07:19:18 - INFO - Fetching BUY listings for USDT/EUR
2025-09-12 07:19:19 - INFO - Data successfully saved to SQLite database. New listings - Bybit: 4, Binance: 6
2025-09-12 07:19:19 - INFO - Browser session closed
2025-09-12 07:19:19 - INFO - SQLite database connection closed
