2025-04-12 01:25:46 - INFO - Logging initialized. Log file: pb2b/logs/bybit_scraper_20250412.log
2025-04-12 01:25:47 - INFO - DataSaver logging initialized. Log file: pb2b/logs/data_saver_20250412.log
2025-04-12 01:25:47 - INFO - Connected to SQLite database: pb2b/p2p_listings.db
2025-04-12 01:25:47 - INFO - Database tables created successfully
2025-04-12 01:25:47 - INFO - Attempt 1/10: Loading https://www.bybit.com/fiat/trade/otc?actionType=1&token=USDT&fiat=NGN
2025-04-12 01:25:58 - INFO - Screenshot saved as 'pb2b/screenshots/bybit_page_20250412_012558.png'
2025-04-12 01:25:58 - INFO - Fetching BUY listings for USDT/EUR
2025-04-12 01:25:59 - INFO - Data successfully saved to SQLite database. New listings - Bybit: 4, Binance: 6
2025-04-12 01:25:59 - INFO - Browser session closed
2025-04-12 01:25:59 - INFO - SQLite database connection closed
2025-04-12 02:48:07 - INFO - Logging initialized. Log file: pb2b/logs/bybit_scraper_20250412.log
2025-04-12 02:48:09 - INFO - DataSaver logging initialized. Log file: pb2b/logs/data_saver_20250412.log
2025-04-12 02:48:09 - INFO - Connected to SQLite database: pb2b/p2p_listings.db
2025-04-12 02:48:09 - INFO - Database tables created successfully
2025-04-12 02:48:09 - INFO - Attempt 1/10: Loading https://www.bybit.com/fiat/trade/otc?actionType=1&token=USDT&fiat=NGN
2025-04-12 02:48:19 - INFO - Screenshot saved as 'pb2b/screenshots/bybit_page_20250412_024818.png'
2025-04-12 02:48:19 - INFO - Fetching BUY listings for USDT/EUR
2025-04-12 02:48:19 - INFO - Data successfully saved to SQLite database. New listings - Bybit: 4, Binance: 6
2025-04-12 02:48:19 - INFO - Browser session closed
2025-04-12 02:48:19 - INFO - SQLite database connection closed
2025-04-12 03:24:00 - INFO - Logging initialized. Log file: pb2b/logs/bybit_scraper_20250412.log
2025-04-12 03:24:00 - INFO - DataSaver logging initialized. Log file: pb2b/logs/data_saver_20250412.log
2025-04-12 03:24:00 - INFO - Connected to SQLite database: pb2b/p2p_listings.db
2025-04-12 03:24:00 - INFO - Database tables created successfully
2025-04-12 03:24:00 - INFO - Attempt 1/10: Loading https://www.bybit.com/fiat/trade/otc?actionType=1&token=USDT&fiat=NGN
2025-04-12 03:24:11 - INFO - Screenshot saved as 'pb2b/screenshots/bybit_page_20250412_032411.png'
2025-04-12 03:24:11 - INFO - Fetching BUY listings for USDT/EUR
2025-04-12 03:24:12 - INFO - Data successfully saved to SQLite database. New listings - Bybit: 4, Binance: 6
2025-04-12 03:24:12 - INFO - Browser session closed
2025-04-12 03:24:12 - INFO - SQLite database connection closed
