2025-05-23 02:07:28 - INFO - Logging initialized. Log file: pb2b/logs/bybit_scraper_20250523.log
2025-05-23 02:07:29 - INFO - DataSaver logging initialized. Log file: pb2b/logs/data_saver_20250523.log
2025-05-23 02:07:29 - INFO - Connected to SQLite database: pb2b/p2p_listings.db
2025-05-23 02:07:29 - INFO - Database tables created successfully
2025-05-23 02:07:29 - INFO - Attempt 1/10: Loading https://www.bybit.com/fiat/trade/otc?actionType=1&token=USDT&fiat=NGN
2025-05-23 02:07:38 - INFO - Screenshot saved as 'pb2b/screenshots/bybit_page_20250523_020738.png'
2025-05-23 02:07:39 - INFO - Fetching BUY listings for USDT/EUR
2025-05-23 02:07:40 - INFO - Data successfully saved to SQLite database. New listings - Bybit: 4, Binance: 6
2025-05-23 02:07:40 - INFO - Browser session closed
2025-05-23 02:07:40 - INFO - SQLite database connection closed
2025-05-23 03:18:55 - INFO - Logging initialized. Log file: pb2b/logs/bybit_scraper_20250523.log
2025-05-23 03:18:56 - INFO - DataSaver logging initialized. Log file: pb2b/logs/data_saver_20250523.log
2025-05-23 03:18:56 - INFO - Connected to SQLite database: pb2b/p2p_listings.db
2025-05-23 03:18:56 - INFO - Database tables created successfully
2025-05-23 03:18:56 - INFO - Attempt 1/10: Loading https://www.bybit.com/fiat/trade/otc?actionType=1&token=USDT&fiat=NGN
2025-05-23 03:19:06 - INFO - Screenshot saved as 'pb2b/screenshots/bybit_page_20250523_031906.png'
2025-05-23 03:19:07 - INFO - Fetching BUY listings for USDT/EUR
2025-05-23 03:19:07 - INFO - Data successfully saved to SQLite database. New listings - Bybit: 4, Binance: 6
2025-05-23 03:19:07 - INFO - Browser session closed
2025-05-23 03:19:07 - INFO - SQLite database connection closed
