2025-01-09 00:40:51 - INFO - Logging initialized. Log file: pb2b/logs/bybit_scraper_20250109.log
2025-01-09 00:40:52 - INFO - DataSaver logging initialized. Log file: pb2b/logs/data_saver_20250109.log
2025-01-09 00:40:52 - INFO - Connected to SQLite database: pb2b/p2p_listings.db
2025-01-09 00:40:52 - INFO - Database tables created successfully
2025-01-09 00:40:52 - INFO - Attempt 1/10: Loading https://www.bybit.com/fiat/trade/otc?actionType=1&token=USDT&fiat=NGN
2025-01-09 00:41:03 - INFO - Screenshot saved as 'pb2b/screenshots/bybit_page_20250109_004103.png'
2025-01-09 00:41:03 - INFO - Fetching BUY listings for USDT/EUR
2025-01-09 00:41:04 - INFO - Data successfully saved to SQLite database. New listings - Bybit: 4, Binance: 6
2025-01-09 00:41:04 - INFO - Browser session closed
2025-01-09 00:41:04 - INFO - SQLite database connection closed
2025-01-09 02:35:03 - INFO - Logging initialized. Log file: pb2b/logs/bybit_scraper_20250109.log
2025-01-09 02:35:04 - INFO - DataSaver logging initialized. Log file: pb2b/logs/data_saver_20250109.log
2025-01-09 02:35:04 - INFO - Connected to SQLite database: pb2b/p2p_listings.db
2025-01-09 02:35:04 - INFO - Database tables created successfully
2025-01-09 02:35:04 - INFO - Attempt 1/10: Loading https://www.bybit.com/fiat/trade/otc?actionType=1&token=USDT&fiat=NGN
2025-01-09 02:35:14 - INFO - Screenshot saved as 'pb2b/screenshots/bybit_page_20250109_023514.png'
2025-01-09 02:35:15 - INFO - Fetching BUY listings for USDT/EUR
2025-01-09 02:35:15 - INFO - Data successfully saved to SQLite database. New listings - Bybit: 4, Binance: 6
2025-01-09 02:35:15 - INFO - Browser session closed
2025-01-09 02:35:15 - INFO - SQLite database connection closed
