2025-09-24 00:00:30 - INFO - Logging initialized. Log file: pb2b/logs/bybit_scraper_20250924.log
2025-09-24 00:00:31 - INFO - DataSaver logging initialized. Log file: pb2b/logs/data_saver_20250924.log
2025-09-24 00:00:31 - INFO - Connected to SQLite database: pb2b/p2p_listings.db
2025-09-24 00:00:31 - INFO - Database tables created successfully
2025-09-24 00:00:31 - INFO - Attempt 1/10: Loading https://www.bybit.com/fiat/trade/otc?actionType=1&token=USDT&fiat=NGN
2025-09-24 00:00:39 - INFO - Screenshot saved as 'pb2b/screenshots/bybit_page_20250924_000039.png'
2025-09-24 00:00:40 - INFO - Fetching BUY listings for USDT/EUR
2025-09-24 00:00:40 - INFO - Data successfully saved to SQLite database. New listings - Bybit: 4, Binance: 6
2025-09-24 00:00:40 - INFO - Browser session closed
2025-09-24 00:00:40 - INFO - SQLite database connection closed
2025-09-24 02:00:21 - INFO - Logging initialized. Log file: pb2b/logs/bybit_scraper_20250924.log
2025-09-24 02:00:22 - INFO - DataSaver logging initialized. Log file: pb2b/logs/data_saver_20250924.log
2025-09-24 02:00:22 - INFO - Connected to SQLite database: pb2b/p2p_listings.db
2025-09-24 02:00:22 - INFO - Database tables created successfully
2025-09-24 02:00:22 - INFO - Attempt 1/10: Loading https://www.bybit.com/fiat/trade/otc?actionType=1&token=USDT&fiat=NGN
2025-09-24 02:00:31 - INFO - Screenshot saved as 'pb2b/screenshots/bybit_page_20250924_020031.png'
2025-09-24 02:00:31 - INFO - Fetching BUY listings for USDT/EUR
2025-09-24 02:00:32 - INFO - Data successfully saved to SQLite database. New listings - Bybit: 4, Binance: 6
2025-09-24 02:00:32 - INFO - Browser session closed
2025-09-24 02:00:32 - INFO - SQLite database connection closed
2025-09-24 03:09:28 - INFO - Logging initialized. Log file: pb2b/logs/bybit_scraper_20250924.log
2025-09-24 03:09:30 - INFO - DataSaver logging initialized. Log file: pb2b/logs/data_saver_20250924.log
2025-09-24 03:09:30 - INFO - Connected to SQLite database: pb2b/p2p_listings.db
2025-09-24 03:09:30 - INFO - Database tables created successfully
2025-09-24 03:09:30 - INFO - Attempt 1/10: Loading https://www.bybit.com/fiat/trade/otc?actionType=1&token=USDT&fiat=NGN
2025-09-24 03:09:39 - INFO - Screenshot saved as 'pb2b/screenshots/bybit_page_20250924_030939.png'
2025-09-24 03:09:39 - INFO - Fetching BUY listings for USDT/EUR
2025-09-24 03:09:40 - INFO - Data successfully saved to SQLite database. New listings - Bybit: 4, Binance: 6
2025-09-24 03:09:40 - INFO - Browser session closed
2025-09-24 03:09:40 - INFO - SQLite database connection closed
2025-09-24 03:44:45 - INFO - Logging initialized. Log file: pb2b/logs/bybit_scraper_20250924.log
2025-09-24 03:44:45 - INFO - DataSaver logging initialized. Log file: pb2b/logs/data_saver_20250924.log
2025-09-24 03:44:45 - INFO - Connected to SQLite database: pb2b/p2p_listings.db
2025-09-24 03:44:45 - INFO - Database tables created successfully
2025-09-24 03:44:45 - INFO - Attempt 1/10: Loading https://www.bybit.com/fiat/trade/otc?actionType=1&token=USDT&fiat=NGN
2025-09-24 03:44:55 - INFO - Screenshot saved as 'pb2b/screenshots/bybit_page_20250924_034455.png'
2025-09-24 03:44:56 - INFO - Fetching BUY listings for USDT/EUR
2025-09-24 03:44:57 - INFO - Data successfully saved to SQLite database. New listings - Bybit: 4, Binance: 6
2025-09-24 03:44:57 - INFO - Browser session closed
2025-09-24 03:44:57 - INFO - SQLite database connection closed
2025-09-24 03:58:53 - INFO - Logging initialized. Log file: pb2b/logs/bybit_scraper_20250924.log
2025-09-24 03:58:54 - INFO - DataSaver logging initialized. Log file: pb2b/logs/data_saver_20250924.log
2025-09-24 03:58:54 - INFO - Connected to SQLite database: pb2b/p2p_listings.db
2025-09-24 03:58:54 - INFO - Database tables created successfully
2025-09-24 03:58:54 - INFO - Attempt 1/10: Loading https://www.bybit.com/fiat/trade/otc?actionType=1&token=USDT&fiat=NGN
2025-09-24 03:59:04 - INFO - Screenshot saved as 'pb2b/screenshots/bybit_page_20250924_035903.png'
2025-09-24 03:59:04 - INFO - Fetching BUY listings for USDT/EUR
2025-09-24 03:59:05 - INFO - Data successfully saved to SQLite database. New listings - Bybit: 4, Binance: 6
2025-09-24 03:59:05 - INFO - Browser session closed
2025-09-24 03:59:05 - INFO - SQLite database connection closed
