2025-12-23 00:54:25 - INFO - Logging initialized. Log file: pb2b/logs/bybit_scraper_20251223.log
2025-12-23 00:54:26 - INFO - DataSaver logging initialized. Log file: pb2b/logs/data_saver_20251223.log
2025-12-23 00:54:26 - INFO - Connected to SQLite database: pb2b/p2p_listings.db
2025-12-23 00:54:26 - INFO - Database tables created successfully
2025-12-23 00:54:26 - INFO - Attempt 1/10: Loading https://www.bybit.com/fiat/trade/otc?actionType=1&token=USDT&fiat=NGN
2025-12-23 00:54:36 - INFO - Screenshot saved as 'pb2b/screenshots/bybit_page_20251223_005435.png'
2025-12-23 00:54:36 - WARNING - Error parsing row: Message: no such element: Unable to locate element: {"method":"css selector","selector":"td:nth-child(2)"}
  (Session info: chrome=143.0.7499.169); For documentation on this error, please visit: https://www.selenium.dev/documentation/webdriver/troubleshooting/errors#nosuchelementexception
Stacktrace:
#0 0x55c3afea319a <unknown>
#1 0x55c3af920c4b <unknown>
#2 0x55c3af972318 <unknown>
#3 0x55c3af972551 <unknown>
#4 0x55c3af966586 <unknown>
#5 0x55c3af966477 <unknown>
#6 0x55c3af9bdbee <unknown>
#7 0x55c3af964c42 <unknown>
#8 0x55c3af9658f1 <unknown>
#9 0x55c3afe6bf39 <unknown>
#10 0x55c3afe6ee7d <unknown>
#11 0x55c3afe54c81 <unknown>
#12 0x55c3afe6fa5b <unknown>
#13 0x55c3afe3ba50 <unknown>
#14 0x55c3afe90aa8 <unknown>
#15 0x55c3afe90c79 <unknown>
#16 0x55c3afea24f3 <unknown>
#17 0x7fdd6ea9caa4 <unknown>
#18 0x7fdd6eb29c6c <unknown>

2025-12-23 00:54:36 - INFO - Fetching BUY listings for USDT/EUR
2025-12-23 00:54:37 - INFO - Data successfully saved to SQLite database. New listings - Bybit: 4, Binance: 6
2025-12-23 00:54:37 - INFO - Browser session closed
2025-12-23 00:54:37 - INFO - SQLite database connection closed
