2025-11-18 02:09:23 - INFO - Logging initialized. Log file: pb2b/logs/bybit_scraper_20251118.log
2025-11-18 02:09:24 - INFO - DataSaver logging initialized. Log file: pb2b/logs/data_saver_20251118.log
2025-11-18 02:09:24 - INFO - Connected to SQLite database: pb2b/p2p_listings.db
2025-11-18 02:09:24 - INFO - Database tables created successfully
2025-11-18 02:09:24 - INFO - Attempt 1/10: Loading https://www.bybit.com/fiat/trade/otc?actionType=1&token=USDT&fiat=NGN
2025-11-18 02:09:34 - INFO - Screenshot saved as 'pb2b/screenshots/bybit_page_20251118_020934.png'
2025-11-18 02:09:34 - INFO - Fetching BUY listings for USDT/EUR
2025-11-18 02:09:34 - INFO - Data successfully saved to SQLite database. New listings - Bybit: 4, Binance: 6
2025-11-18 02:09:35 - INFO - Browser session closed
2025-11-18 02:09:35 - INFO - SQLite database connection closed
2025-11-18 03:23:17 - INFO - Logging initialized. Log file: pb2b/logs/bybit_scraper_20251118.log
2025-11-18 03:23:20 - INFO - DataSaver logging initialized. Log file: pb2b/logs/data_saver_20251118.log
2025-11-18 03:23:20 - INFO - Connected to SQLite database: pb2b/p2p_listings.db
2025-11-18 03:23:20 - INFO - Database tables created successfully
2025-11-18 03:23:20 - INFO - Attempt 1/10: Loading https://www.bybit.com/fiat/trade/otc?actionType=1&token=USDT&fiat=NGN
2025-11-18 03:23:32 - INFO - Screenshot saved as 'pb2b/screenshots/bybit_page_20251118_032332.png'
2025-11-18 03:23:32 - INFO - Fetching BUY listings for USDT/EUR
2025-11-18 03:23:33 - INFO - Data successfully saved to SQLite database. New listings - Bybit: 4, Binance: 6
2025-11-18 03:23:33 - INFO - Browser session closed
2025-11-18 03:23:33 - INFO - SQLite database connection closed
2025-11-18 03:57:59 - INFO - Logging initialized. Log file: pb2b/logs/bybit_scraper_20251118.log
2025-11-18 03:58:01 - INFO - DataSaver logging initialized. Log file: pb2b/logs/data_saver_20251118.log
2025-11-18 03:58:01 - INFO - Connected to SQLite database: pb2b/p2p_listings.db
2025-11-18 03:58:01 - INFO - Database tables created successfully
2025-11-18 03:58:01 - INFO - Attempt 1/10: Loading https://www.bybit.com/fiat/trade/otc?actionType=1&token=USDT&fiat=NGN
2025-11-18 03:58:12 - INFO - Screenshot saved as 'pb2b/screenshots/bybit_page_20251118_035812.png'
2025-11-18 03:58:12 - INFO - Fetching BUY listings for USDT/EUR
2025-11-18 03:58:13 - INFO - Data successfully saved to SQLite database. New listings - Bybit: 4, Binance: 6
2025-11-18 03:58:13 - INFO - Browser session closed
2025-11-18 03:58:13 - INFO - SQLite database connection closed
