2026-03-08 02:18:44 - INFO - Logging initialized. Log file: pb2b/logs/bybit_scraper_20260308.log
2026-03-08 02:18:45 - INFO - DataSaver logging initialized. Log file: pb2b/logs/data_saver_20260308.log
2026-03-08 02:18:45 - INFO - Connected to SQLite database: pb2b/p2p_listings.db
2026-03-08 02:18:45 - INFO - Database tables created successfully
2026-03-08 02:18:45 - INFO - Attempt 1/10: Loading https://www.bybit.com/fiat/trade/otc?actionType=1&token=USDT&fiat=NGN
2026-03-08 02:18:52 - INFO - Screenshot saved as 'pb2b/screenshots/bybit_page_20260308_021851.png'
2026-03-08 02:18:52 - WARNING - Error parsing row: Message: no such element: Unable to locate element: {"method":"css selector","selector":"td:nth-child(2)"}
  (Session info: chrome=145.0.7632.159); For documentation on this error, please visit: https://www.selenium.dev/documentation/webdriver/troubleshooting/errors#nosuchelementexception
Stacktrace:
#0 0x5580038afb6a <unknown>
#1 0x5580032c2a32 <unknown>
#2 0x558003317d66 <unknown>
#3 0x558003317fa1 <unknown>
#4 0x55800330b736 <unknown>
#5 0x55800330b617 <unknown>
#6 0x558003360369 <unknown>
#7 0x558003309c0f <unknown>
#8 0x55800330a9d1 <unknown>
#9 0x5580038746b9 <unknown>
#10 0x5580038775c1 <unknown>
#11 0x558003860e29 <unknown>
#12 0x55800387817e <unknown>
#13 0x5580038474b0 <unknown>
#14 0x55800389c578 <unknown>
#15 0x55800389c74b <unknown>
#16 0x5580038ae1a3 <unknown>
#17 0x7fe75789caa4 <unknown>
#18 0x7fe757929c6c <unknown>

2026-03-08 02:18:52 - WARNING - Error parsing row: Message: no such element: Unable to locate element: {"method":"css selector","selector":"td:nth-child(2)"}
  (Session info: chrome=145.0.7632.159); For documentation on this error, please visit: https://www.selenium.dev/documentation/webdriver/troubleshooting/errors#nosuchelementexception
Stacktrace:
#0 0x5580038afb6a <unknown>
#1 0x5580032c2a32 <unknown>
#2 0x558003317d66 <unknown>
#3 0x558003317fa1 <unknown>
#4 0x55800330b736 <unknown>
#5 0x55800330b617 <unknown>
#6 0x558003360369 <unknown>
#7 0x558003309c0f <unknown>
#8 0x55800330a9d1 <unknown>
#9 0x5580038746b9 <unknown>
#10 0x5580038775c1 <unknown>
#11 0x558003860e29 <unknown>
#12 0x55800387817e <unknown>
#13 0x5580038474b0 <unknown>
#14 0x55800389c578 <unknown>
#15 0x55800389c74b <unknown>
#16 0x5580038ae1a3 <unknown>
#17 0x7fe75789caa4 <unknown>
#18 0x7fe757929c6c <unknown>

2026-03-08 02:18:52 - INFO - Fetching BUY listings for USDT/EUR
2026-03-08 02:18:52 - INFO - Data successfully saved to SQLite database. New listings - Bybit: 4, Binance: 6
2026-03-08 02:18:52 - INFO - Browser session closed
2026-03-08 02:18:52 - INFO - SQLite database connection closed
