2024-12-13 00:54:10 - INFO - Logging initialized. Log file: pb2b/logs/bybit_scraper_20241213.log
2024-12-13 00:54:11 - INFO - DataSaver logging initialized. Log file: pb2b/logs/data_saver_20241213.log
2024-12-13 00:54:11 - INFO - Connected to SQLite database: pb2b/p2p_listings.db
2024-12-13 00:54:11 - INFO - Database tables created successfully
2024-12-13 00:54:11 - INFO - Attempt 1/10: Loading https://www.bybit.com/fiat/trade/otc?actionType=1&token=USDT&fiat=NGN
2024-12-13 00:54:21 - INFO - Screenshot saved as 'pb2b/screenshots/bybit_page_20241213_005421.png'
2024-12-13 00:54:22 - INFO - Fetching BUY listings for USDT/EUR
2024-12-13 00:54:22 - INFO - Data successfully saved to SQLite database. New listings - Bybit: 5, Binance: 6
2024-12-13 00:54:24 - INFO - Browser session closed
2024-12-13 00:54:24 - INFO - SQLite database connection closed
2024-12-13 02:23:43 - INFO - Logging initialized. Log file: pb2b/logs/bybit_scraper_20241213.log
2024-12-13 02:23:44 - INFO - DataSaver logging initialized. Log file: pb2b/logs/data_saver_20241213.log
2024-12-13 02:23:44 - INFO - Connected to SQLite database: pb2b/p2p_listings.db
2024-12-13 02:23:44 - INFO - Database tables created successfully
2024-12-13 02:23:44 - INFO - Attempt 1/10: Loading https://www.bybit.com/fiat/trade/otc?actionType=1&token=USDT&fiat=NGN
2024-12-13 02:23:56 - INFO - Screenshot saved as 'pb2b/screenshots/bybit_page_20241213_022356.png'
2024-12-13 02:23:56 - INFO - Fetching BUY listings for USDT/EUR
2024-12-13 02:23:57 - INFO - Data successfully saved to SQLite database. New listings - Bybit: 5, Binance: 6
2024-12-13 02:23:57 - INFO - Browser session closed
2024-12-13 02:23:57 - INFO - SQLite database connection closed
2024-12-13 03:14:26 - INFO - Logging initialized. Log file: pb2b/logs/bybit_scraper_20241213.log
2024-12-13 03:14:28 - INFO - DataSaver logging initialized. Log file: pb2b/logs/data_saver_20241213.log
2024-12-13 03:14:28 - INFO - Connected to SQLite database: pb2b/p2p_listings.db
2024-12-13 03:14:28 - INFO - Database tables created successfully
2024-12-13 03:14:28 - INFO - Attempt 1/10: Loading https://www.bybit.com/fiat/trade/otc?actionType=1&token=USDT&fiat=NGN
2024-12-13 03:14:39 - INFO - Screenshot saved as 'pb2b/screenshots/bybit_page_20241213_031439.png'
2024-12-13 03:14:39 - INFO - Fetching BUY listings for USDT/EUR
2024-12-13 03:14:40 - INFO - Data successfully saved to SQLite database. New listings - Bybit: 5, Binance: 6
2024-12-13 03:14:40 - INFO - Browser session closed
2024-12-13 03:14:40 - INFO - SQLite database connection closed
2024-12-13 03:45:57 - INFO - Logging initialized. Log file: pb2b/logs/bybit_scraper_20241213.log
2024-12-13 03:45:58 - INFO - DataSaver logging initialized. Log file: pb2b/logs/data_saver_20241213.log
2024-12-13 03:45:58 - INFO - Connected to SQLite database: pb2b/p2p_listings.db
2024-12-13 03:45:58 - INFO - Database tables created successfully
2024-12-13 03:45:58 - INFO - Attempt 1/10: Loading https://www.bybit.com/fiat/trade/otc?actionType=1&token=USDT&fiat=NGN
2024-12-13 03:46:10 - INFO - Screenshot saved as 'pb2b/screenshots/bybit_page_20241213_034609.png'
2024-12-13 03:46:10 - INFO - Fetching BUY listings for USDT/EUR
2024-12-13 03:46:10 - INFO - Data successfully saved to SQLite database. New listings - Bybit: 5, Binance: 6
2024-12-13 03:46:11 - INFO - Browser session closed
2024-12-13 03:46:11 - INFO - SQLite database connection closed
2024-12-13 03:58:18 - INFO - Logging initialized. Log file: pb2b/logs/bybit_scraper_20241213.log
2024-12-13 03:58:19 - INFO - DataSaver logging initialized. Log file: pb2b/logs/data_saver_20241213.log
2024-12-13 03:58:19 - INFO - Connected to SQLite database: pb2b/p2p_listings.db
2024-12-13 03:58:19 - INFO - Database tables created successfully
2024-12-13 03:58:19 - INFO - Attempt 1/10: Loading https://www.bybit.com/fiat/trade/otc?actionType=1&token=USDT&fiat=NGN
2024-12-13 03:58:29 - INFO - Screenshot saved as 'pb2b/screenshots/bybit_page_20241213_035829.png'
2024-12-13 03:58:29 - INFO - Fetching BUY listings for USDT/EUR
2024-12-13 03:58:30 - INFO - Data successfully saved to SQLite database. New listings - Bybit: 5, Binance: 6
2024-12-13 03:58:30 - INFO - Browser session closed
2024-12-13 03:58:30 - INFO - SQLite database connection closed
2024-12-13 04:21:50 - INFO - Logging initialized. Log file: pb2b/logs/bybit_scraper_20241213.log
2024-12-13 04:21:51 - INFO - DataSaver logging initialized. Log file: pb2b/logs/data_saver_20241213.log
2024-12-13 04:21:51 - INFO - Connected to SQLite database: pb2b/p2p_listings.db
2024-12-13 04:21:51 - INFO - Database tables created successfully
2024-12-13 04:21:51 - INFO - Attempt 1/10: Loading https://www.bybit.com/fiat/trade/otc?actionType=1&token=USDT&fiat=NGN
2024-12-13 04:22:02 - INFO - Screenshot saved as 'pb2b/screenshots/bybit_page_20241213_042201.png'
2024-12-13 04:22:02 - INFO - Fetching BUY listings for USDT/EUR
2024-12-13 04:22:02 - INFO - Data successfully saved to SQLite database. New listings - Bybit: 5, Binance: 6
2024-12-13 04:22:02 - INFO - Browser session closed
2024-12-13 04:22:02 - INFO - SQLite database connection closed
