2025-02-15 00:51:17 - INFO - Logging initialized. Log file: pb2b/logs/bybit_scraper_20250215.log
2025-02-15 00:51:18 - INFO - DataSaver logging initialized. Log file: pb2b/logs/data_saver_20250215.log
2025-02-15 00:51:18 - INFO - Connected to SQLite database: pb2b/p2p_listings.db
2025-02-15 00:51:18 - INFO - Database tables created successfully
2025-02-15 00:51:18 - INFO - Attempt 1/10: Loading https://www.bybit.com/fiat/trade/otc?actionType=1&token=USDT&fiat=NGN
2025-02-15 00:51:29 - INFO - Screenshot saved as 'pb2b/screenshots/bybit_page_20250215_005129.png'
2025-02-15 00:51:30 - INFO - Fetching BUY listings for USDT/EUR
2025-02-15 00:51:30 - INFO - Data successfully saved to SQLite database. New listings - Bybit: 4, Binance: 6
2025-02-15 00:51:30 - INFO - Browser session closed
2025-02-15 00:51:30 - INFO - SQLite database connection closed
2025-02-15 02:12:54 - INFO - Logging initialized. Log file: pb2b/logs/bybit_scraper_20250215.log
2025-02-15 02:12:55 - INFO - DataSaver logging initialized. Log file: pb2b/logs/data_saver_20250215.log
2025-02-15 02:12:55 - INFO - Connected to SQLite database: pb2b/p2p_listings.db
2025-02-15 02:12:55 - INFO - Database tables created successfully
2025-02-15 02:12:55 - INFO - Attempt 1/10: Loading https://www.bybit.com/fiat/trade/otc?actionType=1&token=USDT&fiat=NGN
2025-02-15 02:13:05 - INFO - Screenshot saved as 'pb2b/screenshots/bybit_page_20250215_021305.png'
2025-02-15 02:13:05 - INFO - Fetching BUY listings for USDT/EUR
2025-02-15 02:13:06 - INFO - Data successfully saved to SQLite database. New listings - Bybit: 4, Binance: 6
2025-02-15 02:13:06 - INFO - Browser session closed
2025-02-15 02:13:06 - INFO - SQLite database connection closed
2025-02-15 02:56:55 - INFO - Logging initialized. Log file: pb2b/logs/bybit_scraper_20250215.log
2025-02-15 02:56:55 - INFO - DataSaver logging initialized. Log file: pb2b/logs/data_saver_20250215.log
2025-02-15 02:56:55 - INFO - Connected to SQLite database: pb2b/p2p_listings.db
2025-02-15 02:56:55 - INFO - Database tables created successfully
2025-02-15 02:56:55 - INFO - Attempt 1/10: Loading https://www.bybit.com/fiat/trade/otc?actionType=1&token=USDT&fiat=NGN
2025-02-15 02:57:05 - INFO - Screenshot saved as 'pb2b/screenshots/bybit_page_20250215_025705.png'
2025-02-15 02:57:06 - INFO - Fetching BUY listings for USDT/EUR
2025-02-15 02:57:06 - INFO - Data successfully saved to SQLite database. New listings - Bybit: 4, Binance: 6
2025-02-15 02:57:07 - INFO - Browser session closed
2025-02-15 02:57:07 - INFO - SQLite database connection closed
2025-02-15 03:28:11 - INFO - Logging initialized. Log file: pb2b/logs/bybit_scraper_20250215.log
2025-02-15 03:28:12 - INFO - DataSaver logging initialized. Log file: pb2b/logs/data_saver_20250215.log
2025-02-15 03:28:12 - INFO - Connected to SQLite database: pb2b/p2p_listings.db
2025-02-15 03:28:12 - INFO - Database tables created successfully
2025-02-15 03:28:12 - INFO - Attempt 1/10: Loading https://www.bybit.com/fiat/trade/otc?actionType=1&token=USDT&fiat=NGN
2025-02-15 03:28:22 - INFO - Screenshot saved as 'pb2b/screenshots/bybit_page_20250215_032822.png'
2025-02-15 03:28:23 - INFO - Fetching BUY listings for USDT/EUR
2025-02-15 03:28:23 - INFO - Data successfully saved to SQLite database. New listings - Bybit: 4, Binance: 6
2025-02-15 03:28:23 - INFO - Browser session closed
2025-02-15 03:28:23 - INFO - SQLite database connection closed
2025-02-15 03:44:23 - INFO - Logging initialized. Log file: pb2b/logs/bybit_scraper_20250215.log
2025-02-15 03:44:24 - INFO - DataSaver logging initialized. Log file: pb2b/logs/data_saver_20250215.log
2025-02-15 03:44:24 - INFO - Connected to SQLite database: pb2b/p2p_listings.db
2025-02-15 03:44:24 - INFO - Database tables created successfully
2025-02-15 03:44:24 - INFO - Attempt 1/10: Loading https://www.bybit.com/fiat/trade/otc?actionType=1&token=USDT&fiat=NGN
2025-02-15 03:44:34 - INFO - Screenshot saved as 'pb2b/screenshots/bybit_page_20250215_034434.png'
2025-02-15 03:44:34 - INFO - Fetching BUY listings for USDT/EUR
2025-02-15 03:44:35 - INFO - Data successfully saved to SQLite database. New listings - Bybit: 4, Binance: 6
2025-02-15 03:44:35 - INFO - Browser session closed
2025-02-15 03:44:35 - INFO - SQLite database connection closed
2025-02-15 03:57:39 - INFO - Logging initialized. Log file: pb2b/logs/bybit_scraper_20250215.log
2025-02-15 03:57:39 - INFO - DataSaver logging initialized. Log file: pb2b/logs/data_saver_20250215.log
2025-02-15 03:57:39 - INFO - Connected to SQLite database: pb2b/p2p_listings.db
2025-02-15 03:57:39 - INFO - Database tables created successfully
2025-02-15 03:57:39 - INFO - Attempt 1/10: Loading https://www.bybit.com/fiat/trade/otc?actionType=1&token=USDT&fiat=NGN
2025-02-15 03:57:50 - INFO - Screenshot saved as 'pb2b/screenshots/bybit_page_20250215_035750.png'
2025-02-15 03:57:50 - INFO - Fetching BUY listings for USDT/EUR
2025-02-15 03:57:51 - INFO - Data successfully saved to SQLite database. New listings - Bybit: 4, Binance: 6
2025-02-15 03:57:51 - INFO - Browser session closed
2025-02-15 03:57:51 - INFO - SQLite database connection closed
2025-02-15 04:30:50 - INFO - Logging initialized. Log file: pb2b/logs/bybit_scraper_20250215.log
2025-02-15 04:30:52 - INFO - DataSaver logging initialized. Log file: pb2b/logs/data_saver_20250215.log
2025-02-15 04:30:52 - INFO - Connected to SQLite database: pb2b/p2p_listings.db
2025-02-15 04:30:52 - INFO - Database tables created successfully
2025-02-15 04:30:52 - INFO - Attempt 1/10: Loading https://www.bybit.com/fiat/trade/otc?actionType=1&token=USDT&fiat=NGN
2025-02-15 04:31:03 - INFO - Screenshot saved as 'pb2b/screenshots/bybit_page_20250215_043103.png'
2025-02-15 04:31:03 - INFO - Fetching BUY listings for USDT/EUR
2025-02-15 04:31:04 - INFO - Data successfully saved to SQLite database. New listings - Bybit: 4, Binance: 6
2025-02-15 04:31:04 - INFO - Browser session closed
2025-02-15 04:31:04 - INFO - SQLite database connection closed
2025-02-15 04:47:29 - INFO - Logging initialized. Log file: pb2b/logs/bybit_scraper_20250215.log
2025-02-15 04:47:30 - INFO - DataSaver logging initialized. Log file: pb2b/logs/data_saver_20250215.log
2025-02-15 04:47:30 - INFO - Connected to SQLite database: pb2b/p2p_listings.db
2025-02-15 04:47:30 - INFO - Database tables created successfully
2025-02-15 04:47:30 - INFO - Attempt 1/10: Loading https://www.bybit.com/fiat/trade/otc?actionType=1&token=USDT&fiat=NGN
2025-02-15 04:47:41 - INFO - Screenshot saved as 'pb2b/screenshots/bybit_page_20250215_044741.png'
2025-02-15 04:47:42 - INFO - Fetching BUY listings for USDT/EUR
2025-02-15 04:47:42 - INFO - Data successfully saved to SQLite database. New listings - Bybit: 4, Binance: 6
2025-02-15 04:47:42 - INFO - Browser session closed
2025-02-15 04:47:42 - INFO - SQLite database connection closed
2025-02-15 04:59:23 - INFO - Logging initialized. Log file: pb2b/logs/bybit_scraper_20250215.log
2025-02-15 04:59:24 - INFO - DataSaver logging initialized. Log file: pb2b/logs/data_saver_20250215.log
2025-02-15 04:59:24 - INFO - Connected to SQLite database: pb2b/p2p_listings.db
2025-02-15 04:59:24 - INFO - Database tables created successfully
2025-02-15 04:59:24 - INFO - Attempt 1/10: Loading https://www.bybit.com/fiat/trade/otc?actionType=1&token=USDT&fiat=NGN
2025-02-15 04:59:33 - INFO - Screenshot saved as 'pb2b/screenshots/bybit_page_20250215_045933.png'
2025-02-15 04:59:34 - INFO - Fetching BUY listings for USDT/EUR
2025-02-15 04:59:34 - INFO - Data successfully saved to SQLite database. New listings - Bybit: 4, Binance: 6
2025-02-15 04:59:34 - INFO - Browser session closed
2025-02-15 04:59:34 - INFO - SQLite database connection closed
2025-02-15 05:26:17 - INFO - Logging initialized. Log file: pb2b/logs/bybit_scraper_20250215.log
2025-02-15 05:26:18 - INFO - DataSaver logging initialized. Log file: pb2b/logs/data_saver_20250215.log
2025-02-15 05:26:18 - INFO - Connected to SQLite database: pb2b/p2p_listings.db
2025-02-15 05:26:18 - INFO - Database tables created successfully
2025-02-15 05:26:18 - INFO - Attempt 1/10: Loading https://www.bybit.com/fiat/trade/otc?actionType=1&token=USDT&fiat=NGN
2025-02-15 05:26:28 - INFO - Screenshot saved as 'pb2b/screenshots/bybit_page_20250215_052628.png'
2025-02-15 05:26:29 - INFO - Fetching BUY listings for USDT/EUR
2025-02-15 05:26:29 - INFO - Data successfully saved to SQLite database. New listings - Bybit: 4, Binance: 6
2025-02-15 05:26:30 - INFO - Browser session closed
2025-02-15 05:26:30 - INFO - SQLite database connection closed
2025-02-15 05:40:40 - INFO - Logging initialized. Log file: pb2b/logs/bybit_scraper_20250215.log
2025-02-15 05:40:41 - INFO - DataSaver logging initialized. Log file: pb2b/logs/data_saver_20250215.log
2025-02-15 05:40:41 - INFO - Connected to SQLite database: pb2b/p2p_listings.db
2025-02-15 05:40:41 - INFO - Database tables created successfully
2025-02-15 05:40:41 - INFO - Attempt 1/10: Loading https://www.bybit.com/fiat/trade/otc?actionType=1&token=USDT&fiat=NGN
2025-02-15 05:40:51 - INFO - Screenshot saved as 'pb2b/screenshots/bybit_page_20250215_054050.png'
2025-02-15 05:40:51 - INFO - Fetching BUY listings for USDT/EUR
2025-02-15 05:40:51 - INFO - Data successfully saved to SQLite database. New listings - Bybit: 4, Binance: 6
2025-02-15 05:40:52 - INFO - Browser session closed
2025-02-15 05:40:52 - INFO - SQLite database connection closed
