2025-09-15 01:01:54 - INFO - Logging initialized. Log file: pb2b/logs/bybit_scraper_20250915.log
2025-09-15 01:01:56 - INFO - DataSaver logging initialized. Log file: pb2b/logs/data_saver_20250915.log
2025-09-15 01:01:56 - INFO - Connected to SQLite database: pb2b/p2p_listings.db
2025-09-15 01:01:56 - INFO - Database tables created successfully
2025-09-15 01:01:56 - INFO - Attempt 1/10: Loading https://www.bybit.com/fiat/trade/otc?actionType=1&token=USDT&fiat=NGN
2025-09-15 01:02:06 - INFO - Screenshot saved as 'pb2b/screenshots/bybit_page_20250915_010206.png'
2025-09-15 01:02:07 - INFO - Fetching BUY listings for USDT/EUR
2025-09-15 01:02:07 - INFO - Data successfully saved to SQLite database. New listings - Bybit: 4, Binance: 6
2025-09-15 01:02:08 - INFO - Browser session closed
2025-09-15 01:02:08 - INFO - SQLite database connection closed
2025-09-15 02:46:35 - INFO - Logging initialized. Log file: pb2b/logs/bybit_scraper_20250915.log
2025-09-15 02:46:36 - INFO - DataSaver logging initialized. Log file: pb2b/logs/data_saver_20250915.log
2025-09-15 02:46:36 - INFO - Connected to SQLite database: pb2b/p2p_listings.db
2025-09-15 02:46:36 - INFO - Database tables created successfully
2025-09-15 02:46:36 - INFO - Attempt 1/10: Loading https://www.bybit.com/fiat/trade/otc?actionType=1&token=USDT&fiat=NGN
2025-09-15 02:46:46 - INFO - Screenshot saved as 'pb2b/screenshots/bybit_page_20250915_024646.png'
2025-09-15 02:46:46 - INFO - Fetching BUY listings for USDT/EUR
2025-09-15 02:46:47 - INFO - Data successfully saved to SQLite database. New listings - Bybit: 4, Binance: 6
2025-09-15 02:46:47 - INFO - Browser session closed
2025-09-15 02:46:47 - INFO - SQLite database connection closed
2025-09-15 03:36:50 - INFO - Logging initialized. Log file: pb2b/logs/bybit_scraper_20250915.log
2025-09-15 03:36:51 - INFO - DataSaver logging initialized. Log file: pb2b/logs/data_saver_20250915.log
2025-09-15 03:36:51 - INFO - Connected to SQLite database: pb2b/p2p_listings.db
2025-09-15 03:36:51 - INFO - Database tables created successfully
2025-09-15 03:36:51 - INFO - Attempt 1/10: Loading https://www.bybit.com/fiat/trade/otc?actionType=1&token=USDT&fiat=NGN
2025-09-15 03:37:00 - INFO - Screenshot saved as 'pb2b/screenshots/bybit_page_20250915_033700.png'
2025-09-15 03:37:01 - INFO - Fetching BUY listings for USDT/EUR
2025-09-15 03:37:01 - INFO - Data successfully saved to SQLite database. New listings - Bybit: 4, Binance: 6
2025-09-15 03:37:01 - INFO - Browser session closed
2025-09-15 03:37:01 - INFO - SQLite database connection closed
2025-09-15 03:58:36 - INFO - Logging initialized. Log file: pb2b/logs/bybit_scraper_20250915.log
2025-09-15 03:58:37 - INFO - DataSaver logging initialized. Log file: pb2b/logs/data_saver_20250915.log
2025-09-15 03:58:37 - INFO - Connected to SQLite database: pb2b/p2p_listings.db
2025-09-15 03:58:37 - INFO - Database tables created successfully
2025-09-15 03:58:37 - INFO - Attempt 1/10: Loading https://www.bybit.com/fiat/trade/otc?actionType=1&token=USDT&fiat=NGN
2025-09-15 03:58:46 - INFO - Screenshot saved as 'pb2b/screenshots/bybit_page_20250915_035846.png'
2025-09-15 03:58:46 - INFO - Fetching BUY listings for USDT/EUR
2025-09-15 03:58:47 - INFO - Data successfully saved to SQLite database. New listings - Bybit: 4, Binance: 6
2025-09-15 03:58:47 - INFO - Browser session closed
2025-09-15 03:58:47 - INFO - SQLite database connection closed
2025-09-15 04:33:59 - INFO - Logging initialized. Log file: pb2b/logs/bybit_scraper_20250915.log
2025-09-15 04:34:01 - INFO - DataSaver logging initialized. Log file: pb2b/logs/data_saver_20250915.log
2025-09-15 04:34:01 - INFO - Connected to SQLite database: pb2b/p2p_listings.db
2025-09-15 04:34:01 - INFO - Database tables created successfully
2025-09-15 04:34:01 - INFO - Attempt 1/10: Loading https://www.bybit.com/fiat/trade/otc?actionType=1&token=USDT&fiat=NGN
2025-09-15 04:34:11 - INFO - Screenshot saved as 'pb2b/screenshots/bybit_page_20250915_043411.png'
2025-09-15 04:34:11 - INFO - Fetching BUY listings for USDT/EUR
2025-09-15 04:34:12 - INFO - Data successfully saved to SQLite database. New listings - Bybit: 4, Binance: 6
2025-09-15 04:34:12 - INFO - Browser session closed
2025-09-15 04:34:12 - INFO - SQLite database connection closed
