2025-02-24 01:39:34 - INFO - Logging initialized. Log file: pb2b/logs/bybit_scraper_20250224.log
2025-02-24 01:39:35 - INFO - DataSaver logging initialized. Log file: pb2b/logs/data_saver_20250224.log
2025-02-24 01:39:35 - INFO - Connected to SQLite database: pb2b/p2p_listings.db
2025-02-24 01:39:35 - INFO - Database tables created successfully
2025-02-24 01:39:35 - INFO - Attempt 1/10: Loading https://www.bybit.com/fiat/trade/otc?actionType=1&token=USDT&fiat=NGN
2025-02-24 01:39:45 - INFO - Screenshot saved as 'pb2b/screenshots/bybit_page_20250224_013945.png'
2025-02-24 01:39:45 - INFO - Fetching BUY listings for USDT/EUR
2025-02-24 01:39:46 - INFO - Data successfully saved to SQLite database. New listings - Bybit: 4, Binance: 6
2025-02-24 01:39:46 - INFO - Browser session closed
2025-02-24 01:39:46 - INFO - SQLite database connection closed
2025-02-24 02:46:09 - INFO - Logging initialized. Log file: pb2b/logs/bybit_scraper_20250224.log
2025-02-24 02:46:10 - INFO - DataSaver logging initialized. Log file: pb2b/logs/data_saver_20250224.log
2025-02-24 02:46:10 - INFO - Connected to SQLite database: pb2b/p2p_listings.db
2025-02-24 02:46:10 - INFO - Database tables created successfully
2025-02-24 02:46:10 - INFO - Attempt 1/10: Loading https://www.bybit.com/fiat/trade/otc?actionType=1&token=USDT&fiat=NGN
2025-02-24 02:46:20 - INFO - Screenshot saved as 'pb2b/screenshots/bybit_page_20250224_024620.png'
2025-02-24 02:46:21 - INFO - Fetching BUY listings for USDT/EUR
2025-02-24 02:46:21 - INFO - Data successfully saved to SQLite database. New listings - Bybit: 4, Binance: 6
2025-02-24 02:46:22 - INFO - Browser session closed
2025-02-24 02:46:22 - INFO - SQLite database connection closed
2025-02-24 03:17:33 - INFO - Logging initialized. Log file: pb2b/logs/bybit_scraper_20250224.log
2025-02-24 03:17:34 - INFO - DataSaver logging initialized. Log file: pb2b/logs/data_saver_20250224.log
2025-02-24 03:17:34 - INFO - Connected to SQLite database: pb2b/p2p_listings.db
2025-02-24 03:17:34 - INFO - Database tables created successfully
2025-02-24 03:17:34 - INFO - Attempt 1/10: Loading https://www.bybit.com/fiat/trade/otc?actionType=1&token=USDT&fiat=NGN
2025-02-24 03:17:44 - INFO - Screenshot saved as 'pb2b/screenshots/bybit_page_20250224_031744.png'
2025-02-24 03:17:44 - INFO - Fetching BUY listings for USDT/EUR
2025-02-24 03:17:45 - INFO - Data successfully saved to SQLite database. New listings - Bybit: 4, Binance: 6
2025-02-24 03:17:45 - INFO - Browser session closed
2025-02-24 03:17:45 - INFO - SQLite database connection closed
2025-02-24 03:41:19 - INFO - Logging initialized. Log file: pb2b/logs/bybit_scraper_20250224.log
2025-02-24 03:41:20 - INFO - DataSaver logging initialized. Log file: pb2b/logs/data_saver_20250224.log
2025-02-24 03:41:20 - INFO - Connected to SQLite database: pb2b/p2p_listings.db
2025-02-24 03:41:20 - INFO - Database tables created successfully
2025-02-24 03:41:20 - INFO - Attempt 1/10: Loading https://www.bybit.com/fiat/trade/otc?actionType=1&token=USDT&fiat=NGN
2025-02-24 03:41:29 - INFO - Screenshot saved as 'pb2b/screenshots/bybit_page_20250224_034129.png'
2025-02-24 03:41:29 - INFO - Fetching BUY listings for USDT/EUR
2025-02-24 03:41:30 - INFO - Data successfully saved to SQLite database. New listings - Bybit: 4, Binance: 6
2025-02-24 03:41:30 - INFO - Browser session closed
2025-02-24 03:41:30 - INFO - SQLite database connection closed
2025-02-24 03:54:44 - INFO - Logging initialized. Log file: pb2b/logs/bybit_scraper_20250224.log
2025-02-24 03:54:45 - INFO - DataSaver logging initialized. Log file: pb2b/logs/data_saver_20250224.log
2025-02-24 03:54:45 - INFO - Connected to SQLite database: pb2b/p2p_listings.db
2025-02-24 03:54:45 - INFO - Database tables created successfully
2025-02-24 03:54:45 - INFO - Attempt 1/10: Loading https://www.bybit.com/fiat/trade/otc?actionType=1&token=USDT&fiat=NGN
2025-02-24 03:54:55 - INFO - Screenshot saved as 'pb2b/screenshots/bybit_page_20250224_035454.png'
2025-02-24 03:54:55 - INFO - Fetching BUY listings for USDT/EUR
2025-02-24 03:54:56 - INFO - Data successfully saved to SQLite database. New listings - Bybit: 4, Binance: 6
2025-02-24 03:54:56 - INFO - Browser session closed
2025-02-24 03:54:56 - INFO - SQLite database connection closed
2025-02-24 04:24:44 - INFO - Logging initialized. Log file: pb2b/logs/bybit_scraper_20250224.log
2025-02-24 04:24:44 - INFO - DataSaver logging initialized. Log file: pb2b/logs/data_saver_20250224.log
2025-02-24 04:24:44 - INFO - Connected to SQLite database: pb2b/p2p_listings.db
2025-02-24 04:24:44 - INFO - Database tables created successfully
2025-02-24 04:24:44 - INFO - Attempt 1/10: Loading https://www.bybit.com/fiat/trade/otc?actionType=1&token=USDT&fiat=NGN
2025-02-24 04:24:54 - INFO - Screenshot saved as 'pb2b/screenshots/bybit_page_20250224_042454.png'
2025-02-24 04:24:54 - INFO - Fetching BUY listings for USDT/EUR
2025-02-24 04:24:55 - INFO - Data successfully saved to SQLite database. New listings - Bybit: 4, Binance: 6
2025-02-24 04:24:55 - INFO - Browser session closed
2025-02-24 04:24:55 - INFO - SQLite database connection closed
2025-02-24 04:42:55 - INFO - Logging initialized. Log file: pb2b/logs/bybit_scraper_20250224.log
2025-02-24 04:42:56 - INFO - DataSaver logging initialized. Log file: pb2b/logs/data_saver_20250224.log
2025-02-24 04:42:56 - INFO - Connected to SQLite database: pb2b/p2p_listings.db
2025-02-24 04:42:56 - INFO - Database tables created successfully
2025-02-24 04:42:56 - INFO - Attempt 1/10: Loading https://www.bybit.com/fiat/trade/otc?actionType=1&token=USDT&fiat=NGN
2025-02-24 04:43:05 - INFO - Screenshot saved as 'pb2b/screenshots/bybit_page_20250224_044305.png'
2025-02-24 04:43:06 - INFO - Fetching BUY listings for USDT/EUR
2025-02-24 04:43:06 - INFO - Data successfully saved to SQLite database. New listings - Bybit: 4, Binance: 6
2025-02-24 04:43:06 - INFO - Browser session closed
2025-02-24 04:43:06 - INFO - SQLite database connection closed
2025-02-24 04:55:59 - INFO - Logging initialized. Log file: pb2b/logs/bybit_scraper_20250224.log
2025-02-24 04:56:00 - INFO - DataSaver logging initialized. Log file: pb2b/logs/data_saver_20250224.log
2025-02-24 04:56:00 - INFO - Connected to SQLite database: pb2b/p2p_listings.db
2025-02-24 04:56:00 - INFO - Database tables created successfully
2025-02-24 04:56:00 - INFO - Attempt 1/10: Loading https://www.bybit.com/fiat/trade/otc?actionType=1&token=USDT&fiat=NGN
2025-02-24 04:56:09 - INFO - Screenshot saved as 'pb2b/screenshots/bybit_page_20250224_045609.png'
2025-02-24 04:56:10 - INFO - Fetching BUY listings for USDT/EUR
2025-02-24 04:56:10 - INFO - Data successfully saved to SQLite database. New listings - Bybit: 4, Binance: 6
2025-02-24 04:56:10 - INFO - Browser session closed
2025-02-24 04:56:10 - INFO - SQLite database connection closed
2025-02-24 05:23:05 - INFO - Logging initialized. Log file: pb2b/logs/bybit_scraper_20250224.log
2025-02-24 05:23:05 - INFO - DataSaver logging initialized. Log file: pb2b/logs/data_saver_20250224.log
2025-02-24 05:23:05 - INFO - Connected to SQLite database: pb2b/p2p_listings.db
2025-02-24 05:23:05 - INFO - Database tables created successfully
2025-02-24 05:23:05 - INFO - Attempt 1/10: Loading https://www.bybit.com/fiat/trade/otc?actionType=1&token=USDT&fiat=NGN
2025-02-24 05:23:16 - INFO - Screenshot saved as 'pb2b/screenshots/bybit_page_20250224_052316.png'
2025-02-24 05:23:16 - INFO - Fetching BUY listings for USDT/EUR
2025-02-24 05:23:17 - INFO - Data successfully saved to SQLite database. New listings - Bybit: 4, Binance: 6
2025-02-24 05:23:17 - INFO - Browser session closed
2025-02-24 05:23:17 - INFO - SQLite database connection closed
2025-02-24 05:40:19 - INFO - Logging initialized. Log file: pb2b/logs/bybit_scraper_20250224.log
2025-02-24 05:40:21 - INFO - DataSaver logging initialized. Log file: pb2b/logs/data_saver_20250224.log
2025-02-24 05:40:21 - INFO - Connected to SQLite database: pb2b/p2p_listings.db
2025-02-24 05:40:21 - INFO - Database tables created successfully
2025-02-24 05:40:21 - INFO - Attempt 1/10: Loading https://www.bybit.com/fiat/trade/otc?actionType=1&token=USDT&fiat=NGN
2025-02-24 05:40:30 - INFO - Screenshot saved as 'pb2b/screenshots/bybit_page_20250224_054030.png'
2025-02-24 05:40:31 - INFO - Fetching BUY listings for USDT/EUR
2025-02-24 05:40:31 - INFO - Data successfully saved to SQLite database. New listings - Bybit: 4, Binance: 6
2025-02-24 05:40:31 - INFO - Browser session closed
2025-02-24 05:40:31 - INFO - SQLite database connection closed
2025-02-24 05:53:00 - INFO - Logging initialized. Log file: pb2b/logs/bybit_scraper_20250224.log
2025-02-24 05:53:01 - INFO - DataSaver logging initialized. Log file: pb2b/logs/data_saver_20250224.log
2025-02-24 05:53:01 - INFO - Connected to SQLite database: pb2b/p2p_listings.db
2025-02-24 05:53:01 - INFO - Database tables created successfully
2025-02-24 05:53:01 - INFO - Attempt 1/10: Loading https://www.bybit.com/fiat/trade/otc?actionType=1&token=USDT&fiat=NGN
2025-02-24 05:53:12 - INFO - Screenshot saved as 'pb2b/screenshots/bybit_page_20250224_055312.png'
2025-02-24 05:53:12 - INFO - Fetching BUY listings for USDT/EUR
2025-02-24 05:53:13 - INFO - Data successfully saved to SQLite database. New listings - Bybit: 4, Binance: 6
2025-02-24 05:53:13 - INFO - Browser session closed
2025-02-24 05:53:13 - INFO - SQLite database connection closed
2025-02-24 06:25:05 - INFO - Logging initialized. Log file: pb2b/logs/bybit_scraper_20250224.log
2025-02-24 06:25:06 - INFO - DataSaver logging initialized. Log file: pb2b/logs/data_saver_20250224.log
2025-02-24 06:25:06 - INFO - Connected to SQLite database: pb2b/p2p_listings.db
2025-02-24 06:25:06 - INFO - Database tables created successfully
2025-02-24 06:25:06 - INFO - Attempt 1/10: Loading https://www.bybit.com/fiat/trade/otc?actionType=1&token=USDT&fiat=NGN
2025-02-24 06:25:17 - INFO - Screenshot saved as 'pb2b/screenshots/bybit_page_20250224_062516.png'
2025-02-24 06:25:17 - INFO - Fetching BUY listings for USDT/EUR
2025-02-24 06:25:18 - INFO - Data successfully saved to SQLite database. New listings - Bybit: 4, Binance: 6
2025-02-24 06:25:18 - INFO - Browser session closed
2025-02-24 06:25:18 - INFO - SQLite database connection closed
2025-02-24 06:47:29 - INFO - Logging initialized. Log file: pb2b/logs/bybit_scraper_20250224.log
2025-02-24 06:47:30 - INFO - DataSaver logging initialized. Log file: pb2b/logs/data_saver_20250224.log
2025-02-24 06:47:30 - INFO - Connected to SQLite database: pb2b/p2p_listings.db
2025-02-24 06:47:30 - INFO - Database tables created successfully
2025-02-24 06:47:30 - INFO - Attempt 1/10: Loading https://www.bybit.com/fiat/trade/otc?actionType=1&token=USDT&fiat=NGN
2025-02-24 06:47:40 - INFO - Screenshot saved as 'pb2b/screenshots/bybit_page_20250224_064740.png'
2025-02-24 06:47:40 - INFO - Fetching BUY listings for USDT/EUR
2025-02-24 06:47:41 - INFO - Data successfully saved to SQLite database. New listings - Bybit: 4, Binance: 6
2025-02-24 06:47:41 - INFO - Browser session closed
2025-02-24 06:47:41 - INFO - SQLite database connection closed
2025-02-24 07:00:43 - INFO - Logging initialized. Log file: pb2b/logs/bybit_scraper_20250224.log
2025-02-24 07:00:44 - INFO - DataSaver logging initialized. Log file: pb2b/logs/data_saver_20250224.log
2025-02-24 07:00:44 - INFO - Connected to SQLite database: pb2b/p2p_listings.db
2025-02-24 07:00:44 - INFO - Database tables created successfully
2025-02-24 07:00:44 - INFO - Attempt 1/10: Loading https://www.bybit.com/fiat/trade/otc?actionType=1&token=USDT&fiat=NGN
2025-02-24 07:00:54 - INFO - Screenshot saved as 'pb2b/screenshots/bybit_page_20250224_070054.png'
2025-02-24 07:00:55 - INFO - Fetching BUY listings for USDT/EUR
2025-02-24 07:00:55 - INFO - Data successfully saved to SQLite database. New listings - Bybit: 4, Binance: 6
2025-02-24 07:00:55 - INFO - Browser session closed
2025-02-24 07:00:55 - INFO - SQLite database connection closed
2025-02-24 07:24:55 - INFO - Logging initialized. Log file: pb2b/logs/bybit_scraper_20250224.log
2025-02-24 07:24:56 - INFO - DataSaver logging initialized. Log file: pb2b/logs/data_saver_20250224.log
2025-02-24 07:24:56 - INFO - Connected to SQLite database: pb2b/p2p_listings.db
2025-02-24 07:24:56 - INFO - Database tables created successfully
2025-02-24 07:24:56 - INFO - Attempt 1/10: Loading https://www.bybit.com/fiat/trade/otc?actionType=1&token=USDT&fiat=NGN
2025-02-24 07:25:05 - INFO - Screenshot saved as 'pb2b/screenshots/bybit_page_20250224_072505.png'
2025-02-24 07:25:05 - INFO - Fetching BUY listings for USDT/EUR
2025-02-24 07:25:06 - INFO - Data successfully saved to SQLite database. New listings - Bybit: 4, Binance: 6
2025-02-24 07:25:06 - INFO - Browser session closed
2025-02-24 07:25:06 - INFO - SQLite database connection closed
2025-02-24 07:38:39 - INFO - Logging initialized. Log file: pb2b/logs/bybit_scraper_20250224.log
2025-02-24 07:38:40 - INFO - DataSaver logging initialized. Log file: pb2b/logs/data_saver_20250224.log
2025-02-24 07:38:40 - INFO - Connected to SQLite database: pb2b/p2p_listings.db
2025-02-24 07:38:40 - INFO - Database tables created successfully
2025-02-24 07:38:40 - INFO - Attempt 1/10: Loading https://www.bybit.com/fiat/trade/otc?actionType=1&token=USDT&fiat=NGN
2025-02-24 07:38:51 - INFO - Screenshot saved as 'pb2b/screenshots/bybit_page_20250224_073851.png'
2025-02-24 07:38:51 - INFO - Fetching BUY listings for USDT/EUR
2025-02-24 07:38:52 - INFO - Data successfully saved to SQLite database. New listings - Bybit: 4, Binance: 6
2025-02-24 07:38:52 - INFO - Browser session closed
2025-02-24 07:38:52 - INFO - SQLite database connection closed
2025-02-24 07:51:55 - INFO - Logging initialized. Log file: pb2b/logs/bybit_scraper_20250224.log
2025-02-24 07:51:57 - INFO - DataSaver logging initialized. Log file: pb2b/logs/data_saver_20250224.log
2025-02-24 07:51:57 - INFO - Connected to SQLite database: pb2b/p2p_listings.db
2025-02-24 07:51:57 - INFO - Database tables created successfully
2025-02-24 07:51:57 - INFO - Attempt 1/10: Loading https://www.bybit.com/fiat/trade/otc?actionType=1&token=USDT&fiat=NGN
2025-02-24 07:52:07 - INFO - Screenshot saved as 'pb2b/screenshots/bybit_page_20250224_075206.png'
2025-02-24 07:52:07 - INFO - Fetching BUY listings for USDT/EUR
2025-02-24 07:52:07 - INFO - Data successfully saved to SQLite database. New listings - Bybit: 4, Binance: 6
2025-02-24 07:52:08 - INFO - Browser session closed
2025-02-24 07:52:08 - INFO - SQLite database connection closed
2025-02-24 08:20:03 - INFO - Logging initialized. Log file: pb2b/logs/bybit_scraper_20250224.log
2025-02-24 08:20:03 - INFO - DataSaver logging initialized. Log file: pb2b/logs/data_saver_20250224.log
2025-02-24 08:20:03 - INFO - Connected to SQLite database: pb2b/p2p_listings.db
2025-02-24 08:20:03 - INFO - Database tables created successfully
2025-02-24 08:20:03 - INFO - Attempt 1/10: Loading https://www.bybit.com/fiat/trade/otc?actionType=1&token=USDT&fiat=NGN
2025-02-24 08:20:14 - INFO - Screenshot saved as 'pb2b/screenshots/bybit_page_20250224_082014.png'
2025-02-24 08:20:14 - INFO - Fetching BUY listings for USDT/EUR
2025-02-24 08:20:15 - INFO - Data successfully saved to SQLite database. New listings - Bybit: 4, Binance: 6
2025-02-24 08:20:15 - INFO - Browser session closed
2025-02-24 08:20:15 - INFO - SQLite database connection closed
2025-02-24 08:42:45 - INFO - Logging initialized. Log file: pb2b/logs/bybit_scraper_20250224.log
2025-02-24 08:42:46 - INFO - DataSaver logging initialized. Log file: pb2b/logs/data_saver_20250224.log
2025-02-24 08:42:46 - INFO - Connected to SQLite database: pb2b/p2p_listings.db
2025-02-24 08:42:46 - INFO - Database tables created successfully
2025-02-24 08:42:46 - INFO - Attempt 1/10: Loading https://www.bybit.com/fiat/trade/otc?actionType=1&token=USDT&fiat=NGN
2025-02-24 08:42:57 - INFO - Screenshot saved as 'pb2b/screenshots/bybit_page_20250224_084257.png'
2025-02-24 08:42:57 - INFO - Fetching BUY listings for USDT/EUR
2025-02-24 08:42:58 - INFO - Data successfully saved to SQLite database. New listings - Bybit: 4, Binance: 6
2025-02-24 08:42:58 - INFO - Browser session closed
2025-02-24 08:42:58 - INFO - SQLite database connection closed
2025-02-24 08:55:39 - INFO - Logging initialized. Log file: pb2b/logs/bybit_scraper_20250224.log
2025-02-24 08:55:40 - INFO - DataSaver logging initialized. Log file: pb2b/logs/data_saver_20250224.log
2025-02-24 08:55:40 - INFO - Connected to SQLite database: pb2b/p2p_listings.db
2025-02-24 08:55:40 - INFO - Database tables created successfully
2025-02-24 08:55:40 - INFO - Attempt 1/10: Loading https://www.bybit.com/fiat/trade/otc?actionType=1&token=USDT&fiat=NGN
2025-02-24 08:55:51 - INFO - Screenshot saved as 'pb2b/screenshots/bybit_page_20250224_085551.png'
2025-02-24 08:55:51 - INFO - Fetching BUY listings for USDT/EUR
2025-02-24 08:55:52 - INFO - Data successfully saved to SQLite database. New listings - Bybit: 4, Binance: 6
2025-02-24 08:55:52 - INFO - Browser session closed
2025-02-24 08:55:52 - INFO - SQLite database connection closed
2025-02-24 09:25:12 - INFO - Logging initialized. Log file: pb2b/logs/bybit_scraper_20250224.log
2025-02-24 09:25:13 - INFO - DataSaver logging initialized. Log file: pb2b/logs/data_saver_20250224.log
2025-02-24 09:25:13 - INFO - Connected to SQLite database: pb2b/p2p_listings.db
2025-02-24 09:25:13 - INFO - Database tables created successfully
2025-02-24 09:25:13 - INFO - Attempt 1/10: Loading https://www.bybit.com/fiat/trade/otc?actionType=1&token=USDT&fiat=NGN
2025-02-24 09:25:22 - INFO - Screenshot saved as 'pb2b/screenshots/bybit_page_20250224_092522.png'
2025-02-24 09:25:23 - INFO - Fetching BUY listings for USDT/EUR
2025-02-24 09:25:23 - INFO - Data successfully saved to SQLite database. New listings - Bybit: 4, Binance: 6
2025-02-24 09:25:23 - INFO - Browser session closed
2025-02-24 09:25:23 - INFO - SQLite database connection closed
2025-02-24 09:41:35 - INFO - Logging initialized. Log file: pb2b/logs/bybit_scraper_20250224.log
2025-02-24 09:41:36 - INFO - DataSaver logging initialized. Log file: pb2b/logs/data_saver_20250224.log
2025-02-24 09:41:36 - INFO - Connected to SQLite database: pb2b/p2p_listings.db
2025-02-24 09:41:36 - INFO - Database tables created successfully
2025-02-24 09:41:36 - INFO - Attempt 1/10: Loading https://www.bybit.com/fiat/trade/otc?actionType=1&token=USDT&fiat=NGN
2025-02-24 09:41:47 - INFO - Screenshot saved as 'pb2b/screenshots/bybit_page_20250224_094147.png'
2025-02-24 09:41:48 - INFO - Fetching BUY listings for USDT/EUR
2025-02-24 09:41:48 - INFO - Data successfully saved to SQLite database. New listings - Bybit: 4, Binance: 6
2025-02-24 09:41:48 - INFO - Browser session closed
2025-02-24 09:41:48 - INFO - SQLite database connection closed
2025-02-24 09:54:44 - INFO - Logging initialized. Log file: pb2b/logs/bybit_scraper_20250224.log
2025-02-24 09:54:45 - INFO - DataSaver logging initialized. Log file: pb2b/logs/data_saver_20250224.log
2025-02-24 09:54:45 - INFO - Connected to SQLite database: pb2b/p2p_listings.db
2025-02-24 09:54:45 - INFO - Database tables created successfully
2025-02-24 09:54:45 - INFO - Attempt 1/10: Loading https://www.bybit.com/fiat/trade/otc?actionType=1&token=USDT&fiat=NGN
2025-02-24 09:54:55 - INFO - Screenshot saved as 'pb2b/screenshots/bybit_page_20250224_095455.png'
2025-02-24 09:54:56 - INFO - Fetching BUY listings for USDT/EUR
2025-02-24 09:54:56 - INFO - Data successfully saved to SQLite database. New listings - Bybit: 4, Binance: 6
2025-02-24 09:54:56 - INFO - Browser session closed
2025-02-24 09:54:56 - INFO - SQLite database connection closed
2025-02-24 10:22:51 - INFO - Logging initialized. Log file: pb2b/logs/bybit_scraper_20250224.log
2025-02-24 10:22:51 - INFO - DataSaver logging initialized. Log file: pb2b/logs/data_saver_20250224.log
2025-02-24 10:22:51 - INFO - Connected to SQLite database: pb2b/p2p_listings.db
2025-02-24 10:22:51 - INFO - Database tables created successfully
2025-02-24 10:22:51 - INFO - Attempt 1/10: Loading https://www.bybit.com/fiat/trade/otc?actionType=1&token=USDT&fiat=NGN
2025-02-24 10:23:01 - INFO - Screenshot saved as 'pb2b/screenshots/bybit_page_20250224_102301.png'
2025-02-24 10:23:02 - INFO - Fetching BUY listings for USDT/EUR
2025-02-24 10:23:02 - INFO - Data successfully saved to SQLite database. New listings - Bybit: 4, Binance: 6
2025-02-24 10:23:03 - INFO - Browser session closed
2025-02-24 10:23:03 - INFO - SQLite database connection closed
2025-02-24 10:42:31 - INFO - Logging initialized. Log file: pb2b/logs/bybit_scraper_20250224.log
2025-02-24 10:42:32 - INFO - DataSaver logging initialized. Log file: pb2b/logs/data_saver_20250224.log
2025-02-24 10:42:32 - INFO - Connected to SQLite database: pb2b/p2p_listings.db
2025-02-24 10:42:32 - INFO - Database tables created successfully
2025-02-24 10:42:32 - INFO - Attempt 1/10: Loading https://www.bybit.com/fiat/trade/otc?actionType=1&token=USDT&fiat=NGN
2025-02-24 10:42:41 - INFO - Screenshot saved as 'pb2b/screenshots/bybit_page_20250224_104241.png'
2025-02-24 10:42:42 - INFO - Fetching BUY listings for USDT/EUR
2025-02-24 10:42:42 - INFO - Data successfully saved to SQLite database. New listings - Bybit: 4, Binance: 6
2025-02-24 10:42:43 - INFO - Browser session closed
2025-02-24 10:42:43 - INFO - SQLite database connection closed
2025-02-24 10:55:51 - INFO - Logging initialized. Log file: pb2b/logs/bybit_scraper_20250224.log
2025-02-24 10:55:52 - INFO - DataSaver logging initialized. Log file: pb2b/logs/data_saver_20250224.log
2025-02-24 10:55:52 - INFO - Connected to SQLite database: pb2b/p2p_listings.db
2025-02-24 10:55:52 - INFO - Database tables created successfully
2025-02-24 10:55:52 - INFO - Attempt 1/10: Loading https://www.bybit.com/fiat/trade/otc?actionType=1&token=USDT&fiat=NGN
2025-02-24 10:56:02 - INFO - Screenshot saved as 'pb2b/screenshots/bybit_page_20250224_105601.png'
2025-02-24 10:56:02 - INFO - Fetching BUY listings for USDT/EUR
2025-02-24 10:56:03 - INFO - Data successfully saved to SQLite database. New listings - Bybit: 4, Binance: 6
2025-02-24 10:56:03 - INFO - Browser session closed
2025-02-24 10:56:03 - INFO - SQLite database connection closed
2025-02-24 11:19:07 - INFO - Logging initialized. Log file: pb2b/logs/bybit_scraper_20250224.log
2025-02-24 11:19:07 - INFO - DataSaver logging initialized. Log file: pb2b/logs/data_saver_20250224.log
2025-02-24 11:19:07 - INFO - Connected to SQLite database: pb2b/p2p_listings.db
2025-02-24 11:19:07 - INFO - Database tables created successfully
2025-02-24 11:19:07 - INFO - Attempt 1/10: Loading https://www.bybit.com/fiat/trade/otc?actionType=1&token=USDT&fiat=NGN
2025-02-24 11:19:16 - INFO - Screenshot saved as 'pb2b/screenshots/bybit_page_20250224_111916.png'
2025-02-24 11:19:17 - INFO - Fetching BUY listings for USDT/EUR
2025-02-24 11:19:17 - INFO - Data successfully saved to SQLite database. New listings - Bybit: 4, Binance: 6
2025-02-24 11:19:17 - INFO - Browser session closed
2025-02-24 11:19:17 - INFO - SQLite database connection closed
2025-02-24 11:32:38 - INFO - Logging initialized. Log file: pb2b/logs/bybit_scraper_20250224.log
2025-02-24 11:32:39 - INFO - DataSaver logging initialized. Log file: pb2b/logs/data_saver_20250224.log
2025-02-24 11:32:39 - INFO - Connected to SQLite database: pb2b/p2p_listings.db
2025-02-24 11:32:39 - INFO - Database tables created successfully
2025-02-24 11:32:39 - INFO - Attempt 1/10: Loading https://www.bybit.com/fiat/trade/otc?actionType=1&token=USDT&fiat=NGN
2025-02-24 11:32:49 - INFO - Screenshot saved as 'pb2b/screenshots/bybit_page_20250224_113249.png'
2025-02-24 11:32:49 - INFO - Fetching BUY listings for USDT/EUR
2025-02-24 11:32:50 - INFO - Data successfully saved to SQLite database. New listings - Bybit: 4, Binance: 6
2025-02-24 11:32:50 - INFO - Browser session closed
2025-02-24 11:32:50 - INFO - SQLite database connection closed
2025-02-24 11:45:47 - INFO - Logging initialized. Log file: pb2b/logs/bybit_scraper_20250224.log
2025-02-24 11:45:48 - INFO - DataSaver logging initialized. Log file: pb2b/logs/data_saver_20250224.log
2025-02-24 11:45:48 - INFO - Connected to SQLite database: pb2b/p2p_listings.db
2025-02-24 11:45:48 - INFO - Database tables created successfully
2025-02-24 11:45:48 - INFO - Attempt 1/10: Loading https://www.bybit.com/fiat/trade/otc?actionType=1&token=USDT&fiat=NGN
2025-02-24 11:45:58 - INFO - Screenshot saved as 'pb2b/screenshots/bybit_page_20250224_114558.png'
2025-02-24 11:45:59 - INFO - Fetching BUY listings for USDT/EUR
2025-02-24 11:45:59 - INFO - Data successfully saved to SQLite database. New listings - Bybit: 4, Binance: 6
2025-02-24 11:45:59 - INFO - Browser session closed
2025-02-24 11:45:59 - INFO - SQLite database connection closed
2025-02-24 11:58:41 - INFO - Logging initialized. Log file: pb2b/logs/bybit_scraper_20250224.log
2025-02-24 11:58:41 - INFO - DataSaver logging initialized. Log file: pb2b/logs/data_saver_20250224.log
2025-02-24 11:58:41 - INFO - Connected to SQLite database: pb2b/p2p_listings.db
2025-02-24 11:58:41 - INFO - Database tables created successfully
2025-02-24 11:58:41 - INFO - Attempt 1/10: Loading https://www.bybit.com/fiat/trade/otc?actionType=1&token=USDT&fiat=NGN
2025-02-24 11:58:51 - INFO - Screenshot saved as 'pb2b/screenshots/bybit_page_20250224_115851.png'
2025-02-24 11:58:51 - INFO - Fetching BUY listings for USDT/EUR
2025-02-24 11:58:52 - INFO - Data successfully saved to SQLite database. New listings - Bybit: 4, Binance: 6
2025-02-24 11:58:52 - INFO - Browser session closed
2025-02-24 11:58:52 - INFO - SQLite database connection closed
2025-02-24 12:50:18 - INFO - Logging initialized. Log file: pb2b/logs/bybit_scraper_20250224.log
2025-02-24 12:50:19 - INFO - DataSaver logging initialized. Log file: pb2b/logs/data_saver_20250224.log
2025-02-24 12:50:19 - INFO - Connected to SQLite database: pb2b/p2p_listings.db
2025-02-24 12:50:19 - INFO - Database tables created successfully
2025-02-24 12:50:19 - INFO - Attempt 1/10: Loading https://www.bybit.com/fiat/trade/otc?actionType=1&token=USDT&fiat=NGN
2025-02-24 12:50:27 - INFO - Screenshot saved as 'pb2b/screenshots/bybit_page_20250224_125027.png'
2025-02-24 12:50:28 - INFO - Fetching BUY listings for USDT/EUR
2025-02-24 12:50:28 - INFO - Data successfully saved to SQLite database. New listings - Bybit: 4, Binance: 6
2025-02-24 12:50:28 - INFO - Browser session closed
2025-02-24 12:50:28 - INFO - SQLite database connection closed
2025-02-24 13:22:07 - INFO - Logging initialized. Log file: pb2b/logs/bybit_scraper_20250224.log
2025-02-24 13:22:08 - INFO - DataSaver logging initialized. Log file: pb2b/logs/data_saver_20250224.log
2025-02-24 13:22:08 - INFO - Connected to SQLite database: pb2b/p2p_listings.db
2025-02-24 13:22:08 - INFO - Database tables created successfully
2025-02-24 13:22:08 - INFO - Attempt 1/10: Loading https://www.bybit.com/fiat/trade/otc?actionType=1&token=USDT&fiat=NGN
2025-02-24 13:22:20 - INFO - Screenshot saved as 'pb2b/screenshots/bybit_page_20250224_132219.png'
2025-02-24 13:22:20 - INFO - Fetching BUY listings for USDT/EUR
2025-02-24 13:22:20 - INFO - Data successfully saved to SQLite database. New listings - Bybit: 4, Binance: 6
2025-02-24 13:22:21 - INFO - Browser session closed
2025-02-24 13:22:21 - INFO - SQLite database connection closed
2025-02-24 13:40:50 - INFO - Logging initialized. Log file: pb2b/logs/bybit_scraper_20250224.log
2025-02-24 13:40:51 - INFO - DataSaver logging initialized. Log file: pb2b/logs/data_saver_20250224.log
2025-02-24 13:40:51 - INFO - Connected to SQLite database: pb2b/p2p_listings.db
2025-02-24 13:40:51 - INFO - Database tables created successfully
2025-02-24 13:40:51 - INFO - Attempt 1/10: Loading https://www.bybit.com/fiat/trade/otc?actionType=1&token=USDT&fiat=NGN
2025-02-24 13:41:01 - INFO - Screenshot saved as 'pb2b/screenshots/bybit_page_20250224_134101.png'
2025-02-24 13:41:01 - INFO - Fetching BUY listings for USDT/EUR
2025-02-24 13:41:02 - INFO - Data successfully saved to SQLite database. New listings - Bybit: 4, Binance: 6
2025-02-24 13:41:02 - INFO - Browser session closed
2025-02-24 13:41:02 - INFO - SQLite database connection closed
2025-02-24 13:53:56 - INFO - Logging initialized. Log file: pb2b/logs/bybit_scraper_20250224.log
2025-02-24 13:53:57 - INFO - DataSaver logging initialized. Log file: pb2b/logs/data_saver_20250224.log
2025-02-24 13:53:57 - INFO - Connected to SQLite database: pb2b/p2p_listings.db
2025-02-24 13:53:57 - INFO - Database tables created successfully
2025-02-24 13:53:57 - INFO - Attempt 1/10: Loading https://www.bybit.com/fiat/trade/otc?actionType=1&token=USDT&fiat=NGN
2025-02-24 13:54:06 - INFO - Screenshot saved as 'pb2b/screenshots/bybit_page_20250224_135406.png'
2025-02-24 13:54:06 - INFO - Fetching BUY listings for USDT/EUR
2025-02-24 13:54:07 - INFO - Data successfully saved to SQLite database. New listings - Bybit: 4, Binance: 6
2025-02-24 13:54:07 - INFO - Browser session closed
2025-02-24 13:54:07 - INFO - SQLite database connection closed
2025-02-24 14:19:11 - INFO - Logging initialized. Log file: pb2b/logs/bybit_scraper_20250224.log
2025-02-24 14:19:12 - INFO - DataSaver logging initialized. Log file: pb2b/logs/data_saver_20250224.log
2025-02-24 14:19:12 - INFO - Connected to SQLite database: pb2b/p2p_listings.db
2025-02-24 14:19:12 - INFO - Database tables created successfully
2025-02-24 14:19:12 - INFO - Attempt 1/10: Loading https://www.bybit.com/fiat/trade/otc?actionType=1&token=USDT&fiat=NGN
2025-02-24 14:19:22 - INFO - Screenshot saved as 'pb2b/screenshots/bybit_page_20250224_141922.png'
2025-02-24 14:19:23 - INFO - Fetching BUY listings for USDT/EUR
2025-02-24 14:19:23 - INFO - Data successfully saved to SQLite database. New listings - Bybit: 4, Binance: 6
2025-02-24 14:19:23 - INFO - Browser session closed
2025-02-24 14:19:23 - INFO - SQLite database connection closed
2025-02-24 14:39:18 - INFO - Logging initialized. Log file: pb2b/logs/bybit_scraper_20250224.log
2025-02-24 14:39:19 - INFO - DataSaver logging initialized. Log file: pb2b/logs/data_saver_20250224.log
2025-02-24 14:39:19 - INFO - Connected to SQLite database: pb2b/p2p_listings.db
2025-02-24 14:39:19 - INFO - Database tables created successfully
2025-02-24 14:39:19 - INFO - Attempt 1/10: Loading https://www.bybit.com/fiat/trade/otc?actionType=1&token=USDT&fiat=NGN
2025-02-24 14:39:28 - INFO - Screenshot saved as 'pb2b/screenshots/bybit_page_20250224_143928.png'
2025-02-24 14:39:28 - INFO - Fetching BUY listings for USDT/EUR
2025-02-24 14:39:29 - INFO - Data successfully saved to SQLite database. New listings - Bybit: 4, Binance: 6
2025-02-24 14:39:29 - INFO - Browser session closed
2025-02-24 14:39:29 - INFO - SQLite database connection closed
2025-02-24 14:52:41 - INFO - Logging initialized. Log file: pb2b/logs/bybit_scraper_20250224.log
2025-02-24 14:52:43 - INFO - DataSaver logging initialized. Log file: pb2b/logs/data_saver_20250224.log
2025-02-24 14:52:43 - INFO - Connected to SQLite database: pb2b/p2p_listings.db
2025-02-24 14:52:43 - INFO - Database tables created successfully
2025-02-24 14:52:43 - INFO - Attempt 1/10: Loading https://www.bybit.com/fiat/trade/otc?actionType=1&token=USDT&fiat=NGN
2025-02-24 14:52:52 - INFO - Screenshot saved as 'pb2b/screenshots/bybit_page_20250224_145252.png'
2025-02-24 14:52:52 - INFO - Fetching BUY listings for USDT/EUR
2025-02-24 14:52:53 - INFO - Data successfully saved to SQLite database. New listings - Bybit: 4, Binance: 6
2025-02-24 14:52:53 - INFO - Browser session closed
2025-02-24 14:52:53 - INFO - SQLite database connection closed
2025-02-24 15:18:29 - INFO - Logging initialized. Log file: pb2b/logs/bybit_scraper_20250224.log
2025-02-24 15:18:29 - INFO - DataSaver logging initialized. Log file: pb2b/logs/data_saver_20250224.log
2025-02-24 15:18:29 - INFO - Connected to SQLite database: pb2b/p2p_listings.db
2025-02-24 15:18:29 - INFO - Database tables created successfully
2025-02-24 15:18:29 - INFO - Attempt 1/10: Loading https://www.bybit.com/fiat/trade/otc?actionType=1&token=USDT&fiat=NGN
2025-02-24 15:18:39 - INFO - Screenshot saved as 'pb2b/screenshots/bybit_page_20250224_151839.png'
2025-02-24 15:18:40 - INFO - Fetching BUY listings for USDT/EUR
2025-02-24 15:18:40 - INFO - Data successfully saved to SQLite database. New listings - Bybit: 4, Binance: 6
2025-02-24 15:18:40 - INFO - Browser session closed
2025-02-24 15:18:40 - INFO - SQLite database connection closed
2025-02-24 15:38:18 - INFO - Logging initialized. Log file: pb2b/logs/bybit_scraper_20250224.log
2025-02-24 15:38:20 - INFO - DataSaver logging initialized. Log file: pb2b/logs/data_saver_20250224.log
2025-02-24 15:38:20 - INFO - Connected to SQLite database: pb2b/p2p_listings.db
2025-02-24 15:38:20 - INFO - Database tables created successfully
2025-02-24 15:38:20 - INFO - Attempt 1/10: Loading https://www.bybit.com/fiat/trade/otc?actionType=1&token=USDT&fiat=NGN
2025-02-24 15:38:30 - INFO - Screenshot saved as 'pb2b/screenshots/bybit_page_20250224_153830.png'
2025-02-24 15:38:30 - INFO - Fetching BUY listings for USDT/EUR
2025-02-24 15:38:31 - INFO - Data successfully saved to SQLite database. New listings - Bybit: 4, Binance: 6
2025-02-24 15:38:31 - INFO - Browser session closed
2025-02-24 15:38:31 - INFO - SQLite database connection closed
