2025-06-22 01:50:16 - INFO - Logging initialized. Log file: pb2b/logs/bybit_scraper_20250622.log
2025-06-22 01:50:17 - INFO - DataSaver logging initialized. Log file: pb2b/logs/data_saver_20250622.log
2025-06-22 01:50:17 - INFO - Connected to SQLite database: pb2b/p2p_listings.db
2025-06-22 01:50:17 - INFO - Database tables created successfully
2025-06-22 01:50:17 - INFO - Attempt 1/10: Loading https://www.bybit.com/fiat/trade/otc?actionType=1&token=USDT&fiat=NGN
2025-06-22 01:50:33 - INFO - Screenshot saved as 'pb2b/screenshots/bybit_page_20250622_015033.png'
2025-06-22 01:50:34 - INFO - Fetching BUY listings for USDT/EUR
2025-06-22 01:50:34 - INFO - Data successfully saved to SQLite database. New listings - Bybit: 4, Binance: 6
2025-06-22 01:50:34 - INFO - Browser session closed
2025-06-22 01:50:34 - INFO - SQLite database connection closed
2025-06-22 03:21:00 - INFO - Logging initialized. Log file: pb2b/logs/bybit_scraper_20250622.log
2025-06-22 03:21:01 - INFO - DataSaver logging initialized. Log file: pb2b/logs/data_saver_20250622.log
2025-06-22 03:21:01 - INFO - Connected to SQLite database: pb2b/p2p_listings.db
2025-06-22 03:21:01 - INFO - Database tables created successfully
2025-06-22 03:21:01 - INFO - Attempt 1/10: Loading https://www.bybit.com/fiat/trade/otc?actionType=1&token=USDT&fiat=NGN
2025-06-22 03:21:12 - INFO - Screenshot saved as 'pb2b/screenshots/bybit_page_20250622_032112.png'
2025-06-22 03:21:13 - INFO - Fetching BUY listings for USDT/EUR
2025-06-22 03:21:14 - INFO - Data successfully saved to SQLite database. New listings - Bybit: 4, Binance: 6
2025-06-22 03:21:14 - INFO - Browser session closed
2025-06-22 03:21:14 - INFO - SQLite database connection closed
2025-06-22 04:06:53 - INFO - Logging initialized. Log file: pb2b/logs/bybit_scraper_20250622.log
2025-06-22 04:06:54 - INFO - DataSaver logging initialized. Log file: pb2b/logs/data_saver_20250622.log
2025-06-22 04:06:54 - INFO - Connected to SQLite database: pb2b/p2p_listings.db
2025-06-22 04:06:54 - INFO - Database tables created successfully
2025-06-22 04:06:54 - INFO - Attempt 1/10: Loading https://www.bybit.com/fiat/trade/otc?actionType=1&token=USDT&fiat=NGN
2025-06-22 04:07:02 - INFO - Screenshot saved as 'pb2b/screenshots/bybit_page_20250622_040702.png'
2025-06-22 04:07:02 - INFO - Fetching BUY listings for USDT/EUR
2025-06-22 04:07:03 - INFO - Data successfully saved to SQLite database. New listings - Bybit: 4, Binance: 6
2025-06-22 04:07:03 - INFO - Browser session closed
2025-06-22 04:07:03 - INFO - SQLite database connection closed
2025-06-22 04:45:24 - INFO - Logging initialized. Log file: pb2b/logs/bybit_scraper_20250622.log
2025-06-22 04:45:25 - INFO - DataSaver logging initialized. Log file: pb2b/logs/data_saver_20250622.log
2025-06-22 04:45:25 - INFO - Connected to SQLite database: pb2b/p2p_listings.db
2025-06-22 04:45:25 - INFO - Database tables created successfully
2025-06-22 04:45:25 - INFO - Attempt 1/10: Loading https://www.bybit.com/fiat/trade/otc?actionType=1&token=USDT&fiat=NGN
2025-06-22 04:45:36 - INFO - Screenshot saved as 'pb2b/screenshots/bybit_page_20250622_044536.png'
2025-06-22 04:45:36 - INFO - Fetching BUY listings for USDT/EUR
2025-06-22 04:45:37 - INFO - Data successfully saved to SQLite database. New listings - Bybit: 4, Binance: 6
2025-06-22 04:45:37 - INFO - Browser session closed
2025-06-22 04:45:37 - INFO - SQLite database connection closed
2025-06-22 05:02:00 - INFO - Logging initialized. Log file: pb2b/logs/bybit_scraper_20250622.log
2025-06-22 05:02:01 - INFO - DataSaver logging initialized. Log file: pb2b/logs/data_saver_20250622.log
2025-06-22 05:02:01 - INFO - Connected to SQLite database: pb2b/p2p_listings.db
2025-06-22 05:02:01 - INFO - Database tables created successfully
2025-06-22 05:02:01 - INFO - Attempt 1/10: Loading https://www.bybit.com/fiat/trade/otc?actionType=1&token=USDT&fiat=NGN
2025-06-22 05:02:09 - INFO - Screenshot saved as 'pb2b/screenshots/bybit_page_20250622_050209.png'
2025-06-22 05:02:09 - INFO - Fetching BUY listings for USDT/EUR
2025-06-22 05:02:10 - INFO - Data successfully saved to SQLite database. New listings - Bybit: 4, Binance: 6
2025-06-22 05:02:10 - INFO - Browser session closed
2025-06-22 05:02:10 - INFO - SQLite database connection closed
2025-06-22 05:32:26 - INFO - Logging initialized. Log file: pb2b/logs/bybit_scraper_20250622.log
2025-06-22 05:32:27 - INFO - DataSaver logging initialized. Log file: pb2b/logs/data_saver_20250622.log
2025-06-22 05:32:27 - INFO - Connected to SQLite database: pb2b/p2p_listings.db
2025-06-22 05:32:27 - INFO - Database tables created successfully
2025-06-22 05:32:27 - INFO - Attempt 1/10: Loading https://www.bybit.com/fiat/trade/otc?actionType=1&token=USDT&fiat=NGN
2025-06-22 05:32:36 - INFO - Screenshot saved as 'pb2b/screenshots/bybit_page_20250622_053236.png'
2025-06-22 05:32:37 - INFO - Fetching BUY listings for USDT/EUR
2025-06-22 05:32:37 - INFO - Data successfully saved to SQLite database. New listings - Bybit: 4, Binance: 6
2025-06-22 05:32:37 - INFO - Browser session closed
2025-06-22 05:32:37 - INFO - SQLite database connection closed
2025-06-22 05:49:09 - INFO - Logging initialized. Log file: pb2b/logs/bybit_scraper_20250622.log
2025-06-22 05:49:09 - INFO - DataSaver logging initialized. Log file: pb2b/logs/data_saver_20250622.log
2025-06-22 05:49:09 - INFO - Connected to SQLite database: pb2b/p2p_listings.db
2025-06-22 05:49:09 - INFO - Database tables created successfully
2025-06-22 05:49:09 - INFO - Attempt 1/10: Loading https://www.bybit.com/fiat/trade/otc?actionType=1&token=USDT&fiat=NGN
2025-06-22 05:49:20 - INFO - Screenshot saved as 'pb2b/screenshots/bybit_page_20250622_054920.png'
2025-06-22 05:49:20 - INFO - Fetching BUY listings for USDT/EUR
2025-06-22 05:49:21 - INFO - Data successfully saved to SQLite database. New listings - Bybit: 4, Binance: 6
2025-06-22 05:49:21 - INFO - Browser session closed
2025-06-22 05:49:21 - INFO - SQLite database connection closed
2025-06-22 06:03:11 - INFO - Logging initialized. Log file: pb2b/logs/bybit_scraper_20250622.log
2025-06-22 06:03:12 - INFO - DataSaver logging initialized. Log file: pb2b/logs/data_saver_20250622.log
2025-06-22 06:03:12 - INFO - Connected to SQLite database: pb2b/p2p_listings.db
2025-06-22 06:03:12 - INFO - Database tables created successfully
2025-06-22 06:03:12 - INFO - Attempt 1/10: Loading https://www.bybit.com/fiat/trade/otc?actionType=1&token=USDT&fiat=NGN
2025-06-22 06:03:21 - INFO - Screenshot saved as 'pb2b/screenshots/bybit_page_20250622_060321.png'
2025-06-22 06:03:21 - INFO - Fetching BUY listings for USDT/EUR
2025-06-22 06:03:22 - INFO - Data successfully saved to SQLite database. New listings - Bybit: 4, Binance: 6
2025-06-22 06:03:22 - INFO - Browser session closed
2025-06-22 06:03:22 - INFO - SQLite database connection closed
2025-06-22 06:41:05 - INFO - Logging initialized. Log file: pb2b/logs/bybit_scraper_20250622.log
2025-06-22 06:41:06 - INFO - DataSaver logging initialized. Log file: pb2b/logs/data_saver_20250622.log
2025-06-22 06:41:06 - INFO - Connected to SQLite database: pb2b/p2p_listings.db
2025-06-22 06:41:06 - INFO - Database tables created successfully
2025-06-22 06:41:06 - INFO - Attempt 1/10: Loading https://www.bybit.com/fiat/trade/otc?actionType=1&token=USDT&fiat=NGN
2025-06-22 06:41:16 - INFO - Screenshot saved as 'pb2b/screenshots/bybit_page_20250622_064115.png'
2025-06-22 06:41:16 - INFO - Fetching BUY listings for USDT/EUR
2025-06-22 06:41:17 - INFO - Data successfully saved to SQLite database. New listings - Bybit: 4, Binance: 6
2025-06-22 06:41:17 - INFO - Browser session closed
2025-06-22 06:41:17 - INFO - SQLite database connection closed
2025-06-22 06:58:41 - INFO - Logging initialized. Log file: pb2b/logs/bybit_scraper_20250622.log
2025-06-22 06:58:43 - INFO - DataSaver logging initialized. Log file: pb2b/logs/data_saver_20250622.log
2025-06-22 06:58:43 - INFO - Connected to SQLite database: pb2b/p2p_listings.db
2025-06-22 06:58:43 - INFO - Database tables created successfully
2025-06-22 06:58:43 - INFO - Attempt 1/10: Loading https://www.bybit.com/fiat/trade/otc?actionType=1&token=USDT&fiat=NGN
2025-06-22 06:58:53 - INFO - Screenshot saved as 'pb2b/screenshots/bybit_page_20250622_065852.png'
2025-06-22 06:58:53 - INFO - Fetching BUY listings for USDT/EUR
2025-06-22 06:58:54 - INFO - Data successfully saved to SQLite database. New listings - Bybit: 4, Binance: 6
2025-06-22 06:58:54 - INFO - Browser session closed
2025-06-22 06:58:54 - INFO - SQLite database connection closed
