2025-03-22 01:41:32 - INFO - Logging initialized. Log file: pb2b/logs/bybit_scraper_20250322.log
2025-03-22 01:41:32 - INFO - DataSaver logging initialized. Log file: pb2b/logs/data_saver_20250322.log
2025-03-22 01:41:32 - INFO - Connected to SQLite database: pb2b/p2p_listings.db
2025-03-22 01:41:32 - INFO - Database tables created successfully
2025-03-22 01:41:32 - INFO - Attempt 1/10: Loading https://www.bybit.com/fiat/trade/otc?actionType=1&token=USDT&fiat=NGN
2025-03-22 01:41:43 - INFO - Screenshot saved as 'pb2b/screenshots/bybit_page_20250322_014142.png'
2025-03-22 01:41:43 - INFO - Fetching BUY listings for USDT/EUR
2025-03-22 01:41:44 - INFO - Data successfully saved to SQLite database. New listings - Bybit: 4, Binance: 6
2025-03-22 01:41:44 - INFO - Browser session closed
2025-03-22 01:41:44 - INFO - SQLite database connection closed
2025-03-22 02:47:34 - INFO - Logging initialized. Log file: pb2b/logs/bybit_scraper_20250322.log
2025-03-22 02:47:35 - INFO - DataSaver logging initialized. Log file: pb2b/logs/data_saver_20250322.log
2025-03-22 02:47:35 - INFO - Connected to SQLite database: pb2b/p2p_listings.db
2025-03-22 02:47:35 - INFO - Database tables created successfully
2025-03-22 02:47:35 - INFO - Attempt 1/10: Loading https://www.bybit.com/fiat/trade/otc?actionType=1&token=USDT&fiat=NGN
2025-03-22 02:47:44 - INFO - Screenshot saved as 'pb2b/screenshots/bybit_page_20250322_024743.png'
2025-03-22 02:47:44 - INFO - Fetching BUY listings for USDT/EUR
2025-03-22 02:47:45 - INFO - Data successfully saved to SQLite database. New listings - Bybit: 4, Binance: 6
2025-03-22 02:47:45 - INFO - Browser session closed
2025-03-22 02:47:45 - INFO - SQLite database connection closed
2025-03-22 03:22:15 - INFO - Logging initialized. Log file: pb2b/logs/bybit_scraper_20250322.log
2025-03-22 03:22:16 - INFO - DataSaver logging initialized. Log file: pb2b/logs/data_saver_20250322.log
2025-03-22 03:22:16 - INFO - Connected to SQLite database: pb2b/p2p_listings.db
2025-03-22 03:22:16 - INFO - Database tables created successfully
2025-03-22 03:22:16 - INFO - Attempt 1/10: Loading https://www.bybit.com/fiat/trade/otc?actionType=1&token=USDT&fiat=NGN
2025-03-22 03:22:25 - INFO - Screenshot saved as 'pb2b/screenshots/bybit_page_20250322_032225.png'
2025-03-22 03:22:26 - INFO - Fetching BUY listings for USDT/EUR
2025-03-22 03:22:26 - INFO - Data successfully saved to SQLite database. New listings - Bybit: 4, Binance: 6
2025-03-22 03:22:26 - INFO - Browser session closed
2025-03-22 03:22:26 - INFO - SQLite database connection closed
2025-03-22 03:49:03 - INFO - Logging initialized. Log file: pb2b/logs/bybit_scraper_20250322.log
2025-03-22 03:49:04 - INFO - DataSaver logging initialized. Log file: pb2b/logs/data_saver_20250322.log
2025-03-22 03:49:04 - INFO - Connected to SQLite database: pb2b/p2p_listings.db
2025-03-22 03:49:04 - INFO - Database tables created successfully
2025-03-22 03:49:04 - INFO - Attempt 1/10: Loading https://www.bybit.com/fiat/trade/otc?actionType=1&token=USDT&fiat=NGN
2025-03-22 03:49:14 - INFO - Screenshot saved as 'pb2b/screenshots/bybit_page_20250322_034914.png'
2025-03-22 03:49:15 - INFO - Fetching BUY listings for USDT/EUR
2025-03-22 03:49:15 - INFO - Data successfully saved to SQLite database. New listings - Bybit: 4, Binance: 6
2025-03-22 03:49:15 - INFO - Browser session closed
2025-03-22 03:49:15 - INFO - SQLite database connection closed
2025-03-22 04:02:04 - INFO - Logging initialized. Log file: pb2b/logs/bybit_scraper_20250322.log
2025-03-22 04:02:04 - INFO - DataSaver logging initialized. Log file: pb2b/logs/data_saver_20250322.log
2025-03-22 04:02:04 - INFO - Connected to SQLite database: pb2b/p2p_listings.db
2025-03-22 04:02:04 - INFO - Database tables created successfully
2025-03-22 04:02:04 - INFO - Attempt 1/10: Loading https://www.bybit.com/fiat/trade/otc?actionType=1&token=USDT&fiat=NGN
2025-03-22 04:02:14 - INFO - Screenshot saved as 'pb2b/screenshots/bybit_page_20250322_040214.png'
2025-03-22 04:02:15 - INFO - Fetching BUY listings for USDT/EUR
2025-03-22 04:02:15 - INFO - Data successfully saved to SQLite database. New listings - Bybit: 4, Binance: 6
2025-03-22 04:02:15 - INFO - Browser session closed
2025-03-22 04:02:15 - INFO - SQLite database connection closed
2025-03-22 04:31:34 - INFO - Logging initialized. Log file: pb2b/logs/bybit_scraper_20250322.log
2025-03-22 04:31:36 - INFO - DataSaver logging initialized. Log file: pb2b/logs/data_saver_20250322.log
2025-03-22 04:31:36 - INFO - Connected to SQLite database: pb2b/p2p_listings.db
2025-03-22 04:31:36 - INFO - Database tables created successfully
2025-03-22 04:31:36 - INFO - Attempt 1/10: Loading https://www.bybit.com/fiat/trade/otc?actionType=1&token=USDT&fiat=NGN
2025-03-22 04:31:45 - INFO - Screenshot saved as 'pb2b/screenshots/bybit_page_20250322_043145.png'
2025-03-22 04:31:46 - INFO - Fetching BUY listings for USDT/EUR
2025-03-22 04:31:46 - INFO - Data successfully saved to SQLite database. New listings - Bybit: 4, Binance: 6
2025-03-22 04:31:46 - INFO - Browser session closed
2025-03-22 04:31:46 - INFO - SQLite database connection closed
2025-03-22 04:48:48 - INFO - Logging initialized. Log file: pb2b/logs/bybit_scraper_20250322.log
2025-03-22 04:48:50 - INFO - DataSaver logging initialized. Log file: pb2b/logs/data_saver_20250322.log
2025-03-22 04:48:50 - INFO - Connected to SQLite database: pb2b/p2p_listings.db
2025-03-22 04:48:50 - INFO - Database tables created successfully
2025-03-22 04:48:50 - INFO - Attempt 1/10: Loading https://www.bybit.com/fiat/trade/otc?actionType=1&token=USDT&fiat=NGN
2025-03-22 04:48:59 - INFO - Screenshot saved as 'pb2b/screenshots/bybit_page_20250322_044859.png'
2025-03-22 04:49:00 - INFO - Fetching BUY listings for USDT/EUR
2025-03-22 04:49:00 - INFO - Data successfully saved to SQLite database. New listings - Bybit: 4, Binance: 6
2025-03-22 04:49:00 - INFO - Browser session closed
2025-03-22 04:49:00 - INFO - SQLite database connection closed
2025-03-22 05:01:35 - INFO - Logging initialized. Log file: pb2b/logs/bybit_scraper_20250322.log
2025-03-22 05:01:36 - INFO - DataSaver logging initialized. Log file: pb2b/logs/data_saver_20250322.log
2025-03-22 05:01:36 - INFO - Connected to SQLite database: pb2b/p2p_listings.db
2025-03-22 05:01:36 - INFO - Database tables created successfully
2025-03-22 05:01:36 - INFO - Attempt 1/10: Loading https://www.bybit.com/fiat/trade/otc?actionType=1&token=USDT&fiat=NGN
2025-03-22 05:01:44 - INFO - Screenshot saved as 'pb2b/screenshots/bybit_page_20250322_050144.png'
2025-03-22 05:01:44 - INFO - Fetching BUY listings for USDT/EUR
2025-03-22 05:01:45 - INFO - Data successfully saved to SQLite database. New listings - Bybit: 4, Binance: 6
2025-03-22 05:01:45 - INFO - Browser session closed
2025-03-22 05:01:45 - INFO - SQLite database connection closed
2025-03-22 05:28:14 - INFO - Logging initialized. Log file: pb2b/logs/bybit_scraper_20250322.log
2025-03-22 05:28:15 - INFO - DataSaver logging initialized. Log file: pb2b/logs/data_saver_20250322.log
2025-03-22 05:28:15 - INFO - Connected to SQLite database: pb2b/p2p_listings.db
2025-03-22 05:28:15 - INFO - Database tables created successfully
2025-03-22 05:28:15 - INFO - Attempt 1/10: Loading https://www.bybit.com/fiat/trade/otc?actionType=1&token=USDT&fiat=NGN
2025-03-22 05:28:25 - INFO - Screenshot saved as 'pb2b/screenshots/bybit_page_20250322_052824.png'
2025-03-22 05:28:25 - INFO - Fetching BUY listings for USDT/EUR
2025-03-22 05:28:26 - INFO - Data successfully saved to SQLite database. New listings - Bybit: 4, Binance: 6
2025-03-22 05:28:26 - INFO - Browser session closed
2025-03-22 05:28:26 - INFO - SQLite database connection closed
2025-03-22 05:43:22 - INFO - Logging initialized. Log file: pb2b/logs/bybit_scraper_20250322.log
2025-03-22 05:43:23 - INFO - DataSaver logging initialized. Log file: pb2b/logs/data_saver_20250322.log
2025-03-22 05:43:23 - INFO - Connected to SQLite database: pb2b/p2p_listings.db
2025-03-22 05:43:23 - INFO - Database tables created successfully
2025-03-22 05:43:23 - INFO - Attempt 1/10: Loading https://www.bybit.com/fiat/trade/otc?actionType=1&token=USDT&fiat=NGN
2025-03-22 05:43:32 - INFO - Screenshot saved as 'pb2b/screenshots/bybit_page_20250322_054332.png'
2025-03-22 05:43:33 - INFO - Fetching BUY listings for USDT/EUR
2025-03-22 05:43:33 - INFO - Data successfully saved to SQLite database. New listings - Bybit: 4, Binance: 6
2025-03-22 05:43:34 - INFO - Browser session closed
2025-03-22 05:43:34 - INFO - SQLite database connection closed
2025-03-22 05:56:40 - INFO - Logging initialized. Log file: pb2b/logs/bybit_scraper_20250322.log
2025-03-22 05:56:41 - INFO - DataSaver logging initialized. Log file: pb2b/logs/data_saver_20250322.log
2025-03-22 05:56:41 - INFO - Connected to SQLite database: pb2b/p2p_listings.db
2025-03-22 05:56:41 - INFO - Database tables created successfully
2025-03-22 05:56:41 - INFO - Attempt 1/10: Loading https://www.bybit.com/fiat/trade/otc?actionType=1&token=USDT&fiat=NGN
2025-03-22 05:56:50 - INFO - Screenshot saved as 'pb2b/screenshots/bybit_page_20250322_055650.png'
2025-03-22 05:56:51 - INFO - Fetching BUY listings for USDT/EUR
2025-03-22 05:56:51 - INFO - Data successfully saved to SQLite database. New listings - Bybit: 4, Binance: 6
2025-03-22 05:56:52 - INFO - Browser session closed
2025-03-22 05:56:52 - INFO - SQLite database connection closed
2025-03-22 06:33:32 - INFO - Logging initialized. Log file: pb2b/logs/bybit_scraper_20250322.log
2025-03-22 06:33:33 - INFO - DataSaver logging initialized. Log file: pb2b/logs/data_saver_20250322.log
2025-03-22 06:33:33 - INFO - Connected to SQLite database: pb2b/p2p_listings.db
2025-03-22 06:33:33 - INFO - Database tables created successfully
2025-03-22 06:33:33 - INFO - Attempt 1/10: Loading https://www.bybit.com/fiat/trade/otc?actionType=1&token=USDT&fiat=NGN
2025-03-22 06:33:42 - INFO - Screenshot saved as 'pb2b/screenshots/bybit_page_20250322_063342.png'
2025-03-22 06:33:42 - INFO - Fetching BUY listings for USDT/EUR
2025-03-22 06:33:43 - INFO - Data successfully saved to SQLite database. New listings - Bybit: 4, Binance: 6
2025-03-22 06:33:43 - INFO - Browser session closed
2025-03-22 06:33:43 - INFO - SQLite database connection closed
2025-03-22 06:48:26 - INFO - Logging initialized. Log file: pb2b/logs/bybit_scraper_20250322.log
2025-03-22 06:48:26 - INFO - DataSaver logging initialized. Log file: pb2b/logs/data_saver_20250322.log
2025-03-22 06:48:26 - INFO - Connected to SQLite database: pb2b/p2p_listings.db
2025-03-22 06:48:26 - INFO - Database tables created successfully
2025-03-22 06:48:26 - INFO - Attempt 1/10: Loading https://www.bybit.com/fiat/trade/otc?actionType=1&token=USDT&fiat=NGN
2025-03-22 06:48:35 - INFO - Screenshot saved as 'pb2b/screenshots/bybit_page_20250322_064835.png'
2025-03-22 06:48:36 - INFO - Fetching BUY listings for USDT/EUR
2025-03-22 06:48:36 - INFO - Data successfully saved to SQLite database. New listings - Bybit: 4, Binance: 6
2025-03-22 06:48:37 - INFO - Browser session closed
2025-03-22 06:48:37 - INFO - SQLite database connection closed
2025-03-22 07:01:30 - INFO - Logging initialized. Log file: pb2b/logs/bybit_scraper_20250322.log
2025-03-22 07:01:30 - INFO - DataSaver logging initialized. Log file: pb2b/logs/data_saver_20250322.log
2025-03-22 07:01:30 - INFO - Connected to SQLite database: pb2b/p2p_listings.db
2025-03-22 07:01:30 - INFO - Database tables created successfully
2025-03-22 07:01:30 - INFO - Attempt 1/10: Loading https://www.bybit.com/fiat/trade/otc?actionType=1&token=USDT&fiat=NGN
2025-03-22 07:01:39 - INFO - Screenshot saved as 'pb2b/screenshots/bybit_page_20250322_070139.png'
2025-03-22 07:01:40 - INFO - Fetching BUY listings for USDT/EUR
2025-03-22 07:01:40 - INFO - Data successfully saved to SQLite database. New listings - Bybit: 4, Binance: 6
2025-03-22 07:01:40 - INFO - Browser session closed
2025-03-22 07:01:40 - INFO - SQLite database connection closed
2025-03-22 07:25:16 - INFO - Logging initialized. Log file: pb2b/logs/bybit_scraper_20250322.log
2025-03-22 07:25:17 - INFO - DataSaver logging initialized. Log file: pb2b/logs/data_saver_20250322.log
2025-03-22 07:25:17 - INFO - Connected to SQLite database: pb2b/p2p_listings.db
2025-03-22 07:25:17 - INFO - Database tables created successfully
2025-03-22 07:25:17 - INFO - Attempt 1/10: Loading https://www.bybit.com/fiat/trade/otc?actionType=1&token=USDT&fiat=NGN
2025-03-22 07:25:26 - INFO - Screenshot saved as 'pb2b/screenshots/bybit_page_20250322_072526.png'
2025-03-22 07:25:27 - INFO - Fetching BUY listings for USDT/EUR
2025-03-22 07:25:27 - INFO - Data successfully saved to SQLite database. New listings - Bybit: 4, Binance: 6
2025-03-22 07:25:27 - INFO - Browser session closed
2025-03-22 07:25:27 - INFO - SQLite database connection closed
2025-03-22 07:39:08 - INFO - Logging initialized. Log file: pb2b/logs/bybit_scraper_20250322.log
2025-03-22 07:39:09 - INFO - DataSaver logging initialized. Log file: pb2b/logs/data_saver_20250322.log
2025-03-22 07:39:09 - INFO - Connected to SQLite database: pb2b/p2p_listings.db
2025-03-22 07:39:09 - INFO - Database tables created successfully
2025-03-22 07:39:09 - INFO - Attempt 1/10: Loading https://www.bybit.com/fiat/trade/otc?actionType=1&token=USDT&fiat=NGN
2025-03-22 07:39:18 - INFO - Screenshot saved as 'pb2b/screenshots/bybit_page_20250322_073918.png'
2025-03-22 07:39:18 - INFO - Fetching BUY listings for USDT/EUR
2025-03-22 07:39:19 - INFO - Data successfully saved to SQLite database. New listings - Bybit: 4, Binance: 6
2025-03-22 07:39:19 - INFO - Browser session closed
2025-03-22 07:39:19 - INFO - SQLite database connection closed
2025-03-22 07:52:09 - INFO - Logging initialized. Log file: pb2b/logs/bybit_scraper_20250322.log
2025-03-22 07:52:10 - INFO - DataSaver logging initialized. Log file: pb2b/logs/data_saver_20250322.log
2025-03-22 07:52:10 - INFO - Connected to SQLite database: pb2b/p2p_listings.db
2025-03-22 07:52:10 - INFO - Database tables created successfully
2025-03-22 07:52:10 - INFO - Attempt 1/10: Loading https://www.bybit.com/fiat/trade/otc?actionType=1&token=USDT&fiat=NGN
2025-03-22 07:52:20 - INFO - Screenshot saved as 'pb2b/screenshots/bybit_page_20250322_075220.png'
2025-03-22 07:52:21 - INFO - Fetching BUY listings for USDT/EUR
2025-03-22 07:52:21 - INFO - Data successfully saved to SQLite database. New listings - Bybit: 4, Binance: 6
2025-03-22 07:52:21 - INFO - Browser session closed
2025-03-22 07:52:21 - INFO - SQLite database connection closed
2025-03-22 08:18:10 - INFO - Logging initialized. Log file: pb2b/logs/bybit_scraper_20250322.log
2025-03-22 08:18:11 - INFO - DataSaver logging initialized. Log file: pb2b/logs/data_saver_20250322.log
2025-03-22 08:18:11 - INFO - Connected to SQLite database: pb2b/p2p_listings.db
2025-03-22 08:18:11 - INFO - Database tables created successfully
2025-03-22 08:18:11 - INFO - Attempt 1/10: Loading https://www.bybit.com/fiat/trade/otc?actionType=1&token=USDT&fiat=NGN
2025-03-22 08:18:20 - INFO - Screenshot saved as 'pb2b/screenshots/bybit_page_20250322_081820.png'
2025-03-22 08:18:20 - INFO - Fetching BUY listings for USDT/EUR
2025-03-22 08:18:21 - INFO - Data successfully saved to SQLite database. New listings - Bybit: 4, Binance: 6
2025-03-22 08:18:21 - INFO - Browser session closed
2025-03-22 08:18:21 - INFO - SQLite database connection closed
2025-03-22 08:39:31 - INFO - Logging initialized. Log file: pb2b/logs/bybit_scraper_20250322.log
2025-03-22 08:39:32 - INFO - DataSaver logging initialized. Log file: pb2b/logs/data_saver_20250322.log
2025-03-22 08:39:32 - INFO - Connected to SQLite database: pb2b/p2p_listings.db
2025-03-22 08:39:32 - INFO - Database tables created successfully
2025-03-22 08:39:32 - INFO - Attempt 1/10: Loading https://www.bybit.com/fiat/trade/otc?actionType=1&token=USDT&fiat=NGN
2025-03-22 08:39:41 - INFO - Screenshot saved as 'pb2b/screenshots/bybit_page_20250322_083941.png'
2025-03-22 08:39:42 - INFO - Fetching BUY listings for USDT/EUR
2025-03-22 08:39:42 - INFO - Data successfully saved to SQLite database. New listings - Bybit: 4, Binance: 6
2025-03-22 08:39:42 - INFO - Browser session closed
2025-03-22 08:39:42 - INFO - SQLite database connection closed
2025-03-22 08:52:04 - INFO - Logging initialized. Log file: pb2b/logs/bybit_scraper_20250322.log
2025-03-22 08:52:05 - INFO - DataSaver logging initialized. Log file: pb2b/logs/data_saver_20250322.log
2025-03-22 08:52:05 - INFO - Connected to SQLite database: pb2b/p2p_listings.db
2025-03-22 08:52:05 - INFO - Database tables created successfully
2025-03-22 08:52:05 - INFO - Attempt 1/10: Loading https://www.bybit.com/fiat/trade/otc?actionType=1&token=USDT&fiat=NGN
2025-03-22 08:52:15 - INFO - Screenshot saved as 'pb2b/screenshots/bybit_page_20250322_085214.png'
2025-03-22 08:52:15 - INFO - Fetching BUY listings for USDT/EUR
2025-03-22 08:52:16 - INFO - Data successfully saved to SQLite database. New listings - Bybit: 4, Binance: 6
2025-03-22 08:52:16 - INFO - Browser session closed
2025-03-22 08:52:16 - INFO - SQLite database connection closed
2025-03-22 09:15:36 - INFO - Logging initialized. Log file: pb2b/logs/bybit_scraper_20250322.log
2025-03-22 09:15:37 - INFO - DataSaver logging initialized. Log file: pb2b/logs/data_saver_20250322.log
2025-03-22 09:15:37 - INFO - Connected to SQLite database: pb2b/p2p_listings.db
2025-03-22 09:15:37 - INFO - Database tables created successfully
2025-03-22 09:15:37 - INFO - Attempt 1/10: Loading https://www.bybit.com/fiat/trade/otc?actionType=1&token=USDT&fiat=NGN
2025-03-22 09:15:46 - INFO - Screenshot saved as 'pb2b/screenshots/bybit_page_20250322_091546.png'
2025-03-22 09:15:47 - INFO - Fetching BUY listings for USDT/EUR
2025-03-22 09:15:48 - INFO - Data successfully saved to SQLite database. New listings - Bybit: 4, Binance: 6
2025-03-22 09:15:48 - INFO - Browser session closed
2025-03-22 09:15:48 - INFO - SQLite database connection closed
2025-03-22 09:32:06 - INFO - Logging initialized. Log file: pb2b/logs/bybit_scraper_20250322.log
2025-03-22 09:32:07 - INFO - DataSaver logging initialized. Log file: pb2b/logs/data_saver_20250322.log
2025-03-22 09:32:07 - INFO - Connected to SQLite database: pb2b/p2p_listings.db
2025-03-22 09:32:07 - INFO - Database tables created successfully
2025-03-22 09:32:07 - INFO - Attempt 1/10: Loading https://www.bybit.com/fiat/trade/otc?actionType=1&token=USDT&fiat=NGN
2025-03-22 09:32:15 - INFO - Screenshot saved as 'pb2b/screenshots/bybit_page_20250322_093215.png'
2025-03-22 09:32:15 - INFO - Fetching BUY listings for USDT/EUR
2025-03-22 09:32:16 - INFO - Data successfully saved to SQLite database. New listings - Bybit: 4, Binance: 6
2025-03-22 09:32:16 - INFO - Browser session closed
2025-03-22 09:32:16 - INFO - SQLite database connection closed
2025-03-22 09:46:20 - INFO - Logging initialized. Log file: pb2b/logs/bybit_scraper_20250322.log
2025-03-22 09:46:21 - INFO - DataSaver logging initialized. Log file: pb2b/logs/data_saver_20250322.log
2025-03-22 09:46:21 - INFO - Connected to SQLite database: pb2b/p2p_listings.db
2025-03-22 09:46:21 - INFO - Database tables created successfully
2025-03-22 09:46:21 - INFO - Attempt 1/10: Loading https://www.bybit.com/fiat/trade/otc?actionType=1&token=USDT&fiat=NGN
2025-03-22 09:46:31 - INFO - Screenshot saved as 'pb2b/screenshots/bybit_page_20250322_094631.png'
2025-03-22 09:46:31 - INFO - Fetching BUY listings for USDT/EUR
2025-03-22 09:46:32 - INFO - Data successfully saved to SQLite database. New listings - Bybit: 4, Binance: 6
2025-03-22 09:46:32 - INFO - Browser session closed
2025-03-22 09:46:32 - INFO - SQLite database connection closed
2025-03-22 09:58:55 - INFO - Logging initialized. Log file: pb2b/logs/bybit_scraper_20250322.log
2025-03-22 09:58:56 - INFO - DataSaver logging initialized. Log file: pb2b/logs/data_saver_20250322.log
2025-03-22 09:58:56 - INFO - Connected to SQLite database: pb2b/p2p_listings.db
2025-03-22 09:58:56 - INFO - Database tables created successfully
2025-03-22 09:58:56 - INFO - Attempt 1/10: Loading https://www.bybit.com/fiat/trade/otc?actionType=1&token=USDT&fiat=NGN
2025-03-22 09:59:05 - INFO - Screenshot saved as 'pb2b/screenshots/bybit_page_20250322_095905.png'
2025-03-22 09:59:06 - INFO - Fetching BUY listings for USDT/EUR
2025-03-22 09:59:06 - INFO - Data successfully saved to SQLite database. New listings - Bybit: 4, Binance: 6
2025-03-22 09:59:06 - INFO - Browser session closed
2025-03-22 09:59:06 - INFO - SQLite database connection closed
2025-03-22 10:27:42 - INFO - Logging initialized. Log file: pb2b/logs/bybit_scraper_20250322.log
2025-03-22 10:27:42 - INFO - DataSaver logging initialized. Log file: pb2b/logs/data_saver_20250322.log
2025-03-22 10:27:42 - INFO - Connected to SQLite database: pb2b/p2p_listings.db
2025-03-22 10:27:42 - INFO - Database tables created successfully
2025-03-22 10:27:42 - INFO - Attempt 1/10: Loading https://www.bybit.com/fiat/trade/otc?actionType=1&token=USDT&fiat=NGN
2025-03-22 10:27:52 - INFO - Screenshot saved as 'pb2b/screenshots/bybit_page_20250322_102751.png'
2025-03-22 10:27:52 - INFO - Fetching BUY listings for USDT/EUR
2025-03-22 10:27:52 - INFO - Data successfully saved to SQLite database. New listings - Bybit: 4, Binance: 6
2025-03-22 10:27:53 - INFO - Browser session closed
2025-03-22 10:27:53 - INFO - SQLite database connection closed
2025-03-22 10:46:35 - INFO - Logging initialized. Log file: pb2b/logs/bybit_scraper_20250322.log
2025-03-22 10:46:36 - INFO - DataSaver logging initialized. Log file: pb2b/logs/data_saver_20250322.log
2025-03-22 10:46:36 - INFO - Connected to SQLite database: pb2b/p2p_listings.db
2025-03-22 10:46:36 - INFO - Database tables created successfully
2025-03-22 10:46:36 - INFO - Attempt 1/10: Loading https://www.bybit.com/fiat/trade/otc?actionType=1&token=USDT&fiat=NGN
2025-03-22 10:46:45 - INFO - Screenshot saved as 'pb2b/screenshots/bybit_page_20250322_104644.png'
2025-03-22 10:46:45 - INFO - Fetching BUY listings for USDT/EUR
2025-03-22 10:46:46 - INFO - Data successfully saved to SQLite database. New listings - Bybit: 4, Binance: 6
2025-03-22 10:46:46 - INFO - Browser session closed
2025-03-22 10:46:46 - INFO - SQLite database connection closed
2025-03-22 10:59:30 - INFO - Logging initialized. Log file: pb2b/logs/bybit_scraper_20250322.log
2025-03-22 10:59:32 - INFO - DataSaver logging initialized. Log file: pb2b/logs/data_saver_20250322.log
2025-03-22 10:59:32 - INFO - Connected to SQLite database: pb2b/p2p_listings.db
2025-03-22 10:59:32 - INFO - Database tables created successfully
2025-03-22 10:59:32 - INFO - Attempt 1/10: Loading https://www.bybit.com/fiat/trade/otc?actionType=1&token=USDT&fiat=NGN
2025-03-22 10:59:42 - INFO - Screenshot saved as 'pb2b/screenshots/bybit_page_20250322_105942.png'
2025-03-22 10:59:42 - INFO - Fetching BUY listings for USDT/EUR
2025-03-22 10:59:43 - INFO - Data successfully saved to SQLite database. New listings - Bybit: 4, Binance: 6
2025-03-22 10:59:43 - INFO - Browser session closed
2025-03-22 10:59:43 - INFO - SQLite database connection closed
2025-03-22 11:21:05 - INFO - Logging initialized. Log file: pb2b/logs/bybit_scraper_20250322.log
2025-03-22 11:21:07 - INFO - DataSaver logging initialized. Log file: pb2b/logs/data_saver_20250322.log
2025-03-22 11:21:07 - INFO - Connected to SQLite database: pb2b/p2p_listings.db
2025-03-22 11:21:07 - INFO - Database tables created successfully
2025-03-22 11:21:07 - INFO - Attempt 1/10: Loading https://www.bybit.com/fiat/trade/otc?actionType=1&token=USDT&fiat=NGN
2025-03-22 11:21:16 - INFO - Screenshot saved as 'pb2b/screenshots/bybit_page_20250322_112116.png'
2025-03-22 11:21:17 - INFO - Fetching BUY listings for USDT/EUR
2025-03-22 11:21:17 - INFO - Data successfully saved to SQLite database. New listings - Bybit: 4, Binance: 6
2025-03-22 11:21:18 - INFO - Browser session closed
2025-03-22 11:21:18 - INFO - SQLite database connection closed
2025-03-22 11:35:43 - INFO - Logging initialized. Log file: pb2b/logs/bybit_scraper_20250322.log
2025-03-22 11:35:45 - INFO - DataSaver logging initialized. Log file: pb2b/logs/data_saver_20250322.log
2025-03-22 11:35:45 - INFO - Connected to SQLite database: pb2b/p2p_listings.db
2025-03-22 11:35:45 - INFO - Database tables created successfully
2025-03-22 11:35:45 - INFO - Attempt 1/10: Loading https://www.bybit.com/fiat/trade/otc?actionType=1&token=USDT&fiat=NGN
2025-03-22 11:35:54 - INFO - Screenshot saved as 'pb2b/screenshots/bybit_page_20250322_113554.png'
2025-03-22 11:35:55 - INFO - Fetching BUY listings for USDT/EUR
2025-03-22 11:35:56 - INFO - Data successfully saved to SQLite database. New listings - Bybit: 4, Binance: 6
2025-03-22 11:35:56 - INFO - Browser session closed
2025-03-22 11:35:56 - INFO - SQLite database connection closed
2025-03-22 11:49:38 - INFO - Logging initialized. Log file: pb2b/logs/bybit_scraper_20250322.log
2025-03-22 11:49:38 - INFO - DataSaver logging initialized. Log file: pb2b/logs/data_saver_20250322.log
2025-03-22 11:49:38 - INFO - Connected to SQLite database: pb2b/p2p_listings.db
2025-03-22 11:49:38 - INFO - Database tables created successfully
2025-03-22 11:49:38 - INFO - Attempt 1/10: Loading https://www.bybit.com/fiat/trade/otc?actionType=1&token=USDT&fiat=NGN
2025-03-22 11:49:48 - INFO - Screenshot saved as 'pb2b/screenshots/bybit_page_20250322_114948.png'
2025-03-22 11:49:48 - INFO - Fetching BUY listings for USDT/EUR
2025-03-22 11:49:49 - INFO - Data successfully saved to SQLite database. New listings - Bybit: 4, Binance: 6
2025-03-22 11:49:49 - INFO - Browser session closed
2025-03-22 11:49:49 - INFO - SQLite database connection closed
2025-03-22 12:13:46 - INFO - Logging initialized. Log file: pb2b/logs/bybit_scraper_20250322.log
2025-03-22 12:13:47 - INFO - DataSaver logging initialized. Log file: pb2b/logs/data_saver_20250322.log
2025-03-22 12:13:47 - INFO - Connected to SQLite database: pb2b/p2p_listings.db
2025-03-22 12:13:47 - INFO - Database tables created successfully
2025-03-22 12:13:47 - INFO - Attempt 1/10: Loading https://www.bybit.com/fiat/trade/otc?actionType=1&token=USDT&fiat=NGN
2025-03-22 12:13:58 - INFO - Screenshot saved as 'pb2b/screenshots/bybit_page_20250322_121358.png'
2025-03-22 12:13:58 - INFO - Fetching BUY listings for USDT/EUR
2025-03-22 12:13:59 - INFO - Data successfully saved to SQLite database. New listings - Bybit: 4, Binance: 6
2025-03-22 12:13:59 - INFO - Browser session closed
2025-03-22 12:13:59 - INFO - SQLite database connection closed
2025-03-22 12:52:36 - INFO - Logging initialized. Log file: pb2b/logs/bybit_scraper_20250322.log
2025-03-22 12:52:37 - INFO - DataSaver logging initialized. Log file: pb2b/logs/data_saver_20250322.log
2025-03-22 12:52:37 - INFO - Connected to SQLite database: pb2b/p2p_listings.db
2025-03-22 12:52:37 - INFO - Database tables created successfully
2025-03-22 12:52:37 - INFO - Attempt 1/10: Loading https://www.bybit.com/fiat/trade/otc?actionType=1&token=USDT&fiat=NGN
2025-03-22 12:52:46 - INFO - Screenshot saved as 'pb2b/screenshots/bybit_page_20250322_125246.png'
2025-03-22 12:52:47 - INFO - Fetching BUY listings for USDT/EUR
2025-03-22 12:52:47 - INFO - Data successfully saved to SQLite database. New listings - Bybit: 4, Binance: 6
2025-03-22 12:52:48 - INFO - Browser session closed
2025-03-22 12:52:48 - INFO - SQLite database connection closed
2025-03-22 13:20:00 - INFO - Logging initialized. Log file: pb2b/logs/bybit_scraper_20250322.log
2025-03-22 13:20:01 - INFO - DataSaver logging initialized. Log file: pb2b/logs/data_saver_20250322.log
2025-03-22 13:20:01 - INFO - Connected to SQLite database: pb2b/p2p_listings.db
2025-03-22 13:20:01 - INFO - Database tables created successfully
2025-03-22 13:20:01 - INFO - Attempt 1/10: Loading https://www.bybit.com/fiat/trade/otc?actionType=1&token=USDT&fiat=NGN
2025-03-22 13:20:11 - INFO - Screenshot saved as 'pb2b/screenshots/bybit_page_20250322_132010.png'
2025-03-22 13:20:11 - INFO - Fetching BUY listings for USDT/EUR
2025-03-22 13:20:12 - INFO - Data successfully saved to SQLite database. New listings - Bybit: 4, Binance: 6
2025-03-22 13:20:12 - INFO - Browser session closed
2025-03-22 13:20:12 - INFO - SQLite database connection closed
2025-03-22 13:35:02 - INFO - Logging initialized. Log file: pb2b/logs/bybit_scraper_20250322.log
2025-03-22 13:35:02 - INFO - DataSaver logging initialized. Log file: pb2b/logs/data_saver_20250322.log
2025-03-22 13:35:02 - INFO - Connected to SQLite database: pb2b/p2p_listings.db
2025-03-22 13:35:02 - INFO - Database tables created successfully
2025-03-22 13:35:02 - INFO - Attempt 1/10: Loading https://www.bybit.com/fiat/trade/otc?actionType=1&token=USDT&fiat=NGN
2025-03-22 13:35:11 - INFO - Screenshot saved as 'pb2b/screenshots/bybit_page_20250322_133511.png'
2025-03-22 13:35:12 - INFO - Fetching BUY listings for USDT/EUR
2025-03-22 13:35:12 - INFO - Data successfully saved to SQLite database. New listings - Bybit: 4, Binance: 6
2025-03-22 13:35:12 - INFO - Browser session closed
2025-03-22 13:35:12 - INFO - SQLite database connection closed
2025-03-22 13:48:20 - INFO - Logging initialized. Log file: pb2b/logs/bybit_scraper_20250322.log
2025-03-22 13:48:22 - INFO - DataSaver logging initialized. Log file: pb2b/logs/data_saver_20250322.log
2025-03-22 13:48:22 - INFO - Connected to SQLite database: pb2b/p2p_listings.db
2025-03-22 13:48:22 - INFO - Database tables created successfully
2025-03-22 13:48:22 - INFO - Attempt 1/10: Loading https://www.bybit.com/fiat/trade/otc?actionType=1&token=USDT&fiat=NGN
2025-03-22 13:48:31 - INFO - Screenshot saved as 'pb2b/screenshots/bybit_page_20250322_134831.png'
2025-03-22 13:48:31 - INFO - Fetching BUY listings for USDT/EUR
2025-03-22 13:48:32 - INFO - Data successfully saved to SQLite database. New listings - Bybit: 4, Binance: 6
2025-03-22 13:48:32 - INFO - Browser session closed
2025-03-22 13:48:32 - INFO - SQLite database connection closed
2025-03-22 14:01:23 - INFO - Logging initialized. Log file: pb2b/logs/bybit_scraper_20250322.log
2025-03-22 14:01:24 - INFO - DataSaver logging initialized. Log file: pb2b/logs/data_saver_20250322.log
2025-03-22 14:01:24 - INFO - Connected to SQLite database: pb2b/p2p_listings.db
2025-03-22 14:01:24 - INFO - Database tables created successfully
2025-03-22 14:01:24 - INFO - Attempt 1/10: Loading https://www.bybit.com/fiat/trade/otc?actionType=1&token=USDT&fiat=NGN
2025-03-22 14:01:32 - INFO - Screenshot saved as 'pb2b/screenshots/bybit_page_20250322_140132.png'
2025-03-22 14:01:33 - INFO - Fetching BUY listings for USDT/EUR
2025-03-22 14:01:33 - INFO - Data successfully saved to SQLite database. New listings - Bybit: 4, Binance: 6
2025-03-22 14:01:34 - INFO - Browser session closed
2025-03-22 14:01:34 - INFO - SQLite database connection closed
2025-03-22 14:26:59 - INFO - Logging initialized. Log file: pb2b/logs/bybit_scraper_20250322.log
2025-03-22 14:27:00 - INFO - DataSaver logging initialized. Log file: pb2b/logs/data_saver_20250322.log
2025-03-22 14:27:00 - INFO - Connected to SQLite database: pb2b/p2p_listings.db
2025-03-22 14:27:00 - INFO - Database tables created successfully
2025-03-22 14:27:00 - INFO - Attempt 1/10: Loading https://www.bybit.com/fiat/trade/otc?actionType=1&token=USDT&fiat=NGN
2025-03-22 14:27:09 - INFO - Screenshot saved as 'pb2b/screenshots/bybit_page_20250322_142708.png'
2025-03-22 14:27:09 - INFO - Fetching BUY listings for USDT/EUR
2025-03-22 14:27:10 - INFO - Data successfully saved to SQLite database. New listings - Bybit: 4, Binance: 6
2025-03-22 14:27:10 - INFO - Browser session closed
2025-03-22 14:27:10 - INFO - SQLite database connection closed
2025-03-22 14:42:07 - INFO - Logging initialized. Log file: pb2b/logs/bybit_scraper_20250322.log
2025-03-22 14:42:07 - INFO - DataSaver logging initialized. Log file: pb2b/logs/data_saver_20250322.log
2025-03-22 14:42:07 - INFO - Connected to SQLite database: pb2b/p2p_listings.db
2025-03-22 14:42:07 - INFO - Database tables created successfully
2025-03-22 14:42:07 - INFO - Attempt 1/10: Loading https://www.bybit.com/fiat/trade/otc?actionType=1&token=USDT&fiat=NGN
2025-03-22 14:42:16 - INFO - Screenshot saved as 'pb2b/screenshots/bybit_page_20250322_144216.png'
2025-03-22 14:42:17 - INFO - Fetching BUY listings for USDT/EUR
2025-03-22 14:42:17 - INFO - Data successfully saved to SQLite database. New listings - Bybit: 4, Binance: 6
2025-03-22 14:42:17 - INFO - Browser session closed
2025-03-22 14:42:17 - INFO - SQLite database connection closed
2025-03-22 14:55:15 - INFO - Logging initialized. Log file: pb2b/logs/bybit_scraper_20250322.log
2025-03-22 14:55:17 - INFO - DataSaver logging initialized. Log file: pb2b/logs/data_saver_20250322.log
2025-03-22 14:55:17 - INFO - Connected to SQLite database: pb2b/p2p_listings.db
2025-03-22 14:55:17 - INFO - Database tables created successfully
2025-03-22 14:55:17 - INFO - Attempt 1/10: Loading https://www.bybit.com/fiat/trade/otc?actionType=1&token=USDT&fiat=NGN
2025-03-22 14:55:27 - INFO - Screenshot saved as 'pb2b/screenshots/bybit_page_20250322_145527.png'
2025-03-22 14:55:27 - INFO - Fetching BUY listings for USDT/EUR
2025-03-22 14:55:28 - INFO - Data successfully saved to SQLite database. New listings - Bybit: 4, Binance: 6
2025-03-22 14:55:28 - INFO - Browser session closed
2025-03-22 14:55:28 - INFO - SQLite database connection closed
2025-03-22 15:21:26 - INFO - Logging initialized. Log file: pb2b/logs/bybit_scraper_20250322.log
2025-03-22 15:21:27 - INFO - DataSaver logging initialized. Log file: pb2b/logs/data_saver_20250322.log
2025-03-22 15:21:27 - INFO - Connected to SQLite database: pb2b/p2p_listings.db
2025-03-22 15:21:27 - INFO - Database tables created successfully
2025-03-22 15:21:27 - INFO - Attempt 1/10: Loading https://www.bybit.com/fiat/trade/otc?actionType=1&token=USDT&fiat=NGN
2025-03-22 15:21:36 - INFO - Screenshot saved as 'pb2b/screenshots/bybit_page_20250322_152136.png'
2025-03-22 15:21:36 - INFO - Fetching BUY listings for USDT/EUR
2025-03-22 15:21:37 - INFO - Data successfully saved to SQLite database. New listings - Bybit: 4, Binance: 6
2025-03-22 15:21:37 - INFO - Browser session closed
2025-03-22 15:21:37 - INFO - SQLite database connection closed
2025-03-22 15:34:45 - INFO - Logging initialized. Log file: pb2b/logs/bybit_scraper_20250322.log
2025-03-22 15:34:46 - INFO - DataSaver logging initialized. Log file: pb2b/logs/data_saver_20250322.log
2025-03-22 15:34:46 - INFO - Connected to SQLite database: pb2b/p2p_listings.db
2025-03-22 15:34:46 - INFO - Database tables created successfully
2025-03-22 15:34:46 - INFO - Attempt 1/10: Loading https://www.bybit.com/fiat/trade/otc?actionType=1&token=USDT&fiat=NGN
2025-03-22 15:34:55 - INFO - Screenshot saved as 'pb2b/screenshots/bybit_page_20250322_153455.png'
2025-03-22 15:34:56 - INFO - Fetching BUY listings for USDT/EUR
2025-03-22 15:34:57 - INFO - Data successfully saved to SQLite database. New listings - Bybit: 4, Binance: 6
2025-03-22 15:34:57 - INFO - Browser session closed
2025-03-22 15:34:57 - INFO - SQLite database connection closed
2025-03-22 15:48:08 - INFO - Logging initialized. Log file: pb2b/logs/bybit_scraper_20250322.log
2025-03-22 15:48:09 - INFO - DataSaver logging initialized. Log file: pb2b/logs/data_saver_20250322.log
2025-03-22 15:48:09 - INFO - Connected to SQLite database: pb2b/p2p_listings.db
2025-03-22 15:48:09 - INFO - Database tables created successfully
2025-03-22 15:48:09 - INFO - Attempt 1/10: Loading https://www.bybit.com/fiat/trade/otc?actionType=1&token=USDT&fiat=NGN
2025-03-22 15:48:19 - INFO - Screenshot saved as 'pb2b/screenshots/bybit_page_20250322_154819.png'
2025-03-22 15:48:19 - INFO - Fetching BUY listings for USDT/EUR
2025-03-22 15:48:20 - INFO - Data successfully saved to SQLite database. New listings - Bybit: 4, Binance: 6
2025-03-22 15:48:20 - INFO - Browser session closed
2025-03-22 15:48:20 - INFO - SQLite database connection closed
2025-03-22 16:00:59 - INFO - Logging initialized. Log file: pb2b/logs/bybit_scraper_20250322.log
2025-03-22 16:00:59 - INFO - DataSaver logging initialized. Log file: pb2b/logs/data_saver_20250322.log
2025-03-22 16:00:59 - INFO - Connected to SQLite database: pb2b/p2p_listings.db
2025-03-22 16:00:59 - INFO - Database tables created successfully
2025-03-22 16:00:59 - INFO - Attempt 1/10: Loading https://www.bybit.com/fiat/trade/otc?actionType=1&token=USDT&fiat=NGN
2025-03-22 16:01:10 - INFO - Screenshot saved as 'pb2b/screenshots/bybit_page_20250322_160110.png'
2025-03-22 16:01:10 - INFO - Fetching BUY listings for USDT/EUR
2025-03-22 16:01:11 - INFO - Data successfully saved to SQLite database. New listings - Bybit: 4, Binance: 6
2025-03-22 16:01:11 - INFO - Browser session closed
2025-03-22 16:01:11 - INFO - SQLite database connection closed
2025-03-22 16:31:31 - INFO - Logging initialized. Log file: pb2b/logs/bybit_scraper_20250322.log
2025-03-22 16:31:32 - INFO - DataSaver logging initialized. Log file: pb2b/logs/data_saver_20250322.log
2025-03-22 16:31:32 - INFO - Connected to SQLite database: pb2b/p2p_listings.db
2025-03-22 16:31:32 - INFO - Database tables created successfully
2025-03-22 16:31:32 - INFO - Attempt 1/10: Loading https://www.bybit.com/fiat/trade/otc?actionType=1&token=USDT&fiat=NGN
2025-03-22 16:31:42 - INFO - Screenshot saved as 'pb2b/screenshots/bybit_page_20250322_163141.png'
2025-03-22 16:31:42 - INFO - Fetching BUY listings for USDT/EUR
2025-03-22 16:31:43 - INFO - Data successfully saved to SQLite database. New listings - Bybit: 4, Binance: 6
2025-03-22 16:31:43 - INFO - Browser session closed
2025-03-22 16:31:43 - INFO - SQLite database connection closed
2025-03-22 16:47:51 - INFO - Logging initialized. Log file: pb2b/logs/bybit_scraper_20250322.log
2025-03-22 16:47:52 - INFO - DataSaver logging initialized. Log file: pb2b/logs/data_saver_20250322.log
2025-03-22 16:47:52 - INFO - Connected to SQLite database: pb2b/p2p_listings.db
2025-03-22 16:47:52 - INFO - Database tables created successfully
2025-03-22 16:47:52 - INFO - Attempt 1/10: Loading https://www.bybit.com/fiat/trade/otc?actionType=1&token=USDT&fiat=NGN
2025-03-22 16:48:02 - INFO - Screenshot saved as 'pb2b/screenshots/bybit_page_20250322_164802.png'
2025-03-22 16:48:02 - INFO - Fetching BUY listings for USDT/EUR
2025-03-22 16:48:03 - INFO - Data successfully saved to SQLite database. New listings - Bybit: 4, Binance: 6
2025-03-22 16:48:03 - INFO - Browser session closed
2025-03-22 16:48:03 - INFO - SQLite database connection closed
2025-03-22 17:00:13 - INFO - Logging initialized. Log file: pb2b/logs/bybit_scraper_20250322.log
2025-03-22 17:00:14 - INFO - DataSaver logging initialized. Log file: pb2b/logs/data_saver_20250322.log
2025-03-22 17:00:14 - INFO - Connected to SQLite database: pb2b/p2p_listings.db
2025-03-22 17:00:14 - INFO - Database tables created successfully
2025-03-22 17:00:14 - INFO - Attempt 1/10: Loading https://www.bybit.com/fiat/trade/otc?actionType=1&token=USDT&fiat=NGN
2025-03-22 17:00:24 - INFO - Screenshot saved as 'pb2b/screenshots/bybit_page_20250322_170024.png'
2025-03-22 17:00:24 - INFO - Fetching BUY listings for USDT/EUR
2025-03-22 17:00:25 - INFO - Data successfully saved to SQLite database. New listings - Bybit: 4, Binance: 6
2025-03-22 17:00:25 - INFO - Browser session closed
2025-03-22 17:00:25 - INFO - SQLite database connection closed
2025-03-22 17:24:35 - INFO - Logging initialized. Log file: pb2b/logs/bybit_scraper_20250322.log
2025-03-22 17:24:36 - INFO - DataSaver logging initialized. Log file: pb2b/logs/data_saver_20250322.log
2025-03-22 17:24:36 - INFO - Connected to SQLite database: pb2b/p2p_listings.db
2025-03-22 17:24:36 - INFO - Database tables created successfully
2025-03-22 17:24:36 - INFO - Attempt 1/10: Loading https://www.bybit.com/fiat/trade/otc?actionType=1&token=USDT&fiat=NGN
2025-03-22 17:24:46 - INFO - Screenshot saved as 'pb2b/screenshots/bybit_page_20250322_172446.png'
2025-03-22 17:24:47 - INFO - Fetching BUY listings for USDT/EUR
2025-03-22 17:24:48 - INFO - Data successfully saved to SQLite database. New listings - Bybit: 4, Binance: 6
2025-03-22 17:24:48 - INFO - Browser session closed
2025-03-22 17:24:48 - INFO - SQLite database connection closed
2025-03-22 17:37:15 - INFO - Logging initialized. Log file: pb2b/logs/bybit_scraper_20250322.log
2025-03-22 17:37:15 - INFO - DataSaver logging initialized. Log file: pb2b/logs/data_saver_20250322.log
2025-03-22 17:37:15 - INFO - Connected to SQLite database: pb2b/p2p_listings.db
2025-03-22 17:37:15 - INFO - Database tables created successfully
2025-03-22 17:37:15 - INFO - Attempt 1/10: Loading https://www.bybit.com/fiat/trade/otc?actionType=1&token=USDT&fiat=NGN
2025-03-22 17:37:24 - INFO - Screenshot saved as 'pb2b/screenshots/bybit_page_20250322_173724.png'
2025-03-22 17:37:24 - INFO - Fetching BUY listings for USDT/EUR
2025-03-22 17:37:25 - INFO - Data successfully saved to SQLite database. New listings - Bybit: 4, Binance: 6
2025-03-22 17:37:25 - INFO - Browser session closed
2025-03-22 17:37:25 - INFO - SQLite database connection closed
2025-03-22 17:50:33 - INFO - Logging initialized. Log file: pb2b/logs/bybit_scraper_20250322.log
2025-03-22 17:50:33 - INFO - DataSaver logging initialized. Log file: pb2b/logs/data_saver_20250322.log
2025-03-22 17:50:33 - INFO - Connected to SQLite database: pb2b/p2p_listings.db
2025-03-22 17:50:33 - INFO - Database tables created successfully
2025-03-22 17:50:33 - INFO - Attempt 1/10: Loading https://www.bybit.com/fiat/trade/otc?actionType=1&token=USDT&fiat=NGN
2025-03-22 17:50:43 - INFO - Screenshot saved as 'pb2b/screenshots/bybit_page_20250322_175043.png'
2025-03-22 17:50:43 - INFO - Fetching BUY listings for USDT/EUR
2025-03-22 17:50:44 - INFO - Data successfully saved to SQLite database. New listings - Bybit: 4, Binance: 6
2025-03-22 17:50:44 - INFO - Browser session closed
2025-03-22 17:50:44 - INFO - SQLite database connection closed
2025-03-22 18:16:25 - INFO - Logging initialized. Log file: pb2b/logs/bybit_scraper_20250322.log
2025-03-22 18:16:26 - INFO - DataSaver logging initialized. Log file: pb2b/logs/data_saver_20250322.log
2025-03-22 18:16:26 - INFO - Connected to SQLite database: pb2b/p2p_listings.db
2025-03-22 18:16:26 - INFO - Database tables created successfully
2025-03-22 18:16:26 - INFO - Attempt 1/10: Loading https://www.bybit.com/fiat/trade/otc?actionType=1&token=USDT&fiat=NGN
2025-03-22 18:16:36 - INFO - Screenshot saved as 'pb2b/screenshots/bybit_page_20250322_181636.png'
2025-03-22 18:16:37 - INFO - Fetching BUY listings for USDT/EUR
2025-03-22 18:16:37 - INFO - Data successfully saved to SQLite database. New listings - Bybit: 4, Binance: 6
2025-03-22 18:16:37 - INFO - Browser session closed
2025-03-22 18:16:37 - INFO - SQLite database connection closed
2025-03-22 18:39:35 - INFO - Logging initialized. Log file: pb2b/logs/bybit_scraper_20250322.log
2025-03-22 18:39:37 - INFO - DataSaver logging initialized. Log file: pb2b/logs/data_saver_20250322.log
2025-03-22 18:39:37 - INFO - Connected to SQLite database: pb2b/p2p_listings.db
2025-03-22 18:39:37 - INFO - Database tables created successfully
2025-03-22 18:39:37 - INFO - Attempt 1/10: Loading https://www.bybit.com/fiat/trade/otc?actionType=1&token=USDT&fiat=NGN
2025-03-22 18:39:46 - INFO - Screenshot saved as 'pb2b/screenshots/bybit_page_20250322_183946.png'
2025-03-22 18:39:47 - INFO - Fetching BUY listings for USDT/EUR
2025-03-22 18:39:47 - INFO - Data successfully saved to SQLite database. New listings - Bybit: 4, Binance: 6
2025-03-22 18:39:47 - INFO - Browser session closed
2025-03-22 18:39:47 - INFO - SQLite database connection closed
2025-03-22 18:53:11 - INFO - Logging initialized. Log file: pb2b/logs/bybit_scraper_20250322.log
2025-03-22 18:53:12 - INFO - DataSaver logging initialized. Log file: pb2b/logs/data_saver_20250322.log
2025-03-22 18:53:12 - INFO - Connected to SQLite database: pb2b/p2p_listings.db
2025-03-22 18:53:12 - INFO - Database tables created successfully
2025-03-22 18:53:12 - INFO - Attempt 1/10: Loading https://www.bybit.com/fiat/trade/otc?actionType=1&token=USDT&fiat=NGN
2025-03-22 18:53:23 - INFO - Screenshot saved as 'pb2b/screenshots/bybit_page_20250322_185323.png'
2025-03-22 18:53:23 - INFO - Fetching BUY listings for USDT/EUR
2025-03-22 18:53:24 - INFO - Data successfully saved to SQLite database. New listings - Bybit: 4, Binance: 6
2025-03-22 18:53:24 - INFO - Browser session closed
2025-03-22 18:53:24 - INFO - SQLite database connection closed
2025-03-22 19:12:37 - INFO - Logging initialized. Log file: pb2b/logs/bybit_scraper_20250322.log
2025-03-22 19:12:37 - INFO - DataSaver logging initialized. Log file: pb2b/logs/data_saver_20250322.log
2025-03-22 19:12:37 - INFO - Connected to SQLite database: pb2b/p2p_listings.db
2025-03-22 19:12:37 - INFO - Database tables created successfully
2025-03-22 19:12:37 - INFO - Attempt 1/10: Loading https://www.bybit.com/fiat/trade/otc?actionType=1&token=USDT&fiat=NGN
2025-03-22 19:12:46 - INFO - Screenshot saved as 'pb2b/screenshots/bybit_page_20250322_191246.png'
2025-03-22 19:12:47 - INFO - Fetching BUY listings for USDT/EUR
2025-03-22 19:12:47 - INFO - Data successfully saved to SQLite database. New listings - Bybit: 4, Binance: 6
2025-03-22 19:12:47 - INFO - Browser session closed
2025-03-22 19:12:47 - INFO - SQLite database connection closed
2025-03-22 19:26:23 - INFO - Logging initialized. Log file: pb2b/logs/bybit_scraper_20250322.log
2025-03-22 19:26:24 - INFO - DataSaver logging initialized. Log file: pb2b/logs/data_saver_20250322.log
2025-03-22 19:26:24 - INFO - Connected to SQLite database: pb2b/p2p_listings.db
2025-03-22 19:26:24 - INFO - Database tables created successfully
2025-03-22 19:26:24 - INFO - Attempt 1/10: Loading https://www.bybit.com/fiat/trade/otc?actionType=1&token=USDT&fiat=NGN
2025-03-22 19:26:33 - INFO - Screenshot saved as 'pb2b/screenshots/bybit_page_20250322_192633.png'
2025-03-22 19:26:33 - INFO - Fetching BUY listings for USDT/EUR
2025-03-22 19:26:34 - INFO - Data successfully saved to SQLite database. New listings - Bybit: 4, Binance: 6
2025-03-22 19:26:34 - INFO - Browser session closed
2025-03-22 19:26:34 - INFO - SQLite database connection closed
2025-03-22 19:39:46 - INFO - Logging initialized. Log file: pb2b/logs/bybit_scraper_20250322.log
2025-03-22 19:39:46 - INFO - DataSaver logging initialized. Log file: pb2b/logs/data_saver_20250322.log
2025-03-22 19:39:46 - INFO - Connected to SQLite database: pb2b/p2p_listings.db
2025-03-22 19:39:46 - INFO - Database tables created successfully
2025-03-22 19:39:46 - INFO - Attempt 1/10: Loading https://www.bybit.com/fiat/trade/otc?actionType=1&token=USDT&fiat=NGN
2025-03-22 19:39:55 - INFO - Screenshot saved as 'pb2b/screenshots/bybit_page_20250322_193955.png'
2025-03-22 19:39:55 - INFO - Fetching BUY listings for USDT/EUR
2025-03-22 19:39:56 - INFO - Data successfully saved to SQLite database. New listings - Bybit: 4, Binance: 6
2025-03-22 19:39:56 - INFO - Browser session closed
2025-03-22 19:39:56 - INFO - SQLite database connection closed
2025-03-22 19:53:48 - INFO - Logging initialized. Log file: pb2b/logs/bybit_scraper_20250322.log
2025-03-22 19:53:49 - INFO - DataSaver logging initialized. Log file: pb2b/logs/data_saver_20250322.log
2025-03-22 19:53:49 - INFO - Connected to SQLite database: pb2b/p2p_listings.db
2025-03-22 19:53:49 - INFO - Database tables created successfully
2025-03-22 19:53:49 - INFO - Attempt 1/10: Loading https://www.bybit.com/fiat/trade/otc?actionType=1&token=USDT&fiat=NGN
2025-03-22 19:53:58 - INFO - Screenshot saved as 'pb2b/screenshots/bybit_page_20250322_195358.png'
2025-03-22 19:53:58 - INFO - Fetching BUY listings for USDT/EUR
2025-03-22 19:53:59 - INFO - Data successfully saved to SQLite database. New listings - Bybit: 4, Binance: 6
2025-03-22 19:53:59 - INFO - Browser session closed
2025-03-22 19:53:59 - INFO - SQLite database connection closed
2025-03-22 20:19:13 - INFO - Logging initialized. Log file: pb2b/logs/bybit_scraper_20250322.log
2025-03-22 20:19:15 - INFO - DataSaver logging initialized. Log file: pb2b/logs/data_saver_20250322.log
2025-03-22 20:19:15 - INFO - Connected to SQLite database: pb2b/p2p_listings.db
2025-03-22 20:19:15 - INFO - Database tables created successfully
2025-03-22 20:19:15 - INFO - Attempt 1/10: Loading https://www.bybit.com/fiat/trade/otc?actionType=1&token=USDT&fiat=NGN
2025-03-22 20:19:24 - INFO - Screenshot saved as 'pb2b/screenshots/bybit_page_20250322_201924.png'
2025-03-22 20:19:24 - INFO - Fetching BUY listings for USDT/EUR
2025-03-22 20:19:25 - INFO - Data successfully saved to SQLite database. New listings - Bybit: 4, Binance: 6
2025-03-22 20:19:25 - INFO - Browser session closed
2025-03-22 20:19:25 - INFO - SQLite database connection closed
2025-03-22 20:33:48 - INFO - Logging initialized. Log file: pb2b/logs/bybit_scraper_20250322.log
2025-03-22 20:33:48 - INFO - DataSaver logging initialized. Log file: pb2b/logs/data_saver_20250322.log
2025-03-22 20:33:48 - INFO - Connected to SQLite database: pb2b/p2p_listings.db
2025-03-22 20:33:48 - INFO - Database tables created successfully
2025-03-22 20:33:48 - INFO - Attempt 1/10: Loading https://www.bybit.com/fiat/trade/otc?actionType=1&token=USDT&fiat=NGN
2025-03-22 20:33:57 - INFO - Screenshot saved as 'pb2b/screenshots/bybit_page_20250322_203357.png'
2025-03-22 20:33:57 - INFO - Fetching BUY listings for USDT/EUR
2025-03-22 20:33:58 - INFO - Data successfully saved to SQLite database. New listings - Bybit: 4, Binance: 6
2025-03-22 20:33:59 - INFO - Browser session closed
2025-03-22 20:33:59 - INFO - SQLite database connection closed
2025-03-22 20:46:55 - INFO - Logging initialized. Log file: pb2b/logs/bybit_scraper_20250322.log
2025-03-22 20:46:55 - INFO - DataSaver logging initialized. Log file: pb2b/logs/data_saver_20250322.log
2025-03-22 20:46:55 - INFO - Connected to SQLite database: pb2b/p2p_listings.db
2025-03-22 20:46:55 - INFO - Database tables created successfully
2025-03-22 20:46:55 - INFO - Attempt 1/10: Loading https://www.bybit.com/fiat/trade/otc?actionType=1&token=USDT&fiat=NGN
2025-03-22 20:47:04 - INFO - Screenshot saved as 'pb2b/screenshots/bybit_page_20250322_204704.png'
2025-03-22 20:47:05 - INFO - Fetching BUY listings for USDT/EUR
2025-03-22 20:47:05 - INFO - Data successfully saved to SQLite database. New listings - Bybit: 4, Binance: 6
2025-03-22 20:47:05 - INFO - Browser session closed
2025-03-22 20:47:05 - INFO - SQLite database connection closed
2025-03-22 21:00:15 - INFO - Logging initialized. Log file: pb2b/logs/bybit_scraper_20250322.log
2025-03-22 21:00:16 - INFO - DataSaver logging initialized. Log file: pb2b/logs/data_saver_20250322.log
2025-03-22 21:00:16 - INFO - Connected to SQLite database: pb2b/p2p_listings.db
2025-03-22 21:00:16 - INFO - Database tables created successfully
2025-03-22 21:00:16 - INFO - Attempt 1/10: Loading https://www.bybit.com/fiat/trade/otc?actionType=1&token=USDT&fiat=NGN
2025-03-22 21:00:26 - INFO - Screenshot saved as 'pb2b/screenshots/bybit_page_20250322_210025.png'
2025-03-22 21:00:26 - INFO - Fetching BUY listings for USDT/EUR
2025-03-22 21:00:27 - INFO - Data successfully saved to SQLite database. New listings - Bybit: 4, Binance: 6
2025-03-22 21:00:27 - INFO - Browser session closed
2025-03-22 21:00:27 - INFO - SQLite database connection closed
2025-03-22 21:23:46 - INFO - Logging initialized. Log file: pb2b/logs/bybit_scraper_20250322.log
2025-03-22 21:23:47 - INFO - DataSaver logging initialized. Log file: pb2b/logs/data_saver_20250322.log
2025-03-22 21:23:47 - INFO - Connected to SQLite database: pb2b/p2p_listings.db
2025-03-22 21:23:47 - INFO - Database tables created successfully
2025-03-22 21:23:47 - INFO - Attempt 1/10: Loading https://www.bybit.com/fiat/trade/otc?actionType=1&token=USDT&fiat=NGN
2025-03-22 21:23:57 - INFO - Screenshot saved as 'pb2b/screenshots/bybit_page_20250322_212357.png'
2025-03-22 21:23:58 - INFO - Fetching BUY listings for USDT/EUR
2025-03-22 21:23:58 - INFO - Data successfully saved to SQLite database. New listings - Bybit: 4, Binance: 6
2025-03-22 21:23:58 - INFO - Browser session closed
2025-03-22 21:23:58 - INFO - SQLite database connection closed
2025-03-22 21:37:26 - INFO - Logging initialized. Log file: pb2b/logs/bybit_scraper_20250322.log
2025-03-22 21:37:26 - INFO - DataSaver logging initialized. Log file: pb2b/logs/data_saver_20250322.log
2025-03-22 21:37:26 - INFO - Connected to SQLite database: pb2b/p2p_listings.db
2025-03-22 21:37:26 - INFO - Database tables created successfully
2025-03-22 21:37:26 - INFO - Attempt 1/10: Loading https://www.bybit.com/fiat/trade/otc?actionType=1&token=USDT&fiat=NGN
2025-03-22 21:37:35 - INFO - Screenshot saved as 'pb2b/screenshots/bybit_page_20250322_213735.png'
2025-03-22 21:37:35 - INFO - Fetching BUY listings for USDT/EUR
2025-03-22 21:37:36 - INFO - Data successfully saved to SQLite database. New listings - Bybit: 4, Binance: 6
2025-03-22 21:37:36 - INFO - Browser session closed
2025-03-22 21:37:36 - INFO - SQLite database connection closed
2025-03-22 21:50:28 - INFO - Logging initialized. Log file: pb2b/logs/bybit_scraper_20250322.log
2025-03-22 21:50:30 - INFO - DataSaver logging initialized. Log file: pb2b/logs/data_saver_20250322.log
2025-03-22 21:50:30 - INFO - Connected to SQLite database: pb2b/p2p_listings.db
2025-03-22 21:50:30 - INFO - Database tables created successfully
2025-03-22 21:50:30 - INFO - Attempt 1/10: Loading https://www.bybit.com/fiat/trade/otc?actionType=1&token=USDT&fiat=NGN
2025-03-22 21:50:40 - INFO - Screenshot saved as 'pb2b/screenshots/bybit_page_20250322_215039.png'
2025-03-22 21:50:40 - INFO - Fetching BUY listings for USDT/EUR
2025-03-22 21:50:40 - INFO - Data successfully saved to SQLite database. New listings - Bybit: 4, Binance: 6
2025-03-22 21:50:40 - INFO - Browser session closed
2025-03-22 21:50:40 - INFO - SQLite database connection closed
