2025-07-21 00:03:51 - INFO - Logging initialized. Log file: pb2b/logs/bybit_scraper_20250721.log
2025-07-21 00:03:52 - INFO - DataSaver logging initialized. Log file: pb2b/logs/data_saver_20250721.log
2025-07-21 00:03:52 - INFO - Connected to SQLite database: pb2b/p2p_listings.db
2025-07-21 00:03:52 - INFO - Database tables created successfully
2025-07-21 00:03:52 - INFO - Attempt 1/10: Loading https://www.bybit.com/fiat/trade/otc?actionType=1&token=USDT&fiat=NGN
2025-07-21 00:04:03 - INFO - Screenshot saved as 'pb2b/screenshots/bybit_page_20250721_000402.png'
2025-07-21 00:04:03 - INFO - Fetching BUY listings for USDT/EUR
2025-07-21 00:04:04 - INFO - Data successfully saved to SQLite database. New listings - Bybit: 4, Binance: 6
2025-07-21 00:04:04 - INFO - Browser session closed
2025-07-21 00:04:04 - INFO - SQLite database connection closed
2025-07-21 02:36:21 - INFO - Logging initialized. Log file: pb2b/logs/bybit_scraper_20250721.log
2025-07-21 02:36:22 - INFO - DataSaver logging initialized. Log file: pb2b/logs/data_saver_20250721.log
2025-07-21 02:36:22 - INFO - Connected to SQLite database: pb2b/p2p_listings.db
2025-07-21 02:36:22 - INFO - Database tables created successfully
2025-07-21 02:36:22 - INFO - Attempt 1/10: Loading https://www.bybit.com/fiat/trade/otc?actionType=1&token=USDT&fiat=NGN
2025-07-21 02:36:31 - INFO - Screenshot saved as 'pb2b/screenshots/bybit_page_20250721_023630.png'
2025-07-21 02:36:31 - INFO - Fetching BUY listings for USDT/EUR
2025-07-21 02:36:32 - INFO - Data successfully saved to SQLite database. New listings - Bybit: 4, Binance: 6
2025-07-21 02:36:32 - INFO - Browser session closed
2025-07-21 02:36:32 - INFO - SQLite database connection closed
2025-07-21 03:58:52 - INFO - Logging initialized. Log file: pb2b/logs/bybit_scraper_20250721.log
2025-07-21 03:58:52 - INFO - DataSaver logging initialized. Log file: pb2b/logs/data_saver_20250721.log
2025-07-21 03:58:52 - INFO - Connected to SQLite database: pb2b/p2p_listings.db
2025-07-21 03:58:52 - INFO - Database tables created successfully
2025-07-21 03:58:52 - INFO - Attempt 1/10: Loading https://www.bybit.com/fiat/trade/otc?actionType=1&token=USDT&fiat=NGN
2025-07-21 03:59:03 - INFO - Screenshot saved as 'pb2b/screenshots/bybit_page_20250721_035903.png'
2025-07-21 03:59:03 - INFO - Fetching BUY listings for USDT/EUR
2025-07-21 03:59:04 - INFO - Data successfully saved to SQLite database. New listings - Bybit: 4, Binance: 6
2025-07-21 03:59:04 - INFO - Browser session closed
2025-07-21 03:59:04 - INFO - SQLite database connection closed
2025-07-21 04:53:01 - INFO - Logging initialized. Log file: pb2b/logs/bybit_scraper_20250721.log
2025-07-21 04:53:02 - INFO - DataSaver logging initialized. Log file: pb2b/logs/data_saver_20250721.log
2025-07-21 04:53:02 - INFO - Connected to SQLite database: pb2b/p2p_listings.db
2025-07-21 04:53:02 - INFO - Database tables created successfully
2025-07-21 04:53:02 - INFO - Attempt 1/10: Loading https://www.bybit.com/fiat/trade/otc?actionType=1&token=USDT&fiat=NGN
2025-07-21 04:53:12 - INFO - Screenshot saved as 'pb2b/screenshots/bybit_page_20250721_045311.png'
2025-07-21 04:53:12 - INFO - Fetching BUY listings for USDT/EUR
2025-07-21 04:53:13 - INFO - Data successfully saved to SQLite database. New listings - Bybit: 4, Binance: 6
2025-07-21 04:53:13 - INFO - Browser session closed
2025-07-21 04:53:13 - INFO - SQLite database connection closed
2025-07-21 05:26:49 - INFO - Logging initialized. Log file: pb2b/logs/bybit_scraper_20250721.log
2025-07-21 05:26:50 - INFO - DataSaver logging initialized. Log file: pb2b/logs/data_saver_20250721.log
2025-07-21 05:26:50 - INFO - Connected to SQLite database: pb2b/p2p_listings.db
2025-07-21 05:26:50 - INFO - Database tables created successfully
2025-07-21 05:26:50 - INFO - Attempt 1/10: Loading https://www.bybit.com/fiat/trade/otc?actionType=1&token=USDT&fiat=NGN
2025-07-21 05:26:59 - INFO - Screenshot saved as 'pb2b/screenshots/bybit_page_20250721_052659.png'
2025-07-21 05:26:59 - INFO - Fetching BUY listings for USDT/EUR
2025-07-21 05:27:00 - INFO - Data successfully saved to SQLite database. New listings - Bybit: 4, Binance: 6
2025-07-21 05:27:00 - INFO - Browser session closed
2025-07-21 05:27:00 - INFO - SQLite database connection closed
2025-07-21 05:53:29 - INFO - Logging initialized. Log file: pb2b/logs/bybit_scraper_20250721.log
2025-07-21 05:53:30 - INFO - DataSaver logging initialized. Log file: pb2b/logs/data_saver_20250721.log
2025-07-21 05:53:30 - INFO - Connected to SQLite database: pb2b/p2p_listings.db
2025-07-21 05:53:30 - INFO - Database tables created successfully
2025-07-21 05:53:30 - INFO - Attempt 1/10: Loading https://www.bybit.com/fiat/trade/otc?actionType=1&token=USDT&fiat=NGN
2025-07-21 05:53:39 - INFO - Screenshot saved as 'pb2b/screenshots/bybit_page_20250721_055339.png'
2025-07-21 05:53:39 - INFO - Fetching BUY listings for USDT/EUR
2025-07-21 05:53:40 - INFO - Data successfully saved to SQLite database. New listings - Bybit: 4, Binance: 6
2025-07-21 05:53:40 - INFO - Browser session closed
2025-07-21 05:53:40 - INFO - SQLite database connection closed
2025-07-21 06:29:58 - INFO - Logging initialized. Log file: pb2b/logs/bybit_scraper_20250721.log
2025-07-21 06:29:59 - INFO - DataSaver logging initialized. Log file: pb2b/logs/data_saver_20250721.log
2025-07-21 06:29:59 - INFO - Connected to SQLite database: pb2b/p2p_listings.db
2025-07-21 06:29:59 - INFO - Database tables created successfully
2025-07-21 06:29:59 - INFO - Attempt 1/10: Loading https://www.bybit.com/fiat/trade/otc?actionType=1&token=USDT&fiat=NGN
2025-07-21 06:30:09 - INFO - Screenshot saved as 'pb2b/screenshots/bybit_page_20250721_063009.png'
2025-07-21 06:30:10 - INFO - Fetching BUY listings for USDT/EUR
2025-07-21 06:30:10 - INFO - Data successfully saved to SQLite database. New listings - Bybit: 4, Binance: 6
2025-07-21 06:30:11 - INFO - Browser session closed
2025-07-21 06:30:11 - INFO - SQLite database connection closed
2025-07-21 07:00:47 - INFO - Logging initialized. Log file: pb2b/logs/bybit_scraper_20250721.log
2025-07-21 07:00:49 - INFO - DataSaver logging initialized. Log file: pb2b/logs/data_saver_20250721.log
2025-07-21 07:00:49 - INFO - Connected to SQLite database: pb2b/p2p_listings.db
2025-07-21 07:00:49 - INFO - Database tables created successfully
2025-07-21 07:00:49 - INFO - Attempt 1/10: Loading https://www.bybit.com/fiat/trade/otc?actionType=1&token=USDT&fiat=NGN
2025-07-21 07:01:03 - INFO - Screenshot saved as 'pb2b/screenshots/bybit_page_20250721_070102.png'
2025-07-21 07:01:03 - INFO - Fetching BUY listings for USDT/EUR
2025-07-21 07:01:04 - INFO - Data successfully saved to SQLite database. New listings - Bybit: 4, Binance: 6
2025-07-21 07:01:04 - INFO - Browser session closed
2025-07-21 07:01:04 - INFO - SQLite database connection closed
2025-07-21 07:38:44 - INFO - Logging initialized. Log file: pb2b/logs/bybit_scraper_20250721.log
2025-07-21 07:38:45 - INFO - DataSaver logging initialized. Log file: pb2b/logs/data_saver_20250721.log
2025-07-21 07:38:45 - INFO - Connected to SQLite database: pb2b/p2p_listings.db
2025-07-21 07:38:45 - INFO - Database tables created successfully
2025-07-21 07:38:45 - INFO - Attempt 1/10: Loading https://www.bybit.com/fiat/trade/otc?actionType=1&token=USDT&fiat=NGN
2025-07-21 07:38:54 - INFO - Screenshot saved as 'pb2b/screenshots/bybit_page_20250721_073854.png'
2025-07-21 07:38:54 - INFO - Fetching BUY listings for USDT/EUR
2025-07-21 07:38:55 - INFO - Data successfully saved to SQLite database. New listings - Bybit: 4, Binance: 6
2025-07-21 07:38:55 - INFO - Browser session closed
2025-07-21 07:38:55 - INFO - SQLite database connection closed
2025-07-21 07:56:49 - INFO - Logging initialized. Log file: pb2b/logs/bybit_scraper_20250721.log
2025-07-21 07:56:50 - INFO - DataSaver logging initialized. Log file: pb2b/logs/data_saver_20250721.log
2025-07-21 07:56:50 - INFO - Connected to SQLite database: pb2b/p2p_listings.db
2025-07-21 07:56:50 - INFO - Database tables created successfully
2025-07-21 07:56:50 - INFO - Attempt 1/10: Loading https://www.bybit.com/fiat/trade/otc?actionType=1&token=USDT&fiat=NGN
2025-07-21 07:56:59 - INFO - Screenshot saved as 'pb2b/screenshots/bybit_page_20250721_075658.png'
2025-07-21 07:56:59 - INFO - Fetching BUY listings for USDT/EUR
2025-07-21 07:57:00 - INFO - Data successfully saved to SQLite database. New listings - Bybit: 4, Binance: 6
2025-07-21 07:57:00 - INFO - Browser session closed
2025-07-21 07:57:00 - INFO - SQLite database connection closed
2025-07-21 08:40:50 - INFO - Logging initialized. Log file: pb2b/logs/bybit_scraper_20250721.log
2025-07-21 08:40:51 - INFO - DataSaver logging initialized. Log file: pb2b/logs/data_saver_20250721.log
2025-07-21 08:40:51 - INFO - Connected to SQLite database: pb2b/p2p_listings.db
2025-07-21 08:40:51 - INFO - Database tables created successfully
2025-07-21 08:40:51 - INFO - Attempt 1/10: Loading https://www.bybit.com/fiat/trade/otc?actionType=1&token=USDT&fiat=NGN
2025-07-21 08:41:00 - INFO - Screenshot saved as 'pb2b/screenshots/bybit_page_20250721_084100.png'
2025-07-21 08:41:01 - INFO - Fetching BUY listings for USDT/EUR
2025-07-21 08:41:02 - INFO - Data successfully saved to SQLite database. New listings - Bybit: 4, Binance: 6
2025-07-21 08:41:02 - INFO - Browser session closed
2025-07-21 08:41:02 - INFO - SQLite database connection closed
