2025-08-29 01:58:33 - INFO - Logging initialized. Log file: pb2b/logs/bybit_scraper_20250829.log
2025-08-29 01:58:34 - INFO - DataSaver logging initialized. Log file: pb2b/logs/data_saver_20250829.log
2025-08-29 01:58:34 - INFO - Connected to SQLite database: pb2b/p2p_listings.db
2025-08-29 01:58:34 - INFO - Database tables created successfully
2025-08-29 01:58:34 - INFO - Attempt 1/10: Loading https://www.bybit.com/fiat/trade/otc?actionType=1&token=USDT&fiat=NGN
2025-08-29 01:58:45 - INFO - Screenshot saved as 'pb2b/screenshots/bybit_page_20250829_015845.png'
2025-08-29 01:58:46 - INFO - Fetching BUY listings for USDT/EUR
2025-08-29 01:58:47 - INFO - Data successfully saved to SQLite database. New listings - Bybit: 4, Binance: 6
2025-08-29 01:58:47 - INFO - Browser session closed
2025-08-29 01:58:47 - INFO - SQLite database connection closed
2025-08-29 03:08:32 - INFO - Logging initialized. Log file: pb2b/logs/bybit_scraper_20250829.log
2025-08-29 03:08:33 - INFO - DataSaver logging initialized. Log file: pb2b/logs/data_saver_20250829.log
2025-08-29 03:08:33 - INFO - Connected to SQLite database: pb2b/p2p_listings.db
2025-08-29 03:08:33 - INFO - Database tables created successfully
2025-08-29 03:08:33 - INFO - Attempt 1/10: Loading https://www.bybit.com/fiat/trade/otc?actionType=1&token=USDT&fiat=NGN
2025-08-29 03:08:43 - INFO - Screenshot saved as 'pb2b/screenshots/bybit_page_20250829_030843.png'
2025-08-29 03:08:43 - INFO - Fetching BUY listings for USDT/EUR
2025-08-29 03:08:44 - INFO - Data successfully saved to SQLite database. New listings - Bybit: 4, Binance: 6
2025-08-29 03:08:44 - INFO - Browser session closed
2025-08-29 03:08:44 - INFO - SQLite database connection closed
2025-08-29 03:45:00 - INFO - Logging initialized. Log file: pb2b/logs/bybit_scraper_20250829.log
2025-08-29 03:45:01 - INFO - DataSaver logging initialized. Log file: pb2b/logs/data_saver_20250829.log
2025-08-29 03:45:01 - INFO - Connected to SQLite database: pb2b/p2p_listings.db
2025-08-29 03:45:01 - INFO - Database tables created successfully
2025-08-29 03:45:01 - INFO - Attempt 1/10: Loading https://www.bybit.com/fiat/trade/otc?actionType=1&token=USDT&fiat=NGN
2025-08-29 03:45:12 - INFO - Screenshot saved as 'pb2b/screenshots/bybit_page_20250829_034512.png'
2025-08-29 03:45:12 - INFO - Fetching BUY listings for USDT/EUR
2025-08-29 03:45:13 - INFO - Data successfully saved to SQLite database. New listings - Bybit: 4, Binance: 6
2025-08-29 03:45:13 - INFO - Browser session closed
2025-08-29 03:45:13 - INFO - SQLite database connection closed
2025-08-29 03:58:59 - INFO - Logging initialized. Log file: pb2b/logs/bybit_scraper_20250829.log
2025-08-29 03:59:00 - INFO - DataSaver logging initialized. Log file: pb2b/logs/data_saver_20250829.log
2025-08-29 03:59:00 - INFO - Connected to SQLite database: pb2b/p2p_listings.db
2025-08-29 03:59:00 - INFO - Database tables created successfully
2025-08-29 03:59:00 - INFO - Attempt 1/10: Loading https://www.bybit.com/fiat/trade/otc?actionType=1&token=USDT&fiat=NGN
2025-08-29 03:59:10 - INFO - Screenshot saved as 'pb2b/screenshots/bybit_page_20250829_035910.png'
2025-08-29 03:59:10 - INFO - Fetching BUY listings for USDT/EUR
2025-08-29 03:59:11 - INFO - Data successfully saved to SQLite database. New listings - Bybit: 4, Binance: 6
2025-08-29 03:59:11 - INFO - Browser session closed
2025-08-29 03:59:11 - INFO - SQLite database connection closed
2025-08-29 04:34:34 - INFO - Logging initialized. Log file: pb2b/logs/bybit_scraper_20250829.log
2025-08-29 04:34:35 - INFO - DataSaver logging initialized. Log file: pb2b/logs/data_saver_20250829.log
2025-08-29 04:34:35 - INFO - Connected to SQLite database: pb2b/p2p_listings.db
2025-08-29 04:34:35 - INFO - Database tables created successfully
2025-08-29 04:34:35 - INFO - Attempt 1/10: Loading https://www.bybit.com/fiat/trade/otc?actionType=1&token=USDT&fiat=NGN
2025-08-29 04:34:45 - INFO - Screenshot saved as 'pb2b/screenshots/bybit_page_20250829_043445.png'
2025-08-29 04:34:46 - INFO - Fetching BUY listings for USDT/EUR
2025-08-29 04:34:46 - INFO - Data successfully saved to SQLite database. New listings - Bybit: 4, Binance: 6
2025-08-29 04:34:47 - INFO - Browser session closed
2025-08-29 04:34:47 - INFO - SQLite database connection closed
2025-08-29 04:50:41 - INFO - Logging initialized. Log file: pb2b/logs/bybit_scraper_20250829.log
2025-08-29 04:50:42 - INFO - DataSaver logging initialized. Log file: pb2b/logs/data_saver_20250829.log
2025-08-29 04:50:42 - INFO - Connected to SQLite database: pb2b/p2p_listings.db
2025-08-29 04:50:42 - INFO - Database tables created successfully
2025-08-29 04:50:42 - INFO - Attempt 1/10: Loading https://www.bybit.com/fiat/trade/otc?actionType=1&token=USDT&fiat=NGN
2025-08-29 04:50:53 - INFO - Screenshot saved as 'pb2b/screenshots/bybit_page_20250829_045053.png'
2025-08-29 04:50:53 - INFO - Fetching BUY listings for USDT/EUR
2025-08-29 04:50:54 - INFO - Data successfully saved to SQLite database. New listings - Bybit: 11, Binance: 6
2025-08-29 04:50:54 - INFO - Browser session closed
2025-08-29 04:50:54 - INFO - SQLite database connection closed
2025-08-29 05:03:13 - INFO - Logging initialized. Log file: pb2b/logs/bybit_scraper_20250829.log
2025-08-29 05:03:14 - INFO - DataSaver logging initialized. Log file: pb2b/logs/data_saver_20250829.log
2025-08-29 05:03:14 - INFO - Connected to SQLite database: pb2b/p2p_listings.db
2025-08-29 05:03:14 - INFO - Database tables created successfully
2025-08-29 05:03:14 - INFO - Attempt 1/10: Loading https://www.bybit.com/fiat/trade/otc?actionType=1&token=USDT&fiat=NGN
2025-08-29 05:03:25 - INFO - Screenshot saved as 'pb2b/screenshots/bybit_page_20250829_050325.png'
2025-08-29 05:03:25 - INFO - Fetching BUY listings for USDT/EUR
2025-08-29 05:03:26 - INFO - Data successfully saved to SQLite database. New listings - Bybit: 4, Binance: 6
2025-08-29 05:03:26 - INFO - Browser session closed
2025-08-29 05:03:26 - INFO - SQLite database connection closed
2025-08-29 05:32:01 - INFO - Logging initialized. Log file: pb2b/logs/bybit_scraper_20250829.log
2025-08-29 05:32:02 - INFO - DataSaver logging initialized. Log file: pb2b/logs/data_saver_20250829.log
2025-08-29 05:32:02 - INFO - Connected to SQLite database: pb2b/p2p_listings.db
2025-08-29 05:32:02 - INFO - Database tables created successfully
2025-08-29 05:32:02 - INFO - Attempt 1/10: Loading https://www.bybit.com/fiat/trade/otc?actionType=1&token=USDT&fiat=NGN
2025-08-29 05:32:12 - INFO - Screenshot saved as 'pb2b/screenshots/bybit_page_20250829_053212.png'
2025-08-29 05:32:13 - INFO - Fetching BUY listings for USDT/EUR
2025-08-29 05:32:14 - INFO - Data successfully saved to SQLite database. New listings - Bybit: 4, Binance: 6
2025-08-29 05:32:14 - INFO - Browser session closed
2025-08-29 05:32:14 - INFO - SQLite database connection closed
2025-08-29 05:48:06 - INFO - Logging initialized. Log file: pb2b/logs/bybit_scraper_20250829.log
2025-08-29 05:48:08 - INFO - DataSaver logging initialized. Log file: pb2b/logs/data_saver_20250829.log
2025-08-29 05:48:08 - INFO - Connected to SQLite database: pb2b/p2p_listings.db
2025-08-29 05:48:08 - INFO - Database tables created successfully
2025-08-29 05:48:08 - INFO - Attempt 1/10: Loading https://www.bybit.com/fiat/trade/otc?actionType=1&token=USDT&fiat=NGN
2025-08-29 05:48:18 - INFO - Screenshot saved as 'pb2b/screenshots/bybit_page_20250829_054818.png'
2025-08-29 05:48:19 - INFO - Fetching BUY listings for USDT/EUR
2025-08-29 05:48:20 - INFO - Data successfully saved to SQLite database. New listings - Bybit: 4, Binance: 6
2025-08-29 05:48:20 - INFO - Browser session closed
2025-08-29 05:48:20 - INFO - SQLite database connection closed
2025-08-29 06:00:56 - INFO - Logging initialized. Log file: pb2b/logs/bybit_scraper_20250829.log
2025-08-29 06:00:57 - INFO - DataSaver logging initialized. Log file: pb2b/logs/data_saver_20250829.log
2025-08-29 06:00:57 - INFO - Connected to SQLite database: pb2b/p2p_listings.db
2025-08-29 06:00:57 - INFO - Database tables created successfully
2025-08-29 06:00:57 - INFO - Attempt 1/10: Loading https://www.bybit.com/fiat/trade/otc?actionType=1&token=USDT&fiat=NGN
2025-08-29 06:01:07 - INFO - Screenshot saved as 'pb2b/screenshots/bybit_page_20250829_060107.png'
2025-08-29 06:01:08 - INFO - Fetching BUY listings for USDT/EUR
2025-08-29 06:01:08 - INFO - Data successfully saved to SQLite database. New listings - Bybit: 4, Binance: 6
2025-08-29 06:01:08 - INFO - Browser session closed
2025-08-29 06:01:08 - INFO - SQLite database connection closed
2025-08-29 06:40:40 - INFO - Logging initialized. Log file: pb2b/logs/bybit_scraper_20250829.log
2025-08-29 06:40:41 - INFO - DataSaver logging initialized. Log file: pb2b/logs/data_saver_20250829.log
2025-08-29 06:40:41 - INFO - Connected to SQLite database: pb2b/p2p_listings.db
2025-08-29 06:40:41 - INFO - Database tables created successfully
2025-08-29 06:40:41 - INFO - Attempt 1/10: Loading https://www.bybit.com/fiat/trade/otc?actionType=1&token=USDT&fiat=NGN
2025-08-29 06:40:52 - INFO - Screenshot saved as 'pb2b/screenshots/bybit_page_20250829_064052.png'
2025-08-29 06:40:53 - INFO - Fetching BUY listings for USDT/EUR
2025-08-29 06:40:53 - INFO - Data successfully saved to SQLite database. New listings - Bybit: 4, Binance: 6
2025-08-29 06:40:53 - INFO - Browser session closed
2025-08-29 06:40:53 - INFO - SQLite database connection closed
