2024-12-29 01:06:43 - INFO - Logging initialized. Log file: pb2b/logs/bybit_scraper_20241229.log
2024-12-29 01:06:44 - INFO - DataSaver logging initialized. Log file: pb2b/logs/data_saver_20241229.log
2024-12-29 01:06:44 - INFO - Connected to SQLite database: pb2b/p2p_listings.db
2024-12-29 01:06:44 - INFO - Database tables created successfully
2024-12-29 01:06:44 - INFO - Attempt 1/10: Loading https://www.bybit.com/fiat/trade/otc?actionType=1&token=USDT&fiat=NGN
2024-12-29 01:06:55 - INFO - Screenshot saved as 'pb2b/screenshots/bybit_page_20241229_010655.png'
2024-12-29 01:06:55 - INFO - Fetching BUY listings for USDT/EUR
2024-12-29 01:06:56 - INFO - Data successfully saved to SQLite database. New listings - Bybit: 4, Binance: 6
2024-12-29 01:06:56 - INFO - Browser session closed
2024-12-29 01:06:56 - INFO - SQLite database connection closed
2024-12-29 02:37:08 - INFO - Logging initialized. Log file: pb2b/logs/bybit_scraper_20241229.log
2024-12-29 02:37:09 - INFO - DataSaver logging initialized. Log file: pb2b/logs/data_saver_20241229.log
2024-12-29 02:37:09 - INFO - Connected to SQLite database: pb2b/p2p_listings.db
2024-12-29 02:37:09 - INFO - Database tables created successfully
2024-12-29 02:37:09 - INFO - Attempt 1/10: Loading https://www.bybit.com/fiat/trade/otc?actionType=1&token=USDT&fiat=NGN
2024-12-29 02:37:19 - INFO - Screenshot saved as 'pb2b/screenshots/bybit_page_20241229_023719.png'
2024-12-29 02:37:19 - INFO - Fetching BUY listings for USDT/EUR
2024-12-29 02:37:20 - INFO - Data successfully saved to SQLite database. New listings - Bybit: 4, Binance: 6
2024-12-29 02:37:20 - INFO - Browser session closed
2024-12-29 02:37:20 - INFO - SQLite database connection closed
2024-12-29 03:16:42 - INFO - Logging initialized. Log file: pb2b/logs/bybit_scraper_20241229.log
2024-12-29 03:16:43 - INFO - DataSaver logging initialized. Log file: pb2b/logs/data_saver_20241229.log
2024-12-29 03:16:43 - INFO - Connected to SQLite database: pb2b/p2p_listings.db
2024-12-29 03:16:43 - INFO - Database tables created successfully
2024-12-29 03:16:43 - INFO - Attempt 1/10: Loading https://www.bybit.com/fiat/trade/otc?actionType=1&token=USDT&fiat=NGN
2024-12-29 03:16:54 - INFO - Screenshot saved as 'pb2b/screenshots/bybit_page_20241229_031654.png'
2024-12-29 03:16:54 - INFO - Fetching BUY listings for USDT/EUR
2024-12-29 03:16:55 - INFO - Data successfully saved to SQLite database. New listings - Bybit: 4, Binance: 6
2024-12-29 03:16:55 - INFO - Browser session closed
2024-12-29 03:16:55 - INFO - SQLite database connection closed
2024-12-29 03:41:48 - INFO - Logging initialized. Log file: pb2b/logs/bybit_scraper_20241229.log
2024-12-29 03:41:49 - INFO - DataSaver logging initialized. Log file: pb2b/logs/data_saver_20241229.log
2024-12-29 03:41:49 - INFO - Connected to SQLite database: pb2b/p2p_listings.db
2024-12-29 03:41:49 - INFO - Database tables created successfully
2024-12-29 03:41:49 - INFO - Attempt 1/10: Loading https://www.bybit.com/fiat/trade/otc?actionType=1&token=USDT&fiat=NGN
2024-12-29 03:42:00 - INFO - Screenshot saved as 'pb2b/screenshots/bybit_page_20241229_034200.png'
2024-12-29 03:42:01 - INFO - Fetching BUY listings for USDT/EUR
2024-12-29 03:42:01 - INFO - Data successfully saved to SQLite database. New listings - Bybit: 4, Binance: 6
2024-12-29 03:42:01 - INFO - Browser session closed
2024-12-29 03:42:01 - INFO - SQLite database connection closed
2024-12-29 03:55:05 - INFO - Logging initialized. Log file: pb2b/logs/bybit_scraper_20241229.log
2024-12-29 03:55:06 - INFO - DataSaver logging initialized. Log file: pb2b/logs/data_saver_20241229.log
2024-12-29 03:55:06 - INFO - Connected to SQLite database: pb2b/p2p_listings.db
2024-12-29 03:55:06 - INFO - Database tables created successfully
2024-12-29 03:55:06 - INFO - Attempt 1/10: Loading https://www.bybit.com/fiat/trade/otc?actionType=1&token=USDT&fiat=NGN
2024-12-29 03:55:17 - INFO - Screenshot saved as 'pb2b/screenshots/bybit_page_20241229_035517.png'
2024-12-29 03:55:18 - INFO - Fetching BUY listings for USDT/EUR
2024-12-29 03:55:18 - INFO - Data successfully saved to SQLite database. New listings - Bybit: 4, Binance: 6
2024-12-29 03:55:18 - INFO - Browser session closed
2024-12-29 03:55:18 - INFO - SQLite database connection closed
2024-12-29 04:25:32 - INFO - Logging initialized. Log file: pb2b/logs/bybit_scraper_20241229.log
2024-12-29 04:25:33 - INFO - DataSaver logging initialized. Log file: pb2b/logs/data_saver_20241229.log
2024-12-29 04:25:33 - INFO - Connected to SQLite database: pb2b/p2p_listings.db
2024-12-29 04:25:33 - INFO - Database tables created successfully
2024-12-29 04:25:33 - INFO - Attempt 1/10: Loading https://www.bybit.com/fiat/trade/otc?actionType=1&token=USDT&fiat=NGN
2024-12-29 04:25:44 - INFO - Screenshot saved as 'pb2b/screenshots/bybit_page_20241229_042544.png'
2024-12-29 04:25:44 - INFO - Fetching BUY listings for USDT/EUR
2024-12-29 04:25:45 - INFO - Data successfully saved to SQLite database. New listings - Bybit: 4, Binance: 6
2024-12-29 04:25:45 - INFO - Browser session closed
2024-12-29 04:25:45 - INFO - SQLite database connection closed
2024-12-29 04:42:03 - INFO - Logging initialized. Log file: pb2b/logs/bybit_scraper_20241229.log
2024-12-29 04:42:03 - INFO - DataSaver logging initialized. Log file: pb2b/logs/data_saver_20241229.log
2024-12-29 04:42:03 - INFO - Connected to SQLite database: pb2b/p2p_listings.db
2024-12-29 04:42:03 - INFO - Database tables created successfully
2024-12-29 04:42:03 - INFO - Attempt 1/10: Loading https://www.bybit.com/fiat/trade/otc?actionType=1&token=USDT&fiat=NGN
2024-12-29 04:42:14 - INFO - Screenshot saved as 'pb2b/screenshots/bybit_page_20241229_044214.png'
2024-12-29 04:42:14 - INFO - Fetching BUY listings for USDT/EUR
2024-12-29 04:42:15 - INFO - Data successfully saved to SQLite database. New listings - Bybit: 4, Binance: 6
2024-12-29 04:42:15 - INFO - Browser session closed
2024-12-29 04:42:15 - INFO - SQLite database connection closed
2024-12-29 04:55:04 - INFO - Logging initialized. Log file: pb2b/logs/bybit_scraper_20241229.log
2024-12-29 04:55:05 - INFO - DataSaver logging initialized. Log file: pb2b/logs/data_saver_20241229.log
2024-12-29 04:55:05 - INFO - Connected to SQLite database: pb2b/p2p_listings.db
2024-12-29 04:55:05 - INFO - Database tables created successfully
2024-12-29 04:55:05 - INFO - Attempt 1/10: Loading https://www.bybit.com/fiat/trade/otc?actionType=1&token=USDT&fiat=NGN
2024-12-29 04:55:15 - INFO - Screenshot saved as 'pb2b/screenshots/bybit_page_20241229_045515.png'
2024-12-29 04:55:16 - INFO - Fetching BUY listings for USDT/EUR
2024-12-29 04:55:16 - INFO - Data successfully saved to SQLite database. New listings - Bybit: 4, Binance: 6
2024-12-29 04:55:16 - INFO - Browser session closed
2024-12-29 04:55:16 - INFO - SQLite database connection closed
2024-12-29 05:19:52 - INFO - Logging initialized. Log file: pb2b/logs/bybit_scraper_20241229.log
2024-12-29 05:19:52 - INFO - DataSaver logging initialized. Log file: pb2b/logs/data_saver_20241229.log
2024-12-29 05:19:52 - INFO - Connected to SQLite database: pb2b/p2p_listings.db
2024-12-29 05:19:52 - INFO - Database tables created successfully
2024-12-29 05:19:52 - INFO - Attempt 1/10: Loading https://www.bybit.com/fiat/trade/otc?actionType=1&token=USDT&fiat=NGN
2024-12-29 05:20:03 - INFO - Screenshot saved as 'pb2b/screenshots/bybit_page_20241229_052003.png'
2024-12-29 05:20:03 - INFO - Fetching BUY listings for USDT/EUR
2024-12-29 05:20:04 - INFO - Data successfully saved to SQLite database. New listings - Bybit: 4, Binance: 6
2024-12-29 05:20:04 - INFO - Browser session closed
2024-12-29 05:20:04 - INFO - SQLite database connection closed
2024-12-29 05:36:20 - INFO - Logging initialized. Log file: pb2b/logs/bybit_scraper_20241229.log
2024-12-29 05:36:20 - INFO - DataSaver logging initialized. Log file: pb2b/logs/data_saver_20241229.log
2024-12-29 05:36:20 - INFO - Connected to SQLite database: pb2b/p2p_listings.db
2024-12-29 05:36:20 - INFO - Database tables created successfully
2024-12-29 05:36:20 - INFO - Attempt 1/10: Loading https://www.bybit.com/fiat/trade/otc?actionType=1&token=USDT&fiat=NGN
2024-12-29 05:36:31 - INFO - Screenshot saved as 'pb2b/screenshots/bybit_page_20241229_053630.png'
2024-12-29 05:36:31 - INFO - Fetching BUY listings for USDT/EUR
2024-12-29 05:36:32 - INFO - Data successfully saved to SQLite database. New listings - Bybit: 4, Binance: 6
2024-12-29 05:36:32 - INFO - Browser session closed
2024-12-29 05:36:32 - INFO - SQLite database connection closed
2024-12-29 05:49:26 - INFO - Logging initialized. Log file: pb2b/logs/bybit_scraper_20241229.log
2024-12-29 05:49:28 - INFO - DataSaver logging initialized. Log file: pb2b/logs/data_saver_20241229.log
2024-12-29 05:49:28 - INFO - Connected to SQLite database: pb2b/p2p_listings.db
2024-12-29 05:49:28 - INFO - Database tables created successfully
2024-12-29 05:49:28 - INFO - Attempt 1/10: Loading https://www.bybit.com/fiat/trade/otc?actionType=1&token=USDT&fiat=NGN
2024-12-29 05:49:38 - INFO - Screenshot saved as 'pb2b/screenshots/bybit_page_20241229_054937.png'
2024-12-29 05:49:38 - INFO - Fetching BUY listings for USDT/EUR
2024-12-29 05:49:38 - INFO - Data successfully saved to SQLite database. New listings - Bybit: 4, Binance: 6
2024-12-29 05:49:39 - INFO - Browser session closed
2024-12-29 05:49:39 - INFO - SQLite database connection closed
2024-12-29 06:13:10 - INFO - Logging initialized. Log file: pb2b/logs/bybit_scraper_20241229.log
2024-12-29 06:13:11 - INFO - DataSaver logging initialized. Log file: pb2b/logs/data_saver_20241229.log
2024-12-29 06:13:11 - INFO - Connected to SQLite database: pb2b/p2p_listings.db
2024-12-29 06:13:11 - INFO - Database tables created successfully
2024-12-29 06:13:11 - INFO - Attempt 1/10: Loading https://www.bybit.com/fiat/trade/otc?actionType=1&token=USDT&fiat=NGN
2024-12-29 06:13:22 - INFO - Screenshot saved as 'pb2b/screenshots/bybit_page_20241229_061322.png'
2024-12-29 06:13:22 - INFO - Fetching BUY listings for USDT/EUR
2024-12-29 06:13:23 - INFO - Data successfully saved to SQLite database. New listings - Bybit: 4, Binance: 6
2024-12-29 06:13:23 - INFO - Browser session closed
2024-12-29 06:13:23 - INFO - SQLite database connection closed
2024-12-29 06:39:50 - INFO - Logging initialized. Log file: pb2b/logs/bybit_scraper_20241229.log
2024-12-29 06:39:51 - INFO - DataSaver logging initialized. Log file: pb2b/logs/data_saver_20241229.log
2024-12-29 06:39:51 - INFO - Connected to SQLite database: pb2b/p2p_listings.db
2024-12-29 06:39:51 - INFO - Database tables created successfully
2024-12-29 06:39:51 - INFO - Attempt 1/10: Loading https://www.bybit.com/fiat/trade/otc?actionType=1&token=USDT&fiat=NGN
2024-12-29 06:40:01 - INFO - Screenshot saved as 'pb2b/screenshots/bybit_page_20241229_064001.png'
2024-12-29 06:40:02 - INFO - Fetching BUY listings for USDT/EUR
2024-12-29 06:40:02 - INFO - Data successfully saved to SQLite database. New listings - Bybit: 4, Binance: 6
2024-12-29 06:40:02 - INFO - Browser session closed
2024-12-29 06:40:02 - INFO - SQLite database connection closed
2024-12-29 06:52:07 - INFO - Logging initialized. Log file: pb2b/logs/bybit_scraper_20241229.log
2024-12-29 06:52:07 - INFO - DataSaver logging initialized. Log file: pb2b/logs/data_saver_20241229.log
2024-12-29 06:52:07 - INFO - Connected to SQLite database: pb2b/p2p_listings.db
2024-12-29 06:52:07 - INFO - Database tables created successfully
2024-12-29 06:52:07 - INFO - Attempt 1/10: Loading https://www.bybit.com/fiat/trade/otc?actionType=1&token=USDT&fiat=NGN
2024-12-29 06:52:18 - INFO - Screenshot saved as 'pb2b/screenshots/bybit_page_20241229_065217.png'
2024-12-29 06:52:18 - INFO - Fetching BUY listings for USDT/EUR
2024-12-29 06:52:18 - INFO - Data successfully saved to SQLite database. New listings - Bybit: 4, Binance: 6
2024-12-29 06:52:19 - INFO - Browser session closed
2024-12-29 06:52:19 - INFO - SQLite database connection closed
2024-12-29 07:13:41 - INFO - Logging initialized. Log file: pb2b/logs/bybit_scraper_20241229.log
2024-12-29 07:13:41 - INFO - DataSaver logging initialized. Log file: pb2b/logs/data_saver_20241229.log
2024-12-29 07:13:41 - INFO - Connected to SQLite database: pb2b/p2p_listings.db
2024-12-29 07:13:41 - INFO - Database tables created successfully
2024-12-29 07:13:41 - INFO - Attempt 1/10: Loading https://www.bybit.com/fiat/trade/otc?actionType=1&token=USDT&fiat=NGN
2024-12-29 07:13:51 - INFO - Screenshot saved as 'pb2b/screenshots/bybit_page_20241229_071351.png'
2024-12-29 07:13:52 - INFO - Fetching BUY listings for USDT/EUR
2024-12-29 07:13:52 - INFO - Data successfully saved to SQLite database. New listings - Bybit: 4, Binance: 6
2024-12-29 07:13:52 - INFO - Browser session closed
2024-12-29 07:13:52 - INFO - SQLite database connection closed
2024-12-29 07:29:49 - INFO - Logging initialized. Log file: pb2b/logs/bybit_scraper_20241229.log
2024-12-29 07:29:51 - INFO - DataSaver logging initialized. Log file: pb2b/logs/data_saver_20241229.log
2024-12-29 07:29:51 - INFO - Connected to SQLite database: pb2b/p2p_listings.db
2024-12-29 07:29:51 - INFO - Database tables created successfully
2024-12-29 07:29:51 - INFO - Attempt 1/10: Loading https://www.bybit.com/fiat/trade/otc?actionType=1&token=USDT&fiat=NGN
2024-12-29 07:30:02 - INFO - Screenshot saved as 'pb2b/screenshots/bybit_page_20241229_073002.png'
2024-12-29 07:30:02 - INFO - Fetching BUY listings for USDT/EUR
2024-12-29 07:30:03 - INFO - Data successfully saved to SQLite database. New listings - Bybit: 4, Binance: 6
2024-12-29 07:30:03 - INFO - Browser session closed
2024-12-29 07:30:03 - INFO - SQLite database connection closed
2024-12-29 07:41:04 - INFO - Logging initialized. Log file: pb2b/logs/bybit_scraper_20241229.log
2024-12-29 07:41:05 - INFO - DataSaver logging initialized. Log file: pb2b/logs/data_saver_20241229.log
2024-12-29 07:41:05 - INFO - Connected to SQLite database: pb2b/p2p_listings.db
2024-12-29 07:41:05 - INFO - Database tables created successfully
2024-12-29 07:41:05 - INFO - Attempt 1/10: Loading https://www.bybit.com/fiat/trade/otc?actionType=1&token=USDT&fiat=NGN
2024-12-29 07:41:15 - INFO - Screenshot saved as 'pb2b/screenshots/bybit_page_20241229_074114.png'
2024-12-29 07:41:15 - INFO - Fetching BUY listings for USDT/EUR
2024-12-29 07:41:15 - INFO - Data successfully saved to SQLite database. New listings - Bybit: 4, Binance: 6
2024-12-29 07:41:16 - INFO - Browser session closed
2024-12-29 07:41:16 - INFO - SQLite database connection closed
2024-12-29 07:54:16 - INFO - Logging initialized. Log file: pb2b/logs/bybit_scraper_20241229.log
2024-12-29 07:54:16 - INFO - DataSaver logging initialized. Log file: pb2b/logs/data_saver_20241229.log
2024-12-29 07:54:16 - INFO - Connected to SQLite database: pb2b/p2p_listings.db
2024-12-29 07:54:16 - INFO - Database tables created successfully
2024-12-29 07:54:16 - INFO - Attempt 1/10: Loading https://www.bybit.com/fiat/trade/otc?actionType=1&token=USDT&fiat=NGN
2024-12-29 07:54:26 - INFO - Screenshot saved as 'pb2b/screenshots/bybit_page_20241229_075426.png'
2024-12-29 07:54:27 - INFO - Fetching BUY listings for USDT/EUR
2024-12-29 07:54:27 - INFO - Data successfully saved to SQLite database. New listings - Bybit: 4, Binance: 6
2024-12-29 07:54:27 - INFO - Browser session closed
2024-12-29 07:54:27 - INFO - SQLite database connection closed
2024-12-29 08:25:10 - INFO - Logging initialized. Log file: pb2b/logs/bybit_scraper_20241229.log
2024-12-29 08:25:11 - INFO - DataSaver logging initialized. Log file: pb2b/logs/data_saver_20241229.log
2024-12-29 08:25:11 - INFO - Connected to SQLite database: pb2b/p2p_listings.db
2024-12-29 08:25:11 - INFO - Database tables created successfully
2024-12-29 08:25:11 - INFO - Attempt 1/10: Loading https://www.bybit.com/fiat/trade/otc?actionType=1&token=USDT&fiat=NGN
2024-12-29 08:25:22 - INFO - Screenshot saved as 'pb2b/screenshots/bybit_page_20241229_082522.png'
2024-12-29 08:25:23 - INFO - Fetching BUY listings for USDT/EUR
2024-12-29 08:25:23 - INFO - Data successfully saved to SQLite database. New listings - Bybit: 4, Binance: 6
2024-12-29 08:25:23 - INFO - Browser session closed
2024-12-29 08:25:23 - INFO - SQLite database connection closed
2024-12-29 08:41:48 - INFO - Logging initialized. Log file: pb2b/logs/bybit_scraper_20241229.log
2024-12-29 08:41:50 - INFO - DataSaver logging initialized. Log file: pb2b/logs/data_saver_20241229.log
2024-12-29 08:41:50 - INFO - Connected to SQLite database: pb2b/p2p_listings.db
2024-12-29 08:41:50 - INFO - Database tables created successfully
2024-12-29 08:41:50 - INFO - Attempt 1/10: Loading https://www.bybit.com/fiat/trade/otc?actionType=1&token=USDT&fiat=NGN
2024-12-29 08:42:01 - INFO - Screenshot saved as 'pb2b/screenshots/bybit_page_20241229_084201.png'
2024-12-29 08:42:01 - INFO - Fetching BUY listings for USDT/EUR
2024-12-29 08:42:02 - INFO - Data successfully saved to SQLite database. New listings - Bybit: 4, Binance: 6
2024-12-29 08:42:02 - INFO - Browser session closed
2024-12-29 08:42:02 - INFO - SQLite database connection closed
2024-12-29 08:54:10 - INFO - Logging initialized. Log file: pb2b/logs/bybit_scraper_20241229.log
2024-12-29 08:54:11 - INFO - DataSaver logging initialized. Log file: pb2b/logs/data_saver_20241229.log
2024-12-29 08:54:11 - INFO - Connected to SQLite database: pb2b/p2p_listings.db
2024-12-29 08:54:11 - INFO - Database tables created successfully
2024-12-29 08:54:11 - INFO - Attempt 1/10: Loading https://www.bybit.com/fiat/trade/otc?actionType=1&token=USDT&fiat=NGN
2024-12-29 08:54:20 - INFO - Screenshot saved as 'pb2b/screenshots/bybit_page_20241229_085420.png'
2024-12-29 08:54:21 - INFO - Fetching BUY listings for USDT/EUR
2024-12-29 08:54:21 - INFO - Data successfully saved to SQLite database. New listings - Bybit: 4, Binance: 6
2024-12-29 08:54:21 - INFO - Browser session closed
2024-12-29 08:54:21 - INFO - SQLite database connection closed
2024-12-29 09:18:05 - INFO - Logging initialized. Log file: pb2b/logs/bybit_scraper_20241229.log
2024-12-29 09:18:06 - INFO - DataSaver logging initialized. Log file: pb2b/logs/data_saver_20241229.log
2024-12-29 09:18:06 - INFO - Connected to SQLite database: pb2b/p2p_listings.db
2024-12-29 09:18:06 - INFO - Database tables created successfully
2024-12-29 09:18:06 - INFO - Attempt 1/10: Loading https://www.bybit.com/fiat/trade/otc?actionType=1&token=USDT&fiat=NGN
2024-12-29 09:18:16 - INFO - Screenshot saved as 'pb2b/screenshots/bybit_page_20241229_091815.png'
2024-12-29 09:18:16 - INFO - Fetching BUY listings for USDT/EUR
2024-12-29 09:18:16 - INFO - Data successfully saved to SQLite database. New listings - Bybit: 4, Binance: 6
2024-12-29 09:18:17 - INFO - Browser session closed
2024-12-29 09:18:17 - INFO - SQLite database connection closed
2024-12-29 09:32:18 - INFO - Logging initialized. Log file: pb2b/logs/bybit_scraper_20241229.log
2024-12-29 09:32:19 - INFO - DataSaver logging initialized. Log file: pb2b/logs/data_saver_20241229.log
2024-12-29 09:32:19 - INFO - Connected to SQLite database: pb2b/p2p_listings.db
2024-12-29 09:32:19 - INFO - Database tables created successfully
2024-12-29 09:32:19 - INFO - Attempt 1/10: Loading https://www.bybit.com/fiat/trade/otc?actionType=1&token=USDT&fiat=NGN
2024-12-29 09:32:30 - INFO - Screenshot saved as 'pb2b/screenshots/bybit_page_20241229_093230.png'
2024-12-29 09:32:30 - INFO - Fetching BUY listings for USDT/EUR
2024-12-29 09:32:31 - INFO - Data successfully saved to SQLite database. New listings - Bybit: 4, Binance: 6
2024-12-29 09:32:31 - INFO - Browser session closed
2024-12-29 09:32:31 - INFO - SQLite database connection closed
2024-12-29 09:44:18 - INFO - Logging initialized. Log file: pb2b/logs/bybit_scraper_20241229.log
2024-12-29 09:44:19 - INFO - DataSaver logging initialized. Log file: pb2b/logs/data_saver_20241229.log
2024-12-29 09:44:19 - INFO - Connected to SQLite database: pb2b/p2p_listings.db
2024-12-29 09:44:19 - INFO - Database tables created successfully
2024-12-29 09:44:19 - INFO - Attempt 1/10: Loading https://www.bybit.com/fiat/trade/otc?actionType=1&token=USDT&fiat=NGN
2024-12-29 09:44:29 - INFO - Screenshot saved as 'pb2b/screenshots/bybit_page_20241229_094429.png'
2024-12-29 09:44:29 - INFO - Fetching BUY listings for USDT/EUR
2024-12-29 09:44:30 - INFO - Data successfully saved to SQLite database. New listings - Bybit: 4, Binance: 6
2024-12-29 09:44:30 - INFO - Browser session closed
2024-12-29 09:44:30 - INFO - SQLite database connection closed
2024-12-29 09:57:28 - INFO - Logging initialized. Log file: pb2b/logs/bybit_scraper_20241229.log
2024-12-29 09:57:29 - INFO - DataSaver logging initialized. Log file: pb2b/logs/data_saver_20241229.log
2024-12-29 09:57:29 - INFO - Connected to SQLite database: pb2b/p2p_listings.db
2024-12-29 09:57:29 - INFO - Database tables created successfully
2024-12-29 09:57:29 - INFO - Attempt 1/10: Loading https://www.bybit.com/fiat/trade/otc?actionType=1&token=USDT&fiat=NGN
2024-12-29 09:57:40 - INFO - Screenshot saved as 'pb2b/screenshots/bybit_page_20241229_095739.png'
2024-12-29 09:57:40 - INFO - Fetching BUY listings for USDT/EUR
2024-12-29 09:57:41 - INFO - Data successfully saved to SQLite database. New listings - Bybit: 4, Binance: 6
2024-12-29 09:57:41 - INFO - Browser session closed
2024-12-29 09:57:41 - INFO - SQLite database connection closed
2024-12-29 10:24:06 - INFO - Logging initialized. Log file: pb2b/logs/bybit_scraper_20241229.log
2024-12-29 10:24:07 - INFO - DataSaver logging initialized. Log file: pb2b/logs/data_saver_20241229.log
2024-12-29 10:24:07 - INFO - Connected to SQLite database: pb2b/p2p_listings.db
2024-12-29 10:24:07 - INFO - Database tables created successfully
2024-12-29 10:24:07 - INFO - Attempt 1/10: Loading https://www.bybit.com/fiat/trade/otc?actionType=1&token=USDT&fiat=NGN
2024-12-29 10:24:18 - INFO - Screenshot saved as 'pb2b/screenshots/bybit_page_20241229_102418.png'
2024-12-29 10:24:18 - INFO - Fetching BUY listings for USDT/EUR
2024-12-29 10:24:19 - INFO - Data successfully saved to SQLite database. New listings - Bybit: 4, Binance: 6
2024-12-29 10:24:19 - INFO - Browser session closed
2024-12-29 10:24:19 - INFO - SQLite database connection closed
2024-12-29 10:39:31 - INFO - Logging initialized. Log file: pb2b/logs/bybit_scraper_20241229.log
2024-12-29 10:39:32 - INFO - DataSaver logging initialized. Log file: pb2b/logs/data_saver_20241229.log
2024-12-29 10:39:32 - INFO - Connected to SQLite database: pb2b/p2p_listings.db
2024-12-29 10:39:32 - INFO - Database tables created successfully
2024-12-29 10:39:32 - INFO - Attempt 1/10: Loading https://www.bybit.com/fiat/trade/otc?actionType=1&token=USDT&fiat=NGN
2024-12-29 10:39:42 - INFO - Screenshot saved as 'pb2b/screenshots/bybit_page_20241229_103942.png'
2024-12-29 10:39:42 - INFO - Fetching BUY listings for USDT/EUR
2024-12-29 10:39:43 - INFO - Data successfully saved to SQLite database. New listings - Bybit: 4, Binance: 6
2024-12-29 10:39:43 - INFO - Browser session closed
2024-12-29 10:39:43 - INFO - SQLite database connection closed
