2026-02-28 02:29:33 - INFO - Logging initialized. Log file: pb2b/logs/bybit_scraper_20260228.log
2026-02-28 02:29:46 - INFO - DataSaver logging initialized. Log file: pb2b/logs/data_saver_20260228.log
2026-02-28 02:29:46 - INFO - Connected to SQLite database: pb2b/p2p_listings.db
2026-02-28 02:29:46 - INFO - Database tables created successfully
2026-02-28 02:29:46 - INFO - Attempt 1/10: Loading https://www.bybit.com/fiat/trade/otc?actionType=1&token=USDT&fiat=NGN
2026-02-28 02:29:56 - INFO - Screenshot saved as 'pb2b/screenshots/bybit_page_20260228_022956.png'
2026-02-28 02:29:56 - WARNING - Error parsing row: Message: no such element: Unable to locate element: {"method":"css selector","selector":"td:nth-child(2)"}
  (Session info: chrome=145.0.7632.116); For documentation on this error, please visit: https://www.selenium.dev/documentation/webdriver/troubleshooting/errors#nosuchelementexception
Stacktrace:
#0 0x5599f0aa2b6a <unknown>
#1 0x5599f04b5a32 <unknown>
#2 0x5599f050ad66 <unknown>
#3 0x5599f050afa1 <unknown>
#4 0x5599f04fe736 <unknown>
#5 0x5599f04fe617 <unknown>
#6 0x5599f0553369 <unknown>
#7 0x5599f04fcc0f <unknown>
#8 0x5599f04fd9d1 <unknown>
#9 0x5599f0a676b9 <unknown>
#10 0x5599f0a6a5c1 <unknown>
#11 0x5599f0a53e29 <unknown>
#12 0x5599f0a6b17e <unknown>
#13 0x5599f0a3a4b0 <unknown>
#14 0x5599f0a8f578 <unknown>
#15 0x5599f0a8f74b <unknown>
#16 0x5599f0aa11a3 <unknown>
#17 0x7fa4dce9caa4 <unknown>
#18 0x7fa4dcf29c6c <unknown>

2026-02-28 02:29:56 - WARNING - Error parsing row: Message: no such element: Unable to locate element: {"method":"css selector","selector":"td:nth-child(2)"}
  (Session info: chrome=145.0.7632.116); For documentation on this error, please visit: https://www.selenium.dev/documentation/webdriver/troubleshooting/errors#nosuchelementexception
Stacktrace:
#0 0x5599f0aa2b6a <unknown>
#1 0x5599f04b5a32 <unknown>
#2 0x5599f050ad66 <unknown>
#3 0x5599f050afa1 <unknown>
#4 0x5599f04fe736 <unknown>
#5 0x5599f04fe617 <unknown>
#6 0x5599f0553369 <unknown>
#7 0x5599f04fcc0f <unknown>
#8 0x5599f04fd9d1 <unknown>
#9 0x5599f0a676b9 <unknown>
#10 0x5599f0a6a5c1 <unknown>
#11 0x5599f0a53e29 <unknown>
#12 0x5599f0a6b17e <unknown>
#13 0x5599f0a3a4b0 <unknown>
#14 0x5599f0a8f578 <unknown>
#15 0x5599f0a8f74b <unknown>
#16 0x5599f0aa11a3 <unknown>
#17 0x7fa4dce9caa4 <unknown>
#18 0x7fa4dcf29c6c <unknown>

2026-02-28 02:29:57 - INFO - Fetching BUY listings for USDT/EUR
2026-02-28 02:29:57 - INFO - Data successfully saved to SQLite database. New listings - Bybit: 4, Binance: 6
2026-02-28 02:29:57 - INFO - Browser session closed
2026-02-28 02:29:57 - INFO - SQLite database connection closed
2026-02-28 04:11:36 - INFO - Logging initialized. Log file: pb2b/logs/bybit_scraper_20260228.log
2026-02-28 04:11:40 - INFO - DataSaver logging initialized. Log file: pb2b/logs/data_saver_20260228.log
2026-02-28 04:11:40 - INFO - Connected to SQLite database: pb2b/p2p_listings.db
2026-02-28 04:11:40 - INFO - Database tables created successfully
2026-02-28 04:11:40 - INFO - Attempt 1/10: Loading https://www.bybit.com/fiat/trade/otc?actionType=1&token=USDT&fiat=NGN
2026-02-28 04:11:49 - INFO - Screenshot saved as 'pb2b/screenshots/bybit_page_20260228_041149.png'
2026-02-28 04:11:49 - WARNING - Error parsing row: Message: no such element: Unable to locate element: {"method":"css selector","selector":"td:nth-child(2)"}
  (Session info: chrome=145.0.7632.116); For documentation on this error, please visit: https://www.selenium.dev/documentation/webdriver/troubleshooting/errors#nosuchelementexception
Stacktrace:
#0 0x563da8defb6a <unknown>
#1 0x563da8802a32 <unknown>
#2 0x563da8857d66 <unknown>
#3 0x563da8857fa1 <unknown>
#4 0x563da884b736 <unknown>
#5 0x563da884b617 <unknown>
#6 0x563da88a0369 <unknown>
#7 0x563da8849c0f <unknown>
#8 0x563da884a9d1 <unknown>
#9 0x563da8db46b9 <unknown>
#10 0x563da8db75c1 <unknown>
#11 0x563da8da0e29 <unknown>
#12 0x563da8db817e <unknown>
#13 0x563da8d874b0 <unknown>
#14 0x563da8ddc578 <unknown>
#15 0x563da8ddc74b <unknown>
#16 0x563da8dee1a3 <unknown>
#17 0x7f889ec9caa4 <unknown>
#18 0x7f889ed29c6c <unknown>

2026-02-28 04:11:49 - WARNING - Error parsing row: Message: no such element: Unable to locate element: {"method":"css selector","selector":"td:nth-child(2)"}
  (Session info: chrome=145.0.7632.116); For documentation on this error, please visit: https://www.selenium.dev/documentation/webdriver/troubleshooting/errors#nosuchelementexception
Stacktrace:
#0 0x563da8defb6a <unknown>
#1 0x563da8802a32 <unknown>
#2 0x563da8857d66 <unknown>
#3 0x563da8857fa1 <unknown>
#4 0x563da884b736 <unknown>
#5 0x563da884b617 <unknown>
#6 0x563da88a0369 <unknown>
#7 0x563da8849c0f <unknown>
#8 0x563da884a9d1 <unknown>
#9 0x563da8db46b9 <unknown>
#10 0x563da8db75c1 <unknown>
#11 0x563da8da0e29 <unknown>
#12 0x563da8db817e <unknown>
#13 0x563da8d874b0 <unknown>
#14 0x563da8ddc578 <unknown>
#15 0x563da8ddc74b <unknown>
#16 0x563da8dee1a3 <unknown>
#17 0x7f889ec9caa4 <unknown>
#18 0x7f889ed29c6c <unknown>

2026-02-28 04:11:49 - INFO - Fetching BUY listings for USDT/EUR
2026-02-28 04:11:50 - INFO - Data successfully saved to SQLite database. New listings - Bybit: 4, Binance: 6
2026-02-28 04:11:50 - INFO - Browser session closed
2026-02-28 04:11:50 - INFO - SQLite database connection closed
2026-02-28 05:09:04 - INFO - Logging initialized. Log file: pb2b/logs/bybit_scraper_20260228.log
2026-02-28 05:09:13 - INFO - DataSaver logging initialized. Log file: pb2b/logs/data_saver_20260228.log
2026-02-28 05:09:13 - INFO - Connected to SQLite database: pb2b/p2p_listings.db
2026-02-28 05:09:13 - INFO - Database tables created successfully
2026-02-28 05:09:13 - INFO - Attempt 1/10: Loading https://www.bybit.com/fiat/trade/otc?actionType=1&token=USDT&fiat=NGN
2026-02-28 05:09:23 - INFO - Screenshot saved as 'pb2b/screenshots/bybit_page_20260228_050923.png'
2026-02-28 05:09:23 - WARNING - Error parsing row: Message: no such element: Unable to locate element: {"method":"css selector","selector":"td:nth-child(2)"}
  (Session info: chrome=145.0.7632.116); For documentation on this error, please visit: https://www.selenium.dev/documentation/webdriver/troubleshooting/errors#nosuchelementexception
Stacktrace:
#0 0x5634a614cb6a <unknown>
#1 0x5634a5b5fa32 <unknown>
#2 0x5634a5bb4d66 <unknown>
#3 0x5634a5bb4fa1 <unknown>
#4 0x5634a5ba8736 <unknown>
#5 0x5634a5ba8617 <unknown>
#6 0x5634a5bfd369 <unknown>
#7 0x5634a5ba6c0f <unknown>
#8 0x5634a5ba79d1 <unknown>
#9 0x5634a61116b9 <unknown>
#10 0x5634a61145c1 <unknown>
#11 0x5634a60fde29 <unknown>
#12 0x5634a611517e <unknown>
#13 0x5634a60e44b0 <unknown>
#14 0x5634a6139578 <unknown>
#15 0x5634a613974b <unknown>
#16 0x5634a614b1a3 <unknown>
#17 0x7f38df09caa4 <unknown>
#18 0x7f38df129c6c <unknown>

2026-02-28 05:09:23 - WARNING - Error parsing row: Message: no such element: Unable to locate element: {"method":"css selector","selector":"td:nth-child(2)"}
  (Session info: chrome=145.0.7632.116); For documentation on this error, please visit: https://www.selenium.dev/documentation/webdriver/troubleshooting/errors#nosuchelementexception
Stacktrace:
#0 0x5634a614cb6a <unknown>
#1 0x5634a5b5fa32 <unknown>
#2 0x5634a5bb4d66 <unknown>
#3 0x5634a5bb4fa1 <unknown>
#4 0x5634a5ba8736 <unknown>
#5 0x5634a5ba8617 <unknown>
#6 0x5634a5bfd369 <unknown>
#7 0x5634a5ba6c0f <unknown>
#8 0x5634a5ba79d1 <unknown>
#9 0x5634a61116b9 <unknown>
#10 0x5634a61145c1 <unknown>
#11 0x5634a60fde29 <unknown>
#12 0x5634a611517e <unknown>
#13 0x5634a60e44b0 <unknown>
#14 0x5634a6139578 <unknown>
#15 0x5634a613974b <unknown>
#16 0x5634a614b1a3 <unknown>
#17 0x7f38df09caa4 <unknown>
#18 0x7f38df129c6c <unknown>

2026-02-28 05:09:23 - INFO - Fetching BUY listings for USDT/EUR
2026-02-28 05:09:24 - INFO - Data successfully saved to SQLite database. New listings - Bybit: 4, Binance: 6
2026-02-28 05:09:24 - INFO - Browser session closed
2026-02-28 05:09:24 - INFO - SQLite database connection closed
