2025-04-29 02:05:46 - INFO - Logging initialized. Log file: pb2b/logs/bybit_scraper_20250429.log
2025-04-29 02:05:47 - INFO - DataSaver logging initialized. Log file: pb2b/logs/data_saver_20250429.log
2025-04-29 02:05:47 - INFO - Connected to SQLite database: pb2b/p2p_listings.db
2025-04-29 02:05:47 - INFO - Database tables created successfully
2025-04-29 02:05:47 - INFO - Attempt 1/10: Loading https://www.bybit.com/fiat/trade/otc?actionType=1&token=USDT&fiat=NGN
2025-04-29 02:05:56 - INFO - Screenshot saved as 'pb2b/screenshots/bybit_page_20250429_020556.png'
2025-04-29 02:05:57 - INFO - Fetching BUY listings for USDT/EUR
2025-04-29 02:05:57 - INFO - Data successfully saved to SQLite database. New listings - Bybit: 4, Binance: 6
2025-04-29 02:05:57 - INFO - Browser session closed
2025-04-29 02:05:57 - INFO - SQLite database connection closed
2025-04-29 03:14:42 - INFO - Logging initialized. Log file: pb2b/logs/bybit_scraper_20250429.log
2025-04-29 03:14:43 - INFO - DataSaver logging initialized. Log file: pb2b/logs/data_saver_20250429.log
2025-04-29 03:14:43 - INFO - Connected to SQLite database: pb2b/p2p_listings.db
2025-04-29 03:14:43 - INFO - Database tables created successfully
2025-04-29 03:14:43 - INFO - Attempt 1/10: Loading https://www.bybit.com/fiat/trade/otc?actionType=1&token=USDT&fiat=NGN
2025-04-29 03:14:53 - INFO - Screenshot saved as 'pb2b/screenshots/bybit_page_20250429_031452.png'
2025-04-29 03:14:53 - INFO - Fetching BUY listings for USDT/EUR
2025-04-29 03:14:54 - INFO - Data successfully saved to SQLite database. New listings - Bybit: 4, Binance: 6
2025-04-29 03:14:54 - INFO - Browser session closed
2025-04-29 03:14:54 - INFO - SQLite database connection closed
