2026-02-26 01:09:13 - INFO - Logging initialized. Log file: pb2b/logs/bybit_scraper_20260226.log
2026-02-26 01:09:40 - INFO - DataSaver logging initialized. Log file: pb2b/logs/data_saver_20260226.log
2026-02-26 01:09:40 - INFO - Connected to SQLite database: pb2b/p2p_listings.db
2026-02-26 01:09:40 - INFO - Database tables created successfully
2026-02-26 01:09:40 - INFO - Attempt 1/10: Loading https://www.bybit.com/fiat/trade/otc?actionType=1&token=USDT&fiat=NGN
2026-02-26 01:09:53 - INFO - Screenshot saved as 'pb2b/screenshots/bybit_page_20260226_010953.png'
2026-02-26 01:09:53 - WARNING - Error parsing row: Message: no such element: Unable to locate element: {"method":"css selector","selector":"td:nth-child(2)"}
  (Session info: chrome=145.0.7632.116); For documentation on this error, please visit: https://www.selenium.dev/documentation/webdriver/troubleshooting/errors#nosuchelementexception
Stacktrace:
#0 0x55c46b5c6b6a <unknown>
#1 0x55c46afd9a32 <unknown>
#2 0x55c46b02ed66 <unknown>
#3 0x55c46b02efa1 <unknown>
#4 0x55c46b022736 <unknown>
#5 0x55c46b022617 <unknown>
#6 0x55c46b077369 <unknown>
#7 0x55c46b020c0f <unknown>
#8 0x55c46b0219d1 <unknown>
#9 0x55c46b58b6b9 <unknown>
#10 0x55c46b58e5c1 <unknown>
#11 0x55c46b577e29 <unknown>
#12 0x55c46b58f17e <unknown>
#13 0x55c46b55e4b0 <unknown>
#14 0x55c46b5b3578 <unknown>
#15 0x55c46b5b374b <unknown>
#16 0x55c46b5c51a3 <unknown>
#17 0x7f087849caa4 <unknown>
#18 0x7f0878529c6c <unknown>

2026-02-26 01:09:54 - INFO - Fetching BUY listings for USDT/EUR
2026-02-26 01:09:54 - INFO - Data successfully saved to SQLite database. New listings - Bybit: 4, Binance: 6
2026-02-26 01:09:55 - INFO - Browser session closed
2026-02-26 01:09:55 - INFO - SQLite database connection closed
2026-02-26 03:46:13 - INFO - Logging initialized. Log file: pb2b/logs/bybit_scraper_20260226.log
2026-02-26 03:46:19 - INFO - DataSaver logging initialized. Log file: pb2b/logs/data_saver_20260226.log
2026-02-26 03:46:19 - INFO - Connected to SQLite database: pb2b/p2p_listings.db
2026-02-26 03:46:19 - INFO - Database tables created successfully
2026-02-26 03:46:19 - INFO - Attempt 1/10: Loading https://www.bybit.com/fiat/trade/otc?actionType=1&token=USDT&fiat=NGN
2026-02-26 03:46:29 - INFO - Screenshot saved as 'pb2b/screenshots/bybit_page_20260226_034629.png'
2026-02-26 03:46:29 - WARNING - Error parsing row: Message: no such element: Unable to locate element: {"method":"css selector","selector":"td:nth-child(2)"}
  (Session info: chrome=145.0.7632.116); For documentation on this error, please visit: https://www.selenium.dev/documentation/webdriver/troubleshooting/errors#nosuchelementexception
Stacktrace:
#0 0x55e698feab6a <unknown>
#1 0x55e6989fda32 <unknown>
#2 0x55e698a52d66 <unknown>
#3 0x55e698a52fa1 <unknown>
#4 0x55e698a46736 <unknown>
#5 0x55e698a46617 <unknown>
#6 0x55e698a9b369 <unknown>
#7 0x55e698a44c0f <unknown>
#8 0x55e698a459d1 <unknown>
#9 0x55e698faf6b9 <unknown>
#10 0x55e698fb25c1 <unknown>
#11 0x55e698f9be29 <unknown>
#12 0x55e698fb317e <unknown>
#13 0x55e698f824b0 <unknown>
#14 0x55e698fd7578 <unknown>
#15 0x55e698fd774b <unknown>
#16 0x55e698fe91a3 <unknown>
#17 0x7fa4f969caa4 <unknown>
#18 0x7fa4f9729c6c <unknown>

2026-02-26 03:46:29 - INFO - Fetching BUY listings for USDT/EUR
2026-02-26 03:46:30 - INFO - Data successfully saved to SQLite database. New listings - Bybit: 4, Binance: 6
2026-02-26 03:46:30 - INFO - Browser session closed
2026-02-26 03:46:30 - INFO - SQLite database connection closed
