2026-04-17 05:57:17 - INFO - Logging initialized. Log file: pb2b/logs/bybit_scraper_20260417.log
2026-04-17 05:57:17 - INFO - DataSaver logging initialized. Log file: pb2b/logs/data_saver_20260417.log
2026-04-17 05:57:17 - INFO - Connected to SQLite database: pb2b/p2p_listings.db
2026-04-17 05:57:17 - INFO - Database tables created successfully
2026-04-17 05:57:17 - INFO - Attempt 1/10: Loading https://www.bybit.com/fiat/trade/otc?actionType=1&token=USDT&fiat=NGN
2026-04-17 05:57:25 - INFO - Screenshot saved as 'pb2b/screenshots/bybit_page_20260417_055725.png'
2026-04-17 05:57:25 - WARNING - Error parsing row: Message: no such element: Unable to locate element: {"method":"css selector","selector":"td:nth-child(2)"}
  (Session info: chrome=147.0.7727.101); For documentation on this error, please visit: https://www.selenium.dev/documentation/webdriver/troubleshooting/errors#nosuchelementexception
Stacktrace:
#0 0x55618c152b6a <unknown>
#1 0x55618bb54265 <unknown>
#2 0x55618bba6f76 <unknown>
#3 0x55618bba71b1 <unknown>
#4 0x55618bb9bf26 <unknown>
#5 0x55618bb9be07 <unknown>
#6 0x55618bbef969 <unknown>
#7 0x55618bb9a5cf <unknown>
#8 0x55618bb9b391 <unknown>
#9 0x55618c11804b <unknown>
#10 0x55618c11b00d <unknown>
#11 0x55618c104808 <unknown>
#12 0x55618c11bba0 <unknown>
#13 0x55618c0eb280 <unknown>
#14 0x55618c13fdb8 <unknown>
#15 0x55618c13ff88 <unknown>
#16 0x55618c1515de <unknown>
#17 0x7f1349c9caa4 <unknown>
#18 0x7f1349d29c6c <unknown>

2026-04-17 05:57:25 - WARNING - Error parsing row: Message: no such element: Unable to locate element: {"method":"css selector","selector":"td:nth-child(2)"}
  (Session info: chrome=147.0.7727.101); For documentation on this error, please visit: https://www.selenium.dev/documentation/webdriver/troubleshooting/errors#nosuchelementexception
Stacktrace:
#0 0x55618c152b6a <unknown>
#1 0x55618bb54265 <unknown>
#2 0x55618bba6f76 <unknown>
#3 0x55618bba71b1 <unknown>
#4 0x55618bb9bf26 <unknown>
#5 0x55618bb9be07 <unknown>
#6 0x55618bbef969 <unknown>
#7 0x55618bb9a5cf <unknown>
#8 0x55618bb9b391 <unknown>
#9 0x55618c11804b <unknown>
#10 0x55618c11b00d <unknown>
#11 0x55618c104808 <unknown>
#12 0x55618c11bba0 <unknown>
#13 0x55618c0eb280 <unknown>
#14 0x55618c13fdb8 <unknown>
#15 0x55618c13ff88 <unknown>
#16 0x55618c1515de <unknown>
#17 0x7f1349c9caa4 <unknown>
#18 0x7f1349d29c6c <unknown>

2026-04-17 05:57:25 - INFO - Fetching BUY listings for USDT/EUR
2026-04-17 05:57:26 - INFO - Data successfully saved to SQLite database. New listings - Bybit: 4, Binance: 6
2026-04-17 05:57:26 - INFO - Browser session closed
2026-04-17 05:57:26 - INFO - SQLite database connection closed
2026-04-17 10:27:41 - INFO - Logging initialized. Log file: pb2b/logs/bybit_scraper_20260417.log
2026-04-17 10:27:42 - INFO - DataSaver logging initialized. Log file: pb2b/logs/data_saver_20260417.log
2026-04-17 10:27:42 - INFO - Connected to SQLite database: pb2b/p2p_listings.db
2026-04-17 10:27:42 - INFO - Database tables created successfully
2026-04-17 10:27:42 - INFO - Attempt 1/10: Loading https://www.bybit.com/fiat/trade/otc?actionType=1&token=USDT&fiat=NGN
2026-04-17 10:27:49 - INFO - Screenshot saved as 'pb2b/screenshots/bybit_page_20260417_102749.png'
2026-04-17 10:27:49 - WARNING - Error parsing row: Message: no such element: Unable to locate element: {"method":"css selector","selector":"td:nth-child(2)"}
  (Session info: chrome=147.0.7727.101); For documentation on this error, please visit: https://www.selenium.dev/documentation/webdriver/troubleshooting/errors#nosuchelementexception
Stacktrace:
#0 0x55a6793bbb6a <unknown>
#1 0x55a678dbd265 <unknown>
#2 0x55a678e0ff76 <unknown>
#3 0x55a678e101b1 <unknown>
#4 0x55a678e04f26 <unknown>
#5 0x55a678e04e07 <unknown>
#6 0x55a678e58969 <unknown>
#7 0x55a678e035cf <unknown>
#8 0x55a678e04391 <unknown>
#9 0x55a67938104b <unknown>
#10 0x55a67938400d <unknown>
#11 0x55a67936d808 <unknown>
#12 0x55a679384ba0 <unknown>
#13 0x55a679354280 <unknown>
#14 0x55a6793a8db8 <unknown>
#15 0x55a6793a8f88 <unknown>
#16 0x55a6793ba5de <unknown>
#17 0x7f6c5ac9caa4 <unknown>
#18 0x7f6c5ad29c6c <unknown>

2026-04-17 10:27:49 - WARNING - Error parsing row: Message: no such element: Unable to locate element: {"method":"css selector","selector":"td:nth-child(2)"}
  (Session info: chrome=147.0.7727.101); For documentation on this error, please visit: https://www.selenium.dev/documentation/webdriver/troubleshooting/errors#nosuchelementexception
Stacktrace:
#0 0x55a6793bbb6a <unknown>
#1 0x55a678dbd265 <unknown>
#2 0x55a678e0ff76 <unknown>
#3 0x55a678e101b1 <unknown>
#4 0x55a678e04f26 <unknown>
#5 0x55a678e04e07 <unknown>
#6 0x55a678e58969 <unknown>
#7 0x55a678e035cf <unknown>
#8 0x55a678e04391 <unknown>
#9 0x55a67938104b <unknown>
#10 0x55a67938400d <unknown>
#11 0x55a67936d808 <unknown>
#12 0x55a679384ba0 <unknown>
#13 0x55a679354280 <unknown>
#14 0x55a6793a8db8 <unknown>
#15 0x55a6793a8f88 <unknown>
#16 0x55a6793ba5de <unknown>
#17 0x7f6c5ac9caa4 <unknown>
#18 0x7f6c5ad29c6c <unknown>

2026-04-17 10:27:49 - INFO - Fetching BUY listings for USDT/EUR
2026-04-17 10:27:50 - INFO - Data successfully saved to SQLite database. New listings - Bybit: 4, Binance: 6
2026-04-17 10:27:50 - INFO - Browser session closed
2026-04-17 10:27:50 - INFO - SQLite database connection closed
2026-04-17 12:46:11 - INFO - Logging initialized. Log file: pb2b/logs/bybit_scraper_20260417.log
2026-04-17 12:46:12 - INFO - DataSaver logging initialized. Log file: pb2b/logs/data_saver_20260417.log
2026-04-17 12:46:12 - INFO - Connected to SQLite database: pb2b/p2p_listings.db
2026-04-17 12:46:12 - INFO - Database tables created successfully
2026-04-17 12:46:12 - INFO - Attempt 1/10: Loading https://www.bybit.com/fiat/trade/otc?actionType=1&token=USDT&fiat=NGN
2026-04-17 12:46:20 - INFO - Screenshot saved as 'pb2b/screenshots/bybit_page_20260417_124620.png'
2026-04-17 12:46:20 - WARNING - Error parsing row: Message: no such element: Unable to locate element: {"method":"css selector","selector":"td:nth-child(2)"}
  (Session info: chrome=147.0.7727.101); For documentation on this error, please visit: https://www.selenium.dev/documentation/webdriver/troubleshooting/errors#nosuchelementexception
Stacktrace:
#0 0x560ad2072b6a <unknown>
#1 0x560ad1a74265 <unknown>
#2 0x560ad1ac6f76 <unknown>
#3 0x560ad1ac71b1 <unknown>
#4 0x560ad1abbf26 <unknown>
#5 0x560ad1abbe07 <unknown>
#6 0x560ad1b0f969 <unknown>
#7 0x560ad1aba5cf <unknown>
#8 0x560ad1abb391 <unknown>
#9 0x560ad203804b <unknown>
#10 0x560ad203b00d <unknown>
#11 0x560ad2024808 <unknown>
#12 0x560ad203bba0 <unknown>
#13 0x560ad200b280 <unknown>
#14 0x560ad205fdb8 <unknown>
#15 0x560ad205ff88 <unknown>
#16 0x560ad20715de <unknown>
#17 0x7f0bce49caa4 <unknown>
#18 0x7f0bce529c6c <unknown>

2026-04-17 12:46:20 - WARNING - Error parsing row: Message: no such element: Unable to locate element: {"method":"css selector","selector":"td:nth-child(2)"}
  (Session info: chrome=147.0.7727.101); For documentation on this error, please visit: https://www.selenium.dev/documentation/webdriver/troubleshooting/errors#nosuchelementexception
Stacktrace:
#0 0x560ad2072b6a <unknown>
#1 0x560ad1a74265 <unknown>
#2 0x560ad1ac6f76 <unknown>
#3 0x560ad1ac71b1 <unknown>
#4 0x560ad1abbf26 <unknown>
#5 0x560ad1abbe07 <unknown>
#6 0x560ad1b0f969 <unknown>
#7 0x560ad1aba5cf <unknown>
#8 0x560ad1abb391 <unknown>
#9 0x560ad203804b <unknown>
#10 0x560ad203b00d <unknown>
#11 0x560ad2024808 <unknown>
#12 0x560ad203bba0 <unknown>
#13 0x560ad200b280 <unknown>
#14 0x560ad205fdb8 <unknown>
#15 0x560ad205ff88 <unknown>
#16 0x560ad20715de <unknown>
#17 0x7f0bce49caa4 <unknown>
#18 0x7f0bce529c6c <unknown>

2026-04-17 12:46:20 - INFO - Fetching BUY listings for USDT/EUR
2026-04-17 12:46:21 - INFO - Data successfully saved to SQLite database. New listings - Bybit: 3, Binance: 6
2026-04-17 12:46:21 - INFO - Browser session closed
2026-04-17 12:46:21 - INFO - SQLite database connection closed
2026-04-17 14:14:16 - INFO - Logging initialized. Log file: pb2b/logs/bybit_scraper_20260417.log
2026-04-17 14:14:16 - INFO - DataSaver logging initialized. Log file: pb2b/logs/data_saver_20260417.log
2026-04-17 14:14:16 - INFO - Connected to SQLite database: pb2b/p2p_listings.db
2026-04-17 14:14:16 - INFO - Database tables created successfully
2026-04-17 14:14:16 - INFO - Attempt 1/10: Loading https://www.bybit.com/fiat/trade/otc?actionType=1&token=USDT&fiat=NGN
2026-04-17 14:14:24 - INFO - Screenshot saved as 'pb2b/screenshots/bybit_page_20260417_141424.png'
2026-04-17 14:14:24 - WARNING - Error parsing row: Message: no such element: Unable to locate element: {"method":"css selector","selector":"td:nth-child(2)"}
  (Session info: chrome=147.0.7727.101); For documentation on this error, please visit: https://www.selenium.dev/documentation/webdriver/troubleshooting/errors#nosuchelementexception
Stacktrace:
#0 0x55917098fb6a <unknown>
#1 0x559170391265 <unknown>
#2 0x5591703e3f76 <unknown>
#3 0x5591703e41b1 <unknown>
#4 0x5591703d8f26 <unknown>
#5 0x5591703d8e07 <unknown>
#6 0x55917042c969 <unknown>
#7 0x5591703d75cf <unknown>
#8 0x5591703d8391 <unknown>
#9 0x55917095504b <unknown>
#10 0x55917095800d <unknown>
#11 0x559170941808 <unknown>
#12 0x559170958ba0 <unknown>
#13 0x559170928280 <unknown>
#14 0x55917097cdb8 <unknown>
#15 0x55917097cf88 <unknown>
#16 0x55917098e5de <unknown>
#17 0x7f442869caa4 <unknown>
#18 0x7f4428729c6c <unknown>

2026-04-17 14:14:24 - WARNING - Error parsing row: Message: no such element: Unable to locate element: {"method":"css selector","selector":"td:nth-child(2)"}
  (Session info: chrome=147.0.7727.101); For documentation on this error, please visit: https://www.selenium.dev/documentation/webdriver/troubleshooting/errors#nosuchelementexception
Stacktrace:
#0 0x55917098fb6a <unknown>
#1 0x559170391265 <unknown>
#2 0x5591703e3f76 <unknown>
#3 0x5591703e41b1 <unknown>
#4 0x5591703d8f26 <unknown>
#5 0x5591703d8e07 <unknown>
#6 0x55917042c969 <unknown>
#7 0x5591703d75cf <unknown>
#8 0x5591703d8391 <unknown>
#9 0x55917095504b <unknown>
#10 0x55917095800d <unknown>
#11 0x559170941808 <unknown>
#12 0x559170958ba0 <unknown>
#13 0x559170928280 <unknown>
#14 0x55917097cdb8 <unknown>
#15 0x55917097cf88 <unknown>
#16 0x55917098e5de <unknown>
#17 0x7f442869caa4 <unknown>
#18 0x7f4428729c6c <unknown>

2026-04-17 14:14:24 - INFO - Fetching BUY listings for USDT/EUR
2026-04-17 14:14:25 - INFO - Data successfully saved to SQLite database. New listings - Bybit: 3, Binance: 6
2026-04-17 14:14:25 - INFO - Browser session closed
2026-04-17 14:14:25 - INFO - SQLite database connection closed
