2025-06-11 00:58:09 - INFO - Logging initialized. Log file: pb2b/logs/bybit_scraper_20250611.log
2025-06-11 00:58:10 - INFO - DataSaver logging initialized. Log file: pb2b/logs/data_saver_20250611.log
2025-06-11 00:58:10 - INFO - Connected to SQLite database: pb2b/p2p_listings.db
2025-06-11 00:58:10 - INFO - Database tables created successfully
2025-06-11 00:58:10 - INFO - Attempt 1/10: Loading https://www.bybit.com/fiat/trade/otc?actionType=1&token=USDT&fiat=NGN
2025-06-11 00:58:20 - INFO - Screenshot saved as 'pb2b/screenshots/bybit_page_20250611_005820.png'
2025-06-11 00:58:20 - INFO - Fetching BUY listings for USDT/EUR
2025-06-11 00:58:21 - INFO - Data successfully saved to SQLite database. New listings - Bybit: 4, Binance: 6
2025-06-11 00:58:21 - INFO - Browser session closed
2025-06-11 00:58:21 - INFO - SQLite database connection closed
2025-06-11 03:44:20 - INFO - Logging initialized. Log file: pb2b/logs/bybit_scraper_20250611.log
2025-06-11 03:44:22 - INFO - DataSaver logging initialized. Log file: pb2b/logs/data_saver_20250611.log
2025-06-11 03:44:22 - INFO - Connected to SQLite database: pb2b/p2p_listings.db
2025-06-11 03:44:22 - INFO - Database tables created successfully
2025-06-11 03:44:22 - INFO - Attempt 1/10: Loading https://www.bybit.com/fiat/trade/otc?actionType=1&token=USDT&fiat=NGN
2025-06-11 03:44:30 - INFO - Screenshot saved as 'pb2b/screenshots/bybit_page_20250611_034430.png'
2025-06-11 03:44:30 - INFO - Fetching BUY listings for USDT/EUR
2025-06-11 03:44:31 - INFO - Data successfully saved to SQLite database. New listings - Bybit: 4, Binance: 6
2025-06-11 03:44:31 - INFO - Browser session closed
2025-06-11 03:44:31 - INFO - SQLite database connection closed
2025-06-11 04:20:23 - INFO - Logging initialized. Log file: pb2b/logs/bybit_scraper_20250611.log
2025-06-11 04:20:25 - INFO - DataSaver logging initialized. Log file: pb2b/logs/data_saver_20250611.log
2025-06-11 04:20:25 - INFO - Connected to SQLite database: pb2b/p2p_listings.db
2025-06-11 04:20:25 - INFO - Database tables created successfully
2025-06-11 04:20:25 - INFO - Attempt 1/10: Loading https://www.bybit.com/fiat/trade/otc?actionType=1&token=USDT&fiat=NGN
2025-06-11 04:20:33 - INFO - Screenshot saved as 'pb2b/screenshots/bybit_page_20250611_042033.png'
2025-06-11 04:20:34 - INFO - Fetching BUY listings for USDT/EUR
2025-06-11 04:20:34 - INFO - Data successfully saved to SQLite database. New listings - Bybit: 4, Binance: 6
2025-06-11 04:20:34 - INFO - Browser session closed
2025-06-11 04:20:34 - INFO - SQLite database connection closed
2025-06-11 04:49:13 - INFO - Logging initialized. Log file: pb2b/logs/bybit_scraper_20250611.log
2025-06-11 04:49:15 - INFO - DataSaver logging initialized. Log file: pb2b/logs/data_saver_20250611.log
2025-06-11 04:49:15 - INFO - Connected to SQLite database: pb2b/p2p_listings.db
2025-06-11 04:49:15 - INFO - Database tables created successfully
2025-06-11 04:49:15 - INFO - Attempt 1/10: Loading https://www.bybit.com/fiat/trade/otc?actionType=1&token=USDT&fiat=NGN
2025-06-11 04:49:24 - INFO - Screenshot saved as 'pb2b/screenshots/bybit_page_20250611_044924.png'
2025-06-11 04:49:24 - INFO - Fetching BUY listings for USDT/EUR
2025-06-11 04:49:25 - INFO - Data successfully saved to SQLite database. New listings - Bybit: 4, Binance: 6
2025-06-11 04:49:25 - INFO - Browser session closed
2025-06-11 04:49:25 - INFO - SQLite database connection closed
2025-06-11 05:11:51 - INFO - Logging initialized. Log file: pb2b/logs/bybit_scraper_20250611.log
2025-06-11 05:11:53 - INFO - DataSaver logging initialized. Log file: pb2b/logs/data_saver_20250611.log
2025-06-11 05:11:53 - INFO - Connected to SQLite database: pb2b/p2p_listings.db
2025-06-11 05:11:53 - INFO - Database tables created successfully
2025-06-11 05:11:53 - INFO - Attempt 1/10: Loading https://www.bybit.com/fiat/trade/otc?actionType=1&token=USDT&fiat=NGN
2025-06-11 05:12:01 - INFO - Screenshot saved as 'pb2b/screenshots/bybit_page_20250611_051201.png'
2025-06-11 05:12:01 - INFO - Fetching BUY listings for USDT/EUR
2025-06-11 05:12:02 - INFO - Data successfully saved to SQLite database. New listings - Bybit: 4, Binance: 6
2025-06-11 05:12:02 - INFO - Browser session closed
2025-06-11 05:12:02 - INFO - SQLite database connection closed
2025-06-11 05:39:04 - INFO - Logging initialized. Log file: pb2b/logs/bybit_scraper_20250611.log
2025-06-11 05:39:05 - INFO - DataSaver logging initialized. Log file: pb2b/logs/data_saver_20250611.log
2025-06-11 05:39:05 - INFO - Connected to SQLite database: pb2b/p2p_listings.db
2025-06-11 05:39:05 - INFO - Database tables created successfully
2025-06-11 05:39:05 - INFO - Attempt 1/10: Loading https://www.bybit.com/fiat/trade/otc?actionType=1&token=USDT&fiat=NGN
2025-06-11 05:39:13 - INFO - Screenshot saved as 'pb2b/screenshots/bybit_page_20250611_053913.png'
2025-06-11 05:39:14 - INFO - Fetching BUY listings for USDT/EUR
2025-06-11 05:39:14 - INFO - Data successfully saved to SQLite database. New listings - Bybit: 4, Binance: 6
2025-06-11 05:39:14 - INFO - Browser session closed
2025-06-11 05:39:14 - INFO - SQLite database connection closed
2025-06-11 05:54:31 - INFO - Logging initialized. Log file: pb2b/logs/bybit_scraper_20250611.log
2025-06-11 05:54:33 - INFO - DataSaver logging initialized. Log file: pb2b/logs/data_saver_20250611.log
2025-06-11 05:54:33 - INFO - Connected to SQLite database: pb2b/p2p_listings.db
2025-06-11 05:54:33 - INFO - Database tables created successfully
2025-06-11 05:54:33 - INFO - Attempt 1/10: Loading https://www.bybit.com/fiat/trade/otc?actionType=1&token=USDT&fiat=NGN
2025-06-11 05:54:42 - INFO - Screenshot saved as 'pb2b/screenshots/bybit_page_20250611_055442.png'
2025-06-11 05:54:43 - INFO - Fetching BUY listings for USDT/EUR
2025-06-11 05:54:43 - INFO - Data successfully saved to SQLite database. New listings - Bybit: 4, Binance: 6
2025-06-11 05:54:44 - INFO - Browser session closed
2025-06-11 05:54:44 - INFO - SQLite database connection closed
2025-06-11 06:29:40 - INFO - Logging initialized. Log file: pb2b/logs/bybit_scraper_20250611.log
2025-06-11 06:29:41 - INFO - DataSaver logging initialized. Log file: pb2b/logs/data_saver_20250611.log
2025-06-11 06:29:41 - INFO - Connected to SQLite database: pb2b/p2p_listings.db
2025-06-11 06:29:41 - INFO - Database tables created successfully
2025-06-11 06:29:41 - INFO - Attempt 1/10: Loading https://www.bybit.com/fiat/trade/otc?actionType=1&token=USDT&fiat=NGN
2025-06-11 06:29:50 - INFO - Screenshot saved as 'pb2b/screenshots/bybit_page_20250611_062949.png'
2025-06-11 06:29:50 - INFO - Fetching BUY listings for USDT/EUR
2025-06-11 06:29:51 - INFO - Data successfully saved to SQLite database. New listings - Bybit: 4, Binance: 6
2025-06-11 06:29:51 - INFO - Browser session closed
2025-06-11 06:29:51 - INFO - SQLite database connection closed
2025-06-11 07:22:50 - INFO - Logging initialized. Log file: pb2b/logs/bybit_scraper_20250611.log
2025-06-11 07:22:52 - INFO - DataSaver logging initialized. Log file: pb2b/logs/data_saver_20250611.log
2025-06-11 07:22:52 - INFO - Connected to SQLite database: pb2b/p2p_listings.db
2025-06-11 07:22:52 - INFO - Database tables created successfully
2025-06-11 07:22:52 - INFO - Attempt 1/10: Loading https://www.bybit.com/fiat/trade/otc?actionType=1&token=USDT&fiat=NGN
2025-06-11 07:23:02 - INFO - Screenshot saved as 'pb2b/screenshots/bybit_page_20250611_072301.png'
2025-06-11 07:23:02 - INFO - Fetching BUY listings for USDT/EUR
2025-06-11 07:23:03 - INFO - Data successfully saved to SQLite database. New listings - Bybit: 4, Binance: 6
2025-06-11 07:23:03 - INFO - Browser session closed
2025-06-11 07:23:03 - INFO - SQLite database connection closed
