2025-05-24 02:04:19 - INFO - Logging initialized. Log file: pb2b/logs/bybit_scraper_20250524.log
2025-05-24 02:04:20 - INFO - DataSaver logging initialized. Log file: pb2b/logs/data_saver_20250524.log
2025-05-24 02:04:20 - INFO - Connected to SQLite database: pb2b/p2p_listings.db
2025-05-24 02:04:20 - INFO - Database tables created successfully
2025-05-24 02:04:20 - INFO - Attempt 1/10: Loading https://www.bybit.com/fiat/trade/otc?actionType=1&token=USDT&fiat=NGN
2025-05-24 02:04:29 - INFO - Screenshot saved as 'pb2b/screenshots/bybit_page_20250524_020429.png'
2025-05-24 02:04:29 - INFO - Fetching BUY listings for USDT/EUR
2025-05-24 02:04:30 - INFO - Data successfully saved to SQLite database. New listings - Bybit: 4, Binance: 6
2025-05-24 02:04:30 - INFO - Browser session closed
2025-05-24 02:04:30 - INFO - SQLite database connection closed
2025-05-24 03:14:31 - INFO - Logging initialized. Log file: pb2b/logs/bybit_scraper_20250524.log
2025-05-24 03:14:32 - INFO - DataSaver logging initialized. Log file: pb2b/logs/data_saver_20250524.log
2025-05-24 03:14:32 - INFO - Connected to SQLite database: pb2b/p2p_listings.db
2025-05-24 03:14:32 - INFO - Database tables created successfully
2025-05-24 03:14:32 - INFO - Attempt 1/10: Loading https://www.bybit.com/fiat/trade/otc?actionType=1&token=USDT&fiat=NGN
2025-05-24 03:14:42 - INFO - Screenshot saved as 'pb2b/screenshots/bybit_page_20250524_031441.png'
2025-05-24 03:14:42 - INFO - Fetching BUY listings for USDT/EUR
2025-05-24 03:14:43 - INFO - Data successfully saved to SQLite database. New listings - Bybit: 4, Binance: 6
2025-05-24 03:14:43 - INFO - Browser session closed
2025-05-24 03:14:43 - INFO - SQLite database connection closed
2025-05-24 03:49:20 - INFO - Logging initialized. Log file: pb2b/logs/bybit_scraper_20250524.log
2025-05-24 03:49:21 - INFO - DataSaver logging initialized. Log file: pb2b/logs/data_saver_20250524.log
2025-05-24 03:49:21 - INFO - Connected to SQLite database: pb2b/p2p_listings.db
2025-05-24 03:49:21 - INFO - Database tables created successfully
2025-05-24 03:49:21 - INFO - Attempt 1/10: Loading https://www.bybit.com/fiat/trade/otc?actionType=1&token=USDT&fiat=NGN
2025-05-24 03:49:30 - INFO - Screenshot saved as 'pb2b/screenshots/bybit_page_20250524_034930.png'
2025-05-24 03:49:31 - INFO - Fetching BUY listings for USDT/EUR
2025-05-24 03:49:32 - INFO - Data successfully saved to SQLite database. New listings - Bybit: 4, Binance: 6
2025-05-24 03:49:32 - INFO - Browser session closed
2025-05-24 03:49:32 - INFO - SQLite database connection closed
2025-05-24 04:01:32 - INFO - Logging initialized. Log file: pb2b/logs/bybit_scraper_20250524.log
2025-05-24 04:01:33 - INFO - DataSaver logging initialized. Log file: pb2b/logs/data_saver_20250524.log
2025-05-24 04:01:33 - INFO - Connected to SQLite database: pb2b/p2p_listings.db
2025-05-24 04:01:33 - INFO - Database tables created successfully
2025-05-24 04:01:33 - INFO - Attempt 1/10: Loading https://www.bybit.com/fiat/trade/otc?actionType=1&token=USDT&fiat=NGN
2025-05-24 04:01:43 - INFO - Screenshot saved as 'pb2b/screenshots/bybit_page_20250524_040143.png'
2025-05-24 04:01:43 - INFO - Fetching BUY listings for USDT/EUR
2025-05-24 04:01:44 - INFO - Data successfully saved to SQLite database. New listings - Bybit: 4, Binance: 6
2025-05-24 04:01:44 - INFO - Browser session closed
2025-05-24 04:01:44 - INFO - SQLite database connection closed
2025-05-24 04:34:22 - INFO - Logging initialized. Log file: pb2b/logs/bybit_scraper_20250524.log
2025-05-24 04:34:23 - INFO - DataSaver logging initialized. Log file: pb2b/logs/data_saver_20250524.log
2025-05-24 04:34:23 - INFO - Connected to SQLite database: pb2b/p2p_listings.db
2025-05-24 04:34:23 - INFO - Database tables created successfully
2025-05-24 04:34:23 - INFO - Attempt 1/10: Loading https://www.bybit.com/fiat/trade/otc?actionType=1&token=USDT&fiat=NGN
2025-05-24 04:34:33 - INFO - Screenshot saved as 'pb2b/screenshots/bybit_page_20250524_043433.png'
2025-05-24 04:34:34 - INFO - Fetching BUY listings for USDT/EUR
2025-05-24 04:34:34 - INFO - Data successfully saved to SQLite database. New listings - Bybit: 4, Binance: 6
2025-05-24 04:34:34 - INFO - Browser session closed
2025-05-24 04:34:34 - INFO - SQLite database connection closed
2025-05-24 04:52:03 - INFO - Logging initialized. Log file: pb2b/logs/bybit_scraper_20250524.log
2025-05-24 04:52:04 - INFO - DataSaver logging initialized. Log file: pb2b/logs/data_saver_20250524.log
2025-05-24 04:52:04 - INFO - Connected to SQLite database: pb2b/p2p_listings.db
2025-05-24 04:52:04 - INFO - Database tables created successfully
2025-05-24 04:52:04 - INFO - Attempt 1/10: Loading https://www.bybit.com/fiat/trade/otc?actionType=1&token=USDT&fiat=NGN
2025-05-24 04:52:13 - INFO - Screenshot saved as 'pb2b/screenshots/bybit_page_20250524_045213.png'
2025-05-24 04:52:14 - INFO - Fetching BUY listings for USDT/EUR
2025-05-24 04:52:14 - INFO - Data successfully saved to SQLite database. New listings - Bybit: 4, Binance: 6
2025-05-24 04:52:14 - INFO - Browser session closed
2025-05-24 04:52:14 - INFO - SQLite database connection closed
2025-05-24 05:13:29 - INFO - Logging initialized. Log file: pb2b/logs/bybit_scraper_20250524.log
2025-05-24 05:13:30 - INFO - DataSaver logging initialized. Log file: pb2b/logs/data_saver_20250524.log
2025-05-24 05:13:30 - INFO - Connected to SQLite database: pb2b/p2p_listings.db
2025-05-24 05:13:30 - INFO - Database tables created successfully
2025-05-24 05:13:30 - INFO - Attempt 1/10: Loading https://www.bybit.com/fiat/trade/otc?actionType=1&token=USDT&fiat=NGN
2025-05-24 05:13:41 - INFO - Screenshot saved as 'pb2b/screenshots/bybit_page_20250524_051341.png'
2025-05-24 05:13:41 - INFO - Fetching BUY listings for USDT/EUR
2025-05-24 05:13:42 - INFO - Data successfully saved to SQLite database. New listings - Bybit: 4, Binance: 6
2025-05-24 05:13:42 - INFO - Browser session closed
2025-05-24 05:13:42 - INFO - SQLite database connection closed
2025-05-24 05:36:02 - INFO - Logging initialized. Log file: pb2b/logs/bybit_scraper_20250524.log
2025-05-24 05:36:03 - INFO - DataSaver logging initialized. Log file: pb2b/logs/data_saver_20250524.log
2025-05-24 05:36:03 - INFO - Connected to SQLite database: pb2b/p2p_listings.db
2025-05-24 05:36:03 - INFO - Database tables created successfully
2025-05-24 05:36:03 - INFO - Attempt 1/10: Loading https://www.bybit.com/fiat/trade/otc?actionType=1&token=USDT&fiat=NGN
2025-05-24 05:36:11 - INFO - Screenshot saved as 'pb2b/screenshots/bybit_page_20250524_053611.png'
2025-05-24 05:36:11 - INFO - Fetching BUY listings for USDT/EUR
2025-05-24 05:36:12 - INFO - Data successfully saved to SQLite database. New listings - Bybit: 4, Binance: 6
2025-05-24 05:36:12 - INFO - Browser session closed
2025-05-24 05:36:12 - INFO - SQLite database connection closed
2025-05-24 05:49:25 - INFO - Logging initialized. Log file: pb2b/logs/bybit_scraper_20250524.log
2025-05-24 05:49:26 - INFO - DataSaver logging initialized. Log file: pb2b/logs/data_saver_20250524.log
2025-05-24 05:49:26 - INFO - Connected to SQLite database: pb2b/p2p_listings.db
2025-05-24 05:49:26 - INFO - Database tables created successfully
2025-05-24 05:49:26 - INFO - Attempt 1/10: Loading https://www.bybit.com/fiat/trade/otc?actionType=1&token=USDT&fiat=NGN
2025-05-24 05:49:37 - INFO - Screenshot saved as 'pb2b/screenshots/bybit_page_20250524_054937.png'
2025-05-24 05:49:37 - INFO - Fetching BUY listings for USDT/EUR
2025-05-24 05:49:38 - INFO - Data successfully saved to SQLite database. New listings - Bybit: 4, Binance: 6
2025-05-24 05:49:38 - INFO - Browser session closed
2025-05-24 05:49:38 - INFO - SQLite database connection closed
2025-05-24 06:03:02 - INFO - Logging initialized. Log file: pb2b/logs/bybit_scraper_20250524.log
2025-05-24 06:03:03 - INFO - DataSaver logging initialized. Log file: pb2b/logs/data_saver_20250524.log
2025-05-24 06:03:03 - INFO - Connected to SQLite database: pb2b/p2p_listings.db
2025-05-24 06:03:03 - INFO - Database tables created successfully
2025-05-24 06:03:03 - INFO - Attempt 1/10: Loading https://www.bybit.com/fiat/trade/otc?actionType=1&token=USDT&fiat=NGN
2025-05-24 06:03:13 - INFO - Screenshot saved as 'pb2b/screenshots/bybit_page_20250524_060313.png'
2025-05-24 06:03:14 - INFO - Fetching BUY listings for USDT/EUR
2025-05-24 06:03:14 - INFO - Data successfully saved to SQLite database. New listings - Bybit: 4, Binance: 6
2025-05-24 06:03:14 - INFO - Browser session closed
2025-05-24 06:03:14 - INFO - SQLite database connection closed
2025-05-24 06:38:31 - INFO - Logging initialized. Log file: pb2b/logs/bybit_scraper_20250524.log
2025-05-24 06:38:32 - INFO - DataSaver logging initialized. Log file: pb2b/logs/data_saver_20250524.log
2025-05-24 06:38:32 - INFO - Connected to SQLite database: pb2b/p2p_listings.db
2025-05-24 06:38:32 - INFO - Database tables created successfully
2025-05-24 06:38:32 - INFO - Attempt 1/10: Loading https://www.bybit.com/fiat/trade/otc?actionType=1&token=USDT&fiat=NGN
2025-05-24 06:38:44 - INFO - Screenshot saved as 'pb2b/screenshots/bybit_page_20250524_063844.png'
2025-05-24 06:38:44 - INFO - Fetching BUY listings for USDT/EUR
2025-05-24 06:38:45 - INFO - Data successfully saved to SQLite database. New listings - Bybit: 4, Binance: 6
2025-05-24 06:38:45 - INFO - Browser session closed
2025-05-24 06:38:45 - INFO - SQLite database connection closed
