2024-12-23 01:48:46 - INFO - Logging initialized. Log file: pb2b/logs/bybit_scraper_20241223.log
2024-12-23 01:48:47 - INFO - DataSaver logging initialized. Log file: pb2b/logs/data_saver_20241223.log
2024-12-23 01:48:47 - INFO - Connected to SQLite database: pb2b/p2p_listings.db
2024-12-23 01:48:47 - INFO - Database tables created successfully
2024-12-23 01:48:47 - INFO - Attempt 1/10: Loading https://www.bybit.com/fiat/trade/otc?actionType=1&token=USDT&fiat=NGN
2024-12-23 01:48:57 - INFO - Screenshot saved as 'pb2b/screenshots/bybit_page_20241223_014857.png'
2024-12-23 01:48:57 - INFO - Fetching BUY listings for USDT/EUR
2024-12-23 01:48:58 - INFO - Data successfully saved to SQLite database. New listings - Bybit: 5, Binance: 6
2024-12-23 01:48:58 - INFO - Browser session closed
2024-12-23 01:48:58 - INFO - SQLite database connection closed
2024-12-23 02:44:49 - INFO - Logging initialized. Log file: pb2b/logs/bybit_scraper_20241223.log
2024-12-23 02:44:50 - INFO - DataSaver logging initialized. Log file: pb2b/logs/data_saver_20241223.log
2024-12-23 02:44:50 - INFO - Connected to SQLite database: pb2b/p2p_listings.db
2024-12-23 02:44:50 - INFO - Database tables created successfully
2024-12-23 02:44:50 - INFO - Attempt 1/10: Loading https://www.bybit.com/fiat/trade/otc?actionType=1&token=USDT&fiat=NGN
2024-12-23 02:45:01 - INFO - Screenshot saved as 'pb2b/screenshots/bybit_page_20241223_024501.png'
2024-12-23 02:45:02 - INFO - Fetching BUY listings for USDT/EUR
2024-12-23 02:45:03 - INFO - Data successfully saved to SQLite database. New listings - Bybit: 5, Binance: 6
2024-12-23 02:45:03 - INFO - Browser session closed
2024-12-23 02:45:03 - INFO - SQLite database connection closed
2024-12-23 03:14:36 - INFO - Logging initialized. Log file: pb2b/logs/bybit_scraper_20241223.log
2024-12-23 03:14:37 - INFO - DataSaver logging initialized. Log file: pb2b/logs/data_saver_20241223.log
2024-12-23 03:14:37 - INFO - Connected to SQLite database: pb2b/p2p_listings.db
2024-12-23 03:14:37 - INFO - Database tables created successfully
2024-12-23 03:14:37 - INFO - Attempt 1/10: Loading https://www.bybit.com/fiat/trade/otc?actionType=1&token=USDT&fiat=NGN
2024-12-23 03:14:47 - INFO - Screenshot saved as 'pb2b/screenshots/bybit_page_20241223_031447.png'
2024-12-23 03:14:47 - INFO - Fetching BUY listings for USDT/EUR
2024-12-23 03:14:48 - INFO - Data successfully saved to SQLite database. New listings - Bybit: 5, Binance: 6
2024-12-23 03:14:48 - INFO - Browser session closed
2024-12-23 03:14:48 - INFO - SQLite database connection closed
