2026-01-09 01:18:17 - INFO - Logging initialized. Log file: pb2b/logs/bybit_scraper_20260109.log
2026-01-09 01:18:18 - INFO - DataSaver logging initialized. Log file: pb2b/logs/data_saver_20260109.log
2026-01-09 01:18:18 - INFO - Connected to SQLite database: pb2b/p2p_listings.db
2026-01-09 01:18:18 - INFO - Database tables created successfully
2026-01-09 01:18:18 - INFO - Attempt 1/10: Loading https://www.bybit.com/fiat/trade/otc?actionType=1&token=USDT&fiat=NGN
2026-01-09 01:18:29 - INFO - Screenshot saved as 'pb2b/screenshots/bybit_page_20260109_011829.png'
2026-01-09 01:18:29 - WARNING - Error parsing row: Message: no such element: Unable to locate element: {"method":"css selector","selector":"td:nth-child(2)"}
  (Session info: chrome=143.0.7499.192); For documentation on this error, please visit: https://www.selenium.dev/documentation/webdriver/troubleshooting/errors#nosuchelementexception
Stacktrace:
#0 0x563b6ea9e61a <unknown>
#1 0x563b6e51b20b <unknown>
#2 0x563b6e56c90f <unknown>
#3 0x563b6e56cb51 <unknown>
#4 0x563b6e560b76 <unknown>
#5 0x563b6e560a67 <unknown>
#6 0x563b6e5b820e <unknown>
#7 0x563b6e55f232 <unknown>
#8 0x563b6e55fee1 <unknown>
#9 0x563b6ea673f9 <unknown>
#10 0x563b6ea6a34d <unknown>
#11 0x563b6ea50122 <unknown>
#12 0x563b6ea6af2b <unknown>
#13 0x563b6ea36c30 <unknown>
#14 0x563b6ea8bd78 <unknown>
#15 0x563b6ea8bf4c <unknown>
#16 0x563b6ea9d973 <unknown>
#17 0x7f8af7e9caa4 <unknown>
#18 0x7f8af7f29c6c <unknown>

2026-01-09 01:18:29 - INFO - Fetching BUY listings for USDT/EUR
2026-01-09 01:18:30 - INFO - Data successfully saved to SQLite database. New listings - Bybit: 5, Binance: 6
2026-01-09 01:18:30 - INFO - Browser session closed
2026-01-09 01:18:30 - INFO - SQLite database connection closed
