2025-01-28 01:46:54 - INFO - Logging initialized. Log file: pb2b/logs/bybit_scraper_20250128.log
2025-01-28 01:46:55 - INFO - DataSaver logging initialized. Log file: pb2b/logs/data_saver_20250128.log
2025-01-28 01:46:55 - INFO - Connected to SQLite database: pb2b/p2p_listings.db
2025-01-28 01:46:55 - INFO - Database tables created successfully
2025-01-28 01:46:55 - INFO - Attempt 1/10: Loading https://www.bybit.com/fiat/trade/otc?actionType=1&token=USDT&fiat=NGN
2025-01-28 01:47:06 - INFO - Screenshot saved as 'pb2b/screenshots/bybit_page_20250128_014706.png'
2025-01-28 01:47:07 - INFO - Fetching BUY listings for USDT/EUR
2025-01-28 01:47:07 - INFO - Data successfully saved to SQLite database. New listings - Bybit: 4, Binance: 6
2025-01-28 01:47:07 - INFO - Browser session closed
2025-01-28 01:47:07 - INFO - SQLite database connection closed
2025-01-28 02:38:16 - INFO - Logging initialized. Log file: pb2b/logs/bybit_scraper_20250128.log
2025-01-28 02:38:17 - INFO - DataSaver logging initialized. Log file: pb2b/logs/data_saver_20250128.log
2025-01-28 02:38:17 - INFO - Connected to SQLite database: pb2b/p2p_listings.db
2025-01-28 02:38:17 - INFO - Database tables created successfully
2025-01-28 02:38:17 - INFO - Attempt 1/10: Loading https://www.bybit.com/fiat/trade/otc?actionType=1&token=USDT&fiat=NGN
2025-01-28 02:38:27 - INFO - Screenshot saved as 'pb2b/screenshots/bybit_page_20250128_023827.png'
2025-01-28 02:38:28 - INFO - Fetching BUY listings for USDT/EUR
2025-01-28 02:38:28 - INFO - Data successfully saved to SQLite database. New listings - Bybit: 4, Binance: 6
2025-01-28 02:38:28 - INFO - Browser session closed
2025-01-28 02:38:28 - INFO - SQLite database connection closed
2025-01-28 03:00:15 - INFO - Logging initialized. Log file: pb2b/logs/bybit_scraper_20250128.log
2025-01-28 03:00:16 - INFO - DataSaver logging initialized. Log file: pb2b/logs/data_saver_20250128.log
2025-01-28 03:00:16 - INFO - Connected to SQLite database: pb2b/p2p_listings.db
2025-01-28 03:00:16 - INFO - Database tables created successfully
2025-01-28 03:00:16 - INFO - Attempt 1/10: Loading https://www.bybit.com/fiat/trade/otc?actionType=1&token=USDT&fiat=NGN
2025-01-28 03:00:26 - INFO - Screenshot saved as 'pb2b/screenshots/bybit_page_20250128_030026.png'
2025-01-28 03:00:27 - INFO - Fetching BUY listings for USDT/EUR
2025-01-28 03:00:27 - INFO - Data successfully saved to SQLite database. New listings - Bybit: 4, Binance: 6
2025-01-28 03:00:27 - INFO - Browser session closed
2025-01-28 03:00:27 - INFO - SQLite database connection closed
2025-01-28 03:27:36 - INFO - Logging initialized. Log file: pb2b/logs/bybit_scraper_20250128.log
2025-01-28 03:27:37 - INFO - DataSaver logging initialized. Log file: pb2b/logs/data_saver_20250128.log
2025-01-28 03:27:37 - INFO - Connected to SQLite database: pb2b/p2p_listings.db
2025-01-28 03:27:37 - INFO - Database tables created successfully
2025-01-28 03:27:37 - INFO - Attempt 1/10: Loading https://www.bybit.com/fiat/trade/otc?actionType=1&token=USDT&fiat=NGN
2025-01-28 03:27:50 - INFO - Screenshot saved as 'pb2b/screenshots/bybit_page_20250128_032750.png'
2025-01-28 03:27:50 - INFO - Fetching BUY listings for USDT/EUR
2025-01-28 03:27:51 - INFO - Data successfully saved to SQLite database. New listings - Bybit: 4, Binance: 6
2025-01-28 03:27:51 - INFO - Browser session closed
2025-01-28 03:27:51 - INFO - SQLite database connection closed
